2023-07-26 14:01:52,033 last trades where done more than 6 hours ago: ok
2023-07-26 14:01:58,335 ------------------------------
open_orders
2023-07-26 14:01:58,336 Empty DataFrame
Columns: []
Index: []
2023-07-26 14:02:08,852 binance_place_orders_peg 20230726_140208
2023-07-26 14:02:09,262 {'orderId': 26916874987, 'symbol': 'SOLUSDT', 'status': 'NEW', 'clientOrderId': 'KiQwFdjEniGYiQ5elARC9j', 'price': '24.6140', 'avgPrice': '0.00', 'origQty': '1', 'executedQty': '0', 'cumQty': '0', 'cumQuote': '0.0000', 'timeInForce': 'GTC', 'type': 'LIMIT', 'reduceOnly': False, 'closePosition': False, 'side': 'SELL', 'positionSide': 'BOTH', 'stopPrice': '0.0000', 'workingType': 'CONTRACT_PRICE', 'priceProtect': False, 'origType': 'LIMIT', 'updateTime': 1690380129158}
2023-07-26 14:02:09,671 {'orderId': 25517922919, 'symbol': 'LINKUSDT', 'status': 'NEW', 'clientOrderId': 'obERUUsBcvOg36ktvQmhh5', 'price': '7.553', 'avgPrice': '0.00', 'origQty': '2.67', 'executedQty': '0.00', 'cumQty': '0.00', 'cumQuote': '0.00000', 'timeInForce': 'GTC', 'type': 'LIMIT', 'reduceOnly': False, 'closePosition': False, 'side': 'BUY', 'positionSide': 'BOTH', 'stopPrice': '0.000', 'workingType': 'CONTRACT_PRICE', 'priceProtect': False, 'origType': 'LIMIT', 'updateTime': 1690380129567}
2023-07-26 14:02:10,077 {'orderId': 9872567662, 'symbol': 'XMRUSDT', 'status': 'NEW', 'clientOrderId': 'zTvcuQ4RLokPnt3NmrBlIJ', 'price': '162.74', 'avgPrice': '0.00', 'origQty': '0.111', 'executedQty': '0.000', 'cumQty': '0.000', 'cumQuote': '0.00000', 'timeInForce': 'GTC', 'type': 'LIMIT', 'reduceOnly': False, 'closePosition': False, 'side': 'SELL', 'positionSide': 'BOTH', 'stopPrice': '0.00', 'workingType': 'CONTRACT_PRICE', 'priceProtect': False, 'origType': 'LIMIT', 'updateTime': 1690380129974}
2023-07-26 14:02:10,485 {'orderId': 31116762738, 'symbol': 'DOGEUSDT', 'status': 'NEW', 'clientOrderId': 'wIY4Y5uEimmpoI0cbrUtVG', 'price': '0.078710', 'avgPrice': '0.00', 'origQty': '168', 'executedQty': '0', 'cumQty': '0', 'cumQuote': '0.000000', 'timeInForce': 'GTC', 'type': 'LIMIT', 'reduceOnly': False, 'closePosition': False, 'side': 'BUY', 'positionSide': 'BOTH', 'stopPrice': '0.000000', 'workingType': 'CONTRACT_PRICE', 'priceProtect': False, 'origType': 'LIMIT', 'updateTime': 1690380130382}
2023-07-26 14:02:10,892 {'orderId': 8389765610160768406, 'symbol': 'ETHUSDT', 'status': 'NEW', 'clientOrderId': 'syx5GTfh8TgfNlAMMrcI1N', 'price': '1855.74', 'avgPrice': '0.00', 'origQty': '0.007', 'executedQty': '0.000', 'cumQty': '0.000', 'cumQuote': '0.00000', 'timeInForce': 'GTC', 'type': 'LIMIT', 'reduceOnly': False, 'closePosition': False, 'side': 'BUY', 'positionSide': 'BOTH', 'stopPrice': '0.00', 'workingType': 'CONTRACT_PRICE', 'priceProtect': False, 'origType': 'LIMIT', 'updateTime': 1690380130789}
2023-07-26 14:02:11,298 {'orderId': 48311731543, 'symbol': 'BNBUSDT', 'status': 'NEW', 'clientOrderId': 'moeDwrmBrHwB46qYEJIbMO', 'price': '238.220', 'avgPrice': '0.00', 'origQty': '0.03', 'executedQty': '0.00', 'cumQty': '0.00', 'cumQuote': '0.00000', 'timeInForce': 'GTC', 'type': 'LIMIT', 'reduceOnly': False, 'closePosition': False, 'side': 'BUY', 'positionSide': 'BOTH', 'stopPrice': '0.000', 'workingType': 'CONTRACT_PRICE', 'priceProtect': False, 'origType': 'LIMIT', 'updateTime': 1690380131195}
2023-07-26 14:02:11,708 {'orderId': 18035511565, 'symbol': 'ETCUSDT', 'status': 'NEW', 'clientOrderId': 'JAAzbQA4UJ5E0feQzbgjeD', 'price': '18.102', 'avgPrice': '0.00', 'origQty': '0.31', 'executedQty': '0.00', 'cumQty': '0.00', 'cumQuote': '0.00000', 'timeInForce': 'GTC', 'type': 'LIMIT', 'reduceOnly': False, 'closePosition': False, 'side': 'SELL', 'positionSide': 'BOTH', 'stopPrice': '0.000', 'workingType': 'CONTRACT_PRICE', 'priceProtect': False, 'origType': 'LIMIT', 'updateTime': 1690380131604}
2023-07-26 14:02:12,120 {'orderId': 16475535467, 'symbol': 'ATOMUSDT', 'status': 'NEW', 'clientOrderId': 'leaDhYrccV1CzpiQxEvWui', 'price': '8.914', 'avgPrice': '0.00', 'origQty': '0.58', 'executedQty': '0.00', 'cumQty': '0.00', 'cumQuote': '0.00000', 'timeInForce': 'GTC', 'type': 'LIMIT', 'reduceOnly': False, 'closePosition': False, 'side': 'SELL', 'positionSide': 'BOTH', 'stopPrice': '0.000', 'workingType': 'CONTRACT_PRICE', 'priceProtect': False, 'origType': 'LIMIT', 'updateTime': 1690380132016}
2023-07-26 14:02:16,023 update 1/5: filled 0 / 8 () | working 8 / 8 (-SOLUSDT,+LINKUSDT,-XMRUSDT,+DOGEUSDT,+ETHUSDT,+BNBUSDT,-ETCUSDT,-ATOMUSDT)
2023-07-26 14:02:19,024 -SOLUSDT: bp15.0|+LINKUSDT: bp12.0|-XMRUSDT: bp12.0|+DOGEUSDT: bp14.0|+ETHUSDT: bp13.0|+BNBUSDT: bp15.0|-ETCUSDT: bp9.0|-ATOMUSDT: bp8.0|
2023-07-26 14:02:22,283 update 2/5: filled 0 / 8 () | working 8 / 8 (-SOLUSDT,+LINKUSDT,-XMRUSDT,+DOGEUSDT,+ETHUSDT,+BNBUSDT,-ETCUSDT,-ATOMUSDT)
2023-07-26 14:02:25,285 -SOLUSDT: bp16.0|+LINKUSDT: bp15.0|-XMRUSDT: bp12.0|+DOGEUSDT: bp4.0|+ETHUSDT: bp12.0|+BNBUSDT: bp12.0|-ETCUSDT: bp12.0|-ATOMUSDT: bp13.0|
2023-07-26 14:02:28,540 update 3/5: filled 1 / 8 (+DOGEUSDT) | working 7 / 8 (-SOLUSDT,+LINKUSDT,-XMRUSDT,+ETHUSDT,+BNBUSDT,-ETCUSDT,-ATOMUSDT)
2023-07-26 14:02:31,541 -SOLUSDT: bp32.0|+LINKUSDT: bp9.0|-XMRUSDT: bp18.0|+ETHUSDT: bp6.0|+BNBUSDT: bp7.0|-ETCUSDT: bp16.0|-ATOMUSDT: bp19.0|
2023-07-26 14:02:34,790 update 4/5: filled 1 / 8 (+DOGEUSDT) | working 7 / 8 (-SOLUSDT,+LINKUSDT,-XMRUSDT,+ETHUSDT,+BNBUSDT,-ETCUSDT,-ATOMUSDT)
2023-07-26 14:02:37,791 -SOLUSDT: bp40.0|+LINKUSDT: bp5.0|-XMRUSDT: bp25.0|+ETHUSDT: bp4.0|+BNBUSDT: bp7.0|-ETCUSDT: bp19.0|-ATOMUSDT: bp19.0|
2023-07-26 14:02:41,042 update 5/5: filled 1 / 8 (+DOGEUSDT) | working 7 / 8 (-SOLUSDT,+LINKUSDT,-XMRUSDT,+ETHUSDT,+BNBUSDT,-ETCUSDT,-ATOMUSDT)
2023-07-26 14:02:44,043 -SOLUSDT: bp27.0|+LINKUSDT: bp13.0|-XMRUSDT: bp22.0|+ETHUSDT: bp7.0|+BNBUSDT: bp8.0|-ETCUSDT: bp15.0|-ATOMUSDT: bp18.0|
2023-07-26 14:02:44,043 Adjustment limit #1 ... 
 we cancel current orders and replace
2023-07-26 14:02:44,043 @+/-5.999999999999999bp limit 
2023-07-26 14:02:44,043 binance_cancel_and_replace_orders_peg 20230726_140244
2023-07-26 14:02:48,955 binance_place_orders_peg 20230726_140248
2023-07-26 14:02:49,361 {'orderId': 26916918354, 'symbol': 'SOLUSDT', 'status': 'NEW', 'clientOrderId': 'c2o0p81OPEZ3lj6e2gaWFc', 'price': '24.5430', 'avgPrice': '0.00', 'origQty': '1', 'executedQty': '0', 'cumQty': '0', 'cumQuote': '0.0000', 'timeInForce': 'GTC', 'type': 'LIMIT', 'reduceOnly': False, 'closePosition': False, 'side': 'SELL', 'positionSide': 'BOTH', 'stopPrice': '0.0000', 'workingType': 'CONTRACT_PRICE', 'priceProtect': False, 'origType': 'LIMIT', 'updateTime': 1690380169256}
2023-07-26 14:02:49,769 {'orderId': 25517941930, 'symbol': 'LINKUSDT', 'status': 'NEW', 'clientOrderId': 'CqM8GXS44RgNF7qRnwtpw5', 'price': '7.550', 'avgPrice': '0.00', 'origQty': '2.67', 'executedQty': '0.00', 'cumQty': '0.00', 'cumQuote': '0.00000', 'timeInForce': 'GTC', 'type': 'LIMIT', 'reduceOnly': False, 'closePosition': False, 'side': 'BUY', 'positionSide': 'BOTH', 'stopPrice': '0.000', 'workingType': 'CONTRACT_PRICE', 'priceProtect': False, 'origType': 'LIMIT', 'updateTime': 1690380169663}
2023-07-26 14:02:50,577 {'orderId': 8389765610160884797, 'symbol': 'ETHUSDT', 'status': 'NEW', 'clientOrderId': '0rVywijwcVMWN2WdJ4GMYC', 'price': '1855.46', 'avgPrice': '0.00', 'origQty': '0.007', 'executedQty': '0.000', 'cumQty': '0.000', 'cumQuote': '0.00000', 'timeInForce': 'GTC', 'type': 'LIMIT', 'reduceOnly': False, 'closePosition': False, 'side': 'BUY', 'positionSide': 'BOTH', 'stopPrice': '0.00', 'workingType': 'CONTRACT_PRICE', 'priceProtect': False, 'origType': 'LIMIT', 'updateTime': 1690380170473}
2023-07-26 14:02:50,982 {'orderId': 48311742657, 'symbol': 'BNBUSDT', 'status': 'NEW', 'clientOrderId': 'swbK3DdjsQAUta8NghMIuw', 'price': '238.190', 'avgPrice': '0.00', 'origQty': '0.03', 'executedQty': '0.00', 'cumQty': '0.00', 'cumQuote': '0.00000', 'timeInForce': 'GTC', 'type': 'LIMIT', 'reduceOnly': False, 'closePosition': False, 'side': 'BUY', 'positionSide': 'BOTH', 'stopPrice': '0.000', 'workingType': 'CONTRACT_PRICE', 'priceProtect': False, 'origType': 'LIMIT', 'updateTime': 1690380170879}
2023-07-26 14:02:51,389 {'orderId': 18035518786, 'symbol': 'ETCUSDT', 'status': 'NEW', 'clientOrderId': 'uInOWxyNQWuoe6ITTtdbIw', 'price': '18.078', 'avgPrice': '0.00', 'origQty': '0.31', 'executedQty': '0.00', 'cumQty': '0.00', 'cumQuote': '0.00000', 'timeInForce': 'GTC', 'type': 'LIMIT', 'reduceOnly': False, 'closePosition': False, 'side': 'SELL', 'positionSide': 'BOTH', 'stopPrice': '0.000', 'workingType': 'CONTRACT_PRICE', 'priceProtect': False, 'origType': 'LIMIT', 'updateTime': 1690380171285}
2023-07-26 14:02:51,797 {'orderId': 16475539799, 'symbol': 'ATOMUSDT', 'status': 'NEW', 'clientOrderId': 'ATjV5wNSegfPwZdVwhZqYI', 'price': '8.900', 'avgPrice': '0.00', 'origQty': '0.58', 'executedQty': '0.00', 'cumQty': '0.00', 'cumQuote': '0.00000', 'timeInForce': 'GTC', 'type': 'LIMIT', 'reduceOnly': False, 'closePosition': False, 'side': 'SELL', 'positionSide': 'BOTH', 'stopPrice': '0.000', 'workingType': 'CONTRACT_PRICE', 'priceProtect': False, 'origType': 'LIMIT', 'updateTime': 1690380171691}
2023-07-26 14:02:54,644 update 1/5: filled 1 / 7 (+DOGEUSDT) | working 6 / 7 (-SOLUSDT,+LINKUSDT,+ETHUSDT,+BNBUSDT,-ETCUSDT,-ATOMUSDT)
2023-07-26 14:02:57,645 -SOLUSDT: bp5.0|+LINKUSDT: bp9.0|+ETHUSDT: bp6.0|+BNBUSDT: bp6.0|-ETCUSDT: bp6.0|-ATOMUSDT: bp4.0|
2023-07-26 14:03:00,493 update 2/5: filled 1 / 7 (+DOGEUSDT) | working 6 / 7 (-SOLUSDT,+LINKUSDT,+ETHUSDT,+BNBUSDT,-ETCUSDT,-ATOMUSDT)
2023-07-26 14:03:03,494 -SOLUSDT: bp12.0|+LINKUSDT: bp4.0|+ETHUSDT: bp4.0|+BNBUSDT: bp5.0|-ETCUSDT: bp7.0|-ATOMUSDT: bp6.0|
2023-07-26 14:03:06,422 update 3/5: filled 1 / 7 (+DOGEUSDT) | working 6 / 7 (-SOLUSDT,+LINKUSDT,+ETHUSDT,+BNBUSDT,-ETCUSDT,-ATOMUSDT)
2023-07-26 14:03:09,423 -SOLUSDT: bp8.0|+LINKUSDT: bp8.0|+ETHUSDT: bp5.0|+BNBUSDT: bp5.0|-ETCUSDT: bp7.0|-ATOMUSDT: bp4.0|
2023-07-26 14:03:12,273 update 4/5: filled 1 / 7 (+DOGEUSDT) | working 6 / 7 (-SOLUSDT,+LINKUSDT,+ETHUSDT,+BNBUSDT,-ETCUSDT,-ATOMUSDT)
2023-07-26 14:03:15,274 -SOLUSDT: bp15.0|+LINKUSDT: bp4.0|+ETHUSDT: bp5.0|+BNBUSDT: bp3.0|-ETCUSDT: bp9.0|-ATOMUSDT: bp7.0|
2023-07-26 14:03:18,121 update 5/5: filled 2 / 7 (+DOGEUSDT,+LINKUSDT) | working 5 / 7 (-SOLUSDT,+ETHUSDT,+BNBUSDT,-ETCUSDT,-ATOMUSDT)
2023-07-26 14:03:21,122 -SOLUSDT: bp16.0|+ETHUSDT: bp4.0|+BNBUSDT: bp3.0|-ETCUSDT: bp9.0|-ATOMUSDT: bp14.0|
2023-07-26 14:03:21,122 Adjustment limit #2 ... 
 we cancel current orders and replace
2023-07-26 14:03:21,122 @+/-2.9999999999999996bp limit 
2023-07-26 14:03:21,122 binance_cancel_and_replace_orders_peg 20230726_140321
2023-07-26 14:03:25,413 binance_place_orders_peg 20230726_140325
2023-07-26 14:03:25,819 {'orderId': 26916952630, 'symbol': 'SOLUSDT', 'status': 'NEW', 'clientOrderId': 'PdQeoOsgFg9DDxGp4dTwnt', 'price': '24.5130', 'avgPrice': '0.00', 'origQty': '1', 'executedQty': '0', 'cumQty': '0', 'cumQuote': '0.0000', 'timeInForce': 'GTC', 'type': 'LIMIT', 'reduceOnly': False, 'closePosition': False, 'side': 'SELL', 'positionSide': 'BOTH', 'stopPrice': '0.0000', 'workingType': 'CONTRACT_PRICE', 'priceProtect': False, 'origType': 'LIMIT', 'updateTime': 1690380205715}
2023-07-26 14:03:26,233 {'orderId': 8389765610160962738, 'symbol': 'ETHUSDT', 'status': 'NEW', 'clientOrderId': '5eo8PRcMaiuTWCwh0MJQk5', 'price': '1855.83', 'avgPrice': '0.00', 'origQty': '0.007', 'executedQty': '0.000', 'cumQty': '0.000', 'cumQuote': '0.00000', 'timeInForce': 'GTC', 'type': 'LIMIT', 'reduceOnly': False, 'closePosition': False, 'side': 'BUY', 'positionSide': 'BOTH', 'stopPrice': '0.00', 'workingType': 'CONTRACT_PRICE', 'priceProtect': False, 'origType': 'LIMIT', 'updateTime': 1690380206127}
2023-07-26 14:03:26,644 {'orderId': 48311750261, 'symbol': 'BNBUSDT', 'status': 'NEW', 'clientOrderId': 'rawAF8jBntIB0y7s72eo2Q', 'price': '238.150', 'avgPrice': '0.00', 'origQty': '0.03', 'executedQty': '0.00', 'cumQty': '0.00', 'cumQuote': '0.00000', 'timeInForce': 'GTC', 'type': 'LIMIT', 'reduceOnly': False, 'closePosition': False, 'side': 'BUY', 'positionSide': 'BOTH', 'stopPrice': '0.000', 'workingType': 'CONTRACT_PRICE', 'priceProtect': False, 'origType': 'LIMIT', 'updateTime': 1690380206538}
2023-07-26 14:03:27,051 {'orderId': 18035523623, 'symbol': 'ETCUSDT', 'status': 'NEW', 'clientOrderId': 'QsDFy70JP0fYj78J1X2t02', 'price': '18.066', 'avgPrice': '0.00', 'origQty': '0.31', 'executedQty': '0.00', 'cumQty': '0.00', 'cumQuote': '0.00000', 'timeInForce': 'GTC', 'type': 'LIMIT', 'reduceOnly': False, 'closePosition': False, 'side': 'SELL', 'positionSide': 'BOTH', 'stopPrice': '0.000', 'workingType': 'CONTRACT_PRICE', 'priceProtect': False, 'origType': 'LIMIT', 'updateTime': 1690380206947}
2023-07-26 14:03:27,459 {'orderId': 16475542775, 'symbol': 'ATOMUSDT', 'status': 'NEW', 'clientOrderId': 'oFf5kzqvGtZvB5uxIjtqx3', 'price': '8.895', 'avgPrice': '0.00', 'origQty': '0.58', 'executedQty': '0.00', 'cumQty': '0.00', 'cumQuote': '0.00000', 'timeInForce': 'GTC', 'type': 'LIMIT', 'reduceOnly': False, 'closePosition': False, 'side': 'SELL', 'positionSide': 'BOTH', 'stopPrice': '0.000', 'workingType': 'CONTRACT_PRICE', 'priceProtect': False, 'origType': 'LIMIT', 'updateTime': 1690380207354}
2023-07-26 14:03:30,306 update 1/5: filled 2 / 7 (+DOGEUSDT,+LINKUSDT) | working 5 / 7 (-SOLUSDT,+ETHUSDT,+BNBUSDT,-ETCUSDT,-ATOMUSDT)
2023-07-26 14:03:33,307 -SOLUSDT: bp4.0|+ETHUSDT: bp3.0|+BNBUSDT: bp3.0|-ETCUSDT: bp3.0|-ATOMUSDT: bp4.0|
2023-07-26 14:03:36,150 update 2/5: filled 2 / 7 (+DOGEUSDT,+LINKUSDT) | working 5 / 7 (-SOLUSDT,+ETHUSDT,+BNBUSDT,-ETCUSDT,-ATOMUSDT)
2023-07-26 14:03:39,151 -SOLUSDT: bp13.0|+ETHUSDT: bp2.0|+BNBUSDT: bp2.0|-ETCUSDT: bp5.0|-ATOMUSDT: bp8.0|
2023-07-26 14:03:41,993 update 3/5: filled 2 / 7 (+DOGEUSDT,+LINKUSDT) | working 5 / 7 (-SOLUSDT,+ETHUSDT,+BNBUSDT,-ETCUSDT,-ATOMUSDT)
2023-07-26 14:03:44,994 -SOLUSDT: bp12.0|+ETHUSDT: bp2.0|+BNBUSDT: bp2.0|-ETCUSDT: bp4.0|-ATOMUSDT: bp4.0|
2023-07-26 14:03:47,838 update 4/5: filled 2 / 7 (+DOGEUSDT,+LINKUSDT) | working 5 / 7 (-SOLUSDT,+ETHUSDT,+BNBUSDT,-ETCUSDT,-ATOMUSDT)
2023-07-26 14:03:50,839 -SOLUSDT: bp15.0|+ETHUSDT: bp3.0|+BNBUSDT: bp3.0|-ETCUSDT: bp2.0|-ATOMUSDT: bp3.0|
2023-07-26 14:03:53,681 update 5/5: filled 2 / 7 (+DOGEUSDT,+LINKUSDT) | working 5 / 7 (-SOLUSDT,+ETHUSDT,+BNBUSDT,-ETCUSDT,-ATOMUSDT)
2023-07-26 14:03:56,681 -SOLUSDT: bp20.0|+ETHUSDT: bp2.0|+BNBUSDT: bp0.0|-ETCUSDT: bp5.0|-ATOMUSDT: bp8.0|
2023-07-26 14:03:56,682 Adjustment limit #3 ... 
 we cancel current orders and replace
2023-07-26 14:03:56,682 @+/-1.4999999999999998bp limit 
2023-07-26 14:03:56,682 binance_cancel_and_replace_orders_peg 20230726_140356
2023-07-26 14:04:00,974 binance_place_orders_peg 20230726_140400
2023-07-26 14:04:01,382 {'orderId': 26916983712, 'symbol': 'SOLUSDT', 'status': 'NEW', 'clientOrderId': 'ku363YVLB5yPSNAXDVy9DB', 'price': '24.4480', 'avgPrice': '0.00', 'origQty': '1', 'executedQty': '0', 'cumQty': '0', 'cumQuote': '0.0000', 'timeInForce': 'GTC', 'type': 'LIMIT', 'reduceOnly': False, 'closePosition': False, 'side': 'SELL', 'positionSide': 'BOTH', 'stopPrice': '0.0000', 'workingType': 'CONTRACT_PRICE', 'priceProtect': False, 'origType': 'LIMIT', 'updateTime': 1690380241277}
2023-07-26 14:04:01,789 {'orderId': 8389765610161033508, 'symbol': 'ETHUSDT', 'status': 'NEW', 'clientOrderId': 'cDBWWjME5g7ntE297pumfv', 'price': '1855.64', 'avgPrice': '0.00', 'origQty': '0.007', 'executedQty': '0.000', 'cumQty': '0.000', 'cumQuote': '0.00000', 'timeInForce': 'GTC', 'type': 'LIMIT', 'reduceOnly': False, 'closePosition': False, 'side': 'BUY', 'positionSide': 'BOTH', 'stopPrice': '0.00', 'workingType': 'CONTRACT_PRICE', 'priceProtect': False, 'origType': 'LIMIT', 'updateTime': 1690380241684}
2023-07-26 14:04:02,232 {'orderId': 18035528320, 'symbol': 'ETCUSDT', 'status': 'NEW', 'clientOrderId': 'EhZKQK1x3f8dcMz8phwSwr', 'price': '18.055', 'avgPrice': '0.00', 'origQty': '0.31', 'executedQty': '0.00', 'cumQty': '0.00', 'cumQuote': '0.00000', 'timeInForce': 'GTC', 'type': 'LIMIT', 'reduceOnly': False, 'closePosition': False, 'side': 'SELL', 'positionSide': 'BOTH', 'stopPrice': '0.000', 'workingType': 'CONTRACT_PRICE', 'priceProtect': False, 'origType': 'LIMIT', 'updateTime': 1690380242127}
2023-07-26 14:04:02,638 {'orderId': 16475545601, 'symbol': 'ATOMUSDT', 'status': 'NEW', 'clientOrderId': '5VI5uePo5eRp6q0kvyEWvU', 'price': '8.888', 'avgPrice': '0.00', 'origQty': '0.58', 'executedQty': '0.00', 'cumQty': '0.00', 'cumQuote': '0.00000', 'timeInForce': 'GTC', 'type': 'LIMIT', 'reduceOnly': False, 'closePosition': False, 'side': 'SELL', 'positionSide': 'BOTH', 'stopPrice': '0.000', 'workingType': 'CONTRACT_PRICE', 'priceProtect': False, 'origType': 'LIMIT', 'updateTime': 1690380242534}
2023-07-26 14:04:05,482 update 1/5: filled 3 / 7 (+DOGEUSDT,+LINKUSDT,+BNBUSDT) | working 4 / 7 (-SOLUSDT,+ETHUSDT,-ETCUSDT,-ATOMUSDT)
2023-07-26 14:04:08,483 -SOLUSDT: bp7.0|+ETHUSDT: bp1.0|-ETCUSDT: bp4.0|-ATOMUSDT: bp1.0|
2023-07-26 14:04:11,328 update 2/5: filled 4 / 7 (+DOGEUSDT,+LINKUSDT,+BNBUSDT,+ETHUSDT) | working 3 / 7 (-SOLUSDT,-ETCUSDT,-ATOMUSDT)
2023-07-26 14:04:14,329 -SOLUSDT: bp6.0|-ETCUSDT: bp6.0|-ATOMUSDT: bp1.0|
2023-07-26 14:04:17,176 update 3/5: filled 4 / 7 (+DOGEUSDT,+LINKUSDT,+BNBUSDT,+ETHUSDT) | working 3 / 7 (-SOLUSDT,-ETCUSDT,-ATOMUSDT)
2023-07-26 14:04:20,177 -SOLUSDT: bp9.0|-ETCUSDT: bp10.0|-ATOMUSDT: bp6.0|
2023-07-26 14:04:23,017 update 4/5: filled 5 / 7 (+DOGEUSDT,+LINKUSDT,+BNBUSDT,-SOLUSDT,+ETHUSDT) | working 2 / 7 (-ETCUSDT,-ATOMUSDT)
2023-07-26 14:04:26,018 -ETCUSDT: bp9.0|-ATOMUSDT: bp3.0|
2023-07-26 14:04:28,862 update 5/5: filled 6 / 7 (+DOGEUSDT,+LINKUSDT,+BNBUSDT,-SOLUSDT,+ETHUSDT,-ATOMUSDT) | working 1 / 7 (-ETCUSDT)
2023-07-26 14:04:31,863 -ETCUSDT: bp5.0|
2023-07-26 14:04:31,863 Adjustment limit #4 ... 
 we cancel current orders and replace
2023-07-26 14:04:31,863 @+/-0.7499999999999999bp limit 
2023-07-26 14:04:31,863 binance_cancel_and_replace_orders_peg 20230726_140431
2023-07-26 14:04:36,148 binance_place_orders_peg 20230726_140436
2023-07-26 14:04:36,557 {'orderId': 18035536452, 'symbol': 'ETCUSDT', 'status': 'NEW', 'clientOrderId': 'I13gP9vB3TTSmHsj6OiZj0', 'price': '18.050', 'avgPrice': '0.00', 'origQty': '0.31', 'executedQty': '0.00', 'cumQty': '0.00', 'cumQuote': '0.00000', 'timeInForce': 'GTC', 'type': 'LIMIT', 'reduceOnly': False, 'closePosition': False, 'side': 'SELL', 'positionSide': 'BOTH', 'stopPrice': '0.000', 'workingType': 'CONTRACT_PRICE', 'priceProtect': False, 'origType': 'LIMIT', 'updateTime': 1690380276451}
2023-07-26 14:04:39,401 update 1/5: filled 6 / 7 (+DOGEUSDT,+LINKUSDT,+BNBUSDT,-SOLUSDT,+ETHUSDT,-ATOMUSDT) | working 1 / 7 (-ETCUSDT)
2023-07-26 14:04:42,402 -ETCUSDT: bp1.0|
2023-07-26 14:04:45,250 update 2/5: filled 6 / 7 (+DOGEUSDT,+LINKUSDT,+BNBUSDT,-SOLUSDT,+ETHUSDT,-ATOMUSDT) | working 1 / 7 (-ETCUSDT)
2023-07-26 14:04:48,251 -ETCUSDT: bp1.0|
2023-07-26 14:04:51,092 update 3/5: filled 6 / 7 (+DOGEUSDT,+LINKUSDT,+BNBUSDT,-SOLUSDT,+ETHUSDT,-ATOMUSDT) | working 1 / 7 (-ETCUSDT)
2023-07-26 14:04:54,093 -ETCUSDT: bp2.0|
2023-07-26 14:04:56,934 update 4/5: filled 7 / 7 (+DOGEUSDT,+LINKUSDT,+BNBUSDT,-SOLUSDT,+ETHUSDT,-ATOMUSDT,-ETCUSDT) | working 0 / 7 ()
