2023-07-23 07:38:52,837 last trades where done more than 6 hours ago: ok
2023-07-23 07:38:58,537 ------------------------------
open_orders
2023-07-23 07:38:58,537 Empty DataFrame
Columns: []
Index: []
2023-07-23 07:39:08,903 binance_place_orders_peg 20230723_073908
2023-07-23 07:39:09,312 {'orderId': 19121963442, 'symbol': 'UNIUSDT', 'status': 'NEW', 'clientOrderId': 'rppQWC8GQuP4qqwIa0Lmx5', 'price': '6.0760', 'avgPrice': '0.00', 'origQty': '7', 'executedQty': '0', 'cumQty': '0', 'cumQuote': '0.0000', 'timeInForce': 'GTC', 'type': 'LIMIT', 'reduceOnly': False, 'closePosition': False, 'side': 'BUY', 'positionSide': 'BOTH', 'stopPrice': '0.0000', 'workingType': 'CONTRACT_PRICE', 'priceProtect': False, 'origType': 'LIMIT', 'updateTime': 1690097949209}
2023-07-23 07:39:09,725 {'orderId': 10146412101, 'symbol': 'TRXUSDT', 'status': 'NEW', 'clientOrderId': 'bELntccXHN6riCdYg625xH', 'price': '0.08375', 'avgPrice': '0.00', 'origQty': '436', 'executedQty': '0', 'cumQty': '0', 'cumQuote': '0.00000', 'timeInForce': 'GTC', 'type': 'LIMIT', 'reduceOnly': False, 'closePosition': False, 'side': 'BUY', 'positionSide': 'BOTH', 'stopPrice': '0.00000', 'workingType': 'CONTRACT_PRICE', 'priceProtect': False, 'origType': 'LIMIT', 'updateTime': 1690097949619}
2023-07-23 07:39:10,134 {'orderId': 26962586041, 'symbol': 'MATICUSDT', 'status': 'NEW', 'clientOrderId': 'LounXDtAPCUyt14Z4i8lm3', 'price': '0.75020', 'avgPrice': '0.00', 'origQty': '32', 'executedQty': '0', 'cumQty': '0', 'cumQuote': '0.00000', 'timeInForce': 'GTC', 'type': 'LIMIT', 'reduceOnly': False, 'closePosition': False, 'side': 'SELL', 'positionSide': 'BOTH', 'stopPrice': '0.00000', 'workingType': 'CONTRACT_PRICE', 'priceProtect': False, 'origType': 'LIMIT', 'updateTime': 1690097950032}
2023-07-23 07:39:10,544 {'orderId': 16459517380, 'symbol': 'ATOMUSDT', 'status': 'NEW', 'clientOrderId': 'FNZGdUPYaasfh6YFiW2Uej', 'price': '9.293', 'avgPrice': '0.00', 'origQty': '2.16', 'executedQty': '0.00', 'cumQty': '0.00', 'cumQuote': '0.00000', 'timeInForce': 'GTC', 'type': 'LIMIT', 'reduceOnly': False, 'closePosition': False, 'side': 'SELL', 'positionSide': 'BOTH', 'stopPrice': '0.000', 'workingType': 'CONTRACT_PRICE', 'priceProtect': False, 'origType': 'LIMIT', 'updateTime': 1690097950439}
2023-07-23 07:39:10,953 {'orderId': 30877496346, 'symbol': 'DOGEUSDT', 'status': 'NEW', 'clientOrderId': '5MddWuXp6zSzSxOKSGaqBy', 'price': '0.071330', 'avgPrice': '0.00', 'origQty': '242', 'executedQty': '0', 'cumQty': '0', 'cumQuote': '0.000000', 'timeInForce': 'GTC', 'type': 'LIMIT', 'reduceOnly': False, 'closePosition': False, 'side': 'BUY', 'positionSide': 'BOTH', 'stopPrice': '0.000000', 'workingType': 'CONTRACT_PRICE', 'priceProtect': False, 'origType': 'LIMIT', 'updateTime': 1690097950849}
2023-07-23 07:39:11,360 {'orderId': 21698544219, 'symbol': 'BCHUSDT', 'status': 'NEW', 'clientOrderId': 'xnuiDNIvCt5t03jXzrJx5t', 'price': '242.72', 'avgPrice': '0.00', 'origQty': '0.058', 'executedQty': '0.000', 'cumQty': '0.000', 'cumQuote': '0.00000', 'timeInForce': 'GTC', 'type': 'LIMIT', 'reduceOnly': False, 'closePosition': False, 'side': 'SELL', 'positionSide': 'BOTH', 'stopPrice': '0.00', 'workingType': 'CONTRACT_PRICE', 'priceProtect': False, 'origType': 'LIMIT', 'updateTime': 1690097951258}
2023-07-23 07:39:11,768 {'orderId': 9863655412, 'symbol': 'XMRUSDT', 'status': 'NEW', 'clientOrderId': 'yitPEwKTgxWBL9vOA6c2s6', 'price': '164.63', 'avgPrice': '0.00', 'origQty': '0.078', 'executedQty': '0.000', 'cumQty': '0.000', 'cumQuote': '0.00000', 'timeInForce': 'GTC', 'type': 'LIMIT', 'reduceOnly': False, 'closePosition': False, 'side': 'BUY', 'positionSide': 'BOTH', 'stopPrice': '0.00', 'workingType': 'CONTRACT_PRICE', 'priceProtect': False, 'origType': 'LIMIT', 'updateTime': 1690097951664}
2023-07-23 07:39:12,178 {'orderId': 8389765609675592001, 'symbol': 'ETHUSDT', 'status': 'NEW', 'clientOrderId': 'SHP14kJSxCTByf11KwSZ7J', 'price': '1874.44', 'avgPrice': '0.00', 'origQty': '0.007', 'executedQty': '0.000', 'cumQty': '0.000', 'cumQuote': '0.00000', 'timeInForce': 'GTC', 'type': 'LIMIT', 'reduceOnly': False, 'closePosition': False, 'side': 'SELL', 'positionSide': 'BOTH', 'stopPrice': '0.00', 'workingType': 'CONTRACT_PRICE', 'priceProtect': False, 'origType': 'LIMIT', 'updateTime': 1690097952073}
2023-07-23 07:39:12,589 {'orderId': 33894098751, 'symbol': 'ADAUSDT', 'status': 'NEW', 'clientOrderId': 'DYMSO39TVi2R3NT7RfWrVg', 'price': '0.31520', 'avgPrice': '0.00', 'origQty': '38', 'executedQty': '0', 'cumQty': '0', 'cumQuote': '0.00000', 'timeInForce': 'GTC', 'type': 'LIMIT', 'reduceOnly': False, 'closePosition': False, 'side': 'SELL', 'positionSide': 'BOTH', 'stopPrice': '0.00000', 'workingType': 'CONTRACT_PRICE', 'priceProtect': False, 'origType': 'LIMIT', 'updateTime': 1690097952482}
2023-07-23 07:39:12,999 {'orderId': 10437063238, 'symbol': 'XLMUSDT', 'status': 'NEW', 'clientOrderId': 'cXT77EgSfhtpUlLkDFiV9M', 'price': '0.15473', 'avgPrice': '0.00', 'origQty': '63', 'executedQty': '0', 'cumQty': '0', 'cumQuote': '0.00000', 'timeInForce': 'GTC', 'type': 'LIMIT', 'reduceOnly': False, 'closePosition': False, 'side': 'SELL', 'positionSide': 'BOTH', 'stopPrice': '0.00000', 'workingType': 'CONTRACT_PRICE', 'priceProtect': False, 'origType': 'LIMIT', 'updateTime': 1690097952894}
2023-07-23 07:39:13,409 {'orderId': 18003821460, 'symbol': 'ETCUSDT', 'status': 'NEW', 'clientOrderId': 'GS8LOKWmU1EvwcCmMmltOX', 'price': '18.596', 'avgPrice': '0.00', 'origQty': '0.41', 'executedQty': '0.00', 'cumQty': '0.00', 'cumQuote': '0.00000', 'timeInForce': 'GTC', 'type': 'LIMIT', 'reduceOnly': False, 'closePosition': False, 'side': 'SELL', 'positionSide': 'BOTH', 'stopPrice': '0.000', 'workingType': 'CONTRACT_PRICE', 'priceProtect': False, 'origType': 'LIMIT', 'updateTime': 1690097953306}
2023-07-23 07:39:13,818 {'orderId': 37885259704, 'symbol': 'XRPUSDT', 'status': 'NEW', 'clientOrderId': 't1zIkhmdRUBmd9DUF2t0iV', 'price': '0.7389', 'avgPrice': '0.00', 'origQty': '8.7', 'executedQty': '0.0', 'cumQty': '0.0', 'cumQuote': '0.00000', 'timeInForce': 'GTC', 'type': 'LIMIT', 'reduceOnly': False, 'closePosition': False, 'side': 'SELL', 'positionSide': 'BOTH', 'stopPrice': '0.0000', 'workingType': 'CONTRACT_PRICE', 'priceProtect': False, 'origType': 'LIMIT', 'updateTime': 1690097953716}
2023-07-23 07:39:19,395 update 1/5: filled 0 / 12 () | working 12 / 12 (+UNIUSDT,+TRXUSDT,-MATICUSDT,-ATOMUSDT,+DOGEUSDT,-BCHUSDT,+XMRUSDT,-ETHUSDT,-ADAUSDT,-XLMUSDT,-ETCUSDT,-XRPUSDT)
2023-07-23 07:39:22,396 +UNIUSDT: bp13.0|+TRXUSDT: bp12.0|-MATICUSDT: bp13.0|-ATOMUSDT: bp13.0|+DOGEUSDT: bp14.0|-BCHUSDT: bp12.0|+XMRUSDT: bp12.0|-ETHUSDT: bp12.0|-ADAUSDT: bp13.0|-XLMUSDT: bp12.0|-ETCUSDT: bp13.0|-XRPUSDT: bp16.0|
2023-07-23 07:39:27,312 update 2/5: filled 0 / 12 () | working 12 / 12 (+UNIUSDT,+TRXUSDT,-MATICUSDT,-ATOMUSDT,+DOGEUSDT,-BCHUSDT,+XMRUSDT,-ETHUSDT,-ADAUSDT,-XLMUSDT,-ETCUSDT,-XRPUSDT)
2023-07-23 07:39:30,314 +UNIUSDT: bp12.0|+TRXUSDT: bp12.0|-MATICUSDT: bp13.0|-ATOMUSDT: bp14.0|+DOGEUSDT: bp13.0|-BCHUSDT: bp16.0|+XMRUSDT: bp8.0|-ETHUSDT: bp12.0|-ADAUSDT: bp16.0|-XLMUSDT: bp13.0|-ETCUSDT: bp13.0|-XRPUSDT: bp16.0|
2023-07-23 07:39:35,231 update 3/5: filled 0 / 12 () | working 12 / 12 (+UNIUSDT,+TRXUSDT,-MATICUSDT,-ATOMUSDT,+DOGEUSDT,-BCHUSDT,+XMRUSDT,-ETHUSDT,-ADAUSDT,-XLMUSDT,-ETCUSDT,-XRPUSDT)
2023-07-23 07:39:38,232 +UNIUSDT: bp12.0|+TRXUSDT: bp13.0|-MATICUSDT: bp13.0|-ATOMUSDT: bp14.0|+DOGEUSDT: bp11.0|-BCHUSDT: bp19.0|+XMRUSDT: bp8.0|-ETHUSDT: bp13.0|-ADAUSDT: bp16.0|-XLMUSDT: bp12.0|-ETCUSDT: bp16.0|-XRPUSDT: bp19.0|
2023-07-23 07:39:43,144 update 4/5: filled 0 / 12 () | working 12 / 12 (+UNIUSDT,+TRXUSDT,-MATICUSDT,-ATOMUSDT,+DOGEUSDT,-BCHUSDT,+XMRUSDT,-ETHUSDT,-ADAUSDT,-XLMUSDT,-ETCUSDT,-XRPUSDT)
2023-07-23 07:39:46,145 +UNIUSDT: bp12.0|+TRXUSDT: bp14.0|-MATICUSDT: bp12.0|-ATOMUSDT: bp14.0|+DOGEUSDT: bp11.0|-BCHUSDT: bp21.0|+XMRUSDT: bp8.0|-ETHUSDT: bp13.0|-ADAUSDT: bp16.0|-XLMUSDT: bp11.0|-ETCUSDT: bp15.0|-XRPUSDT: bp22.0|
2023-07-23 07:39:51,062 update 5/5: filled 0 / 12 () | working 12 / 12 (+UNIUSDT,+TRXUSDT,-MATICUSDT,-ATOMUSDT,+DOGEUSDT,-BCHUSDT,+XMRUSDT,-ETHUSDT,-ADAUSDT,-XLMUSDT,-ETCUSDT,-XRPUSDT)
2023-07-23 07:39:54,063 +UNIUSDT: bp12.0|+TRXUSDT: bp14.0|-MATICUSDT: bp13.0|-ATOMUSDT: bp17.0|+DOGEUSDT: bp11.0|-BCHUSDT: bp21.0|+XMRUSDT: bp8.0|-ETHUSDT: bp13.0|-ADAUSDT: bp16.0|-XLMUSDT: bp12.0|-ETCUSDT: bp15.0|-XRPUSDT: bp23.0|
2023-07-23 07:39:54,063 Adjustment limit #1 ... 
 we cancel current orders and replace
2023-07-23 07:39:54,064 @+/-5.999999999999999bp limit 
2023-07-23 07:39:54,064 binance_cancel_and_replace_orders_peg 20230723_073954
2023-07-23 07:40:01,462 binance_place_orders_peg 20230723_074001
2023-07-23 07:40:01,875 {'orderId': 19121964990, 'symbol': 'UNIUSDT', 'status': 'NEW', 'clientOrderId': 'w3LvdgdbkrOnJcpWF9amLb', 'price': '6.0790', 'avgPrice': '0.00', 'origQty': '7', 'executedQty': '0', 'cumQty': '0', 'cumQuote': '0.0000', 'timeInForce': 'GTC', 'type': 'LIMIT', 'reduceOnly': False, 'closePosition': False, 'side': 'BUY', 'positionSide': 'BOTH', 'stopPrice': '0.0000', 'workingType': 'CONTRACT_PRICE', 'priceProtect': False, 'origType': 'LIMIT', 'updateTime': 1690098001767}
2023-07-23 07:40:02,285 {'orderId': 10146416875, 'symbol': 'TRXUSDT', 'status': 'NEW', 'clientOrderId': 'hiWVJcxnQReRgGLGROSvUh', 'price': '0.08386', 'avgPrice': '0.00', 'origQty': '436', 'executedQty': '0', 'cumQty': '0', 'cumQuote': '0.00000', 'timeInForce': 'GTC', 'type': 'LIMIT', 'reduceOnly': False, 'closePosition': False, 'side': 'BUY', 'positionSide': 'BOTH', 'stopPrice': '0.00000', 'workingType': 'CONTRACT_PRICE', 'priceProtect': False, 'origType': 'LIMIT', 'updateTime': 1690098002179}
2023-07-23 07:40:02,696 {'orderId': 26962590779, 'symbol': 'MATICUSDT', 'status': 'NEW', 'clientOrderId': 'ZXgj0r8XZZxX4XSZmf0cTk', 'price': '0.74970', 'avgPrice': '0.00', 'origQty': '32', 'executedQty': '0', 'cumQty': '0', 'cumQuote': '0.00000', 'timeInForce': 'GTC', 'type': 'LIMIT', 'reduceOnly': False, 'closePosition': False, 'side': 'SELL', 'positionSide': 'BOTH', 'stopPrice': '0.00000', 'workingType': 'CONTRACT_PRICE', 'priceProtect': False, 'origType': 'LIMIT', 'updateTime': 1690098002590}
2023-07-23 07:40:03,108 {'orderId': 16459519843, 'symbol': 'ATOMUSDT', 'status': 'NEW', 'clientOrderId': '7uIMy6cmpMm2kRFsmCzA5Y', 'price': '9.283', 'avgPrice': '0.00', 'origQty': '2.16', 'executedQty': '0.00', 'cumQty': '0.00', 'cumQuote': '0.00000', 'timeInForce': 'GTC', 'type': 'LIMIT', 'reduceOnly': False, 'closePosition': False, 'side': 'SELL', 'positionSide': 'BOTH', 'stopPrice': '0.000', 'workingType': 'CONTRACT_PRICE', 'priceProtect': False, 'origType': 'LIMIT', 'updateTime': 1690098003002}
2023-07-23 07:40:03,517 {'orderId': 30877511830, 'symbol': 'DOGEUSDT', 'status': 'NEW', 'clientOrderId': 'w8LqMV9LW6IWajH4iPpscA', 'price': '0.071370', 'avgPrice': '0.00', 'origQty': '242', 'executedQty': '0', 'cumQty': '0', 'cumQuote': '0.000000', 'timeInForce': 'GTC', 'type': 'LIMIT', 'reduceOnly': False, 'closePosition': False, 'side': 'BUY', 'positionSide': 'BOTH', 'stopPrice': '0.000000', 'workingType': 'CONTRACT_PRICE', 'priceProtect': False, 'origType': 'LIMIT', 'updateTime': 1690098003413}
2023-07-23 07:40:03,926 {'orderId': 21698557399, 'symbol': 'BCHUSDT', 'status': 'NEW', 'clientOrderId': '4pqKiiD3aLlVM9JVB5lSqs', 'price': '242.39', 'avgPrice': '0.00', 'origQty': '0.058', 'executedQty': '0.000', 'cumQty': '0.000', 'cumQuote': '0.00000', 'timeInForce': 'GTC', 'type': 'LIMIT', 'reduceOnly': False, 'closePosition': False, 'side': 'SELL', 'positionSide': 'BOTH', 'stopPrice': '0.00', 'workingType': 'CONTRACT_PRICE', 'priceProtect': False, 'origType': 'LIMIT', 'updateTime': 1690098003822}
2023-07-23 07:40:04,336 {'orderId': 9863657051, 'symbol': 'XMRUSDT', 'status': 'NEW', 'clientOrderId': 'moOerwjDoakxbU0X2qiCNh', 'price': '164.66', 'avgPrice': '0.00', 'origQty': '0.078', 'executedQty': '0.000', 'cumQty': '0.000', 'cumQuote': '0.00000', 'timeInForce': 'GTC', 'type': 'LIMIT', 'reduceOnly': False, 'closePosition': False, 'side': 'BUY', 'positionSide': 'BOTH', 'stopPrice': '0.00', 'workingType': 'CONTRACT_PRICE', 'priceProtect': False, 'origType': 'LIMIT', 'updateTime': 1690098004231}
2023-07-23 07:40:04,754 {'orderId': 8389765609675671971, 'symbol': 'ETHUSDT', 'status': 'NEW', 'clientOrderId': 'nOpS7SL39GEvI967M8SwEI', 'price': '1873.02', 'avgPrice': '0.00', 'origQty': '0.007', 'executedQty': '0.000', 'cumQty': '0.000', 'cumQuote': '0.00000', 'timeInForce': 'GTC', 'type': 'LIMIT', 'reduceOnly': False, 'closePosition': False, 'side': 'SELL', 'positionSide': 'BOTH', 'stopPrice': '0.00', 'workingType': 'CONTRACT_PRICE', 'priceProtect': False, 'origType': 'LIMIT', 'updateTime': 1690098004649}
2023-07-23 07:40:05,166 {'orderId': 33894108772, 'symbol': 'ADAUSDT', 'status': 'NEW', 'clientOrderId': 'whySbghc2SsdiCLc5QkrJr', 'price': '0.31500', 'avgPrice': '0.00', 'origQty': '38', 'executedQty': '0', 'cumQty': '0', 'cumQuote': '0.00000', 'timeInForce': 'GTC', 'type': 'LIMIT', 'reduceOnly': False, 'closePosition': False, 'side': 'SELL', 'positionSide': 'BOTH', 'stopPrice': '0.00000', 'workingType': 'CONTRACT_PRICE', 'priceProtect': False, 'origType': 'LIMIT', 'updateTime': 1690098005059}
2023-07-23 07:40:05,574 {'orderId': 10437069004, 'symbol': 'XLMUSDT', 'status': 'NEW', 'clientOrderId': 'Hy4Kc9JeEbnzA9kY2NBMpu', 'price': '0.15469', 'avgPrice': '0.00', 'origQty': '63', 'executedQty': '0', 'cumQty': '0', 'cumQuote': '0.00000', 'timeInForce': 'GTC', 'type': 'LIMIT', 'reduceOnly': False, 'closePosition': False, 'side': 'SELL', 'positionSide': 'BOTH', 'stopPrice': '0.00000', 'workingType': 'CONTRACT_PRICE', 'priceProtect': False, 'origType': 'LIMIT', 'updateTime': 1690098005471}
2023-07-23 07:40:05,983 {'orderId': 18003827109, 'symbol': 'ETCUSDT', 'status': 'NEW', 'clientOrderId': 'yNinlxWiTHfuaVT55t8xey', 'price': '18.580', 'avgPrice': '0.00', 'origQty': '0.41', 'executedQty': '0.00', 'cumQty': '0.00', 'cumQuote': '0.00000', 'timeInForce': 'GTC', 'type': 'LIMIT', 'reduceOnly': False, 'closePosition': False, 'side': 'SELL', 'positionSide': 'BOTH', 'stopPrice': '0.000', 'workingType': 'CONTRACT_PRICE', 'priceProtect': False, 'origType': 'LIMIT', 'updateTime': 1690098005879}
2023-07-23 07:40:06,393 {'orderId': 37885310545, 'symbol': 'XRPUSDT', 'status': 'NEW', 'clientOrderId': 'Yih20V4rvWow3B7l0gz9nJ', 'price': '0.7381', 'avgPrice': '0.00', 'origQty': '8.7', 'executedQty': '0.0', 'cumQty': '0.0', 'cumQuote': '0.00000', 'timeInForce': 'GTC', 'type': 'LIMIT', 'reduceOnly': False, 'closePosition': False, 'side': 'SELL', 'positionSide': 'BOTH', 'stopPrice': '0.0000', 'workingType': 'CONTRACT_PRICE', 'priceProtect': False, 'origType': 'LIMIT', 'updateTime': 1690098006288}
2023-07-23 07:40:11,304 update 1/5: filled 0 / 12 () | working 12 / 12 (+UNIUSDT,+TRXUSDT,-MATICUSDT,-ATOMUSDT,+DOGEUSDT,-BCHUSDT,+XMRUSDT,-ETHUSDT,-ADAUSDT,-XLMUSDT,-ETCUSDT,-XRPUSDT)
2023-07-23 07:40:14,306 +UNIUSDT: bp7.0|+TRXUSDT: bp7.0|-MATICUSDT: bp7.0|-ATOMUSDT: bp8.0|+DOGEUSDT: bp6.0|-BCHUSDT: bp6.0|+XMRUSDT: bp7.0|-ETHUSDT: bp6.0|-ADAUSDT: bp6.0|-XLMUSDT: bp5.0|-ETCUSDT: bp6.0|-XRPUSDT: bp5.0|
2023-07-23 07:40:19,213 update 2/5: filled 1 / 12 (+XMRUSDT) | working 11 / 12 (+UNIUSDT,+TRXUSDT,-MATICUSDT,-ATOMUSDT,+DOGEUSDT,-BCHUSDT,-ETHUSDT,-ADAUSDT,-XLMUSDT,-ETCUSDT,-XRPUSDT)
2023-07-23 07:40:22,214 +UNIUSDT: bp8.0|+TRXUSDT: bp10.0|-MATICUSDT: bp5.0|-ATOMUSDT: bp8.0|+DOGEUSDT: bp7.0|-BCHUSDT: bp6.0|-ETHUSDT: bp5.0|-ADAUSDT: bp3.0|-XLMUSDT: bp4.0|-ETCUSDT: bp6.0|-XRPUSDT: bp5.0|
2023-07-23 07:40:27,129 update 3/5: filled 1 / 12 (+XMRUSDT) | working 11 / 12 (+UNIUSDT,+TRXUSDT,-MATICUSDT,-ATOMUSDT,+DOGEUSDT,-BCHUSDT,-ETHUSDT,-ADAUSDT,-XLMUSDT,-ETCUSDT,-XRPUSDT)
2023-07-23 07:40:30,130 +UNIUSDT: bp12.0|+TRXUSDT: bp11.0|-MATICUSDT: bp4.0|-ATOMUSDT: bp3.0|+DOGEUSDT: bp8.0|-BCHUSDT: bp6.0|-ETHUSDT: bp5.0|-ADAUSDT: bp6.0|-XLMUSDT: bp1.0|-ETCUSDT: bp4.0|-XRPUSDT: bp4.0|
2023-07-23 07:40:35,053 update 4/5: filled 1 / 12 (+XMRUSDT) | working 11 / 12 (+UNIUSDT,+TRXUSDT,-MATICUSDT,-ATOMUSDT,+DOGEUSDT,-BCHUSDT,-ETHUSDT,-ADAUSDT,-XLMUSDT,-ETCUSDT,-XRPUSDT)
2023-07-23 07:40:38,054 +UNIUSDT: bp10.0|+TRXUSDT: bp14.0|-MATICUSDT: bp5.0|-ATOMUSDT: bp3.0|+DOGEUSDT: bp7.0|-BCHUSDT: bp6.0|-ETHUSDT: bp5.0|-ADAUSDT: bp3.0|-XLMUSDT: bp6.0|-ETCUSDT: bp4.0|-XRPUSDT: bp4.0|
2023-07-23 07:40:42,959 update 5/5: filled 1 / 12 (+XMRUSDT) | working 11 / 12 (+UNIUSDT,+TRXUSDT,-MATICUSDT,-ATOMUSDT,+DOGEUSDT,-BCHUSDT,-ETHUSDT,-ADAUSDT,-XLMUSDT,-ETCUSDT,-XRPUSDT)
2023-07-23 07:40:45,961 +UNIUSDT: bp8.0|+TRXUSDT: bp13.0|-MATICUSDT: bp5.0|-ATOMUSDT: bp3.0|+DOGEUSDT: bp7.0|-BCHUSDT: bp6.0|-ETHUSDT: bp5.0|-ADAUSDT: bp3.0|-XLMUSDT: bp6.0|-ETCUSDT: bp4.0|-XRPUSDT: bp1.0|
2023-07-23 07:40:45,961 Adjustment limit #2 ... 
 we cancel current orders and replace
2023-07-23 07:40:45,961 @+/-2.9999999999999996bp limit 
2023-07-23 07:40:45,961 binance_cancel_and_replace_orders_peg 20230723_074045
2023-07-23 07:40:53,379 binance_place_orders_peg 20230723_074053
2023-07-23 07:40:53,794 {'orderId': 19121967129, 'symbol': 'UNIUSDT', 'status': 'NEW', 'clientOrderId': 'EDJPPMxSrMiOdKZzawgMVc', 'price': '6.0810', 'avgPrice': '0.00', 'origQty': '7', 'executedQty': '0', 'cumQty': '0', 'cumQuote': '0.0000', 'timeInForce': 'GTC', 'type': 'LIMIT', 'reduceOnly': False, 'closePosition': False, 'side': 'BUY', 'positionSide': 'BOTH', 'stopPrice': '0.0000', 'workingType': 'CONTRACT_PRICE', 'priceProtect': False, 'origType': 'LIMIT', 'updateTime': 1690098053685}
2023-07-23 07:40:54,209 {'orderId': 10146423892, 'symbol': 'TRXUSDT', 'status': 'NEW', 'clientOrderId': 'bqVw7DNLJcPgLpYApcRMNq', 'price': '0.08393', 'avgPrice': '0.00', 'origQty': '436', 'executedQty': '0', 'cumQty': '0', 'cumQuote': '0.00000', 'timeInForce': 'GTC', 'type': 'LIMIT', 'reduceOnly': False, 'closePosition': False, 'side': 'BUY', 'positionSide': 'BOTH', 'stopPrice': '0.00000', 'workingType': 'CONTRACT_PRICE', 'priceProtect': False, 'origType': 'LIMIT', 'updateTime': 1690098054101}
2023-07-23 07:40:54,621 {'orderId': 26962596374, 'symbol': 'MATICUSDT', 'status': 'NEW', 'clientOrderId': 'bUQpMAUyhls2PPvLmxmAr1', 'price': '0.74970', 'avgPrice': '0.00', 'origQty': '32', 'executedQty': '0', 'cumQty': '0', 'cumQuote': '0.00000', 'timeInForce': 'GTC', 'type': 'LIMIT', 'reduceOnly': False, 'closePosition': False, 'side': 'SELL', 'positionSide': 'BOTH', 'stopPrice': '0.00000', 'workingType': 'CONTRACT_PRICE', 'priceProtect': False, 'origType': 'LIMIT', 'updateTime': 1690098054515}
2023-07-23 07:40:55,033 {'orderId': 16459521756, 'symbol': 'ATOMUSDT', 'status': 'NEW', 'clientOrderId': 'AaTY9QHxinR8Hclyrq0LL3', 'price': '9.283', 'avgPrice': '0.00', 'origQty': '2.16', 'executedQty': '0.00', 'cumQty': '0.00', 'cumQuote': '0.00000', 'timeInForce': 'GTC', 'type': 'LIMIT', 'reduceOnly': False, 'closePosition': False, 'side': 'SELL', 'positionSide': 'BOTH', 'stopPrice': '0.000', 'workingType': 'CONTRACT_PRICE', 'priceProtect': False, 'origType': 'LIMIT', 'updateTime': 1690098054927}
2023-07-23 07:40:55,447 {'orderId': 30877531082, 'symbol': 'DOGEUSDT', 'status': 'NEW', 'clientOrderId': 'JVaPTGpX0B2RZzZyRUo8Jz', 'price': '0.071370', 'avgPrice': '0.00', 'origQty': '242', 'executedQty': '0', 'cumQty': '0', 'cumQuote': '0.000000', 'timeInForce': 'GTC', 'type': 'LIMIT', 'reduceOnly': False, 'closePosition': False, 'side': 'BUY', 'positionSide': 'BOTH', 'stopPrice': '0.000000', 'workingType': 'CONTRACT_PRICE', 'priceProtect': False, 'origType': 'LIMIT', 'updateTime': 1690098055337}
2023-07-23 07:40:55,857 {'orderId': 21698563046, 'symbol': 'BCHUSDT', 'status': 'NEW', 'clientOrderId': 'tacjzHavKXMxVzIOx5iUdD', 'price': '242.45', 'avgPrice': '0.00', 'origQty': '0.058', 'executedQty': '0.000', 'cumQty': '0.000', 'cumQuote': '0.00000', 'timeInForce': 'GTC', 'type': 'LIMIT', 'reduceOnly': False, 'closePosition': False, 'side': 'SELL', 'positionSide': 'BOTH', 'stopPrice': '0.00', 'workingType': 'CONTRACT_PRICE', 'priceProtect': False, 'origType': 'LIMIT', 'updateTime': 1690098055751}
2023-07-23 07:40:56,267 {'orderId': 8389765609675746644, 'symbol': 'ETHUSDT', 'status': 'NEW', 'clientOrderId': 'WHMFoTQItIoXmwB6IUlQS9', 'price': '1872.74', 'avgPrice': '0.00', 'origQty': '0.007', 'executedQty': '0.000', 'cumQty': '0.000', 'cumQuote': '0.00000', 'timeInForce': 'GTC', 'type': 'LIMIT', 'reduceOnly': False, 'closePosition': False, 'side': 'SELL', 'positionSide': 'BOTH', 'stopPrice': '0.00', 'workingType': 'CONTRACT_PRICE', 'priceProtect': False, 'origType': 'LIMIT', 'updateTime': 1690098056162}
2023-07-23 07:40:56,678 {'orderId': 33894118135, 'symbol': 'ADAUSDT', 'status': 'NEW', 'clientOrderId': 'Lg7SzJW7sBY4qDzKbucIpm', 'price': '0.31500', 'avgPrice': '0.00', 'origQty': '38', 'executedQty': '0', 'cumQty': '0', 'cumQuote': '0.00000', 'timeInForce': 'GTC', 'type': 'LIMIT', 'reduceOnly': False, 'closePosition': False, 'side': 'SELL', 'positionSide': 'BOTH', 'stopPrice': '0.00000', 'workingType': 'CONTRACT_PRICE', 'priceProtect': False, 'origType': 'LIMIT', 'updateTime': 1690098056572}
2023-07-23 07:40:57,090 {'orderId': 10437076048, 'symbol': 'XLMUSDT', 'status': 'NEW', 'clientOrderId': 'YawTMChH3DGY19atjyvstE', 'price': '0.15464', 'avgPrice': '0.00', 'origQty': '63', 'executedQty': '0', 'cumQty': '0', 'cumQuote': '0.00000', 'timeInForce': 'GTC', 'type': 'LIMIT', 'reduceOnly': False, 'closePosition': False, 'side': 'SELL', 'positionSide': 'BOTH', 'stopPrice': '0.00000', 'workingType': 'CONTRACT_PRICE', 'priceProtect': False, 'origType': 'LIMIT', 'updateTime': 1690098056983}
2023-07-23 07:40:57,507 {'orderId': 18003832803, 'symbol': 'ETCUSDT', 'status': 'NEW', 'clientOrderId': 'bMT2Fl15Lw98pFrhliwpwc', 'price': '18.580', 'avgPrice': '0.00', 'origQty': '0.41', 'executedQty': '0.00', 'cumQty': '0.00', 'cumQuote': '0.00000', 'timeInForce': 'GTC', 'type': 'LIMIT', 'reduceOnly': False, 'closePosition': False, 'side': 'SELL', 'positionSide': 'BOTH', 'stopPrice': '0.000', 'workingType': 'CONTRACT_PRICE', 'priceProtect': False, 'origType': 'LIMIT', 'updateTime': 1690098057396}
2023-07-23 07:40:57,916 {'orderId': 37885352835, 'symbol': 'XRPUSDT', 'status': 'NEW', 'clientOrderId': 'knzBxvTQNm5SRj174Q35Sl', 'price': '0.7378', 'avgPrice': '0.00', 'origQty': '8.7', 'executedQty': '0.0', 'cumQty': '0.0', 'cumQuote': '0.00000', 'timeInForce': 'GTC', 'type': 'LIMIT', 'reduceOnly': False, 'closePosition': False, 'side': 'SELL', 'positionSide': 'BOTH', 'stopPrice': '0.0000', 'workingType': 'CONTRACT_PRICE', 'priceProtect': False, 'origType': 'LIMIT', 'updateTime': 1690098057811}
2023-07-23 07:41:02,827 update 1/5: filled 2 / 12 (+XMRUSDT,-XRPUSDT) | working 10 / 12 (+UNIUSDT,+TRXUSDT,-MATICUSDT,-ATOMUSDT,+DOGEUSDT,-BCHUSDT,-ETHUSDT,-ADAUSDT,-XLMUSDT,-ETCUSDT)
2023-07-23 07:41:05,828 +UNIUSDT: bp3.0|+TRXUSDT: bp5.0|-MATICUSDT: bp3.0|-ATOMUSDT: bp4.0|+DOGEUSDT: bp3.0|-BCHUSDT: bp3.0|-ETHUSDT: bp3.0|-ADAUSDT: bp6.0|-XLMUSDT: bp3.0|-ETCUSDT: bp4.0|
2023-07-23 07:41:10,781 update 2/5: filled 3 / 12 (+XMRUSDT,-XLMUSDT,-XRPUSDT) | working 9 / 12 (+UNIUSDT,+TRXUSDT,-MATICUSDT,-ATOMUSDT,+DOGEUSDT,-BCHUSDT,-ETHUSDT,-ADAUSDT,-ETCUSDT)
2023-07-23 07:41:13,783 +UNIUSDT: bp3.0|+TRXUSDT: bp6.0|-MATICUSDT: bp3.0|-ATOMUSDT: bp4.0|+DOGEUSDT: bp6.0|-BCHUSDT: bp3.0|-ETHUSDT: bp4.0|-ADAUSDT: bp6.0|-ETCUSDT: bp4.0|
2023-07-23 07:41:18,690 update 3/5: filled 3 / 12 (+XMRUSDT,-XLMUSDT,-XRPUSDT) | working 9 / 12 (+UNIUSDT,+TRXUSDT,-MATICUSDT,-ATOMUSDT,+DOGEUSDT,-BCHUSDT,-ETHUSDT,-ADAUSDT,-ETCUSDT)
2023-07-23 07:41:21,691 +UNIUSDT: bp3.0|+TRXUSDT: bp6.0|-MATICUSDT: bp4.0|-ATOMUSDT: bp5.0|+DOGEUSDT: bp6.0|-BCHUSDT: bp2.0|-ETHUSDT: bp4.0|-ADAUSDT: bp3.0|-ETCUSDT: bp0.0|
2023-07-23 07:41:26,603 update 4/5: filled 3 / 12 (+XMRUSDT,-XLMUSDT,-XRPUSDT) | working 9 / 12 (+UNIUSDT,+TRXUSDT,-MATICUSDT,-ATOMUSDT,+DOGEUSDT,-BCHUSDT,-ETHUSDT,-ADAUSDT,-ETCUSDT)
2023-07-23 07:41:29,604 +UNIUSDT: bp3.0|+TRXUSDT: bp7.0|-MATICUSDT: bp3.0|-ATOMUSDT: bp5.0|+DOGEUSDT: bp8.0|-BCHUSDT: bp3.0|-ETHUSDT: bp4.0|-ADAUSDT: bp3.0|-ETCUSDT: bp1.0|
2023-07-23 07:41:34,521 update 5/5: filled 3 / 12 (+XMRUSDT,-XLMUSDT,-XRPUSDT) | working 9 / 12 (+UNIUSDT,+TRXUSDT,-MATICUSDT,-ATOMUSDT,+DOGEUSDT,-BCHUSDT,-ETHUSDT,-ADAUSDT,-ETCUSDT)
2023-07-23 07:41:37,522 +UNIUSDT: bp5.0|+TRXUSDT: bp8.0|-MATICUSDT: bp3.0|-ATOMUSDT: bp5.0|+DOGEUSDT: bp4.0|-BCHUSDT: bp4.0|-ETHUSDT: bp4.0|-ADAUSDT: bp3.0|-ETCUSDT: bp2.0|
2023-07-23 07:41:37,522 Adjustment limit #3 ... 
 we cancel current orders and replace
2023-07-23 07:41:37,522 @+/-1.4999999999999998bp limit 
2023-07-23 07:41:37,522 binance_cancel_and_replace_orders_peg 20230723_074137
2023-07-23 07:41:44,897 binance_place_orders_peg 20230723_074144
2023-07-23 07:41:45,308 {'orderId': 19121968595, 'symbol': 'UNIUSDT', 'status': 'NEW', 'clientOrderId': 'zq4sPr1b14cmnLQW20HgU3', 'price': '6.0810', 'avgPrice': '0.00', 'origQty': '7', 'executedQty': '0', 'cumQty': '0', 'cumQuote': '0.0000', 'timeInForce': 'GTC', 'type': 'LIMIT', 'reduceOnly': False, 'closePosition': False, 'side': 'BUY', 'positionSide': 'BOTH', 'stopPrice': '0.0000', 'workingType': 'CONTRACT_PRICE', 'priceProtect': False, 'origType': 'LIMIT', 'updateTime': 1690098105202}
2023-07-23 07:41:45,718 {'orderId': 10146429197, 'symbol': 'TRXUSDT', 'status': 'NEW', 'clientOrderId': 'FwLqeRMJXfyJ2hRaMSIG2a', 'price': '0.08398', 'avgPrice': '0.00', 'origQty': '436', 'executedQty': '0', 'cumQty': '0', 'cumQuote': '0.00000', 'timeInForce': 'GTC', 'type': 'LIMIT', 'reduceOnly': False, 'closePosition': False, 'side': 'BUY', 'positionSide': 'BOTH', 'stopPrice': '0.00000', 'workingType': 'CONTRACT_PRICE', 'priceProtect': False, 'origType': 'LIMIT', 'updateTime': 1690098105612}
2023-07-23 07:41:46,128 {'orderId': 26962604149, 'symbol': 'MATICUSDT', 'status': 'NEW', 'clientOrderId': 'D9XCK4uTzmWXGDMKbMGJOg', 'price': '0.74970', 'avgPrice': '0.00', 'origQty': '32', 'executedQty': '0', 'cumQty': '0', 'cumQuote': '0.00000', 'timeInForce': 'GTC', 'type': 'LIMIT', 'reduceOnly': False, 'closePosition': False, 'side': 'SELL', 'positionSide': 'BOTH', 'stopPrice': '0.00000', 'workingType': 'CONTRACT_PRICE', 'priceProtect': False, 'origType': 'LIMIT', 'updateTime': 1690098106023}
2023-07-23 07:41:46,537 {'orderId': 16459523246, 'symbol': 'ATOMUSDT', 'status': 'NEW', 'clientOrderId': 'cO31hQsaAuOHbbwC6RGdhh', 'price': '9.279', 'avgPrice': '0.00', 'origQty': '2.16', 'executedQty': '0.00', 'cumQty': '0.00', 'cumQuote': '0.00000', 'timeInForce': 'GTC', 'type': 'LIMIT', 'reduceOnly': False, 'closePosition': False, 'side': 'SELL', 'positionSide': 'BOTH', 'stopPrice': '0.000', 'workingType': 'CONTRACT_PRICE', 'priceProtect': False, 'origType': 'LIMIT', 'updateTime': 1690098106432}
2023-07-23 07:41:46,946 {'orderId': 30877548462, 'symbol': 'DOGEUSDT', 'status': 'NEW', 'clientOrderId': 'TOzcwSRHlICjKkBUITcjGV', 'price': '0.071390', 'avgPrice': '0.00', 'origQty': '242', 'executedQty': '0', 'cumQty': '0', 'cumQuote': '0.000000', 'timeInForce': 'GTC', 'type': 'LIMIT', 'reduceOnly': False, 'closePosition': False, 'side': 'BUY', 'positionSide': 'BOTH', 'stopPrice': '0.000000', 'workingType': 'CONTRACT_PRICE', 'priceProtect': False, 'origType': 'LIMIT', 'updateTime': 1690098106842}
2023-07-23 07:41:47,356 {'orderId': 21698571639, 'symbol': 'BCHUSDT', 'status': 'NEW', 'clientOrderId': 'hx4cxtTNZYHYLFMTgoCNrd', 'price': '242.44', 'avgPrice': '0.00', 'origQty': '0.058', 'executedQty': '0.000', 'cumQty': '0.000', 'cumQuote': '0.00000', 'timeInForce': 'GTC', 'type': 'LIMIT', 'reduceOnly': False, 'closePosition': False, 'side': 'SELL', 'positionSide': 'BOTH', 'stopPrice': '0.00', 'workingType': 'CONTRACT_PRICE', 'priceProtect': False, 'origType': 'LIMIT', 'updateTime': 1690098107251}
2023-07-23 07:41:47,765 {'orderId': 8389765609675813763, 'symbol': 'ETHUSDT', 'status': 'NEW', 'clientOrderId': 'AHqP7Cu9Sk9CFp5TJbAuBg', 'price': '1872.38', 'avgPrice': '0.00', 'origQty': '0.007', 'executedQty': '0.000', 'cumQty': '0.000', 'cumQuote': '0.00000', 'timeInForce': 'GTC', 'type': 'LIMIT', 'reduceOnly': False, 'closePosition': False, 'side': 'SELL', 'positionSide': 'BOTH', 'stopPrice': '0.00', 'workingType': 'CONTRACT_PRICE', 'priceProtect': False, 'origType': 'LIMIT', 'updateTime': 1690098107661}
2023-07-23 07:41:48,175 {'orderId': 33894128341, 'symbol': 'ADAUSDT', 'status': 'NEW', 'clientOrderId': 'ztqMfyOHjaHsON68w5mxun', 'price': '0.31490', 'avgPrice': '0.00', 'origQty': '38', 'executedQty': '0', 'cumQty': '0', 'cumQuote': '0.00000', 'timeInForce': 'GTC', 'type': 'LIMIT', 'reduceOnly': False, 'closePosition': False, 'side': 'SELL', 'positionSide': 'BOTH', 'stopPrice': '0.00000', 'workingType': 'CONTRACT_PRICE', 'priceProtect': False, 'origType': 'LIMIT', 'updateTime': 1690098108070}
2023-07-23 07:41:48,586 {'orderId': 18003838852, 'symbol': 'ETCUSDT', 'status': 'NEW', 'clientOrderId': 'e90MLq5Af8Ypv8s0hDYNiK', 'price': '18.577', 'avgPrice': '0.00', 'origQty': '0.41', 'executedQty': '0.00', 'cumQty': '0.00', 'cumQuote': '0.00000', 'timeInForce': 'GTC', 'type': 'LIMIT', 'reduceOnly': False, 'closePosition': False, 'side': 'SELL', 'positionSide': 'BOTH', 'stopPrice': '0.000', 'workingType': 'CONTRACT_PRICE', 'priceProtect': False, 'origType': 'LIMIT', 'updateTime': 1690098108482}
2023-07-23 07:41:53,503 update 1/5: filled 3 / 12 (+XMRUSDT,-XLMUSDT,-XRPUSDT) | working 9 / 12 (+UNIUSDT,+TRXUSDT,-MATICUSDT,-ATOMUSDT,+DOGEUSDT,-BCHUSDT,-ETHUSDT,-ADAUSDT,-ETCUSDT)
2023-07-23 07:41:56,504 +UNIUSDT: bp2.0|+TRXUSDT: bp2.0|-MATICUSDT: bp1.0|-ATOMUSDT: bp2.0|+DOGEUSDT: bp3.0|-BCHUSDT: bp2.0|-ETHUSDT: bp2.0|-ADAUSDT: bp0.0|-ETCUSDT: bp2.0|
2023-07-23 07:42:01,411 update 2/5: filled 7 / 12 (+XMRUSDT,-XLMUSDT,-XRPUSDT,-ATOMUSDT,-ETHUSDT,-ADAUSDT,-ETCUSDT) | working 5 / 12 (+UNIUSDT,+TRXUSDT,-MATICUSDT,+DOGEUSDT,-BCHUSDT)
2023-07-23 07:42:04,412 +UNIUSDT: bp5.0|+TRXUSDT: bp2.0|-MATICUSDT: bp3.0|+DOGEUSDT: bp7.0|-BCHUSDT: bp1.0|
2023-07-23 07:42:09,315 update 3/5: filled 8 / 12 (+XMRUSDT,-XLMUSDT,-XRPUSDT,-ATOMUSDT,-BCHUSDT,-ETHUSDT,-ADAUSDT,-ETCUSDT) | working 4 / 12 (+UNIUSDT,+TRXUSDT,-MATICUSDT,+DOGEUSDT)
2023-07-23 07:42:12,316 +UNIUSDT: bp3.0|+TRXUSDT: bp2.0|-MATICUSDT: bp1.0|+DOGEUSDT: bp6.0|
2023-07-23 07:42:17,223 update 4/5: filled 8 / 12 (+XMRUSDT,-XLMUSDT,-XRPUSDT,-ATOMUSDT,-BCHUSDT,-ETHUSDT,-ADAUSDT,-ETCUSDT) | working 4 / 12 (+UNIUSDT,+TRXUSDT,-MATICUSDT,+DOGEUSDT)
2023-07-23 07:42:20,224 +UNIUSDT: bp8.0|+TRXUSDT: bp1.0|-MATICUSDT: bp1.0|+DOGEUSDT: bp7.0|
2023-07-23 07:42:25,128 update 5/5: filled 8 / 12 (+XMRUSDT,-XLMUSDT,-XRPUSDT,-ATOMUSDT,-BCHUSDT,-ETHUSDT,-ADAUSDT,-ETCUSDT) | working 4 / 12 (+UNIUSDT,+TRXUSDT,-MATICUSDT,+DOGEUSDT)
2023-07-23 07:42:28,129 +UNIUSDT: bp8.0|+TRXUSDT: bp1.0|-MATICUSDT: bp3.0|+DOGEUSDT: bp4.0|
2023-07-23 07:42:28,129 Adjustment limit #4 ... 
 we cancel current orders and replace
2023-07-23 07:42:28,129 @+/-0.7499999999999999bp limit 
2023-07-23 07:42:28,129 binance_cancel_and_replace_orders_peg 20230723_074228
2023-07-23 07:42:35,618 binance_place_orders_peg 20230723_074235
2023-07-23 07:42:36,028 {'orderId': 19121971805, 'symbol': 'UNIUSDT', 'status': 'NEW', 'clientOrderId': 'nHq6IiRbKc7IkZiL344ia2', 'price': '6.0910', 'avgPrice': '0.00', 'origQty': '7', 'executedQty': '0', 'cumQty': '0', 'cumQuote': '0.0000', 'timeInForce': 'GTC', 'type': 'LIMIT', 'reduceOnly': False, 'closePosition': False, 'side': 'BUY', 'positionSide': 'BOTH', 'stopPrice': '0.0000', 'workingType': 'CONTRACT_PRICE', 'priceProtect': False, 'origType': 'LIMIT', 'updateTime': 1690098155923}
2023-07-23 07:42:36,447 {'orderId': 10146434171, 'symbol': 'TRXUSDT', 'status': 'NEW', 'clientOrderId': 'PNyP97LwYDECbB9ebNcRpX', 'price': '0.08402', 'avgPrice': '0.00', 'origQty': '436', 'executedQty': '0', 'cumQty': '0', 'cumQuote': '0.00000', 'timeInForce': 'GTC', 'type': 'LIMIT', 'reduceOnly': False, 'closePosition': False, 'side': 'BUY', 'positionSide': 'BOTH', 'stopPrice': '0.00000', 'workingType': 'CONTRACT_PRICE', 'priceProtect': False, 'origType': 'LIMIT', 'updateTime': 1690098156342}
2023-07-23 07:42:36,860 {'orderId': 30877562541, 'symbol': 'DOGEUSDT', 'status': 'NEW', 'clientOrderId': '2J8GzBzaZKRp5v633ADxm8', 'price': '0.071420', 'avgPrice': '0.00', 'origQty': '242', 'executedQty': '0', 'cumQty': '0', 'cumQuote': '0.000000', 'timeInForce': 'GTC', 'type': 'LIMIT', 'reduceOnly': False, 'closePosition': False, 'side': 'BUY', 'positionSide': 'BOTH', 'stopPrice': '0.000000', 'workingType': 'CONTRACT_PRICE', 'priceProtect': False, 'origType': 'LIMIT', 'updateTime': 1690098156754}
2023-07-23 07:42:41,788 update 1/5: filled 9 / 12 (+XMRUSDT,-XLMUSDT,-XRPUSDT,-MATICUSDT,-ATOMUSDT,-BCHUSDT,-ETHUSDT,-ADAUSDT,-ETCUSDT) | working 3 / 12 (+UNIUSDT,+TRXUSDT,+DOGEUSDT)
2023-07-23 07:42:44,789 +UNIUSDT: bp-0.0|+TRXUSDT: bp2.0|+DOGEUSDT: bp3.0|
2023-07-23 07:42:49,689 update 2/5: filled 9 / 12 (+XMRUSDT,-XLMUSDT,-XRPUSDT,-MATICUSDT,-ATOMUSDT,-BCHUSDT,-ETHUSDT,-ADAUSDT,-ETCUSDT) | working 3 / 12 (+UNIUSDT,+TRXUSDT,+DOGEUSDT)
2023-07-23 07:42:52,690 +UNIUSDT: bp-0.0|+TRXUSDT: bp2.0|+DOGEUSDT: bp3.0|
2023-07-23 07:42:57,601 update 3/5: filled 11 / 12 (+XMRUSDT,-XLMUSDT,-XRPUSDT,-MATICUSDT,-ATOMUSDT,-BCHUSDT,-ETHUSDT,-ADAUSDT,-ETCUSDT,+UNIUSDT,+TRXUSDT) | working 1 / 12 (+DOGEUSDT)
2023-07-23 07:43:00,603 +DOGEUSDT: bp-0.0|
2023-07-23 07:43:05,509 update 4/5: filled 12 / 12 (+XMRUSDT,-XLMUSDT,-XRPUSDT,-MATICUSDT,-ATOMUSDT,-BCHUSDT,-ETHUSDT,-ADAUSDT,-ETCUSDT,+UNIUSDT,+TRXUSDT,+DOGEUSDT) | working 0 / 12 ()
