2023-07-25 14:01:13,482 last trades where done more than 6 hours ago: ok
2023-07-25 14:01:19,578 ------------------------------
open_orders
2023-07-25 14:01:19,578 Empty DataFrame
Columns: []
Index: []
2023-07-25 14:01:30,050 binance_place_orders_peg 20230725_140130
2023-07-25 14:01:30,462 {'orderId': 19133028499, 'symbol': 'UNIUSDT', 'status': 'NEW', 'clientOrderId': 'bU8X9eDG2jWKtOQyGxmIbY', 'price': '5.7730', 'avgPrice': '0.00', 'origQty': '5', 'executedQty': '0', 'cumQty': '0', 'cumQuote': '0.0000', 'timeInForce': 'GTC', 'type': 'LIMIT', 'reduceOnly': False, 'closePosition': False, 'side': 'SELL', 'positionSide': 'BOTH', 'stopPrice': '0.0000', 'workingType': 'CONTRACT_PRICE', 'priceProtect': False, 'origType': 'LIMIT', 'updateTime': 1690293690360}
2023-07-25 14:01:30,870 {'orderId': 31018996672, 'symbol': 'DOGEUSDT', 'status': 'NEW', 'clientOrderId': 'sLZJ2XptdYmvtj6r2otS9C', 'price': '0.076970', 'avgPrice': '0.00', 'origQty': '340', 'executedQty': '0', 'cumQty': '0', 'cumQuote': '0.000000', 'timeInForce': 'GTC', 'type': 'LIMIT', 'reduceOnly': False, 'closePosition': False, 'side': 'BUY', 'positionSide': 'BOTH', 'stopPrice': '0.000000', 'workingType': 'CONTRACT_PRICE', 'priceProtect': False, 'origType': 'LIMIT', 'updateTime': 1690293690767}
2023-07-25 14:01:31,279 {'orderId': 15436547102, 'symbol': 'AVAXUSDT', 'status': 'NEW', 'clientOrderId': 'afVMxhyo5PKMkphMjUX3YY', 'price': '13.5410', 'avgPrice': '0.00', 'origQty': '1', 'executedQty': '0', 'cumQty': '0', 'cumQuote': '0.0000', 'timeInForce': 'GTC', 'type': 'LIMIT', 'reduceOnly': False, 'closePosition': False, 'side': 'SELL', 'positionSide': 'BOTH', 'stopPrice': '0.0000', 'workingType': 'CONTRACT_PRICE', 'priceProtect': False, 'origType': 'LIMIT', 'updateTime': 1690293691176}
2023-07-25 14:01:33,158 update 1/5: filled 1 / 3 (-AVAXUSDT) | working 2 / 3 (-UNIUSDT,+DOGEUSDT)
2023-07-25 14:01:36,159 -UNIUSDT: bp9.0|+DOGEUSDT: bp18.0|
2023-07-25 14:01:37,384 update 2/5: filled 1 / 3 (-AVAXUSDT) | working 2 / 3 (-UNIUSDT,+DOGEUSDT)
2023-07-25 14:01:40,385 -UNIUSDT: bp3.0|+DOGEUSDT: bp23.0|
2023-07-25 14:01:41,608 update 3/5: filled 1 / 3 (-AVAXUSDT) | working 2 / 3 (-UNIUSDT,+DOGEUSDT)
2023-07-25 14:01:44,609 -UNIUSDT: bp5.0|+DOGEUSDT: bp22.0|
2023-07-25 14:01:45,835 update 4/5: filled 2 / 3 (-UNIUSDT,-AVAXUSDT) | working 1 / 3 (+DOGEUSDT)
2023-07-25 14:01:48,836 +DOGEUSDT: bp13.0|
2023-07-25 14:01:50,060 update 5/5: filled 2 / 3 (-UNIUSDT,-AVAXUSDT) | working 1 / 3 (+DOGEUSDT)
2023-07-25 14:01:53,061 +DOGEUSDT: bp12.0|
2023-07-25 14:01:53,061 Adjustment limit #1 ... 
 we cancel current orders and replace
2023-07-25 14:01:53,061 @+/-5.999999999999999bp limit 
2023-07-25 14:01:53,061 binance_cancel_and_replace_orders_peg 20230725_140153
2023-07-25 14:01:54,907 binance_place_orders_peg 20230725_140154
2023-07-25 14:01:55,318 {'orderId': 31019026189, 'symbol': 'DOGEUSDT', 'status': 'NEW', 'clientOrderId': 'xEVg8kKjHgn8fgr1FfGHAr', 'price': '0.077000', 'avgPrice': '0.00', 'origQty': '340', 'executedQty': '0', 'cumQty': '0', 'cumQuote': '0.000000', 'timeInForce': 'GTC', 'type': 'LIMIT', 'reduceOnly': False, 'closePosition': False, 'side': 'BUY', 'positionSide': 'BOTH', 'stopPrice': '0.000000', 'workingType': 'CONTRACT_PRICE', 'priceProtect': False, 'origType': 'LIMIT', 'updateTime': 1690293715214}
2023-07-25 14:01:56,542 update 1/5: filled 2 / 3 (-UNIUSDT,-AVAXUSDT) | working 1 / 3 (+DOGEUSDT)
2023-07-25 14:01:59,542 +DOGEUSDT: bp3.0|
2023-07-25 14:02:00,771 update 2/5: filled 2 / 3 (-UNIUSDT,-AVAXUSDT) | working 1 / 3 (+DOGEUSDT)
2023-07-25 14:02:03,772 +DOGEUSDT: bp8.0|
2023-07-25 14:02:04,996 update 3/5: filled 2 / 3 (-UNIUSDT,-AVAXUSDT) | working 1 / 3 (+DOGEUSDT)
2023-07-25 14:02:07,997 +DOGEUSDT: bp14.0|
2023-07-25 14:02:09,221 update 4/5: filled 2 / 3 (-UNIUSDT,-AVAXUSDT) | working 1 / 3 (+DOGEUSDT)
2023-07-25 14:02:12,222 +DOGEUSDT: bp21.0|
2023-07-25 14:02:13,446 update 5/5: filled 2 / 3 (-UNIUSDT,-AVAXUSDT) | working 1 / 3 (+DOGEUSDT)
2023-07-25 14:02:16,447 +DOGEUSDT: bp9.0|
2023-07-25 14:02:16,447 Adjustment limit #2 ... 
 we cancel current orders and replace
2023-07-25 14:02:16,447 @+/-2.9999999999999996bp limit 
2023-07-25 14:02:16,447 binance_cancel_and_replace_orders_peg 20230725_140216
2023-07-25 14:02:18,299 binance_place_orders_peg 20230725_140218
2023-07-25 14:02:18,709 {'orderId': 31019058006, 'symbol': 'DOGEUSDT', 'status': 'NEW', 'clientOrderId': '8yUmspONG3fULyDt0LI4zT', 'price': '0.077010', 'avgPrice': '0.00', 'origQty': '340', 'executedQty': '0', 'cumQty': '0', 'cumQuote': '0.000000', 'timeInForce': 'GTC', 'type': 'LIMIT', 'reduceOnly': False, 'closePosition': False, 'side': 'BUY', 'positionSide': 'BOTH', 'stopPrice': '0.000000', 'workingType': 'CONTRACT_PRICE', 'priceProtect': False, 'origType': 'LIMIT', 'updateTime': 1690293738605}
2023-07-25 14:02:19,936 update 1/5: filled 3 / 3 (-UNIUSDT,-AVAXUSDT,+DOGEUSDT) | working 0 / 3 ()
