2023-08-04 14:01:39,032 last trades where done more than 6 hours ago: ok
2023-08-04 14:01:45,267 ------------------------------
open_orders
2023-08-04 14:01:45,267 Empty DataFrame
Columns: []
Index: []
2023-08-04 14:01:55,962 binance_place_orders_peg 20230804_140155
2023-08-04 14:01:56,376 {'orderId': 31610877329, 'symbol': 'DOGEUSDT', 'status': 'NEW', 'clientOrderId': 'YY5Vf3BpB4TC5cEcV9acmS', 'price': '0.074520', 'avgPrice': '0.00', 'origQty': '587', 'executedQty': '0', 'cumQty': '0', 'cumQuote': '0.000000', 'timeInForce': 'GTC', 'type': 'LIMIT', 'reduceOnly': False, 'closePosition': False, 'side': 'SELL', 'positionSide': 'BOTH', 'stopPrice': '0.000000', 'workingType': 'CONTRACT_PRICE', 'priceProtect': False, 'origType': 'LIMIT', 'updateTime': 1691157716272}
2023-08-04 14:01:56,787 {'orderId': 18124934337, 'symbol': 'ETCUSDT', 'status': 'NEW', 'clientOrderId': '9vAMK80inWcBVqdDkRadLD', 'price': '18.042', 'avgPrice': '0.00', 'origQty': '1.14', 'executedQty': '0.00', 'cumQty': '0.00', 'cumQuote': '0.00000', 'timeInForce': 'GTC', 'type': 'LIMIT', 'reduceOnly': False, 'closePosition': False, 'side': 'BUY', 'positionSide': 'BOTH', 'stopPrice': '0.000', 'workingType': 'CONTRACT_PRICE', 'priceProtect': False, 'origType': 'LIMIT', 'updateTime': 1691157716682}
2023-08-04 14:01:57,200 {'orderId': 9894750011, 'symbol': 'XMRUSDT', 'status': 'NEW', 'clientOrderId': 'rZN3rBoDXegE9wLCxwRs3e', 'price': '159.11', 'avgPrice': '0.00', 'origQty': '0.079', 'executedQty': '0.000', 'cumQty': '0.000', 'cumQuote': '0.00000', 'timeInForce': 'GTC', 'type': 'LIMIT', 'reduceOnly': False, 'closePosition': False, 'side': 'SELL', 'positionSide': 'BOTH', 'stopPrice': '0.00', 'workingType': 'CONTRACT_PRICE', 'priceProtect': False, 'origType': 'LIMIT', 'updateTime': 1691157717095}
2023-08-04 14:01:57,613 {'orderId': 25568904026, 'symbol': 'LTCUSDT', 'status': 'NEW', 'clientOrderId': 'hhPy8FH2ORjMqrXYQlXjAS', 'price': '83.58', 'avgPrice': '0.00', 'origQty': '0.133', 'executedQty': '0.000', 'cumQty': '0.000', 'cumQuote': '0.00000', 'timeInForce': 'GTC', 'type': 'LIMIT', 'reduceOnly': False, 'closePosition': False, 'side': 'SELL', 'positionSide': 'BOTH', 'stopPrice': '0.00', 'workingType': 'CONTRACT_PRICE', 'priceProtect': False, 'origType': 'LIMIT', 'updateTime': 1691157717509}
2023-08-04 14:01:58,025 {'orderId': 16510414705, 'symbol': 'ATOMUSDT', 'status': 'NEW', 'clientOrderId': 'ZBeNdEcVqnqxyoPFK6v3XL', 'price': '8.617', 'avgPrice': '0.00', 'origQty': '1.07', 'executedQty': '0.00', 'cumQty': '0.00', 'cumQuote': '0.00000', 'timeInForce': 'GTC', 'type': 'LIMIT', 'reduceOnly': False, 'closePosition': False, 'side': 'BUY', 'positionSide': 'BOTH', 'stopPrice': '0.000', 'workingType': 'CONTRACT_PRICE', 'priceProtect': False, 'origType': 'LIMIT', 'updateTime': 1691157717921}
2023-08-04 14:01:58,436 {'orderId': 19515563861, 'symbol': 'DOTUSDT', 'status': 'NEW', 'clientOrderId': 'Aj0Nld6xkZpjpqGNr4JQ95', 'price': '5.014', 'avgPrice': '0.00', 'origQty': '1.0', 'executedQty': '0.0', 'cumQty': '0.0', 'cumQuote': '0.0000', 'timeInForce': 'GTC', 'type': 'LIMIT', 'reduceOnly': False, 'closePosition': False, 'side': 'BUY', 'positionSide': 'BOTH', 'stopPrice': '0.000', 'workingType': 'CONTRACT_PRICE', 'priceProtect': False, 'origType': 'LIMIT', 'updateTime': 1691157718333}
2023-08-04 14:02:01,593 update 1/5: filled 0 / 6 () | working 6 / 6 (-DOGEUSDT,+ETCUSDT,-XMRUSDT,-LTCUSDT,+ATOMUSDT,+DOTUSDT)
2023-08-04 14:02:04,594 -DOGEUSDT: bp17.0|+ETCUSDT: bp11.0|-XMRUSDT: bp12.0|-LTCUSDT: bp17.0|+ATOMUSDT: bp10.0|+DOTUSDT: bp12.0|
2023-08-04 14:02:07,145 update 2/5: filled 0 / 6 () | working 6 / 6 (-DOGEUSDT,+ETCUSDT,-XMRUSDT,-LTCUSDT,+ATOMUSDT,+DOTUSDT)
2023-08-04 14:02:10,146 -DOGEUSDT: bp13.0|+ETCUSDT: bp11.0|-XMRUSDT: bp12.0|-LTCUSDT: bp17.0|+ATOMUSDT: bp9.0|+DOTUSDT: bp10.0|
2023-08-04 14:02:12,610 update 3/5: filled 0 / 6 () | working 6 / 6 (-DOGEUSDT,+ETCUSDT,-XMRUSDT,-LTCUSDT,+ATOMUSDT,+DOTUSDT)
2023-08-04 14:02:15,611 -DOGEUSDT: bp16.0|+ETCUSDT: bp11.0|-XMRUSDT: bp12.0|-LTCUSDT: bp17.0|+ATOMUSDT: bp10.0|+DOTUSDT: bp10.0|
2023-08-04 14:02:18,078 update 4/5: filled 0 / 6 () | working 6 / 6 (-DOGEUSDT,+ETCUSDT,-XMRUSDT,-LTCUSDT,+ATOMUSDT,+DOTUSDT)
2023-08-04 14:02:21,079 -DOGEUSDT: bp19.0|+ETCUSDT: bp9.0|-XMRUSDT: bp12.0|-LTCUSDT: bp19.0|+ATOMUSDT: bp5.0|+DOTUSDT: bp6.0|
2023-08-04 14:02:23,548 update 5/5: filled 0 / 6 () | working 6 / 6 (-DOGEUSDT,+ETCUSDT,-XMRUSDT,-LTCUSDT,+ATOMUSDT,+DOTUSDT)
2023-08-04 14:02:26,549 -DOGEUSDT: bp20.0|+ETCUSDT: bp8.0|-XMRUSDT: bp12.0|-LTCUSDT: bp22.0|+ATOMUSDT: bp5.0|+DOTUSDT: bp8.0|
2023-08-04 14:02:26,549 Adjustment limit #1 ... 
 we cancel current orders and replace
2023-08-04 14:02:26,549 @+/-5.999999999999999bp limit 
2023-08-04 14:02:26,549 binance_cancel_and_replace_orders_peg 20230804_140226
2023-08-04 14:02:30,273 binance_place_orders_peg 20230804_140230
2023-08-04 14:02:30,685 {'orderId': 31610903291, 'symbol': 'DOGEUSDT', 'status': 'NEW', 'clientOrderId': '3x6zneEkeGXCrJIS0JRqk4', 'price': '0.074390', 'avgPrice': '0.00', 'origQty': '587', 'executedQty': '0', 'cumQty': '0', 'cumQuote': '0.000000', 'timeInForce': 'GTC', 'type': 'LIMIT', 'reduceOnly': False, 'closePosition': False, 'side': 'SELL', 'positionSide': 'BOTH', 'stopPrice': '0.000000', 'workingType': 'CONTRACT_PRICE', 'priceProtect': False, 'origType': 'LIMIT', 'updateTime': 1691157750580}
2023-08-04 14:02:31,096 {'orderId': 18124939433, 'symbol': 'ETCUSDT', 'status': 'NEW', 'clientOrderId': 'fM9cnOdx6xQXA4MX7h4oVL', 'price': '18.042', 'avgPrice': '0.00', 'origQty': '1.14', 'executedQty': '0.00', 'cumQty': '0.00', 'cumQuote': '0.00000', 'timeInForce': 'GTC', 'type': 'LIMIT', 'reduceOnly': False, 'closePosition': False, 'side': 'BUY', 'positionSide': 'BOTH', 'stopPrice': '0.000', 'workingType': 'CONTRACT_PRICE', 'priceProtect': False, 'origType': 'LIMIT', 'updateTime': 1691157750991}
2023-08-04 14:02:31,509 {'orderId': 9894751287, 'symbol': 'XMRUSDT', 'status': 'NEW', 'clientOrderId': 'nVSuNn5gh5xW4q01VjbUup', 'price': '158.99', 'avgPrice': '0.00', 'origQty': '0.079', 'executedQty': '0.000', 'cumQty': '0.000', 'cumQuote': '0.00000', 'timeInForce': 'GTC', 'type': 'LIMIT', 'reduceOnly': False, 'closePosition': False, 'side': 'SELL', 'positionSide': 'BOTH', 'stopPrice': '0.00', 'workingType': 'CONTRACT_PRICE', 'priceProtect': False, 'origType': 'LIMIT', 'updateTime': 1691157751404}
2023-08-04 14:02:31,922 {'orderId': 25568921513, 'symbol': 'LTCUSDT', 'status': 'NEW', 'clientOrderId': 'PRQ2J8gp4WfKHFMxkNbHy9', 'price': '83.44', 'avgPrice': '0.00', 'origQty': '0.133', 'executedQty': '0.000', 'cumQty': '0.000', 'cumQuote': '0.00000', 'timeInForce': 'GTC', 'type': 'LIMIT', 'reduceOnly': False, 'closePosition': False, 'side': 'SELL', 'positionSide': 'BOTH', 'stopPrice': '0.00', 'workingType': 'CONTRACT_PRICE', 'priceProtect': False, 'origType': 'LIMIT', 'updateTime': 1691157751817}
2023-08-04 14:02:32,335 {'orderId': 16510417936, 'symbol': 'ATOMUSDT', 'status': 'NEW', 'clientOrderId': 'U6sSfqp7gTFPiLtRZooEDg', 'price': '8.611', 'avgPrice': '0.00', 'origQty': '1.07', 'executedQty': '0.00', 'cumQty': '0.00', 'cumQuote': '0.00000', 'timeInForce': 'GTC', 'type': 'LIMIT', 'reduceOnly': False, 'closePosition': False, 'side': 'BUY', 'positionSide': 'BOTH', 'stopPrice': '0.000', 'workingType': 'CONTRACT_PRICE', 'priceProtect': False, 'origType': 'LIMIT', 'updateTime': 1691157752230}
2023-08-04 14:02:32,746 {'orderId': 19515567700, 'symbol': 'DOTUSDT', 'status': 'NEW', 'clientOrderId': 'cSKQq2hksbbFHRQsO64uyB', 'price': '5.013', 'avgPrice': '0.00', 'origQty': '1.0', 'executedQty': '0.0', 'cumQty': '0.0', 'cumQuote': '0.0000', 'timeInForce': 'GTC', 'type': 'LIMIT', 'reduceOnly': False, 'closePosition': False, 'side': 'BUY', 'positionSide': 'BOTH', 'stopPrice': '0.000', 'workingType': 'CONTRACT_PRICE', 'priceProtect': False, 'origType': 'LIMIT', 'updateTime': 1691157752642}
2023-08-04 14:02:35,218 update 1/5: filled 0 / 6 () | working 6 / 6 (-DOGEUSDT,+ETCUSDT,-XMRUSDT,-LTCUSDT,+ATOMUSDT,+DOTUSDT)
2023-08-04 14:02:38,218 -DOGEUSDT: bp8.0|+ETCUSDT: bp6.0|-XMRUSDT: bp7.0|-LTCUSDT: bp7.0|+ATOMUSDT: bp6.0|+DOTUSDT: bp6.0|
2023-08-04 14:02:40,685 update 2/5: filled 0 / 6 () | working 6 / 6 (-DOGEUSDT,+ETCUSDT,-XMRUSDT,-LTCUSDT,+ATOMUSDT,+DOTUSDT)
2023-08-04 14:02:43,686 -DOGEUSDT: bp11.0|+ETCUSDT: bp6.0|-XMRUSDT: bp9.0|-LTCUSDT: bp12.0|+ATOMUSDT: bp3.0|+DOTUSDT: bp4.0|
2023-08-04 14:02:46,154 update 3/5: filled 0 / 6 () | working 6 / 6 (-DOGEUSDT,+ETCUSDT,-XMRUSDT,-LTCUSDT,+ATOMUSDT,+DOTUSDT)
2023-08-04 14:02:49,155 -DOGEUSDT: bp9.0|+ETCUSDT: bp6.0|-XMRUSDT: bp8.0|-LTCUSDT: bp11.0|+ATOMUSDT: bp2.0|+DOTUSDT: bp4.0|
2023-08-04 14:02:51,620 update 4/5: filled 1 / 6 (+ATOMUSDT) | working 5 / 6 (-DOGEUSDT,+ETCUSDT,-XMRUSDT,-LTCUSDT,+DOTUSDT)
2023-08-04 14:02:54,621 -DOGEUSDT: bp8.0|+ETCUSDT: bp6.0|-XMRUSDT: bp8.0|-LTCUSDT: bp11.0|+DOTUSDT: bp6.0|
2023-08-04 14:02:57,091 update 5/5: filled 1 / 6 (+ATOMUSDT) | working 5 / 6 (-DOGEUSDT,+ETCUSDT,-XMRUSDT,-LTCUSDT,+DOTUSDT)
2023-08-04 14:03:00,092 -DOGEUSDT: bp8.0|+ETCUSDT: bp5.0|-XMRUSDT: bp8.0|-LTCUSDT: bp12.0|+DOTUSDT: bp4.0|
2023-08-04 14:03:00,092 Adjustment limit #2 ... 
 we cancel current orders and replace
2023-08-04 14:03:00,092 @+/-2.9999999999999996bp limit 
2023-08-04 14:03:00,093 binance_cancel_and_replace_orders_peg 20230804_140300
2023-08-04 14:03:03,807 binance_place_orders_peg 20230804_140303
2023-08-04 14:03:04,220 {'orderId': 31610925546, 'symbol': 'DOGEUSDT', 'status': 'NEW', 'clientOrderId': 't6FWYa9sZTmL5z2RED2POF', 'price': '0.074350', 'avgPrice': '0.00', 'origQty': '587', 'executedQty': '0', 'cumQty': '0', 'cumQuote': '0.000000', 'timeInForce': 'GTC', 'type': 'LIMIT', 'reduceOnly': False, 'closePosition': False, 'side': 'SELL', 'positionSide': 'BOTH', 'stopPrice': '0.000000', 'workingType': 'CONTRACT_PRICE', 'priceProtect': False, 'origType': 'LIMIT', 'updateTime': 1691157784114}
2023-08-04 14:03:04,632 {'orderId': 18124943610, 'symbol': 'ETCUSDT', 'status': 'NEW', 'clientOrderId': 'NHOR4RRZkNcoXrLP8OMjcJ', 'price': '18.047', 'avgPrice': '0.00', 'origQty': '1.14', 'executedQty': '0.00', 'cumQty': '0.00', 'cumQuote': '0.00000', 'timeInForce': 'GTC', 'type': 'LIMIT', 'reduceOnly': False, 'closePosition': False, 'side': 'BUY', 'positionSide': 'BOTH', 'stopPrice': '0.000', 'workingType': 'CONTRACT_PRICE', 'priceProtect': False, 'origType': 'LIMIT', 'updateTime': 1691157784527}
2023-08-04 14:03:05,045 {'orderId': 9894752666, 'symbol': 'XMRUSDT', 'status': 'NEW', 'clientOrderId': 'RMgiIbrdj0BvSUkyCTmPNR', 'price': '158.90', 'avgPrice': '0.00', 'origQty': '0.079', 'executedQty': '0.000', 'cumQty': '0.000', 'cumQuote': '0.00000', 'timeInForce': 'GTC', 'type': 'LIMIT', 'reduceOnly': False, 'closePosition': False, 'side': 'SELL', 'positionSide': 'BOTH', 'stopPrice': '0.00', 'workingType': 'CONTRACT_PRICE', 'priceProtect': False, 'origType': 'LIMIT', 'updateTime': 1691157784940}
2023-08-04 14:03:05,457 {'orderId': 25568938364, 'symbol': 'LTCUSDT', 'status': 'NEW', 'clientOrderId': '1aEdDPy2d64VoaIzJYiQdq', 'price': '83.35', 'avgPrice': '0.00', 'origQty': '0.133', 'executedQty': '0.000', 'cumQty': '0.000', 'cumQuote': '0.00000', 'timeInForce': 'GTC', 'type': 'LIMIT', 'reduceOnly': False, 'closePosition': False, 'side': 'SELL', 'positionSide': 'BOTH', 'stopPrice': '0.00', 'workingType': 'CONTRACT_PRICE', 'priceProtect': False, 'origType': 'LIMIT', 'updateTime': 1691157785352}
2023-08-04 14:03:05,870 {'orderId': 19515572408, 'symbol': 'DOTUSDT', 'status': 'NEW', 'clientOrderId': 'Kp5EIyMm2USKHMiTvgUdAb', 'price': '5.012', 'avgPrice': '0.00', 'origQty': '1.0', 'executedQty': '0.0', 'cumQty': '0.0', 'cumQuote': '0.0000', 'timeInForce': 'GTC', 'type': 'LIMIT', 'reduceOnly': False, 'closePosition': False, 'side': 'BUY', 'positionSide': 'BOTH', 'stopPrice': '0.000', 'workingType': 'CONTRACT_PRICE', 'priceProtect': False, 'origType': 'LIMIT', 'updateTime': 1691157785764}
2023-08-04 14:03:08,433 update 1/5: filled 1 / 6 (+ATOMUSDT) | working 5 / 6 (-DOGEUSDT,+ETCUSDT,-XMRUSDT,-LTCUSDT,+DOTUSDT)
2023-08-04 14:03:11,434 -DOGEUSDT: bp4.0|+ETCUSDT: bp3.0|-XMRUSDT: bp5.0|-LTCUSDT: bp2.0|+DOTUSDT: bp4.0|
2023-08-04 14:03:13,904 update 2/5: filled 2 / 6 (+ATOMUSDT,-LTCUSDT) | working 4 / 6 (-DOGEUSDT,+ETCUSDT,-XMRUSDT,+DOTUSDT)
2023-08-04 14:03:16,904 -DOGEUSDT: bp5.0|+ETCUSDT: bp3.0|-XMRUSDT: bp4.0|+DOTUSDT: bp6.0|
2023-08-04 14:03:19,374 update 3/5: filled 2 / 6 (+ATOMUSDT,-LTCUSDT) | working 4 / 6 (-DOGEUSDT,+ETCUSDT,-XMRUSDT,+DOTUSDT)
2023-08-04 14:03:22,375 -DOGEUSDT: bp7.0|+ETCUSDT: bp3.0|-XMRUSDT: bp3.0|+DOTUSDT: bp4.0|
2023-08-04 14:03:24,838 update 4/5: filled 2 / 6 (+ATOMUSDT,-LTCUSDT) | working 4 / 6 (-DOGEUSDT,+ETCUSDT,-XMRUSDT,+DOTUSDT)
2023-08-04 14:03:27,839 -DOGEUSDT: bp8.0|+ETCUSDT: bp2.0|-XMRUSDT: bp5.0|+DOTUSDT: bp4.0|
2023-08-04 14:03:30,309 update 5/5: filled 2 / 6 (+ATOMUSDT,-LTCUSDT) | working 4 / 6 (-DOGEUSDT,+ETCUSDT,-XMRUSDT,+DOTUSDT)
2023-08-04 14:03:33,310 -DOGEUSDT: bp9.0|+ETCUSDT: bp2.0|-XMRUSDT: bp6.0|+DOTUSDT: bp2.0|
2023-08-04 14:03:33,310 Adjustment limit #3 ... 
 we cancel current orders and replace
2023-08-04 14:03:33,310 @+/-1.4999999999999998bp limit 
2023-08-04 14:03:33,310 binance_cancel_and_replace_orders_peg 20230804_140333
2023-08-04 14:03:37,018 binance_place_orders_peg 20230804_140337
2023-08-04 14:03:37,430 {'orderId': 31610955494, 'symbol': 'DOGEUSDT', 'status': 'NEW', 'clientOrderId': 'nQjkM2YlXum2dq9CblDkV0', 'price': '0.074280', 'avgPrice': '0.00', 'origQty': '587', 'executedQty': '0', 'cumQty': '0', 'cumQuote': '0.000000', 'timeInForce': 'GTC', 'type': 'LIMIT', 'reduceOnly': False, 'closePosition': False, 'side': 'SELL', 'positionSide': 'BOTH', 'stopPrice': '0.000000', 'workingType': 'CONTRACT_PRICE', 'priceProtect': False, 'origType': 'LIMIT', 'updateTime': 1691157817325}
2023-08-04 14:03:37,845 {'orderId': 18124947944, 'symbol': 'ETCUSDT', 'status': 'NEW', 'clientOrderId': '8dqFqmt0wmsMtkztiKzCTs', 'price': '18.047', 'avgPrice': '0.00', 'origQty': '1.14', 'executedQty': '0.00', 'cumQty': '0.00', 'cumQuote': '0.00000', 'timeInForce': 'GTC', 'type': 'LIMIT', 'reduceOnly': False, 'closePosition': False, 'side': 'BUY', 'positionSide': 'BOTH', 'stopPrice': '0.000', 'workingType': 'CONTRACT_PRICE', 'priceProtect': False, 'origType': 'LIMIT', 'updateTime': 1691157817739}
2023-08-04 14:03:38,256 {'orderId': 9894754568, 'symbol': 'XMRUSDT', 'status': 'NEW', 'clientOrderId': 'rTVcEwWFzc4HqhoCeyLuS0', 'price': '158.84', 'avgPrice': '0.00', 'origQty': '0.079', 'executedQty': '0.000', 'cumQty': '0.000', 'cumQuote': '0.00000', 'timeInForce': 'GTC', 'type': 'LIMIT', 'reduceOnly': False, 'closePosition': False, 'side': 'SELL', 'positionSide': 'BOTH', 'stopPrice': '0.00', 'workingType': 'CONTRACT_PRICE', 'priceProtect': False, 'origType': 'LIMIT', 'updateTime': 1691157818151}
2023-08-04 14:03:38,667 {'orderId': 19515577007, 'symbol': 'DOTUSDT', 'status': 'NEW', 'clientOrderId': 'Koa7t7FEz4IncOY3KZdz5R', 'price': '5.012', 'avgPrice': '0.00', 'origQty': '1.0', 'executedQty': '0.0', 'cumQty': '0.0', 'cumQuote': '0.0000', 'timeInForce': 'GTC', 'type': 'LIMIT', 'reduceOnly': False, 'closePosition': False, 'side': 'BUY', 'positionSide': 'BOTH', 'stopPrice': '0.000', 'workingType': 'CONTRACT_PRICE', 'priceProtect': False, 'origType': 'LIMIT', 'updateTime': 1691157818562}
2023-08-04 14:03:41,135 update 1/5: filled 2 / 6 (+ATOMUSDT,-LTCUSDT) | working 4 / 6 (-DOGEUSDT,+ETCUSDT,-XMRUSDT,+DOTUSDT)
2023-08-04 14:03:44,136 -DOGEUSDT: bp1.0|+ETCUSDT: bp2.0|-XMRUSDT: bp1.0|+DOTUSDT: bp2.0|
2023-08-04 14:03:46,603 update 2/5: filled 3 / 6 (+ATOMUSDT,-LTCUSDT,-DOGEUSDT) | working 3 / 6 (+ETCUSDT,-XMRUSDT,+DOTUSDT)
2023-08-04 14:03:49,604 +ETCUSDT: bp4.0|-XMRUSDT: bp1.0|+DOTUSDT: bp6.0|
2023-08-04 14:03:52,072 update 3/5: filled 4 / 6 (+ATOMUSDT,-LTCUSDT,-DOGEUSDT,+ETCUSDT) | working 2 / 6 (-XMRUSDT,+DOTUSDT)
2023-08-04 14:03:55,073 -XMRUSDT: bp1.0|+DOTUSDT: bp2.0|
2023-08-04 14:03:57,541 update 4/5: filled 4 / 6 (+ATOMUSDT,-LTCUSDT,-DOGEUSDT,+ETCUSDT) | working 2 / 6 (-XMRUSDT,+DOTUSDT)
2023-08-04 14:04:00,542 -XMRUSDT: bp1.0|+DOTUSDT: bp2.0|
2023-08-04 14:04:03,009 update 5/5: filled 4 / 6 (+ATOMUSDT,-LTCUSDT,-DOGEUSDT,+ETCUSDT) | working 2 / 6 (-XMRUSDT,+DOTUSDT)
2023-08-04 14:04:06,010 -XMRUSDT: bp1.0|+DOTUSDT: bp2.0|
2023-08-04 14:04:06,010 Adjustment limit #4 ... 
 we cancel current orders and replace
2023-08-04 14:04:06,010 @+/-0.7499999999999999bp limit 
2023-08-04 14:04:06,010 binance_cancel_and_replace_orders_peg 20230804_140406
2023-08-04 14:04:09,731 binance_place_orders_peg 20230804_140409
2023-08-04 14:04:10,145 {'orderId': 9894755947, 'symbol': 'XMRUSDT', 'status': 'NEW', 'clientOrderId': '0K6CcRd7AM1wuU7r9dzraC', 'price': '158.84', 'avgPrice': '0.00', 'origQty': '0.079', 'executedQty': '0.000', 'cumQty': '0.000', 'cumQuote': '0.00000', 'timeInForce': 'GTC', 'type': 'LIMIT', 'reduceOnly': False, 'closePosition': False, 'side': 'SELL', 'positionSide': 'BOTH', 'stopPrice': '0.00', 'workingType': 'CONTRACT_PRICE', 'priceProtect': False, 'origType': 'LIMIT', 'updateTime': 1691157850040}
2023-08-04 14:04:10,557 {'orderId': 19515580930, 'symbol': 'DOTUSDT', 'status': 'NEW', 'clientOrderId': 'lRS8PFn8Z4vw9KMNhYWJgP', 'price': '5.013', 'avgPrice': '0.00', 'origQty': '1.0', 'executedQty': '0.0', 'cumQty': '0.0', 'cumQuote': '0.0000', 'timeInForce': 'GTC', 'type': 'LIMIT', 'reduceOnly': False, 'closePosition': False, 'side': 'BUY', 'positionSide': 'BOTH', 'stopPrice': '0.000', 'workingType': 'CONTRACT_PRICE', 'priceProtect': False, 'origType': 'LIMIT', 'updateTime': 1691157850452}
2023-08-04 14:04:13,022 update 1/5: filled 5 / 6 (+ATOMUSDT,-LTCUSDT,-DOGEUSDT,+ETCUSDT,+DOTUSDT) | working 1 / 6 (-XMRUSDT)
2023-08-04 14:04:16,023 -XMRUSDT: bp1.0|
2023-08-04 14:04:18,494 update 2/5: filled 5 / 6 (+ATOMUSDT,-LTCUSDT,-DOGEUSDT,+ETCUSDT,+DOTUSDT) | working 1 / 6 (-XMRUSDT)
2023-08-04 14:04:21,495 -XMRUSDT: bp1.0|
2023-08-04 14:04:23,963 update 3/5: filled 5 / 6 (+ATOMUSDT,-LTCUSDT,-DOGEUSDT,+ETCUSDT,+DOTUSDT) | working 1 / 6 (-XMRUSDT)
2023-08-04 14:04:26,964 -XMRUSDT: bp8.0|
2023-08-04 14:04:29,430 update 4/5: filled 5 / 6 (+ATOMUSDT,-LTCUSDT,-DOGEUSDT,+ETCUSDT,+DOTUSDT) | working 1 / 6 (-XMRUSDT)
2023-08-04 14:04:32,431 -XMRUSDT: bp11.0|
2023-08-04 14:04:34,896 update 5/5: filled 5 / 6 (+ATOMUSDT,-LTCUSDT,-DOGEUSDT,+ETCUSDT,+DOTUSDT) | working 1 / 6 (-XMRUSDT)
2023-08-04 14:04:37,897 -XMRUSDT: bp11.0|
2023-08-04 14:04:37,897 Adjustment limit #5 ... 
 we cancel current orders and replace
2023-08-04 14:04:37,897 @+/-0.37499999999999994bp limit 
2023-08-04 14:04:37,897 binance_cancel_and_replace_orders_peg 20230804_140437
2023-08-04 14:04:41,605 binance_place_orders_peg 20230804_140441
2023-08-04 14:04:42,017 {'orderId': 9894759131, 'symbol': 'XMRUSDT', 'status': 'NEW', 'clientOrderId': '33bqHbaUPfuHg6ZNCt3oy7', 'price': '158.70', 'avgPrice': '0.00', 'origQty': '0.079', 'executedQty': '0.000', 'cumQty': '0.000', 'cumQuote': '0.00000', 'timeInForce': 'GTC', 'type': 'LIMIT', 'reduceOnly': False, 'closePosition': False, 'side': 'SELL', 'positionSide': 'BOTH', 'stopPrice': '0.00', 'workingType': 'CONTRACT_PRICE', 'priceProtect': False, 'origType': 'LIMIT', 'updateTime': 1691157881911}
2023-08-04 14:04:44,485 update 1/5: filled 5 / 6 (+ATOMUSDT,-LTCUSDT,-DOGEUSDT,+ETCUSDT,+DOTUSDT) | working 1 / 6 (-XMRUSDT)
2023-08-04 14:04:47,486 -XMRUSDT: bp3.0|
2023-08-04 14:04:49,953 update 2/5: filled 5 / 6 (+ATOMUSDT,-LTCUSDT,-DOGEUSDT,+ETCUSDT,+DOTUSDT) | working 1 / 6 (-XMRUSDT)
2023-08-04 14:04:52,954 -XMRUSDT: bp1.0|
2023-08-04 14:04:55,421 update 3/5: filled 5 / 6 (+ATOMUSDT,-LTCUSDT,-DOGEUSDT,+ETCUSDT,+DOTUSDT) | working 1 / 6 (-XMRUSDT)
2023-08-04 14:04:58,422 -XMRUSDT: bp1.0|
2023-08-04 14:05:00,887 update 4/5: filled 5 / 6 (+ATOMUSDT,-LTCUSDT,-DOGEUSDT,+ETCUSDT,+DOTUSDT) | working 1 / 6 (-XMRUSDT)
2023-08-04 14:05:03,888 -XMRUSDT: bp4.0|
2023-08-04 14:05:06,444 update 5/5: filled 5 / 6 (+ATOMUSDT,-LTCUSDT,-DOGEUSDT,+ETCUSDT,+DOTUSDT) | working 1 / 6 (-XMRUSDT)
2023-08-04 14:05:09,445 -XMRUSDT: bp1.0|
2023-08-04 14:05:09,445 Adjustment limit #6 ... 
 we cancel current orders and replace
2023-08-04 14:05:09,445 @+/-0.18749999999999997bp limit 
2023-08-04 14:05:09,445 binance_cancel_and_replace_orders_peg 20230804_140509
2023-08-04 14:05:13,156 binance_place_orders_peg 20230804_140513
2023-08-04 14:05:15,627 update 1/5: filled 6 / 6 (+ATOMUSDT,-LTCUSDT,-DOGEUSDT,+ETCUSDT,+DOTUSDT,-XMRUSDT) | working 0 / 6 ()
