2024-01-04 23:30:44,685
ON program started 20240104 23:30:44,
US time: 20240104 18:30:44
2024-01-04 23:30:44,958
the strat is currently running @ 04-01-2024 and the target positions is SHORT
2024-01-04 23:30:46,796
CURRENT STATUS IS SHORT, WE CHECK IF THE DAY IS A NEGATIVE ONE
-----
return before 14h30:
BTCUSDT+2.08%, ETHUSDT+1.60%, XRPUSDT+0.46%
-----
target alloc initial:BTCUSDT-4.17%, ETHUSDT+0.00%, XRPUSDT-4.17%
-----
alloc target x rt%<0:BTCUSDT-0.00%, ETHUSDT+0.00%, XRPUSDT-0.00%
-----
           BTCUSDT ETHUSDT XRPUSDT
w_target     -4.2%    0.0%   -4.2%
rt_14h30     0.02%   0.02%   0.00%
w_target_f   -0.0%    0.0%   -0.0%
2024-01-04 23:30:46,797
Portfolio was rebalanced less than 2 hours ago, 1.0 hours ago
2024-01-04 23:30:46,801
Status: prev = SHORT <> LONG = target
2024-01-04 23:30:46,801
the strat is currently running @ 04-01-2024 and the target positions is SHORT
the strat was previously run @ 2024-01-04 22:31:21 UTC, success:yes 
   and the current positions is LONG
2024-01-04 23:30:47,425
positions_future #2
2024-01-04 23:30:47,441
      symbol  positionAmt entryPrice  ... adlQuantile AUMs_account        w%
111  XRPUSDT       81.500     0.5886  ...           1        290.0  0.165251
139  ETHUSDT        0.021    2288.22  ...           1        290.0  0.164801

[2 rows x 12 columns]
2024-01-04 23:30:47,689
------------------------------
binance_account_balance
2024-01-04 23:30:47,689
  asset    balance  ...  marginAvailable   updateTime
5  USDT  290.33198  ...             True  04Jan-19:31

[1 rows x 8 columns]
2024-01-04 23:30:48,370
------------------------------
open_orders
2024-01-04 23:30:48,371
Empty DataFrame
Columns: []
Index: []
2024-01-04 23:30:49,458
------------------------------
AUMS account:290

2024-01-04 23:30:49,460
--------------- compute_futures_order_book() ----------------
2024-01-04 23:30:51,260
----------------------------------------------------------------------
#2 order(s) to place
gross$: 96$ | net$: -96$
gross%: 33% | net%: -33%
 || w>0%  +0% | w<0%  -33%
----------------------------------------------------------------------
PTF Expo% 33.1% >> 0.0% (current>>target)
PTF expo $96.0 >> $0 (current>>target)
----------------------------------------------------------------------
2024-01-04 23:30:51,262
orders_ofthe_day
2024-01-04 23:30:51,262
                  ptf_usd  target_usd  totrd_usd  ...       bid        ask strategy
2024-01-04 23:30                                  ...                              
XRPUSDT              48.0        -0.0      -48.0  ...     0.588     0.5881  STRATON
ETHUSDT              48.0         0.0      -48.0  ...  2276.080  2276.0900  STRATON

[2 rows x 10 columns]
2024-01-04 23:30:52,694
binance_place_orders_peg 20240104_233052
2024-01-04 23:30:53,134
{'orderId': 47927052499, 'symbol': 'XRPUSDT', 'status': 'NEW', 'clientOrderId': 'STRATON', 'price': '0.5884', 'avgPrice': '0.00', 'origQty': '81.5', 'executedQty': '0.0', 'cumQty': '0.0', 'cumQuote': '0.00000', 'timeInForce': 'GTC', 'type': 'LIMIT', 'reduceOnly': False, 'closePosition': False, 'side': 'SELL', 'positionSide': 'BOTH', 'stopPrice': '0.0000', 'workingType': 'CONTRACT_PRICE', 'priceProtect': False, 'origType': 'LIMIT', 'priceMatch': 'NONE', 'selfTradePreventionMode': 'NONE', 'goodTillDate': 0, 'updateTime': 1704411053025}
2024-01-04 23:30:53,584
{'orderId': 8389765640526748092, 'symbol': 'ETHUSDT', 'status': 'NEW', 'clientOrderId': 'STRATON', 'price': '2277.23', 'avgPrice': '0.00', 'origQty': '0.021', 'executedQty': '0.000', 'cumQty': '0.000', 'cumQuote': '0.00000', 'timeInForce': 'GTC', 'type': 'LIMIT', 'reduceOnly': False, 'closePosition': False, 'side': 'SELL', 'positionSide': 'BOTH', 'stopPrice': '0.00', 'workingType': 'CONTRACT_PRICE', 'priceProtect': False, 'origType': 'LIMIT', 'priceMatch': 'NONE', 'selfTradePreventionMode': 'NONE', 'goodTillDate': 0, 'updateTime': 1704411053474}
2024-01-04 23:30:54,555
update 0: filled 0 / 2 () | working 2 / 2 (-XRPUSDT,-ETHUSDT)
2024-01-04 23:30:58,556
-XRPUSDT: bp5.0|-ETHUSDT: bp5.0|
2024-01-04 23:30:59,444
update 1: filled 0 / 2 () | working 2 / 2 (-XRPUSDT,-ETHUSDT)
2024-01-04 23:31:03,445
-XRPUSDT: bp7.0|-ETHUSDT: bp7.0|
2024-01-04 23:31:04,356
update 2: filled 0 / 2 () | working 2 / 2 (-XRPUSDT,-ETHUSDT)
2024-01-04 23:31:08,357
-XRPUSDT: bp9.0|-ETHUSDT: bp7.0|
2024-01-04 23:31:09,266
update 3: filled 0 / 2 () | working 2 / 2 (-XRPUSDT,-ETHUSDT)
2024-01-04 23:31:13,267
-XRPUSDT: bp10.0|-ETHUSDT: bp8.0|
2024-01-04 23:31:14,173
update 4: filled 0 / 2 () | working 2 / 2 (-XRPUSDT,-ETHUSDT)
2024-01-04 23:31:18,174
-XRPUSDT: bp12.0|-ETHUSDT: bp14.0|
2024-01-04 23:31:19,061
update 5: filled 0 / 2 () | working 2 / 2 (-XRPUSDT,-ETHUSDT)
2024-01-04 23:31:23,062
-XRPUSDT: bp14.0|-ETHUSDT: bp14.0|
2024-01-04 23:31:23,963
update 6: filled 0 / 2 () | working 2 / 2 (-XRPUSDT,-ETHUSDT)
2024-01-04 23:31:27,964
-XRPUSDT: bp14.0|-ETHUSDT: bp14.0|
2024-01-04 23:31:28,855
update 7: filled 0 / 2 () | working 2 / 2 (-XRPUSDT,-ETHUSDT)
2024-01-04 23:31:32,856
-XRPUSDT: bp19.0|-ETHUSDT: bp17.0|
2024-01-04 23:31:33,760
update 8: filled 0 / 2 () | working 2 / 2 (-XRPUSDT,-ETHUSDT)
2024-01-04 23:31:37,761
-XRPUSDT: bp22.0|-ETHUSDT: bp18.0|
2024-01-04 23:31:38,657
update 9: filled 0 / 2 () | working 2 / 2 (-XRPUSDT,-ETHUSDT)
2024-01-04 23:31:42,658
-XRPUSDT: bp20.0|-ETHUSDT: bp19.0|
2024-01-04 23:31:43,557
update 10: filled 0 / 2 () | working 2 / 2 (-XRPUSDT,-ETHUSDT)
2024-01-04 23:31:47,557
-XRPUSDT: bp20.0|-ETHUSDT: bp17.0|
2024-01-04 23:31:48,449
update 11: filled 0 / 2 () | working 2 / 2 (-XRPUSDT,-ETHUSDT)
2024-01-04 23:31:52,450
-XRPUSDT: bp19.0|-ETHUSDT: bp17.0|
2024-01-04 23:31:53,349
update 12: filled 0 / 2 () | working 2 / 2 (-XRPUSDT,-ETHUSDT)
2024-01-04 23:31:57,349
-XRPUSDT: bp22.0|-ETHUSDT: bp18.0|
2024-01-04 23:31:58,239
update 13: filled 0 / 2 () | working 2 / 2 (-XRPUSDT,-ETHUSDT)
2024-01-04 23:32:02,240
-XRPUSDT: bp22.0|-ETHUSDT: bp19.0|
2024-01-04 23:32:03,172
update 14: filled 0 / 2 () | working 2 / 2 (-XRPUSDT,-ETHUSDT)
2024-01-04 23:32:07,173
-XRPUSDT: bp22.0|-ETHUSDT: bp19.0|
2024-01-04 23:32:07,173
Adjustment limit #1 ... 
 we cancel current orders and replace
2024-01-04 23:32:07,173
@+/-2.5bp limit 
2024-01-04 23:32:07,173
binance_cancel_and_replace_orders_peg 20240104_233207
2024-01-04 23:32:09,427
binance_place_orders_peg 20240104_233209
2024-01-04 23:32:10,714
{'orderId': 47927096461, 'symbol': 'XRPUSDT', 'status': 'NEW', 'clientOrderId': 'STRATON', 'price': '0.5874', 'avgPrice': '0.00', 'origQty': '81.5', 'executedQty': '0.0', 'cumQty': '0.0', 'cumQuote': '0.00000', 'timeInForce': 'GTC', 'type': 'LIMIT', 'reduceOnly': False, 'closePosition': False, 'side': 'SELL', 'positionSide': 'BOTH', 'stopPrice': '0.0000', 'workingType': 'CONTRACT_PRICE', 'priceProtect': False, 'origType': 'LIMIT', 'priceMatch': 'NONE', 'selfTradePreventionMode': 'NONE', 'goodTillDate': 0, 'updateTime': 1704411130603}
2024-01-04 23:32:11,158
{'orderId': 8389765640526960910, 'symbol': 'ETHUSDT', 'status': 'NEW', 'clientOrderId': 'STRATON', 'price': '2273.52', 'avgPrice': '0.00', 'origQty': '0.021', 'executedQty': '0.000', 'cumQty': '0.000', 'cumQuote': '0.00000', 'timeInForce': 'GTC', 'type': 'LIMIT', 'reduceOnly': False, 'closePosition': False, 'side': 'SELL', 'positionSide': 'BOTH', 'stopPrice': '0.00', 'workingType': 'CONTRACT_PRICE', 'priceProtect': False, 'origType': 'LIMIT', 'priceMatch': 'NONE', 'selfTradePreventionMode': 'NONE', 'goodTillDate': 0, 'updateTime': 1704411131048}
2024-01-04 23:32:12,057
update 0: filled 0 / 2 () | working 2 / 2 (-XRPUSDT,-ETHUSDT)
2024-01-04 23:32:16,058
-XRPUSDT: bp3.0|-ETHUSDT: bp1.0|
2024-01-04 23:32:16,955
update 1: filled 0 / 2 () | working 2 / 2 (-XRPUSDT,-ETHUSDT)
2024-01-04 23:32:20,955
-XRPUSDT: bp2.0|-ETHUSDT: bp3.0|
2024-01-04 23:32:21,869
update 2: filled 0 / 2 () | working 2 / 2 (-XRPUSDT,-ETHUSDT)
2024-01-04 23:32:25,870
-XRPUSDT: bp3.0|-ETHUSDT: bp3.0|
2024-01-04 23:32:26,762
update 3: filled 0 / 2 () | working 2 / 2 (-XRPUSDT,-ETHUSDT)
2024-01-04 23:32:30,763
-XRPUSDT: bp3.0|-ETHUSDT: bp4.0|
2024-01-04 23:32:31,672
update 4: filled 0 / 2 () | working 2 / 2 (-XRPUSDT,-ETHUSDT)
2024-01-04 23:32:35,673
-XRPUSDT: bp2.0|-ETHUSDT: bp4.0|
2024-01-04 23:32:36,580
update 5: filled 0 / 2 () | working 2 / 2 (-XRPUSDT,-ETHUSDT)
2024-01-04 23:32:40,581
-XRPUSDT: bp3.0|-ETHUSDT: bp5.0|
2024-01-04 23:32:41,492
update 6: filled 0 / 2 () | working 2 / 2 (-XRPUSDT,-ETHUSDT)
2024-01-04 23:32:45,493
-XRPUSDT: bp2.0|-ETHUSDT: bp5.0|
2024-01-04 23:32:46,387
update 7: filled 1 / 2 (-XRPUSDT) | working 1 / 2 (-ETHUSDT)
2024-01-04 23:32:50,388
-ETHUSDT: bp4.0|
2024-01-04 23:32:51,279
update 8: filled 1 / 2 (-XRPUSDT) | working 1 / 2 (-ETHUSDT)
2024-01-04 23:32:55,280
-ETHUSDT: bp4.0|
2024-01-04 23:32:56,187
update 9: filled 1 / 2 (-XRPUSDT) | working 1 / 2 (-ETHUSDT)
2024-01-04 23:33:00,188
-ETHUSDT: bp4.0|
2024-01-04 23:33:01,083
update 10: filled 1 / 2 (-XRPUSDT) | working 1 / 2 (-ETHUSDT)
2024-01-04 23:33:05,084
-ETHUSDT: bp4.0|
2024-01-04 23:33:05,973
update 11: filled 1 / 2 (-XRPUSDT) | working 1 / 2 (-ETHUSDT)
2024-01-04 23:33:09,974
-ETHUSDT: bp3.0|
2024-01-04 23:33:10,891
update 12: filled 1 / 2 (-XRPUSDT) | working 1 / 2 (-ETHUSDT)
2024-01-04 23:33:14,891
-ETHUSDT: bp3.0|
2024-01-04 23:33:15,789
update 13: filled 1 / 2 (-XRPUSDT) | working 1 / 2 (-ETHUSDT)
2024-01-04 23:33:19,790
-ETHUSDT: bp1.0|
2024-01-04 23:33:20,688
update 14: filled 1 / 2 (-XRPUSDT) | working 1 / 2 (-ETHUSDT)
2024-01-04 23:33:24,689
-ETHUSDT: bp2.0|
2024-01-04 23:33:24,689
Adjustment limit #2 ... 
 we cancel current orders and replace
2024-01-04 23:33:24,689
@+/-1.25bp limit 
2024-01-04 23:33:24,689
binance_cancel_and_replace_orders_peg 20240104_233324
2024-01-04 23:33:26,263
binance_place_orders_peg 20240104_233326
2024-01-04 23:33:27,134
{'orderId': 8389765640527140648, 'symbol': 'ETHUSDT', 'status': 'NEW', 'clientOrderId': 'STRATON', 'price': '2273.34', 'avgPrice': '0.00', 'origQty': '0.021', 'executedQty': '0.000', 'cumQty': '0.000', 'cumQuote': '0.00000', 'timeInForce': 'GTC', 'type': 'LIMIT', 'reduceOnly': False, 'closePosition': False, 'side': 'SELL', 'positionSide': 'BOTH', 'stopPrice': '0.00', 'workingType': 'CONTRACT_PRICE', 'priceProtect': False, 'origType': 'LIMIT', 'priceMatch': 'NONE', 'selfTradePreventionMode': 'NONE', 'goodTillDate': 0, 'updateTime': 1704411207021}
2024-01-04 23:33:28,460
update 0: filled 1 / 2 (-XRPUSDT) | working 1 / 2 (-ETHUSDT)
2024-01-04 23:33:32,461
-ETHUSDT: bp1.0|
2024-01-04 23:33:33,349
update 1: filled 1 / 2 (-XRPUSDT) | working 1 / 2 (-ETHUSDT)
2024-01-04 23:33:37,349
-ETHUSDT: bp2.0|
2024-01-04 23:33:38,241
update 2: filled 1 / 2 (-XRPUSDT) | working 1 / 2 (-ETHUSDT)
2024-01-04 23:33:42,241
-ETHUSDT: bp2.0|
2024-01-04 23:33:43,139
update 3: filled 1 / 2 (-XRPUSDT) | working 1 / 2 (-ETHUSDT)
2024-01-04 23:33:47,140
-ETHUSDT: bp5.0|
2024-01-04 23:33:48,039
update 4: filled 1 / 2 (-XRPUSDT) | working 1 / 2 (-ETHUSDT)
2024-01-04 23:33:52,040
-ETHUSDT: bp4.0|
2024-01-04 23:33:52,934
update 5: filled 1 / 2 (-XRPUSDT) | working 1 / 2 (-ETHUSDT)
2024-01-04 23:33:56,935
-ETHUSDT: bp4.0|
2024-01-04 23:33:57,822
update 6: filled 1 / 2 (-XRPUSDT) | working 1 / 2 (-ETHUSDT)
2024-01-04 23:34:01,823
-ETHUSDT: bp2.0|
2024-01-04 23:34:02,721
update 7: filled 1 / 2 (-XRPUSDT) | working 1 / 2 (-ETHUSDT)
2024-01-04 23:34:06,722
-ETHUSDT: bp2.0|
2024-01-04 23:34:07,615
update 8: filled 1 / 2 (-XRPUSDT) | working 1 / 2 (-ETHUSDT)
2024-01-04 23:34:11,616
-ETHUSDT: bp3.0|
2024-01-04 23:34:12,537
update 9: filled 1 / 2 (-XRPUSDT) | working 1 / 2 (-ETHUSDT)
2024-01-04 23:34:16,538
-ETHUSDT: bp2.0|
2024-01-04 23:34:17,440
update 10: filled 1 / 2 (-XRPUSDT) | working 1 / 2 (-ETHUSDT)
2024-01-04 23:34:21,441
-ETHUSDT: bp2.0|
2024-01-04 23:34:22,335
update 11: filled 1 / 2 (-XRPUSDT) | working 1 / 2 (-ETHUSDT)
2024-01-04 23:34:26,335
-ETHUSDT: bp4.0|
2024-01-04 23:34:27,260
update 12: filled 1 / 2 (-XRPUSDT) | working 1 / 2 (-ETHUSDT)
2024-01-04 23:34:31,261
-ETHUSDT: bp4.0|
2024-01-04 23:34:32,151
update 13: filled 1 / 2 (-XRPUSDT) | working 1 / 2 (-ETHUSDT)
2024-01-04 23:34:36,152
-ETHUSDT: bp4.0|
2024-01-04 23:34:37,049
update 14: filled 1 / 2 (-XRPUSDT) | working 1 / 2 (-ETHUSDT)
2024-01-04 23:34:41,050
-ETHUSDT: bp4.0|
2024-01-04 23:34:41,050
Adjustment limit #3 ... 
 we cancel current orders and replace
2024-01-04 23:34:41,050
@+/-0.625bp limit 
2024-01-04 23:34:41,050
binance_cancel_and_replace_orders_peg 20240104_233441
2024-01-04 23:34:42,629
binance_place_orders_peg 20240104_233442
2024-01-04 23:34:43,082
{'orderId': 8389765640527332689, 'symbol': 'ETHUSDT', 'status': 'NEW', 'clientOrderId': 'STRATON', 'price': '2272.47', 'avgPrice': '0.00', 'origQty': '0.021', 'executedQty': '0.000', 'cumQty': '0.000', 'cumQuote': '0.00000', 'timeInForce': 'GTC', 'type': 'LIMIT', 'reduceOnly': False, 'closePosition': False, 'side': 'SELL', 'positionSide': 'BOTH', 'stopPrice': '0.00', 'workingType': 'CONTRACT_PRICE', 'priceProtect': False, 'origType': 'LIMIT', 'priceMatch': 'NONE', 'selfTradePreventionMode': 'NONE', 'goodTillDate': 0, 'updateTime': 1704411282968}
2024-01-04 23:34:44,830
update 0: filled 1 / 2 (-XRPUSDT) | working 1 / 2 (-ETHUSDT)
2024-01-04 23:34:48,830
-ETHUSDT: bp1.0|
2024-01-04 23:34:49,724
update 1: filled 1 / 2 (-XRPUSDT) | working 1 / 2 (-ETHUSDT)
2024-01-04 23:34:53,725
-ETHUSDT: bp1.0|
2024-01-04 23:34:54,619
update 2: filled 1 / 2 (-XRPUSDT) | working 1 / 2 (-ETHUSDT)
2024-01-04 23:34:58,620
-ETHUSDT: bp1.0|
2024-01-04 23:34:59,521
update 3: filled 1 / 2 (-XRPUSDT) | working 1 / 2 (-ETHUSDT)
2024-01-04 23:35:03,521
-ETHUSDT: bp1.0|
2024-01-04 23:35:04,418
update 4: filled 1 / 2 (-XRPUSDT) | working 1 / 2 (-ETHUSDT)
2024-01-04 23:35:08,419
-ETHUSDT: bp1.0|
2024-01-04 23:35:09,332
update 5: filled 1 / 2 (-XRPUSDT) | working 1 / 2 (-ETHUSDT)
2024-01-04 23:35:13,333
-ETHUSDT: bp2.0|
2024-01-04 23:35:14,223
update 6: filled 1 / 2 (-XRPUSDT) | working 1 / 2 (-ETHUSDT)
2024-01-04 23:35:18,223
-ETHUSDT: bp2.0|
2024-01-04 23:35:19,112
update 7: filled 1 / 2 (-XRPUSDT) | working 1 / 2 (-ETHUSDT)
2024-01-04 23:35:23,112
-ETHUSDT: bp2.0|
2024-01-04 23:35:24,002
update 8: filled 1 / 2 (-XRPUSDT) | working 1 / 2 (-ETHUSDT)
2024-01-04 23:35:28,002
-ETHUSDT: bp5.0|
2024-01-04 23:35:28,919
update 9: filled 1 / 2 (-XRPUSDT) | working 1 / 2 (-ETHUSDT)
2024-01-04 23:35:32,919
-ETHUSDT: bp4.0|
2024-01-04 23:35:33,810
update 10: filled 1 / 2 (-XRPUSDT) | working 1 / 2 (-ETHUSDT)
2024-01-04 23:35:37,811
-ETHUSDT: bp4.0|
2024-01-04 23:35:38,717
update 11: filled 1 / 2 (-XRPUSDT) | working 1 / 2 (-ETHUSDT)
2024-01-04 23:35:42,718
-ETHUSDT: bp5.0|
2024-01-04 23:35:43,620
update 12: filled 1 / 2 (-XRPUSDT) | working 1 / 2 (-ETHUSDT)
2024-01-04 23:35:47,620
-ETHUSDT: bp6.0|
2024-01-04 23:35:48,511
update 13: filled 1 / 2 (-XRPUSDT) | working 1 / 2 (-ETHUSDT)
2024-01-04 23:35:52,512
-ETHUSDT: bp7.0|
2024-01-04 23:35:53,405
update 14: filled 1 / 2 (-XRPUSDT) | working 1 / 2 (-ETHUSDT)
2024-01-04 23:35:57,406
-ETHUSDT: bp7.0|
2024-01-04 23:35:57,406
Adjustment limit #4 ... 
 we cancel current orders and replace
2024-01-04 23:35:57,406
@+/-0.3125bp limit 
2024-01-04 23:35:57,406
binance_cancel_and_replace_orders_peg 20240104_233557
2024-01-04 23:35:58,993
binance_place_orders_peg 20240104_233558
2024-01-04 23:35:59,438
{'orderId': 8389765640527520012, 'symbol': 'ETHUSDT', 'status': 'NEW', 'clientOrderId': 'STRATON', 'price': '2271.32', 'avgPrice': '0.00', 'origQty': '0.021', 'executedQty': '0.000', 'cumQty': '0.000', 'cumQuote': '0.00000', 'timeInForce': 'GTC', 'type': 'LIMIT', 'reduceOnly': False, 'closePosition': False, 'side': 'SELL', 'positionSide': 'BOTH', 'stopPrice': '0.00', 'workingType': 'CONTRACT_PRICE', 'priceProtect': False, 'origType': 'LIMIT', 'priceMatch': 'NONE', 'selfTradePreventionMode': 'NONE', 'goodTillDate': 0, 'updateTime': 1704411359324}
2024-01-04 23:36:01,179
update 0: filled 1 / 2 (-XRPUSDT) | working 1 / 2 (-ETHUSDT)
2024-01-04 23:36:05,180
-ETHUSDT: bp0.0|
2024-01-04 23:36:06,081
update 1: filled 1 / 2 (-XRPUSDT) | working 1 / 2 (-ETHUSDT)
2024-01-04 23:36:10,082
-ETHUSDT: bp0.0|
2024-01-04 23:36:10,989
update 2: filled 2 / 2 (-XRPUSDT,-ETHUSDT) | working 0 / 2 ()
2024-01-04 23:36:17,465
Trades of the day
in$
as of: 04Jan 23:32>>23:36 (#trades: 2)
trade net: -96.0 (-33.1%), trade gross: +96.0 (+33.1%), BUY: +0.0 (+0.0%), SELL: -96.0 (-33.1%)
fees: $ 0.019 (2.0bp)
2024-01-04 23:36:17,931
Trades: 
Filled #2
______________________________________________
                   in$ | in bp 95 traded | in bp 290 AUMs
realizedPnl    -0.45   | -47     | -16    
PnLvsArrival   -0.15   | -16     | -5     
PnLvsLast      +0.02   | +2      | +1     
______________________________________________
                 | Value$ | PnL Arrival/Last 
______________________________________________
XRP:-81.5@0.5874 | -48$ | -0.05/0.02
ETH:-0.021@2271.32 | -48$ | -0.1/0
