2023-11-04 23:30:48,147
ON program started 20231104 23:30:48,
US time: 20231104 19:30:48
2023-11-04 23:30:49,088
the strat is currently running @ 04-11-2023 and the target positions is SHORT
2023-11-04 23:30:51,380
CURRENT STATUS IS SHORT, WE CHECK IF THE DAY IS A NEGATIVE ONE
-----
return before 14h30:
BTCUSDT+0.15%, ETHUSDT+0.23%, XRPUSDT+0.28%
-----
target alloc initial:BTCUSDT-4.17%, ETHUSDT+0.00%, XRPUSDT-4.17%
-----
alloc target x rt%<0:BTCUSDT-0.00%, ETHUSDT+0.00%, XRPUSDT-0.00%
-----
           BTCUSDT ETHUSDT XRPUSDT
w_target     -4.2%    0.0%   -4.2%
rt_14h30     0.00%   0.00%   0.00%
w_target_f   -0.0%    0.0%   -0.0%
2023-11-04 23:30:51,382
Portfolio was rebalanced less than 2 hours ago, 0.9 hours ago
2023-11-04 23:30:51,385
Status: prev = SHORT <> SHORT = target
2023-11-04 23:30:51,385
the strat is currently running @ 04-11-2023 and the target positions is SHORT
the strat was previously run @ 2023-11-04 22:37:55 UTC, success:yes 
   and the current positions is SHORT
2023-11-04 23:30:52,543
positions_future #0
2023-11-04 23:30:52,543
Empty DataFrame
Columns: [symbol, positionAmt, entryPrice, breakEvenPrice, markPrice, unRealizedProfit, value_usd, updateTime, isolated, adlQuantile, AUMs_account, w%]
Index: []
2023-11-04 23:30:52,552
programm stoppeddd!!! 20231104_233052
