2024-10-07 02:30:37,065
ON program started 20241007 02:30:37,
US time: 20241006 22:30:37
2024-10-07 02:30:37,538
the strat is currently running @ 07-10-2024 and the target positions is NEUTRAL
2024-10-07 02:30:38,844
CURRENT STATUS IS NEUTRAL
-----
return before 14h30:
BTCUSDT+1.63%, ETHUSDT+2.76%, XRPUSDT+1.89%
-----
target alloc initial:BTCUSDT+0.00%, ETHUSDT+0.00%, XRPUSDT+0.00%
-----
alloc target x rt%<0:BTCUSDT+0.00%, ETHUSDT+0.00%, XRPUSDT+0.00%
-----
           BTCUSDT ETHUSDT XRPUSDT
w_target      0.0%    0.0%    0.0%
rt_14h30     0.02%   0.03%   0.02%
w_target_f    0.0%    0.0%    0.0%
2024-10-07 02:30:38,845
Portfolio was rebalanced less than 2 hours ago, 1.0 hours ago
2024-10-07 02:30:38,847
Status: prev = NEUTRAL <> SHORT = target
2024-10-07 02:30:38,847
the strat is currently running @ 07-10-2024 and the target positions is NEUTRAL
the strat was previously run @ 2024-10-07 01:30:56, success:yes 
   and the current positions is SHORT
2024-10-07 02:30:39,968
positions_future #0
2024-10-07 02:30:39,968
Empty DataFrame
Columns: [symbol, positionAmt, entryPrice, breakEvenPrice, markPrice, unRealizedProfit, value_usd, updateTime, isolated, adlQuantile, AUMs_account, w%]
Index: []
2024-10-07 02:30:40,175
------------------------------
binance_account_balance
2024-10-07 02:30:40,175
  asset     balance  ...  marginAvailable   updateTime
4  USDT  286.159493  ...             True  06Oct-22:32

[1 rows x 8 columns]
2024-10-07 02:30:40,392
------------------------------
open_orders
2024-10-07 02:30:40,392
Empty DataFrame
Columns: []
Index: []
2024-10-07 02:30:41,002
------------------------------
AUMS account:286

2024-10-07 02:30:41,004
--------------- compute_futures_order_book() ----------------
2024-10-07 02:30:42,456
----------------------------------------------------------------------
#0 order(s) to place
gross$: 0$ | net$: +0$
gross%: 0% | net%: +0%
 || w>0%  +0% | w<0%  0%
----------------------------------------------------------------------
PTF Expo% 0.0% >> 0.0% (current>>target)
PTF expo $0.0 >> $0 (current>>target)
----------------------------------------------------------------------
2024-10-07 02:30:42,458
orders_ofthe_day
2024-10-07 02:30:42,458
Empty DataFrame
Columns: [ptf_usd, target_usd, totrd_usd, posttrd_usd, qty, posttrd_qty, posttrd_w, bid, ask, strategy]
Index: []
2024-10-07 02:30:42,526
Orders of the day is empty, current and target potfolios are aligned
2024-10-07 02:30:42,526
Program stopped
