2024-09-16 00:30:58,711
ON program started 20240916 00:30:58,
US time: 20240915 20:30:58
2024-09-16 00:30:59,896
the strat is currently running @ 16-09-2024 and the target positions is SHORT
2024-09-16 00:31:01,230
CURRENT STATUS IS SHORT, WE CHECK IF THE DAY IS A NEGATIVE ONE
-----
return before 14h30:
BTCUSDT-0.43%, ETHUSDT-0.38%, XRPUSDT-0.61%
-----
target alloc initial:BTCUSDT-4.17%, ETHUSDT+0.00%, XRPUSDT-4.17%
-----
alloc target x rt%<0:BTCUSDT-4.17%, ETHUSDT+0.00%, XRPUSDT-4.17%
-----
           BTCUSDT ETHUSDT XRPUSDT
w_target     -4.2%    0.0%   -4.2%
rt_14h30    -0.00%  -0.00%  -0.01%
w_target_f   -4.2%    0.0%   -4.2%
2024-09-16 00:31:01,231
Portfolio was rebalanced less than 2 hours ago, 1.0 hours ago
2024-09-16 00:31:01,233
Status: prev = SHORT <> SHORT = target
2024-09-16 00:31:01,233
the strat is currently running @ 16-09-2024 and the target positions is SHORT
the strat was previously run @ 2024-09-15 23:31:04, success:yes 
   and the current positions is SHORT
2024-09-16 00:31:01,773
positions_future #1
2024-09-16 00:31:01,774
      symbol  positionAmt entryPrice  ... adlQuantile AUMs_account        w%
139  XRPUSDT        -20.5      0.577  ...           2        296.6 -0.039184

[1 rows x 12 columns]
2024-09-16 00:31:01,860
programm stoppeddd!!! 20240916_003101
