2024-08-10 21:30:44,481
ON program started 20240810 21:30:44,
US time: 20240810 17:30:44
2024-08-10 21:30:45,554
the strat is currently running @ 10-08-2024 and the target positions is LONG
2024-08-10 21:30:46,879
CURRENT STATUS IS LONG
-----
return before 14h30:
BTCUSDT-0.67%, ETHUSDT+0.40%, XRPUSDT+2.33%
-----
target alloc initial:BTCUSDT+16.67%, ETHUSDT+16.67%, XRPUSDT+16.67%
-----
alloc target x rt%<0:BTCUSDT+16.67%, ETHUSDT+16.67%, XRPUSDT+16.67%
-----
           BTCUSDT ETHUSDT XRPUSDT
w_target     16.7%   16.7%   16.7%
rt_14h30    -0.01%   0.00%   0.02%
w_target_f   16.7%   16.7%   16.7%
2024-08-10 21:30:46,880
Portfolio was rebalanced less than 2 hours ago, 1.0 hours ago
2024-08-10 21:30:46,882
Status: prev = LONG <> LONG = target
2024-08-10 21:30:46,883
the strat is currently running @ 10-08-2024 and the target positions is LONG
the strat was previously run @ 2024-08-10 20:31:03, success:yes 
   and the current positions is LONG
2024-08-10 21:30:48,051
positions_future #2
2024-08-10 21:30:48,051
      symbol  positionAmt entryPrice  ... adlQuantile AUMs_account        w%
165  ETHUSDT         0.02     2607.7  ...           2        307.5  0.170102
130  XRPUSDT        86.30     0.5904  ...           2        307.5  0.166324

[2 rows x 12 columns]
2024-08-10 21:30:48,166
programm stoppeddd!!! 20240810_213048
