2024-05-21 21:30:44,033
ON program started 20240521 21:30:44,
US time: 20240521 17:30:44
2024-05-21 21:30:44,944
the strat is currently running @ 21-05-2024 and the target positions is LONG
2024-05-21 21:30:46,349
CURRENT STATUS IS LONG
-----
return before 14h30:
BTCUSDT-1.19%, ETHUSDT+2.92%, XRPUSDT+1.19%
-----
target alloc initial:BTCUSDT+16.67%, ETHUSDT+16.67%, XRPUSDT+16.67%
-----
alloc target x rt%<0:BTCUSDT+16.67%, ETHUSDT+16.67%, XRPUSDT+16.67%
-----
           BTCUSDT ETHUSDT XRPUSDT
w_target     16.7%   16.7%   16.7%
rt_14h30    -0.01%   0.03%   0.01%
w_target_f   16.7%   16.7%   16.7%
2024-05-21 21:30:46,350
Portfolio was rebalanced less than 2 hours ago, 1.0 hours ago
2024-05-21 21:30:46,351
Status: prev = LONG <> LONG = target
2024-05-21 21:30:46,351
the strat is currently running @ 21-05-2024 and the target positions is LONG
the strat was previously run @ 2024-05-21 20:31:04, success:yes 
   and the current positions is LONG
2024-05-21 21:30:47,547
positions_future #2
2024-05-21 21:30:47,548
      symbol  positionAmt entryPrice  ... adlQuantile AUMs_account        w%
167  ETHUSDT        0.013    3726.05  ...           1        287.6  0.169368
134  XRPUSDT       88.600     0.5415  ...           1        287.6  0.165235

[2 rows x 12 columns]
2024-05-21 21:30:47,627
programm stoppeddd!!! 20240521_213047
