2024-03-20 03:30:51,555
ON program started 20240320 03:30:51,
US time: 20240319 23:30:51
2024-03-20 03:30:52,714
the strat is currently running @ 20-03-2024 and the target positions is NEUTRAL
2024-03-20 03:30:54,129
CURRENT STATUS IS NEUTRAL
-----
return before 14h30:
BTCUSDT+2.33%, ETHUSDT+3.33%, XRPUSDT+1.75%
-----
target alloc initial:BTCUSDT+0.00%, ETHUSDT+0.00%, XRPUSDT+0.00%
-----
alloc target x rt%<0:BTCUSDT+0.00%, ETHUSDT+0.00%, XRPUSDT+0.00%
-----
           BTCUSDT ETHUSDT XRPUSDT
w_target      0.0%    0.0%    0.0%
rt_14h30     0.02%   0.03%   0.02%
w_target_f    0.0%    0.0%    0.0%
2024-03-20 03:30:54,130
Portfolio was rebalanced less than 2 hours ago, 1.0 hours ago
2024-03-20 03:30:54,132
Status: prev = NEUTRAL <> NEUTRAL = target
2024-03-20 03:30:54,132
the strat is currently running @ 20-03-2024 and the target positions is NEUTRAL
the strat was previously run @ 2024-03-20 02:30:45, success:? 
   and the current positions is NEUTRAL
2024-03-20 03:30:55,344
positions_future #0
2024-03-20 03:30:55,344
Empty DataFrame
Columns: [symbol, positionAmt, entryPrice, breakEvenPrice, markPrice, unRealizedProfit, value_usd, updateTime, isolated, adlQuantile, AUMs_account, w%]
Index: []
2024-03-20 03:30:55,567
------------------------------
binance_account_balance
2024-03-20 03:30:55,567
  asset     balance  ...  marginAvailable   updateTime
6  USDT  285.320814  ...             True  20Mar-02:31

[1 rows x 8 columns]
2024-03-20 03:30:55,801
------------------------------
open_orders
2024-03-20 03:30:55,801
Empty DataFrame
Columns: []
Index: []
2024-03-20 03:30:56,453
------------------------------
AUMS account:285

2024-03-20 03:30:56,454
--------------- compute_futures_order_book() ----------------
2024-03-20 03:30:58,018
----------------------------------------------------------------------
#0 order(s) to place
gross$: 0$ | net$: +0$
gross%: 0% | net%: +0%
 || w>0%  +0% | w<0%  0%
----------------------------------------------------------------------
PTF Expo% 0.0% >> 0.0% (current>>target)
PTF expo $0.0 >> $0 (current>>target)
----------------------------------------------------------------------
2024-03-20 03:30:58,020
orders_ofthe_day
2024-03-20 03:30:58,020
Empty DataFrame
Columns: [ptf_usd, target_usd, totrd_usd, posttrd_usd, qty, posttrd_qty, posttrd_w, bid, ask, strategy]
Index: []
2024-03-20 03:30:58,108
Orders of the day is empty, current and target potfolios are aligned
2024-03-20 03:30:58,108
Program stopped
