2024-01-11 22:30:48,950
ON program started 20240111 22:30:48,
US time: 20240111 17:30:48
2024-01-11 22:30:49,920
the strat is currently running @ 11-01-2024 and the target positions is LONG
2024-01-11 22:30:52,189
CURRENT STATUS IS LONG
-----
return before 14h30:
BTCUSDT+0.45%, ETHUSDT-0.06%, XRPUSDT+0.18%
-----
target alloc initial:BTCUSDT+16.67%, ETHUSDT+16.67%, XRPUSDT+16.67%
-----
alloc target x rt%<0:BTCUSDT+16.67%, ETHUSDT+16.67%, XRPUSDT+16.67%
-----
           BTCUSDT ETHUSDT XRPUSDT
w_target     16.7%   16.7%   16.7%
rt_14h30     0.00%  -0.00%   0.00%
w_target_f   16.7%   16.7%   16.7%
2024-01-11 22:30:52,190
Portfolio was rebalanced less than 2 hours ago, 1.0 hours ago
2024-01-11 22:30:52,193
Status: prev = LONG <> LONG = target
2024-01-11 22:30:52,193
the strat is currently running @ 11-01-2024 and the target positions is LONG
the strat was previously run @ 2024-01-11 21:31:17 UTC, success:yes 
   and the current positions is LONG
2024-01-11 22:30:53,425
positions_future #2
2024-01-11 22:30:53,425
      symbol  positionAmt entryPrice  ... adlQuantile AUMs_account        w%
141  ETHUSDT        0.019    2604.34  ...           1        292.6  0.168814
113  XRPUSDT       81.300     0.6027  ...           1        292.6  0.166786

[2 rows x 12 columns]
2024-01-11 22:30:53,516
programm stoppeddd!!! 20240111_223053
