2024-08-30 01:30:32,476
ON program started 20240830 01:30:32,
US time: 20240829 21:30:32
2024-08-30 01:30:33,009
the strat is currently running @ 30-08-2024 and the target positions is SHORT
2024-08-30 01:30:35,499
CURRENT STATUS IS SHORT, WE CHECK IF THE DAY IS A NEGATIVE ONE
-----
return before 14h30:
BTCUSDT-0.49%, ETHUSDT-0.26%, XRPUSDT+0.20%
-----
target alloc initial:BTCUSDT-4.17%, ETHUSDT+0.00%, XRPUSDT-4.17%
-----
alloc target x rt%<0:BTCUSDT-4.17%, ETHUSDT+0.00%, XRPUSDT-0.00%
-----
           BTCUSDT ETHUSDT XRPUSDT
w_target     -4.2%    0.0%   -4.2%
rt_14h30    -0.00%  -0.00%   0.00%
w_target_f   -4.2%    0.0%   -0.0%
2024-08-30 01:30:35,500
Portfolio was rebalanced less than 2 hours ago, 1.0 hours ago
2024-08-30 01:30:35,502
Status: prev = SHORT <> SHORT = target
2024-08-30 01:30:35,502
the strat is currently running @ 30-08-2024 and the target positions is SHORT
the strat was previously run @ 2024-08-30 00:30:43, success:yes 
   and the current positions is SHORT
2024-08-30 01:30:36,627
positions_future #0
2024-08-30 01:30:36,628
Empty DataFrame
Columns: [symbol, positionAmt, entryPrice, breakEvenPrice, markPrice, unRealizedProfit, value_usd, updateTime, isolated, adlQuantile, AUMs_account, w%]
Index: []
2024-08-30 01:30:36,690
programm stoppeddd!!! 20240830_013036
