2024-10-05 23:30:43,646
ON program started 20241005 23:30:43,
US time: 20241005 19:30:43
2024-10-05 23:30:44,308
the strat is currently running @ 05-10-2024 and the target positions is SHORT
2024-10-05 23:30:45,621
CURRENT STATUS IS SHORT, WE CHECK IF THE DAY IS A NEGATIVE ONE
-----
return before 14h30:
BTCUSDT+0.11%, ETHUSDT-0.19%, XRPUSDT-0.67%
-----
target alloc initial:BTCUSDT-4.17%, ETHUSDT+0.00%, XRPUSDT-4.17%
-----
alloc target x rt%<0:BTCUSDT-0.00%, ETHUSDT+0.00%, XRPUSDT-4.17%
-----
           BTCUSDT ETHUSDT XRPUSDT
w_target     -4.2%    0.0%   -4.2%
rt_14h30     0.00%  -0.00%  -0.01%
w_target_f   -0.0%    0.0%   -4.2%
2024-10-05 23:30:45,622
Portfolio was rebalanced less than 2 hours ago, 1.0 hours ago
2024-10-05 23:30:45,624
Status: prev = SHORT <> SHORT = target
2024-10-05 23:30:45,624
the strat is currently running @ 05-10-2024 and the target positions is SHORT
the strat was previously run @ 2024-10-05 22:30:55, success:? 
   and the current positions is SHORT
2024-10-05 23:30:46,155
positions_future #0
2024-10-05 23:30:46,155
Empty DataFrame
Columns: [symbol, positionAmt, entryPrice, breakEvenPrice, markPrice, unRealizedProfit, value_usd, updateTime, isolated, adlQuantile, AUMs_account, w%]
Index: []
2024-10-05 23:30:46,366
------------------------------
binance_account_balance
2024-10-05 23:30:46,366
  asset     balance  ...  marginAvailable   updateTime
4  USDT  286.696593  ...             True  05Oct-22:34

[1 rows x 8 columns]
2024-10-05 23:30:46,588
------------------------------
open_orders
2024-10-05 23:30:46,588
Empty DataFrame
Columns: []
Index: []
2024-10-05 23:30:47,205
------------------------------
AUMS account:286

2024-10-05 23:30:47,207
--------------- compute_futures_order_book() ----------------
2024-10-05 23:30:48,480
----------------------------------------------------------------------
#1 order(s) to place
gross$: 12$ | net$: -12$
gross%: 4% | net%: -4%
 || w>0%  +0% | w<0%  -4%
----------------------------------------------------------------------
PTF Expo% 0.0% >> -4.1% (current>>target)
PTF expo $0.0 >> $-11 (current>>target)
----------------------------------------------------------------------
2024-10-05 23:30:48,482
orders_ofthe_day
2024-10-05 23:30:48,482
                  ptf_usd  target_usd  totrd_usd  ...     bid     ask strategy
2024-10-05 23:30                                  ...                         
XRPUSDT               0.0      -11.96      -12.0  ...  0.5297  0.5298  STRATON

[1 rows x 10 columns]
2024-10-05 23:30:50,730
binance_place_orders_peg 20241005_233050
2024-10-05 23:30:51,144
{'orderId': 67181201757, 'symbol': 'XRPUSDT', 'status': 'NEW', 'clientOrderId': 'STRATON', 'price': '0.5301', 'avgPrice': '0.00', 'origQty': '22.7', 'executedQty': '0.0', 'cumQty': '0.0', 'cumQuote': '0.00000', 'timeInForce': 'GTC', 'type': 'LIMIT', 'reduceOnly': False, 'closePosition': False, 'side': 'SELL', 'positionSide': 'BOTH', 'stopPrice': '0.0000', 'workingType': 'CONTRACT_PRICE', 'priceProtect': False, 'origType': 'LIMIT', 'priceMatch': 'NONE', 'selfTradePreventionMode': 'NONE', 'goodTillDate': 0, 'updateTime': 1728171051040}
2024-10-05 23:30:51,617
update 0: filled 0 / 1 () | working 1 / 1 (-XRPUSDT)
2024-10-05 23:30:55,618
-XRPUSDT: bp6.0|
2024-10-05 23:30:56,033
update 1: filled 0 / 1 () | working 1 / 1 (-XRPUSDT)
2024-10-05 23:31:00,034
-XRPUSDT: bp6.0|
2024-10-05 23:31:00,450
update 2: filled 0 / 1 () | working 1 / 1 (-XRPUSDT)
2024-10-05 23:31:04,451
-XRPUSDT: bp6.0|
2024-10-05 23:31:04,868
update 3: filled 0 / 1 () | working 1 / 1 (-XRPUSDT)
2024-10-05 23:31:08,868
-XRPUSDT: bp6.0|
2024-10-05 23:31:09,284
update 4: filled 0 / 1 () | working 1 / 1 (-XRPUSDT)
2024-10-05 23:31:13,284
-XRPUSDT: bp6.0|
2024-10-05 23:31:13,701
update 5: filled 0 / 1 () | working 1 / 1 (-XRPUSDT)
2024-10-05 23:31:17,702
-XRPUSDT: bp6.0|
2024-10-05 23:31:18,119
update 6: filled 0 / 1 () | working 1 / 1 (-XRPUSDT)
2024-10-05 23:31:22,120
-XRPUSDT: bp6.0|
2024-10-05 23:31:22,534
update 7: filled 0 / 1 () | working 1 / 1 (-XRPUSDT)
2024-10-05 23:31:26,535
-XRPUSDT: bp6.0|
2024-10-05 23:31:26,949
update 8: filled 0 / 1 () | working 1 / 1 (-XRPUSDT)
2024-10-05 23:31:30,949
-XRPUSDT: bp2.0|
2024-10-05 23:31:31,365
update 9: filled 0 / 1 () | working 1 / 1 (-XRPUSDT)
2024-10-05 23:31:35,365
-XRPUSDT: bp2.0|
2024-10-05 23:31:35,781
update 10: filled 0 / 1 () | working 1 / 1 (-XRPUSDT)
2024-10-05 23:31:39,782
-XRPUSDT: bp2.0|
2024-10-05 23:31:40,197
update 11: filled 0 / 1 () | working 1 / 1 (-XRPUSDT)
2024-10-05 23:31:44,198
-XRPUSDT: bp2.0|
2024-10-05 23:31:44,616
update 12: filled 0 / 1 () | working 1 / 1 (-XRPUSDT)
2024-10-05 23:31:48,616
-XRPUSDT: bp2.0|
2024-10-05 23:31:49,033
update 13: filled 0 / 1 () | working 1 / 1 (-XRPUSDT)
2024-10-05 23:31:53,033
-XRPUSDT: bp6.0|
2024-10-05 23:31:53,450
update 14: filled 0 / 1 () | working 1 / 1 (-XRPUSDT)
2024-10-05 23:31:57,450
-XRPUSDT: bp4.0|
2024-10-05 23:31:57,450
Adjustment limit #1 ... 
 we cancel current orders and replace
2024-10-05 23:31:57,450
@+/-2.5bp limit 
2024-10-05 23:31:57,450
binance_cancel_and_replace_orders_peg 20241005_233157
2024-10-05 23:31:58,491
binance_place_orders_peg 20241005_233158
2024-10-05 23:31:58,906
{'orderId': 67181243334, 'symbol': 'XRPUSDT', 'status': 'NEW', 'clientOrderId': 'STRATON', 'price': '0.5300', 'avgPrice': '0.00', 'origQty': '22.7', 'executedQty': '0.0', 'cumQty': '0.0', 'cumQuote': '0.00000', 'timeInForce': 'GTC', 'type': 'LIMIT', 'reduceOnly': False, 'closePosition': False, 'side': 'SELL', 'positionSide': 'BOTH', 'stopPrice': '0.0000', 'workingType': 'CONTRACT_PRICE', 'priceProtect': False, 'origType': 'LIMIT', 'priceMatch': 'NONE', 'selfTradePreventionMode': 'NONE', 'goodTillDate': 0, 'updateTime': 1728171118802}
2024-10-05 23:31:59,722
update 0: filled 0 / 1 () | working 1 / 1 (-XRPUSDT)
2024-10-05 23:32:03,722
-XRPUSDT: bp4.0|
2024-10-05 23:32:04,136
update 1: filled 0 / 1 () | working 1 / 1 (-XRPUSDT)
2024-10-05 23:32:08,137
-XRPUSDT: bp4.0|
2024-10-05 23:32:08,550
update 2: filled 0 / 1 () | working 1 / 1 (-XRPUSDT)
2024-10-05 23:32:12,551
-XRPUSDT: bp2.0|
2024-10-05 23:32:12,965
update 3: filled 0 / 1 () | working 1 / 1 (-XRPUSDT)
2024-10-05 23:32:16,966
-XRPUSDT: bp4.0|
2024-10-05 23:32:17,380
update 4: filled 0 / 1 () | working 1 / 1 (-XRPUSDT)
2024-10-05 23:32:21,381
-XRPUSDT: bp4.0|
2024-10-05 23:32:21,798
update 5: filled 0 / 1 () | working 1 / 1 (-XRPUSDT)
2024-10-05 23:32:25,799
-XRPUSDT: bp6.0|
2024-10-05 23:32:26,213
update 6: filled 0 / 1 () | working 1 / 1 (-XRPUSDT)
2024-10-05 23:32:30,214
-XRPUSDT: bp6.0|
2024-10-05 23:32:30,629
update 7: filled 0 / 1 () | working 1 / 1 (-XRPUSDT)
2024-10-05 23:32:34,630
-XRPUSDT: bp6.0|
2024-10-05 23:32:35,047
update 8: filled 0 / 1 () | working 1 / 1 (-XRPUSDT)
2024-10-05 23:32:39,048
-XRPUSDT: bp6.0|
2024-10-05 23:32:39,461
update 9: filled 0 / 1 () | working 1 / 1 (-XRPUSDT)
2024-10-05 23:32:43,462
-XRPUSDT: bp6.0|
2024-10-05 23:32:43,876
update 10: filled 0 / 1 () | working 1 / 1 (-XRPUSDT)
2024-10-05 23:32:47,877
-XRPUSDT: bp8.0|
2024-10-05 23:32:48,290
update 11: filled 0 / 1 () | working 1 / 1 (-XRPUSDT)
2024-10-05 23:32:52,290
-XRPUSDT: bp8.0|
2024-10-05 23:32:52,705
update 12: filled 0 / 1 () | working 1 / 1 (-XRPUSDT)
2024-10-05 23:32:56,706
-XRPUSDT: bp9.0|
2024-10-05 23:32:57,119
update 13: filled 0 / 1 () | working 1 / 1 (-XRPUSDT)
2024-10-05 23:33:01,120
-XRPUSDT: bp8.0|
2024-10-05 23:33:01,535
update 14: filled 0 / 1 () | working 1 / 1 (-XRPUSDT)
2024-10-05 23:33:05,536
-XRPUSDT: bp8.0|
2024-10-05 23:33:05,536
Adjustment limit #2 ... 
 we cancel current orders and replace
2024-10-05 23:33:05,536
@+/-1.25bp limit 
2024-10-05 23:33:05,536
binance_cancel_and_replace_orders_peg 20241005_233305
2024-10-05 23:33:06,572
binance_place_orders_peg 20241005_233306
2024-10-05 23:33:06,984
{'orderId': 67181290575, 'symbol': 'XRPUSDT', 'status': 'NEW', 'clientOrderId': 'STRATON', 'price': '0.5296', 'avgPrice': '0.00', 'origQty': '22.7', 'executedQty': '0.0', 'cumQty': '0.0', 'cumQuote': '0.00000', 'timeInForce': 'GTC', 'type': 'LIMIT', 'reduceOnly': False, 'closePosition': False, 'side': 'SELL', 'positionSide': 'BOTH', 'stopPrice': '0.0000', 'workingType': 'CONTRACT_PRICE', 'priceProtect': False, 'origType': 'LIMIT', 'priceMatch': 'NONE', 'selfTradePreventionMode': 'NONE', 'goodTillDate': 0, 'updateTime': 1728171186881}
2024-10-05 23:33:07,406
update 0: filled 0 / 1 () | working 1 / 1 (-XRPUSDT)
2024-10-05 23:33:11,407
-XRPUSDT: bp0.0|
2024-10-05 23:33:11,821
update 1: filled 0 / 1 () | working 1 / 1 (-XRPUSDT)
2024-10-05 23:33:15,821
-XRPUSDT: bp4.0|
2024-10-05 23:33:16,238
update 2: filled 0 / 1 () | working 1 / 1 (-XRPUSDT)
2024-10-05 23:33:20,238
-XRPUSDT: bp2.0|
2024-10-05 23:33:20,656
update 3: filled 0 / 1 () | working 1 / 1 (-XRPUSDT)
2024-10-05 23:33:24,656
-XRPUSDT: bp4.0|
2024-10-05 23:33:25,073
update 4: filled 0 / 1 () | working 1 / 1 (-XRPUSDT)
2024-10-05 23:33:29,074
-XRPUSDT: bp4.0|
2024-10-05 23:33:29,487
update 5: filled 0 / 1 () | working 1 / 1 (-XRPUSDT)
2024-10-05 23:33:33,488
-XRPUSDT: bp6.0|
2024-10-05 23:33:33,903
update 6: filled 0 / 1 () | working 1 / 1 (-XRPUSDT)
2024-10-05 23:33:37,904
-XRPUSDT: bp8.0|
2024-10-05 23:33:38,315
update 7: filled 0 / 1 () | working 1 / 1 (-XRPUSDT)
2024-10-05 23:33:42,316
-XRPUSDT: bp8.0|
2024-10-05 23:33:42,731
update 8: filled 0 / 1 () | working 1 / 1 (-XRPUSDT)
2024-10-05 23:33:46,731
-XRPUSDT: bp6.0|
2024-10-05 23:33:47,145
update 9: filled 0 / 1 () | working 1 / 1 (-XRPUSDT)
2024-10-05 23:33:51,145
-XRPUSDT: bp6.0|
2024-10-05 23:33:51,562
update 10: filled 0 / 1 () | working 1 / 1 (-XRPUSDT)
2024-10-05 23:33:55,562
-XRPUSDT: bp8.0|
2024-10-05 23:33:55,977
update 11: filled 0 / 1 () | working 1 / 1 (-XRPUSDT)
2024-10-05 23:33:59,978
-XRPUSDT: bp8.0|
2024-10-05 23:34:00,393
update 12: filled 0 / 1 () | working 1 / 1 (-XRPUSDT)
2024-10-05 23:34:04,394
-XRPUSDT: bp8.0|
2024-10-05 23:34:04,808
update 13: filled 0 / 1 () | working 1 / 1 (-XRPUSDT)
2024-10-05 23:34:08,809
-XRPUSDT: bp8.0|
2024-10-05 23:34:09,223
update 14: filled 0 / 1 () | working 1 / 1 (-XRPUSDT)
2024-10-05 23:34:13,224
-XRPUSDT: bp6.0|
2024-10-05 23:34:13,224
Adjustment limit #3 ... 
 we cancel current orders and replace
2024-10-05 23:34:13,224
@+/-0.625bp limit 
2024-10-05 23:34:13,224
binance_cancel_and_replace_orders_peg 20241005_233413
2024-10-05 23:34:14,263
binance_place_orders_peg 20241005_233414
2024-10-05 23:34:14,679
{'orderId': 67181343475, 'symbol': 'XRPUSDT', 'status': 'NEW', 'clientOrderId': 'STRATON', 'price': '0.5294', 'avgPrice': '0.00', 'origQty': '22.7', 'executedQty': '0.0', 'cumQty': '0.0', 'cumQuote': '0.00000', 'timeInForce': 'GTC', 'type': 'LIMIT', 'reduceOnly': False, 'closePosition': False, 'side': 'SELL', 'positionSide': 'BOTH', 'stopPrice': '0.0000', 'workingType': 'CONTRACT_PRICE', 'priceProtect': False, 'origType': 'LIMIT', 'priceMatch': 'NONE', 'selfTradePreventionMode': 'NONE', 'goodTillDate': 0, 'updateTime': 1728171254575}
2024-10-05 23:34:15,102
update 0: filled 0 / 1 () | working 1 / 1 (-XRPUSDT)
2024-10-05 23:34:19,103
-XRPUSDT: bp0.0|
2024-10-05 23:34:19,518
update 1: filled 0 / 1 () | working 1 / 1 (-XRPUSDT)
2024-10-05 23:34:23,519
-XRPUSDT: bp0.0|
2024-10-05 23:34:23,933
update 2: filled 0 / 1 () | working 1 / 1 (-XRPUSDT)
2024-10-05 23:34:27,933
-XRPUSDT: bp4.0|
2024-10-05 23:34:28,348
update 3: filled 0 / 1 () | working 1 / 1 (-XRPUSDT)
2024-10-05 23:34:32,348
-XRPUSDT: bp4.0|
2024-10-05 23:34:32,763
update 4: filled 0 / 1 () | working 1 / 1 (-XRPUSDT)
2024-10-05 23:34:36,764
-XRPUSDT: bp2.0|
2024-10-05 23:34:37,180
update 5: filled 0 / 1 () | working 1 / 1 (-XRPUSDT)
2024-10-05 23:34:41,180
-XRPUSDT: bp2.0|
2024-10-05 23:34:41,595
update 6: filled 0 / 1 () | working 1 / 1 (-XRPUSDT)
2024-10-05 23:34:45,595
-XRPUSDT: bp2.0|
2024-10-05 23:34:46,011
update 7: filled 0 / 1 () | working 1 / 1 (-XRPUSDT)
2024-10-05 23:34:50,012
-XRPUSDT: bp6.0|
2024-10-05 23:34:50,429
update 8: filled 0 / 1 () | working 1 / 1 (-XRPUSDT)
2024-10-05 23:34:54,430
-XRPUSDT: bp8.0|
2024-10-05 23:34:54,845
update 9: filled 0 / 1 () | working 1 / 1 (-XRPUSDT)
2024-10-05 23:34:58,846
-XRPUSDT: bp9.0|
2024-10-05 23:34:59,259
update 10: filled 0 / 1 () | working 1 / 1 (-XRPUSDT)
2024-10-05 23:35:03,260
-XRPUSDT: bp9.0|
2024-10-05 23:35:03,674
update 11: filled 0 / 1 () | working 1 / 1 (-XRPUSDT)
2024-10-05 23:35:07,675
-XRPUSDT: bp11.0|
2024-10-05 23:35:08,090
update 12: filled 0 / 1 () | working 1 / 1 (-XRPUSDT)
2024-10-05 23:35:12,090
-XRPUSDT: bp11.0|
2024-10-05 23:35:12,506
update 13: filled 0 / 1 () | working 1 / 1 (-XRPUSDT)
2024-10-05 23:35:16,507
-XRPUSDT: bp13.0|
2024-10-05 23:35:16,921
update 14: filled 0 / 1 () | working 1 / 1 (-XRPUSDT)
2024-10-05 23:35:20,922
-XRPUSDT: bp15.0|
2024-10-05 23:35:20,922
Adjustment limit #4 ... 
 we cancel current orders and replace
2024-10-05 23:35:20,922
@+/-0.3125bp limit 
2024-10-05 23:35:20,922
binance_cancel_and_replace_orders_peg 20241005_233520
2024-10-05 23:35:21,965
binance_place_orders_peg 20241005_233521
2024-10-05 23:35:22,376
{'orderId': 67181411803, 'symbol': 'XRPUSDT', 'status': 'NEW', 'clientOrderId': 'STRATON', 'price': '0.5288', 'avgPrice': '0.00', 'origQty': '22.7', 'executedQty': '0.0', 'cumQty': '0.0', 'cumQuote': '0.00000', 'timeInForce': 'GTC', 'type': 'LIMIT', 'reduceOnly': False, 'closePosition': False, 'side': 'SELL', 'positionSide': 'BOTH', 'stopPrice': '0.0000', 'workingType': 'CONTRACT_PRICE', 'priceProtect': False, 'origType': 'LIMIT', 'priceMatch': 'NONE', 'selfTradePreventionMode': 'NONE', 'goodTillDate': 0, 'updateTime': 1728171322274}
2024-10-05 23:35:22,800
update 0: filled 0 / 1 () | working 1 / 1 (-XRPUSDT)
2024-10-05 23:35:26,800
-XRPUSDT: bp0.0|
2024-10-05 23:35:27,214
update 1: filled 0 / 1 () | working 1 / 1 (-XRPUSDT)
2024-10-05 23:35:31,215
-XRPUSDT: bp0.0|
2024-10-05 23:35:31,630
update 2: filled 0 / 1 () | working 1 / 1 (-XRPUSDT)
2024-10-05 23:35:35,631
-XRPUSDT: bp0.0|
2024-10-05 23:35:36,050
update 3: filled 0 / 1 () | working 1 / 1 (-XRPUSDT)
2024-10-05 23:35:40,050
-XRPUSDT: bp0.0|
2024-10-05 23:35:40,466
update 4: filled 0 / 1 () | working 1 / 1 (-XRPUSDT)
2024-10-05 23:35:44,466
-XRPUSDT: bp0.0|
2024-10-05 23:35:44,882
update 5: filled 0 / 1 () | working 1 / 1 (-XRPUSDT)
2024-10-05 23:35:48,883
-XRPUSDT: bp0.0|
2024-10-05 23:35:49,300
update 6: filled 0 / 1 () | working 1 / 1 (-XRPUSDT)
2024-10-05 23:35:53,300
-XRPUSDT: bp0.0|
2024-10-05 23:35:53,714
update 7: filled 0 / 1 () | working 1 / 1 (-XRPUSDT)
2024-10-05 23:35:57,715
-XRPUSDT: bp2.0|
2024-10-05 23:35:58,127
update 8: filled 0 / 1 () | working 1 / 1 (-XRPUSDT)
2024-10-05 23:36:02,128
-XRPUSDT: bp2.0|
2024-10-05 23:36:02,548
update 9: filled 0 / 1 () | working 1 / 1 (-XRPUSDT)
2024-10-05 23:36:06,548
-XRPUSDT: bp4.0|
2024-10-05 23:36:06,963
update 10: filled 0 / 1 () | working 1 / 1 (-XRPUSDT)
2024-10-05 23:36:10,964
-XRPUSDT: bp4.0|
2024-10-05 23:36:11,379
update 11: filled 0 / 1 () | working 1 / 1 (-XRPUSDT)
2024-10-05 23:36:15,379
-XRPUSDT: bp2.0|
2024-10-05 23:36:15,795
update 12: filled 0 / 1 () | working 1 / 1 (-XRPUSDT)
2024-10-05 23:36:19,796
-XRPUSDT: bp4.0|
2024-10-05 23:36:20,209
update 13: filled 0 / 1 () | working 1 / 1 (-XRPUSDT)
2024-10-05 23:36:24,209
-XRPUSDT: bp2.0|
2024-10-05 23:36:24,625
update 14: filled 0 / 1 () | working 1 / 1 (-XRPUSDT)
2024-10-05 23:36:28,625
-XRPUSDT: bp2.0|
2024-10-05 23:36:28,626
Adjustment limit #5 ... 
 we cancel current orders and replace
2024-10-05 23:36:28,626
@+/-0.15625bp limit 
2024-10-05 23:36:28,626
binance_cancel_and_replace_orders_peg 20241005_233628
2024-10-05 23:36:29,668
binance_place_orders_peg 20241005_233629
2024-10-05 23:36:30,082
{'orderId': 67181465016, 'symbol': 'XRPUSDT', 'status': 'NEW', 'clientOrderId': 'STRATON', 'price': '0.5287', 'avgPrice': '0.00', 'origQty': '22.7', 'executedQty': '0.0', 'cumQty': '0.0', 'cumQuote': '0.00000', 'timeInForce': 'GTC', 'type': 'LIMIT', 'reduceOnly': False, 'closePosition': False, 'side': 'SELL', 'positionSide': 'BOTH', 'stopPrice': '0.0000', 'workingType': 'CONTRACT_PRICE', 'priceProtect': False, 'origType': 'LIMIT', 'priceMatch': 'NONE', 'selfTradePreventionMode': 'NONE', 'goodTillDate': 0, 'updateTime': 1728171389979}
2024-10-05 23:36:30,506
update 0: filled 0 / 1 () | working 1 / 1 (-XRPUSDT)
2024-10-05 23:36:34,506
-XRPUSDT: bp0.0|
2024-10-05 23:36:34,922
update 1: filled 0 / 1 () | working 1 / 1 (-XRPUSDT)
2024-10-05 23:36:38,923
-XRPUSDT: bp0.0|
2024-10-05 23:36:39,337
update 2: filled 0 / 1 () | working 1 / 1 (-XRPUSDT)
2024-10-05 23:36:43,338
-XRPUSDT: bp0.0|
2024-10-05 23:36:43,752
update 3: filled 0 / 1 () | working 1 / 1 (-XRPUSDT)
2024-10-05 23:36:47,753
-XRPUSDT: bp2.0|
2024-10-05 23:36:48,169
update 4: filled 1 / 1 (-XRPUSDT) | working 0 / 1 ()
2024-10-05 23:36:53,854
Trades of the day
in$
as of: 05Oct 22:32>>23:36 (#trades: 2)
trade net: -108.0 (-37.7%), trade gross: +108.0 (+37.7%), BUY: +0.0 (+0.0%), SELL: -108.0 (-37.7%)
fees: $ 0.022 (2.0bp)
2024-10-05 23:36:54,282
Trades: 
Filled #2
______________________________________________
                   in$ | in bp 108 traded | in bp 286 AUMs
realizedPnl    +0.17   | +16     | +6     
PnLvsArrival   +0.06   | +6      | +2     
PnLvsLast      +0.21   | +19     | +7     
______________________________________________
                 | Value$ | PnL Arrival/Last 
______________________________________________
XRP:-113.1@0.530299 | -60$ | 0.06/0.18
ETH:-0.02@2413.32 | -48$ | nan/0.03
