2024-05-22 03:30:41,014
ON program started 20240522 03:30:40,
US time: 20240521 23:30:41
2024-05-22 03:30:41,479
the strat is currently running @ 22-05-2024 and the target positions is NEUTRAL
2024-05-22 03:30:42,876
CURRENT STATUS IS NEUTRAL
-----
return before 14h30:
BTCUSDT-0.24%, ETHUSDT+0.41%, XRPUSDT-0.20%
-----
target alloc initial:BTCUSDT+0.00%, ETHUSDT+0.00%, XRPUSDT+0.00%
-----
alloc target x rt%<0:BTCUSDT+0.00%, ETHUSDT+0.00%, XRPUSDT+0.00%
-----
           BTCUSDT ETHUSDT XRPUSDT
w_target      0.0%    0.0%    0.0%
rt_14h30    -0.00%   0.00%  -0.00%
w_target_f    0.0%    0.0%    0.0%
2024-05-22 03:30:42,877
Portfolio was rebalanced less than 2 hours ago, 1.0 hours ago
2024-05-22 03:30:42,879
Status: prev = NEUTRAL <> NEUTRAL = target
2024-05-22 03:30:42,879
the strat is currently running @ 22-05-2024 and the target positions is NEUTRAL
the strat was previously run @ 2024-05-22 02:30:50, success:yes 
   and the current positions is NEUTRAL
2024-05-22 03:30:44,065
positions_future #0
2024-05-22 03:30:44,066
Empty DataFrame
Columns: [symbol, positionAmt, entryPrice, breakEvenPrice, markPrice, unRealizedProfit, value_usd, updateTime, isolated, adlQuantile, AUMs_account, w%]
Index: []
2024-05-22 03:30:44,134
programm stoppeddd!!! 20240522_033044
