2024-02-05 01:30:43,246
ON program started 20240205 01:30:43,
US time: 20240204 20:30:43
2024-02-05 01:30:43,831
the strat is currently running @ 05-02-2024 and the target positions is SHORT
2024-02-05 01:30:45,230
CURRENT STATUS IS SHORT, WE CHECK IF THE DAY IS A NEGATIVE ONE
-----
return before 14h30:
BTCUSDT+0.00%, ETHUSDT+0.00%, XRPUSDT+0.00%
-----
target alloc initial:BTCUSDT-4.17%, ETHUSDT+0.00%, XRPUSDT-4.17%
-----
alloc target x rt%<0:BTCUSDT-0.00%, ETHUSDT+0.00%, XRPUSDT-0.00%
-----
           BTCUSDT ETHUSDT XRPUSDT
w_target     -4.2%    0.0%   -4.2%
rt_14h30     0.00%   0.00%   0.00%
w_target_f   -0.0%    0.0%   -0.0%
2024-02-05 01:30:45,232
Portfolio was rebalanced less than 2 hours ago, 1.0 hours ago
2024-02-05 01:30:45,235
Status: prev = SHORT <> SHORT = target
2024-02-05 01:30:45,235
the strat is currently running @ 05-02-2024 and the target positions is SHORT
the strat was previously run @ 2024-02-05 00:31:20 UTC, success:? 
   and the current positions is SHORT
2024-02-05 01:30:46,463
positions_future #0
2024-02-05 01:30:46,464
Empty DataFrame
Columns: [symbol, positionAmt, entryPrice, breakEvenPrice, markPrice, unRealizedProfit, value_usd, updateTime, isolated, adlQuantile, AUMs_account, w%]
Index: []
2024-02-05 01:30:46,687
------------------------------
binance_account_balance
2024-02-05 01:30:46,687
  asset     balance  ...  marginAvailable   updateTime
5  USDT  290.728596  ...             True  05Feb-00:31

[1 rows x 8 columns]
2024-02-05 01:30:46,921
------------------------------
open_orders
2024-02-05 01:30:46,921
Empty DataFrame
Columns: []
Index: []
2024-02-05 01:30:47,576
------------------------------
AUMS account:290

2024-02-05 01:30:47,578
--------------- compute_futures_order_book() ----------------
2024-02-05 01:30:49,135
----------------------------------------------------------------------
#0 order(s) to place
gross$: 0$ | net$: +0$
gross%: 0% | net%: +0%
 || w>0%  +0% | w<0%  0%
----------------------------------------------------------------------
PTF Expo% 0.0% >> 0.0% (current>>target)
PTF expo $0.0 >> $0 (current>>target)
----------------------------------------------------------------------
2024-02-05 01:30:49,136
orders_ofthe_day
2024-02-05 01:30:49,137
Empty DataFrame
Columns: [ptf_usd, target_usd, totrd_usd, posttrd_usd, qty, posttrd_qty, posttrd_w, bid, ask, strategy]
Index: []
2024-02-05 01:30:49,214
Orders of the day is empty, current and target potfolios are aligned
2024-02-05 01:30:49,214
Program stopped
