2024-02-26 21:30:59,164
ON program started 20240226 21:30:59,
US time: 20240226 16:30:59
2024-02-26 21:31:00,191
the strat is currently running @ 26-02-2024 and the target positions is LONG
2024-02-26 21:31:01,609
CURRENT STATUS IS LONG
-----
return before 14h30:
BTCUSDT-0.97%, ETHUSDT-1.66%, XRPUSDT-1.83%
-----
target alloc initial:BTCUSDT+16.67%, ETHUSDT+16.67%, XRPUSDT+16.67%
-----
alloc target x rt%<0:BTCUSDT+16.67%, ETHUSDT+16.67%, XRPUSDT+16.67%
-----
           BTCUSDT ETHUSDT XRPUSDT
w_target     16.7%   16.7%   16.7%
rt_14h30    -0.01%  -0.02%  -0.02%
w_target_f   16.7%   16.7%   16.7%
2024-02-26 21:31:01,610
Portfolio was rebalanced less than 2 hours ago, 1.0 hours ago
2024-02-26 21:31:01,611
Status: prev = LONG <> LONG = target
2024-02-26 21:31:01,611
the strat is currently running @ 26-02-2024 and the target positions is LONG
the strat was previously run @ 2024-02-26 20:30:48, success:yes 
   and the current positions is LONG
2024-02-26 21:31:02,835
positions_future #2
2024-02-26 21:31:02,835
      symbol  positionAmt entryPrice  ... adlQuantile AUMs_account        w%
122  XRPUSDT       89.300     0.5486  ...           2        293.8  0.167531
152  ETHUSDT        0.015     3171.1  ...           2        293.8  0.162662

[2 rows x 12 columns]
2024-02-26 21:31:02,925
programm stoppeddd!!! 20240226_213102
