2024-03-31 00:31:07,166
ON program started 20240331 00:31:07,
US time: 20240330 20:31:07
2024-03-31 00:31:07,996
the strat is currently running @ 31-03-2024 and the target positions is SHORT
2024-03-31 00:31:09,395
CURRENT STATUS IS SHORT, WE CHECK IF THE DAY IS A NEGATIVE ONE
-----
return before 14h30:
BTCUSDT+0.40%, ETHUSDT+0.25%, XRPUSDT+0.29%
-----
target alloc initial:BTCUSDT-4.17%, ETHUSDT+0.00%, XRPUSDT-4.17%
-----
alloc target x rt%<0:BTCUSDT-0.00%, ETHUSDT+0.00%, XRPUSDT-0.00%
-----
           BTCUSDT ETHUSDT XRPUSDT
w_target     -4.2%    0.0%   -4.2%
rt_14h30     0.00%   0.00%   0.00%
w_target_f   -0.0%    0.0%   -0.0%
2024-03-31 00:31:09,396
Portfolio was rebalanced less than 2 hours ago, 1.0 hours ago
2024-03-31 00:31:09,397
Status: prev = SHORT <> SHORT = target
2024-03-31 00:31:09,398
the strat is currently running @ 31-03-2024 and the target positions is SHORT
the strat was previously run @ 2024-03-30 23:30:45, success:yes 
   and the current positions is SHORT
2024-03-31 00:31:10,590
positions_future #1
2024-03-31 00:31:10,590
      symbol  positionAmt entryPrice  ... adlQuantile AUMs_account        w%
123  XRPUSDT        -18.8      0.622  ...           1        288.4 -0.040613

[1 rows x 12 columns]
2024-03-31 00:31:10,669
programm stoppeddd!!! 20240331_003110
