2023-11-16 03:30:33,255
ON program started 20231116 03:30:33,
US time: 20231115 22:30:33
2023-11-16 03:30:33,722
the strat is currently running @ 16-11-2023 and the target positions is NEUTRAL
2023-11-16 03:30:35,120
CURRENT STATUS IS NEUTRAL
-----
return before 14h30:
BTCUSDT+0.00%, ETHUSDT+0.00%, XRPUSDT+0.00%
-----
target alloc initial:BTCUSDT+0.00%, ETHUSDT+0.00%, XRPUSDT+0.00%
-----
alloc target x rt%<0:BTCUSDT+0.00%, ETHUSDT+0.00%, XRPUSDT+0.00%
-----
           BTCUSDT ETHUSDT XRPUSDT
w_target      0.0%    0.0%    0.0%
rt_14h30     0.00%   0.00%   0.00%
w_target_f    0.0%    0.0%    0.0%
2023-11-16 03:30:35,121
Portfolio was rebalanced less than 2 hours ago, 1.0 hours ago
2023-11-16 03:30:35,124
Status: prev = NEUTRAL <> SHORT = target
2023-11-16 03:30:35,124
the strat is currently running @ 16-11-2023 and the target positions is NEUTRAL
the strat was previously run @ 2023-11-16 02:30:41 UTC, success:yes 
   and the current positions is SHORT
2023-11-16 03:30:36,290
positions_future #0
2023-11-16 03:30:36,290
Empty DataFrame
Columns: [symbol, positionAmt, entryPrice, breakEvenPrice, markPrice, unRealizedProfit, value_usd, updateTime, isolated, adlQuantile, AUMs_account, w%]
Index: []
2023-11-16 03:30:36,514
------------------------------
binance_account_balance
2023-11-16 03:30:36,514
  asset     balance  ... marginAvailable   updateTime
5  USDT  289.424792  ...            True  15Nov-23:31

[1 rows x 8 columns]
2023-11-16 03:30:36,747
------------------------------
open_orders
2023-11-16 03:30:36,747
Empty DataFrame
Columns: []
Index: []
2023-11-16 03:30:37,400
------------------------------
AUMS account:289

2023-11-16 03:30:37,402
--------------- compute_futures_order_book() ----------------
2023-11-16 03:30:38,958
----------------------------------------------------------------------
#0 order(s) to place
gross$: 0$ | net$: +0$
gross%: 0% | net%: +0%
 || w>0%  +0% | w<0%  0%
----------------------------------------------------------------------
PTF Expo% 0.0% >> 0.0% (current>>target)
PTF expo $0.0 >> $0 (current>>target)
----------------------------------------------------------------------
2023-11-16 03:30:38,959
orders_ofthe_day
2023-11-16 03:30:38,959
Empty DataFrame
Columns: [ptf_usd, target_usd, totrd_usd, posttrd_usd, qty, posttrd_qty, posttrd_w, bid, ask]
Index: []
2023-11-16 03:30:38,967
Orders of the day is empty, current and target potfolios are aligned
2023-11-16 03:30:38,967
Program stopped
