2024-02-24 01:31:07,842
ON program started 20240224 01:31:07,
US time: 20240223 20:31:07
2024-02-24 01:31:09,083
the strat is currently running @ 24-02-2024 and the target positions is SHORT
2024-02-24 01:31:10,490
CURRENT STATUS IS SHORT, WE CHECK IF THE DAY IS A NEGATIVE ONE
-----
return before 14h30:
BTCUSDT-0.08%, ETHUSDT-0.19%, XRPUSDT-0.07%
-----
target alloc initial:BTCUSDT-4.17%, ETHUSDT+0.00%, XRPUSDT-4.17%
-----
alloc target x rt%<0:BTCUSDT-4.17%, ETHUSDT+0.00%, XRPUSDT-4.17%
-----
           BTCUSDT ETHUSDT XRPUSDT
w_target     -4.2%    0.0%   -4.2%
rt_14h30    -0.00%  -0.00%  -0.00%
w_target_f   -4.2%    0.0%   -4.2%
2024-02-24 01:31:10,491
Portfolio was rebalanced less than 2 hours ago, 1.0 hours ago
2024-02-24 01:31:10,493
Status: prev = SHORT <> SHORT = target
2024-02-24 01:31:10,493
the strat is currently running @ 24-02-2024 and the target positions is SHORT
the strat was previously run @ 2024-02-24 00:30:58, success:? 
   and the current positions is SHORT
2024-02-24 01:31:11,713
positions_future #0
2024-02-24 01:31:11,713
Empty DataFrame
Columns: [symbol, positionAmt, entryPrice, breakEvenPrice, markPrice, unRealizedProfit, value_usd, updateTime, isolated, adlQuantile, AUMs_account, w%]
Index: []
2024-02-24 01:31:11,937
------------------------------
binance_account_balance
2024-02-24 01:31:11,937
  asset     balance  ...  marginAvailable   updateTime
5  USDT  293.016782  ...             True  24Feb-00:32

[1 rows x 8 columns]
2024-02-24 01:31:12,172
------------------------------
open_orders
2024-02-24 01:31:12,172
Empty DataFrame
Columns: []
Index: []
2024-02-24 01:31:12,827
------------------------------
AUMS account:293

2024-02-24 01:31:12,829
--------------- compute_futures_order_book() ----------------
2024-02-24 01:31:14,384
----------------------------------------------------------------------
#1 order(s) to place
gross$: 12$ | net$: -12$
gross%: 4% | net%: -4%
 || w>0%  +0% | w<0%  -4%
----------------------------------------------------------------------
PTF Expo% 0.0% >> -8.3% (current>>target)
PTF expo $0.0 >> $-24 (current>>target)
----------------------------------------------------------------------
2024-02-24 01:31:14,386
orders_ofthe_day
2024-02-24 01:31:14,386
                  ptf_usd  target_usd  totrd_usd  ...    bid     ask strategy
2024-02-24 01:31                                  ...                        
XRPUSDT               0.0      -12.22      -12.0  ...  0.535  0.5351  STRATON

[1 rows x 10 columns]
2024-02-24 01:31:15,560
binance_place_orders_peg 20240224_013115
2024-02-24 01:31:15,997
{'orderId': 50756391482, 'symbol': 'XRPUSDT', 'status': 'NEW', 'clientOrderId': 'STRATON', 'price': '0.5355', 'avgPrice': '0.00', 'origQty': '22.4', 'executedQty': '0.0', 'cumQty': '0.0', 'cumQuote': '0.00000', 'timeInForce': 'GTC', 'type': 'LIMIT', 'reduceOnly': False, 'closePosition': False, 'side': 'SELL', 'positionSide': 'BOTH', 'stopPrice': '0.0000', 'workingType': 'CONTRACT_PRICE', 'priceProtect': False, 'origType': 'LIMIT', 'priceMatch': 'NONE', 'selfTradePreventionMode': 'NONE', 'goodTillDate': 0, 'updateTime': 1708738275888}
2024-02-24 01:31:17,141
update 0: filled 0 / 1 () | working 1 / 1 (-XRPUSDT)
2024-02-24 01:31:21,142
-XRPUSDT: bp7.0|
2024-02-24 01:31:21,584
update 1: filled 0 / 1 () | working 1 / 1 (-XRPUSDT)
2024-02-24 01:31:25,584
-XRPUSDT: bp6.0|
2024-02-24 01:31:26,030
update 2: filled 0 / 1 () | working 1 / 1 (-XRPUSDT)
2024-02-24 01:31:30,030
-XRPUSDT: bp6.0|
2024-02-24 01:31:30,473
update 3: filled 0 / 1 () | working 1 / 1 (-XRPUSDT)
2024-02-24 01:31:34,474
-XRPUSDT: bp6.0|
2024-02-24 01:31:34,914
update 4: filled 0 / 1 () | working 1 / 1 (-XRPUSDT)
2024-02-24 01:31:38,915
-XRPUSDT: bp7.0|
2024-02-24 01:31:39,364
update 5: filled 0 / 1 () | working 1 / 1 (-XRPUSDT)
2024-02-24 01:31:43,365
-XRPUSDT: bp7.0|
2024-02-24 01:31:43,807
update 6: filled 0 / 1 () | working 1 / 1 (-XRPUSDT)
2024-02-24 01:31:47,808
-XRPUSDT: bp9.0|
2024-02-24 01:31:48,251
update 7: filled 0 / 1 () | working 1 / 1 (-XRPUSDT)
2024-02-24 01:31:52,252
-XRPUSDT: bp9.0|
2024-02-24 01:31:52,696
update 8: filled 0 / 1 () | working 1 / 1 (-XRPUSDT)
2024-02-24 01:31:56,697
-XRPUSDT: bp6.0|
2024-02-24 01:31:57,138
update 9: filled 0 / 1 () | working 1 / 1 (-XRPUSDT)
2024-02-24 01:32:01,139
-XRPUSDT: bp6.0|
2024-02-24 01:32:01,581
update 10: filled 0 / 1 () | working 1 / 1 (-XRPUSDT)
2024-02-24 01:32:05,582
-XRPUSDT: bp6.0|
2024-02-24 01:32:06,023
update 11: filled 0 / 1 () | working 1 / 1 (-XRPUSDT)
2024-02-24 01:32:10,024
-XRPUSDT: bp6.0|
2024-02-24 01:32:10,467
update 12: filled 0 / 1 () | working 1 / 1 (-XRPUSDT)
2024-02-24 01:32:14,468
-XRPUSDT: bp6.0|
2024-02-24 01:32:14,912
update 13: filled 0 / 1 () | working 1 / 1 (-XRPUSDT)
2024-02-24 01:32:18,912
-XRPUSDT: bp6.0|
2024-02-24 01:32:19,353
update 14: filled 1 / 1 (-XRPUSDT) | working 0 / 1 ()
2024-02-24 01:32:24,729
Trades of the day
in$
as of: 24Feb 01:32>>01:32 (#trades: 1)
trade net: -12.0 (-4.1%), trade gross: +12.0 (+4.1%), BUY: +0.0 (+0.0%), SELL: -12.0 (-4.1%)
fees: $ 0.002 (2.0bp)
2024-02-24 01:32:24,973
Trades: 
Filled #1
______________________________________________
                   in$ | in bp 11 traded | in bp 293 AUMs
realizedPnl    +0      | +0      | +0     
PnLvsArrival   +0.01   | +8      | +0     
PnLvsLast      +0      | +0      | +0     
______________________________________________
                 | Value$ | PnL Arrival/Last 
______________________________________________
XRP:-22.4@0.5355 | -12$ | 0.01/0
