2024-06-13 02:30:43,303
ON program started 20240613 02:30:43,
US time: 20240612 22:30:43
2024-06-13 02:30:44,317
the strat is currently running @ 13-06-2024 and the target positions is NEUTRAL
2024-06-13 02:30:45,636
CURRENT STATUS IS NEUTRAL
-----
return before 14h30:
BTCUSDT-0.24%, ETHUSDT-0.57%, XRPUSDT-0.31%
-----
target alloc initial:BTCUSDT+0.00%, ETHUSDT+0.00%, XRPUSDT+0.00%
-----
alloc target x rt%<0:BTCUSDT+0.00%, ETHUSDT+0.00%, XRPUSDT+0.00%
-----
           BTCUSDT ETHUSDT XRPUSDT
w_target      0.0%    0.0%    0.0%
rt_14h30    -0.00%  -0.01%  -0.00%
w_target_f    0.0%    0.0%    0.0%
2024-06-13 02:30:45,638
Portfolio was rebalanced less than 2 hours ago, 1.0 hours ago
2024-06-13 02:30:45,640
Status: prev = NEUTRAL <> SHORT = target
2024-06-13 02:30:45,640
the strat is currently running @ 13-06-2024 and the target positions is NEUTRAL
the strat was previously run @ 2024-06-13 01:30:59, success:yes 
   and the current positions is SHORT
2024-06-13 02:30:46,777
positions_future #0
2024-06-13 02:30:46,777
Empty DataFrame
Columns: [symbol, positionAmt, entryPrice, breakEvenPrice, markPrice, unRealizedProfit, value_usd, updateTime, isolated, adlQuantile, AUMs_account, w%]
Index: []
2024-06-13 02:30:46,985
------------------------------
binance_account_balance
2024-06-13 02:30:46,985
  asset     balance  ...  marginAvailable   updateTime
6  USDT  289.659263  ...             True  12Jun-22:37

[1 rows x 8 columns]
2024-06-13 02:30:47,206
------------------------------
open_orders
2024-06-13 02:30:47,206
Empty DataFrame
Columns: []
Index: []
2024-06-13 02:30:47,815
------------------------------
AUMS account:289

2024-06-13 02:30:47,817
--------------- compute_futures_order_book() ----------------
2024-06-13 02:30:49,274
----------------------------------------------------------------------
#0 order(s) to place
gross$: 0$ | net$: +0$
gross%: 0% | net%: +0%
 || w>0%  +0% | w<0%  0%
----------------------------------------------------------------------
PTF Expo% 0.0% >> 0.0% (current>>target)
PTF expo $0.0 >> $0 (current>>target)
----------------------------------------------------------------------
2024-06-13 02:30:49,276
orders_ofthe_day
2024-06-13 02:30:49,276
Empty DataFrame
Columns: [ptf_usd, target_usd, totrd_usd, posttrd_usd, qty, posttrd_qty, posttrd_w, bid, ask, strategy]
Index: []
2024-06-13 02:30:49,360
Orders of the day is empty, current and target potfolios are aligned
2024-06-13 02:30:49,360
Program stopped
