2024-07-13 22:30:51,914
ON program started 20240713 22:30:51,
US time: 20240713 18:30:51
2024-07-13 22:30:52,976
the strat is currently running @ 13-07-2024 and the target positions is SHORT
2024-07-13 22:30:54,309
CURRENT STATUS IS SHORT, WE CHECK IF THE DAY IS A NEGATIVE ONE
-----
return before 14h30:
BTCUSDT+1.26%, ETHUSDT+0.65%, XRPUSDT+9.34%
-----
target alloc initial:BTCUSDT-4.17%, ETHUSDT+0.00%, XRPUSDT-4.17%
-----
alloc target x rt%<0:BTCUSDT-0.00%, ETHUSDT+0.00%, XRPUSDT-0.00%
-----
           BTCUSDT ETHUSDT XRPUSDT
w_target     -4.2%    0.0%   -4.2%
rt_14h30     0.01%   0.01%   0.09%
w_target_f   -0.0%    0.0%   -0.0%
2024-07-13 22:30:54,311
Portfolio was rebalanced less than 2 hours ago, 1.0 hours ago
2024-07-13 22:30:54,312
Status: prev = SHORT <> LONG = target
2024-07-13 22:30:54,312
the strat is currently running @ 13-07-2024 and the target positions is SHORT
the strat was previously run @ 2024-07-13 21:30:36, success:yes 
   and the current positions is LONG
2024-07-13 22:30:55,436
positions_future #2
2024-07-13 22:30:55,436
      symbol  positionAmt entryPrice  ... adlQuantile AUMs_account        w%
166  ETHUSDT        0.016    3153.72  ...           1        292.3  0.172202
131  XRPUSDT       91.700     0.5352  ...           1        292.3  0.165729

[2 rows x 12 columns]
2024-07-13 22:30:55,669
------------------------------
binance_account_balance
2024-07-13 22:30:55,669
  asset     balance  ...  marginAvailable   updateTime
4  USDT  293.064674  ...             True  13Jul-18:33

[1 rows x 8 columns]
2024-07-13 22:30:56,293
------------------------------
open_orders
2024-07-13 22:30:56,293
Empty DataFrame
Columns: []
Index: []
2024-07-13 22:30:56,903
------------------------------
AUMS account:292

2024-07-13 22:30:56,905
--------------- compute_futures_order_book() ----------------
2024-07-13 22:30:58,354
----------------------------------------------------------------------
#2 order(s) to place
gross$: 98$ | net$: -98$
gross%: 34% | net%: -34%
 || w>0%  +0% | w<0%  -34%
----------------------------------------------------------------------
PTF Expo% 33.5% >> 0.0% (current>>target)
PTF expo $98.0 >> $0 (current>>target)
----------------------------------------------------------------------
2024-07-13 22:30:58,355
orders_ofthe_day
2024-07-13 22:30:58,355
                  ptf_usd  target_usd  totrd_usd  ...       bid        ask strategy
2024-07-13 22:30                                  ...                              
ETHUSDT              50.0         0.0      -50.0  ...  3145.780  3145.7900  STRATON
XRPUSDT              48.0        -0.0      -48.0  ...     0.528     0.5281  STRATON

[2 rows x 10 columns]
2024-07-13 22:30:59,828
binance_place_orders_peg 20240713_223059
2024-07-13 22:31:00,238
{'orderId': 8389765701246398276, 'symbol': 'ETHUSDT', 'status': 'NEW', 'clientOrderId': 'STRATON', 'price': '3147.36', 'avgPrice': '0.00', 'origQty': '0.016', 'executedQty': '0.000', 'cumQty': '0.000', 'cumQuote': '0.00000', 'timeInForce': 'GTC', 'type': 'LIMIT', 'reduceOnly': False, 'closePosition': False, 'side': 'SELL', 'positionSide': 'BOTH', 'stopPrice': '0.00', 'workingType': 'CONTRACT_PRICE', 'priceProtect': False, 'origType': 'LIMIT', 'priceMatch': 'NONE', 'selfTradePreventionMode': 'NONE', 'goodTillDate': 0, 'updateTime': 1720909860133}
2024-07-13 22:31:00,649
{'orderId': 60445540462, 'symbol': 'XRPUSDT', 'status': 'NEW', 'clientOrderId': 'STRATON', 'price': '0.5284', 'avgPrice': '0.00', 'origQty': '91.7', 'executedQty': '0.0', 'cumQty': '0.0', 'cumQuote': '0.00000', 'timeInForce': 'GTC', 'type': 'LIMIT', 'reduceOnly': False, 'closePosition': False, 'side': 'SELL', 'positionSide': 'BOTH', 'stopPrice': '0.0000', 'workingType': 'CONTRACT_PRICE', 'priceProtect': False, 'origType': 'LIMIT', 'priceMatch': 'NONE', 'selfTradePreventionMode': 'NONE', 'goodTillDate': 0, 'updateTime': 1720909860544}
2024-07-13 22:31:02,114
update 0: filled 0 / 2 () | working 2 / 2 (-ETHUSDT,-XRPUSDT)
2024-07-13 22:31:06,114
-ETHUSDT: bp4.0|-XRPUSDT: bp6.0|
2024-07-13 22:31:06,929
update 1: filled 0 / 2 () | working 2 / 2 (-ETHUSDT,-XRPUSDT)
2024-07-13 22:31:10,930
-ETHUSDT: bp8.0|-XRPUSDT: bp6.0|
2024-07-13 22:31:11,748
update 2: filled 0 / 2 () | working 2 / 2 (-ETHUSDT,-XRPUSDT)
2024-07-13 22:31:15,749
-ETHUSDT: bp8.0|-XRPUSDT: bp8.0|
2024-07-13 22:31:16,564
update 3: filled 0 / 2 () | working 2 / 2 (-ETHUSDT,-XRPUSDT)
2024-07-13 22:31:20,565
-ETHUSDT: bp8.0|-XRPUSDT: bp6.0|
2024-07-13 22:31:21,381
update 4: filled 0 / 2 () | working 2 / 2 (-ETHUSDT,-XRPUSDT)
2024-07-13 22:31:25,382
-ETHUSDT: bp8.0|-XRPUSDT: bp6.0|
2024-07-13 22:31:26,197
update 5: filled 0 / 2 () | working 2 / 2 (-ETHUSDT,-XRPUSDT)
2024-07-13 22:31:30,198
-ETHUSDT: bp7.0|-XRPUSDT: bp8.0|
2024-07-13 22:31:31,018
update 6: filled 0 / 2 () | working 2 / 2 (-ETHUSDT,-XRPUSDT)
2024-07-13 22:31:35,019
-ETHUSDT: bp10.0|-XRPUSDT: bp8.0|
2024-07-13 22:31:35,832
update 7: filled 0 / 2 () | working 2 / 2 (-ETHUSDT,-XRPUSDT)
2024-07-13 22:31:39,833
-ETHUSDT: bp11.0|-XRPUSDT: bp4.0|
2024-07-13 22:31:40,649
update 8: filled 0 / 2 () | working 2 / 2 (-ETHUSDT,-XRPUSDT)
2024-07-13 22:31:44,650
-ETHUSDT: bp9.0|-XRPUSDT: bp4.0|
2024-07-13 22:31:45,471
update 9: filled 0 / 2 () | working 2 / 2 (-ETHUSDT,-XRPUSDT)
2024-07-13 22:31:49,471
-ETHUSDT: bp7.0|-XRPUSDT: bp2.0|
2024-07-13 22:31:50,287
update 10: filled 0 / 2 () | working 2 / 2 (-ETHUSDT,-XRPUSDT)
2024-07-13 22:31:54,287
-ETHUSDT: bp5.0|-XRPUSDT: bp0.0|
2024-07-13 22:31:55,106
update 11: filled 0 / 2 () | working 2 / 2 (-ETHUSDT,-XRPUSDT)
2024-07-13 22:31:59,106
-ETHUSDT: bp4.0|-XRPUSDT: bp6.0|
2024-07-13 22:31:59,923
update 12: filled 1 / 2 (-ETHUSDT) | working 1 / 2 (-XRPUSDT)
2024-07-13 22:32:03,924
-XRPUSDT: bp6.0|
2024-07-13 22:32:04,737
update 13: filled 1 / 2 (-ETHUSDT) | working 1 / 2 (-XRPUSDT)
2024-07-13 22:32:08,738
-XRPUSDT: bp6.0|
2024-07-13 22:32:09,554
update 14: filled 1 / 2 (-ETHUSDT) | working 1 / 2 (-XRPUSDT)
2024-07-13 22:32:13,555
-XRPUSDT: bp19.0|
2024-07-13 22:32:13,555
Adjustment limit #1 ... 
 we cancel current orders and replace
2024-07-13 22:32:13,555
@+/-2.5bp limit 
2024-07-13 22:32:13,555
binance_cancel_and_replace_orders_peg 20240713_223213
2024-07-13 22:32:14,998
binance_place_orders_peg 20240713_223214
2024-07-13 22:32:15,407
{'orderId': 60445616168, 'symbol': 'XRPUSDT', 'status': 'NEW', 'clientOrderId': 'STRATON', 'price': '0.5274', 'avgPrice': '0.00', 'origQty': '91.7', 'executedQty': '0.0', 'cumQty': '0.0', 'cumQuote': '0.00000', 'timeInForce': 'GTC', 'type': 'LIMIT', 'reduceOnly': False, 'closePosition': False, 'side': 'SELL', 'positionSide': 'BOTH', 'stopPrice': '0.0000', 'workingType': 'CONTRACT_PRICE', 'priceProtect': False, 'origType': 'LIMIT', 'priceMatch': 'NONE', 'selfTradePreventionMode': 'NONE', 'goodTillDate': 0, 'updateTime': 1720909935303}
2024-07-13 22:32:16,230
update 0: filled 1 / 2 (-ETHUSDT) | working 1 / 2 (-XRPUSDT)
2024-07-13 22:32:20,231
-XRPUSDT: bp4.0|
2024-07-13 22:32:21,051
update 1: filled 2 / 2 (-ETHUSDT,-XRPUSDT) | working 0 / 2 ()
2024-07-13 22:32:27,325
Trades of the day
in$
as of: 13Jul 22:31>>22:32 (#trades: 2)
trade net: -99.0 (-33.9%), trade gross: +99.0 (+33.9%), BUY: +0.0 (+0.0%), SELL: -99.0 (-33.9%)
fees: $ 0.02 (2.0bp)
2024-07-13 22:32:27,746
Trades: 
Filled #2
______________________________________________
                   in$ | in bp 98 traded | in bp 292 AUMs
realizedPnl    -0.82   | -83     | -28    
PnLvsArrival   -0.03   | -3      | -1     
PnLvsLast      -0.03   | -3      | -1     
______________________________________________
                 | Value$ | PnL Arrival/Last 
______________________________________________
ETH:-0.016@3147.36 | -50$ | 0.03/-0.02
XRP:-91.7@0.5274 | -48$ | -0.06/-0.01
