2023-08-11 23:31:18,163
ON program started 20230811 23:31:18,
US time: 20230811 19:31:18
2023-08-11 23:31:18,410
the strat is currently running @ 11-08-2023 and the target positions is SHORT
2023-08-11 23:31:20,543
CURRENT STATUS IS SHORT, WE CHECK IF THE DAY IS A NEGATIVE ONE
-----
return before 14h30:
BTCUSDT-0.24%, ETHUSDT-0.20%, XRPUSDT-0.80%
-----
target alloc initial:BTCUSDT-4.17%, ETHUSDT+0.00%, XRPUSDT-4.17%
-----
alloc target x rt%<0:BTCUSDT-4.17%, ETHUSDT+0.00%, XRPUSDT-4.17%
-----
           BTCUSDT ETHUSDT XRPUSDT
w_target     -4.2%    0.0%   -4.2%
rt_14h30    -0.00%  -0.00%  -0.01%
w_target_f   -4.2%    0.0%   -4.2%
2023-08-11 23:31:20,545
Portfolio was rebalanced less than 2 hours ago, 0.8 hours ago
2023-08-11 23:31:20,548
Status: prev = SHORT <> SHORT = target
2023-08-11 23:31:20,548
the strat is currently running @ 11-08-2023 and the target positions is SHORT
the strat was previously run @ 2023-08-11 22:42:19 UTC, success:yes 
   and the current positions is SHORT
2023-08-11 23:31:21,632
positions_future #1
2023-08-11 23:31:21,632
      symbol  positionAmt entryPrice  ...   updateTime  AUMs_account        w%
111  XRPUSDT        -18.4     0.6317  ...  11Aug-22:32         290.7 -0.040033

[1 rows x 9 columns]
2023-08-11 23:31:21,660
programm stoppeddd!!! 20230811_233121
