2023-12-29 03:31:06,018
ON program started 20231229 03:31:05,
US time: 20231228 22:31:06
2023-12-29 03:31:07,207
the strat is currently running @ 29-12-2023 and the target positions is NEUTRAL
2023-12-29 03:31:09,070
CURRENT STATUS IS NEUTRAL
-----
return before 14h30:
BTCUSDT+0.00%, ETHUSDT+0.00%, XRPUSDT+0.00%
-----
target alloc initial:BTCUSDT+0.00%, ETHUSDT+0.00%, XRPUSDT+0.00%
-----
alloc target x rt%<0:BTCUSDT+0.00%, ETHUSDT+0.00%, XRPUSDT+0.00%
-----
           BTCUSDT ETHUSDT XRPUSDT
w_target      0.0%    0.0%    0.0%
rt_14h30     0.00%   0.00%   0.00%
w_target_f    0.0%    0.0%    0.0%
2023-12-29 03:31:09,072
Portfolio was rebalanced less than 2 hours ago, 1.0 hours ago
2023-12-29 03:31:09,076
Status: prev = NEUTRAL <> SHORT = target
2023-12-29 03:31:09,076
the strat is currently running @ 29-12-2023 and the target positions is NEUTRAL
the strat was previously run @ 2023-12-29 02:30:59 UTC, success:yes 
   and the current positions is SHORT
2023-12-29 03:31:10,415
positions_future #0
2023-12-29 03:31:10,415
Empty DataFrame
Columns: [symbol, positionAmt, entryPrice, breakEvenPrice, markPrice, unRealizedProfit, value_usd, updateTime, isolated, adlQuantile, AUMs_account, w%]
Index: []
2023-12-29 03:31:10,641
------------------------------
binance_account_balance
2023-12-29 03:31:10,641
  asset     balance  ...  marginAvailable   updateTime
5  USDT  292.324692  ...             True  29Dec-00:31

[1 rows x 8 columns]
2023-12-29 03:31:10,879
------------------------------
open_orders
2023-12-29 03:31:10,879
Empty DataFrame
Columns: []
Index: []
2023-12-29 03:31:11,546
------------------------------
AUMS account:292

2023-12-29 03:31:11,547
--------------- compute_futures_order_book() ----------------
2023-12-29 03:31:13,135
----------------------------------------------------------------------
#0 order(s) to place
gross$: 0$ | net$: +0$
gross%: 0% | net%: +0%
 || w>0%  +0% | w<0%  0%
----------------------------------------------------------------------
PTF Expo% 0.0% >> 0.0% (current>>target)
PTF expo $0.0 >> $0 (current>>target)
----------------------------------------------------------------------
2023-12-29 03:31:13,136
orders_ofthe_day
2023-12-29 03:31:13,137
Empty DataFrame
Columns: [ptf_usd, target_usd, totrd_usd, posttrd_usd, qty, posttrd_qty, posttrd_w, bid, ask]
Index: []
2023-12-29 03:31:13,248
Orders of the day is empty, current and target potfolios are aligned
2023-12-29 03:31:13,249
Program stopped
