2023-12-31 21:30:34,984
ON program started 20231231 21:30:34,
US time: 20231231 16:30:34
2023-12-31 21:30:35,574
the strat is currently running @ 31-12-2023 and the target positions is LONG
2023-12-31 21:30:37,009
CURRENT STATUS IS LONG
-----
return before 14h30:
BTCUSDT+1.02%, ETHUSDT+0.90%, XRPUSDT-0.02%
-----
target alloc initial:BTCUSDT+16.67%, ETHUSDT+16.67%, XRPUSDT+16.67%
-----
alloc target x rt%<0:BTCUSDT+16.67%, ETHUSDT+16.67%, XRPUSDT+16.67%
-----
           BTCUSDT ETHUSDT XRPUSDT
w_target     16.7%   16.7%   16.7%
rt_14h30     0.01%   0.01%  -0.00%
w_target_f   16.7%   16.7%   16.7%
2023-12-31 21:30:37,011
Portfolio was rebalanced less than 2 hours ago, 1.0 hours ago
2023-12-31 21:30:37,014
Status: prev = LONG <> LONG = target
2023-12-31 21:30:37,014
the strat is currently running @ 31-12-2023 and the target positions is LONG
the strat was previously run @ 2023-12-31 20:31:19 UTC, success:yes 
   and the current positions is LONG
2023-12-31 21:30:38,279
positions_future #2
2023-12-31 21:30:38,280
      symbol  positionAmt entryPrice  ... adlQuantile AUMs_account        w%
135  ETHUSDT        0.021    2294.64  ...           1        290.6  0.165682
108  XRPUSDT       77.200     0.6218  ...           1        290.6  0.164845

[2 rows x 12 columns]
2023-12-31 21:30:38,389
programm stoppeddd!!! 20231231_213038
