2024-02-15 21:30:44,157
ON program started 20240215 21:30:44,
US time: 20240215 16:30:44
2024-02-15 21:30:44,738
the strat is currently running @ 15-02-2024 and the target positions is LONG
2024-02-15 21:30:46,144
CURRENT STATUS IS LONG
-----
return before 14h30:
BTCUSDT+0.82%, ETHUSDT+1.29%, XRPUSDT+2.23%
-----
target alloc initial:BTCUSDT+16.67%, ETHUSDT+16.67%, XRPUSDT+16.67%
-----
alloc target x rt%<0:BTCUSDT+16.67%, ETHUSDT+16.67%, XRPUSDT+16.67%
-----
           BTCUSDT ETHUSDT XRPUSDT
w_target     16.7%   16.7%   16.7%
rt_14h30     0.01%   0.01%   0.02%
w_target_f   16.7%   16.7%   16.7%
2024-02-15 21:30:46,146
Portfolio was rebalanced less than 2 hours ago, 1.0 hours ago
2024-02-15 21:30:46,148
Status: prev = LONG <> LONG = target
2024-02-15 21:30:46,148
the strat is currently running @ 15-02-2024 and the target positions is LONG
the strat was previously run @ 2024-02-15 20:30:50, success:yes 
   and the current positions is LONG
2024-02-15 21:30:47,366
positions_future #2
2024-02-15 21:30:47,366
      symbol  positionAmt entryPrice  ... adlQuantile AUMs_account        w%
119  XRPUSDT       86.900     0.5522  ...           2        291.4  0.170426
148  ETHUSDT        0.017    2817.65  ...           2        291.4  0.164699

[2 rows x 12 columns]
2024-02-15 21:30:47,455
programm stoppeddd!!! 20240215_213047
