2024-07-30 01:30:37,474
ON program started 20240730 01:30:37,
US time: 20240729 21:30:37
2024-07-30 01:30:38,546
the strat is currently running @ 30-07-2024 and the target positions is SHORT
2024-07-30 01:30:39,868
CURRENT STATUS IS SHORT, WE CHECK IF THE DAY IS A NEGATIVE ONE
-----
return before 14h30:
BTCUSDT-0.10%, ETHUSDT+0.25%, XRPUSDT+0.22%
-----
target alloc initial:BTCUSDT-4.17%, ETHUSDT+0.00%, XRPUSDT-4.17%
-----
alloc target x rt%<0:BTCUSDT-4.17%, ETHUSDT+0.00%, XRPUSDT-0.00%
-----
           BTCUSDT ETHUSDT XRPUSDT
w_target     -4.2%    0.0%   -4.2%
rt_14h30    -0.00%   0.00%   0.00%
w_target_f   -4.2%    0.0%   -0.0%
2024-07-30 01:30:39,869
Portfolio was rebalanced less than 2 hours ago, 1.0 hours ago
2024-07-30 01:30:39,871
Status: prev = SHORT <> SHORT = target
2024-07-30 01:30:39,871
the strat is currently running @ 30-07-2024 and the target positions is SHORT
the strat was previously run @ 2024-07-30 00:31:05, success:yes 
   and the current positions is SHORT
2024-07-30 01:30:41,005
positions_future #0
2024-07-30 01:30:41,005
Empty DataFrame
Columns: [symbol, positionAmt, entryPrice, breakEvenPrice, markPrice, unRealizedProfit, value_usd, updateTime, isolated, adlQuantile, AUMs_account, w%]
Index: []
2024-07-30 01:30:41,069
programm stoppeddd!!! 20240730_013041
