2023-08-19 22:30:38,453
ON program started 20230819 22:30:38,
US time: 20230819 18:30:38
2023-08-19 22:30:38,834
the strat is currently running @ 19-08-2023 and the target positions is SHORT
2023-08-19 22:30:40,152
CURRENT STATUS IS SHORT, WE CHECK IF THE DAY IS A NEGATIVE ONE
-----
return before 14h30:
BTCUSDT+0.46%, ETHUSDT+1.21%, XRPUSDT+2.73%
-----
target alloc initial:BTCUSDT-4.17%, ETHUSDT+0.00%, XRPUSDT-4.17%
-----
alloc target x rt%<0:BTCUSDT-0.00%, ETHUSDT+0.00%, XRPUSDT-0.00%
-----
           BTCUSDT ETHUSDT XRPUSDT
w_target     -4.2%    0.0%   -4.2%
rt_14h30     0.00%   0.01%   0.03%
w_target_f   -0.0%    0.0%   -0.0%
2023-08-19 22:30:40,154
Portfolio was rebalanced less than 2 hours ago, 1.0 hours ago
2023-08-19 22:30:40,156
Status: prev = SHORT <> LONG = target
2023-08-19 22:30:40,157
the strat is currently running @ 19-08-2023 and the target positions is SHORT
the strat was previously run @ 2023-08-19 21:30:52 UTC, success:yes 
   and the current positions is LONG
2023-08-19 22:30:41,244
positions_future #3
2023-08-19 22:30:41,244
      symbol  positionAmt entryPrice  ...   updateTime  AUMs_account        w%
224  BTCUSDT        0.002    26101.4  ...  19Aug-18:34         276.0  0.188940
111  XRPUSDT       89.000     0.5176  ...  19Aug-18:32         276.0  0.167681
138  ETHUSDT        0.027    1679.45  ...  19Aug-18:34         276.0  0.163059

[3 rows x 9 columns]
2023-08-19 22:30:41,465
------------------------------
binance_account_balance
2023-08-19 22:30:41,465
  asset     balance  ... marginAvailable   updateTime
5  USDT  276.182691  ...            True  19Aug-18:34

[1 rows x 8 columns]
2023-08-19 22:30:42,300
------------------------------
open_orders
2023-08-19 22:30:42,300
                                      0  ...                           2
symbol                          BTCUSDT  ...                     ETHUSDT
status                              NEW  ...                         NEW
price                                 0  ...                           0
avgPrice                              0  ...                           0
origQty                           0.002  ...                       0.027
executedQty                           0  ...                           0
type                        STOP_MARKET  ...                 STOP_MARKET
side                               SELL  ...                        SELL
stopPrice                      24794.60  ...                     1595.10
time         2023-08-19 18:34:58.275000  ...  2023-08-19 18:34:59.097000
updateTime   2023-08-19 18:34:58.275000  ...  2023-08-19 18:34:59.097000

[11 rows x 3 columns]
2023-08-19 22:30:45,416
------------------------------
AUMS account:276

2023-08-19 22:30:45,417
--------------- compute_futures_order_book() ----------------
2023-08-19 22:30:46,865
----------------------------------------------------------------------
#3 order(s) to place
gross$: 143$ | net$: -143$
gross%: 52% | net%: -52%
 || w>0%  +0% | w<0%  -52%
----------------------------------------------------------------------
PTF Expo% 51.8% >> 0.0% (current>>target)
PTF expo $143.0 >> $0 (current>>target)
----------------------------------------------------------------------
2023-08-19 22:30:46,866
orders_ofthe_day
2023-08-19 22:30:46,866
                  ptf_usd  target_usd  ...         bid       ask
2023-08-19 22:30                       ...                      
BTCUSDT              52.0        -0.0  ...  26073.7000  26073.80
XRPUSDT              46.0        -0.0  ...      0.5199      0.52
ETHUSDT              45.0         0.0  ...   1666.7700   1666.78

[3 rows x 9 columns]
2023-08-19 22:30:48,401
binance_place_orders_peg 20230819_223048
2023-08-19 22:30:48,813
{'orderId': 182067157115, 'symbol': 'BTCUSDT', 'status': 'NEW', 'clientOrderId': 'jLf6zSgYa7wcMt75TsVsqG', 'price': '26086.80', 'avgPrice': '0.00', 'origQty': '0.002', 'executedQty': '0.000', 'cumQty': '0.000', 'cumQuote': '0.00000', 'timeInForce': 'GTC', 'type': 'LIMIT', 'reduceOnly': False, 'closePosition': False, 'side': 'SELL', 'positionSide': 'BOTH', 'stopPrice': '0.00', 'workingType': 'CONTRACT_PRICE', 'priceProtect': False, 'origType': 'LIMIT', 'updateTime': 1692484248707}
2023-08-19 22:30:49,221
{'orderId': 39745296151, 'symbol': 'XRPUSDT', 'status': 'NEW', 'clientOrderId': 'yi1u28xi9BDxWk54BWpiTQ', 'price': '0.5203', 'avgPrice': '0.00', 'origQty': '89.0', 'executedQty': '0.0', 'cumQty': '0.0', 'cumQuote': '0.00000', 'timeInForce': 'GTC', 'type': 'LIMIT', 'reduceOnly': False, 'closePosition': False, 'side': 'SELL', 'positionSide': 'BOTH', 'stopPrice': '0.0000', 'workingType': 'CONTRACT_PRICE', 'priceProtect': False, 'origType': 'LIMIT', 'updateTime': 1692484249117}
2023-08-19 22:30:49,630
{'orderId': 8389765613305961525, 'symbol': 'ETHUSDT', 'status': 'NEW', 'clientOrderId': 'iyZ1GI0n8HrrYvsjjXuVaZ', 'price': '1667.61', 'avgPrice': '0.00', 'origQty': '0.027', 'executedQty': '0.000', 'cumQty': '0.000', 'cumQuote': '0.00000', 'timeInForce': 'GTC', 'type': 'LIMIT', 'reduceOnly': False, 'closePosition': False, 'side': 'SELL', 'positionSide': 'BOTH', 'stopPrice': '0.00', 'workingType': 'CONTRACT_PRICE', 'priceProtect': False, 'origType': 'LIMIT', 'updateTime': 1692484249526}
2023-08-19 22:30:50,855
update 0: filled 0 / 3 () | working 3 / 3 (-BTCUSDT,-XRPUSDT,-ETHUSDT)
2023-08-19 22:30:54,855
-BTCUSDT: bp5.0|-XRPUSDT: bp6.0|-ETHUSDT: bp5.0|
2023-08-19 22:30:56,076
update 1: filled 0 / 3 () | working 3 / 3 (-BTCUSDT,-XRPUSDT,-ETHUSDT)
2023-08-19 22:31:00,077
-BTCUSDT: bp5.0|-XRPUSDT: bp6.0|-ETHUSDT: bp5.0|
2023-08-19 22:31:01,303
update 2: filled 0 / 3 () | working 3 / 3 (-BTCUSDT,-XRPUSDT,-ETHUSDT)
2023-08-19 22:31:05,304
-BTCUSDT: bp5.0|-XRPUSDT: bp8.0|-ETHUSDT: bp4.0|
2023-08-19 22:31:06,561
update 3: filled 0 / 3 () | working 3 / 3 (-BTCUSDT,-XRPUSDT,-ETHUSDT)
2023-08-19 22:31:10,562
-BTCUSDT: bp5.0|-XRPUSDT: bp6.0|-ETHUSDT: bp4.0|
2023-08-19 22:31:11,782
update 4: filled 0 / 3 () | working 3 / 3 (-BTCUSDT,-XRPUSDT,-ETHUSDT)
2023-08-19 22:31:15,782
-BTCUSDT: bp5.0|-XRPUSDT: bp6.0|-ETHUSDT: bp4.0|
2023-08-19 22:31:17,003
update 5: filled 0 / 3 () | working 3 / 3 (-BTCUSDT,-XRPUSDT,-ETHUSDT)
2023-08-19 22:31:21,004
-BTCUSDT: bp5.0|-XRPUSDT: bp8.0|-ETHUSDT: bp4.0|
2023-08-19 22:31:22,229
update 6: filled 0 / 3 () | working 3 / 3 (-BTCUSDT,-XRPUSDT,-ETHUSDT)
2023-08-19 22:31:26,229
-BTCUSDT: bp5.0|-XRPUSDT: bp8.0|-ETHUSDT: bp4.0|
2023-08-19 22:31:27,456
update 7: filled 0 / 3 () | working 3 / 3 (-BTCUSDT,-XRPUSDT,-ETHUSDT)
2023-08-19 22:31:31,457
-BTCUSDT: bp5.0|-XRPUSDT: bp6.0|-ETHUSDT: bp4.0|
2023-08-19 22:31:32,678
update 8: filled 0 / 3 () | working 3 / 3 (-BTCUSDT,-XRPUSDT,-ETHUSDT)
2023-08-19 22:31:36,679
-BTCUSDT: bp5.0|-XRPUSDT: bp6.0|-ETHUSDT: bp4.0|
2023-08-19 22:31:37,898
update 9: filled 0 / 3 () | working 3 / 3 (-BTCUSDT,-XRPUSDT,-ETHUSDT)
2023-08-19 22:31:41,899
-BTCUSDT: bp5.0|-XRPUSDT: bp4.0|-ETHUSDT: bp4.0|
2023-08-19 22:31:43,124
update 10: filled 0 / 3 () | working 3 / 3 (-BTCUSDT,-XRPUSDT,-ETHUSDT)
2023-08-19 22:31:47,125
-BTCUSDT: bp5.0|-XRPUSDT: bp4.0|-ETHUSDT: bp4.0|
2023-08-19 22:31:48,353
update 11: filled 0 / 3 () | working 3 / 3 (-BTCUSDT,-XRPUSDT,-ETHUSDT)
2023-08-19 22:31:52,353
-BTCUSDT: bp5.0|-XRPUSDT: bp2.0|-ETHUSDT: bp4.0|
2023-08-19 22:31:53,577
update 12: filled 0 / 3 () | working 3 / 3 (-BTCUSDT,-XRPUSDT,-ETHUSDT)
2023-08-19 22:31:57,578
-BTCUSDT: bp5.0|-XRPUSDT: bp6.0|-ETHUSDT: bp4.0|
2023-08-19 22:31:58,802
update 13: filled 0 / 3 () | working 3 / 3 (-BTCUSDT,-XRPUSDT,-ETHUSDT)
2023-08-19 22:32:02,803
-BTCUSDT: bp5.0|-XRPUSDT: bp6.0|-ETHUSDT: bp4.0|
2023-08-19 22:32:04,026
update 14: filled 0 / 3 () | working 3 / 3 (-BTCUSDT,-XRPUSDT,-ETHUSDT)
2023-08-19 22:32:08,027
-BTCUSDT: bp5.0|-XRPUSDT: bp8.0|-ETHUSDT: bp4.0|
2023-08-19 22:32:08,027
Adjustment limit #1 ... 
 we cancel current orders and replace
2023-08-19 22:32:08,027
@+/-2.5bp limit 
2023-08-19 22:32:08,027
binance_cancel_and_replace_orders_peg 20230819_223208
2023-08-19 22:32:09,869
binance_place_orders_peg 20230819_223209
2023-08-19 22:32:10,279
{'orderId': 182067268502, 'symbol': 'BTCUSDT', 'status': 'NEW', 'clientOrderId': 'drsYqfadCKNMiG5xL7pVg0', 'price': '26080.30', 'avgPrice': '0.00', 'origQty': '0.002', 'executedQty': '0.000', 'cumQty': '0.000', 'cumQuote': '0.00000', 'timeInForce': 'GTC', 'type': 'LIMIT', 'reduceOnly': False, 'closePosition': False, 'side': 'SELL', 'positionSide': 'BOTH', 'stopPrice': '0.00', 'workingType': 'CONTRACT_PRICE', 'priceProtect': False, 'origType': 'LIMIT', 'updateTime': 1692484330174}
2023-08-19 22:32:10,686
{'orderId': 39745337866, 'symbol': 'XRPUSDT', 'status': 'NEW', 'clientOrderId': 'pZlun9C3PUjwiUtvrpPLjS', 'price': '0.5201', 'avgPrice': '0.00', 'origQty': '89.0', 'executedQty': '0.0', 'cumQty': '0.0', 'cumQuote': '0.00000', 'timeInForce': 'GTC', 'type': 'LIMIT', 'reduceOnly': False, 'closePosition': False, 'side': 'SELL', 'positionSide': 'BOTH', 'stopPrice': '0.0000', 'workingType': 'CONTRACT_PRICE', 'priceProtect': False, 'origType': 'LIMIT', 'updateTime': 1692484330583}
2023-08-19 22:32:11,095
{'orderId': 8389765613306018602, 'symbol': 'ETHUSDT', 'status': 'NEW', 'clientOrderId': 'tpreRibgeBQHO5TQHZHhyA', 'price': '1667.42', 'avgPrice': '0.00', 'origQty': '0.027', 'executedQty': '0.000', 'cumQty': '0.000', 'cumQuote': '0.00000', 'timeInForce': 'GTC', 'type': 'LIMIT', 'reduceOnly': False, 'closePosition': False, 'side': 'SELL', 'positionSide': 'BOTH', 'stopPrice': '0.00', 'workingType': 'CONTRACT_PRICE', 'priceProtect': False, 'origType': 'LIMIT', 'updateTime': 1692484330992}
2023-08-19 22:32:12,327
update 0: filled 0 / 3 () | working 3 / 3 (-BTCUSDT,-XRPUSDT,-ETHUSDT)
2023-08-19 22:32:16,328
-BTCUSDT: bp2.0|-XRPUSDT: bp2.0|-ETHUSDT: bp3.0|
2023-08-19 22:32:17,551
update 1: filled 0 / 3 () | working 3 / 3 (-BTCUSDT,-XRPUSDT,-ETHUSDT)
2023-08-19 22:32:21,551
-BTCUSDT: bp2.0|-XRPUSDT: bp2.0|-ETHUSDT: bp3.0|
2023-08-19 22:32:22,778
update 2: filled 0 / 3 () | working 3 / 3 (-BTCUSDT,-XRPUSDT,-ETHUSDT)
2023-08-19 22:32:26,779
-BTCUSDT: bp3.0|-XRPUSDT: bp2.0|-ETHUSDT: bp3.0|
2023-08-19 22:32:28,004
update 3: filled 0 / 3 () | working 3 / 3 (-BTCUSDT,-XRPUSDT,-ETHUSDT)
2023-08-19 22:32:32,004
-BTCUSDT: bp2.0|-XRPUSDT: bp2.0|-ETHUSDT: bp3.0|
2023-08-19 22:32:33,228
update 4: filled 0 / 3 () | working 3 / 3 (-BTCUSDT,-XRPUSDT,-ETHUSDT)
2023-08-19 22:32:37,229
-BTCUSDT: bp2.0|-XRPUSDT: bp4.0|-ETHUSDT: bp3.0|
2023-08-19 22:32:38,452
update 5: filled 0 / 3 () | working 3 / 3 (-BTCUSDT,-XRPUSDT,-ETHUSDT)
2023-08-19 22:32:42,452
-BTCUSDT: bp3.0|-XRPUSDT: bp8.0|-ETHUSDT: bp3.0|
2023-08-19 22:32:43,677
update 6: filled 0 / 3 () | working 3 / 3 (-BTCUSDT,-XRPUSDT,-ETHUSDT)
2023-08-19 22:32:47,678
-BTCUSDT: bp2.0|-XRPUSDT: bp8.0|-ETHUSDT: bp3.0|
2023-08-19 22:32:48,904
update 7: filled 0 / 3 () | working 3 / 3 (-BTCUSDT,-XRPUSDT,-ETHUSDT)
2023-08-19 22:32:52,905
-BTCUSDT: bp2.0|-XRPUSDT: bp8.0|-ETHUSDT: bp3.0|
2023-08-19 22:32:54,129
update 8: filled 0 / 3 () | working 3 / 3 (-BTCUSDT,-XRPUSDT,-ETHUSDT)
2023-08-19 22:32:58,130
-BTCUSDT: bp3.0|-XRPUSDT: bp10.0|-ETHUSDT: bp3.0|
2023-08-19 22:32:59,354
update 9: filled 0 / 3 () | working 3 / 3 (-BTCUSDT,-XRPUSDT,-ETHUSDT)
2023-08-19 22:33:03,355
-BTCUSDT: bp2.0|-XRPUSDT: bp8.0|-ETHUSDT: bp3.0|
2023-08-19 22:33:04,578
update 10: filled 0 / 3 () | working 3 / 3 (-BTCUSDT,-XRPUSDT,-ETHUSDT)
2023-08-19 22:33:08,579
-BTCUSDT: bp3.0|-XRPUSDT: bp10.0|-ETHUSDT: bp3.0|
2023-08-19 22:33:09,804
update 11: filled 0 / 3 () | working 3 / 3 (-BTCUSDT,-XRPUSDT,-ETHUSDT)
2023-08-19 22:33:13,805
-BTCUSDT: bp3.0|-XRPUSDT: bp8.0|-ETHUSDT: bp3.0|
2023-08-19 22:33:15,031
update 12: filled 0 / 3 () | working 3 / 3 (-BTCUSDT,-XRPUSDT,-ETHUSDT)
2023-08-19 22:33:19,032
-BTCUSDT: bp3.0|-XRPUSDT: bp8.0|-ETHUSDT: bp3.0|
2023-08-19 22:33:20,254
update 13: filled 0 / 3 () | working 3 / 3 (-BTCUSDT,-XRPUSDT,-ETHUSDT)
2023-08-19 22:33:24,255
-BTCUSDT: bp3.0|-XRPUSDT: bp8.0|-ETHUSDT: bp3.0|
2023-08-19 22:33:25,478
update 14: filled 0 / 3 () | working 3 / 3 (-BTCUSDT,-XRPUSDT,-ETHUSDT)
2023-08-19 22:33:29,479
-BTCUSDT: bp3.0|-XRPUSDT: bp8.0|-ETHUSDT: bp3.0|
2023-08-19 22:33:29,479
Adjustment limit #2 ... 
 we cancel current orders and replace
2023-08-19 22:33:29,479
@+/-1.25bp limit 
2023-08-19 22:33:29,479
binance_cancel_and_replace_orders_peg 20230819_223329
2023-08-19 22:33:31,344
binance_place_orders_peg 20230819_223331
2023-08-19 22:33:31,756
{'orderId': 182067434920, 'symbol': 'BTCUSDT', 'status': 'NEW', 'clientOrderId': 'dKqadrv6eW1wvJw1zr2gCQ', 'price': '26076.70', 'avgPrice': '0.00', 'origQty': '0.002', 'executedQty': '0.000', 'cumQty': '0.000', 'cumQuote': '0.00000', 'timeInForce': 'GTC', 'type': 'LIMIT', 'reduceOnly': False, 'closePosition': False, 'side': 'SELL', 'positionSide': 'BOTH', 'stopPrice': '0.00', 'workingType': 'CONTRACT_PRICE', 'priceProtect': False, 'origType': 'LIMIT', 'updateTime': 1692484411651}
2023-08-19 22:33:32,171
{'orderId': 39745389522, 'symbol': 'XRPUSDT', 'status': 'NEW', 'clientOrderId': 'dlwi0NnXu0NByVBLN2z7XT', 'price': '0.5199', 'avgPrice': '0.00', 'origQty': '89.0', 'executedQty': '0.0', 'cumQty': '0.0', 'cumQuote': '0.00000', 'timeInForce': 'GTC', 'type': 'LIMIT', 'reduceOnly': False, 'closePosition': False, 'side': 'SELL', 'positionSide': 'BOTH', 'stopPrice': '0.0000', 'workingType': 'CONTRACT_PRICE', 'priceProtect': False, 'origType': 'LIMIT', 'updateTime': 1692484412066}
2023-08-19 22:33:32,582
{'orderId': 8389765613306095821, 'symbol': 'ETHUSDT', 'status': 'NEW', 'clientOrderId': 'blBqGH6bGGJbbG1tIKP0xH', 'price': '1667.13', 'avgPrice': '0.00', 'origQty': '0.027', 'executedQty': '0.000', 'cumQty': '0.000', 'cumQuote': '0.00000', 'timeInForce': 'GTC', 'type': 'LIMIT', 'reduceOnly': False, 'closePosition': False, 'side': 'SELL', 'positionSide': 'BOTH', 'stopPrice': '0.00', 'workingType': 'CONTRACT_PRICE', 'priceProtect': False, 'origType': 'LIMIT', 'updateTime': 1692484412478}
2023-08-19 22:33:33,807
update 0: filled 0 / 3 () | working 3 / 3 (-BTCUSDT,-XRPUSDT,-ETHUSDT)
2023-08-19 22:33:37,808
-BTCUSDT: bp1.0|-XRPUSDT: bp2.0|-ETHUSDT: bp1.0|
2023-08-19 22:33:39,030
update 1: filled 0 / 3 () | working 3 / 3 (-BTCUSDT,-XRPUSDT,-ETHUSDT)
2023-08-19 22:33:43,031
-BTCUSDT: bp1.0|-XRPUSDT: bp0.0|-ETHUSDT: bp1.0|
2023-08-19 22:33:44,253
update 2: filled 0 / 3 () | working 3 / 3 (-BTCUSDT,-XRPUSDT,-ETHUSDT)
2023-08-19 22:33:48,254
-BTCUSDT: bp1.0|-XRPUSDT: bp2.0|-ETHUSDT: bp1.0|
2023-08-19 22:33:49,482
update 3: filled 0 / 3 () | working 3 / 3 (-BTCUSDT,-XRPUSDT,-ETHUSDT)
2023-08-19 22:33:53,482
-BTCUSDT: bp1.0|-XRPUSDT: bp0.0|-ETHUSDT: bp2.0|
2023-08-19 22:33:54,709
update 4: filled 0 / 3 () | working 3 / 3 (-BTCUSDT,-XRPUSDT,-ETHUSDT)
2023-08-19 22:33:58,709
-BTCUSDT: bp1.0|-XRPUSDT: bp0.0|-ETHUSDT: bp2.0|
2023-08-19 22:33:59,931
update 5: filled 0 / 3 () | working 3 / 3 (-BTCUSDT,-XRPUSDT,-ETHUSDT)
2023-08-19 22:34:03,932
-BTCUSDT: bp1.0|-XRPUSDT: bp2.0|-ETHUSDT: bp3.0|
2023-08-19 22:34:05,154
update 6: filled 0 / 3 () | working 3 / 3 (-BTCUSDT,-XRPUSDT,-ETHUSDT)
2023-08-19 22:34:09,154
-BTCUSDT: bp2.0|-XRPUSDT: bp2.0|-ETHUSDT: bp3.0|
2023-08-19 22:34:10,378
update 7: filled 0 / 3 () | working 3 / 3 (-BTCUSDT,-XRPUSDT,-ETHUSDT)
2023-08-19 22:34:14,379
-BTCUSDT: bp3.0|-XRPUSDT: bp2.0|-ETHUSDT: bp3.0|
2023-08-19 22:34:15,603
update 8: filled 0 / 3 () | working 3 / 3 (-BTCUSDT,-XRPUSDT,-ETHUSDT)
2023-08-19 22:34:19,604
-BTCUSDT: bp3.0|-XRPUSDT: bp2.0|-ETHUSDT: bp3.0|
2023-08-19 22:34:20,826
update 9: filled 0 / 3 () | working 3 / 3 (-BTCUSDT,-XRPUSDT,-ETHUSDT)
2023-08-19 22:34:24,827
-BTCUSDT: bp3.0|-XRPUSDT: bp4.0|-ETHUSDT: bp3.0|
2023-08-19 22:34:26,048
update 10: filled 0 / 3 () | working 3 / 3 (-BTCUSDT,-XRPUSDT,-ETHUSDT)
2023-08-19 22:34:30,049
-BTCUSDT: bp3.0|-XRPUSDT: bp8.0|-ETHUSDT: bp3.0|
2023-08-19 22:34:31,273
update 11: filled 0 / 3 () | working 3 / 3 (-BTCUSDT,-XRPUSDT,-ETHUSDT)
2023-08-19 22:34:35,274
-BTCUSDT: bp3.0|-XRPUSDT: bp8.0|-ETHUSDT: bp3.0|
2023-08-19 22:34:36,502
update 12: filled 0 / 3 () | working 3 / 3 (-BTCUSDT,-XRPUSDT,-ETHUSDT)
2023-08-19 22:34:40,503
-BTCUSDT: bp3.0|-XRPUSDT: bp6.0|-ETHUSDT: bp1.0|
2023-08-19 22:34:41,723
update 13: filled 0 / 3 () | working 3 / 3 (-BTCUSDT,-XRPUSDT,-ETHUSDT)
2023-08-19 22:34:45,723
-BTCUSDT: bp3.0|-XRPUSDT: bp8.0|-ETHUSDT: bp1.0|
2023-08-19 22:34:46,944
update 14: filled 0 / 3 () | working 3 / 3 (-BTCUSDT,-XRPUSDT,-ETHUSDT)
2023-08-19 22:34:50,945
-BTCUSDT: bp3.0|-XRPUSDT: bp8.0|-ETHUSDT: bp1.0|
2023-08-19 22:34:50,945
Adjustment limit #3 ... 
 we cancel current orders and replace
2023-08-19 22:34:50,945
@+/-0.625bp limit 
2023-08-19 22:34:50,945
binance_cancel_and_replace_orders_peg 20230819_223450
2023-08-19 22:34:52,785
binance_place_orders_peg 20230819_223452
2023-08-19 22:34:53,194
{'orderId': 182067594909, 'symbol': 'BTCUSDT', 'status': 'NEW', 'clientOrderId': 'dYJfQhmirLI6i5K1oBxeSl', 'price': '26069.80', 'avgPrice': '0.00', 'origQty': '0.002', 'executedQty': '0.000', 'cumQty': '0.000', 'cumQuote': '0.00000', 'timeInForce': 'GTC', 'type': 'LIMIT', 'reduceOnly': False, 'closePosition': False, 'side': 'SELL', 'positionSide': 'BOTH', 'stopPrice': '0.00', 'workingType': 'CONTRACT_PRICE', 'priceProtect': False, 'origType': 'LIMIT', 'updateTime': 1692484493090}
2023-08-19 22:34:53,603
{'orderId': 39745438947, 'symbol': 'XRPUSDT', 'status': 'NEW', 'clientOrderId': '5B2DEv4M6jKO83J0IwxdsD', 'price': '0.5196', 'avgPrice': '0.00', 'origQty': '89.0', 'executedQty': '0.0', 'cumQty': '0.0', 'cumQuote': '0.00000', 'timeInForce': 'GTC', 'type': 'LIMIT', 'reduceOnly': False, 'closePosition': False, 'side': 'SELL', 'positionSide': 'BOTH', 'stopPrice': '0.0000', 'workingType': 'CONTRACT_PRICE', 'priceProtect': False, 'origType': 'LIMIT', 'updateTime': 1692484493499}
2023-08-19 22:34:54,011
{'orderId': 8389765613306201394, 'symbol': 'ETHUSDT', 'status': 'NEW', 'clientOrderId': 'bGCOCLtojURt30LDltOYqm', 'price': '1666.98', 'avgPrice': '0.00', 'origQty': '0.027', 'executedQty': '0.000', 'cumQty': '0.000', 'cumQuote': '0.00000', 'timeInForce': 'GTC', 'type': 'LIMIT', 'reduceOnly': False, 'closePosition': False, 'side': 'SELL', 'positionSide': 'BOTH', 'stopPrice': '0.00', 'workingType': 'CONTRACT_PRICE', 'priceProtect': False, 'origType': 'LIMIT', 'updateTime': 1692484493907}
2023-08-19 22:34:55,234
update 0: filled 0 / 3 () | working 3 / 3 (-BTCUSDT,-XRPUSDT,-ETHUSDT)
2023-08-19 22:34:59,235
-BTCUSDT: bp1.0|-XRPUSDT: bp0.0|-ETHUSDT: bp1.0|
2023-08-19 22:35:00,459
update 1: filled 0 / 3 () | working 3 / 3 (-BTCUSDT,-XRPUSDT,-ETHUSDT)
2023-08-19 22:35:04,460
-BTCUSDT: bp1.0|-XRPUSDT: bp2.0|-ETHUSDT: bp1.0|
2023-08-19 22:35:05,685
update 2: filled 0 / 3 () | working 3 / 3 (-BTCUSDT,-XRPUSDT,-ETHUSDT)
2023-08-19 22:35:09,685
-BTCUSDT: bp1.0|-XRPUSDT: bp2.0|-ETHUSDT: bp1.0|
2023-08-19 22:35:10,912
update 3: filled 0 / 3 () | working 3 / 3 (-BTCUSDT,-XRPUSDT,-ETHUSDT)
2023-08-19 22:35:14,913
-BTCUSDT: bp1.0|-XRPUSDT: bp0.0|-ETHUSDT: bp1.0|
2023-08-19 22:35:16,143
update 4: filled 0 / 3 () | working 3 / 3 (-BTCUSDT,-XRPUSDT,-ETHUSDT)
2023-08-19 22:35:20,144
-BTCUSDT: bp1.0|-XRPUSDT: bp2.0|-ETHUSDT: bp1.0|
2023-08-19 22:35:21,367
update 5: filled 0 / 3 () | working 3 / 3 (-BTCUSDT,-XRPUSDT,-ETHUSDT)
2023-08-19 22:35:25,368
-BTCUSDT: bp1.0|-XRPUSDT: bp0.0|-ETHUSDT: bp1.0|
2023-08-19 22:35:26,591
update 6: filled 1 / 3 (-XRPUSDT) | working 2 / 3 (-BTCUSDT,-ETHUSDT)
2023-08-19 22:35:30,592
-BTCUSDT: bp1.0|-ETHUSDT: bp1.0|
2023-08-19 22:35:31,817
update 7: filled 1 / 3 (-XRPUSDT) | working 2 / 3 (-BTCUSDT,-ETHUSDT)
2023-08-19 22:35:35,817
-BTCUSDT: bp1.0|-ETHUSDT: bp1.0|
2023-08-19 22:35:37,044
update 8: filled 1 / 3 (-XRPUSDT) | working 2 / 3 (-BTCUSDT,-ETHUSDT)
2023-08-19 22:35:41,045
-BTCUSDT: bp1.0|-ETHUSDT: bp1.0|
2023-08-19 22:35:42,275
update 9: filled 1 / 3 (-XRPUSDT) | working 2 / 3 (-BTCUSDT,-ETHUSDT)
2023-08-19 22:35:46,275
-BTCUSDT: bp1.0|-ETHUSDT: bp1.0|
2023-08-19 22:35:47,499
update 10: filled 1 / 3 (-XRPUSDT) | working 2 / 3 (-BTCUSDT,-ETHUSDT)
2023-08-19 22:35:51,499
-BTCUSDT: bp1.0|-ETHUSDT: bp1.0|
2023-08-19 22:35:52,722
update 11: filled 1 / 3 (-XRPUSDT) | working 2 / 3 (-BTCUSDT,-ETHUSDT)
2023-08-19 22:35:56,722
-BTCUSDT: bp1.0|-ETHUSDT: bp1.0|
2023-08-19 22:35:57,948
update 12: filled 1 / 3 (-XRPUSDT) | working 2 / 3 (-BTCUSDT,-ETHUSDT)
2023-08-19 22:36:01,948
-BTCUSDT: bp1.0|-ETHUSDT: bp1.0|
2023-08-19 22:36:03,177
update 13: filled 1 / 3 (-XRPUSDT) | working 2 / 3 (-BTCUSDT,-ETHUSDT)
2023-08-19 22:36:07,177
-BTCUSDT: bp1.0|-ETHUSDT: bp1.0|
2023-08-19 22:36:08,402
update 14: filled 1 / 3 (-XRPUSDT) | working 2 / 3 (-BTCUSDT,-ETHUSDT)
2023-08-19 22:36:12,403
-BTCUSDT: bp1.0|-ETHUSDT: bp1.0|
2023-08-19 22:36:12,403
Adjustment limit #4 ... 
 we cancel current orders and replace
2023-08-19 22:36:12,403
@+/-0.3125bp limit 
2023-08-19 22:36:12,403
binance_cancel_and_replace_orders_peg 20230819_223612
2023-08-19 22:36:14,254
binance_place_orders_peg 20230819_223614
2023-08-19 22:36:14,664
{'orderId': 182067689518, 'symbol': 'BTCUSDT', 'status': 'NEW', 'clientOrderId': 'gdvPegwYD9iRf234SyY4qv', 'price': '26069.00', 'avgPrice': '0.00', 'origQty': '0.002', 'executedQty': '0.000', 'cumQty': '0.000', 'cumQuote': '0.00000', 'timeInForce': 'GTC', 'type': 'LIMIT', 'reduceOnly': False, 'closePosition': False, 'side': 'SELL', 'positionSide': 'BOTH', 'stopPrice': '0.00', 'workingType': 'CONTRACT_PRICE', 'priceProtect': False, 'origType': 'LIMIT', 'updateTime': 1692484574559}
2023-08-19 22:36:15,079
{'orderId': 8389765613306286308, 'symbol': 'ETHUSDT', 'status': 'NEW', 'clientOrderId': 'XPyCNrs9lejlpXTrobF5hv', 'price': '1666.93', 'avgPrice': '0.00', 'origQty': '0.027', 'executedQty': '0.000', 'cumQty': '0.000', 'cumQuote': '0.00000', 'timeInForce': 'GTC', 'type': 'LIMIT', 'reduceOnly': False, 'closePosition': False, 'side': 'SELL', 'positionSide': 'BOTH', 'stopPrice': '0.00', 'workingType': 'CONTRACT_PRICE', 'priceProtect': False, 'origType': 'LIMIT', 'updateTime': 1692484574970}
2023-08-19 22:36:16,307
update 0: filled 1 / 3 (-XRPUSDT) | working 2 / 3 (-BTCUSDT,-ETHUSDT)
2023-08-19 22:36:20,308
-BTCUSDT: bp0.0|-ETHUSDT: bp0.0|
2023-08-19 22:36:21,541
update 1: filled 1 / 3 (-XRPUSDT) | working 2 / 3 (-BTCUSDT,-ETHUSDT)
2023-08-19 22:36:25,541
-BTCUSDT: bp0.0|-ETHUSDT: bp0.0|
2023-08-19 22:36:26,766
update 2: filled 1 / 3 (-XRPUSDT) | working 2 / 3 (-BTCUSDT,-ETHUSDT)
2023-08-19 22:36:30,767
-BTCUSDT: bp0.0|-ETHUSDT: bp0.0|
2023-08-19 22:36:31,991
update 3: filled 1 / 3 (-XRPUSDT) | working 2 / 3 (-BTCUSDT,-ETHUSDT)
2023-08-19 22:36:35,992
-BTCUSDT: bp0.0|-ETHUSDT: bp0.0|
2023-08-19 22:36:37,221
update 4: filled 1 / 3 (-XRPUSDT) | working 2 / 3 (-BTCUSDT,-ETHUSDT)
2023-08-19 22:36:41,222
-BTCUSDT: bp0.0|-ETHUSDT: bp0.0|
2023-08-19 22:36:42,451
update 5: filled 1 / 3 (-XRPUSDT) | working 2 / 3 (-BTCUSDT,-ETHUSDT)
2023-08-19 22:36:46,451
-BTCUSDT: bp0.0|-ETHUSDT: bp1.0|
2023-08-19 22:36:47,675
update 6: filled 1 / 3 (-XRPUSDT) | working 2 / 3 (-BTCUSDT,-ETHUSDT)
2023-08-19 22:36:51,676
-BTCUSDT: bp0.0|-ETHUSDT: bp0.0|
2023-08-19 22:36:52,899
update 7: filled 1 / 3 (-XRPUSDT) | working 2 / 3 (-BTCUSDT,-ETHUSDT)
2023-08-19 22:36:56,899
-BTCUSDT: bp0.0|-ETHUSDT: bp0.0|
2023-08-19 22:36:58,126
update 8: filled 2 / 3 (-XRPUSDT,-ETHUSDT) | working 1 / 3 (-BTCUSDT)
2023-08-19 22:37:02,127
-BTCUSDT: bp0.0|
2023-08-19 22:37:03,357
update 9: filled 2 / 3 (-XRPUSDT,-ETHUSDT) | working 1 / 3 (-BTCUSDT)
2023-08-19 22:37:07,357
-BTCUSDT: bp1.0|
2023-08-19 22:37:08,580
update 10: filled 2 / 3 (-XRPUSDT,-ETHUSDT) | working 1 / 3 (-BTCUSDT)
2023-08-19 22:37:12,581
-BTCUSDT: bp3.0|
2023-08-19 22:37:13,806
update 11: filled 2 / 3 (-XRPUSDT,-ETHUSDT) | working 1 / 3 (-BTCUSDT)
2023-08-19 22:37:17,807
-BTCUSDT: bp3.0|
2023-08-19 22:37:19,036
update 12: filled 2 / 3 (-XRPUSDT,-ETHUSDT) | working 1 / 3 (-BTCUSDT)
2023-08-19 22:37:23,036
-BTCUSDT: bp3.0|
2023-08-19 22:37:24,266
update 13: filled 2 / 3 (-XRPUSDT,-ETHUSDT) | working 1 / 3 (-BTCUSDT)
2023-08-19 22:37:28,266
-BTCUSDT: bp3.0|
2023-08-19 22:37:29,492
update 14: filled 2 / 3 (-XRPUSDT,-ETHUSDT) | working 1 / 3 (-BTCUSDT)
2023-08-19 22:37:33,493
-BTCUSDT: bp3.0|
2023-08-19 22:37:33,493
Adjustment limit #5 ... 
 we cancel current orders and replace
2023-08-19 22:37:33,493
@+/-0.15625bp limit 
2023-08-19 22:37:33,493
binance_cancel_and_replace_orders_peg 20230819_223733
2023-08-19 22:37:35,338
binance_place_orders_peg 20230819_223735
2023-08-19 22:37:35,749
{'orderId': 182067861599, 'symbol': 'BTCUSDT', 'status': 'NEW', 'clientOrderId': 'r3JOe243iowujL3e19ccP0', 'price': '26062.60', 'avgPrice': '0.00', 'origQty': '0.002', 'executedQty': '0.000', 'cumQty': '0.000', 'cumQuote': '0.00000', 'timeInForce': 'GTC', 'type': 'LIMIT', 'reduceOnly': False, 'closePosition': False, 'side': 'SELL', 'positionSide': 'BOTH', 'stopPrice': '0.00', 'workingType': 'CONTRACT_PRICE', 'priceProtect': False, 'origType': 'LIMIT', 'updateTime': 1692484655644}
2023-08-19 22:37:36,974
update 0: filled 2 / 3 (-XRPUSDT,-ETHUSDT) | working 1 / 3 (-BTCUSDT)
2023-08-19 22:37:40,974
-BTCUSDT: bp0.0|
2023-08-19 22:37:42,203
update 1: filled 2 / 3 (-XRPUSDT,-ETHUSDT) | working 1 / 3 (-BTCUSDT)
2023-08-19 22:37:46,204
-BTCUSDT: bp0.0|
2023-08-19 22:37:47,431
update 2: filled 2 / 3 (-XRPUSDT,-ETHUSDT) | working 1 / 3 (-BTCUSDT)
2023-08-19 22:37:51,432
-BTCUSDT: bp0.0|
2023-08-19 22:37:52,656
update 3: filled 2 / 3 (-XRPUSDT,-ETHUSDT) | working 1 / 3 (-BTCUSDT)
2023-08-19 22:37:56,657
-BTCUSDT: bp0.0|
2023-08-19 22:37:57,882
update 4: filled 2 / 3 (-XRPUSDT,-ETHUSDT) | working 1 / 3 (-BTCUSDT)
2023-08-19 22:38:01,882
-BTCUSDT: bp0.0|
2023-08-19 22:38:03,109
update 5: filled 2 / 3 (-XRPUSDT,-ETHUSDT) | working 1 / 3 (-BTCUSDT)
2023-08-19 22:38:07,110
-BTCUSDT: bp0.0|
2023-08-19 22:38:08,335
update 6: filled 2 / 3 (-XRPUSDT,-ETHUSDT) | working 1 / 3 (-BTCUSDT)
2023-08-19 22:38:12,336
-BTCUSDT: bp0.0|
2023-08-19 22:38:13,560
update 7: filled 2 / 3 (-XRPUSDT,-ETHUSDT) | working 1 / 3 (-BTCUSDT)
2023-08-19 22:38:17,561
-BTCUSDT: bp0.0|
2023-08-19 22:38:18,786
update 8: filled 2 / 3 (-XRPUSDT,-ETHUSDT) | working 1 / 3 (-BTCUSDT)
2023-08-19 22:38:22,786
-BTCUSDT: bp0.0|
2023-08-19 22:38:24,016
update 9: filled 2 / 3 (-XRPUSDT,-ETHUSDT) | working 1 / 3 (-BTCUSDT)
2023-08-19 22:38:28,017
-BTCUSDT: bp0.0|
2023-08-19 22:38:29,243
update 10: filled 2 / 3 (-XRPUSDT,-ETHUSDT) | working 1 / 3 (-BTCUSDT)
2023-08-19 22:38:33,243
-BTCUSDT: bp0.0|
2023-08-19 22:38:34,471
update 11: filled 2 / 3 (-XRPUSDT,-ETHUSDT) | working 1 / 3 (-BTCUSDT)
2023-08-19 22:38:38,472
-BTCUSDT: bp0.0|
2023-08-19 22:38:39,699
update 12: filled 2 / 3 (-XRPUSDT,-ETHUSDT) | working 1 / 3 (-BTCUSDT)
2023-08-19 22:38:43,700
-BTCUSDT: bp0.0|
2023-08-19 22:38:44,931
update 13: filled 2 / 3 (-XRPUSDT,-ETHUSDT) | working 1 / 3 (-BTCUSDT)
2023-08-19 22:38:48,931
-BTCUSDT: bp0.0|
2023-08-19 22:38:50,158
update 14: filled 2 / 3 (-XRPUSDT,-ETHUSDT) | working 1 / 3 (-BTCUSDT)
2023-08-19 22:38:54,159
-BTCUSDT: bp0.0|
2023-08-19 22:38:54,159
Adjustment limit #6 ... 
 we cancel current orders and replace
2023-08-19 22:38:54,159
@+/-0.078125bp limit 
2023-08-19 22:38:54,159
binance_cancel_and_replace_orders_peg 20230819_223854
2023-08-19 22:38:56,006
binance_place_orders_peg 20230819_223856
2023-08-19 22:38:56,416
{'orderId': 182067994270, 'symbol': 'BTCUSDT', 'status': 'NEW', 'clientOrderId': 'ZXK5pbamfykeE0TFdE6dFh', 'price': '26062.40', 'avgPrice': '0.00', 'origQty': '0.002', 'executedQty': '0.000', 'cumQty': '0.000', 'cumQuote': '0.00000', 'timeInForce': 'GTC', 'type': 'LIMIT', 'reduceOnly': False, 'closePosition': False, 'side': 'SELL', 'positionSide': 'BOTH', 'stopPrice': '0.00', 'workingType': 'CONTRACT_PRICE', 'priceProtect': False, 'origType': 'LIMIT', 'updateTime': 1692484736311}
2023-08-19 22:38:57,642
update 0: filled 2 / 3 (-XRPUSDT,-ETHUSDT) | working 1 / 3 (-BTCUSDT)
2023-08-19 22:39:01,643
-BTCUSDT: bp0.0|
2023-08-19 22:39:02,867
update 1: filled 2 / 3 (-XRPUSDT,-ETHUSDT) | working 1 / 3 (-BTCUSDT)
2023-08-19 22:39:06,867
-BTCUSDT: bp0.0|
2023-08-19 22:39:08,092
update 2: filled 2 / 3 (-XRPUSDT,-ETHUSDT) | working 1 / 3 (-BTCUSDT)
2023-08-19 22:39:12,093
-BTCUSDT: bp0.0|
2023-08-19 22:39:13,319
update 3: filled 2 / 3 (-XRPUSDT,-ETHUSDT) | working 1 / 3 (-BTCUSDT)
2023-08-19 22:39:17,319
-BTCUSDT: bp0.0|
2023-08-19 22:39:18,544
update 4: filled 2 / 3 (-XRPUSDT,-ETHUSDT) | working 1 / 3 (-BTCUSDT)
2023-08-19 22:39:22,544
-BTCUSDT: bp0.0|
2023-08-19 22:39:23,771
update 5: filled 2 / 3 (-XRPUSDT,-ETHUSDT) | working 1 / 3 (-BTCUSDT)
2023-08-19 22:39:27,772
-BTCUSDT: bp0.0|
2023-08-19 22:39:28,997
update 6: filled 2 / 3 (-XRPUSDT,-ETHUSDT) | working 1 / 3 (-BTCUSDT)
2023-08-19 22:39:32,998
-BTCUSDT: bp0.0|
2023-08-19 22:39:34,224
update 7: filled 2 / 3 (-XRPUSDT,-ETHUSDT) | working 1 / 3 (-BTCUSDT)
2023-08-19 22:39:38,224
-BTCUSDT: bp0.0|
2023-08-19 22:39:39,451
update 8: filled 2 / 3 (-XRPUSDT,-ETHUSDT) | working 1 / 3 (-BTCUSDT)
2023-08-19 22:39:43,452
-BTCUSDT: bp0.0|
2023-08-19 22:39:44,678
update 9: filled 2 / 3 (-XRPUSDT,-ETHUSDT) | working 1 / 3 (-BTCUSDT)
2023-08-19 22:39:48,678
-BTCUSDT: bp0.0|
2023-08-19 22:39:49,905
update 10: filled 2 / 3 (-XRPUSDT,-ETHUSDT) | working 1 / 3 (-BTCUSDT)
2023-08-19 22:39:53,906
-BTCUSDT: bp0.0|
2023-08-19 22:39:55,130
update 11: filled 2 / 3 (-XRPUSDT,-ETHUSDT) | working 1 / 3 (-BTCUSDT)
2023-08-19 22:39:59,131
-BTCUSDT: bp0.0|
2023-08-19 22:40:00,359
update 12: filled 3 / 3 (-XRPUSDT,-ETHUSDT,-BTCUSDT) | working 0 / 3 ()
2023-08-19 22:40:07,090
Trades of the day
in$
as of: 19Aug 22:35>>22:39 (#trades: 3)
trade net: -143.0 (-51.8%), trade gross: +143.0 (+51.8%), BUY: +0.0 (+0.0%), SELL: -143.0 (-51.8%)
fees: $ 0.029 (2.0bp)
2023-08-19 22:40:07,719
Trades: 
Filled #3
______________________________________________
                   in$ | in bp 143 traded | in bp 276 AUMs
realizedPnl    -0.24   | -17     | -9     
PnLvsArrival   -0.05   | -3      | -2     
PnLvsLast      -0.11   | -8      | -4     
______________________________________________
                 | Value$ | PnL Arrival/Last 
______________________________________________
BTC:-0.002@26062.4 | -52$ | -0.02/-0.01
XRP:-89@0.5196  | -46$ | -0.03/-0.07
ETH:-0.027@1666.93 | -45$ | 0/-0.03
2023-08-19 22:40:08,228
***************************
Positions after orders
***************************
2023-08-19 22:40:08,228
********No Position************
2023-08-19 22:40:08,228
***************************
2023-08-19 22:40:08,838
3 STOP orders will be placed
2023-08-19 22:40:08,839
@+/-500.0bp limit
2023-08-19 22:40:08,839
binance_place_orders_peg 20230819_224008
