2024-01-14 04:31:02,744
ON program started 20240114 04:31:02,
US time: 20240113 23:31:02
2024-01-14 04:31:03,784
the strat is currently running @ 14-01-2024 and the target positions is NEUTRAL
2024-01-14 04:31:05,203
CURRENT STATUS IS NEUTRAL
-----
return before 14h30:
BTCUSDT+0.00%, ETHUSDT+0.00%, XRPUSDT+0.00%
-----
target alloc initial:BTCUSDT+0.00%, ETHUSDT+0.00%, XRPUSDT+0.00%
-----
alloc target x rt%<0:BTCUSDT+0.00%, ETHUSDT+0.00%, XRPUSDT+0.00%
-----
           BTCUSDT ETHUSDT XRPUSDT
w_target      0.0%    0.0%    0.0%
rt_14h30     0.00%   0.00%   0.00%
w_target_f    0.0%    0.0%    0.0%
2024-01-14 04:31:05,205
Portfolio was rebalanced less than 2 hours ago, 1.0 hours ago
2024-01-14 04:31:05,208
Status: prev = NEUTRAL <> NEUTRAL = target
2024-01-14 04:31:05,208
the strat is currently running @ 14-01-2024 and the target positions is NEUTRAL
the strat was previously run @ 2024-01-14 03:31:17 UTC, success:yes 
   and the current positions is NEUTRAL
2024-01-14 04:31:06,440
positions_future #0
2024-01-14 04:31:06,441
Empty DataFrame
Columns: [symbol, positionAmt, entryPrice, breakEvenPrice, markPrice, unRealizedProfit, value_usd, updateTime, isolated, adlQuantile, AUMs_account, w%]
Index: []
2024-01-14 04:31:06,513
programm stoppeddd!!! 20240114_043106
