2023-10-14 21:30:28,929
ON program started 20231014 21:30:28,
US time: 20231014 17:30:28
2023-10-14 21:30:29,315
the strat is currently running @ 14-10-2023 and the target positions is LONG
2023-10-14 21:30:31,017
CURRENT STATUS IS LONG
-----
return before 14h30:
BTCUSDT-0.15%, ETHUSDT+0.03%, XRPUSDT+0.29%
-----
target alloc initial:BTCUSDT+16.67%, ETHUSDT+16.67%, XRPUSDT+16.67%
-----
alloc target x rt%<0:BTCUSDT+16.67%, ETHUSDT+16.67%, XRPUSDT+16.67%
-----
           BTCUSDT ETHUSDT XRPUSDT
w_target     16.7%   16.7%   16.7%
rt_14h30    -0.00%   0.00%   0.00%
w_target_f   16.7%   16.7%   16.7%
2023-10-14 21:30:31,019
Portfolio was rebalanced less than 2 hours ago, 1.0 hours ago
2023-10-14 21:30:31,022
Status: prev = LONG <> LONG = target
2023-10-14 21:30:31,022
the strat is currently running @ 14-10-2023 and the target positions is LONG
the strat was previously run @ 2023-10-14 20:31:08 UTC, success:yes 
   and the current positions is LONG
2023-10-14 21:30:32,102
positions_future #3
2023-10-14 21:30:32,102
      symbol  positionAmt entryPrice  ...   updateTime AUMs_account        w%
235  BTCUSDT        0.002    26873.6  ...  14Oct-18:40        276.6  0.193762
146  ETHUSDT        0.030    1554.53  ...  14Oct-18:40        276.6  0.168470
117  XRPUSDT       94.900     0.4863  ...  14Oct-18:33        276.6  0.166686

[3 rows x 10 columns]
2023-10-14 21:30:32,126
programm stoppeddd!!! 20231014_213032
