2024-07-30 21:30:48,294
ON program started 20240730 21:30:48,
US time: 20240730 17:30:48
2024-07-30 21:30:48,970
the strat is currently running @ 30-07-2024 and the target positions is LONG
2024-07-30 21:30:50,302
CURRENT STATUS IS LONG
-----
return before 14h30:
BTCUSDT-0.60%, ETHUSDT+0.37%, XRPUSDT+2.87%
-----
target alloc initial:BTCUSDT+16.67%, ETHUSDT+16.67%, XRPUSDT+16.67%
-----
alloc target x rt%<0:BTCUSDT+16.67%, ETHUSDT+16.67%, XRPUSDT+16.67%
-----
           BTCUSDT ETHUSDT XRPUSDT
w_target     16.7%   16.7%   16.7%
rt_14h30    -0.01%   0.00%   0.03%
w_target_f   16.7%   16.7%   16.7%
2024-07-30 21:30:50,303
Portfolio was rebalanced less than 2 hours ago, 1.0 hours ago
2024-07-30 21:30:50,305
Status: prev = LONG <> LONG = target
2024-07-30 21:30:50,305
the strat is currently running @ 30-07-2024 and the target positions is LONG
the strat was previously run @ 2024-07-30 20:30:56, success:yes 
   and the current positions is LONG
2024-07-30 21:30:51,447
positions_future #2
2024-07-30 21:30:51,448
      symbol  positionAmt entryPrice  ... adlQuantile AUMs_account        w%
165  ETHUSDT        0.015    3285.85  ...           1        292.2  0.168130
130  XRPUSDT       77.800     0.6297  ...           1        292.2  0.166266

[2 rows x 12 columns]
2024-07-30 21:30:51,535
programm stoppeddd!!! 20240730_213051
