2024-03-13 00:30:48,678
ON program started 20240313 00:30:48,
US time: 20240312 20:30:48
2024-03-13 00:30:49,557
the strat is currently running @ 13-03-2024 and the target positions is SHORT
2024-03-13 00:30:50,965
CURRENT STATUS IS SHORT, WE CHECK IF THE DAY IS A NEGATIVE ONE
-----
return before 14h30:
BTCUSDT-0.09%, ETHUSDT-0.03%, XRPUSDT-0.57%
-----
target alloc initial:BTCUSDT-4.17%, ETHUSDT+0.00%, XRPUSDT-4.17%
-----
alloc target x rt%<0:BTCUSDT-4.17%, ETHUSDT+0.00%, XRPUSDT-4.17%
-----
           BTCUSDT ETHUSDT XRPUSDT
w_target     -4.2%    0.0%   -4.2%
rt_14h30    -0.00%  -0.00%  -0.01%
w_target_f   -4.2%    0.0%   -4.2%
2024-03-13 00:30:50,966
Portfolio was rebalanced less than 2 hours ago, 1.0 hours ago
2024-03-13 00:30:50,968
Status: prev = SHORT <> SHORT = target
2024-03-13 00:30:50,968
the strat is currently running @ 13-03-2024 and the target positions is SHORT
the strat was previously run @ 2024-03-12 23:31:05, success:yes 
   and the current positions is SHORT
2024-03-13 00:30:52,196
positions_future #1
2024-03-13 00:30:52,196
      symbol  positionAmt entryPrice  ... adlQuantile AUMs_account        w%
123  XRPUSDT        -17.6     0.6852  ...           1        287.7 -0.041907

[1 rows x 12 columns]
2024-03-13 00:30:52,277
programm stoppeddd!!! 20240313_003052
