2024-09-02 19:31:02,855
ON program started 20240902 19:31:02,
US time: 20240902 15:31:02
2024-09-02 19:31:03,998
the strat is currently running @ 02-09-2024 and the target positions is LONG
2024-09-02 19:31:05,326
CURRENT STATUS IS LONG
-----
return before 14h30:
BTCUSDT+1.53%, ETHUSDT+3.28%, XRPUSDT+1.04%
-----
target alloc initial:BTCUSDT+16.67%, ETHUSDT+16.67%, XRPUSDT+16.67%
-----
alloc target x rt%<0:BTCUSDT+16.67%, ETHUSDT+16.67%, XRPUSDT+16.67%
-----
           BTCUSDT ETHUSDT XRPUSDT
w_target     16.7%   16.7%   16.7%
rt_14h30     0.02%   0.03%   0.01%
w_target_f   16.7%   16.7%   16.7%
2024-09-02 19:31:05,327
Portfolio was rebalanced less than 2 hours ago, 1.0 hours ago
2024-09-02 19:31:05,328
Status: prev = LONG <> LONG = target
2024-09-02 19:31:05,328
the strat is currently running @ 02-09-2024 and the target positions is LONG
the strat was previously run @ 2024-09-02 18:30:59, success:? 
   and the current positions is LONG
2024-09-02 19:31:06,450
positions_future #2
2024-09-02 19:31:06,450
      symbol  positionAmt entryPrice  ... adlQuantile AUMs_account        w%
136  XRPUSDT       87.300     0.5614  ...           2        294.5  0.167193
174  ETHUSDT        0.019    2523.46  ...           2        294.5  0.162824

[2 rows x 12 columns]
2024-09-02 19:31:06,679
------------------------------
binance_account_balance
2024-09-02 19:31:06,679
  asset    balance  ...  marginAvailable   updateTime
4  USDT  294.26156  ...             True  02Sep-18:32

[1 rows x 8 columns]
2024-09-02 19:31:07,313
------------------------------
open_orders
2024-09-02 19:31:07,314
Empty DataFrame
Columns: []
Index: []
2024-09-02 19:31:07,924
------------------------------
AUMS account:294

2024-09-02 19:31:07,926
--------------- compute_futures_order_book() ----------------
2024-09-02 19:31:09,381
----------------------------------------------------------------------
#0 order(s) to place
gross$: 0$ | net$: +0$
gross%: 0% | net%: +0%
 || w>0%  +0% | w<0%  0%
----------------------------------------------------------------------
PTF Expo% 32.9% >> 50.0% (current>>target)
PTF expo $97.0 >> $147 (current>>target)
----------------------------------------------------------------------
2024-09-02 19:31:09,382
orders_ofthe_day
2024-09-02 19:31:09,382
Empty DataFrame
Columns: [ptf_usd, target_usd, totrd_usd, posttrd_usd, qty, posttrd_qty, posttrd_w, bid, ask, strategy]
Index: []
2024-09-02 19:31:09,445
Orders of the day is empty, current and target potfolios are aligned
2024-09-02 19:31:09,445
Program stopped
