2024-07-31 02:31:07,727
ON program started 20240731 02:31:07,
US time: 20240730 22:31:07
2024-07-31 02:31:08,692
the strat is currently running @ 31-07-2024 and the target positions is NEUTRAL
2024-07-31 02:31:10,016
CURRENT STATUS IS NEUTRAL
-----
return before 14h30:
BTCUSDT+0.28%, ETHUSDT+0.78%, XRPUSDT+3.89%
-----
target alloc initial:BTCUSDT+0.00%, ETHUSDT+0.00%, XRPUSDT+0.00%
-----
alloc target x rt%<0:BTCUSDT+0.00%, ETHUSDT+0.00%, XRPUSDT+0.00%
-----
           BTCUSDT ETHUSDT XRPUSDT
w_target      0.0%    0.0%    0.0%
rt_14h30     0.00%   0.01%   0.04%
w_target_f    0.0%    0.0%    0.0%
2024-07-31 02:31:10,017
Portfolio was rebalanced less than 2 hours ago, 1.0 hours ago
2024-07-31 02:31:10,019
Status: prev = NEUTRAL <> SHORT = target
2024-07-31 02:31:10,019
the strat is currently running @ 31-07-2024 and the target positions is NEUTRAL
the strat was previously run @ 2024-07-31 01:30:37, success:yes 
   and the current positions is SHORT
2024-07-31 02:31:11,182
positions_future #0
2024-07-31 02:31:11,182
Empty DataFrame
Columns: [symbol, positionAmt, entryPrice, breakEvenPrice, markPrice, unRealizedProfit, value_usd, updateTime, isolated, adlQuantile, AUMs_account, w%]
Index: []
2024-07-31 02:31:11,392
------------------------------
binance_account_balance
2024-07-31 02:31:11,392
  asset     balance  ...  marginAvailable   updateTime
4  USDT  292.610082  ...             True  30Jul-22:32

[1 rows x 8 columns]
2024-07-31 02:31:11,613
------------------------------
open_orders
2024-07-31 02:31:11,614
Empty DataFrame
Columns: []
Index: []
2024-07-31 02:31:12,225
------------------------------
AUMS account:292

2024-07-31 02:31:12,227
--------------- compute_futures_order_book() ----------------
2024-07-31 02:31:13,697
----------------------------------------------------------------------
#0 order(s) to place
gross$: 0$ | net$: +0$
gross%: 0% | net%: +0%
 || w>0%  +0% | w<0%  0%
----------------------------------------------------------------------
PTF Expo% 0.0% >> 0.0% (current>>target)
PTF expo $0.0 >> $0 (current>>target)
----------------------------------------------------------------------
2024-07-31 02:31:13,699
orders_ofthe_day
2024-07-31 02:31:13,699
Empty DataFrame
Columns: [ptf_usd, target_usd, totrd_usd, posttrd_usd, qty, posttrd_qty, posttrd_w, bid, ask, strategy]
Index: []
2024-07-31 02:31:13,768
Orders of the day is empty, current and target potfolios are aligned
2024-07-31 02:31:13,768
Program stopped
