2024-08-22 00:30:54,128
ON program started 20240822 00:30:54,
US time: 20240821 20:30:54
2024-08-22 00:30:55,385
the strat is currently running @ 22-08-2024 and the target positions is SHORT
2024-08-22 00:30:57,097
CURRENT STATUS IS SHORT, WE CHECK IF THE DAY IS A NEGATIVE ONE
-----
return before 14h30:
BTCUSDT-0.19%, ETHUSDT+0.09%, XRPUSDT-0.03%
-----
target alloc initial:BTCUSDT-4.17%, ETHUSDT+0.00%, XRPUSDT-4.17%
-----
alloc target x rt%<0:BTCUSDT-4.17%, ETHUSDT+0.00%, XRPUSDT-4.17%
-----
           BTCUSDT ETHUSDT XRPUSDT
w_target     -4.2%    0.0%   -4.2%
rt_14h30    -0.00%   0.00%  -0.00%
w_target_f   -4.2%    0.0%   -4.2%
2024-08-22 00:30:57,098
Portfolio was rebalanced less than 2 hours ago, 1.0 hours ago
2024-08-22 00:30:57,099
Status: prev = SHORT <> SHORT = target
2024-08-22 00:30:57,100
the strat is currently running @ 22-08-2024 and the target positions is SHORT
the strat was previously run @ 2024-08-21 23:30:53, success:yes 
   and the current positions is SHORT
2024-08-22 00:30:58,227
positions_future #0
2024-08-22 00:30:58,228
Empty DataFrame
Columns: [symbol, positionAmt, entryPrice, breakEvenPrice, markPrice, unRealizedProfit, value_usd, updateTime, isolated, adlQuantile, AUMs_account, w%]
Index: []
2024-08-22 00:30:58,292
programm stoppeddd!!! 20240822_003058
