2024-09-08 02:30:34,300
ON program started 20240908 02:30:34,
US time: 20240907 22:30:34
2024-09-08 02:30:35,092
the strat is currently running @ 08-09-2024 and the target positions is NEUTRAL
2024-09-08 02:30:36,422
CURRENT STATUS IS NEUTRAL
-----
return before 14h30:
BTCUSDT+0.58%, ETHUSDT+0.58%, XRPUSDT+0.53%
-----
target alloc initial:BTCUSDT+0.00%, ETHUSDT+0.00%, XRPUSDT+0.00%
-----
alloc target x rt%<0:BTCUSDT+0.00%, ETHUSDT+0.00%, XRPUSDT+0.00%
-----
           BTCUSDT ETHUSDT XRPUSDT
w_target      0.0%    0.0%    0.0%
rt_14h30     0.01%   0.01%   0.01%
w_target_f    0.0%    0.0%    0.0%
2024-09-08 02:30:36,423
Portfolio was rebalanced less than 2 hours ago, 1.0 hours ago
2024-09-08 02:30:36,425
Status: prev = NEUTRAL <> SHORT = target
2024-09-08 02:30:36,425
the strat is currently running @ 08-09-2024 and the target positions is NEUTRAL
the strat was previously run @ 2024-09-08 01:30:43, success:yes 
   and the current positions is SHORT
2024-09-08 02:30:37,544
positions_future #0
2024-09-08 02:30:37,544
Empty DataFrame
Columns: [symbol, positionAmt, entryPrice, breakEvenPrice, markPrice, unRealizedProfit, value_usd, updateTime, isolated, adlQuantile, AUMs_account, w%]
Index: []
2024-09-08 02:30:37,755
------------------------------
binance_account_balance
2024-09-08 02:30:37,755
  asset     balance  ...  marginAvailable   updateTime
4  USDT  294.071769  ...             True  07Sep-22:35

[1 rows x 8 columns]
2024-09-08 02:30:37,974
------------------------------
open_orders
2024-09-08 02:30:37,974
Empty DataFrame
Columns: []
Index: []
2024-09-08 02:30:38,588
------------------------------
AUMS account:294

2024-09-08 02:30:38,589
--------------- compute_futures_order_book() ----------------
2024-09-08 02:30:40,044
----------------------------------------------------------------------
#0 order(s) to place
gross$: 0$ | net$: +0$
gross%: 0% | net%: +0%
 || w>0%  +0% | w<0%  0%
----------------------------------------------------------------------
PTF Expo% 0.0% >> 0.0% (current>>target)
PTF expo $0.0 >> $0 (current>>target)
----------------------------------------------------------------------
2024-09-08 02:30:40,045
orders_ofthe_day
2024-09-08 02:30:40,045
Empty DataFrame
Columns: [ptf_usd, target_usd, totrd_usd, posttrd_usd, qty, posttrd_qty, posttrd_w, bid, ask, strategy]
Index: []
2024-09-08 02:30:40,104
Orders of the day is empty, current and target potfolios are aligned
2024-09-08 02:30:40,104
Program stopped
