2024-04-03 20:30:42,883
ON program started 20240403 20:30:42,
US time: 20240403 16:30:42
2024-04-03 20:30:43,366
the strat is currently running @ 03-04-2024 and the target positions is LONG
2024-04-03 20:30:44,758
CURRENT STATUS IS LONG
-----
return before 14h30:
BTCUSDT+0.52%, ETHUSDT+1.00%, XRPUSDT-1.11%
-----
target alloc initial:BTCUSDT+16.67%, ETHUSDT+16.67%, XRPUSDT+16.67%
-----
alloc target x rt%<0:BTCUSDT+16.67%, ETHUSDT+16.67%, XRPUSDT+16.67%
-----
           BTCUSDT ETHUSDT XRPUSDT
w_target     16.7%   16.7%   16.7%
rt_14h30     0.01%   0.01%  -0.01%
w_target_f   16.7%   16.7%   16.7%
2024-04-03 20:30:44,759
Portfolio was rebalanced less than 2 hours ago, 1.0 hours ago
2024-04-03 20:30:44,760
Status: prev = LONG <> LONG = target
2024-04-03 20:30:44,761
the strat is currently running @ 03-04-2024 and the target positions is LONG
the strat was previously run @ 2024-04-03 19:31:03, success:yes 
   and the current positions is LONG
2024-04-03 20:30:45,955
positions_future #2
2024-04-03 20:30:45,955
      symbol  positionAmt entryPrice  ... adlQuantile AUMs_account        w%
158  ETHUSDT        0.015     3285.9  ...           3        289.8  0.170930
125  XRPUSDT       83.700     0.5733  ...           3        289.8  0.165539

[2 rows x 12 columns]
2024-04-03 20:30:46,037
programm stoppeddd!!! 20240403_203046
