2024-07-10 02:30:38,025
ON program started 20240710 02:30:38,
US time: 20240709 22:30:38
2024-07-10 02:30:38,898
the strat is currently running @ 10-07-2024 and the target positions is NEUTRAL
2024-07-10 02:30:40,213
CURRENT STATUS IS NEUTRAL
-----
return before 14h30:
BTCUSDT-0.55%, ETHUSDT-0.20%, XRPUSDT-0.57%
-----
target alloc initial:BTCUSDT+0.00%, ETHUSDT+0.00%, XRPUSDT+0.00%
-----
alloc target x rt%<0:BTCUSDT+0.00%, ETHUSDT+0.00%, XRPUSDT+0.00%
-----
           BTCUSDT ETHUSDT XRPUSDT
w_target      0.0%    0.0%    0.0%
rt_14h30    -0.01%  -0.00%  -0.01%
w_target_f    0.0%    0.0%    0.0%
2024-07-10 02:30:40,214
Portfolio was rebalanced less than 2 hours ago, 1.0 hours ago
2024-07-10 02:30:40,216
Status: prev = NEUTRAL <> SHORT = target
2024-07-10 02:30:40,216
the strat is currently running @ 10-07-2024 and the target positions is NEUTRAL
the strat was previously run @ 2024-07-10 01:31:02, success:yes 
   and the current positions is SHORT
2024-07-10 02:30:41,353
positions_future #0
2024-07-10 02:30:41,353
Empty DataFrame
Columns: [symbol, positionAmt, entryPrice, breakEvenPrice, markPrice, unRealizedProfit, value_usd, updateTime, isolated, adlQuantile, AUMs_account, w%]
Index: []
2024-07-10 02:30:41,564
------------------------------
binance_account_balance
2024-07-10 02:30:41,564
  asset     balance  ...  marginAvailable   updateTime
4  USDT  293.034338  ...             True  09Jul-22:32

[1 rows x 8 columns]
2024-07-10 02:30:41,783
------------------------------
open_orders
2024-07-10 02:30:41,783
Empty DataFrame
Columns: []
Index: []
2024-07-10 02:30:42,398
------------------------------
AUMS account:293

2024-07-10 02:30:42,400
--------------- compute_futures_order_book() ----------------
2024-07-10 02:30:43,864
----------------------------------------------------------------------
#0 order(s) to place
gross$: 0$ | net$: +0$
gross%: 0% | net%: +0%
 || w>0%  +0% | w<0%  0%
----------------------------------------------------------------------
PTF Expo% 0.0% >> 0.0% (current>>target)
PTF expo $0.0 >> $0 (current>>target)
----------------------------------------------------------------------
2024-07-10 02:30:43,866
orders_ofthe_day
2024-07-10 02:30:43,866
Empty DataFrame
Columns: [ptf_usd, target_usd, totrd_usd, posttrd_usd, qty, posttrd_qty, posttrd_w, bid, ask, strategy]
Index: []
2024-07-10 02:30:43,927
Orders of the day is empty, current and target potfolios are aligned
2024-07-10 02:30:43,927
Program stopped
