2024-02-08 20:31:02,482
ON program started 20240208 20:31:02,
US time: 20240208 15:31:02
2024-02-08 20:31:03,566
the strat is currently running @ 08-02-2024 and the target positions is LONG
2024-02-08 20:31:04,985
CURRENT STATUS IS LONG
-----
return before 14h30:
BTCUSDT+1.43%, ETHUSDT-0.00%, XRPUSDT+0.18%
-----
target alloc initial:BTCUSDT+16.67%, ETHUSDT+16.67%, XRPUSDT+16.67%
-----
alloc target x rt%<0:BTCUSDT+16.67%, ETHUSDT+16.67%, XRPUSDT+16.67%
-----
           BTCUSDT ETHUSDT XRPUSDT
w_target     16.7%   16.7%   16.7%
rt_14h30     0.01%  -0.00%   0.00%
w_target_f   16.7%   16.7%   16.7%
2024-02-08 20:31:04,986
Portfolio was rebalanced less than 2 hours ago, 1.0 hours ago
2024-02-08 20:31:04,988
Status: prev = LONG <> LONG = target
2024-02-08 20:31:04,988
the strat is currently running @ 08-02-2024 and the target positions is LONG
the strat was previously run @ 2024-02-08 19:30:44, success:? 
   and the current positions is LONG
2024-02-08 20:31:06,186
positions_future #2
2024-02-08 20:31:06,186
      symbol  positionAmt entryPrice  ... adlQuantile AUMs_account        w%
148  ETHUSDT         0.02    2430.09  ...           1        290.4  0.167085
119  XRPUSDT        93.00      0.517  ...           1        290.4  0.165470

[2 rows x 12 columns]
2024-02-08 20:31:06,438
------------------------------
binance_account_balance
2024-02-08 20:31:06,438
  asset     balance  ...  marginAvailable   updateTime
5  USDT  290.477238  ...             True  08Feb-19:32

[1 rows x 8 columns]
2024-02-08 20:31:07,106
------------------------------
open_orders
2024-02-08 20:31:07,106
Empty DataFrame
Columns: []
Index: []
2024-02-08 20:31:07,760
------------------------------
AUMS account:290

2024-02-08 20:31:07,762
--------------- compute_futures_order_book() ----------------
2024-02-08 20:31:09,311
----------------------------------------------------------------------
#0 order(s) to place
gross$: 0$ | net$: +0$
gross%: 0% | net%: +0%
 || w>0%  +0% | w<0%  0%
----------------------------------------------------------------------
PTF Expo% 33.4% >> 50.0% (current>>target)
PTF expo $97.0 >> $145 (current>>target)
----------------------------------------------------------------------
2024-02-08 20:31:09,312
orders_ofthe_day
2024-02-08 20:31:09,312
Empty DataFrame
Columns: [ptf_usd, target_usd, totrd_usd, posttrd_usd, qty, posttrd_qty, posttrd_w, bid, ask, strategy]
Index: []
2024-02-08 20:31:09,372
Orders of the day is empty, current and target potfolios are aligned
2024-02-08 20:31:09,372
Program stopped
