2024-07-08 22:30:35,249
ON program started 20240708 22:30:35,
US time: 20240708 18:30:35
2024-07-08 22:30:35,764
the strat is currently running @ 08-07-2024 and the target positions is SHORT
2024-07-08 22:30:37,482
CURRENT STATUS IS SHORT, WE CHECK IF THE DAY IS A NEGATIVE ONE
-----
return before 14h30:
BTCUSDT+2.47%, ETHUSDT+3.65%, XRPUSDT+4.46%
-----
target alloc initial:BTCUSDT-4.17%, ETHUSDT+0.00%, XRPUSDT-4.17%
-----
alloc target x rt%<0:BTCUSDT-0.00%, ETHUSDT+0.00%, XRPUSDT-0.00%
-----
           BTCUSDT ETHUSDT XRPUSDT
w_target     -4.2%    0.0%   -4.2%
rt_14h30     0.02%   0.04%   0.04%
w_target_f   -0.0%    0.0%   -0.0%
2024-07-08 22:30:37,483
Portfolio was rebalanced less than 2 hours ago, 1.0 hours ago
2024-07-08 22:30:37,484
Status: prev = SHORT <> LONG = target
2024-07-08 22:30:37,484
the strat is currently running @ 08-07-2024 and the target positions is SHORT
the strat was previously run @ 2024-07-08 21:30:58, success:yes 
   and the current positions is LONG
2024-07-08 22:30:38,613
positions_future #2
2024-07-08 22:30:38,614
      symbol  positionAmt entryPrice  ... adlQuantile AUMs_account        w%
131  XRPUSDT      114.600     0.4288  ...           3        293.1  0.168814
166  ETHUSDT        0.016    2977.14  ...           2        293.1  0.165589

[2 rows x 12 columns]
2024-07-08 22:30:38,839
------------------------------
binance_account_balance
2024-07-08 22:30:38,839
  asset    balance  ...  marginAvailable   updateTime
4  USDT  291.83483  ...             True  08Jul-18:35

[1 rows x 8 columns]
2024-07-08 22:30:39,463
------------------------------
open_orders
2024-07-08 22:30:39,463
Empty DataFrame
Columns: []
Index: []
2024-07-08 22:30:40,078
------------------------------
AUMS account:293

2024-07-08 22:30:40,079
--------------- compute_futures_order_book() ----------------
2024-07-08 22:30:41,539
----------------------------------------------------------------------
#2 order(s) to place
gross$: 98$ | net$: -98$
gross%: 33% | net%: -33%
 || w>0%  +0% | w<0%  -33%
----------------------------------------------------------------------
PTF Expo% 33.4% >> 0.0% (current>>target)
PTF expo $98.0 >> $0 (current>>target)
----------------------------------------------------------------------
2024-07-08 22:30:41,540
orders_ofthe_day
2024-07-08 22:30:41,540
                  ptf_usd  target_usd  totrd_usd  ...        bid        ask strategy
2024-07-08 22:30                                  ...                               
XRPUSDT              49.0        -0.0      -49.0  ...     0.4317     0.4318  STRATON
ETHUSDT              49.0         0.0      -49.0  ...  3032.9300  3032.9400  STRATON

[2 rows x 10 columns]
2024-07-08 22:30:43,028
binance_place_orders_peg 20240708_223043
2024-07-08 22:30:43,440
{'orderId': 60064075177, 'symbol': 'XRPUSDT', 'status': 'NEW', 'clientOrderId': 'STRATON', 'price': '0.4320', 'avgPrice': '0.00', 'origQty': '114.6', 'executedQty': '0.0', 'cumQty': '0.0', 'cumQuote': '0.00000', 'timeInForce': 'GTC', 'type': 'LIMIT', 'reduceOnly': False, 'closePosition': False, 'side': 'SELL', 'positionSide': 'BOTH', 'stopPrice': '0.0000', 'workingType': 'CONTRACT_PRICE', 'priceProtect': False, 'origType': 'LIMIT', 'priceMatch': 'NONE', 'selfTradePreventionMode': 'NONE', 'goodTillDate': 0, 'updateTime': 1720477843337}
2024-07-08 22:30:43,851
{'orderId': 8389765699225379329, 'symbol': 'ETHUSDT', 'status': 'NEW', 'clientOrderId': 'STRATON', 'price': '3034.36', 'avgPrice': '0.00', 'origQty': '0.016', 'executedQty': '0.000', 'cumQty': '0.000', 'cumQuote': '0.00000', 'timeInForce': 'GTC', 'type': 'LIMIT', 'reduceOnly': False, 'closePosition': False, 'side': 'SELL', 'positionSide': 'BOTH', 'stopPrice': '0.00', 'workingType': 'CONTRACT_PRICE', 'priceProtect': False, 'origType': 'LIMIT', 'priceMatch': 'NONE', 'selfTradePreventionMode': 'NONE', 'goodTillDate': 0, 'updateTime': 1720477843748}
2024-07-08 22:30:45,313
update 0: filled 0 / 2 () | working 2 / 2 (-XRPUSDT,-ETHUSDT)
2024-07-08 22:30:49,314
-XRPUSDT: bp7.0|-ETHUSDT: bp7.0|
2024-07-08 22:30:50,135
update 1: filled 0 / 2 () | working 2 / 2 (-XRPUSDT,-ETHUSDT)
2024-07-08 22:30:54,136
-XRPUSDT: bp7.0|-ETHUSDT: bp4.0|
2024-07-08 22:30:54,955
update 2: filled 0 / 2 () | working 2 / 2 (-XRPUSDT,-ETHUSDT)
2024-07-08 22:30:58,955
-XRPUSDT: bp7.0|-ETHUSDT: bp2.0|
2024-07-08 22:30:59,773
update 3: filled 0 / 2 () | working 2 / 2 (-XRPUSDT,-ETHUSDT)
2024-07-08 22:31:03,773
-XRPUSDT: bp7.0|-ETHUSDT: bp2.0|
2024-07-08 22:31:04,592
update 4: filled 0 / 2 () | working 2 / 2 (-XRPUSDT,-ETHUSDT)
2024-07-08 22:31:08,592
-XRPUSDT: bp7.0|-ETHUSDT: bp2.0|
2024-07-08 22:31:09,412
update 5: filled 0 / 2 () | working 2 / 2 (-XRPUSDT,-ETHUSDT)
2024-07-08 22:31:13,412
-XRPUSDT: bp7.0|-ETHUSDT: bp4.0|
2024-07-08 22:31:14,230
update 6: filled 0 / 2 () | working 2 / 2 (-XRPUSDT,-ETHUSDT)
2024-07-08 22:31:18,231
-XRPUSDT: bp7.0|-ETHUSDT: bp5.0|
2024-07-08 22:31:19,050
update 7: filled 0 / 2 () | working 2 / 2 (-XRPUSDT,-ETHUSDT)
2024-07-08 22:31:23,051
-XRPUSDT: bp9.0|-ETHUSDT: bp8.0|
2024-07-08 22:31:23,869
update 8: filled 0 / 2 () | working 2 / 2 (-XRPUSDT,-ETHUSDT)
2024-07-08 22:31:27,870
-XRPUSDT: bp9.0|-ETHUSDT: bp7.0|
2024-07-08 22:31:28,688
update 9: filled 0 / 2 () | working 2 / 2 (-XRPUSDT,-ETHUSDT)
2024-07-08 22:31:32,689
-XRPUSDT: bp7.0|-ETHUSDT: bp8.0|
2024-07-08 22:31:33,508
update 10: filled 0 / 2 () | working 2 / 2 (-XRPUSDT,-ETHUSDT)
2024-07-08 22:31:37,509
-XRPUSDT: bp9.0|-ETHUSDT: bp7.0|
2024-07-08 22:31:38,329
update 11: filled 0 / 2 () | working 2 / 2 (-XRPUSDT,-ETHUSDT)
2024-07-08 22:31:42,334
-XRPUSDT: bp9.0|-ETHUSDT: bp8.0|
2024-07-08 22:31:43,158
update 12: filled 0 / 2 () | working 2 / 2 (-XRPUSDT,-ETHUSDT)
2024-07-08 22:31:47,159
-XRPUSDT: bp9.0|-ETHUSDT: bp9.0|
2024-07-08 22:31:47,977
update 13: filled 0 / 2 () | working 2 / 2 (-XRPUSDT,-ETHUSDT)
2024-07-08 22:31:51,978
-XRPUSDT: bp7.0|-ETHUSDT: bp8.0|
2024-07-08 22:31:52,797
update 14: filled 0 / 2 () | working 2 / 2 (-XRPUSDT,-ETHUSDT)
2024-07-08 22:31:56,798
-XRPUSDT: bp7.0|-ETHUSDT: bp9.0|
2024-07-08 22:31:56,798
Adjustment limit #1 ... 
 we cancel current orders and replace
2024-07-08 22:31:56,798
@+/-2.5bp limit 
2024-07-08 22:31:56,798
binance_cancel_and_replace_orders_peg 20240708_223156
2024-07-08 22:31:58,868
binance_place_orders_peg 20240708_223158
2024-07-08 22:31:59,286
{'orderId': 60064125824, 'symbol': 'XRPUSDT', 'status': 'NEW', 'clientOrderId': 'STRATON', 'price': '0.4319', 'avgPrice': '0.00', 'origQty': '114.6', 'executedQty': '0.0', 'cumQty': '0.0', 'cumQuote': '0.00000', 'timeInForce': 'GTC', 'type': 'LIMIT', 'reduceOnly': False, 'closePosition': False, 'side': 'SELL', 'positionSide': 'BOTH', 'stopPrice': '0.0000', 'workingType': 'CONTRACT_PRICE', 'priceProtect': False, 'origType': 'LIMIT', 'priceMatch': 'NONE', 'selfTradePreventionMode': 'NONE', 'goodTillDate': 0, 'updateTime': 1720477919175}
2024-07-08 22:31:59,702
{'orderId': 8389765699225769558, 'symbol': 'ETHUSDT', 'status': 'NEW', 'clientOrderId': 'STRATON', 'price': '3032.80', 'avgPrice': '0.00', 'origQty': '0.016', 'executedQty': '0.000', 'cumQty': '0.000', 'cumQuote': '0.00000', 'timeInForce': 'GTC', 'type': 'LIMIT', 'reduceOnly': False, 'closePosition': False, 'side': 'SELL', 'positionSide': 'BOTH', 'stopPrice': '0.00', 'workingType': 'CONTRACT_PRICE', 'priceProtect': False, 'origType': 'LIMIT', 'priceMatch': 'NONE', 'selfTradePreventionMode': 'NONE', 'goodTillDate': 0, 'updateTime': 1720477919593}
2024-07-08 22:32:00,528
update 0: filled 0 / 2 () | working 2 / 2 (-XRPUSDT,-ETHUSDT)
2024-07-08 22:32:04,529
-XRPUSDT: bp5.0|-ETHUSDT: bp4.0|
2024-07-08 22:32:05,348
update 1: filled 1 / 2 (-ETHUSDT) | working 1 / 2 (-XRPUSDT)
2024-07-08 22:32:09,348
-XRPUSDT: bp5.0|
2024-07-08 22:32:10,166
update 2: filled 1 / 2 (-ETHUSDT) | working 1 / 2 (-XRPUSDT)
2024-07-08 22:32:14,167
-XRPUSDT: bp5.0|
2024-07-08 22:32:14,986
update 3: filled 1 / 2 (-ETHUSDT) | working 1 / 2 (-XRPUSDT)
2024-07-08 22:32:18,986
-XRPUSDT: bp5.0|
2024-07-08 22:32:19,806
update 4: filled 1 / 2 (-ETHUSDT) | working 1 / 2 (-XRPUSDT)
2024-07-08 22:32:23,806
-XRPUSDT: bp5.0|
2024-07-08 22:32:24,625
update 5: filled 1 / 2 (-ETHUSDT) | working 1 / 2 (-XRPUSDT)
2024-07-08 22:32:28,626
-XRPUSDT: bp2.0|
2024-07-08 22:32:29,454
update 6: filled 1 / 2 (-ETHUSDT) | working 1 / 2 (-XRPUSDT)
2024-07-08 22:32:33,455
-XRPUSDT: bp5.0|
2024-07-08 22:32:34,276
update 7: filled 2 / 2 (-XRPUSDT,-ETHUSDT) | working 0 / 2 ()
2024-07-08 22:32:40,573
Trades of the day
in$
as of: 08Jul 22:32>>22:32 (#trades: 2)
trade net: -98.0 (-33.4%), trade gross: +98.0 (+33.4%), BUY: +0.0 (+0.0%), SELL: -98.0 (-33.4%)
fees: $ 0.02 (2.0bp)
2024-07-08 22:32:41,004
Trades: 
Filled #2
______________________________________________
                   in$ | in bp 98 traded | in bp 293 AUMs
realizedPnl    +1.25   | +128    | +43    
PnLvsArrival   +0.02   | +2      | +1     
PnLvsLast      -0.04   | -4      | -1     
______________________________________________
                 | Value$ | PnL Arrival/Last 
______________________________________________
XRP:-114.6@0.4319 | -49$ | 0.02/-0.01
ETH:-0.016@3032.8 | -49$ | -0/-0.03
