2024-01-08 02:31:03,222
ON program started 20240108 02:31:03,
US time: 20240107 21:31:03
2024-01-08 02:31:04,148
the strat is currently running @ 08-01-2024 and the target positions is SHORT
2024-01-08 02:31:05,974
CURRENT STATUS IS SHORT, WE CHECK IF THE DAY IS A NEGATIVE ONE
-----
return before 14h30:
BTCUSDT+0.00%, ETHUSDT+0.00%, XRPUSDT+0.00%
-----
target alloc initial:BTCUSDT-4.17%, ETHUSDT+0.00%, XRPUSDT-4.17%
-----
alloc target x rt%<0:BTCUSDT-0.00%, ETHUSDT+0.00%, XRPUSDT-0.00%
-----
           BTCUSDT ETHUSDT XRPUSDT
w_target     -4.2%    0.0%   -4.2%
rt_14h30     0.00%   0.00%   0.00%
w_target_f   -0.0%    0.0%   -0.0%
2024-01-08 02:31:05,976
Portfolio was rebalanced less than 2 hours ago, 1.0 hours ago
2024-01-08 02:31:05,979
Status: prev = SHORT <> SHORT = target
2024-01-08 02:31:05,979
the strat is currently running @ 08-01-2024 and the target positions is SHORT
the strat was previously run @ 2024-01-08 01:31:06 UTC, success:yes 
   and the current positions is SHORT
2024-01-08 02:31:06,591
positions_future #0
2024-01-08 02:31:06,591
Empty DataFrame
Columns: [symbol, positionAmt, entryPrice, breakEvenPrice, markPrice, unRealizedProfit, value_usd, updateTime, isolated, adlQuantile, AUMs_account, w%]
Index: []
2024-01-08 02:31:06,666
programm stoppeddd!!! 20240108_023106
