2024-09-28 00:30:43,300
ON program started 20240928 00:30:43,
US time: 20240927 20:30:43
2024-09-28 00:30:44,401
the strat is currently running @ 28-09-2024 and the target positions is SHORT
2024-09-28 00:30:45,811
CURRENT STATUS IS SHORT, WE CHECK IF THE DAY IS A NEGATIVE ONE
-----
return before 14h30:
BTCUSDT-0.04%, ETHUSDT-0.09%, XRPUSDT-0.12%
-----
target alloc initial:BTCUSDT-4.17%, ETHUSDT+0.00%, XRPUSDT-4.17%
-----
alloc target x rt%<0:BTCUSDT-4.17%, ETHUSDT+0.00%, XRPUSDT-4.17%
-----
           BTCUSDT ETHUSDT XRPUSDT
w_target     -4.2%    0.0%   -4.2%
rt_14h30    -0.00%  -0.00%  -0.00%
w_target_f   -4.2%    0.0%   -4.2%
2024-09-28 00:30:45,812
Portfolio was rebalanced less than 2 hours ago, 1.0 hours ago
2024-09-28 00:30:45,813
Status: prev = SHORT <> SHORT = target
2024-09-28 00:30:45,813
the strat is currently running @ 28-09-2024 and the target positions is SHORT
the strat was previously run @ 2024-09-27 23:30:57, success:? 
   and the current positions is SHORT
2024-09-28 00:30:46,981
positions_future #1
2024-09-28 00:30:46,982
      symbol  positionAmt entryPrice  ... adlQuantile AUMs_account        w%
182  ETHUSDT        0.018    2687.01  ...           1        293.5  0.164938

[1 rows x 12 columns]
2024-09-28 00:30:47,226
------------------------------
binance_account_balance
2024-09-28 00:30:47,226
  asset     balance  ...  marginAvailable   updateTime
4  USDT  293.470438  ...             True  27Sep-18:31

[1 rows x 8 columns]
2024-09-28 00:30:47,666
------------------------------
open_orders
2024-09-28 00:30:47,666
Empty DataFrame
Columns: []
Index: []
2024-09-28 00:30:48,302
------------------------------
AUMS account:293

2024-09-28 00:30:48,304
--------------- compute_futures_order_book() ----------------
2024-09-28 00:30:49,809
----------------------------------------------------------------------
#2 order(s) to place
gross$: 60$ | net$: -60$
gross%: 20% | net%: -20%
 || w>0%  +0% | w<0%  -20%
----------------------------------------------------------------------
PTF Expo% 16.3% >> -8.3% (current>>target)
PTF expo $48.0 >> $-24 (current>>target)
----------------------------------------------------------------------
2024-09-28 00:30:49,811
orders_ofthe_day
2024-09-28 00:30:49,811
                  ptf_usd  target_usd  totrd_usd  ...       bid        ask strategy
2024-09-28 00:30                                  ...                              
ETHUSDT              48.0        0.00      -48.0  ...  2689.290  2689.3000  STRATON
XRPUSDT               0.0      -12.24      -12.0  ...     0.588     0.5881  STRATON

[2 rows x 10 columns]
2024-09-28 00:30:52,178
binance_place_orders_peg 20240928_003052
2024-09-28 00:30:52,603
{'orderId': 8389765738764017779, 'symbol': 'ETHUSDT', 'status': 'NEW', 'clientOrderId': 'STRATON', 'price': '2690.77', 'avgPrice': '0.00', 'origQty': '0.018', 'executedQty': '0.000', 'cumQty': '0.000', 'cumQuote': '0.00000', 'timeInForce': 'GTC', 'type': 'LIMIT', 'reduceOnly': True, 'closePosition': False, 'side': 'SELL', 'positionSide': 'BOTH', 'stopPrice': '0.00', 'workingType': 'CONTRACT_PRICE', 'priceProtect': False, 'origType': 'LIMIT', 'priceMatch': 'NONE', 'selfTradePreventionMode': 'NONE', 'goodTillDate': 0, 'updateTime': 1727483452500}
2024-09-28 00:30:53,027
{'orderId': 66506685809, 'symbol': 'XRPUSDT', 'status': 'NEW', 'clientOrderId': 'STRATON', 'price': '0.5884', 'avgPrice': '0.00', 'origQty': '20.4', 'executedQty': '0.0', 'cumQty': '0.0', 'cumQuote': '0.00000', 'timeInForce': 'GTC', 'type': 'LIMIT', 'reduceOnly': False, 'closePosition': False, 'side': 'SELL', 'positionSide': 'BOTH', 'stopPrice': '0.0000', 'workingType': 'CONTRACT_PRICE', 'priceProtect': False, 'origType': 'LIMIT', 'priceMatch': 'NONE', 'selfTradePreventionMode': 'NONE', 'goodTillDate': 0, 'updateTime': 1727483452925}
2024-09-28 00:30:54,545
update 0: filled 0 / 2 () | working 2 / 2 (-ETHUSDT,-XRPUSDT)
2024-09-28 00:30:58,546
-ETHUSDT: bp6.0|-XRPUSDT: bp7.0|
2024-09-28 00:30:59,392
update 1: filled 1 / 2 (-ETHUSDT) | working 1 / 2 (-XRPUSDT)
2024-09-28 00:31:03,392
-XRPUSDT: bp7.0|
2024-09-28 00:31:04,245
update 2: filled 1 / 2 (-ETHUSDT) | working 1 / 2 (-XRPUSDT)
2024-09-28 00:31:08,246
-XRPUSDT: bp7.0|
2024-09-28 00:31:09,092
update 3: filled 1 / 2 (-ETHUSDT) | working 1 / 2 (-XRPUSDT)
2024-09-28 00:31:13,092
-XRPUSDT: bp5.0|
2024-09-28 00:31:13,948
update 4: filled 1 / 2 (-ETHUSDT) | working 1 / 2 (-XRPUSDT)
2024-09-28 00:31:17,949
-XRPUSDT: bp3.0|
2024-09-28 00:31:18,797
update 5: filled 1 / 2 (-ETHUSDT) | working 1 / 2 (-XRPUSDT)
2024-09-28 00:31:22,798
-XRPUSDT: bp5.0|
2024-09-28 00:31:23,648
update 6: filled 1 / 2 (-ETHUSDT) | working 1 / 2 (-XRPUSDT)
2024-09-28 00:31:27,649
-XRPUSDT: bp3.0|
2024-09-28 00:31:28,497
update 7: filled 1 / 2 (-ETHUSDT) | working 1 / 2 (-XRPUSDT)
2024-09-28 00:31:32,498
-XRPUSDT: bp2.0|
2024-09-28 00:31:33,347
update 8: filled 2 / 2 (-ETHUSDT,-XRPUSDT) | working 0 / 2 ()
