2023-08-23 23:30:57,840
ON program started 20230823 23:30:57,
US time: 20230823 19:30:57
2023-08-23 23:30:58,239
the strat is currently running @ 23-08-2023 and the target positions is SHORT
2023-08-23 23:30:59,642
CURRENT STATUS IS SHORT, WE CHECK IF THE DAY IS A NEGATIVE ONE
-----
return before 14h30:
BTCUSDT+2.05%, ETHUSDT+3.15%, XRPUSDT+2.31%
-----
target alloc initial:BTCUSDT-4.17%, ETHUSDT+0.00%, XRPUSDT-4.17%
-----
alloc target x rt%<0:BTCUSDT-0.00%, ETHUSDT+0.00%, XRPUSDT-0.00%
-----
           BTCUSDT ETHUSDT XRPUSDT
w_target     -4.2%    0.0%   -4.2%
rt_14h30     0.02%   0.03%   0.02%
w_target_f   -0.0%    0.0%   -0.0%
2023-08-23 23:30:59,644
Portfolio was rebalanced less than 2 hours ago, 1.0 hours ago
2023-08-23 23:30:59,646
Status: prev = SHORT <> SHORT = target
2023-08-23 23:30:59,647
the strat is currently running @ 23-08-2023 and the target positions is SHORT
the strat was previously run @ 2023-08-23 22:32:31 UTC, success:yes 
   and the current positions is SHORT
2023-08-23 23:31:00,811
positions_future #0
2023-08-23 23:31:00,811
Empty DataFrame
Columns: [symbol, positionAmt, entryPrice, markPrice, unRealizedProfit, value_usd, updateTime, AUMs_account, w%]
Index: []
2023-08-23 23:31:00,819
programm stoppeddd!!! 20230823_233100
