2024-05-29 22:31:05,497
ON program started 20240529 22:31:05,
US time: 20240529 18:31:05
2024-05-29 22:31:06,001
the strat is currently running @ 29-05-2024 and the target positions is SHORT
2024-05-29 22:31:07,396
CURRENT STATUS IS SHORT, WE CHECK IF THE DAY IS A NEGATIVE ONE
-----
return before 14h30:
BTCUSDT-0.76%, ETHUSDT-1.21%, XRPUSDT+0.17%
-----
target alloc initial:BTCUSDT-4.17%, ETHUSDT+0.00%, XRPUSDT-4.17%
-----
alloc target x rt%<0:BTCUSDT-4.17%, ETHUSDT+0.00%, XRPUSDT-0.00%
-----
           BTCUSDT ETHUSDT XRPUSDT
w_target     -4.2%    0.0%   -4.2%
rt_14h30    -0.01%  -0.01%   0.00%
w_target_f   -4.2%    0.0%   -0.0%
2024-05-29 22:31:07,397
Portfolio was rebalanced less than 2 hours ago, 1.0 hours ago
2024-05-29 22:31:07,399
Status: prev = SHORT <> LONG = target
2024-05-29 22:31:07,399
the strat is currently running @ 29-05-2024 and the target positions is SHORT
the strat was previously run @ 2024-05-29 21:31:11, success:yes 
   and the current positions is LONG
2024-05-29 22:31:08,596
positions_future #2
2024-05-29 22:31:08,596
      symbol  positionAmt entryPrice  ... adlQuantile AUMs_account        w%
161  ETHUSDT        0.013    3756.55  ...           2        289.8  0.169991
128  XRPUSDT       91.200     0.5257  ...           2        289.8  0.165191

[2 rows x 12 columns]
2024-05-29 22:31:08,835
------------------------------
binance_account_balance
2024-05-29 22:31:08,836
  asset     balance  ...  marginAvailable   updateTime
6  USDT  289.464189  ...             True  29May-18:35

[1 rows x 8 columns]
2024-05-29 22:31:09,507
------------------------------
open_orders
2024-05-29 22:31:09,507
Empty DataFrame
Columns: []
Index: []
2024-05-29 22:31:10,163
------------------------------
AUMS account:289

2024-05-29 22:31:10,165
--------------- compute_futures_order_book() ----------------
2024-05-29 22:31:11,721
----------------------------------------------------------------------
#2 order(s) to place
gross$: 97$ | net$: -97$
gross%: 33% | net%: -33%
 || w>0%  +0% | w<0%  -33%
----------------------------------------------------------------------
PTF Expo% 33.4% >> -4.1% (current>>target)
PTF expo $97.0 >> $-12 (current>>target)
----------------------------------------------------------------------
2024-05-29 22:31:11,722
orders_ofthe_day
2024-05-29 22:31:11,722
                  ptf_usd  target_usd  totrd_usd  ...       bid        ask strategy
2024-05-29 22:31                                  ...                              
ETHUSDT              49.0         0.0      -49.0  ...  3789.440  3789.4500  STRATON
XRPUSDT              48.0        -0.0      -48.0  ...     0.525     0.5251  STRATON

[2 rows x 10 columns]
2024-05-29 22:31:13,177
binance_place_orders_peg 20240529_223113
2024-05-29 22:31:13,618
{'orderId': 8389765686137619227, 'symbol': 'ETHUSDT', 'status': 'NEW', 'clientOrderId': 'STRATON', 'price': '3790.94', 'avgPrice': '0.00', 'origQty': '0.013', 'executedQty': '0.000', 'cumQty': '0.000', 'cumQuote': '0.00000', 'timeInForce': 'GTC', 'type': 'LIMIT', 'reduceOnly': False, 'closePosition': False, 'side': 'SELL', 'positionSide': 'BOTH', 'stopPrice': '0.00', 'workingType': 'CONTRACT_PRICE', 'priceProtect': False, 'origType': 'LIMIT', 'priceMatch': 'NONE', 'selfTradePreventionMode': 'NONE', 'goodTillDate': 0, 'updateTime': 1717021873508}
2024-05-29 22:31:14,056
{'orderId': 57523936090, 'symbol': 'XRPUSDT', 'status': 'NEW', 'clientOrderId': 'STRATON', 'price': '0.5254', 'avgPrice': '0.00', 'origQty': '91.2', 'executedQty': '0.0', 'cumQty': '0.0', 'cumQuote': '0.00000', 'timeInForce': 'GTC', 'type': 'LIMIT', 'reduceOnly': False, 'closePosition': False, 'side': 'SELL', 'positionSide': 'BOTH', 'stopPrice': '0.0000', 'workingType': 'CONTRACT_PRICE', 'priceProtect': False, 'origType': 'LIMIT', 'priceMatch': 'NONE', 'selfTradePreventionMode': 'NONE', 'goodTillDate': 0, 'updateTime': 1717021873945}
2024-05-29 22:31:15,618
update 0: filled 0 / 2 () | working 2 / 2 (-ETHUSDT,-XRPUSDT)
2024-05-29 22:31:19,618
-ETHUSDT: bp4.0|-XRPUSDT: bp8.0|
2024-05-29 22:31:20,495
update 1: filled 0 / 2 () | working 2 / 2 (-ETHUSDT,-XRPUSDT)
2024-05-29 22:31:24,496
-ETHUSDT: bp4.0|-XRPUSDT: bp6.0|
2024-05-29 22:31:25,374
update 2: filled 0 / 2 () | working 2 / 2 (-ETHUSDT,-XRPUSDT)
2024-05-29 22:31:29,375
-ETHUSDT: bp5.0|-XRPUSDT: bp8.0|
2024-05-29 22:31:30,250
update 3: filled 0 / 2 () | working 2 / 2 (-ETHUSDT,-XRPUSDT)
2024-05-29 22:31:34,251
-ETHUSDT: bp6.0|-XRPUSDT: bp8.0|
2024-05-29 22:31:35,130
update 4: filled 0 / 2 () | working 2 / 2 (-ETHUSDT,-XRPUSDT)
2024-05-29 22:31:39,130
-ETHUSDT: bp4.0|-XRPUSDT: bp10.0|
2024-05-29 22:31:40,008
update 5: filled 0 / 2 () | working 2 / 2 (-ETHUSDT,-XRPUSDT)
2024-05-29 22:31:44,009
-ETHUSDT: bp4.0|-XRPUSDT: bp10.0|
2024-05-29 22:31:44,917
update 6: filled 0 / 2 () | working 2 / 2 (-ETHUSDT,-XRPUSDT)
2024-05-29 22:31:48,918
-ETHUSDT: bp3.0|-XRPUSDT: bp10.0|
2024-05-29 22:31:49,795
update 7: filled 0 / 2 () | working 2 / 2 (-ETHUSDT,-XRPUSDT)
2024-05-29 22:31:53,795
-ETHUSDT: bp3.0|-XRPUSDT: bp10.0|
2024-05-29 22:31:54,669
update 8: filled 0 / 2 () | working 2 / 2 (-ETHUSDT,-XRPUSDT)
2024-05-29 22:31:58,670
-ETHUSDT: bp3.0|-XRPUSDT: bp10.0|
2024-05-29 22:31:59,544
update 9: filled 0 / 2 () | working 2 / 2 (-ETHUSDT,-XRPUSDT)
2024-05-29 22:32:03,545
-ETHUSDT: bp2.0|-XRPUSDT: bp10.0|
2024-05-29 22:32:04,419
update 10: filled 0 / 2 () | working 2 / 2 (-ETHUSDT,-XRPUSDT)
2024-05-29 22:32:08,420
-ETHUSDT: bp3.0|-XRPUSDT: bp10.0|
2024-05-29 22:32:09,293
update 11: filled 0 / 2 () | working 2 / 2 (-ETHUSDT,-XRPUSDT)
2024-05-29 22:32:13,293
-ETHUSDT: bp4.0|-XRPUSDT: bp8.0|
2024-05-29 22:32:14,356
update 12: filled 0 / 2 () | working 2 / 2 (-ETHUSDT,-XRPUSDT)
2024-05-29 22:32:18,356
-ETHUSDT: bp4.0|-XRPUSDT: bp8.0|
2024-05-29 22:32:19,229
update 13: filled 0 / 2 () | working 2 / 2 (-ETHUSDT,-XRPUSDT)
2024-05-29 22:32:23,230
-ETHUSDT: bp3.0|-XRPUSDT: bp10.0|
2024-05-29 22:32:24,105
update 14: filled 0 / 2 () | working 2 / 2 (-ETHUSDT,-XRPUSDT)
2024-05-29 22:32:28,106
-ETHUSDT: bp0.0|-XRPUSDT: bp8.0|
2024-05-29 22:32:28,106
Adjustment limit #1 ... 
 we cancel current orders and replace
2024-05-29 22:32:28,106
@+/-2.5bp limit 
2024-05-29 22:32:28,106
binance_cancel_and_replace_orders_peg 20240529_223228
2024-05-29 22:32:30,297
binance_place_orders_peg 20240529_223230
2024-05-29 22:32:30,735
{'orderId': 8389765686137870464, 'symbol': 'ETHUSDT', 'status': 'NEW', 'clientOrderId': 'STRATON', 'price': '3791.35', 'avgPrice': '0.00', 'origQty': '0.013', 'executedQty': '0.000', 'cumQty': '0.000', 'cumQuote': '0.00000', 'timeInForce': 'GTC', 'type': 'LIMIT', 'reduceOnly': False, 'closePosition': False, 'side': 'SELL', 'positionSide': 'BOTH', 'stopPrice': '0.00', 'workingType': 'CONTRACT_PRICE', 'priceProtect': False, 'origType': 'LIMIT', 'priceMatch': 'NONE', 'selfTradePreventionMode': 'NONE', 'goodTillDate': 0, 'updateTime': 1717021950625}
2024-05-29 22:32:31,172
{'orderId': 57523986312, 'symbol': 'XRPUSDT', 'status': 'NEW', 'clientOrderId': 'STRATON', 'price': '0.5251', 'avgPrice': '0.00', 'origQty': '91.2', 'executedQty': '0.0', 'cumQty': '0.0', 'cumQuote': '0.00000', 'timeInForce': 'GTC', 'type': 'LIMIT', 'reduceOnly': False, 'closePosition': False, 'side': 'SELL', 'positionSide': 'BOTH', 'stopPrice': '0.0000', 'workingType': 'CONTRACT_PRICE', 'priceProtect': False, 'origType': 'LIMIT', 'priceMatch': 'NONE', 'selfTradePreventionMode': 'NONE', 'goodTillDate': 0, 'updateTime': 1717021951062}
2024-05-29 22:32:32,056
update 0: filled 0 / 2 () | working 2 / 2 (-ETHUSDT,-XRPUSDT)
2024-05-29 22:32:36,056
-ETHUSDT: bp4.0|-XRPUSDT: bp4.0|
2024-05-29 22:32:36,930
update 1: filled 0 / 2 () | working 2 / 2 (-ETHUSDT,-XRPUSDT)
2024-05-29 22:32:40,931
-ETHUSDT: bp5.0|-XRPUSDT: bp2.0|
2024-05-29 22:32:41,805
update 2: filled 0 / 2 () | working 2 / 2 (-ETHUSDT,-XRPUSDT)
2024-05-29 22:32:45,806
-ETHUSDT: bp5.0|-XRPUSDT: bp2.0|
2024-05-29 22:32:46,682
update 3: filled 0 / 2 () | working 2 / 2 (-ETHUSDT,-XRPUSDT)
2024-05-29 22:32:50,683
-ETHUSDT: bp5.0|-XRPUSDT: bp2.0|
2024-05-29 22:32:51,557
update 4: filled 0 / 2 () | working 2 / 2 (-ETHUSDT,-XRPUSDT)
2024-05-29 22:32:55,558
-ETHUSDT: bp5.0|-XRPUSDT: bp2.0|
2024-05-29 22:32:56,431
update 5: filled 0 / 2 () | working 2 / 2 (-ETHUSDT,-XRPUSDT)
2024-05-29 22:33:00,432
-ETHUSDT: bp5.0|-XRPUSDT: bp2.0|
2024-05-29 22:33:01,306
update 6: filled 0 / 2 () | working 2 / 2 (-ETHUSDT,-XRPUSDT)
2024-05-29 22:33:05,306
-ETHUSDT: bp5.0|-XRPUSDT: bp2.0|
2024-05-29 22:33:06,180
update 7: filled 0 / 2 () | working 2 / 2 (-ETHUSDT,-XRPUSDT)
2024-05-29 22:33:10,180
-ETHUSDT: bp6.0|-XRPUSDT: bp0.0|
2024-05-29 22:33:11,056
update 8: filled 0 / 2 () | working 2 / 2 (-ETHUSDT,-XRPUSDT)
2024-05-29 22:33:15,057
-ETHUSDT: bp7.0|-XRPUSDT: bp2.0|
2024-05-29 22:33:15,932
update 9: filled 0 / 2 () | working 2 / 2 (-ETHUSDT,-XRPUSDT)
2024-05-29 22:33:19,933
-ETHUSDT: bp9.0|-XRPUSDT: bp2.0|
2024-05-29 22:33:20,808
update 10: filled 0 / 2 () | working 2 / 2 (-ETHUSDT,-XRPUSDT)
2024-05-29 22:33:24,809
-ETHUSDT: bp9.0|-XRPUSDT: bp4.0|
2024-05-29 22:33:25,686
update 11: filled 0 / 2 () | working 2 / 2 (-ETHUSDT,-XRPUSDT)
2024-05-29 22:33:29,686
-ETHUSDT: bp9.0|-XRPUSDT: bp6.0|
2024-05-29 22:33:30,563
update 12: filled 0 / 2 () | working 2 / 2 (-ETHUSDT,-XRPUSDT)
2024-05-29 22:33:34,564
-ETHUSDT: bp9.0|-XRPUSDT: bp6.0|
2024-05-29 22:33:35,438
update 13: filled 0 / 2 () | working 2 / 2 (-ETHUSDT,-XRPUSDT)
2024-05-29 22:33:39,439
-ETHUSDT: bp9.0|-XRPUSDT: bp8.0|
2024-05-29 22:33:40,313
update 14: filled 0 / 2 () | working 2 / 2 (-ETHUSDT,-XRPUSDT)
2024-05-29 22:33:44,314
-ETHUSDT: bp7.0|-XRPUSDT: bp6.0|
2024-05-29 22:33:44,314
Adjustment limit #2 ... 
 we cancel current orders and replace
2024-05-29 22:33:44,315
@+/-1.25bp limit 
2024-05-29 22:33:44,315
binance_cancel_and_replace_orders_peg 20240529_223344
2024-05-29 22:33:46,504
binance_place_orders_peg 20240529_223346
2024-05-29 22:33:46,942
{'orderId': 8389765686138122445, 'symbol': 'ETHUSDT', 'status': 'NEW', 'clientOrderId': 'STRATON', 'price': '3788.58', 'avgPrice': '0.00', 'origQty': '0.013', 'executedQty': '0.000', 'cumQty': '0.000', 'cumQuote': '0.00000', 'timeInForce': 'GTC', 'type': 'LIMIT', 'reduceOnly': False, 'closePosition': False, 'side': 'SELL', 'positionSide': 'BOTH', 'stopPrice': '0.00', 'workingType': 'CONTRACT_PRICE', 'priceProtect': False, 'origType': 'LIMIT', 'priceMatch': 'NONE', 'selfTradePreventionMode': 'NONE', 'goodTillDate': 0, 'updateTime': 1717022026831}
2024-05-29 22:33:47,387
{'orderId': 57524026344, 'symbol': 'XRPUSDT', 'status': 'NEW', 'clientOrderId': 'STRATON', 'price': '0.5249', 'avgPrice': '0.00', 'origQty': '91.2', 'executedQty': '0.0', 'cumQty': '0.0', 'cumQuote': '0.00000', 'timeInForce': 'GTC', 'type': 'LIMIT', 'reduceOnly': False, 'closePosition': False, 'side': 'SELL', 'positionSide': 'BOTH', 'stopPrice': '0.0000', 'workingType': 'CONTRACT_PRICE', 'priceProtect': False, 'origType': 'LIMIT', 'priceMatch': 'NONE', 'selfTradePreventionMode': 'NONE', 'goodTillDate': 0, 'updateTime': 1717022027276}
2024-05-29 22:33:48,273
update 0: filled 0 / 2 () | working 2 / 2 (-ETHUSDT,-XRPUSDT)
2024-05-29 22:33:52,274
-ETHUSDT: bp1.0|-XRPUSDT: bp4.0|
2024-05-29 22:33:53,146
update 1: filled 0 / 2 () | working 2 / 2 (-ETHUSDT,-XRPUSDT)
2024-05-29 22:33:57,147
-ETHUSDT: bp1.0|-XRPUSDT: bp2.0|
2024-05-29 22:33:58,019
update 2: filled 0 / 2 () | working 2 / 2 (-ETHUSDT,-XRPUSDT)
2024-05-29 22:34:02,020
-ETHUSDT: bp1.0|-XRPUSDT: bp2.0|
2024-05-29 22:34:02,893
update 3: filled 0 / 2 () | working 2 / 2 (-ETHUSDT,-XRPUSDT)
2024-05-29 22:34:06,894
-ETHUSDT: bp2.0|-XRPUSDT: bp4.0|
2024-05-29 22:34:07,768
update 4: filled 0 / 2 () | working 2 / 2 (-ETHUSDT,-XRPUSDT)
2024-05-29 22:34:11,768
-ETHUSDT: bp1.0|-XRPUSDT: bp4.0|
2024-05-29 22:34:12,644
update 5: filled 0 / 2 () | working 2 / 2 (-ETHUSDT,-XRPUSDT)
2024-05-29 22:34:16,645
-ETHUSDT: bp1.0|-XRPUSDT: bp2.0|
2024-05-29 22:34:17,523
update 6: filled 0 / 2 () | working 2 / 2 (-ETHUSDT,-XRPUSDT)
2024-05-29 22:34:21,524
-ETHUSDT: bp1.0|-XRPUSDT: bp2.0|
2024-05-29 22:34:22,397
update 7: filled 0 / 2 () | working 2 / 2 (-ETHUSDT,-XRPUSDT)
2024-05-29 22:34:26,398
-ETHUSDT: bp1.0|-XRPUSDT: bp4.0|
2024-05-29 22:34:27,277
update 8: filled 1 / 2 (-ETHUSDT) | working 1 / 2 (-XRPUSDT)
2024-05-29 22:34:31,278
-XRPUSDT: bp4.0|
2024-05-29 22:34:32,154
update 9: filled 1 / 2 (-ETHUSDT) | working 1 / 2 (-XRPUSDT)
2024-05-29 22:34:36,154
-XRPUSDT: bp2.0|
2024-05-29 22:34:37,032
update 10: filled 1 / 2 (-ETHUSDT) | working 1 / 2 (-XRPUSDT)
2024-05-29 22:34:41,033
-XRPUSDT: bp2.0|
2024-05-29 22:34:41,909
update 11: filled 1 / 2 (-ETHUSDT) | working 1 / 2 (-XRPUSDT)
2024-05-29 22:34:45,910
-XRPUSDT: bp2.0|
2024-05-29 22:34:46,784
update 12: filled 1 / 2 (-ETHUSDT) | working 1 / 2 (-XRPUSDT)
2024-05-29 22:34:50,785
-XRPUSDT: bp2.0|
2024-05-29 22:34:51,659
update 13: filled 1 / 2 (-ETHUSDT) | working 1 / 2 (-XRPUSDT)
2024-05-29 22:34:55,660
-XRPUSDT: bp2.0|
2024-05-29 22:34:56,534
update 14: filled 1 / 2 (-ETHUSDT) | working 1 / 2 (-XRPUSDT)
2024-05-29 22:35:00,535
-XRPUSDT: bp2.0|
2024-05-29 22:35:00,535
Adjustment limit #3 ... 
 we cancel current orders and replace
2024-05-29 22:35:00,535
@+/-0.625bp limit 
2024-05-29 22:35:00,535
binance_cancel_and_replace_orders_peg 20240529_223500
2024-05-29 22:35:02,069
binance_place_orders_peg 20240529_223502
2024-05-29 22:35:02,505
{'orderId': 57524066341, 'symbol': 'XRPUSDT', 'status': 'NEW', 'clientOrderId': 'STRATON', 'price': '0.5249', 'avgPrice': '0.00', 'origQty': '91.2', 'executedQty': '0.0', 'cumQty': '0.0', 'cumQuote': '0.00000', 'timeInForce': 'GTC', 'type': 'LIMIT', 'reduceOnly': False, 'closePosition': False, 'side': 'SELL', 'positionSide': 'BOTH', 'stopPrice': '0.0000', 'workingType': 'CONTRACT_PRICE', 'priceProtect': False, 'origType': 'LIMIT', 'priceMatch': 'NONE', 'selfTradePreventionMode': 'NONE', 'goodTillDate': 0, 'updateTime': 1717022102395}
2024-05-29 22:35:03,387
update 0: filled 1 / 2 (-ETHUSDT) | working 1 / 2 (-XRPUSDT)
2024-05-29 22:35:07,388
-XRPUSDT: bp0.0|
2024-05-29 22:35:08,261
update 1: filled 1 / 2 (-ETHUSDT) | working 1 / 2 (-XRPUSDT)
2024-05-29 22:35:12,261
-XRPUSDT: bp0.0|
2024-05-29 22:35:13,139
update 2: filled 1 / 2 (-ETHUSDT) | working 1 / 2 (-XRPUSDT)
2024-05-29 22:35:17,140
-XRPUSDT: bp2.0|
2024-05-29 22:35:18,015
update 3: filled 1 / 2 (-ETHUSDT) | working 1 / 2 (-XRPUSDT)
2024-05-29 22:35:22,016
-XRPUSDT: bp2.0|
2024-05-29 22:35:22,890
update 4: filled 1 / 2 (-ETHUSDT) | working 1 / 2 (-XRPUSDT)
2024-05-29 22:35:26,891
-XRPUSDT: bp2.0|
2024-05-29 22:35:27,764
update 5: filled 1 / 2 (-ETHUSDT) | working 1 / 2 (-XRPUSDT)
2024-05-29 22:35:31,765
-XRPUSDT: bp0.0|
2024-05-29 22:35:32,639
update 6: filled 1 / 2 (-ETHUSDT) | working 1 / 2 (-XRPUSDT)
2024-05-29 22:35:36,640
-XRPUSDT: bp2.0|
2024-05-29 22:35:37,513
update 7: filled 1 / 2 (-ETHUSDT) | working 1 / 2 (-XRPUSDT)
2024-05-29 22:35:41,514
-XRPUSDT: bp2.0|
2024-05-29 22:35:42,394
update 8: filled 1 / 2 (-ETHUSDT) | working 1 / 2 (-XRPUSDT)
2024-05-29 22:35:46,395
-XRPUSDT: bp2.0|
2024-05-29 22:35:47,268
update 9: filled 1 / 2 (-ETHUSDT) | working 1 / 2 (-XRPUSDT)
2024-05-29 22:35:51,269
-XRPUSDT: bp2.0|
2024-05-29 22:35:52,147
update 10: filled 1 / 2 (-ETHUSDT) | working 1 / 2 (-XRPUSDT)
2024-05-29 22:35:56,148
-XRPUSDT: bp0.0|
2024-05-29 22:35:57,023
update 11: filled 1 / 2 (-ETHUSDT) | working 1 / 2 (-XRPUSDT)
2024-05-29 22:36:01,024
-XRPUSDT: bp2.0|
2024-05-29 22:36:01,899
update 12: filled 1 / 2 (-ETHUSDT) | working 1 / 2 (-XRPUSDT)
2024-05-29 22:36:05,900
-XRPUSDT: bp4.0|
2024-05-29 22:36:06,780
update 13: filled 1 / 2 (-ETHUSDT) | working 1 / 2 (-XRPUSDT)
2024-05-29 22:36:10,781
-XRPUSDT: bp4.0|
2024-05-29 22:36:11,658
update 14: filled 1 / 2 (-ETHUSDT) | working 1 / 2 (-XRPUSDT)
2024-05-29 22:36:15,659
-XRPUSDT: bp4.0|
2024-05-29 22:36:15,659
Adjustment limit #4 ... 
 we cancel current orders and replace
2024-05-29 22:36:15,659
@+/-0.3125bp limit 
2024-05-29 22:36:15,660
binance_cancel_and_replace_orders_peg 20240529_223615
2024-05-29 22:36:17,200
binance_place_orders_peg 20240529_223617
2024-05-29 22:36:17,640
{'orderId': 57524119240, 'symbol': 'XRPUSDT', 'status': 'NEW', 'clientOrderId': 'STRATON', 'price': '0.5248', 'avgPrice': '0.00', 'origQty': '91.2', 'executedQty': '0.0', 'cumQty': '0.0', 'cumQuote': '0.00000', 'timeInForce': 'GTC', 'type': 'LIMIT', 'reduceOnly': False, 'closePosition': False, 'side': 'SELL', 'positionSide': 'BOTH', 'stopPrice': '0.0000', 'workingType': 'CONTRACT_PRICE', 'priceProtect': False, 'origType': 'LIMIT', 'priceMatch': 'NONE', 'selfTradePreventionMode': 'NONE', 'goodTillDate': 0, 'updateTime': 1717022177526}
2024-05-29 22:36:18,525
update 0: filled 1 / 2 (-ETHUSDT) | working 1 / 2 (-XRPUSDT)
2024-05-29 22:36:22,526
-XRPUSDT: bp0.0|
2024-05-29 22:36:23,405
update 1: filled 1 / 2 (-ETHUSDT) | working 1 / 2 (-XRPUSDT)
2024-05-29 22:36:27,406
-XRPUSDT: bp0.0|
2024-05-29 22:36:28,279
update 2: filled 1 / 2 (-ETHUSDT) | working 1 / 2 (-XRPUSDT)
2024-05-29 22:36:32,280
-XRPUSDT: bp4.0|
2024-05-29 22:36:33,157
update 3: filled 1 / 2 (-ETHUSDT) | working 1 / 2 (-XRPUSDT)
2024-05-29 22:36:37,158
-XRPUSDT: bp4.0|
2024-05-29 22:36:38,031
update 4: filled 1 / 2 (-ETHUSDT) | working 1 / 2 (-XRPUSDT)
2024-05-29 22:36:42,032
-XRPUSDT: bp4.0|
2024-05-29 22:36:42,906
update 5: filled 1 / 2 (-ETHUSDT) | working 1 / 2 (-XRPUSDT)
2024-05-29 22:36:46,907
-XRPUSDT: bp2.0|
2024-05-29 22:36:47,780
update 6: filled 1 / 2 (-ETHUSDT) | working 1 / 2 (-XRPUSDT)
2024-05-29 22:36:51,781
-XRPUSDT: bp4.0|
2024-05-29 22:36:52,658
update 7: filled 1 / 2 (-ETHUSDT) | working 1 / 2 (-XRPUSDT)
2024-05-29 22:36:56,659
-XRPUSDT: bp2.0|
2024-05-29 22:36:57,533
update 8: filled 1 / 2 (-ETHUSDT) | working 1 / 2 (-XRPUSDT)
2024-05-29 22:37:01,534
-XRPUSDT: bp4.0|
2024-05-29 22:37:02,409
update 9: filled 1 / 2 (-ETHUSDT) | working 1 / 2 (-XRPUSDT)
2024-05-29 22:37:06,410
-XRPUSDT: bp4.0|
2024-05-29 22:37:07,292
update 10: filled 1 / 2 (-ETHUSDT) | working 1 / 2 (-XRPUSDT)
2024-05-29 22:37:11,292
-XRPUSDT: bp4.0|
2024-05-29 22:37:12,167
update 11: filled 1 / 2 (-ETHUSDT) | working 1 / 2 (-XRPUSDT)
2024-05-29 22:37:16,168
-XRPUSDT: bp0.0|
2024-05-29 22:37:17,043
update 12: filled 1 / 2 (-ETHUSDT) | working 1 / 2 (-XRPUSDT)
2024-05-29 22:37:21,043
-XRPUSDT: bp0.0|
2024-05-29 22:37:21,918
update 13: filled 1 / 2 (-ETHUSDT) | working 1 / 2 (-XRPUSDT)
2024-05-29 22:37:25,919
-XRPUSDT: bp2.0|
2024-05-29 22:37:26,794
update 14: filled 1 / 2 (-ETHUSDT) | working 1 / 2 (-XRPUSDT)
2024-05-29 22:37:30,795
-XRPUSDT: bp2.0|
2024-05-29 22:37:30,795
Adjustment limit #5 ... 
 we cancel current orders and replace
2024-05-29 22:37:30,795
@+/-0.15625bp limit 
2024-05-29 22:37:30,795
binance_cancel_and_replace_orders_peg 20240529_223730
2024-05-29 22:37:32,336
binance_place_orders_peg 20240529_223732
2024-05-29 22:37:32,776
{'orderId': 57524164999, 'symbol': 'XRPUSDT', 'status': 'NEW', 'clientOrderId': 'STRATON', 'price': '0.5248', 'avgPrice': '0.00', 'origQty': '91.2', 'executedQty': '0.0', 'cumQty': '0.0', 'cumQuote': '0.00000', 'timeInForce': 'GTC', 'type': 'LIMIT', 'reduceOnly': False, 'closePosition': False, 'side': 'SELL', 'positionSide': 'BOTH', 'stopPrice': '0.0000', 'workingType': 'CONTRACT_PRICE', 'priceProtect': False, 'origType': 'LIMIT', 'priceMatch': 'NONE', 'selfTradePreventionMode': 'NONE', 'goodTillDate': 0, 'updateTime': 1717022252663}
2024-05-29 22:37:33,658
update 0: filled 1 / 2 (-ETHUSDT) | working 1 / 2 (-XRPUSDT)
2024-05-29 22:37:37,658
-XRPUSDT: bp0.0|
2024-05-29 22:37:38,537
update 1: filled 1 / 2 (-ETHUSDT) | working 1 / 2 (-XRPUSDT)
2024-05-29 22:37:42,538
-XRPUSDT: bp0.0|
2024-05-29 22:37:43,411
update 2: filled 1 / 2 (-ETHUSDT) | working 1 / 2 (-XRPUSDT)
2024-05-29 22:37:47,412
-XRPUSDT: bp2.0|
2024-05-29 22:37:48,286
update 3: filled 1 / 2 (-ETHUSDT) | working 1 / 2 (-XRPUSDT)
2024-05-29 22:37:52,287
-XRPUSDT: bp2.0|
2024-05-29 22:37:53,163
update 4: filled 1 / 2 (-ETHUSDT) | working 1 / 2 (-XRPUSDT)
2024-05-29 22:37:57,164
-XRPUSDT: bp2.0|
2024-05-29 22:37:58,037
update 5: filled 1 / 2 (-ETHUSDT) | working 1 / 2 (-XRPUSDT)
2024-05-29 22:38:02,038
-XRPUSDT: bp0.0|
2024-05-29 22:38:02,913
update 6: filled 1 / 2 (-ETHUSDT) | working 1 / 2 (-XRPUSDT)
2024-05-29 22:38:06,913
-XRPUSDT: bp2.0|
2024-05-29 22:38:07,789
update 7: filled 1 / 2 (-ETHUSDT) | working 1 / 2 (-XRPUSDT)
2024-05-29 22:38:11,789
-XRPUSDT: bp2.0|
2024-05-29 22:38:12,663
update 8: filled 1 / 2 (-ETHUSDT) | working 1 / 2 (-XRPUSDT)
2024-05-29 22:38:16,664
-XRPUSDT: bp2.0|
2024-05-29 22:38:17,539
update 9: filled 1 / 2 (-ETHUSDT) | working 1 / 2 (-XRPUSDT)
2024-05-29 22:38:21,540
-XRPUSDT: bp2.0|
2024-05-29 22:38:22,420
update 10: filled 1 / 2 (-ETHUSDT) | working 1 / 2 (-XRPUSDT)
2024-05-29 22:38:26,421
-XRPUSDT: bp2.0|
2024-05-29 22:38:27,295
update 11: filled 1 / 2 (-ETHUSDT) | working 1 / 2 (-XRPUSDT)
2024-05-29 22:38:31,296
-XRPUSDT: bp2.0|
2024-05-29 22:38:32,170
update 12: filled 1 / 2 (-ETHUSDT) | working 1 / 2 (-XRPUSDT)
2024-05-29 22:38:36,171
-XRPUSDT: bp4.0|
2024-05-29 22:38:37,043
update 13: filled 1 / 2 (-ETHUSDT) | working 1 / 2 (-XRPUSDT)
2024-05-29 22:38:41,044
-XRPUSDT: bp4.0|
2024-05-29 22:38:41,920
update 14: filled 1 / 2 (-ETHUSDT) | working 1 / 2 (-XRPUSDT)
2024-05-29 22:38:45,921
-XRPUSDT: bp4.0|
2024-05-29 22:38:45,921
Adjustment limit #6 ... 
 we cancel current orders and replace
2024-05-29 22:38:45,921
@+/-0.078125bp limit 
2024-05-29 22:38:45,921
binance_cancel_and_replace_orders_peg 20240529_223845
2024-05-29 22:38:47,461
binance_place_orders_peg 20240529_223847
2024-05-29 22:38:47,903
{'orderId': 57524203411, 'symbol': 'XRPUSDT', 'status': 'NEW', 'clientOrderId': 'STRATON', 'price': '0.5248', 'avgPrice': '0.00', 'origQty': '91.2', 'executedQty': '0.0', 'cumQty': '0.0', 'cumQuote': '0.00000', 'timeInForce': 'GTC', 'type': 'LIMIT', 'reduceOnly': False, 'closePosition': False, 'side': 'SELL', 'positionSide': 'BOTH', 'stopPrice': '0.0000', 'workingType': 'CONTRACT_PRICE', 'priceProtect': False, 'origType': 'LIMIT', 'priceMatch': 'NONE', 'selfTradePreventionMode': 'NONE', 'goodTillDate': 0, 'updateTime': 1717022327788}
2024-05-29 22:38:48,786
update 0: filled 1 / 2 (-ETHUSDT) | working 1 / 2 (-XRPUSDT)
2024-05-29 22:38:52,787
-XRPUSDT: bp2.0|
2024-05-29 22:38:53,660
update 1: filled 2 / 2 (-ETHUSDT,-XRPUSDT) | working 0 / 2 ()
2024-05-29 22:39:00,102
Trades of the day
in$
as of: 29May 22:34>>22:38 (#trades: 2)
trade net: -97.0 (-33.5%), trade gross: +97.0 (+33.5%), BUY: +0.0 (+0.0%), SELL: -97.0 (-33.5%)
fees: $ 0.019 (2.0bp)
2024-05-29 22:39:00,552
Trades: 
Filled #2
______________________________________________
                   in$ | in bp 97 traded | in bp 289 AUMs
realizedPnl    +0.34   | +35     | +12    
PnLvsArrival   -0.03   | -3      | -1     
PnLvsLast      -0.02   | -2      | -1     
______________________________________________
                 | Value$ | PnL Arrival/Last 
______________________________________________
ETH:-0.013@3788.58 | -49$ | -0.01/-0.01
XRP:-91.2@0.5248 | -48$ | -0.02/-0.01
