2023-09-01 20:30:24,808
ON program started 20230901 20:30:24,
US time: 20230901 16:30:24
2023-09-01 20:30:25,300
the strat is currently running @ 01-09-2023 and the target positions is LONG
2023-09-01 20:30:26,712
CURRENT STATUS IS LONG
-----
return before 14h30:
BTCUSDT-2.31%, ETHUSDT-2.78%, XRPUSDT-3.29%
-----
target alloc initial:BTCUSDT+16.67%, ETHUSDT+16.67%, XRPUSDT+16.67%
-----
alloc target x rt%<0:BTCUSDT+16.67%, ETHUSDT+16.67%, XRPUSDT+16.67%
-----
           BTCUSDT ETHUSDT XRPUSDT
w_target     16.7%   16.7%   16.7%
rt_14h30    -0.02%  -0.03%  -0.03%
w_target_f   16.7%   16.7%   16.7%
2023-09-01 20:30:26,715
Portfolio was rebalanced less than 2 hours ago, 1.0 hours ago
2023-09-01 20:30:26,718
Status: prev = LONG <> LONG = target
2023-09-01 20:30:26,718
the strat is currently running @ 01-09-2023 and the target positions is LONG
the strat was previously run @ 2023-09-01 19:30:39 UTC, success:yes 
   and the current positions is LONG
2023-09-01 20:30:27,883
positions_future #3
2023-09-01 20:30:27,883
      symbol  positionAmt entryPrice  ...   updateTime  AUMs_account        w%
225  BTCUSDT        0.002    25496.3  ...  01Sep-18:33         276.3  0.186373
138  ETHUSDT        0.029     1608.2  ...  01Sep-18:33         276.3  0.170658
111  XRPUSDT       92.800      0.494  ...  01Sep-18:33         276.3  0.166669

[3 rows x 9 columns]
2023-09-01 20:30:27,908
programm stoppeddd!!! 20230901_203027
