2024-09-02 03:30:53,551
ON program started 20240902 03:30:53,
US time: 20240901 23:30:53
2024-09-02 03:30:53,989
the strat is currently running @ 02-09-2024 and the target positions is NEUTRAL
2024-09-02 03:30:55,285
CURRENT STATUS IS NEUTRAL
-----
return before 14h30:
BTCUSDT+0.57%, ETHUSDT+0.97%, XRPUSDT+0.33%
-----
target alloc initial:BTCUSDT+0.00%, ETHUSDT+0.00%, XRPUSDT+0.00%
-----
alloc target x rt%<0:BTCUSDT+0.00%, ETHUSDT+0.00%, XRPUSDT+0.00%
-----
           BTCUSDT ETHUSDT XRPUSDT
w_target      0.0%    0.0%    0.0%
rt_14h30     0.01%   0.01%   0.00%
w_target_f    0.0%    0.0%    0.0%
2024-09-02 03:30:55,286
Portfolio was rebalanced less than 2 hours ago, 1.0 hours ago
2024-09-02 03:30:55,288
Status: prev = NEUTRAL <> NEUTRAL = target
2024-09-02 03:30:55,288
the strat is currently running @ 02-09-2024 and the target positions is NEUTRAL
the strat was previously run @ 2024-09-02 02:30:30, success:? 
   and the current positions is NEUTRAL
2024-09-02 03:30:56,411
positions_future #0
2024-09-02 03:30:56,411
Empty DataFrame
Columns: [symbol, positionAmt, entryPrice, breakEvenPrice, markPrice, unRealizedProfit, value_usd, updateTime, isolated, adlQuantile, AUMs_account, w%]
Index: []
2024-09-02 03:30:56,618
------------------------------
binance_account_balance
2024-09-02 03:30:56,619
  asset     balance  ...  marginAvailable   updateTime
4  USDT  294.280952  ...             True  02Sep-02:31

[1 rows x 8 columns]
2024-09-02 03:30:56,835
------------------------------
open_orders
2024-09-02 03:30:56,835
Empty DataFrame
Columns: []
Index: []
2024-09-02 03:30:57,448
------------------------------
AUMS account:294

2024-09-02 03:30:57,449
--------------- compute_futures_order_book() ----------------
2024-09-02 03:30:58,903
----------------------------------------------------------------------
#0 order(s) to place
gross$: 0$ | net$: +0$
gross%: 0% | net%: +0%
 || w>0%  +0% | w<0%  0%
----------------------------------------------------------------------
PTF Expo% 0.0% >> 0.0% (current>>target)
PTF expo $0.0 >> $0 (current>>target)
----------------------------------------------------------------------
2024-09-02 03:30:58,905
orders_ofthe_day
2024-09-02 03:30:58,905
Empty DataFrame
Columns: [ptf_usd, target_usd, totrd_usd, posttrd_usd, qty, posttrd_qty, posttrd_w, bid, ask, strategy]
Index: []
2024-09-02 03:30:58,964
Orders of the day is empty, current and target potfolios are aligned
2024-09-02 03:30:58,964
Program stopped
