2024-03-15 22:30:55,473
ON program started 20240315 22:30:55,
US time: 20240315 18:30:55
2024-03-15 22:30:55,960
the strat is currently running @ 15-03-2024 and the target positions is SHORT
2024-03-15 22:30:57,791
CURRENT STATUS IS SHORT, WE CHECK IF THE DAY IS A NEGATIVE ONE
-----
return before 14h30:
BTCUSDT-4.08%, ETHUSDT-4.08%, XRPUSDT-5.77%
-----
target alloc initial:BTCUSDT-4.17%, ETHUSDT+0.00%, XRPUSDT-4.17%
-----
alloc target x rt%<0:BTCUSDT-4.17%, ETHUSDT+0.00%, XRPUSDT-4.17%
-----
           BTCUSDT ETHUSDT XRPUSDT
w_target     -4.2%    0.0%   -4.2%
rt_14h30    -0.04%  -0.04%  -0.06%
w_target_f   -4.2%    0.0%   -4.2%
2024-03-15 22:30:57,792
Portfolio was rebalanced less than 2 hours ago, 1.0 hours ago
2024-03-15 22:30:57,793
Status: prev = SHORT <> LONG = target
2024-03-15 22:30:57,793
the strat is currently running @ 15-03-2024 and the target positions is SHORT
the strat was previously run @ 2024-03-15 21:31:07, success:yes 
   and the current positions is LONG
2024-03-15 22:30:58,991
positions_future #2
2024-03-15 22:30:58,991
      symbol  positionAmt entryPrice  ... adlQuantile AUMs_account        w%
155  ETHUSDT        0.013    3713.76  ...           1        286.8  0.166651
124  XRPUSDT       75.900      0.633  ...           1        286.8  0.166388

[2 rows x 12 columns]
2024-03-15 22:30:59,233
------------------------------
binance_account_balance
2024-03-15 22:30:59,233
  asset     balance  ...  marginAvailable   updateTime
6  USDT  287.609165  ...             True  15Mar-18:33

[1 rows x 8 columns]
2024-03-15 22:30:59,900
------------------------------
open_orders
2024-03-15 22:30:59,900
Empty DataFrame
Columns: []
Index: []
2024-03-15 22:31:00,556
------------------------------
AUMS account:286

2024-03-15 22:31:00,559
--------------- compute_futures_order_book() ----------------
2024-03-15 22:31:02,119
----------------------------------------------------------------------
#2 order(s) to place
gross$: 108$ | net$: -108$
gross%: 38% | net%: -38%
 || w>0%  +0% | w<0%  -38%
----------------------------------------------------------------------
PTF Expo% 33.4% >> -8.3% (current>>target)
PTF expo $96.0 >> $-23 (current>>target)
----------------------------------------------------------------------
2024-03-15 22:31:02,121
orders_ofthe_day
2024-03-15 22:31:02,121
                  ptf_usd  target_usd  totrd_usd  ...       bid        ask strategy
2024-03-15 22:31                                  ...                              
XRPUSDT              48.0      -11.96      -60.0  ...     0.629     0.6291  STRATON
ETHUSDT              48.0        0.00      -48.0  ...  3678.070  3678.0800  STRATON

[2 rows x 10 columns]
2024-03-15 22:31:03,293
binance_place_orders_peg 20240315_223103
2024-03-15 22:31:03,735
{'orderId': 52542585872, 'symbol': 'XRPUSDT', 'status': 'NEW', 'clientOrderId': 'STRATON', 'price': '0.6295', 'avgPrice': '0.00', 'origQty': '95.4', 'executedQty': '0.0', 'cumQty': '0.0', 'cumQuote': '0.00000', 'timeInForce': 'GTC', 'type': 'LIMIT', 'reduceOnly': False, 'closePosition': False, 'side': 'SELL', 'positionSide': 'BOTH', 'stopPrice': '0.0000', 'workingType': 'CONTRACT_PRICE', 'priceProtect': False, 'origType': 'LIMIT', 'priceMatch': 'NONE', 'selfTradePreventionMode': 'NONE', 'goodTillDate': 0, 'updateTime': 1710541863623}
2024-03-15 22:31:04,186
{'orderId': 8389765662399906676, 'symbol': 'ETHUSDT', 'status': 'NEW', 'clientOrderId': 'STRATON', 'price': '3679.99', 'avgPrice': '0.00', 'origQty': '0.013', 'executedQty': '0.000', 'cumQty': '0.000', 'cumQuote': '0.00000', 'timeInForce': 'GTC', 'type': 'LIMIT', 'reduceOnly': False, 'closePosition': False, 'side': 'SELL', 'positionSide': 'BOTH', 'stopPrice': '0.00', 'workingType': 'CONTRACT_PRICE', 'priceProtect': False, 'origType': 'LIMIT', 'priceMatch': 'NONE', 'selfTradePreventionMode': 'NONE', 'goodTillDate': 0, 'updateTime': 1710541864072}
2024-03-15 22:31:05,751
update 0: filled 0 / 2 () | working 2 / 2 (-XRPUSDT,-ETHUSDT)
2024-03-15 22:31:09,752
-XRPUSDT: bp8.0|-ETHUSDT: bp9.0|
2024-03-15 22:31:10,629
update 1: filled 0 / 2 () | working 2 / 2 (-XRPUSDT,-ETHUSDT)
2024-03-15 22:31:14,630
-XRPUSDT: bp5.0|-ETHUSDT: bp5.0|
2024-03-15 22:31:15,508
update 2: filled 1 / 2 (-ETHUSDT) | working 1 / 2 (-XRPUSDT)
2024-03-15 22:31:19,509
-XRPUSDT: bp5.0|
2024-03-15 22:31:20,387
update 3: filled 1 / 2 (-ETHUSDT) | working 1 / 2 (-XRPUSDT)
2024-03-15 22:31:24,388
-XRPUSDT: bp6.0|
2024-03-15 22:31:25,268
update 4: filled 1 / 2 (-ETHUSDT) | working 1 / 2 (-XRPUSDT)
2024-03-15 22:31:29,269
-XRPUSDT: bp11.0|
2024-03-15 22:31:30,143
update 5: filled 1 / 2 (-ETHUSDT) | working 1 / 2 (-XRPUSDT)
2024-03-15 22:31:34,144
-XRPUSDT: bp11.0|
2024-03-15 22:31:35,020
update 6: filled 1 / 2 (-ETHUSDT) | working 1 / 2 (-XRPUSDT)
2024-03-15 22:31:39,021
-XRPUSDT: bp13.0|
2024-03-15 22:31:39,896
update 7: filled 1 / 2 (-ETHUSDT) | working 1 / 2 (-XRPUSDT)
2024-03-15 22:31:43,897
-XRPUSDT: bp13.0|
2024-03-15 22:31:44,773
update 8: filled 1 / 2 (-ETHUSDT) | working 1 / 2 (-XRPUSDT)
2024-03-15 22:31:48,774
-XRPUSDT: bp13.0|
2024-03-15 22:31:49,649
update 9: filled 1 / 2 (-ETHUSDT) | working 1 / 2 (-XRPUSDT)
2024-03-15 22:31:53,649
-XRPUSDT: bp16.0|
2024-03-15 22:31:54,528
update 10: filled 1 / 2 (-ETHUSDT) | working 1 / 2 (-XRPUSDT)
2024-03-15 22:31:58,529
-XRPUSDT: bp21.0|
2024-03-15 22:31:59,403
update 11: filled 1 / 2 (-ETHUSDT) | working 1 / 2 (-XRPUSDT)
2024-03-15 22:32:03,403
-XRPUSDT: bp18.0|
2024-03-15 22:32:04,278
update 12: filled 1 / 2 (-ETHUSDT) | working 1 / 2 (-XRPUSDT)
2024-03-15 22:32:08,279
-XRPUSDT: bp16.0|
2024-03-15 22:32:09,155
update 13: filled 1 / 2 (-ETHUSDT) | working 1 / 2 (-XRPUSDT)
2024-03-15 22:32:13,156
-XRPUSDT: bp13.0|
2024-03-15 22:32:14,031
update 14: filled 1 / 2 (-ETHUSDT) | working 1 / 2 (-XRPUSDT)
2024-03-15 22:32:18,032
-XRPUSDT: bp11.0|
2024-03-15 22:32:18,032
Adjustment limit #1 ... 
 we cancel current orders and replace
2024-03-15 22:32:18,033
@+/-2.5bp limit 
2024-03-15 22:32:18,033
binance_cancel_and_replace_orders_peg 20240315_223218
2024-03-15 22:32:19,572
binance_place_orders_peg 20240315_223219
2024-03-15 22:32:20,013
{'orderId': 52542646351, 'symbol': 'XRPUSDT', 'status': 'NEW', 'clientOrderId': 'STRATON', 'price': '0.6291', 'avgPrice': '0.00', 'origQty': '95.4', 'executedQty': '0.0', 'cumQty': '0.0', 'cumQuote': '0.00000', 'timeInForce': 'GTC', 'type': 'LIMIT', 'reduceOnly': False, 'closePosition': False, 'side': 'SELL', 'positionSide': 'BOTH', 'stopPrice': '0.0000', 'workingType': 'CONTRACT_PRICE', 'priceProtect': False, 'origType': 'LIMIT', 'priceMatch': 'NONE', 'selfTradePreventionMode': 'NONE', 'goodTillDate': 0, 'updateTime': 1710541939903}
2024-03-15 22:32:20,899
update 0: filled 1 / 2 (-ETHUSDT) | working 1 / 2 (-XRPUSDT)
2024-03-15 22:32:24,900
-XRPUSDT: bp3.0|
2024-03-15 22:32:25,777
update 1: filled 1 / 2 (-ETHUSDT) | working 1 / 2 (-XRPUSDT)
2024-03-15 22:32:29,777
-XRPUSDT: bp3.0|
2024-03-15 22:32:30,655
update 2: filled 1 / 2 (-ETHUSDT) | working 1 / 2 (-XRPUSDT)
2024-03-15 22:32:34,656
-XRPUSDT: bp8.0|
2024-03-15 22:32:35,531
update 3: filled 1 / 2 (-ETHUSDT) | working 1 / 2 (-XRPUSDT)
2024-03-15 22:32:39,532
-XRPUSDT: bp5.0|
2024-03-15 22:32:40,407
update 4: filled 1 / 2 (-ETHUSDT) | working 1 / 2 (-XRPUSDT)
2024-03-15 22:32:44,408
-XRPUSDT: bp6.0|
2024-03-15 22:32:45,283
update 5: filled 1 / 2 (-ETHUSDT) | working 1 / 2 (-XRPUSDT)
2024-03-15 22:32:49,283
-XRPUSDT: bp8.0|
2024-03-15 22:32:50,160
update 6: filled 1 / 2 (-ETHUSDT) | working 1 / 2 (-XRPUSDT)
2024-03-15 22:32:54,160
-XRPUSDT: bp10.0|
2024-03-15 22:32:55,042
update 7: filled 1 / 2 (-ETHUSDT) | working 1 / 2 (-XRPUSDT)
2024-03-15 22:32:59,043
-XRPUSDT: bp8.0|
2024-03-15 22:32:59,918
update 8: filled 1 / 2 (-ETHUSDT) | working 1 / 2 (-XRPUSDT)
2024-03-15 22:33:03,919
-XRPUSDT: bp5.0|
2024-03-15 22:33:04,793
update 9: filled 1 / 2 (-ETHUSDT) | working 1 / 2 (-XRPUSDT)
2024-03-15 22:33:08,794
-XRPUSDT: bp5.0|
2024-03-15 22:33:09,669
update 10: filled 1 / 2 (-ETHUSDT) | working 1 / 2 (-XRPUSDT)
2024-03-15 22:33:13,670
-XRPUSDT: bp5.0|
2024-03-15 22:33:14,544
update 11: filled 1 / 2 (-ETHUSDT) | working 1 / 2 (-XRPUSDT)
2024-03-15 22:33:18,545
-XRPUSDT: bp2.0|
2024-03-15 22:33:19,424
update 12: filled 1 / 2 (-ETHUSDT) | working 1 / 2 (-XRPUSDT)
2024-03-15 22:33:23,424
-XRPUSDT: bp2.0|
2024-03-15 22:33:24,301
update 13: filled 1 / 2 (-ETHUSDT) | working 1 / 2 (-XRPUSDT)
2024-03-15 22:33:28,302
-XRPUSDT: bp2.0|
2024-03-15 22:33:29,177
update 14: filled 1 / 2 (-ETHUSDT) | working 1 / 2 (-XRPUSDT)
2024-03-15 22:33:33,178
-XRPUSDT: bp2.0|
2024-03-15 22:33:33,178
Adjustment limit #2 ... 
 we cancel current orders and replace
2024-03-15 22:33:33,178
@+/-1.25bp limit 
2024-03-15 22:33:33,178
binance_cancel_and_replace_orders_peg 20240315_223333
