2024-03-19 21:31:00,281
ON program started 20240319 21:31:00,
US time: 20240319 17:31:00
2024-03-19 21:31:01,329
the strat is currently running @ 19-03-2024 and the target positions is LONG
2024-03-19 21:31:03,167
CURRENT STATUS IS LONG
-----
return before 14h30:
BTCUSDT-5.98%, ETHUSDT-6.48%, XRPUSDT-7.42%
-----
target alloc initial:BTCUSDT+16.67%, ETHUSDT+16.67%, XRPUSDT+16.67%
-----
alloc target x rt%<0:BTCUSDT+16.67%, ETHUSDT+16.67%, XRPUSDT+16.67%
-----
           BTCUSDT ETHUSDT XRPUSDT
w_target     16.7%   16.7%   16.7%
rt_14h30    -0.06%  -0.06%  -0.07%
w_target_f   16.7%   16.7%   16.7%
2024-03-19 21:31:03,169
Portfolio was rebalanced less than 2 hours ago, 1.0 hours ago
2024-03-19 21:31:03,170
Status: prev = LONG <> LONG = target
2024-03-19 21:31:03,170
the strat is currently running @ 19-03-2024 and the target positions is LONG
the strat was previously run @ 2024-03-19 20:31:01, success:yes 
   and the current positions is LONG
2024-03-19 21:31:04,405
positions_future #2
2024-03-19 21:31:04,405
      symbol  positionAmt entryPrice  ... adlQuantile AUMs_account        w%
124  XRPUSDT       79.300      0.606  ...           1        286.9  0.165552
156  ETHUSDT        0.014    3313.36  ...           1        286.9  0.159678

[2 rows x 12 columns]
2024-03-19 21:31:04,493
programm stoppeddd!!! 20240319_213104
