2024-01-18 23:30:44,000
ON program started 20240118 23:30:43,
US time: 20240118 18:30:44
2024-01-18 23:30:44,989
the strat is currently running @ 18-01-2024 and the target positions is SHORT
2024-01-18 23:30:46,416
CURRENT STATUS IS SHORT, WE CHECK IF THE DAY IS A NEGATIVE ONE
-----
return before 14h30:
BTCUSDT-2.71%, ETHUSDT-2.62%, XRPUSDT-2.57%
-----
target alloc initial:BTCUSDT-4.17%, ETHUSDT+0.00%, XRPUSDT-4.17%
-----
alloc target x rt%<0:BTCUSDT-4.17%, ETHUSDT+0.00%, XRPUSDT-4.17%
-----
           BTCUSDT ETHUSDT XRPUSDT
w_target     -4.2%    0.0%   -4.2%
rt_14h30    -0.03%  -0.03%  -0.03%
w_target_f   -4.2%    0.0%   -4.2%
2024-01-18 23:30:46,418
Portfolio was rebalanced less than 2 hours ago, 1.0 hours ago
2024-01-18 23:30:46,421
Status: prev = SHORT <> LONG = target
2024-01-18 23:30:46,421
the strat is currently running @ 18-01-2024 and the target positions is SHORT
the strat was previously run @ 2024-01-18 22:30:50 UTC, success:yes 
   and the current positions is LONG
2024-01-18 23:30:47,643
positions_future #2
2024-01-18 23:30:47,689
      symbol  positionAmt entryPrice  ... adlQuantile AUMs_account        w%
143  ETHUSDT         0.02    2470.03  ...           2        289.6  0.170541
115  XRPUSDT        86.90     0.5522  ...           3        289.6  0.165718

[2 rows x 12 columns]
2024-01-18 23:30:47,934
------------------------------
binance_account_balance
2024-01-18 23:30:47,934
  asset     balance  ...  marginAvailable   updateTime
5  USDT  289.617757  ...             True  18Jan-19:31

[1 rows x 8 columns]
2024-01-18 23:30:48,599
------------------------------
open_orders
2024-01-18 23:30:48,599
Empty DataFrame
Columns: []
Index: []
2024-01-18 23:30:49,253
------------------------------
AUMS account:289

2024-01-18 23:30:49,255
--------------- compute_futures_order_book() ----------------
2024-01-18 23:30:50,801
----------------------------------------------------------------------
#2 order(s) to place
gross$: 109$ | net$: -109$
gross%: 38% | net%: -38%
 || w>0%  +0% | w<0%  -38%
----------------------------------------------------------------------
PTF Expo% 33.4% >> -8.3% (current>>target)
PTF expo $97.0 >> $-24 (current>>target)
----------------------------------------------------------------------
2024-01-18 23:30:50,803
orders_ofthe_day
2024-01-18 23:30:50,803
                  ptf_usd  target_usd  totrd_usd  ...        bid        ask strategy
2024-01-18 23:30                                  ...                               
XRPUSDT              48.0      -12.08      -60.0  ...     0.5522     0.5523  STRATON
ETHUSDT              49.0        0.00      -49.0  ...  2469.7900  2469.8000  STRATON

[2 rows x 10 columns]
2024-01-18 23:30:51,799
binance_place_orders_peg 20240118_233051
2024-01-18 23:30:52,234
{'orderId': 48650768951, 'symbol': 'XRPUSDT', 'status': 'NEW', 'clientOrderId': 'STRATON', 'price': '0.5526', 'avgPrice': '0.00', 'origQty': '108.6', 'executedQty': '0.0', 'cumQty': '0.0', 'cumQuote': '0.00000', 'timeInForce': 'GTC', 'type': 'LIMIT', 'reduceOnly': False, 'closePosition': False, 'side': 'SELL', 'positionSide': 'BOTH', 'stopPrice': '0.0000', 'workingType': 'CONTRACT_PRICE', 'priceProtect': False, 'origType': 'LIMIT', 'priceMatch': 'NONE', 'selfTradePreventionMode': 'NONE', 'goodTillDate': 0, 'updateTime': 1705620652125}
2024-01-18 23:30:52,668
{'orderId': 8389765644829517147, 'symbol': 'ETHUSDT', 'status': 'NEW', 'clientOrderId': 'STRATON', 'price': '2471.03', 'avgPrice': '0.00', 'origQty': '0.020', 'executedQty': '0.000', 'cumQty': '0.000', 'cumQuote': '0.00000', 'timeInForce': 'GTC', 'type': 'LIMIT', 'reduceOnly': False, 'closePosition': False, 'side': 'SELL', 'positionSide': 'BOTH', 'stopPrice': '0.00', 'workingType': 'CONTRACT_PRICE', 'priceProtect': False, 'origType': 'LIMIT', 'priceMatch': 'NONE', 'selfTradePreventionMode': 'NONE', 'goodTillDate': 0, 'updateTime': 1705620652560}
2024-01-18 23:30:54,239
update 0: filled 0 / 2 () | working 2 / 2 (-XRPUSDT,-ETHUSDT)
2024-01-18 23:30:58,239
-XRPUSDT: bp5.0|-ETHUSDT: bp4.0|
2024-01-18 23:30:59,112
update 1: filled 0 / 2 () | working 2 / 2 (-XRPUSDT,-ETHUSDT)
2024-01-18 23:31:03,112
-XRPUSDT: bp7.0|-ETHUSDT: bp5.0|
2024-01-18 23:31:03,983
update 2: filled 0 / 2 () | working 2 / 2 (-XRPUSDT,-ETHUSDT)
2024-01-18 23:31:07,984
-XRPUSDT: bp4.0|-ETHUSDT: bp4.0|
2024-01-18 23:31:08,864
update 3: filled 0 / 2 () | working 2 / 2 (-XRPUSDT,-ETHUSDT)
2024-01-18 23:31:12,864
-XRPUSDT: bp4.0|-ETHUSDT: bp5.0|
2024-01-18 23:31:13,736
update 4: filled 0 / 2 () | working 2 / 2 (-XRPUSDT,-ETHUSDT)
2024-01-18 23:31:17,736
-XRPUSDT: bp5.0|-ETHUSDT: bp6.0|
2024-01-18 23:31:18,607
update 5: filled 0 / 2 () | working 2 / 2 (-XRPUSDT,-ETHUSDT)
2024-01-18 23:31:22,608
-XRPUSDT: bp4.0|-ETHUSDT: bp6.0|
2024-01-18 23:31:23,480
update 6: filled 0 / 2 () | working 2 / 2 (-XRPUSDT,-ETHUSDT)
2024-01-18 23:31:27,481
-XRPUSDT: bp4.0|-ETHUSDT: bp6.0|
2024-01-18 23:31:28,354
update 7: filled 0 / 2 () | working 2 / 2 (-XRPUSDT,-ETHUSDT)
2024-01-18 23:31:32,355
-XRPUSDT: bp4.0|-ETHUSDT: bp6.0|
2024-01-18 23:31:33,227
update 8: filled 0 / 2 () | working 2 / 2 (-XRPUSDT,-ETHUSDT)
2024-01-18 23:31:37,228
-XRPUSDT: bp4.0|-ETHUSDT: bp7.0|
2024-01-18 23:31:38,100
update 9: filled 0 / 2 () | working 2 / 2 (-XRPUSDT,-ETHUSDT)
2024-01-18 23:31:42,101
-XRPUSDT: bp4.0|-ETHUSDT: bp7.0|
2024-01-18 23:31:42,973
update 10: filled 0 / 2 () | working 2 / 2 (-XRPUSDT,-ETHUSDT)
2024-01-18 23:31:46,974
-XRPUSDT: bp4.0|-ETHUSDT: bp9.0|
2024-01-18 23:31:47,848
update 11: filled 0 / 2 () | working 2 / 2 (-XRPUSDT,-ETHUSDT)
2024-01-18 23:31:51,848
-XRPUSDT: bp4.0|-ETHUSDT: bp10.0|
2024-01-18 23:31:52,719
update 12: filled 0 / 2 () | working 2 / 2 (-XRPUSDT,-ETHUSDT)
2024-01-18 23:31:56,720
-XRPUSDT: bp4.0|-ETHUSDT: bp10.0|
2024-01-18 23:31:57,595
update 13: filled 0 / 2 () | working 2 / 2 (-XRPUSDT,-ETHUSDT)
2024-01-18 23:32:01,595
-XRPUSDT: bp4.0|-ETHUSDT: bp10.0|
2024-01-18 23:32:02,468
update 14: filled 0 / 2 () | working 2 / 2 (-XRPUSDT,-ETHUSDT)
2024-01-18 23:32:06,469
-XRPUSDT: bp4.0|-ETHUSDT: bp9.0|
2024-01-18 23:32:06,469
Adjustment limit #1 ... 
 we cancel current orders and replace
2024-01-18 23:32:06,469
@+/-2.5bp limit 
2024-01-18 23:32:06,470
binance_cancel_and_replace_orders_peg 20240118_233206
2024-01-18 23:32:08,659
binance_place_orders_peg 20240118_233208
2024-01-18 23:32:09,093
{'orderId': 48650789186, 'symbol': 'XRPUSDT', 'status': 'NEW', 'clientOrderId': 'STRATON', 'price': '0.5525', 'avgPrice': '0.00', 'origQty': '108.6', 'executedQty': '0.0', 'cumQty': '0.0', 'cumQuote': '0.00000', 'timeInForce': 'GTC', 'type': 'LIMIT', 'reduceOnly': False, 'closePosition': False, 'side': 'SELL', 'positionSide': 'BOTH', 'stopPrice': '0.0000', 'workingType': 'CONTRACT_PRICE', 'priceProtect': False, 'origType': 'LIMIT', 'priceMatch': 'NONE', 'selfTradePreventionMode': 'NONE', 'goodTillDate': 0, 'updateTime': 1705620728984}
2024-01-18 23:32:09,530
{'orderId': 8389765644829797805, 'symbol': 'ETHUSDT', 'status': 'NEW', 'clientOrderId': 'STRATON', 'price': '2469.38', 'avgPrice': '0.00', 'origQty': '0.020', 'executedQty': '0.000', 'cumQty': '0.000', 'cumQuote': '0.00000', 'timeInForce': 'GTC', 'type': 'LIMIT', 'reduceOnly': False, 'closePosition': False, 'side': 'SELL', 'positionSide': 'BOTH', 'stopPrice': '0.00', 'workingType': 'CONTRACT_PRICE', 'priceProtect': False, 'origType': 'LIMIT', 'priceMatch': 'NONE', 'selfTradePreventionMode': 'NONE', 'goodTillDate': 0, 'updateTime': 1705620729421}
2024-01-18 23:32:10,417
update 0: filled 0 / 2 () | working 2 / 2 (-XRPUSDT,-ETHUSDT)
2024-01-18 23:32:14,418
-XRPUSDT: bp4.0|-ETHUSDT: bp3.0|
2024-01-18 23:32:15,294
update 1: filled 0 / 2 () | working 2 / 2 (-XRPUSDT,-ETHUSDT)
2024-01-18 23:32:19,295
-XRPUSDT: bp4.0|-ETHUSDT: bp3.0|
2024-01-18 23:32:20,209
update 2: filled 0 / 2 () | working 2 / 2 (-XRPUSDT,-ETHUSDT)
2024-01-18 23:32:24,210
-XRPUSDT: bp2.0|-ETHUSDT: bp3.0|
2024-01-18 23:32:25,080
update 3: filled 0 / 2 () | working 2 / 2 (-XRPUSDT,-ETHUSDT)
2024-01-18 23:32:29,081
-XRPUSDT: bp4.0|-ETHUSDT: bp2.0|
2024-01-18 23:32:29,952
update 4: filled 0 / 2 () | working 2 / 2 (-XRPUSDT,-ETHUSDT)
2024-01-18 23:32:33,953
-XRPUSDT: bp2.0|-ETHUSDT: bp2.0|
2024-01-18 23:32:34,828
update 5: filled 1 / 2 (-ETHUSDT) | working 1 / 2 (-XRPUSDT)
2024-01-18 23:32:38,829
-XRPUSDT: bp2.0|
2024-01-18 23:32:39,701
update 6: filled 1 / 2 (-ETHUSDT) | working 1 / 2 (-XRPUSDT)
2024-01-18 23:32:43,702
-XRPUSDT: bp4.0|
2024-01-18 23:32:44,573
update 7: filled 1 / 2 (-ETHUSDT) | working 1 / 2 (-XRPUSDT)
2024-01-18 23:32:48,574
-XRPUSDT: bp2.0|
2024-01-18 23:32:49,447
update 8: filled 1 / 2 (-ETHUSDT) | working 1 / 2 (-XRPUSDT)
2024-01-18 23:32:53,448
-XRPUSDT: bp4.0|
2024-01-18 23:32:54,322
update 9: filled 1 / 2 (-ETHUSDT) | working 1 / 2 (-XRPUSDT)
2024-01-18 23:32:58,323
-XRPUSDT: bp2.0|
2024-01-18 23:32:59,197
update 10: filled 1 / 2 (-ETHUSDT) | working 1 / 2 (-XRPUSDT)
2024-01-18 23:33:03,197
-XRPUSDT: bp4.0|
2024-01-18 23:33:04,068
update 11: filled 1 / 2 (-ETHUSDT) | working 1 / 2 (-XRPUSDT)
2024-01-18 23:33:08,069
-XRPUSDT: bp2.0|
2024-01-18 23:33:08,945
update 12: filled 1 / 2 (-ETHUSDT) | working 1 / 2 (-XRPUSDT)
2024-01-18 23:33:12,946
-XRPUSDT: bp2.0|
2024-01-18 23:33:13,819
update 13: filled 1 / 2 (-ETHUSDT) | working 1 / 2 (-XRPUSDT)
2024-01-18 23:33:17,820
-XRPUSDT: bp4.0|
2024-01-18 23:33:18,693
update 14: filled 1 / 2 (-ETHUSDT) | working 1 / 2 (-XRPUSDT)
2024-01-18 23:33:22,694
-XRPUSDT: bp5.0|
2024-01-18 23:33:22,694
Adjustment limit #2 ... 
 we cancel current orders and replace
2024-01-18 23:33:22,694
@+/-1.25bp limit 
2024-01-18 23:33:22,694
binance_cancel_and_replace_orders_peg 20240118_233322
2024-01-18 23:33:24,223
binance_place_orders_peg 20240118_233324
2024-01-18 23:33:24,658
{'orderId': 48650804940, 'symbol': 'XRPUSDT', 'status': 'NEW', 'clientOrderId': 'STRATON', 'price': '0.5524', 'avgPrice': '0.00', 'origQty': '108.6', 'executedQty': '0.0', 'cumQty': '0.0', 'cumQuote': '0.00000', 'timeInForce': 'GTC', 'type': 'LIMIT', 'reduceOnly': False, 'closePosition': False, 'side': 'SELL', 'positionSide': 'BOTH', 'stopPrice': '0.0000', 'workingType': 'CONTRACT_PRICE', 'priceProtect': False, 'origType': 'LIMIT', 'priceMatch': 'NONE', 'selfTradePreventionMode': 'NONE', 'goodTillDate': 0, 'updateTime': 1705620804549}
2024-01-18 23:33:25,539
update 0: filled 1 / 2 (-ETHUSDT) | working 1 / 2 (-XRPUSDT)
2024-01-18 23:33:29,540
-XRPUSDT: bp4.0|
2024-01-18 23:33:30,413
update 1: filled 1 / 2 (-ETHUSDT) | working 1 / 2 (-XRPUSDT)
2024-01-18 23:33:34,413
-XRPUSDT: bp2.0|
2024-01-18 23:33:35,285
update 2: filled 1 / 2 (-ETHUSDT) | working 1 / 2 (-XRPUSDT)
2024-01-18 23:33:39,286
-XRPUSDT: bp2.0|
2024-01-18 23:33:40,163
update 3: filled 1 / 2 (-ETHUSDT) | working 1 / 2 (-XRPUSDT)
2024-01-18 23:33:44,164
-XRPUSDT: bp2.0|
2024-01-18 23:33:45,035
update 4: filled 1 / 2 (-ETHUSDT) | working 1 / 2 (-XRPUSDT)
2024-01-18 23:33:49,036
-XRPUSDT: bp2.0|
2024-01-18 23:33:49,907
update 5: filled 1 / 2 (-ETHUSDT) | working 1 / 2 (-XRPUSDT)
2024-01-18 23:33:53,908
-XRPUSDT: bp2.0|
2024-01-18 23:33:54,780
update 6: filled 1 / 2 (-ETHUSDT) | working 1 / 2 (-XRPUSDT)
2024-01-18 23:33:58,780
-XRPUSDT: bp0.0|
2024-01-18 23:33:59,653
update 7: filled 1 / 2 (-ETHUSDT) | working 1 / 2 (-XRPUSDT)
2024-01-18 23:34:03,654
-XRPUSDT: bp0.0|
2024-01-18 23:34:04,526
update 8: filled 1 / 2 (-ETHUSDT) | working 1 / 2 (-XRPUSDT)
2024-01-18 23:34:08,527
-XRPUSDT: bp2.0|
2024-01-18 23:34:09,398
update 9: filled 1 / 2 (-ETHUSDT) | working 1 / 2 (-XRPUSDT)
2024-01-18 23:34:13,398
-XRPUSDT: bp2.0|
2024-01-18 23:34:14,270
update 10: filled 1 / 2 (-ETHUSDT) | working 1 / 2 (-XRPUSDT)
2024-01-18 23:34:18,271
-XRPUSDT: bp4.0|
2024-01-18 23:34:19,144
update 11: filled 1 / 2 (-ETHUSDT) | working 1 / 2 (-XRPUSDT)
2024-01-18 23:34:23,145
-XRPUSDT: bp4.0|
2024-01-18 23:34:24,019
update 12: filled 1 / 2 (-ETHUSDT) | working 1 / 2 (-XRPUSDT)
2024-01-18 23:34:28,020
-XRPUSDT: bp2.0|
2024-01-18 23:34:28,895
update 13: filled 1 / 2 (-ETHUSDT) | working 1 / 2 (-XRPUSDT)
2024-01-18 23:34:32,896
-XRPUSDT: bp2.0|
2024-01-18 23:34:33,770
update 14: filled 1 / 2 (-ETHUSDT) | working 1 / 2 (-XRPUSDT)
2024-01-18 23:34:37,771
-XRPUSDT: bp4.0|
2024-01-18 23:34:37,771
Adjustment limit #3 ... 
 we cancel current orders and replace
2024-01-18 23:34:37,771
@+/-0.625bp limit 
2024-01-18 23:34:37,771
binance_cancel_and_replace_orders_peg 20240118_233437
2024-01-18 23:34:39,309
binance_place_orders_peg 20240118_233439
2024-01-18 23:34:39,742
{'orderId': 48650825586, 'symbol': 'XRPUSDT', 'status': 'NEW', 'clientOrderId': 'STRATON', 'price': '0.5523', 'avgPrice': '0.00', 'origQty': '108.6', 'executedQty': '0.0', 'cumQty': '0.0', 'cumQuote': '0.00000', 'timeInForce': 'GTC', 'type': 'LIMIT', 'reduceOnly': False, 'closePosition': False, 'side': 'SELL', 'positionSide': 'BOTH', 'stopPrice': '0.0000', 'workingType': 'CONTRACT_PRICE', 'priceProtect': False, 'origType': 'LIMIT', 'priceMatch': 'NONE', 'selfTradePreventionMode': 'NONE', 'goodTillDate': 0, 'updateTime': 1705620879633}
2024-01-18 23:34:40,622
update 0: filled 1 / 2 (-ETHUSDT) | working 1 / 2 (-XRPUSDT)
2024-01-18 23:34:44,623
-XRPUSDT: bp2.0|
2024-01-18 23:34:45,494
update 1: filled 1 / 2 (-ETHUSDT) | working 1 / 2 (-XRPUSDT)
2024-01-18 23:34:49,495
-XRPUSDT: bp0.0|
2024-01-18 23:34:50,375
update 2: filled 1 / 2 (-ETHUSDT) | working 1 / 2 (-XRPUSDT)
2024-01-18 23:34:54,376
-XRPUSDT: bp0.0|
2024-01-18 23:34:55,251
update 3: filled 1 / 2 (-ETHUSDT) | working 1 / 2 (-XRPUSDT)
2024-01-18 23:34:59,252
-XRPUSDT: bp0.0|
2024-01-18 23:35:00,130
update 4: filled 1 / 2 (-ETHUSDT) | working 1 / 2 (-XRPUSDT)
2024-01-18 23:35:04,131
-XRPUSDT: bp0.0|
2024-01-18 23:35:05,012
update 5: filled 1 / 2 (-ETHUSDT) | working 1 / 2 (-XRPUSDT)
2024-01-18 23:35:09,013
-XRPUSDT: bp2.0|
2024-01-18 23:35:09,892
update 6: filled 1 / 2 (-ETHUSDT) | working 1 / 2 (-XRPUSDT)
2024-01-18 23:35:13,893
-XRPUSDT: bp0.0|
2024-01-18 23:35:14,769
update 7: filled 1 / 2 (-ETHUSDT) | working 1 / 2 (-XRPUSDT)
2024-01-18 23:35:18,770
-XRPUSDT: bp2.0|
2024-01-18 23:35:19,648
update 8: filled 2 / 2 (-ETHUSDT,-XRPUSDT) | working 0 / 2 ()
2024-01-18 23:35:26,075
Trades of the day
in$
as of: 18Jan 23:32>>23:35 (#trades: 2)
trade net: -109.0 (-37.6%), trade gross: +109.0 (+37.6%), BUY: +0.0 (+0.0%), SELL: -109.0 (-37.6%)
fees: $ 0.022 (2.0bp)
2024-01-18 23:35:26,530
Trades: 
Filled #2
______________________________________________
                   in$ | in bp 109 traded | in bp 289 AUMs
realizedPnl    +0      | +0      | +0     
PnLvsArrival   +0      | +0      | +0     
PnLvsLast      +0.01   | +1      | +0     
______________________________________________
                 | Value$ | PnL Arrival/Last 
______________________________________________
XRP:-108.6@0.5523 | -60$ | 0.01/0.02
ETH:-0.02@2469.38 | -49$ | -0.01/-0.01
