2024-09-06 21:30:41,057
ON program started 20240906 21:30:41,
US time: 20240906 17:30:41
2024-09-06 21:30:41,545
the strat is currently running @ 06-09-2024 and the target positions is LONG
2024-09-06 21:30:42,847
CURRENT STATUS IS LONG
-----
return before 14h30:
BTCUSDT-0.51%, ETHUSDT-0.24%, XRPUSDT-1.23%
-----
target alloc initial:BTCUSDT+16.67%, ETHUSDT+16.67%, XRPUSDT+16.67%
-----
alloc target x rt%<0:BTCUSDT+16.67%, ETHUSDT+16.67%, XRPUSDT+16.67%
-----
           BTCUSDT ETHUSDT XRPUSDT
w_target     16.7%   16.7%   16.7%
rt_14h30    -0.01%  -0.00%  -0.01%
w_target_f   16.7%   16.7%   16.7%
2024-09-06 21:30:42,848
Portfolio was rebalanced less than 2 hours ago, 1.0 hours ago
2024-09-06 21:30:42,849
Status: prev = LONG <> LONG = target
2024-09-06 21:30:42,849
the strat is currently running @ 06-09-2024 and the target positions is LONG
the strat was previously run @ 2024-09-06 20:30:52, success:yes 
   and the current positions is LONG
2024-09-06 21:30:43,980
positions_future #2
2024-09-06 21:30:43,980
      symbol  positionAmt entryPrice  ... adlQuantile AUMs_account        w%
138  XRPUSDT       94.600     0.5179  ...           2        293.8  0.165656
176  ETHUSDT        0.022    2238.09  ...           1        293.8  0.164221

[2 rows x 12 columns]
2024-09-06 21:30:44,060
programm stoppeddd!!! 20240906_213044
