2024-04-03 01:31:03,101
ON program started 20240403 01:31:03,
US time: 20240402 21:31:03
2024-04-03 01:31:04,154
the strat is currently running @ 03-04-2024 and the target positions is SHORT
2024-04-03 01:31:05,558
CURRENT STATUS IS SHORT, WE CHECK IF THE DAY IS A NEGATIVE ONE
-----
return before 14h30:
BTCUSDT-0.06%, ETHUSDT-0.12%, XRPUSDT-1.23%
-----
target alloc initial:BTCUSDT-4.17%, ETHUSDT+0.00%, XRPUSDT-4.17%
-----
alloc target x rt%<0:BTCUSDT-4.17%, ETHUSDT+0.00%, XRPUSDT-4.17%
-----
           BTCUSDT ETHUSDT XRPUSDT
w_target     -4.2%    0.0%   -4.2%
rt_14h30    -0.00%  -0.00%  -0.01%
w_target_f   -4.2%    0.0%   -4.2%
2024-04-03 01:31:05,559
Portfolio was rebalanced less than 2 hours ago, 1.0 hours ago
2024-04-03 01:31:05,560
Status: prev = SHORT <> SHORT = target
2024-04-03 01:31:05,560
the strat is currently running @ 03-04-2024 and the target positions is SHORT
the strat was previously run @ 2024-04-03 00:30:56, success:yes 
   and the current positions is SHORT
2024-04-03 01:31:06,793
positions_future #1
2024-04-03 01:31:06,793
      symbol  positionAmt entryPrice  ... adlQuantile AUMs_account        w%
124  XRPUSDT        -20.8     0.5885  ...           1        289.7 -0.041593

[1 rows x 12 columns]
2024-04-03 01:31:06,899
programm stoppeddd!!! 20240403_013106
