2023-08-28 22:30:46,525
ON program started 20230828 22:30:46,
US time: 20230828 18:30:46
2023-08-28 22:30:47,749
the strat is currently running @ 28-08-2023 and the target positions is SHORT
2023-08-28 22:30:50,038
CURRENT STATUS IS SHORT, WE CHECK IF THE DAY IS A NEGATIVE ONE
-----
return before 14h30:
BTCUSDT+0.50%, ETHUSDT-0.01%, XRPUSDT+0.10%
-----
target alloc initial:BTCUSDT-4.17%, ETHUSDT+0.00%, XRPUSDT-4.17%
-----
alloc target x rt%<0:BTCUSDT-0.00%, ETHUSDT+0.00%, XRPUSDT-0.00%
-----
           BTCUSDT ETHUSDT XRPUSDT
w_target     -4.2%    0.0%   -4.2%
rt_14h30     0.00%  -0.00%   0.00%
w_target_f   -0.0%    0.0%   -0.0%
2023-08-28 22:30:50,040
Portfolio was rebalanced less than 2 hours ago, 1.0 hours ago
2023-08-28 22:30:50,042
Status: prev = SHORT <> LONG = target
2023-08-28 22:30:50,042
the strat is currently running @ 28-08-2023 and the target positions is SHORT
the strat was previously run @ 2023-08-28 21:30:52 UTC, success:yes 
   and the current positions is LONG
2023-08-28 22:30:51,202
positions_future #3
2023-08-28 22:30:51,202
      symbol  positionAmt entryPrice  ...   updateTime  AUMs_account        w%
225  BTCUSDT        0.002    26108.1  ...  28Aug-18:34         276.6  0.188161
111  XRPUSDT       88.600       0.52  ...  28Aug-18:36         276.6  0.167343
138  ETHUSDT        0.028    1648.79  ...  28Aug-18:35         276.6  0.166963

[3 rows x 9 columns]
2023-08-28 22:30:51,440
------------------------------
binance_account_balance
2023-08-28 22:30:51,440
  asset     balance  ... marginAvailable   updateTime
5  USDT  276.524939  ...            True  28Aug-18:36

[1 rows x 8 columns]
2023-08-28 22:30:52,337
------------------------------
open_orders
2023-08-28 22:30:52,337
                                      0  ...                           2
symbol                          BTCUSDT  ...                     ETHUSDT
status                              NEW  ...                         NEW
price                                 0  ...                           0
avgPrice                              0  ...                           0
origQty                           0.002  ...                       0.028
executedQty                           0  ...                           0
type                        STOP_MARKET  ...                 STOP_MARKET
side                               SELL  ...                        SELL
stopPrice                      24799.60  ...                     1565.91
time         2023-08-28 18:36:23.142000  ...  2023-08-28 18:36:23.576000
updateTime   2023-08-28 18:36:23.142000  ...  2023-08-28 18:36:23.576000

[11 rows x 3 columns]
2023-08-28 22:30:55,667
------------------------------
AUMS account:276

2023-08-28 22:30:55,668
--------------- compute_futures_order_book() ----------------
2023-08-28 22:30:57,230
----------------------------------------------------------------------
#3 order(s) to place
gross$: 144$ | net$: -144$
gross%: 52% | net%: -52%
 || w>0%  +0% | w<0%  -52%
----------------------------------------------------------------------
PTF Expo% 52.0% >> 0.0% (current>>target)
PTF expo $144.0 >> $0 (current>>target)
----------------------------------------------------------------------
2023-08-28 22:30:57,231
orders_ofthe_day
2023-08-28 22:30:57,231
                  ptf_usd  target_usd  ...         bid         ask
2023-08-28 22:30                       ...                        
BTCUSDT              52.0        -0.0  ...  26012.1000  26012.2000
XRPUSDT              46.0        -0.0  ...      0.5221      0.5222
ETHUSDT              46.0         0.0  ...   1648.7500   1648.7600

[3 rows x 9 columns]
2023-08-28 22:30:59,132
binance_place_orders_peg 20230828_223059
2023-08-28 22:30:59,571
{'orderId': 184780167111, 'symbol': 'BTCUSDT', 'status': 'NEW', 'clientOrderId': '86OyJbM2rKrLkfQV26b3LP', 'price': '26023.50', 'avgPrice': '0.00', 'origQty': '0.002', 'executedQty': '0.000', 'cumQty': '0.000', 'cumQuote': '0.00000', 'timeInForce': 'GTC', 'type': 'LIMIT', 'reduceOnly': False, 'closePosition': False, 'side': 'SELL', 'positionSide': 'BOTH', 'stopPrice': '0.00', 'workingType': 'CONTRACT_PRICE', 'priceProtect': False, 'origType': 'LIMIT', 'updateTime': 1693261859461}
2023-08-28 22:31:00,010
{'orderId': 40324766272, 'symbol': 'XRPUSDT', 'status': 'NEW', 'clientOrderId': 'vvy3WMd2VGu6gSTs8beQS6', 'price': '0.5225', 'avgPrice': '0.00', 'origQty': '88.6', 'executedQty': '0.0', 'cumQty': '0.0', 'cumQuote': '0.00000', 'timeInForce': 'GTC', 'type': 'LIMIT', 'reduceOnly': False, 'closePosition': False, 'side': 'SELL', 'positionSide': 'BOTH', 'stopPrice': '0.0000', 'workingType': 'CONTRACT_PRICE', 'priceProtect': False, 'origType': 'LIMIT', 'updateTime': 1693261859900}
2023-08-28 22:31:00,450
{'orderId': 8389765614610513240, 'symbol': 'ETHUSDT', 'status': 'NEW', 'clientOrderId': 'OACR6aL2APtXsuK9YDvX4j', 'price': '1649.52', 'avgPrice': '0.00', 'origQty': '0.028', 'executedQty': '0.000', 'cumQty': '0.000', 'cumQuote': '0.00000', 'timeInForce': 'GTC', 'type': 'LIMIT', 'reduceOnly': False, 'closePosition': False, 'side': 'SELL', 'positionSide': 'BOTH', 'stopPrice': '0.00', 'workingType': 'CONTRACT_PRICE', 'priceProtect': False, 'origType': 'LIMIT', 'updateTime': 1693261860340}
2023-08-28 22:31:01,769
update 0: filled 0 / 3 () | working 3 / 3 (-BTCUSDT,-XRPUSDT,-ETHUSDT)
2023-08-28 22:31:05,770
-BTCUSDT: bp5.0|-XRPUSDT: bp8.0|-ETHUSDT: bp5.0|
2023-08-28 22:31:07,123
update 1: filled 0 / 3 () | working 3 / 3 (-BTCUSDT,-XRPUSDT,-ETHUSDT)
2023-08-28 22:31:11,123
-BTCUSDT: bp5.0|-XRPUSDT: bp6.0|-ETHUSDT: bp5.0|
2023-08-28 22:31:12,436
update 2: filled 0 / 3 () | working 3 / 3 (-BTCUSDT,-XRPUSDT,-ETHUSDT)
2023-08-28 22:31:16,437
-BTCUSDT: bp5.0|-XRPUSDT: bp8.0|-ETHUSDT: bp5.0|
2023-08-28 22:31:17,747
update 3: filled 0 / 3 () | working 3 / 3 (-BTCUSDT,-XRPUSDT,-ETHUSDT)
2023-08-28 22:31:21,747
-BTCUSDT: bp5.0|-XRPUSDT: bp6.0|-ETHUSDT: bp5.0|
2023-08-28 22:31:23,058
update 4: filled 0 / 3 () | working 3 / 3 (-BTCUSDT,-XRPUSDT,-ETHUSDT)
2023-08-28 22:31:27,058
-BTCUSDT: bp7.0|-XRPUSDT: bp13.0|-ETHUSDT: bp7.0|
2023-08-28 22:31:28,368
update 5: filled 0 / 3 () | working 3 / 3 (-BTCUSDT,-XRPUSDT,-ETHUSDT)
2023-08-28 22:31:32,369
-BTCUSDT: bp8.0|-XRPUSDT: bp15.0|-ETHUSDT: bp8.0|
2023-08-28 22:31:33,679
update 6: filled 0 / 3 () | working 3 / 3 (-BTCUSDT,-XRPUSDT,-ETHUSDT)
2023-08-28 22:31:37,680
-BTCUSDT: bp7.0|-XRPUSDT: bp17.0|-ETHUSDT: bp8.0|
2023-08-28 22:31:38,991
update 7: filled 0 / 3 () | working 3 / 3 (-BTCUSDT,-XRPUSDT,-ETHUSDT)
2023-08-28 22:31:42,992
-BTCUSDT: bp8.0|-XRPUSDT: bp17.0|-ETHUSDT: bp8.0|
2023-08-28 22:31:44,302
update 8: filled 0 / 3 () | working 3 / 3 (-BTCUSDT,-XRPUSDT,-ETHUSDT)
2023-08-28 22:31:48,303
-BTCUSDT: bp8.0|-XRPUSDT: bp15.0|-ETHUSDT: bp8.0|
2023-08-28 22:31:49,612
update 9: filled 0 / 3 () | working 3 / 3 (-BTCUSDT,-XRPUSDT,-ETHUSDT)
2023-08-28 22:31:53,612
-BTCUSDT: bp8.0|-XRPUSDT: bp13.0|-ETHUSDT: bp7.0|
2023-08-28 22:31:54,920
update 10: filled 0 / 3 () | working 3 / 3 (-BTCUSDT,-XRPUSDT,-ETHUSDT)
2023-08-28 22:31:58,920
-BTCUSDT: bp8.0|-XRPUSDT: bp13.0|-ETHUSDT: bp8.0|
2023-08-28 22:32:00,229
update 11: filled 0 / 3 () | working 3 / 3 (-BTCUSDT,-XRPUSDT,-ETHUSDT)
2023-08-28 22:32:04,230
-BTCUSDT: bp8.0|-XRPUSDT: bp13.0|-ETHUSDT: bp9.0|
2023-08-28 22:32:05,540
update 12: filled 0 / 3 () | working 3 / 3 (-BTCUSDT,-XRPUSDT,-ETHUSDT)
2023-08-28 22:32:09,541
-BTCUSDT: bp8.0|-XRPUSDT: bp13.0|-ETHUSDT: bp9.0|
2023-08-28 22:32:10,851
update 13: filled 0 / 3 () | working 3 / 3 (-BTCUSDT,-XRPUSDT,-ETHUSDT)
2023-08-28 22:32:14,852
-BTCUSDT: bp7.0|-XRPUSDT: bp11.0|-ETHUSDT: bp9.0|
2023-08-28 22:32:16,167
update 14: filled 0 / 3 () | working 3 / 3 (-BTCUSDT,-XRPUSDT,-ETHUSDT)
2023-08-28 22:32:20,168
-BTCUSDT: bp7.0|-XRPUSDT: bp17.0|-ETHUSDT: bp9.0|
2023-08-28 22:32:20,168
Adjustment limit #1 ... 
 we cancel current orders and replace
2023-08-28 22:32:20,168
@+/-2.5bp limit 
2023-08-28 22:32:20,168
binance_cancel_and_replace_orders_peg 20230828_223220
2023-08-28 22:32:22,152
binance_place_orders_peg 20230828_223222
2023-08-28 22:32:22,596
{'orderId': 184780471840, 'symbol': 'BTCUSDT', 'status': 'NEW', 'clientOrderId': '8Trcvdv1OKhCsjftOuGIQg', 'price': '26014.70', 'avgPrice': '0.00', 'origQty': '0.002', 'executedQty': '0.000', 'cumQty': '0.000', 'cumQuote': '0.00000', 'timeInForce': 'GTC', 'type': 'LIMIT', 'reduceOnly': False, 'closePosition': False, 'side': 'SELL', 'positionSide': 'BOTH', 'stopPrice': '0.00', 'workingType': 'CONTRACT_PRICE', 'priceProtect': False, 'origType': 'LIMIT', 'updateTime': 1693261942482}
2023-08-28 22:32:23,037
{'orderId': 40324834467, 'symbol': 'XRPUSDT', 'status': 'NEW', 'clientOrderId': 'qb4oe5XNfaWBHaSN57YAF5', 'price': '0.5218', 'avgPrice': '0.00', 'origQty': '88.6', 'executedQty': '0.0', 'cumQty': '0.0', 'cumQuote': '0.00000', 'timeInForce': 'GTC', 'type': 'LIMIT', 'reduceOnly': False, 'closePosition': False, 'side': 'SELL', 'positionSide': 'BOTH', 'stopPrice': '0.0000', 'workingType': 'CONTRACT_PRICE', 'priceProtect': False, 'origType': 'LIMIT', 'updateTime': 1693261942926}
2023-08-28 22:32:23,479
{'orderId': 8389765614610647393, 'symbol': 'ETHUSDT', 'status': 'NEW', 'clientOrderId': 'tfFgMnFM3TPjYgkZb7qJnB', 'price': '1648.31', 'avgPrice': '0.00', 'origQty': '0.028', 'executedQty': '0.000', 'cumQty': '0.000', 'cumQuote': '0.00000', 'timeInForce': 'GTC', 'type': 'LIMIT', 'reduceOnly': False, 'closePosition': False, 'side': 'SELL', 'positionSide': 'BOTH', 'stopPrice': '0.00', 'workingType': 'CONTRACT_PRICE', 'priceProtect': False, 'origType': 'LIMIT', 'updateTime': 1693261943366}
2023-08-28 22:32:24,789
update 0: filled 0 / 3 () | working 3 / 3 (-BTCUSDT,-XRPUSDT,-ETHUSDT)
2023-08-28 22:32:28,789
-BTCUSDT: bp3.0|-XRPUSDT: bp2.0|-ETHUSDT: bp3.0|
2023-08-28 22:32:30,101
update 1: filled 0 / 3 () | working 3 / 3 (-BTCUSDT,-XRPUSDT,-ETHUSDT)
2023-08-28 22:32:34,102
-BTCUSDT: bp2.0|-XRPUSDT: bp4.0|-ETHUSDT: bp2.0|
2023-08-28 22:32:35,413
update 2: filled 0 / 3 () | working 3 / 3 (-BTCUSDT,-XRPUSDT,-ETHUSDT)
2023-08-28 22:32:39,414
-BTCUSDT: bp4.0|-XRPUSDT: bp6.0|-ETHUSDT: bp6.0|
2023-08-28 22:32:40,723
update 3: filled 1 / 3 (-ETHUSDT) | working 2 / 3 (-BTCUSDT,-XRPUSDT)
2023-08-28 22:32:44,724
-BTCUSDT: bp1.0|-XRPUSDT: bp4.0|
2023-08-28 22:32:46,033
update 4: filled 1 / 3 (-ETHUSDT) | working 2 / 3 (-BTCUSDT,-XRPUSDT)
2023-08-28 22:32:50,033
-BTCUSDT: bp1.0|-XRPUSDT: bp2.0|
2023-08-28 22:32:51,344
update 5: filled 1 / 3 (-ETHUSDT) | working 2 / 3 (-BTCUSDT,-XRPUSDT)
2023-08-28 22:32:55,345
-BTCUSDT: bp2.0|-XRPUSDT: bp4.0|
2023-08-28 22:32:56,654
update 6: filled 1 / 3 (-ETHUSDT) | working 2 / 3 (-BTCUSDT,-XRPUSDT)
2023-08-28 22:33:00,654
-BTCUSDT: bp2.0|-XRPUSDT: bp2.0|
2023-08-28 22:33:01,962
update 7: filled 1 / 3 (-ETHUSDT) | working 2 / 3 (-BTCUSDT,-XRPUSDT)
2023-08-28 22:33:05,963
-BTCUSDT: bp2.0|-XRPUSDT: bp2.0|
2023-08-28 22:33:07,366
update 8: filled 1 / 3 (-ETHUSDT) | working 2 / 3 (-BTCUSDT,-XRPUSDT)
2023-08-28 22:33:11,367
-BTCUSDT: bp1.0|-XRPUSDT: bp2.0|
2023-08-28 22:33:12,684
update 9: filled 1 / 3 (-ETHUSDT) | working 2 / 3 (-BTCUSDT,-XRPUSDT)
2023-08-28 22:33:16,685
-BTCUSDT: bp1.0|-XRPUSDT: bp4.0|
2023-08-28 22:33:17,996
update 10: filled 1 / 3 (-ETHUSDT) | working 2 / 3 (-BTCUSDT,-XRPUSDT)
2023-08-28 22:33:21,996
-BTCUSDT: bp2.0|-XRPUSDT: bp4.0|
2023-08-28 22:33:23,310
update 11: filled 1 / 3 (-ETHUSDT) | working 2 / 3 (-BTCUSDT,-XRPUSDT)
2023-08-28 22:33:27,311
-BTCUSDT: bp2.0|-XRPUSDT: bp2.0|
2023-08-28 22:33:28,618
update 12: filled 1 / 3 (-ETHUSDT) | working 2 / 3 (-BTCUSDT,-XRPUSDT)
2023-08-28 22:33:32,619
-BTCUSDT: bp2.0|-XRPUSDT: bp4.0|
2023-08-28 22:33:33,929
update 13: filled 1 / 3 (-ETHUSDT) | working 2 / 3 (-BTCUSDT,-XRPUSDT)
2023-08-28 22:33:37,930
-BTCUSDT: bp2.0|-XRPUSDT: bp2.0|
2023-08-28 22:33:39,240
update 14: filled 1 / 3 (-ETHUSDT) | working 2 / 3 (-BTCUSDT,-XRPUSDT)
2023-08-28 22:33:43,241
-BTCUSDT: bp2.0|-XRPUSDT: bp2.0|
2023-08-28 22:33:43,241
Adjustment limit #2 ... 
 we cancel current orders and replace
2023-08-28 22:33:43,241
@+/-1.25bp limit 
2023-08-28 22:33:43,241
binance_cancel_and_replace_orders_peg 20230828_223343
2023-08-28 22:33:45,217
binance_place_orders_peg 20230828_223345
2023-08-28 22:33:45,658
{'orderId': 184780820408, 'symbol': 'BTCUSDT', 'status': 'NEW', 'clientOrderId': 'FC4l4UJGUjQJwNI5xXoF6x', 'price': '26012.10', 'avgPrice': '0.00', 'origQty': '0.002', 'executedQty': '0.000', 'cumQty': '0.000', 'cumQuote': '0.00000', 'timeInForce': 'GTC', 'type': 'LIMIT', 'reduceOnly': False, 'closePosition': False, 'side': 'SELL', 'positionSide': 'BOTH', 'stopPrice': '0.00', 'workingType': 'CONTRACT_PRICE', 'priceProtect': False, 'origType': 'LIMIT', 'updateTime': 1693262025545}
2023-08-28 22:33:46,099
{'orderId': 40324894165, 'symbol': 'XRPUSDT', 'status': 'NEW', 'clientOrderId': 'NLXbYPAlOR3Nbt67TNDRg1', 'price': '0.5218', 'avgPrice': '0.00', 'origQty': '88.6', 'executedQty': '0.0', 'cumQty': '0.0', 'cumQuote': '0.00000', 'timeInForce': 'GTC', 'type': 'LIMIT', 'reduceOnly': False, 'closePosition': False, 'side': 'SELL', 'positionSide': 'BOTH', 'stopPrice': '0.0000', 'workingType': 'CONTRACT_PRICE', 'priceProtect': False, 'origType': 'LIMIT', 'updateTime': 1693262025988}
2023-08-28 22:33:47,409
update 0: filled 1 / 3 (-ETHUSDT) | working 2 / 3 (-BTCUSDT,-XRPUSDT)
2023-08-28 22:33:51,409
-BTCUSDT: bp1.0|-XRPUSDT: bp4.0|
2023-08-28 22:33:52,723
update 1: filled 1 / 3 (-ETHUSDT) | working 2 / 3 (-BTCUSDT,-XRPUSDT)
2023-08-28 22:33:56,723
-BTCUSDT: bp1.0|-XRPUSDT: bp2.0|
2023-08-28 22:33:58,033
update 2: filled 1 / 3 (-ETHUSDT) | working 2 / 3 (-BTCUSDT,-XRPUSDT)
2023-08-28 22:34:02,033
-BTCUSDT: bp0.0|-XRPUSDT: bp4.0|
2023-08-28 22:34:03,343
update 3: filled 1 / 3 (-ETHUSDT) | working 2 / 3 (-BTCUSDT,-XRPUSDT)
2023-08-28 22:34:07,344
-BTCUSDT: bp0.0|-XRPUSDT: bp2.0|
2023-08-28 22:34:08,657
update 4: filled 1 / 3 (-ETHUSDT) | working 2 / 3 (-BTCUSDT,-XRPUSDT)
2023-08-28 22:34:12,657
-BTCUSDT: bp0.0|-XRPUSDT: bp2.0|
2023-08-28 22:34:13,965
update 5: filled 1 / 3 (-ETHUSDT) | working 2 / 3 (-BTCUSDT,-XRPUSDT)
2023-08-28 22:34:17,966
-BTCUSDT: bp0.0|-XRPUSDT: bp2.0|
2023-08-28 22:34:19,277
update 6: filled 1 / 3 (-ETHUSDT) | working 2 / 3 (-BTCUSDT,-XRPUSDT)
2023-08-28 22:34:23,277
-BTCUSDT: bp0.0|-XRPUSDT: bp2.0|
2023-08-28 22:34:24,589
update 7: filled 1 / 3 (-ETHUSDT) | working 2 / 3 (-BTCUSDT,-XRPUSDT)
2023-08-28 22:34:28,590
-BTCUSDT: bp1.0|-XRPUSDT: bp2.0|
2023-08-28 22:34:29,898
update 8: filled 1 / 3 (-ETHUSDT) | working 2 / 3 (-BTCUSDT,-XRPUSDT)
2023-08-28 22:34:33,899
-BTCUSDT: bp1.0|-XRPUSDT: bp4.0|
2023-08-28 22:34:35,207
update 9: filled 1 / 3 (-ETHUSDT) | working 2 / 3 (-BTCUSDT,-XRPUSDT)
2023-08-28 22:34:39,208
-BTCUSDT: bp1.0|-XRPUSDT: bp2.0|
2023-08-28 22:34:40,520
update 10: filled 1 / 3 (-ETHUSDT) | working 2 / 3 (-BTCUSDT,-XRPUSDT)
2023-08-28 22:34:44,521
-BTCUSDT: bp0.0|-XRPUSDT: bp2.0|
2023-08-28 22:34:45,831
update 11: filled 1 / 3 (-ETHUSDT) | working 2 / 3 (-BTCUSDT,-XRPUSDT)
2023-08-28 22:34:49,831
-BTCUSDT: bp1.0|-XRPUSDT: bp2.0|
2023-08-28 22:34:51,144
update 12: filled 1 / 3 (-ETHUSDT) | working 2 / 3 (-BTCUSDT,-XRPUSDT)
2023-08-28 22:34:55,144
-BTCUSDT: bp1.0|-XRPUSDT: bp4.0|
2023-08-28 22:34:56,453
update 13: filled 1 / 3 (-ETHUSDT) | working 2 / 3 (-BTCUSDT,-XRPUSDT)
2023-08-28 22:35:00,454
-BTCUSDT: bp1.0|-XRPUSDT: bp4.0|
2023-08-28 22:35:01,766
update 14: filled 1 / 3 (-ETHUSDT) | working 2 / 3 (-BTCUSDT,-XRPUSDT)
2023-08-28 22:35:05,766
-BTCUSDT: bp2.0|-XRPUSDT: bp4.0|
2023-08-28 22:35:05,766
Adjustment limit #3 ... 
 we cancel current orders and replace
2023-08-28 22:35:05,767
@+/-0.625bp limit 
2023-08-28 22:35:05,767
binance_cancel_and_replace_orders_peg 20230828_223505
2023-08-28 22:35:07,748
binance_place_orders_peg 20230828_223507
2023-08-28 22:35:08,188
{'orderId': 184781067459, 'symbol': 'BTCUSDT', 'status': 'NEW', 'clientOrderId': 'IaPj7eKm2yaf4IszP0cj4t', 'price': '26009.80', 'avgPrice': '0.00', 'origQty': '0.002', 'executedQty': '0.000', 'cumQty': '0.000', 'cumQuote': '0.00000', 'timeInForce': 'GTC', 'type': 'LIMIT', 'reduceOnly': False, 'closePosition': False, 'side': 'SELL', 'positionSide': 'BOTH', 'stopPrice': '0.00', 'workingType': 'CONTRACT_PRICE', 'priceProtect': False, 'origType': 'LIMIT', 'updateTime': 1693262108077}
2023-08-28 22:35:08,634
{'orderId': 40324948409, 'symbol': 'XRPUSDT', 'status': 'NEW', 'clientOrderId': 'aBIXWxhFkFYyFIHfUGxG45', 'price': '0.5217', 'avgPrice': '0.00', 'origQty': '88.6', 'executedQty': '0.0', 'cumQty': '0.0', 'cumQuote': '0.00000', 'timeInForce': 'GTC', 'type': 'LIMIT', 'reduceOnly': False, 'closePosition': False, 'side': 'SELL', 'positionSide': 'BOTH', 'stopPrice': '0.0000', 'workingType': 'CONTRACT_PRICE', 'priceProtect': False, 'origType': 'LIMIT', 'updateTime': 1693262108523}
2023-08-28 22:35:09,946
update 0: filled 1 / 3 (-ETHUSDT) | working 2 / 3 (-BTCUSDT,-XRPUSDT)
2023-08-28 22:35:13,947
-BTCUSDT: bp1.0|-XRPUSDT: bp0.0|
2023-08-28 22:35:15,265
update 1: filled 1 / 3 (-ETHUSDT) | working 2 / 3 (-BTCUSDT,-XRPUSDT)
2023-08-28 22:35:19,266
-BTCUSDT: bp1.0|-XRPUSDT: bp2.0|
2023-08-28 22:35:20,574
update 2: filled 1 / 3 (-ETHUSDT) | working 2 / 3 (-BTCUSDT,-XRPUSDT)
2023-08-28 22:35:24,575
-BTCUSDT: bp1.0|-XRPUSDT: bp2.0|
2023-08-28 22:35:25,890
update 3: filled 1 / 3 (-ETHUSDT) | working 2 / 3 (-BTCUSDT,-XRPUSDT)
2023-08-28 22:35:29,890
-BTCUSDT: bp1.0|-XRPUSDT: bp0.0|
2023-08-28 22:35:31,204
update 4: filled 1 / 3 (-ETHUSDT) | working 2 / 3 (-BTCUSDT,-XRPUSDT)
2023-08-28 22:35:35,205
-BTCUSDT: bp1.0|-XRPUSDT: bp0.0|
2023-08-28 22:35:36,514
update 5: filled 1 / 3 (-ETHUSDT) | working 2 / 3 (-BTCUSDT,-XRPUSDT)
2023-08-28 22:35:40,515
-BTCUSDT: bp1.0|-XRPUSDT: bp0.0|
2023-08-28 22:35:41,829
update 6: filled 2 / 3 (-ETHUSDT,-XRPUSDT) | working 1 / 3 (-BTCUSDT)
2023-08-28 22:35:45,830
-BTCUSDT: bp1.0|
2023-08-28 22:35:47,140
update 7: filled 2 / 3 (-ETHUSDT,-XRPUSDT) | working 1 / 3 (-BTCUSDT)
2023-08-28 22:35:51,141
-BTCUSDT: bp1.0|
2023-08-28 22:35:52,450
update 8: filled 2 / 3 (-ETHUSDT,-XRPUSDT) | working 1 / 3 (-BTCUSDT)
2023-08-28 22:35:56,451
-BTCUSDT: bp1.0|
2023-08-28 22:35:57,759
update 9: filled 2 / 3 (-ETHUSDT,-XRPUSDT) | working 1 / 3 (-BTCUSDT)
2023-08-28 22:36:01,760
-BTCUSDT: bp1.0|
2023-08-28 22:36:03,073
update 10: filled 2 / 3 (-ETHUSDT,-XRPUSDT) | working 1 / 3 (-BTCUSDT)
2023-08-28 22:36:07,074
-BTCUSDT: bp1.0|
2023-08-28 22:36:08,391
update 11: filled 2 / 3 (-ETHUSDT,-XRPUSDT) | working 1 / 3 (-BTCUSDT)
2023-08-28 22:36:12,392
-BTCUSDT: bp1.0|
2023-08-28 22:36:13,702
update 12: filled 2 / 3 (-ETHUSDT,-XRPUSDT) | working 1 / 3 (-BTCUSDT)
2023-08-28 22:36:17,703
-BTCUSDT: bp1.0|
2023-08-28 22:36:19,013
update 13: filled 2 / 3 (-ETHUSDT,-XRPUSDT) | working 1 / 3 (-BTCUSDT)
2023-08-28 22:36:23,014
-BTCUSDT: bp1.0|
2023-08-28 22:36:24,326
update 14: filled 2 / 3 (-ETHUSDT,-XRPUSDT) | working 1 / 3 (-BTCUSDT)
2023-08-28 22:36:28,327
-BTCUSDT: bp1.0|
2023-08-28 22:36:28,327
Adjustment limit #4 ... 
 we cancel current orders and replace
2023-08-28 22:36:28,327
@+/-0.3125bp limit 
2023-08-28 22:36:28,327
binance_cancel_and_replace_orders_peg 20230828_223628
2023-08-28 22:36:30,299
binance_place_orders_peg 20230828_223630
2023-08-28 22:36:30,739
{'orderId': 184781126346, 'symbol': 'BTCUSDT', 'status': 'NEW', 'clientOrderId': 'npjVBN6ww6OhHKx0JNhzQf', 'price': '26009.00', 'avgPrice': '0.00', 'origQty': '0.002', 'executedQty': '0.000', 'cumQty': '0.000', 'cumQuote': '0.00000', 'timeInForce': 'GTC', 'type': 'LIMIT', 'reduceOnly': False, 'closePosition': False, 'side': 'SELL', 'positionSide': 'BOTH', 'stopPrice': '0.00', 'workingType': 'CONTRACT_PRICE', 'priceProtect': False, 'origType': 'LIMIT', 'updateTime': 1693262190628}
2023-08-28 22:36:32,051
update 0: filled 2 / 3 (-ETHUSDT,-XRPUSDT) | working 1 / 3 (-BTCUSDT)
2023-08-28 22:36:36,052
-BTCUSDT: bp0.0|
2023-08-28 22:36:37,364
update 1: filled 2 / 3 (-ETHUSDT,-XRPUSDT) | working 1 / 3 (-BTCUSDT)
2023-08-28 22:36:41,365
-BTCUSDT: bp0.0|
2023-08-28 22:36:42,677
update 2: filled 2 / 3 (-ETHUSDT,-XRPUSDT) | working 1 / 3 (-BTCUSDT)
2023-08-28 22:36:46,677
-BTCUSDT: bp0.0|
2023-08-28 22:36:47,987
update 3: filled 3 / 3 (-ETHUSDT,-XRPUSDT,-BTCUSDT) | working 0 / 3 ()
2023-08-28 22:36:54,887
Trades of the day
in$
as of: 28Aug 22:32>>22:36 (#trades: 3)
trade net: -144.0 (-52.1%), trade gross: +144.0 (+52.1%), BUY: +0.0 (+0.0%), SELL: -144.0 (-52.1%)
fees: $ 0.029 (2.0bp)
2023-08-28 22:36:55,556
Trades: 
Filled #3
______________________________________________
                   in$ | in bp 144 traded | in bp 276 AUMs
realizedPnl    -0.06   | -4      | -2     
PnLvsArrival   -0.06   | -4      | -2     
PnLvsLast      -0.01   | -1      | -0     
______________________________________________
                 | Value$ | PnL Arrival/Last 
______________________________________________
BTC:-0.002@26009 | -52$ | -0.01/-0
XRP:-88.6@0.5217 | -46$ | -0.04/0
ETH:-0.028@1648.31 | -46$ | -0.01/-0.01
2023-08-28 22:36:56,098
***************************
Positions after orders
***************************
2023-08-28 22:36:56,098
********No Position************
2023-08-28 22:36:56,098
***************************
2023-08-28 22:36:56,751
3 STOP orders will be placed
2023-08-28 22:36:56,751
@+/-500.0bp limit
2023-08-28 22:36:56,752
binance_place_orders_peg 20230828_223656
