2023-12-06 21:30:27,544
ON program started 20231206 21:30:27,
US time: 20231206 16:30:27
2023-12-06 21:30:28,042
the strat is currently running @ 06-12-2023 and the target positions is LONG
2023-12-06 21:30:29,461
CURRENT STATUS IS LONG
-----
return before 14h30:
BTCUSDT+0.47%, ETHUSDT-0.26%, XRPUSDT+1.08%
-----
target alloc initial:BTCUSDT+16.67%, ETHUSDT+16.67%, XRPUSDT+16.67%
-----
alloc target x rt%<0:BTCUSDT+16.67%, ETHUSDT+16.67%, XRPUSDT+16.67%
-----
           BTCUSDT ETHUSDT XRPUSDT
w_target     16.7%   16.7%   16.7%
rt_14h30     0.00%  -0.00%   0.01%
w_target_f   16.7%   16.7%   16.7%
2023-12-06 21:30:29,462
Portfolio was rebalanced less than 2 hours ago, 1.0 hours ago
2023-12-06 21:30:29,465
Status: prev = LONG <> LONG = target
2023-12-06 21:30:29,465
the strat is currently running @ 06-12-2023 and the target positions is LONG
the strat was previously run @ 2023-12-06 20:31:14 UTC, success:yes 
   and the current positions is LONG
2023-12-06 21:30:30,684
positions_future #2
2023-12-06 21:30:30,684
      symbol  positionAmt entryPrice  ... adlQuantile AUMs_account        w%
124  XRPUSDT       76.700     0.6304  ...           1        290.1  0.167825
157  ETHUSDT        0.021    2267.73  ...           1        290.1  0.163139

[2 rows x 12 columns]
2023-12-06 21:30:30,780
programm stoppeddd!!! 20231206_213030
