2024-01-04 21:30:43,629
ON program started 20240104 21:30:43,
US time: 20240104 16:30:43
2024-01-04 21:30:43,873
the strat is currently running @ 04-01-2024 and the target positions is LONG
2024-01-04 21:30:45,314
CURRENT STATUS IS LONG
-----
return before 14h30:
BTCUSDT+2.08%, ETHUSDT+1.60%, XRPUSDT+0.46%
-----
target alloc initial:BTCUSDT+16.67%, ETHUSDT+16.67%, XRPUSDT+16.67%
-----
alloc target x rt%<0:BTCUSDT+16.67%, ETHUSDT+16.67%, XRPUSDT+16.67%
-----
           BTCUSDT ETHUSDT XRPUSDT
w_target     16.7%   16.7%   16.7%
rt_14h30     0.02%   0.02%   0.00%
w_target_f   16.7%   16.7%   16.7%
2024-01-04 21:30:45,316
Portfolio was rebalanced less than 2 hours ago, 1.0 hours ago
2024-01-04 21:30:45,319
Status: prev = LONG <> LONG = target
2024-01-04 21:30:45,319
the strat is currently running @ 04-01-2024 and the target positions is LONG
the strat was previously run @ 2024-01-04 20:31:19 UTC, success:yes 
   and the current positions is LONG
2024-01-04 21:30:46,561
positions_future #2
2024-01-04 21:30:46,561
      symbol  positionAmt entryPrice  ... adlQuantile AUMs_account        w%
111  XRPUSDT       81.500     0.5886  ...           2        290.3  0.165552
139  ETHUSDT        0.021    2288.22  ...           1        290.3  0.165182

[2 rows x 12 columns]
2024-01-04 21:30:46,660
programm stoppeddd!!! 20240104_213046
