2023-08-29 19:31:04,141
ON program started 20230829 19:31:04,
US time: 20230829 15:31:04
2023-08-29 19:31:05,310
the strat is currently running @ 29-08-2023 and the target positions is LONG
2023-08-29 19:31:06,803
CURRENT STATUS IS LONG
-----
return before 14h30:
BTCUSDT+6.94%, ETHUSDT+4.93%, XRPUSDT+3.88%
-----
target alloc initial:BTCUSDT+16.67%, ETHUSDT+16.67%, XRPUSDT+16.67%
-----
alloc target x rt%<0:BTCUSDT+16.67%, ETHUSDT+16.67%, XRPUSDT+16.67%
-----
           BTCUSDT ETHUSDT XRPUSDT
w_target     16.7%   16.7%   16.7%
rt_14h30     0.07%   0.05%   0.04%
w_target_f   16.7%   16.7%   16.7%
2023-08-29 19:31:06,805
Portfolio was rebalanced less than 2 hours ago, 1.0 hours ago
2023-08-29 19:31:06,808
Status: prev = LONG <> LONG = target
2023-08-29 19:31:06,808
the strat is currently running @ 29-08-2023 and the target positions is LONG
the strat was previously run @ 2023-08-29 18:33:31 UTC, success:yes 
   and the current positions is LONG
2023-08-29 19:31:07,975
positions_future #3
2023-08-29 19:31:07,976
      symbol  positionAmt entryPrice  ...   updateTime  AUMs_account        w%
225  BTCUSDT        0.002    27941.2  ...  29Aug-18:32         276.1  0.202297
138  ETHUSDT        0.027    1737.42  ...  29Aug-18:31         276.1  0.169847
111  XRPUSDT       85.000      0.542  ...  29Aug-18:33         276.1  0.165830

[3 rows x 9 columns]
2023-08-29 19:31:08,003
programm stoppeddd!!! 20230829_193108
