2024-08-23 02:30:58,510
ON program started 20240823 02:30:58,
US time: 20240822 22:30:58
2024-08-23 02:30:58,981
the strat is currently running @ 23-08-2024 and the target positions is NEUTRAL
2024-08-23 02:31:00,283
CURRENT STATUS IS NEUTRAL
-----
return before 14h30:
BTCUSDT+0.62%, ETHUSDT+0.70%, XRPUSDT+0.52%
-----
target alloc initial:BTCUSDT+0.00%, ETHUSDT+0.00%, XRPUSDT+0.00%
-----
alloc target x rt%<0:BTCUSDT+0.00%, ETHUSDT+0.00%, XRPUSDT+0.00%
-----
           BTCUSDT ETHUSDT XRPUSDT
w_target      0.0%    0.0%    0.0%
rt_14h30     0.01%   0.01%   0.01%
w_target_f    0.0%    0.0%    0.0%
2024-08-23 02:31:00,284
Portfolio was rebalanced less than 2 hours ago, 1.0 hours ago
2024-08-23 02:31:00,285
Status: prev = NEUTRAL <> SHORT = target
2024-08-23 02:31:00,286
the strat is currently running @ 23-08-2024 and the target positions is NEUTRAL
the strat was previously run @ 2024-08-23 01:30:49, success:yes 
   and the current positions is SHORT
2024-08-23 02:31:01,412
positions_future #1
2024-08-23 02:31:01,412
      symbol  positionAmt entryPrice  ... adlQuantile AUMs_account        w%
134  XRPUSDT        -22.2     0.5961  ...           1        302.0 -0.044142

[1 rows x 12 columns]
2024-08-23 02:31:01,640
------------------------------
binance_account_balance
2024-08-23 02:31:01,640
  asset     balance  ...  marginAvailable   updateTime
4  USDT  302.101805  ...             True  22Aug-22:37

[1 rows x 8 columns]
2024-08-23 02:31:02,066
------------------------------
open_orders
2024-08-23 02:31:02,066
Empty DataFrame
Columns: []
Index: []
2024-08-23 02:31:02,682
------------------------------
AUMS account:302

2024-08-23 02:31:02,683
--------------- compute_futures_order_book() ----------------
2024-08-23 02:31:04,144
----------------------------------------------------------------------
#1 order(s) to place
gross$: 13$ | net$: +13$
gross%: 4% | net%: +4%
 || w>0%  +4% | w<0%  0%
----------------------------------------------------------------------
PTF Expo% -4.3% >> 0.0% (current>>target)
PTF expo $-13.0 >> $0 (current>>target)
----------------------------------------------------------------------
2024-08-23 02:31:04,145
orders_ofthe_day
2024-08-23 02:31:04,145
                  ptf_usd  target_usd  totrd_usd  ...     bid     ask strategy
2024-08-23 02:31                                  ...                         
XRPUSDT             -13.0         0.0       13.0  ...  0.6004  0.6005  STRATON

[1 rows x 10 columns]
2024-08-23 02:31:05,765
binance_place_orders_peg 20240823_023105
2024-08-23 02:31:06,183
{'orderId': 63708121345, 'symbol': 'XRPUSDT', 'status': 'NEW', 'clientOrderId': 'STRATON', 'price': '0.6001', 'avgPrice': '0.00', 'origQty': '22.2', 'executedQty': '0.0', 'cumQty': '0.0', 'cumQuote': '0.00000', 'timeInForce': 'GTC', 'type': 'LIMIT', 'reduceOnly': False, 'closePosition': False, 'side': 'BUY', 'positionSide': 'BOTH', 'stopPrice': '0.0000', 'workingType': 'CONTRACT_PRICE', 'priceProtect': False, 'origType': 'LIMIT', 'priceMatch': 'NONE', 'selfTradePreventionMode': 'NONE', 'goodTillDate': 0, 'updateTime': 1724380266078}
2024-08-23 02:31:07,234
update 0: filled 0 / 1 () | working 1 / 1 (+XRPUSDT)
2024-08-23 02:31:11,235
+XRPUSDT: bp7.0|
2024-08-23 02:31:11,646
update 1: filled 0 / 1 () | working 1 / 1 (+XRPUSDT)
2024-08-23 02:31:15,646
+XRPUSDT: bp7.0|
2024-08-23 02:31:16,057
update 2: filled 0 / 1 () | working 1 / 1 (+XRPUSDT)
2024-08-23 02:31:20,058
+XRPUSDT: bp7.0|
2024-08-23 02:31:20,469
update 3: filled 0 / 1 () | working 1 / 1 (+XRPUSDT)
2024-08-23 02:31:24,469
+XRPUSDT: bp3.0|
2024-08-23 02:31:24,879
update 4: filled 0 / 1 () | working 1 / 1 (+XRPUSDT)
2024-08-23 02:31:28,880
+XRPUSDT: bp3.0|
2024-08-23 02:31:29,289
update 5: filled 0 / 1 () | working 1 / 1 (+XRPUSDT)
2024-08-23 02:31:33,290
+XRPUSDT: bp2.0|
2024-08-23 02:31:33,705
update 6: filled 1 / 1 (+XRPUSDT) | working 0 / 1 ()
2024-08-23 02:31:38,969
Trades of the day
in$
as of: 23Aug 02:31>>02:31 (#trades: 1)
trade net: +13.0 (+4.3%), trade gross: +13.0 (+4.3%), BUY: +13.0 (+4.3%), SELL: +0.0 (+0.0%)
fees: $ 0.003 (2.0bp)
2024-08-23 02:31:39,187
Trades: 
Filled #1
______________________________________________
                   in$ | in bp 13 traded | in bp 302 AUMs
realizedPnl    -0.09   | -68     | -3     
PnLvsArrival   +0.01   | +8      | +0     
PnLvsLast      +0      | +0      | +0     
______________________________________________
                 | Value$ | PnL Arrival/Last 
______________________________________________
XRP:+22.2@0.6001 | +13$ | 0.01/-0
