2024-06-26 00:31:18,708
ON program started 20240626 00:31:18,
US time: 20240625 20:31:18
2024-06-26 00:31:19,977
the strat is currently running @ 26-06-2024 and the target positions is SHORT
2024-06-26 00:31:21,301
CURRENT STATUS IS SHORT, WE CHECK IF THE DAY IS A NEGATIVE ONE
-----
return before 14h30:
BTCUSDT+0.05%, ETHUSDT-0.01%, XRPUSDT-0.19%
-----
target alloc initial:BTCUSDT-4.17%, ETHUSDT+0.00%, XRPUSDT-4.17%
-----
alloc target x rt%<0:BTCUSDT-0.00%, ETHUSDT+0.00%, XRPUSDT-4.17%
-----
           BTCUSDT ETHUSDT XRPUSDT
w_target     -4.2%    0.0%   -4.2%
rt_14h30     0.00%  -0.00%  -0.00%
w_target_f   -0.0%    0.0%   -4.2%
2024-06-26 00:31:21,302
Portfolio was rebalanced less than 2 hours ago, 1.0 hours ago
2024-06-26 00:31:21,304
Status: prev = SHORT <> SHORT = target
2024-06-26 00:31:21,304
the strat is currently running @ 26-06-2024 and the target positions is SHORT
the strat was previously run @ 2024-06-25 23:30:57, success:yes 
   and the current positions is SHORT
2024-06-26 00:31:22,454
positions_future #0
2024-06-26 00:31:22,455
Empty DataFrame
Columns: [symbol, positionAmt, entryPrice, breakEvenPrice, markPrice, unRealizedProfit, value_usd, updateTime, isolated, adlQuantile, AUMs_account, w%]
Index: []
2024-06-26 00:31:22,540
programm stoppeddd!!! 20240626_003122
