2024-03-29 00:31:15,458
ON program started 20240329 00:31:15,
US time: 20240328 20:31:15
2024-03-29 00:31:16,805
the strat is currently running @ 29-03-2024 and the target positions is SHORT
2024-03-29 00:31:18,210
CURRENT STATUS IS SHORT, WE CHECK IF THE DAY IS A NEGATIVE ONE
-----
return before 14h30:
BTCUSDT-0.05%, ETHUSDT+0.05%, XRPUSDT-0.21%
-----
target alloc initial:BTCUSDT-4.17%, ETHUSDT+0.00%, XRPUSDT-4.17%
-----
alloc target x rt%<0:BTCUSDT-4.17%, ETHUSDT+0.00%, XRPUSDT-4.17%
-----
           BTCUSDT ETHUSDT XRPUSDT
w_target     -4.2%    0.0%   -4.2%
rt_14h30    -0.00%   0.00%  -0.00%
w_target_f   -4.2%    0.0%   -4.2%
2024-03-29 00:31:18,211
Portfolio was rebalanced less than 2 hours ago, 1.0 hours ago
2024-03-29 00:31:18,214
Status: prev = SHORT <> SHORT = target
2024-03-29 00:31:18,214
the strat is currently running @ 29-03-2024 and the target positions is SHORT
the strat was previously run @ 2024-03-28 23:30:43, success:yes 
   and the current positions is SHORT
2024-03-29 00:31:19,443
positions_future #0
2024-03-29 00:31:19,443
Empty DataFrame
Columns: [symbol, positionAmt, entryPrice, breakEvenPrice, markPrice, unRealizedProfit, value_usd, updateTime, isolated, adlQuantile, AUMs_account, w%]
Index: []
2024-03-29 00:31:19,518
programm stoppeddd!!! 20240329_003119
