2024-08-22 01:31:10,219
ON program started 20240822 01:31:10,
US time: 20240821 21:31:10
2024-08-22 01:31:11,305
the strat is currently running @ 22-08-2024 and the target positions is SHORT
2024-08-22 01:31:13,009
CURRENT STATUS IS SHORT, WE CHECK IF THE DAY IS A NEGATIVE ONE
-----
return before 14h30:
BTCUSDT-0.38%, ETHUSDT-0.10%, XRPUSDT-0.12%
-----
target alloc initial:BTCUSDT-4.17%, ETHUSDT+0.00%, XRPUSDT-4.17%
-----
alloc target x rt%<0:BTCUSDT-4.17%, ETHUSDT+0.00%, XRPUSDT-4.17%
-----
           BTCUSDT ETHUSDT XRPUSDT
w_target     -4.2%    0.0%   -4.2%
rt_14h30    -0.00%  -0.00%  -0.00%
w_target_f   -4.2%    0.0%   -4.2%
2024-08-22 01:31:13,010
Portfolio was rebalanced less than 2 hours ago, 1.0 hours ago
2024-08-22 01:31:13,012
Status: prev = SHORT <> SHORT = target
2024-08-22 01:31:13,012
the strat is currently running @ 22-08-2024 and the target positions is SHORT
the strat was previously run @ 2024-08-22 00:30:58, success:yes 
   and the current positions is SHORT
2024-08-22 01:31:14,136
positions_future #0
2024-08-22 01:31:14,136
Empty DataFrame
Columns: [symbol, positionAmt, entryPrice, breakEvenPrice, markPrice, unRealizedProfit, value_usd, updateTime, isolated, adlQuantile, AUMs_account, w%]
Index: []
2024-08-22 01:31:14,198
programm stoppeddd!!! 20240822_013114
