2024-07-25 23:30:38,272
ON program started 20240725 23:30:38,
US time: 20240725 19:30:38
2024-07-25 23:30:38,788
the strat is currently running @ 25-07-2024 and the target positions is SHORT
2024-07-25 23:30:40,911
CURRENT STATUS IS SHORT, WE CHECK IF THE DAY IS A NEGATIVE ONE
-----
return before 14h30:
BTCUSDT-2.03%, ETHUSDT-5.42%, XRPUSDT-1.86%
-----
target alloc initial:BTCUSDT-4.17%, ETHUSDT+0.00%, XRPUSDT-4.17%
-----
alloc target x rt%<0:BTCUSDT-4.17%, ETHUSDT+0.00%, XRPUSDT-4.17%
-----
           BTCUSDT ETHUSDT XRPUSDT
w_target     -4.2%    0.0%   -4.2%
rt_14h30    -0.02%  -0.05%  -0.02%
w_target_f   -4.2%    0.0%   -4.2%
2024-07-25 23:30:40,913
Portfolio was rebalanced less than 2 hours ago, 1.0 hours ago
2024-07-25 23:30:40,915
Status: prev = SHORT <> SHORT = target
2024-07-25 23:30:40,915
the strat is currently running @ 25-07-2024 and the target positions is SHORT
the strat was previously run @ 2024-07-25 22:30:37, success:? 
   and the current positions is SHORT
2024-07-25 23:30:42,060
positions_future #1
2024-07-25 23:30:42,060
      symbol  positionAmt entryPrice  ... adlQuantile AUMs_account        w%
131  XRPUSDT        -20.9     0.5956  ...           1        291.4 -0.042945

[1 rows x 12 columns]
2024-07-25 23:30:42,296
------------------------------
binance_account_balance
2024-07-25 23:30:42,296
  asset     balance  ...  marginAvailable   updateTime
4  USDT  291.423415  ...             True  25Jul-22:30

[1 rows x 8 columns]
2024-07-25 23:30:42,721
------------------------------
open_orders
2024-07-25 23:30:42,721
Empty DataFrame
Columns: []
Index: []
2024-07-25 23:30:43,336
------------------------------
AUMS account:291

2024-07-25 23:30:43,339
--------------- compute_futures_order_book() ----------------
2024-07-25 23:30:44,807
----------------------------------------------------------------------
#0 order(s) to place
gross$: 0$ | net$: +0$
gross%: 0% | net%: +0%
 || w>0%  +0% | w<0%  0%
----------------------------------------------------------------------
PTF Expo% -4.4% >> -8.3% (current>>target)
PTF expo $-13.0 >> $-24 (current>>target)
----------------------------------------------------------------------
2024-07-25 23:30:44,809
orders_ofthe_day
2024-07-25 23:30:44,809
Empty DataFrame
Columns: [ptf_usd, target_usd, totrd_usd, posttrd_usd, qty, posttrd_qty, posttrd_w, bid, ask, strategy]
Index: []
2024-07-25 23:30:44,876
Orders of the day is empty, current and target potfolios are aligned
2024-07-25 23:30:44,876
Program stopped
