2024-06-01 23:31:00,611
ON program started 20240601 23:31:00,
US time: 20240601 19:31:00
2024-06-01 23:31:01,542
the strat is currently running @ 01-06-2024 and the target positions is SHORT
2024-06-01 23:31:02,858
CURRENT STATUS IS SHORT, WE CHECK IF THE DAY IS A NEGATIVE ONE
-----
return before 14h30:
BTCUSDT+0.27%, ETHUSDT+1.06%, XRPUSDT+0.60%
-----
target alloc initial:BTCUSDT-4.17%, ETHUSDT+0.00%, XRPUSDT-4.17%
-----
alloc target x rt%<0:BTCUSDT-0.00%, ETHUSDT+0.00%, XRPUSDT-0.00%
-----
           BTCUSDT ETHUSDT XRPUSDT
w_target     -4.2%    0.0%   -4.2%
rt_14h30     0.00%   0.01%   0.01%
w_target_f   -0.0%    0.0%   -0.0%
2024-06-01 23:31:02,859
Portfolio was rebalanced less than 2 hours ago, 1.0 hours ago
2024-06-01 23:31:02,860
Status: prev = SHORT <> SHORT = target
2024-06-01 23:31:02,861
the strat is currently running @ 01-06-2024 and the target positions is SHORT
the strat was previously run @ 2024-06-01 22:30:41, success:? 
   and the current positions is SHORT
2024-06-01 23:31:03,986
positions_future #0
2024-06-01 23:31:03,986
Empty DataFrame
Columns: [symbol, positionAmt, entryPrice, breakEvenPrice, markPrice, unRealizedProfit, value_usd, updateTime, isolated, adlQuantile, AUMs_account, w%]
Index: []
2024-06-01 23:31:04,193
------------------------------
binance_account_balance
2024-06-01 23:31:04,193
  asset     balance  ...  marginAvailable   updateTime
6  USDT  289.088328  ...             True  01Jun-22:34

[1 rows x 8 columns]
2024-06-01 23:31:04,409
------------------------------
open_orders
2024-06-01 23:31:04,409
Empty DataFrame
Columns: []
Index: []
2024-06-01 23:31:05,019
------------------------------
AUMS account:289

2024-06-01 23:31:05,021
--------------- compute_futures_order_book() ----------------
2024-06-01 23:31:06,492
----------------------------------------------------------------------
#0 order(s) to place
gross$: 0$ | net$: +0$
gross%: 0% | net%: +0%
 || w>0%  +0% | w<0%  0%
----------------------------------------------------------------------
PTF Expo% 0.0% >> 0.0% (current>>target)
PTF expo $0.0 >> $0 (current>>target)
----------------------------------------------------------------------
2024-06-01 23:31:06,499
orders_ofthe_day
2024-06-01 23:31:06,500
Empty DataFrame
Columns: [ptf_usd, target_usd, totrd_usd, posttrd_usd, qty, posttrd_qty, posttrd_w, bid, ask, strategy]
Index: []
2024-06-01 23:31:06,635
Orders of the day is empty, current and target potfolios are aligned
2024-06-01 23:31:06,635
Program stopped
