2023-10-20 23:30:32,087
ON program started 20231020 23:30:32,
US time: 20231020 19:30:32
2023-10-20 23:30:32,542
the strat is currently running @ 20-10-2023 and the target positions is SHORT
2023-10-20 23:30:33,907
CURRENT STATUS IS SHORT, WE CHECK IF THE DAY IS A NEGATIVE ONE
-----
return before 14h30:
BTCUSDT+0.96%, ETHUSDT+1.40%, XRPUSDT+0.12%
-----
target alloc initial:BTCUSDT-4.17%, ETHUSDT+0.00%, XRPUSDT-4.17%
-----
alloc target x rt%<0:BTCUSDT-0.00%, ETHUSDT+0.00%, XRPUSDT-0.00%
-----
           BTCUSDT ETHUSDT XRPUSDT
w_target     -4.2%    0.0%   -4.2%
rt_14h30     0.01%   0.01%   0.00%
w_target_f   -0.0%    0.0%   -0.0%
2023-10-20 23:30:33,908
Portfolio was rebalanced less than 2 hours ago, 0.9 hours ago
2023-10-20 23:30:33,911
Status: prev = SHORT <> SHORT = target
2023-10-20 23:30:33,911
the strat is currently running @ 20-10-2023 and the target positions is SHORT
the strat was previously run @ 2023-10-20 22:38:32 UTC, success:yes 
   and the current positions is SHORT
2023-10-20 23:30:35,033
positions_future #0
2023-10-20 23:30:35,033
Empty DataFrame
Columns: [symbol, positionAmt, entryPrice, breakEvenPrice, markPrice, unRealizedProfit, value_usd, updateTime, AUMs_account, w%]
Index: []
2023-10-20 23:30:35,042
programm stoppeddd!!! 20231020_233035
