2024-06-05 18:31:14,096
ON program started 20240605 18:31:14,
US time: 20240605 14:31:14
2024-06-05 18:31:15,176
the strat is currently running @ 05-06-2024 and the target positions is LONG
2024-06-05 18:31:16,538
CURRENT STATUS IS LONG
-----
return before 14h30:
BTCUSDT+0.27%, ETHUSDT-0.28%, XRPUSDT+0.29%
-----
target alloc initial:BTCUSDT+16.67%, ETHUSDT+16.67%, XRPUSDT+16.67%
-----
alloc target x rt%<0:BTCUSDT+16.67%, ETHUSDT+16.67%, XRPUSDT+16.67%
-----
           BTCUSDT ETHUSDT XRPUSDT
w_target     16.7%   16.7%   16.7%
rt_14h30     0.00%  -0.00%   0.00%
w_target_f   16.7%   16.7%   16.7%
2024-06-05 18:31:16,539
Portfolio was rebalanced less than 2 hours ago, 15.0 hours ago
2024-06-05 18:31:16,541
Status: prev = LONG <> NEUTRAL = target
2024-06-05 18:31:16,541
the strat is currently running @ 05-06-2024 and the target positions is LONG
the strat was previously run @ 2024-06-05 03:31:13, success:yes 
   and the current positions is NEUTRAL
2024-06-05 18:31:17,670
positions_future #0
2024-06-05 18:31:17,670
Empty DataFrame
Columns: [symbol, positionAmt, entryPrice, breakEvenPrice, markPrice, unRealizedProfit, value_usd, updateTime, isolated, adlQuantile, AUMs_account, w%]
Index: []
2024-06-05 18:31:17,880
------------------------------
binance_account_balance
2024-06-05 18:31:17,880
  asset     balance  ...  marginAvailable   updateTime
6  USDT  289.326826  ...             True  04Jun-22:35

[1 rows x 8 columns]
2024-06-05 18:31:18,101
------------------------------
open_orders
2024-06-05 18:31:18,101
Empty DataFrame
Columns: []
Index: []
2024-06-05 18:31:18,711
------------------------------
AUMS account:289

2024-06-05 18:31:18,713
--------------- compute_futures_order_book() ----------------
2024-06-05 18:31:20,163
----------------------------------------------------------------------
#2 order(s) to place
gross$: 94$ | net$: +94$
gross%: 32% | net%: +32%
 || w>0%  +32% | w<0%  0%
----------------------------------------------------------------------
PTF Expo% 0.0% >> 50.0% (current>>target)
PTF expo $0.0 >> $144 (current>>target)
----------------------------------------------------------------------
2024-06-05 18:31:20,165
orders_ofthe_day
2024-06-05 18:31:20,165
                  ptf_usd  target_usd  totrd_usd  ...        bid        ask strategy
2024-06-05 18:31                                  ...                               
XRPUSDT               0.0       48.23       48.0  ...     0.5273     0.5274  STRATON
ETHUSDT               0.0       48.23       46.0  ...  3864.0200  3864.0300  STRATON

[2 rows x 10 columns]
2024-06-05 18:31:21,851
binance_place_orders_peg 20240605_183121
2024-06-05 18:31:22,262
{'orderId': 57910681644, 'symbol': 'XRPUSDT', 'status': 'NEW', 'clientOrderId': 'STRATON', 'price': '0.5270', 'avgPrice': '0.00', 'origQty': '91.0', 'executedQty': '0.0', 'cumQty': '0.0', 'cumQuote': '0.00000', 'timeInForce': 'GTC', 'type': 'LIMIT', 'reduceOnly': False, 'closePosition': False, 'side': 'BUY', 'positionSide': 'BOTH', 'stopPrice': '0.0000', 'workingType': 'CONTRACT_PRICE', 'priceProtect': False, 'origType': 'LIMIT', 'priceMatch': 'NONE', 'selfTradePreventionMode': 'NONE', 'goodTillDate': 0, 'updateTime': 1717612282156}
2024-06-05 18:31:22,676
{'orderId': 8389765688422214515, 'symbol': 'ETHUSDT', 'status': 'NEW', 'clientOrderId': 'STRATON', 'price': '3862.09', 'avgPrice': '0.00', 'origQty': '0.012', 'executedQty': '0.000', 'cumQty': '0.000', 'cumQuote': '0.00000', 'timeInForce': 'GTC', 'type': 'LIMIT', 'reduceOnly': False, 'closePosition': False, 'side': 'BUY', 'positionSide': 'BOTH', 'stopPrice': '0.00', 'workingType': 'CONTRACT_PRICE', 'priceProtect': False, 'origType': 'LIMIT', 'priceMatch': 'NONE', 'selfTradePreventionMode': 'NONE', 'goodTillDate': 0, 'updateTime': 1717612282568}
2024-06-05 18:31:24,128
update 0: filled 0 / 2 () | working 2 / 2 (+XRPUSDT,+ETHUSDT)
2024-06-05 18:31:28,129
+XRPUSDT: bp6.0|+ETHUSDT: bp5.0|
2024-06-05 18:31:28,945
update 1: filled 0 / 2 () | working 2 / 2 (+XRPUSDT,+ETHUSDT)
2024-06-05 18:31:32,946
+XRPUSDT: bp8.0|+ETHUSDT: bp5.0|
2024-06-05 18:31:33,762
update 2: filled 0 / 2 () | working 2 / 2 (+XRPUSDT,+ETHUSDT)
2024-06-05 18:31:37,763
+XRPUSDT: bp8.0|+ETHUSDT: bp5.0|
2024-06-05 18:31:38,583
update 3: filled 0 / 2 () | working 2 / 2 (+XRPUSDT,+ETHUSDT)
2024-06-05 18:31:42,584
+XRPUSDT: bp8.0|+ETHUSDT: bp3.0|
2024-06-05 18:31:43,397
update 4: filled 0 / 2 () | working 2 / 2 (+XRPUSDT,+ETHUSDT)
2024-06-05 18:31:47,398
+XRPUSDT: bp8.0|+ETHUSDT: bp1.0|
2024-06-05 18:31:48,211
update 5: filled 0 / 2 () | working 2 / 2 (+XRPUSDT,+ETHUSDT)
2024-06-05 18:31:52,212
+XRPUSDT: bp6.0|+ETHUSDT: bp2.0|
2024-06-05 18:31:53,025
update 6: filled 0 / 2 () | working 2 / 2 (+XRPUSDT,+ETHUSDT)
2024-06-05 18:31:57,025
+XRPUSDT: bp8.0|+ETHUSDT: bp2.0|
2024-06-05 18:31:57,846
update 7: filled 0 / 2 () | working 2 / 2 (+XRPUSDT,+ETHUSDT)
2024-06-05 18:32:01,847
+XRPUSDT: bp8.0|+ETHUSDT: bp4.0|
2024-06-05 18:32:02,661
update 8: filled 0 / 2 () | working 2 / 2 (+XRPUSDT,+ETHUSDT)
2024-06-05 18:32:06,662
+XRPUSDT: bp8.0|+ETHUSDT: bp5.0|
2024-06-05 18:32:07,479
update 9: filled 0 / 2 () | working 2 / 2 (+XRPUSDT,+ETHUSDT)
2024-06-05 18:32:11,479
+XRPUSDT: bp8.0|+ETHUSDT: bp4.0|
2024-06-05 18:32:12,291
update 10: filled 0 / 2 () | working 2 / 2 (+XRPUSDT,+ETHUSDT)
2024-06-05 18:32:16,292
+XRPUSDT: bp8.0|+ETHUSDT: bp5.0|
2024-06-05 18:32:17,107
update 11: filled 0 / 2 () | working 2 / 2 (+XRPUSDT,+ETHUSDT)
2024-06-05 18:32:21,108
+XRPUSDT: bp6.0|+ETHUSDT: bp3.0|
2024-06-05 18:32:21,920
update 12: filled 0 / 2 () | working 2 / 2 (+XRPUSDT,+ETHUSDT)
2024-06-05 18:32:25,921
+XRPUSDT: bp6.0|+ETHUSDT: bp3.0|
2024-06-05 18:32:26,732
update 13: filled 0 / 2 () | working 2 / 2 (+XRPUSDT,+ETHUSDT)
2024-06-05 18:32:30,733
+XRPUSDT: bp-0.0|+ETHUSDT: bp3.0|
2024-06-05 18:32:31,548
update 14: filled 1 / 2 (+ETHUSDT) | working 1 / 2 (+XRPUSDT)
2024-06-05 18:32:35,548
+XRPUSDT: bp2.0|
2024-06-05 18:32:35,549
Adjustment limit #1 ... 
 we cancel current orders and replace
2024-06-05 18:32:35,549
@+/-2.5bp limit 
2024-06-05 18:32:35,549
binance_cancel_and_replace_orders_peg 20240605_183235
2024-06-05 18:32:36,977
binance_place_orders_peg 20240605_183236
2024-06-05 18:32:37,385
{'orderId': 57910734939, 'symbol': 'XRPUSDT', 'status': 'NEW', 'clientOrderId': 'STRATON', 'price': '0.5269', 'avgPrice': '0.00', 'origQty': '91.0', 'executedQty': '0.0', 'cumQty': '0.0', 'cumQuote': '0.00000', 'timeInForce': 'GTC', 'type': 'LIMIT', 'reduceOnly': False, 'closePosition': False, 'side': 'BUY', 'positionSide': 'BOTH', 'stopPrice': '0.0000', 'workingType': 'CONTRACT_PRICE', 'priceProtect': False, 'origType': 'LIMIT', 'priceMatch': 'NONE', 'selfTradePreventionMode': 'NONE', 'goodTillDate': 0, 'updateTime': 1717612357281}
2024-06-05 18:32:38,207
update 0: filled 1 / 2 (+ETHUSDT) | working 1 / 2 (+XRPUSDT)
2024-06-05 18:32:42,208
+XRPUSDT: bp4.0|
2024-06-05 18:32:43,024
update 1: filled 1 / 2 (+ETHUSDT) | working 1 / 2 (+XRPUSDT)
2024-06-05 18:32:47,024
+XRPUSDT: bp4.0|
2024-06-05 18:32:47,837
update 2: filled 1 / 2 (+ETHUSDT) | working 1 / 2 (+XRPUSDT)
2024-06-05 18:32:51,838
+XRPUSDT: bp2.0|
2024-06-05 18:32:52,652
update 3: filled 1 / 2 (+ETHUSDT) | working 1 / 2 (+XRPUSDT)
2024-06-05 18:32:56,653
+XRPUSDT: bp6.0|
2024-06-05 18:32:57,465
update 4: filled 1 / 2 (+ETHUSDT) | working 1 / 2 (+XRPUSDT)
2024-06-05 18:33:01,466
+XRPUSDT: bp6.0|
2024-06-05 18:33:02,279
update 5: filled 1 / 2 (+ETHUSDT) | working 1 / 2 (+XRPUSDT)
2024-06-05 18:33:06,280
+XRPUSDT: bp2.0|
2024-06-05 18:33:07,093
update 6: filled 1 / 2 (+ETHUSDT) | working 1 / 2 (+XRPUSDT)
2024-06-05 18:33:11,094
+XRPUSDT: bp2.0|
2024-06-05 18:33:11,907
update 7: filled 1 / 2 (+ETHUSDT) | working 1 / 2 (+XRPUSDT)
2024-06-05 18:33:15,908
+XRPUSDT: bp2.0|
2024-06-05 18:33:16,721
update 8: filled 1 / 2 (+ETHUSDT) | working 1 / 2 (+XRPUSDT)
2024-06-05 18:33:20,722
+XRPUSDT: bp2.0|
2024-06-05 18:33:21,539
update 9: filled 1 / 2 (+ETHUSDT) | working 1 / 2 (+XRPUSDT)
2024-06-05 18:33:25,540
+XRPUSDT: bp4.0|
2024-06-05 18:33:26,354
update 10: filled 1 / 2 (+ETHUSDT) | working 1 / 2 (+XRPUSDT)
2024-06-05 18:33:30,355
+XRPUSDT: bp4.0|
2024-06-05 18:33:31,167
update 11: filled 1 / 2 (+ETHUSDT) | working 1 / 2 (+XRPUSDT)
2024-06-05 18:33:35,168
+XRPUSDT: bp4.0|
2024-06-05 18:33:35,979
update 12: filled 1 / 2 (+ETHUSDT) | working 1 / 2 (+XRPUSDT)
2024-06-05 18:33:39,980
+XRPUSDT: bp2.0|
2024-06-05 18:33:40,792
update 13: filled 1 / 2 (+ETHUSDT) | working 1 / 2 (+XRPUSDT)
2024-06-05 18:33:44,793
+XRPUSDT: bp6.0|
2024-06-05 18:33:45,608
update 14: filled 1 / 2 (+ETHUSDT) | working 1 / 2 (+XRPUSDT)
2024-06-05 18:33:49,609
+XRPUSDT: bp6.0|
2024-06-05 18:33:49,609
Adjustment limit #2 ... 
 we cancel current orders and replace
2024-06-05 18:33:49,609
@+/-1.25bp limit 
2024-06-05 18:33:49,609
binance_cancel_and_replace_orders_peg 20240605_183349
2024-06-05 18:33:51,045
binance_place_orders_peg 20240605_183351
2024-06-05 18:33:51,457
{'orderId': 57910770120, 'symbol': 'XRPUSDT', 'status': 'NEW', 'clientOrderId': 'STRATON', 'price': '0.5270', 'avgPrice': '0.00', 'origQty': '91.0', 'executedQty': '0.0', 'cumQty': '0.0', 'cumQuote': '0.00000', 'timeInForce': 'GTC', 'type': 'LIMIT', 'reduceOnly': False, 'closePosition': False, 'side': 'BUY', 'positionSide': 'BOTH', 'stopPrice': '0.0000', 'workingType': 'CONTRACT_PRICE', 'priceProtect': False, 'origType': 'LIMIT', 'priceMatch': 'NONE', 'selfTradePreventionMode': 'NONE', 'goodTillDate': 0, 'updateTime': 1717612431348}
2024-06-05 18:33:52,276
update 0: filled 1 / 2 (+ETHUSDT) | working 1 / 2 (+XRPUSDT)
2024-06-05 18:33:56,277
+XRPUSDT: bp2.0|
2024-06-05 18:33:57,091
update 1: filled 1 / 2 (+ETHUSDT) | working 1 / 2 (+XRPUSDT)
2024-06-05 18:34:01,092
+XRPUSDT: bp2.0|
2024-06-05 18:34:01,904
update 2: filled 1 / 2 (+ETHUSDT) | working 1 / 2 (+XRPUSDT)
2024-06-05 18:34:05,905
+XRPUSDT: bp-0.0|
2024-06-05 18:34:06,727
update 3: filled 1 / 2 (+ETHUSDT) | working 1 / 2 (+XRPUSDT)
2024-06-05 18:34:10,728
+XRPUSDT: bp2.0|
2024-06-05 18:34:11,541
update 4: filled 1 / 2 (+ETHUSDT) | working 1 / 2 (+XRPUSDT)
2024-06-05 18:34:15,542
+XRPUSDT: bp2.0|
2024-06-05 18:34:16,356
update 5: filled 1 / 2 (+ETHUSDT) | working 1 / 2 (+XRPUSDT)
2024-06-05 18:34:20,357
+XRPUSDT: bp2.0|
2024-06-05 18:34:21,175
update 6: filled 1 / 2 (+ETHUSDT) | working 1 / 2 (+XRPUSDT)
2024-06-05 18:34:25,176
+XRPUSDT: bp2.0|
2024-06-05 18:34:25,986
update 7: filled 1 / 2 (+ETHUSDT) | working 1 / 2 (+XRPUSDT)
2024-06-05 18:34:29,987
+XRPUSDT: bp2.0|
2024-06-05 18:34:30,801
update 8: filled 1 / 2 (+ETHUSDT) | working 1 / 2 (+XRPUSDT)
2024-06-05 18:34:34,801
+XRPUSDT: bp-0.0|
2024-06-05 18:34:35,616
update 9: filled 1 / 2 (+ETHUSDT) | working 1 / 2 (+XRPUSDT)
2024-06-05 18:34:39,616
+XRPUSDT: bp2.0|
2024-06-05 18:34:40,429
update 10: filled 1 / 2 (+ETHUSDT) | working 1 / 2 (+XRPUSDT)
2024-06-05 18:34:44,429
+XRPUSDT: bp4.0|
2024-06-05 18:34:45,245
update 11: filled 1 / 2 (+ETHUSDT) | working 1 / 2 (+XRPUSDT)
2024-06-05 18:34:49,246
+XRPUSDT: bp4.0|
2024-06-05 18:34:50,059
update 12: filled 1 / 2 (+ETHUSDT) | working 1 / 2 (+XRPUSDT)
2024-06-05 18:34:54,060
+XRPUSDT: bp4.0|
2024-06-05 18:34:54,873
update 13: filled 1 / 2 (+ETHUSDT) | working 1 / 2 (+XRPUSDT)
2024-06-05 18:34:58,874
+XRPUSDT: bp2.0|
2024-06-05 18:34:59,691
update 14: filled 1 / 2 (+ETHUSDT) | working 1 / 2 (+XRPUSDT)
2024-06-05 18:35:03,692
+XRPUSDT: bp4.0|
2024-06-05 18:35:03,692
Adjustment limit #3 ... 
 we cancel current orders and replace
2024-06-05 18:35:03,692
@+/-0.625bp limit 
2024-06-05 18:35:03,692
binance_cancel_and_replace_orders_peg 20240605_183503
2024-06-05 18:35:05,130
binance_place_orders_peg 20240605_183505
2024-06-05 18:35:05,539
{'orderId': 57910803954, 'symbol': 'XRPUSDT', 'status': 'NEW', 'clientOrderId': 'STRATON', 'price': '0.5271', 'avgPrice': '0.00', 'origQty': '91.0', 'executedQty': '0.0', 'cumQty': '0.0', 'cumQuote': '0.00000', 'timeInForce': 'GTC', 'type': 'LIMIT', 'reduceOnly': False, 'closePosition': False, 'side': 'BUY', 'positionSide': 'BOTH', 'stopPrice': '0.0000', 'workingType': 'CONTRACT_PRICE', 'priceProtect': False, 'origType': 'LIMIT', 'priceMatch': 'NONE', 'selfTradePreventionMode': 'NONE', 'goodTillDate': 0, 'updateTime': 1717612505435}
2024-06-05 18:35:06,359
update 0: filled 1 / 2 (+ETHUSDT) | working 1 / 2 (+XRPUSDT)
2024-06-05 18:35:10,360
+XRPUSDT: bp2.0|
2024-06-05 18:35:11,176
update 1: filled 1 / 2 (+ETHUSDT) | working 1 / 2 (+XRPUSDT)
2024-06-05 18:35:15,177
+XRPUSDT: bp2.0|
2024-06-05 18:35:15,989
update 2: filled 1 / 2 (+ETHUSDT) | working 1 / 2 (+XRPUSDT)
2024-06-05 18:35:19,990
+XRPUSDT: bp2.0|
2024-06-05 18:35:20,801
update 3: filled 1 / 2 (+ETHUSDT) | working 1 / 2 (+XRPUSDT)
2024-06-05 18:35:24,802
+XRPUSDT: bp-0.0|
2024-06-05 18:35:25,615
update 4: filled 1 / 2 (+ETHUSDT) | working 1 / 2 (+XRPUSDT)
2024-06-05 18:35:29,616
+XRPUSDT: bp-0.0|
2024-06-05 18:35:30,428
update 5: filled 1 / 2 (+ETHUSDT) | working 1 / 2 (+XRPUSDT)
2024-06-05 18:35:34,429
+XRPUSDT: bp-0.0|
2024-06-05 18:35:35,241
update 6: filled 2 / 2 (+ETHUSDT,+XRPUSDT) | working 0 / 2 ()
2024-06-05 18:35:41,507
Trades of the day
in$
as of: 05Jun 18:32>>18:35 (#trades: 2)
trade net: +94.0 (+32.5%), trade gross: +94.0 (+32.5%), BUY: +94.0 (+32.5%), SELL: +0.0 (+0.0%)
fees: $ 0.019 (2.0bp)
2024-06-05 18:35:41,928
Trades: 
Filled #2
______________________________________________
                   in$ | in bp 94 traded | in bp 289 AUMs
realizedPnl    +0      | +0      | +0     
PnLvsArrival   +0.04   | +4      | +1     
PnLvsLast      +0.09   | +10     | +3     
______________________________________________
                 | Value$ | PnL Arrival/Last 
______________________________________________
ETH:+0.012@3862.09 | +46$ | 0.02/0.08
XRP:+91@0.5271  | +48$ | 0.02/0.01
