2024-08-17 20:30:40,001
ON program started 20240817 20:30:39,
US time: 20240817 16:30:40
2024-08-17 20:30:40,643
the strat is currently running @ 17-08-2024 and the target positions is LONG
2024-08-17 20:30:42,416
CURRENT STATUS IS LONG
-----
return before 14h30:
BTCUSDT+0.76%, ETHUSDT+0.46%, XRPUSDT+0.34%
-----
target alloc initial:BTCUSDT+16.67%, ETHUSDT+16.67%, XRPUSDT+16.67%
-----
alloc target x rt%<0:BTCUSDT+16.67%, ETHUSDT+16.67%, XRPUSDT+16.67%
-----
           BTCUSDT ETHUSDT XRPUSDT
w_target     16.7%   16.7%   16.7%
rt_14h30     0.01%   0.00%   0.00%
w_target_f   16.7%   16.7%   16.7%
2024-08-17 20:30:42,418
Portfolio was rebalanced less than 2 hours ago, 1.0 hours ago
2024-08-17 20:30:42,420
Status: prev = LONG <> LONG = target
2024-08-17 20:30:42,420
the strat is currently running @ 17-08-2024 and the target positions is LONG
the strat was previously run @ 2024-08-17 19:31:08, success:yes 
   and the current positions is LONG
2024-08-17 20:30:43,608
positions_future #2
2024-08-17 20:30:43,608
      symbol  positionAmt entryPrice  ... adlQuantile AUMs_account        w%
133  XRPUSDT       89.900     0.5678  ...           1        303.0  0.167944
168  ETHUSDT        0.019    2612.08  ...           2        303.0  0.163783

[2 rows x 12 columns]
2024-08-17 20:30:43,719
programm stoppeddd!!! 20240817_203043
