2024-08-14 22:30:53,644
ON program started 20240814 22:30:53,
US time: 20240814 18:30:53
2024-08-14 22:30:54,686
the strat is currently running @ 14-08-2024 and the target positions is SHORT
2024-08-14 22:30:56,398
CURRENT STATUS IS SHORT, WE CHECK IF THE DAY IS A NEGATIVE ONE
-----
return before 14h30:
BTCUSDT-1.61%, ETHUSDT-1.60%, XRPUSDT-1.46%
-----
target alloc initial:BTCUSDT-4.17%, ETHUSDT+0.00%, XRPUSDT-4.17%
-----
alloc target x rt%<0:BTCUSDT-4.17%, ETHUSDT+0.00%, XRPUSDT-4.17%
-----
           BTCUSDT ETHUSDT XRPUSDT
w_target     -4.2%    0.0%   -4.2%
rt_14h30    -0.02%  -0.02%  -0.01%
w_target_f   -4.2%    0.0%   -4.2%
2024-08-14 22:30:56,399
Portfolio was rebalanced less than 2 hours ago, 1.0 hours ago
2024-08-14 22:30:56,400
Status: prev = SHORT <> LONG = target
2024-08-14 22:30:56,400
the strat is currently running @ 14-08-2024 and the target positions is SHORT
the strat was previously run @ 2024-08-14 21:30:44, success:yes 
   and the current positions is LONG
2024-08-14 22:30:57,523
positions_future #2
2024-08-14 22:30:57,523
      symbol  positionAmt entryPrice  ... adlQuantile AUMs_account        w%
130  XRPUSDT       89.400     0.5707  ...           1        303.3  0.167519
165  ETHUSDT        0.019     2655.0  ...           2        303.3  0.167037

[2 rows x 12 columns]
2024-08-14 22:30:57,749
------------------------------
binance_account_balance
2024-08-14 22:30:57,749
  asset     balance  ...  marginAvailable   updateTime
4  USDT  303.320007  ...             True  14Aug-18:32

[1 rows x 8 columns]
2024-08-14 22:30:58,371
------------------------------
open_orders
2024-08-14 22:30:58,371
Empty DataFrame
Columns: []
Index: []
2024-08-14 22:30:58,983
------------------------------
AUMS account:303

2024-08-14 22:30:58,984
--------------- compute_futures_order_book() ----------------
2024-08-14 22:31:00,438
----------------------------------------------------------------------
#2 order(s) to place
gross$: 115$ | net$: -115$
gross%: 38% | net%: -38%
 || w>0%  +0% | w<0%  -38%
----------------------------------------------------------------------
PTF Expo% 33.6% >> -8.3% (current>>target)
PTF expo $102.0 >> $-25 (current>>target)
----------------------------------------------------------------------
2024-08-14 22:31:00,439
orders_ofthe_day
2024-08-14 22:31:00,439
                  ptf_usd  target_usd  totrd_usd  ...        bid        ask strategy
2024-08-14 22:31                                  ...                               
XRPUSDT              51.0      -12.65      -64.0  ...     0.5683     0.5684  STRATON
ETHUSDT              51.0        0.00      -51.0  ...  2667.4500  2667.4600  STRATON

[2 rows x 10 columns]
2024-08-14 22:31:01,903
binance_place_orders_peg 20240814_223101
2024-08-14 22:31:02,311
{'orderId': 63135998130, 'symbol': 'XRPUSDT', 'status': 'NEW', 'clientOrderId': 'STRATON', 'price': '0.5687', 'avgPrice': '0.00', 'origQty': '112.6', 'executedQty': '0.0', 'cumQty': '0.0', 'cumQuote': '0.00000', 'timeInForce': 'GTC', 'type': 'LIMIT', 'reduceOnly': False, 'closePosition': False, 'side': 'SELL', 'positionSide': 'BOTH', 'stopPrice': '0.0000', 'workingType': 'CONTRACT_PRICE', 'priceProtect': False, 'origType': 'LIMIT', 'priceMatch': 'NONE', 'selfTradePreventionMode': 'NONE', 'goodTillDate': 0, 'updateTime': 1723674662208}
2024-08-14 22:31:02,721
{'orderId': 8389765715953668681, 'symbol': 'ETHUSDT', 'status': 'NEW', 'clientOrderId': 'STRATON', 'price': '2669.04', 'avgPrice': '0.00', 'origQty': '0.019', 'executedQty': '0.000', 'cumQty': '0.000', 'cumQuote': '0.00000', 'timeInForce': 'GTC', 'type': 'LIMIT', 'reduceOnly': False, 'closePosition': False, 'side': 'SELL', 'positionSide': 'BOTH', 'stopPrice': '0.00', 'workingType': 'CONTRACT_PRICE', 'priceProtect': False, 'origType': 'LIMIT', 'priceMatch': 'NONE', 'selfTradePreventionMode': 'NONE', 'goodTillDate': 0, 'updateTime': 1723674662618}
2024-08-14 22:31:04,182
update 0: filled 0 / 2 () | working 2 / 2 (-XRPUSDT,-ETHUSDT)
2024-08-14 22:31:08,183
-XRPUSDT: bp7.0|-ETHUSDT: bp7.0|
2024-08-14 22:31:08,997
update 1: filled 0 / 2 () | working 2 / 2 (-XRPUSDT,-ETHUSDT)
2024-08-14 22:31:12,998
-XRPUSDT: bp7.0|-ETHUSDT: bp5.0|
2024-08-14 22:31:13,813
update 2: filled 0 / 2 () | working 2 / 2 (-XRPUSDT,-ETHUSDT)
2024-08-14 22:31:17,813
-XRPUSDT: bp12.0|-ETHUSDT: bp7.0|
2024-08-14 22:31:18,629
update 3: filled 0 / 2 () | working 2 / 2 (-XRPUSDT,-ETHUSDT)
2024-08-14 22:31:22,630
-XRPUSDT: bp11.0|-ETHUSDT: bp7.0|
2024-08-14 22:31:23,444
update 4: filled 0 / 2 () | working 2 / 2 (-XRPUSDT,-ETHUSDT)
2024-08-14 22:31:27,445
-XRPUSDT: bp11.0|-ETHUSDT: bp6.0|
2024-08-14 22:31:28,261
update 5: filled 0 / 2 () | working 2 / 2 (-XRPUSDT,-ETHUSDT)
2024-08-14 22:31:32,262
-XRPUSDT: bp9.0|-ETHUSDT: bp5.0|
2024-08-14 22:31:33,078
update 6: filled 0 / 2 () | working 2 / 2 (-XRPUSDT,-ETHUSDT)
2024-08-14 22:31:37,079
-XRPUSDT: bp9.0|-ETHUSDT: bp5.0|
2024-08-14 22:31:37,894
update 7: filled 0 / 2 () | working 2 / 2 (-XRPUSDT,-ETHUSDT)
2024-08-14 22:31:41,895
-XRPUSDT: bp12.0|-ETHUSDT: bp5.0|
2024-08-14 22:31:42,709
update 8: filled 0 / 2 () | working 2 / 2 (-XRPUSDT,-ETHUSDT)
2024-08-14 22:31:46,710
-XRPUSDT: bp12.0|-ETHUSDT: bp7.0|
2024-08-14 22:31:47,524
update 9: filled 0 / 2 () | working 2 / 2 (-XRPUSDT,-ETHUSDT)
2024-08-14 22:31:51,525
-XRPUSDT: bp16.0|-ETHUSDT: bp8.0|
2024-08-14 22:31:52,340
update 10: filled 0 / 2 () | working 2 / 2 (-XRPUSDT,-ETHUSDT)
2024-08-14 22:31:56,341
-XRPUSDT: bp16.0|-ETHUSDT: bp9.0|
2024-08-14 22:31:57,157
update 11: filled 0 / 2 () | working 2 / 2 (-XRPUSDT,-ETHUSDT)
2024-08-14 22:32:01,158
-XRPUSDT: bp14.0|-ETHUSDT: bp7.0|
2024-08-14 22:32:01,980
update 12: filled 0 / 2 () | working 2 / 2 (-XRPUSDT,-ETHUSDT)
2024-08-14 22:32:05,981
-XRPUSDT: bp12.0|-ETHUSDT: bp8.0|
2024-08-14 22:32:06,801
update 13: filled 0 / 2 () | working 2 / 2 (-XRPUSDT,-ETHUSDT)
2024-08-14 22:32:10,802
-XRPUSDT: bp14.0|-ETHUSDT: bp8.0|
2024-08-14 22:32:11,620
update 14: filled 0 / 2 () | working 2 / 2 (-XRPUSDT,-ETHUSDT)
2024-08-14 22:32:15,621
-XRPUSDT: bp12.0|-ETHUSDT: bp5.0|
2024-08-14 22:32:15,621
Adjustment limit #1 ... 
 we cancel current orders and replace
2024-08-14 22:32:15,621
@+/-2.5bp limit 
2024-08-14 22:32:15,621
binance_cancel_and_replace_orders_peg 20240814_223215
2024-08-14 22:32:17,670
binance_place_orders_peg 20240814_223217
2024-08-14 22:32:18,077
{'orderId': 63136051088, 'symbol': 'XRPUSDT', 'status': 'NEW', 'clientOrderId': 'STRATON', 'price': '0.5683', 'avgPrice': '0.00', 'origQty': '112.6', 'executedQty': '0.0', 'cumQty': '0.0', 'cumQuote': '0.00000', 'timeInForce': 'GTC', 'type': 'LIMIT', 'reduceOnly': False, 'closePosition': False, 'side': 'SELL', 'positionSide': 'BOTH', 'stopPrice': '0.0000', 'workingType': 'CONTRACT_PRICE', 'priceProtect': False, 'origType': 'LIMIT', 'priceMatch': 'NONE', 'selfTradePreventionMode': 'NONE', 'goodTillDate': 0, 'updateTime': 1723674737975}
2024-08-14 22:32:18,486
{'orderId': 8389765715954171277, 'symbol': 'ETHUSDT', 'status': 'NEW', 'clientOrderId': 'STRATON', 'price': '2669.40', 'avgPrice': '0.00', 'origQty': '0.019', 'executedQty': '0.000', 'cumQty': '0.000', 'cumQuote': '0.00000', 'timeInForce': 'GTC', 'type': 'LIMIT', 'reduceOnly': False, 'closePosition': False, 'side': 'SELL', 'positionSide': 'BOTH', 'stopPrice': '0.00', 'workingType': 'CONTRACT_PRICE', 'priceProtect': False, 'origType': 'LIMIT', 'priceMatch': 'NONE', 'selfTradePreventionMode': 'NONE', 'goodTillDate': 0, 'updateTime': 1723674738383}
2024-08-14 22:32:19,311
update 0: filled 0 / 2 () | working 2 / 2 (-XRPUSDT,-ETHUSDT)
2024-08-14 22:32:23,312
-XRPUSDT: bp2.0|-ETHUSDT: bp6.0|
2024-08-14 22:32:24,125
update 1: filled 0 / 2 () | working 2 / 2 (-XRPUSDT,-ETHUSDT)
2024-08-14 22:32:28,126
-XRPUSDT: bp2.0|-ETHUSDT: bp4.0|
2024-08-14 22:32:28,940
update 2: filled 0 / 2 () | working 2 / 2 (-XRPUSDT,-ETHUSDT)
2024-08-14 22:32:32,941
-XRPUSDT: bp2.0|-ETHUSDT: bp4.0|
2024-08-14 22:32:33,755
update 3: filled 0 / 2 () | working 2 / 2 (-XRPUSDT,-ETHUSDT)
2024-08-14 22:32:37,755
-XRPUSDT: bp4.0|-ETHUSDT: bp5.0|
2024-08-14 22:32:38,570
update 4: filled 1 / 2 (-XRPUSDT) | working 1 / 2 (-ETHUSDT)
2024-08-14 22:32:42,571
-ETHUSDT: bp4.0|
2024-08-14 22:32:43,387
update 5: filled 1 / 2 (-XRPUSDT) | working 1 / 2 (-ETHUSDT)
2024-08-14 22:32:47,387
-ETHUSDT: bp4.0|
2024-08-14 22:32:48,202
update 6: filled 1 / 2 (-XRPUSDT) | working 1 / 2 (-ETHUSDT)
2024-08-14 22:32:52,203
-ETHUSDT: bp3.0|
2024-08-14 22:32:53,018
update 7: filled 1 / 2 (-XRPUSDT) | working 1 / 2 (-ETHUSDT)
2024-08-14 22:32:57,018
-ETHUSDT: bp7.0|
2024-08-14 22:32:57,832
update 8: filled 1 / 2 (-XRPUSDT) | working 1 / 2 (-ETHUSDT)
2024-08-14 22:33:01,833
-ETHUSDT: bp7.0|
2024-08-14 22:33:02,647
update 9: filled 1 / 2 (-XRPUSDT) | working 1 / 2 (-ETHUSDT)
2024-08-14 22:33:06,648
-ETHUSDT: bp3.0|
2024-08-14 22:33:07,461
update 10: filled 1 / 2 (-XRPUSDT) | working 1 / 2 (-ETHUSDT)
2024-08-14 22:33:11,462
-ETHUSDT: bp2.0|
2024-08-14 22:33:12,277
update 11: filled 1 / 2 (-XRPUSDT) | working 1 / 2 (-ETHUSDT)
2024-08-14 22:33:16,277
-ETHUSDT: bp4.0|
2024-08-14 22:33:17,093
update 12: filled 1 / 2 (-XRPUSDT) | working 1 / 2 (-ETHUSDT)
2024-08-14 22:33:21,094
-ETHUSDT: bp7.0|
2024-08-14 22:33:21,911
update 13: filled 1 / 2 (-XRPUSDT) | working 1 / 2 (-ETHUSDT)
2024-08-14 22:33:25,912
-ETHUSDT: bp6.0|
2024-08-14 22:33:26,727
update 14: filled 1 / 2 (-XRPUSDT) | working 1 / 2 (-ETHUSDT)
2024-08-14 22:33:30,728
-ETHUSDT: bp6.0|
2024-08-14 22:33:30,728
Adjustment limit #2 ... 
 we cancel current orders and replace
2024-08-14 22:33:30,728
@+/-1.25bp limit 
2024-08-14 22:33:30,728
binance_cancel_and_replace_orders_peg 20240814_223330
2024-08-14 22:33:32,163
binance_place_orders_peg 20240814_223332
2024-08-14 22:33:32,570
{'orderId': 8389765715954645251, 'symbol': 'ETHUSDT', 'status': 'NEW', 'clientOrderId': 'STRATON', 'price': '2667.82', 'avgPrice': '0.00', 'origQty': '0.019', 'executedQty': '0.000', 'cumQty': '0.000', 'cumQuote': '0.00000', 'timeInForce': 'GTC', 'type': 'LIMIT', 'reduceOnly': False, 'closePosition': False, 'side': 'SELL', 'positionSide': 'BOTH', 'stopPrice': '0.00', 'workingType': 'CONTRACT_PRICE', 'priceProtect': False, 'origType': 'LIMIT', 'priceMatch': 'NONE', 'selfTradePreventionMode': 'NONE', 'goodTillDate': 0, 'updateTime': 1723674812468}
2024-08-14 22:33:33,391
update 0: filled 1 / 2 (-XRPUSDT) | working 1 / 2 (-ETHUSDT)
2024-08-14 22:33:37,392
-ETHUSDT: bp2.0|
2024-08-14 22:33:38,206
update 1: filled 1 / 2 (-XRPUSDT) | working 1 / 2 (-ETHUSDT)
2024-08-14 22:33:42,206
-ETHUSDT: bp1.0|
2024-08-14 22:33:43,021
update 2: filled 2 / 2 (-XRPUSDT,-ETHUSDT) | working 0 / 2 ()
2024-08-14 22:33:49,290
Trades of the day
in$
as of: 14Aug 22:32>>22:33 (#trades: 2)
trade net: -115.0 (-37.9%), trade gross: +115.0 (+37.9%), BUY: +0.0 (+0.0%), SELL: -115.0 (-37.9%)
fees: $ 0.023 (2.0bp)
2024-08-14 22:33:49,711
Trades: 
Filled #2
______________________________________________
                   in$ | in bp 114 traded | in bp 303 AUMs
realizedPnl    +0.03   | +3      | +1     
PnLvsArrival   +0      | +0      | +0     
PnLvsLast      -0.02   | -2      | -1     
______________________________________________
                 | Value$ | PnL Arrival/Last 
______________________________________________
XRP:-112.6@0.5683 | -64$ | -0.01/-0.01
ETH:-0.019@2667.82 | -51$ | 0.01/-0.01
