2024-07-28 18:30:36,432
ON program started 20240728 18:30:36,
US time: 20240728 14:30:36
2024-07-28 18:30:36,988
the strat is currently running @ 28-07-2024 and the target positions is LONG
2024-07-28 18:30:38,312
CURRENT STATUS IS LONG
-----
return before 14h30:
BTCUSDT+0.13%, ETHUSDT+0.79%, XRPUSDT+0.91%
-----
target alloc initial:BTCUSDT+16.67%, ETHUSDT+16.67%, XRPUSDT+16.67%
-----
alloc target x rt%<0:BTCUSDT+16.67%, ETHUSDT+16.67%, XRPUSDT+16.67%
-----
           BTCUSDT ETHUSDT XRPUSDT
w_target     16.7%   16.7%   16.7%
rt_14h30     0.00%   0.01%   0.01%
w_target_f   16.7%   16.7%   16.7%
2024-07-28 18:30:38,313
Portfolio was rebalanced less than 2 hours ago, 15.0 hours ago
2024-07-28 18:30:38,315
Status: prev = LONG <> NEUTRAL = target
2024-07-28 18:30:38,315
the strat is currently running @ 28-07-2024 and the target positions is LONG
the strat was previously run @ 2024-07-28 03:30:32, success:yes 
   and the current positions is NEUTRAL
2024-07-28 18:30:39,462
positions_future #0
2024-07-28 18:30:39,462
Empty DataFrame
Columns: [symbol, positionAmt, entryPrice, breakEvenPrice, markPrice, unRealizedProfit, value_usd, updateTime, isolated, adlQuantile, AUMs_account, w%]
Index: []
2024-07-28 18:30:39,673
------------------------------
binance_account_balance
2024-07-28 18:30:39,673
  asset     balance  ...  marginAvailable   updateTime
4  USDT  292.726799  ...             True  27Jul-22:32

[1 rows x 8 columns]
2024-07-28 18:30:39,896
------------------------------
open_orders
2024-07-28 18:30:39,896
Empty DataFrame
Columns: []
Index: []
2024-07-28 18:30:40,512
------------------------------
AUMS account:292

2024-07-28 18:30:40,514
--------------- compute_futures_order_book() ----------------
2024-07-28 18:30:41,972
----------------------------------------------------------------------
#2 order(s) to place
gross$: 98$ | net$: +98$
gross%: 33% | net%: +33%
 || w>0%  +33% | w<0%  0%
----------------------------------------------------------------------
PTF Expo% 0.0% >> 50.0% (current>>target)
PTF expo $0.0 >> $146 (current>>target)
----------------------------------------------------------------------
2024-07-28 18:30:41,974
orders_ofthe_day
2024-07-28 18:30:41,974
                  ptf_usd  target_usd  totrd_usd  ...        bid        ask strategy
2024-07-28 18:30                                  ...                               
ETHUSDT               0.0        48.8       49.0  ...  3281.1600  3281.1900  STRATON
XRPUSDT               0.0        48.8       49.0  ...     0.6042     0.6043  STRATON

[2 rows x 10 columns]
2024-07-28 18:30:43,395
binance_place_orders_peg 20240728_183043
2024-07-28 18:30:43,813
{'orderId': 8389765706894257286, 'symbol': 'ETHUSDT', 'status': 'NEW', 'clientOrderId': 'STRATON', 'price': '3279.52', 'avgPrice': '0.00', 'origQty': '0.015', 'executedQty': '0.000', 'cumQty': '0.000', 'cumQuote': '0.00000', 'timeInForce': 'GTC', 'type': 'LIMIT', 'reduceOnly': False, 'closePosition': False, 'side': 'BUY', 'positionSide': 'BOTH', 'stopPrice': '0.00', 'workingType': 'CONTRACT_PRICE', 'priceProtect': False, 'origType': 'LIMIT', 'priceMatch': 'NONE', 'selfTradePreventionMode': 'NONE', 'goodTillDate': 0, 'updateTime': 1722191443707}
2024-07-28 18:30:44,236
{'orderId': 61612259576, 'symbol': 'XRPUSDT', 'status': 'NEW', 'clientOrderId': 'STRATON', 'price': '0.6039', 'avgPrice': '0.00', 'origQty': '81.1', 'executedQty': '0.0', 'cumQty': '0.0', 'cumQuote': '0.00000', 'timeInForce': 'GTC', 'type': 'LIMIT', 'reduceOnly': False, 'closePosition': False, 'side': 'BUY', 'positionSide': 'BOTH', 'stopPrice': '0.0000', 'workingType': 'CONTRACT_PRICE', 'priceProtect': False, 'origType': 'LIMIT', 'priceMatch': 'NONE', 'selfTradePreventionMode': 'NONE', 'goodTillDate': 0, 'updateTime': 1722191444121}
2024-07-28 18:30:45,700
update 0: filled 0 / 2 () | working 2 / 2 (+ETHUSDT,+XRPUSDT)
2024-07-28 18:30:49,701
+ETHUSDT: bp4.0|+XRPUSDT: bp7.0|
2024-07-28 18:30:50,529
update 1: filled 0 / 2 () | working 2 / 2 (+ETHUSDT,+XRPUSDT)
2024-07-28 18:30:54,530
+ETHUSDT: bp5.0|+XRPUSDT: bp7.0|
2024-07-28 18:30:55,348
update 2: filled 0 / 2 () | working 2 / 2 (+ETHUSDT,+XRPUSDT)
2024-07-28 18:30:59,349
+ETHUSDT: bp2.0|+XRPUSDT: bp7.0|
2024-07-28 18:31:00,168
update 3: filled 1 / 2 (+ETHUSDT) | working 1 / 2 (+XRPUSDT)
2024-07-28 18:31:04,169
+XRPUSDT: bp2.0|
2024-07-28 18:31:04,990
update 4: filled 1 / 2 (+ETHUSDT) | working 1 / 2 (+XRPUSDT)
2024-07-28 18:31:08,991
+XRPUSDT: bp2.0|
2024-07-28 18:31:09,816
update 5: filled 1 / 2 (+ETHUSDT) | working 1 / 2 (+XRPUSDT)
2024-07-28 18:31:13,817
+XRPUSDT: bp7.0|
2024-07-28 18:31:14,636
update 6: filled 1 / 2 (+ETHUSDT) | working 1 / 2 (+XRPUSDT)
2024-07-28 18:31:18,637
+XRPUSDT: bp7.0|
2024-07-28 18:31:19,455
update 7: filled 1 / 2 (+ETHUSDT) | working 1 / 2 (+XRPUSDT)
2024-07-28 18:31:23,455
+XRPUSDT: bp7.0|
2024-07-28 18:31:24,274
update 8: filled 1 / 2 (+ETHUSDT) | working 1 / 2 (+XRPUSDT)
2024-07-28 18:31:28,275
+XRPUSDT: bp7.0|
2024-07-28 18:31:29,095
update 9: filled 1 / 2 (+ETHUSDT) | working 1 / 2 (+XRPUSDT)
2024-07-28 18:31:33,095
+XRPUSDT: bp5.0|
2024-07-28 18:31:33,919
update 10: filled 1 / 2 (+ETHUSDT) | working 1 / 2 (+XRPUSDT)
2024-07-28 18:31:37,920
+XRPUSDT: bp5.0|
2024-07-28 18:31:38,739
update 11: filled 1 / 2 (+ETHUSDT) | working 1 / 2 (+XRPUSDT)
2024-07-28 18:31:42,740
+XRPUSDT: bp7.0|
2024-07-28 18:31:43,558
update 12: filled 1 / 2 (+ETHUSDT) | working 1 / 2 (+XRPUSDT)
2024-07-28 18:31:47,559
+XRPUSDT: bp5.0|
2024-07-28 18:31:48,378
update 13: filled 1 / 2 (+ETHUSDT) | working 1 / 2 (+XRPUSDT)
2024-07-28 18:31:52,379
+XRPUSDT: bp7.0|
2024-07-28 18:31:53,202
update 14: filled 1 / 2 (+ETHUSDT) | working 1 / 2 (+XRPUSDT)
2024-07-28 18:31:57,202
+XRPUSDT: bp5.0|
2024-07-28 18:31:57,202
Adjustment limit #1 ... 
 we cancel current orders and replace
2024-07-28 18:31:57,202
@+/-2.5bp limit 
2024-07-28 18:31:57,203
binance_cancel_and_replace_orders_peg 20240728_183157
2024-07-28 18:31:58,654
binance_place_orders_peg 20240728_183158
2024-07-28 18:31:59,071
{'orderId': 61612327682, 'symbol': 'XRPUSDT', 'status': 'NEW', 'clientOrderId': 'STRATON', 'price': '0.6037', 'avgPrice': '0.00', 'origQty': '81.1', 'executedQty': '0.0', 'cumQty': '0.0', 'cumQuote': '0.00000', 'timeInForce': 'GTC', 'type': 'LIMIT', 'reduceOnly': False, 'closePosition': False, 'side': 'BUY', 'positionSide': 'BOTH', 'stopPrice': '0.0000', 'workingType': 'CONTRACT_PRICE', 'priceProtect': False, 'origType': 'LIMIT', 'priceMatch': 'NONE', 'selfTradePreventionMode': 'NONE', 'goodTillDate': 0, 'updateTime': 1722191518963}
2024-07-28 18:31:59,901
update 0: filled 1 / 2 (+ETHUSDT) | working 1 / 2 (+XRPUSDT)
2024-07-28 18:32:03,902
+XRPUSDT: bp3.0|
2024-07-28 18:32:04,723
update 1: filled 1 / 2 (+ETHUSDT) | working 1 / 2 (+XRPUSDT)
2024-07-28 18:32:08,723
+XRPUSDT: bp3.0|
2024-07-28 18:32:09,543
update 2: filled 1 / 2 (+ETHUSDT) | working 1 / 2 (+XRPUSDT)
2024-07-28 18:32:13,544
+XRPUSDT: bp5.0|
2024-07-28 18:32:14,365
update 3: filled 1 / 2 (+ETHUSDT) | working 1 / 2 (+XRPUSDT)
2024-07-28 18:32:18,366
+XRPUSDT: bp5.0|
2024-07-28 18:32:19,186
update 4: filled 1 / 2 (+ETHUSDT) | working 1 / 2 (+XRPUSDT)
2024-07-28 18:32:23,187
+XRPUSDT: bp3.0|
2024-07-28 18:32:24,007
update 5: filled 1 / 2 (+ETHUSDT) | working 1 / 2 (+XRPUSDT)
2024-07-28 18:32:28,008
+XRPUSDT: bp5.0|
2024-07-28 18:32:28,828
update 6: filled 1 / 2 (+ETHUSDT) | working 1 / 2 (+XRPUSDT)
2024-07-28 18:32:32,829
+XRPUSDT: bp3.0|
2024-07-28 18:32:33,651
update 7: filled 1 / 2 (+ETHUSDT) | working 1 / 2 (+XRPUSDT)
2024-07-28 18:32:37,652
+XRPUSDT: bp7.0|
2024-07-28 18:32:38,472
update 8: filled 1 / 2 (+ETHUSDT) | working 1 / 2 (+XRPUSDT)
2024-07-28 18:32:42,472
+XRPUSDT: bp8.0|
2024-07-28 18:32:43,293
update 9: filled 1 / 2 (+ETHUSDT) | working 1 / 2 (+XRPUSDT)
2024-07-28 18:32:47,294
+XRPUSDT: bp7.0|
2024-07-28 18:32:48,116
update 10: filled 1 / 2 (+ETHUSDT) | working 1 / 2 (+XRPUSDT)
2024-07-28 18:32:52,116
+XRPUSDT: bp7.0|
2024-07-28 18:32:52,937
update 11: filled 1 / 2 (+ETHUSDT) | working 1 / 2 (+XRPUSDT)
2024-07-28 18:32:56,938
+XRPUSDT: bp8.0|
2024-07-28 18:32:57,757
update 12: filled 1 / 2 (+ETHUSDT) | working 1 / 2 (+XRPUSDT)
2024-07-28 18:33:01,758
+XRPUSDT: bp7.0|
2024-07-28 18:33:02,578
update 13: filled 1 / 2 (+ETHUSDT) | working 1 / 2 (+XRPUSDT)
2024-07-28 18:33:06,578
+XRPUSDT: bp3.0|
2024-07-28 18:33:07,399
update 14: filled 1 / 2 (+ETHUSDT) | working 1 / 2 (+XRPUSDT)
2024-07-28 18:33:11,400
+XRPUSDT: bp5.0|
2024-07-28 18:33:11,400
Adjustment limit #2 ... 
 we cancel current orders and replace
2024-07-28 18:33:11,400
@+/-1.25bp limit 
2024-07-28 18:33:11,400
binance_cancel_and_replace_orders_peg 20240728_183311
2024-07-28 18:33:12,851
binance_place_orders_peg 20240728_183312
2024-07-28 18:33:13,263
{'orderId': 61612399578, 'symbol': 'XRPUSDT', 'status': 'NEW', 'clientOrderId': 'STRATON', 'price': '0.6043', 'avgPrice': '0.00', 'origQty': '81.1', 'executedQty': '0.0', 'cumQty': '0.0', 'cumQuote': '0.00000', 'timeInForce': 'GTC', 'type': 'LIMIT', 'reduceOnly': False, 'closePosition': False, 'side': 'BUY', 'positionSide': 'BOTH', 'stopPrice': '0.0000', 'workingType': 'CONTRACT_PRICE', 'priceProtect': False, 'origType': 'LIMIT', 'priceMatch': 'NONE', 'selfTradePreventionMode': 'NONE', 'goodTillDate': 0, 'updateTime': 1722191593159}
2024-07-28 18:33:14,098
update 0: filled 1 / 2 (+ETHUSDT) | working 1 / 2 (+XRPUSDT)
2024-07-28 18:33:18,099
+XRPUSDT: bp3.0|
2024-07-28 18:33:18,920
update 1: filled 1 / 2 (+ETHUSDT) | working 1 / 2 (+XRPUSDT)
2024-07-28 18:33:22,920
+XRPUSDT: bp2.0|
2024-07-28 18:33:23,741
update 2: filled 2 / 2 (+ETHUSDT,+XRPUSDT) | working 0 / 2 ()
2024-07-28 18:33:30,028
Trades of the day
in$
as of: 28Jul 18:30>>18:33 (#trades: 2)
trade net: +98.0 (+33.5%), trade gross: +98.0 (+33.5%), BUY: +98.0 (+33.5%), SELL: +0.0 (+0.0%)
fees: $ 0.02 (2.0bp)
2024-07-28 18:33:30,452
Trades: 
Filled #2
______________________________________________
                   in$ | in bp 98 traded | in bp 292 AUMs
realizedPnl    +0      | +0      | +0     
PnLvsArrival   +0.02   | +2      | +1     
PnLvsLast      -0.07   | -7      | -2     
______________________________________________
                 | Value$ | PnL Arrival/Last 
______________________________________________
XRP:+81.1@0.6043 | +49$ | -0/-0.01
ETH:+0.015@3279.52 | +49$ | 0.02/-0.06
