2024-09-09 23:30:36,719
ON program started 20240909 23:30:36,
US time: 20240909 19:30:36
2024-09-09 23:30:37,800
the strat is currently running @ 09-09-2024 and the target positions is SHORT
2024-09-09 23:30:39,511
CURRENT STATUS IS SHORT, WE CHECK IF THE DAY IS A NEGATIVE ONE
-----
return before 14h30:
BTCUSDT+1.49%, ETHUSDT+1.02%, XRPUSDT+0.64%
-----
target alloc initial:BTCUSDT-4.17%, ETHUSDT+0.00%, XRPUSDT-4.17%
-----
alloc target x rt%<0:BTCUSDT-0.00%, ETHUSDT+0.00%, XRPUSDT-0.00%
-----
           BTCUSDT ETHUSDT XRPUSDT
w_target     -4.2%    0.0%   -4.2%
rt_14h30     0.01%   0.01%   0.01%
w_target_f   -0.0%    0.0%   -0.0%
2024-09-09 23:30:39,512
Portfolio was rebalanced less than 2 hours ago, 1.0 hours ago
2024-09-09 23:30:39,514
Status: prev = SHORT <> SHORT = target
2024-09-09 23:30:39,514
the strat is currently running @ 09-09-2024 and the target positions is SHORT
the strat was previously run @ 2024-09-09 22:31:05, success:? 
   and the current positions is SHORT
2024-09-09 23:30:40,635
positions_future #0
2024-09-09 23:30:40,636
Empty DataFrame
Columns: [symbol, positionAmt, entryPrice, breakEvenPrice, markPrice, unRealizedProfit, value_usd, updateTime, isolated, adlQuantile, AUMs_account, w%]
Index: []
2024-09-09 23:30:40,842
------------------------------
binance_account_balance
2024-09-09 23:30:40,842
  asset     balance  ...  marginAvailable   updateTime
4  USDT  296.077634  ...             True  09Sep-22:35

[1 rows x 8 columns]
2024-09-09 23:30:41,061
------------------------------
open_orders
2024-09-09 23:30:41,061
Empty DataFrame
Columns: []
Index: []
2024-09-09 23:30:41,671
------------------------------
AUMS account:296

2024-09-09 23:30:41,672
--------------- compute_futures_order_book() ----------------
2024-09-09 23:30:43,124
----------------------------------------------------------------------
#0 order(s) to place
gross$: 0$ | net$: +0$
gross%: 0% | net%: +0%
 || w>0%  +0% | w<0%  0%
----------------------------------------------------------------------
PTF Expo% 0.0% >> 0.0% (current>>target)
PTF expo $0.0 >> $0 (current>>target)
----------------------------------------------------------------------
2024-09-09 23:30:43,125
orders_ofthe_day
2024-09-09 23:30:43,125
Empty DataFrame
Columns: [ptf_usd, target_usd, totrd_usd, posttrd_usd, qty, posttrd_qty, posttrd_w, bid, ask, strategy]
Index: []
2024-09-09 23:30:43,187
Orders of the day is empty, current and target potfolios are aligned
2024-09-09 23:30:43,187
Program stopped
