2023-12-07 00:30:54,625
ON program started 20231207 00:30:54,
US time: 20231206 19:30:54
2023-12-07 00:30:55,094
the strat is currently running @ 07-12-2023 and the target positions is SHORT
2023-12-07 00:30:56,492
CURRENT STATUS IS SHORT, WE CHECK IF THE DAY IS A NEGATIVE ONE
-----
return before 14h30:
BTCUSDT+0.00%, ETHUSDT+0.00%, XRPUSDT+0.00%
-----
target alloc initial:BTCUSDT-4.17%, ETHUSDT+0.00%, XRPUSDT-4.17%
-----
alloc target x rt%<0:BTCUSDT-0.00%, ETHUSDT+0.00%, XRPUSDT-0.00%
-----
           BTCUSDT ETHUSDT XRPUSDT
w_target     -4.2%    0.0%   -4.2%
rt_14h30     0.00%   0.00%   0.00%
w_target_f   -0.0%    0.0%   -0.0%
2023-12-07 00:30:56,493
Portfolio was rebalanced less than 2 hours ago, 1.0 hours ago
2023-12-07 00:30:56,496
Status: prev = SHORT <> SHORT = target
2023-12-07 00:30:56,496
the strat is currently running @ 07-12-2023 and the target positions is SHORT
the strat was previously run @ 2023-12-06 23:31:11 UTC, success:? 
   and the current positions is SHORT
2023-12-07 00:30:57,721
positions_future #0
2023-12-07 00:30:57,721
Empty DataFrame
Columns: [symbol, positionAmt, entryPrice, breakEvenPrice, markPrice, unRealizedProfit, value_usd, updateTime, isolated, adlQuantile, AUMs_account, w%]
Index: []
2023-12-07 00:30:57,946
------------------------------
binance_account_balance
2023-12-07 00:30:57,946
  asset     balance  ... marginAvailable   updateTime
5  USDT  289.773503  ...            True  06Dec-23:32

[1 rows x 8 columns]
2023-12-07 00:30:58,182
------------------------------
open_orders
2023-12-07 00:30:58,182
Empty DataFrame
Columns: []
Index: []
2023-12-07 00:30:58,840
------------------------------
AUMS account:289

2023-12-07 00:30:58,842
--------------- compute_futures_order_book() ----------------
2023-12-07 00:31:00,399
----------------------------------------------------------------------
#0 order(s) to place
gross$: 0$ | net$: +0$
gross%: 0% | net%: +0%
 || w>0%  +0% | w<0%  0%
----------------------------------------------------------------------
PTF Expo% 0.0% >> 0.0% (current>>target)
PTF expo $0.0 >> $0 (current>>target)
----------------------------------------------------------------------
2023-12-07 00:31:00,400
orders_ofthe_day
2023-12-07 00:31:00,400
Empty DataFrame
Columns: [ptf_usd, target_usd, totrd_usd, posttrd_usd, qty, posttrd_qty, posttrd_w, bid, ask]
Index: []
2023-12-07 00:31:00,472
Orders of the day is empty, current and target potfolios are aligned
2023-12-07 00:31:00,472
Program stopped
