2023-11-14 01:31:01,265
ON program started 20231114 01:31:01,
US time: 20231113 20:31:01
2023-11-14 01:31:02,137
the strat is currently running @ 14-11-2023 and the target positions is SHORT
2023-11-14 01:31:05,281
CURRENT STATUS IS SHORT, WE CHECK IF THE DAY IS A NEGATIVE ONE
-----
return before 14h30:
BTCUSDT+0.00%, ETHUSDT+0.00%, XRPUSDT+0.00%
-----
target alloc initial:BTCUSDT-4.17%, ETHUSDT+0.00%, XRPUSDT-4.17%
-----
alloc target x rt%<0:BTCUSDT-0.00%, ETHUSDT+0.00%, XRPUSDT-0.00%
-----
           BTCUSDT ETHUSDT XRPUSDT
w_target     -4.2%    0.0%   -4.2%
rt_14h30     0.00%   0.00%   0.00%
w_target_f   -0.0%    0.0%   -0.0%
2023-11-14 01:31:05,283
Portfolio was rebalanced less than 2 hours ago, 1.0 hours ago
2023-11-14 01:31:05,285
Status: prev = SHORT <> SHORT = target
2023-11-14 01:31:05,286
the strat is currently running @ 14-11-2023 and the target positions is SHORT
the strat was previously run @ 2023-11-14 00:31:52 UTC, success:yes 
   and the current positions is SHORT
2023-11-14 01:31:06,479
positions_future #0
2023-11-14 01:31:06,479
Empty DataFrame
Columns: [symbol, positionAmt, entryPrice, breakEvenPrice, markPrice, unRealizedProfit, value_usd, updateTime, isolated, adlQuantile, AUMs_account, w%]
Index: []
2023-11-14 01:31:06,487
programm stoppeddd!!! 20231114_013106
