2024-02-26 00:31:00,589
ON program started 20240226 00:31:00,
US time: 20240225 19:31:00
2024-02-26 00:31:01,542
the strat is currently running @ 26-02-2024 and the target positions is SHORT
2024-02-26 00:31:03,796
CURRENT STATUS IS SHORT, WE CHECK IF THE DAY IS A NEGATIVE ONE
-----
return before 14h30:
BTCUSDT-0.05%, ETHUSDT+0.26%, XRPUSDT-0.22%
-----
target alloc initial:BTCUSDT-4.17%, ETHUSDT+0.00%, XRPUSDT-4.17%
-----
alloc target x rt%<0:BTCUSDT-4.17%, ETHUSDT+0.00%, XRPUSDT-4.17%
-----
           BTCUSDT ETHUSDT XRPUSDT
w_target     -4.2%    0.0%   -4.2%
rt_14h30    -0.00%   0.00%  -0.00%
w_target_f   -4.2%    0.0%   -4.2%
2024-02-26 00:31:03,797
Portfolio was rebalanced less than 2 hours ago, 1.0 hours ago
2024-02-26 00:31:03,798
Status: prev = SHORT <> SHORT = target
2024-02-26 00:31:03,799
the strat is currently running @ 26-02-2024 and the target positions is SHORT
the strat was previously run @ 2024-02-25 23:30:46, success:? 
   and the current positions is SHORT
2024-02-26 00:31:05,000
positions_future #1
2024-02-26 00:31:05,000
      symbol  positionAmt entryPrice  ... adlQuantile AUMs_account        w%
122  XRPUSDT        -22.3     0.5434  ...           2        293.4 -0.041169

[1 rows x 12 columns]
2024-02-26 00:31:05,243
------------------------------
binance_account_balance
2024-02-26 00:31:05,243
  asset     balance  ...  marginAvailable   updateTime
5  USDT  293.313018  ...             True  25Feb-23:34

[1 rows x 8 columns]
2024-02-26 00:31:05,697
------------------------------
open_orders
2024-02-26 00:31:05,697
Empty DataFrame
Columns: []
Index: []
2024-02-26 00:31:06,355
------------------------------
AUMS account:293

2024-02-26 00:31:06,357
--------------- compute_futures_order_book() ----------------
2024-02-26 00:31:07,918
----------------------------------------------------------------------
#0 order(s) to place
gross$: 0$ | net$: +0$
gross%: 0% | net%: +0%
 || w>0%  +0% | w<0%  0%
----------------------------------------------------------------------
PTF Expo% -4.0% >> -8.3% (current>>target)
PTF expo $-12.0 >> $-24 (current>>target)
----------------------------------------------------------------------
2024-02-26 00:31:07,920
orders_ofthe_day
2024-02-26 00:31:07,920
Empty DataFrame
Columns: [ptf_usd, target_usd, totrd_usd, posttrd_usd, qty, posttrd_qty, posttrd_w, bid, ask, strategy]
Index: []
2024-02-26 00:31:07,982
Orders of the day is empty, current and target potfolios are aligned
2024-02-26 00:31:07,982
Program stopped
