2024-07-28 22:30:57,571
ON program started 20240728 22:30:57,
US time: 20240728 18:30:57
2024-07-28 22:30:58,073
the strat is currently running @ 28-07-2024 and the target positions is SHORT
2024-07-28 22:30:59,395
CURRENT STATUS IS SHORT, WE CHECK IF THE DAY IS A NEGATIVE ONE
-----
return before 14h30:
BTCUSDT+0.13%, ETHUSDT+0.79%, XRPUSDT+0.91%
-----
target alloc initial:BTCUSDT-4.17%, ETHUSDT+0.00%, XRPUSDT-4.17%
-----
alloc target x rt%<0:BTCUSDT-0.00%, ETHUSDT+0.00%, XRPUSDT-0.00%
-----
           BTCUSDT ETHUSDT XRPUSDT
w_target     -4.2%    0.0%   -4.2%
rt_14h30     0.00%   0.01%   0.01%
w_target_f   -0.0%    0.0%   -0.0%
2024-07-28 22:30:59,396
Portfolio was rebalanced less than 2 hours ago, 1.0 hours ago
2024-07-28 22:30:59,397
Status: prev = SHORT <> LONG = target
2024-07-28 22:30:59,397
the strat is currently running @ 28-07-2024 and the target positions is SHORT
the strat was previously run @ 2024-07-28 21:30:51, success:yes 
   and the current positions is LONG
2024-07-28 22:31:00,523
positions_future #2
2024-07-28 22:31:00,523
      symbol  positionAmt entryPrice  ... adlQuantile AUMs_account        w%
167  ETHUSDT        0.015    3279.52  ...           1        292.2  0.167627
132  XRPUSDT       81.100     0.6043  ...           1        292.2  0.166631

[2 rows x 12 columns]
2024-07-28 22:31:00,754
------------------------------
binance_account_balance
2024-07-28 22:31:00,754
  asset     balance  ...  marginAvailable   updateTime
4  USDT  292.707159  ...             True  28Jul-18:33

[1 rows x 8 columns]
2024-07-28 22:31:01,376
------------------------------
open_orders
2024-07-28 22:31:01,376
Empty DataFrame
Columns: []
Index: []
2024-07-28 22:31:01,987
------------------------------
AUMS account:292

2024-07-28 22:31:01,988
--------------- compute_futures_order_book() ----------------
2024-07-28 22:31:03,442
----------------------------------------------------------------------
#2 order(s) to place
gross$: 98$ | net$: -98$
gross%: 34% | net%: -34%
 || w>0%  +0% | w<0%  -34%
----------------------------------------------------------------------
PTF Expo% 33.5% >> 0.0% (current>>target)
PTF expo $98.0 >> $0 (current>>target)
----------------------------------------------------------------------
2024-07-28 22:31:03,444
orders_ofthe_day
2024-07-28 22:31:03,444
                  ptf_usd  target_usd  totrd_usd  ...        bid        ask strategy
2024-07-28 22:31                                  ...                               
ETHUSDT              49.0         0.0      -49.0  ...  3264.4800  3264.4900  STRATON
XRPUSDT              49.0        -0.0      -49.0  ...     0.6001     0.6002  STRATON

[2 rows x 10 columns]
2024-07-28 22:31:04,903
binance_place_orders_peg 20240728_223104
2024-07-28 22:31:05,313
{'orderId': 8389765706951891964, 'symbol': 'ETHUSDT', 'status': 'NEW', 'clientOrderId': 'STRATON', 'price': '3266.11', 'avgPrice': '0.00', 'origQty': '0.015', 'executedQty': '0.000', 'cumQty': '0.000', 'cumQuote': '0.00000', 'timeInForce': 'GTC', 'type': 'LIMIT', 'reduceOnly': False, 'closePosition': False, 'side': 'SELL', 'positionSide': 'BOTH', 'stopPrice': '0.00', 'workingType': 'CONTRACT_PRICE', 'priceProtect': False, 'origType': 'LIMIT', 'priceMatch': 'NONE', 'selfTradePreventionMode': 'NONE', 'goodTillDate': 0, 'updateTime': 1722205865208}
2024-07-28 22:31:05,729
{'orderId': 61623003729, 'symbol': 'XRPUSDT', 'status': 'NEW', 'clientOrderId': 'STRATON', 'price': '0.6004', 'avgPrice': '0.00', 'origQty': '81.1', 'executedQty': '0.0', 'cumQty': '0.0', 'cumQuote': '0.00000', 'timeInForce': 'GTC', 'type': 'LIMIT', 'reduceOnly': False, 'closePosition': False, 'side': 'SELL', 'positionSide': 'BOTH', 'stopPrice': '0.0000', 'workingType': 'CONTRACT_PRICE', 'priceProtect': False, 'origType': 'LIMIT', 'priceMatch': 'NONE', 'selfTradePreventionMode': 'NONE', 'goodTillDate': 0, 'updateTime': 1722205865620}
2024-07-28 22:31:07,180
update 0: filled 0 / 2 () | working 2 / 2 (-ETHUSDT,-XRPUSDT)
2024-07-28 22:31:11,181
-ETHUSDT: bp5.0|-XRPUSDT: bp5.0|
2024-07-28 22:31:11,995
update 1: filled 0 / 2 () | working 2 / 2 (-ETHUSDT,-XRPUSDT)
2024-07-28 22:31:15,996
-ETHUSDT: bp6.0|-XRPUSDT: bp7.0|
2024-07-28 22:31:16,812
update 2: filled 0 / 2 () | working 2 / 2 (-ETHUSDT,-XRPUSDT)
2024-07-28 22:31:20,813
-ETHUSDT: bp6.0|-XRPUSDT: bp7.0|
2024-07-28 22:31:21,628
update 3: filled 0 / 2 () | working 2 / 2 (-ETHUSDT,-XRPUSDT)
2024-07-28 22:31:25,629
-ETHUSDT: bp6.0|-XRPUSDT: bp7.0|
2024-07-28 22:31:26,445
update 4: filled 0 / 2 () | working 2 / 2 (-ETHUSDT,-XRPUSDT)
2024-07-28 22:31:30,446
-ETHUSDT: bp6.0|-XRPUSDT: bp7.0|
2024-07-28 22:31:31,263
update 5: filled 0 / 2 () | working 2 / 2 (-ETHUSDT,-XRPUSDT)
2024-07-28 22:31:35,264
-ETHUSDT: bp6.0|-XRPUSDT: bp7.0|
2024-07-28 22:31:36,082
update 6: filled 0 / 2 () | working 2 / 2 (-ETHUSDT,-XRPUSDT)
2024-07-28 22:31:40,082
-ETHUSDT: bp6.0|-XRPUSDT: bp3.0|
2024-07-28 22:31:40,899
update 7: filled 0 / 2 () | working 2 / 2 (-ETHUSDT,-XRPUSDT)
2024-07-28 22:31:44,899
-ETHUSDT: bp8.0|-XRPUSDT: bp3.0|
2024-07-28 22:31:45,714
update 8: filled 0 / 2 () | working 2 / 2 (-ETHUSDT,-XRPUSDT)
2024-07-28 22:31:49,714
-ETHUSDT: bp10.0|-XRPUSDT: bp3.0|
2024-07-28 22:31:50,531
update 9: filled 0 / 2 () | working 2 / 2 (-ETHUSDT,-XRPUSDT)
2024-07-28 22:31:54,532
-ETHUSDT: bp8.0|-XRPUSDT: bp2.0|
2024-07-28 22:31:55,347
update 10: filled 0 / 2 () | working 2 / 2 (-ETHUSDT,-XRPUSDT)
2024-07-28 22:31:59,348
-ETHUSDT: bp6.0|-XRPUSDT: bp3.0|
2024-07-28 22:32:00,163
update 11: filled 0 / 2 () | working 2 / 2 (-ETHUSDT,-XRPUSDT)
2024-07-28 22:32:04,164
-ETHUSDT: bp5.0|-XRPUSDT: bp2.0|
2024-07-28 22:32:04,979
update 12: filled 1 / 2 (-XRPUSDT) | working 1 / 2 (-ETHUSDT)
2024-07-28 22:32:08,980
-ETHUSDT: bp6.0|
2024-07-28 22:32:09,795
update 13: filled 1 / 2 (-XRPUSDT) | working 1 / 2 (-ETHUSDT)
2024-07-28 22:32:13,796
-ETHUSDT: bp7.0|
2024-07-28 22:32:14,611
update 14: filled 1 / 2 (-XRPUSDT) | working 1 / 2 (-ETHUSDT)
2024-07-28 22:32:18,612
-ETHUSDT: bp9.0|
2024-07-28 22:32:18,612
Adjustment limit #1 ... 
 we cancel current orders and replace
2024-07-28 22:32:18,612
@+/-2.5bp limit 
2024-07-28 22:32:18,612
binance_cancel_and_replace_orders_peg 20240728_223218
2024-07-28 22:32:20,055
binance_place_orders_peg 20240728_223220
2024-07-28 22:32:20,466
{'orderId': 8389765706952192720, 'symbol': 'ETHUSDT', 'status': 'NEW', 'clientOrderId': 'STRATON', 'price': '3263.51', 'avgPrice': '0.00', 'origQty': '0.015', 'executedQty': '0.000', 'cumQty': '0.000', 'cumQuote': '0.00000', 'timeInForce': 'GTC', 'type': 'LIMIT', 'reduceOnly': False, 'closePosition': False, 'side': 'SELL', 'positionSide': 'BOTH', 'stopPrice': '0.00', 'workingType': 'CONTRACT_PRICE', 'priceProtect': False, 'origType': 'LIMIT', 'priceMatch': 'NONE', 'selfTradePreventionMode': 'NONE', 'goodTillDate': 0, 'updateTime': 1722205940361}
2024-07-28 22:32:21,289
update 0: filled 1 / 2 (-XRPUSDT) | working 1 / 2 (-ETHUSDT)
2024-07-28 22:32:25,290
-ETHUSDT: bp2.0|
2024-07-28 22:32:26,106
update 1: filled 1 / 2 (-XRPUSDT) | working 1 / 2 (-ETHUSDT)
2024-07-28 22:32:30,107
-ETHUSDT: bp3.0|
2024-07-28 22:32:30,923
update 2: filled 1 / 2 (-XRPUSDT) | working 1 / 2 (-ETHUSDT)
2024-07-28 22:32:34,924
-ETHUSDT: bp1.0|
2024-07-28 22:32:35,738
update 3: filled 1 / 2 (-XRPUSDT) | working 1 / 2 (-ETHUSDT)
2024-07-28 22:32:39,738
-ETHUSDT: bp3.0|
2024-07-28 22:32:40,554
update 4: filled 1 / 2 (-XRPUSDT) | working 1 / 2 (-ETHUSDT)
2024-07-28 22:32:44,555
-ETHUSDT: bp1.0|
2024-07-28 22:32:45,371
update 5: filled 1 / 2 (-XRPUSDT) | working 1 / 2 (-ETHUSDT)
2024-07-28 22:32:49,372
-ETHUSDT: bp1.0|
2024-07-28 22:32:50,190
update 6: filled 1 / 2 (-XRPUSDT) | working 1 / 2 (-ETHUSDT)
2024-07-28 22:32:54,191
-ETHUSDT: bp1.0|
2024-07-28 22:32:55,007
update 7: filled 1 / 2 (-XRPUSDT) | working 1 / 2 (-ETHUSDT)
2024-07-28 22:32:59,007
-ETHUSDT: bp4.0|
2024-07-28 22:32:59,823
update 8: filled 1 / 2 (-XRPUSDT) | working 1 / 2 (-ETHUSDT)
2024-07-28 22:33:03,824
-ETHUSDT: bp4.0|
2024-07-28 22:33:04,639
update 9: filled 1 / 2 (-XRPUSDT) | working 1 / 2 (-ETHUSDT)
2024-07-28 22:33:08,639
-ETHUSDT: bp2.0|
2024-07-28 22:33:09,457
update 10: filled 2 / 2 (-XRPUSDT,-ETHUSDT) | working 0 / 2 ()
2024-07-28 22:33:15,746
Trades of the day
in$
as of: 28Jul 22:32>>22:33 (#trades: 2)
trade net: -98.0 (-33.5%), trade gross: +98.0 (+33.5%), BUY: +0.0 (+0.0%), SELL: -98.0 (-33.5%)
fees: $ 0.02 (2.0bp)
2024-07-28 22:33:16,167
Trades: 
Filled #2
______________________________________________
                   in$ | in bp 97 traded | in bp 292 AUMs
realizedPnl    -0.56   | -57     | -19    
PnLvsArrival   +0.01   | +1      | +0     
PnLvsLast      -0.02   | -2      | -1     
______________________________________________
                 | Value$ | PnL Arrival/Last 
______________________________________________
ETH:-0.015@3263.51 | -49$ | -0.01/-0.02
XRP:-81.1@0.6004 | -49$ | 0.02/0
