2024-02-20 19:30:55,049
ON program started 20240220 19:30:55,
US time: 20240220 14:30:55
2024-02-20 19:30:56,119
the strat is currently running @ 20-02-2024 and the target positions is LONG
2024-02-20 19:30:57,537
CURRENT STATUS IS LONG
-----
return before 14h30:
BTCUSDT+2.06%, ETHUSDT+1.79%, XRPUSDT+1.94%
-----
target alloc initial:BTCUSDT+16.67%, ETHUSDT+16.67%, XRPUSDT+16.67%
-----
alloc target x rt%<0:BTCUSDT+16.67%, ETHUSDT+16.67%, XRPUSDT+16.67%
-----
           BTCUSDT ETHUSDT XRPUSDT
w_target     16.7%   16.7%   16.7%
rt_14h30     0.02%   0.02%   0.02%
w_target_f   16.7%   16.7%   16.7%
2024-02-20 19:30:57,549
Portfolio was rebalanced less than 2 hours ago, 15.0 hours ago
2024-02-20 19:30:57,551
Status: prev = LONG <> NEUTRAL = target
2024-02-20 19:30:57,551
the strat is currently running @ 20-02-2024 and the target positions is LONG
the strat was previously run @ 2024-02-20 04:30:57, success:yes 
   and the current positions is NEUTRAL
2024-02-20 19:30:58,790
positions_future #0
2024-02-20 19:30:58,790
Empty DataFrame
Columns: [symbol, positionAmt, entryPrice, breakEvenPrice, markPrice, unRealizedProfit, value_usd, updateTime, isolated, adlQuantile, AUMs_account, w%]
Index: []
2024-02-20 19:30:59,016
------------------------------
binance_account_balance
2024-02-20 19:30:59,016
  asset     balance  ...  marginAvailable   updateTime
5  USDT  291.593025  ...             True  19Feb-23:35

[1 rows x 8 columns]
2024-02-20 19:30:59,254
------------------------------
open_orders
2024-02-20 19:30:59,254
Empty DataFrame
Columns: []
Index: []
2024-02-20 19:30:59,917
------------------------------
AUMS account:291

2024-02-20 19:30:59,919
--------------- compute_futures_order_book() ----------------
2024-02-20 19:31:01,494
----------------------------------------------------------------------
#2 order(s) to place
gross$: 96$ | net$: +96$
gross%: 33% | net%: +33%
 || w>0%  +33% | w<0%  0%
----------------------------------------------------------------------
PTF Expo% 0.0% >> 50.0% (current>>target)
PTF expo $0.0 >> $145 (current>>target)
----------------------------------------------------------------------
2024-02-20 19:31:01,496
orders_ofthe_day
2024-02-20 19:31:01,496
                  ptf_usd  target_usd  totrd_usd  ...        bid       ask strategy
2024-02-20 19:31                                  ...                              
XRPUSDT               0.0       48.61       49.0  ...     0.5569     0.557  STRATON
ETHUSDT               0.0       48.61       47.0  ...  2958.8200  2958.830  STRATON

[2 rows x 10 columns]
2024-02-20 19:31:02,660
binance_place_orders_peg 20240220_193102
2024-02-20 19:31:03,106
{'orderId': 50544596818, 'symbol': 'XRPUSDT', 'status': 'NEW', 'clientOrderId': 'STRATON', 'price': '0.5567', 'avgPrice': '0.00', 'origQty': '88.0', 'executedQty': '0.0', 'cumQty': '0.0', 'cumQuote': '0.00000', 'timeInForce': 'GTC', 'type': 'LIMIT', 'reduceOnly': False, 'closePosition': False, 'side': 'BUY', 'positionSide': 'BOTH', 'stopPrice': '0.0000', 'workingType': 'CONTRACT_PRICE', 'priceProtect': False, 'origType': 'LIMIT', 'priceMatch': 'NONE', 'selfTradePreventionMode': 'NONE', 'goodTillDate': 0, 'updateTime': 1708457462994}
2024-02-20 19:31:03,549
{'orderId': 8389765654006635882, 'symbol': 'ETHUSDT', 'status': 'NEW', 'clientOrderId': 'STRATON', 'price': '2958.12', 'avgPrice': '0.00', 'origQty': '0.016', 'executedQty': '0.000', 'cumQty': '0.000', 'cumQuote': '0.00000', 'timeInForce': 'GTC', 'type': 'LIMIT', 'reduceOnly': False, 'closePosition': False, 'side': 'BUY', 'positionSide': 'BOTH', 'stopPrice': '0.00', 'workingType': 'CONTRACT_PRICE', 'priceProtect': False, 'origType': 'LIMIT', 'priceMatch': 'NONE', 'selfTradePreventionMode': 'NONE', 'goodTillDate': 0, 'updateTime': 1708457463437}
2024-02-20 19:31:05,132
update 0: filled 0 / 2 () | working 2 / 2 (+XRPUSDT,+ETHUSDT)
2024-02-20 19:31:09,133
+XRPUSDT: bp4.0|+ETHUSDT: bp2.0|
2024-02-20 19:31:10,017
update 1: filled 0 / 2 () | working 2 / 2 (+XRPUSDT,+ETHUSDT)
2024-02-20 19:31:14,018
+XRPUSDT: bp7.0|+ETHUSDT: bp5.0|
2024-02-20 19:31:14,907
update 2: filled 0 / 2 () | working 2 / 2 (+XRPUSDT,+ETHUSDT)
2024-02-20 19:31:18,908
+XRPUSDT: bp5.0|+ETHUSDT: bp4.0|
2024-02-20 19:31:19,794
update 3: filled 0 / 2 () | working 2 / 2 (+XRPUSDT,+ETHUSDT)
2024-02-20 19:31:23,795
+XRPUSDT: bp4.0|+ETHUSDT: bp6.0|
2024-02-20 19:31:24,678
update 4: filled 0 / 2 () | working 2 / 2 (+XRPUSDT,+ETHUSDT)
2024-02-20 19:31:28,679
+XRPUSDT: bp7.0|+ETHUSDT: bp10.0|
2024-02-20 19:31:29,563
update 5: filled 1 / 2 (+XRPUSDT) | working 1 / 2 (+ETHUSDT)
2024-02-20 19:31:33,564
+ETHUSDT: bp13.0|
2024-02-20 19:31:34,448
update 6: filled 1 / 2 (+XRPUSDT) | working 1 / 2 (+ETHUSDT)
2024-02-20 19:31:38,449
+ETHUSDT: bp13.0|
2024-02-20 19:31:39,335
update 7: filled 1 / 2 (+XRPUSDT) | working 1 / 2 (+ETHUSDT)
2024-02-20 19:31:43,335
+ETHUSDT: bp15.0|
2024-02-20 19:31:44,222
update 8: filled 1 / 2 (+XRPUSDT) | working 1 / 2 (+ETHUSDT)
2024-02-20 19:31:48,222
+ETHUSDT: bp11.0|
2024-02-20 19:31:49,106
update 9: filled 1 / 2 (+XRPUSDT) | working 1 / 2 (+ETHUSDT)
2024-02-20 19:31:53,107
+ETHUSDT: bp13.0|
2024-02-20 19:31:53,988
update 10: filled 1 / 2 (+XRPUSDT) | working 1 / 2 (+ETHUSDT)
2024-02-20 19:31:57,989
+ETHUSDT: bp16.0|
2024-02-20 19:31:58,873
update 11: filled 1 / 2 (+XRPUSDT) | working 1 / 2 (+ETHUSDT)
2024-02-20 19:32:02,873
+ETHUSDT: bp14.0|
2024-02-20 19:32:03,756
update 12: filled 1 / 2 (+XRPUSDT) | working 1 / 2 (+ETHUSDT)
2024-02-20 19:32:07,756
+ETHUSDT: bp12.0|
2024-02-20 19:32:08,638
update 13: filled 1 / 2 (+XRPUSDT) | working 1 / 2 (+ETHUSDT)
2024-02-20 19:32:12,639
+ETHUSDT: bp18.0|
2024-02-20 19:32:13,520
update 14: filled 1 / 2 (+XRPUSDT) | working 1 / 2 (+ETHUSDT)
2024-02-20 19:32:17,521
+ETHUSDT: bp19.0|
2024-02-20 19:32:17,521
Adjustment limit #1 ... 
 we cancel current orders and replace
2024-02-20 19:32:17,521
@+/-2.5bp limit 
2024-02-20 19:32:17,521
binance_cancel_and_replace_orders_peg 20240220_193217
2024-02-20 19:32:19,072
binance_place_orders_peg 20240220_193219
2024-02-20 19:32:19,514
{'orderId': 8389765654007038009, 'symbol': 'ETHUSDT', 'status': 'NEW', 'clientOrderId': 'STRATON', 'price': '2961.98', 'avgPrice': '0.00', 'origQty': '0.016', 'executedQty': '0.000', 'cumQty': '0.000', 'cumQuote': '0.00000', 'timeInForce': 'GTC', 'type': 'LIMIT', 'reduceOnly': False, 'closePosition': False, 'side': 'BUY', 'positionSide': 'BOTH', 'stopPrice': '0.00', 'workingType': 'CONTRACT_PRICE', 'priceProtect': False, 'origType': 'LIMIT', 'priceMatch': 'NONE', 'selfTradePreventionMode': 'NONE', 'goodTillDate': 0, 'updateTime': 1708457539402}
2024-02-20 19:32:20,406
update 0: filled 2 / 2 (+XRPUSDT,+ETHUSDT) | working 0 / 2 ()
2024-02-20 19:32:26,864
Trades of the day
in$
as of: 20Feb 19:31>>19:32 (#trades: 2)
trade net: +96.0 (+32.9%), trade gross: +96.0 (+32.9%), BUY: +96.0 (+32.9%), SELL: +0.0 (+0.0%)
fees: $ 0.019 (2.0bp)
2024-02-20 19:32:27,318
Trades: 
Filled #2
______________________________________________
                   in$ | in bp 96 traded | in bp 291 AUMs
realizedPnl    +0      | +0      | +0     
PnLvsArrival   -0.03   | -3      | -1     
PnLvsLast      -0.01   | -1      | -0     
______________________________________________
                 | Value$ | PnL Arrival/Last 
______________________________________________
ETH:+0.016@2961.98 | +47$ | -0.05/-0.02
XRP:+88@0.5567  | +49$ | 0.02/0.01
