2023-11-26 21:30:36,705
ON program started 20231126 21:30:36,
US time: 20231126 16:30:36
2023-11-26 21:30:37,183
the strat is currently running @ 26-11-2023 and the target positions is LONG
2023-11-26 21:30:38,587
CURRENT STATUS IS LONG
-----
return before 14h30:
BTCUSDT-1.37%, ETHUSDT-1.62%, XRPUSDT-1.00%
-----
target alloc initial:BTCUSDT+16.67%, ETHUSDT+16.67%, XRPUSDT+16.67%
-----
alloc target x rt%<0:BTCUSDT+16.67%, ETHUSDT+16.67%, XRPUSDT+16.67%
-----
           BTCUSDT ETHUSDT XRPUSDT
w_target     16.7%   16.7%   16.7%
rt_14h30    -0.01%  -0.02%  -0.01%
w_target_f   16.7%   16.7%   16.7%
2023-11-26 21:30:38,589
Portfolio was rebalanced less than 2 hours ago, 1.0 hours ago
2023-11-26 21:30:38,591
Status: prev = LONG <> LONG = target
2023-11-26 21:30:38,591
the strat is currently running @ 26-11-2023 and the target positions is LONG
the strat was previously run @ 2023-11-26 20:31:06 UTC, success:yes 
   and the current positions is LONG
2023-11-26 21:30:39,820
positions_future #2
2023-11-26 21:30:39,820
      symbol  positionAmt entryPrice  ... adlQuantile AUMs_account        w%
124  XRPUSDT       77.700     0.6163  ...           2        287.9  0.166573
156  ETHUSDT        0.023    2050.09  ...           2        287.9  0.165374

[2 rows x 12 columns]
2023-11-26 21:30:39,909
programm stoppeddd!!! 20231126_213039
