2024-06-22 23:30:44,049
ON program started 20240622 23:30:44,
US time: 20240622 19:30:44
2024-06-22 23:30:45,048
the strat is currently running @ 22-06-2024 and the target positions is SHORT
2024-06-22 23:30:46,775
CURRENT STATUS IS SHORT, WE CHECK IF THE DAY IS A NEGATIVE ONE
-----
return before 14h30:
BTCUSDT+0.22%, ETHUSDT-0.49%, XRPUSDT-0.29%
-----
target alloc initial:BTCUSDT-4.17%, ETHUSDT+0.00%, XRPUSDT-4.17%
-----
alloc target x rt%<0:BTCUSDT-0.00%, ETHUSDT+0.00%, XRPUSDT-4.17%
-----
           BTCUSDT ETHUSDT XRPUSDT
w_target     -4.2%    0.0%   -4.2%
rt_14h30     0.00%  -0.00%  -0.00%
w_target_f   -0.0%    0.0%   -4.2%
2024-06-22 23:30:46,777
Portfolio was rebalanced less than 2 hours ago, 1.0 hours ago
2024-06-22 23:30:46,779
Status: prev = SHORT <> SHORT = target
2024-06-22 23:30:46,779
the strat is currently running @ 22-06-2024 and the target positions is SHORT
the strat was previously run @ 2024-06-22 22:31:00, success:? 
   and the current positions is SHORT
2024-06-22 23:30:47,912
positions_future #1
2024-06-22 23:30:47,912
      symbol  positionAmt entryPrice  ... adlQuantile AUMs_account        w%
131  XRPUSDT        -24.6     0.4871  ...           1        292.6 -0.040947

[1 rows x 12 columns]
2024-06-22 23:30:48,141
------------------------------
binance_account_balance
2024-06-22 23:30:48,141
  asset     balance  ...  marginAvailable   updateTime
4  USDT  292.600147  ...             True  22Jun-22:34

[1 rows x 8 columns]
2024-06-22 23:30:48,561
------------------------------
open_orders
2024-06-22 23:30:48,561
Empty DataFrame
Columns: []
Index: []
2024-06-22 23:30:49,171
------------------------------
AUMS account:292

2024-06-22 23:30:49,173
--------------- compute_futures_order_book() ----------------
2024-06-22 23:30:50,626
----------------------------------------------------------------------
#0 order(s) to place
gross$: 0$ | net$: +0$
gross%: 0% | net%: +0%
 || w>0%  +0% | w<0%  0%
----------------------------------------------------------------------
PTF Expo% -4.1% >> -4.1% (current>>target)
PTF expo $-12.0 >> $-12 (current>>target)
----------------------------------------------------------------------
2024-06-22 23:30:50,628
orders_ofthe_day
2024-06-22 23:30:50,628
Empty DataFrame
Columns: [ptf_usd, target_usd, totrd_usd, posttrd_usd, qty, posttrd_qty, posttrd_w, bid, ask, strategy]
Index: []
2024-06-22 23:30:50,690
Orders of the day is empty, current and target potfolios are aligned
2024-06-22 23:30:50,690
Program stopped
