2024-03-24 19:31:06,292
ON program started 20240324 19:31:06,
US time: 20240324 15:31:06
2024-03-24 19:31:07,142
the strat is currently running @ 24-03-2024 and the target positions is LONG
2024-03-24 19:31:08,674
CURRENT STATUS IS LONG
-----
return before 14h30:
BTCUSDT+2.14%, ETHUSDT+1.71%, XRPUSDT+2.43%
-----
target alloc initial:BTCUSDT+16.67%, ETHUSDT+16.67%, XRPUSDT+16.67%
-----
alloc target x rt%<0:BTCUSDT+16.67%, ETHUSDT+16.67%, XRPUSDT+16.67%
-----
           BTCUSDT ETHUSDT XRPUSDT
w_target     16.7%   16.7%   16.7%
rt_14h30     0.02%   0.02%   0.02%
w_target_f   16.7%   16.7%   16.7%
2024-03-24 19:31:08,675
Portfolio was rebalanced less than 2 hours ago, 1.0 hours ago
2024-03-24 19:31:08,677
Status: prev = LONG <> LONG = target
2024-03-24 19:31:08,677
the strat is currently running @ 24-03-2024 and the target positions is LONG
the strat was previously run @ 2024-03-24 18:31:10, success:? 
   and the current positions is LONG
2024-03-24 19:31:09,986
positions_future #2
2024-03-24 19:31:09,986
      symbol  positionAmt entryPrice  ... adlQuantile AUMs_account        w%
124  XRPUSDT       76.100     0.6305  ...           2        289.0  0.165919
156  ETHUSDT        0.014    3379.68  ...           2        289.0  0.164007

[2 rows x 12 columns]
2024-03-24 19:31:10,249
------------------------------
binance_account_balance
2024-03-24 19:31:10,249
  asset     balance  ...  marginAvailable   updateTime
6  USDT  288.948485  ...             True  24Mar-18:31

[1 rows x 8 columns]
2024-03-24 19:31:10,982
------------------------------
open_orders
2024-03-24 19:31:10,982
Empty DataFrame
Columns: []
Index: []
2024-03-24 19:31:11,699
------------------------------
AUMS account:289

2024-03-24 19:31:11,701
--------------- compute_futures_order_book() ----------------
2024-03-24 19:31:13,407
----------------------------------------------------------------------
#0 order(s) to place
gross$: 0$ | net$: +0$
gross%: 0% | net%: +0%
 || w>0%  +0% | w<0%  0%
----------------------------------------------------------------------
PTF Expo% 32.8% >> 50.0% (current>>target)
PTF expo $95.0 >> $144 (current>>target)
----------------------------------------------------------------------
2024-03-24 19:31:13,409
orders_ofthe_day
2024-03-24 19:31:13,409
Empty DataFrame
Columns: [ptf_usd, target_usd, totrd_usd, posttrd_usd, qty, posttrd_qty, posttrd_w, bid, ask, strategy]
Index: []
2024-03-24 19:31:13,476
Orders of the day is empty, current and target potfolios are aligned
2024-03-24 19:31:13,476
Program stopped
