2024-05-22 20:30:46,030
ON program started 20240522 20:30:46,
US time: 20240522 16:30:46
2024-05-22 20:30:47,196
the strat is currently running @ 22-05-2024 and the target positions is LONG
2024-05-22 20:30:48,605
CURRENT STATUS IS LONG
-----
return before 14h30:
BTCUSDT-0.80%, ETHUSDT-2.48%, XRPUSDT-1.27%
-----
target alloc initial:BTCUSDT+16.67%, ETHUSDT+16.67%, XRPUSDT+16.67%
-----
alloc target x rt%<0:BTCUSDT+16.67%, ETHUSDT+16.67%, XRPUSDT+16.67%
-----
           BTCUSDT ETHUSDT XRPUSDT
w_target     16.7%   16.7%   16.7%
rt_14h30    -0.01%  -0.02%  -0.01%
w_target_f   16.7%   16.7%   16.7%
2024-05-22 20:30:48,606
Portfolio was rebalanced less than 2 hours ago, 1.0 hours ago
2024-05-22 20:30:48,608
Status: prev = LONG <> LONG = target
2024-05-22 20:30:48,608
the strat is currently running @ 22-05-2024 and the target positions is LONG
the strat was previously run @ 2024-05-22 19:30:59, success:yes 
   and the current positions is LONG
2024-05-22 20:30:49,799
positions_future #2
2024-05-22 20:30:49,799
      symbol  positionAmt entryPrice  ... adlQuantile AUMs_account        w%
167  ETHUSDT        0.013    3718.65  ...           1        288.3  0.169111
134  XRPUSDT       90.800     0.5291  ...           2        288.3  0.166530

[2 rows x 12 columns]
2024-05-22 20:30:49,883
programm stoppeddd!!! 20240522_203049
