2024-06-19 02:31:05,779
ON program started 20240619 02:31:05,
US time: 20240618 22:31:05
2024-06-19 02:31:06,804
the strat is currently running @ 19-06-2024 and the target positions is NEUTRAL
2024-06-19 02:31:08,221
CURRENT STATUS IS NEUTRAL
-----
return before 14h30:
BTCUSDT+0.44%, ETHUSDT+1.66%, XRPUSDT+1.16%
-----
target alloc initial:BTCUSDT+0.00%, ETHUSDT+0.00%, XRPUSDT+0.00%
-----
alloc target x rt%<0:BTCUSDT+0.00%, ETHUSDT+0.00%, XRPUSDT+0.00%
-----
           BTCUSDT ETHUSDT XRPUSDT
w_target      0.0%    0.0%    0.0%
rt_14h30     0.00%   0.02%   0.01%
w_target_f    0.0%    0.0%    0.0%
2024-06-19 02:31:08,222
Portfolio was rebalanced less than 2 hours ago, 1.0 hours ago
2024-06-19 02:31:08,225
Status: prev = NEUTRAL <> SHORT = target
2024-06-19 02:31:08,225
the strat is currently running @ 19-06-2024 and the target positions is NEUTRAL
the strat was previously run @ 2024-06-19 01:31:08, success:yes 
   and the current positions is SHORT
2024-06-19 02:31:09,464
positions_future #1
2024-06-19 02:31:09,464
      symbol  positionAmt entryPrice  ... adlQuantile AUMs_account        w%
130  XRPUSDT        -24.9     0.4899  ...           1        292.3 -0.042251

[1 rows x 12 columns]
2024-06-19 02:31:09,712
------------------------------
binance_account_balance
2024-06-19 02:31:09,712
  asset     balance  ...  marginAvailable   updateTime
4  USDT  292.500563  ...             True  18Jun-22:34

[1 rows x 8 columns]
2024-06-19 02:31:10,165
------------------------------
open_orders
2024-06-19 02:31:10,165
Empty DataFrame
Columns: []
Index: []
2024-06-19 02:31:10,821
------------------------------
AUMS account:292

2024-06-19 02:31:10,823
--------------- compute_futures_order_book() ----------------
2024-06-19 02:31:12,385
----------------------------------------------------------------------
#1 order(s) to place
gross$: 12$ | net$: +12$
gross%: 4% | net%: +4%
 || w>0%  +4% | w<0%  0%
----------------------------------------------------------------------
PTF Expo% -4.1% >> 0.0% (current>>target)
PTF expo $-12.0 >> $0 (current>>target)
----------------------------------------------------------------------
2024-06-19 02:31:12,387
orders_ofthe_day
2024-06-19 02:31:12,387
                  ptf_usd  target_usd  totrd_usd  ...     bid    ask strategy
2024-06-19 02:31                                  ...                        
XRPUSDT             -12.0         0.0       12.0  ...  0.4959  0.496  STRATON

[1 rows x 10 columns]
2024-06-19 02:31:13,759
binance_place_orders_peg 20240619_023113
2024-06-19 02:31:14,219
{'orderId': 58735935203, 'symbol': 'XRPUSDT', 'status': 'NEW', 'clientOrderId': 'STRATON', 'price': '0.4955', 'avgPrice': '0.00', 'origQty': '24.9', 'executedQty': '0.0', 'cumQty': '0.0', 'cumQuote': '0.00000', 'timeInForce': 'GTC', 'type': 'LIMIT', 'reduceOnly': False, 'closePosition': False, 'side': 'BUY', 'positionSide': 'BOTH', 'stopPrice': '0.0000', 'workingType': 'CONTRACT_PRICE', 'priceProtect': False, 'origType': 'LIMIT', 'priceMatch': 'NONE', 'selfTradePreventionMode': 'NONE', 'goodTillDate': 0, 'updateTime': 1718764274109}
2024-06-19 02:31:15,356
update 0: filled 0 / 1 () | working 1 / 1 (+XRPUSDT)
2024-06-19 02:31:19,357
+XRPUSDT: bp8.0|
2024-06-19 02:31:19,800
update 1: filled 0 / 1 () | working 1 / 1 (+XRPUSDT)
2024-06-19 02:31:23,801
+XRPUSDT: bp8.0|
2024-06-19 02:31:24,243
update 2: filled 0 / 1 () | working 1 / 1 (+XRPUSDT)
2024-06-19 02:31:28,244
+XRPUSDT: bp6.0|
2024-06-19 02:31:28,684
update 3: filled 0 / 1 () | working 1 / 1 (+XRPUSDT)
2024-06-19 02:31:32,685
+XRPUSDT: bp6.0|
2024-06-19 02:31:33,128
update 4: filled 1 / 1 (+XRPUSDT) | working 0 / 1 ()
2024-06-19 02:31:38,552
Trades of the day
in$
as of: 19Jun 02:31>>02:31 (#trades: 1)
trade net: +12.0 (+4.1%), trade gross: +12.0 (+4.1%), BUY: +12.0 (+4.1%), SELL: +0.0 (+0.0%)
fees: $ 0.002 (2.0bp)
2024-06-19 02:31:38,788
Trades: 
Filled #1
______________________________________________
                   in$ | in bp 12 traded | in bp 292 AUMs
realizedPnl    -0.14   | -113    | -5     
PnLvsArrival   +0.01   | +8      | +0     
PnLvsLast      +0      | +0      | +0     
______________________________________________
                 | Value$ | PnL Arrival/Last 
______________________________________________
XRP:+24.9@0.4955 | +12$ | 0.01/-0
