2024-09-29 02:30:59,272
ON program started 20240929 02:30:59,
US time: 20240928 22:30:59
2024-09-29 02:31:00,476
the strat is currently running @ 29-09-2024 and the target positions is NEUTRAL
2024-09-29 02:31:02,318
CURRENT STATUS IS NEUTRAL
-----
return before 14h30:
BTCUSDT+0.06%, ETHUSDT+0.18%, XRPUSDT-0.41%
-----
target alloc initial:BTCUSDT+0.00%, ETHUSDT+0.00%, XRPUSDT+0.00%
-----
alloc target x rt%<0:BTCUSDT+0.00%, ETHUSDT+0.00%, XRPUSDT+0.00%
-----
           BTCUSDT ETHUSDT XRPUSDT
w_target      0.0%    0.0%    0.0%
rt_14h30     0.00%   0.00%  -0.00%
w_target_f    0.0%    0.0%    0.0%
2024-09-29 02:31:02,319
Portfolio was rebalanced less than 2 hours ago, 1.0 hours ago
2024-09-29 02:31:02,321
Status: prev = NEUTRAL <> SHORT = target
2024-09-29 02:31:02,321
the strat is currently running @ 29-09-2024 and the target positions is NEUTRAL
the strat was previously run @ 2024-09-29 01:30:39, success:? 
   and the current positions is SHORT
2024-09-29 02:31:03,509
positions_future #2
2024-09-29 02:31:03,509
      symbol  positionAmt entryPrice  ... adlQuantile AUMs_account        w%
145  XRPUSDT       79.500     0.6206  ...           1        292.1  0.166314
182  ETHUSDT        0.018    2678.51  ...           1        292.1  0.165057

[2 rows x 12 columns]
2024-09-29 02:31:03,753
------------------------------
binance_account_balance
2024-09-29 02:31:03,754
  asset     balance  ...  marginAvailable   updateTime
4  USDT  292.843134  ...             True  28Sep-20:31

[1 rows x 8 columns]
2024-09-29 02:31:04,419
------------------------------
open_orders
2024-09-29 02:31:04,419
Empty DataFrame
Columns: []
Index: []
2024-09-29 02:31:05,069
------------------------------
AUMS account:292

2024-09-29 02:31:05,071
--------------- compute_futures_order_book() ----------------
2024-09-29 02:31:06,618
----------------------------------------------------------------------
#2 order(s) to place
gross$: 97$ | net$: -97$
gross%: 33% | net%: -33%
 || w>0%  +0% | w<0%  -33%
----------------------------------------------------------------------
PTF Expo% 33.2% >> 0.0% (current>>target)
PTF expo $97.0 >> $0 (current>>target)
----------------------------------------------------------------------
2024-09-29 02:31:06,619
orders_ofthe_day
2024-09-29 02:31:06,619
                  ptf_usd  target_usd  totrd_usd  ...        bid        ask strategy
2024-09-29 02:31                                  ...                               
XRPUSDT              49.0         0.0      -49.0  ...     0.6113     0.6114  STRATON
ETHUSDT              48.0         0.0      -48.0  ...  2679.5500  2679.5600  STRATON

[2 rows x 10 columns]
2024-09-29 02:31:09,187
binance_place_orders_peg 20240929_023109
2024-09-29 02:31:09,625
{'orderId': 66597550930, 'symbol': 'XRPUSDT', 'status': 'NEW', 'clientOrderId': 'STRATON', 'price': '0.6117', 'avgPrice': '0.00', 'origQty': '79.5', 'executedQty': '0.0', 'cumQty': '0.0', 'cumQuote': '0.00000', 'timeInForce': 'GTC', 'type': 'LIMIT', 'reduceOnly': True, 'closePosition': False, 'side': 'SELL', 'positionSide': 'BOTH', 'stopPrice': '0.0000', 'workingType': 'CONTRACT_PRICE', 'priceProtect': False, 'origType': 'LIMIT', 'priceMatch': 'NONE', 'selfTradePreventionMode': 'NONE', 'goodTillDate': 0, 'updateTime': 1727577069514}
2024-09-29 02:31:10,060
{'orderId': 8389765739197238352, 'symbol': 'ETHUSDT', 'status': 'NEW', 'clientOrderId': 'STRATON', 'price': '2680.78', 'avgPrice': '0.00', 'origQty': '0.018', 'executedQty': '0.000', 'cumQty': '0.000', 'cumQuote': '0.00000', 'timeInForce': 'GTC', 'type': 'LIMIT', 'reduceOnly': True, 'closePosition': False, 'side': 'SELL', 'positionSide': 'BOTH', 'stopPrice': '0.00', 'workingType': 'CONTRACT_PRICE', 'priceProtect': False, 'origType': 'LIMIT', 'priceMatch': 'NONE', 'selfTradePreventionMode': 'NONE', 'goodTillDate': 0, 'updateTime': 1727577069950}
2024-09-29 02:31:11,621
update 0: filled 0 / 2 () | working 2 / 2 (-XRPUSDT,-ETHUSDT)
2024-09-29 02:31:15,622
-XRPUSDT: bp8.0|-ETHUSDT: bp4.0|
2024-09-29 02:31:16,494
update 1: filled 0 / 2 () | working 2 / 2 (-XRPUSDT,-ETHUSDT)
2024-09-29 02:31:20,494
-XRPUSDT: bp7.0|-ETHUSDT: bp4.0|
2024-09-29 02:31:21,365
update 2: filled 0 / 2 () | working 2 / 2 (-XRPUSDT,-ETHUSDT)
2024-09-29 02:31:25,366
-XRPUSDT: bp7.0|-ETHUSDT: bp4.0|
2024-09-29 02:31:26,240
update 3: filled 0 / 2 () | working 2 / 2 (-XRPUSDT,-ETHUSDT)
2024-09-29 02:31:30,241
-XRPUSDT: bp5.0|-ETHUSDT: bp4.0|
2024-09-29 02:31:31,111
update 4: filled 0 / 2 () | working 2 / 2 (-XRPUSDT,-ETHUSDT)
2024-09-29 02:31:35,111
-XRPUSDT: bp7.0|-ETHUSDT: bp5.0|
2024-09-29 02:31:35,985
update 5: filled 0 / 2 () | working 2 / 2 (-XRPUSDT,-ETHUSDT)
2024-09-29 02:31:39,986
-XRPUSDT: bp8.0|-ETHUSDT: bp7.0|
2024-09-29 02:31:40,857
update 6: filled 0 / 2 () | working 2 / 2 (-XRPUSDT,-ETHUSDT)
2024-09-29 02:31:44,858
-XRPUSDT: bp10.0|-ETHUSDT: bp8.0|
2024-09-29 02:31:45,728
update 7: filled 0 / 2 () | working 2 / 2 (-XRPUSDT,-ETHUSDT)
2024-09-29 02:31:49,728
-XRPUSDT: bp10.0|-ETHUSDT: bp8.0|
2024-09-29 02:31:50,602
update 8: filled 0 / 2 () | working 2 / 2 (-XRPUSDT,-ETHUSDT)
2024-09-29 02:31:54,603
-XRPUSDT: bp10.0|-ETHUSDT: bp8.0|
2024-09-29 02:31:55,476
update 9: filled 0 / 2 () | working 2 / 2 (-XRPUSDT,-ETHUSDT)
2024-09-29 02:31:59,476
-XRPUSDT: bp10.0|-ETHUSDT: bp8.0|
2024-09-29 02:32:00,347
update 10: filled 0 / 2 () | working 2 / 2 (-XRPUSDT,-ETHUSDT)
2024-09-29 02:32:04,348
-XRPUSDT: bp10.0|-ETHUSDT: bp8.0|
2024-09-29 02:32:05,218
update 11: filled 0 / 2 () | working 2 / 2 (-XRPUSDT,-ETHUSDT)
2024-09-29 02:32:09,218
-XRPUSDT: bp10.0|-ETHUSDT: bp10.0|
2024-09-29 02:32:10,090
update 12: filled 0 / 2 () | working 2 / 2 (-XRPUSDT,-ETHUSDT)
2024-09-29 02:32:14,091
-XRPUSDT: bp10.0|-ETHUSDT: bp9.0|
2024-09-29 02:32:14,961
update 13: filled 0 / 2 () | working 2 / 2 (-XRPUSDT,-ETHUSDT)
2024-09-29 02:32:18,961
-XRPUSDT: bp8.0|-ETHUSDT: bp10.0|
2024-09-29 02:32:19,834
update 14: filled 0 / 2 () | working 2 / 2 (-XRPUSDT,-ETHUSDT)
2024-09-29 02:32:23,835
-XRPUSDT: bp10.0|-ETHUSDT: bp12.0|
2024-09-29 02:32:23,835
Adjustment limit #1 ... 
 we cancel current orders and replace
2024-09-29 02:32:23,835
@+/-2.5bp limit 
2024-09-29 02:32:23,835
binance_cancel_and_replace_orders_peg 20240929_023223
2024-09-29 02:32:26,017
binance_place_orders_peg 20240929_023226
