2024-07-18 01:30:34,960
ON program started 20240718 01:30:34,
US time: 20240717 21:30:34
2024-07-18 01:30:35,848
the strat is currently running @ 18-07-2024 and the target positions is SHORT
2024-07-18 01:30:37,190
CURRENT STATUS IS SHORT, WE CHECK IF THE DAY IS A NEGATIVE ONE
-----
return before 14h30:
BTCUSDT+0.86%, ETHUSDT+1.12%, XRPUSDT-1.23%
-----
target alloc initial:BTCUSDT-4.17%, ETHUSDT+0.00%, XRPUSDT-4.17%
-----
alloc target x rt%<0:BTCUSDT-0.00%, ETHUSDT+0.00%, XRPUSDT-4.17%
-----
           BTCUSDT ETHUSDT XRPUSDT
w_target     -4.2%    0.0%   -4.2%
rt_14h30     0.01%   0.01%  -0.01%
w_target_f   -0.0%    0.0%   -4.2%
2024-07-18 01:30:37,192
Portfolio was rebalanced less than 2 hours ago, 1.0 hours ago
2024-07-18 01:30:37,193
Status: prev = SHORT <> SHORT = target
2024-07-18 01:30:37,193
the strat is currently running @ 18-07-2024 and the target positions is SHORT
the strat was previously run @ 2024-07-18 00:30:33, success:? 
   and the current positions is SHORT
2024-07-18 01:30:38,459
positions_future #0
2024-07-18 01:30:38,459
Empty DataFrame
Columns: [symbol, positionAmt, entryPrice, breakEvenPrice, markPrice, unRealizedProfit, value_usd, updateTime, isolated, adlQuantile, AUMs_account, w%]
Index: []
2024-07-18 01:30:38,667
------------------------------
binance_account_balance
2024-07-18 01:30:38,667
  asset     balance  ...  marginAvailable   updateTime
4  USDT  293.281782  ...             True  18Jul-00:30

[1 rows x 8 columns]
2024-07-18 01:30:38,885
------------------------------
open_orders
2024-07-18 01:30:38,885
Empty DataFrame
Columns: []
Index: []
2024-07-18 01:30:39,497
------------------------------
AUMS account:293

2024-07-18 01:30:39,499
--------------- compute_futures_order_book() ----------------
2024-07-18 01:30:40,957
----------------------------------------------------------------------
#1 order(s) to place
gross$: 12$ | net$: -12$
gross%: 4% | net%: -4%
 || w>0%  +0% | w<0%  -4%
----------------------------------------------------------------------
PTF Expo% 0.0% >> -4.1% (current>>target)
PTF expo $0.0 >> $-12 (current>>target)
----------------------------------------------------------------------
2024-07-18 01:30:40,959
orders_ofthe_day
2024-07-18 01:30:40,959
                  ptf_usd  target_usd  totrd_usd  ...    bid     ask strategy
2024-07-18 01:30                                  ...                        
XRPUSDT               0.0      -12.23      -12.0  ...  0.617  0.6171  STRATON

[1 rows x 10 columns]
2024-07-18 01:30:42,389
binance_place_orders_peg 20240718_013042
2024-07-18 01:30:42,801
{'orderId': 60796642255, 'symbol': 'XRPUSDT', 'status': 'NEW', 'clientOrderId': 'STRATON', 'price': '0.6174', 'avgPrice': '0.00', 'origQty': '19.4', 'executedQty': '0.0', 'cumQty': '0.0', 'cumQuote': '0.00000', 'timeInForce': 'GTC', 'type': 'LIMIT', 'reduceOnly': False, 'closePosition': False, 'side': 'SELL', 'positionSide': 'BOTH', 'stopPrice': '0.0000', 'workingType': 'CONTRACT_PRICE', 'priceProtect': False, 'origType': 'LIMIT', 'priceMatch': 'NONE', 'selfTradePreventionMode': 'NONE', 'goodTillDate': 0, 'updateTime': 1721266242699}
