2024-09-20 21:30:33,034
ON program started 20240920 21:30:33,
US time: 20240920 17:30:33
2024-09-20 21:30:34,066
the strat is currently running @ 20-09-2024 and the target positions is LONG
2024-09-20 21:30:35,464
CURRENT STATUS IS LONG
-----
return before 14h30:
BTCUSDT-0.18%, ETHUSDT+2.55%, XRPUSDT-1.02%
-----
target alloc initial:BTCUSDT+16.67%, ETHUSDT+16.67%, XRPUSDT+16.67%
-----
alloc target x rt%<0:BTCUSDT+16.67%, ETHUSDT+16.67%, XRPUSDT+16.67%
-----
           BTCUSDT ETHUSDT XRPUSDT
w_target     16.7%   16.7%   16.7%
rt_14h30    -0.00%   0.03%  -0.01%
w_target_f   16.7%   16.7%   16.7%
2024-09-20 21:30:35,465
Portfolio was rebalanced less than 2 hours ago, 1.0 hours ago
2024-09-20 21:30:35,467
Status: prev = LONG <> LONG = target
2024-09-20 21:30:35,467
the strat is currently running @ 20-09-2024 and the target positions is LONG
the strat was previously run @ 2024-09-20 20:30:38, success:? 
   and the current positions is LONG
2024-09-20 21:30:36,659
positions_future #1
2024-09-20 21:30:36,659
      symbol  positionAmt entryPrice  ... adlQuantile AUMs_account        w%
180  ETHUSDT        0.019    2537.04  ...           1        295.0  0.164175

[1 rows x 12 columns]
2024-09-20 21:30:36,902
------------------------------
binance_account_balance
2024-09-20 21:30:36,902
  asset     balance  ...  marginAvailable   updateTime
4  USDT  294.768208  ...             True  20Sep-18:31

[1 rows x 8 columns]
2024-09-20 21:30:37,352
------------------------------
open_orders
2024-09-20 21:30:37,353
Empty DataFrame
Columns: []
Index: []
2024-09-20 21:30:38,005
------------------------------
AUMS account:294

2024-09-20 21:30:38,007
--------------- compute_futures_order_book() ----------------
2024-09-20 21:30:39,557
----------------------------------------------------------------------
#1 order(s) to place
gross$: 49$ | net$: +49$
gross%: 17% | net%: +17%
 || w>0%  +17% | w<0%  0%
----------------------------------------------------------------------
PTF Expo% 16.2% >> 50.0% (current>>target)
PTF expo $48.0 >> $147 (current>>target)
----------------------------------------------------------------------
2024-09-20 21:30:39,559
orders_ofthe_day
2024-09-20 21:30:39,560
                  ptf_usd  target_usd  totrd_usd  ...     bid     ask strategy
2024-09-20 21:30                                  ...                         
XRPUSDT               0.0       49.18       49.0  ...  0.5874  0.5875  STRATON

[1 rows x 10 columns]
2024-09-20 21:30:41,257
binance_place_orders_peg 20240920_213041
2024-09-20 21:30:41,695
{'orderId': 66008868261, 'symbol': 'XRPUSDT', 'status': 'NEW', 'clientOrderId': 'STRATON', 'price': '0.5871', 'avgPrice': '0.00', 'origQty': '83.4', 'executedQty': '0.0', 'cumQty': '0.0', 'cumQuote': '0.00000', 'timeInForce': 'GTC', 'type': 'LIMIT', 'reduceOnly': False, 'closePosition': False, 'side': 'BUY', 'positionSide': 'BOTH', 'stopPrice': '0.0000', 'workingType': 'CONTRACT_PRICE', 'priceProtect': False, 'origType': 'LIMIT', 'priceMatch': 'NONE', 'selfTradePreventionMode': 'NONE', 'goodTillDate': 0, 'updateTime': 1726867841585}
2024-09-20 21:30:42,831
update 0: filled 0 / 1 () | working 1 / 1 (+XRPUSDT)
2024-09-20 21:30:46,832
+XRPUSDT: bp7.0|
2024-09-20 21:30:47,271
update 1: filled 0 / 1 () | working 1 / 1 (+XRPUSDT)
2024-09-20 21:30:51,272
+XRPUSDT: bp7.0|
2024-09-20 21:30:51,712
update 2: filled 0 / 1 () | working 1 / 1 (+XRPUSDT)
2024-09-20 21:30:55,713
+XRPUSDT: bp7.0|
2024-09-20 21:30:56,154
update 3: filled 0 / 1 () | working 1 / 1 (+XRPUSDT)
2024-09-20 21:31:00,154
+XRPUSDT: bp7.0|
2024-09-20 21:31:00,598
update 4: filled 0 / 1 () | working 1 / 1 (+XRPUSDT)
2024-09-20 21:31:04,599
+XRPUSDT: bp7.0|
2024-09-20 21:31:05,039
update 5: filled 0 / 1 () | working 1 / 1 (+XRPUSDT)
2024-09-20 21:31:09,040
+XRPUSDT: bp7.0|
2024-09-20 21:31:09,480
update 6: filled 0 / 1 () | working 1 / 1 (+XRPUSDT)
2024-09-20 21:31:13,481
+XRPUSDT: bp7.0|
2024-09-20 21:31:13,922
update 7: filled 0 / 1 () | working 1 / 1 (+XRPUSDT)
2024-09-20 21:31:17,923
+XRPUSDT: bp5.0|
2024-09-20 21:31:18,365
update 8: filled 0 / 1 () | working 1 / 1 (+XRPUSDT)
2024-09-20 21:31:22,365
+XRPUSDT: bp5.0|
2024-09-20 21:31:22,808
update 9: filled 0 / 1 () | working 1 / 1 (+XRPUSDT)
2024-09-20 21:31:26,809
+XRPUSDT: bp5.0|
2024-09-20 21:31:27,248
update 10: filled 0 / 1 () | working 1 / 1 (+XRPUSDT)
2024-09-20 21:31:31,249
+XRPUSDT: bp7.0|
2024-09-20 21:31:31,689
update 11: filled 0 / 1 () | working 1 / 1 (+XRPUSDT)
2024-09-20 21:31:35,689
+XRPUSDT: bp7.0|
2024-09-20 21:31:36,132
update 12: filled 0 / 1 () | working 1 / 1 (+XRPUSDT)
2024-09-20 21:31:40,132
+XRPUSDT: bp7.0|
2024-09-20 21:31:40,575
update 13: filled 0 / 1 () | working 1 / 1 (+XRPUSDT)
2024-09-20 21:31:44,576
+XRPUSDT: bp7.0|
2024-09-20 21:31:45,015
update 14: filled 0 / 1 () | working 1 / 1 (+XRPUSDT)
2024-09-20 21:31:49,016
+XRPUSDT: bp7.0|
2024-09-20 21:31:49,016
Adjustment limit #1 ... 
 we cancel current orders and replace
2024-09-20 21:31:49,016
@+/-2.5bp limit 
2024-09-20 21:31:49,016
binance_cancel_and_replace_orders_peg 20240920_213149
2024-09-20 21:31:50,122
binance_place_orders_peg 20240920_213150
