2023-12-03 00:30:36,839
ON program started 20231203 00:30:36,
US time: 20231202 19:30:36
2023-12-03 00:30:37,289
the strat is currently running @ 03-12-2023 and the target positions is SHORT
2023-12-03 00:30:38,763
CURRENT STATUS IS SHORT, WE CHECK IF THE DAY IS A NEGATIVE ONE
-----
return before 14h30:
BTCUSDT+0.00%, ETHUSDT+0.00%, XRPUSDT+0.00%
-----
target alloc initial:BTCUSDT-4.17%, ETHUSDT+0.00%, XRPUSDT-4.17%
-----
alloc target x rt%<0:BTCUSDT-0.00%, ETHUSDT+0.00%, XRPUSDT-0.00%
-----
           BTCUSDT ETHUSDT XRPUSDT
w_target     -4.2%    0.0%   -4.2%
rt_14h30     0.00%   0.00%   0.00%
w_target_f   -0.0%    0.0%   -0.0%
2023-12-03 00:30:38,765
Portfolio was rebalanced less than 2 hours ago, 1.0 hours ago
2023-12-03 00:30:38,768
Status: prev = SHORT <> SHORT = target
2023-12-03 00:30:38,768
the strat is currently running @ 03-12-2023 and the target positions is SHORT
the strat was previously run @ 2023-12-02 23:30:36 UTC, success:? 
   and the current positions is SHORT
2023-12-03 00:30:39,992
positions_future #0
2023-12-03 00:30:39,992
Empty DataFrame
Columns: [symbol, positionAmt, entryPrice, breakEvenPrice, markPrice, unRealizedProfit, value_usd, updateTime, isolated, adlQuantile, AUMs_account, w%]
Index: []
2023-12-03 00:30:40,217
------------------------------
binance_account_balance
2023-12-03 00:30:40,217
  asset     balance  ... marginAvailable   updateTime
5  USDT  288.605606  ...            True  02Dec-23:31

[1 rows x 8 columns]
2023-12-03 00:30:40,451
------------------------------
open_orders
2023-12-03 00:30:40,451
Empty DataFrame
Columns: []
Index: []
2023-12-03 00:30:41,108
------------------------------
AUMS account:288

2023-12-03 00:30:41,110
--------------- compute_futures_order_book() ----------------
2023-12-03 00:30:42,669
----------------------------------------------------------------------
#0 order(s) to place
gross$: 0$ | net$: +0$
gross%: 0% | net%: +0%
 || w>0%  +0% | w<0%  0%
----------------------------------------------------------------------
PTF Expo% 0.0% >> 0.0% (current>>target)
PTF expo $0.0 >> $0 (current>>target)
----------------------------------------------------------------------
2023-12-03 00:30:42,670
orders_ofthe_day
2023-12-03 00:30:42,670
Empty DataFrame
Columns: [ptf_usd, target_usd, totrd_usd, posttrd_usd, qty, posttrd_qty, posttrd_w, bid, ask]
Index: []
2023-12-03 00:30:42,739
Orders of the day is empty, current and target potfolios are aligned
2023-12-03 00:30:42,739
Program stopped
