2024-06-15 02:30:59,575
ON program started 20240615 02:30:59,
US time: 20240614 22:30:59
2024-06-15 02:31:00,714
the strat is currently running @ 15-06-2024 and the target positions is NEUTRAL
2024-06-15 02:31:02,085
CURRENT STATUS IS NEUTRAL
-----
return before 14h30:
BTCUSDT+0.19%, ETHUSDT-0.07%, XRPUSDT+0.04%
-----
target alloc initial:BTCUSDT+0.00%, ETHUSDT+0.00%, XRPUSDT+0.00%
-----
alloc target x rt%<0:BTCUSDT+0.00%, ETHUSDT+0.00%, XRPUSDT+0.00%
-----
           BTCUSDT ETHUSDT XRPUSDT
w_target      0.0%    0.0%    0.0%
rt_14h30     0.00%  -0.00%   0.00%
w_target_f    0.0%    0.0%    0.0%
2024-06-15 02:31:02,086
Portfolio was rebalanced less than 2 hours ago, 1.0 hours ago
2024-06-15 02:31:02,087
Status: prev = NEUTRAL <> SHORT = target
2024-06-15 02:31:02,087
the strat is currently running @ 15-06-2024 and the target positions is NEUTRAL
the strat was previously run @ 2024-06-15 01:31:19, success:yes 
   and the current positions is SHORT
2024-06-15 02:31:03,236
positions_future #0
2024-06-15 02:31:03,236
Empty DataFrame
Columns: [symbol, positionAmt, entryPrice, breakEvenPrice, markPrice, unRealizedProfit, value_usd, updateTime, isolated, adlQuantile, AUMs_account, w%]
Index: []
2024-06-15 02:31:03,448
------------------------------
binance_account_balance
2024-06-15 02:31:03,448
  asset     balance  ...  marginAvailable   updateTime
6  USDT  291.322194  ...             True  14Jun-22:32

[1 rows x 8 columns]
2024-06-15 02:31:03,672
------------------------------
open_orders
2024-06-15 02:31:03,672
Empty DataFrame
Columns: []
Index: []
2024-06-15 02:31:04,288
------------------------------
AUMS account:291

2024-06-15 02:31:04,289
--------------- compute_futures_order_book() ----------------
2024-06-15 02:31:05,750
----------------------------------------------------------------------
#0 order(s) to place
gross$: 0$ | net$: +0$
gross%: 0% | net%: +0%
 || w>0%  +0% | w<0%  0%
----------------------------------------------------------------------
PTF Expo% 0.0% >> 0.0% (current>>target)
PTF expo $0.0 >> $0 (current>>target)
----------------------------------------------------------------------
2024-06-15 02:31:05,752
orders_ofthe_day
2024-06-15 02:31:05,752
Empty DataFrame
Columns: [ptf_usd, target_usd, totrd_usd, posttrd_usd, qty, posttrd_qty, posttrd_w, bid, ask, strategy]
Index: []
2024-06-15 02:31:05,823
Orders of the day is empty, current and target potfolios are aligned
2024-06-15 02:31:05,823
Program stopped
