2024-02-26 04:31:12,731
ON program started 20240226 04:31:12,
US time: 20240225 23:31:12
2024-02-26 04:31:13,373
the strat is currently running @ 26-02-2024 and the target positions is NEUTRAL
2024-02-26 04:31:14,767
CURRENT STATUS IS NEUTRAL
-----
return before 14h30:
BTCUSDT-0.49%, ETHUSDT-0.40%, XRPUSDT-0.48%
-----
target alloc initial:BTCUSDT+0.00%, ETHUSDT+0.00%, XRPUSDT+0.00%
-----
alloc target x rt%<0:BTCUSDT+0.00%, ETHUSDT+0.00%, XRPUSDT+0.00%
-----
           BTCUSDT ETHUSDT XRPUSDT
w_target      0.0%    0.0%    0.0%
rt_14h30    -0.00%  -0.00%  -0.00%
w_target_f    0.0%    0.0%    0.0%
2024-02-26 04:31:14,768
Portfolio was rebalanced less than 2 hours ago, 1.0 hours ago
2024-02-26 04:31:14,769
Status: prev = NEUTRAL <> NEUTRAL = target
2024-02-26 04:31:14,769
the strat is currently running @ 26-02-2024 and the target positions is NEUTRAL
the strat was previously run @ 2024-02-26 03:30:43, success:? 
   and the current positions is NEUTRAL
2024-02-26 04:31:15,979
positions_future #0
2024-02-26 04:31:15,979
Empty DataFrame
Columns: [symbol, positionAmt, entryPrice, breakEvenPrice, markPrice, unRealizedProfit, value_usd, updateTime, isolated, adlQuantile, AUMs_account, w%]
Index: []
2024-02-26 04:31:16,203
------------------------------
binance_account_balance
2024-02-26 04:31:16,203
  asset     balance  ...  marginAvailable   updateTime
5  USDT  293.370817  ...             True  26Feb-03:33

[1 rows x 8 columns]
2024-02-26 04:31:16,435
------------------------------
open_orders
2024-02-26 04:31:16,435
Empty DataFrame
Columns: []
Index: []
2024-02-26 04:31:17,092
------------------------------
AUMS account:293

2024-02-26 04:31:17,094
--------------- compute_futures_order_book() ----------------
2024-02-26 04:31:18,652
----------------------------------------------------------------------
#0 order(s) to place
gross$: 0$ | net$: +0$
gross%: 0% | net%: +0%
 || w>0%  +0% | w<0%  0%
----------------------------------------------------------------------
PTF Expo% 0.0% >> 0.0% (current>>target)
PTF expo $0.0 >> $0 (current>>target)
----------------------------------------------------------------------
2024-02-26 04:31:18,654
orders_ofthe_day
2024-02-26 04:31:18,654
Empty DataFrame
Columns: [ptf_usd, target_usd, totrd_usd, posttrd_usd, qty, posttrd_qty, posttrd_w, bid, ask, strategy]
Index: []
2024-02-26 04:31:18,715
Orders of the day is empty, current and target potfolios are aligned
2024-02-26 04:31:18,715
Program stopped
