2024-04-23 18:31:02,625
ON program started 20240423 18:31:02,
US time: 20240423 14:31:02
2024-04-23 18:31:03,301
the strat is currently running @ 23-04-2024 and the target positions is LONG
2024-04-23 18:31:04,757
CURRENT STATUS IS LONG
-----
return before 14h30:
BTCUSDT-0.46%, ETHUSDT+0.24%, XRPUSDT-1.96%
-----
target alloc initial:BTCUSDT+16.67%, ETHUSDT+16.67%, XRPUSDT+16.67%
-----
alloc target x rt%<0:BTCUSDT+16.67%, ETHUSDT+16.67%, XRPUSDT+16.67%
-----
           BTCUSDT ETHUSDT XRPUSDT
w_target     16.7%   16.7%   16.7%
rt_14h30    -0.00%   0.00%  -0.02%
w_target_f   16.7%   16.7%   16.7%
2024-04-23 18:31:04,759
Portfolio was rebalanced less than 2 hours ago, 15.0 hours ago
2024-04-23 18:31:04,761
Status: prev = LONG <> NEUTRAL = target
2024-04-23 18:31:04,761
the strat is currently running @ 23-04-2024 and the target positions is LONG
the strat was previously run @ 2024-04-23 03:30:56, success:yes 
   and the current positions is NEUTRAL
2024-04-23 18:31:06,001
positions_future #0
2024-04-23 18:31:06,001
Empty DataFrame
Columns: [symbol, positionAmt, entryPrice, breakEvenPrice, markPrice, unRealizedProfit, value_usd, updateTime, isolated, adlQuantile, AUMs_account, w%]
Index: []
2024-04-23 18:31:06,226
------------------------------
binance_account_balance
2024-04-23 18:31:06,226
  asset     balance  ...  marginAvailable   updateTime
6  USDT  282.805902  ...             True  22Apr-22:34

[1 rows x 8 columns]
2024-04-23 18:31:06,464
------------------------------
open_orders
2024-04-23 18:31:06,464
Empty DataFrame
Columns: []
Index: []
2024-04-23 18:31:07,121
------------------------------
AUMS account:282

2024-04-23 18:31:07,123
--------------- compute_futures_order_book() ----------------
2024-04-23 18:31:08,692
----------------------------------------------------------------------
#2 order(s) to place
gross$: 95$ | net$: +95$
gross%: 34% | net%: +34%
 || w>0%  +34% | w<0%  0%
----------------------------------------------------------------------
PTF Expo% 0.0% >> 50.0% (current>>target)
PTF expo $0.0 >> $141 (current>>target)
----------------------------------------------------------------------
2024-04-23 18:31:08,694
orders_ofthe_day
2024-04-23 18:31:08,694
                  ptf_usd  target_usd  totrd_usd  ...        bid        ask strategy
2024-04-23 18:31                                  ...                               
ETHUSDT               0.0       47.14       48.0  ...  3231.1000  3231.1100  STRATON
XRPUSDT               0.0       47.14       47.0  ...     0.5511     0.5512  STRATON

[2 rows x 10 columns]
2024-04-23 18:31:10,417
binance_place_orders_peg 20240423_183110
2024-04-23 18:31:10,862
{'orderId': 8389765674837841776, 'symbol': 'ETHUSDT', 'status': 'NEW', 'clientOrderId': 'STRATON', 'price': '3229.48', 'avgPrice': '0.00', 'origQty': '0.015', 'executedQty': '0.000', 'cumQty': '0.000', 'cumQuote': '0.00000', 'timeInForce': 'GTC', 'type': 'LIMIT', 'reduceOnly': False, 'closePosition': False, 'side': 'BUY', 'positionSide': 'BOTH', 'stopPrice': '0.00', 'workingType': 'CONTRACT_PRICE', 'priceProtect': False, 'origType': 'LIMIT', 'priceMatch': 'NONE', 'selfTradePreventionMode': 'NONE', 'goodTillDate': 0, 'updateTime': 1713897070748}
2024-04-23 18:31:11,303
{'orderId': 55289160607, 'symbol': 'XRPUSDT', 'status': 'NEW', 'clientOrderId': 'STRATON', 'price': '0.5508', 'avgPrice': '0.00', 'origQty': '85.3', 'executedQty': '0.0', 'cumQty': '0.0', 'cumQuote': '0.00000', 'timeInForce': 'GTC', 'type': 'LIMIT', 'reduceOnly': False, 'closePosition': False, 'side': 'BUY', 'positionSide': 'BOTH', 'stopPrice': '0.0000', 'workingType': 'CONTRACT_PRICE', 'priceProtect': False, 'origType': 'LIMIT', 'priceMatch': 'NONE', 'selfTradePreventionMode': 'NONE', 'goodTillDate': 0, 'updateTime': 1713897071192}
2024-04-23 18:31:12,931
update 0: filled 0 / 2 () | working 2 / 2 (+ETHUSDT,+XRPUSDT)
2024-04-23 18:31:16,932
+ETHUSDT: bp5.0|+XRPUSDT: bp5.0|
2024-04-23 18:31:17,824
update 1: filled 0 / 2 () | working 2 / 2 (+ETHUSDT,+XRPUSDT)
2024-04-23 18:31:21,827
+ETHUSDT: bp5.0|+XRPUSDT: bp5.0|
2024-04-23 18:31:22,714
update 2: filled 0 / 2 () | working 2 / 2 (+ETHUSDT,+XRPUSDT)
2024-04-23 18:31:26,716
+ETHUSDT: bp6.0|+XRPUSDT: bp7.0|
2024-04-23 18:31:27,603
update 3: filled 0 / 2 () | working 2 / 2 (+ETHUSDT,+XRPUSDT)
2024-04-23 18:31:31,603
+ETHUSDT: bp6.0|+XRPUSDT: bp5.0|
2024-04-23 18:31:32,490
update 4: filled 0 / 2 () | working 2 / 2 (+ETHUSDT,+XRPUSDT)
2024-04-23 18:31:36,490
+ETHUSDT: bp4.0|+XRPUSDT: bp4.0|
2024-04-23 18:31:37,379
update 5: filled 1 / 2 (+XRPUSDT) | working 1 / 2 (+ETHUSDT)
2024-04-23 18:31:41,380
+ETHUSDT: bp4.0|
2024-04-23 18:31:42,270
update 6: filled 1 / 2 (+XRPUSDT) | working 1 / 2 (+ETHUSDT)
2024-04-23 18:31:46,271
+ETHUSDT: bp4.0|
2024-04-23 18:31:47,154
update 7: filled 1 / 2 (+XRPUSDT) | working 1 / 2 (+ETHUSDT)
2024-04-23 18:31:51,155
+ETHUSDT: bp3.0|
2024-04-23 18:31:52,039
update 8: filled 1 / 2 (+XRPUSDT) | working 1 / 2 (+ETHUSDT)
2024-04-23 18:31:56,040
+ETHUSDT: bp4.0|
2024-04-23 18:31:56,932
update 9: filled 1 / 2 (+XRPUSDT) | working 1 / 2 (+ETHUSDT)
2024-04-23 18:32:00,933
+ETHUSDT: bp5.0|
2024-04-23 18:32:01,819
update 10: filled 1 / 2 (+XRPUSDT) | working 1 / 2 (+ETHUSDT)
2024-04-23 18:32:05,820
+ETHUSDT: bp7.0|
2024-04-23 18:32:06,704
update 11: filled 1 / 2 (+XRPUSDT) | working 1 / 2 (+ETHUSDT)
2024-04-23 18:32:10,705
+ETHUSDT: bp5.0|
2024-04-23 18:32:11,590
update 12: filled 1 / 2 (+XRPUSDT) | working 1 / 2 (+ETHUSDT)
2024-04-23 18:32:15,590
+ETHUSDT: bp3.0|
2024-04-23 18:32:16,479
update 13: filled 1 / 2 (+XRPUSDT) | working 1 / 2 (+ETHUSDT)
2024-04-23 18:32:20,479
+ETHUSDT: bp3.0|
2024-04-23 18:32:21,367
update 14: filled 1 / 2 (+XRPUSDT) | working 1 / 2 (+ETHUSDT)
2024-04-23 18:32:25,368
+ETHUSDT: bp5.0|
2024-04-23 18:32:25,368
Adjustment limit #1 ... 
 we cancel current orders and replace
2024-04-23 18:32:25,368
@+/-2.5bp limit 
2024-04-23 18:32:25,368
binance_cancel_and_replace_orders_peg 20240423_183225
2024-04-23 18:32:26,920
binance_place_orders_peg 20240423_183226
2024-04-23 18:32:27,360
{'orderId': 8389765674838113693, 'symbol': 'ETHUSDT', 'status': 'NEW', 'clientOrderId': 'STRATON', 'price': '3229.42', 'avgPrice': '0.00', 'origQty': '0.015', 'executedQty': '0.000', 'cumQty': '0.000', 'cumQuote': '0.00000', 'timeInForce': 'GTC', 'type': 'LIMIT', 'reduceOnly': False, 'closePosition': False, 'side': 'BUY', 'positionSide': 'BOTH', 'stopPrice': '0.00', 'workingType': 'CONTRACT_PRICE', 'priceProtect': False, 'origType': 'LIMIT', 'priceMatch': 'NONE', 'selfTradePreventionMode': 'NONE', 'goodTillDate': 0, 'updateTime': 1713897147249}
2024-04-23 18:32:28,252
update 0: filled 1 / 2 (+XRPUSDT) | working 1 / 2 (+ETHUSDT)
2024-04-23 18:32:32,252
+ETHUSDT: bp3.0|
2024-04-23 18:32:33,137
update 1: filled 2 / 2 (+XRPUSDT,+ETHUSDT) | working 0 / 2 ()
2024-04-23 18:32:39,601
Trades of the day
in$
as of: 23Apr 18:31>>18:32 (#trades: 2)
trade net: +95.0 (+33.6%), trade gross: +95.0 (+33.6%), BUY: +95.0 (+33.6%), SELL: +0.0 (+0.0%)
fees: $ 0.019 (2.0bp)
2024-04-23 18:32:40,061
Trades: 
Filled #2
______________________________________________
                   in$ | in bp 95 traded | in bp 282 AUMs
realizedPnl    +0      | +0      | +0     
PnLvsArrival   +0.06   | +6      | +2     
PnLvsLast      +0      | +0      | +0     
______________________________________________
                 | Value$ | PnL Arrival/Last 
______________________________________________
XRP:+85.3@0.5508 | +47$ | 0.03/-0
ETH:+0.015@3229.42 | +48$ | 0.03/0
