2024-03-20 01:30:43,812
ON program started 20240320 01:30:43,
US time: 20240319 21:30:43
2024-03-20 01:30:44,862
the strat is currently running @ 20-03-2024 and the target positions is SHORT
2024-03-20 01:30:46,261
CURRENT STATUS IS SHORT, WE CHECK IF THE DAY IS A NEGATIVE ONE
-----
return before 14h30:
BTCUSDT+0.72%, ETHUSDT+0.95%, XRPUSDT-0.05%
-----
target alloc initial:BTCUSDT-4.17%, ETHUSDT+0.00%, XRPUSDT-4.17%
-----
alloc target x rt%<0:BTCUSDT-0.00%, ETHUSDT+0.00%, XRPUSDT-4.17%
-----
           BTCUSDT ETHUSDT XRPUSDT
w_target     -4.2%    0.0%   -4.2%
rt_14h30     0.01%   0.01%  -0.00%
w_target_f   -0.0%    0.0%   -4.2%
2024-03-20 01:30:46,262
Portfolio was rebalanced less than 2 hours ago, 1.0 hours ago
2024-03-20 01:30:46,263
Status: prev = SHORT <> SHORT = target
2024-03-20 01:30:46,263
the strat is currently running @ 20-03-2024 and the target positions is SHORT
the strat was previously run @ 2024-03-20 00:30:57, success:yes 
   and the current positions is SHORT
2024-03-20 01:30:47,480
positions_future #1
2024-03-20 01:30:47,480
      symbol  positionAmt entryPrice  ... adlQuantile AUMs_account        w%
124  XRPUSDT        -21.3     0.5868  ...           3        285.4 -0.043575

[1 rows x 12 columns]
2024-03-20 01:30:47,628
programm stoppeddd!!! 20240320_013047
