2024-08-16 03:31:07,153
ON program started 20240816 03:31:07,
US time: 20240815 23:31:07
2024-08-16 03:31:07,956
the strat is currently running @ 16-08-2024 and the target positions is NEUTRAL
2024-08-16 03:31:09,277
CURRENT STATUS IS NEUTRAL
-----
return before 14h30:
BTCUSDT+0.99%, ETHUSDT+0.52%, XRPUSDT+0.87%
-----
target alloc initial:BTCUSDT+0.00%, ETHUSDT+0.00%, XRPUSDT+0.00%
-----
alloc target x rt%<0:BTCUSDT+0.00%, ETHUSDT+0.00%, XRPUSDT+0.00%
-----
           BTCUSDT ETHUSDT XRPUSDT
w_target      0.0%    0.0%    0.0%
rt_14h30     0.01%   0.01%   0.01%
w_target_f    0.0%    0.0%    0.0%
2024-08-16 03:31:09,278
Portfolio was rebalanced less than 2 hours ago, 1.0 hours ago
2024-08-16 03:31:09,280
Status: prev = NEUTRAL <> NEUTRAL = target
2024-08-16 03:31:09,280
the strat is currently running @ 16-08-2024 and the target positions is NEUTRAL
the strat was previously run @ 2024-08-16 02:30:50, success:yes 
   and the current positions is NEUTRAL
2024-08-16 03:31:10,397
positions_future #0
2024-08-16 03:31:10,398
Empty DataFrame
Columns: [symbol, positionAmt, entryPrice, breakEvenPrice, markPrice, unRealizedProfit, value_usd, updateTime, isolated, adlQuantile, AUMs_account, w%]
Index: []
2024-08-16 03:31:10,457
programm stoppeddd!!! 20240816_033110
