2024-04-20 23:31:04,737
ON program started 20240420 23:31:04,
US time: 20240420 19:31:04
2024-04-20 23:31:05,308
the strat is currently running @ 20-04-2024 and the target positions is SHORT
2024-04-20 23:31:06,719
CURRENT STATUS IS SHORT, WE CHECK IF THE DAY IS A NEGATIVE ONE
-----
return before 14h30:
BTCUSDT+0.09%, ETHUSDT+0.17%, XRPUSDT+2.72%
-----
target alloc initial:BTCUSDT-4.17%, ETHUSDT+0.00%, XRPUSDT-4.17%
-----
alloc target x rt%<0:BTCUSDT-0.00%, ETHUSDT+0.00%, XRPUSDT-0.00%
-----
           BTCUSDT ETHUSDT XRPUSDT
w_target     -4.2%    0.0%   -4.2%
rt_14h30     0.00%   0.00%   0.03%
w_target_f   -0.0%    0.0%   -0.0%
2024-04-20 23:31:06,720
Portfolio was rebalanced less than 2 hours ago, 1.0 hours ago
2024-04-20 23:31:06,723
Status: prev = SHORT <> SHORT = target
2024-04-20 23:31:06,723
the strat is currently running @ 20-04-2024 and the target positions is SHORT
the strat was previously run @ 2024-04-20 22:31:02, success:? 
   and the current positions is SHORT
2024-04-20 23:31:07,932
positions_future #0
2024-04-20 23:31:07,932
Empty DataFrame
Columns: [symbol, positionAmt, entryPrice, breakEvenPrice, markPrice, unRealizedProfit, value_usd, updateTime, isolated, adlQuantile, AUMs_account, w%]
Index: []
2024-04-20 23:31:08,155
------------------------------
binance_account_balance
2024-04-20 23:31:08,156
  asset    balance  ...  marginAvailable   updateTime
6  USDT  281.15449  ...             True  20Apr-22:34

[1 rows x 8 columns]
2024-04-20 23:31:08,387
------------------------------
open_orders
2024-04-20 23:31:08,387
Empty DataFrame
Columns: []
Index: []
2024-04-20 23:31:09,038
------------------------------
AUMS account:281

2024-04-20 23:31:09,040
--------------- compute_futures_order_book() ----------------
2024-04-20 23:31:10,599
----------------------------------------------------------------------
#0 order(s) to place
gross$: 0$ | net$: +0$
gross%: 0% | net%: +0%
 || w>0%  +0% | w<0%  0%
----------------------------------------------------------------------
PTF Expo% 0.0% >> 0.0% (current>>target)
PTF expo $0.0 >> $0 (current>>target)
----------------------------------------------------------------------
2024-04-20 23:31:10,601
orders_ofthe_day
2024-04-20 23:31:10,601
Empty DataFrame
Columns: [ptf_usd, target_usd, totrd_usd, posttrd_usd, qty, posttrd_qty, posttrd_w, bid, ask, strategy]
Index: []
2024-04-20 23:31:10,674
Orders of the day is empty, current and target potfolios are aligned
2024-04-20 23:31:10,674
Program stopped
