2024-05-25 19:31:08,788
ON program started 20240525 19:31:08,
US time: 20240525 15:31:08
2024-05-25 19:31:09,833
the strat is currently running @ 25-05-2024 and the target positions is LONG
2024-05-25 19:31:12,084
CURRENT STATUS IS LONG
-----
return before 14h30:
BTCUSDT+0.69%, ETHUSDT+0.16%, XRPUSDT-0.24%
-----
target alloc initial:BTCUSDT+16.67%, ETHUSDT+16.67%, XRPUSDT+16.67%
-----
alloc target x rt%<0:BTCUSDT+16.67%, ETHUSDT+16.67%, XRPUSDT+16.67%
-----
           BTCUSDT ETHUSDT XRPUSDT
w_target     16.7%   16.7%   16.7%
rt_14h30     0.01%   0.00%  -0.00%
w_target_f   16.7%   16.7%   16.7%
2024-05-25 19:31:12,085
Portfolio was rebalanced less than 2 hours ago, 1.0 hours ago
2024-05-25 19:31:12,087
Status: prev = LONG <> LONG = target
2024-05-25 19:31:12,087
the strat is currently running @ 25-05-2024 and the target positions is LONG
the strat was previously run @ 2024-05-25 18:31:14, success:? 
   and the current positions is LONG
2024-05-25 19:31:13,277
positions_future #2
2024-05-25 19:31:13,277
      symbol  positionAmt entryPrice  ... adlQuantile AUMs_account        w%
167  ETHUSDT        0.013    3751.35  ...           1        289.9  0.168583
134  XRPUSDT       89.000      0.539  ...           1        289.9  0.165487

[2 rows x 12 columns]
2024-05-25 19:31:13,518
------------------------------
binance_account_balance
2024-05-25 19:31:13,518
  asset     balance  ...  marginAvailable   updateTime
6  USDT  289.818354  ...             True  25May-18:33

[1 rows x 8 columns]
2024-05-25 19:31:14,181
------------------------------
open_orders
2024-05-25 19:31:14,182
Empty DataFrame
Columns: []
Index: []
2024-05-25 19:31:14,831
------------------------------
AUMS account:289

2024-05-25 19:31:14,834
--------------- compute_futures_order_book() ----------------
2024-05-25 19:31:16,377
----------------------------------------------------------------------
#0 order(s) to place
gross$: 0$ | net$: +0$
gross%: 0% | net%: +0%
 || w>0%  +0% | w<0%  0%
----------------------------------------------------------------------
PTF Expo% 33.4% >> 50.0% (current>>target)
PTF expo $97.0 >> $144 (current>>target)
----------------------------------------------------------------------
2024-05-25 19:31:16,379
orders_ofthe_day
2024-05-25 19:31:16,379
Empty DataFrame
Columns: [ptf_usd, target_usd, totrd_usd, posttrd_usd, qty, posttrd_qty, posttrd_w, bid, ask, strategy]
Index: []
2024-05-25 19:31:16,438
Orders of the day is empty, current and target potfolios are aligned
2024-05-25 19:31:16,438
Program stopped
