2023-10-30 02:30:39,800
ON program started 20231030 02:30:39,
US time: 20231029 22:30:39
2023-10-30 02:30:40,301
the strat is currently running @ 30-10-2023 and the target positions is NEUTRAL
2023-10-30 02:30:41,722
CURRENT STATUS IS NEUTRAL
-----
return before 14h30:
BTCUSDT+0.00%, ETHUSDT+0.00%, XRPUSDT+0.00%
-----
target alloc initial:BTCUSDT+0.00%, ETHUSDT+0.00%, XRPUSDT+0.00%
-----
alloc target x rt%<0:BTCUSDT+0.00%, ETHUSDT+0.00%, XRPUSDT+0.00%
-----
           BTCUSDT ETHUSDT XRPUSDT
w_target      0.0%    0.0%    0.0%
rt_14h30     0.00%   0.00%   0.00%
w_target_f    0.0%    0.0%    0.0%
2023-10-30 02:30:41,725
Portfolio was rebalanced less than 2 hours ago, 1.0 hours ago
2023-10-30 02:30:41,729
Status: prev = NEUTRAL <> SHORT = target
2023-10-30 02:30:41,729
the strat is currently running @ 30-10-2023 and the target positions is NEUTRAL
the strat was previously run @ 2023-10-30 01:30:42 UTC, success:yes 
   and the current positions is SHORT
2023-10-30 02:30:42,914
positions_future #0
2023-10-30 02:30:42,914
Empty DataFrame
Columns: [symbol, positionAmt, entryPrice, breakEvenPrice, markPrice, unRealizedProfit, value_usd, updateTime, isolated, adlQuantile, AUMs_account, w%]
Index: []
2023-10-30 02:30:43,141
------------------------------
binance_account_balance
2023-10-30 02:30:43,141
  asset     balance  ... marginAvailable   updateTime
5  USDT  285.078446  ...            True  29Oct-22:33

[1 rows x 8 columns]
2023-10-30 02:30:43,379
------------------------------
open_orders
2023-10-30 02:30:43,380
Empty DataFrame
Columns: []
Index: []
2023-10-30 02:30:44,036
------------------------------
AUMS account:285

2023-10-30 02:30:44,039
--------------- compute_futures_order_book() ----------------
2023-10-30 02:30:45,612
----------------------------------------------------------------------
#0 order(s) to place
gross$: 0$ | net$: +0$
gross%: 0% | net%: +0%
 || w>0%  +0% | w<0%  0%
----------------------------------------------------------------------
PTF Expo% 0.0% >> 0.0% (current>>target)
PTF expo $0.0 >> $0 (current>>target)
----------------------------------------------------------------------
2023-10-30 02:30:45,613
orders_ofthe_day
2023-10-30 02:30:45,613
Empty DataFrame
Columns: [ptf_usd, target_usd, totrd_usd, posttrd_usd, qty, posttrd_qty, posttrd_w, bid, ask]
Index: []
2023-10-30 02:30:45,623
Orders of the day is empty, current and target potfolios are aligned
2023-10-30 02:30:45,624
Program stopped
