2024-04-07 02:30:42,457
ON program started 20240407 02:30:42,
US time: 20240406 22:30:42
2024-04-07 02:30:43,449
the strat is currently running @ 07-04-2024 and the target positions is NEUTRAL
2024-04-07 02:30:44,853
CURRENT STATUS IS NEUTRAL
-----
return before 14h30:
BTCUSDT+1.08%, ETHUSDT+1.37%, XRPUSDT+0.66%
-----
target alloc initial:BTCUSDT+0.00%, ETHUSDT+0.00%, XRPUSDT+0.00%
-----
alloc target x rt%<0:BTCUSDT+0.00%, ETHUSDT+0.00%, XRPUSDT+0.00%
-----
           BTCUSDT ETHUSDT XRPUSDT
w_target      0.0%    0.0%    0.0%
rt_14h30     0.01%   0.01%   0.01%
w_target_f    0.0%    0.0%    0.0%
2024-04-07 02:30:44,854
Portfolio was rebalanced less than 2 hours ago, 1.0 hours ago
2024-04-07 02:30:44,855
Status: prev = NEUTRAL <> SHORT = target
2024-04-07 02:30:44,856
the strat is currently running @ 07-04-2024 and the target positions is NEUTRAL
the strat was previously run @ 2024-04-07 01:30:58, success:yes 
   and the current positions is SHORT
2024-04-07 02:30:46,073
positions_future #0
2024-04-07 02:30:46,073
Empty DataFrame
Columns: [symbol, positionAmt, entryPrice, breakEvenPrice, markPrice, unRealizedProfit, value_usd, updateTime, isolated, adlQuantile, AUMs_account, w%]
Index: []
2024-04-07 02:30:46,299
------------------------------
binance_account_balance
2024-04-07 02:30:46,299
  asset     balance  ...  marginAvailable   updateTime
6  USDT  288.491942  ...             True  06Apr-22:36

[1 rows x 8 columns]
2024-04-07 02:30:46,537
------------------------------
open_orders
2024-04-07 02:30:46,537
Empty DataFrame
Columns: []
Index: []
2024-04-07 02:30:47,197
------------------------------
AUMS account:288

2024-04-07 02:30:47,199
--------------- compute_futures_order_book() ----------------
2024-04-07 02:30:48,759
----------------------------------------------------------------------
#0 order(s) to place
gross$: 0$ | net$: +0$
gross%: 0% | net%: +0%
 || w>0%  +0% | w<0%  0%
----------------------------------------------------------------------
PTF Expo% 0.0% >> 0.0% (current>>target)
PTF expo $0.0 >> $0 (current>>target)
----------------------------------------------------------------------
2024-04-07 02:30:48,760
orders_ofthe_day
2024-04-07 02:30:48,761
Empty DataFrame
Columns: [ptf_usd, target_usd, totrd_usd, posttrd_usd, qty, posttrd_qty, posttrd_w, bid, ask, strategy]
Index: []
2024-04-07 02:30:48,826
Orders of the day is empty, current and target potfolios are aligned
2024-04-07 02:30:48,827
Program stopped
