2024-03-25 02:30:45,769
ON program started 20240325 02:30:45,
US time: 20240324 22:30:45
2024-03-25 02:30:46,670
the strat is currently running @ 25-03-2024 and the target positions is NEUTRAL
2024-03-25 02:30:48,074
CURRENT STATUS IS NEUTRAL
-----
return before 14h30:
BTCUSDT-0.89%, ETHUSDT-0.56%, XRPUSDT-0.24%
-----
target alloc initial:BTCUSDT+0.00%, ETHUSDT+0.00%, XRPUSDT+0.00%
-----
alloc target x rt%<0:BTCUSDT+0.00%, ETHUSDT+0.00%, XRPUSDT+0.00%
-----
           BTCUSDT ETHUSDT XRPUSDT
w_target      0.0%    0.0%    0.0%
rt_14h30    -0.01%  -0.01%  -0.00%
w_target_f    0.0%    0.0%    0.0%
2024-03-25 02:30:48,075
Portfolio was rebalanced less than 2 hours ago, 1.0 hours ago
2024-03-25 02:30:48,077
Status: prev = NEUTRAL <> SHORT = target
2024-03-25 02:30:48,077
the strat is currently running @ 25-03-2024 and the target positions is NEUTRAL
the strat was previously run @ 2024-03-25 01:31:10, success:yes 
   and the current positions is SHORT
2024-03-25 02:30:49,292
positions_future #0
2024-03-25 02:30:49,293
Empty DataFrame
Columns: [symbol, positionAmt, entryPrice, breakEvenPrice, markPrice, unRealizedProfit, value_usd, updateTime, isolated, adlQuantile, AUMs_account, w%]
Index: []
2024-03-25 02:30:49,518
------------------------------
binance_account_balance
2024-03-25 02:30:49,519
  asset     balance  ...  marginAvailable   updateTime
6  USDT  289.933035  ...             True  24Mar-22:34

[1 rows x 8 columns]
2024-03-25 02:30:49,761
------------------------------
open_orders
2024-03-25 02:30:49,761
Empty DataFrame
Columns: []
Index: []
2024-03-25 02:30:50,415
------------------------------
AUMS account:289

2024-03-25 02:30:50,417
--------------- compute_futures_order_book() ----------------
2024-03-25 02:30:51,973
----------------------------------------------------------------------
#0 order(s) to place
gross$: 0$ | net$: +0$
gross%: 0% | net%: +0%
 || w>0%  +0% | w<0%  0%
----------------------------------------------------------------------
PTF Expo% 0.0% >> 0.0% (current>>target)
PTF expo $0.0 >> $0 (current>>target)
----------------------------------------------------------------------
2024-03-25 02:30:51,974
orders_ofthe_day
2024-03-25 02:30:51,974
Empty DataFrame
Columns: [ptf_usd, target_usd, totrd_usd, posttrd_usd, qty, posttrd_qty, posttrd_w, bid, ask, strategy]
Index: []
2024-03-25 02:30:52,036
Orders of the day is empty, current and target potfolios are aligned
2024-03-25 02:30:52,036
Program stopped
