2023-10-14 18:30:43,365
ON program started 20231014 18:30:43,
US time: 20231014 14:30:43
2023-10-14 18:30:43,787
the strat is currently running @ 14-10-2023 and the target positions is LONG
2023-10-14 18:30:45,307
CURRENT STATUS IS LONG
-----
return before 14h30:
BTCUSDT-0.15%, ETHUSDT+0.03%, XRPUSDT+0.29%
-----
target alloc initial:BTCUSDT+16.67%, ETHUSDT+16.67%, XRPUSDT+16.67%
-----
alloc target x rt%<0:BTCUSDT+16.67%, ETHUSDT+16.67%, XRPUSDT+16.67%
-----
           BTCUSDT ETHUSDT XRPUSDT
w_target     16.7%   16.7%   16.7%
rt_14h30    -0.00%   0.00%   0.00%
w_target_f   16.7%   16.7%   16.7%
2023-10-14 18:30:45,308
Portfolio was rebalanced less than 2 hours ago, 15.0 hours ago
2023-10-14 18:30:45,311
Status: prev = LONG <> NEUTRAL = target
2023-10-14 18:30:45,311
the strat is currently running @ 14-10-2023 and the target positions is LONG
the strat was previously run @ 2023-10-14 03:31:07 UTC, success:yes 
   and the current positions is NEUTRAL
2023-10-14 18:30:46,397
positions_future #0
2023-10-14 18:30:46,397
Empty DataFrame
Columns: [symbol, positionAmt, entryPrice, breakEvenPrice, markPrice, unRealizedProfit, value_usd, updateTime, AUMs_account, w%]
Index: []
2023-10-14 18:30:46,605
------------------------------
binance_account_balance
2023-10-14 18:30:46,605
  asset     balance  ... marginAvailable   updateTime
5  USDT  276.881691  ...            True  14Oct-02:32

[1 rows x 8 columns]
2023-10-14 18:30:46,820
------------------------------
open_orders
2023-10-14 18:30:46,820
Empty DataFrame
Columns: []
Index: []
2023-10-14 18:30:47,427
------------------------------
AUMS account:276

2023-10-14 18:30:47,428
--------------- compute_futures_order_book() ----------------
2023-10-14 18:30:48,871
----------------------------------------------------------------------
#3 order(s) to place
gross$: 147$ | net$: +147$
gross%: 53% | net%: +53%
 || w>0%  +53% | w<0%  0%
----------------------------------------------------------------------
PTF Expo% 0.0% >> 50.0% (current>>target)
PTF expo $0.0 >> $138 (current>>target)
----------------------------------------------------------------------
2023-10-14 18:30:48,873
orders_ofthe_day
2023-10-14 18:30:48,873
                  ptf_usd  target_usd  ...         bid         ask
2023-10-14 18:30                       ...                        
BTCUSDT               0.0       46.16  ...  26861.6000  26861.7000
ETHUSDT               0.0       46.16  ...   1553.2000   1553.2100
XRPUSDT               0.0       46.16  ...      0.4864      0.4865

[3 rows x 9 columns]
2023-10-14 18:30:50,424
binance_place_orders_peg 20231014_183050
2023-10-14 18:30:50,830
{'orderId': 198588860888, 'symbol': 'BTCUSDT', 'status': 'NEW', 'clientOrderId': '9ZEYo8HuSFnkdL80jxsfVA', 'price': '26848.20', 'avgPrice': '0.00', 'origQty': '0.002', 'executedQty': '0.000', 'cumQty': '0.000', 'cumQuote': '0.00000', 'timeInForce': 'GTC', 'type': 'LIMIT', 'reduceOnly': False, 'closePosition': False, 'side': 'BUY', 'positionSide': 'BOTH', 'stopPrice': '0.00', 'workingType': 'CONTRACT_PRICE', 'priceProtect': False, 'origType': 'LIMIT', 'priceMatch': 'NONE', 'selfTradePreventionMode': 'NONE', 'goodTillDate': 0, 'updateTime': 1697308250728}
2023-10-14 18:30:51,238
{'orderId': 8389765621320721141, 'symbol': 'ETHUSDT', 'status': 'NEW', 'clientOrderId': 'CRE8iHl5lnTMryzEj4cZf7', 'price': '1552.42', 'avgPrice': '0.00', 'origQty': '0.030', 'executedQty': '0.000', 'cumQty': '0.000', 'cumQuote': '0.00000', 'timeInForce': 'GTC', 'type': 'LIMIT', 'reduceOnly': False, 'closePosition': False, 'side': 'BUY', 'positionSide': 'BOTH', 'stopPrice': '0.00', 'workingType': 'CONTRACT_PRICE', 'priceProtect': False, 'origType': 'LIMIT', 'priceMatch': 'NONE', 'selfTradePreventionMode': 'NONE', 'goodTillDate': 0, 'updateTime': 1697308251135}
2023-10-14 18:30:51,645
{'orderId': 43150718735, 'symbol': 'XRPUSDT', 'status': 'NEW', 'clientOrderId': 'QBgxU6VVv2l5rbCEZWJgeP', 'price': '0.4862', 'avgPrice': '0.00', 'origQty': '94.9', 'executedQty': '0.0', 'cumQty': '0.0', 'cumQuote': '0.00000', 'timeInForce': 'GTC', 'type': 'LIMIT', 'reduceOnly': False, 'closePosition': False, 'side': 'BUY', 'positionSide': 'BOTH', 'stopPrice': '0.0000', 'workingType': 'CONTRACT_PRICE', 'priceProtect': False, 'origType': 'LIMIT', 'priceMatch': 'NONE', 'selfTradePreventionMode': 'NONE', 'goodTillDate': 0, 'updateTime': 1697308251542}
2023-10-14 18:30:53,532
update 0: filled 0 / 3 () | working 3 / 3 (+BTCUSDT,+ETHUSDT,+XRPUSDT)
2023-10-14 18:30:57,533
+BTCUSDT: bp5.0|+ETHUSDT: bp5.0|+XRPUSDT: bp4.0|
2023-10-14 18:30:58,749
update 1: filled 0 / 3 () | working 3 / 3 (+BTCUSDT,+ETHUSDT,+XRPUSDT)
2023-10-14 18:31:02,750
+BTCUSDT: bp5.0|+ETHUSDT: bp5.0|+XRPUSDT: bp6.0|
2023-10-14 18:31:03,968
update 2: filled 0 / 3 () | working 3 / 3 (+BTCUSDT,+ETHUSDT,+XRPUSDT)
2023-10-14 18:31:07,969
+BTCUSDT: bp5.0|+ETHUSDT: bp5.0|+XRPUSDT: bp4.0|
2023-10-14 18:31:09,186
update 3: filled 0 / 3 () | working 3 / 3 (+BTCUSDT,+ETHUSDT,+XRPUSDT)
2023-10-14 18:31:13,187
+BTCUSDT: bp5.0|+ETHUSDT: bp5.0|+XRPUSDT: bp6.0|
2023-10-14 18:31:14,403
update 4: filled 0 / 3 () | working 3 / 3 (+BTCUSDT,+ETHUSDT,+XRPUSDT)
2023-10-14 18:31:18,404
+BTCUSDT: bp5.0|+ETHUSDT: bp5.0|+XRPUSDT: bp6.0|
2023-10-14 18:31:19,621
update 5: filled 0 / 3 () | working 3 / 3 (+BTCUSDT,+ETHUSDT,+XRPUSDT)
2023-10-14 18:31:23,622
+BTCUSDT: bp5.0|+ETHUSDT: bp5.0|+XRPUSDT: bp4.0|
2023-10-14 18:31:24,840
update 6: filled 0 / 3 () | working 3 / 3 (+BTCUSDT,+ETHUSDT,+XRPUSDT)
2023-10-14 18:31:28,840
+BTCUSDT: bp5.0|+ETHUSDT: bp5.0|+XRPUSDT: bp4.0|
2023-10-14 18:31:30,057
update 7: filled 0 / 3 () | working 3 / 3 (+BTCUSDT,+ETHUSDT,+XRPUSDT)
2023-10-14 18:31:34,057
+BTCUSDT: bp5.0|+ETHUSDT: bp5.0|+XRPUSDT: bp4.0|
2023-10-14 18:31:35,277
update 8: filled 0 / 3 () | working 3 / 3 (+BTCUSDT,+ETHUSDT,+XRPUSDT)
2023-10-14 18:31:39,277
+BTCUSDT: bp5.0|+ETHUSDT: bp5.0|+XRPUSDT: bp6.0|
2023-10-14 18:31:40,521
update 9: filled 0 / 3 () | working 3 / 3 (+BTCUSDT,+ETHUSDT,+XRPUSDT)
2023-10-14 18:31:44,521
+BTCUSDT: bp5.0|+ETHUSDT: bp5.0|+XRPUSDT: bp6.0|
2023-10-14 18:31:45,737
update 10: filled 0 / 3 () | working 3 / 3 (+BTCUSDT,+ETHUSDT,+XRPUSDT)
2023-10-14 18:31:49,738
+BTCUSDT: bp5.0|+ETHUSDT: bp5.0|+XRPUSDT: bp4.0|
2023-10-14 18:31:50,957
update 11: filled 0 / 3 () | working 3 / 3 (+BTCUSDT,+ETHUSDT,+XRPUSDT)
2023-10-14 18:31:54,957
+BTCUSDT: bp5.0|+ETHUSDT: bp5.0|+XRPUSDT: bp4.0|
2023-10-14 18:31:56,180
update 12: filled 0 / 3 () | working 3 / 3 (+BTCUSDT,+ETHUSDT,+XRPUSDT)
2023-10-14 18:32:00,180
+BTCUSDT: bp5.0|+ETHUSDT: bp5.0|+XRPUSDT: bp6.0|
2023-10-14 18:32:01,396
update 13: filled 0 / 3 () | working 3 / 3 (+BTCUSDT,+ETHUSDT,+XRPUSDT)
2023-10-14 18:32:05,396
+BTCUSDT: bp5.0|+ETHUSDT: bp5.0|+XRPUSDT: bp6.0|
2023-10-14 18:32:06,698
update 14: filled 0 / 3 () | working 3 / 3 (+BTCUSDT,+ETHUSDT,+XRPUSDT)
2023-10-14 18:32:10,699
+BTCUSDT: bp5.0|+ETHUSDT: bp5.0|+XRPUSDT: bp6.0|
2023-10-14 18:32:10,699
Adjustment limit #1 ... 
 we cancel current orders and replace
2023-10-14 18:32:10,699
@+/-2.5bp limit 
2023-10-14 18:32:10,699
binance_cancel_and_replace_orders_peg 20231014_183210
2023-10-14 18:32:12,529
binance_place_orders_peg 20231014_183212
2023-10-14 18:32:12,938
{'orderId': 198589000676, 'symbol': 'BTCUSDT', 'status': 'NEW', 'clientOrderId': 'aIGhf54Z2zNBmeMKXL8HAf', 'price': '26853.80', 'avgPrice': '0.00', 'origQty': '0.002', 'executedQty': '0.000', 'cumQty': '0.000', 'cumQuote': '0.00000', 'timeInForce': 'GTC', 'type': 'LIMIT', 'reduceOnly': False, 'closePosition': False, 'side': 'BUY', 'positionSide': 'BOTH', 'stopPrice': '0.00', 'workingType': 'CONTRACT_PRICE', 'priceProtect': False, 'origType': 'LIMIT', 'priceMatch': 'NONE', 'selfTradePreventionMode': 'NONE', 'goodTillDate': 0, 'updateTime': 1697308332833}
2023-10-14 18:32:13,348
{'orderId': 8389765621320763300, 'symbol': 'ETHUSDT', 'status': 'NEW', 'clientOrderId': 'F4Hv0EQjaLe0lao7djp06E', 'price': '1552.83', 'avgPrice': '0.00', 'origQty': '0.030', 'executedQty': '0.000', 'cumQty': '0.000', 'cumQuote': '0.00000', 'timeInForce': 'GTC', 'type': 'LIMIT', 'reduceOnly': False, 'closePosition': False, 'side': 'BUY', 'positionSide': 'BOTH', 'stopPrice': '0.00', 'workingType': 'CONTRACT_PRICE', 'priceProtect': False, 'origType': 'LIMIT', 'priceMatch': 'NONE', 'selfTradePreventionMode': 'NONE', 'goodTillDate': 0, 'updateTime': 1697308333242}
2023-10-14 18:32:13,756
{'orderId': 43150764313, 'symbol': 'XRPUSDT', 'status': 'NEW', 'clientOrderId': 'PWnRtWMwINhczZpTV1MRjB', 'price': '0.4863', 'avgPrice': '0.00', 'origQty': '94.9', 'executedQty': '0.0', 'cumQty': '0.0', 'cumQuote': '0.00000', 'timeInForce': 'GTC', 'type': 'LIMIT', 'reduceOnly': False, 'closePosition': False, 'side': 'BUY', 'positionSide': 'BOTH', 'stopPrice': '0.0000', 'workingType': 'CONTRACT_PRICE', 'priceProtect': False, 'origType': 'LIMIT', 'priceMatch': 'NONE', 'selfTradePreventionMode': 'NONE', 'goodTillDate': 0, 'updateTime': 1697308333652}
2023-10-14 18:32:14,975
update 0: filled 0 / 3 () | working 3 / 3 (+BTCUSDT,+ETHUSDT,+XRPUSDT)
2023-10-14 18:32:18,975
+BTCUSDT: bp2.0|+ETHUSDT: bp3.0|+XRPUSDT: bp4.0|
2023-10-14 18:32:20,194
update 1: filled 0 / 3 () | working 3 / 3 (+BTCUSDT,+ETHUSDT,+XRPUSDT)
2023-10-14 18:32:24,195
+BTCUSDT: bp2.0|+ETHUSDT: bp3.0|+XRPUSDT: bp4.0|
2023-10-14 18:32:25,411
update 2: filled 0 / 3 () | working 3 / 3 (+BTCUSDT,+ETHUSDT,+XRPUSDT)
2023-10-14 18:32:29,411
+BTCUSDT: bp3.0|+ETHUSDT: bp3.0|+XRPUSDT: bp4.0|
2023-10-14 18:32:30,631
update 3: filled 0 / 3 () | working 3 / 3 (+BTCUSDT,+ETHUSDT,+XRPUSDT)
2023-10-14 18:32:34,632
+BTCUSDT: bp3.0|+ETHUSDT: bp3.0|+XRPUSDT: bp2.0|
2023-10-14 18:32:35,846
update 4: filled 0 / 3 () | working 3 / 3 (+BTCUSDT,+ETHUSDT,+XRPUSDT)
2023-10-14 18:32:39,847
+BTCUSDT: bp2.0|+ETHUSDT: bp3.0|+XRPUSDT: bp4.0|
2023-10-14 18:32:41,063
update 5: filled 0 / 3 () | working 3 / 3 (+BTCUSDT,+ETHUSDT,+XRPUSDT)
2023-10-14 18:32:45,063
+BTCUSDT: bp2.0|+ETHUSDT: bp3.0|+XRPUSDT: bp4.0|
2023-10-14 18:32:46,278
update 6: filled 0 / 3 () | working 3 / 3 (+BTCUSDT,+ETHUSDT,+XRPUSDT)
2023-10-14 18:32:50,279
+BTCUSDT: bp2.0|+ETHUSDT: bp3.0|+XRPUSDT: bp2.0|
2023-10-14 18:32:51,494
update 7: filled 0 / 3 () | working 3 / 3 (+BTCUSDT,+ETHUSDT,+XRPUSDT)
2023-10-14 18:32:55,495
+BTCUSDT: bp2.0|+ETHUSDT: bp3.0|+XRPUSDT: bp4.0|
2023-10-14 18:32:56,714
update 8: filled 0 / 3 () | working 3 / 3 (+BTCUSDT,+ETHUSDT,+XRPUSDT)
2023-10-14 18:33:00,714
+BTCUSDT: bp2.0|+ETHUSDT: bp3.0|+XRPUSDT: bp4.0|
2023-10-14 18:33:01,930
update 9: filled 1 / 3 (+XRPUSDT) | working 2 / 3 (+BTCUSDT,+ETHUSDT)
2023-10-14 18:33:05,931
+BTCUSDT: bp2.0|+ETHUSDT: bp3.0|
2023-10-14 18:33:07,247
update 10: filled 1 / 3 (+XRPUSDT) | working 2 / 3 (+BTCUSDT,+ETHUSDT)
2023-10-14 18:33:11,248
+BTCUSDT: bp2.0|+ETHUSDT: bp3.0|
2023-10-14 18:33:12,464
update 11: filled 1 / 3 (+XRPUSDT) | working 2 / 3 (+BTCUSDT,+ETHUSDT)
2023-10-14 18:33:16,465
+BTCUSDT: bp3.0|+ETHUSDT: bp3.0|
2023-10-14 18:33:17,680
update 12: filled 1 / 3 (+XRPUSDT) | working 2 / 3 (+BTCUSDT,+ETHUSDT)
2023-10-14 18:33:21,681
+BTCUSDT: bp2.0|+ETHUSDT: bp3.0|
2023-10-14 18:33:22,897
update 13: filled 1 / 3 (+XRPUSDT) | working 2 / 3 (+BTCUSDT,+ETHUSDT)
2023-10-14 18:33:26,898
+BTCUSDT: bp2.0|+ETHUSDT: bp3.0|
2023-10-14 18:33:28,113
update 14: filled 1 / 3 (+XRPUSDT) | working 2 / 3 (+BTCUSDT,+ETHUSDT)
2023-10-14 18:33:32,114
+BTCUSDT: bp3.0|+ETHUSDT: bp3.0|
2023-10-14 18:33:32,114
Adjustment limit #2 ... 
 we cancel current orders and replace
2023-10-14 18:33:32,114
@+/-1.25bp limit 
2023-10-14 18:33:32,114
binance_cancel_and_replace_orders_peg 20231014_183332
2023-10-14 18:33:33,951
binance_place_orders_peg 20231014_183333
2023-10-14 18:33:34,363
{'orderId': 198589124364, 'symbol': 'BTCUSDT', 'status': 'NEW', 'clientOrderId': 'gykNeYFO9QEtbndwpnCb3F', 'price': '26858.80', 'avgPrice': '0.00', 'origQty': '0.002', 'executedQty': '0.000', 'cumQty': '0.000', 'cumQuote': '0.00000', 'timeInForce': 'GTC', 'type': 'LIMIT', 'reduceOnly': False, 'closePosition': False, 'side': 'BUY', 'positionSide': 'BOTH', 'stopPrice': '0.00', 'workingType': 'CONTRACT_PRICE', 'priceProtect': False, 'origType': 'LIMIT', 'priceMatch': 'NONE', 'selfTradePreventionMode': 'NONE', 'goodTillDate': 0, 'updateTime': 1697308414256}
2023-10-14 18:33:34,776
{'orderId': 8389765621320821350, 'symbol': 'ETHUSDT', 'status': 'NEW', 'clientOrderId': '9yf0bQjsR91DPdGKc7jIwe', 'price': '1553.22', 'avgPrice': '0.00', 'origQty': '0.030', 'executedQty': '0.000', 'cumQty': '0.000', 'cumQuote': '0.00000', 'timeInForce': 'GTC', 'type': 'LIMIT', 'reduceOnly': False, 'closePosition': False, 'side': 'BUY', 'positionSide': 'BOTH', 'stopPrice': '0.00', 'workingType': 'CONTRACT_PRICE', 'priceProtect': False, 'origType': 'LIMIT', 'priceMatch': 'NONE', 'selfTradePreventionMode': 'NONE', 'goodTillDate': 0, 'updateTime': 1697308414665}
2023-10-14 18:33:35,993
update 0: filled 1 / 3 (+XRPUSDT) | working 2 / 3 (+BTCUSDT,+ETHUSDT)
2023-10-14 18:33:39,994
+BTCUSDT: bp1.0|+ETHUSDT: bp1.0|
2023-10-14 18:33:41,208
update 1: filled 1 / 3 (+XRPUSDT) | working 2 / 3 (+BTCUSDT,+ETHUSDT)
2023-10-14 18:33:45,209
+BTCUSDT: bp2.0|+ETHUSDT: bp2.0|
2023-10-14 18:33:46,425
update 2: filled 1 / 3 (+XRPUSDT) | working 2 / 3 (+BTCUSDT,+ETHUSDT)
2023-10-14 18:33:50,426
+BTCUSDT: bp2.0|+ETHUSDT: bp2.0|
2023-10-14 18:33:51,640
update 3: filled 1 / 3 (+XRPUSDT) | working 2 / 3 (+BTCUSDT,+ETHUSDT)
2023-10-14 18:33:55,641
+BTCUSDT: bp2.0|+ETHUSDT: bp2.0|
2023-10-14 18:33:56,856
update 4: filled 1 / 3 (+XRPUSDT) | working 2 / 3 (+BTCUSDT,+ETHUSDT)
2023-10-14 18:34:00,857
+BTCUSDT: bp2.0|+ETHUSDT: bp2.0|
2023-10-14 18:34:02,072
update 5: filled 1 / 3 (+XRPUSDT) | working 2 / 3 (+BTCUSDT,+ETHUSDT)
2023-10-14 18:34:06,072
+BTCUSDT: bp2.0|+ETHUSDT: bp3.0|
2023-10-14 18:34:07,315
update 6: filled 1 / 3 (+XRPUSDT) | working 2 / 3 (+BTCUSDT,+ETHUSDT)
2023-10-14 18:34:11,316
+BTCUSDT: bp2.0|+ETHUSDT: bp3.0|
2023-10-14 18:34:12,533
update 7: filled 1 / 3 (+XRPUSDT) | working 2 / 3 (+BTCUSDT,+ETHUSDT)
2023-10-14 18:34:16,533
+BTCUSDT: bp3.0|+ETHUSDT: bp3.0|
2023-10-14 18:34:17,749
update 8: filled 1 / 3 (+XRPUSDT) | working 2 / 3 (+BTCUSDT,+ETHUSDT)
2023-10-14 18:34:21,750
+BTCUSDT: bp3.0|+ETHUSDT: bp3.0|
2023-10-14 18:34:22,965
update 9: filled 1 / 3 (+XRPUSDT) | working 2 / 3 (+BTCUSDT,+ETHUSDT)
2023-10-14 18:34:26,966
+BTCUSDT: bp3.0|+ETHUSDT: bp3.0|
2023-10-14 18:34:28,182
update 10: filled 1 / 3 (+XRPUSDT) | working 2 / 3 (+BTCUSDT,+ETHUSDT)
2023-10-14 18:34:32,183
+BTCUSDT: bp3.0|+ETHUSDT: bp3.0|
2023-10-14 18:34:33,397
update 11: filled 1 / 3 (+XRPUSDT) | working 2 / 3 (+BTCUSDT,+ETHUSDT)
2023-10-14 18:34:37,398
+BTCUSDT: bp3.0|+ETHUSDT: bp4.0|
2023-10-14 18:34:38,615
update 12: filled 1 / 3 (+XRPUSDT) | working 2 / 3 (+BTCUSDT,+ETHUSDT)
2023-10-14 18:34:42,616
+BTCUSDT: bp3.0|+ETHUSDT: bp6.0|
2023-10-14 18:34:43,830
update 13: filled 1 / 3 (+XRPUSDT) | working 2 / 3 (+BTCUSDT,+ETHUSDT)
2023-10-14 18:34:47,831
+BTCUSDT: bp3.0|+ETHUSDT: bp7.0|
2023-10-14 18:34:49,047
update 14: filled 1 / 3 (+XRPUSDT) | working 2 / 3 (+BTCUSDT,+ETHUSDT)
2023-10-14 18:34:53,048
+BTCUSDT: bp3.0|+ETHUSDT: bp7.0|
2023-10-14 18:34:53,048
Adjustment limit #3 ... 
 we cancel current orders and replace
2023-10-14 18:34:53,048
@+/-0.625bp limit 
2023-10-14 18:34:53,048
binance_cancel_and_replace_orders_peg 20231014_183453
2023-10-14 18:34:54,882
binance_place_orders_peg 20231014_183454
2023-10-14 18:34:55,290
{'orderId': 198589261109, 'symbol': 'BTCUSDT', 'status': 'NEW', 'clientOrderId': 'fkKHbDz9q5JspJlThljpfL', 'price': '26864.90', 'avgPrice': '0.00', 'origQty': '0.002', 'executedQty': '0.000', 'cumQty': '0.000', 'cumQuote': '0.00000', 'timeInForce': 'GTC', 'type': 'LIMIT', 'reduceOnly': False, 'closePosition': False, 'side': 'BUY', 'positionSide': 'BOTH', 'stopPrice': '0.00', 'workingType': 'CONTRACT_PRICE', 'priceProtect': False, 'origType': 'LIMIT', 'priceMatch': 'NONE', 'selfTradePreventionMode': 'NONE', 'goodTillDate': 0, 'updateTime': 1697308495185}
2023-10-14 18:34:55,697
{'orderId': 8389765621320894394, 'symbol': 'ETHUSDT', 'status': 'NEW', 'clientOrderId': 'Jpo4UKNUXmgerxFGwAtc2G', 'price': '1554.18', 'avgPrice': '0.00', 'origQty': '0.030', 'executedQty': '0.000', 'cumQty': '0.000', 'cumQuote': '0.00000', 'timeInForce': 'GTC', 'type': 'LIMIT', 'reduceOnly': False, 'closePosition': False, 'side': 'BUY', 'positionSide': 'BOTH', 'stopPrice': '0.00', 'workingType': 'CONTRACT_PRICE', 'priceProtect': False, 'origType': 'LIMIT', 'priceMatch': 'NONE', 'selfTradePreventionMode': 'NONE', 'goodTillDate': 0, 'updateTime': 1697308495594}
2023-10-14 18:34:56,913
update 0: filled 1 / 3 (+XRPUSDT) | working 2 / 3 (+BTCUSDT,+ETHUSDT)
2023-10-14 18:35:00,913
+BTCUSDT: bp1.0|+ETHUSDT: bp1.0|
2023-10-14 18:35:02,129
update 1: filled 1 / 3 (+XRPUSDT) | working 2 / 3 (+BTCUSDT,+ETHUSDT)
2023-10-14 18:35:06,130
+BTCUSDT: bp1.0|+ETHUSDT: bp1.0|
2023-10-14 18:35:07,357
update 2: filled 1 / 3 (+XRPUSDT) | working 2 / 3 (+BTCUSDT,+ETHUSDT)
2023-10-14 18:35:11,358
+BTCUSDT: bp1.0|+ETHUSDT: bp1.0|
2023-10-14 18:35:12,573
update 3: filled 1 / 3 (+XRPUSDT) | working 2 / 3 (+BTCUSDT,+ETHUSDT)
2023-10-14 18:35:16,573
+BTCUSDT: bp1.0|+ETHUSDT: bp1.0|
2023-10-14 18:35:17,790
update 4: filled 1 / 3 (+XRPUSDT) | working 2 / 3 (+BTCUSDT,+ETHUSDT)
2023-10-14 18:35:21,790
+BTCUSDT: bp1.0|+ETHUSDT: bp1.0|
2023-10-14 18:35:23,005
update 5: filled 1 / 3 (+XRPUSDT) | working 2 / 3 (+BTCUSDT,+ETHUSDT)
2023-10-14 18:35:27,006
+BTCUSDT: bp3.0|+ETHUSDT: bp1.0|
2023-10-14 18:35:28,225
update 6: filled 1 / 3 (+XRPUSDT) | working 2 / 3 (+BTCUSDT,+ETHUSDT)
2023-10-14 18:35:32,225
+BTCUSDT: bp3.0|+ETHUSDT: bp2.0|
2023-10-14 18:35:33,445
update 7: filled 1 / 3 (+XRPUSDT) | working 2 / 3 (+BTCUSDT,+ETHUSDT)
2023-10-14 18:35:37,446
+BTCUSDT: bp3.0|+ETHUSDT: bp2.0|
2023-10-14 18:35:38,663
update 8: filled 1 / 3 (+XRPUSDT) | working 2 / 3 (+BTCUSDT,+ETHUSDT)
2023-10-14 18:35:42,664
+BTCUSDT: bp3.0|+ETHUSDT: bp2.0|
2023-10-14 18:35:43,880
update 9: filled 1 / 3 (+XRPUSDT) | working 2 / 3 (+BTCUSDT,+ETHUSDT)
2023-10-14 18:35:47,880
+BTCUSDT: bp3.0|+ETHUSDT: bp1.0|
2023-10-14 18:35:49,097
update 10: filled 1 / 3 (+XRPUSDT) | working 2 / 3 (+BTCUSDT,+ETHUSDT)
2023-10-14 18:35:53,097
+BTCUSDT: bp3.0|+ETHUSDT: bp1.0|
2023-10-14 18:35:54,314
update 11: filled 1 / 3 (+XRPUSDT) | working 2 / 3 (+BTCUSDT,+ETHUSDT)
2023-10-14 18:35:58,315
+BTCUSDT: bp3.0|+ETHUSDT: bp1.0|
2023-10-14 18:35:59,532
update 12: filled 1 / 3 (+XRPUSDT) | working 2 / 3 (+BTCUSDT,+ETHUSDT)
2023-10-14 18:36:03,532
+BTCUSDT: bp3.0|+ETHUSDT: bp2.0|
2023-10-14 18:36:04,747
update 13: filled 1 / 3 (+XRPUSDT) | working 2 / 3 (+BTCUSDT,+ETHUSDT)
2023-10-14 18:36:08,748
+BTCUSDT: bp3.0|+ETHUSDT: bp2.0|
2023-10-14 18:36:09,964
update 14: filled 1 / 3 (+XRPUSDT) | working 2 / 3 (+BTCUSDT,+ETHUSDT)
2023-10-14 18:36:13,964
+BTCUSDT: bp3.0|+ETHUSDT: bp2.0|
2023-10-14 18:36:13,965
Adjustment limit #4 ... 
 we cancel current orders and replace
2023-10-14 18:36:13,965
@+/-0.3125bp limit 
2023-10-14 18:36:13,965
binance_cancel_and_replace_orders_peg 20231014_183613
2023-10-14 18:36:15,794
binance_place_orders_peg 20231014_183615
2023-10-14 18:36:16,203
{'orderId': 198589368021, 'symbol': 'BTCUSDT', 'status': 'NEW', 'clientOrderId': 'gKMQxC7lwO9lq4ZFFAk7y5', 'price': '26871.50', 'avgPrice': '0.00', 'origQty': '0.002', 'executedQty': '0.000', 'cumQty': '0.000', 'cumQuote': '0.00000', 'timeInForce': 'GTC', 'type': 'LIMIT', 'reduceOnly': False, 'closePosition': False, 'side': 'BUY', 'positionSide': 'BOTH', 'stopPrice': '0.00', 'workingType': 'CONTRACT_PRICE', 'priceProtect': False, 'origType': 'LIMIT', 'priceMatch': 'NONE', 'selfTradePreventionMode': 'NONE', 'goodTillDate': 0, 'updateTime': 1697308576099}
2023-10-14 18:36:16,610
{'orderId': 8389765621320961488, 'symbol': 'ETHUSDT', 'status': 'NEW', 'clientOrderId': 'mG9k2SDVc2POdH7P4mEoC1', 'price': '1554.38', 'avgPrice': '0.00', 'origQty': '0.030', 'executedQty': '0.000', 'cumQty': '0.000', 'cumQuote': '0.00000', 'timeInForce': 'GTC', 'type': 'LIMIT', 'reduceOnly': False, 'closePosition': False, 'side': 'BUY', 'positionSide': 'BOTH', 'stopPrice': '0.00', 'workingType': 'CONTRACT_PRICE', 'priceProtect': False, 'origType': 'LIMIT', 'priceMatch': 'NONE', 'selfTradePreventionMode': 'NONE', 'goodTillDate': 0, 'updateTime': 1697308576506}
2023-10-14 18:36:17,830
update 0: filled 1 / 3 (+XRPUSDT) | working 2 / 3 (+BTCUSDT,+ETHUSDT)
2023-10-14 18:36:21,831
+BTCUSDT: bp0.0|+ETHUSDT: bp0.0|
2023-10-14 18:36:23,054
update 1: filled 1 / 3 (+XRPUSDT) | working 2 / 3 (+BTCUSDT,+ETHUSDT)
2023-10-14 18:36:27,055
+BTCUSDT: bp0.0|+ETHUSDT: bp0.0|
2023-10-14 18:36:28,272
update 2: filled 1 / 3 (+XRPUSDT) | working 2 / 3 (+BTCUSDT,+ETHUSDT)
2023-10-14 18:36:32,272
+BTCUSDT: bp0.0|+ETHUSDT: bp0.0|
2023-10-14 18:36:33,487
update 3: filled 1 / 3 (+XRPUSDT) | working 2 / 3 (+BTCUSDT,+ETHUSDT)
2023-10-14 18:36:37,488
+BTCUSDT: bp0.0|+ETHUSDT: bp0.0|
2023-10-14 18:36:38,705
update 4: filled 1 / 3 (+XRPUSDT) | working 2 / 3 (+BTCUSDT,+ETHUSDT)
2023-10-14 18:36:42,706
+BTCUSDT: bp0.0|+ETHUSDT: bp0.0|
2023-10-14 18:36:43,923
update 5: filled 1 / 3 (+XRPUSDT) | working 2 / 3 (+BTCUSDT,+ETHUSDT)
2023-10-14 18:36:47,924
+BTCUSDT: bp0.0|+ETHUSDT: bp0.0|
2023-10-14 18:36:49,146
update 6: filled 1 / 3 (+XRPUSDT) | working 2 / 3 (+BTCUSDT,+ETHUSDT)
2023-10-14 18:36:53,146
+BTCUSDT: bp0.0|+ETHUSDT: bp0.0|
2023-10-14 18:36:54,362
update 7: filled 1 / 3 (+XRPUSDT) | working 2 / 3 (+BTCUSDT,+ETHUSDT)
2023-10-14 18:36:58,362
+BTCUSDT: bp0.0|+ETHUSDT: bp0.0|
2023-10-14 18:36:59,578
update 8: filled 1 / 3 (+XRPUSDT) | working 2 / 3 (+BTCUSDT,+ETHUSDT)
2023-10-14 18:37:03,579
+BTCUSDT: bp0.0|+ETHUSDT: bp0.0|
2023-10-14 18:37:04,798
update 9: filled 1 / 3 (+XRPUSDT) | working 2 / 3 (+BTCUSDT,+ETHUSDT)
2023-10-14 18:37:08,798
+BTCUSDT: bp0.0|+ETHUSDT: bp1.0|
2023-10-14 18:37:10,014
update 10: filled 1 / 3 (+XRPUSDT) | working 2 / 3 (+BTCUSDT,+ETHUSDT)
2023-10-14 18:37:14,015
+BTCUSDT: bp0.0|+ETHUSDT: bp1.0|
2023-10-14 18:37:15,232
update 11: filled 1 / 3 (+XRPUSDT) | working 2 / 3 (+BTCUSDT,+ETHUSDT)
2023-10-14 18:37:19,233
+BTCUSDT: bp0.0|+ETHUSDT: bp1.0|
2023-10-14 18:37:20,448
update 12: filled 1 / 3 (+XRPUSDT) | working 2 / 3 (+BTCUSDT,+ETHUSDT)
2023-10-14 18:37:24,449
+BTCUSDT: bp0.0|+ETHUSDT: bp1.0|
2023-10-14 18:37:25,665
update 13: filled 1 / 3 (+XRPUSDT) | working 2 / 3 (+BTCUSDT,+ETHUSDT)
2023-10-14 18:37:29,665
+BTCUSDT: bp0.0|+ETHUSDT: bp1.0|
2023-10-14 18:37:30,887
update 14: filled 1 / 3 (+XRPUSDT) | working 2 / 3 (+BTCUSDT,+ETHUSDT)
2023-10-14 18:37:34,888
+BTCUSDT: bp0.0|+ETHUSDT: bp1.0|
2023-10-14 18:37:34,888
Adjustment limit #5 ... 
 we cancel current orders and replace
2023-10-14 18:37:34,888
@+/-0.15625bp limit 
2023-10-14 18:37:34,888
binance_cancel_and_replace_orders_peg 20231014_183734
2023-10-14 18:37:36,723
binance_place_orders_peg 20231014_183736
2023-10-14 18:37:37,130
{'orderId': 198589442475, 'symbol': 'BTCUSDT', 'status': 'NEW', 'clientOrderId': '0HeVueNVb3XLfEJ91Lvvti', 'price': '26871.90', 'avgPrice': '0.00', 'origQty': '0.002', 'executedQty': '0.000', 'cumQty': '0.000', 'cumQuote': '0.00000', 'timeInForce': 'GTC', 'type': 'LIMIT', 'reduceOnly': False, 'closePosition': False, 'side': 'BUY', 'positionSide': 'BOTH', 'stopPrice': '0.00', 'workingType': 'CONTRACT_PRICE', 'priceProtect': False, 'origType': 'LIMIT', 'priceMatch': 'NONE', 'selfTradePreventionMode': 'NONE', 'goodTillDate': 0, 'updateTime': 1697308657027}
2023-10-14 18:37:37,536
{'orderId': 8389765621321022708, 'symbol': 'ETHUSDT', 'status': 'NEW', 'clientOrderId': 'oREvFeRGto9CfJto5DpfvF', 'price': '1554.52', 'avgPrice': '0.00', 'origQty': '0.030', 'executedQty': '0.000', 'cumQty': '0.000', 'cumQuote': '0.00000', 'timeInForce': 'GTC', 'type': 'LIMIT', 'reduceOnly': False, 'closePosition': False, 'side': 'BUY', 'positionSide': 'BOTH', 'stopPrice': '0.00', 'workingType': 'CONTRACT_PRICE', 'priceProtect': False, 'origType': 'LIMIT', 'priceMatch': 'NONE', 'selfTradePreventionMode': 'NONE', 'goodTillDate': 0, 'updateTime': 1697308657432}
2023-10-14 18:37:38,755
update 0: filled 1 / 3 (+XRPUSDT) | working 2 / 3 (+BTCUSDT,+ETHUSDT)
2023-10-14 18:37:42,755
+BTCUSDT: bp0.0|+ETHUSDT: bp0.0|
2023-10-14 18:37:43,970
update 1: filled 1 / 3 (+XRPUSDT) | working 2 / 3 (+BTCUSDT,+ETHUSDT)
2023-10-14 18:37:47,970
+BTCUSDT: bp0.0|+ETHUSDT: bp0.0|
2023-10-14 18:37:49,186
update 2: filled 1 / 3 (+XRPUSDT) | working 2 / 3 (+BTCUSDT,+ETHUSDT)
2023-10-14 18:37:53,186
+BTCUSDT: bp0.0|+ETHUSDT: bp0.0|
2023-10-14 18:37:54,406
update 3: filled 1 / 3 (+XRPUSDT) | working 2 / 3 (+BTCUSDT,+ETHUSDT)
2023-10-14 18:37:58,407
+BTCUSDT: bp0.0|+ETHUSDT: bp0.0|
2023-10-14 18:37:59,621
update 4: filled 1 / 3 (+XRPUSDT) | working 2 / 3 (+BTCUSDT,+ETHUSDT)
2023-10-14 18:38:03,622
+BTCUSDT: bp0.0|+ETHUSDT: bp0.0|
2023-10-14 18:38:04,839
update 5: filled 1 / 3 (+XRPUSDT) | working 2 / 3 (+BTCUSDT,+ETHUSDT)
2023-10-14 18:38:08,839
+BTCUSDT: bp0.0|+ETHUSDT: bp0.0|
2023-10-14 18:38:10,056
update 6: filled 1 / 3 (+XRPUSDT) | working 2 / 3 (+BTCUSDT,+ETHUSDT)
2023-10-14 18:38:14,056
+BTCUSDT: bp0.0|+ETHUSDT: bp0.0|
2023-10-14 18:38:15,273
update 7: filled 1 / 3 (+XRPUSDT) | working 2 / 3 (+BTCUSDT,+ETHUSDT)
2023-10-14 18:38:19,274
+BTCUSDT: bp0.0|+ETHUSDT: bp0.0|
2023-10-14 18:38:20,490
update 8: filled 1 / 3 (+XRPUSDT) | working 2 / 3 (+BTCUSDT,+ETHUSDT)
2023-10-14 18:38:24,491
+BTCUSDT: bp0.0|+ETHUSDT: bp0.0|
2023-10-14 18:38:25,706
update 9: filled 1 / 3 (+XRPUSDT) | working 2 / 3 (+BTCUSDT,+ETHUSDT)
2023-10-14 18:38:29,707
+BTCUSDT: bp0.0|+ETHUSDT: bp0.0|
2023-10-14 18:38:30,923
update 10: filled 1 / 3 (+XRPUSDT) | working 2 / 3 (+BTCUSDT,+ETHUSDT)
2023-10-14 18:38:34,924
+BTCUSDT: bp0.0|+ETHUSDT: bp0.0|
2023-10-14 18:38:36,145
update 11: filled 1 / 3 (+XRPUSDT) | working 2 / 3 (+BTCUSDT,+ETHUSDT)
2023-10-14 18:38:40,146
+BTCUSDT: bp1.0|+ETHUSDT: bp0.0|
2023-10-14 18:38:41,360
update 12: filled 1 / 3 (+XRPUSDT) | working 2 / 3 (+BTCUSDT,+ETHUSDT)
2023-10-14 18:38:45,361
+BTCUSDT: bp1.0|+ETHUSDT: bp0.0|
2023-10-14 18:38:46,586
update 13: filled 1 / 3 (+XRPUSDT) | working 2 / 3 (+BTCUSDT,+ETHUSDT)
2023-10-14 18:38:50,587
+BTCUSDT: bp1.0|+ETHUSDT: bp0.0|
2023-10-14 18:38:51,803
update 14: filled 1 / 3 (+XRPUSDT) | working 2 / 3 (+BTCUSDT,+ETHUSDT)
2023-10-14 18:38:55,803
+BTCUSDT: bp1.0|+ETHUSDT: bp0.0|
2023-10-14 18:38:55,804
Adjustment limit #6 ... 
 we cancel current orders and replace
2023-10-14 18:38:55,804
@+/-0.078125bp limit 
2023-10-14 18:38:55,804
binance_cancel_and_replace_orders_peg 20231014_183855
2023-10-14 18:38:57,637
binance_place_orders_peg 20231014_183857
2023-10-14 18:38:58,043
{'orderId': 198589521216, 'symbol': 'BTCUSDT', 'status': 'NEW', 'clientOrderId': 'CuFMuP311rIcPTSkMWmtqE', 'price': '26873.60', 'avgPrice': '0.00', 'origQty': '0.002', 'executedQty': '0.000', 'cumQty': '0.000', 'cumQuote': '0.00000', 'timeInForce': 'GTC', 'type': 'LIMIT', 'reduceOnly': False, 'closePosition': False, 'side': 'BUY', 'positionSide': 'BOTH', 'stopPrice': '0.00', 'workingType': 'CONTRACT_PRICE', 'priceProtect': False, 'origType': 'LIMIT', 'priceMatch': 'NONE', 'selfTradePreventionMode': 'NONE', 'goodTillDate': 0, 'updateTime': 1697308737939}
2023-10-14 18:38:58,451
{'orderId': 8389765621321062259, 'symbol': 'ETHUSDT', 'status': 'NEW', 'clientOrderId': 'AUV1xe7wyguUhD5oGoKFgf', 'price': '1554.53', 'avgPrice': '0.00', 'origQty': '0.030', 'executedQty': '0.000', 'cumQty': '0.000', 'cumQuote': '0.00000', 'timeInForce': 'GTC', 'type': 'LIMIT', 'reduceOnly': False, 'closePosition': False, 'side': 'BUY', 'positionSide': 'BOTH', 'stopPrice': '0.00', 'workingType': 'CONTRACT_PRICE', 'priceProtect': False, 'origType': 'LIMIT', 'priceMatch': 'NONE', 'selfTradePreventionMode': 'NONE', 'goodTillDate': 0, 'updateTime': 1697308738345}
2023-10-14 18:38:59,668
update 0: filled 1 / 3 (+XRPUSDT) | working 2 / 3 (+BTCUSDT,+ETHUSDT)
2023-10-14 18:39:03,669
+BTCUSDT: bp0.0|+ETHUSDT: bp0.0|
2023-10-14 18:39:04,883
update 1: filled 1 / 3 (+XRPUSDT) | working 2 / 3 (+BTCUSDT,+ETHUSDT)
2023-10-14 18:39:08,884
+BTCUSDT: bp0.0|+ETHUSDT: bp0.0|
2023-10-14 18:39:10,102
update 2: filled 1 / 3 (+XRPUSDT) | working 2 / 3 (+BTCUSDT,+ETHUSDT)
2023-10-14 18:39:14,104
+BTCUSDT: bp0.0|+ETHUSDT: bp0.0|
2023-10-14 18:39:15,320
update 3: filled 1 / 3 (+XRPUSDT) | working 2 / 3 (+BTCUSDT,+ETHUSDT)
2023-10-14 18:39:19,321
+BTCUSDT: bp0.0|+ETHUSDT: bp0.0|
2023-10-14 18:39:20,537
update 4: filled 1 / 3 (+XRPUSDT) | working 2 / 3 (+BTCUSDT,+ETHUSDT)
2023-10-14 18:39:24,537
+BTCUSDT: bp0.0|+ETHUSDT: bp0.0|
2023-10-14 18:39:25,753
update 5: filled 1 / 3 (+XRPUSDT) | working 2 / 3 (+BTCUSDT,+ETHUSDT)
2023-10-14 18:39:29,753
+BTCUSDT: bp0.0|+ETHUSDT: bp0.0|
2023-10-14 18:39:30,969
update 6: filled 1 / 3 (+XRPUSDT) | working 2 / 3 (+BTCUSDT,+ETHUSDT)
2023-10-14 18:39:34,970
+BTCUSDT: bp0.0|+ETHUSDT: bp0.0|
2023-10-14 18:39:36,186
update 7: filled 1 / 3 (+XRPUSDT) | working 2 / 3 (+BTCUSDT,+ETHUSDT)
2023-10-14 18:39:40,187
+BTCUSDT: bp0.0|+ETHUSDT: bp0.0|
2023-10-14 18:39:41,403
update 8: filled 1 / 3 (+XRPUSDT) | working 2 / 3 (+BTCUSDT,+ETHUSDT)
2023-10-14 18:39:45,403
+BTCUSDT: bp0.0|+ETHUSDT: bp0.0|
2023-10-14 18:39:46,621
update 9: filled 1 / 3 (+XRPUSDT) | working 2 / 3 (+BTCUSDT,+ETHUSDT)
2023-10-14 18:39:50,622
+BTCUSDT: bp0.0|+ETHUSDT: bp0.0|
2023-10-14 18:39:51,838
update 10: filled 1 / 3 (+XRPUSDT) | working 2 / 3 (+BTCUSDT,+ETHUSDT)
2023-10-14 18:39:55,839
+BTCUSDT: bp0.0|+ETHUSDT: bp0.0|
2023-10-14 18:39:57,056
update 11: filled 1 / 3 (+XRPUSDT) | working 2 / 3 (+BTCUSDT,+ETHUSDT)
2023-10-14 18:40:01,057
+BTCUSDT: bp0.0|+ETHUSDT: bp0.0|
2023-10-14 18:40:02,276
update 12: filled 3 / 3 (+XRPUSDT,+BTCUSDT,+ETHUSDT) | working 0 / 3 ()
2023-10-14 18:40:08,939
Trades of the day
in$
as of: 14Oct 18:33>>18:40 (#trades: 3)
trade net: +147.0 (+53.1%), trade gross: +147.0 (+53.1%), BUY: +147.0 (+53.1%), SELL: +0.0 (+0.0%)
fees: $ 0.029 (2.0bp)
2023-10-14 18:40:09,561
Trades: 
Filled #3
______________________________________________
                   in$ | in bp 146 traded | in bp 276 AUMs
realizedPnl    +0      | +0      | +0     
PnLvsArrival   -0.05   | -3      | -2     
PnLvsLast      -0.03   | -2      | -1     
______________________________________________
                 | Value$ | PnL Arrival/Last 
______________________________________________
XRP:+94.9@0.4863 | +46$ | 0.01/-0.01
ETH:+0.03@1554.53 | +47$ | -0.04/-0.01
BTC:+0.002@26873.6 | +54$ | -0.02/-0.01
2023-10-14 18:40:10,114
***************************
Positions after orders
***************************
2023-10-14 18:40:10,115
      symbol  qty_ptf    execP  ...   updateTime   AUMs     w%
235  BTCUSDT    0.002  26873.6  ...  14Oct-18:40  276.8  0.194
146  ETHUSDT    0.030  1554.53  ...  14Oct-18:40  276.8  0.168
117  XRPUSDT   94.900   0.4863  ...  14Oct-18:33  276.8  0.167

[3 rows x 10 columns]
2023-10-14 18:40:10,122
***************************
2023-10-14 18:40:10,726
3 STOP orders will be placed
2023-10-14 18:40:10,726
@+/-500.0bp limit
2023-10-14 18:40:10,726
binance_place_orders_peg 20231014_184010
2023-10-14 18:40:11,130
{'orderId': 198589623057, 'symbol': 'BTCUSDT', 'status': 'NEW', 'clientOrderId': '5aWV6B8qXLCLnsDWESNjTk', 'price': '0.00', 'avgPrice': '0.00', 'origQty': '0.002', 'executedQty': '0.000', 'cumQty': '0.000', 'cumQuote': '0.00000', 'timeInForce': 'GTC', 'type': 'STOP_MARKET', 'reduceOnly': False, 'closePosition': False, 'side': 'SELL', 'positionSide': 'BOTH', 'stopPrice': '25526.60', 'workingType': 'CONTRACT_PRICE', 'priceProtect': False, 'origType': 'STOP_MARKET', 'priceMatch': 'NONE', 'selfTradePreventionMode': 'NONE', 'goodTillDate': 0, 'updateTime': 1697308811029}
2023-10-14 18:40:11,538
{'orderId': 8389765621321110034, 'symbol': 'ETHUSDT', 'status': 'NEW', 'clientOrderId': 'crwn5eo6WsDbmx93ogdrjj', 'price': '0.00', 'avgPrice': '0.00', 'origQty': '0.030', 'executedQty': '0.000', 'cumQty': '0.000', 'cumQuote': '0.00000', 'timeInForce': 'GTC', 'type': 'STOP_MARKET', 'reduceOnly': False, 'closePosition': False, 'side': 'SELL', 'positionSide': 'BOTH', 'stopPrice': '1476.58', 'workingType': 'CONTRACT_PRICE', 'priceProtect': False, 'origType': 'STOP_MARKET', 'priceMatch': 'NONE', 'selfTradePreventionMode': 'NONE', 'goodTillDate': 0, 'updateTime': 1697308811433}
2023-10-14 18:40:11,943
{'orderId': 43150927605, 'symbol': 'XRPUSDT', 'status': 'NEW', 'clientOrderId': '6fgKCBLVMOUPA6yvj63Kdi', 'price': '0.0000', 'avgPrice': '0.00', 'origQty': '94.9', 'executedQty': '0.0', 'cumQty': '0.0', 'cumQuote': '0.00000', 'timeInForce': 'GTC', 'type': 'STOP_MARKET', 'reduceOnly': False, 'closePosition': False, 'side': 'SELL', 'positionSide': 'BOTH', 'stopPrice': '0.4619', 'workingType': 'CONTRACT_PRICE', 'priceProtect': False, 'origType': 'STOP_MARKET', 'priceMatch': 'NONE', 'selfTradePreventionMode': 'NONE', 'goodTillDate': 0, 'updateTime': 1697308811841}
