2023-12-05 00:31:04,451
ON program started 20231205 00:31:04,
US time: 20231204 19:31:04
2023-12-05 00:31:04,951
the strat is currently running @ 05-12-2023 and the target positions is SHORT
2023-12-05 00:31:06,351
CURRENT STATUS IS SHORT, WE CHECK IF THE DAY IS A NEGATIVE ONE
-----
return before 14h30:
BTCUSDT+0.00%, ETHUSDT+0.00%, XRPUSDT+0.00%
-----
target alloc initial:BTCUSDT-4.17%, ETHUSDT+0.00%, XRPUSDT-4.17%
-----
alloc target x rt%<0:BTCUSDT-0.00%, ETHUSDT+0.00%, XRPUSDT-0.00%
-----
           BTCUSDT ETHUSDT XRPUSDT
w_target     -4.2%    0.0%   -4.2%
rt_14h30     0.00%   0.00%   0.00%
w_target_f   -0.0%    0.0%   -0.0%
2023-12-05 00:31:06,352
Portfolio was rebalanced less than 2 hours ago, 1.0 hours ago
2023-12-05 00:31:06,355
Status: prev = SHORT <> SHORT = target
2023-12-05 00:31:06,355
the strat is currently running @ 05-12-2023 and the target positions is SHORT
the strat was previously run @ 2023-12-04 23:30:38 UTC, success:? 
   and the current positions is SHORT
2023-12-05 00:31:07,580
positions_future #1
2023-12-05 00:31:07,580
      symbol  positionAmt entryPrice  ... adlQuantile AUMs_account        w%
124  XRPUSDT        -18.7     0.6233  ...           2        290.1 -0.040137

[1 rows x 12 columns]
2023-12-05 00:31:07,820
------------------------------
binance_account_balance
2023-12-05 00:31:07,820
  asset     balance  ... marginAvailable   updateTime
5  USDT  290.057635  ...            True  04Dec-23:31

[1 rows x 8 columns]
2023-12-05 00:31:08,276
------------------------------
open_orders
2023-12-05 00:31:08,276
Empty DataFrame
Columns: []
Index: []
2023-12-05 00:31:08,938
------------------------------
AUMS account:290

2023-12-05 00:31:08,940
--------------- compute_futures_order_book() ----------------
2023-12-05 00:31:10,504
----------------------------------------------------------------------
#1 order(s) to place
gross$: 12$ | net$: +12$
gross%: 4% | net%: +4%
 || w>0%  +4% | w<0%  0%
----------------------------------------------------------------------
PTF Expo% -4.1% >> 0.0% (current>>target)
PTF expo $-12.0 >> $0 (current>>target)
----------------------------------------------------------------------
2023-12-05 00:31:10,505
orders_ofthe_day
2023-12-05 00:31:10,505
                  ptf_usd  target_usd  totrd_usd  ...  posttrd_w     bid     ask
2023-12-05 00:31                                  ...                           
XRPUSDT             -12.0        -0.0       12.0  ...        0.0  0.6227  0.6228

[1 rows x 9 columns]
2023-12-05 00:31:12,205
binance_place_orders_peg 20231205_003112
2023-12-05 00:31:12,647
{'orderId': 46168537038, 'symbol': 'XRPUSDT', 'status': 'NEW', 'clientOrderId': 'I2AZezeo2NJNHuo2foWPMt', 'price': '0.6225', 'avgPrice': '0.00', 'origQty': '18.7', 'executedQty': '0.0', 'cumQty': '0.0', 'cumQuote': '0.00000', 'timeInForce': 'GTC', 'type': 'LIMIT', 'reduceOnly': False, 'closePosition': False, 'side': 'BUY', 'positionSide': 'BOTH', 'stopPrice': '0.0000', 'workingType': 'CONTRACT_PRICE', 'priceProtect': False, 'origType': 'LIMIT', 'priceMatch': 'NONE', 'selfTradePreventionMode': 'NONE', 'goodTillDate': 0, 'updateTime': 1701736272536}
2023-12-05 00:31:13,798
update 0: filled 0 / 1 () | working 1 / 1 (+XRPUSDT)
2023-12-05 00:31:17,799
+XRPUSDT: bp5.0|
2023-12-05 00:31:18,242
update 1: filled 0 / 1 () | working 1 / 1 (+XRPUSDT)
2023-12-05 00:31:22,243
+XRPUSDT: bp5.0|
2023-12-05 00:31:22,688
update 2: filled 0 / 1 () | working 1 / 1 (+XRPUSDT)
2023-12-05 00:31:26,689
+XRPUSDT: bp3.0|
2023-12-05 00:31:27,133
update 3: filled 0 / 1 () | working 1 / 1 (+XRPUSDT)
2023-12-05 00:31:31,133
+XRPUSDT: bp5.0|
2023-12-05 00:31:31,576
update 4: filled 0 / 1 () | working 1 / 1 (+XRPUSDT)
2023-12-05 00:31:35,577
+XRPUSDT: bp5.0|
2023-12-05 00:31:36,024
update 5: filled 0 / 1 () | working 1 / 1 (+XRPUSDT)
2023-12-05 00:31:40,025
+XRPUSDT: bp5.0|
2023-12-05 00:31:40,468
update 6: filled 0 / 1 () | working 1 / 1 (+XRPUSDT)
2023-12-05 00:31:44,468
+XRPUSDT: bp10.0|
2023-12-05 00:31:44,913
update 7: filled 0 / 1 () | working 1 / 1 (+XRPUSDT)
2023-12-05 00:31:48,913
+XRPUSDT: bp11.0|
2023-12-05 00:31:49,358
update 8: filled 0 / 1 () | working 1 / 1 (+XRPUSDT)
2023-12-05 00:31:53,358
+XRPUSDT: bp13.0|
2023-12-05 00:31:53,804
update 9: filled 0 / 1 () | working 1 / 1 (+XRPUSDT)
2023-12-05 00:31:57,805
+XRPUSDT: bp11.0|
2023-12-05 00:31:58,249
update 10: filled 0 / 1 () | working 1 / 1 (+XRPUSDT)
2023-12-05 00:32:02,249
+XRPUSDT: bp10.0|
2023-12-05 00:32:02,698
update 11: filled 0 / 1 () | working 1 / 1 (+XRPUSDT)
2023-12-05 00:32:06,699
+XRPUSDT: bp11.0|
2023-12-05 00:32:07,147
update 12: filled 0 / 1 () | working 1 / 1 (+XRPUSDT)
2023-12-05 00:32:11,148
+XRPUSDT: bp11.0|
2023-12-05 00:32:11,592
update 13: filled 0 / 1 () | working 1 / 1 (+XRPUSDT)
2023-12-05 00:32:15,592
+XRPUSDT: bp11.0|
2023-12-05 00:32:16,036
update 14: filled 0 / 1 () | working 1 / 1 (+XRPUSDT)
2023-12-05 00:32:20,037
+XRPUSDT: bp11.0|
2023-12-05 00:32:20,037
Adjustment limit #1 ... 
 we cancel current orders and replace
2023-12-05 00:32:20,037
@+/-2.5bp limit 
2023-12-05 00:32:20,037
binance_cancel_and_replace_orders_peg 20231205_003220
2023-12-05 00:32:20,705
binance_place_orders_peg 20231205_003220
2023-12-05 00:32:21,148
{'orderId': 46168587476, 'symbol': 'XRPUSDT', 'status': 'NEW', 'clientOrderId': 'I2AZezeo2NJNHuo2foWPMt', 'price': '0.6229', 'avgPrice': '0.00', 'origQty': '18.7', 'executedQty': '0.0', 'cumQty': '0.0', 'cumQuote': '0.00000', 'timeInForce': 'GTC', 'type': 'LIMIT', 'reduceOnly': False, 'closePosition': False, 'side': 'BUY', 'positionSide': 'BOTH', 'stopPrice': '0.0000', 'workingType': 'CONTRACT_PRICE', 'priceProtect': False, 'origType': 'LIMIT', 'priceMatch': 'NONE', 'selfTradePreventionMode': 'NONE', 'goodTillDate': 0, 'updateTime': 1701736341036}
2023-12-05 00:32:21,592
update 0: filled 0 / 1 () | working 1 / 1 (+XRPUSDT)
2023-12-05 00:32:25,593
+XRPUSDT: bp5.0|
2023-12-05 00:32:26,036
update 1: filled 0 / 1 () | working 1 / 1 (+XRPUSDT)
2023-12-05 00:32:30,037
+XRPUSDT: bp5.0|
2023-12-05 00:32:30,480
update 2: filled 0 / 1 () | working 1 / 1 (+XRPUSDT)
2023-12-05 00:32:34,481
+XRPUSDT: bp5.0|
2023-12-05 00:32:34,923
update 3: filled 0 / 1 () | working 1 / 1 (+XRPUSDT)
2023-12-05 00:32:38,924
+XRPUSDT: bp5.0|
2023-12-05 00:32:39,368
update 4: filled 0 / 1 () | working 1 / 1 (+XRPUSDT)
2023-12-05 00:32:43,368
+XRPUSDT: bp5.0|
2023-12-05 00:32:43,813
update 5: filled 0 / 1 () | working 1 / 1 (+XRPUSDT)
2023-12-05 00:32:47,813
+XRPUSDT: bp5.0|
2023-12-05 00:32:48,256
update 6: filled 0 / 1 () | working 1 / 1 (+XRPUSDT)
2023-12-05 00:32:52,257
+XRPUSDT: bp6.0|
2023-12-05 00:32:52,700
update 7: filled 0 / 1 () | working 1 / 1 (+XRPUSDT)
2023-12-05 00:32:56,701
+XRPUSDT: bp6.0|
2023-12-05 00:32:57,144
update 8: filled 0 / 1 () | working 1 / 1 (+XRPUSDT)
2023-12-05 00:33:01,145
+XRPUSDT: bp5.0|
2023-12-05 00:33:01,588
update 9: filled 0 / 1 () | working 1 / 1 (+XRPUSDT)
2023-12-05 00:33:05,588
+XRPUSDT: bp5.0|
2023-12-05 00:33:06,035
update 10: filled 0 / 1 () | working 1 / 1 (+XRPUSDT)
2023-12-05 00:33:10,035
+XRPUSDT: bp5.0|
2023-12-05 00:33:10,481
update 11: filled 0 / 1 () | working 1 / 1 (+XRPUSDT)
2023-12-05 00:33:14,481
+XRPUSDT: bp5.0|
2023-12-05 00:33:14,925
update 12: filled 0 / 1 () | working 1 / 1 (+XRPUSDT)
2023-12-05 00:33:18,925
+XRPUSDT: bp2.0|
2023-12-05 00:33:19,369
update 13: filled 0 / 1 () | working 1 / 1 (+XRPUSDT)
2023-12-05 00:33:23,369
+XRPUSDT: bp2.0|
2023-12-05 00:33:23,812
update 14: filled 0 / 1 () | working 1 / 1 (+XRPUSDT)
2023-12-05 00:33:27,813
+XRPUSDT: bp2.0|
2023-12-05 00:33:27,813
Adjustment limit #2 ... 
 we cancel current orders and replace
2023-12-05 00:33:27,813
@+/-1.25bp limit 
2023-12-05 00:33:27,813
binance_cancel_and_replace_orders_peg 20231205_003327
2023-12-05 00:33:28,480
binance_place_orders_peg 20231205_003328
2023-12-05 00:33:28,928
{'orderId': 46168631809, 'symbol': 'XRPUSDT', 'status': 'NEW', 'clientOrderId': 'I2AZezeo2NJNHuo2foWPMt', 'price': '0.6228', 'avgPrice': '0.00', 'origQty': '18.7', 'executedQty': '0.0', 'cumQty': '0.0', 'cumQuote': '0.00000', 'timeInForce': 'GTC', 'type': 'LIMIT', 'reduceOnly': False, 'closePosition': False, 'side': 'BUY', 'positionSide': 'BOTH', 'stopPrice': '0.0000', 'workingType': 'CONTRACT_PRICE', 'priceProtect': False, 'origType': 'LIMIT', 'priceMatch': 'NONE', 'selfTradePreventionMode': 'NONE', 'goodTillDate': 0, 'updateTime': 1701736408813}
2023-12-05 00:33:29,374
update 0: filled 0 / 1 () | working 1 / 1 (+XRPUSDT)
2023-12-05 00:33:33,375
+XRPUSDT: bp3.0|
2023-12-05 00:33:33,818
update 1: filled 0 / 1 () | working 1 / 1 (+XRPUSDT)
2023-12-05 00:33:37,818
+XRPUSDT: bp2.0|
2023-12-05 00:33:38,269
update 2: filled 0 / 1 () | working 1 / 1 (+XRPUSDT)
2023-12-05 00:33:42,269
+XRPUSDT: bp-0.0|
2023-12-05 00:33:42,714
update 3: filled 0 / 1 () | working 1 / 1 (+XRPUSDT)
2023-12-05 00:33:46,714
+XRPUSDT: bp2.0|
2023-12-05 00:33:47,159
update 4: filled 0 / 1 () | working 1 / 1 (+XRPUSDT)
2023-12-05 00:33:51,159
+XRPUSDT: bp2.0|
2023-12-05 00:33:51,603
update 5: filled 0 / 1 () | working 1 / 1 (+XRPUSDT)
2023-12-05 00:33:55,603
+XRPUSDT: bp2.0|
2023-12-05 00:33:56,047
update 6: filled 1 / 1 (+XRPUSDT) | working 0 / 1 ()
