2024-01-18 01:30:50,356
ON program started 20240118 01:30:50,
US time: 20240117 20:30:50
2024-01-18 01:30:51,063
the strat is currently running @ 18-01-2024 and the target positions is SHORT
2024-01-18 01:30:52,476
CURRENT STATUS IS SHORT, WE CHECK IF THE DAY IS A NEGATIVE ONE
-----
return before 14h30:
BTCUSDT+0.00%, ETHUSDT+0.00%, XRPUSDT+0.00%
-----
target alloc initial:BTCUSDT-4.17%, ETHUSDT+0.00%, XRPUSDT-4.17%
-----
alloc target x rt%<0:BTCUSDT-0.00%, ETHUSDT+0.00%, XRPUSDT-0.00%
-----
           BTCUSDT ETHUSDT XRPUSDT
w_target     -4.2%    0.0%   -4.2%
rt_14h30     0.00%   0.00%   0.00%
w_target_f   -0.0%    0.0%   -0.0%
2024-01-18 01:30:52,478
Portfolio was rebalanced less than 2 hours ago, 1.0 hours ago
2024-01-18 01:30:52,481
Status: prev = SHORT <> SHORT = target
2024-01-18 01:30:52,481
the strat is currently running @ 18-01-2024 and the target positions is SHORT
the strat was previously run @ 2024-01-18 00:31:08 UTC, success:? 
   and the current positions is SHORT
2024-01-18 01:30:53,719
positions_future #0
2024-01-18 01:30:53,719
Empty DataFrame
Columns: [symbol, positionAmt, entryPrice, breakEvenPrice, markPrice, unRealizedProfit, value_usd, updateTime, isolated, adlQuantile, AUMs_account, w%]
Index: []
2024-01-18 01:30:53,944
------------------------------
binance_account_balance
2024-01-18 01:30:53,944
  asset     balance  ...  marginAvailable   updateTime
5  USDT  289.637234  ...             True  18Jan-00:32

[1 rows x 8 columns]
2024-01-18 01:30:54,175
------------------------------
open_orders
2024-01-18 01:30:54,175
Empty DataFrame
Columns: []
Index: []
2024-01-18 01:30:54,831
------------------------------
AUMS account:289

2024-01-18 01:30:54,833
--------------- compute_futures_order_book() ----------------
2024-01-18 01:30:56,389
----------------------------------------------------------------------
#0 order(s) to place
gross$: 0$ | net$: +0$
gross%: 0% | net%: +0%
 || w>0%  +0% | w<0%  0%
----------------------------------------------------------------------
PTF Expo% 0.0% >> 0.0% (current>>target)
PTF expo $0.0 >> $0 (current>>target)
----------------------------------------------------------------------
2024-01-18 01:30:56,390
orders_ofthe_day
2024-01-18 01:30:56,390
Empty DataFrame
Columns: [ptf_usd, target_usd, totrd_usd, posttrd_usd, qty, posttrd_qty, posttrd_w, bid, ask, strategy]
Index: []
2024-01-18 01:30:56,463
Orders of the day is empty, current and target potfolios are aligned
2024-01-18 01:30:56,463
Program stopped
