2023-08-02 10:30:55,856
ON program started 20230802 10:30:55,
US time: 20230802 06:30:55
2023-08-02 10:30:56,408
the strat is currently running @ 02-08-2023 and the target positions is NEUTRAL
2023-08-02 10:30:57,738
CURRENT STATUS IS NEUTRAL
-----
return before 14h30:
BTCUSDT-0.48%, ETHUSDT-0.37%, XRPUSDT-0.59%
-----
target alloc initial:BTCUSDT+0.00%, ETHUSDT+0.00%, XRPUSDT+0.00%
-----
alloc target x rt%<0:BTCUSDT+0.00%, ETHUSDT+0.00%, XRPUSDT+0.00%
-----
           BTCUSDT ETHUSDT XRPUSDT
w_target      0.0%    0.0%    0.0%
rt_14h30    -0.00%  -0.00%  -0.01%
w_target_f    0.0%    0.0%    0.0%
2023-08-02 10:30:57,740
Portfolio was rebalanced less than 2 hours ago, 1.0 hours ago
2023-08-02 10:30:57,742
Status: prev = NEUTRAL <> NEUTRAL = target
2023-08-02 10:30:57,742
the strat is currently running @ 02-08-2023 and the target positions is NEUTRAL
the strat was previously run @ 2023-08-02 09:30:50 UTC, success:yes 
   and the current positions is NEUTRAL
2023-08-02 10:30:58,839
positions_future #0
2023-08-02 10:30:58,839
Empty DataFrame
Columns: [symbol, positionAmt, entryPrice, markPrice, unRealizedProfit, value_usd, updateTime, AUMs_account, w%]
Index: []
2023-08-02 10:30:58,851
programm stoppeddd!!! 20230802_103058
