2024-07-28 21:30:48,659
ON program started 20240728 21:30:48,
US time: 20240728 17:30:48
2024-07-28 21:30:49,192
the strat is currently running @ 28-07-2024 and the target positions is LONG
2024-07-28 21:30:50,503
CURRENT STATUS IS LONG
-----
return before 14h30:
BTCUSDT+0.13%, ETHUSDT+0.79%, XRPUSDT+0.91%
-----
target alloc initial:BTCUSDT+16.67%, ETHUSDT+16.67%, XRPUSDT+16.67%
-----
alloc target x rt%<0:BTCUSDT+16.67%, ETHUSDT+16.67%, XRPUSDT+16.67%
-----
           BTCUSDT ETHUSDT XRPUSDT
w_target     16.7%   16.7%   16.7%
rt_14h30     0.00%   0.01%   0.01%
w_target_f   16.7%   16.7%   16.7%
2024-07-28 21:30:50,504
Portfolio was rebalanced less than 2 hours ago, 1.0 hours ago
2024-07-28 21:30:50,506
Status: prev = LONG <> LONG = target
2024-07-28 21:30:50,506
the strat is currently running @ 28-07-2024 and the target positions is LONG
the strat was previously run @ 2024-07-28 20:30:52, success:yes 
   and the current positions is LONG
2024-07-28 21:30:51,643
positions_future #2
2024-07-28 21:30:51,643
      symbol  positionAmt entryPrice  ... adlQuantile AUMs_account        w%
167  ETHUSDT        0.015    3279.52  ...           1        291.9  0.167342
132  XRPUSDT       81.100     0.6043  ...           1        291.9  0.166424

[2 rows x 12 columns]
2024-07-28 21:30:51,724
programm stoppeddd!!! 20240728_213051
