2024-06-22 19:31:26,858
ON program started 20240622 19:31:26,
US time: 20240622 15:31:26
2024-06-22 19:31:28,447
the strat is currently running @ 22-06-2024 and the target positions is LONG
2024-06-22 19:31:29,884
CURRENT STATUS IS LONG
-----
return before 14h30:
BTCUSDT+0.22%, ETHUSDT-0.49%, XRPUSDT-0.29%
-----
target alloc initial:BTCUSDT+16.67%, ETHUSDT+16.67%, XRPUSDT+16.67%
-----
alloc target x rt%<0:BTCUSDT+16.67%, ETHUSDT+16.67%, XRPUSDT+16.67%
-----
           BTCUSDT ETHUSDT XRPUSDT
w_target     16.7%   16.7%   16.7%
rt_14h30     0.00%  -0.00%  -0.00%
w_target_f   16.7%   16.7%   16.7%
2024-06-22 19:31:29,885
Portfolio was rebalanced less than 2 hours ago, 1.0 hours ago
2024-06-22 19:31:29,888
Status: prev = LONG <> LONG = target
2024-06-22 19:31:29,888
the strat is currently running @ 22-06-2024 and the target positions is LONG
the strat was previously run @ 2024-06-22 18:30:55, success:? 
   and the current positions is LONG
2024-06-22 19:31:31,157
positions_future #2
2024-06-22 19:31:31,157
      symbol  positionAmt entryPrice  ... adlQuantile AUMs_account        w%
131  XRPUSDT      100.600      0.487  ...           3        292.4  0.167582
165  ETHUSDT        0.014    3499.18  ...           1        292.4  0.167070

[2 rows x 12 columns]
2024-06-22 19:31:31,416
------------------------------
binance_account_balance
2024-06-22 19:31:31,417
  asset     balance  ...  marginAvailable   updateTime
4  USDT  292.543496  ...             True  22Jun-18:34

[1 rows x 8 columns]
2024-06-22 19:31:32,099
------------------------------
open_orders
2024-06-22 19:31:32,100
Empty DataFrame
Columns: []
Index: []
2024-06-22 19:31:32,755
------------------------------
AUMS account:292

2024-06-22 19:31:32,757
--------------- compute_futures_order_book() ----------------
2024-06-22 19:31:34,325
----------------------------------------------------------------------
#0 order(s) to place
gross$: 0$ | net$: +0$
gross%: 0% | net%: +0%
 || w>0%  +0% | w<0%  0%
----------------------------------------------------------------------
PTF Expo% 33.5% >> 50.0% (current>>target)
PTF expo $98.0 >> $146 (current>>target)
----------------------------------------------------------------------
2024-06-22 19:31:34,327
orders_ofthe_day
2024-06-22 19:31:34,328
Empty DataFrame
Columns: [ptf_usd, target_usd, totrd_usd, posttrd_usd, qty, posttrd_qty, posttrd_w, bid, ask, strategy]
Index: []
2024-06-22 19:31:34,421
Orders of the day is empty, current and target potfolios are aligned
2024-06-22 19:31:34,540
Program stopped
