2024-05-20 23:30:48,355
ON program started 20240520 23:30:48,
US time: 20240520 19:30:48
2024-05-20 23:30:48,856
the strat is currently running @ 20-05-2024 and the target positions is SHORT
2024-05-20 23:30:50,678
CURRENT STATUS IS SHORT, WE CHECK IF THE DAY IS A NEGATIVE ONE
-----
return before 14h30:
BTCUSDT+1.25%, ETHUSDT+0.77%, XRPUSDT+0.71%
-----
target alloc initial:BTCUSDT-4.17%, ETHUSDT+0.00%, XRPUSDT-4.17%
-----
alloc target x rt%<0:BTCUSDT-0.00%, ETHUSDT+0.00%, XRPUSDT-0.00%
-----
           BTCUSDT ETHUSDT XRPUSDT
w_target     -4.2%    0.0%   -4.2%
rt_14h30     0.01%   0.01%   0.01%
w_target_f   -0.0%    0.0%   -0.0%
2024-05-20 23:30:50,679
Portfolio was rebalanced less than 2 hours ago, 1.0 hours ago
2024-05-20 23:30:50,680
Status: prev = SHORT <> SHORT = target
2024-05-20 23:30:50,681
the strat is currently running @ 20-05-2024 and the target positions is SHORT
the strat was previously run @ 2024-05-20 22:30:43, success:? 
   and the current positions is SHORT
2024-05-20 23:30:51,878
positions_future #0
2024-05-20 23:30:51,879
Empty DataFrame
Columns: [symbol, positionAmt, entryPrice, breakEvenPrice, markPrice, unRealizedProfit, value_usd, updateTime, isolated, adlQuantile, AUMs_account, w%]
Index: []
2024-05-20 23:30:52,101
------------------------------
binance_account_balance
2024-05-20 23:30:52,102
  asset     balance  ...  marginAvailable   updateTime
6  USDT  287.794129  ...             True  20May-22:34

[1 rows x 8 columns]
2024-05-20 23:30:52,337
------------------------------
open_orders
2024-05-20 23:30:52,337
Empty DataFrame
Columns: []
Index: []
2024-05-20 23:30:52,986
------------------------------
AUMS account:287

2024-05-20 23:30:52,988
--------------- compute_futures_order_book() ----------------
2024-05-20 23:30:54,529
----------------------------------------------------------------------
#0 order(s) to place
gross$: 0$ | net$: +0$
gross%: 0% | net%: +0%
 || w>0%  +0% | w<0%  0%
----------------------------------------------------------------------
PTF Expo% 0.0% >> 0.0% (current>>target)
PTF expo $0.0 >> $0 (current>>target)
----------------------------------------------------------------------
2024-05-20 23:30:54,531
orders_ofthe_day
2024-05-20 23:30:54,531
Empty DataFrame
Columns: [ptf_usd, target_usd, totrd_usd, posttrd_usd, qty, posttrd_qty, posttrd_w, bid, ask, strategy]
Index: []
2024-05-20 23:30:54,593
Orders of the day is empty, current and target potfolios are aligned
2024-05-20 23:30:54,593
Program stopped
