2024-05-27 20:30:55,463
ON program started 20240527 20:30:55,
US time: 20240527 16:30:55
2024-05-27 20:30:55,925
the strat is currently running @ 27-05-2024 and the target positions is LONG
2024-05-27 20:30:58,162
CURRENT STATUS IS LONG
-----
return before 14h30:
BTCUSDT+0.60%, ETHUSDT+2.73%, XRPUSDT+0.80%
-----
target alloc initial:BTCUSDT+16.67%, ETHUSDT+16.67%, XRPUSDT+16.67%
-----
alloc target x rt%<0:BTCUSDT+16.67%, ETHUSDT+16.67%, XRPUSDT+16.67%
-----
           BTCUSDT ETHUSDT XRPUSDT
w_target     16.7%   16.7%   16.7%
rt_14h30     0.01%   0.03%   0.01%
w_target_f   16.7%   16.7%   16.7%
2024-05-27 20:30:58,163
Portfolio was rebalanced less than 2 hours ago, 1.0 hours ago
2024-05-27 20:30:58,164
Status: prev = LONG <> LONG = target
2024-05-27 20:30:58,164
the strat is currently running @ 27-05-2024 and the target positions is LONG
the strat was previously run @ 2024-05-27 19:31:06, success:yes 
   and the current positions is LONG
2024-05-27 20:30:59,356
positions_future #2
2024-05-27 20:30:59,357
      symbol  positionAmt entryPrice  ... adlQuantile AUMs_account        w%
134  XRPUSDT       89.300     0.5383  ...           1        288.8  0.165706
167  ETHUSDT        0.012    3935.02  ...           1        288.8  0.161806

[2 rows x 12 columns]
2024-05-27 20:30:59,435
programm stoppeddd!!! 20240527_203059
