2024-04-15 03:31:08,428
ON program started 20240415 03:31:08,
US time: 20240414 23:31:08
2024-04-15 03:31:09,727
the strat is currently running @ 15-04-2024 and the target positions is NEUTRAL
2024-04-15 03:31:11,590
CURRENT STATUS IS NEUTRAL
-----
return before 14h30:
BTCUSDT-0.66%, ETHUSDT-0.26%, XRPUSDT-1.11%
-----
target alloc initial:BTCUSDT+0.00%, ETHUSDT+0.00%, XRPUSDT+0.00%
-----
alloc target x rt%<0:BTCUSDT+0.00%, ETHUSDT+0.00%, XRPUSDT+0.00%
-----
           BTCUSDT ETHUSDT XRPUSDT
w_target      0.0%    0.0%    0.0%
rt_14h30    -0.01%  -0.00%  -0.01%
w_target_f    0.0%    0.0%    0.0%
2024-04-15 03:31:11,591
Portfolio was rebalanced less than 2 hours ago, 1.0 hours ago
2024-04-15 03:31:11,593
Status: prev = NEUTRAL <> NEUTRAL = target
2024-04-15 03:31:11,594
the strat is currently running @ 15-04-2024 and the target positions is NEUTRAL
the strat was previously run @ 2024-04-15 02:31:09, success:yes 
   and the current positions is NEUTRAL
2024-04-15 03:31:12,221
positions_future #0
2024-04-15 03:31:12,221
Empty DataFrame
Columns: [symbol, positionAmt, entryPrice, breakEvenPrice, markPrice, unRealizedProfit, value_usd, updateTime, isolated, adlQuantile, AUMs_account, w%]
Index: []
2024-04-15 03:31:12,322
programm stoppeddd!!! 20240415_033112
