2024-06-06 19:30:57,410
ON program started 20240606 19:30:57,
US time: 20240606 15:30:57
2024-06-06 19:30:57,968
the strat is currently running @ 06-06-2024 and the target positions is LONG
2024-06-06 19:30:59,293
CURRENT STATUS IS LONG
-----
return before 14h30:
BTCUSDT+0.02%, ETHUSDT-0.80%, XRPUSDT+0.06%
-----
target alloc initial:BTCUSDT+16.67%, ETHUSDT+16.67%, XRPUSDT+16.67%
-----
alloc target x rt%<0:BTCUSDT+16.67%, ETHUSDT+16.67%, XRPUSDT+16.67%
-----
           BTCUSDT ETHUSDT XRPUSDT
w_target     16.7%   16.7%   16.7%
rt_14h30     0.00%  -0.01%   0.00%
w_target_f   16.7%   16.7%   16.7%
2024-06-06 19:30:59,294
Portfolio was rebalanced less than 2 hours ago, 1.0 hours ago
2024-06-06 19:30:59,296
Status: prev = LONG <> LONG = target
2024-06-06 19:30:59,296
the strat is currently running @ 06-06-2024 and the target positions is LONG
the strat was previously run @ 2024-06-06 18:30:46, success:? 
   and the current positions is LONG
2024-06-06 19:31:00,441
positions_future #2
2024-06-06 19:31:00,441
      symbol  positionAmt entryPrice  ... adlQuantile AUMs_account        w%
161  ETHUSDT        0.013    3831.71  ...           1        288.4  0.171625
128  XRPUSDT       91.600     0.5242  ...           1        288.4  0.165644

[2 rows x 12 columns]
2024-06-06 19:31:00,672
------------------------------
binance_account_balance
2024-06-06 19:31:00,673
  asset     balance  ...  marginAvailable   updateTime
6  USDT  288.989831  ...             True  06Jun-18:35

[1 rows x 8 columns]
2024-06-06 19:31:01,316
------------------------------
open_orders
2024-06-06 19:31:01,316
Empty DataFrame
Columns: []
Index: []
2024-06-06 19:31:01,928
------------------------------
AUMS account:288

2024-06-06 19:31:01,931
--------------- compute_futures_order_book() ----------------
2024-06-06 19:31:03,385
----------------------------------------------------------------------
#0 order(s) to place
gross$: 0$ | net$: +0$
gross%: 0% | net%: +0%
 || w>0%  +0% | w<0%  0%
----------------------------------------------------------------------
PTF Expo% 33.6% >> 50.0% (current>>target)
PTF expo $97.0 >> $144 (current>>target)
----------------------------------------------------------------------
2024-06-06 19:31:03,387
orders_ofthe_day
2024-06-06 19:31:03,387
Empty DataFrame
Columns: [ptf_usd, target_usd, totrd_usd, posttrd_usd, qty, posttrd_qty, posttrd_w, bid, ask, strategy]
Index: []
2024-06-06 19:31:03,461
Orders of the day is empty, current and target potfolios are aligned
2024-06-06 19:31:03,462
Program stopped
