2024-03-18 19:30:42,673
ON program started 20240318 19:30:42,
US time: 20240318 15:30:42
2024-03-18 19:30:43,768
the strat is currently running @ 18-03-2024 and the target positions is LONG
2024-03-18 19:30:45,177
CURRENT STATUS IS LONG
-----
return before 14h30:
BTCUSDT-1.23%, ETHUSDT-2.70%, XRPUSDT-2.63%
-----
target alloc initial:BTCUSDT+16.67%, ETHUSDT+16.67%, XRPUSDT+16.67%
-----
alloc target x rt%<0:BTCUSDT+16.67%, ETHUSDT+16.67%, XRPUSDT+16.67%
-----
           BTCUSDT ETHUSDT XRPUSDT
w_target     16.7%   16.7%   16.7%
rt_14h30    -0.01%  -0.03%  -0.03%
w_target_f   16.7%   16.7%   16.7%
2024-03-18 19:30:45,178
Portfolio was rebalanced less than 2 hours ago, 1.0 hours ago
2024-03-18 19:30:45,180
Status: prev = LONG <> LONG = target
2024-03-18 19:30:45,180
the strat is currently running @ 18-03-2024 and the target positions is LONG
the strat was previously run @ 2024-03-18 18:30:54, success:? 
   and the current positions is LONG
2024-03-18 19:30:45,744
positions_future #2
2024-03-18 19:30:45,744
      symbol  positionAmt entryPrice  ... adlQuantile AUMs_account        w%
156  ETHUSDT        0.014    3501.08  ...           2        286.9  0.171195
124  XRPUSDT       79.400     0.6041  ...           3        286.9  0.168001

[2 rows x 12 columns]
2024-03-18 19:30:45,991
------------------------------
binance_account_balance
2024-03-18 19:30:45,991
  asset     balance  ...  marginAvailable   updateTime
6  USDT  286.533167  ...             True  18Mar-18:31

[1 rows x 8 columns]
2024-03-18 19:30:46,666
------------------------------
open_orders
2024-03-18 19:30:46,666
Empty DataFrame
Columns: []
Index: []
2024-03-18 19:30:47,754
------------------------------
AUMS account:286

2024-03-18 19:30:47,756
--------------- compute_futures_order_book() ----------------
2024-03-18 19:30:50,392
----------------------------------------------------------------------
#0 order(s) to place
gross$: 0$ | net$: +0$
gross%: 0% | net%: +0%
 || w>0%  +0% | w<0%  0%
----------------------------------------------------------------------
PTF Expo% 33.8% >> 50.0% (current>>target)
PTF expo $97.0 >> $143 (current>>target)
----------------------------------------------------------------------
2024-03-18 19:30:50,394
orders_ofthe_day
2024-03-18 19:30:50,394
Empty DataFrame
Columns: [ptf_usd, target_usd, totrd_usd, posttrd_usd, qty, posttrd_qty, posttrd_w, bid, ask, strategy]
Index: []
2024-03-18 19:30:50,468
Orders of the day is empty, current and target potfolios are aligned
2024-03-18 19:30:50,469
Program stopped
