2024-06-04 19:30:43,325
ON program started 20240604 19:30:43,
US time: 20240604 15:30:43
2024-06-04 19:30:44,140
the strat is currently running @ 04-06-2024 and the target positions is LONG
2024-06-04 19:30:45,463
CURRENT STATUS IS LONG
-----
return before 14h30:
BTCUSDT+1.04%, ETHUSDT+0.24%, XRPUSDT+1.42%
-----
target alloc initial:BTCUSDT+16.67%, ETHUSDT+16.67%, XRPUSDT+16.67%
-----
alloc target x rt%<0:BTCUSDT+16.67%, ETHUSDT+16.67%, XRPUSDT+16.67%
-----
           BTCUSDT ETHUSDT XRPUSDT
w_target     16.7%   16.7%   16.7%
rt_14h30     0.01%   0.00%   0.01%
w_target_f   16.7%   16.7%   16.7%
2024-06-04 19:30:45,464
Portfolio was rebalanced less than 2 hours ago, 1.0 hours ago
2024-06-04 19:30:45,466
Status: prev = LONG <> LONG = target
2024-06-04 19:30:45,466
the strat is currently running @ 04-06-2024 and the target positions is LONG
the strat was previously run @ 2024-06-04 18:31:08, success:? 
   and the current positions is LONG
2024-06-04 19:30:46,600
positions_future #2
2024-06-04 19:30:46,600
      symbol  positionAmt entryPrice  ... adlQuantile AUMs_account        w%
161  ETHUSDT        0.013    3825.76  ...           1        289.1  0.171003
128  XRPUSDT       91.200     0.5266  ...           1        289.1  0.165699

[2 rows x 12 columns]
2024-06-04 19:30:46,831
------------------------------
binance_account_balance
2024-06-04 19:30:46,831
  asset     balance  ...  marginAvailable   updateTime
6  USDT  289.499537  ...             True  04Jun-18:36

[1 rows x 8 columns]
2024-06-04 19:30:47,458
------------------------------
open_orders
2024-06-04 19:30:47,458
Empty DataFrame
Columns: []
Index: []
2024-06-04 19:30:48,070
------------------------------
AUMS account:289

2024-06-04 19:30:48,072
--------------- compute_futures_order_book() ----------------
2024-06-04 19:30:49,543
----------------------------------------------------------------------
#0 order(s) to place
gross$: 0$ | net$: +0$
gross%: 0% | net%: +0%
 || w>0%  +0% | w<0%  0%
----------------------------------------------------------------------
PTF Expo% 33.5% >> 50.0% (current>>target)
PTF expo $97.0 >> $144 (current>>target)
----------------------------------------------------------------------
2024-06-04 19:30:49,544
orders_ofthe_day
2024-06-04 19:30:49,544
Empty DataFrame
Columns: [ptf_usd, target_usd, totrd_usd, posttrd_usd, qty, posttrd_qty, posttrd_w, bid, ask, strategy]
Index: []
2024-06-04 19:30:49,605
Orders of the day is empty, current and target potfolios are aligned
2024-06-04 19:30:49,606
Program stopped
