2024-03-20 19:30:53,578
ON program started 20240320 19:30:53,
US time: 20240320 15:30:53
2024-03-20 19:30:54,144
the strat is currently running @ 20-03-2024 and the target positions is LONG
2024-03-20 19:30:55,538
CURRENT STATUS IS LONG
-----
return before 14h30:
BTCUSDT+2.70%, ETHUSDT+5.93%, XRPUSDT+1.64%
-----
target alloc initial:BTCUSDT+16.67%, ETHUSDT+16.67%, XRPUSDT+16.67%
-----
alloc target x rt%<0:BTCUSDT+16.67%, ETHUSDT+16.67%, XRPUSDT+16.67%
-----
           BTCUSDT ETHUSDT XRPUSDT
w_target     16.7%   16.7%   16.7%
rt_14h30     0.03%   0.06%   0.02%
w_target_f   16.7%   16.7%   16.7%
2024-03-20 19:30:55,540
Portfolio was rebalanced less than 2 hours ago, 1.0 hours ago
2024-03-20 19:30:55,541
Status: prev = LONG <> LONG = target
2024-03-20 19:30:55,542
the strat is currently running @ 20-03-2024 and the target positions is LONG
the strat was previously run @ 2024-03-20 18:31:10, success:? 
   and the current positions is LONG
2024-03-20 19:30:56,749
positions_future #2
2024-03-20 19:30:56,749
      symbol  positionAmt entryPrice  ... adlQuantile AUMs_account        w%
124  XRPUSDT       81.300     0.5907  ...           2        287.0  0.170850
156  ETHUSDT        0.014    3319.33  ...           2        287.0  0.164414

[2 rows x 12 columns]
2024-03-20 19:30:57,000
------------------------------
binance_account_balance
2024-03-20 19:30:57,000
  asset     balance  ...  marginAvailable   updateTime
6  USDT  285.301915  ...             True  20Mar-18:31

[1 rows x 8 columns]
2024-03-20 19:30:57,670
------------------------------
open_orders
2024-03-20 19:30:57,671
Empty DataFrame
Columns: []
Index: []
2024-03-20 19:30:58,324
------------------------------
AUMS account:287

2024-03-20 19:30:58,326
--------------- compute_futures_order_book() ----------------
2024-03-20 19:30:59,886
----------------------------------------------------------------------
#0 order(s) to place
gross$: 0$ | net$: +0$
gross%: 0% | net%: +0%
 || w>0%  +0% | w<0%  0%
----------------------------------------------------------------------
PTF Expo% 33.4% >> 50.0% (current>>target)
PTF expo $96.0 >> $143 (current>>target)
----------------------------------------------------------------------
2024-03-20 19:30:59,888
orders_ofthe_day
2024-03-20 19:30:59,888
Empty DataFrame
Columns: [ptf_usd, target_usd, totrd_usd, posttrd_usd, qty, posttrd_qty, posttrd_w, bid, ask, strategy]
Index: []
2024-03-20 19:30:59,952
Orders of the day is empty, current and target potfolios are aligned
2024-03-20 19:30:59,953
Program stopped
