2023-08-21 22:30:27,252
ON program started 20230821 22:30:27,
US time: 20230821 18:30:27
2023-08-21 22:30:27,667
the strat is currently running @ 21-08-2023 and the target positions is SHORT
2023-08-21 22:30:29,510
CURRENT STATUS IS SHORT, WE CHECK IF THE DAY IS A NEGATIVE ONE
-----
return before 14h30:
BTCUSDT-0.15%, ETHUSDT-0.71%, XRPUSDT-2.95%
-----
target alloc initial:BTCUSDT-4.17%, ETHUSDT+0.00%, XRPUSDT-4.17%
-----
alloc target x rt%<0:BTCUSDT-4.17%, ETHUSDT+0.00%, XRPUSDT-4.17%
-----
           BTCUSDT ETHUSDT XRPUSDT
w_target     -4.2%    0.0%   -4.2%
rt_14h30    -0.00%  -0.01%  -0.03%
w_target_f   -4.2%    0.0%   -4.2%
2023-08-21 22:30:29,512
Portfolio was rebalanced less than 2 hours ago, 1.0 hours ago
2023-08-21 22:30:29,515
Status: prev = SHORT <> LONG = target
2023-08-21 22:30:29,515
the strat is currently running @ 21-08-2023 and the target positions is SHORT
the strat was previously run @ 2023-08-21 21:30:57 UTC, success:yes 
   and the current positions is LONG
2023-08-21 22:30:30,671
positions_future #3
2023-08-21 22:30:30,671
      symbol  positionAmt entryPrice  ...   updateTime  AUMs_account        w%
225  BTCUSDT        0.002    26044.9  ...  21Aug-18:37         277.0  0.188828
138  ETHUSDT        0.028    1664.48  ...  21Aug-18:31         277.0  0.168827
111  XRPUSDT       89.000     0.5169  ...  21Aug-18:33         277.0  0.168112

[3 rows x 9 columns]
2023-08-21 22:30:30,911
------------------------------
binance_account_balance
2023-08-21 22:30:30,911
  asset     balance  ... marginAvailable   updateTime
5  USDT  276.055266  ...            True  21Aug-18:37

[1 rows x 8 columns]
2023-08-21 22:30:31,806
------------------------------
open_orders
2023-08-21 22:30:31,806
                                      0  ...                           2
symbol                          BTCUSDT  ...                     XRPUSDT
status                              NEW  ...                         NEW
price                                 0  ...                           0
avgPrice                              0  ...                           0
origQty                           0.002  ...                          89
executedQty                           0  ...                           0
type                        STOP_MARKET  ...                 STOP_MARKET
side                               SELL  ...                        SELL
stopPrice                      24741.70  ...                      0.4920
time         2023-08-21 18:38:01.884000  ...  2023-08-21 18:38:02.761000
updateTime   2023-08-21 18:38:01.884000  ...  2023-08-21 18:38:02.761000

[11 rows x 3 columns]
2023-08-21 22:30:35,155
------------------------------
AUMS account:276

2023-08-21 22:30:35,157
--------------- compute_futures_order_book() ----------------
2023-08-21 22:30:36,712
----------------------------------------------------------------------
#3 order(s) to place
gross$: 158$ | net$: -158$
gross%: 57% | net%: -57%
 || w>0%  +0% | w<0%  -57%
----------------------------------------------------------------------
PTF Expo% 52.7% >> -8.3% (current>>target)
PTF expo $146.0 >> $-23 (current>>target)
----------------------------------------------------------------------
2023-08-21 22:30:36,714
orders_ofthe_day
2023-08-21 22:30:36,714
                  ptf_usd  target_usd  ...         bid         ask
2023-08-21 22:30                       ...                        
XRPUSDT              47.0      -11.55  ...      0.5231      0.5232
BTCUSDT              52.0      -11.55  ...  26151.4000  26151.5000
ETHUSDT              47.0        0.00  ...   1670.1000   1670.1100

[3 rows x 9 columns]
2023-08-21 22:30:38,222
binance_place_orders_peg 20230821_223038
2023-08-21 22:30:38,660
{'orderId': 39891492398, 'symbol': 'XRPUSDT', 'status': 'NEW', 'clientOrderId': 'iOc4Nvx4TNEOVoUr9bgZGr', 'price': '0.5236', 'avgPrice': '0.00', 'origQty': '111.9', 'executedQty': '0.0', 'cumQty': '0.0', 'cumQuote': '0.00000', 'timeInForce': 'GTC', 'type': 'LIMIT', 'reduceOnly': False, 'closePosition': False, 'side': 'SELL', 'positionSide': 'BOTH', 'stopPrice': '0.0000', 'workingType': 'CONTRACT_PRICE', 'priceProtect': False, 'origType': 'LIMIT', 'updateTime': 1692657038549}
2023-08-21 22:30:39,096
{'orderId': 182640814841, 'symbol': 'BTCUSDT', 'status': 'NEW', 'clientOrderId': 'mexghWN0EdVUIgt08GWJVO', 'price': '26164.60', 'avgPrice': '0.00', 'origQty': '0.002', 'executedQty': '0.000', 'cumQty': '0.000', 'cumQuote': '0.00000', 'timeInForce': 'GTC', 'type': 'LIMIT', 'reduceOnly': False, 'closePosition': False, 'side': 'SELL', 'positionSide': 'BOTH', 'stopPrice': '0.00', 'workingType': 'CONTRACT_PRICE', 'priceProtect': False, 'origType': 'LIMIT', 'updateTime': 1692657038985}
2023-08-21 22:30:39,532
{'orderId': 8389765613571188914, 'symbol': 'ETHUSDT', 'status': 'NEW', 'clientOrderId': 'MIDCL2nGi2GY9vYgzxHpTK', 'price': '1670.95', 'avgPrice': '0.00', 'origQty': '0.028', 'executedQty': '0.000', 'cumQty': '0.000', 'cumQuote': '0.00000', 'timeInForce': 'GTC', 'type': 'LIMIT', 'reduceOnly': False, 'closePosition': False, 'side': 'SELL', 'positionSide': 'BOTH', 'stopPrice': '0.00', 'workingType': 'CONTRACT_PRICE', 'priceProtect': False, 'origType': 'LIMIT', 'updateTime': 1692657039422}
2023-08-21 22:30:40,846
update 0: filled 0 / 3 () | working 3 / 3 (-XRPUSDT,-BTCUSDT,-ETHUSDT)
2023-08-21 22:30:44,847
-XRPUSDT: bp6.0|-BTCUSDT: bp5.0|-ETHUSDT: bp5.0|
2023-08-21 22:30:46,160
update 1: filled 0 / 3 () | working 3 / 3 (-XRPUSDT,-BTCUSDT,-ETHUSDT)
2023-08-21 22:30:50,161
-XRPUSDT: bp11.0|-BTCUSDT: bp6.0|-ETHUSDT: bp7.0|
2023-08-21 22:30:51,473
update 2: filled 0 / 3 () | working 3 / 3 (-XRPUSDT,-BTCUSDT,-ETHUSDT)
2023-08-21 22:30:55,474
-XRPUSDT: bp10.0|-BTCUSDT: bp6.0|-ETHUSDT: bp6.0|
2023-08-21 22:30:56,791
update 3: filled 0 / 3 () | working 3 / 3 (-XRPUSDT,-BTCUSDT,-ETHUSDT)
2023-08-21 22:31:00,791
-XRPUSDT: bp10.0|-BTCUSDT: bp5.0|-ETHUSDT: bp5.0|
2023-08-21 22:31:02,108
update 4: filled 0 / 3 () | working 3 / 3 (-XRPUSDT,-BTCUSDT,-ETHUSDT)
2023-08-21 22:31:06,109
-XRPUSDT: bp8.0|-BTCUSDT: bp4.0|-ETHUSDT: bp3.0|
2023-08-21 22:31:07,424
update 5: filled 0 / 3 () | working 3 / 3 (-XRPUSDT,-BTCUSDT,-ETHUSDT)
2023-08-21 22:31:11,424
-XRPUSDT: bp6.0|-BTCUSDT: bp4.0|-ETHUSDT: bp3.0|
2023-08-21 22:31:12,738
update 6: filled 0 / 3 () | working 3 / 3 (-XRPUSDT,-BTCUSDT,-ETHUSDT)
2023-08-21 22:31:16,739
-XRPUSDT: bp8.0|-BTCUSDT: bp4.0|-ETHUSDT: bp3.0|
2023-08-21 22:31:18,054
update 7: filled 0 / 3 () | working 3 / 3 (-XRPUSDT,-BTCUSDT,-ETHUSDT)
2023-08-21 22:31:22,055
-XRPUSDT: bp10.0|-BTCUSDT: bp4.0|-ETHUSDT: bp3.0|
2023-08-21 22:31:23,372
update 8: filled 0 / 3 () | working 3 / 3 (-XRPUSDT,-BTCUSDT,-ETHUSDT)
2023-08-21 22:31:27,372
-XRPUSDT: bp8.0|-BTCUSDT: bp4.0|-ETHUSDT: bp3.0|
2023-08-21 22:31:28,688
update 9: filled 0 / 3 () | working 3 / 3 (-XRPUSDT,-BTCUSDT,-ETHUSDT)
2023-08-21 22:31:32,689
-XRPUSDT: bp8.0|-BTCUSDT: bp4.0|-ETHUSDT: bp3.0|
2023-08-21 22:31:34,001
update 10: filled 0 / 3 () | working 3 / 3 (-XRPUSDT,-BTCUSDT,-ETHUSDT)
2023-08-21 22:31:38,002
-XRPUSDT: bp8.0|-BTCUSDT: bp4.0|-ETHUSDT: bp3.0|
2023-08-21 22:31:39,327
update 11: filled 0 / 3 () | working 3 / 3 (-XRPUSDT,-BTCUSDT,-ETHUSDT)
2023-08-21 22:31:43,327
-XRPUSDT: bp10.0|-BTCUSDT: bp4.0|-ETHUSDT: bp3.0|
2023-08-21 22:31:44,645
update 12: filled 0 / 3 () | working 3 / 3 (-XRPUSDT,-BTCUSDT,-ETHUSDT)
2023-08-21 22:31:48,646
-XRPUSDT: bp6.0|-BTCUSDT: bp4.0|-ETHUSDT: bp3.0|
2023-08-21 22:31:49,959
update 13: filled 0 / 3 () | working 3 / 3 (-XRPUSDT,-BTCUSDT,-ETHUSDT)
2023-08-21 22:31:53,967
-XRPUSDT: bp4.0|-BTCUSDT: bp4.0|-ETHUSDT: bp3.0|
2023-08-21 22:31:55,281
update 14: filled 0 / 3 () | working 3 / 3 (-XRPUSDT,-BTCUSDT,-ETHUSDT)
2023-08-21 22:31:59,281
-XRPUSDT: bp4.0|-BTCUSDT: bp4.0|-ETHUSDT: bp3.0|
2023-08-21 22:31:59,281
Adjustment limit #1 ... 
 we cancel current orders and replace
2023-08-21 22:31:59,281
@+/-2.5bp limit 
2023-08-21 22:31:59,281
binance_cancel_and_replace_orders_peg 20230821_223159
2023-08-21 22:32:01,262
binance_place_orders_peg 20230821_223201
2023-08-21 22:32:01,704
{'orderId': 39891554394, 'symbol': 'XRPUSDT', 'status': 'NEW', 'clientOrderId': 'xzhM5TFojRE8lRWO2TUUnt', 'price': '0.5235', 'avgPrice': '0.00', 'origQty': '111.9', 'executedQty': '0.0', 'cumQty': '0.0', 'cumQuote': '0.00000', 'timeInForce': 'GTC', 'type': 'LIMIT', 'reduceOnly': False, 'closePosition': False, 'side': 'SELL', 'positionSide': 'BOTH', 'stopPrice': '0.0000', 'workingType': 'CONTRACT_PRICE', 'priceProtect': False, 'origType': 'LIMIT', 'updateTime': 1692657121590}
2023-08-21 22:32:02,141
{'orderId': 182641068264, 'symbol': 'BTCUSDT', 'status': 'NEW', 'clientOrderId': 'TkTGw5EyD0jh6GuK7hiQXQ', 'price': '26161.50', 'avgPrice': '0.00', 'origQty': '0.002', 'executedQty': '0.000', 'cumQty': '0.000', 'cumQuote': '0.00000', 'timeInForce': 'GTC', 'type': 'LIMIT', 'reduceOnly': False, 'closePosition': False, 'side': 'SELL', 'positionSide': 'BOTH', 'stopPrice': '0.00', 'workingType': 'CONTRACT_PRICE', 'priceProtect': False, 'origType': 'LIMIT', 'updateTime': 1692657122029}
2023-08-21 22:32:02,579
{'orderId': 8389765613571308106, 'symbol': 'ETHUSDT', 'status': 'NEW', 'clientOrderId': 'U5XihxnAr33aHOtDIEkUMw', 'price': '1670.70', 'avgPrice': '0.00', 'origQty': '0.028', 'executedQty': '0.000', 'cumQty': '0.000', 'cumQuote': '0.00000', 'timeInForce': 'GTC', 'type': 'LIMIT', 'reduceOnly': False, 'closePosition': False, 'side': 'SELL', 'positionSide': 'BOTH', 'stopPrice': '0.00', 'workingType': 'CONTRACT_PRICE', 'priceProtect': False, 'origType': 'LIMIT', 'updateTime': 1692657122467}
2023-08-21 22:32:03,891
update 0: filled 0 / 3 () | working 3 / 3 (-XRPUSDT,-BTCUSDT,-ETHUSDT)
2023-08-21 22:32:07,892
-XRPUSDT: bp4.0|-BTCUSDT: bp2.0|-ETHUSDT: bp3.0|
2023-08-21 22:32:09,206
update 1: filled 0 / 3 () | working 3 / 3 (-XRPUSDT,-BTCUSDT,-ETHUSDT)
2023-08-21 22:32:13,207
-XRPUSDT: bp2.0|-BTCUSDT: bp5.0|-ETHUSDT: bp4.0|
2023-08-21 22:32:14,518
update 2: filled 0 / 3 () | working 3 / 3 (-XRPUSDT,-BTCUSDT,-ETHUSDT)
2023-08-21 22:32:18,519
-XRPUSDT: bp2.0|-BTCUSDT: bp5.0|-ETHUSDT: bp4.0|
2023-08-21 22:32:19,831
update 3: filled 0 / 3 () | working 3 / 3 (-XRPUSDT,-BTCUSDT,-ETHUSDT)
2023-08-21 22:32:23,832
-XRPUSDT: bp2.0|-BTCUSDT: bp5.0|-ETHUSDT: bp4.0|
2023-08-21 22:32:25,152
update 4: filled 0 / 3 () | working 3 / 3 (-XRPUSDT,-BTCUSDT,-ETHUSDT)
2023-08-21 22:32:29,152
-XRPUSDT: bp6.0|-BTCUSDT: bp5.0|-ETHUSDT: bp4.0|
2023-08-21 22:32:30,464
update 5: filled 0 / 3 () | working 3 / 3 (-XRPUSDT,-BTCUSDT,-ETHUSDT)
2023-08-21 22:32:34,465
-XRPUSDT: bp6.0|-BTCUSDT: bp5.0|-ETHUSDT: bp4.0|
2023-08-21 22:32:35,781
update 6: filled 0 / 3 () | working 3 / 3 (-XRPUSDT,-BTCUSDT,-ETHUSDT)
2023-08-21 22:32:39,782
-XRPUSDT: bp8.0|-BTCUSDT: bp5.0|-ETHUSDT: bp5.0|
2023-08-21 22:32:41,093
update 7: filled 0 / 3 () | working 3 / 3 (-XRPUSDT,-BTCUSDT,-ETHUSDT)
2023-08-21 22:32:45,094
-XRPUSDT: bp10.0|-BTCUSDT: bp7.0|-ETHUSDT: bp5.0|
2023-08-21 22:32:46,408
update 8: filled 0 / 3 () | working 3 / 3 (-XRPUSDT,-BTCUSDT,-ETHUSDT)
2023-08-21 22:32:50,409
-XRPUSDT: bp8.0|-BTCUSDT: bp7.0|-ETHUSDT: bp5.0|
2023-08-21 22:32:51,723
update 9: filled 0 / 3 () | working 3 / 3 (-XRPUSDT,-BTCUSDT,-ETHUSDT)
2023-08-21 22:32:55,724
-XRPUSDT: bp10.0|-BTCUSDT: bp7.0|-ETHUSDT: bp5.0|
2023-08-21 22:32:57,036
update 10: filled 0 / 3 () | working 3 / 3 (-XRPUSDT,-BTCUSDT,-ETHUSDT)
2023-08-21 22:33:01,037
-XRPUSDT: bp10.0|-BTCUSDT: bp7.0|-ETHUSDT: bp5.0|
2023-08-21 22:33:02,351
update 11: filled 0 / 3 () | working 3 / 3 (-XRPUSDT,-BTCUSDT,-ETHUSDT)
2023-08-21 22:33:06,351
-XRPUSDT: bp8.0|-BTCUSDT: bp7.0|-ETHUSDT: bp5.0|
2023-08-21 22:33:07,665
update 12: filled 0 / 3 () | working 3 / 3 (-XRPUSDT,-BTCUSDT,-ETHUSDT)
2023-08-21 22:33:11,666
-XRPUSDT: bp8.0|-BTCUSDT: bp6.0|-ETHUSDT: bp5.0|
2023-08-21 22:33:12,980
update 13: filled 0 / 3 () | working 3 / 3 (-XRPUSDT,-BTCUSDT,-ETHUSDT)
2023-08-21 22:33:16,980
-XRPUSDT: bp8.0|-BTCUSDT: bp6.0|-ETHUSDT: bp5.0|
2023-08-21 22:33:18,296
update 14: filled 0 / 3 () | working 3 / 3 (-XRPUSDT,-BTCUSDT,-ETHUSDT)
2023-08-21 22:33:22,297
-XRPUSDT: bp8.0|-BTCUSDT: bp6.0|-ETHUSDT: bp5.0|
2023-08-21 22:33:22,297
Adjustment limit #2 ... 
 we cancel current orders and replace
2023-08-21 22:33:22,297
@+/-1.25bp limit 
2023-08-21 22:33:22,297
binance_cancel_and_replace_orders_peg 20230821_223322
2023-08-21 22:33:24,282
binance_place_orders_peg 20230821_223324
2023-08-21 22:33:24,722
{'orderId': 39891593550, 'symbol': 'XRPUSDT', 'status': 'NEW', 'clientOrderId': '0bfPFNGJjB8x0bO4kNlJU4', 'price': '0.5232', 'avgPrice': '0.00', 'origQty': '111.9', 'executedQty': '0.0', 'cumQty': '0.0', 'cumQuote': '0.00000', 'timeInForce': 'GTC', 'type': 'LIMIT', 'reduceOnly': False, 'closePosition': False, 'side': 'SELL', 'positionSide': 'BOTH', 'stopPrice': '0.0000', 'workingType': 'CONTRACT_PRICE', 'priceProtect': False, 'origType': 'LIMIT', 'updateTime': 1692657204608}
2023-08-21 22:33:25,159
{'orderId': 182641336698, 'symbol': 'BTCUSDT', 'status': 'NEW', 'clientOrderId': 'EfBRm0ic9uu0BTPzIQy4pc', 'price': '26145.20', 'avgPrice': '0.00', 'origQty': '0.002', 'executedQty': '0.000', 'cumQty': '0.000', 'cumQuote': '0.00000', 'timeInForce': 'GTC', 'type': 'LIMIT', 'reduceOnly': False, 'closePosition': False, 'side': 'SELL', 'positionSide': 'BOTH', 'stopPrice': '0.00', 'workingType': 'CONTRACT_PRICE', 'priceProtect': False, 'origType': 'LIMIT', 'updateTime': 1692657205047}
2023-08-21 22:33:25,595
{'orderId': 8389765613571386582, 'symbol': 'ETHUSDT', 'status': 'NEW', 'clientOrderId': '8hlwAmXnHGLijSysEHbPr4', 'price': '1669.86', 'avgPrice': '0.00', 'origQty': '0.028', 'executedQty': '0.000', 'cumQty': '0.000', 'cumQuote': '0.00000', 'timeInForce': 'GTC', 'type': 'LIMIT', 'reduceOnly': False, 'closePosition': False, 'side': 'SELL', 'positionSide': 'BOTH', 'stopPrice': '0.00', 'workingType': 'CONTRACT_PRICE', 'priceProtect': False, 'origType': 'LIMIT', 'updateTime': 1692657205483}
2023-08-21 22:33:26,908
update 0: filled 0 / 3 () | working 3 / 3 (-XRPUSDT,-BTCUSDT,-ETHUSDT)
2023-08-21 22:33:30,909
-XRPUSDT: bp4.0|-BTCUSDT: bp1.0|-ETHUSDT: bp1.0|
2023-08-21 22:33:32,222
update 1: filled 0 / 3 () | working 3 / 3 (-XRPUSDT,-BTCUSDT,-ETHUSDT)
2023-08-21 22:33:36,223
-XRPUSDT: bp4.0|-BTCUSDT: bp1.0|-ETHUSDT: bp1.0|
2023-08-21 22:33:37,538
update 2: filled 0 / 3 () | working 3 / 3 (-XRPUSDT,-BTCUSDT,-ETHUSDT)
2023-08-21 22:33:41,539
-XRPUSDT: bp2.0|-BTCUSDT: bp1.0|-ETHUSDT: bp1.0|
2023-08-21 22:33:42,851
update 3: filled 0 / 3 () | working 3 / 3 (-XRPUSDT,-BTCUSDT,-ETHUSDT)
2023-08-21 22:33:46,852
-XRPUSDT: bp2.0|-BTCUSDT: bp3.0|-ETHUSDT: bp1.0|
2023-08-21 22:33:48,163
update 4: filled 0 / 3 () | working 3 / 3 (-XRPUSDT,-BTCUSDT,-ETHUSDT)
2023-08-21 22:33:52,164
-XRPUSDT: bp4.0|-BTCUSDT: bp3.0|-ETHUSDT: bp1.0|
2023-08-21 22:33:53,480
update 5: filled 0 / 3 () | working 3 / 3 (-XRPUSDT,-BTCUSDT,-ETHUSDT)
2023-08-21 22:33:57,481
-XRPUSDT: bp2.0|-BTCUSDT: bp2.0|-ETHUSDT: bp1.0|
2023-08-21 22:33:58,794
update 6: filled 0 / 3 () | working 3 / 3 (-XRPUSDT,-BTCUSDT,-ETHUSDT)
2023-08-21 22:34:02,795
-XRPUSDT: bp4.0|-BTCUSDT: bp2.0|-ETHUSDT: bp1.0|
2023-08-21 22:34:04,112
update 7: filled 0 / 3 () | working 3 / 3 (-XRPUSDT,-BTCUSDT,-ETHUSDT)
2023-08-21 22:34:08,113
-XRPUSDT: bp11.0|-BTCUSDT: bp5.0|-ETHUSDT: bp4.0|
2023-08-21 22:34:09,426
update 8: filled 0 / 3 () | working 3 / 3 (-XRPUSDT,-BTCUSDT,-ETHUSDT)
2023-08-21 22:34:13,427
-XRPUSDT: bp10.0|-BTCUSDT: bp4.0|-ETHUSDT: bp3.0|
2023-08-21 22:34:14,741
update 9: filled 0 / 3 () | working 3 / 3 (-XRPUSDT,-BTCUSDT,-ETHUSDT)
2023-08-21 22:34:18,742
-XRPUSDT: bp10.0|-BTCUSDT: bp4.0|-ETHUSDT: bp3.0|
2023-08-21 22:34:20,059
update 10: filled 0 / 3 () | working 3 / 3 (-XRPUSDT,-BTCUSDT,-ETHUSDT)
2023-08-21 22:34:24,059
-XRPUSDT: bp8.0|-BTCUSDT: bp4.0|-ETHUSDT: bp3.0|
2023-08-21 22:34:25,372
update 11: filled 0 / 3 () | working 3 / 3 (-XRPUSDT,-BTCUSDT,-ETHUSDT)
2023-08-21 22:34:29,373
-XRPUSDT: bp10.0|-BTCUSDT: bp4.0|-ETHUSDT: bp3.0|
2023-08-21 22:34:30,684
update 12: filled 0 / 3 () | working 3 / 3 (-XRPUSDT,-BTCUSDT,-ETHUSDT)
2023-08-21 22:34:34,685
-XRPUSDT: bp10.0|-BTCUSDT: bp4.0|-ETHUSDT: bp3.0|
2023-08-21 22:34:36,003
update 13: filled 0 / 3 () | working 3 / 3 (-XRPUSDT,-BTCUSDT,-ETHUSDT)
2023-08-21 22:34:40,004
-XRPUSDT: bp10.0|-BTCUSDT: bp4.0|-ETHUSDT: bp3.0|
2023-08-21 22:34:41,317
update 14: filled 0 / 3 () | working 3 / 3 (-XRPUSDT,-BTCUSDT,-ETHUSDT)
2023-08-21 22:34:45,318
-XRPUSDT: bp15.0|-BTCUSDT: bp5.0|-ETHUSDT: bp4.0|
2023-08-21 22:34:45,318
Adjustment limit #3 ... 
 we cancel current orders and replace
2023-08-21 22:34:45,318
@+/-0.625bp limit 
2023-08-21 22:34:45,318
binance_cancel_and_replace_orders_peg 20230821_223445
2023-08-21 22:34:47,293
binance_place_orders_peg 20230821_223447
2023-08-21 22:34:47,735
{'orderId': 39891650217, 'symbol': 'XRPUSDT', 'status': 'NEW', 'clientOrderId': '7sp2JkaconF8HZqpUDAO5J', 'price': '0.5225', 'avgPrice': '0.00', 'origQty': '111.9', 'executedQty': '0.0', 'cumQty': '0.0', 'cumQuote': '0.00000', 'timeInForce': 'GTC', 'type': 'LIMIT', 'reduceOnly': False, 'closePosition': False, 'side': 'SELL', 'positionSide': 'BOTH', 'stopPrice': '0.0000', 'workingType': 'CONTRACT_PRICE', 'priceProtect': False, 'origType': 'LIMIT', 'updateTime': 1692657287620}
2023-08-21 22:34:48,173
{'orderId': 182641607041, 'symbol': 'BTCUSDT', 'status': 'NEW', 'clientOrderId': 'xTuZm6jTPELMYHzsf13P2f', 'price': '26134.80', 'avgPrice': '0.00', 'origQty': '0.002', 'executedQty': '0.000', 'cumQty': '0.000', 'cumQuote': '0.00000', 'timeInForce': 'GTC', 'type': 'LIMIT', 'reduceOnly': False, 'closePosition': False, 'side': 'SELL', 'positionSide': 'BOTH', 'stopPrice': '0.00', 'workingType': 'CONTRACT_PRICE', 'priceProtect': False, 'origType': 'LIMIT', 'updateTime': 1692657288060}
2023-08-21 22:34:48,613
{'orderId': 8389765613571478346, 'symbol': 'ETHUSDT', 'status': 'NEW', 'clientOrderId': 'IF9a0VqFOLvWZRlGJVRFmc', 'price': '1669.23', 'avgPrice': '0.00', 'origQty': '0.028', 'executedQty': '0.000', 'cumQty': '0.000', 'cumQuote': '0.00000', 'timeInForce': 'GTC', 'type': 'LIMIT', 'reduceOnly': False, 'closePosition': False, 'side': 'SELL', 'positionSide': 'BOTH', 'stopPrice': '0.00', 'workingType': 'CONTRACT_PRICE', 'priceProtect': False, 'origType': 'LIMIT', 'updateTime': 1692657288499}
2023-08-21 22:34:49,932
update 0: filled 0 / 3 () | working 3 / 3 (-XRPUSDT,-BTCUSDT,-ETHUSDT)
2023-08-21 22:34:53,933
-XRPUSDT: bp0.0|-BTCUSDT: bp1.0|-ETHUSDT: bp1.0|
2023-08-21 22:34:55,245
update 1: filled 1 / 3 (-XRPUSDT) | working 2 / 3 (-BTCUSDT,-ETHUSDT)
2023-08-21 22:34:59,246
-BTCUSDT: bp0.0|-ETHUSDT: bp1.0|
2023-08-21 22:35:00,559
update 2: filled 1 / 3 (-XRPUSDT) | working 2 / 3 (-BTCUSDT,-ETHUSDT)
2023-08-21 22:35:04,560
-BTCUSDT: bp0.0|-ETHUSDT: bp1.0|
2023-08-21 22:35:05,871
update 3: filled 1 / 3 (-XRPUSDT) | working 2 / 3 (-BTCUSDT,-ETHUSDT)
2023-08-21 22:35:09,872
-BTCUSDT: bp0.0|-ETHUSDT: bp1.0|
2023-08-21 22:35:11,185
update 4: filled 1 / 3 (-XRPUSDT) | working 2 / 3 (-BTCUSDT,-ETHUSDT)
2023-08-21 22:35:15,186
-BTCUSDT: bp0.0|-ETHUSDT: bp0.0|
2023-08-21 22:35:16,496
update 5: filled 2 / 3 (-XRPUSDT,-ETHUSDT) | working 1 / 3 (-BTCUSDT)
2023-08-21 22:35:20,497
-BTCUSDT: bp0.0|
2023-08-21 22:35:21,811
update 6: filled 3 / 3 (-XRPUSDT,-BTCUSDT,-ETHUSDT) | working 0 / 3 ()
2023-08-21 22:35:28,682
Trades of the day
in$
as of: 21Aug 22:34>>22:35 (#trades: 3)
trade net: -157.0 (-56.7%), trade gross: +157.0 (+56.7%), BUY: +0.0 (+0.0%), SELL: -157.0 (-56.7%)
fees: $ 0.031 (2.0bp)
2023-08-21 22:35:29,355
Trades: 
Filled #3
______________________________________________
                   in$ | in bp 157 traded | in bp 276 AUMs
realizedPnl    +0.81   | +51     | +29    
PnLvsArrival   -0.12   | -8      | -4     
PnLvsLast      -0.01   | -1      | -0     
______________________________________________
                 | Value$ | PnL Arrival/Last 
______________________________________________
XRP:-111.9@0.5225 | -58$ | -0.07/0
BTC:-0.002@26134.8 | -52$ | -0.03/-0
ETH:-0.028@1669.23 | -47$ | -0.02/-0.01
2023-08-21 22:35:29,888
***************************
Positions after orders
***************************
2023-08-21 22:35:29,889
      symbol  qty_ptf   execP        lstP  ...  value_usd   updateTime   AUMs     w%
111  XRPUSDT    -22.9  0.5225  0.52240000  ...    -11.963  21Aug-22:34  276.8 -0.043

[1 rows x 9 columns]
2023-08-21 22:35:29,895
***************************
2023-08-21 22:35:30,545
3 STOP orders will be placed
2023-08-21 22:35:30,545
@+/-500.0bp limit
2023-08-21 22:35:30,545
binance_place_orders_peg 20230821_223530
2023-08-21 22:35:30,982
{'orderId': 39891683859, 'symbol': 'XRPUSDT', 'status': 'NEW', 'clientOrderId': 'gF0ZPGIySONvQkb88atzXc', 'price': '0.0000', 'avgPrice': '0.00', 'origQty': '22.9', 'executedQty': '0.0', 'cumQty': '0.0', 'cumQuote': '0.00000', 'timeInForce': 'GTC', 'type': 'STOP_MARKET', 'reduceOnly': False, 'closePosition': False, 'side': 'BUY', 'positionSide': 'BOTH', 'stopPrice': '0.5486', 'workingType': 'CONTRACT_PRICE', 'priceProtect': False, 'origType': 'STOP_MARKET', 'updateTime': 1692657330871}
