2024-06-02 01:31:05,579
ON program started 20240602 01:31:05,
US time: 20240601 21:31:05
2024-06-02 01:31:06,054
the strat is currently running @ 02-06-2024 and the target positions is SHORT
2024-06-02 01:31:07,358
CURRENT STATUS IS SHORT, WE CHECK IF THE DAY IS A NEGATIVE ONE
-----
return before 14h30:
BTCUSDT+0.15%, ETHUSDT+0.51%, XRPUSDT+0.17%
-----
target alloc initial:BTCUSDT-4.17%, ETHUSDT+0.00%, XRPUSDT-4.17%
-----
alloc target x rt%<0:BTCUSDT-0.00%, ETHUSDT+0.00%, XRPUSDT-0.00%
-----
           BTCUSDT ETHUSDT XRPUSDT
w_target     -4.2%    0.0%   -4.2%
rt_14h30     0.00%   0.01%   0.00%
w_target_f   -0.0%    0.0%   -0.0%
2024-06-02 01:31:07,360
Portfolio was rebalanced less than 2 hours ago, 1.0 hours ago
2024-06-02 01:31:07,362
Status: prev = SHORT <> SHORT = target
2024-06-02 01:31:07,362
the strat is currently running @ 02-06-2024 and the target positions is SHORT
the strat was previously run @ 2024-06-02 00:31:05, success:yes 
   and the current positions is SHORT
2024-06-02 01:31:08,490
positions_future #0
2024-06-02 01:31:08,490
Empty DataFrame
Columns: [symbol, positionAmt, entryPrice, breakEvenPrice, markPrice, unRealizedProfit, value_usd, updateTime, isolated, adlQuantile, AUMs_account, w%]
Index: []
2024-06-02 01:31:08,564
programm stoppeddd!!! 20240602_013108
