2024-06-22 00:31:05,669
ON program started 20240622 00:31:05,
US time: 20240621 20:31:05
2024-06-22 00:31:06,651
the strat is currently running @ 22-06-2024 and the target positions is SHORT
2024-06-22 00:31:07,950
CURRENT STATUS IS SHORT, WE CHECK IF THE DAY IS A NEGATIVE ONE
-----
return before 14h30:
BTCUSDT-0.12%, ETHUSDT-0.32%, XRPUSDT-0.18%
-----
target alloc initial:BTCUSDT-4.17%, ETHUSDT+0.00%, XRPUSDT-4.17%
-----
alloc target x rt%<0:BTCUSDT-4.17%, ETHUSDT+0.00%, XRPUSDT-4.17%
-----
           BTCUSDT ETHUSDT XRPUSDT
w_target     -4.2%    0.0%   -4.2%
rt_14h30    -0.00%  -0.00%  -0.00%
w_target_f   -4.2%    0.0%   -4.2%
2024-06-22 00:31:07,951
Portfolio was rebalanced less than 2 hours ago, 1.0 hours ago
2024-06-22 00:31:07,952
Status: prev = SHORT <> SHORT = target
2024-06-22 00:31:07,952
the strat is currently running @ 22-06-2024 and the target positions is SHORT
the strat was previously run @ 2024-06-21 23:30:51, success:yes 
   and the current positions is SHORT
2024-06-22 00:31:09,072
positions_future #1
2024-06-22 00:31:09,120
      symbol  positionAmt entryPrice  ... adlQuantile AUMs_account        w%
131  XRPUSDT        -25.0     0.4897  ...           2        292.6 -0.041705

[1 rows x 12 columns]
2024-06-22 00:31:09,200
programm stoppeddd!!! 20240622_003109
