2024-06-08 23:30:45,035
ON program started 20240608 23:30:45,
US time: 20240608 19:30:45
2024-06-08 23:30:46,211
the strat is currently running @ 08-06-2024 and the target positions is SHORT
2024-06-08 23:30:47,547
CURRENT STATUS IS SHORT, WE CHECK IF THE DAY IS A NEGATIVE ONE
-----
return before 14h30:
BTCUSDT+0.11%, ETHUSDT+0.24%, XRPUSDT-0.98%
-----
target alloc initial:BTCUSDT-4.17%, ETHUSDT+0.00%, XRPUSDT-4.17%
-----
alloc target x rt%<0:BTCUSDT-0.00%, ETHUSDT+0.00%, XRPUSDT-4.17%
-----
           BTCUSDT ETHUSDT XRPUSDT
w_target     -4.2%    0.0%   -4.2%
rt_14h30     0.00%   0.00%  -0.01%
w_target_f   -0.0%    0.0%   -4.2%
2024-06-08 23:30:47,548
Portfolio was rebalanced less than 2 hours ago, 1.0 hours ago
2024-06-08 23:30:47,550
Status: prev = SHORT <> SHORT = target
2024-06-08 23:30:47,550
the strat is currently running @ 08-06-2024 and the target positions is SHORT
the strat was previously run @ 2024-06-08 22:30:48, success:? 
   and the current positions is SHORT
2024-06-08 23:30:48,683
positions_future #1
2024-06-08 23:30:48,683
      symbol  positionAmt entryPrice  ... adlQuantile AUMs_account        w%
128  XRPUSDT        -24.6     0.4932  ...           1        290.0 -0.041854

[1 rows x 12 columns]
2024-06-08 23:30:48,909
------------------------------
binance_account_balance
2024-06-08 23:30:48,909
  asset     balance  ...  marginAvailable   updateTime
6  USDT  290.002189  ...             True  08Jun-22:32

[1 rows x 8 columns]
2024-06-08 23:30:49,331
------------------------------
open_orders
2024-06-08 23:30:49,331
Empty DataFrame
Columns: []
Index: []
2024-06-08 23:30:49,944
------------------------------
AUMS account:289

2024-06-08 23:30:49,946
--------------- compute_futures_order_book() ----------------
2024-06-08 23:30:51,406
----------------------------------------------------------------------
#0 order(s) to place
gross$: 0$ | net$: +0$
gross%: 0% | net%: +0%
 || w>0%  +0% | w<0%  0%
----------------------------------------------------------------------
PTF Expo% -4.1% >> -4.1% (current>>target)
PTF expo $-12.0 >> $-12 (current>>target)
----------------------------------------------------------------------
2024-06-08 23:30:51,407
orders_ofthe_day
2024-06-08 23:30:51,407
Empty DataFrame
Columns: [ptf_usd, target_usd, totrd_usd, posttrd_usd, qty, posttrd_qty, posttrd_w, bid, ask, strategy]
Index: []
2024-06-08 23:30:51,482
Orders of the day is empty, current and target potfolios are aligned
2024-06-08 23:30:51,483
Program stopped
