2023-08-29 02:30:32,074
ON program started 20230829 02:30:32,
US time: 20230828 22:30:32
2023-08-29 02:30:32,536
the strat is currently running @ 29-08-2023 and the target positions is NEUTRAL
2023-08-29 02:30:33,938
CURRENT STATUS IS NEUTRAL
-----
return before 14h30:
BTCUSDT+0.00%, ETHUSDT+0.00%, XRPUSDT+0.00%
-----
target alloc initial:BTCUSDT+0.00%, ETHUSDT+0.00%, XRPUSDT+0.00%
-----
alloc target x rt%<0:BTCUSDT+0.00%, ETHUSDT+0.00%, XRPUSDT+0.00%
-----
           BTCUSDT ETHUSDT XRPUSDT
w_target      0.0%    0.0%    0.0%
rt_14h30     0.00%   0.00%   0.00%
w_target_f    0.0%    0.0%    0.0%
2023-08-29 02:30:33,940
Portfolio was rebalanced less than 2 hours ago, 1.0 hours ago
2023-08-29 02:30:33,943
Status: prev = NEUTRAL <> SHORT = target
2023-08-29 02:30:33,943
the strat is currently running @ 29-08-2023 and the target positions is NEUTRAL
the strat was previously run @ 2023-08-29 01:31:00 UTC, success:yes 
   and the current positions is SHORT
2023-08-29 02:30:35,099
positions_future #0
2023-08-29 02:30:35,099
Empty DataFrame
Columns: [symbol, positionAmt, entryPrice, markPrice, unRealizedProfit, value_usd, updateTime, AUMs_account, w%]
Index: []
2023-08-29 02:30:35,320
------------------------------
binance_account_balance
2023-08-29 02:30:35,320
  asset    balance  ... marginAvailable   updateTime
5  USDT  276.43504  ...            True  28Aug-22:36

[1 rows x 8 columns]
2023-08-29 02:30:35,555
------------------------------
open_orders
2023-08-29 02:30:35,555
Empty DataFrame
Columns: []
Index: []
2023-08-29 02:30:36,204
------------------------------
AUMS account:276

2023-08-29 02:30:36,206
--------------- compute_futures_order_book() ----------------
2023-08-29 02:30:37,748
----------------------------------------------------------------------
#0 order(s) to place
gross$: 0$ | net$: +0$
gross%: 0% | net%: +0%
 || w>0%  +0% | w<0%  0%
----------------------------------------------------------------------
PTF Expo% 0.0% >> 0.0% (current>>target)
PTF expo $0.0 >> $0 (current>>target)
----------------------------------------------------------------------
2023-08-29 02:30:37,750
orders_ofthe_day
2023-08-29 02:30:37,750
Empty DataFrame
Columns: [ptf_usd, target_usd, totrd_usd, posttrd_usd, qty, posttrd_qty, posttrd_w, bid, ask]
Index: []
2023-08-29 02:30:37,759
Orders of the day is empty, current and target potfolios are aligned
2023-08-29 02:30:37,760
Program stopped
