2023-08-12 21:30:51,728
ON program started 20230812 21:30:51,
US time: 20230812 17:30:51
2023-08-12 21:30:51,907
the strat is currently running @ 12-08-2023 and the target positions is LONG
2023-08-12 21:30:53,232
CURRENT STATUS IS LONG
-----
return before 14h30:
BTCUSDT+0.10%, ETHUSDT+0.06%, XRPUSDT-0.02%
-----
target alloc initial:BTCUSDT+16.67%, ETHUSDT+16.67%, XRPUSDT+16.67%
-----
alloc target x rt%<0:BTCUSDT+16.67%, ETHUSDT+16.67%, XRPUSDT+16.67%
-----
           BTCUSDT ETHUSDT XRPUSDT
w_target     16.7%   16.7%   16.7%
rt_14h30     0.00%   0.00%  -0.00%
w_target_f   16.7%   16.7%   16.7%
2023-08-12 21:30:53,234
Portfolio was rebalanced less than 2 hours ago, 1.0 hours ago
2023-08-12 21:30:53,236
Status: prev = LONG <> LONG = target
2023-08-12 21:30:53,237
the strat is currently running @ 12-08-2023 and the target positions is LONG
the strat was previously run @ 2023-08-12 20:31:11 UTC, success:yes 
   and the current positions is LONG
2023-08-12 21:30:54,364
positions_future #3
2023-08-12 21:30:54,364
      symbol  positionAmt entryPrice  ...   updateTime  AUMs_account        w%
222  BTCUSDT        0.002    29429.5  ...  12Aug-18:44         290.4  0.202540
111  XRPUSDT       77.000     0.6292  ...  12Aug-18:37         290.4  0.165908
137  ETHUSDT        0.026    1848.86  ...  12Aug-18:44         290.4  0.165429

[3 rows x 9 columns]
2023-08-12 21:30:54,390
programm stoppeddd!!! 20230812_213054
