2024-04-22 23:30:52,098
ON program started 20240422 23:30:52,
US time: 20240422 19:30:52
2024-04-22 23:30:52,783
the strat is currently running @ 22-04-2024 and the target positions is SHORT
2024-04-22 23:30:54,630
CURRENT STATUS IS SHORT, WE CHECK IF THE DAY IS A NEGATIVE ONE
-----
return before 14h30:
BTCUSDT+1.81%, ETHUSDT+1.43%, XRPUSDT+1.89%
-----
target alloc initial:BTCUSDT-4.17%, ETHUSDT+0.00%, XRPUSDT-4.17%
-----
alloc target x rt%<0:BTCUSDT-0.00%, ETHUSDT+0.00%, XRPUSDT-0.00%
-----
           BTCUSDT ETHUSDT XRPUSDT
w_target     -4.2%    0.0%   -4.2%
rt_14h30     0.02%   0.01%   0.02%
w_target_f   -0.0%    0.0%   -0.0%
2024-04-22 23:30:54,631
Portfolio was rebalanced less than 2 hours ago, 1.0 hours ago
2024-04-22 23:30:54,632
Status: prev = SHORT <> SHORT = target
2024-04-22 23:30:54,632
the strat is currently running @ 22-04-2024 and the target positions is SHORT
the strat was previously run @ 2024-04-22 22:30:58, success:? 
   and the current positions is SHORT
2024-04-22 23:30:55,825
positions_future #0
2024-04-22 23:30:55,826
Empty DataFrame
Columns: [symbol, positionAmt, entryPrice, breakEvenPrice, markPrice, unRealizedProfit, value_usd, updateTime, isolated, adlQuantile, AUMs_account, w%]
Index: []
2024-04-22 23:30:56,048
------------------------------
binance_account_balance
2024-04-22 23:30:56,049
  asset     balance  ...  marginAvailable   updateTime
6  USDT  282.805902  ...             True  22Apr-22:34

[1 rows x 8 columns]
2024-04-22 23:30:56,286
------------------------------
open_orders
2024-04-22 23:30:56,286
Empty DataFrame
Columns: []
Index: []
2024-04-22 23:30:56,940
------------------------------
AUMS account:282

2024-04-22 23:30:56,942
--------------- compute_futures_order_book() ----------------
2024-04-22 23:30:58,497
----------------------------------------------------------------------
#0 order(s) to place
gross$: 0$ | net$: +0$
gross%: 0% | net%: +0%
 || w>0%  +0% | w<0%  0%
----------------------------------------------------------------------
PTF Expo% 0.0% >> 0.0% (current>>target)
PTF expo $0.0 >> $0 (current>>target)
----------------------------------------------------------------------
2024-04-22 23:30:58,498
orders_ofthe_day
2024-04-22 23:30:58,498
Empty DataFrame
Columns: [ptf_usd, target_usd, totrd_usd, posttrd_usd, qty, posttrd_qty, posttrd_w, bid, ask, strategy]
Index: []
2024-04-22 23:30:58,587
Orders of the day is empty, current and target potfolios are aligned
2024-04-22 23:30:58,587
Program stopped
