2023-11-24 22:30:28,715
ON program started 20231124 22:30:28,
US time: 20231124 17:30:28
2023-11-24 22:30:29,094
the strat is currently running @ 24-11-2023 and the target positions is LONG
2023-11-24 22:30:30,476
CURRENT STATUS IS LONG
-----
return before 14h30:
BTCUSDT+1.00%, ETHUSDT+1.12%, XRPUSDT-0.23%
-----
target alloc initial:BTCUSDT+16.67%, ETHUSDT+16.67%, XRPUSDT+16.67%
-----
alloc target x rt%<0:BTCUSDT+16.67%, ETHUSDT+16.67%, XRPUSDT+16.67%
-----
           BTCUSDT ETHUSDT XRPUSDT
w_target     16.7%   16.7%   16.7%
rt_14h30     0.01%   0.01%  -0.00%
w_target_f   16.7%   16.7%   16.7%
2023-11-24 22:30:30,478
Portfolio was rebalanced less than 2 hours ago, 1.0 hours ago
2023-11-24 22:30:30,481
Status: prev = LONG <> LONG = target
2023-11-24 22:30:30,481
the strat is currently running @ 24-11-2023 and the target positions is LONG
the strat was previously run @ 2023-11-24 21:31:07 UTC, success:yes 
   and the current positions is LONG
2023-11-24 22:30:31,638
positions_future #2
2023-11-24 22:30:31,639
      symbol  positionAmt entryPrice  ... adlQuantile AUMs_account        w%
124  XRPUSDT       77.500     0.6188  ...           2        287.2  0.167192
156  ETHUSDT        0.023    2085.24  ...           1        287.2  0.166043

[2 rows x 12 columns]
2023-11-24 22:30:31,665
programm stoppeddd!!! 20231124_223031
