2024-07-09 22:30:34,995
ON program started 20240709 22:30:34,
US time: 20240709 18:30:34
2024-07-09 22:30:36,156
the strat is currently running @ 09-07-2024 and the target positions is SHORT
2024-07-09 22:30:37,497
CURRENT STATUS IS SHORT, WE CHECK IF THE DAY IS A NEGATIVE ONE
-----
return before 14h30:
BTCUSDT+1.08%, ETHUSDT+1.64%, XRPUSDT+0.21%
-----
target alloc initial:BTCUSDT-4.17%, ETHUSDT+0.00%, XRPUSDT-4.17%
-----
alloc target x rt%<0:BTCUSDT-0.00%, ETHUSDT+0.00%, XRPUSDT-0.00%
-----
           BTCUSDT ETHUSDT XRPUSDT
w_target     -4.2%    0.0%   -4.2%
rt_14h30     0.01%   0.02%   0.00%
w_target_f   -0.0%    0.0%   -0.0%
2024-07-09 22:30:37,499
Portfolio was rebalanced less than 2 hours ago, 1.0 hours ago
2024-07-09 22:30:37,501
Status: prev = SHORT <> LONG = target
2024-07-09 22:30:37,501
the strat is currently running @ 09-07-2024 and the target positions is SHORT
the strat was previously run @ 2024-07-09 21:31:14, success:yes 
   and the current positions is LONG
2024-07-09 22:30:38,660
positions_future #2
2024-07-09 22:30:38,660
      symbol  positionAmt entryPrice  ... adlQuantile AUMs_account        w%
131  XRPUSDT      112.900     0.4347  ...           3        293.0  0.167933
166  ETHUSDT        0.016    3063.15  ...           1        293.0  0.166735

[2 rows x 12 columns]
2024-07-09 22:30:38,894
------------------------------
binance_account_balance
2024-07-09 22:30:38,894
  asset     balance  ...  marginAvailable   updateTime
4  USDT  293.041428  ...             True  09Jul-18:34

[1 rows x 8 columns]
2024-07-09 22:30:39,524
------------------------------
open_orders
2024-07-09 22:30:39,524
Empty DataFrame
Columns: []
Index: []
2024-07-09 22:30:40,136
------------------------------
AUMS account:293

2024-07-09 22:30:40,138
--------------- compute_futures_order_book() ----------------
2024-07-09 22:30:41,595
----------------------------------------------------------------------
#2 order(s) to place
gross$: 98$ | net$: -98$
gross%: 33% | net%: -33%
 || w>0%  +0% | w<0%  -33%
----------------------------------------------------------------------
PTF Expo% 33.4% >> 0.0% (current>>target)
PTF expo $98.0 >> $0 (current>>target)
----------------------------------------------------------------------
2024-07-09 22:30:41,596
orders_ofthe_day
2024-07-09 22:30:41,596
                  ptf_usd  target_usd  totrd_usd  ...        bid        ask strategy
2024-07-09 22:30                                  ...                               
XRPUSDT              49.0        -0.0      -49.0  ...     0.4357     0.4358  STRATON
ETHUSDT              49.0         0.0      -49.0  ...  3053.2900  3053.3000  STRATON

[2 rows x 10 columns]
2024-07-09 22:30:43,208
binance_place_orders_peg 20240709_223043
2024-07-09 22:30:43,621
{'orderId': 60136945166, 'symbol': 'XRPUSDT', 'status': 'NEW', 'clientOrderId': 'STRATON', 'price': '0.4360', 'avgPrice': '0.00', 'origQty': '112.9', 'executedQty': '0.0', 'cumQty': '0.0', 'cumQuote': '0.00000', 'timeInForce': 'GTC', 'type': 'LIMIT', 'reduceOnly': False, 'closePosition': False, 'side': 'SELL', 'positionSide': 'BOTH', 'stopPrice': '0.0000', 'workingType': 'CONTRACT_PRICE', 'priceProtect': False, 'origType': 'LIMIT', 'priceMatch': 'NONE', 'selfTradePreventionMode': 'NONE', 'goodTillDate': 0, 'updateTime': 1720564243516}
2024-07-09 22:30:44,035
{'orderId': 8389765699657470418, 'symbol': 'ETHUSDT', 'status': 'NEW', 'clientOrderId': 'STRATON', 'price': '3054.83', 'avgPrice': '0.00', 'origQty': '0.016', 'executedQty': '0.000', 'cumQty': '0.000', 'cumQuote': '0.00000', 'timeInForce': 'GTC', 'type': 'LIMIT', 'reduceOnly': False, 'closePosition': False, 'side': 'SELL', 'positionSide': 'BOTH', 'stopPrice': '0.00', 'workingType': 'CONTRACT_PRICE', 'priceProtect': False, 'origType': 'LIMIT', 'priceMatch': 'NONE', 'selfTradePreventionMode': 'NONE', 'goodTillDate': 0, 'updateTime': 1720564243927}
2024-07-09 22:30:45,506
update 0: filled 0 / 2 () | working 2 / 2 (-XRPUSDT,-ETHUSDT)
2024-07-09 22:30:49,506
-XRPUSDT: bp7.0|-ETHUSDT: bp4.0|
2024-07-09 22:30:50,335
update 1: filled 0 / 2 () | working 2 / 2 (-XRPUSDT,-ETHUSDT)
2024-07-09 22:30:54,336
-XRPUSDT: bp7.0|-ETHUSDT: bp4.0|
2024-07-09 22:30:55,154
update 2: filled 0 / 2 () | working 2 / 2 (-XRPUSDT,-ETHUSDT)
2024-07-09 22:30:59,155
-XRPUSDT: bp5.0|-ETHUSDT: bp4.0|
2024-07-09 22:30:59,983
update 3: filled 0 / 2 () | working 2 / 2 (-XRPUSDT,-ETHUSDT)
2024-07-09 22:31:03,984
-XRPUSDT: bp5.0|-ETHUSDT: bp4.0|
2024-07-09 22:31:04,804
update 4: filled 0 / 2 () | working 2 / 2 (-XRPUSDT,-ETHUSDT)
2024-07-09 22:31:08,805
-XRPUSDT: bp5.0|-ETHUSDT: bp4.0|
2024-07-09 22:31:09,625
update 5: filled 0 / 2 () | working 2 / 2 (-XRPUSDT,-ETHUSDT)
2024-07-09 22:31:13,626
-XRPUSDT: bp5.0|-ETHUSDT: bp4.0|
2024-07-09 22:31:14,449
update 6: filled 0 / 2 () | working 2 / 2 (-XRPUSDT,-ETHUSDT)
2024-07-09 22:31:18,450
-XRPUSDT: bp5.0|-ETHUSDT: bp3.0|
2024-07-09 22:31:19,270
update 7: filled 0 / 2 () | working 2 / 2 (-XRPUSDT,-ETHUSDT)
2024-07-09 22:31:23,271
-XRPUSDT: bp0.0|-ETHUSDT: bp3.0|
2024-07-09 22:31:24,090
update 8: filled 1 / 2 (-XRPUSDT) | working 1 / 2 (-ETHUSDT)
2024-07-09 22:31:28,091
-ETHUSDT: bp3.0|
2024-07-09 22:31:28,914
update 9: filled 1 / 2 (-XRPUSDT) | working 1 / 2 (-ETHUSDT)
2024-07-09 22:31:32,915
-ETHUSDT: bp3.0|
2024-07-09 22:31:33,735
update 10: filled 1 / 2 (-XRPUSDT) | working 1 / 2 (-ETHUSDT)
2024-07-09 22:31:37,736
-ETHUSDT: bp3.0|
2024-07-09 22:31:38,556
update 11: filled 1 / 2 (-XRPUSDT) | working 1 / 2 (-ETHUSDT)
2024-07-09 22:31:42,557
-ETHUSDT: bp3.0|
2024-07-09 22:31:43,378
update 12: filled 1 / 2 (-XRPUSDT) | working 1 / 2 (-ETHUSDT)
2024-07-09 22:31:47,379
-ETHUSDT: bp3.0|
2024-07-09 22:31:48,199
update 13: filled 1 / 2 (-XRPUSDT) | working 1 / 2 (-ETHUSDT)
2024-07-09 22:31:52,200
-ETHUSDT: bp3.0|
2024-07-09 22:31:53,024
update 14: filled 1 / 2 (-XRPUSDT) | working 1 / 2 (-ETHUSDT)
2024-07-09 22:31:57,024
-ETHUSDT: bp3.0|
2024-07-09 22:31:57,024
Adjustment limit #1 ... 
 we cancel current orders and replace
2024-07-09 22:31:57,024
@+/-2.5bp limit 
2024-07-09 22:31:57,024
binance_cancel_and_replace_orders_peg 20240709_223157
2024-07-09 22:31:58,467
binance_place_orders_peg 20240709_223158
2024-07-09 22:31:58,876
{'orderId': 8389765699657636727, 'symbol': 'ETHUSDT', 'status': 'NEW', 'clientOrderId': 'STRATON', 'price': '3054.76', 'avgPrice': '0.00', 'origQty': '0.016', 'executedQty': '0.000', 'cumQty': '0.000', 'cumQuote': '0.00000', 'timeInForce': 'GTC', 'type': 'LIMIT', 'reduceOnly': False, 'closePosition': False, 'side': 'SELL', 'positionSide': 'BOTH', 'stopPrice': '0.00', 'workingType': 'CONTRACT_PRICE', 'priceProtect': False, 'origType': 'LIMIT', 'priceMatch': 'NONE', 'selfTradePreventionMode': 'NONE', 'goodTillDate': 0, 'updateTime': 1720564318773}
2024-07-09 22:31:59,707
update 0: filled 1 / 2 (-XRPUSDT) | working 1 / 2 (-ETHUSDT)
2024-07-09 22:32:03,708
-ETHUSDT: bp3.0|
2024-07-09 22:32:04,533
update 1: filled 1 / 2 (-XRPUSDT) | working 1 / 2 (-ETHUSDT)
2024-07-09 22:32:08,534
-ETHUSDT: bp3.0|
2024-07-09 22:32:09,356
update 2: filled 1 / 2 (-XRPUSDT) | working 1 / 2 (-ETHUSDT)
2024-07-09 22:32:13,357
-ETHUSDT: bp2.0|
2024-07-09 22:32:14,175
update 3: filled 2 / 2 (-XRPUSDT,-ETHUSDT) | working 0 / 2 ()
2024-07-09 22:32:20,448
Trades of the day
in$
as of: 09Jul 22:31>>22:32 (#trades: 2)
trade net: -98.0 (-33.4%), trade gross: +98.0 (+33.4%), BUY: +0.0 (+0.0%), SELL: -98.0 (-33.4%)
fees: $ 0.02 (2.0bp)
2024-07-09 22:32:20,872
Trades: 
Filled #2
______________________________________________
                   in$ | in bp 98 traded | in bp 293 AUMs
realizedPnl    +0.02   | +2      | +1     
PnLvsArrival   +0.05   | +5      | +2     
PnLvsLast      -0.01   | -1      | -0     
______________________________________________
                 | Value$ | PnL Arrival/Last 
______________________________________________
XRP:-112.9@0.436 | -49$ | 0.03/0
ETH:-0.016@3054.76 | -49$ | 0.02/-0.01
