2024-06-21 02:30:48,223
ON program started 20240621 02:30:48,
US time: 20240620 22:30:48
2024-06-21 02:30:49,517
the strat is currently running @ 21-06-2024 and the target positions is NEUTRAL
2024-06-21 02:30:50,831
CURRENT STATUS IS NEUTRAL
-----
return before 14h30:
BTCUSDT+0.05%, ETHUSDT+0.24%, XRPUSDT+0.14%
-----
target alloc initial:BTCUSDT+0.00%, ETHUSDT+0.00%, XRPUSDT+0.00%
-----
alloc target x rt%<0:BTCUSDT+0.00%, ETHUSDT+0.00%, XRPUSDT+0.00%
-----
           BTCUSDT ETHUSDT XRPUSDT
w_target      0.0%    0.0%    0.0%
rt_14h30     0.00%   0.00%   0.00%
w_target_f    0.0%    0.0%    0.0%
2024-06-21 02:30:50,833
Portfolio was rebalanced less than 2 hours ago, 1.0 hours ago
2024-06-21 02:30:50,834
Status: prev = NEUTRAL <> SHORT = target
2024-06-21 02:30:50,835
the strat is currently running @ 21-06-2024 and the target positions is NEUTRAL
the strat was previously run @ 2024-06-21 01:31:16, success:yes 
   and the current positions is SHORT
2024-06-21 02:30:52,004
positions_future #0
2024-06-21 02:30:52,005
Empty DataFrame
Columns: [symbol, positionAmt, entryPrice, breakEvenPrice, markPrice, unRealizedProfit, value_usd, updateTime, isolated, adlQuantile, AUMs_account, w%]
Index: []
2024-06-21 02:30:52,215
------------------------------
binance_account_balance
2024-06-21 02:30:52,215
  asset     balance  ...  marginAvailable   updateTime
4  USDT  291.375532  ...             True  20Jun-22:35

[1 rows x 8 columns]
2024-06-21 02:30:52,439
------------------------------
open_orders
2024-06-21 02:30:52,439
Empty DataFrame
Columns: []
Index: []
2024-06-21 02:30:53,056
------------------------------
AUMS account:291

2024-06-21 02:30:53,059
--------------- compute_futures_order_book() ----------------
2024-06-21 02:30:54,534
----------------------------------------------------------------------
#0 order(s) to place
gross$: 0$ | net$: +0$
gross%: 0% | net%: +0%
 || w>0%  +0% | w<0%  0%
----------------------------------------------------------------------
PTF Expo% 0.0% >> 0.0% (current>>target)
PTF expo $0.0 >> $0 (current>>target)
----------------------------------------------------------------------
2024-06-21 02:30:54,536
orders_ofthe_day
2024-06-21 02:30:54,536
Empty DataFrame
Columns: [ptf_usd, target_usd, totrd_usd, posttrd_usd, qty, posttrd_qty, posttrd_w, bid, ask, strategy]
Index: []
2024-06-21 02:30:54,604
Orders of the day is empty, current and target potfolios are aligned
2024-06-21 02:30:54,604
Program stopped
