2024-03-02 23:31:02,291
ON program started 20240302 23:31:02,
US time: 20240302 18:31:02
2024-03-02 23:31:02,882
the strat is currently running @ 02-03-2024 and the target positions is SHORT
2024-03-02 23:31:04,291
CURRENT STATUS IS SHORT, WE CHECK IF THE DAY IS A NEGATIVE ONE
-----
return before 14h30:
BTCUSDT-0.94%, ETHUSDT-0.68%, XRPUSDT+6.32%
-----
target alloc initial:BTCUSDT-4.17%, ETHUSDT+0.00%, XRPUSDT-4.17%
-----
alloc target x rt%<0:BTCUSDT-4.17%, ETHUSDT+0.00%, XRPUSDT-0.00%
-----
           BTCUSDT ETHUSDT XRPUSDT
w_target     -4.2%    0.0%   -4.2%
rt_14h30    -0.01%  -0.01%   0.06%
w_target_f   -4.2%    0.0%   -0.0%
2024-03-02 23:31:04,292
Portfolio was rebalanced less than 2 hours ago, 1.0 hours ago
2024-03-02 23:31:04,293
Status: prev = SHORT <> LONG = target
2024-03-02 23:31:04,294
the strat is currently running @ 02-03-2024 and the target positions is SHORT
the strat was previously run @ 2024-03-02 22:30:46, success:yes 
   and the current positions is LONG
2024-03-02 23:31:05,489
positions_future #2
2024-03-02 23:31:05,489
      symbol  positionAmt entryPrice  ... adlQuantile AUMs_account        w%
123  XRPUSDT       76.900      0.639  ...           1        293.3  0.168604
154  ETHUSDT        0.014    3429.94  ...           1        293.3  0.163319

[2 rows x 12 columns]
2024-03-02 23:31:05,731
------------------------------
binance_account_balance
2024-03-02 23:31:05,732
  asset     balance  ...  marginAvailable   updateTime
5  USDT  293.136468  ...             True  02Mar-19:33

[1 rows x 8 columns]
2024-03-02 23:31:06,403
------------------------------
open_orders
2024-03-02 23:31:06,403
Empty DataFrame
Columns: []
Index: []
2024-03-02 23:31:07,060
------------------------------
AUMS account:293

2024-03-02 23:31:07,062
--------------- compute_futures_order_book() ----------------
2024-03-02 23:31:08,615
----------------------------------------------------------------------
#2 order(s) to place
gross$: 97$ | net$: -97$
gross%: 33% | net%: -33%
 || w>0%  +0% | w<0%  -33%
----------------------------------------------------------------------
PTF Expo% 33.0% >> -4.1% (current>>target)
PTF expo $97.0 >> $-12 (current>>target)
----------------------------------------------------------------------
2024-03-02 23:31:08,617
orders_ofthe_day
2024-03-02 23:31:08,617
                  ptf_usd  target_usd  totrd_usd  ...        bid        ask strategy
2024-03-02 23:31                                  ...                               
XRPUSDT              49.0        -0.0      -49.0  ...     0.6431     0.6432  STRATON
ETHUSDT              48.0         0.0      -48.0  ...  3421.7500  3421.7600  STRATON

[2 rows x 10 columns]
2024-03-02 23:31:09,863
binance_place_orders_peg 20240302_233109
2024-03-02 23:31:10,302
{'orderId': 51369755298, 'symbol': 'XRPUSDT', 'status': 'NEW', 'clientOrderId': 'STRATON', 'price': '0.6436', 'avgPrice': '0.00', 'origQty': '76.9', 'executedQty': '0.0', 'cumQty': '0.0', 'cumQuote': '0.00000', 'timeInForce': 'GTC', 'type': 'LIMIT', 'reduceOnly': False, 'closePosition': False, 'side': 'SELL', 'positionSide': 'BOTH', 'stopPrice': '0.0000', 'workingType': 'CONTRACT_PRICE', 'priceProtect': False, 'origType': 'LIMIT', 'priceMatch': 'NONE', 'selfTradePreventionMode': 'NONE', 'goodTillDate': 0, 'updateTime': 1709422270193}
2024-03-02 23:31:10,741
{'orderId': 8389765657801744036, 'symbol': 'ETHUSDT', 'status': 'NEW', 'clientOrderId': 'STRATON', 'price': '3423.47', 'avgPrice': '0.00', 'origQty': '0.014', 'executedQty': '0.000', 'cumQty': '0.000', 'cumQuote': '0.00000', 'timeInForce': 'GTC', 'type': 'LIMIT', 'reduceOnly': False, 'closePosition': False, 'side': 'SELL', 'positionSide': 'BOTH', 'stopPrice': '0.00', 'workingType': 'CONTRACT_PRICE', 'priceProtect': False, 'origType': 'LIMIT', 'priceMatch': 'NONE', 'selfTradePreventionMode': 'NONE', 'goodTillDate': 0, 'updateTime': 1709422270632}
2024-03-02 23:31:12,317
update 0: filled 0 / 2 () | working 2 / 2 (-XRPUSDT,-ETHUSDT)
2024-03-02 23:31:16,318
-XRPUSDT: bp8.0|-ETHUSDT: bp5.0|
2024-03-02 23:31:17,198
update 1: filled 0 / 2 () | working 2 / 2 (-XRPUSDT,-ETHUSDT)
2024-03-02 23:31:21,199
-XRPUSDT: bp6.0|-ETHUSDT: bp5.0|
2024-03-02 23:31:22,080
update 2: filled 0 / 2 () | working 2 / 2 (-XRPUSDT,-ETHUSDT)
2024-03-02 23:31:26,080
-XRPUSDT: bp6.0|-ETHUSDT: bp5.0|
2024-03-02 23:31:26,959
update 3: filled 0 / 2 () | working 2 / 2 (-XRPUSDT,-ETHUSDT)
2024-03-02 23:31:30,960
-XRPUSDT: bp6.0|-ETHUSDT: bp4.0|
2024-03-02 23:31:31,839
update 4: filled 0 / 2 () | working 2 / 2 (-XRPUSDT,-ETHUSDT)
2024-03-02 23:31:35,840
-XRPUSDT: bp6.0|-ETHUSDT: bp2.0|
2024-03-02 23:31:36,720
update 5: filled 0 / 2 () | working 2 / 2 (-XRPUSDT,-ETHUSDT)
2024-03-02 23:31:40,721
-XRPUSDT: bp6.0|-ETHUSDT: bp1.0|
2024-03-02 23:31:41,601
update 6: filled 0 / 2 () | working 2 / 2 (-XRPUSDT,-ETHUSDT)
2024-03-02 23:31:45,602
-XRPUSDT: bp12.0|-ETHUSDT: bp1.0|
2024-03-02 23:31:46,482
update 7: filled 0 / 2 () | working 2 / 2 (-XRPUSDT,-ETHUSDT)
2024-03-02 23:31:50,482
-XRPUSDT: bp14.0|-ETHUSDT: bp1.0|
2024-03-02 23:31:51,369
update 8: filled 0 / 2 () | working 2 / 2 (-XRPUSDT,-ETHUSDT)
2024-03-02 23:31:55,370
-XRPUSDT: bp14.0|-ETHUSDT: bp1.0|
2024-03-02 23:31:56,252
update 9: filled 0 / 2 () | working 2 / 2 (-XRPUSDT,-ETHUSDT)
2024-03-02 23:32:00,253
-XRPUSDT: bp9.0|-ETHUSDT: bp1.0|
2024-03-02 23:32:01,135
update 10: filled 0 / 2 () | working 2 / 2 (-XRPUSDT,-ETHUSDT)
2024-03-02 23:32:05,136
-XRPUSDT: bp11.0|-ETHUSDT: bp1.0|
2024-03-02 23:32:06,020
update 11: filled 0 / 2 () | working 2 / 2 (-XRPUSDT,-ETHUSDT)
2024-03-02 23:32:10,020
-XRPUSDT: bp11.0|-ETHUSDT: bp1.0|
2024-03-02 23:32:10,902
update 12: filled 0 / 2 () | working 2 / 2 (-XRPUSDT,-ETHUSDT)
2024-03-02 23:32:14,903
-XRPUSDT: bp17.0|-ETHUSDT: bp1.0|
2024-03-02 23:32:15,786
update 13: filled 0 / 2 () | working 2 / 2 (-XRPUSDT,-ETHUSDT)
2024-03-02 23:32:19,787
-XRPUSDT: bp17.0|-ETHUSDT: bp1.0|
2024-03-02 23:32:20,668
update 14: filled 0 / 2 () | working 2 / 2 (-XRPUSDT,-ETHUSDT)
2024-03-02 23:32:24,669
-XRPUSDT: bp16.0|-ETHUSDT: bp1.0|
2024-03-02 23:32:24,669
Adjustment limit #1 ... 
 we cancel current orders and replace
2024-03-02 23:32:24,669
@+/-2.5bp limit 
2024-03-02 23:32:24,669
binance_cancel_and_replace_orders_peg 20240302_233224
2024-03-02 23:32:26,878
binance_place_orders_peg 20240302_233226
2024-03-02 23:32:27,316
{'orderId': 51369817473, 'symbol': 'XRPUSDT', 'status': 'NEW', 'clientOrderId': 'STRATON', 'price': '0.6421', 'avgPrice': '0.00', 'origQty': '76.9', 'executedQty': '0.0', 'cumQty': '0.0', 'cumQuote': '0.00000', 'timeInForce': 'GTC', 'type': 'LIMIT', 'reduceOnly': False, 'closePosition': False, 'side': 'SELL', 'positionSide': 'BOTH', 'stopPrice': '0.0000', 'workingType': 'CONTRACT_PRICE', 'priceProtect': False, 'origType': 'LIMIT', 'priceMatch': 'NONE', 'selfTradePreventionMode': 'NONE', 'goodTillDate': 0, 'updateTime': 1709422347207}
2024-03-02 23:32:27,758
{'orderId': 8389765657801911179, 'symbol': 'ETHUSDT', 'status': 'NEW', 'clientOrderId': 'STRATON', 'price': '3422.35', 'avgPrice': '0.00', 'origQty': '0.014', 'executedQty': '0.000', 'cumQty': '0.000', 'cumQuote': '0.00000', 'timeInForce': 'GTC', 'type': 'LIMIT', 'reduceOnly': False, 'closePosition': False, 'side': 'SELL', 'positionSide': 'BOTH', 'stopPrice': '0.00', 'workingType': 'CONTRACT_PRICE', 'priceProtect': False, 'origType': 'LIMIT', 'priceMatch': 'NONE', 'selfTradePreventionMode': 'NONE', 'goodTillDate': 0, 'updateTime': 1709422347644}
2024-03-02 23:32:28,678
update 0: filled 0 / 2 () | working 2 / 2 (-XRPUSDT,-ETHUSDT)
2024-03-02 23:32:32,678
-XRPUSDT: bp2.0|-ETHUSDT: bp-1.0|
2024-03-02 23:32:33,558
update 1: filled 0 / 2 () | working 2 / 2 (-XRPUSDT,-ETHUSDT)
2024-03-02 23:32:37,559
-XRPUSDT: bp3.0|-ETHUSDT: bp3.0|
2024-03-02 23:32:38,439
update 2: filled 0 / 2 () | working 2 / 2 (-XRPUSDT,-ETHUSDT)
2024-03-02 23:32:42,439
-XRPUSDT: bp8.0|-ETHUSDT: bp4.0|
2024-03-02 23:32:43,320
update 3: filled 0 / 2 () | working 2 / 2 (-XRPUSDT,-ETHUSDT)
2024-03-02 23:32:47,321
-XRPUSDT: bp16.0|-ETHUSDT: bp4.0|
2024-03-02 23:32:48,201
update 4: filled 0 / 2 () | working 2 / 2 (-XRPUSDT,-ETHUSDT)
2024-03-02 23:32:52,202
-XRPUSDT: bp12.0|-ETHUSDT: bp3.0|
2024-03-02 23:32:53,081
update 5: filled 0 / 2 () | working 2 / 2 (-XRPUSDT,-ETHUSDT)
2024-03-02 23:32:57,081
-XRPUSDT: bp11.0|-ETHUSDT: bp3.0|
2024-03-02 23:32:57,961
update 6: filled 0 / 2 () | working 2 / 2 (-XRPUSDT,-ETHUSDT)
2024-03-02 23:33:01,962
-XRPUSDT: bp12.0|-ETHUSDT: bp3.0|
2024-03-02 23:33:02,844
update 7: filled 0 / 2 () | working 2 / 2 (-XRPUSDT,-ETHUSDT)
2024-03-02 23:33:06,845
-XRPUSDT: bp12.0|-ETHUSDT: bp4.0|
2024-03-02 23:33:07,725
update 8: filled 0 / 2 () | working 2 / 2 (-XRPUSDT,-ETHUSDT)
2024-03-02 23:33:11,725
-XRPUSDT: bp16.0|-ETHUSDT: bp3.0|
2024-03-02 23:33:12,605
update 9: filled 0 / 2 () | working 2 / 2 (-XRPUSDT,-ETHUSDT)
2024-03-02 23:33:16,606
-XRPUSDT: bp11.0|-ETHUSDT: bp7.0|
2024-03-02 23:33:17,485
update 10: filled 0 / 2 () | working 2 / 2 (-XRPUSDT,-ETHUSDT)
2024-03-02 23:33:21,486
-XRPUSDT: bp17.0|-ETHUSDT: bp13.0|
2024-03-02 23:33:22,368
update 11: filled 0 / 2 () | working 2 / 2 (-XRPUSDT,-ETHUSDT)
2024-03-02 23:33:26,368
-XRPUSDT: bp16.0|-ETHUSDT: bp12.0|
2024-03-02 23:33:27,247
update 12: filled 0 / 2 () | working 2 / 2 (-XRPUSDT,-ETHUSDT)
2024-03-02 23:33:31,248
-XRPUSDT: bp16.0|-ETHUSDT: bp12.0|
2024-03-02 23:33:32,126
update 13: filled 0 / 2 () | working 2 / 2 (-XRPUSDT,-ETHUSDT)
2024-03-02 23:33:36,127
-XRPUSDT: bp14.0|-ETHUSDT: bp12.0|
2024-03-02 23:33:37,006
update 14: filled 0 / 2 () | working 2 / 2 (-XRPUSDT,-ETHUSDT)
2024-03-02 23:33:41,007
-XRPUSDT: bp16.0|-ETHUSDT: bp12.0|
2024-03-02 23:33:41,007
Adjustment limit #2 ... 
 we cancel current orders and replace
2024-03-02 23:33:41,007
@+/-1.25bp limit 
2024-03-02 23:33:41,007
binance_cancel_and_replace_orders_peg 20240302_233341
2024-03-02 23:33:43,208
binance_place_orders_peg 20240302_233343
2024-03-02 23:33:43,647
{'orderId': 51369884276, 'symbol': 'XRPUSDT', 'status': 'NEW', 'clientOrderId': 'STRATON', 'price': '0.6414', 'avgPrice': '0.00', 'origQty': '76.9', 'executedQty': '0.0', 'cumQty': '0.0', 'cumQuote': '0.00000', 'timeInForce': 'GTC', 'type': 'LIMIT', 'reduceOnly': False, 'closePosition': False, 'side': 'SELL', 'positionSide': 'BOTH', 'stopPrice': '0.0000', 'workingType': 'CONTRACT_PRICE', 'priceProtect': False, 'origType': 'LIMIT', 'priceMatch': 'NONE', 'selfTradePreventionMode': 'NONE', 'goodTillDate': 0, 'updateTime': 1709422423537}
2024-03-02 23:33:44,088
{'orderId': 8389765657802117185, 'symbol': 'ETHUSDT', 'status': 'NEW', 'clientOrderId': 'STRATON', 'price': '3419.07', 'avgPrice': '0.00', 'origQty': '0.014', 'executedQty': '0.000', 'cumQty': '0.000', 'cumQuote': '0.00000', 'timeInForce': 'GTC', 'type': 'LIMIT', 'reduceOnly': False, 'closePosition': False, 'side': 'SELL', 'positionSide': 'BOTH', 'stopPrice': '0.00', 'workingType': 'CONTRACT_PRICE', 'priceProtect': False, 'origType': 'LIMIT', 'priceMatch': 'NONE', 'selfTradePreventionMode': 'NONE', 'goodTillDate': 0, 'updateTime': 1709422423975}
2024-03-02 23:33:44,975
update 0: filled 0 / 2 () | working 2 / 2 (-XRPUSDT,-ETHUSDT)
2024-03-02 23:33:48,976
-XRPUSDT: bp5.0|-ETHUSDT: bp2.0|
2024-03-02 23:33:49,857
update 1: filled 1 / 2 (-ETHUSDT) | working 1 / 2 (-XRPUSDT)
2024-03-02 23:33:53,858
-XRPUSDT: bp3.0|
2024-03-02 23:33:54,738
update 2: filled 1 / 2 (-ETHUSDT) | working 1 / 2 (-XRPUSDT)
2024-03-02 23:33:58,739
-XRPUSDT: bp3.0|
2024-03-02 23:33:59,624
update 3: filled 1 / 2 (-ETHUSDT) | working 1 / 2 (-XRPUSDT)
2024-03-02 23:34:03,625
-XRPUSDT: bp3.0|
2024-03-02 23:34:04,503
update 4: filled 1 / 2 (-ETHUSDT) | working 1 / 2 (-XRPUSDT)
2024-03-02 23:34:08,504
-XRPUSDT: bp2.0|
2024-03-02 23:34:09,382
update 5: filled 1 / 2 (-ETHUSDT) | working 1 / 2 (-XRPUSDT)
2024-03-02 23:34:13,383
-XRPUSDT: bp6.0|
2024-03-02 23:34:14,270
update 6: filled 1 / 2 (-ETHUSDT) | working 1 / 2 (-XRPUSDT)
2024-03-02 23:34:18,271
-XRPUSDT: bp6.0|
2024-03-02 23:34:19,152
update 7: filled 1 / 2 (-ETHUSDT) | working 1 / 2 (-XRPUSDT)
2024-03-02 23:34:23,153
-XRPUSDT: bp6.0|
2024-03-02 23:34:24,041
update 8: filled 1 / 2 (-ETHUSDT) | working 1 / 2 (-XRPUSDT)
2024-03-02 23:34:28,042
-XRPUSDT: bp6.0|
2024-03-02 23:34:28,920
update 9: filled 1 / 2 (-ETHUSDT) | working 1 / 2 (-XRPUSDT)
2024-03-02 23:34:32,920
-XRPUSDT: bp6.0|
2024-03-02 23:34:33,803
update 10: filled 1 / 2 (-ETHUSDT) | working 1 / 2 (-XRPUSDT)
2024-03-02 23:34:37,804
-XRPUSDT: bp6.0|
2024-03-02 23:34:38,684
update 11: filled 1 / 2 (-ETHUSDT) | working 1 / 2 (-XRPUSDT)
2024-03-02 23:34:42,685
-XRPUSDT: bp6.0|
2024-03-02 23:34:43,564
update 12: filled 1 / 2 (-ETHUSDT) | working 1 / 2 (-XRPUSDT)
2024-03-02 23:34:47,565
-XRPUSDT: bp5.0|
2024-03-02 23:34:48,443
update 13: filled 1 / 2 (-ETHUSDT) | working 1 / 2 (-XRPUSDT)
2024-03-02 23:34:52,444
-XRPUSDT: bp3.0|
2024-03-02 23:34:53,323
update 14: filled 2 / 2 (-XRPUSDT,-ETHUSDT) | working 0 / 2 ()
2024-03-02 23:34:59,760
Trades of the day
in$
as of: 02Mar 23:33>>23:34 (#trades: 2)
trade net: -97.0 (-33.1%), trade gross: +97.0 (+33.1%), BUY: +0.0 (+0.0%), SELL: -97.0 (-33.1%)
fees: $ 0.019 (2.0bp)
2024-03-02 23:35:00,221
Trades: 
Filled #2
______________________________________________
                   in$ | in bp 97 traded | in bp 293 AUMs
realizedPnl    +0.03   | +3      | +1     
PnLvsArrival   -0.17   | -17     | -6     
PnLvsLast      +0      | +0      | +0     
______________________________________________
                 | Value$ | PnL Arrival/Last 
______________________________________________
XRP:-76.9@0.6414 | -49$ | -0.13/0.01
ETH:-0.014@3419.07 | -48$ | -0.04/-0.01
