2024-03-05 22:30:59,056
ON program started 20240305 22:30:59,
US time: 20240305 17:30:59
2024-03-05 22:30:59,617
the strat is currently running @ 05-03-2024 and the target positions is LONG
2024-03-05 22:31:01,466
CURRENT STATUS IS LONG
-----
return before 14h30:
BTCUSDT-0.70%, ETHUSDT+4.18%, XRPUSDT+0.42%
-----
target alloc initial:BTCUSDT+16.67%, ETHUSDT+16.67%, XRPUSDT+16.67%
-----
alloc target x rt%<0:BTCUSDT+16.67%, ETHUSDT+16.67%, XRPUSDT+16.67%
-----
           BTCUSDT ETHUSDT XRPUSDT
w_target     16.7%   16.7%   16.7%
rt_14h30    -0.01%   0.04%   0.00%
w_target_f   16.7%   16.7%   16.7%
2024-03-05 22:31:01,468
Portfolio was rebalanced less than 2 hours ago, 1.0 hours ago
2024-03-05 22:31:01,470
Status: prev = LONG <> LONG = target
2024-03-05 22:31:01,470
the strat is currently running @ 05-03-2024 and the target positions is LONG
the strat was previously run @ 2024-03-05 21:30:51, success:yes 
   and the current positions is LONG
2024-03-05 22:31:02,688
positions_future #2
2024-03-05 22:31:02,688
      symbol  positionAmt entryPrice  ... adlQuantile AUMs_account        w%
154  ETHUSDT        0.014     3576.1  ...           1        289.9  0.168570
123  XRPUSDT       80.400     0.6104  ...           1        289.9  0.161808

[2 rows x 12 columns]
2024-03-05 22:31:02,779
programm stoppeddd!!! 20240305_223102
