2024-07-16 23:30:45,151
ON program started 20240716 23:30:45,
US time: 20240716 19:30:45
2024-07-16 23:30:45,617
the strat is currently running @ 16-07-2024 and the target positions is SHORT
2024-07-16 23:30:47,716
CURRENT STATUS IS SHORT, WE CHECK IF THE DAY IS A NEGATIVE ONE
-----
return before 14h30:
BTCUSDT-2.01%, ETHUSDT-2.50%, XRPUSDT+3.83%
-----
target alloc initial:BTCUSDT-4.17%, ETHUSDT+0.00%, XRPUSDT-4.17%
-----
alloc target x rt%<0:BTCUSDT-4.17%, ETHUSDT+0.00%, XRPUSDT-0.00%
-----
           BTCUSDT ETHUSDT XRPUSDT
w_target     -4.2%    0.0%   -4.2%
rt_14h30    -0.02%  -0.02%   0.04%
w_target_f   -4.2%    0.0%   -0.0%
2024-07-16 23:30:47,717
Portfolio was rebalanced less than 2 hours ago, 1.0 hours ago
2024-07-16 23:30:47,718
Status: prev = SHORT <> SHORT = target
2024-07-16 23:30:47,718
the strat is currently running @ 16-07-2024 and the target positions is SHORT
the strat was previously run @ 2024-07-16 22:30:41, success:? 
   and the current positions is SHORT
2024-07-16 23:30:48,839
positions_future #0
2024-07-16 23:30:48,839
Empty DataFrame
Columns: [symbol, positionAmt, entryPrice, breakEvenPrice, markPrice, unRealizedProfit, value_usd, updateTime, isolated, adlQuantile, AUMs_account, w%]
Index: []
2024-07-16 23:30:49,045
------------------------------
binance_account_balance
2024-07-16 23:30:49,045
  asset     balance  ...  marginAvailable   updateTime
4  USDT  292.451635  ...             True  16Jul-22:33

[1 rows x 8 columns]
2024-07-16 23:30:49,263
------------------------------
open_orders
2024-07-16 23:30:49,263
Empty DataFrame
Columns: []
Index: []
2024-07-16 23:30:49,872
------------------------------
AUMS account:292

2024-07-16 23:30:49,874
--------------- compute_futures_order_book() ----------------
2024-07-16 23:30:51,316
----------------------------------------------------------------------
#0 order(s) to place
gross$: 0$ | net$: +0$
gross%: 0% | net%: +0%
 || w>0%  +0% | w<0%  0%
----------------------------------------------------------------------
PTF Expo% 0.0% >> -4.1% (current>>target)
PTF expo $0.0 >> $-12 (current>>target)
----------------------------------------------------------------------
2024-07-16 23:30:51,318
orders_ofthe_day
2024-07-16 23:30:51,318
Empty DataFrame
Columns: [ptf_usd, target_usd, totrd_usd, posttrd_usd, qty, posttrd_qty, posttrd_w, bid, ask, strategy]
Index: []
2024-07-16 23:30:51,383
Orders of the day is empty, current and target potfolios are aligned
2024-07-16 23:30:51,383
Program stopped
