2024-04-27 21:31:03,105
ON program started 20240427 21:31:03,
US time: 20240427 17:31:03
2024-04-27 21:31:04,132
the strat is currently running @ 27-04-2024 and the target positions is LONG
2024-04-27 21:31:05,952
CURRENT STATUS IS LONG
-----
return before 14h30:
BTCUSDT-0.85%, ETHUSDT+0.64%, XRPUSDT-1.71%
-----
target alloc initial:BTCUSDT+16.67%, ETHUSDT+16.67%, XRPUSDT+16.67%
-----
alloc target x rt%<0:BTCUSDT+16.67%, ETHUSDT+16.67%, XRPUSDT+16.67%
-----
           BTCUSDT ETHUSDT XRPUSDT
w_target     16.7%   16.7%   16.7%
rt_14h30    -0.01%   0.01%  -0.02%
w_target_f   16.7%   16.7%   16.7%
2024-04-27 21:31:05,953
Portfolio was rebalanced less than 2 hours ago, 1.0 hours ago
2024-04-27 21:31:05,954
Status: prev = LONG <> LONG = target
2024-04-27 21:31:05,954
the strat is currently running @ 27-04-2024 and the target positions is LONG
the strat was previously run @ 2024-04-27 20:30:48, success:yes 
   and the current positions is LONG
2024-04-27 21:31:07,163
positions_future #2
2024-04-27 21:31:07,163
      symbol  positionAmt entryPrice  ... adlQuantile AUMs_account        w%
131  XRPUSDT       90.600     0.5183  ...           2        281.2  0.166811
164  ETHUSDT        0.014    3245.77  ...           1        281.2  0.161044

[2 rows x 12 columns]
2024-04-27 21:31:07,244
programm stoppeddd!!! 20240427_213107
