2024-05-22 22:30:49,551
ON program started 20240522 22:30:49,
US time: 20240522 18:30:49
2024-05-22 22:30:50,525
the strat is currently running @ 22-05-2024 and the target positions is SHORT
2024-05-22 22:30:51,916
CURRENT STATUS IS SHORT, WE CHECK IF THE DAY IS A NEGATIVE ONE
-----
return before 14h30:
BTCUSDT-0.80%, ETHUSDT-2.48%, XRPUSDT-1.27%
-----
target alloc initial:BTCUSDT-4.17%, ETHUSDT+0.00%, XRPUSDT-4.17%
-----
alloc target x rt%<0:BTCUSDT-4.17%, ETHUSDT+0.00%, XRPUSDT-4.17%
-----
           BTCUSDT ETHUSDT XRPUSDT
w_target     -4.2%    0.0%   -4.2%
rt_14h30    -0.01%  -0.02%  -0.01%
w_target_f   -4.2%    0.0%   -4.2%
2024-05-22 22:30:51,917
Portfolio was rebalanced less than 2 hours ago, 1.0 hours ago
2024-05-22 22:30:51,919
Status: prev = SHORT <> LONG = target
2024-05-22 22:30:51,919
the strat is currently running @ 22-05-2024 and the target positions is SHORT
the strat was previously run @ 2024-05-22 21:31:08, success:yes 
   and the current positions is LONG
2024-05-22 22:30:53,130
positions_future #2
2024-05-22 22:30:53,131
      symbol  positionAmt entryPrice  ... adlQuantile AUMs_account        w%
167  ETHUSDT        0.013    3718.65  ...           1        288.3  0.169494
134  XRPUSDT       90.800     0.5291  ...           1        288.3  0.166124

[2 rows x 12 columns]
2024-05-22 22:30:53,371
------------------------------
binance_account_balance
2024-05-22 22:30:53,372
  asset     balance  ...  marginAvailable   updateTime
6  USDT  287.937545  ...             True  22May-18:33

[1 rows x 8 columns]
2024-05-22 22:30:54,039
------------------------------
open_orders
2024-05-22 22:30:54,039
Empty DataFrame
Columns: []
Index: []
2024-05-22 22:30:54,690
------------------------------
AUMS account:288

2024-05-22 22:30:54,692
--------------- compute_futures_order_book() ----------------
2024-05-22 22:30:56,249
----------------------------------------------------------------------
#2 order(s) to place
gross$: 109$ | net$: -109$
gross%: 38% | net%: -38%
 || w>0%  +0% | w<0%  -38%
----------------------------------------------------------------------
PTF Expo% 33.6% >> -8.3% (current>>target)
PTF expo $97.0 >> $-24 (current>>target)
----------------------------------------------------------------------
2024-05-22 22:30:56,252
orders_ofthe_day
2024-05-22 22:30:56,252
                  ptf_usd  target_usd  totrd_usd  ...        bid        ask strategy
2024-05-22 22:30                                  ...                               
XRPUSDT              48.0      -12.02      -60.0  ...     0.5275     0.5276  STRATON
ETHUSDT              49.0        0.00      -49.0  ...  3759.0700  3759.0800  STRATON

[2 rows x 10 columns]
2024-05-22 22:30:57,985
binance_place_orders_peg 20240522_223057
2024-05-22 22:30:58,426
{'orderId': 57084379026, 'symbol': 'XRPUSDT', 'status': 'NEW', 'clientOrderId': 'STRATON', 'price': '0.5279', 'avgPrice': '0.00', 'origQty': '113.7', 'executedQty': '0.0', 'cumQty': '0.0', 'cumQuote': '0.00000', 'timeInForce': 'GTC', 'type': 'LIMIT', 'reduceOnly': False, 'closePosition': False, 'side': 'SELL', 'positionSide': 'BOTH', 'stopPrice': '0.0000', 'workingType': 'CONTRACT_PRICE', 'priceProtect': False, 'origType': 'LIMIT', 'priceMatch': 'NONE', 'selfTradePreventionMode': 'NONE', 'goodTillDate': 0, 'updateTime': 1716417058314}
2024-05-22 22:30:58,865
{'orderId': 8389765683842907503, 'symbol': 'ETHUSDT', 'status': 'NEW', 'clientOrderId': 'STRATON', 'price': '3760.96', 'avgPrice': '0.00', 'origQty': '0.013', 'executedQty': '0.000', 'cumQty': '0.000', 'cumQuote': '0.00000', 'timeInForce': 'GTC', 'type': 'LIMIT', 'reduceOnly': False, 'closePosition': False, 'side': 'SELL', 'positionSide': 'BOTH', 'stopPrice': '0.00', 'workingType': 'CONTRACT_PRICE', 'priceProtect': False, 'origType': 'LIMIT', 'priceMatch': 'NONE', 'selfTradePreventionMode': 'NONE', 'goodTillDate': 0, 'updateTime': 1716417058755}
2024-05-22 22:31:00,423
update 0: filled 0 / 2 () | working 2 / 2 (-XRPUSDT,-ETHUSDT)
2024-05-22 22:31:04,424
-XRPUSDT: bp8.0|-ETHUSDT: bp5.0|
2024-05-22 22:31:05,298
update 1: filled 0 / 2 () | working 2 / 2 (-XRPUSDT,-ETHUSDT)
2024-05-22 22:31:09,299
-XRPUSDT: bp8.0|-ETHUSDT: bp5.0|
2024-05-22 22:31:10,169
update 2: filled 0 / 2 () | working 2 / 2 (-XRPUSDT,-ETHUSDT)
2024-05-22 22:31:14,170
-XRPUSDT: bp8.0|-ETHUSDT: bp7.0|
2024-05-22 22:31:15,044
update 3: filled 0 / 2 () | working 2 / 2 (-XRPUSDT,-ETHUSDT)
2024-05-22 22:31:19,045
-XRPUSDT: bp8.0|-ETHUSDT: bp7.0|
2024-05-22 22:31:19,918
update 4: filled 0 / 2 () | working 2 / 2 (-XRPUSDT,-ETHUSDT)
2024-05-22 22:31:23,919
-XRPUSDT: bp8.0|-ETHUSDT: bp7.0|
2024-05-22 22:31:24,788
update 5: filled 0 / 2 () | working 2 / 2 (-XRPUSDT,-ETHUSDT)
2024-05-22 22:31:28,788
-XRPUSDT: bp8.0|-ETHUSDT: bp8.0|
2024-05-22 22:31:29,661
update 6: filled 0 / 2 () | working 2 / 2 (-XRPUSDT,-ETHUSDT)
2024-05-22 22:31:33,662
-XRPUSDT: bp8.0|-ETHUSDT: bp8.0|
2024-05-22 22:31:34,532
update 7: filled 0 / 2 () | working 2 / 2 (-XRPUSDT,-ETHUSDT)
2024-05-22 22:31:38,532
-XRPUSDT: bp8.0|-ETHUSDT: bp8.0|
2024-05-22 22:31:39,406
update 8: filled 0 / 2 () | working 2 / 2 (-XRPUSDT,-ETHUSDT)
2024-05-22 22:31:43,407
-XRPUSDT: bp8.0|-ETHUSDT: bp8.0|
2024-05-22 22:31:44,279
update 9: filled 0 / 2 () | working 2 / 2 (-XRPUSDT,-ETHUSDT)
2024-05-22 22:31:48,280
-XRPUSDT: bp9.0|-ETHUSDT: bp10.0|
2024-05-22 22:31:49,151
update 10: filled 0 / 2 () | working 2 / 2 (-XRPUSDT,-ETHUSDT)
2024-05-22 22:31:53,152
-XRPUSDT: bp9.0|-ETHUSDT: bp11.0|
2024-05-22 22:31:54,024
update 11: filled 0 / 2 () | working 2 / 2 (-XRPUSDT,-ETHUSDT)
2024-05-22 22:31:58,025
-XRPUSDT: bp9.0|-ETHUSDT: bp13.0|
2024-05-22 22:31:58,900
update 12: filled 0 / 2 () | working 2 / 2 (-XRPUSDT,-ETHUSDT)
2024-05-22 22:32:02,901
-XRPUSDT: bp11.0|-ETHUSDT: bp14.0|
2024-05-22 22:32:03,776
update 13: filled 0 / 2 () | working 2 / 2 (-XRPUSDT,-ETHUSDT)
2024-05-22 22:32:07,777
-XRPUSDT: bp9.0|-ETHUSDT: bp10.0|
2024-05-22 22:32:08,652
update 14: filled 0 / 2 () | working 2 / 2 (-XRPUSDT,-ETHUSDT)
2024-05-22 22:32:12,653
-XRPUSDT: bp11.0|-ETHUSDT: bp10.0|
2024-05-22 22:32:12,653
Adjustment limit #1 ... 
 we cancel current orders and replace
2024-05-22 22:32:12,653
@+/-2.5bp limit 
2024-05-22 22:32:12,653
binance_cancel_and_replace_orders_peg 20240522_223212
2024-05-22 22:32:14,843
binance_place_orders_peg 20240522_223214
2024-05-22 22:32:15,280
{'orderId': 57084432285, 'symbol': 'XRPUSDT', 'status': 'NEW', 'clientOrderId': 'STRATON', 'price': '0.5274', 'avgPrice': '0.00', 'origQty': '113.7', 'executedQty': '0.0', 'cumQty': '0.0', 'cumQuote': '0.00000', 'timeInForce': 'GTC', 'type': 'LIMIT', 'reduceOnly': False, 'closePosition': False, 'side': 'SELL', 'positionSide': 'BOTH', 'stopPrice': '0.0000', 'workingType': 'CONTRACT_PRICE', 'priceProtect': False, 'origType': 'LIMIT', 'priceMatch': 'NONE', 'selfTradePreventionMode': 'NONE', 'goodTillDate': 0, 'updateTime': 1716417135170}
2024-05-22 22:32:15,718
{'orderId': 8389765683843227267, 'symbol': 'ETHUSDT', 'status': 'NEW', 'clientOrderId': 'STRATON', 'price': '3757.24', 'avgPrice': '0.00', 'origQty': '0.013', 'executedQty': '0.000', 'cumQty': '0.000', 'cumQuote': '0.00000', 'timeInForce': 'GTC', 'type': 'LIMIT', 'reduceOnly': False, 'closePosition': False, 'side': 'SELL', 'positionSide': 'BOTH', 'stopPrice': '0.00', 'workingType': 'CONTRACT_PRICE', 'priceProtect': False, 'origType': 'LIMIT', 'priceMatch': 'NONE', 'selfTradePreventionMode': 'NONE', 'goodTillDate': 0, 'updateTime': 1716417135607}
2024-05-22 22:32:16,596
update 0: filled 0 / 2 () | working 2 / 2 (-XRPUSDT,-ETHUSDT)
2024-05-22 22:32:20,597
-XRPUSDT: bp2.0|-ETHUSDT: bp0.0|
2024-05-22 22:32:21,466
update 1: filled 0 / 2 () | working 2 / 2 (-XRPUSDT,-ETHUSDT)
2024-05-22 22:32:25,467
-XRPUSDT: bp2.0|-ETHUSDT: bp1.0|
2024-05-22 22:32:26,342
update 2: filled 0 / 2 () | working 2 / 2 (-XRPUSDT,-ETHUSDT)
2024-05-22 22:32:30,342
-XRPUSDT: bp4.0|-ETHUSDT: bp2.0|
2024-05-22 22:32:31,214
update 3: filled 0 / 2 () | working 2 / 2 (-XRPUSDT,-ETHUSDT)
2024-05-22 22:32:35,215
-XRPUSDT: bp4.0|-ETHUSDT: bp3.0|
2024-05-22 22:32:36,085
update 4: filled 0 / 2 () | working 2 / 2 (-XRPUSDT,-ETHUSDT)
2024-05-22 22:32:40,086
-XRPUSDT: bp4.0|-ETHUSDT: bp3.0|
2024-05-22 22:32:40,958
update 5: filled 0 / 2 () | working 2 / 2 (-XRPUSDT,-ETHUSDT)
2024-05-22 22:32:44,958
-XRPUSDT: bp6.0|-ETHUSDT: bp5.0|
2024-05-22 22:32:45,830
update 6: filled 0 / 2 () | working 2 / 2 (-XRPUSDT,-ETHUSDT)
2024-05-22 22:32:49,831
-XRPUSDT: bp8.0|-ETHUSDT: bp9.0|
2024-05-22 22:32:50,701
update 7: filled 0 / 2 () | working 2 / 2 (-XRPUSDT,-ETHUSDT)
2024-05-22 22:32:54,702
-XRPUSDT: bp8.0|-ETHUSDT: bp10.0|
2024-05-22 22:32:55,576
update 8: filled 0 / 2 () | working 2 / 2 (-XRPUSDT,-ETHUSDT)
2024-05-22 22:32:59,577
-XRPUSDT: bp8.0|-ETHUSDT: bp10.0|
2024-05-22 22:33:00,447
update 9: filled 0 / 2 () | working 2 / 2 (-XRPUSDT,-ETHUSDT)
2024-05-22 22:33:04,448
-XRPUSDT: bp8.0|-ETHUSDT: bp11.0|
2024-05-22 22:33:05,322
update 10: filled 0 / 2 () | working 2 / 2 (-XRPUSDT,-ETHUSDT)
2024-05-22 22:33:09,322
-XRPUSDT: bp8.0|-ETHUSDT: bp11.0|
2024-05-22 22:33:10,194
update 11: filled 0 / 2 () | working 2 / 2 (-XRPUSDT,-ETHUSDT)
2024-05-22 22:33:14,194
-XRPUSDT: bp8.0|-ETHUSDT: bp11.0|
2024-05-22 22:33:15,065
update 12: filled 0 / 2 () | working 2 / 2 (-XRPUSDT,-ETHUSDT)
2024-05-22 22:33:19,066
-XRPUSDT: bp8.0|-ETHUSDT: bp11.0|
2024-05-22 22:33:19,936
update 13: filled 0 / 2 () | working 2 / 2 (-XRPUSDT,-ETHUSDT)
2024-05-22 22:33:23,937
-XRPUSDT: bp8.0|-ETHUSDT: bp13.0|
2024-05-22 22:33:24,808
update 14: filled 0 / 2 () | working 2 / 2 (-XRPUSDT,-ETHUSDT)
2024-05-22 22:33:28,809
-XRPUSDT: bp9.0|-ETHUSDT: bp14.0|
2024-05-22 22:33:28,809
Adjustment limit #2 ... 
 we cancel current orders and replace
2024-05-22 22:33:28,809
@+/-1.25bp limit 
2024-05-22 22:33:28,809
binance_cancel_and_replace_orders_peg 20240522_223328
2024-05-22 22:33:30,995
binance_place_orders_peg 20240522_223330
2024-05-22 22:33:31,430
{'orderId': 57084477643, 'symbol': 'XRPUSDT', 'status': 'NEW', 'clientOrderId': 'STRATON', 'price': '0.5270', 'avgPrice': '0.00', 'origQty': '113.7', 'executedQty': '0.0', 'cumQty': '0.0', 'cumQuote': '0.00000', 'timeInForce': 'GTC', 'type': 'LIMIT', 'reduceOnly': False, 'closePosition': False, 'side': 'SELL', 'positionSide': 'BOTH', 'stopPrice': '0.0000', 'workingType': 'CONTRACT_PRICE', 'priceProtect': False, 'origType': 'LIMIT', 'priceMatch': 'NONE', 'selfTradePreventionMode': 'NONE', 'goodTillDate': 0, 'updateTime': 1716417211320}
2024-05-22 22:33:31,866
{'orderId': 8389765683843616321, 'symbol': 'ETHUSDT', 'status': 'NEW', 'clientOrderId': 'STRATON', 'price': '3751.32', 'avgPrice': '0.00', 'origQty': '0.013', 'executedQty': '0.000', 'cumQty': '0.000', 'cumQuote': '0.00000', 'timeInForce': 'GTC', 'type': 'LIMIT', 'reduceOnly': False, 'closePosition': False, 'side': 'SELL', 'positionSide': 'BOTH', 'stopPrice': '0.00', 'workingType': 'CONTRACT_PRICE', 'priceProtect': False, 'origType': 'LIMIT', 'priceMatch': 'NONE', 'selfTradePreventionMode': 'NONE', 'goodTillDate': 0, 'updateTime': 1716417211756}
2024-05-22 22:33:32,746
update 0: filled 0 / 2 () | working 2 / 2 (-XRPUSDT,-ETHUSDT)
2024-05-22 22:33:36,747
-XRPUSDT: bp4.0|-ETHUSDT: bp1.0|
2024-05-22 22:33:37,625
update 1: filled 0 / 2 () | working 2 / 2 (-XRPUSDT,-ETHUSDT)
2024-05-22 22:33:41,625
-XRPUSDT: bp4.0|-ETHUSDT: bp2.0|
2024-05-22 22:33:42,497
update 2: filled 1 / 2 (-ETHUSDT) | working 1 / 2 (-XRPUSDT)
2024-05-22 22:33:46,498
-XRPUSDT: bp2.0|
2024-05-22 22:33:47,370
update 3: filled 2 / 2 (-XRPUSDT,-ETHUSDT) | working 0 / 2 ()
2024-05-22 22:33:53,807
Trades of the day
in$
as of: 22May 22:33>>22:33 (#trades: 2)
trade net: -109.0 (-37.8%), trade gross: +109.0 (+37.8%), BUY: +0.0 (+0.0%), SELL: -109.0 (-37.8%)
fees: $ 0.022 (2.0bp)
2024-05-22 22:33:54,262
Trades: 
Filled #2
______________________________________________
                   in$ | in bp 108 traded | in bp 288 AUMs
realizedPnl    +0.23   | +21     | +8     
PnLvsArrival   -0.16   | -15     | -6     
PnLvsLast      -0.05   | -5      | -2     
______________________________________________
                 | Value$ | PnL Arrival/Last 
______________________________________________
XRP:-113.7@0.527 | -60$ | -0.06/-0.01
ETH:-0.013@3751.32 | -49$ | -0.1/-0.04
