2024-03-20 18:31:08,357
ON program started 20240320 18:31:08,
US time: 20240320 14:31:08
2024-03-20 18:31:09,412
the strat is currently running @ 20-03-2024 and the target positions is LONG
2024-03-20 18:31:10,825
CURRENT STATUS IS LONG
-----
return before 14h30:
BTCUSDT+2.70%, ETHUSDT+5.93%, XRPUSDT+1.64%
-----
target alloc initial:BTCUSDT+16.67%, ETHUSDT+16.67%, XRPUSDT+16.67%
-----
alloc target x rt%<0:BTCUSDT+16.67%, ETHUSDT+16.67%, XRPUSDT+16.67%
-----
           BTCUSDT ETHUSDT XRPUSDT
w_target     16.7%   16.7%   16.7%
rt_14h30     0.03%   0.06%   0.02%
w_target_f   16.7%   16.7%   16.7%
2024-03-20 18:31:10,826
Portfolio was rebalanced less than 2 hours ago, 15.0 hours ago
2024-03-20 18:31:10,827
Status: prev = LONG <> NEUTRAL = target
2024-03-20 18:31:10,827
the strat is currently running @ 20-03-2024 and the target positions is LONG
the strat was previously run @ 2024-03-20 03:30:58, success:yes 
   and the current positions is NEUTRAL
2024-03-20 18:31:12,025
positions_future #0
2024-03-20 18:31:12,025
Empty DataFrame
Columns: [symbol, positionAmt, entryPrice, breakEvenPrice, markPrice, unRealizedProfit, value_usd, updateTime, isolated, adlQuantile, AUMs_account, w%]
Index: []
2024-03-20 18:31:12,251
------------------------------
binance_account_balance
2024-03-20 18:31:12,251
  asset     balance  ...  marginAvailable   updateTime
6  USDT  285.320814  ...             True  20Mar-02:31

[1 rows x 8 columns]
2024-03-20 18:31:12,489
------------------------------
open_orders
2024-03-20 18:31:12,489
Empty DataFrame
Columns: []
Index: []
2024-03-20 18:31:13,144
------------------------------
AUMS account:285

2024-03-20 18:31:13,145
--------------- compute_futures_order_book() ----------------
2024-03-20 18:31:14,694
----------------------------------------------------------------------
#2 order(s) to place
gross$: 94$ | net$: +94$
gross%: 33% | net%: +33%
 || w>0%  +33% | w<0%  0%
----------------------------------------------------------------------
PTF Expo% 0.0% >> 50.0% (current>>target)
PTF expo $0.0 >> $142 (current>>target)
----------------------------------------------------------------------
2024-03-20 18:31:14,696
orders_ofthe_day
2024-03-20 18:31:14,696
                  ptf_usd  target_usd  totrd_usd  ...        bid        ask strategy
2024-03-20 18:31                                  ...                               
XRPUSDT               0.0       47.56       48.0  ...     0.5907     0.5908  STRATON
ETHUSDT               0.0       47.56       46.0  ...  3319.0700  3319.0800  STRATON

[2 rows x 10 columns]
2024-03-20 18:31:16,366
binance_place_orders_peg 20240320_183116
2024-03-20 18:31:16,805
{'orderId': 52973351332, 'symbol': 'XRPUSDT', 'status': 'NEW', 'clientOrderId': 'STRATON', 'price': '0.5907', 'avgPrice': '0.00', 'origQty': '81.3', 'executedQty': '0.0', 'cumQty': '0.0', 'cumQuote': '0.00000', 'timeInForce': 'GTC', 'type': 'LIMIT', 'reduceOnly': False, 'closePosition': False, 'side': 'BUY', 'positionSide': 'BOTH', 'stopPrice': '0.0000', 'workingType': 'CONTRACT_PRICE', 'priceProtect': False, 'origType': 'LIMIT', 'priceMatch': 'NONE', 'selfTradePreventionMode': 'NONE', 'goodTillDate': 0, 'updateTime': 1710959476695}
2024-03-20 18:31:17,242
{'orderId': 8389765664223700621, 'symbol': 'ETHUSDT', 'status': 'NEW', 'clientOrderId': 'STRATON', 'price': '3319.33', 'avgPrice': '0.00', 'origQty': '0.014', 'executedQty': '0.000', 'cumQty': '0.000', 'cumQuote': '0.00000', 'timeInForce': 'GTC', 'type': 'LIMIT', 'reduceOnly': False, 'closePosition': False, 'side': 'BUY', 'positionSide': 'BOTH', 'stopPrice': '0.00', 'workingType': 'CONTRACT_PRICE', 'priceProtect': False, 'origType': 'LIMIT', 'priceMatch': 'NONE', 'selfTradePreventionMode': 'NONE', 'goodTillDate': 0, 'updateTime': 1710959477132}
2024-03-20 18:31:18,819
update 0: filled 1 / 2 (+ETHUSDT) | working 1 / 2 (+XRPUSDT)
2024-03-20 18:31:22,820
+XRPUSDT: bp-2.0|
2024-03-20 18:31:23,704
update 1: filled 1 / 2 (+ETHUSDT) | working 1 / 2 (+XRPUSDT)
2024-03-20 18:31:27,705
+XRPUSDT: bp5.0|
2024-03-20 18:31:28,585
update 2: filled 2 / 2 (+XRPUSDT,+ETHUSDT) | working 0 / 2 ()
2024-03-20 18:31:35,036
Trades of the day
in$
as of: 20Mar 18:31>>18:31 (#trades: 2)
trade net: +94.0 (+32.9%), trade gross: +94.0 (+32.9%), BUY: +94.0 (+32.9%), SELL: +0.0 (+0.0%)
fees: $ 0.019 (2.0bp)
2024-03-20 18:31:35,495
Trades: 
Filled #2
______________________________________________
                   in$ | in bp 94 traded | in bp 285 AUMs
realizedPnl    +0      | +0      | +0     
PnLvsArrival   +0      | +0      | +0     
PnLvsLast      -0.07   | -7      | -2     
______________________________________________
                 | Value$ | PnL Arrival/Last 
______________________________________________
ETH:+0.014@3319.33 | +46$ | -0/-0.02
XRP:+81.3@0.5907 | +48$ | 0/-0.05
