2024-09-29 01:30:37,014
ON program started 20240929 01:30:36,
US time: 20240928 21:30:37
2024-09-29 01:30:37,720
the strat is currently running @ 29-09-2024 and the target positions is SHORT
2024-09-29 01:30:39,110
CURRENT STATUS IS SHORT, WE CHECK IF THE DAY IS A NEGATIVE ONE
-----
return before 14h30:
BTCUSDT-0.16%, ETHUSDT-0.19%, XRPUSDT-0.44%
-----
target alloc initial:BTCUSDT-4.17%, ETHUSDT+0.00%, XRPUSDT-4.17%
-----
alloc target x rt%<0:BTCUSDT-4.17%, ETHUSDT+0.00%, XRPUSDT-4.17%
-----
           BTCUSDT ETHUSDT XRPUSDT
w_target     -4.2%    0.0%   -4.2%
rt_14h30    -0.00%  -0.00%  -0.00%
w_target_f   -4.2%    0.0%   -4.2%
2024-09-29 01:30:39,112
Portfolio was rebalanced less than 2 hours ago, 1.0 hours ago
2024-09-29 01:30:39,114
Status: prev = SHORT <> SHORT = target
2024-09-29 01:30:39,114
the strat is currently running @ 29-09-2024 and the target positions is SHORT
the strat was previously run @ 2024-09-29 00:30:36, success:? 
   and the current positions is SHORT
2024-09-29 01:30:39,707
positions_future #2
2024-09-29 01:30:39,707
      symbol  positionAmt entryPrice  ... adlQuantile AUMs_account        w%
145  XRPUSDT       79.500     0.6206  ...           1        292.0  0.166502
182  ETHUSDT        0.018    2678.51  ...           1        292.0  0.164627

[2 rows x 12 columns]
2024-09-29 01:30:39,960
------------------------------
binance_account_balance
2024-09-29 01:30:39,960
  asset     balance  ...  marginAvailable   updateTime
4  USDT  292.843134  ...             True  28Sep-20:31

[1 rows x 8 columns]
2024-09-29 01:30:40,627
------------------------------
open_orders
2024-09-29 01:30:40,627
Empty DataFrame
Columns: []
Index: []
2024-09-29 01:30:41,289
------------------------------
AUMS account:291

2024-09-29 01:30:41,291
--------------- compute_futures_order_book() ----------------
2024-09-29 01:30:42,659
----------------------------------------------------------------------
#2 order(s) to place
gross$: 109$ | net$: -109$
gross%: 37% | net%: -37%
 || w>0%  +0% | w<0%  -37%
----------------------------------------------------------------------
PTF Expo% 33.2% >> -8.3% (current>>target)
PTF expo $97.0 >> $-24 (current>>target)
----------------------------------------------------------------------
2024-09-29 01:30:42,661
orders_ofthe_day
2024-09-29 01:30:42,661
                  ptf_usd  target_usd  totrd_usd  ...        bid        ask strategy
2024-09-29 01:30                                  ...                               
XRPUSDT              49.0      -12.18      -61.0  ...     0.6116     0.6117  STRATON
ETHUSDT              48.0        0.00      -48.0  ...  2670.3700  2670.3800  STRATON

[2 rows x 10 columns]
2024-09-29 01:30:44,883
binance_place_orders_peg 20240929_013044
2024-09-29 01:30:45,330
{'orderId': 66594318448, 'symbol': 'XRPUSDT', 'status': 'NEW', 'clientOrderId': 'STRATON', 'price': '0.6120', 'avgPrice': '0.00', 'origQty': '99.7', 'executedQty': '0.0', 'cumQty': '0.0', 'cumQuote': '0.00000', 'timeInForce': 'GTC', 'type': 'LIMIT', 'reduceOnly': False, 'closePosition': False, 'side': 'SELL', 'positionSide': 'BOTH', 'stopPrice': '0.0000', 'workingType': 'CONTRACT_PRICE', 'priceProtect': False, 'origType': 'LIMIT', 'priceMatch': 'NONE', 'selfTradePreventionMode': 'NONE', 'goodTillDate': 0, 'updateTime': 1727573445219}
2024-09-29 01:30:45,776
{'orderId': 8389765739182440426, 'symbol': 'ETHUSDT', 'status': 'NEW', 'clientOrderId': 'STRATON', 'price': '2671.46', 'avgPrice': '0.00', 'origQty': '0.018', 'executedQty': '0.000', 'cumQty': '0.000', 'cumQuote': '0.00000', 'timeInForce': 'GTC', 'type': 'LIMIT', 'reduceOnly': True, 'closePosition': False, 'side': 'SELL', 'positionSide': 'BOTH', 'stopPrice': '0.00', 'workingType': 'CONTRACT_PRICE', 'priceProtect': False, 'origType': 'LIMIT', 'priceMatch': 'NONE', 'selfTradePreventionMode': 'NONE', 'goodTillDate': 0, 'updateTime': 1727573445664}
2024-09-29 01:30:46,723
update 0: filled 0 / 2 () | working 2 / 2 (-XRPUSDT,-ETHUSDT)
2024-09-29 01:30:50,724
-XRPUSDT: bp7.0|-ETHUSDT: bp4.0|
2024-09-29 01:30:51,605
update 1: filled 0 / 2 () | working 2 / 2 (-XRPUSDT,-ETHUSDT)
2024-09-29 01:30:55,606
-XRPUSDT: bp5.0|-ETHUSDT: bp4.0|
2024-09-29 01:30:56,494
update 2: filled 0 / 2 () | working 2 / 2 (-XRPUSDT,-ETHUSDT)
2024-09-29 01:31:00,497
-XRPUSDT: bp8.0|-ETHUSDT: bp7.0|
2024-09-29 01:31:01,371
update 3: filled 0 / 2 () | working 2 / 2 (-XRPUSDT,-ETHUSDT)
2024-09-29 01:31:05,371
-XRPUSDT: bp8.0|-ETHUSDT: bp6.0|
2024-09-29 01:31:06,252
update 4: filled 0 / 2 () | working 2 / 2 (-XRPUSDT,-ETHUSDT)
2024-09-29 01:31:10,253
-XRPUSDT: bp16.0|-ETHUSDT: bp6.0|
2024-09-29 01:31:11,137
update 5: filled 0 / 2 () | working 2 / 2 (-XRPUSDT,-ETHUSDT)
2024-09-29 01:31:15,138
-XRPUSDT: bp18.0|-ETHUSDT: bp8.0|
2024-09-29 01:31:16,026
update 6: filled 0 / 2 () | working 2 / 2 (-XRPUSDT,-ETHUSDT)
2024-09-29 01:31:20,027
-XRPUSDT: bp20.0|-ETHUSDT: bp10.0|
2024-09-29 01:31:20,914
update 7: filled 0 / 2 () | working 2 / 2 (-XRPUSDT,-ETHUSDT)
2024-09-29 01:31:24,915
-XRPUSDT: bp21.0|-ETHUSDT: bp10.0|
2024-09-29 01:31:25,788
update 8: filled 0 / 2 () | working 2 / 2 (-XRPUSDT,-ETHUSDT)
2024-09-29 01:31:29,789
-XRPUSDT: bp23.0|-ETHUSDT: bp10.0|
2024-09-29 01:31:30,668
update 9: filled 0 / 2 () | working 2 / 2 (-XRPUSDT,-ETHUSDT)
2024-09-29 01:31:34,669
-XRPUSDT: bp23.0|-ETHUSDT: bp9.0|
2024-09-29 01:31:35,546
update 10: filled 0 / 2 () | working 2 / 2 (-XRPUSDT,-ETHUSDT)
2024-09-29 01:31:39,547
-XRPUSDT: bp20.0|-ETHUSDT: bp9.0|
2024-09-29 01:31:40,431
update 11: filled 0 / 2 () | working 2 / 2 (-XRPUSDT,-ETHUSDT)
2024-09-29 01:31:44,431
-XRPUSDT: bp20.0|-ETHUSDT: bp7.0|
2024-09-29 01:31:45,310
update 12: filled 0 / 2 () | working 2 / 2 (-XRPUSDT,-ETHUSDT)
2024-09-29 01:31:49,310
-XRPUSDT: bp16.0|-ETHUSDT: bp6.0|
2024-09-29 01:31:50,178
update 13: filled 0 / 2 () | working 2 / 2 (-XRPUSDT,-ETHUSDT)
2024-09-29 01:31:54,179
-XRPUSDT: bp15.0|-ETHUSDT: bp5.0|
2024-09-29 01:31:55,050
update 14: filled 0 / 2 () | working 2 / 2 (-XRPUSDT,-ETHUSDT)
2024-09-29 01:31:59,051
-XRPUSDT: bp13.0|-ETHUSDT: bp5.0|
2024-09-29 01:31:59,051
Adjustment limit #1 ... 
 we cancel current orders and replace
2024-09-29 01:31:59,051
@+/-2.5bp limit 
2024-09-29 01:31:59,051
binance_cancel_and_replace_orders_peg 20240929_013159
2024-09-29 01:32:01,236
binance_place_orders_peg 20240929_013201
