2024-09-28 23:30:40,402
ON program started 20240928 23:30:40,
US time: 20240928 19:30:40
2024-09-28 23:30:40,854
the strat is currently running @ 28-09-2024 and the target positions is SHORT
2024-09-28 23:30:42,259
CURRENT STATUS IS SHORT, WE CHECK IF THE DAY IS A NEGATIVE ONE
-----
return before 14h30:
BTCUSDT-0.37%, ETHUSDT-1.29%, XRPUSDT+5.35%
-----
target alloc initial:BTCUSDT-4.17%, ETHUSDT+0.00%, XRPUSDT-4.17%
-----
alloc target x rt%<0:BTCUSDT-4.17%, ETHUSDT+0.00%, XRPUSDT-0.00%
-----
           BTCUSDT ETHUSDT XRPUSDT
w_target     -4.2%    0.0%   -4.2%
rt_14h30    -0.00%  -0.01%   0.05%
w_target_f   -4.2%    0.0%   -0.0%
2024-09-28 23:30:42,260
Portfolio was rebalanced less than 2 hours ago, 1.0 hours ago
2024-09-28 23:30:42,261
Status: prev = SHORT <> SHORT = target
2024-09-28 23:30:42,261
the strat is currently running @ 28-09-2024 and the target positions is SHORT
the strat was previously run @ 2024-09-28 22:30:31, success:? 
   and the current positions is SHORT
2024-09-28 23:30:43,432
positions_future #2
2024-09-28 23:30:43,432
      symbol  positionAmt entryPrice  ... adlQuantile AUMs_account        w%
145  XRPUSDT       79.500     0.6206  ...           1        292.1  0.166882
182  ETHUSDT        0.018    2678.51  ...           1        292.1  0.164558

[2 rows x 12 columns]
2024-09-28 23:30:43,667
------------------------------
binance_account_balance
2024-09-28 23:30:43,667
  asset     balance  ...  marginAvailable   updateTime
4  USDT  292.849608  ...             True  28Sep-20:31

[1 rows x 8 columns]
2024-09-28 23:30:44,320
------------------------------
open_orders
2024-09-28 23:30:44,320
Empty DataFrame
Columns: []
Index: []
2024-09-28 23:30:44,955
------------------------------
AUMS account:292

2024-09-28 23:30:44,957
--------------- compute_futures_order_book() ----------------
2024-09-28 23:30:46,464
----------------------------------------------------------------------
#2 order(s) to place
gross$: 97$ | net$: -97$
gross%: 33% | net%: -33%
 || w>0%  +0% | w<0%  -33%
----------------------------------------------------------------------
PTF Expo% 33.1% >> -4.1% (current>>target)
PTF expo $97.0 >> $-12 (current>>target)
----------------------------------------------------------------------
2024-09-28 23:30:46,466
orders_ofthe_day
2024-09-28 23:30:46,466
                  ptf_usd  target_usd  totrd_usd  ...        bid        ask strategy
2024-09-28 23:30                                  ...                               
XRPUSDT              49.0        -0.0      -49.0  ...     0.6132     0.6133  STRATON
ETHUSDT              48.0         0.0      -48.0  ...  2670.5800  2670.5900  STRATON

[2 rows x 10 columns]
2024-09-28 23:30:50,006
binance_place_orders_peg 20240928_233050
2024-09-28 23:30:50,431
{'orderId': 66587497089, 'symbol': 'XRPUSDT', 'status': 'NEW', 'clientOrderId': 'STRATON', 'price': '0.6136', 'avgPrice': '0.00', 'origQty': '79.5', 'executedQty': '0.0', 'cumQty': '0.0', 'cumQuote': '0.00000', 'timeInForce': 'GTC', 'type': 'LIMIT', 'reduceOnly': True, 'closePosition': False, 'side': 'SELL', 'positionSide': 'BOTH', 'stopPrice': '0.0000', 'workingType': 'CONTRACT_PRICE', 'priceProtect': False, 'origType': 'LIMIT', 'priceMatch': 'NONE', 'selfTradePreventionMode': 'NONE', 'goodTillDate': 0, 'updateTime': 1727566250329}
2024-09-28 23:30:50,855
{'orderId': 8389765739153491930, 'symbol': 'ETHUSDT', 'status': 'NEW', 'clientOrderId': 'STRATON', 'price': '2671.93', 'avgPrice': '0.00', 'origQty': '0.018', 'executedQty': '0.000', 'cumQty': '0.000', 'cumQuote': '0.00000', 'timeInForce': 'GTC', 'type': 'LIMIT', 'reduceOnly': True, 'closePosition': False, 'side': 'SELL', 'positionSide': 'BOTH', 'stopPrice': '0.00', 'workingType': 'CONTRACT_PRICE', 'priceProtect': False, 'origType': 'LIMIT', 'priceMatch': 'NONE', 'selfTradePreventionMode': 'NONE', 'goodTillDate': 0, 'updateTime': 1727566250753}
2024-09-28 23:30:52,403
update 0: filled 0 / 2 () | working 2 / 2 (-XRPUSDT,-ETHUSDT)
2024-09-28 23:30:56,404
-XRPUSDT: bp7.0|-ETHUSDT: bp5.0|
2024-09-28 23:30:57,266
update 1: filled 0 / 2 () | working 2 / 2 (-XRPUSDT,-ETHUSDT)
2024-09-28 23:31:01,267
-XRPUSDT: bp7.0|-ETHUSDT: bp7.0|
2024-09-28 23:31:02,133
update 2: filled 0 / 2 () | working 2 / 2 (-XRPUSDT,-ETHUSDT)
2024-09-28 23:31:06,134
-XRPUSDT: bp10.0|-ETHUSDT: bp7.0|
2024-09-28 23:31:06,995
update 3: filled 0 / 2 () | working 2 / 2 (-XRPUSDT,-ETHUSDT)
2024-09-28 23:31:10,996
-XRPUSDT: bp8.0|-ETHUSDT: bp7.0|
2024-09-28 23:31:11,859
update 4: filled 0 / 2 () | working 2 / 2 (-XRPUSDT,-ETHUSDT)
2024-09-28 23:31:15,859
-XRPUSDT: bp8.0|-ETHUSDT: bp6.0|
2024-09-28 23:31:16,724
update 5: filled 0 / 2 () | working 2 / 2 (-XRPUSDT,-ETHUSDT)
2024-09-28 23:31:20,724
-XRPUSDT: bp8.0|-ETHUSDT: bp5.0|
2024-09-28 23:31:21,586
update 6: filled 0 / 2 () | working 2 / 2 (-XRPUSDT,-ETHUSDT)
2024-09-28 23:31:25,587
-XRPUSDT: bp10.0|-ETHUSDT: bp5.0|
2024-09-28 23:31:26,451
update 7: filled 0 / 2 () | working 2 / 2 (-XRPUSDT,-ETHUSDT)
2024-09-28 23:31:30,452
-XRPUSDT: bp8.0|-ETHUSDT: bp5.0|
2024-09-28 23:31:31,313
update 8: filled 0 / 2 () | working 2 / 2 (-XRPUSDT,-ETHUSDT)
2024-09-28 23:31:35,313
-XRPUSDT: bp8.0|-ETHUSDT: bp4.0|
2024-09-28 23:31:36,175
update 9: filled 0 / 2 () | working 2 / 2 (-XRPUSDT,-ETHUSDT)
2024-09-28 23:31:40,176
-XRPUSDT: bp7.0|-ETHUSDT: bp2.0|
2024-09-28 23:31:41,037
update 10: filled 0 / 2 () | working 2 / 2 (-XRPUSDT,-ETHUSDT)
2024-09-28 23:31:45,038
-XRPUSDT: bp8.0|-ETHUSDT: bp2.0|
2024-09-28 23:31:45,901
update 11: filled 0 / 2 () | working 2 / 2 (-XRPUSDT,-ETHUSDT)
2024-09-28 23:31:49,901
-XRPUSDT: bp7.0|-ETHUSDT: bp0.0|
2024-09-28 23:31:50,765
update 12: filled 0 / 2 () | working 2 / 2 (-XRPUSDT,-ETHUSDT)
2024-09-28 23:31:54,765
-XRPUSDT: bp7.0|-ETHUSDT: bp1.0|
2024-09-28 23:31:55,627
update 13: filled 0 / 2 () | working 2 / 2 (-XRPUSDT,-ETHUSDT)
2024-09-28 23:31:59,627
-XRPUSDT: bp7.0|-ETHUSDT: bp1.0|
2024-09-28 23:32:00,489
update 14: filled 0 / 2 () | working 2 / 2 (-XRPUSDT,-ETHUSDT)
2024-09-28 23:32:04,489
-XRPUSDT: bp5.0|-ETHUSDT: bp2.0|
2024-09-28 23:32:04,489
Adjustment limit #1 ... 
 we cancel current orders and replace
2024-09-28 23:32:04,490
@+/-2.5bp limit 
2024-09-28 23:32:04,490
binance_cancel_and_replace_orders_peg 20240928_233204
2024-09-28 23:32:06,642
binance_place_orders_peg 20240928_233206
