2023-08-16 23:30:32,015
ON program started 20230816 23:30:32,
US time: 20230816 19:30:32
2023-08-16 23:30:32,550
the strat is currently running @ 16-08-2023 and the target positions is SHORT
2023-08-16 23:30:33,901
CURRENT STATUS IS SHORT, WE CHECK IF THE DAY IS A NEGATIVE ONE
-----
return before 14h30:
BTCUSDT-0.21%, ETHUSDT-0.17%, XRPUSDT-1.17%
-----
target alloc initial:BTCUSDT-4.17%, ETHUSDT+0.00%, XRPUSDT-4.17%
-----
alloc target x rt%<0:BTCUSDT-4.17%, ETHUSDT+0.00%, XRPUSDT-4.17%
-----
           BTCUSDT ETHUSDT XRPUSDT
w_target     -4.2%    0.0%   -4.2%
rt_14h30    -0.00%  -0.00%  -0.01%
w_target_f   -4.2%    0.0%   -4.2%
2023-08-16 23:30:33,903
Portfolio was rebalanced less than 2 hours ago, 0.9 hours ago
2023-08-16 23:30:33,906
Status: prev = SHORT <> SHORT = target
2023-08-16 23:30:33,907
the strat is currently running @ 16-08-2023 and the target positions is SHORT
the strat was previously run @ 2023-08-16 22:38:07 UTC, success:yes 
   and the current positions is SHORT
2023-08-16 23:30:35,013
positions_future #1
2023-08-16 23:30:35,013
      symbol  positionAmt entryPrice  ...   updateTime  AUMs_account        w%
111  XRPUSDT        -20.2      0.586  ...  16Aug-22:33         283.7 -0.041913

[1 rows x 9 columns]
2023-08-16 23:30:35,040
programm stoppeddd!!! 20230816_233035
