2024-06-29 00:31:12,171
ON program started 20240629 00:31:12,
US time: 20240628 20:31:12
2024-06-29 00:31:13,619
the strat is currently running @ 29-06-2024 and the target positions is SHORT
2024-06-29 00:31:14,962
CURRENT STATUS IS SHORT, WE CHECK IF THE DAY IS A NEGATIVE ONE
-----
return before 14h30:
BTCUSDT+0.38%, ETHUSDT+0.16%, XRPUSDT+0.21%
-----
target alloc initial:BTCUSDT-4.17%, ETHUSDT+0.00%, XRPUSDT-4.17%
-----
alloc target x rt%<0:BTCUSDT-0.00%, ETHUSDT+0.00%, XRPUSDT-0.00%
-----
           BTCUSDT ETHUSDT XRPUSDT
w_target     -4.2%    0.0%   -4.2%
rt_14h30     0.00%   0.00%   0.00%
w_target_f   -0.0%    0.0%   -0.0%
2024-06-29 00:31:14,963
Portfolio was rebalanced less than 2 hours ago, 1.0 hours ago
2024-06-29 00:31:14,964
Status: prev = SHORT <> SHORT = target
2024-06-29 00:31:14,964
the strat is currently running @ 29-06-2024 and the target positions is SHORT
the strat was previously run @ 2024-06-28 23:30:59, success:yes 
   and the current positions is SHORT
2024-06-29 00:31:16,085
positions_future #0
2024-06-29 00:31:16,085
Empty DataFrame
Columns: [symbol, positionAmt, entryPrice, breakEvenPrice, markPrice, unRealizedProfit, value_usd, updateTime, isolated, adlQuantile, AUMs_account, w%]
Index: []
2024-06-29 00:31:16,149
programm stoppeddd!!! 20240629_003116
