2024-01-11 23:31:08,464
ON program started 20240111 23:31:08,
US time: 20240111 18:31:08
2024-01-11 23:31:09,666
the strat is currently running @ 11-01-2024 and the target positions is SHORT
2024-01-11 23:31:11,543
CURRENT STATUS IS SHORT, WE CHECK IF THE DAY IS A NEGATIVE ONE
-----
return before 14h30:
BTCUSDT+0.45%, ETHUSDT-0.06%, XRPUSDT+0.18%
-----
target alloc initial:BTCUSDT-4.17%, ETHUSDT+0.00%, XRPUSDT-4.17%
-----
alloc target x rt%<0:BTCUSDT-0.00%, ETHUSDT+0.00%, XRPUSDT-0.00%
-----
           BTCUSDT ETHUSDT XRPUSDT
w_target     -4.2%    0.0%   -4.2%
rt_14h30     0.00%  -0.00%   0.00%
w_target_f   -0.0%    0.0%   -0.0%
2024-01-11 23:31:11,545
Portfolio was rebalanced less than 2 hours ago, 1.0 hours ago
2024-01-11 23:31:11,549
Status: prev = SHORT <> LONG = target
2024-01-11 23:31:11,549
the strat is currently running @ 11-01-2024 and the target positions is SHORT
the strat was previously run @ 2024-01-11 22:30:53 UTC, success:yes 
   and the current positions is LONG
2024-01-11 23:31:12,872
positions_future #2
2024-01-11 23:31:12,872
      symbol  positionAmt entryPrice  ... adlQuantile AUMs_account        w%
141  ETHUSDT        0.019    2604.34  ...           2        293.0  0.169647
113  XRPUSDT       81.300     0.6027  ...           1        293.0  0.166992

[2 rows x 12 columns]
2024-01-11 23:31:13,130
------------------------------
binance_account_balance
2024-01-11 23:31:13,130
  asset     balance  ...  marginAvailable   updateTime
5  USDT  292.864741  ...             True  11Jan-19:32

[1 rows x 8 columns]
2024-01-11 23:31:13,812
------------------------------
open_orders
2024-01-11 23:31:13,812
Empty DataFrame
Columns: []
Index: []
2024-01-11 23:31:14,473
------------------------------
AUMS account:293

2024-01-11 23:31:14,475
--------------- compute_futures_order_book() ----------------
2024-01-11 23:31:16,074
----------------------------------------------------------------------
#2 order(s) to place
gross$: 99$ | net$: -99$
gross%: 34% | net%: -34%
 || w>0%  +0% | w<0%  -34%
----------------------------------------------------------------------
PTF Expo% 33.7% >> 0.0% (current>>target)
PTF expo $99.0 >> $0 (current>>target)
----------------------------------------------------------------------
2024-01-11 23:31:16,076
orders_ofthe_day
2024-01-11 23:31:16,076
                  ptf_usd  target_usd  totrd_usd  ...        bid       ask strategy
2024-01-11 23:31                                  ...                              
ETHUSDT              50.0         0.0      -50.0  ...  2616.8900  2616.900  STRATON
XRPUSDT              49.0        -0.0      -49.0  ...     0.6019     0.602  STRATON

[2 rows x 10 columns]
2024-01-11 23:31:17,105
binance_place_orders_peg 20240111_233117
2024-01-11 23:31:17,548
{'orderId': 8389765642427269258, 'symbol': 'ETHUSDT', 'status': 'NEW', 'clientOrderId': 'STRATON', 'price': '2618.31', 'avgPrice': '0.00', 'origQty': '0.019', 'executedQty': '0.000', 'cumQty': '0.000', 'cumQuote': '0.00000', 'timeInForce': 'GTC', 'type': 'LIMIT', 'reduceOnly': False, 'closePosition': False, 'side': 'SELL', 'positionSide': 'BOTH', 'stopPrice': '0.00', 'workingType': 'CONTRACT_PRICE', 'priceProtect': False, 'origType': 'LIMIT', 'priceMatch': 'NONE', 'selfTradePreventionMode': 'NONE', 'goodTillDate': 0, 'updateTime': 1705015877436}
2024-01-11 23:31:17,992
{'orderId': 48310323934, 'symbol': 'XRPUSDT', 'status': 'NEW', 'clientOrderId': 'STRATON', 'price': '0.6024', 'avgPrice': '0.00', 'origQty': '81.3', 'executedQty': '0.0', 'cumQty': '0.0', 'cumQuote': '0.00000', 'timeInForce': 'GTC', 'type': 'LIMIT', 'reduceOnly': False, 'closePosition': False, 'side': 'SELL', 'positionSide': 'BOTH', 'stopPrice': '0.0000', 'workingType': 'CONTRACT_PRICE', 'priceProtect': False, 'origType': 'LIMIT', 'priceMatch': 'NONE', 'selfTradePreventionMode': 'NONE', 'goodTillDate': 0, 'updateTime': 1705015877879}
2024-01-11 23:31:19,612
update 0: filled 0 / 2 () | working 2 / 2 (-ETHUSDT,-XRPUSDT)
2024-01-11 23:31:23,613
-ETHUSDT: bp6.0|-XRPUSDT: bp7.0|
2024-01-11 23:31:24,508
update 1: filled 0 / 2 () | working 2 / 2 (-ETHUSDT,-XRPUSDT)
2024-01-11 23:31:28,509
-ETHUSDT: bp4.0|-XRPUSDT: bp7.0|
2024-01-11 23:31:29,400
update 2: filled 0 / 2 () | working 2 / 2 (-ETHUSDT,-XRPUSDT)
2024-01-11 23:31:33,401
-ETHUSDT: bp3.0|-XRPUSDT: bp3.0|
2024-01-11 23:31:34,293
update 3: filled 0 / 2 () | working 2 / 2 (-ETHUSDT,-XRPUSDT)
2024-01-11 23:31:38,294
-ETHUSDT: bp3.0|-XRPUSDT: bp3.0|
2024-01-11 23:31:39,187
update 4: filled 0 / 2 () | working 2 / 2 (-ETHUSDT,-XRPUSDT)
2024-01-11 23:31:43,188
-ETHUSDT: bp6.0|-XRPUSDT: bp3.0|
2024-01-11 23:31:44,079
update 5: filled 0 / 2 () | working 2 / 2 (-ETHUSDT,-XRPUSDT)
2024-01-11 23:31:48,080
-ETHUSDT: bp9.0|-XRPUSDT: bp7.0|
2024-01-11 23:31:48,972
update 6: filled 0 / 2 () | working 2 / 2 (-ETHUSDT,-XRPUSDT)
2024-01-11 23:31:52,973
-ETHUSDT: bp10.0|-XRPUSDT: bp7.0|
2024-01-11 23:31:53,862
update 7: filled 0 / 2 () | working 2 / 2 (-ETHUSDT,-XRPUSDT)
2024-01-11 23:31:57,863
-ETHUSDT: bp14.0|-XRPUSDT: bp10.0|
2024-01-11 23:31:58,756
update 8: filled 0 / 2 () | working 2 / 2 (-ETHUSDT,-XRPUSDT)
2024-01-11 23:32:02,757
-ETHUSDT: bp13.0|-XRPUSDT: bp12.0|
2024-01-11 23:32:03,648
update 9: filled 0 / 2 () | working 2 / 2 (-ETHUSDT,-XRPUSDT)
2024-01-11 23:32:07,649
-ETHUSDT: bp16.0|-XRPUSDT: bp12.0|
2024-01-11 23:32:08,541
update 10: filled 0 / 2 () | working 2 / 2 (-ETHUSDT,-XRPUSDT)
2024-01-11 23:32:12,542
-ETHUSDT: bp17.0|-XRPUSDT: bp10.0|
2024-01-11 23:32:13,433
update 11: filled 0 / 2 () | working 2 / 2 (-ETHUSDT,-XRPUSDT)
2024-01-11 23:32:17,434
-ETHUSDT: bp16.0|-XRPUSDT: bp12.0|
2024-01-11 23:32:18,329
update 12: filled 0 / 2 () | working 2 / 2 (-ETHUSDT,-XRPUSDT)
2024-01-11 23:32:22,330
-ETHUSDT: bp17.0|-XRPUSDT: bp12.0|
2024-01-11 23:32:23,221
update 13: filled 0 / 2 () | working 2 / 2 (-ETHUSDT,-XRPUSDT)
2024-01-11 23:32:27,222
-ETHUSDT: bp18.0|-XRPUSDT: bp15.0|
2024-01-11 23:32:28,114
update 14: filled 0 / 2 () | working 2 / 2 (-ETHUSDT,-XRPUSDT)
2024-01-11 23:32:32,115
-ETHUSDT: bp20.0|-XRPUSDT: bp18.0|
2024-01-11 23:32:32,115
Adjustment limit #1 ... 
 we cancel current orders and replace
2024-01-11 23:32:32,115
@+/-2.5bp limit 
2024-01-11 23:32:32,115
binance_cancel_and_replace_orders_peg 20240111_233232
2024-01-11 23:32:34,354
binance_place_orders_peg 20240111_233234
2024-01-11 23:32:34,799
{'orderId': 8389765642427533387, 'symbol': 'ETHUSDT', 'status': 'NEW', 'clientOrderId': 'STRATON', 'price': '2612.56', 'avgPrice': '0.00', 'origQty': '0.019', 'executedQty': '0.000', 'cumQty': '0.000', 'cumQuote': '0.00000', 'timeInForce': 'GTC', 'type': 'LIMIT', 'reduceOnly': False, 'closePosition': False, 'side': 'SELL', 'positionSide': 'BOTH', 'stopPrice': '0.00', 'workingType': 'CONTRACT_PRICE', 'priceProtect': False, 'origType': 'LIMIT', 'priceMatch': 'NONE', 'selfTradePreventionMode': 'NONE', 'goodTillDate': 0, 'updateTime': 1705015954686}
2024-01-11 23:32:35,242
{'orderId': 48310365439, 'symbol': 'XRPUSDT', 'status': 'NEW', 'clientOrderId': 'STRATON', 'price': '0.6016', 'avgPrice': '0.00', 'origQty': '81.3', 'executedQty': '0.0', 'cumQty': '0.0', 'cumQuote': '0.00000', 'timeInForce': 'GTC', 'type': 'LIMIT', 'reduceOnly': False, 'closePosition': False, 'side': 'SELL', 'positionSide': 'BOTH', 'stopPrice': '0.0000', 'workingType': 'CONTRACT_PRICE', 'priceProtect': False, 'origType': 'LIMIT', 'priceMatch': 'NONE', 'selfTradePreventionMode': 'NONE', 'goodTillDate': 0, 'updateTime': 1705015955130}
2024-01-11 23:32:36,154
update 0: filled 0 / 2 () | working 2 / 2 (-ETHUSDT,-XRPUSDT)
2024-01-11 23:32:40,154
-ETHUSDT: bp0.0|-XRPUSDT: bp2.0|
2024-01-11 23:32:41,045
update 1: filled 0 / 2 () | working 2 / 2 (-ETHUSDT,-XRPUSDT)
2024-01-11 23:32:45,046
-ETHUSDT: bp2.0|-XRPUSDT: bp5.0|
2024-01-11 23:32:45,936
update 2: filled 0 / 2 () | working 2 / 2 (-ETHUSDT,-XRPUSDT)
2024-01-11 23:32:49,937
-ETHUSDT: bp4.0|-XRPUSDT: bp3.0|
2024-01-11 23:32:50,827
update 3: filled 0 / 2 () | working 2 / 2 (-ETHUSDT,-XRPUSDT)
2024-01-11 23:32:54,828
-ETHUSDT: bp4.0|-XRPUSDT: bp2.0|
2024-01-11 23:32:55,718
update 4: filled 0 / 2 () | working 2 / 2 (-ETHUSDT,-XRPUSDT)
2024-01-11 23:32:59,719
-ETHUSDT: bp2.0|-XRPUSDT: bp0.0|
2024-01-11 23:33:00,620
update 5: filled 0 / 2 () | working 2 / 2 (-ETHUSDT,-XRPUSDT)
2024-01-11 23:33:04,621
-ETHUSDT: bp2.0|-XRPUSDT: bp0.0|
2024-01-11 23:33:05,513
update 6: filled 0 / 2 () | working 2 / 2 (-ETHUSDT,-XRPUSDT)
2024-01-11 23:33:09,514
-ETHUSDT: bp1.0|-XRPUSDT: bp2.0|
2024-01-11 23:33:10,401
update 7: filled 0 / 2 () | working 2 / 2 (-ETHUSDT,-XRPUSDT)
2024-01-11 23:33:14,402
-ETHUSDT: bp1.0|-XRPUSDT: bp2.0|
2024-01-11 23:33:15,291
update 8: filled 0 / 2 () | working 2 / 2 (-ETHUSDT,-XRPUSDT)
2024-01-11 23:33:19,292
-ETHUSDT: bp2.0|-XRPUSDT: bp0.0|
2024-01-11 23:33:20,182
update 9: filled 0 / 2 () | working 2 / 2 (-ETHUSDT,-XRPUSDT)
2024-01-11 23:33:24,183
-ETHUSDT: bp2.0|-XRPUSDT: bp2.0|
2024-01-11 23:33:25,074
update 10: filled 0 / 2 () | working 2 / 2 (-ETHUSDT,-XRPUSDT)
2024-01-11 23:33:29,075
-ETHUSDT: bp2.0|-XRPUSDT: bp2.0|
2024-01-11 23:33:29,966
update 11: filled 1 / 2 (-XRPUSDT) | working 1 / 2 (-ETHUSDT)
2024-01-11 23:33:33,967
-ETHUSDT: bp2.0|
2024-01-11 23:33:34,857
update 12: filled 1 / 2 (-XRPUSDT) | working 1 / 2 (-ETHUSDT)
2024-01-11 23:33:38,858
-ETHUSDT: bp1.0|
2024-01-11 23:33:39,750
update 13: filled 1 / 2 (-XRPUSDT) | working 1 / 2 (-ETHUSDT)
2024-01-11 23:33:43,751
-ETHUSDT: bp6.0|
2024-01-11 23:33:44,641
update 14: filled 1 / 2 (-XRPUSDT) | working 1 / 2 (-ETHUSDT)
2024-01-11 23:33:48,642
-ETHUSDT: bp5.0|
2024-01-11 23:33:48,642
Adjustment limit #2 ... 
 we cancel current orders and replace
2024-01-11 23:33:48,642
@+/-1.25bp limit 
2024-01-11 23:33:48,642
binance_cancel_and_replace_orders_peg 20240111_233348
2024-01-11 23:33:50,213
binance_place_orders_peg 20240111_233350
2024-01-11 23:33:50,660
{'orderId': 8389765642427729963, 'symbol': 'ETHUSDT', 'status': 'NEW', 'clientOrderId': 'STRATON', 'price': '2612.52', 'avgPrice': '0.00', 'origQty': '0.019', 'executedQty': '0.000', 'cumQty': '0.000', 'cumQuote': '0.00000', 'timeInForce': 'GTC', 'type': 'LIMIT', 'reduceOnly': False, 'closePosition': False, 'side': 'SELL', 'positionSide': 'BOTH', 'stopPrice': '0.00', 'workingType': 'CONTRACT_PRICE', 'priceProtect': False, 'origType': 'LIMIT', 'priceMatch': 'NONE', 'selfTradePreventionMode': 'NONE', 'goodTillDate': 0, 'updateTime': 1705016030543}
2024-01-11 23:33:51,564
update 0: filled 1 / 2 (-XRPUSDT) | working 1 / 2 (-ETHUSDT)
2024-01-11 23:33:55,565
-ETHUSDT: bp2.0|
2024-01-11 23:33:56,459
update 1: filled 2 / 2 (-XRPUSDT,-ETHUSDT) | working 0 / 2 ()
2024-01-11 23:34:02,937
Trades of the day
in$
as of: 11Jan 23:33>>23:33 (#trades: 2)
trade net: -99.0 (-33.8%), trade gross: +99.0 (+33.8%), BUY: +0.0 (+0.0%), SELL: -99.0 (-33.8%)
fees: $ 0.02 (2.0bp)
2024-01-11 23:34:03,402
Trades: 
Filled #2
______________________________________________
                   in$ | in bp 98 traded | in bp 293 AUMs
realizedPnl    +0.07   | +7      | +2     
PnLvsArrival   -0.11   | -11     | -4     
PnLvsLast      -0.04   | -4      | -1     
______________________________________________
                 | Value$ | PnL Arrival/Last 
______________________________________________
ETH:-0.019@2612.52 | -50$ | -0.08/-0.01
XRP:-81.3@0.6016 | -49$ | -0.03/-0.03
