2024-02-04 21:30:41,268
ON program started 20240204 21:30:41,
US time: 20240204 16:30:41
2024-02-04 21:30:41,786
the strat is currently running @ 04-02-2024 and the target positions is LONG
2024-02-04 21:30:43,191
CURRENT STATUS IS LONG
-----
return before 14h30:
BTCUSDT-0.29%, ETHUSDT-0.13%, XRPUSDT-1.34%
-----
target alloc initial:BTCUSDT+16.67%, ETHUSDT+16.67%, XRPUSDT+16.67%
-----
alloc target x rt%<0:BTCUSDT+16.67%, ETHUSDT+16.67%, XRPUSDT+16.67%
-----
           BTCUSDT ETHUSDT XRPUSDT
w_target     16.7%   16.7%   16.7%
rt_14h30    -0.00%  -0.00%  -0.01%
w_target_f   16.7%   16.7%   16.7%
2024-02-04 21:30:43,193
Portfolio was rebalanced less than 2 hours ago, 1.0 hours ago
2024-02-04 21:30:43,195
Status: prev = LONG <> LONG = target
2024-02-04 21:30:43,195
the strat is currently running @ 04-02-2024 and the target positions is LONG
the strat was previously run @ 2024-02-04 20:31:11 UTC, success:yes 
   and the current positions is LONG
2024-02-04 21:30:44,429
positions_future #2
2024-02-04 21:30:44,429
      symbol  positionAmt entryPrice  ... adlQuantile AUMs_account        w%
147  ETHUSDT        0.021    2278.12  ...           2        291.7  0.165948
118  XRPUSDT       94.800     0.5065  ...           3        291.7  0.165369

[2 rows x 12 columns]
2024-02-04 21:30:44,524
programm stoppeddd!!! 20240204_213044
