2024-07-08 03:30:38,873
ON program started 20240708 03:30:38,
US time: 20240707 23:30:38
2024-07-08 03:30:39,388
the strat is currently running @ 08-07-2024 and the target positions is NEUTRAL
2024-07-08 03:30:40,707
CURRENT STATUS IS NEUTRAL
-----
return before 14h30:
BTCUSDT-1.55%, ETHUSDT-1.94%, XRPUSDT-1.53%
-----
target alloc initial:BTCUSDT+0.00%, ETHUSDT+0.00%, XRPUSDT+0.00%
-----
alloc target x rt%<0:BTCUSDT+0.00%, ETHUSDT+0.00%, XRPUSDT+0.00%
-----
           BTCUSDT ETHUSDT XRPUSDT
w_target      0.0%    0.0%    0.0%
rt_14h30    -0.02%  -0.02%  -0.02%
w_target_f    0.0%    0.0%    0.0%
2024-07-08 03:30:40,708
Portfolio was rebalanced less than 2 hours ago, 1.0 hours ago
2024-07-08 03:30:40,710
Status: prev = NEUTRAL <> NEUTRAL = target
2024-07-08 03:30:40,710
the strat is currently running @ 08-07-2024 and the target positions is NEUTRAL
the strat was previously run @ 2024-07-08 02:30:39, success:? 
   and the current positions is NEUTRAL
2024-07-08 03:30:41,840
positions_future #0
2024-07-08 03:30:41,840
Empty DataFrame
Columns: [symbol, positionAmt, entryPrice, breakEvenPrice, markPrice, unRealizedProfit, value_usd, updateTime, isolated, adlQuantile, AUMs_account, w%]
Index: []
2024-07-08 03:30:42,048
------------------------------
binance_account_balance
2024-07-08 03:30:42,048
  asset     balance  ...  marginAvailable   updateTime
4  USDT  291.854184  ...             True  08Jul-02:31

[1 rows x 8 columns]
2024-07-08 03:30:42,263
------------------------------
open_orders
2024-07-08 03:30:42,263
Empty DataFrame
Columns: []
Index: []
2024-07-08 03:30:42,868
------------------------------
AUMS account:291

2024-07-08 03:30:42,870
--------------- compute_futures_order_book() ----------------
2024-07-08 03:30:44,315
----------------------------------------------------------------------
#0 order(s) to place
gross$: 0$ | net$: +0$
gross%: 0% | net%: +0%
 || w>0%  +0% | w<0%  0%
----------------------------------------------------------------------
PTF Expo% 0.0% >> 0.0% (current>>target)
PTF expo $0.0 >> $0 (current>>target)
----------------------------------------------------------------------
2024-07-08 03:30:44,316
orders_ofthe_day
2024-07-08 03:30:44,316
Empty DataFrame
Columns: [ptf_usd, target_usd, totrd_usd, posttrd_usd, qty, posttrd_qty, posttrd_w, bid, ask, strategy]
Index: []
2024-07-08 03:30:44,376
Orders of the day is empty, current and target potfolios are aligned
2024-07-08 03:30:44,376
Program stopped
