2024-09-19 18:30:41,726
ON program started 20240919 18:30:41,
US time: 20240919 14:30:41
2024-09-19 18:30:42,208
the strat is currently running @ 19-09-2024 and the target positions is LONG
2024-09-19 18:30:43,620
CURRENT STATUS IS LONG
-----
return before 14h30:
BTCUSDT+2.07%, ETHUSDT+2.43%, XRPUSDT+0.07%
-----
target alloc initial:BTCUSDT+16.67%, ETHUSDT+16.67%, XRPUSDT+16.67%
-----
alloc target x rt%<0:BTCUSDT+16.67%, ETHUSDT+16.67%, XRPUSDT+16.67%
-----
           BTCUSDT ETHUSDT XRPUSDT
w_target     16.7%   16.7%   16.7%
rt_14h30     0.02%   0.02%   0.00%
w_target_f   16.7%   16.7%   16.7%
2024-09-19 18:30:43,621
Portfolio was rebalanced less than 2 hours ago, 15.0 hours ago
2024-09-19 18:30:43,624
Status: prev = LONG <> NEUTRAL = target
2024-09-19 18:30:43,624
the strat is currently running @ 19-09-2024 and the target positions is LONG
the strat was previously run @ 2024-09-19 03:31:06, success:yes 
   and the current positions is NEUTRAL
2024-09-19 18:30:44,191
positions_future #0
2024-09-19 18:30:44,191
Empty DataFrame
Columns: [symbol, positionAmt, entryPrice, breakEvenPrice, markPrice, unRealizedProfit, value_usd, updateTime, isolated, adlQuantile, AUMs_account, w%]
Index: []
2024-09-19 18:30:44,416
------------------------------
binance_account_balance
2024-09-19 18:30:44,416
  asset     balance  ...  marginAvailable   updateTime
4  USDT  295.865407  ...             True  19Sep-02:33

[1 rows x 8 columns]
2024-09-19 18:30:44,651
------------------------------
open_orders
2024-09-19 18:30:44,651
Empty DataFrame
Columns: []
Index: []
2024-09-19 18:30:45,313
------------------------------
AUMS account:295

2024-09-19 18:30:45,315
--------------- compute_futures_order_book() ----------------
2024-09-19 18:30:49,006
----------------------------------------------------------------------
#2 order(s) to place
gross$: 99$ | net$: +99$
gross%: 33% | net%: +33%
 || w>0%  +33% | w<0%  0%
----------------------------------------------------------------------
PTF Expo% 0.0% >> 50.0% (current>>target)
PTF expo $0.0 >> $147 (current>>target)
----------------------------------------------------------------------
2024-09-19 18:30:49,008
orders_ofthe_day
2024-09-19 18:30:49,008
                  ptf_usd  target_usd  totrd_usd  ...        bid        ask strategy
2024-09-19 18:30                                  ...                               
ETHUSDT               0.0       49.32       50.0  ...  2480.1500  2480.1600  STRATON
XRPUSDT               0.0       49.32       49.0  ...     0.5914     0.5915  STRATON

[2 rows x 10 columns]
2024-09-19 18:30:50,606
binance_place_orders_peg 20240919_183050
2024-09-19 18:30:51,475
{'orderId': 8389765734461861649, 'symbol': 'ETHUSDT', 'status': 'NEW', 'clientOrderId': 'STRATON', 'price': '2478.91', 'avgPrice': '0.00', 'origQty': '0.020', 'executedQty': '0.000', 'cumQty': '0.000', 'cumQuote': '0.00000', 'timeInForce': 'GTC', 'type': 'LIMIT', 'reduceOnly': False, 'closePosition': False, 'side': 'BUY', 'positionSide': 'BOTH', 'stopPrice': '0.00', 'workingType': 'CONTRACT_PRICE', 'priceProtect': False, 'origType': 'LIMIT', 'priceMatch': 'NONE', 'selfTradePreventionMode': 'NONE', 'goodTillDate': 0, 'updateTime': 1726770651363}
2024-09-19 18:30:51,915
{'orderId': 65932882077, 'symbol': 'XRPUSDT', 'status': 'NEW', 'clientOrderId': 'STRATON', 'price': '0.5911', 'avgPrice': '0.00', 'origQty': '82.9', 'executedQty': '0.0', 'cumQty': '0.0', 'cumQuote': '0.00000', 'timeInForce': 'GTC', 'type': 'LIMIT', 'reduceOnly': False, 'closePosition': False, 'side': 'BUY', 'positionSide': 'BOTH', 'stopPrice': '0.0000', 'workingType': 'CONTRACT_PRICE', 'priceProtect': False, 'origType': 'LIMIT', 'priceMatch': 'NONE', 'selfTradePreventionMode': 'NONE', 'goodTillDate': 0, 'updateTime': 1726770651804}
2024-09-19 18:30:53,478
update 0: filled 0 / 2 () | working 2 / 2 (+ETHUSDT,+XRPUSDT)
2024-09-19 18:30:57,479
+ETHUSDT: bp5.0|+XRPUSDT: bp7.0|
2024-09-19 18:30:58,803
update 1: filled 0 / 2 () | working 2 / 2 (+ETHUSDT,+XRPUSDT)
2024-09-19 18:31:02,803
+ETHUSDT: bp4.0|+XRPUSDT: bp7.0|
2024-09-19 18:31:03,683
update 2: filled 0 / 2 () | working 2 / 2 (+ETHUSDT,+XRPUSDT)
2024-09-19 18:31:07,684
+ETHUSDT: bp6.0|+XRPUSDT: bp7.0|
2024-09-19 18:31:08,569
update 3: filled 0 / 2 () | working 2 / 2 (+ETHUSDT,+XRPUSDT)
2024-09-19 18:31:12,570
+ETHUSDT: bp7.0|+XRPUSDT: bp5.0|
2024-09-19 18:31:13,452
update 4: filled 0 / 2 () | working 2 / 2 (+ETHUSDT,+XRPUSDT)
2024-09-19 18:31:17,453
+ETHUSDT: bp10.0|+XRPUSDT: bp7.0|
2024-09-19 18:31:18,332
update 5: filled 0 / 2 () | working 2 / 2 (+ETHUSDT,+XRPUSDT)
2024-09-19 18:31:22,333
+ETHUSDT: bp14.0|+XRPUSDT: bp10.0|
2024-09-19 18:31:23,211
update 6: filled 0 / 2 () | working 2 / 2 (+ETHUSDT,+XRPUSDT)
2024-09-19 18:31:27,212
+ETHUSDT: bp15.0|+XRPUSDT: bp14.0|
2024-09-19 18:31:28,090
update 7: filled 0 / 2 () | working 2 / 2 (+ETHUSDT,+XRPUSDT)
2024-09-19 18:31:32,091
+ETHUSDT: bp16.0|+XRPUSDT: bp15.0|
2024-09-19 18:31:32,972
update 8: filled 0 / 2 () | working 2 / 2 (+ETHUSDT,+XRPUSDT)
2024-09-19 18:31:36,973
+ETHUSDT: bp18.0|+XRPUSDT: bp19.0|
2024-09-19 18:31:37,852
update 9: filled 0 / 2 () | working 2 / 2 (+ETHUSDT,+XRPUSDT)
2024-09-19 18:31:41,852
+ETHUSDT: bp27.0|+XRPUSDT: bp19.0|
2024-09-19 18:31:42,731
update 10: filled 0 / 2 () | working 2 / 2 (+ETHUSDT,+XRPUSDT)
2024-09-19 18:31:46,732
+ETHUSDT: bp27.0|+XRPUSDT: bp22.0|
2024-09-19 18:31:47,609
update 11: filled 0 / 2 () | working 2 / 2 (+ETHUSDT,+XRPUSDT)
2024-09-19 18:31:51,610
+ETHUSDT: bp27.0|+XRPUSDT: bp20.0|
2024-09-19 18:31:52,494
update 12: filled 0 / 2 () | working 2 / 2 (+ETHUSDT,+XRPUSDT)
2024-09-19 18:31:56,494
+ETHUSDT: bp26.0|+XRPUSDT: bp20.0|
2024-09-19 18:31:57,377
update 13: filled 0 / 2 () | working 2 / 2 (+ETHUSDT,+XRPUSDT)
2024-09-19 18:32:01,378
+ETHUSDT: bp26.0|+XRPUSDT: bp22.0|
2024-09-19 18:32:02,256
update 14: filled 0 / 2 () | working 2 / 2 (+ETHUSDT,+XRPUSDT)
2024-09-19 18:32:06,257
+ETHUSDT: bp28.0|+XRPUSDT: bp22.0|
2024-09-19 18:32:06,257
Adjustment limit #1 ... 
 we cancel current orders and replace
2024-09-19 18:32:06,257
@+/-2.5bp limit 
2024-09-19 18:32:06,257
binance_cancel_and_replace_orders_peg 20240919_183206
2024-09-19 18:32:08,907
binance_place_orders_peg 20240919_183208
2024-09-19 18:32:10,213
{'orderId': 8389765734462412594, 'symbol': 'ETHUSDT', 'status': 'NEW', 'clientOrderId': 'STRATON', 'price': '2484.25', 'avgPrice': '0.00', 'origQty': '0.020', 'executedQty': '0.000', 'cumQty': '0.000', 'cumQuote': '0.00000', 'timeInForce': 'GTC', 'type': 'LIMIT', 'reduceOnly': False, 'closePosition': False, 'side': 'BUY', 'positionSide': 'BOTH', 'stopPrice': '0.00', 'workingType': 'CONTRACT_PRICE', 'priceProtect': False, 'origType': 'LIMIT', 'priceMatch': 'NONE', 'selfTradePreventionMode': 'NONE', 'goodTillDate': 0, 'updateTime': 1726770730099}
2024-09-19 18:32:10,660
{'orderId': 65932939898, 'symbol': 'XRPUSDT', 'status': 'NEW', 'clientOrderId': 'STRATON', 'price': '0.5921', 'avgPrice': '0.00', 'origQty': '82.9', 'executedQty': '0.0', 'cumQty': '0.0', 'cumQuote': '0.00000', 'timeInForce': 'GTC', 'type': 'LIMIT', 'reduceOnly': False, 'closePosition': False, 'side': 'BUY', 'positionSide': 'BOTH', 'stopPrice': '0.0000', 'workingType': 'CONTRACT_PRICE', 'priceProtect': False, 'origType': 'LIMIT', 'priceMatch': 'NONE', 'selfTradePreventionMode': 'NONE', 'goodTillDate': 0, 'updateTime': 1726770730546}
2024-09-19 18:32:11,977
update 0: filled 0 / 2 () | working 2 / 2 (+ETHUSDT,+XRPUSDT)
2024-09-19 18:32:15,978
+ETHUSDT: bp5.0|+XRPUSDT: bp3.0|
2024-09-19 18:32:16,859
update 1: filled 0 / 2 () | working 2 / 2 (+ETHUSDT,+XRPUSDT)
2024-09-19 18:32:20,860
+ETHUSDT: bp6.0|+XRPUSDT: bp3.0|
2024-09-19 18:32:21,742
update 2: filled 0 / 2 () | working 2 / 2 (+ETHUSDT,+XRPUSDT)
2024-09-19 18:32:25,743
+ETHUSDT: bp5.0|+XRPUSDT: bp5.0|
2024-09-19 18:32:26,621
update 3: filled 0 / 2 () | working 2 / 2 (+ETHUSDT,+XRPUSDT)
2024-09-19 18:32:30,622
+ETHUSDT: bp1.0|+XRPUSDT: bp7.0|
2024-09-19 18:32:31,504
update 4: filled 0 / 2 () | working 2 / 2 (+ETHUSDT,+XRPUSDT)
2024-09-19 18:32:35,505
+ETHUSDT: bp2.0|+XRPUSDT: bp7.0|
2024-09-19 18:32:36,388
update 5: filled 0 / 2 () | working 2 / 2 (+ETHUSDT,+XRPUSDT)
2024-09-19 18:32:40,389
+ETHUSDT: bp8.0|+XRPUSDT: bp13.0|
2024-09-19 18:32:41,271
update 6: filled 0 / 2 () | working 2 / 2 (+ETHUSDT,+XRPUSDT)
2024-09-19 18:32:45,271
+ETHUSDT: bp11.0|+XRPUSDT: bp13.0|
2024-09-19 18:32:46,149
update 7: filled 0 / 2 () | working 2 / 2 (+ETHUSDT,+XRPUSDT)
2024-09-19 18:32:50,149
+ETHUSDT: bp10.0|+XRPUSDT: bp15.0|
2024-09-19 18:32:51,028
update 8: filled 0 / 2 () | working 2 / 2 (+ETHUSDT,+XRPUSDT)
2024-09-19 18:32:55,029
+ETHUSDT: bp10.0|+XRPUSDT: bp19.0|
2024-09-19 18:32:55,911
update 9: filled 0 / 2 () | working 2 / 2 (+ETHUSDT,+XRPUSDT)
2024-09-19 18:32:59,911
+ETHUSDT: bp12.0|+XRPUSDT: bp17.0|
2024-09-19 18:33:00,794
update 10: filled 0 / 2 () | working 2 / 2 (+ETHUSDT,+XRPUSDT)
2024-09-19 18:33:04,795
+ETHUSDT: bp9.0|+XRPUSDT: bp12.0|
2024-09-19 18:33:05,678
update 11: filled 0 / 2 () | working 2 / 2 (+ETHUSDT,+XRPUSDT)
2024-09-19 18:33:09,679
+ETHUSDT: bp8.0|+XRPUSDT: bp15.0|
2024-09-19 18:33:10,560
update 12: filled 0 / 2 () | working 2 / 2 (+ETHUSDT,+XRPUSDT)
2024-09-19 18:33:14,561
+ETHUSDT: bp6.0|+XRPUSDT: bp13.0|
2024-09-19 18:33:15,442
update 13: filled 0 / 2 () | working 2 / 2 (+ETHUSDT,+XRPUSDT)
2024-09-19 18:33:19,443
+ETHUSDT: bp5.0|+XRPUSDT: bp15.0|
2024-09-19 18:33:20,322
update 14: filled 1 / 2 (+ETHUSDT) | working 1 / 2 (+XRPUSDT)
2024-09-19 18:33:24,323
+XRPUSDT: bp12.0|
2024-09-19 18:33:24,323
Adjustment limit #2 ... 
 we cancel current orders and replace
2024-09-19 18:33:24,323
@+/-1.25bp limit 
2024-09-19 18:33:24,323
binance_cancel_and_replace_orders_peg 20240919_183324
2024-09-19 18:33:25,874
binance_place_orders_peg 20240919_183325
2024-09-19 18:33:26,318
{'orderId': 65933000166, 'symbol': 'XRPUSDT', 'status': 'NEW', 'clientOrderId': 'STRATON', 'price': '0.5924', 'avgPrice': '0.00', 'origQty': '82.9', 'executedQty': '0.0', 'cumQty': '0.0', 'cumQuote': '0.00000', 'timeInForce': 'GTC', 'type': 'LIMIT', 'reduceOnly': False, 'closePosition': False, 'side': 'BUY', 'positionSide': 'BOTH', 'stopPrice': '0.0000', 'workingType': 'CONTRACT_PRICE', 'priceProtect': False, 'origType': 'LIMIT', 'priceMatch': 'NONE', 'selfTradePreventionMode': 'NONE', 'goodTillDate': 0, 'updateTime': 1726770806206}
2024-09-19 18:33:27,624
update 0: filled 1 / 2 (+ETHUSDT) | working 1 / 2 (+XRPUSDT)
2024-09-19 18:33:31,625
+XRPUSDT: bp3.0|
2024-09-19 18:33:32,505
update 1: filled 1 / 2 (+ETHUSDT) | working 1 / 2 (+XRPUSDT)
2024-09-19 18:33:36,506
+XRPUSDT: bp3.0|
2024-09-19 18:33:37,391
update 2: filled 1 / 2 (+ETHUSDT) | working 1 / 2 (+XRPUSDT)
2024-09-19 18:33:41,392
+XRPUSDT: bp3.0|
2024-09-19 18:33:42,269
update 3: filled 1 / 2 (+ETHUSDT) | working 1 / 2 (+XRPUSDT)
2024-09-19 18:33:46,270
+XRPUSDT: bp2.0|
2024-09-19 18:33:47,145
update 4: filled 1 / 2 (+ETHUSDT) | working 1 / 2 (+XRPUSDT)
2024-09-19 18:33:51,146
+XRPUSDT: bp3.0|
2024-09-19 18:33:52,022
update 5: filled 1 / 2 (+ETHUSDT) | working 1 / 2 (+XRPUSDT)
2024-09-19 18:33:56,023
+XRPUSDT: bp3.0|
2024-09-19 18:33:56,902
update 6: filled 2 / 2 (+ETHUSDT,+XRPUSDT) | working 0 / 2 ()
2024-09-19 18:34:04,635
Trades of the day
in$
as of: 19Sep 18:33>>18:33 (#trades: 2)
trade net: +99.0 (+33.5%), trade gross: +99.0 (+33.5%), BUY: +99.0 (+33.5%), SELL: +0.0 (+0.0%)
fees: $ 0.02 (2.0bp)
2024-09-19 18:34:05,087
Trades: 
Filled #2
______________________________________________
                   in$ | in bp 98 traded | in bp 295 AUMs
realizedPnl    +0      | +0      | +0     
PnLvsArrival   -0.16   | -16     | -5     
PnLvsLast      +0.01   | +1      | +0     
______________________________________________
                 | Value$ | PnL Arrival/Last 
______________________________________________
XRP:+82.9@0.5924 | +49$ | -0.08/0.03
ETH:+0.02@2484.25 | +50$ | -0.08/-0.02
