2024-03-17 00:30:43,261
ON program started 20240317 00:30:43,
US time: 20240316 20:30:43
2024-03-17 00:30:44,406
the strat is currently running @ 17-03-2024 and the target positions is SHORT
2024-03-17 00:30:46,230
CURRENT STATUS IS SHORT, WE CHECK IF THE DAY IS A NEGATIVE ONE
-----
return before 14h30:
BTCUSDT+1.16%, ETHUSDT+1.02%, XRPUSDT+1.19%
-----
target alloc initial:BTCUSDT-4.17%, ETHUSDT+0.00%, XRPUSDT-4.17%
-----
alloc target x rt%<0:BTCUSDT-0.00%, ETHUSDT+0.00%, XRPUSDT-0.00%
-----
           BTCUSDT ETHUSDT XRPUSDT
w_target     -4.2%    0.0%   -4.2%
rt_14h30     0.01%   0.01%   0.01%
w_target_f   -0.0%    0.0%   -0.0%
2024-03-17 00:30:46,232
Portfolio was rebalanced less than 2 hours ago, 1.0 hours ago
2024-03-17 00:30:46,234
Status: prev = SHORT <> SHORT = target
2024-03-17 00:30:46,234
the strat is currently running @ 17-03-2024 and the target positions is SHORT
the strat was previously run @ 2024-03-16 23:31:05, success:yes 
   and the current positions is SHORT
2024-03-17 00:30:47,464
positions_future #1
2024-03-17 00:30:47,464
      symbol  positionAmt entryPrice  ... adlQuantile AUMs_account        w%
124  XRPUSDT        -19.5     0.6094  ...           1        286.2 -0.041573

[1 rows x 12 columns]
2024-03-17 00:30:47,565
programm stoppeddd!!! 20240317_003047
