2024-08-17 23:30:36,182
ON program started 20240817 23:30:36,
US time: 20240817 19:30:36
2024-08-17 23:30:36,637
the strat is currently running @ 17-08-2024 and the target positions is SHORT
2024-08-17 23:30:37,942
CURRENT STATUS IS SHORT, WE CHECK IF THE DAY IS A NEGATIVE ONE
-----
return before 14h30:
BTCUSDT+0.76%, ETHUSDT+0.46%, XRPUSDT+0.34%
-----
target alloc initial:BTCUSDT-4.17%, ETHUSDT+0.00%, XRPUSDT-4.17%
-----
alloc target x rt%<0:BTCUSDT-0.00%, ETHUSDT+0.00%, XRPUSDT-0.00%
-----
           BTCUSDT ETHUSDT XRPUSDT
w_target     -4.2%    0.0%   -4.2%
rt_14h30     0.01%   0.00%   0.00%
w_target_f   -0.0%    0.0%   -0.0%
2024-08-17 23:30:37,943
Portfolio was rebalanced less than 2 hours ago, 1.0 hours ago
2024-08-17 23:30:37,945
Status: prev = SHORT <> SHORT = target
2024-08-17 23:30:37,945
the strat is currently running @ 17-08-2024 and the target positions is SHORT
the strat was previously run @ 2024-08-17 22:30:50, success:? 
   and the current positions is SHORT
2024-08-17 23:30:39,064
positions_future #0
2024-08-17 23:30:39,064
Empty DataFrame
Columns: [symbol, positionAmt, entryPrice, breakEvenPrice, markPrice, unRealizedProfit, value_usd, updateTime, isolated, adlQuantile, AUMs_account, w%]
Index: []
2024-08-17 23:30:39,272
------------------------------
binance_account_balance
2024-08-17 23:30:39,272
  asset     balance  ...  marginAvailable   updateTime
4  USDT  302.804413  ...             True  17Aug-22:34

[1 rows x 8 columns]
2024-08-17 23:30:39,490
------------------------------
open_orders
2024-08-17 23:30:39,490
Empty DataFrame
Columns: []
Index: []
2024-08-17 23:30:40,101
------------------------------
AUMS account:302

2024-08-17 23:30:40,103
--------------- compute_futures_order_book() ----------------
2024-08-17 23:30:41,553
----------------------------------------------------------------------
#0 order(s) to place
gross$: 0$ | net$: +0$
gross%: 0% | net%: +0%
 || w>0%  +0% | w<0%  0%
----------------------------------------------------------------------
PTF Expo% 0.0% >> 0.0% (current>>target)
PTF expo $0.0 >> $0 (current>>target)
----------------------------------------------------------------------
2024-08-17 23:30:41,554
orders_ofthe_day
2024-08-17 23:30:41,554
Empty DataFrame
Columns: [ptf_usd, target_usd, totrd_usd, posttrd_usd, qty, posttrd_qty, posttrd_w, bid, ask, strategy]
Index: []
2024-08-17 23:30:41,616
Orders of the day is empty, current and target potfolios are aligned
2024-08-17 23:30:41,616
Program stopped
