2023-08-09 02:30:35,390
ON program started 20230809 02:30:35,
US time: 20230808 22:30:35
2023-08-09 02:30:35,823
the strat is currently running @ 09-08-2023 and the target positions is NEUTRAL
2023-08-09 02:30:37,140
CURRENT STATUS IS NEUTRAL
-----
return before 14h30:
BTCUSDT+0.00%, ETHUSDT+0.00%, XRPUSDT+0.00%
-----
target alloc initial:BTCUSDT+0.00%, ETHUSDT+0.00%, XRPUSDT+0.00%
-----
alloc target x rt%<0:BTCUSDT+0.00%, ETHUSDT+0.00%, XRPUSDT+0.00%
-----
           BTCUSDT ETHUSDT XRPUSDT
w_target      0.0%    0.0%    0.0%
rt_14h30     0.00%   0.00%   0.00%
w_target_f    0.0%    0.0%    0.0%
2023-08-09 02:30:37,142
Portfolio was rebalanced less than 2 hours ago, 1.0 hours ago
2023-08-09 02:30:37,144
Status: prev = NEUTRAL <> SHORT = target
2023-08-09 02:30:37,145
the strat is currently running @ 09-08-2023 and the target positions is NEUTRAL
the strat was previously run @ 2023-08-09 01:30:51 UTC, success:? 
   and the current positions is SHORT
2023-08-09 02:30:38,244
positions_future #0
2023-08-09 02:30:38,244
Empty DataFrame
Columns: [symbol, positionAmt, entryPrice, markPrice, unRealizedProfit, value_usd, updateTime, AUMs_account, w%]
Index: []
2023-08-09 02:30:38,455
------------------------------
binance_account_balance
2023-08-09 02:30:38,455
  asset     balance withdrawAvailable   updateTime
5  USDT  291.787418      291.78741812  08Aug-22:36
2023-08-09 02:30:38,672
------------------------------
open_orders
2023-08-09 02:30:38,672
Empty DataFrame
Columns: []
Index: []
2023-08-09 02:30:39,284
------------------------------
AUMS account:291

2023-08-09 02:30:39,286
--------------- compute_futures_order_book() ----------------
2023-08-09 02:30:40,742
----------------------------------------------------------------------
#0 order(s) to place
gross$: 0$ | net$: +0$
gross%: 0% | net%: +0%
 || w>0%  +0% | w<0%  0%
----------------------------------------------------------------------
PTF Expo% 0.0% >> 0.0% (current>>target)
PTF expo $0.0 >> $0 (current>>target)
----------------------------------------------------------------------
2023-08-09 02:30:40,744
orders_ofthe_day
2023-08-09 02:30:40,744
Empty DataFrame
Columns: [ptf_usd, target_usd, totrd_usd, posttrd_usd, qty, posttrd_qty, posttrd_w, bid, ask]
Index: []
2023-08-09 02:30:40,755
Orders of the day is empty, current and target potfolios are aligned
2023-08-09 02:30:40,755
Program stopped
