2024-09-21 01:30:34,017
ON program started 20240921 01:30:34,
US time: 20240920 21:30:34
2024-09-21 01:30:34,463
the strat is currently running @ 21-09-2024 and the target positions is SHORT
2024-09-21 01:30:35,848
CURRENT STATUS IS SHORT, WE CHECK IF THE DAY IS A NEGATIVE ONE
-----
return before 14h30:
BTCUSDT-0.28%, ETHUSDT-0.05%, XRPUSDT-0.53%
-----
target alloc initial:BTCUSDT-4.17%, ETHUSDT+0.00%, XRPUSDT-4.17%
-----
alloc target x rt%<0:BTCUSDT-4.17%, ETHUSDT+0.00%, XRPUSDT-4.17%
-----
           BTCUSDT ETHUSDT XRPUSDT
w_target     -4.2%    0.0%   -4.2%
rt_14h30    -0.00%  -0.00%  -0.01%
w_target_f   -4.2%    0.0%   -4.2%
2024-09-21 01:30:35,849
Portfolio was rebalanced less than 2 hours ago, 1.0 hours ago
2024-09-21 01:30:35,850
Status: prev = SHORT <> SHORT = target
2024-09-21 01:30:35,850
the strat is currently running @ 21-09-2024 and the target positions is SHORT
the strat was previously run @ 2024-09-21 00:31:01, success:? 
   and the current positions is SHORT
2024-09-21 01:30:37,043
positions_future #1
2024-09-21 01:30:37,043
      symbol  positionAmt entryPrice  ... adlQuantile AUMs_account        w%
142  XRPUSDT        -20.6     0.5821  ...           2        295.3 -0.040589

[1 rows x 12 columns]
2024-09-21 01:30:37,286
------------------------------
binance_account_balance
2024-09-21 01:30:37,286
  asset     balance  ...  marginAvailable   updateTime
4  USDT  295.333259  ...             True  21Sep-00:32

[1 rows x 8 columns]
2024-09-21 01:30:37,742
------------------------------
open_orders
2024-09-21 01:30:37,742
Empty DataFrame
Columns: []
Index: []
2024-09-21 01:30:38,398
------------------------------
AUMS account:295

2024-09-21 01:30:38,400
--------------- compute_futures_order_book() ----------------
2024-09-21 01:30:39,959
----------------------------------------------------------------------
#0 order(s) to place
gross$: 0$ | net$: +0$
gross%: 0% | net%: +0%
 || w>0%  +0% | w<0%  0%
----------------------------------------------------------------------
PTF Expo% -4.0% >> -8.3% (current>>target)
PTF expo $-12.0 >> $-24 (current>>target)
----------------------------------------------------------------------
2024-09-21 01:30:39,961
orders_ofthe_day
2024-09-21 01:30:39,961
Empty DataFrame
Columns: [ptf_usd, target_usd, totrd_usd, posttrd_usd, qty, posttrd_qty, posttrd_w, bid, ask, strategy]
Index: []
2024-09-21 01:30:40,028
Orders of the day is empty, current and target potfolios are aligned
2024-09-21 01:30:40,028
Program stopped
