2023-08-14 03:31:01,383
ON program started 20230814 03:31:01,
US time: 20230813 23:31:01
2023-08-14 03:31:01,550
the strat is currently running @ 14-08-2023 and the target positions is NEUTRAL
2023-08-14 03:31:02,864
CURRENT STATUS IS NEUTRAL
-----
return before 14h30:
BTCUSDT+0.00%, ETHUSDT+0.00%, XRPUSDT+0.00%
-----
target alloc initial:BTCUSDT+0.00%, ETHUSDT+0.00%, XRPUSDT+0.00%
-----
alloc target x rt%<0:BTCUSDT+0.00%, ETHUSDT+0.00%, XRPUSDT+0.00%
-----
           BTCUSDT ETHUSDT XRPUSDT
w_target      0.0%    0.0%    0.0%
rt_14h30     0.00%   0.00%   0.00%
w_target_f    0.0%    0.0%    0.0%
2023-08-14 03:31:02,866
Portfolio was rebalanced less than 2 hours ago, 1.0 hours ago
2023-08-14 03:31:02,869
Status: prev = NEUTRAL <> NEUTRAL = target
2023-08-14 03:31:02,869
the strat is currently running @ 14-08-2023 and the target positions is NEUTRAL
the strat was previously run @ 2023-08-14 02:31:03 UTC, success:yes 
   and the current positions is NEUTRAL
2023-08-14 03:31:03,962
positions_future #0
2023-08-14 03:31:03,962
Empty DataFrame
Columns: [symbol, positionAmt, entryPrice, markPrice, unRealizedProfit, value_usd, updateTime, AUMs_account, w%]
Index: []
2023-08-14 03:31:03,971
programm stoppeddd!!! 20230814_033103
