2024-05-24 02:31:06,287
ON program started 20240524 02:31:06,
US time: 20240523 22:31:06
2024-05-24 02:31:07,324
the strat is currently running @ 24-05-2024 and the target positions is NEUTRAL
2024-05-24 02:31:08,720
CURRENT STATUS IS NEUTRAL
-----
return before 14h30:
BTCUSDT-0.34%, ETHUSDT+0.53%, XRPUSDT+0.61%
-----
target alloc initial:BTCUSDT+0.00%, ETHUSDT+0.00%, XRPUSDT+0.00%
-----
alloc target x rt%<0:BTCUSDT+0.00%, ETHUSDT+0.00%, XRPUSDT+0.00%
-----
           BTCUSDT ETHUSDT XRPUSDT
w_target      0.0%    0.0%    0.0%
rt_14h30    -0.00%   0.01%   0.01%
w_target_f    0.0%    0.0%    0.0%
2024-05-24 02:31:08,721
Portfolio was rebalanced less than 2 hours ago, 1.0 hours ago
2024-05-24 02:31:08,722
Status: prev = NEUTRAL <> SHORT = target
2024-05-24 02:31:08,722
the strat is currently running @ 24-05-2024 and the target positions is NEUTRAL
the strat was previously run @ 2024-05-24 01:31:09, success:yes 
   and the current positions is SHORT
2024-05-24 02:31:09,918
positions_future #1
2024-05-24 02:31:09,918
      symbol  positionAmt entryPrice  ... adlQuantile AUMs_account        w%
134  XRPUSDT        -23.8     0.5244  ...           1        289.6 -0.043651

[1 rows x 12 columns]
2024-05-24 02:31:10,157
------------------------------
binance_account_balance
2024-05-24 02:31:10,157
  asset     balance  ...  marginAvailable   updateTime
6  USDT  289.731085  ...             True  23May-22:32

[1 rows x 8 columns]
2024-05-24 02:31:10,605
------------------------------
open_orders
2024-05-24 02:31:10,606
Empty DataFrame
Columns: []
Index: []
2024-05-24 02:31:11,258
------------------------------
AUMS account:289

2024-05-24 02:31:11,261
--------------- compute_futures_order_book() ----------------
2024-05-24 02:31:12,811
----------------------------------------------------------------------
#1 order(s) to place
gross$: 13$ | net$: +13$
gross%: 4% | net%: +4%
 || w>0%  +4% | w<0%  0%
----------------------------------------------------------------------
PTF Expo% -4.4% >> 0.0% (current>>target)
PTF expo $-13.0 >> $0 (current>>target)
----------------------------------------------------------------------
2024-05-24 02:31:12,812
orders_ofthe_day
2024-05-24 02:31:12,813
                  ptf_usd  target_usd  totrd_usd  ...     bid    ask strategy
2024-05-24 02:31                                  ...                        
XRPUSDT             -13.0         0.0       13.0  ...  0.5309  0.531  STRATON

[1 rows x 10 columns]
2024-05-24 02:31:14,305
binance_place_orders_peg 20240524_023114
2024-05-24 02:31:14,741
{'orderId': 57167986931, 'symbol': 'XRPUSDT', 'status': 'NEW', 'clientOrderId': 'STRATON', 'price': '0.5305', 'avgPrice': '0.00', 'origQty': '23.8', 'executedQty': '0.0', 'cumQty': '0.0', 'cumQuote': '0.00000', 'timeInForce': 'GTC', 'type': 'LIMIT', 'reduceOnly': False, 'closePosition': False, 'side': 'BUY', 'positionSide': 'BOTH', 'stopPrice': '0.0000', 'workingType': 'CONTRACT_PRICE', 'priceProtect': False, 'origType': 'LIMIT', 'priceMatch': 'NONE', 'selfTradePreventionMode': 'NONE', 'goodTillDate': 0, 'updateTime': 1716517874632}
2024-05-24 02:31:15,862
update 0: filled 0 / 1 () | working 1 / 1 (+XRPUSDT)
2024-05-24 02:31:19,863
+XRPUSDT: bp11.0|
2024-05-24 02:31:20,301
update 1: filled 0 / 1 () | working 1 / 1 (+XRPUSDT)
2024-05-24 02:31:24,302
+XRPUSDT: bp8.0|
2024-05-24 02:31:24,743
update 2: filled 0 / 1 () | working 1 / 1 (+XRPUSDT)
2024-05-24 02:31:28,743
+XRPUSDT: bp6.0|
2024-05-24 02:31:29,183
update 3: filled 0 / 1 () | working 1 / 1 (+XRPUSDT)
2024-05-24 02:31:33,184
+XRPUSDT: bp6.0|
2024-05-24 02:31:33,625
update 4: filled 0 / 1 () | working 1 / 1 (+XRPUSDT)
2024-05-24 02:31:37,626
+XRPUSDT: bp-0.0|
2024-05-24 02:31:38,064
update 5: filled 0 / 1 () | working 1 / 1 (+XRPUSDT)
2024-05-24 02:31:42,065
+XRPUSDT: bp4.0|
2024-05-24 02:31:42,505
update 6: filled 0 / 1 () | working 1 / 1 (+XRPUSDT)
2024-05-24 02:31:46,506
+XRPUSDT: bp6.0|
2024-05-24 02:31:46,959
update 7: filled 0 / 1 () | working 1 / 1 (+XRPUSDT)
2024-05-24 02:31:50,960
+XRPUSDT: bp6.0|
2024-05-24 02:31:51,400
update 8: filled 0 / 1 () | working 1 / 1 (+XRPUSDT)
2024-05-24 02:31:55,401
+XRPUSDT: bp4.0|
2024-05-24 02:31:55,842
update 9: filled 0 / 1 () | working 1 / 1 (+XRPUSDT)
2024-05-24 02:31:59,843
+XRPUSDT: bp6.0|
2024-05-24 02:32:00,281
update 10: filled 0 / 1 () | working 1 / 1 (+XRPUSDT)
2024-05-24 02:32:04,282
+XRPUSDT: bp8.0|
2024-05-24 02:32:04,721
update 11: filled 0 / 1 () | working 1 / 1 (+XRPUSDT)
2024-05-24 02:32:08,722
+XRPUSDT: bp8.0|
2024-05-24 02:32:09,160
update 12: filled 0 / 1 () | working 1 / 1 (+XRPUSDT)
2024-05-24 02:32:13,161
+XRPUSDT: bp8.0|
2024-05-24 02:32:13,600
update 13: filled 0 / 1 () | working 1 / 1 (+XRPUSDT)
2024-05-24 02:32:17,601
+XRPUSDT: bp8.0|
2024-05-24 02:32:18,041
update 14: filled 0 / 1 () | working 1 / 1 (+XRPUSDT)
2024-05-24 02:32:22,042
+XRPUSDT: bp9.0|
2024-05-24 02:32:22,042
Adjustment limit #1 ... 
 we cancel current orders and replace
2024-05-24 02:32:22,042
@+/-2.5bp limit 
2024-05-24 02:32:22,042
binance_cancel_and_replace_orders_peg 20240524_023222
2024-05-24 02:32:23,137
binance_place_orders_peg 20240524_023223
2024-05-24 02:32:23,575
{'orderId': 57168049205, 'symbol': 'XRPUSDT', 'status': 'NEW', 'clientOrderId': 'STRATON', 'price': '0.5307', 'avgPrice': '0.00', 'origQty': '23.8', 'executedQty': '0.0', 'cumQty': '0.0', 'cumQuote': '0.00000', 'timeInForce': 'GTC', 'type': 'LIMIT', 'reduceOnly': False, 'closePosition': False, 'side': 'BUY', 'positionSide': 'BOTH', 'stopPrice': '0.0000', 'workingType': 'CONTRACT_PRICE', 'priceProtect': False, 'origType': 'LIMIT', 'priceMatch': 'NONE', 'selfTradePreventionMode': 'NONE', 'goodTillDate': 0, 'updateTime': 1716517943464}
2024-05-24 02:32:24,024
update 0: filled 0 / 1 () | working 1 / 1 (+XRPUSDT)
2024-05-24 02:32:28,024
+XRPUSDT: bp8.0|
2024-05-24 02:32:28,462
update 1: filled 0 / 1 () | working 1 / 1 (+XRPUSDT)
2024-05-24 02:32:32,462
+XRPUSDT: bp6.0|
2024-05-24 02:32:32,901
update 2: filled 1 / 1 (+XRPUSDT) | working 0 / 1 ()
2024-05-24 02:32:38,246
Trades of the day
in$
as of: 24May 02:32>>02:32 (#trades: 1)
trade net: +13.0 (+4.5%), trade gross: +13.0 (+4.5%), BUY: +13.0 (+4.5%), SELL: +0.0 (+0.0%)
fees: $ 0.003 (2.0bp)
2024-05-24 02:32:38,477
Trades: 
Filled #1
______________________________________________
                   in$ | in bp 12 traded | in bp 289 AUMs
realizedPnl    -0.15   | -119    | -5     
PnLvsArrival   +0.01   | +8      | +0     
PnLvsLast      +0      | +0      | +0     
______________________________________________
                 | Value$ | PnL Arrival/Last 
______________________________________________
XRP:+23.8@0.5307 | +13$ | 0.01/-0
