2024-04-25 00:31:15,152
ON program started 20240425 00:31:15,
US time: 20240424 20:31:15
2024-04-25 00:31:16,346
the strat is currently running @ 25-04-2024 and the target positions is SHORT
2024-04-25 00:31:17,749
CURRENT STATUS IS SHORT, WE CHECK IF THE DAY IS A NEGATIVE ONE
-----
return before 14h30:
BTCUSDT+0.30%, ETHUSDT+0.31%, XRPUSDT+0.30%
-----
target alloc initial:BTCUSDT-4.17%, ETHUSDT+0.00%, XRPUSDT-4.17%
-----
alloc target x rt%<0:BTCUSDT-0.00%, ETHUSDT+0.00%, XRPUSDT-0.00%
-----
           BTCUSDT ETHUSDT XRPUSDT
w_target     -4.2%    0.0%   -4.2%
rt_14h30     0.00%   0.00%   0.00%
w_target_f   -0.0%    0.0%   -0.0%
2024-04-25 00:31:17,750
Portfolio was rebalanced less than 2 hours ago, 1.0 hours ago
2024-04-25 00:31:17,752
Status: prev = SHORT <> SHORT = target
2024-04-25 00:31:17,752
the strat is currently running @ 25-04-2024 and the target positions is SHORT
the strat was previously run @ 2024-04-24 23:31:04, success:yes 
   and the current positions is SHORT
2024-04-25 00:31:18,972
positions_future #1
2024-04-25 00:31:18,972
      symbol  positionAmt entryPrice  ... adlQuantile AUMs_account        w%
131  XRPUSDT        -21.9     0.5284  ...           1        281.5 -0.041229

[1 rows x 12 columns]
2024-04-25 00:31:19,073
programm stoppeddd!!! 20240425_003119
