2023-11-12 04:30:39,461
ON program started 20231112 04:30:39,
US time: 20231111 23:30:39
2023-11-12 04:30:39,983
the strat is currently running @ 12-11-2023 and the target positions is NEUTRAL
2023-11-12 04:30:41,384
CURRENT STATUS IS NEUTRAL
-----
return before 14h30:
BTCUSDT+0.00%, ETHUSDT+0.00%, XRPUSDT+0.00%
-----
target alloc initial:BTCUSDT+0.00%, ETHUSDT+0.00%, XRPUSDT+0.00%
-----
alloc target x rt%<0:BTCUSDT+0.00%, ETHUSDT+0.00%, XRPUSDT+0.00%
-----
           BTCUSDT ETHUSDT XRPUSDT
w_target      0.0%    0.0%    0.0%
rt_14h30     0.00%   0.00%   0.00%
w_target_f    0.0%    0.0%    0.0%
2023-11-12 04:30:41,386
Portfolio was rebalanced less than 2 hours ago, 1.0 hours ago
2023-11-12 04:30:41,388
Status: prev = NEUTRAL <> NEUTRAL = target
2023-11-12 04:30:41,389
the strat is currently running @ 12-11-2023 and the target positions is NEUTRAL
the strat was previously run @ 2023-11-12 03:30:39 UTC, success:yes 
   and the current positions is NEUTRAL
2023-11-12 04:30:42,561
positions_future #0
2023-11-12 04:30:42,561
Empty DataFrame
Columns: [symbol, positionAmt, entryPrice, breakEvenPrice, markPrice, unRealizedProfit, value_usd, updateTime, isolated, adlQuantile, AUMs_account, w%]
Index: []
2023-11-12 04:30:42,570
programm stoppeddd!!! 20231112_043042
