2024-04-15 18:30:46,877
ON program started 20240415 18:30:46,
US time: 20240415 14:30:46
2024-04-15 18:30:47,963
the strat is currently running @ 15-04-2024 and the target positions is LONG
2024-04-15 18:30:50,230
CURRENT STATUS IS LONG
-----
return before 14h30:
BTCUSDT+0.31%, ETHUSDT+1.22%, XRPUSDT+0.75%
-----
target alloc initial:BTCUSDT+16.67%, ETHUSDT+16.67%, XRPUSDT+16.67%
-----
alloc target x rt%<0:BTCUSDT+16.67%, ETHUSDT+16.67%, XRPUSDT+16.67%
-----
           BTCUSDT ETHUSDT XRPUSDT
w_target     16.7%   16.7%   16.7%
rt_14h30     0.00%   0.01%   0.01%
w_target_f   16.7%   16.7%   16.7%
2024-04-15 18:30:50,231
Portfolio was rebalanced less than 2 hours ago, 15.0 hours ago
2024-04-15 18:30:50,232
Status: prev = LONG <> NEUTRAL = target
2024-04-15 18:30:50,233
the strat is currently running @ 15-04-2024 and the target positions is LONG
the strat was previously run @ 2024-04-15 03:31:12, success:yes 
   and the current positions is NEUTRAL
2024-04-15 18:30:51,467
positions_future #0
2024-04-15 18:30:51,467
Empty DataFrame
Columns: [symbol, positionAmt, entryPrice, breakEvenPrice, markPrice, unRealizedProfit, value_usd, updateTime, isolated, adlQuantile, AUMs_account, w%]
Index: []
2024-04-15 18:30:51,690
------------------------------
binance_account_balance
2024-04-15 18:30:51,690
  asset     balance  ...  marginAvailable   updateTime
6  USDT  279.424454  ...             True  14Apr-22:33

[1 rows x 8 columns]
2024-04-15 18:30:51,922
------------------------------
open_orders
2024-04-15 18:30:51,922
Empty DataFrame
Columns: []
Index: []
2024-04-15 18:30:52,574
------------------------------
AUMS account:279

2024-04-15 18:30:52,576
--------------- compute_futures_order_book() ----------------
2024-04-15 18:30:54,132
----------------------------------------------------------------------
#2 order(s) to place
gross$: 93$ | net$: +93$
gross%: 33% | net%: +33%
 || w>0%  +33% | w<0%  0%
----------------------------------------------------------------------
PTF Expo% 0.0% >> 50.0% (current>>target)
PTF expo $0.0 >> $139 (current>>target)
----------------------------------------------------------------------
2024-04-15 18:30:54,171
orders_ofthe_day
2024-04-15 18:30:54,171
                  ptf_usd  target_usd  totrd_usd  ...        bid        ask strategy
2024-04-15 18:30                                  ...                               
XRPUSDT               0.0       46.58       47.0  ...     0.4938     0.4939  STRATON
ETHUSDT               0.0       46.58       46.0  ...  3087.9600  3087.9700  STRATON

[2 rows x 10 columns]
2024-04-15 18:30:55,735
binance_place_orders_peg 20240415_183055
2024-04-15 18:30:56,172
{'orderId': 54758869402, 'symbol': 'XRPUSDT', 'status': 'NEW', 'clientOrderId': 'STRATON', 'price': '0.4933', 'avgPrice': '0.00', 'origQty': '95.2', 'executedQty': '0.0', 'cumQty': '0.0', 'cumQuote': '0.00000', 'timeInForce': 'GTC', 'type': 'LIMIT', 'reduceOnly': False, 'closePosition': False, 'side': 'BUY', 'positionSide': 'BOTH', 'stopPrice': '0.0000', 'workingType': 'CONTRACT_PRICE', 'priceProtect': False, 'origType': 'LIMIT', 'priceMatch': 'NONE', 'selfTradePreventionMode': 'NONE', 'goodTillDate': 0, 'updateTime': 1713205856063}
2024-04-15 18:30:56,612
{'orderId': 8389765672305496875, 'symbol': 'ETHUSDT', 'status': 'NEW', 'clientOrderId': 'STRATON', 'price': '3085.27', 'avgPrice': '0.00', 'origQty': '0.015', 'executedQty': '0.000', 'cumQty': '0.000', 'cumQuote': '0.00000', 'timeInForce': 'GTC', 'type': 'LIMIT', 'reduceOnly': False, 'closePosition': False, 'side': 'BUY', 'positionSide': 'BOTH', 'stopPrice': '0.00', 'workingType': 'CONTRACT_PRICE', 'priceProtect': False, 'origType': 'LIMIT', 'priceMatch': 'NONE', 'selfTradePreventionMode': 'NONE', 'goodTillDate': 0, 'updateTime': 1713205856499}
2024-04-15 18:30:58,176
update 0: filled 0 / 2 () | working 2 / 2 (+XRPUSDT,+ETHUSDT)
2024-04-15 18:31:02,177
+XRPUSDT: bp2.0|+ETHUSDT: bp3.0|
2024-04-15 18:31:03,054
update 1: filled 1 / 2 (+XRPUSDT) | working 1 / 2 (+ETHUSDT)
2024-04-15 18:31:07,055
+ETHUSDT: bp5.0|
2024-04-15 18:31:07,930
update 2: filled 2 / 2 (+XRPUSDT,+ETHUSDT) | working 0 / 2 ()
2024-04-15 18:31:14,395
Trades of the day
in$
as of: 15Apr 18:31>>18:31 (#trades: 2)
trade net: +93.0 (+33.3%), trade gross: +93.0 (+33.3%), BUY: +93.0 (+33.3%), SELL: +0.0 (+0.0%)
fees: $ 0.019 (2.0bp)
2024-04-15 18:31:14,851
Trades: 
Filled #2
______________________________________________
                   in$ | in bp 93 traded | in bp 279 AUMs
realizedPnl    +0      | +0      | +0     
PnLvsArrival   +0.09   | +10     | +3     
PnLvsLast      -0.01   | -1      | -0     
______________________________________________
                 | Value$ | PnL Arrival/Last 
______________________________________________
ETH:+0.015@3085.27 | +46$ | 0.04/-0.01
XRP:+95.2@0.4933 | +47$ | 0.05/-0
