2024-09-01 19:30:29,582
ON program started 20240901 19:30:29,
US time: 20240901 15:30:29
2024-09-01 19:30:30,341
the strat is currently running @ 01-09-2024 and the target positions is LONG
2024-09-01 19:30:31,665
CURRENT STATUS IS LONG
-----
return before 14h30:
BTCUSDT-1.35%, ETHUSDT-1.61%, XRPUSDT-1.70%
-----
target alloc initial:BTCUSDT+16.67%, ETHUSDT+16.67%, XRPUSDT+16.67%
-----
alloc target x rt%<0:BTCUSDT+16.67%, ETHUSDT+16.67%, XRPUSDT+16.67%
-----
           BTCUSDT ETHUSDT XRPUSDT
w_target     16.7%   16.7%   16.7%
rt_14h30    -0.01%  -0.02%  -0.02%
w_target_f   16.7%   16.7%   16.7%
2024-09-01 19:30:31,666
Portfolio was rebalanced less than 2 hours ago, 1.0 hours ago
2024-09-01 19:30:31,668
Status: prev = LONG <> LONG = target
2024-09-01 19:30:31,668
the strat is currently running @ 01-09-2024 and the target positions is LONG
the strat was previously run @ 2024-09-01 18:30:47, success:? 
   and the current positions is LONG
2024-09-01 19:30:32,794
positions_future #2
2024-09-01 19:30:32,794
      symbol  positionAmt entryPrice  ... adlQuantile AUMs_account        w%
174  ETHUSDT         0.02    2489.05  ...           2        296.3  0.168246
136  XRPUSDT        87.60     0.5589  ...           2        296.3  0.164874

[2 rows x 12 columns]
2024-09-01 19:30:33,024
------------------------------
binance_account_balance
2024-09-01 19:30:33,024
  asset     balance  ...  marginAvailable   updateTime
4  USDT  296.312106  ...             True  01Sep-18:31

[1 rows x 8 columns]
2024-09-01 19:30:33,657
------------------------------
open_orders
2024-09-01 19:30:33,657
Empty DataFrame
Columns: []
Index: []
2024-09-01 19:30:34,276
------------------------------
AUMS account:296

2024-09-01 19:30:34,278
--------------- compute_futures_order_book() ----------------
2024-09-01 19:30:35,747
----------------------------------------------------------------------
#0 order(s) to place
gross$: 0$ | net$: +0$
gross%: 0% | net%: +0%
 || w>0%  +0% | w<0%  0%
----------------------------------------------------------------------
PTF Expo% 33.4% >> 50.0% (current>>target)
PTF expo $99.0 >> $148 (current>>target)
----------------------------------------------------------------------
2024-09-01 19:30:35,749
orders_ofthe_day
2024-09-01 19:30:35,749
Empty DataFrame
Columns: [ptf_usd, target_usd, totrd_usd, posttrd_usd, qty, posttrd_qty, posttrd_w, bid, ask, strategy]
Index: []
2024-09-01 19:30:35,807
Orders of the day is empty, current and target potfolios are aligned
2024-09-01 19:30:35,807
Program stopped
