2024-07-31 22:30:48,285
ON program started 20240731 22:30:48,
US time: 20240731 18:30:48
2024-07-31 22:30:48,764
the strat is currently running @ 31-07-2024 and the target positions is SHORT
2024-07-31 22:30:50,079
CURRENT STATUS IS SHORT, WE CHECK IF THE DAY IS A NEGATIVE ONE
-----
return before 14h30:
BTCUSDT+0.48%, ETHUSDT+1.60%, XRPUSDT+3.42%
-----
target alloc initial:BTCUSDT-4.17%, ETHUSDT+0.00%, XRPUSDT-4.17%
-----
alloc target x rt%<0:BTCUSDT-0.00%, ETHUSDT+0.00%, XRPUSDT-0.00%
-----
           BTCUSDT ETHUSDT XRPUSDT
w_target     -4.2%    0.0%   -4.2%
rt_14h30     0.00%   0.02%   0.03%
w_target_f   -0.0%    0.0%   -0.0%
2024-07-31 22:30:50,080
Portfolio was rebalanced less than 2 hours ago, 1.0 hours ago
2024-07-31 22:30:50,081
Status: prev = SHORT <> LONG = target
2024-07-31 22:30:50,081
the strat is currently running @ 31-07-2024 and the target positions is SHORT
the strat was previously run @ 2024-07-31 21:30:39, success:yes 
   and the current positions is LONG
2024-07-31 22:30:50,628
positions_future #2
2024-07-31 22:30:50,628
      symbol  positionAmt entryPrice  ... adlQuantile AUMs_account        w%
165  ETHUSDT        0.015     3306.3  ...           1        290.3  0.166290
130  XRPUSDT       76.500     0.6418  ...           1        290.3  0.165861

[2 rows x 12 columns]
2024-07-31 22:30:50,860
------------------------------
binance_account_balance
2024-07-31 22:30:50,860
  asset     balance  ...  marginAvailable   updateTime
4  USDT  292.590344  ...             True  31Jul-18:33

[1 rows x 8 columns]
2024-07-31 22:30:51,500
------------------------------
open_orders
2024-07-31 22:30:51,500
Empty DataFrame
Columns: []
Index: []
2024-07-31 22:30:52,510
------------------------------
AUMS account:290

2024-07-31 22:30:52,512
--------------- compute_futures_order_book() ----------------
2024-07-31 22:30:55,361
----------------------------------------------------------------------
#2 order(s) to place
gross$: 96$ | net$: -96$
gross%: 33% | net%: -33%
 || w>0%  +0% | w<0%  -33%
----------------------------------------------------------------------
PTF Expo% 33.0% >> 0.0% (current>>target)
PTF expo $96.0 >> $0 (current>>target)
----------------------------------------------------------------------
2024-07-31 22:30:55,363
orders_ofthe_day
2024-07-31 22:30:55,363
                  ptf_usd  target_usd  totrd_usd  ...        bid        ask strategy
2024-07-31 22:30                                  ...                               
ETHUSDT              48.0         0.0      -48.0  ...  3219.9800  3219.9900  STRATON
XRPUSDT              48.0        -0.0      -48.0  ...     0.6295     0.6296  STRATON

[2 rows x 10 columns]
2024-07-31 22:30:56,806
binance_place_orders_peg 20240731_223056
2024-07-31 22:30:57,219
{'orderId': 8389765708276884419, 'symbol': 'ETHUSDT', 'status': 'NEW', 'clientOrderId': 'STRATON', 'price': '3221.60', 'avgPrice': '0.00', 'origQty': '0.015', 'executedQty': '0.000', 'cumQty': '0.000', 'cumQuote': '0.00000', 'timeInForce': 'GTC', 'type': 'LIMIT', 'reduceOnly': False, 'closePosition': False, 'side': 'SELL', 'positionSide': 'BOTH', 'stopPrice': '0.00', 'workingType': 'CONTRACT_PRICE', 'priceProtect': False, 'origType': 'LIMIT', 'priceMatch': 'NONE', 'selfTradePreventionMode': 'NONE', 'goodTillDate': 0, 'updateTime': 1722465057116}
2024-07-31 22:30:57,631
{'orderId': 61882302597, 'symbol': 'XRPUSDT', 'status': 'NEW', 'clientOrderId': 'STRATON', 'price': '0.6300', 'avgPrice': '0.00', 'origQty': '76.5', 'executedQty': '0.0', 'cumQty': '0.0', 'cumQuote': '0.00000', 'timeInForce': 'GTC', 'type': 'LIMIT', 'reduceOnly': False, 'closePosition': False, 'side': 'SELL', 'positionSide': 'BOTH', 'stopPrice': '0.0000', 'workingType': 'CONTRACT_PRICE', 'priceProtect': False, 'origType': 'LIMIT', 'priceMatch': 'NONE', 'selfTradePreventionMode': 'NONE', 'goodTillDate': 0, 'updateTime': 1722465057528}
2024-07-31 22:30:58,508
update 0: filled 0 / 2 () | working 2 / 2 (-ETHUSDT,-XRPUSDT)
2024-07-31 22:31:02,508
-ETHUSDT: bp6.0|-XRPUSDT: bp6.0|
2024-07-31 22:31:03,337
update 1: filled 0 / 2 () | working 2 / 2 (-ETHUSDT,-XRPUSDT)
2024-07-31 22:31:07,338
-ETHUSDT: bp4.0|-XRPUSDT: bp5.0|
2024-07-31 22:31:08,171
update 2: filled 0 / 2 () | working 2 / 2 (-ETHUSDT,-XRPUSDT)
2024-07-31 22:31:12,172
-ETHUSDT: bp3.0|-XRPUSDT: bp6.0|
2024-07-31 22:31:13,004
update 3: filled 0 / 2 () | working 2 / 2 (-ETHUSDT,-XRPUSDT)
2024-07-31 22:31:17,004
-ETHUSDT: bp5.0|-XRPUSDT: bp6.0|
2024-07-31 22:31:17,830
update 4: filled 2 / 2 (-ETHUSDT,-XRPUSDT) | working 0 / 2 ()
2024-07-31 22:31:24,150
Trades of the day
in$
as of: 31Jul 22:31>>22:31 (#trades: 2)
trade net: -97.0 (-33.4%), trade gross: +97.0 (+33.4%), BUY: +0.0 (+0.0%), SELL: -97.0 (-33.4%)
fees: $ 0.019 (2.0bp)
2024-07-31 22:31:24,578
Trades: 
Filled #2
______________________________________________
                   in$ | in bp 96 traded | in bp 290 AUMs
realizedPnl    -2.17   | -225    | -75    
PnLvsArrival   +0.05   | +5      | +2     
PnLvsLast      -0.03   | -3      | -1     
______________________________________________
                 | Value$ | PnL Arrival/Last 
______________________________________________
ETH:-0.015@3221.6 | -48$ | 0.02/-0.02
XRP:-76.5@0.63 | -48$ | 0.03/-0.01
