2024-03-25 01:31:07,277
ON program started 20240325 01:31:07,
US time: 20240324 21:31:07
2024-03-25 01:31:07,836
the strat is currently running @ 25-03-2024 and the target positions is SHORT
2024-03-25 01:31:09,250
CURRENT STATUS IS SHORT, WE CHECK IF THE DAY IS A NEGATIVE ONE
-----
return before 14h30:
BTCUSDT-0.69%, ETHUSDT-0.53%, XRPUSDT-0.16%
-----
target alloc initial:BTCUSDT-4.17%, ETHUSDT+0.00%, XRPUSDT-4.17%
-----
alloc target x rt%<0:BTCUSDT-4.17%, ETHUSDT+0.00%, XRPUSDT-4.17%
-----
           BTCUSDT ETHUSDT XRPUSDT
w_target     -4.2%    0.0%   -4.2%
rt_14h30    -0.01%  -0.01%  -0.00%
w_target_f   -4.2%    0.0%   -4.2%
2024-03-25 01:31:09,251
Portfolio was rebalanced less than 2 hours ago, 1.0 hours ago
2024-03-25 01:31:09,253
Status: prev = SHORT <> SHORT = target
2024-03-25 01:31:09,254
the strat is currently running @ 25-03-2024 and the target positions is SHORT
the strat was previously run @ 2024-03-25 00:31:07, success:yes 
   and the current positions is SHORT
2024-03-25 01:31:10,482
positions_future #0
2024-03-25 01:31:10,483
Empty DataFrame
Columns: [symbol, positionAmt, entryPrice, breakEvenPrice, markPrice, unRealizedProfit, value_usd, updateTime, isolated, adlQuantile, AUMs_account, w%]
Index: []
2024-03-25 01:31:10,561
programm stoppeddd!!! 20240325_013110
