2023-09-03 21:30:46,036
ON program started 20230903 21:30:46,
US time: 20230903 17:30:46
2023-09-03 21:30:46,534
the strat is currently running @ 03-09-2023 and the target positions is LONG
2023-09-03 21:30:47,944
CURRENT STATUS IS LONG
-----
return before 14h30:
BTCUSDT+0.09%, ETHUSDT-0.30%, XRPUSDT+0.62%
-----
target alloc initial:BTCUSDT+16.67%, ETHUSDT+16.67%, XRPUSDT+16.67%
-----
alloc target x rt%<0:BTCUSDT+16.67%, ETHUSDT+16.67%, XRPUSDT+16.67%
-----
           BTCUSDT ETHUSDT XRPUSDT
w_target     16.7%   16.7%   16.7%
rt_14h30     0.00%  -0.00%   0.01%
w_target_f   16.7%   16.7%   16.7%
2023-09-03 21:30:47,946
Portfolio was rebalanced less than 2 hours ago, 1.0 hours ago
2023-09-03 21:30:47,948
Status: prev = LONG <> LONG = target
2023-09-03 21:30:47,948
the strat is currently running @ 03-09-2023 and the target positions is LONG
the strat was previously run @ 2023-09-03 20:30:44 UTC, success:yes 
   and the current positions is LONG
2023-09-03 21:30:49,123
positions_future #3
2023-09-03 21:30:49,123
      symbol  positionAmt entryPrice  ...   updateTime  AUMs_account        w%
225  BTCUSDT        0.002    25928.5  ...  03Sep-18:34         276.8  0.187797
111  XRPUSDT       91.200     0.5068  ...  03Sep-18:35         276.8  0.166405
138  ETHUSDT        0.028    1636.85  ...  03Sep-18:33         276.8  0.165849

[3 rows x 9 columns]
2023-09-03 21:30:49,146
programm stoppeddd!!! 20230903_213049
