2024-01-01 22:30:51,676
ON program started 20240101 22:30:51,
US time: 20240101 17:30:51
2024-01-01 22:30:52,763
the strat is currently running @ 01-01-2024 and the target positions is LONG
2024-01-01 22:30:54,361
CURRENT STATUS IS LONG
-----
return before 14h30:
BTCUSDT+1.68%, ETHUSDT+2.08%, XRPUSDT+1.99%
-----
target alloc initial:BTCUSDT+16.67%, ETHUSDT+16.67%, XRPUSDT+16.67%
-----
alloc target x rt%<0:BTCUSDT+16.67%, ETHUSDT+16.67%, XRPUSDT+16.67%
-----
           BTCUSDT ETHUSDT XRPUSDT
w_target     16.7%   16.7%   16.7%
rt_14h30     0.02%   0.02%   0.02%
w_target_f   16.7%   16.7%   16.7%
2024-01-01 22:30:54,363
Portfolio was rebalanced less than 2 hours ago, 1.0 hours ago
2024-01-01 22:30:54,365
Status: prev = LONG <> LONG = target
2024-01-01 22:30:54,366
the strat is currently running @ 01-01-2024 and the target positions is LONG
the strat was previously run @ 2024-01-01 21:30:58 UTC, success:yes 
   and the current positions is LONG
2024-01-01 22:30:55,604
positions_future #2
2024-01-01 22:30:55,605
      symbol  positionAmt entryPrice  ... adlQuantile AUMs_account        w%
135  ETHUSDT        0.021    2333.16  ...           1        289.9  0.169071
108  XRPUSDT       76.700     0.6259  ...           2        289.9  0.166230

[2 rows x 12 columns]
2024-01-01 22:30:55,716
programm stoppeddd!!! 20240101_223055
