2023-08-13 01:30:47,203
ON program started 20230813 01:30:47,
US time: 20230812 21:30:47
2023-08-13 01:30:47,357
the strat is currently running @ 13-08-2023 and the target positions is SHORT
2023-08-13 01:30:48,664
CURRENT STATUS IS SHORT, WE CHECK IF THE DAY IS A NEGATIVE ONE
-----
return before 14h30:
BTCUSDT+0.00%, ETHUSDT+0.00%, XRPUSDT+0.00%
-----
target alloc initial:BTCUSDT-4.17%, ETHUSDT+0.00%, XRPUSDT-4.17%
-----
alloc target x rt%<0:BTCUSDT-0.00%, ETHUSDT+0.00%, XRPUSDT-0.00%
-----
           BTCUSDT ETHUSDT XRPUSDT
w_target     -4.2%    0.0%   -4.2%
rt_14h30     0.00%   0.00%   0.00%
w_target_f   -0.0%    0.0%   -0.0%
2023-08-13 01:30:48,665
Portfolio was rebalanced less than 2 hours ago, 1.0 hours ago
2023-08-13 01:30:48,668
Status: prev = SHORT <> SHORT = target
2023-08-13 01:30:48,668
the strat is currently running @ 13-08-2023 and the target positions is SHORT
the strat was previously run @ 2023-08-13 00:30:40 UTC, success:yes 
   and the current positions is SHORT
2023-08-13 01:30:49,747
positions_future #1
2023-08-13 01:30:49,747
      symbol  positionAmt entryPrice  ...   updateTime  AUMs_account        w%
111  XRPUSDT        -18.7     0.6279  ...  12Aug-22:36         290.6 -0.040384

[1 rows x 9 columns]
2023-08-13 01:30:49,769
programm stoppeddd!!! 20230813_013049
