2023-11-22 02:30:33,622
ON program started 20231122 02:30:33,
US time: 20231121 21:30:33
2023-11-22 02:30:34,023
the strat is currently running @ 22-11-2023 and the target positions is SHORT
2023-11-22 02:30:35,404
CURRENT STATUS IS SHORT, WE CHECK IF THE DAY IS A NEGATIVE ONE
-----
return before 14h30:
BTCUSDT+0.00%, ETHUSDT+0.00%, XRPUSDT+0.00%
-----
target alloc initial:BTCUSDT-4.17%, ETHUSDT+0.00%, XRPUSDT-4.17%
-----
alloc target x rt%<0:BTCUSDT-0.00%, ETHUSDT+0.00%, XRPUSDT-0.00%
-----
           BTCUSDT ETHUSDT XRPUSDT
w_target     -4.2%    0.0%   -4.2%
rt_14h30     0.00%   0.00%   0.00%
w_target_f   -0.0%    0.0%   -0.0%
2023-11-22 02:30:35,405
Portfolio was rebalanced less than 2 hours ago, 1.0 hours ago
2023-11-22 02:30:35,408
Status: prev = SHORT <> SHORT = target
2023-11-22 02:30:35,408
the strat is currently running @ 22-11-2023 and the target positions is SHORT
the strat was previously run @ 2023-11-22 01:30:39 UTC, success:yes 
   and the current positions is SHORT
2023-11-22 02:30:36,557
positions_future #1
2023-11-22 02:30:36,557
      symbol  positionAmt entryPrice  ... adlQuantile AUMs_account       w%
122  XRPUSDT        -20.3     0.5821  ...           1        287.6 -0.04158

[1 rows x 12 columns]
2023-11-22 02:30:36,583
programm stoppeddd!!! 20231122_023036
