2023-11-26 23:30:47,521
ON program started 20231126 23:30:47,
US time: 20231126 18:30:47
2023-11-26 23:30:47,983
the strat is currently running @ 26-11-2023 and the target positions is SHORT
2023-11-26 23:30:49,387
CURRENT STATUS IS SHORT, WE CHECK IF THE DAY IS A NEGATIVE ONE
-----
return before 14h30:
BTCUSDT-1.37%, ETHUSDT-1.62%, XRPUSDT-1.00%
-----
target alloc initial:BTCUSDT-4.17%, ETHUSDT+0.00%, XRPUSDT-4.17%
-----
alloc target x rt%<0:BTCUSDT-4.17%, ETHUSDT+0.00%, XRPUSDT-4.17%
-----
           BTCUSDT ETHUSDT XRPUSDT
w_target     -4.2%    0.0%   -4.2%
rt_14h30    -0.01%  -0.02%  -0.01%
w_target_f   -4.2%    0.0%   -4.2%
2023-11-26 23:30:49,388
Portfolio was rebalanced less than 2 hours ago, 1.0 hours ago
2023-11-26 23:30:49,391
Status: prev = SHORT <> LONG = target
2023-11-26 23:30:49,391
the strat is currently running @ 26-11-2023 and the target positions is SHORT
the strat was previously run @ 2023-11-26 22:30:34 UTC, success:yes 
   and the current positions is LONG
2023-11-26 23:30:50,637
positions_future #2
2023-11-26 23:30:50,637
      symbol  positionAmt entryPrice  ... adlQuantile AUMs_account        w%
124  XRPUSDT       77.700     0.6163  ...           2        287.8  0.166580
156  ETHUSDT        0.023    2050.09  ...           2        287.8  0.165153

[2 rows x 12 columns]
2023-11-26 23:30:50,880
------------------------------
binance_account_balance
2023-11-26 23:30:50,880
  asset     balance  ... marginAvailable   updateTime
5  USDT  287.372003  ...            True  26Nov-19:35

[1 rows x 8 columns]
2023-11-26 23:30:51,554
------------------------------
open_orders
2023-11-26 23:30:51,554
Empty DataFrame
Columns: []
Index: []
2023-11-26 23:30:52,213
------------------------------
AUMS account:287

2023-11-26 23:30:52,215
--------------- compute_futures_order_book() ----------------
2023-11-26 23:30:53,777
----------------------------------------------------------------------
#2 order(s) to place
gross$: 108$ | net$: -108$
gross%: 38% | net%: -38%
 || w>0%  +0% | w<0%  -38%
----------------------------------------------------------------------
PTF Expo% 33.3% >> -8.3% (current>>target)
PTF expo $96.0 >> $-24 (current>>target)
----------------------------------------------------------------------
2023-11-26 23:30:53,778
orders_ofthe_day
2023-11-26 23:30:53,778
                  ptf_usd  target_usd  ...       bid        ask
2023-11-26 23:30                       ...                     
XRPUSDT              48.0       -12.0  ...     0.617     0.6171
ETHUSDT              48.0         0.0  ...  2066.540  2066.5500

[2 rows x 9 columns]
2023-11-26 23:30:54,974
binance_place_orders_peg 20231126_233054
2023-11-26 23:30:55,422
{'orderId': 45689242509, 'symbol': 'XRPUSDT', 'status': 'NEW', 'clientOrderId': 'p7kHbadtjmKbJQ5BcvNZkx', 'price': '0.6174', 'avgPrice': '0.00', 'origQty': '97.2', 'executedQty': '0.0', 'cumQty': '0.0', 'cumQuote': '0.00000', 'timeInForce': 'GTC', 'type': 'LIMIT', 'reduceOnly': False, 'closePosition': False, 'side': 'SELL', 'positionSide': 'BOTH', 'stopPrice': '0.0000', 'workingType': 'CONTRACT_PRICE', 'priceProtect': False, 'origType': 'LIMIT', 'priceMatch': 'NONE', 'selfTradePreventionMode': 'NONE', 'goodTillDate': 0, 'updateTime': 1701041455306}
2023-11-26 23:30:55,865
{'orderId': 8389765630635226249, 'symbol': 'ETHUSDT', 'status': 'NEW', 'clientOrderId': 'qeEPOgre6gRwZ1RDqm4G2w', 'price': '2067.58', 'avgPrice': '0.00', 'origQty': '0.023', 'executedQty': '0.000', 'cumQty': '0.000', 'cumQuote': '0.00000', 'timeInForce': 'GTC', 'type': 'LIMIT', 'reduceOnly': False, 'closePosition': False, 'side': 'SELL', 'positionSide': 'BOTH', 'stopPrice': '0.00', 'workingType': 'CONTRACT_PRICE', 'priceProtect': False, 'origType': 'LIMIT', 'priceMatch': 'NONE', 'selfTradePreventionMode': 'NONE', 'goodTillDate': 0, 'updateTime': 1701041455752}
2023-11-26 23:30:57,454
update 0: filled 0 / 2 () | working 2 / 2 (-XRPUSDT,-ETHUSDT)
2023-11-26 23:31:01,455
-XRPUSDT: bp5.0|-ETHUSDT: bp5.0|
2023-11-26 23:31:02,339
update 1: filled 0 / 2 () | working 2 / 2 (-XRPUSDT,-ETHUSDT)
2023-11-26 23:31:06,339
-XRPUSDT: bp5.0|-ETHUSDT: bp8.0|
2023-11-26 23:31:07,223
update 2: filled 0 / 2 () | working 2 / 2 (-XRPUSDT,-ETHUSDT)
2023-11-26 23:31:11,224
-XRPUSDT: bp5.0|-ETHUSDT: bp7.0|
2023-11-26 23:31:12,108
update 3: filled 0 / 2 () | working 2 / 2 (-XRPUSDT,-ETHUSDT)
2023-11-26 23:31:16,108
-XRPUSDT: bp8.0|-ETHUSDT: bp9.0|
2023-11-26 23:31:16,989
update 4: filled 0 / 2 () | working 2 / 2 (-XRPUSDT,-ETHUSDT)
2023-11-26 23:31:20,990
-XRPUSDT: bp10.0|-ETHUSDT: bp8.0|
2023-11-26 23:31:21,874
update 5: filled 0 / 2 () | working 2 / 2 (-XRPUSDT,-ETHUSDT)
2023-11-26 23:31:25,874
-XRPUSDT: bp8.0|-ETHUSDT: bp8.0|
2023-11-26 23:31:26,756
update 6: filled 0 / 2 () | working 2 / 2 (-XRPUSDT,-ETHUSDT)
2023-11-26 23:31:30,756
-XRPUSDT: bp8.0|-ETHUSDT: bp8.0|
2023-11-26 23:31:31,638
update 7: filled 0 / 2 () | working 2 / 2 (-XRPUSDT,-ETHUSDT)
2023-11-26 23:31:35,638
-XRPUSDT: bp10.0|-ETHUSDT: bp8.0|
2023-11-26 23:31:36,520
update 8: filled 0 / 2 () | working 2 / 2 (-XRPUSDT,-ETHUSDT)
2023-11-26 23:31:40,521
-XRPUSDT: bp8.0|-ETHUSDT: bp8.0|
2023-11-26 23:31:41,404
update 9: filled 0 / 2 () | working 2 / 2 (-XRPUSDT,-ETHUSDT)
2023-11-26 23:31:45,405
-XRPUSDT: bp10.0|-ETHUSDT: bp6.0|
2023-11-26 23:31:46,287
update 10: filled 0 / 2 () | working 2 / 2 (-XRPUSDT,-ETHUSDT)
2023-11-26 23:31:50,288
-XRPUSDT: bp8.0|-ETHUSDT: bp8.0|
2023-11-26 23:31:51,170
update 11: filled 0 / 2 () | working 2 / 2 (-XRPUSDT,-ETHUSDT)
2023-11-26 23:31:55,170
-XRPUSDT: bp8.0|-ETHUSDT: bp6.0|
2023-11-26 23:31:56,055
update 12: filled 0 / 2 () | working 2 / 2 (-XRPUSDT,-ETHUSDT)
2023-11-26 23:32:00,056
-XRPUSDT: bp8.0|-ETHUSDT: bp6.0|
2023-11-26 23:32:00,940
update 13: filled 0 / 2 () | working 2 / 2 (-XRPUSDT,-ETHUSDT)
2023-11-26 23:32:04,941
-XRPUSDT: bp10.0|-ETHUSDT: bp6.0|
2023-11-26 23:32:05,823
update 14: filled 0 / 2 () | working 2 / 2 (-XRPUSDT,-ETHUSDT)
2023-11-26 23:32:09,824
-XRPUSDT: bp8.0|-ETHUSDT: bp6.0|
2023-11-26 23:32:09,824
Adjustment limit #1 ... 
 we cancel current orders and replace
2023-11-26 23:32:09,824
@+/-2.5bp limit 
2023-11-26 23:32:09,824
binance_cancel_and_replace_orders_peg 20231126_233209
2023-11-26 23:32:11,159
binance_place_orders_peg 20231126_233211
2023-11-26 23:32:11,602
{'orderId': 45689291758, 'symbol': 'XRPUSDT', 'status': 'NEW', 'clientOrderId': 'p7kHbadtjmKbJQ5BcvNZkx', 'price': '0.6170', 'avgPrice': '0.00', 'origQty': '97.2', 'executedQty': '0.0', 'cumQty': '0.0', 'cumQuote': '0.00000', 'timeInForce': 'GTC', 'type': 'LIMIT', 'reduceOnly': False, 'closePosition': False, 'side': 'SELL', 'positionSide': 'BOTH', 'stopPrice': '0.0000', 'workingType': 'CONTRACT_PRICE', 'priceProtect': False, 'origType': 'LIMIT', 'priceMatch': 'NONE', 'selfTradePreventionMode': 'NONE', 'goodTillDate': 0, 'updateTime': 1701041531489}
2023-11-26 23:32:12,050
{'orderId': 8389765630635370692, 'symbol': 'ETHUSDT', 'status': 'NEW', 'clientOrderId': 'qeEPOgre6gRwZ1RDqm4G2w', 'price': '2066.68', 'avgPrice': '0.00', 'origQty': '0.023', 'executedQty': '0.000', 'cumQty': '0.000', 'cumQuote': '0.00000', 'timeInForce': 'GTC', 'type': 'LIMIT', 'reduceOnly': False, 'closePosition': False, 'side': 'SELL', 'positionSide': 'BOTH', 'stopPrice': '0.00', 'workingType': 'CONTRACT_PRICE', 'priceProtect': False, 'origType': 'LIMIT', 'priceMatch': 'NONE', 'selfTradePreventionMode': 'NONE', 'goodTillDate': 0, 'updateTime': 1701041531935}
2023-11-26 23:32:12,934
update 0: filled 0 / 2 () | working 2 / 2 (-XRPUSDT,-ETHUSDT)
2023-11-26 23:32:16,934
-XRPUSDT: bp3.0|-ETHUSDT: bp1.0|
2023-11-26 23:32:17,815
update 1: filled 0 / 2 () | working 2 / 2 (-XRPUSDT,-ETHUSDT)
2023-11-26 23:32:21,816
-XRPUSDT: bp5.0|-ETHUSDT: bp3.0|
2023-11-26 23:32:22,698
update 2: filled 0 / 2 () | working 2 / 2 (-XRPUSDT,-ETHUSDT)
2023-11-26 23:32:26,699
-XRPUSDT: bp3.0|-ETHUSDT: bp2.0|
2023-11-26 23:32:27,581
update 3: filled 0 / 2 () | working 2 / 2 (-XRPUSDT,-ETHUSDT)
2023-11-26 23:32:31,581
-XRPUSDT: bp3.0|-ETHUSDT: bp3.0|
2023-11-26 23:32:32,462
update 4: filled 0 / 2 () | working 2 / 2 (-XRPUSDT,-ETHUSDT)
2023-11-26 23:32:36,463
-XRPUSDT: bp3.0|-ETHUSDT: bp1.0|
2023-11-26 23:32:37,347
update 5: filled 1 / 2 (-ETHUSDT) | working 1 / 2 (-XRPUSDT)
2023-11-26 23:32:41,347
-XRPUSDT: bp2.0|
2023-11-26 23:32:42,231
update 6: filled 1 / 2 (-ETHUSDT) | working 1 / 2 (-XRPUSDT)
2023-11-26 23:32:46,232
-XRPUSDT: bp2.0|
2023-11-26 23:32:47,113
update 7: filled 1 / 2 (-ETHUSDT) | working 1 / 2 (-XRPUSDT)
2023-11-26 23:32:51,114
-XRPUSDT: bp2.0|
2023-11-26 23:32:51,996
update 8: filled 1 / 2 (-ETHUSDT) | working 1 / 2 (-XRPUSDT)
2023-11-26 23:32:55,996
-XRPUSDT: bp3.0|
2023-11-26 23:32:56,878
update 9: filled 1 / 2 (-ETHUSDT) | working 1 / 2 (-XRPUSDT)
2023-11-26 23:33:00,879
-XRPUSDT: bp3.0|
2023-11-26 23:33:01,762
update 10: filled 1 / 2 (-ETHUSDT) | working 1 / 2 (-XRPUSDT)
2023-11-26 23:33:05,762
-XRPUSDT: bp5.0|
2023-11-26 23:33:06,646
update 11: filled 1 / 2 (-ETHUSDT) | working 1 / 2 (-XRPUSDT)
2023-11-26 23:33:10,646
-XRPUSDT: bp3.0|
2023-11-26 23:33:11,528
update 12: filled 2 / 2 (-XRPUSDT,-ETHUSDT) | working 0 / 2 ()
