2024-03-16 22:31:03,271
ON program started 20240316 22:31:03,
US time: 20240316 18:31:03
2024-03-16 22:31:03,768
the strat is currently running @ 16-03-2024 and the target positions is SHORT
2024-03-16 22:31:05,157
CURRENT STATUS IS SHORT, WE CHECK IF THE DAY IS A NEGATIVE ONE
-----
return before 14h30:
BTCUSDT-2.58%, ETHUSDT-2.56%, XRPUSDT-2.92%
-----
target alloc initial:BTCUSDT-4.17%, ETHUSDT+0.00%, XRPUSDT-4.17%
-----
alloc target x rt%<0:BTCUSDT-4.17%, ETHUSDT+0.00%, XRPUSDT-4.17%
-----
           BTCUSDT ETHUSDT XRPUSDT
w_target     -4.2%    0.0%   -4.2%
rt_14h30    -0.03%  -0.03%  -0.03%
w_target_f   -4.2%    0.0%   -4.2%
2024-03-16 22:31:05,158
Portfolio was rebalanced less than 2 hours ago, 1.0 hours ago
2024-03-16 22:31:05,160
Status: prev = SHORT <> LONG = target
2024-03-16 22:31:05,160
the strat is currently running @ 16-03-2024 and the target positions is SHORT
the strat was previously run @ 2024-03-16 21:31:11, success:yes 
   and the current positions is LONG
2024-03-16 22:31:06,355
positions_future #2
2024-03-16 22:31:06,355
      symbol  positionAmt entryPrice  ... adlQuantile AUMs_account        w%
124  XRPUSDT       79.100      0.607  ...           3        286.2  0.168345
155  ETHUSDT        0.013    3607.49  ...           1        286.2  0.162040

[2 rows x 12 columns]
2024-03-16 22:31:06,598
------------------------------
binance_account_balance
2024-03-16 22:31:06,598
  asset     balance  ...  marginAvailable   updateTime
6  USDT  286.585059  ...             True  16Mar-18:31

[1 rows x 8 columns]
2024-03-16 22:31:07,267
------------------------------
open_orders
2024-03-16 22:31:07,267
Empty DataFrame
Columns: []
Index: []
2024-03-16 22:31:07,923
------------------------------
AUMS account:286

2024-03-16 22:31:07,924
--------------- compute_futures_order_book() ----------------
2024-03-16 22:31:09,480
----------------------------------------------------------------------
#2 order(s) to place
gross$: 106$ | net$: -106$
gross%: 37% | net%: -37%
 || w>0%  +0% | w<0%  -37%
----------------------------------------------------------------------
PTF Expo% 32.8% >> -8.3% (current>>target)
PTF expo $94.0 >> $-23 (current>>target)
----------------------------------------------------------------------
2024-03-16 22:31:09,481
orders_ofthe_day
2024-03-16 22:31:09,482
                  ptf_usd  target_usd  totrd_usd  ...        bid        ask strategy
2024-03-16 22:31                                  ...                               
XRPUSDT              48.0      -11.94      -60.0  ...     0.6087     0.6088  STRATON
ETHUSDT              46.0        0.00      -46.0  ...  3567.5100  3567.5200  STRATON

[2 rows x 10 columns]
2024-03-16 22:31:10,712
binance_place_orders_peg 20240316_223110
2024-03-16 22:31:11,152
{'orderId': 52621071870, 'symbol': 'XRPUSDT', 'status': 'NEW', 'clientOrderId': 'STRATON', 'price': '0.6094', 'avgPrice': '0.00', 'origQty': '98.6', 'executedQty': '0.0', 'cumQty': '0.0', 'cumQuote': '0.00000', 'timeInForce': 'GTC', 'type': 'LIMIT', 'reduceOnly': False, 'closePosition': False, 'side': 'SELL', 'positionSide': 'BOTH', 'stopPrice': '0.0000', 'workingType': 'CONTRACT_PRICE', 'priceProtect': False, 'origType': 'LIMIT', 'priceMatch': 'NONE', 'selfTradePreventionMode': 'NONE', 'goodTillDate': 0, 'updateTime': 1710628271042}
2024-03-16 22:31:11,591
{'orderId': 8389765662712844496, 'symbol': 'ETHUSDT', 'status': 'NEW', 'clientOrderId': 'STRATON', 'price': '3569.78', 'avgPrice': '0.00', 'origQty': '0.013', 'executedQty': '0.000', 'cumQty': '0.000', 'cumQuote': '0.00000', 'timeInForce': 'GTC', 'type': 'LIMIT', 'reduceOnly': False, 'closePosition': False, 'side': 'SELL', 'positionSide': 'BOTH', 'stopPrice': '0.00', 'workingType': 'CONTRACT_PRICE', 'priceProtect': False, 'origType': 'LIMIT', 'priceMatch': 'NONE', 'selfTradePreventionMode': 'NONE', 'goodTillDate': 0, 'updateTime': 1710628271481}
2024-03-16 22:31:13,158
update 0: filled 0 / 2 () | working 2 / 2 (-XRPUSDT,-ETHUSDT)
2024-03-16 22:31:17,159
-XRPUSDT: bp8.0|-ETHUSDT: bp6.0|
2024-03-16 22:31:18,037
update 1: filled 0 / 2 () | working 2 / 2 (-XRPUSDT,-ETHUSDT)
2024-03-16 22:31:22,038
-XRPUSDT: bp5.0|-ETHUSDT: bp4.0|
2024-03-16 22:31:22,918
update 2: filled 0 / 2 () | working 2 / 2 (-XRPUSDT,-ETHUSDT)
2024-03-16 22:31:26,919
-XRPUSDT: bp10.0|-ETHUSDT: bp7.0|
2024-03-16 22:31:27,797
update 3: filled 0 / 2 () | working 2 / 2 (-XRPUSDT,-ETHUSDT)
2024-03-16 22:31:31,798
-XRPUSDT: bp5.0|-ETHUSDT: bp7.0|
2024-03-16 22:31:32,675
update 4: filled 0 / 2 () | working 2 / 2 (-XRPUSDT,-ETHUSDT)
2024-03-16 22:31:36,676
-XRPUSDT: bp8.0|-ETHUSDT: bp1.0|
2024-03-16 22:31:37,583
update 5: filled 1 / 2 (-ETHUSDT) | working 1 / 2 (-XRPUSDT)
2024-03-16 22:31:41,583
-XRPUSDT: bp10.0|
2024-03-16 22:31:42,466
update 6: filled 1 / 2 (-ETHUSDT) | working 1 / 2 (-XRPUSDT)
2024-03-16 22:31:46,467
-XRPUSDT: bp7.0|
2024-03-16 22:31:47,347
update 7: filled 1 / 2 (-ETHUSDT) | working 1 / 2 (-XRPUSDT)
2024-03-16 22:31:51,348
-XRPUSDT: bp5.0|
2024-03-16 22:31:52,226
update 8: filled 1 / 2 (-ETHUSDT) | working 1 / 2 (-XRPUSDT)
2024-03-16 22:31:56,227
-XRPUSDT: bp3.0|
2024-03-16 22:31:57,104
update 9: filled 1 / 2 (-ETHUSDT) | working 1 / 2 (-XRPUSDT)
2024-03-16 22:32:01,105
-XRPUSDT: bp3.0|
2024-03-16 22:32:01,986
update 10: filled 1 / 2 (-ETHUSDT) | working 1 / 2 (-XRPUSDT)
2024-03-16 22:32:05,987
-XRPUSDT: bp10.0|
2024-03-16 22:32:06,864
update 11: filled 1 / 2 (-ETHUSDT) | working 1 / 2 (-XRPUSDT)
2024-03-16 22:32:10,865
-XRPUSDT: bp7.0|
2024-03-16 22:32:11,744
update 12: filled 1 / 2 (-ETHUSDT) | working 1 / 2 (-XRPUSDT)
2024-03-16 22:32:15,745
-XRPUSDT: bp10.0|
2024-03-16 22:32:16,623
update 13: filled 1 / 2 (-ETHUSDT) | working 1 / 2 (-XRPUSDT)
2024-03-16 22:32:20,624
-XRPUSDT: bp10.0|
2024-03-16 22:32:21,506
update 14: filled 1 / 2 (-ETHUSDT) | working 1 / 2 (-XRPUSDT)
2024-03-16 22:32:25,507
-XRPUSDT: bp7.0|
2024-03-16 22:32:25,507
Adjustment limit #1 ... 
 we cancel current orders and replace
2024-03-16 22:32:25,507
@+/-2.5bp limit 
2024-03-16 22:32:25,507
binance_cancel_and_replace_orders_peg 20240316_223225
