2024-06-17 18:31:04,206
ON program started 20240617 18:31:04,
US time: 20240617 14:31:04
2024-06-17 18:31:04,789
the strat is currently running @ 17-06-2024 and the target positions is LONG
2024-06-17 18:31:06,222
CURRENT STATUS IS LONG
-----
return before 14h30:
BTCUSDT-2.21%, ETHUSDT-3.57%, XRPUSDT+2.66%
-----
target alloc initial:BTCUSDT+16.67%, ETHUSDT+16.67%, XRPUSDT+16.67%
-----
alloc target x rt%<0:BTCUSDT+16.67%, ETHUSDT+16.67%, XRPUSDT+16.67%
-----
           BTCUSDT ETHUSDT XRPUSDT
w_target     16.7%   16.7%   16.7%
rt_14h30    -0.02%  -0.04%   0.03%
w_target_f   16.7%   16.7%   16.7%
2024-06-17 18:31:06,223
Portfolio was rebalanced less than 2 hours ago, 15.0 hours ago
2024-06-17 18:31:06,224
Status: prev = LONG <> NEUTRAL = target
2024-06-17 18:31:06,225
the strat is currently running @ 17-06-2024 and the target positions is LONG
the strat was previously run @ 2024-06-17 03:30:53, success:yes 
   and the current positions is NEUTRAL
2024-06-17 18:31:07,419
positions_future #0
2024-06-17 18:31:07,419
Empty DataFrame
Columns: [symbol, positionAmt, entryPrice, breakEvenPrice, markPrice, unRealizedProfit, value_usd, updateTime, isolated, adlQuantile, AUMs_account, w%]
Index: []
2024-06-17 18:31:07,640
------------------------------
binance_account_balance
2024-06-17 18:31:07,640
  asset     balance  ...  marginAvailable   updateTime
6  USDT  292.340638  ...             True  16Jun-22:32

[1 rows x 8 columns]
2024-06-17 18:31:07,871
------------------------------
open_orders
2024-06-17 18:31:07,871
Empty DataFrame
Columns: []
Index: []
2024-06-17 18:31:08,524
------------------------------
AUMS account:292

2024-06-17 18:31:08,525
--------------- compute_futures_order_book() ----------------
2024-06-17 18:31:10,075
----------------------------------------------------------------------
#2 order(s) to place
gross$: 99$ | net$: +99$
gross%: 34% | net%: +34%
 || w>0%  +34% | w<0%  0%
----------------------------------------------------------------------
PTF Expo% 0.0% >> 50.0% (current>>target)
PTF expo $0.0 >> $146 (current>>target)
----------------------------------------------------------------------
2024-06-17 18:31:10,077
orders_ofthe_day
2024-06-17 18:31:10,077
                  ptf_usd  target_usd  totrd_usd  ...        bid        ask strategy
2024-06-17 18:31                                  ...                               
ETHUSDT               0.0       48.73       50.0  ...  3563.2100  3563.2200  STRATON
XRPUSDT               0.0       48.73       49.0  ...     0.5132     0.5133  STRATON

[2 rows x 10 columns]
2024-06-17 18:31:11,654
binance_place_orders_peg 20240617_183111
2024-06-17 18:31:12,092
{'orderId': 8389765692082398502, 'symbol': 'ETHUSDT', 'status': 'NEW', 'clientOrderId': 'STRATON', 'price': '3561.22', 'avgPrice': '0.00', 'origQty': '0.014', 'executedQty': '0.000', 'cumQty': '0.000', 'cumQuote': '0.00000', 'timeInForce': 'GTC', 'type': 'LIMIT', 'reduceOnly': False, 'closePosition': False, 'side': 'BUY', 'positionSide': 'BOTH', 'stopPrice': '0.00', 'workingType': 'CONTRACT_PRICE', 'priceProtect': False, 'origType': 'LIMIT', 'priceMatch': 'NONE', 'selfTradePreventionMode': 'NONE', 'goodTillDate': 0, 'updateTime': 1718649071982}
2024-06-17 18:31:12,530
{'orderId': 58629305450, 'symbol': 'XRPUSDT', 'status': 'NEW', 'clientOrderId': 'STRATON', 'price': '0.5129', 'avgPrice': '0.00', 'origQty': '95.5', 'executedQty': '0.0', 'cumQty': '0.0', 'cumQuote': '0.00000', 'timeInForce': 'GTC', 'type': 'LIMIT', 'reduceOnly': False, 'closePosition': False, 'side': 'BUY', 'positionSide': 'BOTH', 'stopPrice': '0.0000', 'workingType': 'CONTRACT_PRICE', 'priceProtect': False, 'origType': 'LIMIT', 'priceMatch': 'NONE', 'selfTradePreventionMode': 'NONE', 'goodTillDate': 0, 'updateTime': 1718649072418}
2024-06-17 18:31:14,108
update 0: filled 0 / 2 () | working 2 / 2 (+ETHUSDT,+XRPUSDT)
2024-06-17 18:31:18,108
+ETHUSDT: bp7.0|+XRPUSDT: bp10.0|
2024-06-17 18:31:18,984
update 1: filled 0 / 2 () | working 2 / 2 (+ETHUSDT,+XRPUSDT)
2024-06-17 18:31:22,985
+ETHUSDT: bp3.0|+XRPUSDT: bp8.0|
2024-06-17 18:31:23,860
update 2: filled 0 / 2 () | working 2 / 2 (+ETHUSDT,+XRPUSDT)
2024-06-17 18:31:27,861
+ETHUSDT: bp3.0|+XRPUSDT: bp6.0|
2024-06-17 18:31:28,736
update 3: filled 0 / 2 () | working 2 / 2 (+ETHUSDT,+XRPUSDT)
2024-06-17 18:31:32,737
+ETHUSDT: bp4.0|+XRPUSDT: bp14.0|
2024-06-17 18:31:33,615
update 4: filled 0 / 2 () | working 2 / 2 (+ETHUSDT,+XRPUSDT)
2024-06-17 18:31:37,616
+ETHUSDT: bp5.0|+XRPUSDT: bp12.0|
2024-06-17 18:31:38,491
update 5: filled 0 / 2 () | working 2 / 2 (+ETHUSDT,+XRPUSDT)
2024-06-17 18:31:42,492
+ETHUSDT: bp6.0|+XRPUSDT: bp10.0|
2024-06-17 18:31:43,367
update 6: filled 0 / 2 () | working 2 / 2 (+ETHUSDT,+XRPUSDT)
2024-06-17 18:31:47,368
+ETHUSDT: bp8.0|+XRPUSDT: bp10.0|
2024-06-17 18:31:48,242
update 7: filled 0 / 2 () | working 2 / 2 (+ETHUSDT,+XRPUSDT)
2024-06-17 18:31:52,243
+ETHUSDT: bp9.0|+XRPUSDT: bp12.0|
2024-06-17 18:31:53,121
update 8: filled 0 / 2 () | working 2 / 2 (+ETHUSDT,+XRPUSDT)
2024-06-17 18:31:57,122
+ETHUSDT: bp9.0|+XRPUSDT: bp12.0|
2024-06-17 18:31:57,996
update 9: filled 0 / 2 () | working 2 / 2 (+ETHUSDT,+XRPUSDT)
2024-06-17 18:32:01,997
+ETHUSDT: bp10.0|+XRPUSDT: bp12.0|
2024-06-17 18:32:02,871
update 10: filled 0 / 2 () | working 2 / 2 (+ETHUSDT,+XRPUSDT)
2024-06-17 18:32:06,872
+ETHUSDT: bp8.0|+XRPUSDT: bp12.0|
2024-06-17 18:32:07,751
update 11: filled 0 / 2 () | working 2 / 2 (+ETHUSDT,+XRPUSDT)
2024-06-17 18:32:11,752
+ETHUSDT: bp7.0|+XRPUSDT: bp12.0|
2024-06-17 18:32:12,628
update 12: filled 0 / 2 () | working 2 / 2 (+ETHUSDT,+XRPUSDT)
2024-06-17 18:32:16,629
+ETHUSDT: bp8.0|+XRPUSDT: bp16.0|
2024-06-17 18:32:17,504
update 13: filled 0 / 2 () | working 2 / 2 (+ETHUSDT,+XRPUSDT)
2024-06-17 18:32:21,505
+ETHUSDT: bp11.0|+XRPUSDT: bp18.0|
2024-06-17 18:32:22,386
update 14: filled 0 / 2 () | working 2 / 2 (+ETHUSDT,+XRPUSDT)
2024-06-17 18:32:26,386
+ETHUSDT: bp10.0|+XRPUSDT: bp19.0|
2024-06-17 18:32:26,386
Adjustment limit #1 ... 
 we cancel current orders and replace
2024-06-17 18:32:26,387
@+/-2.5bp limit 
2024-06-17 18:32:26,387
binance_cancel_and_replace_orders_peg 20240617_183226
2024-06-17 18:32:28,593
binance_place_orders_peg 20240617_183228
2024-06-17 18:32:29,035
{'orderId': 8389765692082858636, 'symbol': 'ETHUSDT', 'status': 'NEW', 'clientOrderId': 'STRATON', 'price': '3564.61', 'avgPrice': '0.00', 'origQty': '0.014', 'executedQty': '0.000', 'cumQty': '0.000', 'cumQuote': '0.00000', 'timeInForce': 'GTC', 'type': 'LIMIT', 'reduceOnly': False, 'closePosition': False, 'side': 'BUY', 'positionSide': 'BOTH', 'stopPrice': '0.00', 'workingType': 'CONTRACT_PRICE', 'priceProtect': False, 'origType': 'LIMIT', 'priceMatch': 'NONE', 'selfTradePreventionMode': 'NONE', 'goodTillDate': 0, 'updateTime': 1718649148918}
2024-06-17 18:32:29,473
{'orderId': 58629396198, 'symbol': 'XRPUSDT', 'status': 'NEW', 'clientOrderId': 'STRATON', 'price': '0.5138', 'avgPrice': '0.00', 'origQty': '95.5', 'executedQty': '0.0', 'cumQty': '0.0', 'cumQuote': '0.00000', 'timeInForce': 'GTC', 'type': 'LIMIT', 'reduceOnly': False, 'closePosition': False, 'side': 'BUY', 'positionSide': 'BOTH', 'stopPrice': '0.0000', 'workingType': 'CONTRACT_PRICE', 'priceProtect': False, 'origType': 'LIMIT', 'priceMatch': 'NONE', 'selfTradePreventionMode': 'NONE', 'goodTillDate': 0, 'updateTime': 1718649149360}
2024-06-17 18:32:30,361
update 0: filled 0 / 2 () | working 2 / 2 (+ETHUSDT,+XRPUSDT)
2024-06-17 18:32:34,361
+ETHUSDT: bp1.0|+XRPUSDT: bp2.0|
2024-06-17 18:32:35,237
update 1: filled 0 / 2 () | working 2 / 2 (+ETHUSDT,+XRPUSDT)
2024-06-17 18:32:39,238
+ETHUSDT: bp3.0|+XRPUSDT: bp4.0|
2024-06-17 18:32:40,115
update 2: filled 0 / 2 () | working 2 / 2 (+ETHUSDT,+XRPUSDT)
2024-06-17 18:32:44,116
+ETHUSDT: bp1.0|+XRPUSDT: bp4.0|
2024-06-17 18:32:44,992
update 3: filled 1 / 2 (+ETHUSDT) | working 1 / 2 (+XRPUSDT)
2024-06-17 18:32:48,993
+XRPUSDT: bp14.0|
2024-06-17 18:32:49,870
update 4: filled 1 / 2 (+ETHUSDT) | working 1 / 2 (+XRPUSDT)
2024-06-17 18:32:53,871
+XRPUSDT: bp10.0|
2024-06-17 18:32:54,745
update 5: filled 1 / 2 (+ETHUSDT) | working 1 / 2 (+XRPUSDT)
2024-06-17 18:32:58,746
+XRPUSDT: bp10.0|
2024-06-17 18:32:59,622
update 6: filled 1 / 2 (+ETHUSDT) | working 1 / 2 (+XRPUSDT)
2024-06-17 18:33:03,623
+XRPUSDT: bp10.0|
2024-06-17 18:33:04,497
update 7: filled 1 / 2 (+ETHUSDT) | working 1 / 2 (+XRPUSDT)
2024-06-17 18:33:08,498
+XRPUSDT: bp8.0|
2024-06-17 18:33:09,374
update 8: filled 1 / 2 (+ETHUSDT) | working 1 / 2 (+XRPUSDT)
2024-06-17 18:33:13,375
+XRPUSDT: bp10.0|
2024-06-17 18:33:14,250
update 9: filled 1 / 2 (+ETHUSDT) | working 1 / 2 (+XRPUSDT)
2024-06-17 18:33:18,250
+XRPUSDT: bp8.0|
2024-06-17 18:33:19,125
update 10: filled 1 / 2 (+ETHUSDT) | working 1 / 2 (+XRPUSDT)
2024-06-17 18:33:23,126
+XRPUSDT: bp10.0|
2024-06-17 18:33:24,000
update 11: filled 1 / 2 (+ETHUSDT) | working 1 / 2 (+XRPUSDT)
2024-06-17 18:33:28,001
+XRPUSDT: bp8.0|
2024-06-17 18:33:28,876
update 12: filled 1 / 2 (+ETHUSDT) | working 1 / 2 (+XRPUSDT)
2024-06-17 18:33:32,877
+XRPUSDT: bp10.0|
2024-06-17 18:33:33,753
update 13: filled 1 / 2 (+ETHUSDT) | working 1 / 2 (+XRPUSDT)
2024-06-17 18:33:37,753
+XRPUSDT: bp10.0|
2024-06-17 18:33:38,628
update 14: filled 1 / 2 (+ETHUSDT) | working 1 / 2 (+XRPUSDT)
2024-06-17 18:33:42,629
+XRPUSDT: bp8.0|
2024-06-17 18:33:42,629
Adjustment limit #2 ... 
 we cancel current orders and replace
2024-06-17 18:33:42,629
@+/-1.25bp limit 
2024-06-17 18:33:42,630
binance_cancel_and_replace_orders_peg 20240617_183342
2024-06-17 18:33:44,172
binance_place_orders_peg 20240617_183344
2024-06-17 18:33:44,609
{'orderId': 58629480062, 'symbol': 'XRPUSDT', 'status': 'NEW', 'clientOrderId': 'STRATON', 'price': '0.5141', 'avgPrice': '0.00', 'origQty': '95.5', 'executedQty': '0.0', 'cumQty': '0.0', 'cumQuote': '0.00000', 'timeInForce': 'GTC', 'type': 'LIMIT', 'reduceOnly': False, 'closePosition': False, 'side': 'BUY', 'positionSide': 'BOTH', 'stopPrice': '0.0000', 'workingType': 'CONTRACT_PRICE', 'priceProtect': False, 'origType': 'LIMIT', 'priceMatch': 'NONE', 'selfTradePreventionMode': 'NONE', 'goodTillDate': 0, 'updateTime': 1718649224497}
2024-06-17 18:33:45,493
update 0: filled 1 / 2 (+ETHUSDT) | working 1 / 2 (+XRPUSDT)
2024-06-17 18:33:49,494
+XRPUSDT: bp2.0|
2024-06-17 18:33:50,377
update 1: filled 1 / 2 (+ETHUSDT) | working 1 / 2 (+XRPUSDT)
2024-06-17 18:33:54,378
+XRPUSDT: bp4.0|
2024-06-17 18:33:55,254
update 2: filled 1 / 2 (+ETHUSDT) | working 1 / 2 (+XRPUSDT)
2024-06-17 18:33:59,254
+XRPUSDT: bp4.0|
2024-06-17 18:34:00,129
update 3: filled 1 / 2 (+ETHUSDT) | working 1 / 2 (+XRPUSDT)
2024-06-17 18:34:04,129
+XRPUSDT: bp4.0|
2024-06-17 18:34:05,003
update 4: filled 1 / 2 (+ETHUSDT) | working 1 / 2 (+XRPUSDT)
2024-06-17 18:34:09,004
+XRPUSDT: bp6.0|
2024-06-17 18:34:09,879
update 5: filled 1 / 2 (+ETHUSDT) | working 1 / 2 (+XRPUSDT)
2024-06-17 18:34:13,880
+XRPUSDT: bp6.0|
2024-06-17 18:34:14,754
update 6: filled 1 / 2 (+ETHUSDT) | working 1 / 2 (+XRPUSDT)
2024-06-17 18:34:18,755
+XRPUSDT: bp6.0|
2024-06-17 18:34:19,630
update 7: filled 1 / 2 (+ETHUSDT) | working 1 / 2 (+XRPUSDT)
2024-06-17 18:34:23,631
+XRPUSDT: bp8.0|
2024-06-17 18:34:24,505
update 8: filled 1 / 2 (+ETHUSDT) | working 1 / 2 (+XRPUSDT)
2024-06-17 18:34:28,506
+XRPUSDT: bp10.0|
2024-06-17 18:34:29,384
update 9: filled 1 / 2 (+ETHUSDT) | working 1 / 2 (+XRPUSDT)
2024-06-17 18:34:33,385
+XRPUSDT: bp12.0|
2024-06-17 18:34:34,259
update 10: filled 1 / 2 (+ETHUSDT) | working 1 / 2 (+XRPUSDT)
2024-06-17 18:34:38,260
+XRPUSDT: bp8.0|
2024-06-17 18:34:39,135
update 11: filled 1 / 2 (+ETHUSDT) | working 1 / 2 (+XRPUSDT)
2024-06-17 18:34:43,136
+XRPUSDT: bp10.0|
2024-06-17 18:34:44,012
update 12: filled 1 / 2 (+ETHUSDT) | working 1 / 2 (+XRPUSDT)
2024-06-17 18:34:48,012
+XRPUSDT: bp8.0|
2024-06-17 18:34:48,891
update 13: filled 1 / 2 (+ETHUSDT) | working 1 / 2 (+XRPUSDT)
2024-06-17 18:34:52,892
+XRPUSDT: bp12.0|
2024-06-17 18:34:53,767
update 14: filled 1 / 2 (+ETHUSDT) | working 1 / 2 (+XRPUSDT)
2024-06-17 18:34:57,768
+XRPUSDT: bp10.0|
2024-06-17 18:34:57,768
Adjustment limit #3 ... 
 we cancel current orders and replace
2024-06-17 18:34:57,768
@+/-0.625bp limit 
2024-06-17 18:34:57,768
binance_cancel_and_replace_orders_peg 20240617_183457
2024-06-17 18:34:59,308
binance_place_orders_peg 20240617_183459
2024-06-17 18:34:59,746
{'orderId': 58629567255, 'symbol': 'XRPUSDT', 'status': 'NEW', 'clientOrderId': 'STRATON', 'price': '0.5147', 'avgPrice': '0.00', 'origQty': '95.5', 'executedQty': '0.0', 'cumQty': '0.0', 'cumQuote': '0.00000', 'timeInForce': 'GTC', 'type': 'LIMIT', 'reduceOnly': False, 'closePosition': False, 'side': 'BUY', 'positionSide': 'BOTH', 'stopPrice': '0.0000', 'workingType': 'CONTRACT_PRICE', 'priceProtect': False, 'origType': 'LIMIT', 'priceMatch': 'NONE', 'selfTradePreventionMode': 'NONE', 'goodTillDate': 0, 'updateTime': 1718649299634}
2024-06-17 18:35:00,643
update 0: filled 1 / 2 (+ETHUSDT) | working 1 / 2 (+XRPUSDT)
2024-06-17 18:35:04,644
+XRPUSDT: bp-0.0|
2024-06-17 18:35:05,520
update 1: filled 1 / 2 (+ETHUSDT) | working 1 / 2 (+XRPUSDT)
2024-06-17 18:35:09,521
+XRPUSDT: bp2.0|
2024-06-17 18:35:10,398
update 2: filled 1 / 2 (+ETHUSDT) | working 1 / 2 (+XRPUSDT)
2024-06-17 18:35:14,399
+XRPUSDT: bp2.0|
2024-06-17 18:35:15,275
update 3: filled 1 / 2 (+ETHUSDT) | working 1 / 2 (+XRPUSDT)
2024-06-17 18:35:19,276
+XRPUSDT: bp-0.0|
2024-06-17 18:35:20,152
update 4: filled 1 / 2 (+ETHUSDT) | working 1 / 2 (+XRPUSDT)
2024-06-17 18:35:24,153
+XRPUSDT: bp4.0|
2024-06-17 18:35:25,028
update 5: filled 1 / 2 (+ETHUSDT) | working 1 / 2 (+XRPUSDT)
2024-06-17 18:35:29,029
+XRPUSDT: bp6.0|
2024-06-17 18:35:29,903
update 6: filled 1 / 2 (+ETHUSDT) | working 1 / 2 (+XRPUSDT)
2024-06-17 18:35:33,904
+XRPUSDT: bp6.0|
2024-06-17 18:35:34,784
update 7: filled 1 / 2 (+ETHUSDT) | working 1 / 2 (+XRPUSDT)
2024-06-17 18:35:38,785
+XRPUSDT: bp4.0|
2024-06-17 18:35:39,659
update 8: filled 1 / 2 (+ETHUSDT) | working 1 / 2 (+XRPUSDT)
2024-06-17 18:35:43,660
+XRPUSDT: bp6.0|
2024-06-17 18:35:44,533
update 9: filled 2 / 2 (+ETHUSDT,+XRPUSDT) | working 0 / 2 ()
2024-06-17 18:35:50,970
Trades of the day
in$
as of: 17Jun 18:32>>18:35 (#trades: 2)
trade net: +99.0 (+33.9%), trade gross: +99.0 (+33.9%), BUY: +99.0 (+33.9%), SELL: +0.0 (+0.0%)
fees: $ 0.02 (2.0bp)
2024-06-17 18:35:51,428
Trades: 
Filled #2
______________________________________________
                   in$ | in bp 99 traded | in bp 292 AUMs
realizedPnl    +0      | +0      | +0     
PnLvsArrival   -0.16   | -16     | -5     
PnLvsLast      +0.03   | +3      | +1     
______________________________________________
                 | Value$ | PnL Arrival/Last 
______________________________________________
XRP:+95.5@0.5147 | +49$ | -0.14/-0.03
ETH:+0.014@3564.61 | +50$ | -0.02/0.06
