2024-06-14 01:31:10,972
ON program started 20240614 01:31:10,
US time: 20240613 21:31:10
2024-06-14 01:31:11,848
the strat is currently running @ 14-06-2024 and the target positions is SHORT
2024-06-14 01:31:13,184
CURRENT STATUS IS SHORT, WE CHECK IF THE DAY IS A NEGATIVE ONE
-----
return before 14h30:
BTCUSDT-0.21%, ETHUSDT+0.02%, XRPUSDT-0.04%
-----
target alloc initial:BTCUSDT-4.17%, ETHUSDT+0.00%, XRPUSDT-4.17%
-----
alloc target x rt%<0:BTCUSDT-4.17%, ETHUSDT+0.00%, XRPUSDT-4.17%
-----
           BTCUSDT ETHUSDT XRPUSDT
w_target     -4.2%    0.0%   -4.2%
rt_14h30    -0.00%   0.00%  -0.00%
w_target_f   -4.2%    0.0%   -4.2%
2024-06-14 01:31:13,187
Portfolio was rebalanced less than 2 hours ago, 1.0 hours ago
2024-06-14 01:31:13,189
Status: prev = SHORT <> SHORT = target
2024-06-14 01:31:13,190
the strat is currently running @ 14-06-2024 and the target positions is SHORT
the strat was previously run @ 2024-06-14 00:30:54, success:yes 
   and the current positions is SHORT
2024-06-14 01:31:14,348
positions_future #1
2024-06-14 01:31:14,349
      symbol  positionAmt entryPrice  ... adlQuantile AUMs_account        w%
129  XRPUSDT        -26.0     0.4794  ...           1        289.4 -0.042813

[1 rows x 12 columns]
2024-06-14 01:31:14,439
programm stoppeddd!!! 20240614_013114
