2024-04-01 23:30:52,371
ON program started 20240401 23:30:52,
US time: 20240401 19:30:52
2024-04-01 23:30:53,309
the strat is currently running @ 01-04-2024 and the target positions is SHORT
2024-04-01 23:30:54,701
CURRENT STATUS IS SHORT, WE CHECK IF THE DAY IS A NEGATIVE ONE
-----
return before 14h30:
BTCUSDT-1.96%, ETHUSDT-2.47%, XRPUSDT-2.53%
-----
target alloc initial:BTCUSDT-4.17%, ETHUSDT+0.00%, XRPUSDT-4.17%
-----
alloc target x rt%<0:BTCUSDT-4.17%, ETHUSDT+0.00%, XRPUSDT-4.17%
-----
           BTCUSDT ETHUSDT XRPUSDT
w_target     -4.2%    0.0%   -4.2%
rt_14h30    -0.02%  -0.02%  -0.03%
w_target_f   -4.2%    0.0%   -4.2%
2024-04-01 23:30:54,702
Portfolio was rebalanced less than 2 hours ago, 1.0 hours ago
2024-04-01 23:30:54,703
Status: prev = SHORT <> SHORT = target
2024-04-01 23:30:54,704
the strat is currently running @ 01-04-2024 and the target positions is SHORT
the strat was previously run @ 2024-04-01 22:30:47, success:? 
   and the current positions is SHORT
2024-04-01 23:30:55,906
positions_future #1
2024-04-01 23:30:55,906
      symbol  positionAmt entryPrice  ... adlQuantile AUMs_account        w%
123  XRPUSDT        -19.0     0.6127  ...           1        289.5 -0.040259

[1 rows x 12 columns]
2024-04-01 23:30:56,149
------------------------------
binance_account_balance
2024-04-01 23:30:56,149
  asset     balance  ...  marginAvailable   updateTime
6  USDT  289.506882  ...             True  01Apr-22:33

[1 rows x 8 columns]
2024-04-01 23:30:56,599
------------------------------
open_orders
2024-04-01 23:30:56,599
Empty DataFrame
Columns: []
Index: []
2024-04-01 23:30:57,257
------------------------------
AUMS account:289

2024-04-01 23:30:57,286
--------------- compute_futures_order_book() ----------------
2024-04-01 23:30:58,849
----------------------------------------------------------------------
#0 order(s) to place
gross$: 0$ | net$: +0$
gross%: 0% | net%: +0%
 || w>0%  +0% | w<0%  0%
----------------------------------------------------------------------
PTF Expo% -4.1% >> -8.3% (current>>target)
PTF expo $-12.0 >> $-24 (current>>target)
----------------------------------------------------------------------
2024-04-01 23:30:58,850
orders_ofthe_day
2024-04-01 23:30:58,850
Empty DataFrame
Columns: [ptf_usd, target_usd, totrd_usd, posttrd_usd, qty, posttrd_qty, posttrd_w, bid, ask, strategy]
Index: []
2024-04-01 23:30:58,910
Orders of the day is empty, current and target potfolios are aligned
2024-04-01 23:30:58,910
Program stopped
