2024-03-07 21:30:47,773
ON program started 20240307 21:30:47,
US time: 20240307 16:30:47
2024-03-07 21:30:48,803
the strat is currently running @ 07-03-2024 and the target positions is LONG
2024-03-07 21:30:50,221
CURRENT STATUS IS LONG
-----
return before 14h30:
BTCUSDT+1.26%, ETHUSDT-0.33%, XRPUSDT+1.54%
-----
target alloc initial:BTCUSDT+16.67%, ETHUSDT+16.67%, XRPUSDT+16.67%
-----
alloc target x rt%<0:BTCUSDT+16.67%, ETHUSDT+16.67%, XRPUSDT+16.67%
-----
           BTCUSDT ETHUSDT XRPUSDT
w_target     16.7%   16.7%   16.7%
rt_14h30     0.01%  -0.00%   0.02%
w_target_f   16.7%   16.7%   16.7%
2024-03-07 21:30:50,223
Portfolio was rebalanced less than 2 hours ago, 1.0 hours ago
2024-03-07 21:30:50,225
Status: prev = LONG <> LONG = target
2024-03-07 21:30:50,225
the strat is currently running @ 07-03-2024 and the target positions is LONG
the strat was previously run @ 2024-03-07 20:30:39, success:yes 
   and the current positions is LONG
2024-03-07 21:30:51,422
positions_future #2
2024-03-07 21:30:51,423
      symbol  positionAmt entryPrice  ... adlQuantile AUMs_account        w%
154  ETHUSDT        0.013    3862.79  ...           1        290.8  0.173504
123  XRPUSDT       75.900     0.6321  ...           1        290.8  0.165549

[2 rows x 12 columns]
2024-03-07 21:30:51,520
programm stoppeddd!!! 20240307_213051
