2024-04-18 20:30:50,996
ON program started 20240418 20:30:50,
US time: 20240418 16:30:50
2024-04-18 20:30:51,989
the strat is currently running @ 18-04-2024 and the target positions is LONG
2024-04-18 20:30:53,402
CURRENT STATUS IS LONG
-----
return before 14h30:
BTCUSDT+2.50%, ETHUSDT+2.14%, XRPUSDT+0.16%
-----
target alloc initial:BTCUSDT+16.67%, ETHUSDT+16.67%, XRPUSDT+16.67%
-----
alloc target x rt%<0:BTCUSDT+16.67%, ETHUSDT+16.67%, XRPUSDT+16.67%
-----
           BTCUSDT ETHUSDT XRPUSDT
w_target     16.7%   16.7%   16.7%
rt_14h30     0.03%   0.02%   0.00%
w_target_f   16.7%   16.7%   16.7%
2024-04-18 20:30:53,403
Portfolio was rebalanced less than 2 hours ago, 1.0 hours ago
2024-04-18 20:30:53,405
Status: prev = LONG <> LONG = target
2024-04-18 20:30:53,405
the strat is currently running @ 18-04-2024 and the target positions is LONG
the strat was previously run @ 2024-04-18 19:31:02, success:yes 
   and the current positions is LONG
2024-04-18 20:30:54,620
positions_future #2
2024-04-18 20:30:54,621
      symbol  positionAmt entryPrice  ... adlQuantile AUMs_account        w%
130  XRPUSDT       94.400     0.4976  ...           2        280.4  0.168774
163  ETHUSDT        0.015    3037.52  ...           2        280.4  0.164027

[2 rows x 12 columns]
2024-04-18 20:30:54,711
programm stoppeddd!!! 20240418_203054
