2024-08-10 03:30:36,552
ON program started 20240810 03:30:36,
US time: 20240809 23:30:36
2024-08-10 03:30:37,031
the strat is currently running @ 10-08-2024 and the target positions is NEUTRAL
2024-08-10 03:30:39,526
CURRENT STATUS IS NEUTRAL
-----
return before 14h30:
BTCUSDT-0.79%, ETHUSDT-0.13%, XRPUSDT+1.83%
-----
target alloc initial:BTCUSDT+0.00%, ETHUSDT+0.00%, XRPUSDT+0.00%
-----
alloc target x rt%<0:BTCUSDT+0.00%, ETHUSDT+0.00%, XRPUSDT+0.00%
-----
           BTCUSDT ETHUSDT XRPUSDT
w_target      0.0%    0.0%    0.0%
rt_14h30    -0.01%  -0.00%   0.02%
w_target_f    0.0%    0.0%    0.0%
2024-08-10 03:30:39,527
Portfolio was rebalanced less than 2 hours ago, 1.0 hours ago
2024-08-10 03:30:39,529
Status: prev = NEUTRAL <> NEUTRAL = target
2024-08-10 03:30:39,529
the strat is currently running @ 10-08-2024 and the target positions is NEUTRAL
the strat was previously run @ 2024-08-10 02:30:44, success:? 
   and the current positions is NEUTRAL
2024-08-10 03:30:40,661
positions_future #0
2024-08-10 03:30:40,661
Empty DataFrame
Columns: [symbol, positionAmt, entryPrice, breakEvenPrice, markPrice, unRealizedProfit, value_usd, updateTime, isolated, adlQuantile, AUMs_account, w%]
Index: []
2024-08-10 03:30:40,871
------------------------------
binance_account_balance
2024-08-10 03:30:40,871
  asset     balance  ...  marginAvailable   updateTime
4  USDT  307.162189  ...             True  10Aug-02:31

[1 rows x 8 columns]
2024-08-10 03:30:41,089
------------------------------
open_orders
2024-08-10 03:30:41,089
Empty DataFrame
Columns: []
Index: []
2024-08-10 03:30:41,701
------------------------------
AUMS account:307

2024-08-10 03:30:41,703
--------------- compute_futures_order_book() ----------------
2024-08-10 03:30:43,154
----------------------------------------------------------------------
#0 order(s) to place
gross$: 0$ | net$: +0$
gross%: 0% | net%: +0%
 || w>0%  +0% | w<0%  0%
----------------------------------------------------------------------
PTF Expo% 0.0% >> 0.0% (current>>target)
PTF expo $0.0 >> $0 (current>>target)
----------------------------------------------------------------------
2024-08-10 03:30:43,155
orders_ofthe_day
2024-08-10 03:30:43,155
Empty DataFrame
Columns: [ptf_usd, target_usd, totrd_usd, posttrd_usd, qty, posttrd_qty, posttrd_w, bid, ask, strategy]
Index: []
2024-08-10 03:30:43,218
Orders of the day is empty, current and target potfolios are aligned
2024-08-10 03:30:43,218
Program stopped
