2023-08-31 23:30:34,483
ON program started 20230831 23:30:34,
US time: 20230831 19:30:34
2023-08-31 23:30:35,001
the strat is currently running @ 31-08-2023 and the target positions is SHORT
2023-08-31 23:30:36,418
CURRENT STATUS IS SHORT, WE CHECK IF THE DAY IS A NEGATIVE ONE
-----
return before 14h30:
BTCUSDT-3.26%, ETHUSDT-2.30%, XRPUSDT-3.06%
-----
target alloc initial:BTCUSDT-4.17%, ETHUSDT+0.00%, XRPUSDT-4.17%
-----
alloc target x rt%<0:BTCUSDT-4.17%, ETHUSDT+0.00%, XRPUSDT-4.17%
-----
           BTCUSDT ETHUSDT XRPUSDT
w_target     -4.2%    0.0%   -4.2%
rt_14h30    -0.03%  -0.02%  -0.03%
w_target_f   -4.2%    0.0%   -4.2%
2023-08-31 23:30:36,420
Portfolio was rebalanced less than 2 hours ago, 1.0 hours ago
2023-08-31 23:30:36,422
Status: prev = SHORT <> SHORT = target
2023-08-31 23:30:36,423
the strat is currently running @ 31-08-2023 and the target positions is SHORT
the strat was previously run @ 2023-08-31 22:33:02 UTC, success:yes 
   and the current positions is SHORT
2023-08-31 23:30:37,581
positions_future #1
2023-08-31 23:30:37,581
      symbol  positionAmt entryPrice  ...   updateTime  AUMs_account        w%
111  XRPUSDT        -22.0     0.5113  ...  31Aug-22:30         275.1 -0.040831

[1 rows x 9 columns]
2023-08-31 23:30:37,602
programm stoppeddd!!! 20230831_233037
