2024-07-04 01:31:08,578
ON program started 20240704 01:31:08,
US time: 20240703 21:31:08
2024-07-04 01:31:09,111
the strat is currently running @ 04-07-2024 and the target positions is SHORT
2024-07-04 01:31:10,425
CURRENT STATUS IS SHORT, WE CHECK IF THE DAY IS A NEGATIVE ONE
-----
return before 14h30:
BTCUSDT+0.07%, ETHUSDT-0.13%, XRPUSDT-0.28%
-----
target alloc initial:BTCUSDT-4.17%, ETHUSDT+0.00%, XRPUSDT-4.17%
-----
alloc target x rt%<0:BTCUSDT-0.00%, ETHUSDT+0.00%, XRPUSDT-4.17%
-----
           BTCUSDT ETHUSDT XRPUSDT
w_target     -4.2%    0.0%   -4.2%
rt_14h30     0.00%  -0.00%  -0.00%
w_target_f   -0.0%    0.0%   -4.2%
2024-07-04 01:31:10,426
Portfolio was rebalanced less than 2 hours ago, 1.0 hours ago
2024-07-04 01:31:10,428
Status: prev = SHORT <> SHORT = target
2024-07-04 01:31:10,428
the strat is currently running @ 04-07-2024 and the target positions is SHORT
the strat was previously run @ 2024-07-04 00:30:51, success:yes 
   and the current positions is SHORT
2024-07-04 01:31:11,579
positions_future #1
2024-07-04 01:31:11,579
      symbol  positionAmt entryPrice  ... adlQuantile AUMs_account        w%
131  XRPUSDT        -26.1     0.4668  ...           1        291.2 -0.041655

[1 rows x 12 columns]
2024-07-04 01:31:11,675
programm stoppeddd!!! 20240704_013111
