2024-02-07 20:30:37,361
ON program started 20240207 20:30:37,
US time: 20240207 15:30:37
2024-02-07 20:30:37,847
the strat is currently running @ 07-02-2024 and the target positions is LONG
2024-02-07 20:30:39,259
CURRENT STATUS IS LONG
-----
return before 14h30:
BTCUSDT+0.10%, ETHUSDT+0.01%, XRPUSDT-0.28%
-----
target alloc initial:BTCUSDT+16.67%, ETHUSDT+16.67%, XRPUSDT+16.67%
-----
alloc target x rt%<0:BTCUSDT+16.67%, ETHUSDT+16.67%, XRPUSDT+16.67%
-----
           BTCUSDT ETHUSDT XRPUSDT
w_target     16.7%   16.7%   16.7%
rt_14h30     0.00%   0.00%  -0.00%
w_target_f   16.7%   16.7%   16.7%
2024-02-07 20:30:39,260
Portfolio was rebalanced less than 2 hours ago, 1.0 hours ago
2024-02-07 20:30:39,262
Status: prev = LONG <> LONG = target
2024-02-07 20:30:39,262
the strat is currently running @ 07-02-2024 and the target positions is LONG
the strat was previously run @ 2024-02-07 19:30:42, success:? 
   and the current positions is LONG
2024-02-07 20:30:40,456
positions_future #2
2024-02-07 20:30:40,456
      symbol  positionAmt entryPrice  ... adlQuantile AUMs_account        w%
148  ETHUSDT         0.02    2418.76  ...           2        290.6  0.167295
119  XRPUSDT        94.50     0.5078  ...           2        290.6  0.166448

[2 rows x 12 columns]
2024-02-07 20:30:40,694
------------------------------
binance_account_balance
2024-02-07 20:30:40,695
  asset     balance  ...  marginAvailable   updateTime
5  USDT  289.957262  ...             True  07Feb-19:32

[1 rows x 8 columns]
2024-02-07 20:30:41,364
------------------------------
open_orders
2024-02-07 20:30:41,365
Empty DataFrame
Columns: []
Index: []
2024-02-07 20:30:42,020
------------------------------
AUMS account:290

2024-02-07 20:30:42,022
--------------- compute_futures_order_book() ----------------
2024-02-07 20:30:43,566
----------------------------------------------------------------------
#0 order(s) to place
gross$: 0$ | net$: +0$
gross%: 0% | net%: +0%
 || w>0%  +0% | w<0%  0%
----------------------------------------------------------------------
PTF Expo% 33.3% >> 50.0% (current>>target)
PTF expo $97.0 >> $145 (current>>target)
----------------------------------------------------------------------
2024-02-07 20:30:43,567
orders_ofthe_day
2024-02-07 20:30:43,567
Empty DataFrame
Columns: [ptf_usd, target_usd, totrd_usd, posttrd_usd, qty, posttrd_qty, posttrd_w, bid, ask, strategy]
Index: []
2024-02-07 20:30:43,631
Orders of the day is empty, current and target potfolios are aligned
2024-02-07 20:30:43,631
Program stopped
