2024-01-11 03:31:08,182
ON program started 20240111 03:31:08,
US time: 20240110 22:31:08
2024-01-11 03:31:08,631
the strat is currently running @ 11-01-2024 and the target positions is NEUTRAL
2024-01-11 03:31:10,496
CURRENT STATUS IS NEUTRAL
-----
return before 14h30:
BTCUSDT+0.00%, ETHUSDT+0.00%, XRPUSDT+0.00%
-----
target alloc initial:BTCUSDT+0.00%, ETHUSDT+0.00%, XRPUSDT+0.00%
-----
alloc target x rt%<0:BTCUSDT+0.00%, ETHUSDT+0.00%, XRPUSDT+0.00%
-----
           BTCUSDT ETHUSDT XRPUSDT
w_target      0.0%    0.0%    0.0%
rt_14h30     0.00%   0.00%   0.00%
w_target_f    0.0%    0.0%    0.0%
2024-01-11 03:31:10,498
Portfolio was rebalanced less than 2 hours ago, 1.0 hours ago
2024-01-11 03:31:10,500
Status: prev = NEUTRAL <> SHORT = target
2024-01-11 03:31:10,500
the strat is currently running @ 11-01-2024 and the target positions is NEUTRAL
the strat was previously run @ 2024-01-11 02:30:43 UTC, success:yes 
   and the current positions is SHORT
2024-01-11 03:31:11,737
positions_future #0
2024-01-11 03:31:11,738
Empty DataFrame
Columns: [symbol, positionAmt, entryPrice, breakEvenPrice, markPrice, unRealizedProfit, value_usd, updateTime, isolated, adlQuantile, AUMs_account, w%]
Index: []
2024-01-11 03:31:11,965
------------------------------
binance_account_balance
2024-01-11 03:31:11,965
  asset     balance  ...  marginAvailable   updateTime
5  USDT  292.884437  ...             True  10Jan-23:31

[1 rows x 8 columns]
2024-01-11 03:31:12,207
------------------------------
open_orders
2024-01-11 03:31:12,207
Empty DataFrame
Columns: []
Index: []
2024-01-11 03:31:12,869
------------------------------
AUMS account:292

2024-01-11 03:31:12,871
--------------- compute_futures_order_book() ----------------
2024-01-11 03:31:14,440
----------------------------------------------------------------------
#0 order(s) to place
gross$: 0$ | net$: +0$
gross%: 0% | net%: +0%
 || w>0%  +0% | w<0%  0%
----------------------------------------------------------------------
PTF Expo% 0.0% >> 0.0% (current>>target)
PTF expo $0.0 >> $0 (current>>target)
----------------------------------------------------------------------
2024-01-11 03:31:14,441
orders_ofthe_day
2024-01-11 03:31:14,441
Empty DataFrame
Columns: [ptf_usd, target_usd, totrd_usd, posttrd_usd, qty, posttrd_qty, posttrd_w, bid, ask, strategy]
Index: []
2024-01-11 03:31:14,526
Orders of the day is empty, current and target potfolios are aligned
2024-01-11 03:31:14,526
Program stopped
