2023-12-16 20:30:47,958
ON program started 20231216 20:30:47,
US time: 20231216 15:30:47
2023-12-16 20:30:48,420
the strat is currently running @ 16-12-2023 and the target positions is LONG
2023-12-16 20:30:49,838
CURRENT STATUS IS LONG
-----
return before 14h30:
BTCUSDT+0.43%, ETHUSDT-0.31%, XRPUSDT-0.08%
-----
target alloc initial:BTCUSDT+16.67%, ETHUSDT+16.67%, XRPUSDT+16.67%
-----
alloc target x rt%<0:BTCUSDT+16.67%, ETHUSDT+16.67%, XRPUSDT+16.67%
-----
           BTCUSDT ETHUSDT XRPUSDT
w_target     16.7%   16.7%   16.7%
rt_14h30     0.00%  -0.00%  -0.00%
w_target_f   16.7%   16.7%   16.7%
2023-12-16 20:30:49,840
Portfolio was rebalanced less than 2 hours ago, 1.0 hours ago
2023-12-16 20:30:49,843
Status: prev = LONG <> LONG = target
2023-12-16 20:30:49,843
the strat is currently running @ 16-12-2023 and the target positions is LONG
the strat was previously run @ 2023-12-16 19:30:58 UTC, success:? 
   and the current positions is LONG
2023-12-16 20:30:51,059
positions_future #2
2023-12-16 20:30:51,059
      symbol  positionAmt entryPrice  ... adlQuantile AUMs_account        w%
159  ETHUSDT        0.022    2239.76  ...           1        292.6  0.168406
125  XRPUSDT       78.900     0.6207  ...           2        292.6  0.167577

[2 rows x 12 columns]
2023-12-16 20:30:51,300
------------------------------
binance_account_balance
2023-12-16 20:30:51,301
  asset     balance  ...  marginAvailable   updateTime
5  USDT  292.549751  ...             True  16Dec-19:31

[1 rows x 8 columns]
2023-12-16 20:30:51,969
------------------------------
open_orders
2023-12-16 20:30:51,969
Empty DataFrame
Columns: []
Index: []
2023-12-16 20:30:52,620
------------------------------
AUMS account:292

2023-12-16 20:30:52,622
--------------- compute_futures_order_book() ----------------
2023-12-16 20:30:54,170
----------------------------------------------------------------------
#0 order(s) to place
gross$: 0$ | net$: +0$
gross%: 0% | net%: +0%
 || w>0%  +0% | w<0%  0%
----------------------------------------------------------------------
PTF Expo% 33.5% >> 50.0% (current>>target)
PTF expo $98.0 >> $146 (current>>target)
----------------------------------------------------------------------
2023-12-16 20:30:54,171
orders_ofthe_day
2023-12-16 20:30:54,171
Empty DataFrame
Columns: [ptf_usd, target_usd, totrd_usd, posttrd_usd, qty, posttrd_qty, posttrd_w, bid, ask]
Index: []
2023-12-16 20:30:54,242
Orders of the day is empty, current and target potfolios are aligned
2023-12-16 20:30:54,242
Program stopped
