2024-08-08 02:30:41,221
ON program started 20240808 02:30:41,
US time: 20240807 22:30:41
2024-08-08 02:30:41,753
the strat is currently running @ 08-08-2024 and the target positions is NEUTRAL
2024-08-08 02:30:43,463
CURRENT STATUS IS NEUTRAL
-----
return before 14h30:
BTCUSDT+4.51%, ETHUSDT+5.11%, XRPUSDT+1.62%
-----
target alloc initial:BTCUSDT+0.00%, ETHUSDT+0.00%, XRPUSDT+0.00%
-----
alloc target x rt%<0:BTCUSDT+0.00%, ETHUSDT+0.00%, XRPUSDT+0.00%
-----
           BTCUSDT ETHUSDT XRPUSDT
w_target      0.0%    0.0%    0.0%
rt_14h30     0.05%   0.05%   0.02%
w_target_f    0.0%    0.0%    0.0%
2024-08-08 02:30:43,465
Portfolio was rebalanced less than 2 hours ago, 1.0 hours ago
2024-08-08 02:30:43,467
Status: prev = NEUTRAL <> SHORT = target
2024-08-08 02:30:43,467
the strat is currently running @ 08-08-2024 and the target positions is NEUTRAL
the strat was previously run @ 2024-08-08 01:30:54, success:yes 
   and the current positions is SHORT
2024-08-08 02:30:44,612
positions_future #0
2024-08-08 02:30:44,612
Empty DataFrame
Columns: [symbol, positionAmt, entryPrice, breakEvenPrice, markPrice, unRealizedProfit, value_usd, updateTime, isolated, adlQuantile, AUMs_account, w%]
Index: []
2024-08-08 02:30:44,827
------------------------------
binance_account_balance
2024-08-08 02:30:44,827
  asset     balance  ...  marginAvailable   updateTime
4  USDT  306.430726  ...             True  07Aug-22:30

[1 rows x 8 columns]
2024-08-08 02:30:45,050
------------------------------
open_orders
2024-08-08 02:30:45,050
Empty DataFrame
Columns: []
Index: []
2024-08-08 02:30:45,667
------------------------------
AUMS account:306

2024-08-08 02:30:45,669
--------------- compute_futures_order_book() ----------------
2024-08-08 02:30:47,145
----------------------------------------------------------------------
#0 order(s) to place
gross$: 0$ | net$: +0$
gross%: 0% | net%: +0%
 || w>0%  +0% | w<0%  0%
----------------------------------------------------------------------
PTF Expo% 0.0% >> 0.0% (current>>target)
PTF expo $0.0 >> $0 (current>>target)
----------------------------------------------------------------------
2024-08-08 02:30:47,147
orders_ofthe_day
2024-08-08 02:30:47,147
Empty DataFrame
Columns: [ptf_usd, target_usd, totrd_usd, posttrd_usd, qty, posttrd_qty, posttrd_w, bid, ask, strategy]
Index: []
2024-08-08 02:30:47,234
Orders of the day is empty, current and target potfolios are aligned
2024-08-08 02:30:47,234
Program stopped
