2024-02-28 02:30:55,924
ON program started 20240228 02:30:55,
US time: 20240227 21:30:55
2024-02-28 02:30:56,915
the strat is currently running @ 28-02-2024 and the target positions is SHORT
2024-02-28 02:30:58,326
CURRENT STATUS IS SHORT, WE CHECK IF THE DAY IS A NEGATIVE ONE
-----
return before 14h30:
BTCUSDT-0.21%, ETHUSDT+0.01%, XRPUSDT-0.67%
-----
target alloc initial:BTCUSDT-4.17%, ETHUSDT+0.00%, XRPUSDT-4.17%
-----
alloc target x rt%<0:BTCUSDT-4.17%, ETHUSDT+0.00%, XRPUSDT-4.17%
-----
           BTCUSDT ETHUSDT XRPUSDT
w_target     -4.2%    0.0%   -4.2%
rt_14h30    -0.00%   0.00%  -0.01%
w_target_f   -4.2%    0.0%   -4.2%
2024-02-28 02:30:58,327
Portfolio was rebalanced less than 2 hours ago, 1.0 hours ago
2024-02-28 02:30:58,329
Status: prev = SHORT <> SHORT = target
2024-02-28 02:30:58,329
the strat is currently running @ 28-02-2024 and the target positions is SHORT
the strat was previously run @ 2024-02-28 01:30:53, success:yes 
   and the current positions is SHORT
2024-02-28 02:30:59,535
positions_future #1
2024-02-28 02:30:59,535
      symbol  positionAmt entryPrice  ... adlQuantile AUMs_account        w%
122  XRPUSDT        -20.5     0.5843  ...           1        293.3 -0.040758

[1 rows x 12 columns]
2024-02-28 02:30:59,612
programm stoppeddd!!! 20240228_023059
