2024-03-31 02:31:01,659
ON program started 20240331 02:31:01,
US time: 20240330 22:31:01
2024-03-31 02:31:02,272
the strat is currently running @ 31-03-2024 and the target positions is NEUTRAL
2024-03-31 02:31:03,683
CURRENT STATUS IS NEUTRAL
-----
return before 14h30:
BTCUSDT+0.76%, ETHUSDT+1.04%, XRPUSDT+0.60%
-----
target alloc initial:BTCUSDT+0.00%, ETHUSDT+0.00%, XRPUSDT+0.00%
-----
alloc target x rt%<0:BTCUSDT+0.00%, ETHUSDT+0.00%, XRPUSDT+0.00%
-----
           BTCUSDT ETHUSDT XRPUSDT
w_target      0.0%    0.0%    0.0%
rt_14h30     0.01%   0.01%   0.01%
w_target_f    0.0%    0.0%    0.0%
2024-03-31 02:31:03,684
Portfolio was rebalanced less than 2 hours ago, 1.0 hours ago
2024-03-31 02:31:03,686
Status: prev = NEUTRAL <> SHORT = target
2024-03-31 02:31:03,686
the strat is currently running @ 31-03-2024 and the target positions is NEUTRAL
the strat was previously run @ 2024-03-31 01:30:54, success:yes 
   and the current positions is SHORT
2024-03-31 02:31:04,898
positions_future #1
2024-03-31 02:31:04,898
      symbol  positionAmt entryPrice  ... adlQuantile AUMs_account        w%
123  XRPUSDT        -18.8      0.622  ...           1        288.4 -0.040765

[1 rows x 12 columns]
2024-03-31 02:31:05,139
------------------------------
binance_account_balance
2024-03-31 02:31:05,139
  asset     balance  ...  marginAvailable   updateTime
6  USDT  288.436927  ...             True  30Mar-22:32

[1 rows x 8 columns]
2024-03-31 02:31:05,594
------------------------------
open_orders
2024-03-31 02:31:05,594
Empty DataFrame
Columns: []
Index: []
2024-03-31 02:31:06,248
------------------------------
AUMS account:288

2024-03-31 02:31:06,250
--------------- compute_futures_order_book() ----------------
2024-03-31 02:31:07,813
----------------------------------------------------------------------
#1 order(s) to place
gross$: 12$ | net$: +12$
gross%: 4% | net%: +4%
 || w>0%  +4% | w<0%  0%
----------------------------------------------------------------------
PTF Expo% -4.1% >> 0.0% (current>>target)
PTF expo $-12.0 >> $0 (current>>target)
----------------------------------------------------------------------
2024-03-31 02:31:07,816
orders_ofthe_day
2024-03-31 02:31:07,816
                  ptf_usd  target_usd  totrd_usd  ...     bid     ask strategy
2024-03-31 02:31                                  ...                         
XRPUSDT             -12.0         0.0       12.0  ...  0.6252  0.6253  STRATON

[1 rows x 10 columns]
2024-03-31 02:31:09,208
binance_place_orders_peg 20240331_023109
2024-03-31 02:31:09,649
{'orderId': 53867909431, 'symbol': 'XRPUSDT', 'status': 'NEW', 'clientOrderId': 'STRATON', 'price': '0.6249', 'avgPrice': '0.00', 'origQty': '18.8', 'executedQty': '0.0', 'cumQty': '0.0', 'cumQuote': '0.00000', 'timeInForce': 'GTC', 'type': 'LIMIT', 'reduceOnly': False, 'closePosition': False, 'side': 'BUY', 'positionSide': 'BOTH', 'stopPrice': '0.0000', 'workingType': 'CONTRACT_PRICE', 'priceProtect': False, 'origType': 'LIMIT', 'priceMatch': 'NONE', 'selfTradePreventionMode': 'NONE', 'goodTillDate': 0, 'updateTime': 1711852269536}
2024-03-31 02:31:10,784
update 0: filled 0 / 1 () | working 1 / 1 (+XRPUSDT)
2024-03-31 02:31:14,785
+XRPUSDT: bp6.0|
2024-03-31 02:31:15,225
update 1: filled 0 / 1 () | working 1 / 1 (+XRPUSDT)
2024-03-31 02:31:19,226
+XRPUSDT: bp5.0|
2024-03-31 02:31:19,668
update 2: filled 0 / 1 () | working 1 / 1 (+XRPUSDT)
2024-03-31 02:31:23,669
+XRPUSDT: bp3.0|
2024-03-31 02:31:24,113
update 3: filled 0 / 1 () | working 1 / 1 (+XRPUSDT)
2024-03-31 02:31:28,114
+XRPUSDT: bp2.0|
2024-03-31 02:31:28,555
update 4: filled 0 / 1 () | working 1 / 1 (+XRPUSDT)
2024-03-31 02:31:32,556
+XRPUSDT: bp3.0|
2024-03-31 02:31:33,000
update 5: filled 0 / 1 () | working 1 / 1 (+XRPUSDT)
2024-03-31 02:31:37,000
+XRPUSDT: bp5.0|
2024-03-31 02:31:37,441
update 6: filled 0 / 1 () | working 1 / 1 (+XRPUSDT)
2024-03-31 02:31:41,441
+XRPUSDT: bp3.0|
2024-03-31 02:31:41,883
update 7: filled 0 / 1 () | working 1 / 1 (+XRPUSDT)
2024-03-31 02:31:45,884
+XRPUSDT: bp5.0|
2024-03-31 02:31:46,324
update 8: filled 0 / 1 () | working 1 / 1 (+XRPUSDT)
2024-03-31 02:31:50,324
+XRPUSDT: bp5.0|
2024-03-31 02:31:50,764
update 9: filled 0 / 1 () | working 1 / 1 (+XRPUSDT)
2024-03-31 02:31:54,765
+XRPUSDT: bp8.0|
2024-03-31 02:31:55,203
update 10: filled 0 / 1 () | working 1 / 1 (+XRPUSDT)
2024-03-31 02:31:59,204
+XRPUSDT: bp8.0|
2024-03-31 02:31:59,643
update 11: filled 0 / 1 () | working 1 / 1 (+XRPUSDT)
2024-03-31 02:32:03,644
+XRPUSDT: bp8.0|
2024-03-31 02:32:04,084
update 12: filled 0 / 1 () | working 1 / 1 (+XRPUSDT)
2024-03-31 02:32:08,085
+XRPUSDT: bp8.0|
2024-03-31 02:32:08,525
update 13: filled 0 / 1 () | working 1 / 1 (+XRPUSDT)
2024-03-31 02:32:12,526
+XRPUSDT: bp8.0|
2024-03-31 02:32:12,968
update 14: filled 0 / 1 () | working 1 / 1 (+XRPUSDT)
2024-03-31 02:32:16,969
+XRPUSDT: bp6.0|
2024-03-31 02:32:16,969
Adjustment limit #1 ... 
 we cancel current orders and replace
2024-03-31 02:32:16,969
@+/-2.5bp limit 
2024-03-31 02:32:16,969
binance_cancel_and_replace_orders_peg 20240331_023216
2024-03-31 02:32:18,070
binance_place_orders_peg 20240331_023218
2024-03-31 02:32:18,507
{'orderId': 53867945425, 'symbol': 'XRPUSDT', 'status': 'NEW', 'clientOrderId': 'STRATON', 'price': '0.6250', 'avgPrice': '0.00', 'origQty': '18.8', 'executedQty': '0.0', 'cumQty': '0.0', 'cumQuote': '0.00000', 'timeInForce': 'GTC', 'type': 'LIMIT', 'reduceOnly': False, 'closePosition': False, 'side': 'BUY', 'positionSide': 'BOTH', 'stopPrice': '0.0000', 'workingType': 'CONTRACT_PRICE', 'priceProtect': False, 'origType': 'LIMIT', 'priceMatch': 'NONE', 'selfTradePreventionMode': 'NONE', 'goodTillDate': 0, 'updateTime': 1711852338398}
2024-03-31 02:32:18,954
update 0: filled 0 / 1 () | working 1 / 1 (+XRPUSDT)
2024-03-31 02:32:22,955
+XRPUSDT: bp3.0|
2024-03-31 02:32:23,396
update 1: filled 0 / 1 () | working 1 / 1 (+XRPUSDT)
2024-03-31 02:32:27,397
+XRPUSDT: bp5.0|
2024-03-31 02:32:27,837
update 2: filled 0 / 1 () | working 1 / 1 (+XRPUSDT)
2024-03-31 02:32:31,838
+XRPUSDT: bp6.0|
2024-03-31 02:32:32,278
update 3: filled 0 / 1 () | working 1 / 1 (+XRPUSDT)
2024-03-31 02:32:36,279
+XRPUSDT: bp6.0|
2024-03-31 02:32:36,719
update 4: filled 0 / 1 () | working 1 / 1 (+XRPUSDT)
2024-03-31 02:32:40,720
+XRPUSDT: bp6.0|
2024-03-31 02:32:41,159
update 5: filled 0 / 1 () | working 1 / 1 (+XRPUSDT)
2024-03-31 02:32:45,160
+XRPUSDT: bp6.0|
2024-03-31 02:32:45,599
update 6: filled 0 / 1 () | working 1 / 1 (+XRPUSDT)
2024-03-31 02:32:49,600
+XRPUSDT: bp5.0|
2024-03-31 02:32:50,039
update 7: filled 0 / 1 () | working 1 / 1 (+XRPUSDT)
2024-03-31 02:32:54,040
+XRPUSDT: bp5.0|
2024-03-31 02:32:54,479
update 8: filled 0 / 1 () | working 1 / 1 (+XRPUSDT)
2024-03-31 02:32:58,480
+XRPUSDT: bp3.0|
2024-03-31 02:32:58,921
update 9: filled 0 / 1 () | working 1 / 1 (+XRPUSDT)
2024-03-31 02:33:02,923
+XRPUSDT: bp5.0|
2024-03-31 02:33:03,365
update 10: filled 0 / 1 () | working 1 / 1 (+XRPUSDT)
2024-03-31 02:33:07,373
+XRPUSDT: bp5.0|
2024-03-31 02:33:07,816
update 11: filled 0 / 1 () | working 1 / 1 (+XRPUSDT)
2024-03-31 02:33:11,817
+XRPUSDT: bp3.0|
2024-03-31 02:33:12,256
update 12: filled 0 / 1 () | working 1 / 1 (+XRPUSDT)
2024-03-31 02:33:16,257
+XRPUSDT: bp5.0|
2024-03-31 02:33:16,699
update 13: filled 0 / 1 () | working 1 / 1 (+XRPUSDT)
2024-03-31 02:33:20,700
+XRPUSDT: bp3.0|
2024-03-31 02:33:21,142
update 14: filled 0 / 1 () | working 1 / 1 (+XRPUSDT)
2024-03-31 02:33:25,143
+XRPUSDT: bp5.0|
2024-03-31 02:33:25,143
Adjustment limit #2 ... 
 we cancel current orders and replace
2024-03-31 02:33:25,143
@+/-1.25bp limit 
2024-03-31 02:33:25,143
binance_cancel_and_replace_orders_peg 20240331_023325
2024-03-31 02:33:26,241
binance_place_orders_peg 20240331_023326
2024-03-31 02:33:26,678
{'orderId': 53867979770, 'symbol': 'XRPUSDT', 'status': 'NEW', 'clientOrderId': 'STRATON', 'price': '0.6251', 'avgPrice': '0.00', 'origQty': '18.8', 'executedQty': '0.0', 'cumQty': '0.0', 'cumQuote': '0.00000', 'timeInForce': 'GTC', 'type': 'LIMIT', 'reduceOnly': False, 'closePosition': False, 'side': 'BUY', 'positionSide': 'BOTH', 'stopPrice': '0.0000', 'workingType': 'CONTRACT_PRICE', 'priceProtect': False, 'origType': 'LIMIT', 'priceMatch': 'NONE', 'selfTradePreventionMode': 'NONE', 'goodTillDate': 0, 'updateTime': 1711852406568}
2024-03-31 02:33:27,126
update 0: filled 0 / 1 () | working 1 / 1 (+XRPUSDT)
2024-03-31 02:33:31,126
+XRPUSDT: bp3.0|
2024-03-31 02:33:31,566
update 1: filled 0 / 1 () | working 1 / 1 (+XRPUSDT)
2024-03-31 02:33:35,567
+XRPUSDT: bp3.0|
2024-03-31 02:33:36,005
update 2: filled 0 / 1 () | working 1 / 1 (+XRPUSDT)
2024-03-31 02:33:40,006
+XRPUSDT: bp3.0|
2024-03-31 02:33:40,446
update 3: filled 0 / 1 () | working 1 / 1 (+XRPUSDT)
2024-03-31 02:33:44,446
+XRPUSDT: bp3.0|
2024-03-31 02:33:44,887
update 4: filled 0 / 1 () | working 1 / 1 (+XRPUSDT)
2024-03-31 02:33:48,887
+XRPUSDT: bp3.0|
2024-03-31 02:33:49,325
update 5: filled 0 / 1 () | working 1 / 1 (+XRPUSDT)
2024-03-31 02:33:53,326
+XRPUSDT: bp3.0|
2024-03-31 02:33:53,766
update 6: filled 0 / 1 () | working 1 / 1 (+XRPUSDT)
2024-03-31 02:33:57,767
+XRPUSDT: bp3.0|
2024-03-31 02:33:58,210
update 7: filled 0 / 1 () | working 1 / 1 (+XRPUSDT)
2024-03-31 02:34:02,211
+XRPUSDT: bp3.0|
2024-03-31 02:34:02,654
update 8: filled 0 / 1 () | working 1 / 1 (+XRPUSDT)
2024-03-31 02:34:06,654
+XRPUSDT: bp3.0|
2024-03-31 02:34:07,095
update 9: filled 0 / 1 () | working 1 / 1 (+XRPUSDT)
2024-03-31 02:34:11,096
+XRPUSDT: bp3.0|
2024-03-31 02:34:11,539
update 10: filled 0 / 1 () | working 1 / 1 (+XRPUSDT)
2024-03-31 02:34:15,539
+XRPUSDT: bp3.0|
2024-03-31 02:34:15,983
update 11: filled 0 / 1 () | working 1 / 1 (+XRPUSDT)
2024-03-31 02:34:19,984
+XRPUSDT: bp3.0|
2024-03-31 02:34:20,423
update 12: filled 0 / 1 () | working 1 / 1 (+XRPUSDT)
2024-03-31 02:34:24,426
+XRPUSDT: bp2.0|
2024-03-31 02:34:24,867
update 13: filled 1 / 1 (+XRPUSDT) | working 0 / 1 ()
2024-03-31 02:34:30,216
Trades of the day
in$
as of: 31Mar 02:34>>02:34 (#trades: 1)
trade net: +12.0 (+4.2%), trade gross: +12.0 (+4.2%), BUY: +12.0 (+4.2%), SELL: +0.0 (+0.0%)
fees: $ 0.002 (2.0bp)
2024-03-31 02:34:30,452
Trades: 
Filled #1
______________________________________________
                   in$ | in bp 11 traded | in bp 288 AUMs
realizedPnl    -0.06   | -51     | -2     
PnLvsArrival   +0      | +0      | +0     
PnLvsLast      +0      | +0      | +0     
______________________________________________
                 | Value$ | PnL Arrival/Last 
______________________________________________
XRP:+18.8@0.6251 | +12$ | 0/0
