2023-11-05 20:30:50,948
ON program started 20231105 20:30:50,
US time: 20231105 15:30:50
2023-11-05 20:30:51,380
the strat is currently running @ 05-11-2023 and the target positions is LONG
2023-11-05 20:30:52,768
CURRENT STATUS IS LONG
-----
return before 14h30:
BTCUSDT-0.70%, ETHUSDT+0.24%, XRPUSDT+4.43%
-----
target alloc initial:BTCUSDT+16.67%, ETHUSDT+16.67%, XRPUSDT+16.67%
-----
alloc target x rt%<0:BTCUSDT+16.67%, ETHUSDT+16.67%, XRPUSDT+16.67%
-----
           BTCUSDT ETHUSDT XRPUSDT
w_target     16.7%   16.7%   16.7%
rt_14h30    -0.01%   0.00%   0.04%
w_target_f   16.7%   16.7%   16.7%
2023-11-05 20:30:52,770
Portfolio was rebalanced less than 2 hours ago, 0.9 hours ago
2023-11-05 20:30:52,772
Status: prev = LONG <> LONG = target
2023-11-05 20:30:52,772
the strat is currently running @ 05-11-2023 and the target positions is LONG
the strat was previously run @ 2023-11-05 19:33:54 UTC, success:yes 
   and the current positions is LONG
2023-11-05 20:30:53,951
positions_future #2
2023-11-05 20:30:53,951
      symbol  positionAmt entryPrice  ... adlQuantile AUMs_account        w%
122  XRPUSDT       73.800     0.6526  ...           1        288.5  0.167737
153  ETHUSDT        0.025    1894.25  ...           1        288.5  0.164111

[2 rows x 12 columns]
2023-11-05 20:30:53,978
programm stoppeddd!!! 20231105_203053
