2023-08-01 07:30:56,173
ON program started 20230801 07:30:56,
US time: 20230801 03:30:56
2023-08-01 07:30:56,783
the strat is currently running @ 01-08-2023 and the target positions is NEUTRAL
2023-08-01 07:30:58,515
CURRENT STATUS IS NEUTRAL
-----
return before 14h30:
BTCUSDT+0.30%, ETHUSDT+0.31%, XRPUSDT+0.25%
-----
target alloc initial:BTCUSDT+0.00%, ETHUSDT+0.00%, XRPUSDT+0.00%
-----
alloc target x rt%<0:BTCUSDT+0.00%, ETHUSDT+0.00%, XRPUSDT+0.00%
-----
           BTCUSDT ETHUSDT XRPUSDT
w_target      0.0%    0.0%    0.0%
rt_14h30     0.00%   0.00%   0.00%
w_target_f    0.0%    0.0%    0.0%
2023-08-01 07:30:58,517
Portfolio was rebalanced less than 2 hours ago, 1.0 hours ago
2023-08-01 07:30:58,520
Status: prev = NEUTRAL <> NEUTRAL = target
2023-08-01 07:30:58,520
the strat is currently running @ 01-08-2023 and the target positions is NEUTRAL
the strat was previously run @ 2023-08-01 06:31:13 UTC, success:yes 
   and the current positions is NEUTRAL
2023-08-01 07:30:59,627
positions_future #0
2023-08-01 07:30:59,627
Empty DataFrame
Columns: [symbol, positionAmt, entryPrice, markPrice, unRealizedProfit, value_usd, updateTime, AUMs_account, w%]
Index: []
2023-08-01 07:30:59,639
programm stoppeddd!!! 20230801_073059
