2024-10-10 23:30:55,023
ON program started 20241010 23:30:55,
US time: 20241010 19:30:55
2024-10-10 23:30:55,786
the strat is currently running @ 10-10-2024 and the target positions is SHORT
2024-10-10 23:30:57,153
CURRENT STATUS IS SHORT, WE CHECK IF THE DAY IS A NEGATIVE ONE
-----
return before 14h30:
BTCUSDT+0.50%, ETHUSDT+0.52%, XRPUSDT+2.29%
-----
target alloc initial:BTCUSDT-4.17%, ETHUSDT+0.00%, XRPUSDT-4.17%
-----
alloc target x rt%<0:BTCUSDT-0.00%, ETHUSDT+0.00%, XRPUSDT-0.00%
-----
           BTCUSDT ETHUSDT XRPUSDT
w_target     -4.2%    0.0%   -4.2%
rt_14h30     0.01%   0.01%   0.02%
w_target_f   -0.0%    0.0%   -0.0%
2024-10-10 23:30:57,154
Portfolio was rebalanced less than 2 hours ago, 1.0 hours ago
2024-10-10 23:30:57,156
Status: prev = SHORT <> SHORT = target
2024-10-10 23:30:57,156
the strat is currently running @ 10-10-2024 and the target positions is SHORT
the strat was previously run @ 2024-10-10 22:30:55, success:? 
   and the current positions is SHORT
2024-10-10 23:30:58,285
positions_future #0
2024-10-10 23:30:58,285
Empty DataFrame
Columns: [symbol, positionAmt, entryPrice, breakEvenPrice, markPrice, unRealizedProfit, value_usd, updateTime, isolated, adlQuantile, AUMs_account, w%]
Index: []
2024-10-10 23:30:58,495
------------------------------
binance_account_balance
2024-10-10 23:30:58,495
  asset     balance  ...  marginAvailable   updateTime
4  USDT  284.965315  ...             True  10Oct-22:33

[1 rows x 8 columns]
2024-10-10 23:30:58,715
------------------------------
open_orders
2024-10-10 23:30:58,715
Empty DataFrame
Columns: []
Index: []
2024-10-10 23:30:59,328
------------------------------
AUMS account:284

2024-10-10 23:30:59,330
--------------- compute_futures_order_book() ----------------
2024-10-10 23:31:00,795
----------------------------------------------------------------------
#0 order(s) to place
gross$: 0$ | net$: +0$
gross%: 0% | net%: +0%
 || w>0%  +0% | w<0%  0%
----------------------------------------------------------------------
PTF Expo% 0.0% >> 0.0% (current>>target)
PTF expo $0.0 >> $0 (current>>target)
----------------------------------------------------------------------
2024-10-10 23:31:00,796
orders_ofthe_day
2024-10-10 23:31:00,796
Empty DataFrame
Columns: [ptf_usd, target_usd, totrd_usd, posttrd_usd, qty, posttrd_qty, posttrd_w, bid, ask, strategy]
Index: []
2024-10-10 23:31:00,869
Orders of the day is empty, current and target potfolios are aligned
2024-10-10 23:31:00,869
Program stopped
