2024-04-21 03:30:48,474
ON program started 20240421 03:30:48,
US time: 20240420 23:30:48
2024-04-21 03:30:49,077
the strat is currently running @ 21-04-2024 and the target positions is NEUTRAL
2024-04-21 03:30:50,479
CURRENT STATUS IS NEUTRAL
-----
return before 14h30:
BTCUSDT+0.35%, ETHUSDT+0.42%, XRPUSDT-0.55%
-----
target alloc initial:BTCUSDT+0.00%, ETHUSDT+0.00%, XRPUSDT+0.00%
-----
alloc target x rt%<0:BTCUSDT+0.00%, ETHUSDT+0.00%, XRPUSDT+0.00%
-----
           BTCUSDT ETHUSDT XRPUSDT
w_target      0.0%    0.0%    0.0%
rt_14h30     0.00%   0.00%  -0.01%
w_target_f    0.0%    0.0%    0.0%
2024-04-21 03:30:50,480
Portfolio was rebalanced less than 2 hours ago, 1.0 hours ago
2024-04-21 03:30:50,482
Status: prev = NEUTRAL <> NEUTRAL = target
2024-04-21 03:30:50,482
the strat is currently running @ 21-04-2024 and the target positions is NEUTRAL
the strat was previously run @ 2024-04-21 02:31:01, success:yes 
   and the current positions is NEUTRAL
2024-04-21 03:30:51,688
positions_future #0
2024-04-21 03:30:51,688
Empty DataFrame
Columns: [symbol, positionAmt, entryPrice, breakEvenPrice, markPrice, unRealizedProfit, value_usd, updateTime, isolated, adlQuantile, AUMs_account, w%]
Index: []
2024-04-21 03:30:51,751
programm stoppeddd!!! 20240421_033051
