2023-12-24 19:31:05,465
ON program started 20231224 19:31:05,
US time: 20231224 14:31:05
2023-12-24 19:31:05,999
the strat is currently running @ 24-12-2023 and the target positions is LONG
2023-12-24 19:31:07,847
CURRENT STATUS IS LONG
-----
return before 14h30:
BTCUSDT-0.31%, ETHUSDT-0.75%, XRPUSDT+0.26%
-----
target alloc initial:BTCUSDT+16.67%, ETHUSDT+16.67%, XRPUSDT+16.67%
-----
alloc target x rt%<0:BTCUSDT+16.67%, ETHUSDT+16.67%, XRPUSDT+16.67%
-----
           BTCUSDT ETHUSDT XRPUSDT
w_target     16.7%   16.7%   16.7%
rt_14h30    -0.00%  -0.01%   0.00%
w_target_f   16.7%   16.7%   16.7%
2023-12-24 19:31:07,850
Portfolio was rebalanced less than 2 hours ago, 15.0 hours ago
2023-12-24 19:31:07,853
Status: prev = LONG <> NEUTRAL = target
2023-12-24 19:31:07,853
the strat is currently running @ 24-12-2023 and the target positions is LONG
the strat was previously run @ 2023-12-24 04:31:10 UTC, success:yes 
   and the current positions is NEUTRAL
2023-12-24 19:31:09,080
positions_future #0
2023-12-24 19:31:09,080
Empty DataFrame
Columns: [symbol, positionAmt, entryPrice, breakEvenPrice, markPrice, unRealizedProfit, value_usd, updateTime, isolated, adlQuantile, AUMs_account, w%]
Index: []
2023-12-24 19:31:09,302
------------------------------
binance_account_balance
2023-12-24 19:31:09,302
  asset     balance  ...  marginAvailable   updateTime
5  USDT  292.626739  ...             True  23Dec-23:35

[1 rows x 8 columns]
2023-12-24 19:31:09,534
------------------------------
open_orders
2023-12-24 19:31:09,534
Empty DataFrame
Columns: []
Index: []
2023-12-24 19:31:10,184
------------------------------
AUMS account:292

2023-12-24 19:31:10,186
--------------- compute_futures_order_book() ----------------
2023-12-24 19:31:11,727
----------------------------------------------------------------------
#2 order(s) to place
gross$: 97$ | net$: +97$
gross%: 33% | net%: +33%
 || w>0%  +33% | w<0%  0%
----------------------------------------------------------------------
PTF Expo% 0.0% >> 50.0% (current>>target)
PTF expo $0.0 >> $146 (current>>target)
----------------------------------------------------------------------
2023-12-24 19:31:11,729
orders_ofthe_day
2023-12-24 19:31:11,729
                  ptf_usd  target_usd  ...        bid        ask
2023-12-24 19:31                       ...                      
XRPUSDT               0.0       48.78  ...     0.6237     0.6238
ETHUSDT               0.0       48.78  ...  2294.7800  2294.7900

[2 rows x 9 columns]
2023-12-24 19:31:12,750
binance_place_orders_peg 20231224_193112
2023-12-24 19:31:13,187
{'orderId': 47383195186, 'symbol': 'XRPUSDT', 'status': 'NEW', 'clientOrderId': 'UayJLHpgLc1wJgu5H4fr3v', 'price': '0.6234', 'avgPrice': '0.00', 'origQty': '78.6', 'executedQty': '0.0', 'cumQty': '0.0', 'cumQuote': '0.00000', 'timeInForce': 'GTC', 'type': 'LIMIT', 'reduceOnly': False, 'closePosition': False, 'side': 'BUY', 'positionSide': 'BOTH', 'stopPrice': '0.0000', 'workingType': 'CONTRACT_PRICE', 'priceProtect': False, 'origType': 'LIMIT', 'priceMatch': 'NONE', 'selfTradePreventionMode': 'NONE', 'goodTillDate': 0, 'updateTime': 1703446273078}
2023-12-24 19:31:13,621
{'orderId': 8389765637676930649, 'symbol': 'ETHUSDT', 'status': 'NEW', 'clientOrderId': 'TSvqwESAW4BNlf2ftai69H', 'price': '2293.63', 'avgPrice': '0.00', 'origQty': '0.021', 'executedQty': '0.000', 'cumQty': '0.000', 'cumQuote': '0.00000', 'timeInForce': 'GTC', 'type': 'LIMIT', 'reduceOnly': False, 'closePosition': False, 'side': 'BUY', 'positionSide': 'BOTH', 'stopPrice': '0.00', 'workingType': 'CONTRACT_PRICE', 'priceProtect': False, 'origType': 'LIMIT', 'priceMatch': 'NONE', 'selfTradePreventionMode': 'NONE', 'goodTillDate': 0, 'updateTime': 1703446273511}
2023-12-24 19:31:15,200
update 0: filled 0 / 2 () | working 2 / 2 (+XRPUSDT,+ETHUSDT)
2023-12-24 19:31:19,201
+XRPUSDT: bp6.0|+ETHUSDT: bp5.0|
2023-12-24 19:31:20,073
update 1: filled 0 / 2 () | working 2 / 2 (+XRPUSDT,+ETHUSDT)
2023-12-24 19:31:24,074
+XRPUSDT: bp5.0|+ETHUSDT: bp5.0|
2023-12-24 19:31:24,945
update 2: filled 0 / 2 () | working 2 / 2 (+XRPUSDT,+ETHUSDT)
2023-12-24 19:31:28,946
+XRPUSDT: bp5.0|+ETHUSDT: bp5.0|
2023-12-24 19:31:29,818
update 3: filled 0 / 2 () | working 2 / 2 (+XRPUSDT,+ETHUSDT)
2023-12-24 19:31:33,819
+XRPUSDT: bp6.0|+ETHUSDT: bp5.0|
2023-12-24 19:31:34,693
update 4: filled 0 / 2 () | working 2 / 2 (+XRPUSDT,+ETHUSDT)
2023-12-24 19:31:38,694
+XRPUSDT: bp5.0|+ETHUSDT: bp4.0|
2023-12-24 19:31:39,565
update 5: filled 0 / 2 () | working 2 / 2 (+XRPUSDT,+ETHUSDT)
2023-12-24 19:31:43,566
+XRPUSDT: bp6.0|+ETHUSDT: bp4.0|
2023-12-24 19:31:44,441
update 6: filled 0 / 2 () | working 2 / 2 (+XRPUSDT,+ETHUSDT)
2023-12-24 19:31:48,442
+XRPUSDT: bp5.0|+ETHUSDT: bp4.0|
2023-12-24 19:31:49,314
update 7: filled 0 / 2 () | working 2 / 2 (+XRPUSDT,+ETHUSDT)
2023-12-24 19:31:53,315
+XRPUSDT: bp6.0|+ETHUSDT: bp4.0|
2023-12-24 19:31:54,186
update 8: filled 0 / 2 () | working 2 / 2 (+XRPUSDT,+ETHUSDT)
2023-12-24 19:31:58,187
+XRPUSDT: bp5.0|+ETHUSDT: bp4.0|
2023-12-24 19:31:59,061
update 9: filled 0 / 2 () | working 2 / 2 (+XRPUSDT,+ETHUSDT)
2023-12-24 19:32:03,062
+XRPUSDT: bp5.0|+ETHUSDT: bp4.0|
2023-12-24 19:32:03,934
update 10: filled 0 / 2 () | working 2 / 2 (+XRPUSDT,+ETHUSDT)
2023-12-24 19:32:07,935
+XRPUSDT: bp5.0|+ETHUSDT: bp5.0|
2023-12-24 19:32:08,807
update 11: filled 0 / 2 () | working 2 / 2 (+XRPUSDT,+ETHUSDT)
2023-12-24 19:32:12,808
+XRPUSDT: bp6.0|+ETHUSDT: bp5.0|
2023-12-24 19:32:13,680
update 12: filled 0 / 2 () | working 2 / 2 (+XRPUSDT,+ETHUSDT)
2023-12-24 19:32:17,681
+XRPUSDT: bp6.0|+ETHUSDT: bp5.0|
2023-12-24 19:32:18,555
update 13: filled 0 / 2 () | working 2 / 2 (+XRPUSDT,+ETHUSDT)
2023-12-24 19:32:22,556
+XRPUSDT: bp6.0|+ETHUSDT: bp5.0|
2023-12-24 19:32:23,428
update 14: filled 0 / 2 () | working 2 / 2 (+XRPUSDT,+ETHUSDT)
2023-12-24 19:32:27,429
+XRPUSDT: bp5.0|+ETHUSDT: bp4.0|
2023-12-24 19:32:27,429
Adjustment limit #1 ... 
 we cancel current orders and replace
2023-12-24 19:32:27,429
@+/-2.5bp limit 
2023-12-24 19:32:27,429
binance_cancel_and_replace_orders_peg 20231224_193227
2023-12-24 19:32:28,754
binance_place_orders_peg 20231224_193228
2023-12-24 19:32:29,192
{'orderId': 47383219918, 'symbol': 'XRPUSDT', 'status': 'NEW', 'clientOrderId': 'UayJLHpgLc1wJgu5H4fr3v', 'price': '0.6235', 'avgPrice': '0.00', 'origQty': '78.6', 'executedQty': '0.0', 'cumQty': '0.0', 'cumQuote': '0.00000', 'timeInForce': 'GTC', 'type': 'LIMIT', 'reduceOnly': False, 'closePosition': False, 'side': 'BUY', 'positionSide': 'BOTH', 'stopPrice': '0.0000', 'workingType': 'CONTRACT_PRICE', 'priceProtect': False, 'origType': 'LIMIT', 'priceMatch': 'NONE', 'selfTradePreventionMode': 'NONE', 'goodTillDate': 0, 'updateTime': 1703446349078}
2023-12-24 19:32:29,632
{'orderId': 8389765637677035181, 'symbol': 'ETHUSDT', 'status': 'NEW', 'clientOrderId': 'TSvqwESAW4BNlf2ftai69H', 'price': '2293.93', 'avgPrice': '0.00', 'origQty': '0.021', 'executedQty': '0.000', 'cumQty': '0.000', 'cumQuote': '0.00000', 'timeInForce': 'GTC', 'type': 'LIMIT', 'reduceOnly': False, 'closePosition': False, 'side': 'BUY', 'positionSide': 'BOTH', 'stopPrice': '0.00', 'workingType': 'CONTRACT_PRICE', 'priceProtect': False, 'origType': 'LIMIT', 'priceMatch': 'NONE', 'selfTradePreventionMode': 'NONE', 'goodTillDate': 0, 'updateTime': 1703446349518}
2023-12-24 19:32:30,506
update 0: filled 0 / 2 () | working 2 / 2 (+XRPUSDT,+ETHUSDT)
2023-12-24 19:32:34,507
+XRPUSDT: bp5.0|+ETHUSDT: bp2.0|
2023-12-24 19:32:35,380
update 1: filled 0 / 2 () | working 2 / 2 (+XRPUSDT,+ETHUSDT)
2023-12-24 19:32:39,381
+XRPUSDT: bp5.0|+ETHUSDT: bp2.0|
2023-12-24 19:32:40,253
update 2: filled 0 / 2 () | working 2 / 2 (+XRPUSDT,+ETHUSDT)
2023-12-24 19:32:44,253
+XRPUSDT: bp5.0|+ETHUSDT: bp3.0|
2023-12-24 19:32:45,125
update 3: filled 2 / 2 (+XRPUSDT,+ETHUSDT) | working 0 / 2 ()
2023-12-24 19:32:51,114
Trades of the day
in$
as of: 24Dec 19:32>>19:32 (#trades: 2)
trade net: +97.0 (+33.1%), trade gross: +97.0 (+33.1%), BUY: +97.0 (+33.1%), SELL: +0.0 (+0.0%)
fees: $ 0.019 (2.0bp)
2023-12-24 19:32:51,569
Trades: 
Filled #2
______________________________________________
                   in$ | in bp 97 traded | in bp 292 AUMs
realizedPnl    +0      | +0      | +0     
PnLvsArrival   +0.04   | +4      | +1     
PnLvsLast      -0.08   | -8      | -3     
______________________________________________
                 | Value$ | PnL Arrival/Last 
______________________________________________
ETH:+0.021@2293.93 | +48$ | 0.02/-0.03
XRP:+78.6@0.6235 | +49$ | 0.02/-0.05
