2024-05-09 22:30:46,664
ON program started 20240509 22:30:46,
US time: 20240509 18:30:46
2024-05-09 22:30:47,727
the strat is currently running @ 09-05-2024 and the target positions is SHORT
2024-05-09 22:30:49,559
CURRENT STATUS IS SHORT, WE CHECK IF THE DAY IS A NEGATIVE ONE
-----
return before 14h30:
BTCUSDT-0.02%, ETHUSDT-0.02%, XRPUSDT-0.99%
-----
target alloc initial:BTCUSDT-4.17%, ETHUSDT+0.00%, XRPUSDT-4.17%
-----
alloc target x rt%<0:BTCUSDT-4.17%, ETHUSDT+0.00%, XRPUSDT-4.17%
-----
           BTCUSDT ETHUSDT XRPUSDT
w_target     -4.2%    0.0%   -4.2%
rt_14h30    -0.00%  -0.00%  -0.01%
w_target_f   -4.2%    0.0%   -4.2%
2024-05-09 22:30:49,560
Portfolio was rebalanced less than 2 hours ago, 1.0 hours ago
2024-05-09 22:30:49,561
Status: prev = SHORT <> LONG = target
2024-05-09 22:30:49,561
the strat is currently running @ 09-05-2024 and the target positions is SHORT
the strat was previously run @ 2024-05-09 21:30:59, success:yes 
   and the current positions is LONG
2024-05-09 22:30:50,762
positions_future #2
2024-05-09 22:30:50,762
      symbol  positionAmt entryPrice  ... adlQuantile AUMs_account        w%
167  ETHUSDT        0.016    3012.65  ...           2        280.9  0.172277
134  XRPUSDT       90.700     0.5179  ...           3        280.9  0.167313

[2 rows x 12 columns]
2024-05-09 22:30:51,005
------------------------------
binance_account_balance
2024-05-09 22:30:51,005
  asset     balance  ...  marginAvailable   updateTime
6  USDT  280.662551  ...             True  09May-18:33

[1 rows x 8 columns]
2024-05-09 22:30:51,674
------------------------------
open_orders
2024-05-09 22:30:51,675
Empty DataFrame
Columns: []
Index: []
2024-05-09 22:30:52,328
------------------------------
AUMS account:280

2024-05-09 22:30:52,330
--------------- compute_futures_order_book() ----------------
2024-05-09 22:30:53,890
----------------------------------------------------------------------
#2 order(s) to place
gross$: 107$ | net$: -107$
gross%: 38% | net%: -38%
 || w>0%  +0% | w<0%  -38%
----------------------------------------------------------------------
PTF Expo% 33.8% >> -8.3% (current>>target)
PTF expo $95.0 >> $-23 (current>>target)
----------------------------------------------------------------------
2024-05-09 22:30:53,893
orders_ofthe_day
2024-05-09 22:30:53,893
                  ptf_usd  target_usd  totrd_usd  ...        bid        ask strategy
2024-05-09 22:30                                  ...                               
XRPUSDT              47.0      -11.71      -59.0  ...     0.5181     0.5182  STRATON
ETHUSDT              48.0        0.00      -48.0  ...  3023.3300  3023.3400  STRATON

[2 rows x 10 columns]
2024-05-09 22:30:55,566
binance_place_orders_peg 20240509_223055
2024-05-09 22:30:56,007
{'orderId': 56370148995, 'symbol': 'XRPUSDT', 'status': 'NEW', 'clientOrderId': 'STRATON', 'price': '0.5185', 'avgPrice': '0.00', 'origQty': '113.9', 'executedQty': '0.0', 'cumQty': '0.0', 'cumQuote': '0.00000', 'timeInForce': 'GTC', 'type': 'LIMIT', 'reduceOnly': False, 'closePosition': False, 'side': 'SELL', 'positionSide': 'BOTH', 'stopPrice': '0.0000', 'workingType': 'CONTRACT_PRICE', 'priceProtect': False, 'origType': 'LIMIT', 'priceMatch': 'NONE', 'selfTradePreventionMode': 'NONE', 'goodTillDate': 0, 'updateTime': 1715293855893}
2024-05-09 22:30:56,452
{'orderId': 8389765680107685713, 'symbol': 'ETHUSDT', 'status': 'NEW', 'clientOrderId': 'STRATON', 'price': '3024.85', 'avgPrice': '0.00', 'origQty': '0.016', 'executedQty': '0.000', 'cumQty': '0.000', 'cumQuote': '0.00000', 'timeInForce': 'GTC', 'type': 'LIMIT', 'reduceOnly': False, 'closePosition': False, 'side': 'SELL', 'positionSide': 'BOTH', 'stopPrice': '0.00', 'workingType': 'CONTRACT_PRICE', 'priceProtect': False, 'origType': 'LIMIT', 'priceMatch': 'NONE', 'selfTradePreventionMode': 'NONE', 'goodTillDate': 0, 'updateTime': 1715293856336}
2024-05-09 22:30:58,005
update 0: filled 0 / 2 () | working 2 / 2 (-XRPUSDT,-ETHUSDT)
2024-05-09 22:31:02,006
-XRPUSDT: bp8.0|-ETHUSDT: bp5.0|
2024-05-09 22:31:02,887
update 1: filled 0 / 2 () | working 2 / 2 (-XRPUSDT,-ETHUSDT)
2024-05-09 22:31:06,887
-XRPUSDT: bp8.0|-ETHUSDT: bp3.0|
2024-05-09 22:31:07,759
update 2: filled 0 / 2 () | working 2 / 2 (-XRPUSDT,-ETHUSDT)
2024-05-09 22:31:11,759
-XRPUSDT: bp8.0|-ETHUSDT: bp3.0|
2024-05-09 22:31:12,633
update 3: filled 0 / 2 () | working 2 / 2 (-XRPUSDT,-ETHUSDT)
2024-05-09 22:31:16,633
-XRPUSDT: bp10.0|-ETHUSDT: bp4.0|
2024-05-09 22:31:17,506
update 4: filled 0 / 2 () | working 2 / 2 (-XRPUSDT,-ETHUSDT)
2024-05-09 22:31:21,507
-XRPUSDT: bp8.0|-ETHUSDT: bp4.0|
2024-05-09 22:31:22,378
update 5: filled 0 / 2 () | working 2 / 2 (-XRPUSDT,-ETHUSDT)
2024-05-09 22:31:26,379
-XRPUSDT: bp8.0|-ETHUSDT: bp3.0|
2024-05-09 22:31:27,249
update 6: filled 1 / 2 (-ETHUSDT) | working 1 / 2 (-XRPUSDT)
2024-05-09 22:31:31,250
-XRPUSDT: bp4.0|
2024-05-09 22:31:32,123
update 7: filled 1 / 2 (-ETHUSDT) | working 1 / 2 (-XRPUSDT)
2024-05-09 22:31:36,124
-XRPUSDT: bp4.0|
2024-05-09 22:31:36,996
update 8: filled 1 / 2 (-ETHUSDT) | working 1 / 2 (-XRPUSDT)
2024-05-09 22:31:40,997
-XRPUSDT: bp6.0|
2024-05-09 22:31:41,870
update 9: filled 1 / 2 (-ETHUSDT) | working 1 / 2 (-XRPUSDT)
2024-05-09 22:31:45,871
-XRPUSDT: bp6.0|
2024-05-09 22:31:46,742
update 10: filled 1 / 2 (-ETHUSDT) | working 1 / 2 (-XRPUSDT)
2024-05-09 22:31:50,743
-XRPUSDT: bp6.0|
2024-05-09 22:31:51,615
update 11: filled 1 / 2 (-ETHUSDT) | working 1 / 2 (-XRPUSDT)
2024-05-09 22:31:55,616
-XRPUSDT: bp6.0|
2024-05-09 22:31:56,489
update 12: filled 1 / 2 (-ETHUSDT) | working 1 / 2 (-XRPUSDT)
2024-05-09 22:32:00,490
-XRPUSDT: bp6.0|
2024-05-09 22:32:01,362
update 13: filled 1 / 2 (-ETHUSDT) | working 1 / 2 (-XRPUSDT)
2024-05-09 22:32:05,363
-XRPUSDT: bp8.0|
2024-05-09 22:32:06,237
update 14: filled 1 / 2 (-ETHUSDT) | working 1 / 2 (-XRPUSDT)
2024-05-09 22:32:10,237
-XRPUSDT: bp8.0|
2024-05-09 22:32:10,238
Adjustment limit #1 ... 
 we cancel current orders and replace
2024-05-09 22:32:10,238
@+/-2.5bp limit 
2024-05-09 22:32:10,238
binance_cancel_and_replace_orders_peg 20240509_223210
2024-05-09 22:32:11,781
binance_place_orders_peg 20240509_223211
2024-05-09 22:32:12,218
{'orderId': 56370170224, 'symbol': 'XRPUSDT', 'status': 'NEW', 'clientOrderId': 'STRATON', 'price': '0.5183', 'avgPrice': '0.00', 'origQty': '113.9', 'executedQty': '0.0', 'cumQty': '0.0', 'cumQuote': '0.00000', 'timeInForce': 'GTC', 'type': 'LIMIT', 'reduceOnly': False, 'closePosition': False, 'side': 'SELL', 'positionSide': 'BOTH', 'stopPrice': '0.0000', 'workingType': 'CONTRACT_PRICE', 'priceProtect': False, 'origType': 'LIMIT', 'priceMatch': 'NONE', 'selfTradePreventionMode': 'NONE', 'goodTillDate': 0, 'updateTime': 1715293932107}
2024-05-09 22:32:13,102
update 0: filled 1 / 2 (-ETHUSDT) | working 1 / 2 (-XRPUSDT)
2024-05-09 22:32:17,103
-XRPUSDT: bp4.0|
2024-05-09 22:32:17,977
update 1: filled 1 / 2 (-ETHUSDT) | working 1 / 2 (-XRPUSDT)
2024-05-09 22:32:21,978
-XRPUSDT: bp2.0|
2024-05-09 22:32:22,848
update 2: filled 1 / 2 (-ETHUSDT) | working 1 / 2 (-XRPUSDT)
2024-05-09 22:32:26,848
-XRPUSDT: bp0.0|
2024-05-09 22:32:27,720
update 3: filled 1 / 2 (-ETHUSDT) | working 1 / 2 (-XRPUSDT)
2024-05-09 22:32:31,720
-XRPUSDT: bp0.0|
2024-05-09 22:32:32,594
update 4: filled 1 / 2 (-ETHUSDT) | working 1 / 2 (-XRPUSDT)
2024-05-09 22:32:36,595
-XRPUSDT: bp2.0|
2024-05-09 22:32:37,467
update 5: filled 1 / 2 (-ETHUSDT) | working 1 / 2 (-XRPUSDT)
2024-05-09 22:32:41,468
-XRPUSDT: bp2.0|
2024-05-09 22:32:42,340
update 6: filled 1 / 2 (-ETHUSDT) | working 1 / 2 (-XRPUSDT)
2024-05-09 22:32:46,341
-XRPUSDT: bp2.0|
2024-05-09 22:32:47,211
update 7: filled 1 / 2 (-ETHUSDT) | working 1 / 2 (-XRPUSDT)
2024-05-09 22:32:51,212
-XRPUSDT: bp0.0|
2024-05-09 22:32:52,082
update 8: filled 1 / 2 (-ETHUSDT) | working 1 / 2 (-XRPUSDT)
2024-05-09 22:32:56,082
-XRPUSDT: bp0.0|
2024-05-09 22:32:56,954
update 9: filled 1 / 2 (-ETHUSDT) | working 1 / 2 (-XRPUSDT)
2024-05-09 22:33:00,955
-XRPUSDT: bp2.0|
2024-05-09 22:33:01,825
update 10: filled 1 / 2 (-ETHUSDT) | working 1 / 2 (-XRPUSDT)
2024-05-09 22:33:05,825
-XRPUSDT: bp2.0|
2024-05-09 22:33:06,696
update 11: filled 1 / 2 (-ETHUSDT) | working 1 / 2 (-XRPUSDT)
2024-05-09 22:33:10,697
-XRPUSDT: bp2.0|
2024-05-09 22:33:11,567
update 12: filled 1 / 2 (-ETHUSDT) | working 1 / 2 (-XRPUSDT)
2024-05-09 22:33:15,568
-XRPUSDT: bp2.0|
2024-05-09 22:33:16,441
update 13: filled 1 / 2 (-ETHUSDT) | working 1 / 2 (-XRPUSDT)
2024-05-09 22:33:20,441
-XRPUSDT: bp4.0|
2024-05-09 22:33:21,312
update 14: filled 2 / 2 (-ETHUSDT,-XRPUSDT) | working 0 / 2 ()
2024-05-09 22:33:27,744
Trades of the day
in$
as of: 09May 22:31>>22:33 (#trades: 2)
trade net: -107.0 (-38.1%), trade gross: +107.0 (+38.1%), BUY: +0.0 (+0.0%), SELL: -107.0 (-38.1%)
fees: $ 0.021 (2.0bp)
2024-05-09 22:33:28,194
Trades: 
Filled #2
______________________________________________
                   in$ | in bp 107 traded | in bp 280 AUMs
realizedPnl    +0.24   | +22     | +9     
PnLvsArrival   +0.04   | +4      | +1     
PnLvsLast      +0.01   | +1      | +0     
______________________________________________
                 | Value$ | PnL Arrival/Last 
______________________________________________
XRP:-113.9@0.5183 | -59$ | 0.02/0
ETH:-0.016@3024.85 | -48$ | 0.02/0.01
