2024-06-15 01:31:14,304
ON program started 20240615 01:31:14,
US time: 20240614 21:31:14
2024-06-15 01:31:15,653
the strat is currently running @ 15-06-2024 and the target positions is SHORT
2024-06-15 01:31:18,561
CURRENT STATUS IS SHORT, WE CHECK IF THE DAY IS A NEGATIVE ONE
-----
return before 14h30:
BTCUSDT+0.09%, ETHUSDT+0.02%, XRPUSDT+0.02%
-----
target alloc initial:BTCUSDT-4.17%, ETHUSDT+0.00%, XRPUSDT-4.17%
-----
alloc target x rt%<0:BTCUSDT-0.00%, ETHUSDT+0.00%, XRPUSDT-0.00%
-----
           BTCUSDT ETHUSDT XRPUSDT
w_target     -4.2%    0.0%   -4.2%
rt_14h30     0.00%   0.00%   0.00%
w_target_f   -0.0%    0.0%   -0.0%
2024-06-15 01:31:18,562
Portfolio was rebalanced less than 2 hours ago, 1.0 hours ago
2024-06-15 01:31:18,564
Status: prev = SHORT <> SHORT = target
2024-06-15 01:31:18,564
the strat is currently running @ 15-06-2024 and the target positions is SHORT
the strat was previously run @ 2024-06-15 00:30:47, success:yes 
   and the current positions is SHORT
2024-06-15 01:31:19,696
positions_future #0
2024-06-15 01:31:19,696
Empty DataFrame
Columns: [symbol, positionAmt, entryPrice, breakEvenPrice, markPrice, unRealizedProfit, value_usd, updateTime, isolated, adlQuantile, AUMs_account, w%]
Index: []
2024-06-15 01:31:19,757
programm stoppeddd!!! 20240615_013119
