2024-05-06 00:31:12,610
ON program started 20240506 00:31:12,
US time: 20240505 20:31:12
2024-05-06 00:31:13,176
the strat is currently running @ 06-05-2024 and the target positions is SHORT
2024-05-06 00:31:15,018
CURRENT STATUS IS SHORT, WE CHECK IF THE DAY IS A NEGATIVE ONE
-----
return before 14h30:
BTCUSDT+0.27%, ETHUSDT+0.32%, XRPUSDT+0.28%
-----
target alloc initial:BTCUSDT-4.17%, ETHUSDT+0.00%, XRPUSDT-4.17%
-----
alloc target x rt%<0:BTCUSDT-0.00%, ETHUSDT+0.00%, XRPUSDT-0.00%
-----
           BTCUSDT ETHUSDT XRPUSDT
w_target     -4.2%    0.0%   -4.2%
rt_14h30     0.00%   0.00%   0.00%
w_target_f   -0.0%    0.0%   -0.0%
2024-05-06 00:31:15,020
Portfolio was rebalanced less than 2 hours ago, 1.0 hours ago
2024-05-06 00:31:15,022
Status: prev = SHORT <> SHORT = target
2024-05-06 00:31:15,022
the strat is currently running @ 06-05-2024 and the target positions is SHORT
the strat was previously run @ 2024-05-05 23:30:58, success:yes 
   and the current positions is SHORT
2024-05-06 00:31:16,294
positions_future #1
2024-05-06 00:31:16,294
      symbol  positionAmt entryPrice  ... adlQuantile AUMs_account        w%
134  XRPUSDT        -22.8     0.5283  ...           1        283.2 -0.042724

[1 rows x 12 columns]
2024-05-06 00:31:16,409
programm stoppeddd!!! 20240506_003116
