2024-08-18 03:30:56,769
ON program started 20240818 03:30:56,
US time: 20240817 23:30:56
2024-08-18 03:30:57,268
the strat is currently running @ 18-08-2024 and the target positions is NEUTRAL
2024-08-18 03:30:59,371
CURRENT STATUS IS NEUTRAL
-----
return before 14h30:
BTCUSDT+0.22%, ETHUSDT+0.15%, XRPUSDT+0.23%
-----
target alloc initial:BTCUSDT+0.00%, ETHUSDT+0.00%, XRPUSDT+0.00%
-----
alloc target x rt%<0:BTCUSDT+0.00%, ETHUSDT+0.00%, XRPUSDT+0.00%
-----
           BTCUSDT ETHUSDT XRPUSDT
w_target      0.0%    0.0%    0.0%
rt_14h30     0.00%   0.00%   0.00%
w_target_f    0.0%    0.0%    0.0%
2024-08-18 03:30:59,372
Portfolio was rebalanced less than 2 hours ago, 1.0 hours ago
2024-08-18 03:30:59,374
Status: prev = NEUTRAL <> NEUTRAL = target
2024-08-18 03:30:59,374
the strat is currently running @ 18-08-2024 and the target positions is NEUTRAL
the strat was previously run @ 2024-08-18 02:30:54, success:yes 
   and the current positions is NEUTRAL
2024-08-18 03:30:59,910
positions_future #0
2024-08-18 03:30:59,910
Empty DataFrame
Columns: [symbol, positionAmt, entryPrice, breakEvenPrice, markPrice, unRealizedProfit, value_usd, updateTime, isolated, adlQuantile, AUMs_account, w%]
Index: []
2024-08-18 03:30:59,971
programm stoppeddd!!! 20240818_033059
