2024-08-07 18:30:32,323
ON program started 20240807 18:30:32,
US time: 20240807 14:30:32
2024-08-07 18:30:32,797
the strat is currently running @ 07-08-2024 and the target positions is LONG
2024-08-07 18:30:34,507
CURRENT STATUS IS LONG
-----
return before 14h30:
BTCUSDT+1.45%, ETHUSDT-0.57%, XRPUSDT+0.40%
-----
target alloc initial:BTCUSDT+16.67%, ETHUSDT+16.67%, XRPUSDT+16.67%
-----
alloc target x rt%<0:BTCUSDT+16.67%, ETHUSDT+16.67%, XRPUSDT+16.67%
-----
           BTCUSDT ETHUSDT XRPUSDT
w_target     16.7%   16.7%   16.7%
rt_14h30     0.01%  -0.01%   0.00%
w_target_f   16.7%   16.7%   16.7%
2024-08-07 18:30:34,508
Portfolio was rebalanced less than 2 hours ago, 15.0 hours ago
2024-08-07 18:30:34,510
Status: prev = LONG <> NEUTRAL = target
2024-08-07 18:30:34,510
the strat is currently running @ 07-08-2024 and the target positions is LONG
the strat was previously run @ 2024-08-07 03:30:58, success:yes 
   and the current positions is NEUTRAL
2024-08-07 18:30:35,635
positions_future #0
2024-08-07 18:30:35,635
Empty DataFrame
Columns: [symbol, positionAmt, entryPrice, breakEvenPrice, markPrice, unRealizedProfit, value_usd, updateTime, isolated, adlQuantile, AUMs_account, w%]
Index: []
2024-08-07 18:30:35,842
------------------------------
binance_account_balance
2024-08-07 18:30:35,842
  asset     balance  ...  marginAvailable   updateTime
4  USDT  296.879293  ...             True  06Aug-22:31

[1 rows x 8 columns]
2024-08-07 18:30:36,058
------------------------------
open_orders
2024-08-07 18:30:36,058
Empty DataFrame
Columns: []
Index: []
2024-08-07 18:30:36,672
------------------------------
AUMS account:296

2024-08-07 18:30:36,674
--------------- compute_futures_order_book() ----------------
2024-08-07 18:30:38,129
----------------------------------------------------------------------
#2 order(s) to place
gross$: 100$ | net$: +100$
gross%: 34% | net%: +34%
 || w>0%  +34% | w<0%  0%
----------------------------------------------------------------------
PTF Expo% 0.0% >> 50.0% (current>>target)
PTF expo $0.0 >> $148 (current>>target)
----------------------------------------------------------------------
2024-08-07 18:30:38,131
orders_ofthe_day
2024-08-07 18:30:38,131
                  ptf_usd  target_usd  totrd_usd  ...        bid        ask strategy
2024-08-07 18:30                                  ...                               
ETHUSDT               0.0       49.49       50.0  ...  2360.1300  2360.1400  STRATON
XRPUSDT               0.0       49.49       50.0  ...     0.5046     0.5047  STRATON

[2 rows x 10 columns]
2024-08-07 18:30:39,757
binance_place_orders_peg 20240807_183039
2024-08-07 18:30:40,171
{'orderId': 8389765712068825967, 'symbol': 'ETHUSDT', 'status': 'NEW', 'clientOrderId': 'STRATON', 'price': '2359.30', 'avgPrice': '0.00', 'origQty': '0.021', 'executedQty': '0.000', 'cumQty': '0.000', 'cumQuote': '0.00000', 'timeInForce': 'GTC', 'type': 'LIMIT', 'reduceOnly': False, 'closePosition': False, 'side': 'BUY', 'positionSide': 'BOTH', 'stopPrice': '0.00', 'workingType': 'CONTRACT_PRICE', 'priceProtect': False, 'origType': 'LIMIT', 'priceMatch': 'NONE', 'selfTradePreventionMode': 'NONE', 'goodTillDate': 0, 'updateTime': 1723055440065}
2024-08-07 18:30:40,584
{'orderId': 62529103373, 'symbol': 'XRPUSDT', 'status': 'NEW', 'clientOrderId': 'STRATON', 'price': '0.5043', 'avgPrice': '0.00', 'origQty': '99.1', 'executedQty': '0.0', 'cumQty': '0.0', 'cumQuote': '0.00000', 'timeInForce': 'GTC', 'type': 'LIMIT', 'reduceOnly': False, 'closePosition': False, 'side': 'BUY', 'positionSide': 'BOTH', 'stopPrice': '0.0000', 'workingType': 'CONTRACT_PRICE', 'priceProtect': False, 'origType': 'LIMIT', 'priceMatch': 'NONE', 'selfTradePreventionMode': 'NONE', 'goodTillDate': 0, 'updateTime': 1723055440478}
2024-08-07 18:30:42,047
update 0: filled 0 / 2 () | working 2 / 2 (+ETHUSDT,+XRPUSDT)
2024-08-07 18:30:46,048
+ETHUSDT: bp9.0|+XRPUSDT: bp6.0|
2024-08-07 18:30:46,872
update 1: filled 1 / 2 (+ETHUSDT) | working 1 / 2 (+XRPUSDT)
2024-08-07 18:30:50,873
+XRPUSDT: bp12.0|
2024-08-07 18:30:51,691
update 2: filled 1 / 2 (+ETHUSDT) | working 1 / 2 (+XRPUSDT)
2024-08-07 18:30:55,692
+XRPUSDT: bp8.0|
2024-08-07 18:30:56,511
update 3: filled 2 / 2 (+ETHUSDT,+XRPUSDT) | working 0 / 2 ()
2024-08-07 18:31:02,808
Trades of the day
in$
as of: 07Aug 18:30>>18:30 (#trades: 2)
trade net: +100.0 (+33.7%), trade gross: +100.0 (+33.7%), BUY: +100.0 (+33.7%), SELL: +0.0 (+0.0%)
fees: $ 0.02 (2.0bp)
2024-08-07 18:31:03,232
Trades: 
Filled #2
______________________________________________
                   in$ | in bp 99 traded | in bp 296 AUMs
realizedPnl    +0      | +0      | +0     
PnLvsArrival   +0.05   | +5      | +2     
PnLvsLast      -0.03   | -3      | -1     
______________________________________________
                 | Value$ | PnL Arrival/Last 
______________________________________________
ETH:+0.021@2359.3 | +50$ | 0.02/-0.04
XRP:+99.1@0.5043 | +50$ | 0.03/0.01
