2024-04-06 22:31:03,917
ON program started 20240406 22:31:03,
US time: 20240406 18:31:03
2024-04-06 22:31:05,098
the strat is currently running @ 06-04-2024 and the target positions is SHORT
2024-04-06 22:31:06,526
CURRENT STATUS IS SHORT, WE CHECK IF THE DAY IS A NEGATIVE ONE
-----
return before 14h30:
BTCUSDT-0.18%, ETHUSDT+0.02%, XRPUSDT+0.02%
-----
target alloc initial:BTCUSDT-4.17%, ETHUSDT+0.00%, XRPUSDT-4.17%
-----
alloc target x rt%<0:BTCUSDT-4.17%, ETHUSDT+0.00%, XRPUSDT-0.00%
-----
           BTCUSDT ETHUSDT XRPUSDT
w_target     -4.2%    0.0%   -4.2%
rt_14h30    -0.00%   0.00%   0.00%
w_target_f   -4.2%    0.0%   -0.0%
2024-04-06 22:31:06,527
Portfolio was rebalanced less than 2 hours ago, 1.0 hours ago
2024-04-06 22:31:06,529
Status: prev = SHORT <> LONG = target
2024-04-06 22:31:06,529
the strat is currently running @ 06-04-2024 and the target positions is SHORT
the strat was previously run @ 2024-04-06 21:30:47, success:yes 
   and the current positions is LONG
2024-04-06 22:31:07,747
positions_future #2
2024-04-06 22:31:07,747
      symbol  positionAmt entryPrice  ... adlQuantile AUMs_account        w%
125  XRPUSDT       81.200     0.5912  ...           2        288.5  0.166428
158  ETHUSDT        0.014    3346.67  ...           2        288.5  0.163277

[2 rows x 12 columns]
2024-04-06 22:31:07,995
------------------------------
binance_account_balance
2024-04-06 22:31:07,995
  asset     balance  ...  marginAvailable   updateTime
6  USDT  288.262883  ...             True  06Apr-18:34

[1 rows x 8 columns]
2024-04-06 22:31:08,670
------------------------------
open_orders
2024-04-06 22:31:08,670
Empty DataFrame
Columns: []
Index: []
2024-04-06 22:31:09,331
------------------------------
AUMS account:288

2024-04-06 22:31:09,332
--------------- compute_futures_order_book() ----------------
2024-04-06 22:31:10,896
----------------------------------------------------------------------
#2 order(s) to place
gross$: 95$ | net$: -95$
gross%: 33% | net%: -33%
 || w>0%  +0% | w<0%  -33%
----------------------------------------------------------------------
PTF Expo% 32.9% >> -4.1% (current>>target)
PTF expo $95.0 >> $-12 (current>>target)
----------------------------------------------------------------------
2024-04-06 22:31:10,898
orders_ofthe_day
2024-04-06 22:31:10,898
                  ptf_usd  target_usd  totrd_usd  ...        bid        ask strategy
2024-04-06 22:31                                  ...                               
XRPUSDT              48.0        -0.0      -48.0  ...     0.5913     0.5914  STRATON
ETHUSDT              47.0         0.0      -47.0  ...  3364.5000  3364.5100  STRATON

[2 rows x 10 columns]
2024-04-06 22:31:12,968
binance_place_orders_peg 20240406_223112
2024-04-06 22:31:13,419
{'orderId': 54224822504, 'symbol': 'XRPUSDT', 'status': 'NEW', 'clientOrderId': 'STRATON', 'price': '0.5917', 'avgPrice': '0.00', 'origQty': '81.2', 'executedQty': '0.0', 'cumQty': '0.0', 'cumQuote': '0.00000', 'timeInForce': 'GTC', 'type': 'LIMIT', 'reduceOnly': False, 'closePosition': False, 'side': 'SELL', 'positionSide': 'BOTH', 'stopPrice': '0.0000', 'workingType': 'CONTRACT_PRICE', 'priceProtect': False, 'origType': 'LIMIT', 'priceMatch': 'NONE', 'selfTradePreventionMode': 'NONE', 'goodTillDate': 0, 'updateTime': 1712442673309}
2024-04-06 22:31:13,859
{'orderId': 8389765669318465574, 'symbol': 'ETHUSDT', 'status': 'NEW', 'clientOrderId': 'STRATON', 'price': '3366.19', 'avgPrice': '0.00', 'origQty': '0.014', 'executedQty': '0.000', 'cumQty': '0.000', 'cumQuote': '0.00000', 'timeInForce': 'GTC', 'type': 'LIMIT', 'reduceOnly': False, 'closePosition': False, 'side': 'SELL', 'positionSide': 'BOTH', 'stopPrice': '0.00', 'workingType': 'CONTRACT_PRICE', 'priceProtect': False, 'origType': 'LIMIT', 'priceMatch': 'NONE', 'selfTradePreventionMode': 'NONE', 'goodTillDate': 0, 'updateTime': 1712442673749}
2024-04-06 22:31:15,454
update 0: filled 0 / 2 () | working 2 / 2 (-XRPUSDT,-ETHUSDT)
2024-04-06 22:31:19,455
-XRPUSDT: bp5.0|-ETHUSDT: bp3.0|
2024-04-06 22:31:20,341
update 1: filled 0 / 2 () | working 2 / 2 (-XRPUSDT,-ETHUSDT)
2024-04-06 22:31:24,342
-XRPUSDT: bp7.0|-ETHUSDT: bp7.0|
2024-04-06 22:31:25,224
update 2: filled 0 / 2 () | working 2 / 2 (-XRPUSDT,-ETHUSDT)
2024-04-06 22:31:29,224
-XRPUSDT: bp7.0|-ETHUSDT: bp7.0|
2024-04-06 22:31:30,104
update 3: filled 0 / 2 () | working 2 / 2 (-XRPUSDT,-ETHUSDT)
2024-04-06 22:31:34,105
-XRPUSDT: bp7.0|-ETHUSDT: bp7.0|
2024-04-06 22:31:34,992
update 4: filled 0 / 2 () | working 2 / 2 (-XRPUSDT,-ETHUSDT)
2024-04-06 22:31:38,993
-XRPUSDT: bp7.0|-ETHUSDT: bp7.0|
2024-04-06 22:31:39,876
update 5: filled 0 / 2 () | working 2 / 2 (-XRPUSDT,-ETHUSDT)
2024-04-06 22:31:43,877
-XRPUSDT: bp7.0|-ETHUSDT: bp7.0|
2024-04-06 22:31:44,761
update 6: filled 0 / 2 () | working 2 / 2 (-XRPUSDT,-ETHUSDT)
2024-04-06 22:31:48,762
-XRPUSDT: bp5.0|-ETHUSDT: bp9.0|
2024-04-06 22:31:49,640
update 7: filled 0 / 2 () | working 2 / 2 (-XRPUSDT,-ETHUSDT)
2024-04-06 22:31:53,641
-XRPUSDT: bp5.0|-ETHUSDT: bp9.0|
2024-04-06 22:31:54,521
update 8: filled 0 / 2 () | working 2 / 2 (-XRPUSDT,-ETHUSDT)
2024-04-06 22:31:58,522
-XRPUSDT: bp5.0|-ETHUSDT: bp9.0|
2024-04-06 22:31:59,405
update 9: filled 0 / 2 () | working 2 / 2 (-XRPUSDT,-ETHUSDT)
2024-04-06 22:32:03,405
-XRPUSDT: bp5.0|-ETHUSDT: bp9.0|
2024-04-06 22:32:04,285
update 10: filled 0 / 2 () | working 2 / 2 (-XRPUSDT,-ETHUSDT)
2024-04-06 22:32:08,285
-XRPUSDT: bp5.0|-ETHUSDT: bp8.0|
2024-04-06 22:32:09,167
update 11: filled 0 / 2 () | working 2 / 2 (-XRPUSDT,-ETHUSDT)
2024-04-06 22:32:13,167
-XRPUSDT: bp3.0|-ETHUSDT: bp8.0|
2024-04-06 22:32:14,042
update 12: filled 0 / 2 () | working 2 / 2 (-XRPUSDT,-ETHUSDT)
2024-04-06 22:32:18,043
-XRPUSDT: bp3.0|-ETHUSDT: bp5.0|
2024-04-06 22:32:18,920
update 13: filled 0 / 2 () | working 2 / 2 (-XRPUSDT,-ETHUSDT)
2024-04-06 22:32:22,921
-XRPUSDT: bp3.0|-ETHUSDT: bp7.0|
2024-04-06 22:32:23,800
update 14: filled 0 / 2 () | working 2 / 2 (-XRPUSDT,-ETHUSDT)
2024-04-06 22:32:27,801
-XRPUSDT: bp2.0|-ETHUSDT: bp8.0|
2024-04-06 22:32:27,801
Adjustment limit #1 ... 
 we cancel current orders and replace
2024-04-06 22:32:27,801
@+/-2.5bp limit 
2024-04-06 22:32:27,801
binance_cancel_and_replace_orders_peg 20240406_223227
2024-04-06 22:32:29,999
binance_place_orders_peg 20240406_223229
2024-04-06 22:32:30,439
{'orderId': 54224854628, 'symbol': 'XRPUSDT', 'status': 'NEW', 'clientOrderId': 'STRATON', 'price': '0.5917', 'avgPrice': '0.00', 'origQty': '81.2', 'executedQty': '0.0', 'cumQty': '0.0', 'cumQuote': '0.00000', 'timeInForce': 'GTC', 'type': 'LIMIT', 'reduceOnly': False, 'closePosition': False, 'side': 'SELL', 'positionSide': 'BOTH', 'stopPrice': '0.0000', 'workingType': 'CONTRACT_PRICE', 'priceProtect': False, 'origType': 'LIMIT', 'priceMatch': 'NONE', 'selfTradePreventionMode': 'NONE', 'goodTillDate': 0, 'updateTime': 1712442750329}
2024-04-06 22:32:30,876
{'orderId': 8389765669318771166, 'symbol': 'ETHUSDT', 'status': 'NEW', 'clientOrderId': 'STRATON', 'price': '3363.23', 'avgPrice': '0.00', 'origQty': '0.014', 'executedQty': '0.000', 'cumQty': '0.000', 'cumQuote': '0.00000', 'timeInForce': 'GTC', 'type': 'LIMIT', 'reduceOnly': False, 'closePosition': False, 'side': 'SELL', 'positionSide': 'BOTH', 'stopPrice': '0.00', 'workingType': 'CONTRACT_PRICE', 'priceProtect': False, 'origType': 'LIMIT', 'priceMatch': 'NONE', 'selfTradePreventionMode': 'NONE', 'goodTillDate': 0, 'updateTime': 1712442750766}
2024-04-06 22:32:31,760
update 0: filled 0 / 2 () | working 2 / 2 (-XRPUSDT,-ETHUSDT)
2024-04-06 22:32:35,761
-XRPUSDT: bp3.0|-ETHUSDT: bp3.0|
2024-04-06 22:32:36,640
update 1: filled 0 / 2 () | working 2 / 2 (-XRPUSDT,-ETHUSDT)
2024-04-06 22:32:40,641
-XRPUSDT: bp2.0|-ETHUSDT: bp3.0|
2024-04-06 22:32:41,518
update 2: filled 0 / 2 () | working 2 / 2 (-XRPUSDT,-ETHUSDT)
2024-04-06 22:32:45,519
-XRPUSDT: bp2.0|-ETHUSDT: bp2.0|
2024-04-06 22:32:46,397
update 3: filled 1 / 2 (-ETHUSDT) | working 1 / 2 (-XRPUSDT)
2024-04-06 22:32:50,398
-XRPUSDT: bp3.0|
2024-04-06 22:32:51,276
update 4: filled 1 / 2 (-ETHUSDT) | working 1 / 2 (-XRPUSDT)
2024-04-06 22:32:55,277
-XRPUSDT: bp3.0|
2024-04-06 22:32:56,163
update 5: filled 1 / 2 (-ETHUSDT) | working 1 / 2 (-XRPUSDT)
2024-04-06 22:33:00,164
-XRPUSDT: bp3.0|
2024-04-06 22:33:01,041
update 6: filled 1 / 2 (-ETHUSDT) | working 1 / 2 (-XRPUSDT)
2024-04-06 22:33:05,042
-XRPUSDT: bp3.0|
2024-04-06 22:33:05,920
update 7: filled 1 / 2 (-ETHUSDT) | working 1 / 2 (-XRPUSDT)
2024-04-06 22:33:09,921
-XRPUSDT: bp3.0|
2024-04-06 22:33:10,799
update 8: filled 1 / 2 (-ETHUSDT) | working 1 / 2 (-XRPUSDT)
2024-04-06 22:33:14,800
-XRPUSDT: bp3.0|
2024-04-06 22:33:15,677
update 9: filled 1 / 2 (-ETHUSDT) | working 1 / 2 (-XRPUSDT)
2024-04-06 22:33:19,678
-XRPUSDT: bp2.0|
2024-04-06 22:33:20,558
update 10: filled 1 / 2 (-ETHUSDT) | working 1 / 2 (-XRPUSDT)
2024-04-06 22:33:24,559
-XRPUSDT: bp3.0|
2024-04-06 22:33:25,438
update 11: filled 1 / 2 (-ETHUSDT) | working 1 / 2 (-XRPUSDT)
2024-04-06 22:33:29,438
-XRPUSDT: bp3.0|
2024-04-06 22:33:30,315
update 12: filled 1 / 2 (-ETHUSDT) | working 1 / 2 (-XRPUSDT)
2024-04-06 22:33:34,316
-XRPUSDT: bp7.0|
2024-04-06 22:33:35,192
update 13: filled 1 / 2 (-ETHUSDT) | working 1 / 2 (-XRPUSDT)
2024-04-06 22:33:39,192
-XRPUSDT: bp5.0|
2024-04-06 22:33:40,072
update 14: filled 1 / 2 (-ETHUSDT) | working 1 / 2 (-XRPUSDT)
2024-04-06 22:33:44,073
-XRPUSDT: bp5.0|
2024-04-06 22:33:44,073
Adjustment limit #2 ... 
 we cancel current orders and replace
2024-04-06 22:33:44,073
@+/-1.25bp limit 
2024-04-06 22:33:44,073
binance_cancel_and_replace_orders_peg 20240406_223344
2024-04-06 22:33:45,615
binance_place_orders_peg 20240406_223345
2024-04-06 22:33:46,052
{'orderId': 54224875567, 'symbol': 'XRPUSDT', 'status': 'NEW', 'clientOrderId': 'STRATON', 'price': '0.5916', 'avgPrice': '0.00', 'origQty': '81.2', 'executedQty': '0.0', 'cumQty': '0.0', 'cumQuote': '0.00000', 'timeInForce': 'GTC', 'type': 'LIMIT', 'reduceOnly': False, 'closePosition': False, 'side': 'SELL', 'positionSide': 'BOTH', 'stopPrice': '0.0000', 'workingType': 'CONTRACT_PRICE', 'priceProtect': False, 'origType': 'LIMIT', 'priceMatch': 'NONE', 'selfTradePreventionMode': 'NONE', 'goodTillDate': 0, 'updateTime': 1712442825941}
2024-04-06 22:33:46,936
update 0: filled 1 / 2 (-ETHUSDT) | working 1 / 2 (-XRPUSDT)
2024-04-06 22:33:50,937
-XRPUSDT: bp3.0|
2024-04-06 22:33:51,815
update 1: filled 1 / 2 (-ETHUSDT) | working 1 / 2 (-XRPUSDT)
2024-04-06 22:33:55,816
-XRPUSDT: bp2.0|
2024-04-06 22:33:56,693
update 2: filled 1 / 2 (-ETHUSDT) | working 1 / 2 (-XRPUSDT)
2024-04-06 22:34:00,694
-XRPUSDT: bp2.0|
2024-04-06 22:34:01,572
update 3: filled 1 / 2 (-ETHUSDT) | working 1 / 2 (-XRPUSDT)
2024-04-06 22:34:05,572
-XRPUSDT: bp3.0|
2024-04-06 22:34:06,453
update 4: filled 1 / 2 (-ETHUSDT) | working 1 / 2 (-XRPUSDT)
2024-04-06 22:34:10,454
-XRPUSDT: bp3.0|
2024-04-06 22:34:11,328
update 5: filled 1 / 2 (-ETHUSDT) | working 1 / 2 (-XRPUSDT)
2024-04-06 22:34:15,329
-XRPUSDT: bp5.0|
2024-04-06 22:34:16,203
update 6: filled 1 / 2 (-ETHUSDT) | working 1 / 2 (-XRPUSDT)
2024-04-06 22:34:20,204
-XRPUSDT: bp5.0|
2024-04-06 22:34:21,080
update 7: filled 1 / 2 (-ETHUSDT) | working 1 / 2 (-XRPUSDT)
2024-04-06 22:34:25,081
-XRPUSDT: bp3.0|
2024-04-06 22:34:25,957
update 8: filled 1 / 2 (-ETHUSDT) | working 1 / 2 (-XRPUSDT)
2024-04-06 22:34:29,958
-XRPUSDT: bp3.0|
2024-04-06 22:34:30,836
update 9: filled 1 / 2 (-ETHUSDT) | working 1 / 2 (-XRPUSDT)
2024-04-06 22:34:34,836
-XRPUSDT: bp3.0|
2024-04-06 22:34:35,717
update 10: filled 1 / 2 (-ETHUSDT) | working 1 / 2 (-XRPUSDT)
2024-04-06 22:34:39,718
-XRPUSDT: bp3.0|
2024-04-06 22:34:40,595
update 11: filled 1 / 2 (-ETHUSDT) | working 1 / 2 (-XRPUSDT)
2024-04-06 22:34:44,596
-XRPUSDT: bp2.0|
2024-04-06 22:34:45,473
update 12: filled 1 / 2 (-ETHUSDT) | working 1 / 2 (-XRPUSDT)
2024-04-06 22:34:49,474
-XRPUSDT: bp5.0|
2024-04-06 22:34:50,352
update 13: filled 1 / 2 (-ETHUSDT) | working 1 / 2 (-XRPUSDT)
2024-04-06 22:34:54,353
-XRPUSDT: bp5.0|
2024-04-06 22:34:55,229
update 14: filled 1 / 2 (-ETHUSDT) | working 1 / 2 (-XRPUSDT)
2024-04-06 22:34:59,230
-XRPUSDT: bp5.0|
2024-04-06 22:34:59,230
Adjustment limit #3 ... 
 we cancel current orders and replace
2024-04-06 22:34:59,230
@+/-0.625bp limit 
2024-04-06 22:34:59,230
binance_cancel_and_replace_orders_peg 20240406_223459
2024-04-06 22:35:00,778
binance_place_orders_peg 20240406_223500
2024-04-06 22:35:01,227
{'orderId': 54224908378, 'symbol': 'XRPUSDT', 'status': 'NEW', 'clientOrderId': 'STRATON', 'price': '0.5915', 'avgPrice': '0.00', 'origQty': '81.2', 'executedQty': '0.0', 'cumQty': '0.0', 'cumQuote': '0.00000', 'timeInForce': 'GTC', 'type': 'LIMIT', 'reduceOnly': False, 'closePosition': False, 'side': 'SELL', 'positionSide': 'BOTH', 'stopPrice': '0.0000', 'workingType': 'CONTRACT_PRICE', 'priceProtect': False, 'origType': 'LIMIT', 'priceMatch': 'NONE', 'selfTradePreventionMode': 'NONE', 'goodTillDate': 0, 'updateTime': 1712442901116}
2024-04-06 22:35:02,117
update 0: filled 1 / 2 (-ETHUSDT) | working 1 / 2 (-XRPUSDT)
2024-04-06 22:35:06,118
-XRPUSDT: bp2.0|
2024-04-06 22:35:07,000
update 1: filled 1 / 2 (-ETHUSDT) | working 1 / 2 (-XRPUSDT)
2024-04-06 22:35:11,001
-XRPUSDT: bp0.0|
2024-04-06 22:35:11,878
update 2: filled 1 / 2 (-ETHUSDT) | working 1 / 2 (-XRPUSDT)
2024-04-06 22:35:15,879
-XRPUSDT: bp3.0|
2024-04-06 22:35:16,755
update 3: filled 1 / 2 (-ETHUSDT) | working 1 / 2 (-XRPUSDT)
2024-04-06 22:35:20,756
-XRPUSDT: bp3.0|
2024-04-06 22:35:21,637
update 4: filled 1 / 2 (-ETHUSDT) | working 1 / 2 (-XRPUSDT)
2024-04-06 22:35:25,638
-XRPUSDT: bp2.0|
2024-04-06 22:35:26,516
update 5: filled 1 / 2 (-ETHUSDT) | working 1 / 2 (-XRPUSDT)
2024-04-06 22:35:30,517
-XRPUSDT: bp2.0|
2024-04-06 22:35:31,393
update 6: filled 1 / 2 (-ETHUSDT) | working 1 / 2 (-XRPUSDT)
2024-04-06 22:35:35,394
-XRPUSDT: bp2.0|
2024-04-06 22:35:36,272
update 7: filled 1 / 2 (-ETHUSDT) | working 1 / 2 (-XRPUSDT)
2024-04-06 22:35:40,273
-XRPUSDT: bp3.0|
2024-04-06 22:35:41,155
update 8: filled 1 / 2 (-ETHUSDT) | working 1 / 2 (-XRPUSDT)
2024-04-06 22:35:45,156
-XRPUSDT: bp3.0|
2024-04-06 22:35:46,036
update 9: filled 1 / 2 (-ETHUSDT) | working 1 / 2 (-XRPUSDT)
2024-04-06 22:35:50,037
-XRPUSDT: bp2.0|
2024-04-06 22:35:50,915
update 10: filled 1 / 2 (-ETHUSDT) | working 1 / 2 (-XRPUSDT)
2024-04-06 22:35:54,916
-XRPUSDT: bp3.0|
2024-04-06 22:35:55,792
update 11: filled 1 / 2 (-ETHUSDT) | working 1 / 2 (-XRPUSDT)
2024-04-06 22:35:59,793
-XRPUSDT: bp2.0|
2024-04-06 22:36:00,671
update 12: filled 1 / 2 (-ETHUSDT) | working 1 / 2 (-XRPUSDT)
2024-04-06 22:36:04,672
-XRPUSDT: bp3.0|
2024-04-06 22:36:05,554
update 13: filled 1 / 2 (-ETHUSDT) | working 1 / 2 (-XRPUSDT)
2024-04-06 22:36:09,555
-XRPUSDT: bp3.0|
2024-04-06 22:36:10,435
update 14: filled 1 / 2 (-ETHUSDT) | working 1 / 2 (-XRPUSDT)
2024-04-06 22:36:14,436
-XRPUSDT: bp3.0|
2024-04-06 22:36:14,436
Adjustment limit #4 ... 
 we cancel current orders and replace
2024-04-06 22:36:14,436
@+/-0.3125bp limit 
2024-04-06 22:36:14,436
binance_cancel_and_replace_orders_peg 20240406_223614
2024-04-06 22:36:15,978
binance_place_orders_peg 20240406_223615
2024-04-06 22:36:16,416
{'orderId': 54224933801, 'symbol': 'XRPUSDT', 'status': 'NEW', 'clientOrderId': 'STRATON', 'price': '0.5914', 'avgPrice': '0.00', 'origQty': '81.2', 'executedQty': '0.0', 'cumQty': '0.0', 'cumQuote': '0.00000', 'timeInForce': 'GTC', 'type': 'LIMIT', 'reduceOnly': False, 'closePosition': False, 'side': 'SELL', 'positionSide': 'BOTH', 'stopPrice': '0.0000', 'workingType': 'CONTRACT_PRICE', 'priceProtect': False, 'origType': 'LIMIT', 'priceMatch': 'NONE', 'selfTradePreventionMode': 'NONE', 'goodTillDate': 0, 'updateTime': 1712442976307}
2024-04-06 22:36:17,303
update 0: filled 1 / 2 (-ETHUSDT) | working 1 / 2 (-XRPUSDT)
2024-04-06 22:36:21,303
-XRPUSDT: bp0.0|
2024-04-06 22:36:22,182
update 1: filled 1 / 2 (-ETHUSDT) | working 1 / 2 (-XRPUSDT)
2024-04-06 22:36:26,183
-XRPUSDT: bp2.0|
2024-04-06 22:36:27,059
update 2: filled 1 / 2 (-ETHUSDT) | working 1 / 2 (-XRPUSDT)
2024-04-06 22:36:31,060
-XRPUSDT: bp0.0|
2024-04-06 22:36:31,941
update 3: filled 1 / 2 (-ETHUSDT) | working 1 / 2 (-XRPUSDT)
2024-04-06 22:36:35,941
-XRPUSDT: bp2.0|
2024-04-06 22:36:36,823
update 4: filled 1 / 2 (-ETHUSDT) | working 1 / 2 (-XRPUSDT)
2024-04-06 22:36:40,824
-XRPUSDT: bp2.0|
2024-04-06 22:36:41,702
update 5: filled 1 / 2 (-ETHUSDT) | working 1 / 2 (-XRPUSDT)
2024-04-06 22:36:45,702
-XRPUSDT: bp2.0|
2024-04-06 22:36:46,580
update 6: filled 1 / 2 (-ETHUSDT) | working 1 / 2 (-XRPUSDT)
2024-04-06 22:36:50,580
-XRPUSDT: bp2.0|
2024-04-06 22:36:51,458
update 7: filled 2 / 2 (-ETHUSDT,-XRPUSDT) | working 0 / 2 ()
2024-04-06 22:36:57,914
Trades of the day
in$
as of: 06Apr 22:32>>22:36 (#trades: 2)
trade net: -95.0 (-32.9%), trade gross: +95.0 (+32.9%), BUY: +0.0 (+0.0%), SELL: -95.0 (-32.9%)
fees: $ 0.019 (2.0bp)
2024-04-06 22:36:58,368
Trades: 
Filled #2
______________________________________________
                   in$ | in bp 95 traded | in bp 288 AUMs
realizedPnl    +0.25   | +26     | +9     
PnLvsArrival   -0.02   | -2      | -1     
PnLvsLast      +0.02   | +2      | +1     
______________________________________________
                 | Value$ | PnL Arrival/Last 
______________________________________________
XRP:-81.2@0.5914 | -48$ | 0/0
ETH:-0.014@3363.23 | -47$ | -0.02/0.02
