2024-10-05 21:30:57,579
ON program started 20241005 21:30:57,
US time: 20241005 17:30:57
2024-10-05 21:30:58,153
the strat is currently running @ 05-10-2024 and the target positions is LONG
2024-10-05 21:30:59,483
CURRENT STATUS IS LONG
-----
return before 14h30:
BTCUSDT+0.11%, ETHUSDT-0.19%, XRPUSDT-0.67%
-----
target alloc initial:BTCUSDT+16.67%, ETHUSDT+16.67%, XRPUSDT+16.67%
-----
alloc target x rt%<0:BTCUSDT+16.67%, ETHUSDT+16.67%, XRPUSDT+16.67%
-----
           BTCUSDT ETHUSDT XRPUSDT
w_target     16.7%   16.7%   16.7%
rt_14h30     0.00%  -0.00%  -0.01%
w_target_f   16.7%   16.7%   16.7%
2024-10-05 21:30:59,484
Portfolio was rebalanced less than 2 hours ago, 1.0 hours ago
2024-10-05 21:30:59,486
Status: prev = LONG <> LONG = target
2024-10-05 21:30:59,486
the strat is currently running @ 05-10-2024 and the target positions is LONG
the strat was previously run @ 2024-10-05 20:30:43, success:yes 
   and the current positions is LONG
2024-10-05 21:31:00,612
positions_future #2
2024-10-05 21:31:00,612
      symbol  positionAmt entryPrice  ... adlQuantile AUMs_account        w%
184  ETHUSDT         0.02    2402.52  ...           2        286.4  0.167777
147  XRPUSDT        90.40     0.5313  ...           1        286.4  0.167144

[2 rows x 12 columns]
2024-10-05 21:31:00,696
programm stoppeddd!!! 20241005_213100
