2024-06-25 01:31:08,964
ON program started 20240625 01:31:08,
US time: 20240624 21:31:08
2024-06-25 01:31:09,430
the strat is currently running @ 25-06-2024 and the target positions is SHORT
2024-06-25 01:31:12,328
CURRENT STATUS IS SHORT, WE CHECK IF THE DAY IS A NEGATIVE ONE
-----
return before 14h30:
BTCUSDT+0.06%, ETHUSDT-0.36%, XRPUSDT-0.04%
-----
target alloc initial:BTCUSDT-4.17%, ETHUSDT+0.00%, XRPUSDT-4.17%
-----
alloc target x rt%<0:BTCUSDT-0.00%, ETHUSDT+0.00%, XRPUSDT-4.17%
-----
           BTCUSDT ETHUSDT XRPUSDT
w_target     -4.2%    0.0%   -4.2%
rt_14h30     0.00%  -0.00%  -0.00%
w_target_f   -0.0%    0.0%   -4.2%
2024-06-25 01:31:12,329
Portfolio was rebalanced less than 2 hours ago, 1.0 hours ago
2024-06-25 01:31:12,330
Status: prev = SHORT <> SHORT = target
2024-06-25 01:31:12,330
the strat is currently running @ 25-06-2024 and the target positions is SHORT
the strat was previously run @ 2024-06-25 00:31:04, success:yes 
   and the current positions is SHORT
2024-06-25 01:31:13,450
positions_future #0
2024-06-25 01:31:13,450
Empty DataFrame
Columns: [symbol, positionAmt, entryPrice, breakEvenPrice, markPrice, unRealizedProfit, value_usd, updateTime, isolated, adlQuantile, AUMs_account, w%]
Index: []
2024-06-25 01:31:13,510
programm stoppeddd!!! 20240625_013113
