2024-05-16 20:30:44,510
ON program started 20240516 20:30:44,
US time: 20240516 16:30:44
2024-05-16 20:30:45,499
the strat is currently running @ 16-05-2024 and the target positions is LONG
2024-05-16 20:30:47,778
CURRENT STATUS IS LONG
-----
return before 14h30:
BTCUSDT+0.18%, ETHUSDT-1.63%, XRPUSDT-0.37%
-----
target alloc initial:BTCUSDT+16.67%, ETHUSDT+16.67%, XRPUSDT+16.67%
-----
alloc target x rt%<0:BTCUSDT+16.67%, ETHUSDT+16.67%, XRPUSDT+16.67%
-----
           BTCUSDT ETHUSDT XRPUSDT
w_target     16.7%   16.7%   16.7%
rt_14h30     0.00%  -0.02%  -0.00%
w_target_f   16.7%   16.7%   16.7%
2024-05-16 20:30:47,779
Portfolio was rebalanced less than 2 hours ago, 1.0 hours ago
2024-05-16 20:30:47,780
Status: prev = LONG <> LONG = target
2024-05-16 20:30:47,780
the strat is currently running @ 16-05-2024 and the target positions is LONG
the strat was previously run @ 2024-05-16 19:31:09, success:yes 
   and the current positions is LONG
2024-05-16 20:30:49,012
positions_future #2
2024-05-16 20:30:49,012
      symbol  positionAmt entryPrice  ... adlQuantile AUMs_account        w%
167  ETHUSDT        0.016    2949.12  ...           1        279.5  0.168141
134  XRPUSDT       90.500      0.519  ...           1        279.5  0.167316

[2 rows x 12 columns]
2024-05-16 20:30:49,091
programm stoppeddd!!! 20240516_203049
