2023-11-10 23:30:39,594
ON program started 20231110 23:30:39,
US time: 20231110 18:30:39
2023-11-10 23:30:40,001
the strat is currently running @ 10-11-2023 and the target positions is SHORT
2023-11-10 23:30:41,415
CURRENT STATUS IS SHORT, WE CHECK IF THE DAY IS A NEGATIVE ONE
-----
return before 14h30:
BTCUSDT+1.24%, ETHUSDT-1.78%, XRPUSDT-0.80%
-----
target alloc initial:BTCUSDT-4.17%, ETHUSDT+0.00%, XRPUSDT-4.17%
-----
alloc target x rt%<0:BTCUSDT-0.00%, ETHUSDT+0.00%, XRPUSDT-4.17%
-----
           BTCUSDT ETHUSDT XRPUSDT
w_target     -4.2%    0.0%   -4.2%
rt_14h30     0.01%  -0.02%  -0.01%
w_target_f   -0.0%    0.0%   -4.2%
2023-11-10 23:30:41,416
Portfolio was rebalanced less than 2 hours ago, 1.0 hours ago
2023-11-10 23:30:41,419
Status: prev = SHORT <> LONG = target
2023-11-10 23:30:41,419
the strat is currently running @ 10-11-2023 and the target positions is SHORT
the strat was previously run @ 2023-11-10 22:30:45 UTC, success:yes 
   and the current positions is LONG
2023-11-10 23:30:42,612
positions_future #2
2023-11-10 23:30:42,612
      symbol  positionAmt entryPrice  ... adlQuantile AUMs_account        w%
122  XRPUSDT       73.400     0.6605  ...           2        290.7  0.166812
154  ETHUSDT        0.023    2092.83  ...           1        290.7  0.164641

[2 rows x 12 columns]
2023-11-10 23:30:42,854
------------------------------
binance_account_balance
2023-11-10 23:30:42,854
  asset     balance  ... marginAvailable   updateTime
5  USDT  290.966403  ...            True  10Nov-19:31

[1 rows x 8 columns]
2023-11-10 23:30:43,533
------------------------------
open_orders
2023-11-10 23:30:43,533
                                      0                           1
symbol                          XRPUSDT                     ETHUSDT
status                              NEW                         NEW
price                                 0                           0
avgPrice                              0                           0
origQty                            73.4                       0.023
executedQty                           0                           0
type                        STOP_MARKET                 STOP_MARKET
side                               SELL                        SELL
stopPrice                        0.6273                     1988.24
time         2023-11-10 19:31:29.421000  2023-11-10 19:31:29.858000
updateTime   2023-11-10 19:31:29.421000  2023-11-10 19:31:29.858000
2023-11-10 23:30:46,226
------------------------------
AUMS account:290

2023-11-10 23:30:46,227
--------------- compute_futures_order_book() ----------------
2023-11-10 23:30:47,783
----------------------------------------------------------------------
#2 order(s) to place
gross$: 108$ | net$: -108$
gross%: 37% | net%: -37%
 || w>0%  +0% | w<0%  -37%
----------------------------------------------------------------------
PTF Expo% 33.0% >> -4.1% (current>>target)
PTF expo $96.0 >> $-12 (current>>target)
----------------------------------------------------------------------
2023-11-10 23:30:47,784
orders_ofthe_day
2023-11-10 23:30:47,784
                  ptf_usd  target_usd  ...        bid        ask
2023-11-10 23:30                       ...                      
XRPUSDT              48.0      -12.12  ...     0.6607     0.6608
ETHUSDT              48.0        0.00  ...  2080.5600  2080.5700

[2 rows x 9 columns]
2023-11-10 23:30:49,093
binance_place_orders_peg 20231110_233049
2023-11-10 23:30:49,532
{'orderId': 44731970669, 'symbol': 'XRPUSDT', 'status': 'NEW', 'clientOrderId': 'IqXQ5aNQA71P5tw0COmMlN', 'price': '0.6611', 'avgPrice': '0.00', 'origQty': '91.0', 'executedQty': '0.0', 'cumQty': '0.0', 'cumQuote': '0.00000', 'timeInForce': 'GTC', 'type': 'LIMIT', 'reduceOnly': False, 'closePosition': False, 'side': 'SELL', 'positionSide': 'BOTH', 'stopPrice': '0.0000', 'workingType': 'CONTRACT_PRICE', 'priceProtect': False, 'origType': 'LIMIT', 'priceMatch': 'NONE', 'selfTradePreventionMode': 'NONE', 'goodTillDate': 0, 'updateTime': 1699659049423}
2023-11-10 23:30:49,971
{'orderId': 8389765627031956820, 'symbol': 'ETHUSDT', 'status': 'NEW', 'clientOrderId': 'IcT7cFs9OJZRhcEE0EymQ9', 'price': '2081.66', 'avgPrice': '0.00', 'origQty': '0.023', 'executedQty': '0.000', 'cumQty': '0.000', 'cumQuote': '0.00000', 'timeInForce': 'GTC', 'type': 'LIMIT', 'reduceOnly': False, 'closePosition': False, 'side': 'SELL', 'positionSide': 'BOTH', 'stopPrice': '0.00', 'workingType': 'CONTRACT_PRICE', 'priceProtect': False, 'origType': 'LIMIT', 'priceMatch': 'NONE', 'selfTradePreventionMode': 'NONE', 'goodTillDate': 0, 'updateTime': 1699659049861}
2023-11-10 23:30:50,849
update 0: filled 0 / 2 () | working 2 / 2 (-XRPUSDT,-ETHUSDT)
2023-11-10 23:30:54,850
-XRPUSDT: bp5.0|-ETHUSDT: bp5.0|
2023-11-10 23:30:55,726
update 1: filled 0 / 2 () | working 2 / 2 (-XRPUSDT,-ETHUSDT)
2023-11-10 23:30:59,726
-XRPUSDT: bp12.0|-ETHUSDT: bp12.0|
2023-11-10 23:31:00,606
update 2: filled 0 / 2 () | working 2 / 2 (-XRPUSDT,-ETHUSDT)
2023-11-10 23:31:04,607
-XRPUSDT: bp14.0|-ETHUSDT: bp12.0|
2023-11-10 23:31:05,483
update 3: filled 0 / 2 () | working 2 / 2 (-XRPUSDT,-ETHUSDT)
2023-11-10 23:31:09,484
-XRPUSDT: bp17.0|-ETHUSDT: bp13.0|
2023-11-10 23:31:10,362
update 4: filled 0 / 2 () | working 2 / 2 (-XRPUSDT,-ETHUSDT)
2023-11-10 23:31:14,363
-XRPUSDT: bp18.0|-ETHUSDT: bp17.0|
2023-11-10 23:31:15,244
update 5: filled 0 / 2 () | working 2 / 2 (-XRPUSDT,-ETHUSDT)
2023-11-10 23:31:19,244
-XRPUSDT: bp20.0|-ETHUSDT: bp12.0|
2023-11-10 23:31:20,123
update 6: filled 0 / 2 () | working 2 / 2 (-XRPUSDT,-ETHUSDT)
2023-11-10 23:31:24,124
-XRPUSDT: bp20.0|-ETHUSDT: bp11.0|
2023-11-10 23:31:25,004
update 7: filled 0 / 2 () | working 2 / 2 (-XRPUSDT,-ETHUSDT)
2023-11-10 23:31:29,005
-XRPUSDT: bp20.0|-ETHUSDT: bp15.0|
2023-11-10 23:31:29,889
update 8: filled 0 / 2 () | working 2 / 2 (-XRPUSDT,-ETHUSDT)
2023-11-10 23:31:33,890
-XRPUSDT: bp17.0|-ETHUSDT: bp14.0|
2023-11-10 23:31:34,781
update 9: filled 0 / 2 () | working 2 / 2 (-XRPUSDT,-ETHUSDT)
2023-11-10 23:31:38,782
-XRPUSDT: bp18.0|-ETHUSDT: bp14.0|
2023-11-10 23:31:39,657
update 10: filled 0 / 2 () | working 2 / 2 (-XRPUSDT,-ETHUSDT)
2023-11-10 23:31:43,658
-XRPUSDT: bp20.0|-ETHUSDT: bp17.0|
2023-11-10 23:31:44,534
update 11: filled 0 / 2 () | working 2 / 2 (-XRPUSDT,-ETHUSDT)
2023-11-10 23:31:48,535
-XRPUSDT: bp20.0|-ETHUSDT: bp17.0|
2023-11-10 23:31:49,415
update 12: filled 0 / 2 () | working 2 / 2 (-XRPUSDT,-ETHUSDT)
2023-11-10 23:31:53,416
-XRPUSDT: bp20.0|-ETHUSDT: bp14.0|
2023-11-10 23:31:54,292
update 13: filled 0 / 2 () | working 2 / 2 (-XRPUSDT,-ETHUSDT)
2023-11-10 23:31:58,293
-XRPUSDT: bp11.0|-ETHUSDT: bp14.0|
2023-11-10 23:31:59,172
update 14: filled 0 / 2 () | working 2 / 2 (-XRPUSDT,-ETHUSDT)
2023-11-10 23:32:03,173
-XRPUSDT: bp9.0|-ETHUSDT: bp14.0|
2023-11-10 23:32:03,173
Adjustment limit #1 ... 
 we cancel current orders and replace
2023-11-10 23:32:03,173
@+/-2.5bp limit 
2023-11-10 23:32:03,173
binance_cancel_and_replace_orders_peg 20231110_233203
2023-11-10 23:32:04,496
binance_place_orders_peg 20231110_233204
2023-11-10 23:32:04,937
{'orderId': 44732039506, 'symbol': 'XRPUSDT', 'status': 'NEW', 'clientOrderId': 'njOcr0fvVOA4xk3fEqXKwf', 'price': '0.6604', 'avgPrice': '0.00', 'origQty': '91.0', 'executedQty': '0.0', 'cumQty': '0.0', 'cumQuote': '0.00000', 'timeInForce': 'GTC', 'type': 'LIMIT', 'reduceOnly': False, 'closePosition': False, 'side': 'SELL', 'positionSide': 'BOTH', 'stopPrice': '0.0000', 'workingType': 'CONTRACT_PRICE', 'priceProtect': False, 'origType': 'LIMIT', 'priceMatch': 'NONE', 'selfTradePreventionMode': 'NONE', 'goodTillDate': 0, 'updateTime': 1699659124824}
2023-11-10 23:32:05,376
{'orderId': 8389765627032222364, 'symbol': 'ETHUSDT', 'status': 'NEW', 'clientOrderId': 'vGcfjG7NFf1lzcTI9fu6IM', 'price': '2079.14', 'avgPrice': '0.00', 'origQty': '0.023', 'executedQty': '0.000', 'cumQty': '0.000', 'cumQuote': '0.00000', 'timeInForce': 'GTC', 'type': 'LIMIT', 'reduceOnly': False, 'closePosition': False, 'side': 'SELL', 'positionSide': 'BOTH', 'stopPrice': '0.00', 'workingType': 'CONTRACT_PRICE', 'priceProtect': False, 'origType': 'LIMIT', 'priceMatch': 'NONE', 'selfTradePreventionMode': 'NONE', 'goodTillDate': 0, 'updateTime': 1699659125265}
2023-11-10 23:32:06,266
update 0: filled 0 / 2 () | working 2 / 2 (-XRPUSDT,-ETHUSDT)
2023-11-10 23:32:10,267
-XRPUSDT: bp5.0|-ETHUSDT: bp3.0|
2023-11-10 23:32:11,150
update 1: filled 0 / 2 () | working 2 / 2 (-XRPUSDT,-ETHUSDT)
2023-11-10 23:32:15,151
-XRPUSDT: bp5.0|-ETHUSDT: bp3.0|
2023-11-10 23:32:16,030
update 2: filled 0 / 2 () | working 2 / 2 (-XRPUSDT,-ETHUSDT)
2023-11-10 23:32:20,031
-XRPUSDT: bp6.0|-ETHUSDT: bp5.0|
2023-11-10 23:32:20,910
update 3: filled 0 / 2 () | working 2 / 2 (-XRPUSDT,-ETHUSDT)
2023-11-10 23:32:24,910
-XRPUSDT: bp6.0|-ETHUSDT: bp4.0|
2023-11-10 23:32:25,788
update 4: filled 0 / 2 () | working 2 / 2 (-XRPUSDT,-ETHUSDT)
2023-11-10 23:32:29,789
-XRPUSDT: bp8.0|-ETHUSDT: bp7.0|
2023-11-10 23:32:30,666
update 5: filled 0 / 2 () | working 2 / 2 (-XRPUSDT,-ETHUSDT)
2023-11-10 23:32:34,667
-XRPUSDT: bp5.0|-ETHUSDT: bp7.0|
2023-11-10 23:32:35,545
update 6: filled 0 / 2 () | working 2 / 2 (-XRPUSDT,-ETHUSDT)
2023-11-10 23:32:39,545
-XRPUSDT: bp6.0|-ETHUSDT: bp7.0|
2023-11-10 23:32:40,425
update 7: filled 0 / 2 () | working 2 / 2 (-XRPUSDT,-ETHUSDT)
2023-11-10 23:32:44,426
-XRPUSDT: bp6.0|-ETHUSDT: bp9.0|
2023-11-10 23:32:45,302
update 8: filled 0 / 2 () | working 2 / 2 (-XRPUSDT,-ETHUSDT)
2023-11-10 23:32:49,303
-XRPUSDT: bp9.0|-ETHUSDT: bp9.0|
2023-11-10 23:32:50,180
update 9: filled 0 / 2 () | working 2 / 2 (-XRPUSDT,-ETHUSDT)
2023-11-10 23:32:54,181
-XRPUSDT: bp11.0|-ETHUSDT: bp11.0|
2023-11-10 23:32:55,059
update 10: filled 0 / 2 () | working 2 / 2 (-XRPUSDT,-ETHUSDT)
2023-11-10 23:32:59,060
-XRPUSDT: bp11.0|-ETHUSDT: bp10.0|
2023-11-10 23:32:59,940
update 11: filled 0 / 2 () | working 2 / 2 (-XRPUSDT,-ETHUSDT)
2023-11-10 23:33:03,941
-XRPUSDT: bp11.0|-ETHUSDT: bp9.0|
2023-11-10 23:33:04,824
update 12: filled 0 / 2 () | working 2 / 2 (-XRPUSDT,-ETHUSDT)
2023-11-10 23:33:08,825
-XRPUSDT: bp12.0|-ETHUSDT: bp10.0|
2023-11-10 23:33:09,701
update 13: filled 0 / 2 () | working 2 / 2 (-XRPUSDT,-ETHUSDT)
2023-11-10 23:33:13,701
-XRPUSDT: bp12.0|-ETHUSDT: bp7.0|
2023-11-10 23:33:14,577
update 14: filled 0 / 2 () | working 2 / 2 (-XRPUSDT,-ETHUSDT)
2023-11-10 23:33:18,578
-XRPUSDT: bp12.0|-ETHUSDT: bp7.0|
2023-11-10 23:33:18,578
Adjustment limit #2 ... 
 we cancel current orders and replace
2023-11-10 23:33:18,578
@+/-1.25bp limit 
2023-11-10 23:33:18,578
binance_cancel_and_replace_orders_peg 20231110_233318
2023-11-10 23:33:19,899
binance_place_orders_peg 20231110_233319
2023-11-10 23:33:20,340
{'orderId': 44732095646, 'symbol': 'XRPUSDT', 'status': 'NEW', 'clientOrderId': 'eczROgcahwD2z0lnbHa4PH', 'price': '0.6602', 'avgPrice': '0.00', 'origQty': '91.0', 'executedQty': '0.0', 'cumQty': '0.0', 'cumQuote': '0.00000', 'timeInForce': 'GTC', 'type': 'LIMIT', 'reduceOnly': False, 'closePosition': False, 'side': 'SELL', 'positionSide': 'BOTH', 'stopPrice': '0.0000', 'workingType': 'CONTRACT_PRICE', 'priceProtect': False, 'origType': 'LIMIT', 'priceMatch': 'NONE', 'selfTradePreventionMode': 'NONE', 'goodTillDate': 0, 'updateTime': 1699659200227}
2023-11-10 23:33:20,779
{'orderId': 8389765627032477130, 'symbol': 'ETHUSDT', 'status': 'NEW', 'clientOrderId': 'ZFybczmMf8fMVDJWBGwbXz', 'price': '2077.99', 'avgPrice': '0.00', 'origQty': '0.023', 'executedQty': '0.000', 'cumQty': '0.000', 'cumQuote': '0.00000', 'timeInForce': 'GTC', 'type': 'LIMIT', 'reduceOnly': False, 'closePosition': False, 'side': 'SELL', 'positionSide': 'BOTH', 'stopPrice': '0.00', 'workingType': 'CONTRACT_PRICE', 'priceProtect': False, 'origType': 'LIMIT', 'priceMatch': 'NONE', 'selfTradePreventionMode': 'NONE', 'goodTillDate': 0, 'updateTime': 1699659200669}
2023-11-10 23:33:21,658
update 0: filled 0 / 2 () | working 2 / 2 (-XRPUSDT,-ETHUSDT)
2023-11-10 23:33:25,659
-XRPUSDT: bp5.0|-ETHUSDT: bp1.0|
2023-11-10 23:33:26,538
update 1: filled 1 / 2 (-ETHUSDT) | working 1 / 2 (-XRPUSDT)
2023-11-10 23:33:30,538
-XRPUSDT: bp2.0|
2023-11-10 23:33:31,418
update 2: filled 2 / 2 (-XRPUSDT,-ETHUSDT) | working 0 / 2 ()
2023-11-10 23:33:37,463
Trades of the day
in$
as of: 10Nov 23:33>>23:33 (#trades: 2)
trade net: -108.0 (-37.2%), trade gross: +108.0 (+37.2%), BUY: +0.0 (+0.0%), SELL: -108.0 (-37.2%)
fees: $ 0.022 (2.0bp)
2023-11-10 23:33:37,917
Trades: 
Filled #2
______________________________________________
                   in$ | in bp 107 traded | in bp 290 AUMs
realizedPnl    -0.36   | -33     | -12    
PnLvsArrival   -0.11   | -10     | -4     
PnLvsLast      +0      | +0      | +0     
______________________________________________
                 | Value$ | PnL Arrival/Last 
______________________________________________
XRP:-91@0.6602  | -60$ | -0.05/0.01
ETH:-0.023@2077.99 | -48$ | -0.06/-0.01
2023-11-10 23:33:38,480
***************************
Positions after orders
***************************
2023-11-10 23:33:38,481
      symbol  qty_ptf   execP  ... adlQuantile   AUMs    w%
122  XRPUSDT    -17.6  0.6602  ...           2  290.6 -0.04

[1 rows x 12 columns]
2023-11-10 23:33:38,488
***************************
2023-11-10 23:33:38,924
2 STOP orders will be placed
2023-11-10 23:33:38,924
@+/-500.0bp limit
2023-11-10 23:33:38,925
binance_place_orders_peg 20231110_233338
2023-11-10 23:33:39,365
{'orderId': 44732111172, 'symbol': 'XRPUSDT', 'status': 'NEW', 'clientOrderId': 'SVq5jFguTxg2NyrUHSPdg1', 'price': '0.0000', 'avgPrice': '0.00', 'origQty': '17.6', 'executedQty': '0.0', 'cumQty': '0.0', 'cumQuote': '0.00000', 'timeInForce': 'GTC', 'type': 'STOP_MARKET', 'reduceOnly': False, 'closePosition': False, 'side': 'BUY', 'positionSide': 'BOTH', 'stopPrice': '0.6935', 'workingType': 'CONTRACT_PRICE', 'priceProtect': False, 'origType': 'STOP_MARKET', 'priceMatch': 'NONE', 'selfTradePreventionMode': 'NONE', 'goodTillDate': 0, 'updateTime': 1699659219254}
