2023-08-02 18:31:13,165
ON program started 20230802 18:31:13,
US time: 20230802 14:31:13
2023-08-02 18:31:13,719
the strat is currently running @ 02-08-2023 and the target positions is LONG
2023-08-02 18:31:15,467
CURRENT STATUS IS LONG
-----
return before 14h30:
BTCUSDT-1.64%, ETHUSDT-1.71%, XRPUSDT-2.38%
-----
target alloc initial:BTCUSDT+16.67%, ETHUSDT+16.67%, XRPUSDT+16.67%
-----
alloc target x rt%<0:BTCUSDT+16.67%, ETHUSDT+16.67%, XRPUSDT+16.67%
-----
           BTCUSDT ETHUSDT XRPUSDT
w_target     16.7%   16.7%   16.7%
rt_14h30    -0.02%  -0.02%  -0.02%
w_target_f   16.7%   16.7%   16.7%
2023-08-02 18:31:15,468
Portfolio was rebalanced less than 2 hours ago, 5.0 hours ago
2023-08-02 18:31:15,471
Status: prev = LONG <> NEUTRAL = target
2023-08-02 18:31:15,471
the strat is currently running @ 02-08-2023 and the target positions is LONG
the strat was previously run @ 2023-08-02 13:31:17 UTC, success:yes 
   and the current positions is NEUTRAL
2023-08-02 18:31:16,567
positions_future #0
2023-08-02 18:31:16,568
Empty DataFrame
Columns: [symbol, positionAmt, entryPrice, markPrice, unRealizedProfit, value_usd, updateTime, AUMs_account, w%]
Index: []
2023-08-02 18:31:16,777
------------------------------
binance_account_balance
2023-08-02 18:31:16,777
  asset     balance withdrawAvailable   updateTime
5  USDT  293.837256      293.83725602  01Aug-22:34
2023-08-02 18:31:16,993
------------------------------
open_orders
2023-08-02 18:31:16,993
Empty DataFrame
Columns: []
Index: []
2023-08-02 18:31:17,606
------------------------------
AUMS account:293

2023-08-02 18:31:17,607
--------------- compute_futures_order_book() ----------------
2023-08-02 18:31:18,876
----------------------------------------------------------------------
#3 order(s) to place
gross$: 156$ | net$: +156$
gross%: 53% | net%: +53%
 || w>0%  +53% | w<0%  0%
----------------------------------------------------------------------
PTF Expo% 0.0% >> 50.0% (current>>target)
PTF expo $0.0 >> $146 (current>>target)
----------------------------------------------------------------------
2023-08-02 18:31:18,878
orders_ofthe_day
2023-08-02 18:31:18,878
                  ptf_usd  target_usd  ...        bid         ask
2023-08-02 18:31                       ...                       
BTCUSDT               0.0       48.98  ...  29078.800  29078.9000
ETHUSDT               0.0       48.98  ...   1831.160   1831.1700
XRPUSDT               0.0       48.98  ...      0.684      0.6841

[3 rows x 9 columns]
2023-08-02 18:31:20,449
binance_place_orders_peg 20230802_183120
2023-08-02 18:31:20,861
{'orderId': 177166880790, 'symbol': 'BTCUSDT', 'status': 'NEW', 'clientOrderId': '1O8yt5g9atDboAky43TGLP', 'price': '29064.30', 'avgPrice': '0.00', 'origQty': '0.002', 'executedQty': '0.000', 'cumQty': '0.000', 'cumQuote': '0.00000', 'timeInForce': 'GTC', 'type': 'LIMIT', 'reduceOnly': False, 'closePosition': False, 'side': 'BUY', 'positionSide': 'BOTH', 'stopPrice': '0.00', 'workingType': 'CONTRACT_PRICE', 'priceProtect': False, 'origType': 'LIMIT', 'updateTime': 1691001080766}
2023-08-02 18:31:21,274
{'orderId': 8389765611143574150, 'symbol': 'ETHUSDT', 'status': 'NEW', 'clientOrderId': '9aZwpp632aw5KsiQun6cEC', 'price': '1830.24', 'avgPrice': '0.00', 'origQty': '0.027', 'executedQty': '0.000', 'cumQty': '0.000', 'cumQuote': '0.00000', 'timeInForce': 'GTC', 'type': 'LIMIT', 'reduceOnly': False, 'closePosition': False, 'side': 'BUY', 'positionSide': 'BOTH', 'stopPrice': '0.00', 'workingType': 'CONTRACT_PRICE', 'priceProtect': False, 'origType': 'LIMIT', 'updateTime': 1691001081178}
2023-08-02 18:31:21,685
{'orderId': 38660665428, 'symbol': 'XRPUSDT', 'status': 'NEW', 'clientOrderId': 'SRNBQfLu57VkBecrhZnMbA', 'price': '0.6837', 'avgPrice': '0.00', 'origQty': '71.6', 'executedQty': '0.0', 'cumQty': '0.0', 'cumQuote': '0.00000', 'timeInForce': 'GTC', 'type': 'LIMIT', 'reduceOnly': False, 'closePosition': False, 'side': 'BUY', 'positionSide': 'BOTH', 'stopPrice': '0.0000', 'workingType': 'CONTRACT_PRICE', 'priceProtect': False, 'origType': 'LIMIT', 'updateTime': 1691001081590}
2023-08-02 18:31:23,579
update 0: filled 0 / 3 () | working 3 / 3 (+BTCUSDT,+ETHUSDT,+XRPUSDT)
2023-08-02 18:31:27,580
+BTCUSDT: bp5.0|+ETHUSDT: bp5.0|+XRPUSDT: bp4.0|
2023-08-02 18:31:28,808
update 1: filled 0 / 3 () | working 3 / 3 (+BTCUSDT,+ETHUSDT,+XRPUSDT)
2023-08-02 18:31:32,808
+BTCUSDT: bp5.0|+ETHUSDT: bp5.0|+XRPUSDT: bp3.0|
2023-08-02 18:31:34,041
update 2: filled 0 / 3 () | working 3 / 3 (+BTCUSDT,+ETHUSDT,+XRPUSDT)
2023-08-02 18:31:38,042
+BTCUSDT: bp5.0|+ETHUSDT: bp4.0|+XRPUSDT: bp4.0|
2023-08-02 18:31:39,273
update 3: filled 0 / 3 () | working 3 / 3 (+BTCUSDT,+ETHUSDT,+XRPUSDT)
2023-08-02 18:31:43,274
+BTCUSDT: bp6.0|+ETHUSDT: bp5.0|+XRPUSDT: bp7.0|
2023-08-02 18:31:44,501
update 4: filled 0 / 3 () | working 3 / 3 (+BTCUSDT,+ETHUSDT,+XRPUSDT)
2023-08-02 18:31:48,501
+BTCUSDT: bp6.0|+ETHUSDT: bp5.0|+XRPUSDT: bp7.0|
2023-08-02 18:31:49,726
update 5: filled 0 / 3 () | working 3 / 3 (+BTCUSDT,+ETHUSDT,+XRPUSDT)
2023-08-02 18:31:53,727
+BTCUSDT: bp10.0|+ETHUSDT: bp8.0|+XRPUSDT: bp12.0|
2023-08-02 18:31:54,955
update 6: filled 0 / 3 () | working 3 / 3 (+BTCUSDT,+ETHUSDT,+XRPUSDT)
2023-08-02 18:31:58,955
+BTCUSDT: bp8.0|+ETHUSDT: bp8.0|+XRPUSDT: bp12.0|
2023-08-02 18:32:00,181
update 7: filled 0 / 3 () | working 3 / 3 (+BTCUSDT,+ETHUSDT,+XRPUSDT)
2023-08-02 18:32:04,181
+BTCUSDT: bp8.0|+ETHUSDT: bp8.0|+XRPUSDT: bp12.0|
2023-08-02 18:32:05,411
update 8: filled 0 / 3 () | working 3 / 3 (+BTCUSDT,+ETHUSDT,+XRPUSDT)
2023-08-02 18:32:09,412
+BTCUSDT: bp9.0|+ETHUSDT: bp8.0|+XRPUSDT: bp12.0|
2023-08-02 18:32:10,640
update 9: filled 0 / 3 () | working 3 / 3 (+BTCUSDT,+ETHUSDT,+XRPUSDT)
2023-08-02 18:32:14,641
+BTCUSDT: bp9.0|+ETHUSDT: bp8.0|+XRPUSDT: bp10.0|
2023-08-02 18:32:15,869
update 10: filled 0 / 3 () | working 3 / 3 (+BTCUSDT,+ETHUSDT,+XRPUSDT)
2023-08-02 18:32:19,869
+BTCUSDT: bp9.0|+ETHUSDT: bp8.0|+XRPUSDT: bp10.0|
2023-08-02 18:32:21,098
update 11: filled 0 / 3 () | working 3 / 3 (+BTCUSDT,+ETHUSDT,+XRPUSDT)
2023-08-02 18:32:25,099
+BTCUSDT: bp10.0|+ETHUSDT: bp10.0|+XRPUSDT: bp10.0|
2023-08-02 18:32:26,329
update 12: filled 0 / 3 () | working 3 / 3 (+BTCUSDT,+ETHUSDT,+XRPUSDT)
2023-08-02 18:32:30,329
+BTCUSDT: bp10.0|+ETHUSDT: bp10.0|+XRPUSDT: bp13.0|
2023-08-02 18:32:31,555
update 13: filled 0 / 3 () | working 3 / 3 (+BTCUSDT,+ETHUSDT,+XRPUSDT)
2023-08-02 18:32:35,556
+BTCUSDT: bp10.0|+ETHUSDT: bp10.0|+XRPUSDT: bp15.0|
2023-08-02 18:32:36,785
update 14: filled 0 / 3 () | working 3 / 3 (+BTCUSDT,+ETHUSDT,+XRPUSDT)
2023-08-02 18:32:40,785
+BTCUSDT: bp10.0|+ETHUSDT: bp10.0|+XRPUSDT: bp13.0|
2023-08-02 18:32:40,785
Adjustment limit #1 ... 
 we cancel current orders and replace
2023-08-02 18:32:40,785
@+/-2.5bp limit 
2023-08-02 18:32:40,785
binance_cancel_and_replace_orders_peg 20230802_183240
2023-08-02 18:32:42,636
binance_place_orders_peg 20230802_183242
2023-08-02 18:32:43,052
{'orderId': 177167186776, 'symbol': 'BTCUSDT', 'status': 'NEW', 'clientOrderId': '5WirqPqEi0BHlt2jsJlKro', 'price': '29084.80', 'avgPrice': '0.00', 'origQty': '0.002', 'executedQty': '0.000', 'cumQty': '0.000', 'cumQuote': '0.00000', 'timeInForce': 'GTC', 'type': 'LIMIT', 'reduceOnly': False, 'closePosition': False, 'side': 'BUY', 'positionSide': 'BOTH', 'stopPrice': '0.00', 'workingType': 'CONTRACT_PRICE', 'priceProtect': False, 'origType': 'LIMIT', 'updateTime': 1691001162954}
2023-08-02 18:32:43,467
{'orderId': 8389765611143710247, 'symbol': 'ETHUSDT', 'status': 'NEW', 'clientOrderId': 'ZBq1Yzvl9YOe1z820kaj8X', 'price': '1831.69', 'avgPrice': '0.00', 'origQty': '0.027', 'executedQty': '0.000', 'cumQty': '0.000', 'cumQuote': '0.00000', 'timeInForce': 'GTC', 'type': 'LIMIT', 'reduceOnly': False, 'closePosition': False, 'side': 'BUY', 'positionSide': 'BOTH', 'stopPrice': '0.00', 'workingType': 'CONTRACT_PRICE', 'priceProtect': False, 'origType': 'LIMIT', 'updateTime': 1691001163368}
2023-08-02 18:32:43,882
{'orderId': 38660722070, 'symbol': 'XRPUSDT', 'status': 'NEW', 'clientOrderId': 'tYVEYv73acPP5o1ItHhi2h', 'price': '0.6844', 'avgPrice': '0.00', 'origQty': '71.6', 'executedQty': '0.0', 'cumQty': '0.0', 'cumQuote': '0.00000', 'timeInForce': 'GTC', 'type': 'LIMIT', 'reduceOnly': False, 'closePosition': False, 'side': 'BUY', 'positionSide': 'BOTH', 'stopPrice': '0.0000', 'workingType': 'CONTRACT_PRICE', 'priceProtect': False, 'origType': 'LIMIT', 'updateTime': 1691001163784}
2023-08-02 18:32:45,112
update 0: filled 0 / 3 () | working 3 / 3 (+BTCUSDT,+ETHUSDT,+XRPUSDT)
2023-08-02 18:32:49,113
+BTCUSDT: bp3.0|+ETHUSDT: bp3.0|+XRPUSDT: bp4.0|
2023-08-02 18:32:50,337
update 1: filled 0 / 3 () | working 3 / 3 (+BTCUSDT,+ETHUSDT,+XRPUSDT)
2023-08-02 18:32:54,338
+BTCUSDT: bp3.0|+ETHUSDT: bp3.0|+XRPUSDT: bp3.0|
2023-08-02 18:32:55,566
update 2: filled 0 / 3 () | working 3 / 3 (+BTCUSDT,+ETHUSDT,+XRPUSDT)
2023-08-02 18:32:59,566
+BTCUSDT: bp2.0|+ETHUSDT: bp2.0|+XRPUSDT: bp1.0|
2023-08-02 18:33:00,796
update 3: filled 0 / 3 () | working 3 / 3 (+BTCUSDT,+ETHUSDT,+XRPUSDT)
2023-08-02 18:33:04,797
+BTCUSDT: bp1.0|+ETHUSDT: bp2.0|+XRPUSDT: bp3.0|
2023-08-02 18:33:06,029
update 4: filled 0 / 3 () | working 3 / 3 (+BTCUSDT,+ETHUSDT,+XRPUSDT)
2023-08-02 18:33:10,030
+BTCUSDT: bp1.0|+ETHUSDT: bp2.0|+XRPUSDT: bp1.0|
2023-08-02 18:33:11,255
update 5: filled 0 / 3 () | working 3 / 3 (+BTCUSDT,+ETHUSDT,+XRPUSDT)
2023-08-02 18:33:15,255
+BTCUSDT: bp1.0|+ETHUSDT: bp2.0|+XRPUSDT: bp3.0|
2023-08-02 18:33:16,482
update 6: filled 1 / 3 (+BTCUSDT) | working 2 / 3 (+ETHUSDT,+XRPUSDT)
2023-08-02 18:33:20,483
+ETHUSDT: bp2.0|+XRPUSDT: bp1.0|
2023-08-02 18:33:21,708
update 7: filled 1 / 3 (+BTCUSDT) | working 2 / 3 (+ETHUSDT,+XRPUSDT)
2023-08-02 18:33:25,709
+ETHUSDT: bp2.0|+XRPUSDT: bp-0.0|
2023-08-02 18:33:26,939
update 8: filled 1 / 3 (+BTCUSDT) | working 2 / 3 (+ETHUSDT,+XRPUSDT)
2023-08-02 18:33:30,940
+ETHUSDT: bp1.0|+XRPUSDT: bp-0.0|
2023-08-02 18:33:32,165
update 9: filled 1 / 3 (+BTCUSDT) | working 2 / 3 (+ETHUSDT,+XRPUSDT)
2023-08-02 18:33:36,165
+ETHUSDT: bp1.0|+XRPUSDT: bp-0.0|
2023-08-02 18:33:37,394
update 10: filled 3 / 3 (+BTCUSDT,+ETHUSDT,+XRPUSDT) | working 0 / 3 ()
2023-08-02 18:33:44,115
Trades of the day
in$
as of: 02Aug 18:33>>18:33 (#trades: 3)
trade net: +157.0 (+53.4%), trade gross: +157.0 (+53.4%), BUY: +157.0 (+53.4%), SELL: +0.0 (+0.0%)
fees: $ 0.031 (2.0bp)
2023-08-02 18:33:44,745
Trades: 
Filled #3
______________________________________________
                   in$ | in bp 156 traded | in bp 293 AUMs
realizedPnl    +0      | +0      | +0     
PnLvsArrival   -0.05   | -3      | -2     
PnLvsLast      -0.04   | -3      | -1     
______________________________________________
                 | Value$ | PnL Arrival/Last 
______________________________________________
XRP:+71.6@0.6844 | +49$ | -0.03/-0.01
ETH:+0.027@1831.69 | +49$ | -0.01/-0.01
BTC:+0.002@29084.8 | +58$ | -0.01/-0.02
2023-08-02 18:33:45,269
***************************
Positions after orders
***************************
2023-08-02 18:33:45,269
      symbol  qty_ptf    execP  ...   updateTime   AUMs     w%
218  BTCUSDT    0.002  29084.8  ...  02Aug-18:33  293.8  0.198
134  ETHUSDT    0.027  1831.69  ...  02Aug-18:33  293.8  0.168
108  XRPUSDT   71.600   0.6844  ...  02Aug-18:33  293.8  0.167

[3 rows x 9 columns]
2023-08-02 18:33:45,279
***************************
2023-08-02 18:33:45,889
3 STOP orders will be placed
2023-08-02 18:33:45,889
@+/-500.0bp limit
2023-08-02 18:33:45,889
binance_place_orders_peg 20230802_183345
2023-08-02 18:33:46,298
{'orderId': 177167441853, 'symbol': 'BTCUSDT', 'status': 'NEW', 'clientOrderId': 'orkRJA2pkIwb8a8Ryeobx5', 'price': '0.00', 'avgPrice': '0.00', 'origQty': '0.002', 'executedQty': '0.000', 'cumQty': '0.000', 'cumQuote': '0.00000', 'timeInForce': 'GTC', 'type': 'STOP_MARKET', 'reduceOnly': False, 'closePosition': False, 'side': 'SELL', 'positionSide': 'BOTH', 'stopPrice': '27620.70', 'workingType': 'CONTRACT_PRICE', 'priceProtect': False, 'origType': 'STOP_MARKET', 'updateTime': 1691001226204}
2023-08-02 18:33:46,709
{'orderId': 8389765611143810298, 'symbol': 'ETHUSDT', 'status': 'NEW', 'clientOrderId': 'cIG3ROeSrHuLqo0MqXyvVA', 'price': '0.00', 'avgPrice': '0.00', 'origQty': '0.027', 'executedQty': '0.000', 'cumQty': '0.000', 'cumQuote': '0.00000', 'timeInForce': 'GTC', 'type': 'STOP_MARKET', 'reduceOnly': False, 'closePosition': False, 'side': 'SELL', 'positionSide': 'BOTH', 'stopPrice': '1739.83', 'workingType': 'CONTRACT_PRICE', 'priceProtect': False, 'origType': 'STOP_MARKET', 'updateTime': 1691001226614}
2023-08-02 18:33:47,122
{'orderId': 38660759503, 'symbol': 'XRPUSDT', 'status': 'NEW', 'clientOrderId': 'gJZempAGNu6I9a9nLG0RW2', 'price': '0.0000', 'avgPrice': '0.00', 'origQty': '71.6', 'executedQty': '0.0', 'cumQty': '0.0', 'cumQuote': '0.00000', 'timeInForce': 'GTC', 'type': 'STOP_MARKET', 'reduceOnly': False, 'closePosition': False, 'side': 'SELL', 'positionSide': 'BOTH', 'stopPrice': '0.6500', 'workingType': 'CONTRACT_PRICE', 'priceProtect': False, 'origType': 'STOP_MARKET', 'updateTime': 1691001227026}
