2024-05-12 03:31:01,162
ON program started 20240512 03:31:01,
US time: 20240511 23:31:01
2024-05-12 03:31:02,134
the strat is currently running @ 12-05-2024 and the target positions is NEUTRAL
2024-05-12 03:31:03,550
CURRENT STATUS IS NEUTRAL
-----
return before 14h30:
BTCUSDT+0.19%, ETHUSDT+0.25%, XRPUSDT+0.32%
-----
target alloc initial:BTCUSDT+0.00%, ETHUSDT+0.00%, XRPUSDT+0.00%
-----
alloc target x rt%<0:BTCUSDT+0.00%, ETHUSDT+0.00%, XRPUSDT+0.00%
-----
           BTCUSDT ETHUSDT XRPUSDT
w_target      0.0%    0.0%    0.0%
rt_14h30     0.00%   0.00%   0.00%
w_target_f    0.0%    0.0%    0.0%
2024-05-12 03:31:03,551
Portfolio was rebalanced less than 2 hours ago, 1.0 hours ago
2024-05-12 03:31:03,553
Status: prev = NEUTRAL <> NEUTRAL = target
2024-05-12 03:31:03,553
the strat is currently running @ 12-05-2024 and the target positions is NEUTRAL
the strat was previously run @ 2024-05-12 02:31:05, success:yes 
   and the current positions is NEUTRAL
2024-05-12 03:31:04,748
positions_future #0
2024-05-12 03:31:04,748
Empty DataFrame
Columns: [symbol, positionAmt, entryPrice, breakEvenPrice, markPrice, unRealizedProfit, value_usd, updateTime, isolated, adlQuantile, AUMs_account, w%]
Index: []
2024-05-12 03:31:04,809
programm stoppeddd!!! 20240512_033104
