2023-10-30 23:30:53,698
ON program started 20231030 23:30:53,
US time: 20231030 19:30:53
2023-10-30 23:30:54,087
the strat is currently running @ 30-10-2023 and the target positions is SHORT
2023-10-30 23:30:55,490
CURRENT STATUS IS SHORT, WE CHECK IF THE DAY IS A NEGATIVE ONE
-----
return before 14h30:
BTCUSDT+0.11%, ETHUSDT+0.80%, XRPUSDT+4.29%
-----
target alloc initial:BTCUSDT-4.17%, ETHUSDT+0.00%, XRPUSDT-4.17%
-----
alloc target x rt%<0:BTCUSDT-0.00%, ETHUSDT+0.00%, XRPUSDT-0.00%
-----
           BTCUSDT ETHUSDT XRPUSDT
w_target     -4.2%    0.0%   -4.2%
rt_14h30     0.00%   0.01%   0.04%
w_target_f   -0.0%    0.0%   -0.0%
2023-10-30 23:30:55,491
Portfolio was rebalanced less than 2 hours ago, 0.9 hours ago
2023-10-30 23:30:55,494
Status: prev = SHORT <> SHORT = target
2023-10-30 23:30:55,494
the strat is currently running @ 30-10-2023 and the target positions is SHORT
the strat was previously run @ 2023-10-30 22:37:24 UTC, success:yes 
   and the current positions is SHORT
2023-10-30 23:30:56,652
positions_future #0
2023-10-30 23:30:56,652
Empty DataFrame
Columns: [symbol, positionAmt, entryPrice, breakEvenPrice, markPrice, unRealizedProfit, value_usd, updateTime, isolated, adlQuantile, AUMs_account, w%]
Index: []
2023-10-30 23:30:56,661
programm stoppeddd!!! 20231030_233056
