2024-07-03 19:31:02,179
ON program started 20240703 19:31:02,
US time: 20240703 15:31:02
2024-07-03 19:31:03,205
the strat is currently running @ 03-07-2024 and the target positions is LONG
2024-07-03 19:31:04,603
CURRENT STATUS IS LONG
-----
return before 14h30:
BTCUSDT-2.49%, ETHUSDT-3.03%, XRPUSDT-1.46%
-----
target alloc initial:BTCUSDT+16.67%, ETHUSDT+16.67%, XRPUSDT+16.67%
-----
alloc target x rt%<0:BTCUSDT+16.67%, ETHUSDT+16.67%, XRPUSDT+16.67%
-----
           BTCUSDT ETHUSDT XRPUSDT
w_target     16.7%   16.7%   16.7%
rt_14h30    -0.02%  -0.03%  -0.01%
w_target_f   16.7%   16.7%   16.7%
2024-07-03 19:31:04,604
Portfolio was rebalanced less than 2 hours ago, 1.0 hours ago
2024-07-03 19:31:04,605
Status: prev = LONG <> LONG = target
2024-07-03 19:31:04,605
the strat is currently running @ 03-07-2024 and the target positions is LONG
the strat was previously run @ 2024-07-03 18:31:08, success:? 
   and the current positions is LONG
2024-07-03 19:31:05,742
positions_future #2
2024-07-03 19:31:05,742
      symbol  positionAmt entryPrice  ... adlQuantile AUMs_account        w%
165  ETHUSDT        0.015    3305.99  ...           1        290.6  0.169412
131  XRPUSDT      104.600     0.4688  ...           1        290.6  0.166837

[2 rows x 12 columns]
2024-07-03 19:31:05,967
------------------------------
binance_account_balance
2024-07-03 19:31:05,967
  asset     balance  ...  marginAvailable   updateTime
4  USDT  291.479123  ...             True  03Jul-18:33

[1 rows x 8 columns]
2024-07-03 19:31:06,597
------------------------------
open_orders
2024-07-03 19:31:06,597
Empty DataFrame
Columns: []
Index: []
2024-07-03 19:31:07,219
------------------------------
AUMS account:290

2024-07-03 19:31:07,221
--------------- compute_futures_order_book() ----------------
2024-07-03 19:31:08,685
----------------------------------------------------------------------
#0 order(s) to place
gross$: 0$ | net$: +0$
gross%: 0% | net%: +0%
 || w>0%  +0% | w<0%  0%
----------------------------------------------------------------------
PTF Expo% 33.3% >> 50.0% (current>>target)
PTF expo $97.0 >> $145 (current>>target)
----------------------------------------------------------------------
2024-07-03 19:31:08,687
orders_ofthe_day
2024-07-03 19:31:08,687
Empty DataFrame
Columns: [ptf_usd, target_usd, totrd_usd, posttrd_usd, qty, posttrd_qty, posttrd_w, bid, ask, strategy]
Index: []
2024-07-03 19:31:08,768
Orders of the day is empty, current and target potfolios are aligned
2024-07-03 19:31:08,768
Program stopped
