2024-02-05 23:30:58,292
ON program started 20240205 23:30:58,
US time: 20240205 18:30:58
2024-02-05 23:30:58,780
the strat is currently running @ 05-02-2024 and the target positions is SHORT
2024-02-05 23:31:00,174
CURRENT STATUS IS SHORT, WE CHECK IF THE DAY IS A NEGATIVE ONE
-----
return before 14h30:
BTCUSDT-0.04%, ETHUSDT+0.27%, XRPUSDT+0.57%
-----
target alloc initial:BTCUSDT-4.17%, ETHUSDT+0.00%, XRPUSDT-4.17%
-----
alloc target x rt%<0:BTCUSDT-4.17%, ETHUSDT+0.00%, XRPUSDT-0.00%
-----
           BTCUSDT ETHUSDT XRPUSDT
w_target     -4.2%    0.0%   -4.2%
rt_14h30    -0.00%   0.00%   0.01%
w_target_f   -4.2%    0.0%   -0.0%
2024-02-05 23:31:00,176
Portfolio was rebalanced less than 2 hours ago, 1.0 hours ago
2024-02-05 23:31:00,179
Status: prev = SHORT <> LONG = target
2024-02-05 23:31:00,179
the strat is currently running @ 05-02-2024 and the target positions is SHORT
the strat was previously run @ 2024-02-05 22:31:08 UTC, success:yes 
   and the current positions is LONG
2024-02-05 23:31:01,412
positions_future #2
2024-02-05 23:31:01,412
      symbol  positionAmt entryPrice  ... adlQuantile AUMs_account        w%
147  ETHUSDT        0.021    2306.38  ...           1        290.2  0.166210
118  XRPUSDT       94.300      0.509  ...           1        290.2  0.164418

[2 rows x 12 columns]
2024-02-05 23:31:01,662
------------------------------
binance_account_balance
2024-02-05 23:31:01,662
  asset    balance  ...  marginAvailable   updateTime
5  USDT  290.70931  ...             True  05Feb-19:33

[1 rows x 8 columns]
2024-02-05 23:31:02,329
------------------------------
open_orders
2024-02-05 23:31:02,329
Empty DataFrame
Columns: []
Index: []
2024-02-05 23:31:02,985
------------------------------
AUMS account:290

2024-02-05 23:31:02,987
--------------- compute_futures_order_book() ----------------
2024-02-05 23:31:04,537
----------------------------------------------------------------------
#2 order(s) to place
gross$: 96$ | net$: -96$
gross%: 33% | net%: -33%
 || w>0%  +0% | w<0%  -33%
----------------------------------------------------------------------
PTF Expo% 33.0% >> -4.1% (current>>target)
PTF expo $96.0 >> $-12 (current>>target)
----------------------------------------------------------------------
2024-02-05 23:31:04,538
orders_ofthe_day
2024-02-05 23:31:04,538
                  ptf_usd  target_usd  totrd_usd  ...        bid        ask strategy
2024-02-05 23:31                                  ...                               
ETHUSDT              48.0         0.0      -48.0  ...  2297.1500  2297.1600  STRATON
XRPUSDT              48.0        -0.0      -48.0  ...     0.5061     0.5062  STRATON

[2 rows x 10 columns]
2024-02-05 23:31:05,727
binance_place_orders_peg 20240205_233105
2024-02-05 23:31:06,163
{'orderId': 8389765649808053035, 'symbol': 'ETHUSDT', 'status': 'NEW', 'clientOrderId': 'STRATON', 'price': '2298.45', 'avgPrice': '0.00', 'origQty': '0.021', 'executedQty': '0.000', 'cumQty': '0.000', 'cumQuote': '0.00000', 'timeInForce': 'GTC', 'type': 'LIMIT', 'reduceOnly': False, 'closePosition': False, 'side': 'SELL', 'positionSide': 'BOTH', 'stopPrice': '0.00', 'workingType': 'CONTRACT_PRICE', 'priceProtect': False, 'origType': 'LIMIT', 'priceMatch': 'NONE', 'selfTradePreventionMode': 'NONE', 'goodTillDate': 0, 'updateTime': 1707175866052}
2024-02-05 23:31:06,600
{'orderId': 49596425614, 'symbol': 'XRPUSDT', 'status': 'NEW', 'clientOrderId': 'STRATON', 'price': '0.5065', 'avgPrice': '0.00', 'origQty': '94.3', 'executedQty': '0.0', 'cumQty': '0.0', 'cumQuote': '0.00000', 'timeInForce': 'GTC', 'type': 'LIMIT', 'reduceOnly': False, 'closePosition': False, 'side': 'SELL', 'positionSide': 'BOTH', 'stopPrice': '0.0000', 'workingType': 'CONTRACT_PRICE', 'priceProtect': False, 'origType': 'LIMIT', 'priceMatch': 'NONE', 'selfTradePreventionMode': 'NONE', 'goodTillDate': 0, 'updateTime': 1707175866490}
2024-02-05 23:31:08,175
update 0: filled 0 / 2 () | working 2 / 2 (-ETHUSDT,-XRPUSDT)
2024-02-05 23:31:12,176
-ETHUSDT: bp6.0|-XRPUSDT: bp6.0|
2024-02-05 23:31:13,049
update 1: filled 0 / 2 () | working 2 / 2 (-ETHUSDT,-XRPUSDT)
2024-02-05 23:31:17,050
-ETHUSDT: bp5.0|-XRPUSDT: bp6.0|
2024-02-05 23:31:17,923
update 2: filled 0 / 2 () | working 2 / 2 (-ETHUSDT,-XRPUSDT)
2024-02-05 23:31:21,924
-ETHUSDT: bp5.0|-XRPUSDT: bp6.0|
2024-02-05 23:31:22,799
update 3: filled 0 / 2 () | working 2 / 2 (-ETHUSDT,-XRPUSDT)
2024-02-05 23:31:26,799
-ETHUSDT: bp5.0|-XRPUSDT: bp8.0|
2024-02-05 23:31:27,674
update 4: filled 0 / 2 () | working 2 / 2 (-ETHUSDT,-XRPUSDT)
2024-02-05 23:31:31,675
-ETHUSDT: bp4.0|-XRPUSDT: bp6.0|
2024-02-05 23:31:32,549
update 5: filled 0 / 2 () | working 2 / 2 (-ETHUSDT,-XRPUSDT)
2024-02-05 23:31:36,550
-ETHUSDT: bp3.0|-XRPUSDT: bp6.0|
2024-02-05 23:31:37,423
update 6: filled 0 / 2 () | working 2 / 2 (-ETHUSDT,-XRPUSDT)
2024-02-05 23:31:41,424
-ETHUSDT: bp3.0|-XRPUSDT: bp6.0|
2024-02-05 23:31:42,299
update 7: filled 0 / 2 () | working 2 / 2 (-ETHUSDT,-XRPUSDT)
2024-02-05 23:31:46,300
-ETHUSDT: bp3.0|-XRPUSDT: bp8.0|
2024-02-05 23:31:47,179
update 8: filled 0 / 2 () | working 2 / 2 (-ETHUSDT,-XRPUSDT)
2024-02-05 23:31:51,180
-ETHUSDT: bp3.0|-XRPUSDT: bp6.0|
2024-02-05 23:31:52,053
update 9: filled 0 / 2 () | working 2 / 2 (-ETHUSDT,-XRPUSDT)
2024-02-05 23:31:56,054
-ETHUSDT: bp3.0|-XRPUSDT: bp6.0|
2024-02-05 23:31:56,929
update 10: filled 0 / 2 () | working 2 / 2 (-ETHUSDT,-XRPUSDT)
2024-02-05 23:32:00,929
-ETHUSDT: bp3.0|-XRPUSDT: bp8.0|
2024-02-05 23:32:01,804
update 11: filled 0 / 2 () | working 2 / 2 (-ETHUSDT,-XRPUSDT)
2024-02-05 23:32:05,805
-ETHUSDT: bp3.0|-XRPUSDT: bp8.0|
2024-02-05 23:32:06,678
update 12: filled 0 / 2 () | working 2 / 2 (-ETHUSDT,-XRPUSDT)
2024-02-05 23:32:10,679
-ETHUSDT: bp3.0|-XRPUSDT: bp6.0|
2024-02-05 23:32:11,552
update 13: filled 0 / 2 () | working 2 / 2 (-ETHUSDT,-XRPUSDT)
2024-02-05 23:32:15,553
-ETHUSDT: bp3.0|-XRPUSDT: bp4.0|
2024-02-05 23:32:16,428
update 14: filled 0 / 2 () | working 2 / 2 (-ETHUSDT,-XRPUSDT)
2024-02-05 23:32:20,429
-ETHUSDT: bp3.0|-XRPUSDT: bp2.0|
2024-02-05 23:32:20,429
Adjustment limit #1 ... 
 we cancel current orders and replace
2024-02-05 23:32:20,429
@+/-2.5bp limit 
2024-02-05 23:32:20,429
binance_cancel_and_replace_orders_peg 20240205_233220
2024-02-05 23:32:22,621
binance_place_orders_peg 20240205_233222
2024-02-05 23:32:23,059
{'orderId': 8389765649808250104, 'symbol': 'ETHUSDT', 'status': 'NEW', 'clientOrderId': 'STRATON', 'price': '2298.32', 'avgPrice': '0.00', 'origQty': '0.021', 'executedQty': '0.000', 'cumQty': '0.000', 'cumQuote': '0.00000', 'timeInForce': 'GTC', 'type': 'LIMIT', 'reduceOnly': False, 'closePosition': False, 'side': 'SELL', 'positionSide': 'BOTH', 'stopPrice': '0.00', 'workingType': 'CONTRACT_PRICE', 'priceProtect': False, 'origType': 'LIMIT', 'priceMatch': 'NONE', 'selfTradePreventionMode': 'NONE', 'goodTillDate': 0, 'updateTime': 1707175942948}
2024-02-05 23:32:23,495
{'orderId': 49596467967, 'symbol': 'XRPUSDT', 'status': 'NEW', 'clientOrderId': 'STRATON', 'price': '0.5065', 'avgPrice': '0.00', 'origQty': '94.3', 'executedQty': '0.0', 'cumQty': '0.0', 'cumQuote': '0.00000', 'timeInForce': 'GTC', 'type': 'LIMIT', 'reduceOnly': False, 'closePosition': False, 'side': 'SELL', 'positionSide': 'BOTH', 'stopPrice': '0.0000', 'workingType': 'CONTRACT_PRICE', 'priceProtect': False, 'origType': 'LIMIT', 'priceMatch': 'NONE', 'selfTradePreventionMode': 'NONE', 'goodTillDate': 0, 'updateTime': 1707175943384}
2024-02-05 23:32:24,375
update 0: filled 0 / 2 () | working 2 / 2 (-ETHUSDT,-XRPUSDT)
2024-02-05 23:32:28,376
-ETHUSDT: bp1.0|-XRPUSDT: bp2.0|
2024-02-05 23:32:29,248
update 1: filled 0 / 2 () | working 2 / 2 (-ETHUSDT,-XRPUSDT)
2024-02-05 23:32:33,249
-ETHUSDT: bp1.0|-XRPUSDT: bp4.0|
2024-02-05 23:32:34,124
update 2: filled 0 / 2 () | working 2 / 2 (-ETHUSDT,-XRPUSDT)
2024-02-05 23:32:38,125
-ETHUSDT: bp1.0|-XRPUSDT: bp2.0|
2024-02-05 23:32:38,998
update 3: filled 0 / 2 () | working 2 / 2 (-ETHUSDT,-XRPUSDT)
2024-02-05 23:32:42,999
-ETHUSDT: bp1.0|-XRPUSDT: bp2.0|
2024-02-05 23:32:43,872
update 4: filled 0 / 2 () | working 2 / 2 (-ETHUSDT,-XRPUSDT)
2024-02-05 23:32:47,873
-ETHUSDT: bp0.0|-XRPUSDT: bp2.0|
2024-02-05 23:32:48,746
update 5: filled 0 / 2 () | working 2 / 2 (-ETHUSDT,-XRPUSDT)
2024-02-05 23:32:52,747
-ETHUSDT: bp0.0|-XRPUSDT: bp2.0|
2024-02-05 23:32:53,624
update 6: filled 0 / 2 () | working 2 / 2 (-ETHUSDT,-XRPUSDT)
2024-02-05 23:32:57,625
-ETHUSDT: bp1.0|-XRPUSDT: bp2.0|
2024-02-05 23:32:58,500
update 7: filled 1 / 2 (-ETHUSDT) | working 1 / 2 (-XRPUSDT)
2024-02-05 23:33:02,501
-XRPUSDT: bp2.0|
2024-02-05 23:33:03,374
update 8: filled 1 / 2 (-ETHUSDT) | working 1 / 2 (-XRPUSDT)
2024-02-05 23:33:07,375
-XRPUSDT: bp2.0|
2024-02-05 23:33:08,247
update 9: filled 1 / 2 (-ETHUSDT) | working 1 / 2 (-XRPUSDT)
2024-02-05 23:33:12,248
-XRPUSDT: bp2.0|
2024-02-05 23:33:13,121
update 10: filled 1 / 2 (-ETHUSDT) | working 1 / 2 (-XRPUSDT)
2024-02-05 23:33:17,122
-XRPUSDT: bp2.0|
2024-02-05 23:33:17,995
update 11: filled 1 / 2 (-ETHUSDT) | working 1 / 2 (-XRPUSDT)
2024-02-05 23:33:21,995
-XRPUSDT: bp0.0|
2024-02-05 23:33:22,869
update 12: filled 2 / 2 (-ETHUSDT,-XRPUSDT) | working 0 / 2 ()
2024-02-05 23:33:29,297
Trades of the day
in$
as of: 05Feb 23:32>>23:33 (#trades: 2)
trade net: -96.0 (-33.1%), trade gross: +96.0 (+33.1%), BUY: +0.0 (+0.0%), SELL: -96.0 (-33.1%)
fees: $ 0.019 (2.0bp)
2024-02-05 23:33:29,748
Trades: 
Filled #2
______________________________________________
                   in$ | in bp 96 traded | in bp 290 AUMs
realizedPnl    -0.41   | -43     | -14    
PnLvsArrival   +0.05   | +5      | +2     
PnLvsLast      -0.01   | -1      | -0     
______________________________________________
                 | Value$ | PnL Arrival/Last 
______________________________________________
ETH:-0.021@2298.32 | -48$ | 0.02/-0.01
XRP:-94.3@0.5065 | -48$ | 0.03/0
