2024-09-20 18:30:40,727
ON program started 20240920 18:30:40,
US time: 20240920 14:30:40
2024-09-20 18:30:41,187
the strat is currently running @ 20-09-2024 and the target positions is LONG
2024-09-20 18:30:42,575
CURRENT STATUS IS LONG
-----
return before 14h30:
BTCUSDT-0.18%, ETHUSDT+2.55%, XRPUSDT-1.02%
-----
target alloc initial:BTCUSDT+16.67%, ETHUSDT+16.67%, XRPUSDT+16.67%
-----
alloc target x rt%<0:BTCUSDT+16.67%, ETHUSDT+16.67%, XRPUSDT+16.67%
-----
           BTCUSDT ETHUSDT XRPUSDT
w_target     16.7%   16.7%   16.7%
rt_14h30    -0.00%   0.03%  -0.01%
w_target_f   16.7%   16.7%   16.7%
2024-09-20 18:30:42,576
Portfolio was rebalanced less than 2 hours ago, 15.0 hours ago
2024-09-20 18:30:42,578
Status: prev = LONG <> NEUTRAL = target
2024-09-20 18:30:42,578
the strat is currently running @ 20-09-2024 and the target positions is LONG
the strat was previously run @ 2024-09-20 03:30:58, success:yes 
   and the current positions is NEUTRAL
2024-09-20 18:30:43,786
positions_future #0
2024-09-20 18:30:43,786
Empty DataFrame
Columns: [symbol, positionAmt, entryPrice, breakEvenPrice, markPrice, unRealizedProfit, value_usd, updateTime, isolated, adlQuantile, AUMs_account, w%]
Index: []
2024-09-20 18:30:44,009
------------------------------
binance_account_balance
2024-09-20 18:30:44,009
  asset     balance  ...  marginAvailable   updateTime
4  USDT  294.777849  ...             True  19Sep-22:31

[1 rows x 8 columns]
2024-09-20 18:30:44,243
------------------------------
open_orders
2024-09-20 18:30:44,243
Empty DataFrame
Columns: []
Index: []
2024-09-20 18:30:44,902
------------------------------
AUMS account:294

2024-09-20 18:30:44,903
--------------- compute_futures_order_book() ----------------
2024-09-20 18:30:46,466
----------------------------------------------------------------------
#2 order(s) to place
gross$: 97$ | net$: +97$
gross%: 33% | net%: +33%
 || w>0%  +33% | w<0%  0%
----------------------------------------------------------------------
PTF Expo% 0.0% >> 50.0% (current>>target)
PTF expo $0.0 >> $147 (current>>target)
----------------------------------------------------------------------
2024-09-20 18:30:46,486
orders_ofthe_day
2024-09-20 18:30:46,486
                  ptf_usd  target_usd  totrd_usd  ...        bid        ask strategy
2024-09-20 18:30                                  ...                               
XRPUSDT               0.0       49.14       49.0  ...     0.5792     0.5793  STRATON
ETHUSDT               0.0       49.14       48.0  ...  2538.3100  2538.3200  STRATON

[2 rows x 10 columns]
2024-09-20 18:30:48,106
binance_place_orders_peg 20240920_183048
2024-09-20 18:30:48,549
{'orderId': 66000947097, 'symbol': 'XRPUSDT', 'status': 'NEW', 'clientOrderId': 'STRATON', 'price': '0.5789', 'avgPrice': '0.00', 'origQty': '84.6', 'executedQty': '0.0', 'cumQty': '0.0', 'cumQuote': '0.00000', 'timeInForce': 'GTC', 'type': 'LIMIT', 'reduceOnly': False, 'closePosition': False, 'side': 'BUY', 'positionSide': 'BOTH', 'stopPrice': '0.0000', 'workingType': 'CONTRACT_PRICE', 'priceProtect': False, 'origType': 'LIMIT', 'priceMatch': 'NONE', 'selfTradePreventionMode': 'NONE', 'goodTillDate': 0, 'updateTime': 1726857048437}
2024-09-20 18:30:48,987
{'orderId': 8389765735030713148, 'symbol': 'ETHUSDT', 'status': 'NEW', 'clientOrderId': 'STRATON', 'price': '2537.04', 'avgPrice': '0.00', 'origQty': '0.019', 'executedQty': '0.000', 'cumQty': '0.000', 'cumQuote': '0.00000', 'timeInForce': 'GTC', 'type': 'LIMIT', 'reduceOnly': False, 'closePosition': False, 'side': 'BUY', 'positionSide': 'BOTH', 'stopPrice': '0.00', 'workingType': 'CONTRACT_PRICE', 'priceProtect': False, 'origType': 'LIMIT', 'priceMatch': 'NONE', 'selfTradePreventionMode': 'NONE', 'goodTillDate': 0, 'updateTime': 1726857048877}
2024-09-20 18:30:50,556
update 0: filled 0 / 2 () | working 2 / 2 (+XRPUSDT,+ETHUSDT)
2024-09-20 18:30:54,556
+XRPUSDT: bp5.0|+ETHUSDT: bp5.0|
2024-09-20 18:30:55,438
update 1: filled 0 / 2 () | working 2 / 2 (+XRPUSDT,+ETHUSDT)
2024-09-20 18:30:59,439
+XRPUSDT: bp3.0|+ETHUSDT: bp4.0|
2024-09-20 18:31:00,316
update 2: filled 0 / 2 () | working 2 / 2 (+XRPUSDT,+ETHUSDT)
2024-09-20 18:31:04,317
+XRPUSDT: bp2.0|+ETHUSDT: bp4.0|
2024-09-20 18:31:05,195
update 3: filled 0 / 2 () | working 2 / 2 (+XRPUSDT,+ETHUSDT)
2024-09-20 18:31:09,196
+XRPUSDT: bp2.0|+ETHUSDT: bp2.0|
2024-09-20 18:31:10,073
update 4: filled 1 / 2 (+ETHUSDT) | working 1 / 2 (+XRPUSDT)
2024-09-20 18:31:14,074
+XRPUSDT: bp5.0|
2024-09-20 18:31:14,952
update 5: filled 1 / 2 (+ETHUSDT) | working 1 / 2 (+XRPUSDT)
2024-09-20 18:31:18,952
+XRPUSDT: bp5.0|
2024-09-20 18:31:19,830
update 6: filled 1 / 2 (+ETHUSDT) | working 1 / 2 (+XRPUSDT)
2024-09-20 18:31:23,831
+XRPUSDT: bp5.0|
2024-09-20 18:31:24,710
update 7: filled 1 / 2 (+ETHUSDT) | working 1 / 2 (+XRPUSDT)
2024-09-20 18:31:28,711
+XRPUSDT: bp5.0|
2024-09-20 18:31:29,590
update 8: filled 1 / 2 (+ETHUSDT) | working 1 / 2 (+XRPUSDT)
2024-09-20 18:31:33,590
+XRPUSDT: bp5.0|
2024-09-20 18:31:34,467
update 9: filled 1 / 2 (+ETHUSDT) | working 1 / 2 (+XRPUSDT)
2024-09-20 18:31:38,468
+XRPUSDT: bp5.0|
2024-09-20 18:31:39,349
update 10: filled 1 / 2 (+ETHUSDT) | working 1 / 2 (+XRPUSDT)
2024-09-20 18:31:43,350
+XRPUSDT: bp7.0|
2024-09-20 18:31:44,227
update 11: filled 1 / 2 (+ETHUSDT) | working 1 / 2 (+XRPUSDT)
2024-09-20 18:31:48,228
+XRPUSDT: bp9.0|
2024-09-20 18:31:49,110
update 12: filled 1 / 2 (+ETHUSDT) | working 1 / 2 (+XRPUSDT)
2024-09-20 18:31:53,111
+XRPUSDT: bp7.0|
2024-09-20 18:31:53,989
update 13: filled 1 / 2 (+ETHUSDT) | working 1 / 2 (+XRPUSDT)
2024-09-20 18:31:57,990
+XRPUSDT: bp7.0|
2024-09-20 18:31:58,867
update 14: filled 1 / 2 (+ETHUSDT) | working 1 / 2 (+XRPUSDT)
2024-09-20 18:32:02,867
+XRPUSDT: bp9.0|
2024-09-20 18:32:02,867
Adjustment limit #1 ... 
 we cancel current orders and replace
2024-09-20 18:32:02,868
@+/-2.5bp limit 
2024-09-20 18:32:02,868
binance_cancel_and_replace_orders_peg 20240920_183202
2024-09-20 18:32:04,418
binance_place_orders_peg 20240920_183204
