2024-06-20 21:31:03,436
ON program started 20240620 21:31:03,
US time: 20240620 17:31:03
2024-06-20 21:31:03,954
the strat is currently running @ 20-06-2024 and the target positions is LONG
2024-06-20 21:31:05,282
CURRENT STATUS IS LONG
-----
return before 14h30:
BTCUSDT+0.26%, ETHUSDT-0.82%, XRPUSDT+0.69%
-----
target alloc initial:BTCUSDT+16.67%, ETHUSDT+16.67%, XRPUSDT+16.67%
-----
alloc target x rt%<0:BTCUSDT+16.67%, ETHUSDT+16.67%, XRPUSDT+16.67%
-----
           BTCUSDT ETHUSDT XRPUSDT
w_target     16.7%   16.7%   16.7%
rt_14h30     0.00%  -0.01%   0.01%
w_target_f   16.7%   16.7%   16.7%
2024-06-20 21:31:05,283
Portfolio was rebalanced less than 2 hours ago, 1.0 hours ago
2024-06-20 21:31:05,285
Status: prev = LONG <> LONG = target
2024-06-20 21:31:05,286
the strat is currently running @ 20-06-2024 and the target positions is LONG
the strat was previously run @ 2024-06-20 20:31:12, success:yes 
   and the current positions is LONG
2024-06-20 21:31:06,433
positions_future #2
2024-06-20 21:31:06,433
      symbol  positionAmt entryPrice  ... adlQuantile AUMs_account        w%
165  ETHUSDT        0.014    3531.86  ...           1        291.7  0.169305
131  XRPUSDT       99.600     0.4919  ...           2        291.7  0.167501

[2 rows x 12 columns]
2024-06-20 21:31:06,514
programm stoppeddd!!! 20240620_213106
