2024-09-15 18:30:54,660
ON program started 20240915 18:30:54,
US time: 20240915 14:30:54
2024-09-15 18:30:55,650
the strat is currently running @ 15-09-2024 and the target positions is LONG
2024-09-15 18:30:57,764
CURRENT STATUS IS LONG
-----
return before 14h30:
BTCUSDT+0.33%, ETHUSDT-0.31%, XRPUSDT-1.48%
-----
target alloc initial:BTCUSDT+16.67%, ETHUSDT+16.67%, XRPUSDT+16.67%
-----
alloc target x rt%<0:BTCUSDT+16.67%, ETHUSDT+16.67%, XRPUSDT+16.67%
-----
           BTCUSDT ETHUSDT XRPUSDT
w_target     16.7%   16.7%   16.7%
rt_14h30     0.00%  -0.00%  -0.01%
w_target_f   16.7%   16.7%   16.7%
2024-09-15 18:30:57,765
Portfolio was rebalanced less than 2 hours ago, 15.0 hours ago
2024-09-15 18:30:57,767
Status: prev = LONG <> NEUTRAL = target
2024-09-15 18:30:57,767
the strat is currently running @ 15-09-2024 and the target positions is LONG
the strat was previously run @ 2024-09-15 03:31:01, success:yes 
   and the current positions is NEUTRAL
2024-09-15 18:30:58,890
positions_future #0
2024-09-15 18:30:58,890
Empty DataFrame
Columns: [symbol, positionAmt, entryPrice, breakEvenPrice, markPrice, unRealizedProfit, value_usd, updateTime, isolated, adlQuantile, AUMs_account, w%]
Index: []
2024-09-15 18:30:59,098
------------------------------
binance_account_balance
2024-09-15 18:30:59,098
  asset     balance  ...  marginAvailable   updateTime
4  USDT  297.881514  ...             True  14Sep-22:33

[1 rows x 8 columns]
2024-09-15 18:30:59,317
------------------------------
open_orders
2024-09-15 18:30:59,317
Empty DataFrame
Columns: []
Index: []
2024-09-15 18:30:59,925
------------------------------
AUMS account:297

2024-09-15 18:30:59,927
--------------- compute_futures_order_book() ----------------
2024-09-15 18:31:01,375
----------------------------------------------------------------------
#2 order(s) to place
gross$: 100$ | net$: +100$
gross%: 34% | net%: +34%
 || w>0%  +34% | w<0%  0%
----------------------------------------------------------------------
PTF Expo% 0.0% >> 50.0% (current>>target)
PTF expo $0.0 >> $148 (current>>target)
----------------------------------------------------------------------
2024-09-15 18:31:01,377
orders_ofthe_day
2024-09-15 18:31:01,377
                  ptf_usd  target_usd  totrd_usd  ...        bid        ask strategy
2024-09-15 18:31                                  ...                               
ETHUSDT               0.0       49.66       50.0  ...  2378.7500  2378.7600  STRATON
XRPUSDT               0.0       49.66       50.0  ...     0.5866     0.5867  STRATON

[2 rows x 10 columns]
2024-09-15 18:31:05,067
binance_place_orders_peg 20240915_183105
2024-09-15 18:31:05,475
{'orderId': 8389765732140307488, 'symbol': 'ETHUSDT', 'status': 'NEW', 'clientOrderId': 'STRATON', 'price': '2377.56', 'avgPrice': '0.00', 'origQty': '0.021', 'executedQty': '0.000', 'cumQty': '0.000', 'cumQuote': '0.00000', 'timeInForce': 'GTC', 'type': 'LIMIT', 'reduceOnly': False, 'closePosition': False, 'side': 'BUY', 'positionSide': 'BOTH', 'stopPrice': '0.00', 'workingType': 'CONTRACT_PRICE', 'priceProtect': False, 'origType': 'LIMIT', 'priceMatch': 'NONE', 'selfTradePreventionMode': 'NONE', 'goodTillDate': 0, 'updateTime': 1726425065373}
2024-09-15 18:31:05,882
{'orderId': 65644419040, 'symbol': 'XRPUSDT', 'status': 'NEW', 'clientOrderId': 'STRATON', 'price': '0.5863', 'avgPrice': '0.00', 'origQty': '85.2', 'executedQty': '0.0', 'cumQty': '0.0', 'cumQuote': '0.00000', 'timeInForce': 'GTC', 'type': 'LIMIT', 'reduceOnly': False, 'closePosition': False, 'side': 'BUY', 'positionSide': 'BOTH', 'stopPrice': '0.0000', 'workingType': 'CONTRACT_PRICE', 'priceProtect': False, 'origType': 'LIMIT', 'priceMatch': 'NONE', 'selfTradePreventionMode': 'NONE', 'goodTillDate': 0, 'updateTime': 1726425065779}
2024-09-15 18:31:07,347
update 0: filled 0 / 2 () | working 2 / 2 (+ETHUSDT,+XRPUSDT)
2024-09-15 18:31:11,348
+ETHUSDT: bp5.0|+XRPUSDT: bp5.0|
2024-09-15 18:31:12,165
update 1: filled 0 / 2 () | working 2 / 2 (+ETHUSDT,+XRPUSDT)
2024-09-15 18:31:16,166
+ETHUSDT: bp5.0|+XRPUSDT: bp5.0|
2024-09-15 18:31:16,983
update 2: filled 0 / 2 () | working 2 / 2 (+ETHUSDT,+XRPUSDT)
2024-09-15 18:31:20,984
+ETHUSDT: bp5.0|+XRPUSDT: bp5.0|
2024-09-15 18:31:21,799
update 3: filled 0 / 2 () | working 2 / 2 (+ETHUSDT,+XRPUSDT)
2024-09-15 18:31:25,800
+ETHUSDT: bp5.0|+XRPUSDT: bp7.0|
2024-09-15 18:31:26,615
update 4: filled 0 / 2 () | working 2 / 2 (+ETHUSDT,+XRPUSDT)
2024-09-15 18:31:30,615
+ETHUSDT: bp3.0|+XRPUSDT: bp7.0|
2024-09-15 18:31:31,431
update 5: filled 0 / 2 () | working 2 / 2 (+ETHUSDT,+XRPUSDT)
2024-09-15 18:31:35,432
+ETHUSDT: bp3.0|+XRPUSDT: bp14.0|
2024-09-15 18:31:36,248
update 6: filled 0 / 2 () | working 2 / 2 (+ETHUSDT,+XRPUSDT)
2024-09-15 18:31:40,249
+ETHUSDT: bp3.0|+XRPUSDT: bp12.0|
2024-09-15 18:31:41,064
update 7: filled 0 / 2 () | working 2 / 2 (+ETHUSDT,+XRPUSDT)
2024-09-15 18:31:45,065
+ETHUSDT: bp2.0|+XRPUSDT: bp12.0|
2024-09-15 18:31:45,881
update 8: filled 0 / 2 () | working 2 / 2 (+ETHUSDT,+XRPUSDT)
2024-09-15 18:31:49,882
+ETHUSDT: bp2.0|+XRPUSDT: bp12.0|
2024-09-15 18:31:50,697
update 9: filled 0 / 2 () | working 2 / 2 (+ETHUSDT,+XRPUSDT)
2024-09-15 18:31:54,697
+ETHUSDT: bp2.0|+XRPUSDT: bp9.0|
2024-09-15 18:31:55,512
update 10: filled 0 / 2 () | working 2 / 2 (+ETHUSDT,+XRPUSDT)
2024-09-15 18:31:59,513
+ETHUSDT: bp1.0|+XRPUSDT: bp9.0|
2024-09-15 18:32:00,327
update 11: filled 0 / 2 () | working 2 / 2 (+ETHUSDT,+XRPUSDT)
2024-09-15 18:32:04,328
+ETHUSDT: bp1.0|+XRPUSDT: bp7.0|
2024-09-15 18:32:05,145
update 12: filled 0 / 2 () | working 2 / 2 (+ETHUSDT,+XRPUSDT)
2024-09-15 18:32:09,145
+ETHUSDT: bp4.0|+XRPUSDT: bp9.0|
2024-09-15 18:32:09,960
update 13: filled 0 / 2 () | working 2 / 2 (+ETHUSDT,+XRPUSDT)
2024-09-15 18:32:13,961
+ETHUSDT: bp2.0|+XRPUSDT: bp5.0|
2024-09-15 18:32:14,776
update 14: filled 0 / 2 () | working 2 / 2 (+ETHUSDT,+XRPUSDT)
2024-09-15 18:32:18,777
+ETHUSDT: bp1.0|+XRPUSDT: bp7.0|
2024-09-15 18:32:18,777
Adjustment limit #1 ... 
 we cancel current orders and replace
2024-09-15 18:32:18,777
@+/-2.5bp limit 
2024-09-15 18:32:18,777
binance_cancel_and_replace_orders_peg 20240915_183218
2024-09-15 18:32:20,835
binance_place_orders_peg 20240915_183220
2024-09-15 18:32:21,244
{'orderId': 8389765732140766030, 'symbol': 'ETHUSDT', 'status': 'NEW', 'clientOrderId': 'STRATON', 'price': '2377.85', 'avgPrice': '0.00', 'origQty': '0.021', 'executedQty': '0.000', 'cumQty': '0.000', 'cumQuote': '0.00000', 'timeInForce': 'GTC', 'type': 'LIMIT', 'reduceOnly': False, 'closePosition': False, 'side': 'BUY', 'positionSide': 'BOTH', 'stopPrice': '0.00', 'workingType': 'CONTRACT_PRICE', 'priceProtect': False, 'origType': 'LIMIT', 'priceMatch': 'NONE', 'selfTradePreventionMode': 'NONE', 'goodTillDate': 0, 'updateTime': 1726425141139}
2024-09-15 18:32:21,653
{'orderId': 65644489193, 'symbol': 'XRPUSDT', 'status': 'NEW', 'clientOrderId': 'STRATON', 'price': '0.5864', 'avgPrice': '0.00', 'origQty': '85.2', 'executedQty': '0.0', 'cumQty': '0.0', 'cumQuote': '0.00000', 'timeInForce': 'GTC', 'type': 'LIMIT', 'reduceOnly': False, 'closePosition': False, 'side': 'BUY', 'positionSide': 'BOTH', 'stopPrice': '0.0000', 'workingType': 'CONTRACT_PRICE', 'priceProtect': False, 'origType': 'LIMIT', 'priceMatch': 'NONE', 'selfTradePreventionMode': 'NONE', 'goodTillDate': 0, 'updateTime': 1726425141549}
2024-09-15 18:32:22,479
update 0: filled 0 / 2 () | working 2 / 2 (+ETHUSDT,+XRPUSDT)
2024-09-15 18:32:26,480
+ETHUSDT: bp3.0|+XRPUSDT: bp2.0|
2024-09-15 18:32:27,297
update 1: filled 0 / 2 () | working 2 / 2 (+ETHUSDT,+XRPUSDT)
2024-09-15 18:32:31,297
+ETHUSDT: bp2.0|+XRPUSDT: bp3.0|
2024-09-15 18:32:32,111
update 2: filled 0 / 2 () | working 2 / 2 (+ETHUSDT,+XRPUSDT)
2024-09-15 18:32:36,112
+ETHUSDT: bp3.0|+XRPUSDT: bp5.0|
2024-09-15 18:32:36,926
update 3: filled 0 / 2 () | working 2 / 2 (+ETHUSDT,+XRPUSDT)
2024-09-15 18:32:40,927
+ETHUSDT: bp1.0|+XRPUSDT: bp5.0|
2024-09-15 18:32:41,743
update 4: filled 0 / 2 () | working 2 / 2 (+ETHUSDT,+XRPUSDT)
2024-09-15 18:32:45,743
+ETHUSDT: bp1.0|+XRPUSDT: bp5.0|
2024-09-15 18:32:46,559
update 5: filled 0 / 2 () | working 2 / 2 (+ETHUSDT,+XRPUSDT)
2024-09-15 18:32:50,559
+ETHUSDT: bp1.0|+XRPUSDT: bp5.0|
2024-09-15 18:32:51,376
update 6: filled 0 / 2 () | working 2 / 2 (+ETHUSDT,+XRPUSDT)
2024-09-15 18:32:55,377
+ETHUSDT: bp1.0|+XRPUSDT: bp3.0|
2024-09-15 18:32:56,190
update 7: filled 0 / 2 () | working 2 / 2 (+ETHUSDT,+XRPUSDT)
2024-09-15 18:33:00,191
+ETHUSDT: bp5.0|+XRPUSDT: bp5.0|
2024-09-15 18:33:01,006
update 8: filled 0 / 2 () | working 2 / 2 (+ETHUSDT,+XRPUSDT)
2024-09-15 18:33:05,007
+ETHUSDT: bp4.0|+XRPUSDT: bp3.0|
2024-09-15 18:33:05,821
update 9: filled 0 / 2 () | working 2 / 2 (+ETHUSDT,+XRPUSDT)
2024-09-15 18:33:09,821
+ETHUSDT: bp4.0|+XRPUSDT: bp3.0|
2024-09-15 18:33:10,636
update 10: filled 0 / 2 () | working 2 / 2 (+ETHUSDT,+XRPUSDT)
2024-09-15 18:33:14,637
+ETHUSDT: bp4.0|+XRPUSDT: bp3.0|
2024-09-15 18:33:15,452
update 11: filled 0 / 2 () | working 2 / 2 (+ETHUSDT,+XRPUSDT)
2024-09-15 18:33:19,453
+ETHUSDT: bp4.0|+XRPUSDT: bp2.0|
2024-09-15 18:33:20,269
update 12: filled 0 / 2 () | working 2 / 2 (+ETHUSDT,+XRPUSDT)
2024-09-15 18:33:24,269
+ETHUSDT: bp5.0|+XRPUSDT: bp2.0|
2024-09-15 18:33:25,085
update 13: filled 0 / 2 () | working 2 / 2 (+ETHUSDT,+XRPUSDT)
2024-09-15 18:33:29,085
+ETHUSDT: bp3.0|+XRPUSDT: bp-0.0|
2024-09-15 18:33:29,900
update 14: filled 0 / 2 () | working 2 / 2 (+ETHUSDT,+XRPUSDT)
2024-09-15 18:33:33,901
+ETHUSDT: bp5.0|+XRPUSDT: bp2.0|
2024-09-15 18:33:33,901
Adjustment limit #2 ... 
 we cancel current orders and replace
2024-09-15 18:33:33,901
@+/-1.25bp limit 
2024-09-15 18:33:33,901
binance_cancel_and_replace_orders_peg 20240915_183333
2024-09-15 18:33:35,335
binance_place_orders_peg 20240915_183335
2024-09-15 18:33:35,749
{'orderId': 8389765732141288235, 'symbol': 'ETHUSDT', 'status': 'NEW', 'clientOrderId': 'STRATON', 'price': '2378.52', 'avgPrice': '0.00', 'origQty': '0.021', 'executedQty': '0.000', 'cumQty': '0.000', 'cumQuote': '0.00000', 'timeInForce': 'GTC', 'type': 'LIMIT', 'reduceOnly': False, 'closePosition': False, 'side': 'BUY', 'positionSide': 'BOTH', 'stopPrice': '0.00', 'workingType': 'CONTRACT_PRICE', 'priceProtect': False, 'origType': 'LIMIT', 'priceMatch': 'NONE', 'selfTradePreventionMode': 'NONE', 'goodTillDate': 0, 'updateTime': 1726425215640}
2024-09-15 18:33:36,572
update 0: filled 1 / 2 (+XRPUSDT) | working 1 / 2 (+ETHUSDT)
2024-09-15 18:33:40,572
+ETHUSDT: bp1.0|
2024-09-15 18:33:41,388
update 1: filled 1 / 2 (+XRPUSDT) | working 1 / 2 (+ETHUSDT)
2024-09-15 18:33:45,389
+ETHUSDT: bp3.0|
2024-09-15 18:33:46,204
update 2: filled 1 / 2 (+XRPUSDT) | working 1 / 2 (+ETHUSDT)
2024-09-15 18:33:50,205
+ETHUSDT: bp3.0|
2024-09-15 18:33:51,022
update 3: filled 1 / 2 (+XRPUSDT) | working 1 / 2 (+ETHUSDT)
2024-09-15 18:33:55,023
+ETHUSDT: bp3.0|
2024-09-15 18:33:55,845
update 4: filled 1 / 2 (+XRPUSDT) | working 1 / 2 (+ETHUSDT)
2024-09-15 18:33:59,846
+ETHUSDT: bp3.0|
2024-09-15 18:34:00,661
update 5: filled 1 / 2 (+XRPUSDT) | working 1 / 2 (+ETHUSDT)
2024-09-15 18:34:04,662
+ETHUSDT: bp2.0|
2024-09-15 18:34:05,478
update 6: filled 1 / 2 (+XRPUSDT) | working 1 / 2 (+ETHUSDT)
2024-09-15 18:34:09,479
+ETHUSDT: bp2.0|
2024-09-15 18:34:10,294
update 7: filled 1 / 2 (+XRPUSDT) | working 1 / 2 (+ETHUSDT)
2024-09-15 18:34:14,295
+ETHUSDT: bp2.0|
2024-09-15 18:34:15,110
update 8: filled 1 / 2 (+XRPUSDT) | working 1 / 2 (+ETHUSDT)
2024-09-15 18:34:19,111
+ETHUSDT: bp5.0|
2024-09-15 18:34:19,925
update 9: filled 1 / 2 (+XRPUSDT) | working 1 / 2 (+ETHUSDT)
2024-09-15 18:34:23,926
+ETHUSDT: bp6.0|
2024-09-15 18:34:24,741
update 10: filled 1 / 2 (+XRPUSDT) | working 1 / 2 (+ETHUSDT)
2024-09-15 18:34:28,742
+ETHUSDT: bp7.0|
2024-09-15 18:34:29,557
update 11: filled 1 / 2 (+XRPUSDT) | working 1 / 2 (+ETHUSDT)
2024-09-15 18:34:33,557
+ETHUSDT: bp8.0|
2024-09-15 18:34:34,372
update 12: filled 1 / 2 (+XRPUSDT) | working 1 / 2 (+ETHUSDT)
2024-09-15 18:34:38,372
+ETHUSDT: bp9.0|
2024-09-15 18:34:39,187
update 13: filled 1 / 2 (+XRPUSDT) | working 1 / 2 (+ETHUSDT)
2024-09-15 18:34:43,188
+ETHUSDT: bp10.0|
2024-09-15 18:34:44,002
update 14: filled 1 / 2 (+XRPUSDT) | working 1 / 2 (+ETHUSDT)
2024-09-15 18:34:48,003
+ETHUSDT: bp9.0|
2024-09-15 18:34:48,003
Adjustment limit #3 ... 
 we cancel current orders and replace
2024-09-15 18:34:48,003
@+/-0.625bp limit 
2024-09-15 18:34:48,003
binance_cancel_and_replace_orders_peg 20240915_183448
2024-09-15 18:34:49,446
binance_place_orders_peg 20240915_183449
2024-09-15 18:34:49,853
{'orderId': 8389765732141681329, 'symbol': 'ETHUSDT', 'status': 'NEW', 'clientOrderId': 'STRATON', 'price': '2380.52', 'avgPrice': '0.00', 'origQty': '0.021', 'executedQty': '0.000', 'cumQty': '0.000', 'cumQuote': '0.00000', 'timeInForce': 'GTC', 'type': 'LIMIT', 'reduceOnly': False, 'closePosition': False, 'side': 'BUY', 'positionSide': 'BOTH', 'stopPrice': '0.00', 'workingType': 'CONTRACT_PRICE', 'priceProtect': False, 'origType': 'LIMIT', 'priceMatch': 'NONE', 'selfTradePreventionMode': 'NONE', 'goodTillDate': 0, 'updateTime': 1726425289750}
2024-09-15 18:34:50,676
update 0: filled 1 / 2 (+XRPUSDT) | working 1 / 2 (+ETHUSDT)
2024-09-15 18:34:54,676
+ETHUSDT: bp1.0|
2024-09-15 18:34:55,492
update 1: filled 1 / 2 (+XRPUSDT) | working 1 / 2 (+ETHUSDT)
2024-09-15 18:34:59,493
+ETHUSDT: bp1.0|
2024-09-15 18:35:00,310
update 2: filled 1 / 2 (+XRPUSDT) | working 1 / 2 (+ETHUSDT)
2024-09-15 18:35:04,310
+ETHUSDT: bp1.0|
2024-09-15 18:35:05,129
update 3: filled 1 / 2 (+XRPUSDT) | working 1 / 2 (+ETHUSDT)
2024-09-15 18:35:09,129
+ETHUSDT: bp0.0|
2024-09-15 18:35:09,945
update 4: filled 2 / 2 (+XRPUSDT,+ETHUSDT) | working 0 / 2 ()
2024-09-15 18:35:16,219
Trades of the day
in$
as of: 15Sep 18:33>>18:35 (#trades: 2)
trade net: +100.0 (+33.6%), trade gross: +100.0 (+33.6%), BUY: +100.0 (+33.6%), SELL: +0.0 (+0.0%)
fees: $ 0.02 (2.0bp)
2024-09-15 18:35:16,644
Trades: 
Filled #2
______________________________________________
                   in$ | in bp 99 traded | in bp 297 AUMs
realizedPnl    +0      | +0      | +0     
PnLvsArrival   -0.02   | -2      | -1     
PnLvsLast      +0.01   | +1      | +0     
______________________________________________
                 | Value$ | PnL Arrival/Last 
______________________________________________
XRP:+85.2@0.5864 | +50$ | 0.02/0.02
ETH:+0.021@2380.52 | +50$ | -0.04/-0.01
