2024-03-31 03:31:03,941
ON program started 20240331 03:31:03,
US time: 20240330 23:31:03
2024-03-31 03:31:04,454
the strat is currently running @ 31-03-2024 and the target positions is NEUTRAL
2024-03-31 03:31:05,832
CURRENT STATUS IS NEUTRAL
-----
return before 14h30:
BTCUSDT+0.49%, ETHUSDT+0.81%, XRPUSDT+0.43%
-----
target alloc initial:BTCUSDT+0.00%, ETHUSDT+0.00%, XRPUSDT+0.00%
-----
alloc target x rt%<0:BTCUSDT+0.00%, ETHUSDT+0.00%, XRPUSDT+0.00%
-----
           BTCUSDT ETHUSDT XRPUSDT
w_target      0.0%    0.0%    0.0%
rt_14h30     0.00%   0.01%   0.00%
w_target_f    0.0%    0.0%    0.0%
2024-03-31 03:31:05,833
Portfolio was rebalanced less than 2 hours ago, 1.0 hours ago
2024-03-31 03:31:05,835
Status: prev = NEUTRAL <> NEUTRAL = target
2024-03-31 03:31:05,835
the strat is currently running @ 31-03-2024 and the target positions is NEUTRAL
the strat was previously run @ 2024-03-31 02:31:03, success:? 
   and the current positions is NEUTRAL
2024-03-31 03:31:07,031
positions_future #0
2024-03-31 03:31:07,031
Empty DataFrame
Columns: [symbol, positionAmt, entryPrice, breakEvenPrice, markPrice, unRealizedProfit, value_usd, updateTime, isolated, adlQuantile, AUMs_account, w%]
Index: []
2024-03-31 03:31:07,254
------------------------------
binance_account_balance
2024-03-31 03:31:07,254
  asset     balance  ...  marginAvailable   updateTime
6  USDT  288.376296  ...             True  31Mar-02:34

[1 rows x 8 columns]
2024-03-31 03:31:07,487
------------------------------
open_orders
2024-03-31 03:31:07,487
Empty DataFrame
Columns: []
Index: []
2024-03-31 03:31:08,140
------------------------------
AUMS account:288

2024-03-31 03:31:08,142
--------------- compute_futures_order_book() ----------------
2024-03-31 03:31:09,702
----------------------------------------------------------------------
#0 order(s) to place
gross$: 0$ | net$: +0$
gross%: 0% | net%: +0%
 || w>0%  +0% | w<0%  0%
----------------------------------------------------------------------
PTF Expo% 0.0% >> 0.0% (current>>target)
PTF expo $0.0 >> $0 (current>>target)
----------------------------------------------------------------------
2024-03-31 03:31:09,704
orders_ofthe_day
2024-03-31 03:31:09,704
Empty DataFrame
Columns: [ptf_usd, target_usd, totrd_usd, posttrd_usd, qty, posttrd_qty, posttrd_w, bid, ask, strategy]
Index: []
2024-03-31 03:31:09,774
Orders of the day is empty, current and target potfolios are aligned
2024-03-31 03:31:09,774
Program stopped
