2023-12-10 00:31:09,082
ON program started 20231210 00:31:09,
US time: 20231209 19:31:09
2023-12-10 00:31:09,599
the strat is currently running @ 10-12-2023 and the target positions is SHORT
2023-12-10 00:31:11,026
CURRENT STATUS IS SHORT, WE CHECK IF THE DAY IS A NEGATIVE ONE
-----
return before 14h30:
BTCUSDT+0.00%, ETHUSDT+0.00%, XRPUSDT+0.00%
-----
target alloc initial:BTCUSDT-4.17%, ETHUSDT+0.00%, XRPUSDT-4.17%
-----
alloc target x rt%<0:BTCUSDT-0.00%, ETHUSDT+0.00%, XRPUSDT-0.00%
-----
           BTCUSDT ETHUSDT XRPUSDT
w_target     -4.2%    0.0%   -4.2%
rt_14h30     0.00%   0.00%   0.00%
w_target_f   -0.0%    0.0%   -0.0%
2023-12-10 00:31:11,028
Portfolio was rebalanced less than 2 hours ago, 1.0 hours ago
2023-12-10 00:31:11,031
Status: prev = SHORT <> SHORT = target
2023-12-10 00:31:11,031
the strat is currently running @ 10-12-2023 and the target positions is SHORT
the strat was previously run @ 2023-12-09 23:30:56 UTC, success:? 
   and the current positions is SHORT
2023-12-10 00:31:12,271
positions_future #2
2023-12-10 00:31:12,271
      symbol  positionAmt entryPrice  ... adlQuantile AUMs_account        w%
158  ETHUSDT        0.021    2360.62  ...           1        289.6  0.170198
124  XRPUSDT       72.000     0.6732  ...           1        289.6  0.165113

[2 rows x 12 columns]
2023-12-10 00:31:12,512
------------------------------
binance_account_balance
2023-12-10 00:31:12,512
  asset     balance  ... marginAvailable   updateTime
5  USDT  290.559532  ...            True  09Dec-19:35

[1 rows x 8 columns]
2023-12-10 00:31:13,180
------------------------------
open_orders
2023-12-10 00:31:13,180
Empty DataFrame
Columns: []
Index: []
2023-12-10 00:31:13,832
------------------------------
AUMS account:289

2023-12-10 00:31:13,834
--------------- compute_futures_order_book() ----------------
2023-12-10 00:31:15,390
----------------------------------------------------------------------
#2 order(s) to place
gross$: 97$ | net$: -97$
gross%: 33% | net%: -33%
 || w>0%  +0% | w<0%  -33%
----------------------------------------------------------------------
PTF Expo% 33.4% >> 0.0% (current>>target)
PTF expo $97.0 >> $0 (current>>target)
----------------------------------------------------------------------
2023-12-10 00:31:15,392
orders_ofthe_day
2023-12-10 00:31:15,392
                  ptf_usd  target_usd  ...        bid        ask
2023-12-10 00:31                       ...                      
ETHUSDT              49.0         0.0  ...  2348.1900  2348.2000
XRPUSDT              48.0        -0.0  ...     0.6643     0.6644

[2 rows x 9 columns]
2023-12-10 00:31:16,665
binance_place_orders_peg 20231210_003116
2023-12-10 00:31:17,101
{'orderId': 8389765633780090668, 'symbol': 'ETHUSDT', 'status': 'NEW', 'clientOrderId': 'HGpotD3fJNbFM8CtM2lBs8', 'price': '2349.39', 'avgPrice': '0.00', 'origQty': '0.021', 'executedQty': '0.000', 'cumQty': '0.000', 'cumQuote': '0.00000', 'timeInForce': 'GTC', 'type': 'LIMIT', 'reduceOnly': False, 'closePosition': False, 'side': 'SELL', 'positionSide': 'BOTH', 'stopPrice': '0.00', 'workingType': 'CONTRACT_PRICE', 'priceProtect': False, 'origType': 'LIMIT', 'priceMatch': 'NONE', 'selfTradePreventionMode': 'NONE', 'goodTillDate': 0, 'updateTime': 1702168276993}
2023-12-10 00:31:17,542
{'orderId': 46529916612, 'symbol': 'XRPUSDT', 'status': 'NEW', 'clientOrderId': '4BGy7l9moy4jZsXuFOsCF6', 'price': '0.6646', 'avgPrice': '0.00', 'origQty': '72.0', 'executedQty': '0.0', 'cumQty': '0.0', 'cumQuote': '0.00000', 'timeInForce': 'GTC', 'type': 'LIMIT', 'reduceOnly': False, 'closePosition': False, 'side': 'SELL', 'positionSide': 'BOTH', 'stopPrice': '0.0000', 'workingType': 'CONTRACT_PRICE', 'priceProtect': False, 'origType': 'LIMIT', 'priceMatch': 'NONE', 'selfTradePreventionMode': 'NONE', 'goodTillDate': 0, 'updateTime': 1702168277429}
2023-12-10 00:31:19,117
update 0: filled 0 / 2 () | working 2 / 2 (-ETHUSDT,-XRPUSDT)
2023-12-10 00:31:23,117
-ETHUSDT: bp8.0|-XRPUSDT: bp6.0|
2023-12-10 00:31:23,993
update 1: filled 0 / 2 () | working 2 / 2 (-ETHUSDT,-XRPUSDT)
2023-12-10 00:31:27,994
-ETHUSDT: bp5.0|-XRPUSDT: bp3.0|
2023-12-10 00:31:28,868
update 2: filled 0 / 2 () | working 2 / 2 (-ETHUSDT,-XRPUSDT)
2023-12-10 00:31:32,869
-ETHUSDT: bp5.0|-XRPUSDT: bp5.0|
2023-12-10 00:31:33,742
update 3: filled 0 / 2 () | working 2 / 2 (-ETHUSDT,-XRPUSDT)
2023-12-10 00:31:37,743
-ETHUSDT: bp4.0|-XRPUSDT: bp2.0|
2023-12-10 00:31:38,616
update 4: filled 0 / 2 () | working 2 / 2 (-ETHUSDT,-XRPUSDT)
2023-12-10 00:31:42,617
-ETHUSDT: bp4.0|-XRPUSDT: bp2.0|
2023-12-10 00:31:43,494
update 5: filled 0 / 2 () | working 2 / 2 (-ETHUSDT,-XRPUSDT)
2023-12-10 00:31:47,495
-ETHUSDT: bp3.0|-XRPUSDT: bp3.0|
2023-12-10 00:31:48,367
update 6: filled 0 / 2 () | working 2 / 2 (-ETHUSDT,-XRPUSDT)
2023-12-10 00:31:52,368
-ETHUSDT: bp3.0|-XRPUSDT: bp5.0|
2023-12-10 00:31:53,241
update 7: filled 0 / 2 () | working 2 / 2 (-ETHUSDT,-XRPUSDT)
2023-12-10 00:31:57,241
-ETHUSDT: bp3.0|-XRPUSDT: bp3.0|
2023-12-10 00:31:58,114
update 8: filled 0 / 2 () | working 2 / 2 (-ETHUSDT,-XRPUSDT)
2023-12-10 00:32:02,115
-ETHUSDT: bp3.0|-XRPUSDT: bp5.0|
2023-12-10 00:32:02,989
update 9: filled 0 / 2 () | working 2 / 2 (-ETHUSDT,-XRPUSDT)
2023-12-10 00:32:06,989
-ETHUSDT: bp8.0|-XRPUSDT: bp3.0|
2023-12-10 00:32:07,866
update 10: filled 0 / 2 () | working 2 / 2 (-ETHUSDT,-XRPUSDT)
2023-12-10 00:32:11,867
-ETHUSDT: bp8.0|-XRPUSDT: bp5.0|
2023-12-10 00:32:12,739
update 11: filled 0 / 2 () | working 2 / 2 (-ETHUSDT,-XRPUSDT)
2023-12-10 00:32:16,740
-ETHUSDT: bp7.0|-XRPUSDT: bp3.0|
2023-12-10 00:32:17,614
update 12: filled 0 / 2 () | working 2 / 2 (-ETHUSDT,-XRPUSDT)
2023-12-10 00:32:21,615
-ETHUSDT: bp8.0|-XRPUSDT: bp6.0|
2023-12-10 00:32:22,493
update 13: filled 0 / 2 () | working 2 / 2 (-ETHUSDT,-XRPUSDT)
2023-12-10 00:32:26,494
-ETHUSDT: bp10.0|-XRPUSDT: bp8.0|
2023-12-10 00:32:27,370
update 14: filled 0 / 2 () | working 2 / 2 (-ETHUSDT,-XRPUSDT)
2023-12-10 00:32:31,371
-ETHUSDT: bp11.0|-XRPUSDT: bp9.0|
2023-12-10 00:32:31,371
Adjustment limit #1 ... 
 we cancel current orders and replace
2023-12-10 00:32:31,371
@+/-2.5bp limit 
2023-12-10 00:32:31,371
binance_cancel_and_replace_orders_peg 20231210_003231
2023-12-10 00:32:32,690
binance_place_orders_peg 20231210_003232
2023-12-10 00:32:33,132
{'orderId': 8389765633780270207, 'symbol': 'ETHUSDT', 'status': 'NEW', 'clientOrderId': 'HGpotD3fJNbFM8CtM2lBs8', 'price': '2347.28', 'avgPrice': '0.00', 'origQty': '0.021', 'executedQty': '0.000', 'cumQty': '0.000', 'cumQuote': '0.00000', 'timeInForce': 'GTC', 'type': 'LIMIT', 'reduceOnly': False, 'closePosition': False, 'side': 'SELL', 'positionSide': 'BOTH', 'stopPrice': '0.00', 'workingType': 'CONTRACT_PRICE', 'priceProtect': False, 'origType': 'LIMIT', 'priceMatch': 'NONE', 'selfTradePreventionMode': 'NONE', 'goodTillDate': 0, 'updateTime': 1702168353018}
2023-12-10 00:32:33,572
{'orderId': 46529964416, 'symbol': 'XRPUSDT', 'status': 'NEW', 'clientOrderId': '4BGy7l9moy4jZsXuFOsCF6', 'price': '0.6642', 'avgPrice': '0.00', 'origQty': '72.0', 'executedQty': '0.0', 'cumQty': '0.0', 'cumQuote': '0.00000', 'timeInForce': 'GTC', 'type': 'LIMIT', 'reduceOnly': False, 'closePosition': False, 'side': 'SELL', 'positionSide': 'BOTH', 'stopPrice': '0.0000', 'workingType': 'CONTRACT_PRICE', 'priceProtect': False, 'origType': 'LIMIT', 'priceMatch': 'NONE', 'selfTradePreventionMode': 'NONE', 'goodTillDate': 0, 'updateTime': 1702168353460}
2023-12-10 00:32:34,448
update 0: filled 0 / 2 () | working 2 / 2 (-ETHUSDT,-XRPUSDT)
2023-12-10 00:32:38,449
-ETHUSDT: bp3.0|-XRPUSDT: bp5.0|
2023-12-10 00:32:39,325
update 1: filled 0 / 2 () | working 2 / 2 (-ETHUSDT,-XRPUSDT)
2023-12-10 00:32:43,325
-ETHUSDT: bp3.0|-XRPUSDT: bp3.0|
2023-12-10 00:32:44,202
update 2: filled 1 / 2 (-XRPUSDT) | working 1 / 2 (-ETHUSDT)
2023-12-10 00:32:48,203
-ETHUSDT: bp2.0|
2023-12-10 00:32:49,076
update 3: filled 1 / 2 (-XRPUSDT) | working 1 / 2 (-ETHUSDT)
2023-12-10 00:32:53,077
-ETHUSDT: bp3.0|
2023-12-10 00:32:53,951
update 4: filled 1 / 2 (-XRPUSDT) | working 1 / 2 (-ETHUSDT)
2023-12-10 00:32:57,951
-ETHUSDT: bp3.0|
2023-12-10 00:32:58,825
update 5: filled 2 / 2 (-ETHUSDT,-XRPUSDT) | working 0 / 2 ()
