2023-08-29 23:30:57,196
ON program started 20230829 23:30:57,
US time: 20230829 19:30:57
2023-08-29 23:30:57,754
the strat is currently running @ 29-08-2023 and the target positions is SHORT
2023-08-29 23:30:59,172
CURRENT STATUS IS SHORT, WE CHECK IF THE DAY IS A NEGATIVE ONE
-----
return before 14h30:
BTCUSDT+6.94%, ETHUSDT+4.93%, XRPUSDT+3.88%
-----
target alloc initial:BTCUSDT-4.17%, ETHUSDT+0.00%, XRPUSDT-4.17%
-----
alloc target x rt%<0:BTCUSDT-0.00%, ETHUSDT+0.00%, XRPUSDT-0.00%
-----
           BTCUSDT ETHUSDT XRPUSDT
w_target     -4.2%    0.0%   -4.2%
rt_14h30     0.07%   0.05%   0.04%
w_target_f   -0.0%    0.0%   -0.0%
2023-08-29 23:30:59,174
Portfolio was rebalanced less than 2 hours ago, 1.0 hours ago
2023-08-29 23:30:59,176
Status: prev = SHORT <> SHORT = target
2023-08-29 23:30:59,176
the strat is currently running @ 29-08-2023 and the target positions is SHORT
the strat was previously run @ 2023-08-29 22:31:43 UTC, success:yes 
   and the current positions is SHORT
2023-08-29 23:31:00,336
positions_future #0
2023-08-29 23:31:00,336
Empty DataFrame
Columns: [symbol, positionAmt, entryPrice, markPrice, unRealizedProfit, value_usd, updateTime, AUMs_account, w%]
Index: []
2023-08-29 23:31:00,345
programm stoppeddd!!! 20230829_233100
