2023-08-30 20:30:50,818
ON program started 20230830 20:30:50,
US time: 20230830 16:30:50
2023-08-30 20:30:51,430
the strat is currently running @ 30-08-2023 and the target positions is LONG
2023-08-30 20:30:52,850
CURRENT STATUS IS LONG
-----
return before 14h30:
BTCUSDT-0.81%, ETHUSDT-1.03%, XRPUSDT-1.67%
-----
target alloc initial:BTCUSDT+16.67%, ETHUSDT+16.67%, XRPUSDT+16.67%
-----
alloc target x rt%<0:BTCUSDT+16.67%, ETHUSDT+16.67%, XRPUSDT+16.67%
-----
           BTCUSDT ETHUSDT XRPUSDT
w_target     16.7%   16.7%   16.7%
rt_14h30    -0.01%  -0.01%  -0.02%
w_target_f   16.7%   16.7%   16.7%
2023-08-30 20:30:52,851
Portfolio was rebalanced less than 2 hours ago, 1.0 hours ago
2023-08-30 20:30:52,854
Status: prev = LONG <> LONG = target
2023-08-30 20:30:52,854
the strat is currently running @ 30-08-2023 and the target positions is LONG
the strat was previously run @ 2023-08-30 19:30:35 UTC, success:yes 
   and the current positions is LONG
2023-08-30 20:30:54,011
positions_future #3
2023-08-30 20:30:54,012
      symbol  positionAmt entryPrice  ...   updateTime  AUMs_account        w%
225  BTCUSDT        0.002    27151.0  ...  30Aug-18:34         275.9  0.197613
111  XRPUSDT       87.700     0.5243  ...  30Aug-18:37         275.9  0.168050
138  ETHUSDT        0.027    1697.97  ...  30Aug-18:34         275.9  0.166803

[3 rows x 9 columns]
2023-08-30 20:30:54,034
programm stoppeddd!!! 20230830_203054
