2024-06-17 03:30:49,524
ON program started 20240617 03:30:49,
US time: 20240616 23:30:49
2024-06-17 03:30:50,496
the strat is currently running @ 17-06-2024 and the target positions is NEUTRAL
2024-06-17 03:30:51,869
CURRENT STATUS IS NEUTRAL
-----
return before 14h30:
BTCUSDT-0.50%, ETHUSDT-1.00%, XRPUSDT-0.25%
-----
target alloc initial:BTCUSDT+0.00%, ETHUSDT+0.00%, XRPUSDT+0.00%
-----
alloc target x rt%<0:BTCUSDT+0.00%, ETHUSDT+0.00%, XRPUSDT+0.00%
-----
           BTCUSDT ETHUSDT XRPUSDT
w_target      0.0%    0.0%    0.0%
rt_14h30    -0.00%  -0.01%  -0.00%
w_target_f    0.0%    0.0%    0.0%
2024-06-17 03:30:51,871
Portfolio was rebalanced less than 2 hours ago, 1.0 hours ago
2024-06-17 03:30:51,872
Status: prev = NEUTRAL <> NEUTRAL = target
2024-06-17 03:30:51,872
the strat is currently running @ 17-06-2024 and the target positions is NEUTRAL
the strat was previously run @ 2024-06-17 02:31:19, success:yes 
   and the current positions is NEUTRAL
2024-06-17 03:30:52,995
positions_future #0
2024-06-17 03:30:52,995
Empty DataFrame
Columns: [symbol, positionAmt, entryPrice, breakEvenPrice, markPrice, unRealizedProfit, value_usd, updateTime, isolated, adlQuantile, AUMs_account, w%]
Index: []
2024-06-17 03:30:53,056
programm stoppeddd!!! 20240617_033053
