2024-04-13 19:31:14,388
ON program started 20240413 19:31:14,
US time: 20240413 15:31:14
2024-04-13 19:31:15,489
the strat is currently running @ 13-04-2024 and the target positions is LONG
2024-04-13 19:31:17,489
CURRENT STATUS IS LONG
-----
return before 14h30:
BTCUSDT+0.65%, ETHUSDT+1.02%, XRPUSDT-0.42%
-----
target alloc initial:BTCUSDT+16.67%, ETHUSDT+16.67%, XRPUSDT+16.67%
-----
alloc target x rt%<0:BTCUSDT+16.67%, ETHUSDT+16.67%, XRPUSDT+16.67%
-----
           BTCUSDT ETHUSDT XRPUSDT
w_target     16.7%   16.7%   16.7%
rt_14h30     0.01%   0.01%  -0.00%
w_target_f   16.7%   16.7%   16.7%
2024-04-13 19:31:17,490
Portfolio was rebalanced less than 2 hours ago, 1.0 hours ago
2024-04-13 19:31:17,492
Status: prev = LONG <> LONG = target
2024-04-13 19:31:17,492
the strat is currently running @ 13-04-2024 and the target positions is LONG
the strat was previously run @ 2024-04-13 18:31:12, success:? 
   and the current positions is LONG
2024-04-13 19:31:18,104
positions_future #2
2024-04-13 19:31:18,104
      symbol  positionAmt entryPrice  ... adlQuantile AUMs_account        w%
161  ETHUSDT        0.015    3213.02  ...           3        286.6  0.168303
128  XRPUSDT       91.600     0.5237  ...           3        286.6  0.167880

[2 rows x 12 columns]
2024-04-13 19:31:18,369
------------------------------
binance_account_balance
2024-04-13 19:31:18,370
  asset     balance  ...  marginAvailable   updateTime
6  USDT  286.442478  ...             True  13Apr-18:32

[1 rows x 8 columns]
2024-04-13 19:31:19,106
------------------------------
open_orders
2024-04-13 19:31:19,106
Empty DataFrame
Columns: []
Index: []
2024-04-13 19:31:20,285
------------------------------
AUMS account:286

2024-04-13 19:31:20,287
--------------- compute_futures_order_book() ----------------
2024-04-13 19:31:22,220
----------------------------------------------------------------------
#0 order(s) to place
gross$: 0$ | net$: +0$
gross%: 0% | net%: +0%
 || w>0%  +0% | w<0%  0%
----------------------------------------------------------------------
PTF Expo% 33.5% >> 50.0% (current>>target)
PTF expo $96.0 >> $143 (current>>target)
----------------------------------------------------------------------
2024-04-13 19:31:22,222
orders_ofthe_day
2024-04-13 19:31:22,222
Empty DataFrame
Columns: [ptf_usd, target_usd, totrd_usd, posttrd_usd, qty, posttrd_qty, posttrd_w, bid, ask, strategy]
Index: []
2024-04-13 19:31:22,292
Orders of the day is empty, current and target potfolios are aligned
2024-04-13 19:31:22,292
Program stopped
