2023-08-14 23:30:35,706
ON program started 20230814 23:30:35,
US time: 20230814 19:30:35
2023-08-14 23:30:35,859
the strat is currently running @ 14-08-2023 and the target positions is SHORT
2023-08-14 23:30:37,573
CURRENT STATUS IS SHORT, WE CHECK IF THE DAY IS A NEGATIVE ONE
-----
return before 14h30:
BTCUSDT+0.30%, ETHUSDT+0.04%, XRPUSDT-0.08%
-----
target alloc initial:BTCUSDT-4.17%, ETHUSDT+0.00%, XRPUSDT-4.17%
-----
alloc target x rt%<0:BTCUSDT-0.00%, ETHUSDT+0.00%, XRPUSDT-4.17%
-----
           BTCUSDT ETHUSDT XRPUSDT
w_target     -4.2%    0.0%   -4.2%
rt_14h30     0.00%   0.00%  -0.00%
w_target_f   -0.0%    0.0%   -4.2%
2023-08-14 23:30:37,575
Portfolio was rebalanced less than 2 hours ago, 0.9 hours ago
2023-08-14 23:30:37,577
Status: prev = SHORT <> SHORT = target
2023-08-14 23:30:37,577
the strat is currently running @ 14-08-2023 and the target positions is SHORT
the strat was previously run @ 2023-08-14 22:38:19 UTC, success:yes 
   and the current positions is SHORT
2023-08-14 23:30:38,662
positions_future #1
2023-08-14 23:30:38,663
      symbol  positionAmt entryPrice  ...   updateTime  AUMs_account        w%
111  XRPUSDT        -19.8     0.6316  ...  14Aug-22:35         290.2 -0.043287

[1 rows x 9 columns]
2023-08-14 23:30:38,684
programm stoppeddd!!! 20230814_233038
