2024-02-29 03:31:00,503
ON program started 20240229 03:31:00,
US time: 20240228 22:31:00
2024-02-29 03:31:01,501
the strat is currently running @ 29-02-2024 and the target positions is NEUTRAL
2024-02-29 03:31:03,319
CURRENT STATUS IS NEUTRAL
-----
return before 14h30:
BTCUSDT-1.75%, ETHUSDT+0.48%, XRPUSDT+0.02%
-----
target alloc initial:BTCUSDT+0.00%, ETHUSDT+0.00%, XRPUSDT+0.00%
-----
alloc target x rt%<0:BTCUSDT+0.00%, ETHUSDT+0.00%, XRPUSDT+0.00%
-----
           BTCUSDT ETHUSDT XRPUSDT
w_target      0.0%    0.0%    0.0%
rt_14h30    -0.02%   0.00%   0.00%
w_target_f    0.0%    0.0%    0.0%
2024-02-29 03:31:03,320
Portfolio was rebalanced less than 2 hours ago, 1.0 hours ago
2024-02-29 03:31:03,322
Status: prev = NEUTRAL <> SHORT = target
2024-02-29 03:31:03,322
the strat is currently running @ 29-02-2024 and the target positions is NEUTRAL
the strat was previously run @ 2024-02-29 02:31:00, success:yes 
   and the current positions is SHORT
2024-02-29 03:31:04,552
positions_future #0
2024-02-29 03:31:04,552
Empty DataFrame
Columns: [symbol, positionAmt, entryPrice, breakEvenPrice, markPrice, unRealizedProfit, value_usd, updateTime, isolated, adlQuantile, AUMs_account, w%]
Index: []
2024-02-29 03:31:04,779
------------------------------
binance_account_balance
2024-02-29 03:31:04,779
  asset     balance  ...  marginAvailable   updateTime
5  USDT  294.946908  ...             True  29Feb-01:31

[1 rows x 8 columns]
2024-02-29 03:31:05,016
------------------------------
open_orders
2024-02-29 03:31:05,016
Empty DataFrame
Columns: []
Index: []
2024-02-29 03:31:05,677
------------------------------
AUMS account:294

2024-02-29 03:31:05,679
--------------- compute_futures_order_book() ----------------
2024-02-29 03:31:07,256
----------------------------------------------------------------------
#0 order(s) to place
gross$: 0$ | net$: +0$
gross%: 0% | net%: +0%
 || w>0%  +0% | w<0%  0%
----------------------------------------------------------------------
PTF Expo% 0.0% >> 0.0% (current>>target)
PTF expo $0.0 >> $0 (current>>target)
----------------------------------------------------------------------
2024-02-29 03:31:07,258
orders_ofthe_day
2024-02-29 03:31:07,258
Empty DataFrame
Columns: [ptf_usd, target_usd, totrd_usd, posttrd_usd, qty, posttrd_qty, posttrd_w, bid, ask, strategy]
Index: []
2024-02-29 03:31:07,334
Orders of the day is empty, current and target potfolios are aligned
2024-02-29 03:31:07,334
Program stopped
