2024-02-16 03:30:59,033
ON program started 20240216 03:30:59,
US time: 20240215 22:30:59
2024-02-16 03:31:00,190
the strat is currently running @ 16-02-2024 and the target positions is NEUTRAL
2024-02-16 03:31:01,603
CURRENT STATUS IS NEUTRAL
-----
return before 14h30:
BTCUSDT+0.48%, ETHUSDT+0.84%, XRPUSDT+2.33%
-----
target alloc initial:BTCUSDT+0.00%, ETHUSDT+0.00%, XRPUSDT+0.00%
-----
alloc target x rt%<0:BTCUSDT+0.00%, ETHUSDT+0.00%, XRPUSDT+0.00%
-----
           BTCUSDT ETHUSDT XRPUSDT
w_target      0.0%    0.0%    0.0%
rt_14h30     0.00%   0.01%   0.02%
w_target_f    0.0%    0.0%    0.0%
2024-02-16 03:31:01,604
Portfolio was rebalanced less than 2 hours ago, 1.0 hours ago
2024-02-16 03:31:01,605
Status: prev = NEUTRAL <> SHORT = target
2024-02-16 03:31:01,606
the strat is currently running @ 16-02-2024 and the target positions is NEUTRAL
the strat was previously run @ 2024-02-16 02:31:01, success:yes 
   and the current positions is SHORT
2024-02-16 03:31:02,822
positions_future #1
2024-02-16 03:31:02,822
      symbol  positionAmt entryPrice  ... adlQuantile AUMs_account       w%
119  XRPUSDT        -21.5     0.5596  ...           1        290.4 -0.04254

[1 rows x 12 columns]
2024-02-16 03:31:03,062
------------------------------
binance_account_balance
2024-02-16 03:31:03,062
  asset     balance  ...  marginAvailable   updateTime
5  USDT  290.729981  ...             True  16Feb-00:31

[1 rows x 8 columns]
2024-02-16 03:31:03,513
------------------------------
open_orders
2024-02-16 03:31:03,513
Empty DataFrame
Columns: []
Index: []
2024-02-16 03:31:04,171
------------------------------
AUMS account:290

2024-02-16 03:31:04,173
--------------- compute_futures_order_book() ----------------
2024-02-16 03:31:05,730
----------------------------------------------------------------------
#1 order(s) to place
gross$: 12$ | net$: +12$
gross%: 4% | net%: +4%
 || w>0%  +4% | w<0%  0%
----------------------------------------------------------------------
PTF Expo% -4.1% >> 0.0% (current>>target)
PTF expo $-12.0 >> $0 (current>>target)
----------------------------------------------------------------------
2024-02-16 03:31:05,732
orders_ofthe_day
2024-02-16 03:31:05,732
                  ptf_usd  target_usd  totrd_usd  ...     bid     ask strategy
2024-02-16 03:31                                  ...                         
XRPUSDT             -12.0         0.0       12.0  ...  0.5744  0.5745  STRATON

[1 rows x 10 columns]
2024-02-16 03:31:06,742
binance_place_orders_peg 20240216_033106
2024-02-16 03:31:07,181
{'orderId': 50234225554, 'symbol': 'XRPUSDT', 'status': 'NEW', 'clientOrderId': 'STRATON', 'price': '0.5741', 'avgPrice': '0.00', 'origQty': '21.5', 'executedQty': '0.0', 'cumQty': '0.0', 'cumQuote': '0.00000', 'timeInForce': 'GTC', 'type': 'LIMIT', 'reduceOnly': False, 'closePosition': False, 'side': 'BUY', 'positionSide': 'BOTH', 'stopPrice': '0.0000', 'workingType': 'CONTRACT_PRICE', 'priceProtect': False, 'origType': 'LIMIT', 'priceMatch': 'NONE', 'selfTradePreventionMode': 'NONE', 'goodTillDate': 0, 'updateTime': 1708054267072}
2024-02-16 03:31:08,322
update 0: filled 0 / 1 () | working 1 / 1 (+XRPUSDT)
2024-02-16 03:31:12,323
+XRPUSDT: bp10.0|
2024-02-16 03:31:12,763
update 1: filled 0 / 1 () | working 1 / 1 (+XRPUSDT)
2024-02-16 03:31:16,764
+XRPUSDT: bp5.0|
2024-02-16 03:31:17,206
update 2: filled 0 / 1 () | working 1 / 1 (+XRPUSDT)
2024-02-16 03:31:21,206
+XRPUSDT: bp5.0|
2024-02-16 03:31:21,649
update 3: filled 0 / 1 () | working 1 / 1 (+XRPUSDT)
2024-02-16 03:31:25,649
+XRPUSDT: bp5.0|
2024-02-16 03:31:26,092
update 4: filled 0 / 1 () | working 1 / 1 (+XRPUSDT)
2024-02-16 03:31:30,092
+XRPUSDT: bp2.0|
2024-02-16 03:31:30,534
update 5: filled 0 / 1 () | working 1 / 1 (+XRPUSDT)
2024-02-16 03:31:34,534
+XRPUSDT: bp3.0|
2024-02-16 03:31:34,974
update 6: filled 0 / 1 () | working 1 / 1 (+XRPUSDT)
2024-02-16 03:31:38,975
+XRPUSDT: bp2.0|
2024-02-16 03:31:39,415
update 7: filled 0 / 1 () | working 1 / 1 (+XRPUSDT)
2024-02-16 03:31:43,416
+XRPUSDT: bp7.0|
2024-02-16 03:31:43,855
update 8: filled 0 / 1 () | working 1 / 1 (+XRPUSDT)
2024-02-16 03:31:47,856
+XRPUSDT: bp16.0|
2024-02-16 03:31:48,296
update 9: filled 0 / 1 () | working 1 / 1 (+XRPUSDT)
2024-02-16 03:31:52,297
+XRPUSDT: bp17.0|
2024-02-16 03:31:52,737
update 10: filled 0 / 1 () | working 1 / 1 (+XRPUSDT)
2024-02-16 03:31:56,738
+XRPUSDT: bp17.0|
2024-02-16 03:31:57,179
update 11: filled 0 / 1 () | working 1 / 1 (+XRPUSDT)
2024-02-16 03:32:01,181
+XRPUSDT: bp17.0|
2024-02-16 03:32:01,624
update 12: filled 0 / 1 () | working 1 / 1 (+XRPUSDT)
2024-02-16 03:32:05,625
+XRPUSDT: bp19.0|
2024-02-16 03:32:06,066
update 13: filled 0 / 1 () | working 1 / 1 (+XRPUSDT)
2024-02-16 03:32:10,067
+XRPUSDT: bp23.0|
2024-02-16 03:32:10,508
update 14: filled 0 / 1 () | working 1 / 1 (+XRPUSDT)
2024-02-16 03:32:14,509
+XRPUSDT: bp24.0|
2024-02-16 03:32:14,509
Adjustment limit #1 ... 
 we cancel current orders and replace
2024-02-16 03:32:14,509
@+/-2.5bp limit 
2024-02-16 03:32:14,509
binance_cancel_and_replace_orders_peg 20240216_033214
2024-02-16 03:32:15,612
binance_place_orders_peg 20240216_033215
2024-02-16 03:32:16,050
{'orderId': 50234277897, 'symbol': 'XRPUSDT', 'status': 'NEW', 'clientOrderId': 'STRATON', 'price': '0.5751', 'avgPrice': '0.00', 'origQty': '21.5', 'executedQty': '0.0', 'cumQty': '0.0', 'cumQuote': '0.00000', 'timeInForce': 'GTC', 'type': 'LIMIT', 'reduceOnly': False, 'closePosition': False, 'side': 'BUY', 'positionSide': 'BOTH', 'stopPrice': '0.0000', 'workingType': 'CONTRACT_PRICE', 'priceProtect': False, 'origType': 'LIMIT', 'priceMatch': 'NONE', 'selfTradePreventionMode': 'NONE', 'goodTillDate': 0, 'updateTime': 1708054335940}
2024-02-16 03:32:16,499
update 0: filled 0 / 1 () | working 1 / 1 (+XRPUSDT)
2024-02-16 03:32:20,500
+XRPUSDT: bp2.0|
2024-02-16 03:32:20,941
update 1: filled 0 / 1 () | working 1 / 1 (+XRPUSDT)
2024-02-16 03:32:24,942
+XRPUSDT: bp9.0|
2024-02-16 03:32:25,382
update 2: filled 0 / 1 () | working 1 / 1 (+XRPUSDT)
2024-02-16 03:32:29,382
+XRPUSDT: bp9.0|
2024-02-16 03:32:29,824
update 3: filled 0 / 1 () | working 1 / 1 (+XRPUSDT)
2024-02-16 03:32:33,824
+XRPUSDT: bp9.0|
2024-02-16 03:32:34,265
update 4: filled 0 / 1 () | working 1 / 1 (+XRPUSDT)
2024-02-16 03:32:38,266
+XRPUSDT: bp10.0|
2024-02-16 03:32:38,706
update 5: filled 0 / 1 () | working 1 / 1 (+XRPUSDT)
2024-02-16 03:32:42,707
+XRPUSDT: bp9.0|
2024-02-16 03:32:43,146
update 6: filled 0 / 1 () | working 1 / 1 (+XRPUSDT)
2024-02-16 03:32:47,147
+XRPUSDT: bp12.0|
2024-02-16 03:32:47,589
update 7: filled 0 / 1 () | working 1 / 1 (+XRPUSDT)
2024-02-16 03:32:51,590
+XRPUSDT: bp12.0|
2024-02-16 03:32:52,032
update 8: filled 0 / 1 () | working 1 / 1 (+XRPUSDT)
2024-02-16 03:32:56,033
+XRPUSDT: bp9.0|
2024-02-16 03:32:56,473
update 9: filled 0 / 1 () | working 1 / 1 (+XRPUSDT)
2024-02-16 03:33:00,474
+XRPUSDT: bp24.0|
2024-02-16 03:33:00,918
update 10: filled 0 / 1 () | working 1 / 1 (+XRPUSDT)
2024-02-16 03:33:04,919
+XRPUSDT: bp29.0|
2024-02-16 03:33:05,359
update 11: filled 0 / 1 () | working 1 / 1 (+XRPUSDT)
2024-02-16 03:33:09,359
+XRPUSDT: bp29.0|
2024-02-16 03:33:09,799
update 12: filled 0 / 1 () | working 1 / 1 (+XRPUSDT)
2024-02-16 03:33:13,800
+XRPUSDT: bp31.0|
2024-02-16 03:33:14,239
update 13: filled 0 / 1 () | working 1 / 1 (+XRPUSDT)
2024-02-16 03:33:18,240
+XRPUSDT: bp29.0|
2024-02-16 03:33:18,681
update 14: filled 0 / 1 () | working 1 / 1 (+XRPUSDT)
2024-02-16 03:33:22,682
+XRPUSDT: bp16.0|
2024-02-16 03:33:22,682
Adjustment limit #2 ... 
 we cancel current orders and replace
2024-02-16 03:33:22,682
@+/-1.25bp limit 
2024-02-16 03:33:22,682
binance_cancel_and_replace_orders_peg 20240216_033322
2024-02-16 03:33:23,785
binance_place_orders_peg 20240216_033323
2024-02-16 03:33:24,222
{'orderId': 50234349375, 'symbol': 'XRPUSDT', 'status': 'NEW', 'clientOrderId': 'STRATON', 'price': '0.5763', 'avgPrice': '0.00', 'origQty': '21.5', 'executedQty': '0.0', 'cumQty': '0.0', 'cumQuote': '0.00000', 'timeInForce': 'GTC', 'type': 'LIMIT', 'reduceOnly': False, 'closePosition': False, 'side': 'BUY', 'positionSide': 'BOTH', 'stopPrice': '0.0000', 'workingType': 'CONTRACT_PRICE', 'priceProtect': False, 'origType': 'LIMIT', 'priceMatch': 'NONE', 'selfTradePreventionMode': 'NONE', 'goodTillDate': 0, 'updateTime': 1708054404112}
2024-02-16 03:33:24,672
update 0: filled 0 / 1 () | working 1 / 1 (+XRPUSDT)
2024-02-16 03:33:28,672
+XRPUSDT: bp5.0|
2024-02-16 03:33:29,113
update 1: filled 1 / 1 (+XRPUSDT) | working 0 / 1 ()
2024-02-16 03:33:34,454
Trades of the day
in$
as of: 16Feb 03:33>>03:33 (#trades: 1)
trade net: +12.0 (+4.1%), trade gross: +12.0 (+4.1%), BUY: +12.0 (+4.1%), SELL: +0.0 (+0.0%)
fees: $ 0.002 (2.0bp)
2024-02-16 03:33:34,689
Trades: 
Filled #1
______________________________________________
                   in$ | in bp 12 traded | in bp 290 AUMs
realizedPnl    -0.36   | -291    | -12    
PnLvsArrival   -0.04   | -32     | -1     
PnLvsLast      +0      | +0      | +0     
______________________________________________
                 | Value$ | PnL Arrival/Last 
______________________________________________
XRP:+21.5@0.5763 | +12$ | -0.04/-0
