2023-11-21 23:30:48,989
ON program started 20231121 23:30:48,
US time: 20231121 18:30:48
2023-11-21 23:30:49,432
the strat is currently running @ 21-11-2023 and the target positions is SHORT
2023-11-21 23:30:50,832
CURRENT STATUS IS SHORT, WE CHECK IF THE DAY IS A NEGATIVE ONE
-----
return before 14h30:
BTCUSDT-1.36%, ETHUSDT-2.03%, XRPUSDT-3.35%
-----
target alloc initial:BTCUSDT-4.17%, ETHUSDT+0.00%, XRPUSDT-4.17%
-----
alloc target x rt%<0:BTCUSDT-4.17%, ETHUSDT+0.00%, XRPUSDT-4.17%
-----
           BTCUSDT ETHUSDT XRPUSDT
w_target     -4.2%    0.0%   -4.2%
rt_14h30    -0.01%  -0.02%  -0.03%
w_target_f   -4.2%    0.0%   -4.2%
2023-11-21 23:30:50,834
Portfolio was rebalanced less than 2 hours ago, 1.0 hours ago
2023-11-21 23:30:50,836
Status: prev = SHORT <> LONG = target
2023-11-21 23:30:50,837
the strat is currently running @ 21-11-2023 and the target positions is SHORT
the strat was previously run @ 2023-11-21 22:31:08 UTC, success:yes 
   and the current positions is LONG
2023-11-21 23:30:51,985
positions_future #2
2023-11-21 23:30:51,985
      symbol  positionAmt entryPrice  ... adlQuantile AUMs_account        w%
122  XRPUSDT       81.100     0.5956  ...           1        287.7  0.163922
154  ETHUSDT        0.024     1989.0  ...           1        287.7  0.162248

[2 rows x 12 columns]
2023-11-21 23:30:52,229
------------------------------
binance_account_balance
2023-11-21 23:30:52,229
  asset     balance  ... marginAvailable   updateTime
5  USDT  289.896608  ...            True  21Nov-19:31

[1 rows x 8 columns]
2023-11-21 23:30:52,904
------------------------------
open_orders
2023-11-21 23:30:52,904
                                      0                           1
symbol                          XRPUSDT                     ETHUSDT
status                              NEW                         NEW
price                                 0                           0
avgPrice                              0                           0
origQty                            81.1                       0.024
executedQty                           0                           0
type                        STOP_MARKET                 STOP_MARKET
side                               SELL                        SELL
stopPrice                        0.5658                     1889.55
time         2023-11-21 19:31:17.916000  2023-11-21 19:31:18.351000
updateTime   2023-11-21 19:31:17.916000  2023-11-21 19:31:18.351000
2023-11-21 23:30:55,572
------------------------------
AUMS account:287

2023-11-21 23:30:55,573
--------------- compute_futures_order_book() ----------------
2023-11-21 23:30:57,119
----------------------------------------------------------------------
#2 order(s) to place
gross$: 106$ | net$: -106$
gross%: 37% | net%: -37%
 || w>0%  +0% | w<0%  -37%
----------------------------------------------------------------------
PTF Expo% 32.6% >> -8.3% (current>>target)
PTF expo $94.0 >> $-24 (current>>target)
----------------------------------------------------------------------
2023-11-21 23:30:57,120
orders_ofthe_day
2023-11-21 23:30:57,120
                  ptf_usd  target_usd  ...        bid        ask
2023-11-21 23:30                       ...                      
XRPUSDT              47.0       -12.0  ...     0.5816     0.5817
ETHUSDT              47.0         0.0  ...  1945.2100  1945.2200

[2 rows x 9 columns]
2023-11-21 23:30:58,671
binance_place_orders_peg 20231121_233058
2023-11-21 23:30:59,106
{'orderId': 45426456768, 'symbol': 'XRPUSDT', 'status': 'NEW', 'clientOrderId': 'JSpdav9vEdGPNWawMSlu84', 'price': '0.5821', 'avgPrice': '0.00', 'origQty': '101.4', 'executedQty': '0.0', 'cumQty': '0.0', 'cumQuote': '0.00000', 'timeInForce': 'GTC', 'type': 'LIMIT', 'reduceOnly': False, 'closePosition': False, 'side': 'SELL', 'positionSide': 'BOTH', 'stopPrice': '0.0000', 'workingType': 'CONTRACT_PRICE', 'priceProtect': False, 'origType': 'LIMIT', 'priceMatch': 'NONE', 'selfTradePreventionMode': 'NONE', 'goodTillDate': 0, 'updateTime': 1700609458997}
2023-11-21 23:30:59,542
{'orderId': 8389765629696763106, 'symbol': 'ETHUSDT', 'status': 'NEW', 'clientOrderId': 'l59SgliIYSoLoTMJ7UfeI7', 'price': '1946.59', 'avgPrice': '0.00', 'origQty': '0.024', 'executedQty': '0.000', 'cumQty': '0.000', 'cumQuote': '0.00000', 'timeInForce': 'GTC', 'type': 'LIMIT', 'reduceOnly': False, 'closePosition': False, 'side': 'SELL', 'positionSide': 'BOTH', 'stopPrice': '0.00', 'workingType': 'CONTRACT_PRICE', 'priceProtect': False, 'origType': 'LIMIT', 'priceMatch': 'NONE', 'selfTradePreventionMode': 'NONE', 'goodTillDate': 0, 'updateTime': 1700609459432}
2023-11-21 23:31:00,418
update 0: filled 0 / 2 () | working 2 / 2 (-XRPUSDT,-ETHUSDT)
2023-11-21 23:31:04,418
-XRPUSDT: bp7.0|-ETHUSDT: bp7.0|
2023-11-21 23:31:05,294
update 1: filled 1 / 2 (-ETHUSDT) | working 1 / 2 (-XRPUSDT)
2023-11-21 23:31:09,295
-XRPUSDT: bp7.0|
2023-11-21 23:31:10,172
update 2: filled 2 / 2 (-XRPUSDT,-ETHUSDT) | working 0 / 2 ()
2023-11-21 23:31:16,174
Trades of the day
in$
as of: 21Nov 23:31>>23:31 (#trades: 2)
trade net: -106.0 (-36.8%), trade gross: +106.0 (+36.8%), BUY: +0.0 (+0.0%), SELL: -106.0 (-36.8%)
fees: $ 0.021 (2.0bp)
2023-11-21 23:31:16,629
Trades: 
Filled #2
______________________________________________
                   in$ | in bp 105 traded | in bp 287 AUMs
realizedPnl    -2.11   | -200    | -73    
PnLvsArrival   +0.08   | +8      | +3     
PnLvsLast      -0.03   | -3      | -1     
______________________________________________
                 | Value$ | PnL Arrival/Last 
______________________________________________
XRP:-101.4@0.5821 | -59$ | 0.05/0
ETH:-0.024@1946.59 | -47$ | 0.03/-0.03
2023-11-21 23:31:17,223
***************************
Positions after orders
***************************
2023-11-21 23:31:17,224
      symbol  qty_ptf   execP  ... adlQuantile   AUMs     w%
122  XRPUSDT    -20.3  0.5821  ...           1  287.8 -0.041

[1 rows x 12 columns]
2023-11-21 23:31:17,231
***************************
2023-11-21 23:31:17,664
2 STOP orders will be placed
2023-11-21 23:31:17,664
@+/-500.0bp limit
2023-11-21 23:31:17,664
binance_place_orders_peg 20231121_233117
2023-11-21 23:31:18,102
{'orderId': 45426482889, 'symbol': 'XRPUSDT', 'status': 'NEW', 'clientOrderId': 'uwOB7uuxF1l4ajyIKUIrr7', 'price': '0.0000', 'avgPrice': '0.00', 'origQty': '20.3', 'executedQty': '0.0', 'cumQty': '0.0', 'cumQuote': '0.00000', 'timeInForce': 'GTC', 'type': 'STOP_MARKET', 'reduceOnly': False, 'closePosition': False, 'side': 'BUY', 'positionSide': 'BOTH', 'stopPrice': '0.6115', 'workingType': 'CONTRACT_PRICE', 'priceProtect': False, 'origType': 'STOP_MARKET', 'priceMatch': 'NONE', 'selfTradePreventionMode': 'NONE', 'goodTillDate': 0, 'updateTime': 1700609477990}
