2024-04-04 00:30:52,422
ON program started 20240404 00:30:52,
US time: 20240403 20:30:52
2024-04-04 00:30:53,589
the strat is currently running @ 04-04-2024 and the target positions is SHORT
2024-04-04 00:30:55,013
CURRENT STATUS IS SHORT, WE CHECK IF THE DAY IS A NEGATIVE ONE
-----
return before 14h30:
BTCUSDT+0.33%, ETHUSDT+0.37%, XRPUSDT+0.49%
-----
target alloc initial:BTCUSDT-4.17%, ETHUSDT+0.00%, XRPUSDT-4.17%
-----
alloc target x rt%<0:BTCUSDT-0.00%, ETHUSDT+0.00%, XRPUSDT-0.00%
-----
           BTCUSDT ETHUSDT XRPUSDT
w_target     -4.2%    0.0%   -4.2%
rt_14h30     0.00%   0.00%   0.00%
w_target_f   -0.0%    0.0%   -0.0%
2024-04-04 00:30:55,014
Portfolio was rebalanced less than 2 hours ago, 1.0 hours ago
2024-04-04 00:30:55,016
Status: prev = SHORT <> SHORT = target
2024-04-04 00:30:55,016
the strat is currently running @ 04-04-2024 and the target positions is SHORT
the strat was previously run @ 2024-04-03 23:31:15, success:yes 
   and the current positions is SHORT
2024-04-04 00:30:56,248
positions_future #1
2024-04-04 00:30:56,249
      symbol  positionAmt entryPrice  ... adlQuantile AUMs_account        w%
125  XRPUSDT        -20.9     0.5734  ...           1        289.9 -0.041618

[1 rows x 12 columns]
2024-04-04 00:30:56,352
programm stoppeddd!!! 20240404_003056
