2024-07-24 03:30:26,922
ON program started 20240724 03:30:26,
US time: 20240723 23:30:26
2024-07-24 03:30:27,457
the strat is currently running @ 24-07-2024 and the target positions is NEUTRAL
2024-07-24 03:30:28,765
CURRENT STATUS IS NEUTRAL
-----
return before 14h30:
BTCUSDT+0.11%, ETHUSDT-1.03%, XRPUSDT+0.62%
-----
target alloc initial:BTCUSDT+0.00%, ETHUSDT+0.00%, XRPUSDT+0.00%
-----
alloc target x rt%<0:BTCUSDT+0.00%, ETHUSDT+0.00%, XRPUSDT+0.00%
-----
           BTCUSDT ETHUSDT XRPUSDT
w_target      0.0%    0.0%    0.0%
rt_14h30     0.00%  -0.01%   0.01%
w_target_f    0.0%    0.0%    0.0%
2024-07-24 03:30:28,766
Portfolio was rebalanced less than 2 hours ago, 1.0 hours ago
2024-07-24 03:30:28,768
Status: prev = NEUTRAL <> NEUTRAL = target
2024-07-24 03:30:28,768
the strat is currently running @ 24-07-2024 and the target positions is NEUTRAL
the strat was previously run @ 2024-07-24 02:30:35, success:? 
   and the current positions is NEUTRAL
2024-07-24 03:30:29,306
positions_future #0
2024-07-24 03:30:29,306
Empty DataFrame
Columns: [symbol, positionAmt, entryPrice, breakEvenPrice, markPrice, unRealizedProfit, value_usd, updateTime, isolated, adlQuantile, AUMs_account, w%]
Index: []
2024-07-24 03:30:29,517
------------------------------
binance_account_balance
2024-07-24 03:30:29,517
  asset     balance  ...  marginAvailable   updateTime
4  USDT  294.297087  ...             True  24Jul-02:32

[1 rows x 8 columns]
2024-07-24 03:30:29,738
------------------------------
open_orders
2024-07-24 03:30:29,738
Empty DataFrame
Columns: []
Index: []
2024-07-24 03:30:30,960
------------------------------
AUMS account:294

2024-07-24 03:30:30,962
--------------- compute_futures_order_book() ----------------
2024-07-24 03:30:33,816
----------------------------------------------------------------------
#0 order(s) to place
gross$: 0$ | net$: +0$
gross%: 0% | net%: +0%
 || w>0%  +0% | w<0%  0%
----------------------------------------------------------------------
PTF Expo% 0.0% >> 0.0% (current>>target)
PTF expo $0.0 >> $0 (current>>target)
----------------------------------------------------------------------
2024-07-24 03:30:33,817
orders_ofthe_day
2024-07-24 03:30:33,817
Empty DataFrame
Columns: [ptf_usd, target_usd, totrd_usd, posttrd_usd, qty, posttrd_qty, posttrd_w, bid, ask, strategy]
Index: []
2024-07-24 03:30:33,890
Orders of the day is empty, current and target potfolios are aligned
2024-07-24 03:30:33,891
Program stopped
