2024-02-18 22:31:08,967
ON program started 20240218 22:31:08,
US time: 20240218 17:31:08
2024-02-18 22:31:10,221
the strat is currently running @ 18-02-2024 and the target positions is LONG
2024-02-18 22:31:11,632
CURRENT STATUS IS LONG
-----
return before 14h30:
BTCUSDT-0.03%, ETHUSDT+0.05%, XRPUSDT+1.16%
-----
target alloc initial:BTCUSDT+16.67%, ETHUSDT+16.67%, XRPUSDT+16.67%
-----
alloc target x rt%<0:BTCUSDT+16.67%, ETHUSDT+16.67%, XRPUSDT+16.67%
-----
           BTCUSDT ETHUSDT XRPUSDT
w_target     16.7%   16.7%   16.7%
rt_14h30    -0.00%   0.00%   0.01%
w_target_f   16.7%   16.7%   16.7%
2024-02-18 22:31:11,634
Portfolio was rebalanced less than 2 hours ago, 1.0 hours ago
2024-02-18 22:31:11,636
Status: prev = LONG <> LONG = target
2024-02-18 22:31:11,636
the strat is currently running @ 18-02-2024 and the target positions is LONG
the strat was previously run @ 2024-02-18 21:31:23, success:yes 
   and the current positions is LONG
2024-02-18 22:31:12,839
positions_future #2
2024-02-18 22:31:12,839
      symbol  positionAmt entryPrice  ... adlQuantile AUMs_account        w%
148  ETHUSDT        0.017    2844.66  ...           1        291.7  0.168368
119  XRPUSDT       85.700     0.5604  ...           2        291.7  0.164688

[2 rows x 12 columns]
2024-02-18 22:31:12,919
programm stoppeddd!!! 20240218_223112
