2024-03-29 21:31:04,018
ON program started 20240329 21:31:03,
US time: 20240329 17:31:04
2024-03-29 21:31:05,007
the strat is currently running @ 29-03-2024 and the target positions is LONG
2024-03-29 21:31:06,432
CURRENT STATUS IS LONG
-----
return before 14h30:
BTCUSDT-0.50%, ETHUSDT-0.34%, XRPUSDT+0.69%
-----
target alloc initial:BTCUSDT+16.67%, ETHUSDT+16.67%, XRPUSDT+16.67%
-----
alloc target x rt%<0:BTCUSDT+16.67%, ETHUSDT+16.67%, XRPUSDT+16.67%
-----
           BTCUSDT ETHUSDT XRPUSDT
w_target     16.7%   16.7%   16.7%
rt_14h30    -0.00%  -0.00%   0.01%
w_target_f   16.7%   16.7%   16.7%
2024-03-29 21:31:06,433
Portfolio was rebalanced less than 2 hours ago, 1.0 hours ago
2024-03-29 21:31:06,434
Status: prev = LONG <> LONG = target
2024-03-29 21:31:06,434
the strat is currently running @ 29-03-2024 and the target positions is LONG
the strat was previously run @ 2024-03-29 20:30:56, success:yes 
   and the current positions is LONG
2024-03-29 21:31:07,638
positions_future #2
2024-03-29 21:31:07,638
      symbol  positionAmt entryPrice  ... adlQuantile AUMs_account        w%
156  ETHUSDT        0.014    3498.62  ...           1        288.8  0.169088
123  XRPUSDT       76.400      0.629  ...           1        288.8  0.165239

[2 rows x 12 columns]
2024-03-29 21:31:07,717
programm stoppeddd!!! 20240329_213107
