2024-03-10 21:31:07,954
ON program started 20240310 21:31:07,
US time: 20240310 17:31:07
2024-03-10 21:31:08,987
the strat is currently running @ 10-03-2024 and the target positions is LONG
2024-03-10 21:31:10,456
CURRENT STATUS IS LONG
-----
return before 14h30:
BTCUSDT+1.46%, ETHUSDT-0.17%, XRPUSDT-1.40%
-----
target alloc initial:BTCUSDT+16.67%, ETHUSDT+16.67%, XRPUSDT+16.67%
-----
alloc target x rt%<0:BTCUSDT+16.67%, ETHUSDT+16.67%, XRPUSDT+16.67%
-----
           BTCUSDT ETHUSDT XRPUSDT
w_target     16.7%   16.7%   16.7%
rt_14h30     0.01%  -0.00%  -0.01%
w_target_f   16.7%   16.7%   16.7%
2024-03-10 21:31:10,457
Portfolio was rebalanced less than 2 hours ago, 1.0 hours ago
2024-03-10 21:31:10,459
Status: prev = LONG <> LONG = target
2024-03-10 21:31:10,459
the strat is currently running @ 10-03-2024 and the target positions is LONG
the strat was previously run @ 2024-03-10 20:31:10, success:yes 
   and the current positions is LONG
2024-03-10 21:31:11,696
positions_future #2
2024-03-10 21:31:11,696
      symbol  positionAmt entryPrice  ... adlQuantile AUMs_account        w%
123  XRPUSDT       78.100     0.6139  ...           1        289.9  0.164957
154  ETHUSDT        0.012    3911.83  ...           1        289.9  0.160980

[2 rows x 12 columns]
2024-03-10 21:31:11,792
programm stoppeddd!!! 20240310_213111
