2023-11-02 20:31:01,518
ON program started 20231102 20:31:01,
US time: 20231102 16:31:01
2023-11-02 20:31:02,575
the strat is currently running @ 02-11-2023 and the target positions is LONG
2023-11-02 20:31:04,015
CURRENT STATUS IS LONG
-----
return before 14h30:
BTCUSDT-2.25%, ETHUSDT-2.87%, XRPUSDT-1.19%
-----
target alloc initial:BTCUSDT+16.67%, ETHUSDT+16.67%, XRPUSDT+16.67%
-----
alloc target x rt%<0:BTCUSDT+16.67%, ETHUSDT+16.67%, XRPUSDT+16.67%
-----
           BTCUSDT ETHUSDT XRPUSDT
w_target     16.7%   16.7%   16.7%
rt_14h30    -0.02%  -0.03%  -0.01%
w_target_f   16.7%   16.7%   16.7%
2023-11-02 20:31:04,017
Portfolio was rebalanced less than 2 hours ago, 1.0 hours ago
2023-11-02 20:31:04,020
Status: prev = LONG <> LONG = target
2023-11-02 20:31:04,020
the strat is currently running @ 02-11-2023 and the target positions is LONG
the strat was previously run @ 2023-11-02 19:30:34 UTC, success:yes 
   and the current positions is LONG
2023-11-02 20:31:05,196
positions_future #2
2023-11-02 20:31:05,196
      symbol  positionAmt entryPrice  ... adlQuantile AUMs_account        w%
152  ETHUSDT        0.027    1806.76  ...           1        287.5  0.169391
122  XRPUSDT       78.800     0.6083  ...           1        287.5  0.166600

[2 rows x 12 columns]
2023-11-02 20:31:05,225
programm stoppeddd!!! 20231102_203105
