2024-02-19 01:31:15,244
ON program started 20240219 01:31:15,
US time: 20240218 20:31:15
2024-02-19 01:31:16,106
the strat is currently running @ 19-02-2024 and the target positions is SHORT
2024-02-19 01:31:18,354
CURRENT STATUS IS SHORT, WE CHECK IF THE DAY IS A NEGATIVE ONE
-----
return before 14h30:
BTCUSDT-0.20%, ETHUSDT-0.58%, XRPUSDT+0.43%
-----
target alloc initial:BTCUSDT-4.17%, ETHUSDT+0.00%, XRPUSDT-4.17%
-----
alloc target x rt%<0:BTCUSDT-4.17%, ETHUSDT+0.00%, XRPUSDT-0.00%
-----
           BTCUSDT ETHUSDT XRPUSDT
w_target     -4.2%    0.0%   -4.2%
rt_14h30    -0.00%  -0.01%   0.00%
w_target_f   -4.2%    0.0%   -0.0%
2024-02-19 01:31:18,355
Portfolio was rebalanced less than 2 hours ago, 1.0 hours ago
2024-02-19 01:31:18,357
Status: prev = SHORT <> SHORT = target
2024-02-19 01:31:18,357
the strat is currently running @ 19-02-2024 and the target positions is SHORT
the strat was previously run @ 2024-02-19 00:31:01, success:yes 
   and the current positions is SHORT
2024-02-19 01:31:18,921
positions_future #0
2024-02-19 01:31:18,922
Empty DataFrame
Columns: [symbol, positionAmt, entryPrice, breakEvenPrice, markPrice, unRealizedProfit, value_usd, updateTime, isolated, adlQuantile, AUMs_account, w%]
Index: []
2024-02-19 01:31:18,981
programm stoppeddd!!! 20240219_013118
