2024-06-05 21:30:44,472
ON program started 20240605 21:30:44,
US time: 20240605 17:30:44
2024-06-05 21:30:45,438
the strat is currently running @ 05-06-2024 and the target positions is LONG
2024-06-05 21:30:46,764
CURRENT STATUS IS LONG
-----
return before 14h30:
BTCUSDT+0.27%, ETHUSDT-0.28%, XRPUSDT+0.29%
-----
target alloc initial:BTCUSDT+16.67%, ETHUSDT+16.67%, XRPUSDT+16.67%
-----
alloc target x rt%<0:BTCUSDT+16.67%, ETHUSDT+16.67%, XRPUSDT+16.67%
-----
           BTCUSDT ETHUSDT XRPUSDT
w_target     16.7%   16.7%   16.7%
rt_14h30     0.00%  -0.00%   0.00%
w_target_f   16.7%   16.7%   16.7%
2024-06-05 21:30:46,765
Portfolio was rebalanced less than 2 hours ago, 1.0 hours ago
2024-06-05 21:30:46,767
Status: prev = LONG <> LONG = target
2024-06-05 21:30:46,767
the strat is currently running @ 05-06-2024 and the target positions is LONG
the strat was previously run @ 2024-06-05 20:30:47, success:yes 
   and the current positions is LONG
2024-06-05 21:30:47,900
positions_future #2
2024-06-05 21:30:47,900
      symbol  positionAmt entryPrice  ... adlQuantile AUMs_account        w%
128  XRPUSDT       91.000     0.5271  ...           1        289.2  0.165808
161  ETHUSDT        0.012    3862.09  ...           1        289.2  0.159865

[2 rows x 12 columns]
2024-06-05 21:30:47,998
programm stoppeddd!!! 20240605_213047
