2024-08-07 00:30:53,169
ON program started 20240807 00:30:53,
US time: 20240806 20:30:53
2024-08-07 00:30:53,625
the strat is currently running @ 07-08-2024 and the target positions is SHORT
2024-08-07 00:30:54,943
CURRENT STATUS IS SHORT, WE CHECK IF THE DAY IS A NEGATIVE ONE
-----
return before 14h30:
BTCUSDT-0.13%, ETHUSDT-0.26%, XRPUSDT-0.73%
-----
target alloc initial:BTCUSDT-4.17%, ETHUSDT+0.00%, XRPUSDT-4.17%
-----
alloc target x rt%<0:BTCUSDT-4.17%, ETHUSDT+0.00%, XRPUSDT-4.17%
-----
           BTCUSDT ETHUSDT XRPUSDT
w_target     -4.2%    0.0%   -4.2%
rt_14h30    -0.00%  -0.00%  -0.01%
w_target_f   -4.2%    0.0%   -4.2%
2024-08-07 00:30:54,944
Portfolio was rebalanced less than 2 hours ago, 1.0 hours ago
2024-08-07 00:30:54,945
Status: prev = SHORT <> SHORT = target
2024-08-07 00:30:54,946
the strat is currently running @ 07-08-2024 and the target positions is SHORT
the strat was previously run @ 2024-08-06 23:31:05, success:yes 
   and the current positions is SHORT
2024-08-07 00:30:56,070
positions_future #0
2024-08-07 00:30:56,070
Empty DataFrame
Columns: [symbol, positionAmt, entryPrice, breakEvenPrice, markPrice, unRealizedProfit, value_usd, updateTime, isolated, adlQuantile, AUMs_account, w%]
Index: []
2024-08-07 00:30:56,134
programm stoppeddd!!! 20240807_003056
