2024-04-12 23:31:09,979
ON program started 20240412 23:31:09,
US time: 20240412 19:31:09
2024-04-12 23:31:11,611
the strat is currently running @ 12-04-2024 and the target positions is SHORT
2024-04-12 23:31:13,220
CURRENT STATUS IS SHORT, WE CHECK IF THE DAY IS A NEGATIVE ONE
-----
return before 14h30:
BTCUSDT-0.17%, ETHUSDT-1.11%, XRPUSDT-2.04%
-----
target alloc initial:BTCUSDT-4.17%, ETHUSDT+0.00%, XRPUSDT-4.17%
-----
alloc target x rt%<0:BTCUSDT-4.17%, ETHUSDT+0.00%, XRPUSDT-4.17%
-----
           BTCUSDT ETHUSDT XRPUSDT
w_target     -4.2%    0.0%   -4.2%
rt_14h30    -0.00%  -0.01%  -0.02%
w_target_f   -4.2%    0.0%   -4.2%
2024-04-12 23:31:13,222
Portfolio was rebalanced less than 2 hours ago, 1.0 hours ago
2024-04-12 23:31:13,224
Status: prev = SHORT <> SHORT = target
2024-04-12 23:31:13,224
the strat is currently running @ 12-04-2024 and the target positions is SHORT
the strat was previously run @ 2024-04-12 22:31:02, success:? 
   and the current positions is SHORT
2024-04-12 23:31:14,539
positions_future #1
2024-04-12 23:31:14,539
      symbol  positionAmt entryPrice  ... adlQuantile AUMs_account       w%
128  XRPUSDT        -21.8     0.5441  ...           1        286.3 -0.04155

[1 rows x 12 columns]
2024-04-12 23:31:14,802
------------------------------
binance_account_balance
2024-04-12 23:31:14,803
  asset     balance  ...  marginAvailable   updateTime
6  USDT  286.345148  ...             True  12Apr-22:33

[1 rows x 8 columns]
2024-04-12 23:31:15,292
------------------------------
open_orders
2024-04-12 23:31:15,292
Empty DataFrame
Columns: []
Index: []
2024-04-12 23:31:16,005
------------------------------
AUMS account:286

2024-04-12 23:31:16,007
--------------- compute_futures_order_book() ----------------
2024-04-12 23:31:17,700
----------------------------------------------------------------------
#0 order(s) to place
gross$: 0$ | net$: +0$
gross%: 0% | net%: +0%
 || w>0%  +0% | w<0%  0%
----------------------------------------------------------------------
PTF Expo% -4.1% >> -8.3% (current>>target)
PTF expo $-12.0 >> $-23 (current>>target)
----------------------------------------------------------------------
2024-04-12 23:31:17,715
orders_ofthe_day
2024-04-12 23:31:17,715
Empty DataFrame
Columns: [ptf_usd, target_usd, totrd_usd, posttrd_usd, qty, posttrd_qty, posttrd_w, bid, ask, strategy]
Index: []
2024-04-12 23:31:17,777
Orders of the day is empty, current and target potfolios are aligned
2024-04-12 23:31:17,777
Program stopped
