2024-08-25 00:30:37,432
ON program started 20240825 00:30:37,
US time: 20240824 20:30:37
2024-08-25 00:30:37,950
the strat is currently running @ 25-08-2024 and the target positions is SHORT
2024-08-25 00:30:39,310
CURRENT STATUS IS SHORT, WE CHECK IF THE DAY IS A NEGATIVE ONE
-----
return before 14h30:
BTCUSDT+0.29%, ETHUSDT+0.19%, XRPUSDT+0.02%
-----
target alloc initial:BTCUSDT-4.17%, ETHUSDT+0.00%, XRPUSDT-4.17%
-----
alloc target x rt%<0:BTCUSDT-0.00%, ETHUSDT+0.00%, XRPUSDT-0.00%
-----
           BTCUSDT ETHUSDT XRPUSDT
w_target     -4.2%    0.0%   -4.2%
rt_14h30     0.00%   0.00%   0.00%
w_target_f   -0.0%    0.0%   -0.0%
2024-08-25 00:30:39,311
Portfolio was rebalanced less than 2 hours ago, 1.0 hours ago
2024-08-25 00:30:39,313
Status: prev = SHORT <> SHORT = target
2024-08-25 00:30:39,313
the strat is currently running @ 25-08-2024 and the target positions is SHORT
the strat was previously run @ 2024-08-24 23:31:06, success:yes 
   and the current positions is SHORT
2024-08-25 00:30:39,880
positions_future #0
2024-08-25 00:30:39,880
Empty DataFrame
Columns: [symbol, positionAmt, entryPrice, breakEvenPrice, markPrice, unRealizedProfit, value_usd, updateTime, isolated, adlQuantile, AUMs_account, w%]
Index: []
2024-08-25 00:30:39,948
programm stoppeddd!!! 20240825_003039
