2024-02-22 19:31:12,720
ON program started 20240222 19:31:12,
US time: 20240222 14:31:12
2024-02-22 19:31:13,412
the strat is currently running @ 22-02-2024 and the target positions is LONG
2024-02-22 19:31:14,814
CURRENT STATUS IS LONG
-----
return before 14h30:
BTCUSDT-1.32%, ETHUSDT-0.78%, XRPUSDT-1.75%
-----
target alloc initial:BTCUSDT+16.67%, ETHUSDT+16.67%, XRPUSDT+16.67%
-----
alloc target x rt%<0:BTCUSDT+16.67%, ETHUSDT+16.67%, XRPUSDT+16.67%
-----
           BTCUSDT ETHUSDT XRPUSDT
w_target     16.7%   16.7%   16.7%
rt_14h30    -0.01%  -0.01%  -0.02%
w_target_f   16.7%   16.7%   16.7%
2024-02-22 19:31:14,815
Portfolio was rebalanced less than 2 hours ago, 15.0 hours ago
2024-02-22 19:31:14,816
Status: prev = LONG <> NEUTRAL = target
2024-02-22 19:31:14,816
the strat is currently running @ 22-02-2024 and the target positions is LONG
the strat was previously run @ 2024-02-22 04:31:07, success:yes 
   and the current positions is NEUTRAL
2024-02-22 19:31:16,026
positions_future #0
2024-02-22 19:31:16,026
Empty DataFrame
Columns: [symbol, positionAmt, entryPrice, breakEvenPrice, markPrice, unRealizedProfit, value_usd, updateTime, isolated, adlQuantile, AUMs_account, w%]
Index: []
2024-02-22 19:31:16,250
------------------------------
binance_account_balance
2024-02-22 19:31:16,250
  asset     balance  ...  marginAvailable   updateTime
5  USDT  294.478037  ...             True  22Feb-03:32

[1 rows x 8 columns]
2024-02-22 19:31:16,483
------------------------------
open_orders
2024-02-22 19:31:16,483
Empty DataFrame
Columns: []
Index: []
2024-02-22 19:31:17,142
------------------------------
AUMS account:294

2024-02-22 19:31:17,143
--------------- compute_futures_order_book() ----------------
2024-02-22 19:31:18,704
----------------------------------------------------------------------
#2 order(s) to place
gross$: 97$ | net$: +97$
gross%: 33% | net%: +33%
 || w>0%  +33% | w<0%  0%
----------------------------------------------------------------------
PTF Expo% 0.0% >> 50.0% (current>>target)
PTF expo $0.0 >> $147 (current>>target)
----------------------------------------------------------------------
2024-02-22 19:31:18,706
orders_ofthe_day
2024-02-22 19:31:18,706
                  ptf_usd  target_usd  totrd_usd  ...        bid       ask strategy
2024-02-22 19:31                                  ...                              
XRPUSDT               0.0       49.09       49.0  ...     0.5479     0.548  STRATON
ETHUSDT               0.0       49.09       48.0  ...  2995.6300  2995.640  STRATON

[2 rows x 10 columns]
2024-02-22 19:31:19,932
binance_place_orders_peg 20240222_193119
2024-02-22 19:31:20,371
{'orderId': 50680132569, 'symbol': 'XRPUSDT', 'status': 'NEW', 'clientOrderId': 'STRATON', 'price': '0.5476', 'avgPrice': '0.00', 'origQty': '89.4', 'executedQty': '0.0', 'cumQty': '0.0', 'cumQuote': '0.00000', 'timeInForce': 'GTC', 'type': 'LIMIT', 'reduceOnly': False, 'closePosition': False, 'side': 'BUY', 'positionSide': 'BOTH', 'stopPrice': '0.0000', 'workingType': 'CONTRACT_PRICE', 'priceProtect': False, 'origType': 'LIMIT', 'priceMatch': 'NONE', 'selfTradePreventionMode': 'NONE', 'goodTillDate': 0, 'updateTime': 1708630280260}
2024-02-22 19:31:20,808
{'orderId': 8389765654721196365, 'symbol': 'ETHUSDT', 'status': 'NEW', 'clientOrderId': 'STRATON', 'price': '2994.13', 'avgPrice': '0.00', 'origQty': '0.016', 'executedQty': '0.000', 'cumQty': '0.000', 'cumQuote': '0.00000', 'timeInForce': 'GTC', 'type': 'LIMIT', 'reduceOnly': False, 'closePosition': False, 'side': 'BUY', 'positionSide': 'BOTH', 'stopPrice': '0.00', 'workingType': 'CONTRACT_PRICE', 'priceProtect': False, 'origType': 'LIMIT', 'priceMatch': 'NONE', 'selfTradePreventionMode': 'NONE', 'goodTillDate': 0, 'updateTime': 1708630280698}
2024-02-22 19:31:22,376
update 0: filled 0 / 2 () | working 2 / 2 (+XRPUSDT,+ETHUSDT)
2024-02-22 19:31:26,376
+XRPUSDT: bp5.0|+ETHUSDT: bp5.0|
2024-02-22 19:31:27,256
update 1: filled 1 / 2 (+ETHUSDT) | working 1 / 2 (+XRPUSDT)
2024-02-22 19:31:31,257
+XRPUSDT: bp7.0|
2024-02-22 19:31:32,134
update 2: filled 1 / 2 (+ETHUSDT) | working 1 / 2 (+XRPUSDT)
2024-02-22 19:31:36,135
+XRPUSDT: bp7.0|
2024-02-22 19:31:37,014
update 3: filled 1 / 2 (+ETHUSDT) | working 1 / 2 (+XRPUSDT)
2024-02-22 19:31:41,015
+XRPUSDT: bp5.0|
2024-02-22 19:31:41,894
update 4: filled 1 / 2 (+ETHUSDT) | working 1 / 2 (+XRPUSDT)
2024-02-22 19:31:45,895
+XRPUSDT: bp5.0|
2024-02-22 19:31:46,774
update 5: filled 1 / 2 (+ETHUSDT) | working 1 / 2 (+XRPUSDT)
2024-02-22 19:31:50,775
+XRPUSDT: bp2.0|
2024-02-22 19:31:51,654
update 6: filled 1 / 2 (+ETHUSDT) | working 1 / 2 (+XRPUSDT)
2024-02-22 19:31:55,655
+XRPUSDT: bp4.0|
2024-02-22 19:31:56,534
update 7: filled 1 / 2 (+ETHUSDT) | working 1 / 2 (+XRPUSDT)
2024-02-22 19:32:00,535
+XRPUSDT: bp2.0|
2024-02-22 19:32:01,414
update 8: filled 1 / 2 (+ETHUSDT) | working 1 / 2 (+XRPUSDT)
2024-02-22 19:32:05,415
+XRPUSDT: bp7.0|
2024-02-22 19:32:06,295
update 9: filled 1 / 2 (+ETHUSDT) | working 1 / 2 (+XRPUSDT)
2024-02-22 19:32:10,296
+XRPUSDT: bp7.0|
2024-02-22 19:32:11,174
update 10: filled 1 / 2 (+ETHUSDT) | working 1 / 2 (+XRPUSDT)
2024-02-22 19:32:15,175
+XRPUSDT: bp5.0|
2024-02-22 19:32:16,053
update 11: filled 1 / 2 (+ETHUSDT) | working 1 / 2 (+XRPUSDT)
2024-02-22 19:32:20,053
+XRPUSDT: bp5.0|
2024-02-22 19:32:20,932
update 12: filled 1 / 2 (+ETHUSDT) | working 1 / 2 (+XRPUSDT)
2024-02-22 19:32:24,933
+XRPUSDT: bp7.0|
2024-02-22 19:32:25,811
update 13: filled 1 / 2 (+ETHUSDT) | working 1 / 2 (+XRPUSDT)
2024-02-22 19:32:29,812
+XRPUSDT: bp5.0|
2024-02-22 19:32:30,693
update 14: filled 1 / 2 (+ETHUSDT) | working 1 / 2 (+XRPUSDT)
2024-02-22 19:32:34,693
+XRPUSDT: bp7.0|
2024-02-22 19:32:34,694
Adjustment limit #1 ... 
 we cancel current orders and replace
2024-02-22 19:32:34,694
@+/-2.5bp limit 
2024-02-22 19:32:34,694
binance_cancel_and_replace_orders_peg 20240222_193234
2024-02-22 19:32:36,240
binance_place_orders_peg 20240222_193236
2024-02-22 19:32:36,678
{'orderId': 50680188944, 'symbol': 'XRPUSDT', 'status': 'NEW', 'clientOrderId': 'STRATON', 'price': '0.5481', 'avgPrice': '0.00', 'origQty': '89.4', 'executedQty': '0.0', 'cumQty': '0.0', 'cumQuote': '0.00000', 'timeInForce': 'GTC', 'type': 'LIMIT', 'reduceOnly': False, 'closePosition': False, 'side': 'BUY', 'positionSide': 'BOTH', 'stopPrice': '0.0000', 'workingType': 'CONTRACT_PRICE', 'priceProtect': False, 'origType': 'LIMIT', 'priceMatch': 'NONE', 'selfTradePreventionMode': 'NONE', 'goodTillDate': 0, 'updateTime': 1708630356568}
2024-02-22 19:32:37,568
update 0: filled 1 / 2 (+ETHUSDT) | working 1 / 2 (+XRPUSDT)
2024-02-22 19:32:41,569
+XRPUSDT: bp-0.0|
2024-02-22 19:32:42,447
update 1: filled 1 / 2 (+ETHUSDT) | working 1 / 2 (+XRPUSDT)
2024-02-22 19:32:46,447
+XRPUSDT: bp4.0|
2024-02-22 19:32:47,327
update 2: filled 1 / 2 (+ETHUSDT) | working 1 / 2 (+XRPUSDT)
2024-02-22 19:32:51,328
+XRPUSDT: bp2.0|
2024-02-22 19:32:52,206
update 3: filled 1 / 2 (+ETHUSDT) | working 1 / 2 (+XRPUSDT)
2024-02-22 19:32:56,207
+XRPUSDT: bp2.0|
2024-02-22 19:32:57,086
update 4: filled 1 / 2 (+ETHUSDT) | working 1 / 2 (+XRPUSDT)
2024-02-22 19:33:01,087
+XRPUSDT: bp2.0|
2024-02-22 19:33:01,965
update 5: filled 1 / 2 (+ETHUSDT) | working 1 / 2 (+XRPUSDT)
2024-02-22 19:33:05,966
+XRPUSDT: bp4.0|
2024-02-22 19:33:06,845
update 6: filled 1 / 2 (+ETHUSDT) | working 1 / 2 (+XRPUSDT)
2024-02-22 19:33:10,846
+XRPUSDT: bp2.0|
2024-02-22 19:33:11,727
update 7: filled 1 / 2 (+ETHUSDT) | working 1 / 2 (+XRPUSDT)
2024-02-22 19:33:15,728
+XRPUSDT: bp4.0|
2024-02-22 19:33:16,607
update 8: filled 1 / 2 (+ETHUSDT) | working 1 / 2 (+XRPUSDT)
2024-02-22 19:33:20,608
+XRPUSDT: bp4.0|
2024-02-22 19:33:21,486
update 9: filled 1 / 2 (+ETHUSDT) | working 1 / 2 (+XRPUSDT)
2024-02-22 19:33:25,486
+XRPUSDT: bp5.0|
2024-02-22 19:33:26,368
update 10: filled 2 / 2 (+ETHUSDT,+XRPUSDT) | working 0 / 2 ()
2024-02-22 19:33:32,815
Trades of the day
in$
as of: 22Feb 19:31>>19:33 (#trades: 2)
trade net: +97.0 (+32.9%), trade gross: +97.0 (+32.9%), BUY: +97.0 (+32.9%), SELL: +0.0 (+0.0%)
fees: $ 0.019 (2.0bp)
2024-02-22 19:33:33,272
Trades: 
Filled #2
______________________________________________
                   in$ | in bp 96 traded | in bp 294 AUMs
realizedPnl    +0      | +0      | +0     
PnLvsArrival   +0.01   | +1      | +0     
PnLvsLast      +0.01   | +1      | +0     
______________________________________________
                 | Value$ | PnL Arrival/Last 
______________________________________________
ETH:+0.016@2994.13 | +48$ | 0.02/0.01
XRP:+89.4@0.5481 | +49$ | -0.01/-0
