2023-12-27 22:30:48,274
ON program started 20231227 22:30:48,
US time: 20231227 17:30:48
2023-12-27 22:30:49,307
the strat is currently running @ 27-12-2023 and the target positions is LONG
2023-12-27 22:30:50,748
CURRENT STATUS IS LONG
-----
return before 14h30:
BTCUSDT+2.09%, ETHUSDT+5.79%, XRPUSDT+2.91%
-----
target alloc initial:BTCUSDT+16.67%, ETHUSDT+16.67%, XRPUSDT+16.67%
-----
alloc target x rt%<0:BTCUSDT+16.67%, ETHUSDT+16.67%, XRPUSDT+16.67%
-----
           BTCUSDT ETHUSDT XRPUSDT
w_target     16.7%   16.7%   16.7%
rt_14h30     0.02%   0.06%   0.03%
w_target_f   16.7%   16.7%   16.7%
2023-12-27 22:30:50,749
Portfolio was rebalanced less than 2 hours ago, 1.0 hours ago
2023-12-27 22:30:50,752
Status: prev = LONG <> LONG = target
2023-12-27 22:30:50,752
the strat is currently running @ 27-12-2023 and the target positions is LONG
the strat was previously run @ 2023-12-27 21:30:33 UTC, success:yes 
   and the current positions is LONG
2023-12-27 22:30:51,985
positions_future #2
2023-12-27 22:30:51,985
      symbol  positionAmt entryPrice  ... adlQuantile AUMs_account        w%
135  ETHUSDT        0.021    2350.84  ...           1        292.4  0.169799
108  XRPUSDT       76.700     0.6389  ...           1        292.4  0.167045

[2 rows x 12 columns]
2023-12-27 22:30:52,098
programm stoppeddd!!! 20231227_223052
