2023-12-30 03:30:52,800
ON program started 20231230 03:30:52,
US time: 20231229 22:30:52
2023-12-30 03:30:53,866
the strat is currently running @ 30-12-2023 and the target positions is NEUTRAL
2023-12-30 03:30:55,279
CURRENT STATUS IS NEUTRAL
-----
return before 14h30:
BTCUSDT+0.00%, ETHUSDT+0.00%, XRPUSDT+0.00%
-----
target alloc initial:BTCUSDT+0.00%, ETHUSDT+0.00%, XRPUSDT+0.00%
-----
alloc target x rt%<0:BTCUSDT+0.00%, ETHUSDT+0.00%, XRPUSDT+0.00%
-----
           BTCUSDT ETHUSDT XRPUSDT
w_target      0.0%    0.0%    0.0%
rt_14h30     0.00%   0.00%   0.00%
w_target_f    0.0%    0.0%    0.0%
2023-12-30 03:30:55,281
Portfolio was rebalanced less than 2 hours ago, 1.0 hours ago
2023-12-30 03:30:55,283
Status: prev = NEUTRAL <> SHORT = target
2023-12-30 03:30:55,283
the strat is currently running @ 30-12-2023 and the target positions is NEUTRAL
the strat was previously run @ 2023-12-30 02:30:32 UTC, success:yes 
   and the current positions is SHORT
2023-12-30 03:30:56,509
positions_future #0
2023-12-30 03:30:56,509
Empty DataFrame
Columns: [symbol, positionAmt, entryPrice, breakEvenPrice, markPrice, unRealizedProfit, value_usd, updateTime, isolated, adlQuantile, AUMs_account, w%]
Index: []
2023-12-30 03:30:56,732
------------------------------
binance_account_balance
2023-12-30 03:30:56,732
  asset     balance  ...  marginAvailable   updateTime
5  USDT  291.272505  ...             True  30Dec-00:32

[1 rows x 8 columns]
2023-12-30 03:30:56,963
------------------------------
open_orders
2023-12-30 03:30:56,964
Empty DataFrame
Columns: []
Index: []
2023-12-30 03:30:57,619
------------------------------
AUMS account:291

2023-12-30 03:30:57,620
--------------- compute_futures_order_book() ----------------
2023-12-30 03:30:59,175
----------------------------------------------------------------------
#0 order(s) to place
gross$: 0$ | net$: +0$
gross%: 0% | net%: +0%
 || w>0%  +0% | w<0%  0%
----------------------------------------------------------------------
PTF Expo% 0.0% >> 0.0% (current>>target)
PTF expo $0.0 >> $0 (current>>target)
----------------------------------------------------------------------
2023-12-30 03:30:59,177
orders_ofthe_day
2023-12-30 03:30:59,177
Empty DataFrame
Columns: [ptf_usd, target_usd, totrd_usd, posttrd_usd, qty, posttrd_qty, posttrd_w, bid, ask]
Index: []
2023-12-30 03:30:59,257
Orders of the day is empty, current and target potfolios are aligned
2023-12-30 03:30:59,257
Program stopped
