2024-08-29 00:30:30,667
ON program started 20240829 00:30:30,
US time: 20240828 20:30:30
2024-08-29 00:30:31,135
the strat is currently running @ 29-08-2024 and the target positions is SHORT
2024-08-29 00:30:32,833
CURRENT STATUS IS SHORT, WE CHECK IF THE DAY IS A NEGATIVE ONE
-----
return before 14h30:
BTCUSDT+0.07%, ETHUSDT-0.10%, XRPUSDT+0.28%
-----
target alloc initial:BTCUSDT-4.17%, ETHUSDT+0.00%, XRPUSDT-4.17%
-----
alloc target x rt%<0:BTCUSDT-0.00%, ETHUSDT+0.00%, XRPUSDT-0.00%
-----
           BTCUSDT ETHUSDT XRPUSDT
w_target     -4.2%    0.0%   -4.2%
rt_14h30     0.00%  -0.00%   0.00%
w_target_f   -0.0%    0.0%   -0.0%
2024-08-29 00:30:32,834
Portfolio was rebalanced less than 2 hours ago, 1.0 hours ago
2024-08-29 00:30:32,836
Status: prev = SHORT <> SHORT = target
2024-08-29 00:30:32,836
the strat is currently running @ 29-08-2024 and the target positions is SHORT
the strat was previously run @ 2024-08-28 23:30:36, success:yes 
   and the current positions is SHORT
2024-08-29 00:30:33,967
positions_future #0
2024-08-29 00:30:33,967
Empty DataFrame
Columns: [symbol, positionAmt, entryPrice, breakEvenPrice, markPrice, unRealizedProfit, value_usd, updateTime, isolated, adlQuantile, AUMs_account, w%]
Index: []
2024-08-29 00:30:34,034
programm stoppeddd!!! 20240829_003034
