2024-03-27 23:31:13,568
ON program started 20240327 23:31:13,
US time: 20240327 19:31:13
2024-03-27 23:31:14,056
the strat is currently running @ 27-03-2024 and the target positions is SHORT
2024-03-27 23:31:15,471
CURRENT STATUS IS SHORT, WE CHECK IF THE DAY IS A NEGATIVE ONE
-----
return before 14h30:
BTCUSDT-0.14%, ETHUSDT-0.60%, XRPUSDT-2.06%
-----
target alloc initial:BTCUSDT-4.17%, ETHUSDT+0.00%, XRPUSDT-4.17%
-----
alloc target x rt%<0:BTCUSDT-4.17%, ETHUSDT+0.00%, XRPUSDT-4.17%
-----
           BTCUSDT ETHUSDT XRPUSDT
w_target     -4.2%    0.0%   -4.2%
rt_14h30    -0.00%  -0.01%  -0.02%
w_target_f   -4.2%    0.0%   -4.2%
2024-03-27 23:31:15,473
Portfolio was rebalanced less than 2 hours ago, 1.0 hours ago
2024-03-27 23:31:15,475
Status: prev = SHORT <> SHORT = target
2024-03-27 23:31:15,475
the strat is currently running @ 27-03-2024 and the target positions is SHORT
the strat was previously run @ 2024-03-27 22:30:54, success:? 
   and the current positions is SHORT
2024-03-27 23:31:16,689
positions_future #1
2024-03-27 23:31:16,689
      symbol  positionAmt entryPrice  ... adlQuantile AUMs_account        w%
124  XRPUSDT        -19.2     0.6143  ...           3        289.8 -0.040546

[1 rows x 12 columns]
2024-03-27 23:31:16,931
------------------------------
binance_account_balance
2024-03-27 23:31:16,931
  asset     balance  ...  marginAvailable   updateTime
6  USDT  289.769346  ...             True  27Mar-22:34

[1 rows x 8 columns]
2024-03-27 23:31:17,381
------------------------------
open_orders
2024-03-27 23:31:17,381
Empty DataFrame
Columns: []
Index: []
2024-03-27 23:31:18,037
------------------------------
AUMS account:289

2024-03-27 23:31:18,039
--------------- compute_futures_order_book() ----------------
2024-03-27 23:31:19,596
----------------------------------------------------------------------
#0 order(s) to place
gross$: 0$ | net$: +0$
gross%: 0% | net%: +0%
 || w>0%  +0% | w<0%  0%
----------------------------------------------------------------------
PTF Expo% -4.1% >> -8.3% (current>>target)
PTF expo $-12.0 >> $-24 (current>>target)
----------------------------------------------------------------------
2024-03-27 23:31:19,597
orders_ofthe_day
2024-03-27 23:31:19,598
Empty DataFrame
Columns: [ptf_usd, target_usd, totrd_usd, posttrd_usd, qty, posttrd_qty, posttrd_w, bid, ask, strategy]
Index: []
2024-03-27 23:31:19,658
Orders of the day is empty, current and target potfolios are aligned
2024-03-27 23:31:19,658
Program stopped
