2024-02-07 04:30:34,237
ON program started 20240207 04:30:34,
US time: 20240206 23:30:34
2024-02-07 04:30:34,806
the strat is currently running @ 07-02-2024 and the target positions is NEUTRAL
2024-02-07 04:30:36,636
CURRENT STATUS IS NEUTRAL
-----
return before 14h30:
BTCUSDT+0.00%, ETHUSDT+0.00%, XRPUSDT+0.00%
-----
target alloc initial:BTCUSDT+0.00%, ETHUSDT+0.00%, XRPUSDT+0.00%
-----
alloc target x rt%<0:BTCUSDT+0.00%, ETHUSDT+0.00%, XRPUSDT+0.00%
-----
           BTCUSDT ETHUSDT XRPUSDT
w_target      0.0%    0.0%    0.0%
rt_14h30     0.00%   0.00%   0.00%
w_target_f    0.0%    0.0%    0.0%
2024-02-07 04:30:36,638
Portfolio was rebalanced less than 2 hours ago, 1.0 hours ago
2024-02-07 04:30:36,641
Status: prev = NEUTRAL <> NEUTRAL = target
2024-02-07 04:30:36,641
the strat is currently running @ 07-02-2024 and the target positions is NEUTRAL
the strat was previously run @ 2024-02-07 03:31:19 UTC, success:yes 
   and the current positions is NEUTRAL
2024-02-07 04:30:37,875
positions_future #0
2024-02-07 04:30:37,876
Empty DataFrame
Columns: [symbol, positionAmt, entryPrice, breakEvenPrice, markPrice, unRealizedProfit, value_usd, updateTime, isolated, adlQuantile, AUMs_account, w%]
Index: []
2024-02-07 04:30:37,952
programm stoppeddd!!! 20240207_043037
