2024-08-19 19:30:55,320
ON program started 20240819 19:30:55,
US time: 20240819 15:30:55
2024-08-19 19:30:55,791
the strat is currently running @ 19-08-2024 and the target positions is LONG
2024-08-19 19:30:57,606
CURRENT STATUS IS LONG
-----
return before 14h30:
BTCUSDT-0.39%, ETHUSDT-1.61%, XRPUSDT+2.36%
-----
target alloc initial:BTCUSDT+16.67%, ETHUSDT+16.67%, XRPUSDT+16.67%
-----
alloc target x rt%<0:BTCUSDT+16.67%, ETHUSDT+16.67%, XRPUSDT+16.67%
-----
           BTCUSDT ETHUSDT XRPUSDT
w_target     16.7%   16.7%   16.7%
rt_14h30    -0.00%  -0.02%   0.02%
w_target_f   16.7%   16.7%   16.7%
2024-08-19 19:30:57,607
Portfolio was rebalanced less than 2 hours ago, 1.0 hours ago
2024-08-19 19:30:57,609
Status: prev = LONG <> LONG = target
2024-08-19 19:30:57,609
the strat is currently running @ 19-08-2024 and the target positions is LONG
the strat was previously run @ 2024-08-19 18:30:49, success:? 
   and the current positions is LONG
2024-08-19 19:30:58,739
positions_future #2
2024-08-19 19:30:58,739
      symbol  positionAmt entryPrice  ... adlQuantile AUMs_account        w%
133  XRPUSDT       82.900     0.6048  ...           1        302.9  0.165879
169  ETHUSDT        0.019    2602.41  ...           2        302.9  0.163410

[2 rows x 12 columns]
2024-08-19 19:30:58,966
------------------------------
binance_account_balance
2024-08-19 19:30:58,967
  asset     balance  ...  marginAvailable   updateTime
4  USDT  302.745413  ...             True  19Aug-18:33

[1 rows x 8 columns]
2024-08-19 19:30:59,594
------------------------------
open_orders
2024-08-19 19:30:59,595
Empty DataFrame
Columns: []
Index: []
2024-08-19 19:31:00,207
------------------------------
AUMS account:302

2024-08-19 19:31:00,209
--------------- compute_futures_order_book() ----------------
2024-08-19 19:31:01,667
----------------------------------------------------------------------
#0 order(s) to place
gross$: 0$ | net$: +0$
gross%: 0% | net%: +0%
 || w>0%  +0% | w<0%  0%
----------------------------------------------------------------------
PTF Expo% 32.6% >> 50.0% (current>>target)
PTF expo $99.0 >> $151 (current>>target)
----------------------------------------------------------------------
2024-08-19 19:31:01,668
orders_ofthe_day
2024-08-19 19:31:01,669
Empty DataFrame
Columns: [ptf_usd, target_usd, totrd_usd, posttrd_usd, qty, posttrd_qty, posttrd_w, bid, ask, strategy]
Index: []
2024-08-19 19:31:01,733
Orders of the day is empty, current and target potfolios are aligned
2024-08-19 19:31:01,733
Program stopped
