2024-07-18 20:30:39,730
ON program started 20240718 20:30:39,
US time: 20240718 16:30:39
2024-07-18 20:30:40,775
the strat is currently running @ 18-07-2024 and the target positions is LONG
2024-07-18 20:30:42,124
CURRENT STATUS IS LONG
-----
return before 14h30:
BTCUSDT+0.79%, ETHUSDT+2.37%, XRPUSDT-7.94%
-----
target alloc initial:BTCUSDT+16.67%, ETHUSDT+16.67%, XRPUSDT+16.67%
-----
alloc target x rt%<0:BTCUSDT+16.67%, ETHUSDT+16.67%, XRPUSDT+16.67%
-----
           BTCUSDT ETHUSDT XRPUSDT
w_target     16.7%   16.7%   16.7%
rt_14h30     0.01%   0.02%  -0.08%
w_target_f   16.7%   16.7%   16.7%
2024-07-18 20:30:42,125
Portfolio was rebalanced less than 2 hours ago, 1.0 hours ago
2024-07-18 20:30:42,126
Status: prev = LONG <> LONG = target
2024-07-18 20:30:42,136
the strat is currently running @ 18-07-2024 and the target positions is LONG
the strat was previously run @ 2024-07-18 19:31:02, success:yes 
   and the current positions is LONG
2024-07-18 20:30:43,293
positions_future #2
2024-07-18 20:30:43,293
      symbol  positionAmt entryPrice  ... adlQuantile AUMs_account        w%
131  XRPUSDT       86.300     0.5676  ...           0        293.6  0.166828
166  ETHUSDT        0.014    3397.35  ...           2        293.6  0.162577

[2 rows x 12 columns]
2024-07-18 20:30:43,393
programm stoppeddd!!! 20240718_203043
