2024-02-25 01:30:48,978
ON program started 20240225 01:30:48,
US time: 20240224 20:30:48
2024-02-25 01:30:50,115
the strat is currently running @ 25-02-2024 and the target positions is SHORT
2024-02-25 01:30:51,521
CURRENT STATUS IS SHORT, WE CHECK IF THE DAY IS A NEGATIVE ONE
-----
return before 14h30:
BTCUSDT-0.11%, ETHUSDT+0.15%, XRPUSDT+0.04%
-----
target alloc initial:BTCUSDT-4.17%, ETHUSDT+0.00%, XRPUSDT-4.17%
-----
alloc target x rt%<0:BTCUSDT-4.17%, ETHUSDT+0.00%, XRPUSDT-0.00%
-----
           BTCUSDT ETHUSDT XRPUSDT
w_target     -4.2%    0.0%   -4.2%
rt_14h30    -0.00%   0.00%   0.00%
w_target_f   -4.2%    0.0%   -0.0%
2024-02-25 01:30:51,522
Portfolio was rebalanced less than 2 hours ago, 1.0 hours ago
2024-02-25 01:30:51,524
Status: prev = SHORT <> SHORT = target
2024-02-25 01:30:51,524
the strat is currently running @ 25-02-2024 and the target positions is SHORT
the strat was previously run @ 2024-02-25 00:30:56, success:? 
   and the current positions is SHORT
2024-02-25 01:30:52,729
positions_future #1
2024-02-25 01:30:52,729
      symbol  positionAmt entryPrice  ... adlQuantile AUMs_account        w%
122  XRPUSDT        -22.1     0.5442  ...           1        293.0 -0.041167

[1 rows x 12 columns]
2024-02-25 01:30:52,972
------------------------------
binance_account_balance
2024-02-25 01:30:52,972
  asset     balance  ...  marginAvailable   updateTime
5  USDT  292.987393  ...             True  25Feb-00:32

[1 rows x 8 columns]
2024-02-25 01:30:53,428
------------------------------
open_orders
2024-02-25 01:30:53,428
Empty DataFrame
Columns: []
Index: []
2024-02-25 01:30:54,089
------------------------------
AUMS account:292

2024-02-25 01:30:54,091
--------------- compute_futures_order_book() ----------------
2024-02-25 01:30:55,653
----------------------------------------------------------------------
#1 order(s) to place
gross$: 12$ | net$: +12$
gross%: 4% | net%: +4%
 || w>0%  +4% | w<0%  0%
----------------------------------------------------------------------
PTF Expo% -4.1% >> -4.1% (current>>target)
PTF expo $-12.0 >> $-12 (current>>target)
----------------------------------------------------------------------
2024-02-25 01:30:55,655
orders_ofthe_day
2024-02-25 01:30:55,655
                  ptf_usd  target_usd  totrd_usd  ...     bid     ask strategy
2024-02-25 01:30                                  ...                         
XRPUSDT             -12.0        -0.0       12.0  ...  0.5455  0.5456  STRATON

[1 rows x 10 columns]
2024-02-25 01:30:56,684
binance_place_orders_peg 20240225_013056
2024-02-25 01:30:57,125
{'orderId': 50808687200, 'symbol': 'XRPUSDT', 'status': 'NEW', 'clientOrderId': 'STRATON', 'price': '0.5452', 'avgPrice': '0.00', 'origQty': '22.1', 'executedQty': '0.0', 'cumQty': '0.0', 'cumQuote': '0.00000', 'timeInForce': 'GTC', 'type': 'LIMIT', 'reduceOnly': False, 'closePosition': False, 'side': 'BUY', 'positionSide': 'BOTH', 'stopPrice': '0.0000', 'workingType': 'CONTRACT_PRICE', 'priceProtect': False, 'origType': 'LIMIT', 'priceMatch': 'NONE', 'selfTradePreventionMode': 'NONE', 'goodTillDate': 0, 'updateTime': 1708824657015}
2024-02-25 01:30:57,637
update 0: filled 0 / 1 () | working 1 / 1 (+XRPUSDT)
2024-02-25 01:31:01,638
+XRPUSDT: bp9.0|
2024-02-25 01:31:02,082
update 1: filled 0 / 1 () | working 1 / 1 (+XRPUSDT)
2024-02-25 01:31:06,083
+XRPUSDT: bp7.0|
2024-02-25 01:31:06,525
update 2: filled 0 / 1 () | working 1 / 1 (+XRPUSDT)
2024-02-25 01:31:10,526
+XRPUSDT: bp7.0|
2024-02-25 01:31:10,972
update 3: filled 0 / 1 () | working 1 / 1 (+XRPUSDT)
2024-02-25 01:31:14,973
+XRPUSDT: bp7.0|
2024-02-25 01:31:15,420
update 4: filled 0 / 1 () | working 1 / 1 (+XRPUSDT)
2024-02-25 01:31:19,421
+XRPUSDT: bp7.0|
2024-02-25 01:31:19,866
update 5: filled 0 / 1 () | working 1 / 1 (+XRPUSDT)
2024-02-25 01:31:23,866
+XRPUSDT: bp7.0|
2024-02-25 01:31:24,314
update 6: filled 0 / 1 () | working 1 / 1 (+XRPUSDT)
2024-02-25 01:31:28,314
+XRPUSDT: bp9.0|
2024-02-25 01:31:28,760
update 7: filled 0 / 1 () | working 1 / 1 (+XRPUSDT)
2024-02-25 01:31:32,761
+XRPUSDT: bp7.0|
2024-02-25 01:31:33,203
update 8: filled 0 / 1 () | working 1 / 1 (+XRPUSDT)
2024-02-25 01:31:37,204
+XRPUSDT: bp9.0|
2024-02-25 01:31:37,647
update 9: filled 0 / 1 () | working 1 / 1 (+XRPUSDT)
2024-02-25 01:31:41,648
+XRPUSDT: bp7.0|
2024-02-25 01:31:42,090
update 10: filled 0 / 1 () | working 1 / 1 (+XRPUSDT)
2024-02-25 01:31:46,091
+XRPUSDT: bp13.0|
2024-02-25 01:31:46,540
update 11: filled 0 / 1 () | working 1 / 1 (+XRPUSDT)
2024-02-25 01:31:50,541
+XRPUSDT: bp13.0|
2024-02-25 01:31:50,987
update 12: filled 0 / 1 () | working 1 / 1 (+XRPUSDT)
2024-02-25 01:31:54,988
+XRPUSDT: bp13.0|
2024-02-25 01:31:55,432
update 13: filled 0 / 1 () | working 1 / 1 (+XRPUSDT)
2024-02-25 01:31:59,433
+XRPUSDT: bp15.0|
2024-02-25 01:31:59,881
update 14: filled 0 / 1 () | working 1 / 1 (+XRPUSDT)
2024-02-25 01:32:03,882
+XRPUSDT: bp16.0|
2024-02-25 01:32:03,882
Adjustment limit #1 ... 
 we cancel current orders and replace
2024-02-25 01:32:03,882
@+/-2.5bp limit 
2024-02-25 01:32:03,882
binance_cancel_and_replace_orders_peg 20240225_013203
2024-02-25 01:32:04,998
binance_place_orders_peg 20240225_013204
2024-02-25 01:32:05,436
{'orderId': 50808753515, 'symbol': 'XRPUSDT', 'status': 'NEW', 'clientOrderId': 'STRATON', 'price': '0.5457', 'avgPrice': '0.00', 'origQty': '22.1', 'executedQty': '0.0', 'cumQty': '0.0', 'cumQuote': '0.00000', 'timeInForce': 'GTC', 'type': 'LIMIT', 'reduceOnly': False, 'closePosition': False, 'side': 'BUY', 'positionSide': 'BOTH', 'stopPrice': '0.0000', 'workingType': 'CONTRACT_PRICE', 'priceProtect': False, 'origType': 'LIMIT', 'priceMatch': 'NONE', 'selfTradePreventionMode': 'NONE', 'goodTillDate': 0, 'updateTime': 1708824725326}
2024-02-25 01:32:05,888
update 0: filled 0 / 1 () | working 1 / 1 (+XRPUSDT)
2024-02-25 01:32:09,889
+XRPUSDT: bp4.0|
2024-02-25 01:32:10,335
update 1: filled 0 / 1 () | working 1 / 1 (+XRPUSDT)
2024-02-25 01:32:14,335
+XRPUSDT: bp4.0|
2024-02-25 01:32:14,779
update 2: filled 0 / 1 () | working 1 / 1 (+XRPUSDT)
2024-02-25 01:32:18,780
+XRPUSDT: bp4.0|
2024-02-25 01:32:19,223
update 3: filled 0 / 1 () | working 1 / 1 (+XRPUSDT)
2024-02-25 01:32:23,224
+XRPUSDT: bp2.0|
2024-02-25 01:32:23,669
update 4: filled 0 / 1 () | working 1 / 1 (+XRPUSDT)
2024-02-25 01:32:27,670
+XRPUSDT: bp2.0|
2024-02-25 01:32:28,112
update 5: filled 0 / 1 () | working 1 / 1 (+XRPUSDT)
2024-02-25 01:32:32,113
+XRPUSDT: bp4.0|
2024-02-25 01:32:32,555
update 6: filled 0 / 1 () | working 1 / 1 (+XRPUSDT)
2024-02-25 01:32:36,556
+XRPUSDT: bp2.0|
2024-02-25 01:32:36,998
update 7: filled 0 / 1 () | working 1 / 1 (+XRPUSDT)
2024-02-25 01:32:40,999
+XRPUSDT: bp4.0|
2024-02-25 01:32:41,442
update 8: filled 0 / 1 () | working 1 / 1 (+XRPUSDT)
2024-02-25 01:32:45,443
+XRPUSDT: bp4.0|
2024-02-25 01:32:45,886
update 9: filled 0 / 1 () | working 1 / 1 (+XRPUSDT)
2024-02-25 01:32:49,886
+XRPUSDT: bp-0.0|
2024-02-25 01:32:50,329
update 10: filled 1 / 1 (+XRPUSDT) | working 0 / 1 ()
2024-02-25 01:32:55,676
Trades of the day
in$
as of: 25Feb 01:32>>01:32 (#trades: 1)
trade net: +12.0 (+4.1%), trade gross: +12.0 (+4.1%), BUY: +12.0 (+4.1%), SELL: +0.0 (+0.0%)
fees: $ 0.002 (2.0bp)
2024-02-25 01:32:55,913
Trades: 
Filled #1
______________________________________________
                   in$ | in bp 12 traded | in bp 292 AUMs
realizedPnl    -0.03   | -25     | -1     
PnLvsArrival   +0      | +0      | +0     
PnLvsLast      +0      | +0      | +0     
______________________________________________
                 | Value$ | PnL Arrival/Last 
______________________________________________
XRP:+22.1@0.5457 | +12$ | -0/-0
