2024-02-26 02:31:10,002
ON program started 20240226 02:31:09,
US time: 20240225 21:31:10
2024-02-26 02:31:11,023
the strat is currently running @ 26-02-2024 and the target positions is SHORT
2024-02-26 02:31:12,488
CURRENT STATUS IS SHORT, WE CHECK IF THE DAY IS A NEGATIVE ONE
-----
return before 14h30:
BTCUSDT-0.57%, ETHUSDT-0.40%, XRPUSDT-0.39%
-----
target alloc initial:BTCUSDT-4.17%, ETHUSDT+0.00%, XRPUSDT-4.17%
-----
alloc target x rt%<0:BTCUSDT-4.17%, ETHUSDT+0.00%, XRPUSDT-4.17%
-----
           BTCUSDT ETHUSDT XRPUSDT
w_target     -4.2%    0.0%   -4.2%
rt_14h30    -0.01%  -0.00%  -0.00%
w_target_f   -4.2%    0.0%   -4.2%
2024-02-26 02:31:12,490
Portfolio was rebalanced less than 2 hours ago, 1.0 hours ago
2024-02-26 02:31:12,492
Status: prev = SHORT <> SHORT = target
2024-02-26 02:31:12,492
the strat is currently running @ 26-02-2024 and the target positions is SHORT
the strat was previously run @ 2024-02-26 01:31:13, success:yes 
   and the current positions is SHORT
2024-02-26 02:31:13,781
positions_future #1
2024-02-26 02:31:13,782
      symbol  positionAmt entryPrice  ... adlQuantile AUMs_account        w%
122  XRPUSDT        -22.3     0.5434  ...           3        293.4 -0.041139

[1 rows x 12 columns]
2024-02-26 02:31:13,898
programm stoppeddd!!! 20240226_023113
