2024-04-10 23:30:52,842
ON program started 20240410 23:30:52,
US time: 20240410 19:30:52
2024-04-10 23:30:53,443
the strat is currently running @ 10-04-2024 and the target positions is SHORT
2024-04-10 23:30:54,849
CURRENT STATUS IS SHORT, WE CHECK IF THE DAY IS A NEGATIVE ONE
-----
return before 14h30:
BTCUSDT-1.28%, ETHUSDT-1.27%, XRPUSDT-1.71%
-----
target alloc initial:BTCUSDT-4.17%, ETHUSDT+0.00%, XRPUSDT-4.17%
-----
alloc target x rt%<0:BTCUSDT-4.17%, ETHUSDT+0.00%, XRPUSDT-4.17%
-----
           BTCUSDT ETHUSDT XRPUSDT
w_target     -4.2%    0.0%   -4.2%
rt_14h30    -0.01%  -0.01%  -0.02%
w_target_f   -4.2%    0.0%   -4.2%
2024-04-10 23:30:54,850
Portfolio was rebalanced less than 2 hours ago, 1.0 hours ago
2024-04-10 23:30:54,852
Status: prev = SHORT <> SHORT = target
2024-04-10 23:30:54,852
the strat is currently running @ 10-04-2024 and the target positions is SHORT
the strat was previously run @ 2024-04-10 22:30:39, success:? 
   and the current positions is SHORT
2024-04-10 23:30:56,094
positions_future #1
2024-04-10 23:30:56,095
      symbol  positionAmt entryPrice  ... adlQuantile AUMs_account        w%
126  XRPUSDT        -18.8     0.6187  ...           3        289.5 -0.040148

[1 rows x 12 columns]
2024-04-10 23:30:56,339
------------------------------
binance_account_balance
2024-04-10 23:30:56,339
  asset     balance  ...  marginAvailable   updateTime
6  USDT  289.519079  ...             True  10Apr-22:33

[1 rows x 8 columns]
2024-04-10 23:30:56,798
------------------------------
open_orders
2024-04-10 23:30:56,798
Empty DataFrame
Columns: []
Index: []
2024-04-10 23:30:57,455
------------------------------
AUMS account:289

2024-04-10 23:30:57,458
--------------- compute_futures_order_book() ----------------
2024-04-10 23:30:59,028
----------------------------------------------------------------------
#0 order(s) to place
gross$: 0$ | net$: +0$
gross%: 0% | net%: +0%
 || w>0%  +0% | w<0%  0%
----------------------------------------------------------------------
PTF Expo% -4.1% >> -8.3% (current>>target)
PTF expo $-12.0 >> $-24 (current>>target)
----------------------------------------------------------------------
2024-04-10 23:30:59,030
orders_ofthe_day
2024-04-10 23:30:59,030
Empty DataFrame
Columns: [ptf_usd, target_usd, totrd_usd, posttrd_usd, qty, posttrd_qty, posttrd_w, bid, ask, strategy]
Index: []
2024-04-10 23:30:59,093
Orders of the day is empty, current and target potfolios are aligned
2024-04-10 23:30:59,093
Program stopped
