2023-08-28 03:31:05,795
ON program started 20230828 03:31:05,
US time: 20230827 23:31:05
2023-08-28 03:31:06,240
the strat is currently running @ 28-08-2023 and the target positions is NEUTRAL
2023-08-28 03:31:07,642
CURRENT STATUS IS NEUTRAL
-----
return before 14h30:
BTCUSDT+0.00%, ETHUSDT+0.00%, XRPUSDT+0.00%
-----
target alloc initial:BTCUSDT+0.00%, ETHUSDT+0.00%, XRPUSDT+0.00%
-----
alloc target x rt%<0:BTCUSDT+0.00%, ETHUSDT+0.00%, XRPUSDT+0.00%
-----
           BTCUSDT ETHUSDT XRPUSDT
w_target      0.0%    0.0%    0.0%
rt_14h30     0.00%   0.00%   0.00%
w_target_f    0.0%    0.0%    0.0%
2023-08-28 03:31:07,644
Portfolio was rebalanced less than 2 hours ago, 0.9 hours ago
2023-08-28 03:31:07,646
Status: prev = NEUTRAL <> NEUTRAL = target
2023-08-28 03:31:07,647
the strat is currently running @ 28-08-2023 and the target positions is NEUTRAL
the strat was previously run @ 2023-08-28 02:34:24 UTC, success:yes 
   and the current positions is NEUTRAL
2023-08-28 03:31:08,817
positions_future #0
2023-08-28 03:31:08,817
Empty DataFrame
Columns: [symbol, positionAmt, entryPrice, markPrice, unRealizedProfit, value_usd, updateTime, AUMs_account, w%]
Index: []
2023-08-28 03:31:08,828
programm stoppeddd!!! 20230828_033108
