2024-02-18 00:30:46,676
ON program started 20240218 00:30:46,
US time: 20240217 19:30:46
2024-02-18 00:30:47,644
the strat is currently running @ 18-02-2024 and the target positions is SHORT
2024-02-18 00:30:49,055
CURRENT STATUS IS SHORT, WE CHECK IF THE DAY IS A NEGATIVE ONE
-----
return before 14h30:
BTCUSDT-0.01%, ETHUSDT-0.02%, XRPUSDT+0.24%
-----
target alloc initial:BTCUSDT-4.17%, ETHUSDT+0.00%, XRPUSDT-4.17%
-----
alloc target x rt%<0:BTCUSDT-4.17%, ETHUSDT+0.00%, XRPUSDT-0.00%
-----
           BTCUSDT ETHUSDT XRPUSDT
w_target     -4.2%    0.0%   -4.2%
rt_14h30    -0.00%  -0.00%   0.00%
w_target_f   -4.2%    0.0%   -0.0%
2024-02-18 00:30:49,056
Portfolio was rebalanced less than 2 hours ago, 1.0 hours ago
2024-02-18 00:30:49,058
Status: prev = SHORT <> SHORT = target
2024-02-18 00:30:49,059
the strat is currently running @ 18-02-2024 and the target positions is SHORT
the strat was previously run @ 2024-02-17 23:31:09, success:? 
   and the current positions is SHORT
2024-02-18 00:30:50,272
positions_future #1
2024-02-18 00:30:50,272
      symbol  positionAmt entryPrice  ... adlQuantile AUMs_account        w%
119  XRPUSDT        -21.7      0.551  ...           1        291.0 -0.041121

[1 rows x 12 columns]
2024-02-18 00:30:50,522
------------------------------
binance_account_balance
2024-02-18 00:30:50,522
  asset    balance  ...  marginAvailable   updateTime
5  USDT  290.97432  ...             True  17Feb-23:34

[1 rows x 8 columns]
2024-02-18 00:30:50,979
------------------------------
open_orders
2024-02-18 00:30:50,979
Empty DataFrame
Columns: []
Index: []
2024-02-18 00:30:51,636
------------------------------
AUMS account:290

2024-02-18 00:30:51,637
--------------- compute_futures_order_book() ----------------
2024-02-18 00:30:53,202
----------------------------------------------------------------------
#1 order(s) to place
gross$: 12$ | net$: +12$
gross%: 4% | net%: +4%
 || w>0%  +4% | w<0%  0%
----------------------------------------------------------------------
PTF Expo% -4.1% >> -4.1% (current>>target)
PTF expo $-12.0 >> $-12 (current>>target)
----------------------------------------------------------------------
2024-02-18 00:30:53,204
orders_ofthe_day
2024-02-18 00:30:53,204
                  ptf_usd  target_usd  totrd_usd  ...     bid     ask strategy
2024-02-18 00:30                                  ...                         
XRPUSDT             -12.0        -0.0       12.0  ...  0.5514  0.5515  STRATON

[1 rows x 10 columns]
2024-02-18 00:30:54,441
binance_place_orders_peg 20240218_003054
2024-02-18 00:30:54,883
{'orderId': 50354803764, 'symbol': 'XRPUSDT', 'status': 'NEW', 'clientOrderId': 'STRATON', 'price': '0.5511', 'avgPrice': '0.00', 'origQty': '21.7', 'executedQty': '0.0', 'cumQty': '0.0', 'cumQuote': '0.00000', 'timeInForce': 'GTC', 'type': 'LIMIT', 'reduceOnly': False, 'closePosition': False, 'side': 'BUY', 'positionSide': 'BOTH', 'stopPrice': '0.0000', 'workingType': 'CONTRACT_PRICE', 'priceProtect': False, 'origType': 'LIMIT', 'priceMatch': 'NONE', 'selfTradePreventionMode': 'NONE', 'goodTillDate': 0, 'updateTime': 1708216254773}
2024-02-18 00:30:56,018
update 0: filled 0 / 1 () | working 1 / 1 (+XRPUSDT)
2024-02-18 00:31:00,019
+XRPUSDT: bp7.0|
2024-02-18 00:31:00,464
update 1: filled 0 / 1 () | working 1 / 1 (+XRPUSDT)
2024-02-18 00:31:04,465
+XRPUSDT: bp7.0|
2024-02-18 00:31:04,910
update 2: filled 0 / 1 () | working 1 / 1 (+XRPUSDT)
2024-02-18 00:31:08,911
+XRPUSDT: bp5.0|
2024-02-18 00:31:09,355
update 3: filled 0 / 1 () | working 1 / 1 (+XRPUSDT)
2024-02-18 00:31:13,356
+XRPUSDT: bp5.0|
2024-02-18 00:31:13,802
update 4: filled 0 / 1 () | working 1 / 1 (+XRPUSDT)
2024-02-18 00:31:17,803
+XRPUSDT: bp5.0|
2024-02-18 00:31:18,246
update 5: filled 0 / 1 () | working 1 / 1 (+XRPUSDT)
2024-02-18 00:31:22,251
+XRPUSDT: bp7.0|
2024-02-18 00:31:22,694
update 6: filled 0 / 1 () | working 1 / 1 (+XRPUSDT)
2024-02-18 00:31:26,695
+XRPUSDT: bp11.0|
2024-02-18 00:31:27,150
update 7: filled 0 / 1 () | working 1 / 1 (+XRPUSDT)
2024-02-18 00:31:31,151
+XRPUSDT: bp9.0|
2024-02-18 00:31:31,599
update 8: filled 0 / 1 () | working 1 / 1 (+XRPUSDT)
2024-02-18 00:31:35,600
+XRPUSDT: bp7.0|
2024-02-18 00:31:36,044
update 9: filled 0 / 1 () | working 1 / 1 (+XRPUSDT)
2024-02-18 00:31:40,044
+XRPUSDT: bp7.0|
2024-02-18 00:31:40,486
update 10: filled 0 / 1 () | working 1 / 1 (+XRPUSDT)
2024-02-18 00:31:44,487
+XRPUSDT: bp7.0|
2024-02-18 00:31:44,932
update 11: filled 0 / 1 () | working 1 / 1 (+XRPUSDT)
2024-02-18 00:31:48,933
+XRPUSDT: bp7.0|
2024-02-18 00:31:49,377
update 12: filled 0 / 1 () | working 1 / 1 (+XRPUSDT)
2024-02-18 00:31:53,378
+XRPUSDT: bp7.0|
2024-02-18 00:31:53,819
update 13: filled 0 / 1 () | working 1 / 1 (+XRPUSDT)
2024-02-18 00:31:57,820
+XRPUSDT: bp4.0|
2024-02-18 00:31:58,262
update 14: filled 0 / 1 () | working 1 / 1 (+XRPUSDT)
2024-02-18 00:32:02,263
+XRPUSDT: bp2.0|
2024-02-18 00:32:02,263
Adjustment limit #1 ... 
 we cancel current orders and replace
2024-02-18 00:32:02,263
@+/-2.5bp limit 
2024-02-18 00:32:02,263
binance_cancel_and_replace_orders_peg 20240218_003202
2024-02-18 00:32:03,376
binance_place_orders_peg 20240218_003203
2024-02-18 00:32:03,814
{'orderId': 50354866199, 'symbol': 'XRPUSDT', 'status': 'NEW', 'clientOrderId': 'STRATON', 'price': '0.5510', 'avgPrice': '0.00', 'origQty': '21.7', 'executedQty': '0.0', 'cumQty': '0.0', 'cumQuote': '0.00000', 'timeInForce': 'GTC', 'type': 'LIMIT', 'reduceOnly': False, 'closePosition': False, 'side': 'BUY', 'positionSide': 'BOTH', 'stopPrice': '0.0000', 'workingType': 'CONTRACT_PRICE', 'priceProtect': False, 'origType': 'LIMIT', 'priceMatch': 'NONE', 'selfTradePreventionMode': 'NONE', 'goodTillDate': 0, 'updateTime': 1708216323704}
2024-02-18 00:32:04,267
update 0: filled 0 / 1 () | working 1 / 1 (+XRPUSDT)
2024-02-18 00:32:08,268
+XRPUSDT: bp4.0|
2024-02-18 00:32:08,713
update 1: filled 0 / 1 () | working 1 / 1 (+XRPUSDT)
2024-02-18 00:32:12,714
+XRPUSDT: bp4.0|
2024-02-18 00:32:13,158
update 2: filled 0 / 1 () | working 1 / 1 (+XRPUSDT)
2024-02-18 00:32:17,164
+XRPUSDT: bp4.0|
2024-02-18 00:32:17,609
update 3: filled 0 / 1 () | working 1 / 1 (+XRPUSDT)
2024-02-18 00:32:21,610
+XRPUSDT: bp2.0|
2024-02-18 00:32:22,052
update 4: filled 0 / 1 () | working 1 / 1 (+XRPUSDT)
2024-02-18 00:32:26,053
+XRPUSDT: bp2.0|
2024-02-18 00:32:26,495
update 5: filled 0 / 1 () | working 1 / 1 (+XRPUSDT)
2024-02-18 00:32:30,496
+XRPUSDT: bp4.0|
2024-02-18 00:32:30,944
update 6: filled 0 / 1 () | working 1 / 1 (+XRPUSDT)
2024-02-18 00:32:34,945
+XRPUSDT: bp4.0|
2024-02-18 00:32:35,388
update 7: filled 0 / 1 () | working 1 / 1 (+XRPUSDT)
2024-02-18 00:32:39,389
+XRPUSDT: bp5.0|
2024-02-18 00:32:39,830
update 8: filled 0 / 1 () | working 1 / 1 (+XRPUSDT)
2024-02-18 00:32:43,831
+XRPUSDT: bp5.0|
2024-02-18 00:32:44,274
update 9: filled 0 / 1 () | working 1 / 1 (+XRPUSDT)
2024-02-18 00:32:48,275
+XRPUSDT: bp11.0|
2024-02-18 00:32:48,720
update 10: filled 0 / 1 () | working 1 / 1 (+XRPUSDT)
2024-02-18 00:32:52,721
+XRPUSDT: bp11.0|
2024-02-18 00:32:53,164
update 11: filled 0 / 1 () | working 1 / 1 (+XRPUSDT)
2024-02-18 00:32:57,165
+XRPUSDT: bp11.0|
2024-02-18 00:32:57,610
update 12: filled 0 / 1 () | working 1 / 1 (+XRPUSDT)
2024-02-18 00:33:01,611
+XRPUSDT: bp11.0|
2024-02-18 00:33:02,054
update 13: filled 0 / 1 () | working 1 / 1 (+XRPUSDT)
2024-02-18 00:33:06,054
+XRPUSDT: bp11.0|
2024-02-18 00:33:06,499
update 14: filled 0 / 1 () | working 1 / 1 (+XRPUSDT)
2024-02-18 00:33:10,500
+XRPUSDT: bp11.0|
2024-02-18 00:33:10,500
Adjustment limit #2 ... 
 we cancel current orders and replace
2024-02-18 00:33:10,500
@+/-1.25bp limit 
2024-02-18 00:33:10,500
binance_cancel_and_replace_orders_peg 20240218_003310
2024-02-18 00:33:11,611
binance_place_orders_peg 20240218_003311
2024-02-18 00:33:12,058
{'orderId': 50354917320, 'symbol': 'XRPUSDT', 'status': 'NEW', 'clientOrderId': 'STRATON', 'price': '0.5512', 'avgPrice': '0.00', 'origQty': '21.7', 'executedQty': '0.0', 'cumQty': '0.0', 'cumQuote': '0.00000', 'timeInForce': 'GTC', 'type': 'LIMIT', 'reduceOnly': False, 'closePosition': False, 'side': 'BUY', 'positionSide': 'BOTH', 'stopPrice': '0.0000', 'workingType': 'CONTRACT_PRICE', 'priceProtect': False, 'origType': 'LIMIT', 'priceMatch': 'NONE', 'selfTradePreventionMode': 'NONE', 'goodTillDate': 0, 'updateTime': 1708216391947}
2024-02-18 00:33:12,531
update 0: filled 0 / 1 () | working 1 / 1 (+XRPUSDT)
2024-02-18 00:33:16,532
+XRPUSDT: bp5.0|
2024-02-18 00:33:16,974
update 1: filled 0 / 1 () | working 1 / 1 (+XRPUSDT)
2024-02-18 00:33:20,975
+XRPUSDT: bp4.0|
2024-02-18 00:33:21,418
update 2: filled 1 / 1 (+XRPUSDT) | working 0 / 1 ()
2024-02-18 00:33:26,778
Trades of the day
in$
as of: 18Feb 00:33>>00:33 (#trades: 1)
trade net: +12.0 (+4.1%), trade gross: +12.0 (+4.1%), BUY: +12.0 (+4.1%), SELL: +0.0 (+0.0%)
fees: $ 0.002 (2.0bp)
2024-02-18 00:33:27,015
Trades: 
Filled #1
______________________________________________
                   in$ | in bp 11 traded | in bp 290 AUMs
realizedPnl    +0      | +0      | +0     
PnLvsArrival   +0.01   | +8      | +0     
PnLvsLast      +0      | +0      | +0     
______________________________________________
                 | Value$ | PnL Arrival/Last 
______________________________________________
XRP:+21.7@0.5512 | +12$ | 0.01/-0
