2023-12-03 22:31:02,386
ON program started 20231203 22:31:02,
US time: 20231203 17:31:02
2023-12-03 22:31:03,414
the strat is currently running @ 03-12-2023 and the target positions is LONG
2023-12-03 22:31:04,846
CURRENT STATUS IS LONG
-----
return before 14h30:
BTCUSDT+0.49%, ETHUSDT+0.23%, XRPUSDT+0.02%
-----
target alloc initial:BTCUSDT+16.67%, ETHUSDT+16.67%, XRPUSDT+16.67%
-----
alloc target x rt%<0:BTCUSDT+16.67%, ETHUSDT+16.67%, XRPUSDT+16.67%
-----
           BTCUSDT ETHUSDT XRPUSDT
w_target     16.7%   16.7%   16.7%
rt_14h30     0.00%   0.00%   0.00%
w_target_f   16.7%   16.7%   16.7%
2023-12-03 22:31:04,848
Portfolio was rebalanced less than 2 hours ago, 1.0 hours ago
2023-12-03 22:31:04,851
Status: prev = LONG <> LONG = target
2023-12-03 22:31:04,851
the strat is currently running @ 03-12-2023 and the target positions is LONG
the strat was previously run @ 2023-12-03 21:30:30 UTC, success:yes 
   and the current positions is LONG
2023-12-03 22:31:06,077
positions_future #2
2023-12-03 22:31:06,077
      symbol  positionAmt entryPrice  ... adlQuantile AUMs_account        w%
157  ETHUSDT        0.022    2166.45  ...           2        289.7  0.167255
124  XRPUSDT       77.600     0.6203  ...           2        289.7  0.167192

[2 rows x 12 columns]
2023-12-03 22:31:06,190
programm stoppeddd!!! 20231203_223106
