2024-02-27 01:31:06,498
ON program started 20240227 01:31:06,
US time: 20240226 20:31:06
2024-02-27 01:31:07,034
the strat is currently running @ 27-02-2024 and the target positions is SHORT
2024-02-27 01:31:08,615
CURRENT STATUS IS SHORT, WE CHECK IF THE DAY IS A NEGATIVE ONE
-----
return before 14h30:
BTCUSDT+0.48%, ETHUSDT+0.18%, XRPUSDT+0.40%
-----
target alloc initial:BTCUSDT-4.17%, ETHUSDT+0.00%, XRPUSDT-4.17%
-----
alloc target x rt%<0:BTCUSDT-0.00%, ETHUSDT+0.00%, XRPUSDT-0.00%
-----
           BTCUSDT ETHUSDT XRPUSDT
w_target     -4.2%    0.0%   -4.2%
rt_14h30     0.00%   0.00%   0.00%
w_target_f   -0.0%    0.0%   -0.0%
2024-02-27 01:31:08,616
Portfolio was rebalanced less than 2 hours ago, 1.0 hours ago
2024-02-27 01:31:08,618
Status: prev = SHORT <> SHORT = target
2024-02-27 01:31:08,619
the strat is currently running @ 27-02-2024 and the target positions is SHORT
the strat was previously run @ 2024-02-27 00:31:00, success:yes 
   and the current positions is SHORT
2024-02-27 01:31:09,866
positions_future #1
2024-02-27 01:31:09,866
      symbol  positionAmt entryPrice  ... adlQuantile AUMs_account        w%
122  XRPUSDT        -21.5     0.5504  ...           1        293.5 -0.040494

[1 rows x 12 columns]
2024-02-27 01:31:09,955
programm stoppeddd!!! 20240227_013109
