2023-12-24 01:31:00,933
ON program started 20231224 01:31:00,
US time: 20231223 20:31:00
2023-12-24 01:31:01,576
the strat is currently running @ 24-12-2023 and the target positions is SHORT
2023-12-24 01:31:02,991
CURRENT STATUS IS SHORT, WE CHECK IF THE DAY IS A NEGATIVE ONE
-----
return before 14h30:
BTCUSDT+0.00%, ETHUSDT+0.00%, XRPUSDT+0.00%
-----
target alloc initial:BTCUSDT-4.17%, ETHUSDT+0.00%, XRPUSDT-4.17%
-----
alloc target x rt%<0:BTCUSDT-0.00%, ETHUSDT+0.00%, XRPUSDT-0.00%
-----
           BTCUSDT ETHUSDT XRPUSDT
w_target     -4.2%    0.0%   -4.2%
rt_14h30     0.00%   0.00%   0.00%
w_target_f   -0.0%    0.0%   -0.0%
2023-12-24 01:31:02,992
Portfolio was rebalanced less than 2 hours ago, 1.0 hours ago
2023-12-24 01:31:02,995
Status: prev = SHORT <> SHORT = target
2023-12-24 01:31:02,995
the strat is currently running @ 24-12-2023 and the target positions is SHORT
the strat was previously run @ 2023-12-24 00:31:05 UTC, success:yes 
   and the current positions is SHORT
2023-12-24 01:31:04,258
positions_future #0
2023-12-24 01:31:04,258
Empty DataFrame
Columns: [symbol, positionAmt, entryPrice, breakEvenPrice, markPrice, unRealizedProfit, value_usd, updateTime, isolated, adlQuantile, AUMs_account, w%]
Index: []
2023-12-24 01:31:04,349
programm stoppeddd!!! 20231224_013104
