2024-09-06 23:30:34,821
ON program started 20240906 23:30:34,
US time: 20240906 19:30:34
2024-09-06 23:30:35,273
the strat is currently running @ 06-09-2024 and the target positions is SHORT
2024-09-06 23:30:36,590
CURRENT STATUS IS SHORT, WE CHECK IF THE DAY IS A NEGATIVE ONE
-----
return before 14h30:
BTCUSDT-0.51%, ETHUSDT-0.24%, XRPUSDT-1.23%
-----
target alloc initial:BTCUSDT-4.17%, ETHUSDT+0.00%, XRPUSDT-4.17%
-----
alloc target x rt%<0:BTCUSDT-4.17%, ETHUSDT+0.00%, XRPUSDT-4.17%
-----
           BTCUSDT ETHUSDT XRPUSDT
w_target     -4.2%    0.0%   -4.2%
rt_14h30    -0.01%  -0.00%  -0.01%
w_target_f   -4.2%    0.0%   -4.2%
2024-09-06 23:30:36,591
Portfolio was rebalanced less than 2 hours ago, 1.0 hours ago
2024-09-06 23:30:36,592
Status: prev = SHORT <> SHORT = target
2024-09-06 23:30:36,592
the strat is currently running @ 06-09-2024 and the target positions is SHORT
the strat was previously run @ 2024-09-06 22:30:45, success:? 
   and the current positions is SHORT
2024-09-06 23:30:37,719
positions_future #1
2024-09-06 23:30:37,719
      symbol  positionAmt entryPrice  ... adlQuantile AUMs_account        w%
138  XRPUSDT        -22.7       0.52  ...           1        294.9 -0.040095

[1 rows x 12 columns]
2024-09-06 23:30:37,945
------------------------------
binance_account_balance
2024-09-06 23:30:37,945
  asset     balance  ...  marginAvailable   updateTime
4  USDT  294.870095  ...             True  06Sep-22:32

[1 rows x 8 columns]
2024-09-06 23:30:38,367
------------------------------
open_orders
2024-09-06 23:30:38,367
Empty DataFrame
Columns: []
Index: []
2024-09-06 23:30:38,978
------------------------------
AUMS account:294

2024-09-06 23:30:38,980
--------------- compute_futures_order_book() ----------------
2024-09-06 23:30:40,442
----------------------------------------------------------------------
#0 order(s) to place
gross$: 0$ | net$: +0$
gross%: 0% | net%: +0%
 || w>0%  +0% | w<0%  0%
----------------------------------------------------------------------
PTF Expo% -4.0% >> -8.3% (current>>target)
PTF expo $-12.0 >> $-24 (current>>target)
----------------------------------------------------------------------
2024-09-06 23:30:40,443
orders_ofthe_day
2024-09-06 23:30:40,443
Empty DataFrame
Columns: [ptf_usd, target_usd, totrd_usd, posttrd_usd, qty, posttrd_qty, posttrd_w, bid, ask, strategy]
Index: []
2024-09-06 23:30:40,508
Orders of the day is empty, current and target potfolios are aligned
2024-09-06 23:30:40,508
Program stopped
