2024-02-10 00:31:08,322
ON program started 20240210 00:31:08,
US time: 20240209 19:31:08
2024-02-10 00:31:09,250
the strat is currently running @ 10-02-2024 and the target positions is SHORT
2024-02-10 00:31:10,633
CURRENT STATUS IS SHORT, WE CHECK IF THE DAY IS A NEGATIVE ONE
-----
return before 14h30:
BTCUSDT+0.06%, ETHUSDT+0.34%, XRPUSDT-0.11%
-----
target alloc initial:BTCUSDT-4.17%, ETHUSDT+0.00%, XRPUSDT-4.17%
-----
alloc target x rt%<0:BTCUSDT-0.00%, ETHUSDT+0.00%, XRPUSDT-4.17%
-----
           BTCUSDT ETHUSDT XRPUSDT
w_target     -4.2%    0.0%   -4.2%
rt_14h30     0.00%   0.00%  -0.00%
w_target_f   -0.0%    0.0%   -4.2%
2024-02-10 00:31:10,634
Portfolio was rebalanced less than 2 hours ago, 1.0 hours ago
2024-02-10 00:31:10,636
Status: prev = SHORT <> SHORT = target
2024-02-10 00:31:10,636
the strat is currently running @ 10-02-2024 and the target positions is SHORT
the strat was previously run @ 2024-02-09 23:31:07, success:? 
   and the current positions is SHORT
2024-02-10 00:31:11,825
positions_future #0
2024-02-10 00:31:11,825
Empty DataFrame
Columns: [symbol, positionAmt, entryPrice, breakEvenPrice, markPrice, unRealizedProfit, value_usd, updateTime, isolated, adlQuantile, AUMs_account, w%]
Index: []
2024-02-10 00:31:12,048
------------------------------
binance_account_balance
2024-02-10 00:31:12,048
  asset     balance  ...  marginAvailable   updateTime
5  USDT  289.927923  ...             True  09Feb-23:33

[1 rows x 8 columns]
2024-02-10 00:31:12,282
------------------------------
open_orders
2024-02-10 00:31:12,283
Empty DataFrame
Columns: []
Index: []
2024-02-10 00:31:12,934
------------------------------
AUMS account:289

2024-02-10 00:31:12,937
--------------- compute_futures_order_book() ----------------
2024-02-10 00:31:14,485
----------------------------------------------------------------------
#1 order(s) to place
gross$: 12$ | net$: -12$
gross%: 4% | net%: -4%
 || w>0%  +0% | w<0%  -4%
----------------------------------------------------------------------
PTF Expo% 0.0% >> -4.1% (current>>target)
PTF expo $0.0 >> $-12 (current>>target)
----------------------------------------------------------------------
2024-02-10 00:31:14,487
orders_ofthe_day
2024-02-10 00:31:14,487
                  ptf_usd  target_usd  totrd_usd  ...     bid     ask strategy
2024-02-10 00:31                                  ...                         
XRPUSDT               0.0      -12.09      -12.0  ...  0.5256  0.5257  STRATON

[1 rows x 10 columns]
2024-02-10 00:31:15,647
binance_place_orders_peg 20240210_003115
2024-02-10 00:31:16,084
{'orderId': 49834893215, 'symbol': 'XRPUSDT', 'status': 'NEW', 'clientOrderId': 'STRATON', 'price': '0.5259', 'avgPrice': '0.00', 'origQty': '22.8', 'executedQty': '0.0', 'cumQty': '0.0', 'cumQuote': '0.00000', 'timeInForce': 'GTC', 'type': 'LIMIT', 'reduceOnly': False, 'closePosition': False, 'side': 'SELL', 'positionSide': 'BOTH', 'stopPrice': '0.0000', 'workingType': 'CONTRACT_PRICE', 'priceProtect': False, 'origType': 'LIMIT', 'priceMatch': 'NONE', 'selfTradePreventionMode': 'NONE', 'goodTillDate': 0, 'updateTime': 1707525075972}
2024-02-10 00:31:17,210
update 0: filled 0 / 1 () | working 1 / 1 (-XRPUSDT)
2024-02-10 00:31:21,211
-XRPUSDT: bp8.0|
2024-02-10 00:31:21,655
update 1: filled 0 / 1 () | working 1 / 1 (-XRPUSDT)
2024-02-10 00:31:25,656
-XRPUSDT: bp8.0|
2024-02-10 00:31:26,096
update 2: filled 0 / 1 () | working 1 / 1 (-XRPUSDT)
2024-02-10 00:31:30,097
-XRPUSDT: bp10.0|
2024-02-10 00:31:30,536
update 3: filled 0 / 1 () | working 1 / 1 (-XRPUSDT)
2024-02-10 00:31:34,537
-XRPUSDT: bp10.0|
2024-02-10 00:31:34,974
update 4: filled 0 / 1 () | working 1 / 1 (-XRPUSDT)
2024-02-10 00:31:38,975
-XRPUSDT: bp11.0|
2024-02-10 00:31:39,413
update 5: filled 0 / 1 () | working 1 / 1 (-XRPUSDT)
2024-02-10 00:31:43,414
-XRPUSDT: bp11.0|
2024-02-10 00:31:43,853
update 6: filled 0 / 1 () | working 1 / 1 (-XRPUSDT)
2024-02-10 00:31:47,854
-XRPUSDT: bp11.0|
2024-02-10 00:31:48,292
update 7: filled 0 / 1 () | working 1 / 1 (-XRPUSDT)
2024-02-10 00:31:52,292
-XRPUSDT: bp11.0|
2024-02-10 00:31:52,732
update 8: filled 0 / 1 () | working 1 / 1 (-XRPUSDT)
2024-02-10 00:31:56,733
-XRPUSDT: bp13.0|
2024-02-10 00:31:57,172
update 9: filled 0 / 1 () | working 1 / 1 (-XRPUSDT)
2024-02-10 00:32:01,173
-XRPUSDT: bp13.0|
2024-02-10 00:32:01,611
update 10: filled 0 / 1 () | working 1 / 1 (-XRPUSDT)
2024-02-10 00:32:05,612
-XRPUSDT: bp13.0|
2024-02-10 00:32:06,052
update 11: filled 0 / 1 () | working 1 / 1 (-XRPUSDT)
2024-02-10 00:32:10,053
-XRPUSDT: bp13.0|
2024-02-10 00:32:10,491
update 12: filled 0 / 1 () | working 1 / 1 (-XRPUSDT)
2024-02-10 00:32:14,491
-XRPUSDT: bp13.0|
2024-02-10 00:32:14,929
update 13: filled 0 / 1 () | working 1 / 1 (-XRPUSDT)
2024-02-10 00:32:18,930
-XRPUSDT: bp11.0|
2024-02-10 00:32:19,367
update 14: filled 0 / 1 () | working 1 / 1 (-XRPUSDT)
2024-02-10 00:32:23,368
-XRPUSDT: bp11.0|
2024-02-10 00:32:23,368
Adjustment limit #1 ... 
 we cancel current orders and replace
2024-02-10 00:32:23,368
@+/-2.5bp limit 
2024-02-10 00:32:23,368
binance_cancel_and_replace_orders_peg 20240210_003223
2024-02-10 00:32:24,468
binance_place_orders_peg 20240210_003224
2024-02-10 00:32:24,906
{'orderId': 49834952493, 'symbol': 'XRPUSDT', 'status': 'NEW', 'clientOrderId': 'STRATON', 'price': '0.5253', 'avgPrice': '0.00', 'origQty': '22.8', 'executedQty': '0.0', 'cumQty': '0.0', 'cumQuote': '0.00000', 'timeInForce': 'GTC', 'type': 'LIMIT', 'reduceOnly': False, 'closePosition': False, 'side': 'SELL', 'positionSide': 'BOTH', 'stopPrice': '0.0000', 'workingType': 'CONTRACT_PRICE', 'priceProtect': False, 'origType': 'LIMIT', 'priceMatch': 'NONE', 'selfTradePreventionMode': 'NONE', 'goodTillDate': 0, 'updateTime': 1707525144798}
2024-02-10 00:32:25,353
update 0: filled 0 / 1 () | working 1 / 1 (-XRPUSDT)
2024-02-10 00:32:29,354
-XRPUSDT: bp4.0|
2024-02-10 00:32:29,793
update 1: filled 0 / 1 () | working 1 / 1 (-XRPUSDT)
2024-02-10 00:32:33,794
-XRPUSDT: bp4.0|
2024-02-10 00:32:34,231
update 2: filled 0 / 1 () | working 1 / 1 (-XRPUSDT)
2024-02-10 00:32:38,232
-XRPUSDT: bp4.0|
2024-02-10 00:32:38,674
update 3: filled 0 / 1 () | working 1 / 1 (-XRPUSDT)
2024-02-10 00:32:42,675
-XRPUSDT: bp6.0|
2024-02-10 00:32:43,113
update 4: filled 0 / 1 () | working 1 / 1 (-XRPUSDT)
2024-02-10 00:32:47,114
-XRPUSDT: bp4.0|
2024-02-10 00:32:47,554
update 5: filled 0 / 1 () | working 1 / 1 (-XRPUSDT)
2024-02-10 00:32:51,554
-XRPUSDT: bp6.0|
2024-02-10 00:32:51,992
update 6: filled 0 / 1 () | working 1 / 1 (-XRPUSDT)
2024-02-10 00:32:55,993
-XRPUSDT: bp6.0|
2024-02-10 00:32:56,432
update 7: filled 0 / 1 () | working 1 / 1 (-XRPUSDT)
2024-02-10 00:33:00,433
-XRPUSDT: bp4.0|
2024-02-10 00:33:00,871
update 8: filled 0 / 1 () | working 1 / 1 (-XRPUSDT)
2024-02-10 00:33:04,872
-XRPUSDT: bp4.0|
2024-02-10 00:33:05,310
update 9: filled 0 / 1 () | working 1 / 1 (-XRPUSDT)
2024-02-10 00:33:09,311
-XRPUSDT: bp6.0|
2024-02-10 00:33:09,749
update 10: filled 0 / 1 () | working 1 / 1 (-XRPUSDT)
2024-02-10 00:33:13,750
-XRPUSDT: bp6.0|
2024-02-10 00:33:14,188
update 11: filled 0 / 1 () | working 1 / 1 (-XRPUSDT)
2024-02-10 00:33:18,189
-XRPUSDT: bp8.0|
2024-02-10 00:33:18,627
update 12: filled 0 / 1 () | working 1 / 1 (-XRPUSDT)
2024-02-10 00:33:22,628
-XRPUSDT: bp6.0|
2024-02-10 00:33:23,066
update 13: filled 0 / 1 () | working 1 / 1 (-XRPUSDT)
2024-02-10 00:33:27,067
-XRPUSDT: bp8.0|
2024-02-10 00:33:27,505
update 14: filled 0 / 1 () | working 1 / 1 (-XRPUSDT)
2024-02-10 00:33:31,506
-XRPUSDT: bp8.0|
2024-02-10 00:33:31,507
Adjustment limit #2 ... 
 we cancel current orders and replace
2024-02-10 00:33:31,507
@+/-1.25bp limit 
2024-02-10 00:33:31,507
binance_cancel_and_replace_orders_peg 20240210_003331
2024-02-10 00:33:32,603
binance_place_orders_peg 20240210_003332
2024-02-10 00:33:33,037
{'orderId': 49835005342, 'symbol': 'XRPUSDT', 'status': 'NEW', 'clientOrderId': 'STRATON', 'price': '0.5254', 'avgPrice': '0.00', 'origQty': '22.8', 'executedQty': '0.0', 'cumQty': '0.0', 'cumQuote': '0.00000', 'timeInForce': 'GTC', 'type': 'LIMIT', 'reduceOnly': False, 'closePosition': False, 'side': 'SELL', 'positionSide': 'BOTH', 'stopPrice': '0.0000', 'workingType': 'CONTRACT_PRICE', 'priceProtect': False, 'origType': 'LIMIT', 'priceMatch': 'NONE', 'selfTradePreventionMode': 'NONE', 'goodTillDate': 0, 'updateTime': 1707525212928}
2024-02-10 00:33:33,484
update 0: filled 0 / 1 () | working 1 / 1 (-XRPUSDT)
2024-02-10 00:33:37,484
-XRPUSDT: bp6.0|
2024-02-10 00:33:37,922
update 1: filled 0 / 1 () | working 1 / 1 (-XRPUSDT)
2024-02-10 00:33:41,923
-XRPUSDT: bp4.0|
2024-02-10 00:33:42,361
update 2: filled 0 / 1 () | working 1 / 1 (-XRPUSDT)
2024-02-10 00:33:46,362
-XRPUSDT: bp2.0|
2024-02-10 00:33:46,802
update 3: filled 0 / 1 () | working 1 / 1 (-XRPUSDT)
2024-02-10 00:33:50,803
-XRPUSDT: bp2.0|
2024-02-10 00:33:51,244
update 4: filled 0 / 1 () | working 1 / 1 (-XRPUSDT)
2024-02-10 00:33:55,245
-XRPUSDT: bp2.0|
2024-02-10 00:33:55,683
update 5: filled 0 / 1 () | working 1 / 1 (-XRPUSDT)
2024-02-10 00:33:59,684
-XRPUSDT: bp2.0|
2024-02-10 00:34:00,124
update 6: filled 0 / 1 () | working 1 / 1 (-XRPUSDT)
2024-02-10 00:34:04,125
-XRPUSDT: bp2.0|
2024-02-10 00:34:04,563
update 7: filled 0 / 1 () | working 1 / 1 (-XRPUSDT)
2024-02-10 00:34:08,564
-XRPUSDT: bp2.0|
2024-02-10 00:34:09,003
update 8: filled 1 / 1 (-XRPUSDT) | working 0 / 1 ()
2024-02-10 00:34:14,396
Trades of the day
in$
as of: 10Feb 00:34>>00:34 (#trades: 1)
trade net: -12.0 (-4.1%), trade gross: +12.0 (+4.1%), BUY: +0.0 (+0.0%), SELL: -12.0 (-4.1%)
fees: $ 0.002 (2.0bp)
2024-02-10 00:34:14,639
Trades: 
Filled #1
______________________________________________
                   in$ | in bp 11 traded | in bp 289 AUMs
realizedPnl    +0      | +0      | +0     
PnLvsArrival   -0.01   | -8      | -0     
PnLvsLast      +0      | +0      | +0     
______________________________________________
                 | Value$ | PnL Arrival/Last 
______________________________________________
XRP:-22.8@0.5254 | -12$ | -0.01/-0
