2024-03-09 04:30:45,161
ON program started 20240309 04:30:45,
US time: 20240308 23:30:45
2024-03-09 04:30:45,944
the strat is currently running @ 09-03-2024 and the target positions is NEUTRAL
2024-03-09 04:30:47,364
CURRENT STATUS IS NEUTRAL
-----
return before 14h30:
BTCUSDT+0.11%, ETHUSDT+1.09%, XRPUSDT+0.94%
-----
target alloc initial:BTCUSDT+0.00%, ETHUSDT+0.00%, XRPUSDT+0.00%
-----
alloc target x rt%<0:BTCUSDT+0.00%, ETHUSDT+0.00%, XRPUSDT+0.00%
-----
           BTCUSDT ETHUSDT XRPUSDT
w_target      0.0%    0.0%    0.0%
rt_14h30     0.00%   0.01%   0.01%
w_target_f    0.0%    0.0%    0.0%
2024-03-09 04:30:47,366
Portfolio was rebalanced less than 2 hours ago, 1.0 hours ago
2024-03-09 04:30:47,368
Status: prev = NEUTRAL <> NEUTRAL = target
2024-03-09 04:30:47,368
the strat is currently running @ 09-03-2024 and the target positions is NEUTRAL
the strat was previously run @ 2024-03-09 03:31:00, success:yes 
   and the current positions is NEUTRAL
2024-03-09 04:30:47,956
positions_future #0
2024-03-09 04:30:47,956
Empty DataFrame
Columns: [symbol, positionAmt, entryPrice, breakEvenPrice, markPrice, unRealizedProfit, value_usd, updateTime, isolated, adlQuantile, AUMs_account, w%]
Index: []
2024-03-09 04:30:48,023
programm stoppeddd!!! 20240309_043048
