2024-07-28 19:30:36,315
ON program started 20240728 19:30:36,
US time: 20240728 15:30:36
2024-07-28 19:30:36,827
the strat is currently running @ 28-07-2024 and the target positions is LONG
2024-07-28 19:30:38,154
CURRENT STATUS IS LONG
-----
return before 14h30:
BTCUSDT+0.13%, ETHUSDT+0.79%, XRPUSDT+0.91%
-----
target alloc initial:BTCUSDT+16.67%, ETHUSDT+16.67%, XRPUSDT+16.67%
-----
alloc target x rt%<0:BTCUSDT+16.67%, ETHUSDT+16.67%, XRPUSDT+16.67%
-----
           BTCUSDT ETHUSDT XRPUSDT
w_target     16.7%   16.7%   16.7%
rt_14h30     0.00%   0.01%   0.01%
w_target_f   16.7%   16.7%   16.7%
2024-07-28 19:30:38,155
Portfolio was rebalanced less than 2 hours ago, 1.0 hours ago
2024-07-28 19:30:38,156
Status: prev = LONG <> LONG = target
2024-07-28 19:30:38,156
the strat is currently running @ 28-07-2024 and the target positions is LONG
the strat was previously run @ 2024-07-28 18:30:38, success:? 
   and the current positions is LONG
2024-07-28 19:30:39,293
positions_future #2
2024-07-28 19:30:39,293
      symbol  positionAmt entryPrice  ... adlQuantile AUMs_account        w%
167  ETHUSDT        0.015    3279.52  ...           1        292.5  0.167824
132  XRPUSDT       81.100     0.6043  ...           1        292.5  0.167149

[2 rows x 12 columns]
2024-07-28 19:30:39,519
------------------------------
binance_account_balance
2024-07-28 19:30:39,519
  asset     balance  ...  marginAvailable   updateTime
4  USDT  292.707159  ...             True  28Jul-18:33

[1 rows x 8 columns]
2024-07-28 19:30:40,146
------------------------------
open_orders
2024-07-28 19:30:40,146
Empty DataFrame
Columns: []
Index: []
2024-07-28 19:30:40,756
------------------------------
AUMS account:292

2024-07-28 19:30:40,758
--------------- compute_futures_order_book() ----------------
2024-07-28 19:30:42,218
----------------------------------------------------------------------
#0 order(s) to place
gross$: 0$ | net$: +0$
gross%: 0% | net%: +0%
 || w>0%  +0% | w<0%  0%
----------------------------------------------------------------------
PTF Expo% 33.5% >> 50.0% (current>>target)
PTF expo $98.0 >> $146 (current>>target)
----------------------------------------------------------------------
2024-07-28 19:30:42,220
orders_ofthe_day
2024-07-28 19:30:42,220
Empty DataFrame
Columns: [ptf_usd, target_usd, totrd_usd, posttrd_usd, qty, posttrd_qty, posttrd_w, bid, ask, strategy]
Index: []
2024-07-28 19:30:42,285
Orders of the day is empty, current and target potfolios are aligned
2024-07-28 19:30:42,285
Program stopped
