2023-08-09 21:30:38,116
ON program started 20230809 21:30:38,
US time: 20230809 17:30:38
2023-08-09 21:30:38,380
the strat is currently running @ 09-08-2023 and the target positions is LONG
2023-08-09 21:30:39,694
CURRENT STATUS IS LONG
-----
return before 14h30:
BTCUSDT-0.68%, ETHUSDT-0.30%, XRPUSDT+1.89%
-----
target alloc initial:BTCUSDT+16.67%, ETHUSDT+16.67%, XRPUSDT+16.67%
-----
alloc target x rt%<0:BTCUSDT+16.67%, ETHUSDT+16.67%, XRPUSDT+16.67%
-----
           BTCUSDT ETHUSDT XRPUSDT
w_target     16.7%   16.7%   16.7%
rt_14h30    -0.01%  -0.00%   0.02%
w_target_f   16.7%   16.7%   16.7%
2023-08-09 21:30:39,696
Portfolio was rebalanced less than 2 hours ago, 1.0 hours ago
2023-08-09 21:30:39,699
Status: prev = LONG <> LONG = target
2023-08-09 21:30:39,699
the strat is currently running @ 09-08-2023 and the target positions is LONG
the strat was previously run @ 2023-08-09 20:31:05 UTC, success:yes 
   and the current positions is LONG
2023-08-09 21:30:40,788
positions_future #3
2023-08-09 21:30:40,788
      symbol  positionAmt entryPrice  ...   updateTime  AUMs_account        w%
220  BTCUSDT        0.002    29552.1  ...  09Aug-18:32         290.9  0.202945
135  ETHUSDT        0.026    1852.56  ...  09Aug-18:32         290.9  0.165636
109  XRPUSDT       74.300     0.6541  ...  09Aug-18:32         290.9  0.164220

[3 rows x 9 columns]
2023-08-09 21:30:40,819
programm stoppeddd!!! 20230809_213040
