2024-03-31 18:31:09,863
ON program started 20240331 18:31:09,
US time: 20240331 14:31:09
2024-03-31 18:31:11,270
the strat is currently running @ 31-03-2024 and the target positions is LONG
2024-03-31 18:31:12,685
CURRENT STATUS IS LONG
-----
return before 14h30:
BTCUSDT+1.44%, ETHUSDT+3.36%, XRPUSDT+1.08%
-----
target alloc initial:BTCUSDT+16.67%, ETHUSDT+16.67%, XRPUSDT+16.67%
-----
alloc target x rt%<0:BTCUSDT+16.67%, ETHUSDT+16.67%, XRPUSDT+16.67%
-----
           BTCUSDT ETHUSDT XRPUSDT
w_target     16.7%   16.7%   16.7%
rt_14h30     0.01%   0.03%   0.01%
w_target_f   16.7%   16.7%   16.7%
2024-03-31 18:31:12,686
Portfolio was rebalanced less than 2 hours ago, 15.0 hours ago
2024-03-31 18:31:12,688
Status: prev = LONG <> NEUTRAL = target
2024-03-31 18:31:12,688
the strat is currently running @ 31-03-2024 and the target positions is LONG
the strat was previously run @ 2024-03-31 03:31:09, success:yes 
   and the current positions is NEUTRAL
2024-03-31 18:31:13,898
positions_future #0
2024-03-31 18:31:13,898
Empty DataFrame
Columns: [symbol, positionAmt, entryPrice, breakEvenPrice, markPrice, unRealizedProfit, value_usd, updateTime, isolated, adlQuantile, AUMs_account, w%]
Index: []
2024-03-31 18:31:14,122
------------------------------
binance_account_balance
2024-03-31 18:31:14,122
  asset     balance  ...  marginAvailable   updateTime
6  USDT  288.376296  ...             True  31Mar-02:34

[1 rows x 8 columns]
2024-03-31 18:31:14,359
------------------------------
open_orders
2024-03-31 18:31:14,359
Empty DataFrame
Columns: []
Index: []
2024-03-31 18:31:15,014
------------------------------
AUMS account:288

2024-03-31 18:31:15,016
--------------- compute_futures_order_book() ----------------
2024-03-31 18:31:16,577
----------------------------------------------------------------------
#2 order(s) to place
gross$: 95$ | net$: +95$
gross%: 33% | net%: +33%
 || w>0%  +33% | w<0%  0%
----------------------------------------------------------------------
PTF Expo% 0.0% >> 50.0% (current>>target)
PTF expo $0.0 >> $144 (current>>target)
----------------------------------------------------------------------
2024-03-31 18:31:16,579
orders_ofthe_day
2024-03-31 18:31:16,579
                  ptf_usd  target_usd  totrd_usd  ...        bid        ask strategy
2024-03-31 18:31                                  ...                               
XRPUSDT               0.0       48.07       48.0  ...     0.6263     0.6264  STRATON
ETHUSDT               0.0       48.07       47.0  ...  3630.8500  3630.8600  STRATON

[2 rows x 10 columns]
2024-03-31 18:31:18,265
binance_place_orders_peg 20240331_183118
2024-03-31 18:31:18,706
{'orderId': 53898123153, 'symbol': 'XRPUSDT', 'status': 'NEW', 'clientOrderId': 'STRATON', 'price': '0.6260', 'avgPrice': '0.00', 'origQty': '76.6', 'executedQty': '0.0', 'cumQty': '0.0', 'cumQuote': '0.00000', 'timeInForce': 'GTC', 'type': 'LIMIT', 'reduceOnly': False, 'closePosition': False, 'side': 'BUY', 'positionSide': 'BOTH', 'stopPrice': '0.0000', 'workingType': 'CONTRACT_PRICE', 'priceProtect': False, 'origType': 'LIMIT', 'priceMatch': 'NONE', 'selfTradePreventionMode': 'NONE', 'goodTillDate': 0, 'updateTime': 1711909878597}
2024-03-31 18:31:19,175
{'orderId': 8389765667607935725, 'symbol': 'ETHUSDT', 'status': 'NEW', 'clientOrderId': 'STRATON', 'price': '3629.03', 'avgPrice': '0.00', 'origQty': '0.013', 'executedQty': '0.000', 'cumQty': '0.000', 'cumQuote': '0.00000', 'timeInForce': 'GTC', 'type': 'LIMIT', 'reduceOnly': False, 'closePosition': False, 'side': 'BUY', 'positionSide': 'BOTH', 'stopPrice': '0.00', 'workingType': 'CONTRACT_PRICE', 'priceProtect': False, 'origType': 'LIMIT', 'priceMatch': 'NONE', 'selfTradePreventionMode': 'NONE', 'goodTillDate': 0, 'updateTime': 1711909879064}
2024-03-31 18:31:20,737
update 0: filled 0 / 2 () | working 2 / 2 (+XRPUSDT,+ETHUSDT)
2024-03-31 18:31:24,738
+XRPUSDT: bp5.0|+ETHUSDT: bp5.0|
2024-03-31 18:31:25,609
update 1: filled 0 / 2 () | working 2 / 2 (+XRPUSDT,+ETHUSDT)
2024-03-31 18:31:29,610
+XRPUSDT: bp5.0|+ETHUSDT: bp5.0|
2024-03-31 18:31:30,482
update 2: filled 0 / 2 () | working 2 / 2 (+XRPUSDT,+ETHUSDT)
2024-03-31 18:31:34,483
+XRPUSDT: bp5.0|+ETHUSDT: bp7.0|
2024-03-31 18:31:35,356
update 3: filled 0 / 2 () | working 2 / 2 (+XRPUSDT,+ETHUSDT)
2024-03-31 18:31:39,356
+XRPUSDT: bp5.0|+ETHUSDT: bp7.0|
2024-03-31 18:31:40,227
update 4: filled 0 / 2 () | working 2 / 2 (+XRPUSDT,+ETHUSDT)
2024-03-31 18:31:44,228
+XRPUSDT: bp5.0|+ETHUSDT: bp7.0|
2024-03-31 18:31:45,100
update 5: filled 0 / 2 () | working 2 / 2 (+XRPUSDT,+ETHUSDT)
2024-03-31 18:31:49,101
+XRPUSDT: bp6.0|+ETHUSDT: bp7.0|
2024-03-31 18:31:49,973
update 6: filled 0 / 2 () | working 2 / 2 (+XRPUSDT,+ETHUSDT)
2024-03-31 18:31:53,973
+XRPUSDT: bp5.0|+ETHUSDT: bp7.0|
2024-03-31 18:31:54,845
update 7: filled 0 / 2 () | working 2 / 2 (+XRPUSDT,+ETHUSDT)
2024-03-31 18:31:58,846
+XRPUSDT: bp5.0|+ETHUSDT: bp7.0|
2024-03-31 18:31:59,723
update 8: filled 0 / 2 () | working 2 / 2 (+XRPUSDT,+ETHUSDT)
2024-03-31 18:32:03,724
+XRPUSDT: bp5.0|+ETHUSDT: bp9.0|
2024-03-31 18:32:04,595
update 9: filled 0 / 2 () | working 2 / 2 (+XRPUSDT,+ETHUSDT)
2024-03-31 18:32:08,596
+XRPUSDT: bp5.0|+ETHUSDT: bp9.0|
2024-03-31 18:32:09,467
update 10: filled 0 / 2 () | working 2 / 2 (+XRPUSDT,+ETHUSDT)
2024-03-31 18:32:13,468
+XRPUSDT: bp5.0|+ETHUSDT: bp10.0|
2024-03-31 18:32:14,341
update 11: filled 0 / 2 () | working 2 / 2 (+XRPUSDT,+ETHUSDT)
2024-03-31 18:32:18,342
+XRPUSDT: bp5.0|+ETHUSDT: bp10.0|
2024-03-31 18:32:19,215
update 12: filled 0 / 2 () | working 2 / 2 (+XRPUSDT,+ETHUSDT)
2024-03-31 18:32:23,216
+XRPUSDT: bp5.0|+ETHUSDT: bp8.0|
2024-03-31 18:32:24,091
update 13: filled 0 / 2 () | working 2 / 2 (+XRPUSDT,+ETHUSDT)
2024-03-31 18:32:28,092
+XRPUSDT: bp5.0|+ETHUSDT: bp10.0|
2024-03-31 18:32:28,963
update 14: filled 0 / 2 () | working 2 / 2 (+XRPUSDT,+ETHUSDT)
2024-03-31 18:32:32,963
+XRPUSDT: bp5.0|+ETHUSDT: bp10.0|
2024-03-31 18:32:32,964
Adjustment limit #1 ... 
 we cancel current orders and replace
2024-03-31 18:32:32,964
@+/-2.5bp limit 
2024-03-31 18:32:32,964
binance_cancel_and_replace_orders_peg 20240331_183232
2024-03-31 18:32:35,147
binance_place_orders_peg 20240331_183235
2024-03-31 18:32:35,583
{'orderId': 53898149867, 'symbol': 'XRPUSDT', 'status': 'NEW', 'clientOrderId': 'STRATON', 'price': '0.6261', 'avgPrice': '0.00', 'origQty': '76.6', 'executedQty': '0.0', 'cumQty': '0.0', 'cumQuote': '0.00000', 'timeInForce': 'GTC', 'type': 'LIMIT', 'reduceOnly': False, 'closePosition': False, 'side': 'BUY', 'positionSide': 'BOTH', 'stopPrice': '0.0000', 'workingType': 'CONTRACT_PRICE', 'priceProtect': False, 'origType': 'LIMIT', 'priceMatch': 'NONE', 'selfTradePreventionMode': 'NONE', 'goodTillDate': 0, 'updateTime': 1711909955474}
2024-03-31 18:32:36,022
{'orderId': 8389765667608141346, 'symbol': 'ETHUSDT', 'status': 'NEW', 'clientOrderId': 'STRATON', 'price': '3631.20', 'avgPrice': '0.00', 'origQty': '0.013', 'executedQty': '0.000', 'cumQty': '0.000', 'cumQuote': '0.00000', 'timeInForce': 'GTC', 'type': 'LIMIT', 'reduceOnly': False, 'closePosition': False, 'side': 'BUY', 'positionSide': 'BOTH', 'stopPrice': '0.00', 'workingType': 'CONTRACT_PRICE', 'priceProtect': False, 'origType': 'LIMIT', 'priceMatch': 'NONE', 'selfTradePreventionMode': 'NONE', 'goodTillDate': 0, 'updateTime': 1711909955912}
2024-03-31 18:32:36,905
update 0: filled 0 / 2 () | working 2 / 2 (+XRPUSDT,+ETHUSDT)
2024-03-31 18:32:40,905
+XRPUSDT: bp5.0|+ETHUSDT: bp3.0|
2024-03-31 18:32:41,779
update 1: filled 0 / 2 () | working 2 / 2 (+XRPUSDT,+ETHUSDT)
2024-03-31 18:32:45,780
+XRPUSDT: bp5.0|+ETHUSDT: bp4.0|
2024-03-31 18:32:46,652
update 2: filled 0 / 2 () | working 2 / 2 (+XRPUSDT,+ETHUSDT)
2024-03-31 18:32:50,653
+XRPUSDT: bp5.0|+ETHUSDT: bp4.0|
2024-03-31 18:32:51,527
update 3: filled 0 / 2 () | working 2 / 2 (+XRPUSDT,+ETHUSDT)
2024-03-31 18:32:55,528
+XRPUSDT: bp3.0|+ETHUSDT: bp9.0|
2024-03-31 18:32:56,399
update 4: filled 0 / 2 () | working 2 / 2 (+XRPUSDT,+ETHUSDT)
2024-03-31 18:33:00,400
+XRPUSDT: bp5.0|+ETHUSDT: bp9.0|
2024-03-31 18:33:01,300
update 5: filled 0 / 2 () | working 2 / 2 (+XRPUSDT,+ETHUSDT)
2024-03-31 18:33:05,301
+XRPUSDT: bp5.0|+ETHUSDT: bp9.0|
2024-03-31 18:33:06,172
update 6: filled 0 / 2 () | working 2 / 2 (+XRPUSDT,+ETHUSDT)
2024-03-31 18:33:10,173
+XRPUSDT: bp5.0|+ETHUSDT: bp11.0|
2024-03-31 18:33:11,043
update 7: filled 0 / 2 () | working 2 / 2 (+XRPUSDT,+ETHUSDT)
2024-03-31 18:33:15,044
+XRPUSDT: bp3.0|+ETHUSDT: bp11.0|
2024-03-31 18:33:15,917
update 8: filled 0 / 2 () | working 2 / 2 (+XRPUSDT,+ETHUSDT)
2024-03-31 18:33:19,918
+XRPUSDT: bp5.0|+ETHUSDT: bp13.0|
2024-03-31 18:33:20,789
update 9: filled 0 / 2 () | working 2 / 2 (+XRPUSDT,+ETHUSDT)
2024-03-31 18:33:24,790
+XRPUSDT: bp6.0|+ETHUSDT: bp17.0|
2024-03-31 18:33:25,669
update 10: filled 0 / 2 () | working 2 / 2 (+XRPUSDT,+ETHUSDT)
2024-03-31 18:33:29,670
+XRPUSDT: bp5.0|+ETHUSDT: bp17.0|
2024-03-31 18:33:30,542
update 11: filled 0 / 2 () | working 2 / 2 (+XRPUSDT,+ETHUSDT)
2024-03-31 18:33:34,543
+XRPUSDT: bp6.0|+ETHUSDT: bp16.0|
2024-03-31 18:33:35,415
update 12: filled 0 / 2 () | working 2 / 2 (+XRPUSDT,+ETHUSDT)
2024-03-31 18:33:39,416
+XRPUSDT: bp6.0|+ETHUSDT: bp16.0|
2024-03-31 18:33:40,289
update 13: filled 0 / 2 () | working 2 / 2 (+XRPUSDT,+ETHUSDT)
2024-03-31 18:33:44,290
+XRPUSDT: bp5.0|+ETHUSDT: bp14.0|
2024-03-31 18:33:45,162
update 14: filled 0 / 2 () | working 2 / 2 (+XRPUSDT,+ETHUSDT)
2024-03-31 18:33:49,163
+XRPUSDT: bp6.0|+ETHUSDT: bp15.0|
2024-03-31 18:33:49,163
Adjustment limit #2 ... 
 we cancel current orders and replace
2024-03-31 18:33:49,163
@+/-1.25bp limit 
2024-03-31 18:33:49,163
binance_cancel_and_replace_orders_peg 20240331_183349
2024-03-31 18:33:51,370
binance_place_orders_peg 20240331_183351
2024-03-31 18:33:51,816
{'orderId': 53898186597, 'symbol': 'XRPUSDT', 'status': 'NEW', 'clientOrderId': 'STRATON', 'price': '0.6263', 'avgPrice': '0.00', 'origQty': '76.6', 'executedQty': '0.0', 'cumQty': '0.0', 'cumQuote': '0.00000', 'timeInForce': 'GTC', 'type': 'LIMIT', 'reduceOnly': False, 'closePosition': False, 'side': 'BUY', 'positionSide': 'BOTH', 'stopPrice': '0.0000', 'workingType': 'CONTRACT_PRICE', 'priceProtect': False, 'origType': 'LIMIT', 'priceMatch': 'NONE', 'selfTradePreventionMode': 'NONE', 'goodTillDate': 0, 'updateTime': 1711910031700}
2024-03-31 18:33:52,253
{'orderId': 8389765667608373459, 'symbol': 'ETHUSDT', 'status': 'NEW', 'clientOrderId': 'STRATON', 'price': '3634.63', 'avgPrice': '0.00', 'origQty': '0.013', 'executedQty': '0.000', 'cumQty': '0.000', 'cumQuote': '0.00000', 'timeInForce': 'GTC', 'type': 'LIMIT', 'reduceOnly': False, 'closePosition': False, 'side': 'BUY', 'positionSide': 'BOTH', 'stopPrice': '0.00', 'workingType': 'CONTRACT_PRICE', 'priceProtect': False, 'origType': 'LIMIT', 'priceMatch': 'NONE', 'selfTradePreventionMode': 'NONE', 'goodTillDate': 0, 'updateTime': 1711910032143}
2024-03-31 18:33:53,132
update 0: filled 0 / 2 () | working 2 / 2 (+XRPUSDT,+ETHUSDT)
2024-03-31 18:33:57,133
+XRPUSDT: bp3.0|+ETHUSDT: bp1.0|
2024-03-31 18:33:58,004
update 1: filled 0 / 2 () | working 2 / 2 (+XRPUSDT,+ETHUSDT)
2024-03-31 18:34:02,005
+XRPUSDT: bp2.0|+ETHUSDT: bp1.0|
2024-03-31 18:34:02,877
update 2: filled 0 / 2 () | working 2 / 2 (+XRPUSDT,+ETHUSDT)
2024-03-31 18:34:06,878
+XRPUSDT: bp3.0|+ETHUSDT: bp1.0|
2024-03-31 18:34:07,749
update 3: filled 0 / 2 () | working 2 / 2 (+XRPUSDT,+ETHUSDT)
2024-03-31 18:34:11,750
+XRPUSDT: bp2.0|+ETHUSDT: bp3.0|
2024-03-31 18:34:12,623
update 4: filled 1 / 2 (+ETHUSDT) | working 1 / 2 (+XRPUSDT)
2024-03-31 18:34:16,624
+XRPUSDT: bp2.0|
2024-03-31 18:34:17,496
update 5: filled 1 / 2 (+ETHUSDT) | working 1 / 2 (+XRPUSDT)
2024-03-31 18:34:21,497
+XRPUSDT: bp3.0|
2024-03-31 18:34:22,369
update 6: filled 1 / 2 (+ETHUSDT) | working 1 / 2 (+XRPUSDT)
2024-03-31 18:34:26,370
+XRPUSDT: bp2.0|
2024-03-31 18:34:27,242
update 7: filled 1 / 2 (+ETHUSDT) | working 1 / 2 (+XRPUSDT)
2024-03-31 18:34:31,243
+XRPUSDT: bp3.0|
2024-03-31 18:34:32,118
update 8: filled 1 / 2 (+ETHUSDT) | working 1 / 2 (+XRPUSDT)
2024-03-31 18:34:36,118
+XRPUSDT: bp3.0|
2024-03-31 18:34:36,989
update 9: filled 1 / 2 (+ETHUSDT) | working 1 / 2 (+XRPUSDT)
2024-03-31 18:34:40,989
+XRPUSDT: bp2.0|
2024-03-31 18:34:41,861
update 10: filled 1 / 2 (+ETHUSDT) | working 1 / 2 (+XRPUSDT)
2024-03-31 18:34:45,862
+XRPUSDT: bp2.0|
2024-03-31 18:34:46,734
update 11: filled 1 / 2 (+ETHUSDT) | working 1 / 2 (+XRPUSDT)
2024-03-31 18:34:50,736
+XRPUSDT: bp2.0|
2024-03-31 18:34:51,609
update 12: filled 1 / 2 (+ETHUSDT) | working 1 / 2 (+XRPUSDT)
2024-03-31 18:34:55,609
+XRPUSDT: bp3.0|
2024-03-31 18:34:56,480
update 13: filled 1 / 2 (+ETHUSDT) | working 1 / 2 (+XRPUSDT)
2024-03-31 18:35:00,481
+XRPUSDT: bp3.0|
2024-03-31 18:35:01,352
update 14: filled 1 / 2 (+ETHUSDT) | working 1 / 2 (+XRPUSDT)
2024-03-31 18:35:05,353
+XRPUSDT: bp3.0|
2024-03-31 18:35:05,353
Adjustment limit #3 ... 
 we cancel current orders and replace
2024-03-31 18:35:05,353
@+/-0.625bp limit 
2024-03-31 18:35:05,353
binance_cancel_and_replace_orders_peg 20240331_183505
2024-03-31 18:35:06,896
binance_place_orders_peg 20240331_183506
2024-03-31 18:35:07,338
{'orderId': 53898240047, 'symbol': 'XRPUSDT', 'status': 'NEW', 'clientOrderId': 'STRATON', 'price': '0.6264', 'avgPrice': '0.00', 'origQty': '76.6', 'executedQty': '0.0', 'cumQty': '0.0', 'cumQuote': '0.00000', 'timeInForce': 'GTC', 'type': 'LIMIT', 'reduceOnly': False, 'closePosition': False, 'side': 'BUY', 'positionSide': 'BOTH', 'stopPrice': '0.0000', 'workingType': 'CONTRACT_PRICE', 'priceProtect': False, 'origType': 'LIMIT', 'priceMatch': 'NONE', 'selfTradePreventionMode': 'NONE', 'goodTillDate': 0, 'updateTime': 1711910107228}
2024-03-31 18:35:08,220
update 0: filled 1 / 2 (+ETHUSDT) | working 1 / 2 (+XRPUSDT)
2024-03-31 18:35:12,221
+XRPUSDT: bp-0.0|
2024-03-31 18:35:13,093
update 1: filled 1 / 2 (+ETHUSDT) | working 1 / 2 (+XRPUSDT)
2024-03-31 18:35:17,094
+XRPUSDT: bp-0.0|
2024-03-31 18:35:17,966
update 2: filled 1 / 2 (+ETHUSDT) | working 1 / 2 (+XRPUSDT)
2024-03-31 18:35:21,967
+XRPUSDT: bp-0.0|
2024-03-31 18:35:22,839
update 3: filled 1 / 2 (+ETHUSDT) | working 1 / 2 (+XRPUSDT)
2024-03-31 18:35:26,839
+XRPUSDT: bp2.0|
2024-03-31 18:35:27,710
update 4: filled 1 / 2 (+ETHUSDT) | working 1 / 2 (+XRPUSDT)
2024-03-31 18:35:31,711
+XRPUSDT: bp2.0|
2024-03-31 18:35:32,585
update 5: filled 1 / 2 (+ETHUSDT) | working 1 / 2 (+XRPUSDT)
2024-03-31 18:35:36,586
+XRPUSDT: bp2.0|
2024-03-31 18:35:37,457
update 6: filled 1 / 2 (+ETHUSDT) | working 1 / 2 (+XRPUSDT)
2024-03-31 18:35:41,458
+XRPUSDT: bp2.0|
2024-03-31 18:35:42,330
update 7: filled 1 / 2 (+ETHUSDT) | working 1 / 2 (+XRPUSDT)
2024-03-31 18:35:46,330
+XRPUSDT: bp-0.0|
2024-03-31 18:35:47,202
update 8: filled 1 / 2 (+ETHUSDT) | working 1 / 2 (+XRPUSDT)
2024-03-31 18:35:51,203
+XRPUSDT: bp2.0|
2024-03-31 18:35:52,075
update 9: filled 1 / 2 (+ETHUSDT) | working 1 / 2 (+XRPUSDT)
2024-03-31 18:35:56,076
+XRPUSDT: bp2.0|
2024-03-31 18:35:56,951
update 10: filled 1 / 2 (+ETHUSDT) | working 1 / 2 (+XRPUSDT)
2024-03-31 18:36:00,952
+XRPUSDT: bp2.0|
2024-03-31 18:36:01,823
update 11: filled 1 / 2 (+ETHUSDT) | working 1 / 2 (+XRPUSDT)
2024-03-31 18:36:05,824
+XRPUSDT: bp2.0|
2024-03-31 18:36:06,694
update 12: filled 1 / 2 (+ETHUSDT) | working 1 / 2 (+XRPUSDT)
2024-03-31 18:36:10,695
+XRPUSDT: bp2.0|
2024-03-31 18:36:11,577
update 13: filled 1 / 2 (+ETHUSDT) | working 1 / 2 (+XRPUSDT)
2024-03-31 18:36:15,577
+XRPUSDT: bp-0.0|
2024-03-31 18:36:16,448
update 14: filled 1 / 2 (+ETHUSDT) | working 1 / 2 (+XRPUSDT)
2024-03-31 18:36:20,449
+XRPUSDT: bp-0.0|
2024-03-31 18:36:20,449
Adjustment limit #4 ... 
 we cancel current orders and replace
2024-03-31 18:36:20,449
@+/-0.3125bp limit 
2024-03-31 18:36:20,450
binance_cancel_and_replace_orders_peg 20240331_183620
2024-03-31 18:36:21,981
binance_place_orders_peg 20240331_183621
2024-03-31 18:36:22,426
{'orderId': 53898293607, 'symbol': 'XRPUSDT', 'status': 'NEW', 'clientOrderId': 'STRATON', 'price': '0.6264', 'avgPrice': '0.00', 'origQty': '76.6', 'executedQty': '0.0', 'cumQty': '0.0', 'cumQuote': '0.00000', 'timeInForce': 'GTC', 'type': 'LIMIT', 'reduceOnly': False, 'closePosition': False, 'side': 'BUY', 'positionSide': 'BOTH', 'stopPrice': '0.0000', 'workingType': 'CONTRACT_PRICE', 'priceProtect': False, 'origType': 'LIMIT', 'priceMatch': 'NONE', 'selfTradePreventionMode': 'NONE', 'goodTillDate': 0, 'updateTime': 1711910182315}
2024-03-31 18:36:23,305
update 0: filled 1 / 2 (+ETHUSDT) | working 1 / 2 (+XRPUSDT)
2024-03-31 18:36:27,306
+XRPUSDT: bp-0.0|
2024-03-31 18:36:28,181
update 1: filled 1 / 2 (+ETHUSDT) | working 1 / 2 (+XRPUSDT)
2024-03-31 18:36:32,184
+XRPUSDT: bp2.0|
2024-03-31 18:36:33,062
update 2: filled 1 / 2 (+ETHUSDT) | working 1 / 2 (+XRPUSDT)
2024-03-31 18:36:37,063
+XRPUSDT: bp2.0|
2024-03-31 18:36:37,933
update 3: filled 1 / 2 (+ETHUSDT) | working 1 / 2 (+XRPUSDT)
2024-03-31 18:36:41,934
+XRPUSDT: bp2.0|
2024-03-31 18:36:42,805
update 4: filled 1 / 2 (+ETHUSDT) | working 1 / 2 (+XRPUSDT)
2024-03-31 18:36:46,806
+XRPUSDT: bp-0.0|
2024-03-31 18:36:47,680
update 5: filled 1 / 2 (+ETHUSDT) | working 1 / 2 (+XRPUSDT)
2024-03-31 18:36:51,681
+XRPUSDT: bp-0.0|
2024-03-31 18:36:52,554
update 6: filled 1 / 2 (+ETHUSDT) | working 1 / 2 (+XRPUSDT)
2024-03-31 18:36:56,555
+XRPUSDT: bp2.0|
2024-03-31 18:36:57,428
update 7: filled 1 / 2 (+ETHUSDT) | working 1 / 2 (+XRPUSDT)
2024-03-31 18:37:01,428
+XRPUSDT: bp2.0|
2024-03-31 18:37:02,300
update 8: filled 1 / 2 (+ETHUSDT) | working 1 / 2 (+XRPUSDT)
2024-03-31 18:37:06,301
+XRPUSDT: bp2.0|
2024-03-31 18:37:07,173
update 9: filled 1 / 2 (+ETHUSDT) | working 1 / 2 (+XRPUSDT)
2024-03-31 18:37:11,173
+XRPUSDT: bp-0.0|
2024-03-31 18:37:12,049
update 10: filled 1 / 2 (+ETHUSDT) | working 1 / 2 (+XRPUSDT)
2024-03-31 18:37:16,049
+XRPUSDT: bp-0.0|
2024-03-31 18:37:16,924
update 11: filled 1 / 2 (+ETHUSDT) | working 1 / 2 (+XRPUSDT)
2024-03-31 18:37:20,925
+XRPUSDT: bp-0.0|
2024-03-31 18:37:21,797
update 12: filled 1 / 2 (+ETHUSDT) | working 1 / 2 (+XRPUSDT)
2024-03-31 18:37:25,797
+XRPUSDT: bp-0.0|
2024-03-31 18:37:26,671
update 13: filled 1 / 2 (+ETHUSDT) | working 1 / 2 (+XRPUSDT)
2024-03-31 18:37:30,671
+XRPUSDT: bp-0.0|
2024-03-31 18:37:31,542
update 14: filled 1 / 2 (+ETHUSDT) | working 1 / 2 (+XRPUSDT)
2024-03-31 18:37:35,542
+XRPUSDT: bp-0.0|
2024-03-31 18:37:35,543
Adjustment limit #5 ... 
 we cancel current orders and replace
2024-03-31 18:37:35,543
@+/-0.15625bp limit 
2024-03-31 18:37:35,543
binance_cancel_and_replace_orders_peg 20240331_183735
2024-03-31 18:37:37,079
binance_place_orders_peg 20240331_183737
2024-03-31 18:37:37,523
{'orderId': 53898335669, 'symbol': 'XRPUSDT', 'status': 'NEW', 'clientOrderId': 'STRATON', 'price': '0.6264', 'avgPrice': '0.00', 'origQty': '76.6', 'executedQty': '0.0', 'cumQty': '0.0', 'cumQuote': '0.00000', 'timeInForce': 'GTC', 'type': 'LIMIT', 'reduceOnly': False, 'closePosition': False, 'side': 'BUY', 'positionSide': 'BOTH', 'stopPrice': '0.0000', 'workingType': 'CONTRACT_PRICE', 'priceProtect': False, 'origType': 'LIMIT', 'priceMatch': 'NONE', 'selfTradePreventionMode': 'NONE', 'goodTillDate': 0, 'updateTime': 1711910257406}
2024-03-31 18:37:38,405
update 0: filled 1 / 2 (+ETHUSDT) | working 1 / 2 (+XRPUSDT)
2024-03-31 18:37:42,406
+XRPUSDT: bp2.0|
2024-03-31 18:37:43,278
update 1: filled 1 / 2 (+ETHUSDT) | working 1 / 2 (+XRPUSDT)
2024-03-31 18:37:47,279
+XRPUSDT: bp2.0|
2024-03-31 18:37:48,153
update 2: filled 1 / 2 (+ETHUSDT) | working 1 / 2 (+XRPUSDT)
2024-03-31 18:37:52,154
+XRPUSDT: bp-0.0|
2024-03-31 18:37:53,025
update 3: filled 1 / 2 (+ETHUSDT) | working 1 / 2 (+XRPUSDT)
2024-03-31 18:37:57,026
+XRPUSDT: bp2.0|
2024-03-31 18:37:57,898
update 4: filled 1 / 2 (+ETHUSDT) | working 1 / 2 (+XRPUSDT)
2024-03-31 18:38:01,899
+XRPUSDT: bp2.0|
2024-03-31 18:38:02,772
update 5: filled 1 / 2 (+ETHUSDT) | working 1 / 2 (+XRPUSDT)
2024-03-31 18:38:06,773
+XRPUSDT: bp2.0|
2024-03-31 18:38:07,648
update 6: filled 1 / 2 (+ETHUSDT) | working 1 / 2 (+XRPUSDT)
2024-03-31 18:38:11,649
+XRPUSDT: bp2.0|
2024-03-31 18:38:12,523
update 7: filled 1 / 2 (+ETHUSDT) | working 1 / 2 (+XRPUSDT)
2024-03-31 18:38:16,523
+XRPUSDT: bp5.0|
2024-03-31 18:38:17,396
update 8: filled 1 / 2 (+ETHUSDT) | working 1 / 2 (+XRPUSDT)
2024-03-31 18:38:21,397
+XRPUSDT: bp6.0|
2024-03-31 18:38:22,269
update 9: filled 1 / 2 (+ETHUSDT) | working 1 / 2 (+XRPUSDT)
2024-03-31 18:38:26,270
+XRPUSDT: bp10.0|
2024-03-31 18:38:27,141
update 10: filled 1 / 2 (+ETHUSDT) | working 1 / 2 (+XRPUSDT)
2024-03-31 18:38:31,141
+XRPUSDT: bp8.0|
2024-03-31 18:38:32,013
update 11: filled 1 / 2 (+ETHUSDT) | working 1 / 2 (+XRPUSDT)
2024-03-31 18:38:36,014
+XRPUSDT: bp10.0|
2024-03-31 18:38:36,892
update 12: filled 1 / 2 (+ETHUSDT) | working 1 / 2 (+XRPUSDT)
2024-03-31 18:38:40,893
+XRPUSDT: bp10.0|
2024-03-31 18:38:41,767
update 13: filled 1 / 2 (+ETHUSDT) | working 1 / 2 (+XRPUSDT)
2024-03-31 18:38:45,768
+XRPUSDT: bp10.0|
2024-03-31 18:38:46,647
update 14: filled 1 / 2 (+ETHUSDT) | working 1 / 2 (+XRPUSDT)
2024-03-31 18:38:50,648
+XRPUSDT: bp16.0|
2024-03-31 18:38:50,648
Adjustment limit #6 ... 
 we cancel current orders and replace
2024-03-31 18:38:50,648
@+/-0.078125bp limit 
2024-03-31 18:38:50,648
binance_cancel_and_replace_orders_peg 20240331_183850
2024-03-31 18:38:52,183
binance_place_orders_peg 20240331_183852
2024-03-31 18:38:52,621
{'orderId': 53898412126, 'symbol': 'XRPUSDT', 'status': 'NEW', 'clientOrderId': 'STRATON', 'price': '0.6274', 'avgPrice': '0.00', 'origQty': '76.6', 'executedQty': '0.0', 'cumQty': '0.0', 'cumQuote': '0.00000', 'timeInForce': 'GTC', 'type': 'LIMIT', 'reduceOnly': False, 'closePosition': False, 'side': 'BUY', 'positionSide': 'BOTH', 'stopPrice': '0.0000', 'workingType': 'CONTRACT_PRICE', 'priceProtect': False, 'origType': 'LIMIT', 'priceMatch': 'NONE', 'selfTradePreventionMode': 'NONE', 'goodTillDate': 0, 'updateTime': 1711910332511}
2024-03-31 18:38:53,504
update 0: filled 1 / 2 (+ETHUSDT) | working 1 / 2 (+XRPUSDT)
2024-03-31 18:38:57,505
+XRPUSDT: bp-0.0|
2024-03-31 18:38:58,379
update 1: filled 1 / 2 (+ETHUSDT) | working 1 / 2 (+XRPUSDT)
2024-03-31 18:39:02,380
+XRPUSDT: bp3.0|
2024-03-31 18:39:03,251
update 2: filled 1 / 2 (+ETHUSDT) | working 1 / 2 (+XRPUSDT)
2024-03-31 18:39:07,252
+XRPUSDT: bp6.0|
2024-03-31 18:39:08,129
update 3: filled 1 / 2 (+ETHUSDT) | working 1 / 2 (+XRPUSDT)
2024-03-31 18:39:12,130
+XRPUSDT: bp6.0|
2024-03-31 18:39:13,002
update 4: filled 1 / 2 (+ETHUSDT) | working 1 / 2 (+XRPUSDT)
2024-03-31 18:39:17,003
+XRPUSDT: bp10.0|
2024-03-31 18:39:17,874
update 5: filled 1 / 2 (+ETHUSDT) | working 1 / 2 (+XRPUSDT)
2024-03-31 18:39:21,875
+XRPUSDT: bp13.0|
2024-03-31 18:39:22,747
update 6: filled 1 / 2 (+ETHUSDT) | working 1 / 2 (+XRPUSDT)
2024-03-31 18:39:26,747
+XRPUSDT: bp13.0|
2024-03-31 18:39:27,618
update 7: filled 1 / 2 (+ETHUSDT) | working 1 / 2 (+XRPUSDT)
2024-03-31 18:39:31,619
+XRPUSDT: bp10.0|
2024-03-31 18:39:32,492
update 8: filled 1 / 2 (+ETHUSDT) | working 1 / 2 (+XRPUSDT)
2024-03-31 18:39:36,492
+XRPUSDT: bp11.0|
2024-03-31 18:39:37,365
update 9: filled 1 / 2 (+ETHUSDT) | working 1 / 2 (+XRPUSDT)
2024-03-31 18:39:41,366
+XRPUSDT: bp10.0|
2024-03-31 18:39:42,238
update 10: filled 1 / 2 (+ETHUSDT) | working 1 / 2 (+XRPUSDT)
2024-03-31 18:39:46,238
+XRPUSDT: bp11.0|
2024-03-31 18:39:47,111
update 11: filled 1 / 2 (+ETHUSDT) | working 1 / 2 (+XRPUSDT)
2024-03-31 18:39:51,112
+XRPUSDT: bp10.0|
2024-03-31 18:39:51,982
update 12: filled 1 / 2 (+ETHUSDT) | working 1 / 2 (+XRPUSDT)
2024-03-31 18:39:55,983
+XRPUSDT: bp10.0|
2024-03-31 18:39:56,858
update 13: filled 1 / 2 (+ETHUSDT) | working 1 / 2 (+XRPUSDT)
2024-03-31 18:40:00,859
+XRPUSDT: bp11.0|
2024-03-31 18:40:01,736
update 14: filled 1 / 2 (+ETHUSDT) | working 1 / 2 (+XRPUSDT)
2024-03-31 18:40:05,737
+XRPUSDT: bp13.0|
2024-03-31 18:40:05,737
Adjustment limit #7 ... 
 we cancel current orders and replace
2024-03-31 18:40:05,737
@+/-0.0390625bp limit 
2024-03-31 18:40:05,737
binance_cancel_and_replace_orders_peg 20240331_184005
2024-03-31 18:40:07,273
binance_place_orders_peg 20240331_184007
2024-03-31 18:40:08,152
update 0: filled 1 / 1 (+ETHUSDT) | working 0 / 1 ()
2024-03-31 18:40:12,153

2024-03-31 18:40:13,027
update 1: filled 1 / 1 (+ETHUSDT) | working 0 / 1 ()
2024-03-31 18:40:17,028

2024-03-31 18:40:17,901
update 2: filled 1 / 1 (+ETHUSDT) | working 0 / 1 ()
2024-03-31 18:40:21,902

2024-03-31 18:40:22,777
update 3: filled 1 / 1 (+ETHUSDT) | working 0 / 1 ()
2024-03-31 18:40:26,778

2024-03-31 18:40:27,649
update 4: filled 1 / 1 (+ETHUSDT) | working 0 / 1 ()
2024-03-31 18:40:31,650

2024-03-31 18:40:32,523
update 5: filled 1 / 1 (+ETHUSDT) | working 0 / 1 ()
2024-03-31 18:40:36,524

2024-03-31 18:40:37,394
update 6: filled 1 / 1 (+ETHUSDT) | working 0 / 1 ()
2024-03-31 18:40:41,395

2024-03-31 18:40:42,269
update 7: filled 1 / 1 (+ETHUSDT) | working 0 / 1 ()
2024-03-31 18:40:46,270

2024-03-31 18:40:47,143
update 8: filled 1 / 1 (+ETHUSDT) | working 0 / 1 ()
2024-03-31 18:40:51,143

2024-03-31 18:40:52,015
update 9: filled 1 / 1 (+ETHUSDT) | working 0 / 1 ()
2024-03-31 18:40:56,016

2024-03-31 18:40:56,888
update 10: filled 1 / 1 (+ETHUSDT) | working 0 / 1 ()
2024-03-31 18:41:00,888

2024-03-31 18:41:01,758
update 11: filled 1 / 1 (+ETHUSDT) | working 0 / 1 ()
2024-03-31 18:41:05,759

2024-03-31 18:41:06,637
update 12: filled 1 / 1 (+ETHUSDT) | working 0 / 1 ()
2024-03-31 18:41:10,638

2024-03-31 18:41:11,516
update 13: filled 1 / 1 (+ETHUSDT) | working 0 / 1 ()
2024-03-31 18:41:15,517

2024-03-31 18:41:16,388
update 14: filled 1 / 1 (+ETHUSDT) | working 0 / 1 ()
2024-03-31 18:41:20,389

2024-03-31 18:41:20,389
Adjustment limit #8 ... 
 we cancel current orders and replace
2024-03-31 18:41:20,389
@+/-0.01953125bp limit 
2024-03-31 18:41:20,389
binance_cancel_and_replace_orders_peg 20240331_184120
2024-03-31 18:41:21,926
binance_place_orders_peg 20240331_184121
2024-03-31 18:41:22,366
{'orderId': 53898581352, 'symbol': 'XRPUSDT', 'status': 'NEW', 'clientOrderId': 'STRATON', 'price': '0.6288', 'avgPrice': '0.00', 'origQty': '76.6', 'executedQty': '0.0', 'cumQty': '0.0', 'cumQuote': '0.00000', 'timeInForce': 'GTC', 'type': 'LIMIT', 'reduceOnly': False, 'closePosition': False, 'side': 'BUY', 'positionSide': 'BOTH', 'stopPrice': '0.0000', 'workingType': 'CONTRACT_PRICE', 'priceProtect': False, 'origType': 'LIMIT', 'priceMatch': 'NONE', 'selfTradePreventionMode': 'NONE', 'goodTillDate': 0, 'updateTime': 1711910482253}
2024-03-31 18:41:23,245
update 0: filled 2 / 2 (+ETHUSDT,+XRPUSDT) | working 0 / 2 ()
2024-03-31 18:41:29,674
Trades of the day
in$
as of: 31Mar 18:34>>18:41 (#trades: 2)
trade net: +95.0 (+32.9%), trade gross: +95.0 (+32.9%), BUY: +95.0 (+32.9%), SELL: +0.0 (+0.0%)
fees: $ 0.019 (2.0bp)
2024-03-31 18:41:30,124
Trades: 
Filled #2
______________________________________________
                   in$ | in bp 95 traded | in bp 288 AUMs
realizedPnl    +0      | +0      | +0     
PnLvsArrival   -0.24   | -25     | -8     
PnLvsLast      +0.22   | +23     | +8     
______________________________________________
                 | Value$ | PnL Arrival/Last 
______________________________________________
ETH:+0.013@3634.63 | +47$ | -0.05/0.22
XRP:+76.6@0.6288 | +48$ | -0.19/-0
