2023-11-25 21:30:41,518
ON program started 20231125 21:30:41,
US time: 20231125 16:30:41
2023-11-25 21:30:41,994
the strat is currently running @ 25-11-2023 and the target positions is LONG
2023-11-25 21:30:43,403
CURRENT STATUS IS LONG
-----
return before 14h30:
BTCUSDT+0.10%, ETHUSDT-0.19%, XRPUSDT+0.03%
-----
target alloc initial:BTCUSDT+16.67%, ETHUSDT+16.67%, XRPUSDT+16.67%
-----
alloc target x rt%<0:BTCUSDT+16.67%, ETHUSDT+16.67%, XRPUSDT+16.67%
-----
           BTCUSDT ETHUSDT XRPUSDT
w_target     16.7%   16.7%   16.7%
rt_14h30     0.00%  -0.00%   0.00%
w_target_f   16.7%   16.7%   16.7%
2023-11-25 21:30:43,405
Portfolio was rebalanced less than 2 hours ago, 1.0 hours ago
2023-11-25 21:30:43,408
Status: prev = LONG <> LONG = target
2023-11-25 21:30:43,408
the strat is currently running @ 25-11-2023 and the target positions is LONG
the strat was previously run @ 2023-11-25 20:30:52 UTC, success:yes 
   and the current positions is LONG
2023-11-25 21:30:44,638
positions_future #2
2023-11-25 21:30:44,638
      symbol  positionAmt entryPrice  ... adlQuantile AUMs_account        w%
156  ETHUSDT        0.023    2081.86  ...           2        287.4  0.166800
124  XRPUSDT       77.200     0.6205  ...           1        287.4  0.166633

[2 rows x 12 columns]
2023-11-25 21:30:44,728
programm stoppeddd!!! 20231125_213044
