2024-02-04 04:30:44,283
ON program started 20240204 04:30:44,
US time: 20240203 23:30:44
2024-02-04 04:30:44,824
the strat is currently running @ 04-02-2024 and the target positions is NEUTRAL
2024-02-04 04:30:46,218
CURRENT STATUS IS NEUTRAL
-----
return before 14h30:
BTCUSDT+0.00%, ETHUSDT+0.00%, XRPUSDT+0.00%
-----
target alloc initial:BTCUSDT+0.00%, ETHUSDT+0.00%, XRPUSDT+0.00%
-----
alloc target x rt%<0:BTCUSDT+0.00%, ETHUSDT+0.00%, XRPUSDT+0.00%
-----
           BTCUSDT ETHUSDT XRPUSDT
w_target      0.0%    0.0%    0.0%
rt_14h30     0.00%   0.00%   0.00%
w_target_f    0.0%    0.0%    0.0%
2024-02-04 04:30:46,220
Portfolio was rebalanced less than 2 hours ago, 1.0 hours ago
2024-02-04 04:30:46,223
Status: prev = NEUTRAL <> NEUTRAL = target
2024-02-04 04:30:46,223
the strat is currently running @ 04-02-2024 and the target positions is NEUTRAL
the strat was previously run @ 2024-02-04 03:30:47 UTC, success:yes 
   and the current positions is NEUTRAL
2024-02-04 04:30:47,460
positions_future #0
2024-02-04 04:30:47,461
Empty DataFrame
Columns: [symbol, positionAmt, entryPrice, breakEvenPrice, markPrice, unRealizedProfit, value_usd, updateTime, isolated, adlQuantile, AUMs_account, w%]
Index: []
2024-02-04 04:30:47,545
programm stoppeddd!!! 20240204_043047
