2024-05-29 03:30:54,953
ON program started 20240529 03:30:54,
US time: 20240528 23:30:54
2024-05-29 03:30:55,949
the strat is currently running @ 29-05-2024 and the target positions is NEUTRAL
2024-05-29 03:30:57,342
CURRENT STATUS IS NEUTRAL
-----
return before 14h30:
BTCUSDT+0.53%, ETHUSDT+0.13%, XRPUSDT-0.06%
-----
target alloc initial:BTCUSDT+0.00%, ETHUSDT+0.00%, XRPUSDT+0.00%
-----
alloc target x rt%<0:BTCUSDT+0.00%, ETHUSDT+0.00%, XRPUSDT+0.00%
-----
           BTCUSDT ETHUSDT XRPUSDT
w_target      0.0%    0.0%    0.0%
rt_14h30     0.01%   0.00%  -0.00%
w_target_f    0.0%    0.0%    0.0%
2024-05-29 03:30:57,343
Portfolio was rebalanced less than 2 hours ago, 1.0 hours ago
2024-05-29 03:30:57,344
Status: prev = NEUTRAL <> NEUTRAL = target
2024-05-29 03:30:57,345
the strat is currently running @ 29-05-2024 and the target positions is NEUTRAL
the strat was previously run @ 2024-05-29 02:31:09, success:? 
   and the current positions is NEUTRAL
2024-05-29 03:30:58,531
positions_future #0
2024-05-29 03:30:58,532
Empty DataFrame
Columns: [symbol, positionAmt, entryPrice, breakEvenPrice, markPrice, unRealizedProfit, value_usd, updateTime, isolated, adlQuantile, AUMs_account, w%]
Index: []
2024-05-29 03:30:58,753
------------------------------
binance_account_balance
2024-05-29 03:30:58,753
  asset     balance  ...  marginAvailable   updateTime
6  USDT  289.483544  ...             True  29May-02:33

[1 rows x 8 columns]
2024-05-29 03:30:58,985
------------------------------
open_orders
2024-05-29 03:30:58,986
Empty DataFrame
Columns: []
Index: []
2024-05-29 03:30:59,636
------------------------------
AUMS account:289

2024-05-29 03:30:59,638
--------------- compute_futures_order_book() ----------------
2024-05-29 03:31:01,176
----------------------------------------------------------------------
#0 order(s) to place
gross$: 0$ | net$: +0$
gross%: 0% | net%: +0%
 || w>0%  +0% | w<0%  0%
----------------------------------------------------------------------
PTF Expo% 0.0% >> 0.0% (current>>target)
PTF expo $0.0 >> $0 (current>>target)
----------------------------------------------------------------------
2024-05-29 03:31:01,178
orders_ofthe_day
2024-05-29 03:31:01,178
Empty DataFrame
Columns: [ptf_usd, target_usd, totrd_usd, posttrd_usd, qty, posttrd_qty, posttrd_w, bid, ask, strategy]
Index: []
2024-05-29 03:31:01,241
Orders of the day is empty, current and target potfolios are aligned
2024-05-29 03:31:01,241
Program stopped
