2024-07-22 01:30:47,394
ON program started 20240722 01:30:47,
US time: 20240721 21:30:47
2024-07-22 01:30:48,531
the strat is currently running @ 22-07-2024 and the target positions is SHORT
2024-07-22 01:30:49,857
CURRENT STATUS IS SHORT, WE CHECK IF THE DAY IS A NEGATIVE ONE
-----
return before 14h30:
BTCUSDT-0.31%, ETHUSDT-0.03%, XRPUSDT-0.97%
-----
target alloc initial:BTCUSDT-4.17%, ETHUSDT+0.00%, XRPUSDT-4.17%
-----
alloc target x rt%<0:BTCUSDT-4.17%, ETHUSDT+0.00%, XRPUSDT-4.17%
-----
           BTCUSDT ETHUSDT XRPUSDT
w_target     -4.2%    0.0%   -4.2%
rt_14h30    -0.00%  -0.00%  -0.01%
w_target_f   -4.2%    0.0%   -4.2%
2024-07-22 01:30:49,858
Portfolio was rebalanced less than 2 hours ago, 1.0 hours ago
2024-07-22 01:30:49,859
Status: prev = SHORT <> SHORT = target
2024-07-22 01:30:49,860
the strat is currently running @ 22-07-2024 and the target positions is SHORT
the strat was previously run @ 2024-07-22 00:30:55, success:yes 
   and the current positions is SHORT
2024-07-22 01:30:50,993
positions_future #1
2024-07-22 01:30:50,993
      symbol  positionAmt entryPrice  ... adlQuantile AUMs_account        w%
131  XRPUSDT        -19.8        0.6  ...           3        294.9 -0.039794

[1 rows x 12 columns]
2024-07-22 01:30:51,073
programm stoppeddd!!! 20240722_013051
