2024-06-04 18:31:06,240
ON program started 20240604 18:31:06,
US time: 20240604 14:31:06
2024-06-04 18:31:07,336
the strat is currently running @ 04-06-2024 and the target positions is LONG
2024-06-04 18:31:08,661
CURRENT STATUS IS LONG
-----
return before 14h30:
BTCUSDT+1.04%, ETHUSDT+0.24%, XRPUSDT+1.42%
-----
target alloc initial:BTCUSDT+16.67%, ETHUSDT+16.67%, XRPUSDT+16.67%
-----
alloc target x rt%<0:BTCUSDT+16.67%, ETHUSDT+16.67%, XRPUSDT+16.67%
-----
           BTCUSDT ETHUSDT XRPUSDT
w_target     16.7%   16.7%   16.7%
rt_14h30     0.01%   0.00%   0.01%
w_target_f   16.7%   16.7%   16.7%
2024-06-04 18:31:08,662
Portfolio was rebalanced less than 2 hours ago, 15.0 hours ago
2024-06-04 18:31:08,664
Status: prev = LONG <> NEUTRAL = target
2024-06-04 18:31:08,664
the strat is currently running @ 04-06-2024 and the target positions is LONG
the strat was previously run @ 2024-06-04 03:30:55, success:yes 
   and the current positions is NEUTRAL
2024-06-04 18:31:09,803
positions_future #0
2024-06-04 18:31:09,803
Empty DataFrame
Columns: [symbol, positionAmt, entryPrice, breakEvenPrice, markPrice, unRealizedProfit, value_usd, updateTime, isolated, adlQuantile, AUMs_account, w%]
Index: []
2024-06-04 18:31:10,012
------------------------------
binance_account_balance
2024-06-04 18:31:10,012
  asset     balance  ...  marginAvailable   updateTime
6  USDT  289.533497  ...             True  03Jun-22:31

[1 rows x 8 columns]
2024-06-04 18:31:10,230
------------------------------
open_orders
2024-06-04 18:31:10,231
Empty DataFrame
Columns: []
Index: []
2024-06-04 18:31:10,844
------------------------------
AUMS account:289

2024-06-04 18:31:10,846
--------------- compute_futures_order_book() ----------------
2024-06-04 18:31:12,306
----------------------------------------------------------------------
#2 order(s) to place
gross$: 98$ | net$: +98$
gross%: 34% | net%: +34%
 || w>0%  +34% | w<0%  0%
----------------------------------------------------------------------
PTF Expo% 0.0% >> 50.0% (current>>target)
PTF expo $0.0 >> $144 (current>>target)
----------------------------------------------------------------------
2024-06-04 18:31:12,308
orders_ofthe_day
2024-06-04 18:31:12,308
                  ptf_usd  target_usd  totrd_usd  ...        bid        ask strategy
2024-06-04 18:31                                  ...                               
ETHUSDT               0.0       48.27       50.0  ...  3825.0800  3825.0900  STRATON
XRPUSDT               0.0       48.27       48.0  ...     0.5265     0.5266  STRATON

[2 rows x 10 columns]
2024-06-04 18:31:14,163
binance_place_orders_peg 20240604_183114
2024-06-04 18:31:14,574
{'orderId': 8389765688110413200, 'symbol': 'ETHUSDT', 'status': 'NEW', 'clientOrderId': 'STRATON', 'price': '3823.17', 'avgPrice': '0.00', 'origQty': '0.013', 'executedQty': '0.000', 'cumQty': '0.000', 'cumQuote': '0.00000', 'timeInForce': 'GTC', 'type': 'LIMIT', 'reduceOnly': False, 'closePosition': False, 'side': 'BUY', 'positionSide': 'BOTH', 'stopPrice': '0.00', 'workingType': 'CONTRACT_PRICE', 'priceProtect': False, 'origType': 'LIMIT', 'priceMatch': 'NONE', 'selfTradePreventionMode': 'NONE', 'goodTillDate': 0, 'updateTime': 1717525874471}
2024-06-04 18:31:14,981
{'orderId': 57856962055, 'symbol': 'XRPUSDT', 'status': 'NEW', 'clientOrderId': 'STRATON', 'price': '0.5262', 'avgPrice': '0.00', 'origQty': '91.2', 'executedQty': '0.0', 'cumQty': '0.0', 'cumQuote': '0.00000', 'timeInForce': 'GTC', 'type': 'LIMIT', 'reduceOnly': False, 'closePosition': False, 'side': 'BUY', 'positionSide': 'BOTH', 'stopPrice': '0.0000', 'workingType': 'CONTRACT_PRICE', 'priceProtect': False, 'origType': 'LIMIT', 'priceMatch': 'NONE', 'selfTradePreventionMode': 'NONE', 'goodTillDate': 0, 'updateTime': 1717525874879}
2024-06-04 18:31:16,489
update 0: filled 0 / 2 () | working 2 / 2 (+ETHUSDT,+XRPUSDT)
2024-06-04 18:31:20,490
+ETHUSDT: bp5.0|+XRPUSDT: bp6.0|
2024-06-04 18:31:21,311
update 1: filled 0 / 2 () | working 2 / 2 (+ETHUSDT,+XRPUSDT)
2024-06-04 18:31:25,311
+ETHUSDT: bp5.0|+XRPUSDT: bp6.0|
2024-06-04 18:31:26,134
update 2: filled 0 / 2 () | working 2 / 2 (+ETHUSDT,+XRPUSDT)
2024-06-04 18:31:30,134
+ETHUSDT: bp4.0|+XRPUSDT: bp8.0|
2024-06-04 18:31:30,954
update 3: filled 0 / 2 () | working 2 / 2 (+ETHUSDT,+XRPUSDT)
2024-06-04 18:31:34,955
+ETHUSDT: bp4.0|+XRPUSDT: bp8.0|
2024-06-04 18:31:35,777
update 4: filled 0 / 2 () | working 2 / 2 (+ETHUSDT,+XRPUSDT)
2024-06-04 18:31:39,778
+ETHUSDT: bp3.0|+XRPUSDT: bp6.0|
2024-06-04 18:31:40,599
update 5: filled 0 / 2 () | working 2 / 2 (+ETHUSDT,+XRPUSDT)
2024-06-04 18:31:44,600
+ETHUSDT: bp3.0|+XRPUSDT: bp2.0|
2024-06-04 18:31:45,427
update 6: filled 0 / 2 () | working 2 / 2 (+ETHUSDT,+XRPUSDT)
2024-06-04 18:31:49,427
+ETHUSDT: bp6.0|+XRPUSDT: bp2.0|
2024-06-04 18:31:50,247
update 7: filled 0 / 2 () | working 2 / 2 (+ETHUSDT,+XRPUSDT)
2024-06-04 18:31:54,248
+ETHUSDT: bp5.0|+XRPUSDT: bp2.0|
2024-06-04 18:31:55,069
update 8: filled 0 / 2 () | working 2 / 2 (+ETHUSDT,+XRPUSDT)
2024-06-04 18:31:59,070
+ETHUSDT: bp6.0|+XRPUSDT: bp4.0|
2024-06-04 18:31:59,890
update 9: filled 0 / 2 () | working 2 / 2 (+ETHUSDT,+XRPUSDT)
2024-06-04 18:32:03,891
+ETHUSDT: bp6.0|+XRPUSDT: bp2.0|
2024-06-04 18:32:04,714
update 10: filled 0 / 2 () | working 2 / 2 (+ETHUSDT,+XRPUSDT)
2024-06-04 18:32:08,715
+ETHUSDT: bp6.0|+XRPUSDT: bp2.0|
2024-06-04 18:32:09,536
update 11: filled 0 / 2 () | working 2 / 2 (+ETHUSDT,+XRPUSDT)
2024-06-04 18:32:13,537
+ETHUSDT: bp5.0|+XRPUSDT: bp2.0|
2024-06-04 18:32:14,360
update 12: filled 0 / 2 () | working 2 / 2 (+ETHUSDT,+XRPUSDT)
2024-06-04 18:32:18,360
+ETHUSDT: bp5.0|+XRPUSDT: bp4.0|
2024-06-04 18:32:19,184
update 13: filled 0 / 2 () | working 2 / 2 (+ETHUSDT,+XRPUSDT)
2024-06-04 18:32:23,184
+ETHUSDT: bp6.0|+XRPUSDT: bp4.0|
2024-06-04 18:32:24,004
update 14: filled 0 / 2 () | working 2 / 2 (+ETHUSDT,+XRPUSDT)
2024-06-04 18:32:28,004
+ETHUSDT: bp7.0|+XRPUSDT: bp2.0|
2024-06-04 18:32:28,005
Adjustment limit #1 ... 
 we cancel current orders and replace
2024-06-04 18:32:28,005
@+/-2.5bp limit 
2024-06-04 18:32:28,005
binance_cancel_and_replace_orders_peg 20240604_183228
2024-06-04 18:32:30,059
binance_place_orders_peg 20240604_183230
2024-06-04 18:32:30,473
{'orderId': 8389765688110731491, 'symbol': 'ETHUSDT', 'status': 'NEW', 'clientOrderId': 'STRATON', 'price': '3824.95', 'avgPrice': '0.00', 'origQty': '0.013', 'executedQty': '0.000', 'cumQty': '0.000', 'cumQuote': '0.00000', 'timeInForce': 'GTC', 'type': 'LIMIT', 'reduceOnly': False, 'closePosition': False, 'side': 'BUY', 'positionSide': 'BOTH', 'stopPrice': '0.00', 'workingType': 'CONTRACT_PRICE', 'priceProtect': False, 'origType': 'LIMIT', 'priceMatch': 'NONE', 'selfTradePreventionMode': 'NONE', 'goodTillDate': 0, 'updateTime': 1717525950369}
2024-06-04 18:32:30,881
{'orderId': 57857005307, 'symbol': 'XRPUSDT', 'status': 'NEW', 'clientOrderId': 'STRATON', 'price': '0.5263', 'avgPrice': '0.00', 'origQty': '91.2', 'executedQty': '0.0', 'cumQty': '0.0', 'cumQuote': '0.00000', 'timeInForce': 'GTC', 'type': 'LIMIT', 'reduceOnly': False, 'closePosition': False, 'side': 'BUY', 'positionSide': 'BOTH', 'stopPrice': '0.0000', 'workingType': 'CONTRACT_PRICE', 'priceProtect': False, 'origType': 'LIMIT', 'priceMatch': 'NONE', 'selfTradePreventionMode': 'NONE', 'goodTillDate': 0, 'updateTime': 1717525950779}
2024-06-04 18:32:31,709
update 0: filled 0 / 2 () | working 2 / 2 (+ETHUSDT,+XRPUSDT)
2024-06-04 18:32:35,710
+ETHUSDT: bp3.0|+XRPUSDT: bp2.0|
2024-06-04 18:32:36,531
update 1: filled 0 / 2 () | working 2 / 2 (+ETHUSDT,+XRPUSDT)
2024-06-04 18:32:40,532
+ETHUSDT: bp3.0|+XRPUSDT: bp2.0|
2024-06-04 18:32:41,352
update 2: filled 0 / 2 () | working 2 / 2 (+ETHUSDT,+XRPUSDT)
2024-06-04 18:32:45,353
+ETHUSDT: bp3.0|+XRPUSDT: bp2.0|
2024-06-04 18:32:46,173
update 3: filled 0 / 2 () | working 2 / 2 (+ETHUSDT,+XRPUSDT)
2024-06-04 18:32:50,173
+ETHUSDT: bp3.0|+XRPUSDT: bp4.0|
2024-06-04 18:32:51,000
update 4: filled 0 / 2 () | working 2 / 2 (+ETHUSDT,+XRPUSDT)
2024-06-04 18:32:55,000
+ETHUSDT: bp3.0|+XRPUSDT: bp4.0|
2024-06-04 18:32:55,823
update 5: filled 0 / 2 () | working 2 / 2 (+ETHUSDT,+XRPUSDT)
2024-06-04 18:32:59,823
+ETHUSDT: bp4.0|+XRPUSDT: bp2.0|
2024-06-04 18:33:00,645
update 6: filled 0 / 2 () | working 2 / 2 (+ETHUSDT,+XRPUSDT)
2024-06-04 18:33:04,646
+ETHUSDT: bp5.0|+XRPUSDT: bp2.0|
2024-06-04 18:33:05,468
update 7: filled 0 / 2 () | working 2 / 2 (+ETHUSDT,+XRPUSDT)
2024-06-04 18:33:09,469
+ETHUSDT: bp5.0|+XRPUSDT: bp2.0|
2024-06-04 18:33:10,288
update 8: filled 0 / 2 () | working 2 / 2 (+ETHUSDT,+XRPUSDT)
2024-06-04 18:33:14,289
+ETHUSDT: bp8.0|+XRPUSDT: bp2.0|
2024-06-04 18:33:15,109
update 9: filled 0 / 2 () | working 2 / 2 (+ETHUSDT,+XRPUSDT)
2024-06-04 18:33:19,110
+ETHUSDT: bp8.0|+XRPUSDT: bp4.0|
2024-06-04 18:33:19,930
update 10: filled 0 / 2 () | working 2 / 2 (+ETHUSDT,+XRPUSDT)
2024-06-04 18:33:23,931
+ETHUSDT: bp8.0|+XRPUSDT: bp4.0|
2024-06-04 18:33:24,752
update 11: filled 0 / 2 () | working 2 / 2 (+ETHUSDT,+XRPUSDT)
2024-06-04 18:33:28,752
+ETHUSDT: bp9.0|+XRPUSDT: bp6.0|
2024-06-04 18:33:29,573
update 12: filled 0 / 2 () | working 2 / 2 (+ETHUSDT,+XRPUSDT)
2024-06-04 18:33:33,574
+ETHUSDT: bp10.0|+XRPUSDT: bp4.0|
2024-06-04 18:33:34,395
update 13: filled 0 / 2 () | working 2 / 2 (+ETHUSDT,+XRPUSDT)
2024-06-04 18:33:38,396
+ETHUSDT: bp10.0|+XRPUSDT: bp6.0|
2024-06-04 18:33:39,219
update 14: filled 0 / 2 () | working 2 / 2 (+ETHUSDT,+XRPUSDT)
2024-06-04 18:33:43,220
+ETHUSDT: bp11.0|+XRPUSDT: bp6.0|
2024-06-04 18:33:43,220
Adjustment limit #2 ... 
 we cancel current orders and replace
2024-06-04 18:33:43,220
@+/-1.25bp limit 
2024-06-04 18:33:43,220
binance_cancel_and_replace_orders_peg 20240604_183343
2024-06-04 18:33:45,280
binance_place_orders_peg 20240604_183345
2024-06-04 18:33:45,688
{'orderId': 8389765688111030202, 'symbol': 'ETHUSDT', 'status': 'NEW', 'clientOrderId': 'STRATON', 'price': '3825.76', 'avgPrice': '0.00', 'origQty': '0.013', 'executedQty': '0.000', 'cumQty': '0.000', 'cumQuote': '0.00000', 'timeInForce': 'GTC', 'type': 'LIMIT', 'reduceOnly': False, 'closePosition': False, 'side': 'BUY', 'positionSide': 'BOTH', 'stopPrice': '0.00', 'workingType': 'CONTRACT_PRICE', 'priceProtect': False, 'origType': 'LIMIT', 'priceMatch': 'NONE', 'selfTradePreventionMode': 'NONE', 'goodTillDate': 0, 'updateTime': 1717526025586}
2024-06-04 18:33:46,095
{'orderId': 57857060518, 'symbol': 'XRPUSDT', 'status': 'NEW', 'clientOrderId': 'STRATON', 'price': '0.5263', 'avgPrice': '0.00', 'origQty': '91.2', 'executedQty': '0.0', 'cumQty': '0.0', 'cumQuote': '0.00000', 'timeInForce': 'GTC', 'type': 'LIMIT', 'reduceOnly': False, 'closePosition': False, 'side': 'BUY', 'positionSide': 'BOTH', 'stopPrice': '0.0000', 'workingType': 'CONTRACT_PRICE', 'priceProtect': False, 'origType': 'LIMIT', 'priceMatch': 'NONE', 'selfTradePreventionMode': 'NONE', 'goodTillDate': 0, 'updateTime': 1717526025994}
2024-06-04 18:33:46,923
update 0: filled 0 / 2 () | working 2 / 2 (+ETHUSDT,+XRPUSDT)
2024-06-04 18:33:50,924
+ETHUSDT: bp8.0|+XRPUSDT: bp4.0|
2024-06-04 18:33:51,743
update 1: filled 0 / 2 () | working 2 / 2 (+ETHUSDT,+XRPUSDT)
2024-06-04 18:33:55,744
+ETHUSDT: bp5.0|+XRPUSDT: bp2.0|
2024-06-04 18:33:56,563
update 2: filled 0 / 2 () | working 2 / 2 (+ETHUSDT,+XRPUSDT)
2024-06-04 18:34:00,564
+ETHUSDT: bp0.0|+XRPUSDT: bp2.0|
2024-06-04 18:34:01,386
update 3: filled 1 / 2 (+ETHUSDT) | working 1 / 2 (+XRPUSDT)
2024-06-04 18:34:05,387
+XRPUSDT: bp2.0|
2024-06-04 18:34:06,209
update 4: filled 1 / 2 (+ETHUSDT) | working 1 / 2 (+XRPUSDT)
2024-06-04 18:34:10,210
+XRPUSDT: bp-0.0|
2024-06-04 18:34:11,030
update 5: filled 1 / 2 (+ETHUSDT) | working 1 / 2 (+XRPUSDT)
2024-06-04 18:34:15,031
+XRPUSDT: bp-0.0|
2024-06-04 18:34:15,852
update 6: filled 1 / 2 (+ETHUSDT) | working 1 / 2 (+XRPUSDT)
2024-06-04 18:34:19,853
+XRPUSDT: bp2.0|
2024-06-04 18:34:20,682
update 7: filled 1 / 2 (+ETHUSDT) | working 1 / 2 (+XRPUSDT)
2024-06-04 18:34:24,682
+XRPUSDT: bp-0.0|
2024-06-04 18:34:25,517
update 8: filled 1 / 2 (+ETHUSDT) | working 1 / 2 (+XRPUSDT)
2024-06-04 18:34:29,518
+XRPUSDT: bp-0.0|
2024-06-04 18:34:30,340
update 9: filled 1 / 2 (+ETHUSDT) | working 1 / 2 (+XRPUSDT)
2024-06-04 18:34:34,341
+XRPUSDT: bp-0.0|
2024-06-04 18:34:35,165
update 10: filled 1 / 2 (+ETHUSDT) | working 1 / 2 (+XRPUSDT)
2024-06-04 18:34:39,165
+XRPUSDT: bp2.0|
2024-06-04 18:34:39,986
update 11: filled 1 / 2 (+ETHUSDT) | working 1 / 2 (+XRPUSDT)
2024-06-04 18:34:43,987
+XRPUSDT: bp2.0|
2024-06-04 18:34:44,809
update 12: filled 1 / 2 (+ETHUSDT) | working 1 / 2 (+XRPUSDT)
2024-06-04 18:34:48,810
+XRPUSDT: bp-0.0|
2024-06-04 18:34:49,632
update 13: filled 1 / 2 (+ETHUSDT) | working 1 / 2 (+XRPUSDT)
2024-06-04 18:34:53,633
+XRPUSDT: bp2.0|
2024-06-04 18:34:54,453
update 14: filled 1 / 2 (+ETHUSDT) | working 1 / 2 (+XRPUSDT)
2024-06-04 18:34:58,453
+XRPUSDT: bp-0.0|
2024-06-04 18:34:58,454
Adjustment limit #3 ... 
 we cancel current orders and replace
2024-06-04 18:34:58,454
@+/-0.625bp limit 
2024-06-04 18:34:58,454
binance_cancel_and_replace_orders_peg 20240604_183458
2024-06-04 18:34:59,897
binance_place_orders_peg 20240604_183459
2024-06-04 18:35:00,315
{'orderId': 57857117164, 'symbol': 'XRPUSDT', 'status': 'NEW', 'clientOrderId': 'STRATON', 'price': '0.5263', 'avgPrice': '0.00', 'origQty': '91.2', 'executedQty': '0.0', 'cumQty': '0.0', 'cumQuote': '0.00000', 'timeInForce': 'GTC', 'type': 'LIMIT', 'reduceOnly': False, 'closePosition': False, 'side': 'BUY', 'positionSide': 'BOTH', 'stopPrice': '0.0000', 'workingType': 'CONTRACT_PRICE', 'priceProtect': False, 'origType': 'LIMIT', 'priceMatch': 'NONE', 'selfTradePreventionMode': 'NONE', 'goodTillDate': 0, 'updateTime': 1717526100213}
2024-06-04 18:35:01,145
update 0: filled 1 / 2 (+ETHUSDT) | working 1 / 2 (+XRPUSDT)
2024-06-04 18:35:05,146
+XRPUSDT: bp-0.0|
2024-06-04 18:35:05,971
update 1: filled 1 / 2 (+ETHUSDT) | working 1 / 2 (+XRPUSDT)
2024-06-04 18:35:09,973
+XRPUSDT: bp2.0|
2024-06-04 18:35:10,795
update 2: filled 1 / 2 (+ETHUSDT) | working 1 / 2 (+XRPUSDT)
2024-06-04 18:35:14,796
+XRPUSDT: bp2.0|
2024-06-04 18:35:15,615
update 3: filled 1 / 2 (+ETHUSDT) | working 1 / 2 (+XRPUSDT)
2024-06-04 18:35:19,616
+XRPUSDT: bp2.0|
2024-06-04 18:35:20,437
update 4: filled 1 / 2 (+ETHUSDT) | working 1 / 2 (+XRPUSDT)
2024-06-04 18:35:24,438
+XRPUSDT: bp4.0|
2024-06-04 18:35:25,260
update 5: filled 1 / 2 (+ETHUSDT) | working 1 / 2 (+XRPUSDT)
2024-06-04 18:35:29,260
+XRPUSDT: bp2.0|
2024-06-04 18:35:30,081
update 6: filled 1 / 2 (+ETHUSDT) | working 1 / 2 (+XRPUSDT)
2024-06-04 18:35:34,082
+XRPUSDT: bp4.0|
2024-06-04 18:35:34,903
update 7: filled 1 / 2 (+ETHUSDT) | working 1 / 2 (+XRPUSDT)
2024-06-04 18:35:38,903
+XRPUSDT: bp4.0|
2024-06-04 18:35:39,724
update 8: filled 1 / 2 (+ETHUSDT) | working 1 / 2 (+XRPUSDT)
2024-06-04 18:35:43,725
+XRPUSDT: bp2.0|
2024-06-04 18:35:44,545
update 9: filled 1 / 2 (+ETHUSDT) | working 1 / 2 (+XRPUSDT)
2024-06-04 18:35:48,546
+XRPUSDT: bp2.0|
2024-06-04 18:35:49,367
update 10: filled 1 / 2 (+ETHUSDT) | working 1 / 2 (+XRPUSDT)
2024-06-04 18:35:53,368
+XRPUSDT: bp2.0|
2024-06-04 18:35:54,188
update 11: filled 1 / 2 (+ETHUSDT) | working 1 / 2 (+XRPUSDT)
2024-06-04 18:35:58,189
+XRPUSDT: bp2.0|
2024-06-04 18:35:59,012
update 12: filled 1 / 2 (+ETHUSDT) | working 1 / 2 (+XRPUSDT)
2024-06-04 18:36:03,013
+XRPUSDT: bp4.0|
2024-06-04 18:36:03,833
update 13: filled 1 / 2 (+ETHUSDT) | working 1 / 2 (+XRPUSDT)
2024-06-04 18:36:07,834
+XRPUSDT: bp6.0|
2024-06-04 18:36:08,655
update 14: filled 1 / 2 (+ETHUSDT) | working 1 / 2 (+XRPUSDT)
2024-06-04 18:36:12,656
+XRPUSDT: bp6.0|
2024-06-04 18:36:12,656
Adjustment limit #4 ... 
 we cancel current orders and replace
2024-06-04 18:36:12,656
@+/-0.3125bp limit 
2024-06-04 18:36:12,656
binance_cancel_and_replace_orders_peg 20240604_183612
2024-06-04 18:36:14,098
binance_place_orders_peg 20240604_183614
2024-06-04 18:36:14,513
{'orderId': 57857165035, 'symbol': 'XRPUSDT', 'status': 'NEW', 'clientOrderId': 'STRATON', 'price': '0.5266', 'avgPrice': '0.00', 'origQty': '91.2', 'executedQty': '0.0', 'cumQty': '0.0', 'cumQuote': '0.00000', 'timeInForce': 'GTC', 'type': 'LIMIT', 'reduceOnly': False, 'closePosition': False, 'side': 'BUY', 'positionSide': 'BOTH', 'stopPrice': '0.0000', 'workingType': 'CONTRACT_PRICE', 'priceProtect': False, 'origType': 'LIMIT', 'priceMatch': 'NONE', 'selfTradePreventionMode': 'NONE', 'goodTillDate': 0, 'updateTime': 1717526174411}
2024-06-04 18:36:15,341
update 0: filled 2 / 2 (+ETHUSDT,+XRPUSDT) | working 0 / 2 ()
2024-06-04 18:36:21,616
Trades of the day
in$
as of: 04Jun 18:33>>18:36 (#trades: 2)
trade net: +98.0 (+33.8%), trade gross: +98.0 (+33.8%), BUY: +98.0 (+33.8%), SELL: +0.0 (+0.0%)
fees: $ 0.034 (3.47bp)
2024-06-04 18:36:22,042
Trades: 
Filled #2
______________________________________________
                   in$ | in bp 97 traded | in bp 289 AUMs
realizedPnl    +0      | +0      | +0     
PnLvsArrival   -0.01   | -1      | -0     
PnLvsLast      -0.02   | -2      | -1     
______________________________________________
                 | Value$ | PnL Arrival/Last 
______________________________________________
XRP:+91.2@0.5266 | +48$ | -0/0.01
ETH:+0.013@3825.76 | +50$ | -0.01/-0.03
