2023-08-21 18:30:50,118
ON program started 20230821 18:30:50,
US time: 20230821 14:30:50
2023-08-21 18:30:50,684
the strat is currently running @ 21-08-2023 and the target positions is LONG
2023-08-21 18:30:52,199
CURRENT STATUS IS LONG
-----
return before 14h30:
BTCUSDT-0.15%, ETHUSDT-0.71%, XRPUSDT-2.95%
-----
target alloc initial:BTCUSDT+16.67%, ETHUSDT+16.67%, XRPUSDT+16.67%
-----
alloc target x rt%<0:BTCUSDT+16.67%, ETHUSDT+16.67%, XRPUSDT+16.67%
-----
           BTCUSDT ETHUSDT XRPUSDT
w_target     16.7%   16.7%   16.7%
rt_14h30    -0.00%  -0.01%  -0.03%
w_target_f   16.7%   16.7%   16.7%
2023-08-21 18:30:52,201
Portfolio was rebalanced less than 2 hours ago, 15.0 hours ago
2023-08-21 18:30:52,204
Status: prev = LONG <> NEUTRAL = target
2023-08-21 18:30:52,204
the strat is currently running @ 21-08-2023 and the target positions is LONG
the strat was previously run @ 2023-08-21 03:31:03 UTC, success:yes 
   and the current positions is NEUTRAL
2023-08-21 18:30:53,386
positions_future #0
2023-08-21 18:30:53,386
Empty DataFrame
Columns: [symbol, positionAmt, entryPrice, markPrice, unRealizedProfit, value_usd, updateTime, AUMs_account, w%]
Index: []
2023-08-21 18:30:53,613
------------------------------
binance_account_balance
2023-08-21 18:30:53,613
  asset     balance  ... marginAvailable   updateTime
5  USDT  276.084205  ...            True  20Aug-22:36

[1 rows x 8 columns]
2023-08-21 18:30:53,849
------------------------------
open_orders
2023-08-21 18:30:53,849
Empty DataFrame
Columns: []
Index: []
2023-08-21 18:30:54,506
------------------------------
AUMS account:276

2023-08-21 18:30:54,507
--------------- compute_futures_order_book() ----------------
2023-08-21 18:30:56,062
----------------------------------------------------------------------
#3 order(s) to place
gross$: 145$ | net$: +145$
gross%: 53% | net%: +53%
 || w>0%  +53% | w<0%  0%
----------------------------------------------------------------------
PTF Expo% 0.0% >> 50.0% (current>>target)
PTF expo $0.0 >> $138 (current>>target)
----------------------------------------------------------------------
2023-08-21 18:30:56,064
orders_ofthe_day
2023-08-21 18:30:56,064
                  ptf_usd  target_usd  ...         bid         ask
2023-08-21 18:30                       ...                        
BTCUSDT               0.0       46.02  ...  26041.0000  26041.1000
ETHUSDT               0.0       46.02  ...   1665.3100   1665.3200
XRPUSDT               0.0       46.02  ...      0.5168      0.5169

[3 rows x 9 columns]
2023-08-21 18:30:57,708
binance_place_orders_peg 20230821_183057
2023-08-21 18:30:58,151
{'orderId': 182592114676, 'symbol': 'BTCUSDT', 'status': 'NEW', 'clientOrderId': 'xHt0LNfLipVVUroz8m2otk', 'price': '26028.00', 'avgPrice': '0.00', 'origQty': '0.002', 'executedQty': '0.000', 'cumQty': '0.000', 'cumQuote': '0.00000', 'timeInForce': 'GTC', 'type': 'LIMIT', 'reduceOnly': False, 'closePosition': False, 'side': 'BUY', 'positionSide': 'BOTH', 'stopPrice': '0.00', 'workingType': 'CONTRACT_PRICE', 'priceProtect': False, 'origType': 'LIMIT', 'updateTime': 1692642658040}
2023-08-21 18:30:58,594
{'orderId': 8389765613551115033, 'symbol': 'ETHUSDT', 'status': 'NEW', 'clientOrderId': '6dEf59XqxJOthj3tjJIHSa', 'price': '1664.48', 'avgPrice': '0.00', 'origQty': '0.028', 'executedQty': '0.000', 'cumQty': '0.000', 'cumQuote': '0.00000', 'timeInForce': 'GTC', 'type': 'LIMIT', 'reduceOnly': False, 'closePosition': False, 'side': 'BUY', 'positionSide': 'BOTH', 'stopPrice': '0.00', 'workingType': 'CONTRACT_PRICE', 'priceProtect': False, 'origType': 'LIMIT', 'updateTime': 1692642658483}
2023-08-21 18:30:59,034
{'orderId': 39880207428, 'symbol': 'XRPUSDT', 'status': 'NEW', 'clientOrderId': 'AsJRoleUopj35q7rGsoO08', 'price': '0.5165', 'avgPrice': '0.00', 'origQty': '89.0', 'executedQty': '0.0', 'cumQty': '0.0', 'cumQuote': '0.00000', 'timeInForce': 'GTC', 'type': 'LIMIT', 'reduceOnly': False, 'closePosition': False, 'side': 'BUY', 'positionSide': 'BOTH', 'stopPrice': '0.0000', 'workingType': 'CONTRACT_PRICE', 'priceProtect': False, 'origType': 'LIMIT', 'updateTime': 1692642658927}
2023-08-21 18:31:01,061
update 0: filled 0 / 3 () | working 3 / 3 (+BTCUSDT,+ETHUSDT,+XRPUSDT)
2023-08-21 18:31:05,062
+BTCUSDT: bp5.0|+ETHUSDT: bp5.0|+XRPUSDT: bp6.0|
2023-08-21 18:31:06,448
update 1: filled 0 / 3 () | working 3 / 3 (+BTCUSDT,+ETHUSDT,+XRPUSDT)
2023-08-21 18:31:10,449
+BTCUSDT: bp5.0|+ETHUSDT: bp5.0|+XRPUSDT: bp10.0|
2023-08-21 18:31:11,763
update 2: filled 0 / 3 () | working 3 / 3 (+BTCUSDT,+ETHUSDT,+XRPUSDT)
2023-08-21 18:31:15,763
+BTCUSDT: bp5.0|+ETHUSDT: bp5.0|+XRPUSDT: bp10.0|
2023-08-21 18:31:17,077
update 3: filled 0 / 3 () | working 3 / 3 (+BTCUSDT,+ETHUSDT,+XRPUSDT)
2023-08-21 18:31:21,078
+BTCUSDT: bp5.0|+ETHUSDT: bp5.0|+XRPUSDT: bp10.0|
2023-08-21 18:31:22,393
update 4: filled 0 / 3 () | working 3 / 3 (+BTCUSDT,+ETHUSDT,+XRPUSDT)
2023-08-21 18:31:26,394
+BTCUSDT: bp5.0|+ETHUSDT: bp4.0|+XRPUSDT: bp8.0|
2023-08-21 18:31:27,709
update 5: filled 0 / 3 () | working 3 / 3 (+BTCUSDT,+ETHUSDT,+XRPUSDT)
2023-08-21 18:31:31,710
+BTCUSDT: bp5.0|+ETHUSDT: bp3.0|+XRPUSDT: bp10.0|
2023-08-21 18:31:33,031
update 6: filled 0 / 3 () | working 3 / 3 (+BTCUSDT,+ETHUSDT,+XRPUSDT)
2023-08-21 18:31:37,032
+BTCUSDT: bp5.0|+ETHUSDT: bp3.0|+XRPUSDT: bp10.0|
2023-08-21 18:31:38,346
update 7: filled 0 / 3 () | working 3 / 3 (+BTCUSDT,+ETHUSDT,+XRPUSDT)
2023-08-21 18:31:42,346
+BTCUSDT: bp5.0|+ETHUSDT: bp3.0|+XRPUSDT: bp14.0|
2023-08-21 18:31:43,663
update 8: filled 0 / 3 () | working 3 / 3 (+BTCUSDT,+ETHUSDT,+XRPUSDT)
2023-08-21 18:31:47,664
+BTCUSDT: bp5.0|+ETHUSDT: bp3.0|+XRPUSDT: bp12.0|
2023-08-21 18:31:48,980
update 9: filled 0 / 3 () | working 3 / 3 (+BTCUSDT,+ETHUSDT,+XRPUSDT)
2023-08-21 18:31:52,980
+BTCUSDT: bp5.0|+ETHUSDT: bp3.0|+XRPUSDT: bp12.0|
2023-08-21 18:31:54,298
update 10: filled 0 / 3 () | working 3 / 3 (+BTCUSDT,+ETHUSDT,+XRPUSDT)
2023-08-21 18:31:58,298
+BTCUSDT: bp3.0|+ETHUSDT: bp2.0|+XRPUSDT: bp12.0|
2023-08-21 18:31:59,615
update 11: filled 1 / 3 (+ETHUSDT) | working 2 / 3 (+BTCUSDT,+XRPUSDT)
2023-08-21 18:32:03,616
+BTCUSDT: bp3.0|+XRPUSDT: bp12.0|
2023-08-21 18:32:04,933
update 12: filled 1 / 3 (+ETHUSDT) | working 2 / 3 (+BTCUSDT,+XRPUSDT)
2023-08-21 18:32:08,933
+BTCUSDT: bp3.0|+XRPUSDT: bp10.0|
2023-08-21 18:32:10,250
update 13: filled 1 / 3 (+ETHUSDT) | working 2 / 3 (+BTCUSDT,+XRPUSDT)
2023-08-21 18:32:14,250
+BTCUSDT: bp3.0|+XRPUSDT: bp10.0|
2023-08-21 18:32:15,567
update 14: filled 1 / 3 (+ETHUSDT) | working 2 / 3 (+BTCUSDT,+XRPUSDT)
2023-08-21 18:32:19,568
+BTCUSDT: bp3.0|+XRPUSDT: bp8.0|
2023-08-21 18:32:19,568
Adjustment limit #1 ... 
 we cancel current orders and replace
2023-08-21 18:32:19,568
@+/-2.5bp limit 
2023-08-21 18:32:19,568
binance_cancel_and_replace_orders_peg 20230821_183219
2023-08-21 18:32:21,554
binance_place_orders_peg 20230821_183221
2023-08-21 18:32:21,995
{'orderId': 182592354995, 'symbol': 'BTCUSDT', 'status': 'NEW', 'clientOrderId': 'TQq9W1gp4zE945EQTPtLyC', 'price': '26028.50', 'avgPrice': '0.00', 'origQty': '0.002', 'executedQty': '0.000', 'cumQty': '0.000', 'cumQuote': '0.00000', 'timeInForce': 'GTC', 'type': 'LIMIT', 'reduceOnly': False, 'closePosition': False, 'side': 'BUY', 'positionSide': 'BOTH', 'stopPrice': '0.00', 'workingType': 'CONTRACT_PRICE', 'priceProtect': False, 'origType': 'LIMIT', 'updateTime': 1692642741885}
2023-08-21 18:32:22,437
{'orderId': 39880277377, 'symbol': 'XRPUSDT', 'status': 'NEW', 'clientOrderId': '5vdYdYR47SafAVxcxMIH2v', 'price': '0.5169', 'avgPrice': '0.00', 'origQty': '89.0', 'executedQty': '0.0', 'cumQty': '0.0', 'cumQuote': '0.00000', 'timeInForce': 'GTC', 'type': 'LIMIT', 'reduceOnly': False, 'closePosition': False, 'side': 'BUY', 'positionSide': 'BOTH', 'stopPrice': '0.0000', 'workingType': 'CONTRACT_PRICE', 'priceProtect': False, 'origType': 'LIMIT', 'updateTime': 1692642742327}
2023-08-21 18:32:23,757
update 0: filled 1 / 3 (+ETHUSDT) | working 2 / 3 (+BTCUSDT,+XRPUSDT)
2023-08-21 18:32:27,758
+BTCUSDT: bp3.0|+XRPUSDT: bp2.0|
2023-08-21 18:32:29,078
update 1: filled 1 / 3 (+ETHUSDT) | working 2 / 3 (+BTCUSDT,+XRPUSDT)
2023-08-21 18:32:33,078
+BTCUSDT: bp3.0|+XRPUSDT: bp2.0|
2023-08-21 18:32:34,397
update 2: filled 1 / 3 (+ETHUSDT) | working 2 / 3 (+BTCUSDT,+XRPUSDT)
2023-08-21 18:32:38,397
+BTCUSDT: bp2.0|+XRPUSDT: bp2.0|
2023-08-21 18:32:39,717
update 3: filled 1 / 3 (+ETHUSDT) | working 2 / 3 (+BTCUSDT,+XRPUSDT)
2023-08-21 18:32:43,718
+BTCUSDT: bp2.0|+XRPUSDT: bp4.0|
2023-08-21 18:32:45,038
update 4: filled 1 / 3 (+ETHUSDT) | working 2 / 3 (+BTCUSDT,+XRPUSDT)
2023-08-21 18:32:49,038
+BTCUSDT: bp2.0|+XRPUSDT: bp4.0|
2023-08-21 18:32:50,354
update 5: filled 1 / 3 (+ETHUSDT) | working 2 / 3 (+BTCUSDT,+XRPUSDT)
2023-08-21 18:32:54,354
+BTCUSDT: bp2.0|+XRPUSDT: bp2.0|
2023-08-21 18:32:55,670
update 6: filled 1 / 3 (+ETHUSDT) | working 2 / 3 (+BTCUSDT,+XRPUSDT)
2023-08-21 18:32:59,670
+BTCUSDT: bp3.0|+XRPUSDT: bp4.0|
2023-08-21 18:33:00,985
update 7: filled 1 / 3 (+ETHUSDT) | working 2 / 3 (+BTCUSDT,+XRPUSDT)
2023-08-21 18:33:04,986
+BTCUSDT: bp2.0|+XRPUSDT: bp2.0|
2023-08-21 18:33:06,393
update 8: filled 2 / 3 (+ETHUSDT,+XRPUSDT) | working 1 / 3 (+BTCUSDT)
2023-08-21 18:33:10,393
+BTCUSDT: bp2.0|
2023-08-21 18:33:11,713
update 9: filled 2 / 3 (+ETHUSDT,+XRPUSDT) | working 1 / 3 (+BTCUSDT)
2023-08-21 18:33:15,714
+BTCUSDT: bp3.0|
2023-08-21 18:33:17,028
update 10: filled 2 / 3 (+ETHUSDT,+XRPUSDT) | working 1 / 3 (+BTCUSDT)
2023-08-21 18:33:21,028
+BTCUSDT: bp2.0|
2023-08-21 18:33:22,340
update 11: filled 2 / 3 (+ETHUSDT,+XRPUSDT) | working 1 / 3 (+BTCUSDT)
2023-08-21 18:33:26,341
+BTCUSDT: bp2.0|
2023-08-21 18:33:27,657
update 12: filled 2 / 3 (+ETHUSDT,+XRPUSDT) | working 1 / 3 (+BTCUSDT)
2023-08-21 18:33:31,658
+BTCUSDT: bp1.0|
2023-08-21 18:33:32,973
update 13: filled 2 / 3 (+ETHUSDT,+XRPUSDT) | working 1 / 3 (+BTCUSDT)
2023-08-21 18:33:36,974
+BTCUSDT: bp1.0|
2023-08-21 18:33:38,292
update 14: filled 2 / 3 (+ETHUSDT,+XRPUSDT) | working 1 / 3 (+BTCUSDT)
2023-08-21 18:33:42,293
+BTCUSDT: bp1.0|
2023-08-21 18:33:42,293
Adjustment limit #2 ... 
 we cancel current orders and replace
2023-08-21 18:33:42,293
@+/-1.25bp limit 
2023-08-21 18:33:42,293
binance_cancel_and_replace_orders_peg 20230821_183342
2023-08-21 18:33:44,278
binance_place_orders_peg 20230821_183344
2023-08-21 18:33:44,720
{'orderId': 182592555525, 'symbol': 'BTCUSDT', 'status': 'NEW', 'clientOrderId': 'VExnYE5cXrbKEMscfMtgSO', 'price': '26026.70', 'avgPrice': '0.00', 'origQty': '0.002', 'executedQty': '0.000', 'cumQty': '0.000', 'cumQuote': '0.00000', 'timeInForce': 'GTC', 'type': 'LIMIT', 'reduceOnly': False, 'closePosition': False, 'side': 'BUY', 'positionSide': 'BOTH', 'stopPrice': '0.00', 'workingType': 'CONTRACT_PRICE', 'priceProtect': False, 'origType': 'LIMIT', 'updateTime': 1692642824611}
2023-08-21 18:33:46,035
update 0: filled 2 / 3 (+ETHUSDT,+XRPUSDT) | working 1 / 3 (+BTCUSDT)
2023-08-21 18:33:50,036
+BTCUSDT: bp1.0|
2023-08-21 18:33:51,348
update 1: filled 2 / 3 (+ETHUSDT,+XRPUSDT) | working 1 / 3 (+BTCUSDT)
2023-08-21 18:33:55,349
+BTCUSDT: bp1.0|
2023-08-21 18:33:56,662
update 2: filled 2 / 3 (+ETHUSDT,+XRPUSDT) | working 1 / 3 (+BTCUSDT)
2023-08-21 18:34:00,662
+BTCUSDT: bp1.0|
2023-08-21 18:34:01,977
update 3: filled 2 / 3 (+ETHUSDT,+XRPUSDT) | working 1 / 3 (+BTCUSDT)
2023-08-21 18:34:05,977
+BTCUSDT: bp3.0|
2023-08-21 18:34:07,377
update 4: filled 2 / 3 (+ETHUSDT,+XRPUSDT) | working 1 / 3 (+BTCUSDT)
2023-08-21 18:34:11,378
+BTCUSDT: bp3.0|
2023-08-21 18:34:12,694
update 5: filled 2 / 3 (+ETHUSDT,+XRPUSDT) | working 1 / 3 (+BTCUSDT)
2023-08-21 18:34:16,694
+BTCUSDT: bp2.0|
2023-08-21 18:34:18,006
update 6: filled 2 / 3 (+ETHUSDT,+XRPUSDT) | working 1 / 3 (+BTCUSDT)
2023-08-21 18:34:22,006
+BTCUSDT: bp2.0|
2023-08-21 18:34:23,320
update 7: filled 2 / 3 (+ETHUSDT,+XRPUSDT) | working 1 / 3 (+BTCUSDT)
2023-08-21 18:34:27,321
+BTCUSDT: bp2.0|
2023-08-21 18:34:28,637
update 8: filled 2 / 3 (+ETHUSDT,+XRPUSDT) | working 1 / 3 (+BTCUSDT)
2023-08-21 18:34:32,638
+BTCUSDT: bp1.0|
2023-08-21 18:34:33,953
update 9: filled 2 / 3 (+ETHUSDT,+XRPUSDT) | working 1 / 3 (+BTCUSDT)
2023-08-21 18:34:37,954
+BTCUSDT: bp1.0|
2023-08-21 18:34:39,269
update 10: filled 2 / 3 (+ETHUSDT,+XRPUSDT) | working 1 / 3 (+BTCUSDT)
2023-08-21 18:34:43,270
+BTCUSDT: bp1.0|
2023-08-21 18:34:44,585
update 11: filled 2 / 3 (+ETHUSDT,+XRPUSDT) | working 1 / 3 (+BTCUSDT)
2023-08-21 18:34:48,586
+BTCUSDT: bp1.0|
2023-08-21 18:34:49,900
update 12: filled 2 / 3 (+ETHUSDT,+XRPUSDT) | working 1 / 3 (+BTCUSDT)
2023-08-21 18:34:53,901
+BTCUSDT: bp1.0|
2023-08-21 18:34:55,215
update 13: filled 2 / 3 (+ETHUSDT,+XRPUSDT) | working 1 / 3 (+BTCUSDT)
2023-08-21 18:34:59,216
+BTCUSDT: bp1.0|
2023-08-21 18:35:00,529
update 14: filled 2 / 3 (+ETHUSDT,+XRPUSDT) | working 1 / 3 (+BTCUSDT)
2023-08-21 18:35:04,529
+BTCUSDT: bp1.0|
2023-08-21 18:35:04,530
Adjustment limit #3 ... 
 we cancel current orders and replace
2023-08-21 18:35:04,530
@+/-0.625bp limit 
2023-08-21 18:35:04,530
binance_cancel_and_replace_orders_peg 20230821_183504
2023-08-21 18:35:06,553
binance_place_orders_peg 20230821_183506
2023-08-21 18:35:06,999
{'orderId': 182592758359, 'symbol': 'BTCUSDT', 'status': 'NEW', 'clientOrderId': 'ejk7Z6tNePggezn2TLGQ5n', 'price': '26027.60', 'avgPrice': '0.00', 'origQty': '0.002', 'executedQty': '0.000', 'cumQty': '0.000', 'cumQuote': '0.00000', 'timeInForce': 'GTC', 'type': 'LIMIT', 'reduceOnly': False, 'closePosition': False, 'side': 'BUY', 'positionSide': 'BOTH', 'stopPrice': '0.00', 'workingType': 'CONTRACT_PRICE', 'priceProtect': False, 'origType': 'LIMIT', 'updateTime': 1692642906889}
2023-08-21 18:35:08,313
update 0: filled 2 / 3 (+ETHUSDT,+XRPUSDT) | working 1 / 3 (+BTCUSDT)
2023-08-21 18:35:12,314
+BTCUSDT: bp1.0|
2023-08-21 18:35:13,627
update 1: filled 2 / 3 (+ETHUSDT,+XRPUSDT) | working 1 / 3 (+BTCUSDT)
2023-08-21 18:35:17,628
+BTCUSDT: bp1.0|
2023-08-21 18:35:18,941
update 2: filled 2 / 3 (+ETHUSDT,+XRPUSDT) | working 1 / 3 (+BTCUSDT)
2023-08-21 18:35:22,942
+BTCUSDT: bp1.0|
2023-08-21 18:35:24,255
update 3: filled 2 / 3 (+ETHUSDT,+XRPUSDT) | working 1 / 3 (+BTCUSDT)
2023-08-21 18:35:28,256
+BTCUSDT: bp1.0|
2023-08-21 18:35:29,571
update 4: filled 2 / 3 (+ETHUSDT,+XRPUSDT) | working 1 / 3 (+BTCUSDT)
2023-08-21 18:35:33,571
+BTCUSDT: bp3.0|
2023-08-21 18:35:34,887
update 5: filled 2 / 3 (+ETHUSDT,+XRPUSDT) | working 1 / 3 (+BTCUSDT)
2023-08-21 18:35:38,887
+BTCUSDT: bp3.0|
2023-08-21 18:35:40,201
update 6: filled 2 / 3 (+ETHUSDT,+XRPUSDT) | working 1 / 3 (+BTCUSDT)
2023-08-21 18:35:44,202
+BTCUSDT: bp3.0|
2023-08-21 18:35:45,516
update 7: filled 2 / 3 (+ETHUSDT,+XRPUSDT) | working 1 / 3 (+BTCUSDT)
2023-08-21 18:35:49,517
+BTCUSDT: bp3.0|
2023-08-21 18:35:50,832
update 8: filled 2 / 3 (+ETHUSDT,+XRPUSDT) | working 1 / 3 (+BTCUSDT)
2023-08-21 18:35:54,833
+BTCUSDT: bp3.0|
2023-08-21 18:35:56,148
update 9: filled 2 / 3 (+ETHUSDT,+XRPUSDT) | working 1 / 3 (+BTCUSDT)
2023-08-21 18:36:00,149
+BTCUSDT: bp3.0|
2023-08-21 18:36:01,464
update 10: filled 2 / 3 (+ETHUSDT,+XRPUSDT) | working 1 / 3 (+BTCUSDT)
2023-08-21 18:36:05,464
+BTCUSDT: bp3.0|
2023-08-21 18:36:06,890
update 11: filled 2 / 3 (+ETHUSDT,+XRPUSDT) | working 1 / 3 (+BTCUSDT)
2023-08-21 18:36:10,891
+BTCUSDT: bp5.0|
2023-08-21 18:36:12,207
update 12: filled 2 / 3 (+ETHUSDT,+XRPUSDT) | working 1 / 3 (+BTCUSDT)
2023-08-21 18:36:16,208
+BTCUSDT: bp6.0|
2023-08-21 18:36:17,524
update 13: filled 2 / 3 (+ETHUSDT,+XRPUSDT) | working 1 / 3 (+BTCUSDT)
2023-08-21 18:36:21,525
+BTCUSDT: bp6.0|
2023-08-21 18:36:22,840
update 14: filled 2 / 3 (+ETHUSDT,+XRPUSDT) | working 1 / 3 (+BTCUSDT)
2023-08-21 18:36:26,840
+BTCUSDT: bp6.0|
2023-08-21 18:36:26,840
Adjustment limit #4 ... 
 we cancel current orders and replace
2023-08-21 18:36:26,841
@+/-0.3125bp limit 
2023-08-21 18:36:26,841
binance_cancel_and_replace_orders_peg 20230821_183626
2023-08-21 18:36:28,822
binance_place_orders_peg 20230821_183628
2023-08-21 18:36:29,263
{'orderId': 182593042279, 'symbol': 'BTCUSDT', 'status': 'NEW', 'clientOrderId': 'GvsiPz0v426KdVqiiGXM10', 'price': '26043.10', 'avgPrice': '0.00', 'origQty': '0.002', 'executedQty': '0.000', 'cumQty': '0.000', 'cumQuote': '0.00000', 'timeInForce': 'GTC', 'type': 'LIMIT', 'reduceOnly': False, 'closePosition': False, 'side': 'BUY', 'positionSide': 'BOTH', 'stopPrice': '0.00', 'workingType': 'CONTRACT_PRICE', 'priceProtect': False, 'origType': 'LIMIT', 'updateTime': 1692642989153}
2023-08-21 18:36:30,577
update 0: filled 2 / 3 (+ETHUSDT,+XRPUSDT) | working 1 / 3 (+BTCUSDT)
2023-08-21 18:36:34,578
+BTCUSDT: bp0.0|
2023-08-21 18:36:35,892
update 1: filled 2 / 3 (+ETHUSDT,+XRPUSDT) | working 1 / 3 (+BTCUSDT)
2023-08-21 18:36:39,893
+BTCUSDT: bp0.0|
2023-08-21 18:36:41,208
update 2: filled 2 / 3 (+ETHUSDT,+XRPUSDT) | working 1 / 3 (+BTCUSDT)
2023-08-21 18:36:45,208
+BTCUSDT: bp0.0|
2023-08-21 18:36:46,530
update 3: filled 2 / 3 (+ETHUSDT,+XRPUSDT) | working 1 / 3 (+BTCUSDT)
2023-08-21 18:36:50,531
+BTCUSDT: bp0.0|
2023-08-21 18:36:51,844
update 4: filled 2 / 3 (+ETHUSDT,+XRPUSDT) | working 1 / 3 (+BTCUSDT)
2023-08-21 18:36:55,845
+BTCUSDT: bp0.0|
2023-08-21 18:36:57,161
update 5: filled 2 / 3 (+ETHUSDT,+XRPUSDT) | working 1 / 3 (+BTCUSDT)
2023-08-21 18:37:01,162
+BTCUSDT: bp0.0|
2023-08-21 18:37:02,477
update 6: filled 2 / 3 (+ETHUSDT,+XRPUSDT) | working 1 / 3 (+BTCUSDT)
2023-08-21 18:37:06,478
+BTCUSDT: bp0.0|
2023-08-21 18:37:07,792
update 7: filled 2 / 3 (+ETHUSDT,+XRPUSDT) | working 1 / 3 (+BTCUSDT)
2023-08-21 18:37:11,793
+BTCUSDT: bp1.0|
2023-08-21 18:37:13,108
update 8: filled 2 / 3 (+ETHUSDT,+XRPUSDT) | working 1 / 3 (+BTCUSDT)
2023-08-21 18:37:17,108
+BTCUSDT: bp2.0|
2023-08-21 18:37:18,423
update 9: filled 2 / 3 (+ETHUSDT,+XRPUSDT) | working 1 / 3 (+BTCUSDT)
2023-08-21 18:37:22,423
+BTCUSDT: bp2.0|
2023-08-21 18:37:23,742
update 10: filled 2 / 3 (+ETHUSDT,+XRPUSDT) | working 1 / 3 (+BTCUSDT)
2023-08-21 18:37:27,743
+BTCUSDT: bp3.0|
2023-08-21 18:37:29,058
update 11: filled 2 / 3 (+ETHUSDT,+XRPUSDT) | working 1 / 3 (+BTCUSDT)
2023-08-21 18:37:33,059
+BTCUSDT: bp3.0|
2023-08-21 18:37:34,372
update 12: filled 2 / 3 (+ETHUSDT,+XRPUSDT) | working 1 / 3 (+BTCUSDT)
2023-08-21 18:37:38,373
+BTCUSDT: bp3.0|
2023-08-21 18:37:39,692
update 13: filled 2 / 3 (+ETHUSDT,+XRPUSDT) | working 1 / 3 (+BTCUSDT)
2023-08-21 18:37:43,692
+BTCUSDT: bp3.0|
2023-08-21 18:37:45,009
update 14: filled 2 / 3 (+ETHUSDT,+XRPUSDT) | working 1 / 3 (+BTCUSDT)
2023-08-21 18:37:49,010
+BTCUSDT: bp3.0|
2023-08-21 18:37:49,010
Adjustment limit #5 ... 
 we cancel current orders and replace
2023-08-21 18:37:49,010
@+/-0.15625bp limit 
2023-08-21 18:37:49,010
binance_cancel_and_replace_orders_peg 20230821_183749
2023-08-21 18:37:51,010
binance_place_orders_peg 20230821_183751
2023-08-21 18:37:51,449
{'orderId': 182593342709, 'symbol': 'BTCUSDT', 'status': 'NEW', 'clientOrderId': 'p0Ie9I92IvMKrTqfUj83vs', 'price': '26044.90', 'avgPrice': '0.00', 'origQty': '0.002', 'executedQty': '0.000', 'cumQty': '0.000', 'cumQuote': '0.00000', 'timeInForce': 'GTC', 'type': 'LIMIT', 'reduceOnly': False, 'closePosition': False, 'side': 'BUY', 'positionSide': 'BOTH', 'stopPrice': '0.00', 'workingType': 'CONTRACT_PRICE', 'priceProtect': False, 'origType': 'LIMIT', 'updateTime': 1692643071341}
2023-08-21 18:37:52,764
update 0: filled 3 / 3 (+ETHUSDT,+XRPUSDT,+BTCUSDT) | working 0 / 3 ()
2023-08-21 18:37:59,652
Trades of the day
in$
as of: 21Aug 18:31>>18:37 (#trades: 3)
trade net: +145.0 (+52.5%), trade gross: +145.0 (+52.5%), BUY: +145.0 (+52.5%), SELL: +0.0 (+0.0%)
fees: $ 0.029 (2.0bp)
2023-08-21 18:38:00,324
Trades: 
Filled #3
______________________________________________
                   in$ | in bp 144 traded | in bp 276 AUMs
realizedPnl    +0      | +0      | +0     
PnLvsArrival   +0.01   | +1      | +0     
PnLvsLast      +0.11   | +8      | +4     
______________________________________________
                 | Value$ | PnL Arrival/Last 
______________________________________________
XRP:+89@0.5169  | +46$ | -0/0.09
ETH:+0.028@1664.48 | +47$ | 0.02/0.02
BTC:+0.002@26044.9 | +52$ | -0.01/-0
2023-08-21 18:38:00,885
***************************
Positions after orders
***************************
2023-08-21 18:38:00,886
      symbol  qty_ptf    execP  ...   updateTime   AUMs     w%
225  BTCUSDT    0.002  26044.9  ...  21Aug-18:37  276.2  0.189
138  ETHUSDT    0.028  1664.48  ...  21Aug-18:31  276.2  0.169
111  XRPUSDT   89.000   0.5169  ...  21Aug-18:33  276.2  0.167

[3 rows x 9 columns]
2023-08-21 18:38:00,892
***************************
2023-08-21 18:38:01,547
3 STOP orders will be placed
2023-08-21 18:38:01,547
@+/-500.0bp limit
2023-08-21 18:38:01,547
binance_place_orders_peg 20230821_183801
2023-08-21 18:38:01,991
{'orderId': 182593382710, 'symbol': 'BTCUSDT', 'status': 'NEW', 'clientOrderId': 'Nydck8wQsoxm50CAvtEPUS', 'price': '0.00', 'avgPrice': '0.00', 'origQty': '0.002', 'executedQty': '0.000', 'cumQty': '0.000', 'cumQuote': '0.00000', 'timeInForce': 'GTC', 'type': 'STOP_MARKET', 'reduceOnly': False, 'closePosition': False, 'side': 'SELL', 'positionSide': 'BOTH', 'stopPrice': '24741.70', 'workingType': 'CONTRACT_PRICE', 'priceProtect': False, 'origType': 'STOP_MARKET', 'updateTime': 1692643081884}
2023-08-21 18:38:02,429
{'orderId': 8389765613551677928, 'symbol': 'ETHUSDT', 'status': 'NEW', 'clientOrderId': 'GVzLHTvLHw9LjmFJDq9cbr', 'price': '0.00', 'avgPrice': '0.00', 'origQty': '0.028', 'executedQty': '0.000', 'cumQty': '0.000', 'cumQuote': '0.00000', 'timeInForce': 'GTC', 'type': 'STOP_MARKET', 'reduceOnly': False, 'closePosition': False, 'side': 'SELL', 'positionSide': 'BOTH', 'stopPrice': '1581.94', 'workingType': 'CONTRACT_PRICE', 'priceProtect': False, 'origType': 'STOP_MARKET', 'updateTime': 1692643082321}
2023-08-21 18:38:02,872
{'orderId': 39880568873, 'symbol': 'XRPUSDT', 'status': 'NEW', 'clientOrderId': 'wqrfoDk2Hidjf1Ly8NJlk7', 'price': '0.0000', 'avgPrice': '0.00', 'origQty': '89.0', 'executedQty': '0.0', 'cumQty': '0.0', 'cumQuote': '0.00000', 'timeInForce': 'GTC', 'type': 'STOP_MARKET', 'reduceOnly': False, 'closePosition': False, 'side': 'SELL', 'positionSide': 'BOTH', 'stopPrice': '0.4920', 'workingType': 'CONTRACT_PRICE', 'priceProtect': False, 'origType': 'STOP_MARKET', 'updateTime': 1692643082761}
