2024-05-11 00:31:19,697
ON program started 20240511 00:31:19,
US time: 20240510 20:31:19
2024-05-11 00:31:20,743
the strat is currently running @ 11-05-2024 and the target positions is SHORT
2024-05-11 00:31:22,159
CURRENT STATUS IS SHORT, WE CHECK IF THE DAY IS A NEGATIVE ONE
-----
return before 14h30:
BTCUSDT+0.11%, ETHUSDT+0.25%, XRPUSDT+0.34%
-----
target alloc initial:BTCUSDT-4.17%, ETHUSDT+0.00%, XRPUSDT-4.17%
-----
alloc target x rt%<0:BTCUSDT-0.00%, ETHUSDT+0.00%, XRPUSDT-0.00%
-----
           BTCUSDT ETHUSDT XRPUSDT
w_target     -4.2%    0.0%   -4.2%
rt_14h30     0.00%   0.00%   0.00%
w_target_f   -0.0%    0.0%   -0.0%
2024-05-11 00:31:22,160
Portfolio was rebalanced less than 2 hours ago, 1.0 hours ago
2024-05-11 00:31:22,162
Status: prev = SHORT <> SHORT = target
2024-05-11 00:31:22,162
the strat is currently running @ 11-05-2024 and the target positions is SHORT
the strat was previously run @ 2024-05-10 23:30:50, success:yes 
   and the current positions is SHORT
2024-05-11 00:31:23,368
positions_future #1
2024-05-11 00:31:23,369
      symbol  positionAmt entryPrice  ... adlQuantile AUMs_account       w%
134  XRPUSDT        -24.6     0.5008  ...           1        280.5 -0.04417

[1 rows x 12 columns]
2024-05-11 00:31:23,464
programm stoppeddd!!! 20240511_003123
