2024-02-22 21:31:04,946
ON program started 20240222 21:31:04,
US time: 20240222 16:31:04
2024-02-22 21:31:05,405
the strat is currently running @ 22-02-2024 and the target positions is LONG
2024-02-22 21:31:06,873
CURRENT STATUS IS LONG
-----
return before 14h30:
BTCUSDT-1.32%, ETHUSDT-0.78%, XRPUSDT-1.75%
-----
target alloc initial:BTCUSDT+16.67%, ETHUSDT+16.67%, XRPUSDT+16.67%
-----
alloc target x rt%<0:BTCUSDT+16.67%, ETHUSDT+16.67%, XRPUSDT+16.67%
-----
           BTCUSDT ETHUSDT XRPUSDT
w_target     16.7%   16.7%   16.7%
rt_14h30    -0.01%  -0.01%  -0.02%
w_target_f   16.7%   16.7%   16.7%
2024-02-22 21:31:06,874
Portfolio was rebalanced less than 2 hours ago, 1.0 hours ago
2024-02-22 21:31:06,876
Status: prev = LONG <> LONG = target
2024-02-22 21:31:06,876
the strat is currently running @ 22-02-2024 and the target positions is LONG
the strat was previously run @ 2024-02-22 20:31:18, success:yes 
   and the current positions is LONG
2024-02-22 21:31:08,076
positions_future #2
2024-02-22 21:31:08,076
      symbol  positionAmt entryPrice  ... adlQuantile AUMs_account        w%
122  XRPUSDT       89.400     0.5481  ...           2        294.4  0.166600
152  ETHUSDT        0.016    2994.13  ...           1        294.4  0.162458

[2 rows x 12 columns]
2024-02-22 21:31:08,153
programm stoppeddd!!! 20240222_213108
