2024-02-13 23:31:01,169
ON program started 20240213 23:31:01,
US time: 20240213 18:31:01
2024-02-13 23:31:01,657
the strat is currently running @ 13-02-2024 and the target positions is SHORT
2024-02-13 23:31:03,051
CURRENT STATUS IS SHORT, WE CHECK IF THE DAY IS A NEGATIVE ONE
-----
return before 14h30:
BTCUSDT-0.78%, ETHUSDT-0.62%, XRPUSDT-1.66%
-----
target alloc initial:BTCUSDT-4.17%, ETHUSDT+0.00%, XRPUSDT-4.17%
-----
alloc target x rt%<0:BTCUSDT-4.17%, ETHUSDT+0.00%, XRPUSDT-4.17%
-----
           BTCUSDT ETHUSDT XRPUSDT
w_target     -4.2%    0.0%   -4.2%
rt_14h30    -0.01%  -0.01%  -0.02%
w_target_f   -4.2%    0.0%   -4.2%
2024-02-13 23:31:03,052
Portfolio was rebalanced less than 2 hours ago, 1.0 hours ago
2024-02-13 23:31:03,053
Status: prev = SHORT <> LONG = target
2024-02-13 23:31:03,053
the strat is currently running @ 13-02-2024 and the target positions is SHORT
the strat was previously run @ 2024-02-13 22:30:44, success:yes 
   and the current positions is LONG
2024-02-13 23:31:04,246
positions_future #2
2024-02-13 23:31:04,247
      symbol  positionAmt entryPrice  ... adlQuantile AUMs_account        w%
119  XRPUSDT       91.200     0.5268  ...           1        289.4  0.165745
148  ETHUSDT        0.018    2630.95  ...           2        289.4  0.164076

[2 rows x 12 columns]
2024-02-13 23:31:04,492
------------------------------
binance_account_balance
2024-02-13 23:31:04,493
  asset    balance  ...  marginAvailable   updateTime
5  USDT  289.32132  ...             True  13Feb-19:36

[1 rows x 8 columns]
2024-02-13 23:31:05,158
------------------------------
open_orders
2024-02-13 23:31:05,158
Empty DataFrame
Columns: []
Index: []
2024-02-13 23:31:05,817
------------------------------
AUMS account:289

2024-02-13 23:31:05,819
--------------- compute_futures_order_book() ----------------
2024-02-13 23:31:07,366
----------------------------------------------------------------------
#2 order(s) to place
gross$: 107$ | net$: -107$
gross%: 37% | net%: -37%
 || w>0%  +0% | w<0%  -37%
----------------------------------------------------------------------
PTF Expo% 32.8% >> -8.3% (current>>target)
PTF expo $95.0 >> $-24 (current>>target)
----------------------------------------------------------------------
2024-02-13 23:31:07,367
orders_ofthe_day
2024-02-13 23:31:07,367
                  ptf_usd  target_usd  totrd_usd  ...       bid        ask strategy
2024-02-13 23:31                                  ...                              
XRPUSDT              48.0      -12.07      -60.0  ...     0.526     0.5261  STRATON
ETHUSDT              47.0        0.00      -47.0  ...  2637.810  2637.8200  STRATON

[2 rows x 10 columns]
2024-02-13 23:31:08,589
binance_place_orders_peg 20240213_233108
2024-02-13 23:31:09,047
{'orderId': 50082061165, 'symbol': 'XRPUSDT', 'status': 'NEW', 'clientOrderId': 'STRATON', 'price': '0.5264', 'avgPrice': '0.00', 'origQty': '114.0', 'executedQty': '0.0', 'cumQty': '0.0', 'cumQuote': '0.00000', 'timeInForce': 'GTC', 'type': 'LIMIT', 'reduceOnly': False, 'closePosition': False, 'side': 'SELL', 'positionSide': 'BOTH', 'stopPrice': '0.0000', 'workingType': 'CONTRACT_PRICE', 'priceProtect': False, 'origType': 'LIMIT', 'priceMatch': 'NONE', 'selfTradePreventionMode': 'NONE', 'goodTillDate': 0, 'updateTime': 1707867068937}
2024-02-13 23:31:09,485
{'orderId': 8389765651906715025, 'symbol': 'ETHUSDT', 'status': 'NEW', 'clientOrderId': 'STRATON', 'price': '2639.45', 'avgPrice': '0.00', 'origQty': '0.018', 'executedQty': '0.000', 'cumQty': '0.000', 'cumQuote': '0.00000', 'timeInForce': 'GTC', 'type': 'LIMIT', 'reduceOnly': False, 'closePosition': False, 'side': 'SELL', 'positionSide': 'BOTH', 'stopPrice': '0.00', 'workingType': 'CONTRACT_PRICE', 'priceProtect': False, 'origType': 'LIMIT', 'priceMatch': 'NONE', 'selfTradePreventionMode': 'NONE', 'goodTillDate': 0, 'updateTime': 1707867069376}
2024-02-13 23:31:11,042
update 0: filled 0 / 2 () | working 2 / 2 (-XRPUSDT,-ETHUSDT)
2024-02-13 23:31:15,043
-XRPUSDT: bp6.0|-ETHUSDT: bp6.0|
2024-02-13 23:31:15,914
update 1: filled 0 / 2 () | working 2 / 2 (-XRPUSDT,-ETHUSDT)
2024-02-13 23:31:19,915
-XRPUSDT: bp6.0|-ETHUSDT: bp6.0|
2024-02-13 23:31:20,783
update 2: filled 0 / 2 () | working 2 / 2 (-XRPUSDT,-ETHUSDT)
2024-02-13 23:31:24,784
-XRPUSDT: bp4.0|-ETHUSDT: bp5.0|
2024-02-13 23:31:25,652
update 3: filled 0 / 2 () | working 2 / 2 (-XRPUSDT,-ETHUSDT)
2024-02-13 23:31:29,653
-XRPUSDT: bp4.0|-ETHUSDT: bp5.0|
2024-02-13 23:31:30,523
update 4: filled 0 / 2 () | working 2 / 2 (-XRPUSDT,-ETHUSDT)
2024-02-13 23:31:34,524
-XRPUSDT: bp4.0|-ETHUSDT: bp6.0|
2024-02-13 23:31:35,395
update 5: filled 0 / 2 () | working 2 / 2 (-XRPUSDT,-ETHUSDT)
2024-02-13 23:31:39,396
-XRPUSDT: bp8.0|-ETHUSDT: bp6.0|
2024-02-13 23:31:40,265
update 6: filled 0 / 2 () | working 2 / 2 (-XRPUSDT,-ETHUSDT)
2024-02-13 23:31:44,266
-XRPUSDT: bp6.0|-ETHUSDT: bp5.0|
2024-02-13 23:31:45,137
update 7: filled 0 / 2 () | working 2 / 2 (-XRPUSDT,-ETHUSDT)
2024-02-13 23:31:49,137
-XRPUSDT: bp8.0|-ETHUSDT: bp5.0|
2024-02-13 23:31:50,005
update 8: filled 0 / 2 () | working 2 / 2 (-XRPUSDT,-ETHUSDT)
2024-02-13 23:31:54,006
-XRPUSDT: bp8.0|-ETHUSDT: bp4.0|
2024-02-13 23:31:54,879
update 9: filled 0 / 2 () | working 2 / 2 (-XRPUSDT,-ETHUSDT)
2024-02-13 23:31:58,880
-XRPUSDT: bp8.0|-ETHUSDT: bp4.0|
2024-02-13 23:31:59,753
update 10: filled 0 / 2 () | working 2 / 2 (-XRPUSDT,-ETHUSDT)
2024-02-13 23:32:03,754
-XRPUSDT: bp10.0|-ETHUSDT: bp6.0|
2024-02-13 23:32:04,623
update 11: filled 0 / 2 () | working 2 / 2 (-XRPUSDT,-ETHUSDT)
2024-02-13 23:32:08,623
-XRPUSDT: bp8.0|-ETHUSDT: bp6.0|
2024-02-13 23:32:09,493
update 12: filled 0 / 2 () | working 2 / 2 (-XRPUSDT,-ETHUSDT)
2024-02-13 23:32:13,493
-XRPUSDT: bp8.0|-ETHUSDT: bp5.0|
2024-02-13 23:32:14,362
update 13: filled 0 / 2 () | working 2 / 2 (-XRPUSDT,-ETHUSDT)
2024-02-13 23:32:18,363
-XRPUSDT: bp10.0|-ETHUSDT: bp5.0|
2024-02-13 23:32:19,240
update 14: filled 0 / 2 () | working 2 / 2 (-XRPUSDT,-ETHUSDT)
2024-02-13 23:32:23,241
-XRPUSDT: bp10.0|-ETHUSDT: bp5.0|
2024-02-13 23:32:23,241
Adjustment limit #1 ... 
 we cancel current orders and replace
2024-02-13 23:32:23,241
@+/-2.5bp limit 
2024-02-13 23:32:23,241
binance_cancel_and_replace_orders_peg 20240213_233223
2024-02-13 23:32:25,424
binance_place_orders_peg 20240213_233225
2024-02-13 23:32:25,863
{'orderId': 50082122716, 'symbol': 'XRPUSDT', 'status': 'NEW', 'clientOrderId': 'STRATON', 'price': '0.5261', 'avgPrice': '0.00', 'origQty': '114.0', 'executedQty': '0.0', 'cumQty': '0.0', 'cumQuote': '0.00000', 'timeInForce': 'GTC', 'type': 'LIMIT', 'reduceOnly': False, 'closePosition': False, 'side': 'SELL', 'positionSide': 'BOTH', 'stopPrice': '0.0000', 'workingType': 'CONTRACT_PRICE', 'priceProtect': False, 'origType': 'LIMIT', 'priceMatch': 'NONE', 'selfTradePreventionMode': 'NONE', 'goodTillDate': 0, 'updateTime': 1707867145749}
2024-02-13 23:32:26,298
{'orderId': 8389765651906956420, 'symbol': 'ETHUSDT', 'status': 'NEW', 'clientOrderId': 'STRATON', 'price': '2638.88', 'avgPrice': '0.00', 'origQty': '0.018', 'executedQty': '0.000', 'cumQty': '0.000', 'cumQuote': '0.00000', 'timeInForce': 'GTC', 'type': 'LIMIT', 'reduceOnly': False, 'closePosition': False, 'side': 'SELL', 'positionSide': 'BOTH', 'stopPrice': '0.00', 'workingType': 'CONTRACT_PRICE', 'priceProtect': False, 'origType': 'LIMIT', 'priceMatch': 'NONE', 'selfTradePreventionMode': 'NONE', 'goodTillDate': 0, 'updateTime': 1707867146187}
2024-02-13 23:32:27,181
update 0: filled 0 / 2 () | working 2 / 2 (-XRPUSDT,-ETHUSDT)
2024-02-13 23:32:31,181
-XRPUSDT: bp2.0|-ETHUSDT: bp2.0|
2024-02-13 23:32:32,050
update 1: filled 0 / 2 () | working 2 / 2 (-XRPUSDT,-ETHUSDT)
2024-02-13 23:32:36,051
-XRPUSDT: bp2.0|-ETHUSDT: bp3.0|
2024-02-13 23:32:36,920
update 2: filled 0 / 2 () | working 2 / 2 (-XRPUSDT,-ETHUSDT)
2024-02-13 23:32:40,921
-XRPUSDT: bp2.0|-ETHUSDT: bp3.0|
2024-02-13 23:32:41,789
update 3: filled 0 / 2 () | working 2 / 2 (-XRPUSDT,-ETHUSDT)
2024-02-13 23:32:45,790
-XRPUSDT: bp2.0|-ETHUSDT: bp3.0|
2024-02-13 23:32:46,661
update 4: filled 0 / 2 () | working 2 / 2 (-XRPUSDT,-ETHUSDT)
2024-02-13 23:32:50,662
-XRPUSDT: bp2.0|-ETHUSDT: bp3.0|
2024-02-13 23:32:51,531
update 5: filled 0 / 2 () | working 2 / 2 (-XRPUSDT,-ETHUSDT)
2024-02-13 23:32:55,532
-XRPUSDT: bp2.0|-ETHUSDT: bp3.0|
2024-02-13 23:32:56,402
update 6: filled 0 / 2 () | working 2 / 2 (-XRPUSDT,-ETHUSDT)
2024-02-13 23:33:00,403
-XRPUSDT: bp2.0|-ETHUSDT: bp3.0|
2024-02-13 23:33:01,271
update 7: filled 0 / 2 () | working 2 / 2 (-XRPUSDT,-ETHUSDT)
2024-02-13 23:33:05,272
-XRPUSDT: bp2.0|-ETHUSDT: bp3.0|
2024-02-13 23:33:06,140
update 8: filled 0 / 2 () | working 2 / 2 (-XRPUSDT,-ETHUSDT)
2024-02-13 23:33:10,141
-XRPUSDT: bp4.0|-ETHUSDT: bp2.0|
2024-02-13 23:33:11,009
update 9: filled 0 / 2 () | working 2 / 2 (-XRPUSDT,-ETHUSDT)
2024-02-13 23:33:15,010
-XRPUSDT: bp0.0|-ETHUSDT: bp2.0|
2024-02-13 23:33:15,878
update 10: filled 0 / 2 () | working 2 / 2 (-XRPUSDT,-ETHUSDT)
2024-02-13 23:33:19,878
-XRPUSDT: bp2.0|-ETHUSDT: bp3.0|
2024-02-13 23:33:20,748
update 11: filled 1 / 2 (-XRPUSDT) | working 1 / 2 (-ETHUSDT)
2024-02-13 23:33:24,749
-ETHUSDT: bp2.0|
2024-02-13 23:33:25,617
update 12: filled 1 / 2 (-XRPUSDT) | working 1 / 2 (-ETHUSDT)
2024-02-13 23:33:29,617
-ETHUSDT: bp2.0|
2024-02-13 23:33:30,487
update 13: filled 1 / 2 (-XRPUSDT) | working 1 / 2 (-ETHUSDT)
2024-02-13 23:33:34,488
-ETHUSDT: bp3.0|
2024-02-13 23:33:35,357
update 14: filled 1 / 2 (-XRPUSDT) | working 1 / 2 (-ETHUSDT)
2024-02-13 23:33:39,358
-ETHUSDT: bp3.0|
2024-02-13 23:33:39,358
Adjustment limit #2 ... 
 we cancel current orders and replace
2024-02-13 23:33:39,358
@+/-1.25bp limit 
2024-02-13 23:33:39,358
binance_cancel_and_replace_orders_peg 20240213_233339
2024-02-13 23:33:40,891
binance_place_orders_peg 20240213_233340
2024-02-13 23:33:41,327
{'orderId': 8389765651907184842, 'symbol': 'ETHUSDT', 'status': 'NEW', 'clientOrderId': 'STRATON', 'price': '2638.35', 'avgPrice': '0.00', 'origQty': '0.018', 'executedQty': '0.000', 'cumQty': '0.000', 'cumQuote': '0.00000', 'timeInForce': 'GTC', 'type': 'LIMIT', 'reduceOnly': False, 'closePosition': False, 'side': 'SELL', 'positionSide': 'BOTH', 'stopPrice': '0.00', 'workingType': 'CONTRACT_PRICE', 'priceProtect': False, 'origType': 'LIMIT', 'priceMatch': 'NONE', 'selfTradePreventionMode': 'NONE', 'goodTillDate': 0, 'updateTime': 1707867221216}
2024-02-13 23:33:42,206
update 0: filled 1 / 2 (-XRPUSDT) | working 1 / 2 (-ETHUSDT)
2024-02-13 23:33:46,206
-ETHUSDT: bp1.0|
2024-02-13 23:33:47,074
update 1: filled 1 / 2 (-XRPUSDT) | working 1 / 2 (-ETHUSDT)
2024-02-13 23:33:51,075
-ETHUSDT: bp1.0|
2024-02-13 23:33:51,944
update 2: filled 1 / 2 (-XRPUSDT) | working 1 / 2 (-ETHUSDT)
2024-02-13 23:33:55,945
-ETHUSDT: bp4.0|
2024-02-13 23:33:56,813
update 3: filled 1 / 2 (-XRPUSDT) | working 1 / 2 (-ETHUSDT)
2024-02-13 23:34:00,814
-ETHUSDT: bp3.0|
2024-02-13 23:34:01,687
update 4: filled 1 / 2 (-XRPUSDT) | working 1 / 2 (-ETHUSDT)
2024-02-13 23:34:05,687
-ETHUSDT: bp4.0|
2024-02-13 23:34:06,556
update 5: filled 1 / 2 (-XRPUSDT) | working 1 / 2 (-ETHUSDT)
2024-02-13 23:34:10,557
-ETHUSDT: bp5.0|
2024-02-13 23:34:11,426
update 6: filled 1 / 2 (-XRPUSDT) | working 1 / 2 (-ETHUSDT)
2024-02-13 23:34:15,427
-ETHUSDT: bp5.0|
2024-02-13 23:34:16,299
update 7: filled 1 / 2 (-XRPUSDT) | working 1 / 2 (-ETHUSDT)
2024-02-13 23:34:20,299
-ETHUSDT: bp5.0|
2024-02-13 23:34:21,171
update 8: filled 1 / 2 (-XRPUSDT) | working 1 / 2 (-ETHUSDT)
2024-02-13 23:34:25,172
-ETHUSDT: bp5.0|
2024-02-13 23:34:26,043
update 9: filled 1 / 2 (-XRPUSDT) | working 1 / 2 (-ETHUSDT)
2024-02-13 23:34:30,044
-ETHUSDT: bp4.0|
2024-02-13 23:34:30,913
update 10: filled 1 / 2 (-XRPUSDT) | working 1 / 2 (-ETHUSDT)
2024-02-13 23:34:34,914
-ETHUSDT: bp5.0|
2024-02-13 23:34:35,783
update 11: filled 1 / 2 (-XRPUSDT) | working 1 / 2 (-ETHUSDT)
2024-02-13 23:34:39,784
-ETHUSDT: bp6.0|
2024-02-13 23:34:40,653
update 12: filled 1 / 2 (-XRPUSDT) | working 1 / 2 (-ETHUSDT)
2024-02-13 23:34:44,653
-ETHUSDT: bp5.0|
2024-02-13 23:34:45,525
update 13: filled 1 / 2 (-XRPUSDT) | working 1 / 2 (-ETHUSDT)
2024-02-13 23:34:49,525
-ETHUSDT: bp5.0|
2024-02-13 23:34:50,394
update 14: filled 1 / 2 (-XRPUSDT) | working 1 / 2 (-ETHUSDT)
2024-02-13 23:34:54,394
-ETHUSDT: bp6.0|
2024-02-13 23:34:54,395
Adjustment limit #3 ... 
 we cancel current orders and replace
2024-02-13 23:34:54,395
@+/-0.625bp limit 
2024-02-13 23:34:54,395
binance_cancel_and_replace_orders_peg 20240213_233454
2024-02-13 23:34:55,928
binance_place_orders_peg 20240213_233455
2024-02-13 23:34:56,365
{'orderId': 8389765651907446190, 'symbol': 'ETHUSDT', 'status': 'NEW', 'clientOrderId': 'STRATON', 'price': '2637.15', 'avgPrice': '0.00', 'origQty': '0.018', 'executedQty': '0.000', 'cumQty': '0.000', 'cumQuote': '0.00000', 'timeInForce': 'GTC', 'type': 'LIMIT', 'reduceOnly': False, 'closePosition': False, 'side': 'SELL', 'positionSide': 'BOTH', 'stopPrice': '0.00', 'workingType': 'CONTRACT_PRICE', 'priceProtect': False, 'origType': 'LIMIT', 'priceMatch': 'NONE', 'selfTradePreventionMode': 'NONE', 'goodTillDate': 0, 'updateTime': 1707867296255}
2024-02-13 23:34:57,243
update 0: filled 1 / 2 (-XRPUSDT) | working 1 / 2 (-ETHUSDT)
2024-02-13 23:35:01,243
-ETHUSDT: bp1.0|
2024-02-13 23:35:02,117
update 1: filled 1 / 2 (-XRPUSDT) | working 1 / 2 (-ETHUSDT)
2024-02-13 23:35:06,118
-ETHUSDT: bp1.0|
2024-02-13 23:35:06,996
update 2: filled 2 / 2 (-XRPUSDT,-ETHUSDT) | working 0 / 2 ()
2024-02-13 23:35:13,420
Trades of the day
in$
as of: 13Feb 23:33>>23:35 (#trades: 2)
trade net: -107.0 (-37.0%), trade gross: +107.0 (+37.0%), BUY: +0.0 (+0.0%), SELL: -107.0 (-37.0%)
fees: $ 0.021 (2.0bp)
2024-02-13 23:35:13,869
Trades: 
Filled #2
______________________________________________
                   in$ | in bp 107 traded | in bp 289 AUMs
realizedPnl    +0.05   | +5      | +2     
PnLvsArrival   +0      | +0      | +0     
PnLvsLast      +0.01   | +1      | +0     
______________________________________________
                 | Value$ | PnL Arrival/Last 
______________________________________________
XRP:-114@0.5261 | -60$ | 0.01/0.01
ETH:-0.018@2637.15 | -47$ | -0.01/-0
