2024-10-10 02:30:52,966
ON program started 20241010 02:30:52,
US time: 20241009 22:30:52
2024-10-10 02:30:53,438
the strat is currently running @ 10-10-2024 and the target positions is NEUTRAL
2024-10-10 02:30:54,734
CURRENT STATUS IS NEUTRAL
-----
return before 14h30:
BTCUSDT+0.38%, ETHUSDT+1.11%, XRPUSDT+0.59%
-----
target alloc initial:BTCUSDT+0.00%, ETHUSDT+0.00%, XRPUSDT+0.00%
-----
alloc target x rt%<0:BTCUSDT+0.00%, ETHUSDT+0.00%, XRPUSDT+0.00%
-----
           BTCUSDT ETHUSDT XRPUSDT
w_target      0.0%    0.0%    0.0%
rt_14h30     0.00%   0.01%   0.01%
w_target_f    0.0%    0.0%    0.0%
2024-10-10 02:30:54,735
Portfolio was rebalanced less than 2 hours ago, 1.0 hours ago
2024-10-10 02:30:54,737
Status: prev = NEUTRAL <> SHORT = target
2024-10-10 02:30:54,737
the strat is currently running @ 10-10-2024 and the target positions is NEUTRAL
the strat was previously run @ 2024-10-10 01:30:54, success:yes 
   and the current positions is SHORT
2024-10-10 02:30:55,275
positions_future #1
2024-10-10 02:30:55,275
      symbol  positionAmt entryPrice  ... adlQuantile AUMs_account        w%
147  XRPUSDT        -22.9     0.5242  ...           1        283.8 -0.042565

[1 rows x 12 columns]
2024-10-10 02:30:55,504
------------------------------
binance_account_balance
2024-10-10 02:30:55,504
  asset     balance  ...  marginAvailable   updateTime
4  USDT  283.871024  ...             True  09Oct-23:32

[1 rows x 8 columns]
2024-10-10 02:30:55,927
------------------------------
open_orders
2024-10-10 02:30:55,927
Empty DataFrame
Columns: []
Index: []
2024-10-10 02:30:56,938
------------------------------
AUMS account:283

2024-10-10 02:30:56,940
--------------- compute_futures_order_book() ----------------
2024-10-10 02:30:59,403
----------------------------------------------------------------------
#1 order(s) to place
gross$: 12$ | net$: +12$
gross%: 4% | net%: +4%
 || w>0%  +4% | w<0%  0%
----------------------------------------------------------------------
PTF Expo% -4.2% >> 0.0% (current>>target)
PTF expo $-12.0 >> $0 (current>>target)
----------------------------------------------------------------------
2024-10-10 02:30:59,404
orders_ofthe_day
2024-10-10 02:30:59,404
                  ptf_usd  target_usd  totrd_usd  ...     bid     ask strategy
2024-10-10 02:30                                  ...                         
XRPUSDT             -12.0         0.0       12.0  ...  0.5274  0.5275  STRATON

[1 rows x 10 columns]
2024-10-10 02:31:01,138
binance_place_orders_peg 20241010_023101
2024-10-10 02:31:01,553
{'orderId': 67501121833, 'symbol': 'XRPUSDT', 'status': 'NEW', 'clientOrderId': 'STRATON', 'price': '0.5271', 'avgPrice': '0.00', 'origQty': '22.9', 'executedQty': '0.0', 'cumQty': '0.0', 'cumQuote': '0.00000', 'timeInForce': 'GTC', 'type': 'LIMIT', 'reduceOnly': True, 'closePosition': False, 'side': 'BUY', 'positionSide': 'BOTH', 'stopPrice': '0.0000', 'workingType': 'CONTRACT_PRICE', 'priceProtect': False, 'origType': 'LIMIT', 'priceMatch': 'NONE', 'selfTradePreventionMode': 'NONE', 'goodTillDate': 0, 'updateTime': 1728527461450}
2024-10-10 02:31:02,432
update 0: filled 0 / 1 () | working 1 / 1 (+XRPUSDT)
2024-10-10 02:31:06,433
+XRPUSDT: bp6.0|
2024-10-10 02:31:06,875
update 1: filled 0 / 1 () | working 1 / 1 (+XRPUSDT)
2024-10-10 02:31:10,876
+XRPUSDT: bp8.0|
2024-10-10 02:31:11,290
update 2: filled 0 / 1 () | working 1 / 1 (+XRPUSDT)
2024-10-10 02:31:15,291
+XRPUSDT: bp6.0|
2024-10-10 02:31:15,704
update 3: filled 0 / 1 () | working 1 / 1 (+XRPUSDT)
2024-10-10 02:31:19,704
+XRPUSDT: bp6.0|
2024-10-10 02:31:20,120
update 4: filled 0 / 1 () | working 1 / 1 (+XRPUSDT)
2024-10-10 02:31:24,120
+XRPUSDT: bp9.0|
2024-10-10 02:31:24,535
update 5: filled 0 / 1 () | working 1 / 1 (+XRPUSDT)
2024-10-10 02:31:28,536
+XRPUSDT: bp9.0|
2024-10-10 02:31:28,951
update 6: filled 0 / 1 () | working 1 / 1 (+XRPUSDT)
2024-10-10 02:31:32,952
+XRPUSDT: bp9.0|
2024-10-10 02:31:33,368
update 7: filled 0 / 1 () | working 1 / 1 (+XRPUSDT)
2024-10-10 02:31:37,369
+XRPUSDT: bp11.0|
2024-10-10 02:31:37,786
update 8: filled 0 / 1 () | working 1 / 1 (+XRPUSDT)
2024-10-10 02:31:41,787
+XRPUSDT: bp11.0|
2024-10-10 02:31:42,202
update 9: filled 0 / 1 () | working 1 / 1 (+XRPUSDT)
2024-10-10 02:31:46,203
+XRPUSDT: bp11.0|
2024-10-10 02:31:46,620
update 10: filled 0 / 1 () | working 1 / 1 (+XRPUSDT)
2024-10-10 02:31:50,621
+XRPUSDT: bp13.0|
2024-10-10 02:31:51,037
update 11: filled 0 / 1 () | working 1 / 1 (+XRPUSDT)
2024-10-10 02:31:55,037
+XRPUSDT: bp13.0|
2024-10-10 02:31:55,452
update 12: filled 0 / 1 () | working 1 / 1 (+XRPUSDT)
2024-10-10 02:31:59,453
+XRPUSDT: bp15.0|
2024-10-10 02:31:59,867
update 13: filled 0 / 1 () | working 1 / 1 (+XRPUSDT)
2024-10-10 02:32:03,868
+XRPUSDT: bp17.0|
2024-10-10 02:32:04,282
update 14: filled 0 / 1 () | working 1 / 1 (+XRPUSDT)
2024-10-10 02:32:08,283
+XRPUSDT: bp19.0|
2024-10-10 02:32:08,283
Adjustment limit #1 ... 
 we cancel current orders and replace
2024-10-10 02:32:08,283
@+/-2.5bp limit 
2024-10-10 02:32:08,283
binance_cancel_and_replace_orders_peg 20241010_023208
2024-10-10 02:32:09,328
binance_place_orders_peg 20241010_023209
2024-10-10 02:32:09,744
{'orderId': 67501206038, 'symbol': 'XRPUSDT', 'status': 'NEW', 'clientOrderId': 'STRATON', 'price': '0.5278', 'avgPrice': '0.00', 'origQty': '22.9', 'executedQty': '0.0', 'cumQty': '0.0', 'cumQuote': '0.00000', 'timeInForce': 'GTC', 'type': 'LIMIT', 'reduceOnly': False, 'closePosition': False, 'side': 'BUY', 'positionSide': 'BOTH', 'stopPrice': '0.0000', 'workingType': 'CONTRACT_PRICE', 'priceProtect': False, 'origType': 'LIMIT', 'priceMatch': 'NONE', 'selfTradePreventionMode': 'NONE', 'goodTillDate': 0, 'updateTime': 1728527529638}
2024-10-10 02:32:10,174
update 0: filled 0 / 1 () | working 1 / 1 (+XRPUSDT)
2024-10-10 02:32:14,174
+XRPUSDT: bp6.0|
2024-10-10 02:32:14,591
update 1: filled 0 / 1 () | working 1 / 1 (+XRPUSDT)
2024-10-10 02:32:18,611
+XRPUSDT: bp4.0|
2024-10-10 02:32:19,026
update 2: filled 0 / 1 () | working 1 / 1 (+XRPUSDT)
2024-10-10 02:32:23,026
+XRPUSDT: bp6.0|
2024-10-10 02:32:23,442
update 3: filled 0 / 1 () | working 1 / 1 (+XRPUSDT)
2024-10-10 02:32:27,442
+XRPUSDT: bp6.0|
2024-10-10 02:32:27,858
update 4: filled 0 / 1 () | working 1 / 1 (+XRPUSDT)
2024-10-10 02:32:31,858
+XRPUSDT: bp6.0|
2024-10-10 02:32:32,273
update 5: filled 0 / 1 () | working 1 / 1 (+XRPUSDT)
2024-10-10 02:32:36,274
+XRPUSDT: bp6.0|
2024-10-10 02:32:36,689
update 6: filled 0 / 1 () | working 1 / 1 (+XRPUSDT)
2024-10-10 02:32:40,690
+XRPUSDT: bp6.0|
2024-10-10 02:32:41,104
update 7: filled 0 / 1 () | working 1 / 1 (+XRPUSDT)
2024-10-10 02:32:45,105
+XRPUSDT: bp6.0|
2024-10-10 02:32:45,520
update 8: filled 0 / 1 () | working 1 / 1 (+XRPUSDT)
2024-10-10 02:32:49,520
+XRPUSDT: bp6.0|
2024-10-10 02:32:49,936
update 9: filled 0 / 1 () | working 1 / 1 (+XRPUSDT)
2024-10-10 02:32:53,936
+XRPUSDT: bp6.0|
2024-10-10 02:32:54,351
update 10: filled 0 / 1 () | working 1 / 1 (+XRPUSDT)
2024-10-10 02:32:58,351
+XRPUSDT: bp6.0|
2024-10-10 02:32:58,768
update 11: filled 0 / 1 () | working 1 / 1 (+XRPUSDT)
2024-10-10 02:33:02,769
+XRPUSDT: bp6.0|
2024-10-10 02:33:03,185
update 12: filled 0 / 1 () | working 1 / 1 (+XRPUSDT)
2024-10-10 02:33:07,186
+XRPUSDT: bp6.0|
2024-10-10 02:33:07,601
update 13: filled 0 / 1 () | working 1 / 1 (+XRPUSDT)
2024-10-10 02:33:11,601
+XRPUSDT: bp4.0|
2024-10-10 02:33:12,016
update 14: filled 0 / 1 () | working 1 / 1 (+XRPUSDT)
2024-10-10 02:33:16,017
+XRPUSDT: bp6.0|
2024-10-10 02:33:16,017
Adjustment limit #2 ... 
 we cancel current orders and replace
2024-10-10 02:33:16,017
@+/-1.25bp limit 
2024-10-10 02:33:16,017
binance_cancel_and_replace_orders_peg 20241010_023316
2024-10-10 02:33:17,053
binance_place_orders_peg 20241010_023317
2024-10-10 02:33:17,480
{'orderId': 67501265806, 'symbol': 'XRPUSDT', 'status': 'NEW', 'clientOrderId': 'STRATON', 'price': '0.5278', 'avgPrice': '0.00', 'origQty': '22.9', 'executedQty': '0.0', 'cumQty': '0.0', 'cumQuote': '0.00000', 'timeInForce': 'GTC', 'type': 'LIMIT', 'reduceOnly': False, 'closePosition': False, 'side': 'BUY', 'positionSide': 'BOTH', 'stopPrice': '0.0000', 'workingType': 'CONTRACT_PRICE', 'priceProtect': False, 'origType': 'LIMIT', 'priceMatch': 'NONE', 'selfTradePreventionMode': 'NONE', 'goodTillDate': 0, 'updateTime': 1728527597377}
2024-10-10 02:33:17,902
update 0: filled 0 / 1 () | working 1 / 1 (+XRPUSDT)
2024-10-10 02:33:21,902
+XRPUSDT: bp4.0|
2024-10-10 02:33:22,315
update 1: filled 0 / 1 () | working 1 / 1 (+XRPUSDT)
2024-10-10 02:33:26,316
+XRPUSDT: bp4.0|
2024-10-10 02:33:26,733
update 2: filled 0 / 1 () | working 1 / 1 (+XRPUSDT)
2024-10-10 02:33:30,733
+XRPUSDT: bp4.0|
2024-10-10 02:33:31,147
update 3: filled 0 / 1 () | working 1 / 1 (+XRPUSDT)
2024-10-10 02:33:35,147
+XRPUSDT: bp4.0|
2024-10-10 02:33:35,562
update 4: filled 0 / 1 () | working 1 / 1 (+XRPUSDT)
2024-10-10 02:33:39,563
+XRPUSDT: bp4.0|
2024-10-10 02:33:39,978
update 5: filled 0 / 1 () | working 1 / 1 (+XRPUSDT)
2024-10-10 02:33:43,979
+XRPUSDT: bp2.0|
2024-10-10 02:33:44,393
update 6: filled 1 / 1 (+XRPUSDT) | working 0 / 1 ()
2024-10-10 02:33:50,059
Trades of the day
in$
as of: 10Oct 02:33>>02:33 (#trades: 1)
trade net: +12.0 (+4.2%), trade gross: +12.0 (+4.2%), BUY: +12.0 (+4.2%), SELL: +0.0 (+0.0%)
fees: $ 0.002 (2.0bp)
2024-10-10 02:33:50,284
Trades: 
Filled #1
______________________________________________
                   in$ | in bp 12 traded | in bp 283 AUMs
realizedPnl    -0.08   | -66     | -3     
PnLvsArrival   -0.01   | -8      | -0     
PnLvsLast      +0      | +0      | +0     
______________________________________________
                 | Value$ | PnL Arrival/Last 
______________________________________________
XRP:+22.9@0.5278 | +12$ | -0.01/0
