2024-09-05 02:30:43,060
ON program started 20240905 02:30:43,
US time: 20240904 22:30:43
2024-09-05 02:30:43,657
the strat is currently running @ 05-09-2024 and the target positions is NEUTRAL
2024-09-05 02:30:44,979
CURRENT STATUS IS NEUTRAL
-----
return before 14h30:
BTCUSDT-0.24%, ETHUSDT+0.05%, XRPUSDT+0.02%
-----
target alloc initial:BTCUSDT+0.00%, ETHUSDT+0.00%, XRPUSDT+0.00%
-----
alloc target x rt%<0:BTCUSDT+0.00%, ETHUSDT+0.00%, XRPUSDT+0.00%
-----
           BTCUSDT ETHUSDT XRPUSDT
w_target      0.0%    0.0%    0.0%
rt_14h30    -0.00%   0.00%   0.00%
w_target_f    0.0%    0.0%    0.0%
2024-09-05 02:30:44,980
Portfolio was rebalanced less than 2 hours ago, 1.0 hours ago
2024-09-05 02:30:44,982
Status: prev = NEUTRAL <> SHORT = target
2024-09-05 02:30:44,982
the strat is currently running @ 05-09-2024 and the target positions is NEUTRAL
the strat was previously run @ 2024-09-05 01:30:36, success:yes 
   and the current positions is SHORT
2024-09-05 02:30:46,128
positions_future #1
2024-09-05 02:30:46,128
      symbol  positionAmt entryPrice  ... adlQuantile AUMs_account        w%
137  XRPUSDT        -21.4     0.5597  ...           2        296.0 -0.040316

[1 rows x 12 columns]
2024-09-05 02:30:46,358
------------------------------
binance_account_balance
2024-09-05 02:30:46,358
  asset     balance  ...  marginAvailable   updateTime
4  USDT  295.982827  ...             True  04Sep-22:31

[1 rows x 8 columns]
2024-09-05 02:30:46,785
------------------------------
open_orders
2024-09-05 02:30:46,785
Empty DataFrame
Columns: []
Index: []
2024-09-05 02:30:47,402
------------------------------
AUMS account:296

2024-09-05 02:30:47,404
--------------- compute_futures_order_book() ----------------
2024-09-05 02:30:48,867
----------------------------------------------------------------------
#1 order(s) to place
gross$: 12$ | net$: +12$
gross%: 4% | net%: +4%
 || w>0%  +4% | w<0%  0%
----------------------------------------------------------------------
PTF Expo% -4.0% >> 0.0% (current>>target)
PTF expo $-12.0 >> $0 (current>>target)
----------------------------------------------------------------------
2024-09-05 02:30:48,869
orders_ofthe_day
2024-09-05 02:30:48,869
                  ptf_usd  target_usd  totrd_usd  ...     bid     ask strategy
2024-09-05 02:30                                  ...                         
XRPUSDT             -12.0         0.0       12.0  ...  0.5576  0.5577  STRATON

[1 rows x 10 columns]
2024-09-05 02:30:50,356
binance_place_orders_peg 20240905_023050
2024-09-05 02:30:50,770
{'orderId': 64802693329, 'symbol': 'XRPUSDT', 'status': 'NEW', 'clientOrderId': 'STRATON', 'price': '0.5573', 'avgPrice': '0.00', 'origQty': '21.4', 'executedQty': '0.0', 'cumQty': '0.0', 'cumQuote': '0.00000', 'timeInForce': 'GTC', 'type': 'LIMIT', 'reduceOnly': False, 'closePosition': False, 'side': 'BUY', 'positionSide': 'BOTH', 'stopPrice': '0.0000', 'workingType': 'CONTRACT_PRICE', 'priceProtect': False, 'origType': 'LIMIT', 'priceMatch': 'NONE', 'selfTradePreventionMode': 'NONE', 'goodTillDate': 0, 'updateTime': 1725503450662}
2024-09-05 02:30:51,831
update 0: filled 0 / 1 () | working 1 / 1 (+XRPUSDT)
2024-09-05 02:30:55,832
+XRPUSDT: bp5.0|
2024-09-05 02:30:56,244
update 1: filled 0 / 1 () | working 1 / 1 (+XRPUSDT)
2024-09-05 02:31:00,245
+XRPUSDT: bp7.0|
2024-09-05 02:31:00,658
update 2: filled 0 / 1 () | working 1 / 1 (+XRPUSDT)
2024-09-05 02:31:04,659
+XRPUSDT: bp7.0|
2024-09-05 02:31:05,072
update 3: filled 0 / 1 () | working 1 / 1 (+XRPUSDT)
2024-09-05 02:31:09,073
+XRPUSDT: bp7.0|
2024-09-05 02:31:09,485
update 4: filled 0 / 1 () | working 1 / 1 (+XRPUSDT)
2024-09-05 02:31:13,486
+XRPUSDT: bp9.0|
2024-09-05 02:31:13,899
update 5: filled 0 / 1 () | working 1 / 1 (+XRPUSDT)
2024-09-05 02:31:17,899
+XRPUSDT: bp7.0|
2024-09-05 02:31:18,312
update 6: filled 0 / 1 () | working 1 / 1 (+XRPUSDT)
2024-09-05 02:31:22,312
+XRPUSDT: bp7.0|
2024-09-05 02:31:22,725
update 7: filled 0 / 1 () | working 1 / 1 (+XRPUSDT)
2024-09-05 02:31:26,726
+XRPUSDT: bp7.0|
2024-09-05 02:31:27,146
update 8: filled 0 / 1 () | working 1 / 1 (+XRPUSDT)
2024-09-05 02:31:31,146
+XRPUSDT: bp5.0|
2024-09-05 02:31:31,560
update 9: filled 0 / 1 () | working 1 / 1 (+XRPUSDT)
2024-09-05 02:31:35,560
+XRPUSDT: bp5.0|
2024-09-05 02:31:35,971
update 10: filled 0 / 1 () | working 1 / 1 (+XRPUSDT)
2024-09-05 02:31:39,972
+XRPUSDT: bp5.0|
2024-09-05 02:31:40,383
update 11: filled 0 / 1 () | working 1 / 1 (+XRPUSDT)
2024-09-05 02:31:44,384
+XRPUSDT: bp9.0|
2024-09-05 02:31:44,798
update 12: filled 0 / 1 () | working 1 / 1 (+XRPUSDT)
2024-09-05 02:31:48,799
+XRPUSDT: bp7.0|
2024-09-05 02:31:49,211
update 13: filled 0 / 1 () | working 1 / 1 (+XRPUSDT)
2024-09-05 02:31:53,212
+XRPUSDT: bp9.0|
2024-09-05 02:31:53,624
update 14: filled 0 / 1 () | working 1 / 1 (+XRPUSDT)
2024-09-05 02:31:57,625
+XRPUSDT: bp7.0|
2024-09-05 02:31:57,625
Adjustment limit #1 ... 
 we cancel current orders and replace
2024-09-05 02:31:57,625
@+/-2.5bp limit 
2024-09-05 02:31:57,625
binance_cancel_and_replace_orders_peg 20240905_023157
2024-09-05 02:31:58,665
binance_place_orders_peg 20240905_023158
2024-09-05 02:31:59,079
{'orderId': 64802758796, 'symbol': 'XRPUSDT', 'status': 'NEW', 'clientOrderId': 'STRATON', 'price': '0.5576', 'avgPrice': '0.00', 'origQty': '21.4', 'executedQty': '0.0', 'cumQty': '0.0', 'cumQuote': '0.00000', 'timeInForce': 'GTC', 'type': 'LIMIT', 'reduceOnly': False, 'closePosition': False, 'side': 'BUY', 'positionSide': 'BOTH', 'stopPrice': '0.0000', 'workingType': 'CONTRACT_PRICE', 'priceProtect': False, 'origType': 'LIMIT', 'priceMatch': 'NONE', 'selfTradePreventionMode': 'NONE', 'goodTillDate': 0, 'updateTime': 1725503518972}
2024-09-05 02:31:59,499
update 0: filled 0 / 1 () | working 1 / 1 (+XRPUSDT)
2024-09-05 02:32:03,500
+XRPUSDT: bp2.0|
2024-09-05 02:32:03,913
update 1: filled 0 / 1 () | working 1 / 1 (+XRPUSDT)
2024-09-05 02:32:07,913
+XRPUSDT: bp4.0|
2024-09-05 02:32:08,329
update 2: filled 0 / 1 () | working 1 / 1 (+XRPUSDT)
2024-09-05 02:32:12,330
+XRPUSDT: bp4.0|
2024-09-05 02:32:12,740
update 3: filled 0 / 1 () | working 1 / 1 (+XRPUSDT)
2024-09-05 02:32:16,741
+XRPUSDT: bp4.0|
2024-09-05 02:32:17,155
update 4: filled 0 / 1 () | working 1 / 1 (+XRPUSDT)
2024-09-05 02:32:21,155
+XRPUSDT: bp4.0|
2024-09-05 02:32:21,568
update 5: filled 0 / 1 () | working 1 / 1 (+XRPUSDT)
2024-09-05 02:32:25,569
+XRPUSDT: bp5.0|
2024-09-05 02:32:25,981
update 6: filled 0 / 1 () | working 1 / 1 (+XRPUSDT)
2024-09-05 02:32:29,982
+XRPUSDT: bp5.0|
2024-09-05 02:32:30,393
update 7: filled 0 / 1 () | working 1 / 1 (+XRPUSDT)
2024-09-05 02:32:34,394
+XRPUSDT: bp7.0|
2024-09-05 02:32:34,807
update 8: filled 0 / 1 () | working 1 / 1 (+XRPUSDT)
2024-09-05 02:32:38,808
+XRPUSDT: bp5.0|
2024-09-05 02:32:39,222
update 9: filled 0 / 1 () | working 1 / 1 (+XRPUSDT)
2024-09-05 02:32:43,223
+XRPUSDT: bp5.0|
2024-09-05 02:32:43,635
update 10: filled 0 / 1 () | working 1 / 1 (+XRPUSDT)
2024-09-05 02:32:47,635
+XRPUSDT: bp5.0|
2024-09-05 02:32:48,047
update 11: filled 0 / 1 () | working 1 / 1 (+XRPUSDT)
2024-09-05 02:32:52,048
+XRPUSDT: bp4.0|
2024-09-05 02:32:52,461
update 12: filled 0 / 1 () | working 1 / 1 (+XRPUSDT)
2024-09-05 02:32:56,462
+XRPUSDT: bp4.0|
2024-09-05 02:32:56,875
update 13: filled 0 / 1 () | working 1 / 1 (+XRPUSDT)
2024-09-05 02:33:00,876
+XRPUSDT: bp5.0|
2024-09-05 02:33:01,289
update 14: filled 0 / 1 () | working 1 / 1 (+XRPUSDT)
2024-09-05 02:33:05,289
+XRPUSDT: bp5.0|
2024-09-05 02:33:05,289
Adjustment limit #2 ... 
 we cancel current orders and replace
2024-09-05 02:33:05,290
@+/-1.25bp limit 
2024-09-05 02:33:05,290
binance_cancel_and_replace_orders_peg 20240905_023305
2024-09-05 02:33:06,331
binance_place_orders_peg 20240905_023306
2024-09-05 02:33:06,742
{'orderId': 64802817643, 'symbol': 'XRPUSDT', 'status': 'NEW', 'clientOrderId': 'STRATON', 'price': '0.5577', 'avgPrice': '0.00', 'origQty': '21.4', 'executedQty': '0.0', 'cumQty': '0.0', 'cumQuote': '0.00000', 'timeInForce': 'GTC', 'type': 'LIMIT', 'reduceOnly': False, 'closePosition': False, 'side': 'BUY', 'positionSide': 'BOTH', 'stopPrice': '0.0000', 'workingType': 'CONTRACT_PRICE', 'priceProtect': False, 'origType': 'LIMIT', 'priceMatch': 'NONE', 'selfTradePreventionMode': 'NONE', 'goodTillDate': 0, 'updateTime': 1725503586637}
2024-09-05 02:33:07,164
update 0: filled 0 / 1 () | working 1 / 1 (+XRPUSDT)
2024-09-05 02:33:11,165
+XRPUSDT: bp4.0|
2024-09-05 02:33:11,580
update 1: filled 0 / 1 () | working 1 / 1 (+XRPUSDT)
2024-09-05 02:33:15,580
+XRPUSDT: bp2.0|
2024-09-05 02:33:15,992
update 2: filled 0 / 1 () | working 1 / 1 (+XRPUSDT)
2024-09-05 02:33:19,992
+XRPUSDT: bp2.0|
2024-09-05 02:33:20,404
update 3: filled 0 / 1 () | working 1 / 1 (+XRPUSDT)
2024-09-05 02:33:24,404
+XRPUSDT: bp2.0|
2024-09-05 02:33:24,817
update 4: filled 0 / 1 () | working 1 / 1 (+XRPUSDT)
2024-09-05 02:33:28,817
+XRPUSDT: bp2.0|
2024-09-05 02:33:29,233
update 5: filled 0 / 1 () | working 1 / 1 (+XRPUSDT)
2024-09-05 02:33:33,234
+XRPUSDT: bp2.0|
2024-09-05 02:33:33,646
update 6: filled 0 / 1 () | working 1 / 1 (+XRPUSDT)
2024-09-05 02:33:37,647
+XRPUSDT: bp4.0|
2024-09-05 02:33:38,060
update 7: filled 0 / 1 () | working 1 / 1 (+XRPUSDT)
2024-09-05 02:33:42,061
+XRPUSDT: bp4.0|
2024-09-05 02:33:42,475
update 8: filled 0 / 1 () | working 1 / 1 (+XRPUSDT)
2024-09-05 02:33:46,475
+XRPUSDT: bp4.0|
2024-09-05 02:33:46,891
update 9: filled 0 / 1 () | working 1 / 1 (+XRPUSDT)
2024-09-05 02:33:50,891
+XRPUSDT: bp4.0|
2024-09-05 02:33:51,305
update 10: filled 0 / 1 () | working 1 / 1 (+XRPUSDT)
2024-09-05 02:33:55,305
+XRPUSDT: bp5.0|
2024-09-05 02:33:55,716
update 11: filled 0 / 1 () | working 1 / 1 (+XRPUSDT)
2024-09-05 02:33:59,717
+XRPUSDT: bp4.0|
2024-09-05 02:34:00,129
update 12: filled 0 / 1 () | working 1 / 1 (+XRPUSDT)
2024-09-05 02:34:04,130
+XRPUSDT: bp4.0|
2024-09-05 02:34:04,542
update 13: filled 0 / 1 () | working 1 / 1 (+XRPUSDT)
2024-09-05 02:34:08,542
+XRPUSDT: bp4.0|
2024-09-05 02:34:08,955
update 14: filled 0 / 1 () | working 1 / 1 (+XRPUSDT)
2024-09-05 02:34:12,956
+XRPUSDT: bp5.0|
2024-09-05 02:34:12,956
Adjustment limit #3 ... 
 we cancel current orders and replace
2024-09-05 02:34:12,956
@+/-0.625bp limit 
2024-09-05 02:34:12,956
binance_cancel_and_replace_orders_peg 20240905_023412
2024-09-05 02:34:13,989
binance_place_orders_peg 20240905_023413
2024-09-05 02:34:14,407
{'orderId': 64802867185, 'symbol': 'XRPUSDT', 'status': 'NEW', 'clientOrderId': 'STRATON', 'price': '0.5579', 'avgPrice': '0.00', 'origQty': '21.4', 'executedQty': '0.0', 'cumQty': '0.0', 'cumQuote': '0.00000', 'timeInForce': 'GTC', 'type': 'LIMIT', 'reduceOnly': False, 'closePosition': False, 'side': 'BUY', 'positionSide': 'BOTH', 'stopPrice': '0.0000', 'workingType': 'CONTRACT_PRICE', 'priceProtect': False, 'origType': 'LIMIT', 'priceMatch': 'NONE', 'selfTradePreventionMode': 'NONE', 'goodTillDate': 0, 'updateTime': 1725503654294}
2024-09-05 02:34:14,831
update 0: filled 0 / 1 () | working 1 / 1 (+XRPUSDT)
2024-09-05 02:34:18,832
+XRPUSDT: bp-0.0|
2024-09-05 02:34:19,243
update 1: filled 1 / 1 (+XRPUSDT) | working 0 / 1 ()
2024-09-05 02:34:24,519
Trades of the day
in$
as of: 05Sep 02:34>>02:34 (#trades: 1)
trade net: +12.0 (+4.1%), trade gross: +12.0 (+4.1%), BUY: +12.0 (+4.1%), SELL: +0.0 (+0.0%)
fees: $ 0.002 (2.0bp)
2024-09-05 02:34:24,747
Trades: 
Filled #1
______________________________________________
                   in$ | in bp 11 traded | in bp 296 AUMs
realizedPnl    +0.04   | +34     | +1     
PnLvsArrival   -0.01   | -8      | -0     
PnLvsLast      +0      | +0      | +0     
______________________________________________
                 | Value$ | PnL Arrival/Last 
______________________________________________
XRP:+21.4@0.5579 | +12$ | -0.01/-0
