2023-08-24 18:30:59,955
ON program started 20230824 18:30:59,
US time: 20230824 14:30:59
2023-08-24 18:31:00,525
the strat is currently running @ 24-08-2023 and the target positions is LONG
2023-08-24 18:31:01,938
CURRENT STATUS IS LONG
-----
return before 14h30:
BTCUSDT-1.44%, ETHUSDT-1.56%, XRPUSDT-2.35%
-----
target alloc initial:BTCUSDT+16.67%, ETHUSDT+16.67%, XRPUSDT+16.67%
-----
alloc target x rt%<0:BTCUSDT+16.67%, ETHUSDT+16.67%, XRPUSDT+16.67%
-----
           BTCUSDT ETHUSDT XRPUSDT
w_target     16.7%   16.7%   16.7%
rt_14h30    -0.01%  -0.02%  -0.02%
w_target_f   16.7%   16.7%   16.7%
2023-08-24 18:31:01,940
Portfolio was rebalanced less than 2 hours ago, 15.0 hours ago
2023-08-24 18:31:01,942
Status: prev = LONG <> NEUTRAL = target
2023-08-24 18:31:01,942
the strat is currently running @ 24-08-2023 and the target positions is LONG
the strat was previously run @ 2023-08-24 03:31:02 UTC, success:yes 
   and the current positions is NEUTRAL
2023-08-24 18:31:03,106
positions_future #0
2023-08-24 18:31:03,106
Empty DataFrame
Columns: [symbol, positionAmt, entryPrice, markPrice, unRealizedProfit, value_usd, updateTime, AUMs_account, w%]
Index: []
2023-08-24 18:31:03,328
------------------------------
binance_account_balance
2023-08-24 18:31:03,328
  asset     balance  ... marginAvailable   updateTime
5  USDT  275.885357  ...            True  23Aug-22:32

[1 rows x 8 columns]
2023-08-24 18:31:03,560
------------------------------
open_orders
2023-08-24 18:31:03,560
Empty DataFrame
Columns: []
Index: []
2023-08-24 18:31:04,213
------------------------------
AUMS account:275

2023-08-24 18:31:04,214
--------------- compute_futures_order_book() ----------------
2023-08-24 18:31:05,770
----------------------------------------------------------------------
#3 order(s) to place
gross$: 144$ | net$: +144$
gross%: 52% | net%: +52%
 || w>0%  +52% | w<0%  0%
----------------------------------------------------------------------
PTF Expo% 0.0% >> 50.0% (current>>target)
PTF expo $0.0 >> $137 (current>>target)
----------------------------------------------------------------------
2023-08-24 18:31:05,771
orders_ofthe_day
2023-08-24 18:31:05,771
                  ptf_usd  target_usd  ...         bid        ask
2023-08-24 18:31                       ...                       
BTCUSDT               0.0       45.99  ...  26018.3000  26018.400
ETHUSDT               0.0       45.99  ...   1645.5600   1645.570
XRPUSDT               0.0       45.99  ...      0.5159      0.516

[3 rows x 9 columns]
2023-08-24 18:31:07,521
binance_place_orders_peg 20230824_183107
2023-08-24 18:31:07,959
{'orderId': 183630455713, 'symbol': 'BTCUSDT', 'status': 'NEW', 'clientOrderId': '2lWif1zc7lD69Tb2wNHnft', 'price': '26006.00', 'avgPrice': '0.00', 'origQty': '0.002', 'executedQty': '0.000', 'cumQty': '0.000', 'cumQuote': '0.00000', 'timeInForce': 'GTC', 'type': 'LIMIT', 'reduceOnly': False, 'closePosition': False, 'side': 'BUY', 'positionSide': 'BOTH', 'stopPrice': '0.00', 'workingType': 'CONTRACT_PRICE', 'priceProtect': False, 'origType': 'LIMIT', 'updateTime': 1692901867851}
2023-08-24 18:31:08,398
{'orderId': 8389765614114413176, 'symbol': 'ETHUSDT', 'status': 'NEW', 'clientOrderId': 'NEgUCvA72gHKn7hgLTU5lG', 'price': '1644.74', 'avgPrice': '0.00', 'origQty': '0.028', 'executedQty': '0.000', 'cumQty': '0.000', 'cumQuote': '0.00000', 'timeInForce': 'GTC', 'type': 'LIMIT', 'reduceOnly': False, 'closePosition': False, 'side': 'BUY', 'positionSide': 'BOTH', 'stopPrice': '0.00', 'workingType': 'CONTRACT_PRICE', 'priceProtect': False, 'origType': 'LIMIT', 'updateTime': 1692901868289}
2023-08-24 18:31:08,838
{'orderId': 40084756968, 'symbol': 'XRPUSDT', 'status': 'NEW', 'clientOrderId': 'tD8wN9e3BgAVhbk6gSYnp5', 'price': '0.5156', 'avgPrice': '0.00', 'origQty': '89.1', 'executedQty': '0.0', 'cumQty': '0.0', 'cumQuote': '0.00000', 'timeInForce': 'GTC', 'type': 'LIMIT', 'reduceOnly': False, 'closePosition': False, 'side': 'BUY', 'positionSide': 'BOTH', 'stopPrice': '0.0000', 'workingType': 'CONTRACT_PRICE', 'priceProtect': False, 'origType': 'LIMIT', 'updateTime': 1692901868730}
2023-08-24 18:31:10,864
update 0: filled 0 / 3 () | working 3 / 3 (+BTCUSDT,+ETHUSDT,+XRPUSDT)
2023-08-24 18:31:14,865
+BTCUSDT: bp5.0|+ETHUSDT: bp5.0|+XRPUSDT: bp8.0|
2023-08-24 18:31:16,184
update 1: filled 0 / 3 () | working 3 / 3 (+BTCUSDT,+ETHUSDT,+XRPUSDT)
2023-08-24 18:31:20,185
+BTCUSDT: bp5.0|+ETHUSDT: bp5.0|+XRPUSDT: bp6.0|
2023-08-24 18:31:21,504
update 2: filled 0 / 3 () | working 3 / 3 (+BTCUSDT,+ETHUSDT,+XRPUSDT)
2023-08-24 18:31:25,505
+BTCUSDT: bp4.0|+ETHUSDT: bp4.0|+XRPUSDT: bp6.0|
2023-08-24 18:31:26,822
update 3: filled 0 / 3 () | working 3 / 3 (+BTCUSDT,+ETHUSDT,+XRPUSDT)
2023-08-24 18:31:30,822
+BTCUSDT: bp4.0|+ETHUSDT: bp4.0|+XRPUSDT: bp4.0|
2023-08-24 18:31:32,140
update 4: filled 0 / 3 () | working 3 / 3 (+BTCUSDT,+ETHUSDT,+XRPUSDT)
2023-08-24 18:31:36,140
+BTCUSDT: bp3.0|+ETHUSDT: bp4.0|+XRPUSDT: bp2.0|
2023-08-24 18:31:37,495
update 5: filled 0 / 3 () | working 3 / 3 (+BTCUSDT,+ETHUSDT,+XRPUSDT)
2023-08-24 18:31:41,496
+BTCUSDT: bp3.0|+ETHUSDT: bp4.0|+XRPUSDT: bp4.0|
2023-08-24 18:31:42,813
update 6: filled 0 / 3 () | working 3 / 3 (+BTCUSDT,+ETHUSDT,+XRPUSDT)
2023-08-24 18:31:46,814
+BTCUSDT: bp3.0|+ETHUSDT: bp4.0|+XRPUSDT: bp2.0|
2023-08-24 18:31:48,132
update 7: filled 0 / 3 () | working 3 / 3 (+BTCUSDT,+ETHUSDT,+XRPUSDT)
2023-08-24 18:31:52,132
+BTCUSDT: bp3.0|+ETHUSDT: bp4.0|+XRPUSDT: bp2.0|
2023-08-24 18:31:53,452
update 8: filled 0 / 3 () | working 3 / 3 (+BTCUSDT,+ETHUSDT,+XRPUSDT)
2023-08-24 18:31:57,453
+BTCUSDT: bp5.0|+ETHUSDT: bp6.0|+XRPUSDT: bp2.0|
2023-08-24 18:31:58,768
update 9: filled 0 / 3 () | working 3 / 3 (+BTCUSDT,+ETHUSDT,+XRPUSDT)
2023-08-24 18:32:02,769
+BTCUSDT: bp6.0|+ETHUSDT: bp9.0|+XRPUSDT: bp6.0|
2023-08-24 18:32:04,086
update 10: filled 0 / 3 () | working 3 / 3 (+BTCUSDT,+ETHUSDT,+XRPUSDT)
2023-08-24 18:32:08,087
+BTCUSDT: bp8.0|+ETHUSDT: bp9.0|+XRPUSDT: bp12.0|
2023-08-24 18:32:09,403
update 11: filled 0 / 3 () | working 3 / 3 (+BTCUSDT,+ETHUSDT,+XRPUSDT)
2023-08-24 18:32:13,404
+BTCUSDT: bp8.0|+ETHUSDT: bp9.0|+XRPUSDT: bp12.0|
2023-08-24 18:32:14,721
update 12: filled 0 / 3 () | working 3 / 3 (+BTCUSDT,+ETHUSDT,+XRPUSDT)
2023-08-24 18:32:18,722
+BTCUSDT: bp8.0|+ETHUSDT: bp10.0|+XRPUSDT: bp15.0|
2023-08-24 18:32:20,040
update 13: filled 0 / 3 () | working 3 / 3 (+BTCUSDT,+ETHUSDT,+XRPUSDT)
2023-08-24 18:32:24,040
+BTCUSDT: bp10.0|+ETHUSDT: bp10.0|+XRPUSDT: bp15.0|
2023-08-24 18:32:25,356
update 14: filled 0 / 3 () | working 3 / 3 (+BTCUSDT,+ETHUSDT,+XRPUSDT)
2023-08-24 18:32:29,357
+BTCUSDT: bp10.0|+ETHUSDT: bp10.0|+XRPUSDT: bp15.0|
2023-08-24 18:32:29,357
Adjustment limit #1 ... 
 we cancel current orders and replace
2023-08-24 18:32:29,357
@+/-2.5bp limit 
2023-08-24 18:32:29,357
binance_cancel_and_replace_orders_peg 20230824_183229
2023-08-24 18:32:31,337
binance_place_orders_peg 20230824_183231
2023-08-24 18:32:31,777
{'orderId': 183630755739, 'symbol': 'BTCUSDT', 'status': 'NEW', 'clientOrderId': 'bdfCtOjWgdsK38JNIjepEp', 'price': '26023.30', 'avgPrice': '0.00', 'origQty': '0.002', 'executedQty': '0.000', 'cumQty': '0.000', 'cumQuote': '0.00000', 'timeInForce': 'GTC', 'type': 'LIMIT', 'reduceOnly': False, 'closePosition': False, 'side': 'BUY', 'positionSide': 'BOTH', 'stopPrice': '0.00', 'workingType': 'CONTRACT_PRICE', 'priceProtect': False, 'origType': 'LIMIT', 'updateTime': 1692901951667}
2023-08-24 18:32:32,217
{'orderId': 8389765614114526234, 'symbol': 'ETHUSDT', 'status': 'NEW', 'clientOrderId': 'z2XDuOPjHn6G4wOX6NklnP', 'price': '1645.87', 'avgPrice': '0.00', 'origQty': '0.028', 'executedQty': '0.000', 'cumQty': '0.000', 'cumQuote': '0.00000', 'timeInForce': 'GTC', 'type': 'LIMIT', 'reduceOnly': False, 'closePosition': False, 'side': 'BUY', 'positionSide': 'BOTH', 'stopPrice': '0.00', 'workingType': 'CONTRACT_PRICE', 'priceProtect': False, 'origType': 'LIMIT', 'updateTime': 1692901952106}
2023-08-24 18:32:32,661
{'orderId': 40084832452, 'symbol': 'XRPUSDT', 'status': 'NEW', 'clientOrderId': 'RFEURtSsAk18y5ZmlexXXw', 'price': '0.5163', 'avgPrice': '0.00', 'origQty': '89.1', 'executedQty': '0.0', 'cumQty': '0.0', 'cumQuote': '0.00000', 'timeInForce': 'GTC', 'type': 'LIMIT', 'reduceOnly': False, 'closePosition': False, 'side': 'BUY', 'positionSide': 'BOTH', 'stopPrice': '0.0000', 'workingType': 'CONTRACT_PRICE', 'priceProtect': False, 'origType': 'LIMIT', 'updateTime': 1692901952548}
2023-08-24 18:32:33,980
update 0: filled 1 / 3 (+XRPUSDT) | working 2 / 3 (+BTCUSDT,+ETHUSDT)
2023-08-24 18:32:37,980
+BTCUSDT: bp2.0|+ETHUSDT: bp3.0|
2023-08-24 18:32:39,300
update 1: filled 2 / 3 (+BTCUSDT,+XRPUSDT) | working 1 / 3 (+ETHUSDT)
2023-08-24 18:32:43,301
+ETHUSDT: bp3.0|
2023-08-24 18:32:44,616
update 2: filled 2 / 3 (+BTCUSDT,+XRPUSDT) | working 1 / 3 (+ETHUSDT)
2023-08-24 18:32:48,617
+ETHUSDT: bp2.0|
2023-08-24 18:32:49,935
update 3: filled 2 / 3 (+BTCUSDT,+XRPUSDT) | working 1 / 3 (+ETHUSDT)
2023-08-24 18:32:53,936
+ETHUSDT: bp2.0|
2023-08-24 18:32:55,253
update 4: filled 2 / 3 (+BTCUSDT,+XRPUSDT) | working 1 / 3 (+ETHUSDT)
2023-08-24 18:32:59,254
+ETHUSDT: bp2.0|
2023-08-24 18:33:00,575
update 5: filled 2 / 3 (+BTCUSDT,+XRPUSDT) | working 1 / 3 (+ETHUSDT)
2023-08-24 18:33:04,576
+ETHUSDT: bp2.0|
2023-08-24 18:33:05,893
update 6: filled 2 / 3 (+BTCUSDT,+XRPUSDT) | working 1 / 3 (+ETHUSDT)
2023-08-24 18:33:09,894
+ETHUSDT: bp1.0|
2023-08-24 18:33:11,211
update 7: filled 2 / 3 (+BTCUSDT,+XRPUSDT) | working 1 / 3 (+ETHUSDT)
2023-08-24 18:33:15,212
+ETHUSDT: bp1.0|
2023-08-24 18:33:16,530
update 8: filled 2 / 3 (+BTCUSDT,+XRPUSDT) | working 1 / 3 (+ETHUSDT)
2023-08-24 18:33:20,530
+ETHUSDT: bp1.0|
2023-08-24 18:33:21,845
update 9: filled 2 / 3 (+BTCUSDT,+XRPUSDT) | working 1 / 3 (+ETHUSDT)
2023-08-24 18:33:25,846
+ETHUSDT: bp1.0|
2023-08-24 18:33:27,163
update 10: filled 2 / 3 (+BTCUSDT,+XRPUSDT) | working 1 / 3 (+ETHUSDT)
2023-08-24 18:33:31,164
+ETHUSDT: bp1.0|
2023-08-24 18:33:32,478
update 11: filled 2 / 3 (+BTCUSDT,+XRPUSDT) | working 1 / 3 (+ETHUSDT)
2023-08-24 18:33:36,479
+ETHUSDT: bp1.0|
2023-08-24 18:33:37,801
update 12: filled 2 / 3 (+BTCUSDT,+XRPUSDT) | working 1 / 3 (+ETHUSDT)
2023-08-24 18:33:41,801
+ETHUSDT: bp1.0|
2023-08-24 18:33:43,116
update 13: filled 2 / 3 (+BTCUSDT,+XRPUSDT) | working 1 / 3 (+ETHUSDT)
2023-08-24 18:33:47,117
+ETHUSDT: bp1.0|
2023-08-24 18:33:48,434
update 14: filled 2 / 3 (+BTCUSDT,+XRPUSDT) | working 1 / 3 (+ETHUSDT)
2023-08-24 18:33:52,435
+ETHUSDT: bp1.0|
2023-08-24 18:33:52,435
Adjustment limit #2 ... 
 we cancel current orders and replace
2023-08-24 18:33:52,435
@+/-1.25bp limit 
2023-08-24 18:33:52,435
binance_cancel_and_replace_orders_peg 20230824_183352
2023-08-24 18:33:54,412
binance_place_orders_peg 20230824_183354
2023-08-24 18:33:54,852
{'orderId': 8389765614114624990, 'symbol': 'ETHUSDT', 'status': 'NEW', 'clientOrderId': 'eDp7RD5N67hHoLxxtDTQ7o', 'price': '1645.79', 'avgPrice': '0.00', 'origQty': '0.028', 'executedQty': '0.000', 'cumQty': '0.000', 'cumQuote': '0.00000', 'timeInForce': 'GTC', 'type': 'LIMIT', 'reduceOnly': False, 'closePosition': False, 'side': 'BUY', 'positionSide': 'BOTH', 'stopPrice': '0.00', 'workingType': 'CONTRACT_PRICE', 'priceProtect': False, 'origType': 'LIMIT', 'updateTime': 1692902034741}
2023-08-24 18:33:56,169
update 0: filled 2 / 3 (+BTCUSDT,+XRPUSDT) | working 1 / 3 (+ETHUSDT)
2023-08-24 18:34:00,169
+ETHUSDT: bp1.0|
2023-08-24 18:34:01,486
update 1: filled 2 / 3 (+BTCUSDT,+XRPUSDT) | working 1 / 3 (+ETHUSDT)
2023-08-24 18:34:05,487
+ETHUSDT: bp1.0|
2023-08-24 18:34:06,899
update 2: filled 2 / 3 (+BTCUSDT,+XRPUSDT) | working 1 / 3 (+ETHUSDT)
2023-08-24 18:34:10,900
+ETHUSDT: bp1.0|
2023-08-24 18:34:12,218
update 3: filled 2 / 3 (+BTCUSDT,+XRPUSDT) | working 1 / 3 (+ETHUSDT)
2023-08-24 18:34:16,218
+ETHUSDT: bp2.0|
2023-08-24 18:34:17,540
update 4: filled 2 / 3 (+BTCUSDT,+XRPUSDT) | working 1 / 3 (+ETHUSDT)
2023-08-24 18:34:21,541
+ETHUSDT: bp2.0|
2023-08-24 18:34:22,857
update 5: filled 2 / 3 (+BTCUSDT,+XRPUSDT) | working 1 / 3 (+ETHUSDT)
2023-08-24 18:34:26,858
+ETHUSDT: bp2.0|
2023-08-24 18:34:28,173
update 6: filled 2 / 3 (+BTCUSDT,+XRPUSDT) | working 1 / 3 (+ETHUSDT)
2023-08-24 18:34:32,174
+ETHUSDT: bp2.0|
2023-08-24 18:34:33,492
update 7: filled 2 / 3 (+BTCUSDT,+XRPUSDT) | working 1 / 3 (+ETHUSDT)
2023-08-24 18:34:37,492
+ETHUSDT: bp2.0|
2023-08-24 18:34:38,814
update 8: filled 2 / 3 (+BTCUSDT,+XRPUSDT) | working 1 / 3 (+ETHUSDT)
2023-08-24 18:34:42,815
+ETHUSDT: bp2.0|
2023-08-24 18:34:44,131
update 9: filled 2 / 3 (+BTCUSDT,+XRPUSDT) | working 1 / 3 (+ETHUSDT)
2023-08-24 18:34:48,132
+ETHUSDT: bp2.0|
2023-08-24 18:34:49,449
update 10: filled 2 / 3 (+BTCUSDT,+XRPUSDT) | working 1 / 3 (+ETHUSDT)
2023-08-24 18:34:53,449
+ETHUSDT: bp2.0|
2023-08-24 18:34:54,766
update 11: filled 2 / 3 (+BTCUSDT,+XRPUSDT) | working 1 / 3 (+ETHUSDT)
2023-08-24 18:34:58,767
+ETHUSDT: bp2.0|
2023-08-24 18:35:00,087
update 12: filled 2 / 3 (+BTCUSDT,+XRPUSDT) | working 1 / 3 (+ETHUSDT)
2023-08-24 18:35:04,088
+ETHUSDT: bp2.0|
2023-08-24 18:35:05,403
update 13: filled 2 / 3 (+BTCUSDT,+XRPUSDT) | working 1 / 3 (+ETHUSDT)
2023-08-24 18:35:09,404
+ETHUSDT: bp1.0|
2023-08-24 18:35:10,718
update 14: filled 2 / 3 (+BTCUSDT,+XRPUSDT) | working 1 / 3 (+ETHUSDT)
2023-08-24 18:35:14,719
+ETHUSDT: bp1.0|
2023-08-24 18:35:14,719
Adjustment limit #3 ... 
 we cancel current orders and replace
2023-08-24 18:35:14,719
@+/-0.625bp limit 
2023-08-24 18:35:14,719
binance_cancel_and_replace_orders_peg 20230824_183514
2023-08-24 18:35:16,703
binance_place_orders_peg 20230824_183516
2023-08-24 18:35:17,143
{'orderId': 8389765614114704253, 'symbol': 'ETHUSDT', 'status': 'NEW', 'clientOrderId': 'cd74FesaZ4LZHLEgi4tNE4', 'price': '1645.84', 'avgPrice': '0.00', 'origQty': '0.028', 'executedQty': '0.000', 'cumQty': '0.000', 'cumQuote': '0.00000', 'timeInForce': 'GTC', 'type': 'LIMIT', 'reduceOnly': False, 'closePosition': False, 'side': 'BUY', 'positionSide': 'BOTH', 'stopPrice': '0.00', 'workingType': 'CONTRACT_PRICE', 'priceProtect': False, 'origType': 'LIMIT', 'updateTime': 1692902117032}
2023-08-24 18:35:18,460
update 0: filled 2 / 3 (+BTCUSDT,+XRPUSDT) | working 1 / 3 (+ETHUSDT)
2023-08-24 18:35:22,461
+ETHUSDT: bp1.0|
2023-08-24 18:35:23,781
update 1: filled 3 / 3 (+BTCUSDT,+XRPUSDT,+ETHUSDT) | working 0 / 3 ()
2023-08-24 18:35:30,660
Trades of the day
in$
as of: 24Aug 18:32>>18:35 (#trades: 3)
trade net: +144.0 (+52.2%), trade gross: +144.0 (+52.2%), BUY: +144.0 (+52.2%), SELL: +0.0 (+0.0%)
fees: $ 0.029 (2.0bp)
2023-08-24 18:35:31,334
Trades: 
Filled #3
______________________________________________
                   in$ | in bp 144 traded | in bp 275 AUMs
realizedPnl    +0      | +0      | +0     
PnLvsArrival   -0.05   | -3      | -2     
PnLvsLast      -0.06   | -4      | -2     
______________________________________________
                 | Value$ | PnL Arrival/Last 
______________________________________________
XRP:+89.1@0.5163 | +46$ | -0.03/-0.04
ETH:+0.028@1645.84 | +46$ | -0.01/-0.01
BTC:+0.002@26023.3 | +52$ | -0.01/-0.01
2023-08-24 18:35:31,901
***************************
Positions after orders
***************************
2023-08-24 18:35:31,901
      symbol  qty_ptf    execP  ...   updateTime   AUMs     w%
225  BTCUSDT    0.002  26023.3  ...  24Aug-18:32  275.8  0.189
138  ETHUSDT    0.028  1645.84  ...  24Aug-18:35  275.8  0.167
111  XRPUSDT   89.100   0.5163  ...  24Aug-18:32  275.8  0.167

[3 rows x 9 columns]
2023-08-24 18:35:31,908
***************************
2023-08-24 18:35:32,561
3 STOP orders will be placed
2023-08-24 18:35:32,562
@+/-500.0bp limit
2023-08-24 18:35:32,562
binance_place_orders_peg 20230824_183532
2023-08-24 18:35:33,001
{'orderId': 183631500945, 'symbol': 'BTCUSDT', 'status': 'NEW', 'clientOrderId': 'ThPlseFexHmfKTQiIqQHDc', 'price': '0.00', 'avgPrice': '0.00', 'origQty': '0.002', 'executedQty': '0.000', 'cumQty': '0.000', 'cumQuote': '0.00000', 'timeInForce': 'GTC', 'type': 'STOP_MARKET', 'reduceOnly': False, 'closePosition': False, 'side': 'SELL', 'positionSide': 'BOTH', 'stopPrice': '24716.80', 'workingType': 'CONTRACT_PRICE', 'priceProtect': False, 'origType': 'STOP_MARKET', 'updateTime': 1692902132892}
2023-08-24 18:35:33,440
{'orderId': 8389765614114737072, 'symbol': 'ETHUSDT', 'status': 'NEW', 'clientOrderId': 'F1Oa8xVy4C8mbqTOveluOZ', 'price': '0.00', 'avgPrice': '0.00', 'origQty': '0.028', 'executedQty': '0.000', 'cumQty': '0.000', 'cumQuote': '0.00000', 'timeInForce': 'GTC', 'type': 'STOP_MARKET', 'reduceOnly': False, 'closePosition': False, 'side': 'SELL', 'positionSide': 'BOTH', 'stopPrice': '1563.21', 'workingType': 'CONTRACT_PRICE', 'priceProtect': False, 'origType': 'STOP_MARKET', 'updateTime': 1692902133330}
2023-08-24 18:35:33,878
{'orderId': 40084968269, 'symbol': 'XRPUSDT', 'status': 'NEW', 'clientOrderId': '7qIvd6zmpVbN1dIOGm9YGz', 'price': '0.0000', 'avgPrice': '0.00', 'origQty': '89.1', 'executedQty': '0.0', 'cumQty': '0.0', 'cumQuote': '0.00000', 'timeInForce': 'GTC', 'type': 'STOP_MARKET', 'reduceOnly': False, 'closePosition': False, 'side': 'SELL', 'positionSide': 'BOTH', 'stopPrice': '0.4900', 'workingType': 'CONTRACT_PRICE', 'priceProtect': False, 'origType': 'STOP_MARKET', 'updateTime': 1692902133769}
