2024-07-01 18:30:40,832
ON program started 20240701 18:30:40,
US time: 20240701 14:30:40
2024-07-01 18:30:41,820
the strat is currently running @ 01-07-2024 and the target positions is LONG
2024-07-01 18:30:43,135
CURRENT STATUS IS LONG
-----
return before 14h30:
BTCUSDT-0.14%, ETHUSDT+0.65%, XRPUSDT+0.95%
-----
target alloc initial:BTCUSDT+16.67%, ETHUSDT+16.67%, XRPUSDT+16.67%
-----
alloc target x rt%<0:BTCUSDT+16.67%, ETHUSDT+16.67%, XRPUSDT+16.67%
-----
           BTCUSDT ETHUSDT XRPUSDT
w_target     16.7%   16.7%   16.7%
rt_14h30    -0.00%   0.01%   0.01%
w_target_f   16.7%   16.7%   16.7%
2024-07-01 18:30:43,136
Portfolio was rebalanced less than 2 hours ago, 15.0 hours ago
2024-07-01 18:30:43,138
Status: prev = LONG <> NEUTRAL = target
2024-07-01 18:30:43,138
the strat is currently running @ 01-07-2024 and the target positions is LONG
the strat was previously run @ 2024-07-01 03:31:22, success:yes 
   and the current positions is NEUTRAL
2024-07-01 18:30:44,272
positions_future #0
2024-07-01 18:30:44,272
Empty DataFrame
Columns: [symbol, positionAmt, entryPrice, breakEvenPrice, markPrice, unRealizedProfit, value_usd, updateTime, isolated, adlQuantile, AUMs_account, w%]
Index: []
2024-07-01 18:30:44,488
------------------------------
binance_account_balance
2024-07-01 18:30:44,488
  asset     balance  ...  marginAvailable   updateTime
4  USDT  292.278204  ...             True  30Jun-22:33

[1 rows x 8 columns]
2024-07-01 18:30:44,709
------------------------------
open_orders
2024-07-01 18:30:44,710
Empty DataFrame
Columns: []
Index: []
2024-07-01 18:30:45,326
------------------------------
AUMS account:292

2024-07-01 18:30:45,328
--------------- compute_futures_order_book() ----------------
2024-07-01 18:30:46,795
----------------------------------------------------------------------
#2 order(s) to place
gross$: 98$ | net$: +98$
gross%: 34% | net%: +34%
 || w>0%  +34% | w<0%  0%
----------------------------------------------------------------------
PTF Expo% 0.0% >> 50.0% (current>>target)
PTF expo $0.0 >> $146 (current>>target)
----------------------------------------------------------------------
2024-07-01 18:30:46,797
orders_ofthe_day
2024-07-01 18:30:46,797
                  ptf_usd  target_usd  totrd_usd  ...        bid        ask strategy
2024-07-01 18:30                                  ...                               
ETHUSDT               0.0       48.72       49.0  ...  3472.3000  3472.3100  STRATON
XRPUSDT               0.0       48.72       49.0  ...     0.4775     0.4776  STRATON

[2 rows x 10 columns]
2024-07-01 18:30:48,368
binance_place_orders_peg 20240701_183048
2024-07-01 18:30:48,783
{'orderId': 8389765696561592160, 'symbol': 'ETHUSDT', 'status': 'NEW', 'clientOrderId': 'STRATON', 'price': '3470.56', 'avgPrice': '0.00', 'origQty': '0.014', 'executedQty': '0.000', 'cumQty': '0.000', 'cumQuote': '0.00000', 'timeInForce': 'GTC', 'type': 'LIMIT', 'reduceOnly': False, 'closePosition': False, 'side': 'BUY', 'positionSide': 'BOTH', 'stopPrice': '0.00', 'workingType': 'CONTRACT_PRICE', 'priceProtect': False, 'origType': 'LIMIT', 'priceMatch': 'NONE', 'selfTradePreventionMode': 'NONE', 'goodTillDate': 0, 'updateTime': 1719858648677}
2024-07-01 18:30:49,198
{'orderId': 59536846421, 'symbol': 'XRPUSDT', 'status': 'NEW', 'clientOrderId': 'STRATON', 'price': '0.4772', 'avgPrice': '0.00', 'origQty': '102.6', 'executedQty': '0.0', 'cumQty': '0.0', 'cumQuote': '0.00000', 'timeInForce': 'GTC', 'type': 'LIMIT', 'reduceOnly': False, 'closePosition': False, 'side': 'BUY', 'positionSide': 'BOTH', 'stopPrice': '0.0000', 'workingType': 'CONTRACT_PRICE', 'priceProtect': False, 'origType': 'LIMIT', 'priceMatch': 'NONE', 'selfTradePreventionMode': 'NONE', 'goodTillDate': 0, 'updateTime': 1719858649095}
2024-07-01 18:30:50,658
update 0: filled 0 / 2 () | working 2 / 2 (+ETHUSDT,+XRPUSDT)
2024-07-01 18:30:54,659
+ETHUSDT: bp5.0|+XRPUSDT: bp6.0|
2024-07-01 18:30:55,480
update 1: filled 0 / 2 () | working 2 / 2 (+ETHUSDT,+XRPUSDT)
2024-07-01 18:30:59,481
+ETHUSDT: bp6.0|+XRPUSDT: bp4.0|
2024-07-01 18:31:00,304
update 2: filled 0 / 2 () | working 2 / 2 (+ETHUSDT,+XRPUSDT)
2024-07-01 18:31:04,305
+ETHUSDT: bp8.0|+XRPUSDT: bp8.0|
2024-07-01 18:31:05,126
update 3: filled 0 / 2 () | working 2 / 2 (+ETHUSDT,+XRPUSDT)
2024-07-01 18:31:09,126
+ETHUSDT: bp11.0|+XRPUSDT: bp8.0|
2024-07-01 18:31:09,950
update 4: filled 0 / 2 () | working 2 / 2 (+ETHUSDT,+XRPUSDT)
2024-07-01 18:31:13,951
+ETHUSDT: bp11.0|+XRPUSDT: bp13.0|
2024-07-01 18:31:14,770
update 5: filled 0 / 2 () | working 2 / 2 (+ETHUSDT,+XRPUSDT)
2024-07-01 18:31:18,771
+ETHUSDT: bp11.0|+XRPUSDT: bp10.0|
2024-07-01 18:31:19,593
update 6: filled 0 / 2 () | working 2 / 2 (+ETHUSDT,+XRPUSDT)
2024-07-01 18:31:23,594
+ETHUSDT: bp13.0|+XRPUSDT: bp10.0|
2024-07-01 18:31:24,414
update 7: filled 0 / 2 () | working 2 / 2 (+ETHUSDT,+XRPUSDT)
2024-07-01 18:31:28,415
+ETHUSDT: bp13.0|+XRPUSDT: bp10.0|
2024-07-01 18:31:29,237
update 8: filled 0 / 2 () | working 2 / 2 (+ETHUSDT,+XRPUSDT)
2024-07-01 18:31:33,238
+ETHUSDT: bp11.0|+XRPUSDT: bp10.0|
2024-07-01 18:31:34,059
update 9: filled 0 / 2 () | working 2 / 2 (+ETHUSDT,+XRPUSDT)
2024-07-01 18:31:38,060
+ETHUSDT: bp11.0|+XRPUSDT: bp13.0|
2024-07-01 18:31:38,879
update 10: filled 0 / 2 () | working 2 / 2 (+ETHUSDT,+XRPUSDT)
2024-07-01 18:31:42,880
+ETHUSDT: bp12.0|+XRPUSDT: bp13.0|
2024-07-01 18:31:43,698
update 11: filled 0 / 2 () | working 2 / 2 (+ETHUSDT,+XRPUSDT)
2024-07-01 18:31:47,699
+ETHUSDT: bp13.0|+XRPUSDT: bp10.0|
2024-07-01 18:31:48,523
update 12: filled 0 / 2 () | working 2 / 2 (+ETHUSDT,+XRPUSDT)
2024-07-01 18:31:52,523
+ETHUSDT: bp13.0|+XRPUSDT: bp10.0|
2024-07-01 18:31:53,341
update 13: filled 0 / 2 () | working 2 / 2 (+ETHUSDT,+XRPUSDT)
2024-07-01 18:31:57,342
+ETHUSDT: bp16.0|+XRPUSDT: bp8.0|
2024-07-01 18:31:58,162
update 14: filled 0 / 2 () | working 2 / 2 (+ETHUSDT,+XRPUSDT)
2024-07-01 18:32:02,163
+ETHUSDT: bp16.0|+XRPUSDT: bp10.0|
2024-07-01 18:32:02,163
Adjustment limit #1 ... 
 we cancel current orders and replace
2024-07-01 18:32:02,163
@+/-2.5bp limit 
2024-07-01 18:32:02,163
binance_cancel_and_replace_orders_peg 20240701_183202
2024-07-01 18:32:04,224
binance_place_orders_peg 20240701_183204
2024-07-01 18:32:04,636
{'orderId': 8389765696561847203, 'symbol': 'ETHUSDT', 'status': 'NEW', 'clientOrderId': 'STRATON', 'price': '3472.06', 'avgPrice': '0.00', 'origQty': '0.014', 'executedQty': '0.000', 'cumQty': '0.000', 'cumQuote': '0.00000', 'timeInForce': 'GTC', 'type': 'LIMIT', 'reduceOnly': False, 'closePosition': False, 'side': 'BUY', 'positionSide': 'BOTH', 'stopPrice': '0.00', 'workingType': 'CONTRACT_PRICE', 'priceProtect': False, 'origType': 'LIMIT', 'priceMatch': 'NONE', 'selfTradePreventionMode': 'NONE', 'goodTillDate': 0, 'updateTime': 1719858724531}
2024-07-01 18:32:05,049
{'orderId': 59536914116, 'symbol': 'XRPUSDT', 'status': 'NEW', 'clientOrderId': 'STRATON', 'price': '0.4774', 'avgPrice': '0.00', 'origQty': '102.6', 'executedQty': '0.0', 'cumQty': '0.0', 'cumQuote': '0.00000', 'timeInForce': 'GTC', 'type': 'LIMIT', 'reduceOnly': False, 'closePosition': False, 'side': 'BUY', 'positionSide': 'BOTH', 'stopPrice': '0.0000', 'workingType': 'CONTRACT_PRICE', 'priceProtect': False, 'origType': 'LIMIT', 'priceMatch': 'NONE', 'selfTradePreventionMode': 'NONE', 'goodTillDate': 0, 'updateTime': 1719858724944}
2024-07-01 18:32:05,876
update 0: filled 0 / 2 () | working 2 / 2 (+ETHUSDT,+XRPUSDT)
2024-07-01 18:32:09,877
+ETHUSDT: bp7.0|+XRPUSDT: bp4.0|
2024-07-01 18:32:10,701
update 1: filled 2 / 2 (+ETHUSDT,+XRPUSDT) | working 0 / 2 ()
2024-07-01 18:32:17,000
Trades of the day
in$
as of: 01Jul 18:32>>18:32 (#trades: 2)
trade net: +98.0 (+33.5%), trade gross: +98.0 (+33.5%), BUY: +98.0 (+33.5%), SELL: +0.0 (+0.0%)
fees: $ 0.02 (2.0bp)
2024-07-01 18:32:17,435
Trades: 
Filled #2
______________________________________________
                   in$ | in bp 97 traded | in bp 292 AUMs
realizedPnl    +0      | +0      | +0     
PnLvsArrival   +0.02   | +2      | +1     
PnLvsLast      +0.01   | +1      | +0     
______________________________________________
                 | Value$ | PnL Arrival/Last 
______________________________________________
ETH:+0.014@3472.06 | +49$ | 0/0.01
XRP:+102.6@0.4774 | +49$ | 0.02/-0
