2023-12-06 19:30:53,120
ON program started 20231206 19:30:53,
US time: 20231206 14:30:53
2023-12-06 19:30:53,643
the strat is currently running @ 06-12-2023 and the target positions is LONG
2023-12-06 19:30:55,986
CURRENT STATUS IS LONG
-----
return before 14h30:
BTCUSDT+0.47%, ETHUSDT-0.26%, XRPUSDT+1.08%
-----
target alloc initial:BTCUSDT+16.67%, ETHUSDT+16.67%, XRPUSDT+16.67%
-----
alloc target x rt%<0:BTCUSDT+16.67%, ETHUSDT+16.67%, XRPUSDT+16.67%
-----
           BTCUSDT ETHUSDT XRPUSDT
w_target     16.7%   16.7%   16.7%
rt_14h30     0.00%  -0.00%   0.01%
w_target_f   16.7%   16.7%   16.7%
2023-12-06 19:30:55,988
Portfolio was rebalanced less than 2 hours ago, 15.0 hours ago
2023-12-06 19:30:55,991
Status: prev = LONG <> NEUTRAL = target
2023-12-06 19:30:55,991
the strat is currently running @ 06-12-2023 and the target positions is LONG
the strat was previously run @ 2023-12-06 04:31:06 UTC, success:yes 
   and the current positions is NEUTRAL
2023-12-06 19:30:57,230
positions_future #0
2023-12-06 19:30:57,230
Empty DataFrame
Columns: [symbol, positionAmt, entryPrice, breakEvenPrice, markPrice, unRealizedProfit, value_usd, updateTime, isolated, adlQuantile, AUMs_account, w%]
Index: []
2023-12-06 19:30:57,454
------------------------------
binance_account_balance
2023-12-06 19:30:57,454
  asset     balance  ... marginAvailable   updateTime
5  USDT  290.057303  ...            True  05Dec-23:35

[1 rows x 8 columns]
2023-12-06 19:30:57,686
------------------------------
open_orders
2023-12-06 19:30:57,686
Empty DataFrame
Columns: []
Index: []
2023-12-06 19:30:58,346
------------------------------
AUMS account:290

2023-12-06 19:30:58,348
--------------- compute_futures_order_book() ----------------
2023-12-06 19:30:59,899
----------------------------------------------------------------------
#2 order(s) to place
gross$: 96$ | net$: +96$
gross%: 33% | net%: +33%
 || w>0%  +33% | w<0%  0%
----------------------------------------------------------------------
PTF Expo% 0.0% >> 50.0% (current>>target)
PTF expo $0.0 >> $145 (current>>target)
----------------------------------------------------------------------
2023-12-06 19:30:59,900
orders_ofthe_day
2023-12-06 19:30:59,900
                  ptf_usd  target_usd  ...        bid        ask
2023-12-06 19:30                       ...                      
ETHUSDT               0.0       48.35  ...  2268.0200  2268.0300
XRPUSDT               0.0       48.35  ...     0.6301     0.6302

[2 rows x 9 columns]
2023-12-06 19:31:01,536
binance_place_orders_peg 20231206_193101
2023-12-06 19:31:01,981
{'orderId': 8389765632933409495, 'symbol': 'ETHUSDT', 'status': 'NEW', 'clientOrderId': 'xCqS73FMWHp8q3QUlrxnWG', 'price': '2266.89', 'avgPrice': '0.00', 'origQty': '0.021', 'executedQty': '0.000', 'cumQty': '0.000', 'cumQuote': '0.00000', 'timeInForce': 'GTC', 'type': 'LIMIT', 'reduceOnly': False, 'closePosition': False, 'side': 'BUY', 'positionSide': 'BOTH', 'stopPrice': '0.00', 'workingType': 'CONTRACT_PRICE', 'priceProtect': False, 'origType': 'LIMIT', 'priceMatch': 'NONE', 'selfTradePreventionMode': 'NONE', 'goodTillDate': 0, 'updateTime': 1701891061865}
2023-12-06 19:31:02,424
{'orderId': 46295589220, 'symbol': 'XRPUSDT', 'status': 'NEW', 'clientOrderId': 'iXAaDT0Izdc9Km6phQm7dN', 'price': '0.6298', 'avgPrice': '0.00', 'origQty': '76.7', 'executedQty': '0.0', 'cumQty': '0.0', 'cumQuote': '0.00000', 'timeInForce': 'GTC', 'type': 'LIMIT', 'reduceOnly': False, 'closePosition': False, 'side': 'BUY', 'positionSide': 'BOTH', 'stopPrice': '0.0000', 'workingType': 'CONTRACT_PRICE', 'priceProtect': False, 'origType': 'LIMIT', 'priceMatch': 'NONE', 'selfTradePreventionMode': 'NONE', 'goodTillDate': 0, 'updateTime': 1701891062307}
2023-12-06 19:31:03,996
update 0: filled 0 / 2 () | working 2 / 2 (+ETHUSDT,+XRPUSDT)
2023-12-06 19:31:07,996
+ETHUSDT: bp5.0|+XRPUSDT: bp5.0|
2023-12-06 19:31:08,870
update 1: filled 0 / 2 () | working 2 / 2 (+ETHUSDT,+XRPUSDT)
2023-12-06 19:31:12,871
+ETHUSDT: bp7.0|+XRPUSDT: bp5.0|
2023-12-06 19:31:13,744
update 2: filled 0 / 2 () | working 2 / 2 (+ETHUSDT,+XRPUSDT)
2023-12-06 19:31:17,745
+ETHUSDT: bp8.0|+XRPUSDT: bp8.0|
2023-12-06 19:31:18,616
update 3: filled 0 / 2 () | working 2 / 2 (+ETHUSDT,+XRPUSDT)
2023-12-06 19:31:22,617
+ETHUSDT: bp8.0|+XRPUSDT: bp10.0|
2023-12-06 19:31:23,487
update 4: filled 0 / 2 () | working 2 / 2 (+ETHUSDT,+XRPUSDT)
2023-12-06 19:31:27,488
+ETHUSDT: bp5.0|+XRPUSDT: bp6.0|
2023-12-06 19:31:28,358
update 5: filled 0 / 2 () | working 2 / 2 (+ETHUSDT,+XRPUSDT)
2023-12-06 19:31:32,359
+ETHUSDT: bp5.0|+XRPUSDT: bp6.0|
2023-12-06 19:31:33,230
update 6: filled 0 / 2 () | working 2 / 2 (+ETHUSDT,+XRPUSDT)
2023-12-06 19:31:37,230
+ETHUSDT: bp5.0|+XRPUSDT: bp8.0|
2023-12-06 19:31:38,105
update 7: filled 0 / 2 () | working 2 / 2 (+ETHUSDT,+XRPUSDT)
2023-12-06 19:31:42,105
+ETHUSDT: bp3.0|+XRPUSDT: bp6.0|
2023-12-06 19:31:42,977
update 8: filled 0 / 2 () | working 2 / 2 (+ETHUSDT,+XRPUSDT)
2023-12-06 19:31:46,977
+ETHUSDT: bp3.0|+XRPUSDT: bp6.0|
2023-12-06 19:31:47,847
update 9: filled 0 / 2 () | working 2 / 2 (+ETHUSDT,+XRPUSDT)
2023-12-06 19:31:51,847
+ETHUSDT: bp5.0|+XRPUSDT: bp8.0|
2023-12-06 19:31:52,719
update 10: filled 0 / 2 () | working 2 / 2 (+ETHUSDT,+XRPUSDT)
2023-12-06 19:31:56,719
+ETHUSDT: bp5.0|+XRPUSDT: bp8.0|
2023-12-06 19:31:57,592
update 11: filled 0 / 2 () | working 2 / 2 (+ETHUSDT,+XRPUSDT)
2023-12-06 19:32:01,592
+ETHUSDT: bp5.0|+XRPUSDT: bp10.0|
2023-12-06 19:32:02,464
update 12: filled 0 / 2 () | working 2 / 2 (+ETHUSDT,+XRPUSDT)
2023-12-06 19:32:06,465
+ETHUSDT: bp5.0|+XRPUSDT: bp10.0|
2023-12-06 19:32:07,335
update 13: filled 0 / 2 () | working 2 / 2 (+ETHUSDT,+XRPUSDT)
2023-12-06 19:32:11,335
+ETHUSDT: bp5.0|+XRPUSDT: bp11.0|
2023-12-06 19:32:12,206
update 14: filled 0 / 2 () | working 2 / 2 (+ETHUSDT,+XRPUSDT)
2023-12-06 19:32:16,207
+ETHUSDT: bp3.0|+XRPUSDT: bp8.0|
2023-12-06 19:32:16,207
Adjustment limit #1 ... 
 we cancel current orders and replace
2023-12-06 19:32:16,207
@+/-2.5bp limit 
2023-12-06 19:32:16,207
binance_cancel_and_replace_orders_peg 20231206_193216
2023-12-06 19:32:17,520
binance_place_orders_peg 20231206_193217
2023-12-06 19:32:17,959
{'orderId': 8389765632933619994, 'symbol': 'ETHUSDT', 'status': 'NEW', 'clientOrderId': 'xCqS73FMWHp8q3QUlrxnWG', 'price': '2267.73', 'avgPrice': '0.00', 'origQty': '0.021', 'executedQty': '0.000', 'cumQty': '0.000', 'cumQuote': '0.00000', 'timeInForce': 'GTC', 'type': 'LIMIT', 'reduceOnly': False, 'closePosition': False, 'side': 'BUY', 'positionSide': 'BOTH', 'stopPrice': '0.00', 'workingType': 'CONTRACT_PRICE', 'priceProtect': False, 'origType': 'LIMIT', 'priceMatch': 'NONE', 'selfTradePreventionMode': 'NONE', 'goodTillDate': 0, 'updateTime': 1701891137848}
2023-12-06 19:32:18,395
{'orderId': 46295637621, 'symbol': 'XRPUSDT', 'status': 'NEW', 'clientOrderId': 'iXAaDT0Izdc9Km6phQm7dN', 'price': '0.6301', 'avgPrice': '0.00', 'origQty': '76.7', 'executedQty': '0.0', 'cumQty': '0.0', 'cumQuote': '0.00000', 'timeInForce': 'GTC', 'type': 'LIMIT', 'reduceOnly': False, 'closePosition': False, 'side': 'BUY', 'positionSide': 'BOTH', 'stopPrice': '0.0000', 'workingType': 'CONTRACT_PRICE', 'priceProtect': False, 'origType': 'LIMIT', 'priceMatch': 'NONE', 'selfTradePreventionMode': 'NONE', 'goodTillDate': 0, 'updateTime': 1701891138284}
2023-12-06 19:32:19,268
update 0: filled 0 / 2 () | working 2 / 2 (+ETHUSDT,+XRPUSDT)
2023-12-06 19:32:23,269
+ETHUSDT: bp1.0|+XRPUSDT: bp3.0|
2023-12-06 19:32:24,144
update 1: filled 0 / 2 () | working 2 / 2 (+ETHUSDT,+XRPUSDT)
2023-12-06 19:32:28,145
+ETHUSDT: bp3.0|+XRPUSDT: bp5.0|
2023-12-06 19:32:29,016
update 2: filled 0 / 2 () | working 2 / 2 (+ETHUSDT,+XRPUSDT)
2023-12-06 19:32:33,017
+ETHUSDT: bp3.0|+XRPUSDT: bp3.0|
2023-12-06 19:32:33,887
update 3: filled 0 / 2 () | working 2 / 2 (+ETHUSDT,+XRPUSDT)
2023-12-06 19:32:37,888
+ETHUSDT: bp3.0|+XRPUSDT: bp5.0|
2023-12-06 19:32:38,760
update 4: filled 0 / 2 () | working 2 / 2 (+ETHUSDT,+XRPUSDT)
2023-12-06 19:32:42,761
+ETHUSDT: bp1.0|+XRPUSDT: bp5.0|
2023-12-06 19:32:43,632
update 5: filled 1 / 2 (+ETHUSDT) | working 1 / 2 (+XRPUSDT)
2023-12-06 19:32:47,633
+XRPUSDT: bp5.0|
2023-12-06 19:32:48,504
update 6: filled 1 / 2 (+ETHUSDT) | working 1 / 2 (+XRPUSDT)
2023-12-06 19:32:52,505
+XRPUSDT: bp5.0|
2023-12-06 19:32:53,376
update 7: filled 1 / 2 (+ETHUSDT) | working 1 / 2 (+XRPUSDT)
2023-12-06 19:32:57,376
+XRPUSDT: bp3.0|
2023-12-06 19:32:58,247
update 8: filled 1 / 2 (+ETHUSDT) | working 1 / 2 (+XRPUSDT)
2023-12-06 19:33:02,248
+XRPUSDT: bp5.0|
2023-12-06 19:33:03,118
update 9: filled 1 / 2 (+ETHUSDT) | working 1 / 2 (+XRPUSDT)
2023-12-06 19:33:07,119
+XRPUSDT: bp5.0|
2023-12-06 19:33:07,990
update 10: filled 1 / 2 (+ETHUSDT) | working 1 / 2 (+XRPUSDT)
2023-12-06 19:33:11,991
+XRPUSDT: bp6.0|
2023-12-06 19:33:12,862
update 11: filled 1 / 2 (+ETHUSDT) | working 1 / 2 (+XRPUSDT)
2023-12-06 19:33:16,863
+XRPUSDT: bp5.0|
2023-12-06 19:33:17,736
update 12: filled 1 / 2 (+ETHUSDT) | working 1 / 2 (+XRPUSDT)
2023-12-06 19:33:21,737
+XRPUSDT: bp5.0|
2023-12-06 19:33:22,613
update 13: filled 1 / 2 (+ETHUSDT) | working 1 / 2 (+XRPUSDT)
2023-12-06 19:33:26,614
+XRPUSDT: bp6.0|
2023-12-06 19:33:27,485
update 14: filled 1 / 2 (+ETHUSDT) | working 1 / 2 (+XRPUSDT)
2023-12-06 19:33:31,486
+XRPUSDT: bp6.0|
2023-12-06 19:33:31,486
Adjustment limit #2 ... 
 we cancel current orders and replace
2023-12-06 19:33:31,486
@+/-1.25bp limit 
2023-12-06 19:33:31,486
binance_cancel_and_replace_orders_peg 20231206_193331
2023-12-06 19:33:32,799
binance_place_orders_peg 20231206_193332
2023-12-06 19:33:33,238
{'orderId': 46295674537, 'symbol': 'XRPUSDT', 'status': 'NEW', 'clientOrderId': 'iXAaDT0Izdc9Km6phQm7dN', 'price': '0.6303', 'avgPrice': '0.00', 'origQty': '76.7', 'executedQty': '0.0', 'cumQty': '0.0', 'cumQuote': '0.00000', 'timeInForce': 'GTC', 'type': 'LIMIT', 'reduceOnly': False, 'closePosition': False, 'side': 'BUY', 'positionSide': 'BOTH', 'stopPrice': '0.0000', 'workingType': 'CONTRACT_PRICE', 'priceProtect': False, 'origType': 'LIMIT', 'priceMatch': 'NONE', 'selfTradePreventionMode': 'NONE', 'goodTillDate': 0, 'updateTime': 1701891213125}
2023-12-06 19:33:34,114
update 0: filled 1 / 2 (+ETHUSDT) | working 1 / 2 (+XRPUSDT)
2023-12-06 19:33:38,115
+XRPUSDT: bp3.0|
2023-12-06 19:33:38,990
update 1: filled 1 / 2 (+ETHUSDT) | working 1 / 2 (+XRPUSDT)
2023-12-06 19:33:42,991
+XRPUSDT: bp2.0|
2023-12-06 19:33:43,862
update 2: filled 1 / 2 (+ETHUSDT) | working 1 / 2 (+XRPUSDT)
2023-12-06 19:33:47,862
+XRPUSDT: bp3.0|
2023-12-06 19:33:48,734
update 3: filled 1 / 2 (+ETHUSDT) | working 1 / 2 (+XRPUSDT)
2023-12-06 19:33:52,735
+XRPUSDT: bp2.0|
2023-12-06 19:33:53,607
update 4: filled 1 / 2 (+ETHUSDT) | working 1 / 2 (+XRPUSDT)
2023-12-06 19:33:57,608
+XRPUSDT: bp2.0|
2023-12-06 19:33:58,485
update 5: filled 1 / 2 (+ETHUSDT) | working 1 / 2 (+XRPUSDT)
2023-12-06 19:34:02,485
+XRPUSDT: bp3.0|
2023-12-06 19:34:03,356
update 6: filled 1 / 2 (+ETHUSDT) | working 1 / 2 (+XRPUSDT)
2023-12-06 19:34:07,357
+XRPUSDT: bp2.0|
2023-12-06 19:34:08,226
update 7: filled 1 / 2 (+ETHUSDT) | working 1 / 2 (+XRPUSDT)
2023-12-06 19:34:12,227
+XRPUSDT: bp3.0|
2023-12-06 19:34:13,098
update 8: filled 1 / 2 (+ETHUSDT) | working 1 / 2 (+XRPUSDT)
2023-12-06 19:34:17,098
+XRPUSDT: bp3.0|
2023-12-06 19:34:17,968
update 9: filled 1 / 2 (+ETHUSDT) | working 1 / 2 (+XRPUSDT)
2023-12-06 19:34:21,969
+XRPUSDT: bp-0.0|
2023-12-06 19:34:22,842
update 10: filled 1 / 2 (+ETHUSDT) | working 1 / 2 (+XRPUSDT)
2023-12-06 19:34:26,842
+XRPUSDT: bp2.0|
2023-12-06 19:34:27,713
update 11: filled 1 / 2 (+ETHUSDT) | working 1 / 2 (+XRPUSDT)
2023-12-06 19:34:31,713
+XRPUSDT: bp-0.0|
2023-12-06 19:34:32,584
update 12: filled 1 / 2 (+ETHUSDT) | working 1 / 2 (+XRPUSDT)
2023-12-06 19:34:36,585
+XRPUSDT: bp-0.0|
2023-12-06 19:34:37,455
update 13: filled 1 / 2 (+ETHUSDT) | working 1 / 2 (+XRPUSDT)
2023-12-06 19:34:41,456
+XRPUSDT: bp2.0|
2023-12-06 19:34:42,327
update 14: filled 1 / 2 (+ETHUSDT) | working 1 / 2 (+XRPUSDT)
2023-12-06 19:34:46,328
+XRPUSDT: bp2.0|
2023-12-06 19:34:46,328
Adjustment limit #3 ... 
 we cancel current orders and replace
2023-12-06 19:34:46,328
@+/-0.625bp limit 
2023-12-06 19:34:46,328
binance_cancel_and_replace_orders_peg 20231206_193446
2023-12-06 19:34:47,641
binance_place_orders_peg 20231206_193447
2023-12-06 19:34:48,080
{'orderId': 46295709319, 'symbol': 'XRPUSDT', 'status': 'NEW', 'clientOrderId': 'iXAaDT0Izdc9Km6phQm7dN', 'price': '0.6304', 'avgPrice': '0.00', 'origQty': '76.7', 'executedQty': '0.0', 'cumQty': '0.0', 'cumQuote': '0.00000', 'timeInForce': 'GTC', 'type': 'LIMIT', 'reduceOnly': False, 'closePosition': False, 'side': 'BUY', 'positionSide': 'BOTH', 'stopPrice': '0.0000', 'workingType': 'CONTRACT_PRICE', 'priceProtect': False, 'origType': 'LIMIT', 'priceMatch': 'NONE', 'selfTradePreventionMode': 'NONE', 'goodTillDate': 0, 'updateTime': 1701891287967}
2023-12-06 19:34:48,951
update 0: filled 1 / 2 (+ETHUSDT) | working 1 / 2 (+XRPUSDT)
2023-12-06 19:34:52,952
+XRPUSDT: bp-0.0|
2023-12-06 19:34:53,824
update 1: filled 1 / 2 (+ETHUSDT) | working 1 / 2 (+XRPUSDT)
2023-12-06 19:34:57,825
+XRPUSDT: bp-0.0|
2023-12-06 19:34:58,695
update 2: filled 1 / 2 (+ETHUSDT) | working 1 / 2 (+XRPUSDT)
2023-12-06 19:35:02,696
+XRPUSDT: bp2.0|
2023-12-06 19:35:03,568
update 3: filled 1 / 2 (+ETHUSDT) | working 1 / 2 (+XRPUSDT)
2023-12-06 19:35:07,568
+XRPUSDT: bp-0.0|
2023-12-06 19:35:08,439
update 4: filled 1 / 2 (+ETHUSDT) | working 1 / 2 (+XRPUSDT)
2023-12-06 19:35:12,440
+XRPUSDT: bp-0.0|
2023-12-06 19:35:13,311
update 5: filled 1 / 2 (+ETHUSDT) | working 1 / 2 (+XRPUSDT)
2023-12-06 19:35:17,312
+XRPUSDT: bp-0.0|
2023-12-06 19:35:18,184
update 6: filled 1 / 2 (+ETHUSDT) | working 1 / 2 (+XRPUSDT)
2023-12-06 19:35:22,184
+XRPUSDT: bp2.0|
2023-12-06 19:35:23,056
update 7: filled 1 / 2 (+ETHUSDT) | working 1 / 2 (+XRPUSDT)
2023-12-06 19:35:27,056
+XRPUSDT: bp-0.0|
2023-12-06 19:35:27,926
update 8: filled 1 / 2 (+ETHUSDT) | working 1 / 2 (+XRPUSDT)
2023-12-06 19:35:31,927
+XRPUSDT: bp-0.0|
2023-12-06 19:35:32,799
update 9: filled 2 / 2 (+ETHUSDT,+XRPUSDT) | working 0 / 2 ()
