2024-01-19 20:30:51,225
ON program started 20240119 20:30:51,
US time: 20240119 15:30:51
2024-01-19 20:30:51,728
the strat is currently running @ 19-01-2024 and the target positions is LONG
2024-01-19 20:30:53,133
CURRENT STATUS IS LONG
-----
return before 14h30:
BTCUSDT+1.73%, ETHUSDT+1.39%, XRPUSDT-1.42%
-----
target alloc initial:BTCUSDT+16.67%, ETHUSDT+16.67%, XRPUSDT+16.67%
-----
alloc target x rt%<0:BTCUSDT+16.67%, ETHUSDT+16.67%, XRPUSDT+16.67%
-----
           BTCUSDT ETHUSDT XRPUSDT
w_target     16.7%   16.7%   16.7%
rt_14h30     0.02%   0.01%  -0.01%
w_target_f   16.7%   16.7%   16.7%
2024-01-19 20:30:53,134
Portfolio was rebalanced less than 2 hours ago, 1.0 hours ago
2024-01-19 20:30:53,139
Status: prev = LONG <> LONG = target
2024-01-19 20:30:53,139
the strat is currently running @ 19-01-2024 and the target positions is LONG
the strat was previously run @ 2024-01-19 19:31:07 UTC, success:? 
   and the current positions is LONG
2024-01-19 20:30:54,350
positions_future #2
2024-01-19 20:30:54,351
      symbol  positionAmt entryPrice  ... adlQuantile AUMs_account        w%
115  XRPUSDT       88.200     0.5456  ...           3        289.7  0.166349
143  ETHUSDT        0.019    2493.38  ...           1        289.7  0.163470

[2 rows x 12 columns]
2024-01-19 20:30:54,590
------------------------------
binance_account_balance
2024-01-19 20:30:54,590
  asset     balance  ...  marginAvailable   updateTime
5  USDT  289.616854  ...             True  19Jan-19:34

[1 rows x 8 columns]
2024-01-19 20:30:55,261
------------------------------
open_orders
2024-01-19 20:30:55,261
Empty DataFrame
Columns: []
Index: []
2024-01-19 20:30:55,909
------------------------------
AUMS account:289

2024-01-19 20:30:55,911
--------------- compute_futures_order_book() ----------------
2024-01-19 20:30:57,459
----------------------------------------------------------------------
#0 order(s) to place
gross$: 0$ | net$: +0$
gross%: 0% | net%: +0%
 || w>0%  +0% | w<0%  0%
----------------------------------------------------------------------
PTF Expo% 32.7% >> 50.0% (current>>target)
PTF expo $95.0 >> $144 (current>>target)
----------------------------------------------------------------------
2024-01-19 20:30:57,460
orders_ofthe_day
2024-01-19 20:30:57,460
Empty DataFrame
Columns: [ptf_usd, target_usd, totrd_usd, posttrd_usd, qty, posttrd_qty, posttrd_w, bid, ask, strategy]
Index: []
2024-01-19 20:30:57,535
Orders of the day is empty, current and target potfolios are aligned
2024-01-19 20:30:57,535
Program stopped
