2024-02-02 20:30:56,919
ON program started 20240202 20:30:56,
US time: 20240202 15:30:56
2024-02-02 20:30:57,827
the strat is currently running @ 02-02-2024 and the target positions is LONG
2024-02-02 20:30:59,256
CURRENT STATUS IS LONG
-----
return before 14h30:
BTCUSDT-0.09%, ETHUSDT-0.15%, XRPUSDT-0.61%
-----
target alloc initial:BTCUSDT+16.67%, ETHUSDT+16.67%, XRPUSDT+16.67%
-----
alloc target x rt%<0:BTCUSDT+16.67%, ETHUSDT+16.67%, XRPUSDT+16.67%
-----
           BTCUSDT ETHUSDT XRPUSDT
w_target     16.7%   16.7%   16.7%
rt_14h30    -0.00%  -0.00%  -0.01%
w_target_f   16.7%   16.7%   16.7%
2024-02-02 20:30:59,258
Portfolio was rebalanced less than 2 hours ago, 1.0 hours ago
2024-02-02 20:30:59,261
Status: prev = LONG <> LONG = target
2024-02-02 20:30:59,261
the strat is currently running @ 02-02-2024 and the target positions is LONG
the strat was previously run @ 2024-02-02 19:30:50 UTC, success:? 
   and the current positions is LONG
2024-02-02 20:31:00,520
positions_future #2
2024-02-02 20:31:00,520
      symbol  positionAmt entryPrice  ... adlQuantile AUMs_account        w%
147  ETHUSDT        0.021    2293.79  ...           2        290.5  0.166248
118  XRPUSDT       95.500     0.5023  ...           3        290.5  0.165959

[2 rows x 12 columns]
2024-02-02 20:31:00,763
------------------------------
binance_account_balance
2024-02-02 20:31:00,763
  asset     balance  ...  marginAvailable   updateTime
5  USDT  290.161122  ...             True  02Feb-19:32

[1 rows x 8 columns]
2024-02-02 20:31:01,431
------------------------------
open_orders
2024-02-02 20:31:01,431
Empty DataFrame
Columns: []
Index: []
2024-02-02 20:31:02,081
------------------------------
AUMS account:290

2024-02-02 20:31:02,082
--------------- compute_futures_order_book() ----------------
2024-02-02 20:31:03,635
----------------------------------------------------------------------
#0 order(s) to place
gross$: 0$ | net$: +0$
gross%: 0% | net%: +0%
 || w>0%  +0% | w<0%  0%
----------------------------------------------------------------------
PTF Expo% 33.0% >> 50.0% (current>>target)
PTF expo $96.0 >> $145 (current>>target)
----------------------------------------------------------------------
2024-02-02 20:31:03,637
orders_ofthe_day
2024-02-02 20:31:03,637
Empty DataFrame
Columns: [ptf_usd, target_usd, totrd_usd, posttrd_usd, qty, posttrd_qty, posttrd_w, bid, ask, strategy]
Index: []
2024-02-02 20:31:03,739
Orders of the day is empty, current and target potfolios are aligned
2024-02-02 20:31:03,739
Program stopped
