2024-03-22 20:30:45,392
ON program started 20240322 20:30:45,
US time: 20240322 16:30:45
2024-03-22 20:30:46,405
the strat is currently running @ 22-03-2024 and the target positions is LONG
2024-03-22 20:30:48,233
CURRENT STATUS IS LONG
-----
return before 14h30:
BTCUSDT-3.73%, ETHUSDT-4.37%, XRPUSDT-5.42%
-----
target alloc initial:BTCUSDT+16.67%, ETHUSDT+16.67%, XRPUSDT+16.67%
-----
alloc target x rt%<0:BTCUSDT+16.67%, ETHUSDT+16.67%, XRPUSDT+16.67%
-----
           BTCUSDT ETHUSDT XRPUSDT
w_target     16.7%   16.7%   16.7%
rt_14h30    -0.04%  -0.04%  -0.05%
w_target_f   16.7%   16.7%   16.7%
2024-03-22 20:30:48,234
Portfolio was rebalanced less than 2 hours ago, 1.0 hours ago
2024-03-22 20:30:48,236
Status: prev = LONG <> LONG = target
2024-03-22 20:30:48,236
the strat is currently running @ 22-03-2024 and the target positions is LONG
the strat was previously run @ 2024-03-22 19:31:03, success:yes 
   and the current positions is LONG
2024-03-22 20:30:49,441
positions_future #2
2024-03-22 20:30:49,441
      symbol  positionAmt entryPrice  ... adlQuantile AUMs_account        w%
156  ETHUSDT        0.015    3325.88  ...           2        290.6  0.171508
124  XRPUSDT       78.600     0.6105  ...           2        290.6  0.165930

[2 rows x 12 columns]
2024-03-22 20:30:49,519
programm stoppeddd!!! 20240322_203049
