2024-03-10 18:31:13,462
ON program started 20240310 18:31:13,
US time: 20240310 14:31:13
2024-03-10 18:31:14,557
the strat is currently running @ 10-03-2024 and the target positions is LONG
2024-03-10 18:31:15,994
CURRENT STATUS IS LONG
-----
return before 14h30:
BTCUSDT+1.46%, ETHUSDT-0.17%, XRPUSDT-1.40%
-----
target alloc initial:BTCUSDT+16.67%, ETHUSDT+16.67%, XRPUSDT+16.67%
-----
alloc target x rt%<0:BTCUSDT+16.67%, ETHUSDT+16.67%, XRPUSDT+16.67%
-----
           BTCUSDT ETHUSDT XRPUSDT
w_target     16.7%   16.7%   16.7%
rt_14h30     0.01%  -0.00%  -0.01%
w_target_f   16.7%   16.7%   16.7%
2024-03-10 18:31:15,995
Portfolio was rebalanced less than 2 hours ago, 14.0 hours ago
2024-03-10 18:31:15,997
Status: prev = LONG <> NEUTRAL = target
2024-03-10 18:31:15,997
the strat is currently running @ 10-03-2024 and the target positions is LONG
the strat was previously run @ 2024-03-10 04:30:55, success:yes 
   and the current positions is NEUTRAL
2024-03-10 18:31:17,238
positions_future #0
2024-03-10 18:31:17,239
Empty DataFrame
Columns: [symbol, positionAmt, entryPrice, breakEvenPrice, markPrice, unRealizedProfit, value_usd, updateTime, isolated, adlQuantile, AUMs_account, w%]
Index: []
2024-03-10 18:31:17,464
------------------------------
binance_account_balance
2024-03-10 18:31:17,465
  asset     balance  ...  marginAvailable   updateTime
6  USDT  290.311546  ...             True  09Mar-23:34

[1 rows x 8 columns]
2024-03-10 18:31:17,699
------------------------------
open_orders
2024-03-10 18:31:17,700
Empty DataFrame
Columns: []
Index: []
2024-03-10 18:31:18,358
------------------------------
AUMS account:290

2024-03-10 18:31:18,360
--------------- compute_futures_order_book() ----------------
2024-03-10 18:31:19,926
----------------------------------------------------------------------
#2 order(s) to place
gross$: 95$ | net$: +95$
gross%: 33% | net%: +33%
 || w>0%  +33% | w<0%  0%
----------------------------------------------------------------------
PTF Expo% 0.0% >> 50.0% (current>>target)
PTF expo $0.0 >> $145 (current>>target)
----------------------------------------------------------------------
2024-03-10 18:31:19,928
orders_ofthe_day
2024-03-10 18:31:19,928
                  ptf_usd  target_usd  totrd_usd  ...        bid        ask strategy
2024-03-10 18:31                                  ...                               
XRPUSDT               0.0       48.39       48.0  ...     0.6143     0.6144  STRATON
ETHUSDT               0.0       48.39       47.0  ...  3913.7900  3913.8000  STRATON

[2 rows x 10 columns]
2024-03-10 18:31:21,143
binance_place_orders_peg 20240310_183121
2024-03-10 18:31:21,584
{'orderId': 52062323470, 'symbol': 'XRPUSDT', 'status': 'NEW', 'clientOrderId': 'STRATON', 'price': '0.6139', 'avgPrice': '0.00', 'origQty': '78.1', 'executedQty': '0.0', 'cumQty': '0.0', 'cumQuote': '0.00000', 'timeInForce': 'GTC', 'type': 'LIMIT', 'reduceOnly': False, 'closePosition': False, 'side': 'BUY', 'positionSide': 'BOTH', 'stopPrice': '0.0000', 'workingType': 'CONTRACT_PRICE', 'priceProtect': False, 'origType': 'LIMIT', 'priceMatch': 'NONE', 'selfTradePreventionMode': 'NONE', 'goodTillDate': 0, 'updateTime': 1710095481472}
2024-03-10 18:31:22,022
{'orderId': 8389765660589402719, 'symbol': 'ETHUSDT', 'status': 'NEW', 'clientOrderId': 'STRATON', 'price': '3911.83', 'avgPrice': '0.00', 'origQty': '0.012', 'executedQty': '0.000', 'cumQty': '0.000', 'cumQuote': '0.00000', 'timeInForce': 'GTC', 'type': 'LIMIT', 'reduceOnly': False, 'closePosition': False, 'side': 'BUY', 'positionSide': 'BOTH', 'stopPrice': '0.00', 'workingType': 'CONTRACT_PRICE', 'priceProtect': False, 'origType': 'LIMIT', 'priceMatch': 'NONE', 'selfTradePreventionMode': 'NONE', 'goodTillDate': 0, 'updateTime': 1710095481911}
2024-03-10 18:31:23,595
update 0: filled 0 / 2 () | working 2 / 2 (+XRPUSDT,+ETHUSDT)
2024-03-10 18:31:27,596
+XRPUSDT: bp7.0|+ETHUSDT: bp5.0|
2024-03-10 18:31:28,485
update 1: filled 0 / 2 () | working 2 / 2 (+XRPUSDT,+ETHUSDT)
2024-03-10 18:31:32,486
+XRPUSDT: bp5.0|+ETHUSDT: bp5.0|
2024-03-10 18:31:33,370
update 2: filled 0 / 2 () | working 2 / 2 (+XRPUSDT,+ETHUSDT)
2024-03-10 18:31:37,371
+XRPUSDT: bp5.0|+ETHUSDT: bp5.0|
2024-03-10 18:31:38,260
update 3: filled 0 / 2 () | working 2 / 2 (+XRPUSDT,+ETHUSDT)
2024-03-10 18:31:42,260
+XRPUSDT: bp3.0|+ETHUSDT: bp5.0|
2024-03-10 18:31:43,155
update 4: filled 0 / 2 () | working 2 / 2 (+XRPUSDT,+ETHUSDT)
2024-03-10 18:31:47,156
+XRPUSDT: bp3.0|+ETHUSDT: bp5.0|
2024-03-10 18:31:48,041
update 5: filled 0 / 2 () | working 2 / 2 (+XRPUSDT,+ETHUSDT)
2024-03-10 18:31:52,042
+XRPUSDT: bp2.0|+ETHUSDT: bp5.0|
2024-03-10 18:31:52,926
update 6: filled 0 / 2 () | working 2 / 2 (+XRPUSDT,+ETHUSDT)
2024-03-10 18:31:56,927
+XRPUSDT: bp5.0|+ETHUSDT: bp3.0|
2024-03-10 18:31:57,809
update 7: filled 0 / 2 () | working 2 / 2 (+XRPUSDT,+ETHUSDT)
2024-03-10 18:32:01,810
+XRPUSDT: bp5.0|+ETHUSDT: bp3.0|
2024-03-10 18:32:02,689
update 8: filled 0 / 2 () | working 2 / 2 (+XRPUSDT,+ETHUSDT)
2024-03-10 18:32:06,690
+XRPUSDT: bp5.0|+ETHUSDT: bp2.0|
2024-03-10 18:32:07,581
update 9: filled 0 / 2 () | working 2 / 2 (+XRPUSDT,+ETHUSDT)
2024-03-10 18:32:11,583
+XRPUSDT: bp8.0|+ETHUSDT: bp3.0|
2024-03-10 18:32:12,465
update 10: filled 0 / 2 () | working 2 / 2 (+XRPUSDT,+ETHUSDT)
2024-03-10 18:32:16,465
+XRPUSDT: bp7.0|+ETHUSDT: bp3.0|
2024-03-10 18:32:17,348
update 11: filled 2 / 2 (+XRPUSDT,+ETHUSDT) | working 0 / 2 ()
2024-03-10 18:32:23,808
Trades of the day
in$
as of: 10Mar 18:32>>18:32 (#trades: 2)
trade net: +95.0 (+32.7%), trade gross: +95.0 (+32.7%), BUY: +95.0 (+32.7%), SELL: +0.0 (+0.0%)
fees: $ 0.019 (2.0bp)
2024-03-10 18:32:24,270
Trades: 
Filled #2
______________________________________________
                   in$ | in bp 94 traded | in bp 290 AUMs
realizedPnl    +0      | +0      | +0     
PnLvsArrival   +0.06   | +6      | +2     
PnLvsLast      +0.02   | +2      | +1     
______________________________________________
                 | Value$ | PnL Arrival/Last 
______________________________________________
ETH:+0.012@3911.83 | +47$ | 0.02/-0
XRP:+78.1@0.6139 | +48$ | 0.04/0.02
