2024-10-12 18:30:53,922
ON program started 20241012 18:30:53,
US time: 20241012 14:30:53
2024-10-12 18:30:54,743
the strat is currently running @ 12-10-2024 and the target positions is LONG
2024-10-12 18:30:56,076
CURRENT STATUS IS LONG
-----
return before 14h30:
BTCUSDT+0.85%, ETHUSDT+0.91%, XRPUSDT+0.56%
-----
target alloc initial:BTCUSDT+16.67%, ETHUSDT+16.67%, XRPUSDT+16.67%
-----
alloc target x rt%<0:BTCUSDT+16.67%, ETHUSDT+16.67%, XRPUSDT+16.67%
-----
           BTCUSDT ETHUSDT XRPUSDT
w_target     16.7%   16.7%   16.7%
rt_14h30     0.01%   0.01%   0.01%
w_target_f   16.7%   16.7%   16.7%
2024-10-12 18:30:56,078
Portfolio was rebalanced less than 2 hours ago, 15.0 hours ago
2024-10-12 18:30:56,080
Status: prev = LONG <> NEUTRAL = target
2024-10-12 18:30:56,080
the strat is currently running @ 12-10-2024 and the target positions is LONG
the strat was previously run @ 2024-10-12 03:30:41, success:yes 
   and the current positions is NEUTRAL
2024-10-12 18:30:57,221
positions_future #0
2024-10-12 18:30:57,221
Empty DataFrame
Columns: [symbol, positionAmt, entryPrice, breakEvenPrice, markPrice, unRealizedProfit, value_usd, updateTime, isolated, adlQuantile, AUMs_account, w%]
Index: []
2024-10-12 18:30:57,430
------------------------------
binance_account_balance
2024-10-12 18:30:57,430
  asset     balance  ...  marginAvailable   updateTime
4  USDT  285.088046  ...             True  11Oct-22:34

[1 rows x 8 columns]
2024-10-12 18:30:57,652
------------------------------
open_orders
2024-10-12 18:30:57,652
Empty DataFrame
Columns: []
Index: []
2024-10-12 18:30:58,265
------------------------------
AUMS account:285

2024-10-12 18:30:58,267
--------------- compute_futures_order_book() ----------------
2024-10-12 18:30:59,727
----------------------------------------------------------------------
#2 order(s) to place
gross$: 94$ | net$: +94$
gross%: 33% | net%: +33%
 || w>0%  +33% | w<0%  0%
----------------------------------------------------------------------
PTF Expo% 0.0% >> 50.0% (current>>target)
PTF expo $0.0 >> $142 (current>>target)
----------------------------------------------------------------------
2024-10-12 18:30:59,730
orders_ofthe_day
2024-10-12 18:30:59,730
                  ptf_usd  target_usd  totrd_usd  ...        bid       ask strategy
2024-10-12 18:30                                  ...                              
ETHUSDT               0.0       47.52       47.0  ...  2471.5700  2471.580  STRATON
XRPUSDT               0.0       47.52       47.0  ...     0.5379     0.538  STRATON

[2 rows x 10 columns]
2024-10-12 18:31:01,335
binance_place_orders_peg 20241012_183101
2024-10-12 18:31:01,747
{'orderId': 8389765745791292820, 'symbol': 'ETHUSDT', 'status': 'NEW', 'clientOrderId': 'STRATON', 'price': '2470.13', 'avgPrice': '0.00', 'origQty': '0.019', 'executedQty': '0.000', 'cumQty': '0.000', 'cumQuote': '0.00000', 'timeInForce': 'GTC', 'type': 'LIMIT', 'reduceOnly': False, 'closePosition': False, 'side': 'BUY', 'positionSide': 'BOTH', 'stopPrice': '0.00', 'workingType': 'CONTRACT_PRICE', 'priceProtect': False, 'origType': 'LIMIT', 'priceMatch': 'NONE', 'selfTradePreventionMode': 'NONE', 'goodTillDate': 0, 'updateTime': 1728757861643}
2024-10-12 18:31:02,160
{'orderId': 67709657258, 'symbol': 'XRPUSDT', 'status': 'NEW', 'clientOrderId': 'STRATON', 'price': '0.5376', 'avgPrice': '0.00', 'origQty': '87.4', 'executedQty': '0.0', 'cumQty': '0.0', 'cumQuote': '0.00000', 'timeInForce': 'GTC', 'type': 'LIMIT', 'reduceOnly': False, 'closePosition': False, 'side': 'BUY', 'positionSide': 'BOTH', 'stopPrice': '0.0000', 'workingType': 'CONTRACT_PRICE', 'priceProtect': False, 'origType': 'LIMIT', 'priceMatch': 'NONE', 'selfTradePreventionMode': 'NONE', 'goodTillDate': 0, 'updateTime': 1728757862055}
2024-10-12 18:31:03,625
update 0: filled 0 / 2 () | working 2 / 2 (+ETHUSDT,+XRPUSDT)
2024-10-12 18:31:07,626
+ETHUSDT: bp6.0|+XRPUSDT: bp6.0|
2024-10-12 18:31:08,452
update 1: filled 0 / 2 () | working 2 / 2 (+ETHUSDT,+XRPUSDT)
2024-10-12 18:31:12,452
+ETHUSDT: bp6.0|+XRPUSDT: bp6.0|
2024-10-12 18:31:13,268
update 2: filled 0 / 2 () | working 2 / 2 (+ETHUSDT,+XRPUSDT)
2024-10-12 18:31:17,269
+ETHUSDT: bp6.0|+XRPUSDT: bp7.0|
2024-10-12 18:31:18,092
update 3: filled 0 / 2 () | working 2 / 2 (+ETHUSDT,+XRPUSDT)
2024-10-12 18:31:22,092
+ETHUSDT: bp6.0|+XRPUSDT: bp7.0|
2024-10-12 18:31:22,909
update 4: filled 0 / 2 () | working 2 / 2 (+ETHUSDT,+XRPUSDT)
2024-10-12 18:31:26,910
+ETHUSDT: bp6.0|+XRPUSDT: bp7.0|
2024-10-12 18:31:27,729
update 5: filled 0 / 2 () | working 2 / 2 (+ETHUSDT,+XRPUSDT)
2024-10-12 18:31:31,730
+ETHUSDT: bp6.0|+XRPUSDT: bp9.0|
2024-10-12 18:31:32,546
update 6: filled 0 / 2 () | working 2 / 2 (+ETHUSDT,+XRPUSDT)
2024-10-12 18:31:36,546
+ETHUSDT: bp7.0|+XRPUSDT: bp9.0|
2024-10-12 18:31:37,360
update 7: filled 0 / 2 () | working 2 / 2 (+ETHUSDT,+XRPUSDT)
2024-10-12 18:31:41,365
+ETHUSDT: bp7.0|+XRPUSDT: bp7.0|
2024-10-12 18:31:42,181
update 8: filled 0 / 2 () | working 2 / 2 (+ETHUSDT,+XRPUSDT)
2024-10-12 18:31:46,182
+ETHUSDT: bp7.0|+XRPUSDT: bp9.0|
2024-10-12 18:31:46,995
update 9: filled 0 / 2 () | working 2 / 2 (+ETHUSDT,+XRPUSDT)
2024-10-12 18:31:50,996
+ETHUSDT: bp7.0|+XRPUSDT: bp9.0|
2024-10-12 18:31:51,809
update 10: filled 0 / 2 () | working 2 / 2 (+ETHUSDT,+XRPUSDT)
2024-10-12 18:31:55,810
+ETHUSDT: bp6.0|+XRPUSDT: bp7.0|
2024-10-12 18:31:56,625
update 11: filled 0 / 2 () | working 2 / 2 (+ETHUSDT,+XRPUSDT)
2024-10-12 18:32:00,626
+ETHUSDT: bp5.0|+XRPUSDT: bp9.0|
2024-10-12 18:32:01,440
update 12: filled 0 / 2 () | working 2 / 2 (+ETHUSDT,+XRPUSDT)
2024-10-12 18:32:05,441
+ETHUSDT: bp5.0|+XRPUSDT: bp7.0|
2024-10-12 18:32:06,254
update 13: filled 0 / 2 () | working 2 / 2 (+ETHUSDT,+XRPUSDT)
2024-10-12 18:32:10,254
+ETHUSDT: bp6.0|+XRPUSDT: bp9.0|
2024-10-12 18:32:11,073
update 14: filled 0 / 2 () | working 2 / 2 (+ETHUSDT,+XRPUSDT)
2024-10-12 18:32:15,074
+ETHUSDT: bp6.0|+XRPUSDT: bp7.0|
2024-10-12 18:32:15,074
Adjustment limit #1 ... 
 we cancel current orders and replace
2024-10-12 18:32:15,074
@+/-2.5bp limit 
2024-10-12 18:32:15,074
binance_cancel_and_replace_orders_peg 20241012_183215
2024-10-12 18:32:17,128
binance_place_orders_peg 20241012_183217
2024-10-12 18:32:17,541
{'orderId': 8389765745791770111, 'symbol': 'ETHUSDT', 'status': 'NEW', 'clientOrderId': 'STRATON', 'price': '2471.18', 'avgPrice': '0.00', 'origQty': '0.019', 'executedQty': '0.000', 'cumQty': '0.000', 'cumQuote': '0.00000', 'timeInForce': 'GTC', 'type': 'LIMIT', 'reduceOnly': False, 'closePosition': False, 'side': 'BUY', 'positionSide': 'BOTH', 'stopPrice': '0.00', 'workingType': 'CONTRACT_PRICE', 'priceProtect': False, 'origType': 'LIMIT', 'priceMatch': 'NONE', 'selfTradePreventionMode': 'NONE', 'goodTillDate': 0, 'updateTime': 1728757937432}
2024-10-12 18:32:17,956
{'orderId': 67709723312, 'symbol': 'XRPUSDT', 'status': 'NEW', 'clientOrderId': 'STRATON', 'price': '0.5380', 'avgPrice': '0.00', 'origQty': '87.4', 'executedQty': '0.0', 'cumQty': '0.0', 'cumQuote': '0.00000', 'timeInForce': 'GTC', 'type': 'LIMIT', 'reduceOnly': False, 'closePosition': False, 'side': 'BUY', 'positionSide': 'BOTH', 'stopPrice': '0.0000', 'workingType': 'CONTRACT_PRICE', 'priceProtect': False, 'origType': 'LIMIT', 'priceMatch': 'NONE', 'selfTradePreventionMode': 'NONE', 'goodTillDate': 0, 'updateTime': 1728757937848}
2024-10-12 18:32:18,778
update 0: filled 0 / 2 () | working 2 / 2 (+ETHUSDT,+XRPUSDT)
2024-10-12 18:32:22,778
+ETHUSDT: bp3.0|+XRPUSDT: bp2.0|
2024-10-12 18:32:23,593
update 1: filled 0 / 2 () | working 2 / 2 (+ETHUSDT,+XRPUSDT)
2024-10-12 18:32:27,593
+ETHUSDT: bp4.0|+XRPUSDT: bp2.0|
2024-10-12 18:32:28,410
update 2: filled 0 / 2 () | working 2 / 2 (+ETHUSDT,+XRPUSDT)
2024-10-12 18:32:32,412
+ETHUSDT: bp6.0|+XRPUSDT: bp4.0|
2024-10-12 18:32:33,227
update 3: filled 0 / 2 () | working 2 / 2 (+ETHUSDT,+XRPUSDT)
2024-10-12 18:32:37,228
+ETHUSDT: bp7.0|+XRPUSDT: bp4.0|
2024-10-12 18:32:38,040
update 4: filled 0 / 2 () | working 2 / 2 (+ETHUSDT,+XRPUSDT)
2024-10-12 18:32:42,041
+ETHUSDT: bp5.0|+XRPUSDT: bp6.0|
2024-10-12 18:32:42,856
update 5: filled 0 / 2 () | working 2 / 2 (+ETHUSDT,+XRPUSDT)
2024-10-12 18:32:46,857
+ETHUSDT: bp6.0|+XRPUSDT: bp4.0|
2024-10-12 18:32:47,670
update 6: filled 0 / 2 () | working 2 / 2 (+ETHUSDT,+XRPUSDT)
2024-10-12 18:32:51,671
+ETHUSDT: bp5.0|+XRPUSDT: bp2.0|
2024-10-12 18:32:52,484
update 7: filled 0 / 2 () | working 2 / 2 (+ETHUSDT,+XRPUSDT)
2024-10-12 18:32:56,485
+ETHUSDT: bp5.0|+XRPUSDT: bp4.0|
2024-10-12 18:32:57,299
update 8: filled 0 / 2 () | working 2 / 2 (+ETHUSDT,+XRPUSDT)
2024-10-12 18:33:01,300
+ETHUSDT: bp5.0|+XRPUSDT: bp2.0|
2024-10-12 18:33:02,114
update 9: filled 0 / 2 () | working 2 / 2 (+ETHUSDT,+XRPUSDT)
2024-10-12 18:33:06,114
+ETHUSDT: bp5.0|+XRPUSDT: bp4.0|
2024-10-12 18:33:06,929
update 10: filled 0 / 2 () | working 2 / 2 (+ETHUSDT,+XRPUSDT)
2024-10-12 18:33:10,937
+ETHUSDT: bp5.0|+XRPUSDT: bp4.0|
2024-10-12 18:33:11,751
update 11: filled 0 / 2 () | working 2 / 2 (+ETHUSDT,+XRPUSDT)
2024-10-12 18:33:15,752
+ETHUSDT: bp5.0|+XRPUSDT: bp2.0|
2024-10-12 18:33:16,565
update 12: filled 0 / 2 () | working 2 / 2 (+ETHUSDT,+XRPUSDT)
2024-10-12 18:33:20,565
+ETHUSDT: bp3.0|+XRPUSDT: bp-0.0|
2024-10-12 18:33:21,380
update 13: filled 0 / 2 () | working 2 / 2 (+ETHUSDT,+XRPUSDT)
2024-10-12 18:33:25,381
+ETHUSDT: bp1.0|+XRPUSDT: bp2.0|
2024-10-12 18:33:26,195
update 14: filled 0 / 2 () | working 2 / 2 (+ETHUSDT,+XRPUSDT)
2024-10-12 18:33:30,196
+ETHUSDT: bp1.0|+XRPUSDT: bp-0.0|
2024-10-12 18:33:30,196
Adjustment limit #2 ... 
 we cancel current orders and replace
2024-10-12 18:33:30,196
@+/-1.25bp limit 
2024-10-12 18:33:30,196
binance_cancel_and_replace_orders_peg 20241012_183330
2024-10-12 18:33:31,635
binance_place_orders_peg 20241012_183331
2024-10-12 18:33:32,046
{'orderId': 8389765745792322893, 'symbol': 'ETHUSDT', 'status': 'NEW', 'clientOrderId': 'STRATON', 'price': '2471.04', 'avgPrice': '0.00', 'origQty': '0.019', 'executedQty': '0.000', 'cumQty': '0.000', 'cumQuote': '0.00000', 'timeInForce': 'GTC', 'type': 'LIMIT', 'reduceOnly': False, 'closePosition': False, 'side': 'BUY', 'positionSide': 'BOTH', 'stopPrice': '0.00', 'workingType': 'CONTRACT_PRICE', 'priceProtect': False, 'origType': 'LIMIT', 'priceMatch': 'NONE', 'selfTradePreventionMode': 'NONE', 'goodTillDate': 0, 'updateTime': 1728758011943}
2024-10-12 18:33:32,873
update 0: filled 1 / 2 (+XRPUSDT) | working 1 / 2 (+ETHUSDT)
2024-10-12 18:33:36,877
+ETHUSDT: bp2.0|
2024-10-12 18:33:37,691
update 1: filled 1 / 2 (+XRPUSDT) | working 1 / 2 (+ETHUSDT)
2024-10-12 18:33:41,692
+ETHUSDT: bp4.0|
2024-10-12 18:33:42,505
update 2: filled 1 / 2 (+XRPUSDT) | working 1 / 2 (+ETHUSDT)
2024-10-12 18:33:46,506
+ETHUSDT: bp5.0|
2024-10-12 18:33:47,320
update 3: filled 1 / 2 (+XRPUSDT) | working 1 / 2 (+ETHUSDT)
2024-10-12 18:33:51,321
+ETHUSDT: bp5.0|
2024-10-12 18:33:52,138
update 4: filled 1 / 2 (+XRPUSDT) | working 1 / 2 (+ETHUSDT)
2024-10-12 18:33:56,139
+ETHUSDT: bp3.0|
2024-10-12 18:33:56,952
update 5: filled 1 / 2 (+XRPUSDT) | working 1 / 2 (+ETHUSDT)
2024-10-12 18:34:00,953
+ETHUSDT: bp3.0|
2024-10-12 18:34:01,770
update 6: filled 1 / 2 (+XRPUSDT) | working 1 / 2 (+ETHUSDT)
2024-10-12 18:34:05,771
+ETHUSDT: bp3.0|
2024-10-12 18:34:06,585
update 7: filled 1 / 2 (+XRPUSDT) | working 1 / 2 (+ETHUSDT)
2024-10-12 18:34:10,585
+ETHUSDT: bp3.0|
2024-10-12 18:34:11,398
update 8: filled 1 / 2 (+XRPUSDT) | working 1 / 2 (+ETHUSDT)
2024-10-12 18:34:15,399
+ETHUSDT: bp4.0|
2024-10-12 18:34:16,217
update 9: filled 1 / 2 (+XRPUSDT) | working 1 / 2 (+ETHUSDT)
2024-10-12 18:34:20,218
+ETHUSDT: bp5.0|
2024-10-12 18:34:21,033
update 10: filled 1 / 2 (+XRPUSDT) | working 1 / 2 (+ETHUSDT)
2024-10-12 18:34:25,035
+ETHUSDT: bp4.0|
2024-10-12 18:34:25,852
update 11: filled 1 / 2 (+XRPUSDT) | working 1 / 2 (+ETHUSDT)
2024-10-12 18:34:29,852
+ETHUSDT: bp4.0|
2024-10-12 18:34:30,669
update 12: filled 1 / 2 (+XRPUSDT) | working 1 / 2 (+ETHUSDT)
2024-10-12 18:34:34,670
+ETHUSDT: bp4.0|
2024-10-12 18:34:35,484
update 13: filled 1 / 2 (+XRPUSDT) | working 1 / 2 (+ETHUSDT)
2024-10-12 18:34:39,485
+ETHUSDT: bp4.0|
2024-10-12 18:34:40,300
update 14: filled 1 / 2 (+XRPUSDT) | working 1 / 2 (+ETHUSDT)
2024-10-12 18:34:44,300
+ETHUSDT: bp6.0|
2024-10-12 18:34:44,301
Adjustment limit #3 ... 
 we cancel current orders and replace
2024-10-12 18:34:44,301
@+/-0.625bp limit 
2024-10-12 18:34:44,301
binance_cancel_and_replace_orders_peg 20241012_183444
2024-10-12 18:34:45,733
binance_place_orders_peg 20241012_183445
2024-10-12 18:34:46,140
{'orderId': 8389765745792893005, 'symbol': 'ETHUSDT', 'status': 'NEW', 'clientOrderId': 'STRATON', 'price': '2472.10', 'avgPrice': '0.00', 'origQty': '0.019', 'executedQty': '0.000', 'cumQty': '0.000', 'cumQuote': '0.00000', 'timeInForce': 'GTC', 'type': 'LIMIT', 'reduceOnly': False, 'closePosition': False, 'side': 'BUY', 'positionSide': 'BOTH', 'stopPrice': '0.00', 'workingType': 'CONTRACT_PRICE', 'priceProtect': False, 'origType': 'LIMIT', 'priceMatch': 'NONE', 'selfTradePreventionMode': 'NONE', 'goodTillDate': 0, 'updateTime': 1728758086039}
2024-10-12 18:34:46,960
update 0: filled 1 / 2 (+XRPUSDT) | working 1 / 2 (+ETHUSDT)
2024-10-12 18:34:50,961
+ETHUSDT: bp1.0|
2024-10-12 18:34:51,774
update 1: filled 1 / 2 (+XRPUSDT) | working 1 / 2 (+ETHUSDT)
2024-10-12 18:34:55,775
+ETHUSDT: bp1.0|
2024-10-12 18:34:56,589
update 2: filled 1 / 2 (+XRPUSDT) | working 1 / 2 (+ETHUSDT)
2024-10-12 18:35:00,589
+ETHUSDT: bp1.0|
2024-10-12 18:35:01,409
update 3: filled 1 / 2 (+XRPUSDT) | working 1 / 2 (+ETHUSDT)
2024-10-12 18:35:05,410
+ETHUSDT: bp1.0|
2024-10-12 18:35:06,226
update 4: filled 2 / 2 (+XRPUSDT,+ETHUSDT) | working 0 / 2 ()
2024-10-12 18:35:12,499
Trades of the day
in$
as of: 12Oct 18:33>>18:35 (#trades: 2)
trade net: +94.0 (+33.0%), trade gross: +94.0 (+33.0%), BUY: +94.0 (+33.0%), SELL: +0.0 (+0.0%)
fees: $ 0.019 (2.0bp)
2024-10-12 18:35:12,920
Trades: 
Filled #2
______________________________________________
                   in$ | in bp 93 traded | in bp 285 AUMs
realizedPnl    +0      | +0      | +0     
PnLvsArrival   -0.01   | -1      | -0     
PnLvsLast      +0      | +0      | +0     
______________________________________________
                 | Value$ | PnL Arrival/Last 
______________________________________________
ETH:+0.019@2472.1 | +47$ | -0.01/-0.01
XRP:+87.4@0.538 | +47$ | -0/0.01
