2024-09-03 01:30:40,922
ON program started 20240903 01:30:40,
US time: 20240902 21:30:40
2024-09-03 01:30:41,526
the strat is currently running @ 03-09-2024 and the target positions is SHORT
2024-09-03 01:30:42,828
CURRENT STATUS IS SHORT, WE CHECK IF THE DAY IS A NEGATIVE ONE
-----
return before 14h30:
BTCUSDT+0.22%, ETHUSDT-0.21%, XRPUSDT-0.05%
-----
target alloc initial:BTCUSDT-4.17%, ETHUSDT+0.00%, XRPUSDT-4.17%
-----
alloc target x rt%<0:BTCUSDT-0.00%, ETHUSDT+0.00%, XRPUSDT-4.17%
-----
           BTCUSDT ETHUSDT XRPUSDT
w_target     -4.2%    0.0%   -4.2%
rt_14h30     0.00%  -0.00%  -0.00%
w_target_f   -0.0%    0.0%   -4.2%
2024-09-03 01:30:42,829
Portfolio was rebalanced less than 2 hours ago, 1.0 hours ago
2024-09-03 01:30:42,830
Status: prev = SHORT <> SHORT = target
2024-09-03 01:30:42,830
the strat is currently running @ 03-09-2024 and the target positions is SHORT
the strat was previously run @ 2024-09-03 00:30:48, success:yes 
   and the current positions is SHORT
2024-09-03 01:30:43,375
positions_future #0
2024-09-03 01:30:43,375
Empty DataFrame
Columns: [symbol, positionAmt, entryPrice, breakEvenPrice, markPrice, unRealizedProfit, value_usd, updateTime, isolated, adlQuantile, AUMs_account, w%]
Index: []
2024-09-03 01:30:43,443
programm stoppeddd!!! 20240903_013043
