2024-03-21 18:31:01,392
ON program started 20240321 18:31:01,
US time: 20240321 14:31:01
2024-03-21 18:31:02,294
the strat is currently running @ 21-03-2024 and the target positions is LONG
2024-03-21 18:31:03,707
CURRENT STATUS IS LONG
-----
return before 14h30:
BTCUSDT-1.63%, ETHUSDT+0.09%, XRPUSDT+1.69%
-----
target alloc initial:BTCUSDT+16.67%, ETHUSDT+16.67%, XRPUSDT+16.67%
-----
alloc target x rt%<0:BTCUSDT+16.67%, ETHUSDT+16.67%, XRPUSDT+16.67%
-----
           BTCUSDT ETHUSDT XRPUSDT
w_target     16.7%   16.7%   16.7%
rt_14h30    -0.02%   0.00%   0.02%
w_target_f   16.7%   16.7%   16.7%
2024-03-21 18:31:03,709
Portfolio was rebalanced less than 2 hours ago, 15.0 hours ago
2024-03-21 18:31:03,710
Status: prev = LONG <> NEUTRAL = target
2024-03-21 18:31:03,710
the strat is currently running @ 21-03-2024 and the target positions is LONG
the strat was previously run @ 2024-03-21 03:31:11, success:yes 
   and the current positions is NEUTRAL
2024-03-21 18:31:04,935
positions_future #0
2024-03-21 18:31:04,935
Empty DataFrame
Columns: [symbol, positionAmt, entryPrice, breakEvenPrice, markPrice, unRealizedProfit, value_usd, updateTime, isolated, adlQuantile, AUMs_account, w%]
Index: []
2024-03-21 18:31:05,160
------------------------------
binance_account_balance
2024-03-21 18:31:05,160
  asset    balance  ...  marginAvailable   updateTime
6  USDT  289.88904  ...             True  20Mar-22:34

[1 rows x 8 columns]
2024-03-21 18:31:05,396
------------------------------
open_orders
2024-03-21 18:31:05,396
Empty DataFrame
Columns: []
Index: []
2024-03-21 18:31:06,057
------------------------------
AUMS account:289

2024-03-21 18:31:06,059
--------------- compute_futures_order_book() ----------------
2024-03-21 18:31:07,624
----------------------------------------------------------------------
#2 order(s) to place
gross$: 96$ | net$: +96$
gross%: 33% | net%: +33%
 || w>0%  +33% | w<0%  0%
----------------------------------------------------------------------
PTF Expo% 0.0% >> 50.0% (current>>target)
PTF expo $0.0 >> $144 (current>>target)
----------------------------------------------------------------------
2024-03-21 18:31:07,626
orders_ofthe_day
2024-03-21 18:31:07,626
                  ptf_usd  target_usd  totrd_usd  ...        bid        ask strategy
2024-03-21 18:31                                  ...                               
ETHUSDT               0.0       48.32       48.0  ...  3444.0200  3444.0300  STRATON
XRPUSDT               0.0       48.32       48.0  ...     0.6427     0.6428  STRATON

[2 rows x 10 columns]
2024-03-21 18:31:10,188
binance_place_orders_peg 20240321_183110
2024-03-21 18:31:10,631
{'orderId': 8389765664605755008, 'symbol': 'ETHUSDT', 'status': 'NEW', 'clientOrderId': 'STRATON', 'price': '3442.36', 'avgPrice': '0.00', 'origQty': '0.014', 'executedQty': '0.000', 'cumQty': '0.000', 'cumQuote': '0.00000', 'timeInForce': 'GTC', 'type': 'LIMIT', 'reduceOnly': False, 'closePosition': False, 'side': 'BUY', 'positionSide': 'BOTH', 'stopPrice': '0.00', 'workingType': 'CONTRACT_PRICE', 'priceProtect': False, 'origType': 'LIMIT', 'priceMatch': 'NONE', 'selfTradePreventionMode': 'NONE', 'goodTillDate': 0, 'updateTime': 1711045870522}
2024-03-21 18:31:11,113
{'orderId': 53056426519, 'symbol': 'XRPUSDT', 'status': 'NEW', 'clientOrderId': 'STRATON', 'price': '0.6422', 'avgPrice': '0.00', 'origQty': '74.7', 'executedQty': '0.0', 'cumQty': '0.0', 'cumQuote': '0.00000', 'timeInForce': 'GTC', 'type': 'LIMIT', 'reduceOnly': False, 'closePosition': False, 'side': 'BUY', 'positionSide': 'BOTH', 'stopPrice': '0.0000', 'workingType': 'CONTRACT_PRICE', 'priceProtect': False, 'origType': 'LIMIT', 'priceMatch': 'NONE', 'selfTradePreventionMode': 'NONE', 'goodTillDate': 0, 'updateTime': 1711045871003}
2024-03-21 18:31:12,676
update 0: filled 0 / 2 () | working 2 / 2 (+ETHUSDT,+XRPUSDT)
2024-03-21 18:31:16,677
+ETHUSDT: bp2.0|+XRPUSDT: bp9.0|
2024-03-21 18:31:17,555
update 1: filled 0 / 2 () | working 2 / 2 (+ETHUSDT,+XRPUSDT)
2024-03-21 18:31:21,556
+ETHUSDT: bp6.0|+XRPUSDT: bp9.0|
2024-03-21 18:31:22,434
update 2: filled 1 / 2 (+XRPUSDT) | working 1 / 2 (+ETHUSDT)
2024-03-21 18:31:26,435
+ETHUSDT: bp16.0|
2024-03-21 18:31:27,316
update 3: filled 1 / 2 (+XRPUSDT) | working 1 / 2 (+ETHUSDT)
2024-03-21 18:31:31,317
+ETHUSDT: bp5.0|
2024-03-21 18:31:32,195
update 4: filled 1 / 2 (+XRPUSDT) | working 1 / 2 (+ETHUSDT)
2024-03-21 18:31:36,196
+ETHUSDT: bp7.0|
2024-03-21 18:31:37,077
update 5: filled 1 / 2 (+XRPUSDT) | working 1 / 2 (+ETHUSDT)
2024-03-21 18:31:41,078
+ETHUSDT: bp10.0|
2024-03-21 18:31:41,957
update 6: filled 1 / 2 (+XRPUSDT) | working 1 / 2 (+ETHUSDT)
2024-03-21 18:31:45,958
+ETHUSDT: bp17.0|
2024-03-21 18:31:46,837
update 7: filled 1 / 2 (+XRPUSDT) | working 1 / 2 (+ETHUSDT)
2024-03-21 18:31:50,838
+ETHUSDT: bp17.0|
2024-03-21 18:31:51,717
update 8: filled 1 / 2 (+XRPUSDT) | working 1 / 2 (+ETHUSDT)
2024-03-21 18:31:55,718
+ETHUSDT: bp17.0|
2024-03-21 18:31:56,600
update 9: filled 1 / 2 (+XRPUSDT) | working 1 / 2 (+ETHUSDT)
2024-03-21 18:32:00,601
+ETHUSDT: bp7.0|
2024-03-21 18:32:01,481
update 10: filled 1 / 2 (+XRPUSDT) | working 1 / 2 (+ETHUSDT)
2024-03-21 18:32:05,482
+ETHUSDT: bp4.0|
2024-03-21 18:32:06,367
update 11: filled 1 / 2 (+XRPUSDT) | working 1 / 2 (+ETHUSDT)
2024-03-21 18:32:10,368
+ETHUSDT: bp6.0|
2024-03-21 18:32:11,247
update 12: filled 2 / 2 (+ETHUSDT,+XRPUSDT) | working 0 / 2 ()
2024-03-21 18:32:17,710
Trades of the day
in$
as of: 21Mar 18:31>>18:32 (#trades: 2)
trade net: +96.0 (+33.1%), trade gross: +96.0 (+33.1%), BUY: +96.0 (+33.1%), SELL: +0.0 (+0.0%)
fees: $ 0.019 (2.0bp)
2024-03-21 18:32:18,166
Trades: 
Filled #2
______________________________________________
                   in$ | in bp 96 traded | in bp 289 AUMs
realizedPnl    +0      | +0      | +0     
PnLvsArrival   +0.06   | +6      | +2     
PnLvsLast      -0.15   | -16     | -5     
______________________________________________
                 | Value$ | PnL Arrival/Last 
______________________________________________
XRP:+74.7@0.6422 | +48$ | 0.04/-0.12
ETH:+0.014@3442.36 | +48$ | 0.02/-0.03
