2024-07-17 18:30:43,503
ON program started 20240717 18:30:43,
US time: 20240717 14:30:43
2024-07-17 18:30:44,025
the strat is currently running @ 17-07-2024 and the target positions is LONG
2024-07-17 18:30:45,740
CURRENT STATUS IS LONG
-----
return before 14h30:
BTCUSDT+0.15%, ETHUSDT+0.69%, XRPUSDT+6.30%
-----
target alloc initial:BTCUSDT+16.67%, ETHUSDT+16.67%, XRPUSDT+16.67%
-----
alloc target x rt%<0:BTCUSDT+16.67%, ETHUSDT+16.67%, XRPUSDT+16.67%
-----
           BTCUSDT ETHUSDT XRPUSDT
w_target     16.7%   16.7%   16.7%
rt_14h30     0.00%   0.01%   0.06%
w_target_f   16.7%   16.7%   16.7%
2024-07-17 18:30:45,741
Portfolio was rebalanced less than 2 hours ago, 15.0 hours ago
2024-07-17 18:30:45,742
Status: prev = LONG <> NEUTRAL = target
2024-07-17 18:30:45,742
the strat is currently running @ 17-07-2024 and the target positions is LONG
the strat was previously run @ 2024-07-17 03:30:43, success:yes 
   and the current positions is NEUTRAL
2024-07-17 18:30:46,868
positions_future #0
2024-07-17 18:30:46,868
Empty DataFrame
Columns: [symbol, positionAmt, entryPrice, breakEvenPrice, markPrice, unRealizedProfit, value_usd, updateTime, isolated, adlQuantile, AUMs_account, w%]
Index: []
2024-07-17 18:30:47,079
------------------------------
binance_account_balance
2024-07-17 18:30:47,080
  asset     balance  ...  marginAvailable   updateTime
4  USDT  292.451635  ...             True  16Jul-22:33

[1 rows x 8 columns]
2024-07-17 18:30:47,299
------------------------------
open_orders
2024-07-17 18:30:47,299
Empty DataFrame
Columns: []
Index: []
2024-07-17 18:30:47,911
------------------------------
AUMS account:292

2024-07-17 18:30:47,913
--------------- compute_futures_order_book() ----------------
2024-07-17 18:30:49,366
----------------------------------------------------------------------
#2 order(s) to place
gross$: 97$ | net$: +97$
gross%: 33% | net%: +33%
 || w>0%  +33% | w<0%  0%
----------------------------------------------------------------------
PTF Expo% 0.0% >> 50.0% (current>>target)
PTF expo $0.0 >> $146 (current>>target)
----------------------------------------------------------------------
2024-07-17 18:30:49,368
orders_ofthe_day
2024-07-17 18:30:49,368
                  ptf_usd  target_usd  totrd_usd  ...        bid        ask strategy
2024-07-17 18:30                                  ...                               
XRPUSDT               0.0       48.75       49.0  ...     0.6155     0.6156  STRATON
ETHUSDT               0.0       48.75       48.0  ...  3417.7300  3417.7400  STRATON

[2 rows x 10 columns]
2024-07-17 18:30:50,919
binance_place_orders_peg 20240717_183050
2024-07-17 18:30:51,329
{'orderId': 60772222532, 'symbol': 'XRPUSDT', 'status': 'NEW', 'clientOrderId': 'STRATON', 'price': '0.6152', 'avgPrice': '0.00', 'origQty': '79.6', 'executedQty': '0.0', 'cumQty': '0.0', 'cumQuote': '0.00000', 'timeInForce': 'GTC', 'type': 'LIMIT', 'reduceOnly': False, 'closePosition': False, 'side': 'BUY', 'positionSide': 'BOTH', 'stopPrice': '0.0000', 'workingType': 'CONTRACT_PRICE', 'priceProtect': False, 'origType': 'LIMIT', 'priceMatch': 'NONE', 'selfTradePreventionMode': 'NONE', 'goodTillDate': 0, 'updateTime': 1721241051227}
2024-07-17 18:30:51,738
{'orderId': 8389765702831590381, 'symbol': 'ETHUSDT', 'status': 'NEW', 'clientOrderId': 'STRATON', 'price': '3416.02', 'avgPrice': '0.00', 'origQty': '0.014', 'executedQty': '0.000', 'cumQty': '0.000', 'cumQuote': '0.00000', 'timeInForce': 'GTC', 'type': 'LIMIT', 'reduceOnly': False, 'closePosition': False, 'side': 'BUY', 'positionSide': 'BOTH', 'stopPrice': '0.00', 'workingType': 'CONTRACT_PRICE', 'priceProtect': False, 'origType': 'LIMIT', 'priceMatch': 'NONE', 'selfTradePreventionMode': 'NONE', 'goodTillDate': 0, 'updateTime': 1721241051637}
