2023-10-31 03:30:53,755
ON program started 20231031 03:30:53,
US time: 20231030 23:30:53
2023-10-31 03:30:54,416
the strat is currently running @ 31-10-2023 and the target positions is NEUTRAL
2023-10-31 03:30:55,818
CURRENT STATUS IS NEUTRAL
-----
return before 14h30:
BTCUSDT+0.00%, ETHUSDT+0.00%, XRPUSDT+0.00%
-----
target alloc initial:BTCUSDT+0.00%, ETHUSDT+0.00%, XRPUSDT+0.00%
-----
alloc target x rt%<0:BTCUSDT+0.00%, ETHUSDT+0.00%, XRPUSDT+0.00%
-----
           BTCUSDT ETHUSDT XRPUSDT
w_target      0.0%    0.0%    0.0%
rt_14h30     0.00%   0.00%   0.00%
w_target_f    0.0%    0.0%    0.0%
2023-10-31 03:30:55,820
Portfolio was rebalanced less than 2 hours ago, 1.0 hours ago
2023-10-31 03:30:55,823
Status: prev = NEUTRAL <> NEUTRAL = target
2023-10-31 03:30:55,823
the strat is currently running @ 31-10-2023 and the target positions is NEUTRAL
the strat was previously run @ 2023-10-31 02:30:51 UTC, success:yes 
   and the current positions is NEUTRAL
2023-10-31 03:30:56,978
positions_future #0
2023-10-31 03:30:56,979
Empty DataFrame
Columns: [symbol, positionAmt, entryPrice, breakEvenPrice, markPrice, unRealizedProfit, value_usd, updateTime, isolated, adlQuantile, AUMs_account, w%]
Index: []
2023-10-31 03:30:56,987
programm stoppeddd!!! 20231031_033056
