2023-10-18 23:30:54,556
ON program started 20231018 23:30:54,
US time: 20231018 19:30:54
2023-10-18 23:30:55,015
the strat is currently running @ 18-10-2023 and the target positions is SHORT
2023-10-18 23:30:56,372
CURRENT STATUS IS SHORT, WE CHECK IF THE DAY IS A NEGATIVE ONE
-----
return before 14h30:
BTCUSDT-0.65%, ETHUSDT+0.07%, XRPUSDT+0.14%
-----
target alloc initial:BTCUSDT-4.17%, ETHUSDT+0.00%, XRPUSDT-4.17%
-----
alloc target x rt%<0:BTCUSDT-4.17%, ETHUSDT+0.00%, XRPUSDT-0.00%
-----
           BTCUSDT ETHUSDT XRPUSDT
w_target     -4.2%    0.0%   -4.2%
rt_14h30    -0.01%   0.00%   0.00%
w_target_f   -4.2%    0.0%   -0.0%
2023-10-18 23:30:56,374
Portfolio was rebalanced less than 2 hours ago, 0.9 hours ago
2023-10-18 23:30:56,376
Status: prev = SHORT <> SHORT = target
2023-10-18 23:30:56,376
the strat is currently running @ 18-10-2023 and the target positions is SHORT
the strat was previously run @ 2023-10-18 22:37:58 UTC, success:yes 
   and the current positions is SHORT
2023-10-18 23:30:57,541
positions_future #0
2023-10-18 23:30:57,541
Empty DataFrame
Columns: [symbol, positionAmt, entryPrice, breakEvenPrice, markPrice, unRealizedProfit, value_usd, updateTime, AUMs_account, w%]
Index: []
2023-10-18 23:30:57,550
programm stoppeddd!!! 20231018_233057
