2024-08-24 23:31:00,421
ON program started 20240824 23:31:00,
US time: 20240824 19:31:00
2024-08-24 23:31:01,477
the strat is currently running @ 24-08-2024 and the target positions is SHORT
2024-08-24 23:31:02,856
CURRENT STATUS IS SHORT, WE CHECK IF THE DAY IS A NEGATIVE ONE
-----
return before 14h30:
BTCUSDT+0.29%, ETHUSDT-0.14%, XRPUSDT+2.52%
-----
target alloc initial:BTCUSDT-4.17%, ETHUSDT+0.00%, XRPUSDT-4.17%
-----
alloc target x rt%<0:BTCUSDT-0.00%, ETHUSDT+0.00%, XRPUSDT-0.00%
-----
           BTCUSDT ETHUSDT XRPUSDT
w_target     -4.2%    0.0%   -4.2%
rt_14h30     0.00%  -0.00%   0.03%
w_target_f   -0.0%    0.0%   -0.0%
2024-08-24 23:31:02,857
Portfolio was rebalanced less than 2 hours ago, 1.0 hours ago
2024-08-24 23:31:02,858
Status: prev = SHORT <> SHORT = target
2024-08-24 23:31:02,858
the strat is currently running @ 24-08-2024 and the target positions is SHORT
the strat was previously run @ 2024-08-24 22:30:51, success:? 
   and the current positions is SHORT
2024-08-24 23:31:04,024
positions_future #0
2024-08-24 23:31:04,024
Empty DataFrame
Columns: [symbol, positionAmt, entryPrice, breakEvenPrice, markPrice, unRealizedProfit, value_usd, updateTime, isolated, adlQuantile, AUMs_account, w%]
Index: []
2024-08-24 23:31:04,242
------------------------------
binance_account_balance
2024-08-24 23:31:04,242
  asset     balance  ...  marginAvailable   updateTime
4  USDT  302.086367  ...             True  24Aug-22:31

[1 rows x 8 columns]
2024-08-24 23:31:04,469
------------------------------
open_orders
2024-08-24 23:31:04,469
Empty DataFrame
Columns: []
Index: []
2024-08-24 23:31:05,105
------------------------------
AUMS account:302

2024-08-24 23:31:05,107
--------------- compute_futures_order_book() ----------------
2024-08-24 23:31:06,620
----------------------------------------------------------------------
#0 order(s) to place
gross$: 0$ | net$: +0$
gross%: 0% | net%: +0%
 || w>0%  +0% | w<0%  0%
----------------------------------------------------------------------
PTF Expo% 0.0% >> 0.0% (current>>target)
PTF expo $0.0 >> $0 (current>>target)
----------------------------------------------------------------------
2024-08-24 23:31:06,621
orders_ofthe_day
2024-08-24 23:31:06,621
Empty DataFrame
Columns: [ptf_usd, target_usd, totrd_usd, posttrd_usd, qty, posttrd_qty, posttrd_w, bid, ask, strategy]
Index: []
2024-08-24 23:31:06,683
Orders of the day is empty, current and target potfolios are aligned
2024-08-24 23:31:06,683
Program stopped
