2024-03-09 00:30:45,943
ON program started 20240309 00:30:45,
US time: 20240308 19:30:45
2024-03-09 00:30:47,073
the strat is currently running @ 09-03-2024 and the target positions is SHORT
2024-03-09 00:30:48,476
CURRENT STATUS IS SHORT, WE CHECK IF THE DAY IS A NEGATIVE ONE
-----
return before 14h30:
BTCUSDT-0.04%, ETHUSDT+0.31%, XRPUSDT-0.05%
-----
target alloc initial:BTCUSDT-4.17%, ETHUSDT+0.00%, XRPUSDT-4.17%
-----
alloc target x rt%<0:BTCUSDT-4.17%, ETHUSDT+0.00%, XRPUSDT-4.17%
-----
           BTCUSDT ETHUSDT XRPUSDT
w_target     -4.2%    0.0%   -4.2%
rt_14h30    -0.00%   0.00%  -0.00%
w_target_f   -4.2%    0.0%   -4.2%
2024-03-09 00:30:48,477
Portfolio was rebalanced less than 2 hours ago, 1.0 hours ago
2024-03-09 00:30:48,478
Status: prev = SHORT <> SHORT = target
2024-03-09 00:30:48,479
the strat is currently running @ 09-03-2024 and the target positions is SHORT
the strat was previously run @ 2024-03-08 23:31:08, success:? 
   and the current positions is SHORT
2024-03-09 00:30:49,676
positions_future #0
2024-03-09 00:30:49,676
Empty DataFrame
Columns: [symbol, positionAmt, entryPrice, breakEvenPrice, markPrice, unRealizedProfit, value_usd, updateTime, isolated, adlQuantile, AUMs_account, w%]
Index: []
2024-03-09 00:30:49,900
------------------------------
binance_account_balance
2024-03-09 00:30:49,900
  asset     balance  ...  marginAvailable   updateTime
6  USDT  290.478573  ...             True  08Mar-23:34

[1 rows x 8 columns]
2024-03-09 00:30:50,136
------------------------------
open_orders
2024-03-09 00:30:50,136
Empty DataFrame
Columns: []
Index: []
2024-03-09 00:30:50,798
------------------------------
AUMS account:290

2024-03-09 00:30:50,799
--------------- compute_futures_order_book() ----------------
2024-03-09 00:30:52,371
----------------------------------------------------------------------
#1 order(s) to place
gross$: 12$ | net$: -12$
gross%: 4% | net%: -4%
 || w>0%  +0% | w<0%  -4%
----------------------------------------------------------------------
PTF Expo% 0.0% >> -8.3% (current>>target)
PTF expo $0.0 >> $-24 (current>>target)
----------------------------------------------------------------------
2024-03-09 00:30:52,373
orders_ofthe_day
2024-03-09 00:30:52,374
                  ptf_usd  target_usd  totrd_usd  ...     bid     ask strategy
2024-03-09 00:30                                  ...                         
XRPUSDT               0.0      -12.11      -12.0  ...  0.6198  0.6199  STRATON

[1 rows x 10 columns]
2024-03-09 00:30:53,521
binance_place_orders_peg 20240309_003053
2024-03-09 00:30:53,963
{'orderId': 51934607434, 'symbol': 'XRPUSDT', 'status': 'NEW', 'clientOrderId': 'STRATON', 'price': '0.6203', 'avgPrice': '0.00', 'origQty': '19.4', 'executedQty': '0.0', 'cumQty': '0.0', 'cumQuote': '0.00000', 'timeInForce': 'GTC', 'type': 'LIMIT', 'reduceOnly': False, 'closePosition': False, 'side': 'SELL', 'positionSide': 'BOTH', 'stopPrice': '0.0000', 'workingType': 'CONTRACT_PRICE', 'priceProtect': False, 'origType': 'LIMIT', 'priceMatch': 'NONE', 'selfTradePreventionMode': 'NONE', 'goodTillDate': 0, 'updateTime': 1709944253853}
2024-03-09 00:30:55,092
update 0: filled 0 / 1 () | working 1 / 1 (-XRPUSDT)
2024-03-09 00:30:59,093
-XRPUSDT: bp8.0|
2024-03-09 00:30:59,537
update 1: filled 0 / 1 () | working 1 / 1 (-XRPUSDT)
2024-03-09 00:31:03,538
-XRPUSDT: bp8.0|
2024-03-09 00:31:03,979
update 2: filled 0 / 1 () | working 1 / 1 (-XRPUSDT)
2024-03-09 00:31:07,979
-XRPUSDT: bp5.0|
2024-03-09 00:31:08,421
update 3: filled 0 / 1 () | working 1 / 1 (-XRPUSDT)
2024-03-09 00:31:12,422
-XRPUSDT: bp6.0|
2024-03-09 00:31:12,862
update 4: filled 0 / 1 () | working 1 / 1 (-XRPUSDT)
2024-03-09 00:31:16,863
-XRPUSDT: bp8.0|
2024-03-09 00:31:17,305
update 5: filled 0 / 1 () | working 1 / 1 (-XRPUSDT)
2024-03-09 00:31:21,306
-XRPUSDT: bp8.0|
2024-03-09 00:31:21,748
update 6: filled 0 / 1 () | working 1 / 1 (-XRPUSDT)
2024-03-09 00:31:25,749
-XRPUSDT: bp8.0|
2024-03-09 00:31:26,191
update 7: filled 0 / 1 () | working 1 / 1 (-XRPUSDT)
2024-03-09 00:31:30,191
-XRPUSDT: bp8.0|
2024-03-09 00:31:30,632
update 8: filled 0 / 1 () | working 1 / 1 (-XRPUSDT)
2024-03-09 00:31:34,633
-XRPUSDT: bp6.0|
2024-03-09 00:31:35,074
update 9: filled 0 / 1 () | working 1 / 1 (-XRPUSDT)
2024-03-09 00:31:39,075
-XRPUSDT: bp6.0|
2024-03-09 00:31:39,517
update 10: filled 0 / 1 () | working 1 / 1 (-XRPUSDT)
2024-03-09 00:31:43,517
-XRPUSDT: bp5.0|
2024-03-09 00:31:43,958
update 11: filled 0 / 1 () | working 1 / 1 (-XRPUSDT)
2024-03-09 00:31:47,959
-XRPUSDT: bp6.0|
2024-03-09 00:31:48,401
update 12: filled 1 / 1 (-XRPUSDT) | working 0 / 1 ()
2024-03-09 00:31:53,755
Trades of the day
in$
as of: 09Mar 00:31>>00:31 (#trades: 1)
trade net: -12.0 (-4.1%), trade gross: +12.0 (+4.1%), BUY: +0.0 (+0.0%), SELL: -12.0 (-4.1%)
fees: $ 0.002 (2.0bp)
2024-03-09 00:31:53,993
Trades: 
Filled #1
______________________________________________
                   in$ | in bp 12 traded | in bp 290 AUMs
realizedPnl    +0      | +0      | +0     
PnLvsArrival   +0.01   | +8      | +0     
PnLvsLast      +0      | +0      | +0     
______________________________________________
                 | Value$ | PnL Arrival/Last 
______________________________________________
XRP:-19.4@0.6203 | -12$ | 0.01/0
