2024-08-25 19:30:43,475
ON program started 20240825 19:30:43,
US time: 20240825 15:30:43
2024-08-25 19:30:44,045
the strat is currently running @ 25-08-2024 and the target positions is LONG
2024-08-25 19:30:45,430
CURRENT STATUS IS LONG
-----
return before 14h30:
BTCUSDT-0.12%, ETHUSDT-0.15%, XRPUSDT-1.40%
-----
target alloc initial:BTCUSDT+16.67%, ETHUSDT+16.67%, XRPUSDT+16.67%
-----
alloc target x rt%<0:BTCUSDT+16.67%, ETHUSDT+16.67%, XRPUSDT+16.67%
-----
           BTCUSDT ETHUSDT XRPUSDT
w_target     16.7%   16.7%   16.7%
rt_14h30    -0.00%  -0.00%  -0.01%
w_target_f   16.7%   16.7%   16.7%
2024-08-25 19:30:45,431
Portfolio was rebalanced less than 2 hours ago, 1.0 hours ago
2024-08-25 19:30:45,433
Status: prev = LONG <> LONG = target
2024-08-25 19:30:45,433
the strat is currently running @ 25-08-2024 and the target positions is LONG
the strat was previously run @ 2024-08-25 18:30:58, success:? 
   and the current positions is LONG
2024-08-25 19:30:46,621
positions_future #2
2024-08-25 19:30:46,621
      symbol  positionAmt entryPrice  ... adlQuantile AUMs_account        w%
135  XRPUSDT       83.300     0.6014  ...           1        301.8  0.165554
172  ETHUSDT        0.018    2767.69  ...           1        301.8  0.164726

[2 rows x 12 columns]
2024-08-25 19:30:46,861
------------------------------
binance_account_balance
2024-08-25 19:30:46,862
  asset     balance  ...  marginAvailable   updateTime
4  USDT  302.066384  ...             True  25Aug-18:36

[1 rows x 8 columns]
2024-08-25 19:30:47,530
------------------------------
open_orders
2024-08-25 19:30:47,530
Empty DataFrame
Columns: []
Index: []
2024-08-25 19:30:48,183
------------------------------
AUMS account:301

2024-08-25 19:30:48,185
--------------- compute_futures_order_book() ----------------
2024-08-25 19:30:49,727
----------------------------------------------------------------------
#0 order(s) to place
gross$: 0$ | net$: +0$
gross%: 0% | net%: +0%
 || w>0%  +0% | w<0%  0%
----------------------------------------------------------------------
PTF Expo% 33.1% >> 50.0% (current>>target)
PTF expo $100.0 >> $150 (current>>target)
----------------------------------------------------------------------
2024-08-25 19:30:49,729
orders_ofthe_day
2024-08-25 19:30:49,729
Empty DataFrame
Columns: [ptf_usd, target_usd, totrd_usd, posttrd_usd, qty, posttrd_qty, posttrd_w, bid, ask, strategy]
Index: []
2024-08-25 19:30:49,789
Orders of the day is empty, current and target potfolios are aligned
2024-08-25 19:30:49,789
Program stopped
