2023-12-09 20:30:34,774
ON program started 20231209 20:30:34,
US time: 20231209 15:30:34
2023-12-09 20:30:35,336
the strat is currently running @ 09-12-2023 and the target positions is LONG
2023-12-09 20:30:36,734
CURRENT STATUS IS LONG
-----
return before 14h30:
BTCUSDT-0.60%, ETHUSDT-0.39%, XRPUSDT-2.23%
-----
target alloc initial:BTCUSDT+16.67%, ETHUSDT+16.67%, XRPUSDT+16.67%
-----
alloc target x rt%<0:BTCUSDT+16.67%, ETHUSDT+16.67%, XRPUSDT+16.67%
-----
           BTCUSDT ETHUSDT XRPUSDT
w_target     16.7%   16.7%   16.7%
rt_14h30    -0.01%  -0.00%  -0.02%
w_target_f   16.7%   16.7%   16.7%
2023-12-09 20:30:36,736
Portfolio was rebalanced less than 2 hours ago, 1.0 hours ago
2023-12-09 20:30:36,739
Status: prev = LONG <> LONG = target
2023-12-09 20:30:36,739
the strat is currently running @ 09-12-2023 and the target positions is LONG
the strat was previously run @ 2023-12-09 19:30:55 UTC, success:? 
   and the current positions is LONG
2023-12-09 20:30:37,994
positions_future #2
2023-12-09 20:30:38,003
      symbol  positionAmt entryPrice  ... adlQuantile AUMs_account        w%
158  ETHUSDT        0.021    2360.62  ...           1        290.0  0.170291
124  XRPUSDT       72.000     0.6732  ...           1        290.0  0.165894

[2 rows x 12 columns]
2023-12-09 20:30:38,253
------------------------------
binance_account_balance
2023-12-09 20:30:38,253
  asset     balance  ... marginAvailable   updateTime
5  USDT  290.577485  ...            True  09Dec-19:35

[1 rows x 8 columns]
2023-12-09 20:30:38,928
------------------------------
open_orders
2023-12-09 20:30:38,928
Empty DataFrame
Columns: []
Index: []
2023-12-09 20:30:39,586
------------------------------
AUMS account:290

2023-12-09 20:30:39,588
--------------- compute_futures_order_book() ----------------
2023-12-09 20:30:41,152
----------------------------------------------------------------------
#0 order(s) to place
gross$: 0$ | net$: +0$
gross%: 0% | net%: +0%
 || w>0%  +0% | w<0%  0%
----------------------------------------------------------------------
PTF Expo% 33.4% >> 50.0% (current>>target)
PTF expo $97.0 >> $145 (current>>target)
----------------------------------------------------------------------
2023-12-09 20:30:41,153
orders_ofthe_day
2023-12-09 20:30:41,153
Empty DataFrame
Columns: [ptf_usd, target_usd, totrd_usd, posttrd_usd, qty, posttrd_qty, posttrd_w, bid, ask]
Index: []
2023-12-09 20:30:41,261
Orders of the day is empty, current and target potfolios are aligned
2023-12-09 20:30:41,261
Program stopped
