2024-07-19 03:30:39,421
ON program started 20240719 03:30:39,
US time: 20240718 23:30:39
2024-07-19 03:30:39,873
the strat is currently running @ 19-07-2024 and the target positions is NEUTRAL
2024-07-19 03:30:41,735
CURRENT STATUS IS NEUTRAL
-----
return before 14h30:
BTCUSDT+0.05%, ETHUSDT-0.36%, XRPUSDT-2.95%
-----
target alloc initial:BTCUSDT+0.00%, ETHUSDT+0.00%, XRPUSDT+0.00%
-----
alloc target x rt%<0:BTCUSDT+0.00%, ETHUSDT+0.00%, XRPUSDT+0.00%
-----
           BTCUSDT ETHUSDT XRPUSDT
w_target      0.0%    0.0%    0.0%
rt_14h30     0.00%  -0.00%  -0.03%
w_target_f    0.0%    0.0%    0.0%
2024-07-19 03:30:41,736
Portfolio was rebalanced less than 2 hours ago, 1.0 hours ago
2024-07-19 03:30:41,738
Status: prev = NEUTRAL <> NEUTRAL = target
2024-07-19 03:30:41,738
the strat is currently running @ 19-07-2024 and the target positions is NEUTRAL
the strat was previously run @ 2024-07-19 02:30:53, success:? 
   and the current positions is NEUTRAL
2024-07-19 03:30:42,964
positions_future #0
2024-07-19 03:30:42,964
Empty DataFrame
Columns: [symbol, positionAmt, entryPrice, breakEvenPrice, markPrice, unRealizedProfit, value_usd, updateTime, isolated, adlQuantile, AUMs_account, w%]
Index: []
2024-07-19 03:30:43,192
------------------------------
binance_account_balance
2024-07-19 03:30:43,192
  asset     balance  ...  marginAvailable   updateTime
4  USDT  292.873885  ...             True  19Jul-02:33

[1 rows x 8 columns]
2024-07-19 03:30:43,434
------------------------------
open_orders
2024-07-19 03:30:43,434
Empty DataFrame
Columns: []
Index: []
2024-07-19 03:30:44,104
------------------------------
AUMS account:292

2024-07-19 03:30:44,106
--------------- compute_futures_order_book() ----------------
2024-07-19 03:30:45,694
----------------------------------------------------------------------
#0 order(s) to place
gross$: 0$ | net$: +0$
gross%: 0% | net%: +0%
 || w>0%  +0% | w<0%  0%
----------------------------------------------------------------------
PTF Expo% 0.0% >> 0.0% (current>>target)
PTF expo $0.0 >> $0 (current>>target)
----------------------------------------------------------------------
2024-07-19 03:30:45,696
orders_ofthe_day
2024-07-19 03:30:45,696
Empty DataFrame
Columns: [ptf_usd, target_usd, totrd_usd, posttrd_usd, qty, posttrd_qty, posttrd_w, bid, ask, strategy]
Index: []
2024-07-19 03:30:45,761
Orders of the day is empty, current and target potfolios are aligned
2024-07-19 03:30:45,761
Program stopped
