2024-07-11 01:30:46,401
ON program started 20240711 01:30:46,
US time: 20240710 21:30:46
2024-07-11 01:30:46,870
the strat is currently running @ 11-07-2024 and the target positions is SHORT
2024-07-11 01:30:48,179
CURRENT STATUS IS SHORT, WE CHECK IF THE DAY IS A NEGATIVE ONE
-----
return before 14h30:
BTCUSDT-0.30%, ETHUSDT-0.18%, XRPUSDT-0.18%
-----
target alloc initial:BTCUSDT-4.17%, ETHUSDT+0.00%, XRPUSDT-4.17%
-----
alloc target x rt%<0:BTCUSDT-4.17%, ETHUSDT+0.00%, XRPUSDT-4.17%
-----
           BTCUSDT ETHUSDT XRPUSDT
w_target     -4.2%    0.0%   -4.2%
rt_14h30    -0.00%  -0.00%  -0.00%
w_target_f   -4.2%    0.0%   -4.2%
2024-07-11 01:30:48,180
Portfolio was rebalanced less than 2 hours ago, 1.0 hours ago
2024-07-11 01:30:48,182
Status: prev = SHORT <> SHORT = target
2024-07-11 01:30:48,182
the strat is currently running @ 11-07-2024 and the target positions is SHORT
the strat was previously run @ 2024-07-11 00:30:56, success:yes 
   and the current positions is SHORT
2024-07-11 01:30:48,736
positions_future #0
2024-07-11 01:30:48,736
Empty DataFrame
Columns: [symbol, positionAmt, entryPrice, breakEvenPrice, markPrice, unRealizedProfit, value_usd, updateTime, isolated, adlQuantile, AUMs_account, w%]
Index: []
2024-07-11 01:30:48,798
programm stoppeddd!!! 20240711_013048
