2024-07-15 02:30:40,353
ON program started 20240715 02:30:40,
US time: 20240714 22:30:40
2024-07-15 02:30:40,810
the strat is currently running @ 15-07-2024 and the target positions is NEUTRAL
2024-07-15 02:30:42,106
CURRENT STATUS IS NEUTRAL
-----
return before 14h30:
BTCUSDT+2.32%, ETHUSDT+1.76%, XRPUSDT+1.71%
-----
target alloc initial:BTCUSDT+0.00%, ETHUSDT+0.00%, XRPUSDT+0.00%
-----
alloc target x rt%<0:BTCUSDT+0.00%, ETHUSDT+0.00%, XRPUSDT+0.00%
-----
           BTCUSDT ETHUSDT XRPUSDT
w_target      0.0%    0.0%    0.0%
rt_14h30     0.02%   0.02%   0.02%
w_target_f    0.0%    0.0%    0.0%
2024-07-15 02:30:42,107
Portfolio was rebalanced less than 2 hours ago, 1.0 hours ago
2024-07-15 02:30:42,109
Status: prev = NEUTRAL <> SHORT = target
2024-07-15 02:30:42,109
the strat is currently running @ 15-07-2024 and the target positions is NEUTRAL
the strat was previously run @ 2024-07-15 01:30:40, success:yes 
   and the current positions is SHORT
2024-07-15 02:30:43,235
positions_future #0
2024-07-15 02:30:43,235
Empty DataFrame
Columns: [symbol, positionAmt, entryPrice, breakEvenPrice, markPrice, unRealizedProfit, value_usd, updateTime, isolated, adlQuantile, AUMs_account, w%]
Index: []
2024-07-15 02:30:43,444
------------------------------
binance_account_balance
2024-07-15 02:30:43,444
  asset     balance  ...  marginAvailable   updateTime
4  USDT  292.770459  ...             True  14Jul-22:36

[1 rows x 8 columns]
2024-07-15 02:30:43,660
------------------------------
open_orders
2024-07-15 02:30:43,660
Empty DataFrame
Columns: []
Index: []
2024-07-15 02:30:44,269
------------------------------
AUMS account:292

2024-07-15 02:30:44,270
--------------- compute_futures_order_book() ----------------
2024-07-15 02:30:45,723
----------------------------------------------------------------------
#0 order(s) to place
gross$: 0$ | net$: +0$
gross%: 0% | net%: +0%
 || w>0%  +0% | w<0%  0%
----------------------------------------------------------------------
PTF Expo% 0.0% >> 0.0% (current>>target)
PTF expo $0.0 >> $0 (current>>target)
----------------------------------------------------------------------
2024-07-15 02:30:45,724
orders_ofthe_day
2024-07-15 02:30:45,724
Empty DataFrame
Columns: [ptf_usd, target_usd, totrd_usd, posttrd_usd, qty, posttrd_qty, posttrd_w, bid, ask, strategy]
Index: []
2024-07-15 02:30:45,787
Orders of the day is empty, current and target potfolios are aligned
2024-07-15 02:30:45,787
Program stopped
