2024-07-17 19:30:58,065
ON program started 20240717 19:30:58,
US time: 20240717 15:30:58
2024-07-17 19:30:59,159
the strat is currently running @ 17-07-2024 and the target positions is LONG
2024-07-17 19:31:00,484
CURRENT STATUS IS LONG
-----
return before 14h30:
BTCUSDT+0.15%, ETHUSDT+0.69%, XRPUSDT+6.30%
-----
target alloc initial:BTCUSDT+16.67%, ETHUSDT+16.67%, XRPUSDT+16.67%
-----
alloc target x rt%<0:BTCUSDT+16.67%, ETHUSDT+16.67%, XRPUSDT+16.67%
-----
           BTCUSDT ETHUSDT XRPUSDT
w_target     16.7%   16.7%   16.7%
rt_14h30     0.00%   0.01%   0.06%
w_target_f   16.7%   16.7%   16.7%
2024-07-17 19:31:00,485
Portfolio was rebalanced less than 2 hours ago, 1.0 hours ago
2024-07-17 19:31:00,486
Status: prev = LONG <> LONG = target
2024-07-17 19:31:00,486
the strat is currently running @ 17-07-2024 and the target positions is LONG
the strat was previously run @ 2024-07-17 18:30:45, success:? 
   and the current positions is LONG
2024-07-17 19:31:01,643
positions_future #2
2024-07-17 19:31:01,643
      symbol  positionAmt entryPrice  ... adlQuantile AUMs_account        w%
131  XRPUSDT       79.600     0.6152  ...           1        293.1  0.168858
166  ETHUSDT        0.014    3416.02  ...           1        293.1  0.163596

[2 rows x 12 columns]
2024-07-17 19:31:01,870
------------------------------
binance_account_balance
2024-07-17 19:31:01,870
  asset     balance  ...  marginAvailable   updateTime
4  USDT  292.432276  ...             True  17Jul-18:33

[1 rows x 8 columns]
2024-07-17 19:31:02,494
------------------------------
open_orders
2024-07-17 19:31:02,494
Empty DataFrame
Columns: []
Index: []
2024-07-17 19:31:03,103
------------------------------
AUMS account:293

2024-07-17 19:31:03,105
--------------- compute_futures_order_book() ----------------
2024-07-17 19:31:04,556
----------------------------------------------------------------------
#0 order(s) to place
gross$: 0$ | net$: +0$
gross%: 0% | net%: +0%
 || w>0%  +0% | w<0%  0%
----------------------------------------------------------------------
PTF Expo% 33.0% >> 50.0% (current>>target)
PTF expo $97.0 >> $146 (current>>target)
----------------------------------------------------------------------
2024-07-17 19:31:04,557
orders_ofthe_day
2024-07-17 19:31:04,557
Empty DataFrame
Columns: [ptf_usd, target_usd, totrd_usd, posttrd_usd, qty, posttrd_qty, posttrd_w, bid, ask, strategy]
Index: []
2024-07-17 19:31:04,617
Orders of the day is empty, current and target potfolios are aligned
2024-07-17 19:31:04,617
Program stopped
