2024-05-19 22:30:32,712
ON program started 20240519 22:30:32,
US time: 20240519 18:30:32
2024-05-19 22:30:33,387
the strat is currently running @ 19-05-2024 and the target positions is SHORT
2024-05-19 22:30:34,764
CURRENT STATUS IS SHORT, WE CHECK IF THE DAY IS A NEGATIVE ONE
-----
return before 14h30:
BTCUSDT+0.20%, ETHUSDT-1.20%, XRPUSDT-1.17%
-----
target alloc initial:BTCUSDT-4.17%, ETHUSDT+0.00%, XRPUSDT-4.17%
-----
alloc target x rt%<0:BTCUSDT-0.00%, ETHUSDT+0.00%, XRPUSDT-4.17%
-----
           BTCUSDT ETHUSDT XRPUSDT
w_target     -4.2%    0.0%   -4.2%
rt_14h30     0.00%  -0.01%  -0.01%
w_target_f   -0.0%    0.0%   -4.2%
2024-05-19 22:30:34,765
Portfolio was rebalanced less than 2 hours ago, 1.0 hours ago
2024-05-19 22:30:34,766
Status: prev = SHORT <> LONG = target
2024-05-19 22:30:34,767
the strat is currently running @ 19-05-2024 and the target positions is SHORT
the strat was previously run @ 2024-05-19 21:30:41, success:yes 
   and the current positions is LONG
2024-05-19 22:30:35,951
positions_future #2
2024-05-19 22:30:35,951
      symbol  positionAmt entryPrice  ... adlQuantile AUMs_account        w%
134  XRPUSDT       92.200     0.5103  ...           2        279.2  0.168335
167  ETHUSDT        0.015    3071.31  ...           2        279.2  0.165267

[2 rows x 12 columns]
2024-05-19 22:30:36,194
------------------------------
binance_account_balance
2024-05-19 22:30:36,194
  asset     balance  ...  marginAvailable   updateTime
6  USDT  279.158265  ...             True  19May-18:34

[1 rows x 8 columns]
2024-05-19 22:30:36,857
------------------------------
open_orders
2024-05-19 22:30:36,857
Empty DataFrame
Columns: []
Index: []
2024-05-19 22:30:37,505
------------------------------
AUMS account:279

2024-05-19 22:30:37,506
--------------- compute_futures_order_book() ----------------
2024-05-19 22:30:39,078
----------------------------------------------------------------------
#2 order(s) to place
gross$: 105$ | net$: -105$
gross%: 38% | net%: -38%
 || w>0%  +0% | w<0%  -38%
----------------------------------------------------------------------
PTF Expo% 33.3% >> -4.1% (current>>target)
PTF expo $93.0 >> $-11 (current>>target)
----------------------------------------------------------------------
2024-05-19 22:30:39,079
orders_ofthe_day
2024-05-19 22:30:39,080
                  ptf_usd  target_usd  totrd_usd  ...        bid        ask strategy
2024-05-19 22:30                                  ...                               
XRPUSDT              47.0      -11.64      -59.0  ...     0.5097     0.5098  STRATON
ETHUSDT              46.0        0.00      -46.0  ...  3075.8500  3075.8600  STRATON

[2 rows x 10 columns]
2024-05-19 22:30:40,568
binance_place_orders_peg 20240519_223040
2024-05-19 22:30:41,009
{'orderId': 56868914878, 'symbol': 'XRPUSDT', 'status': 'NEW', 'clientOrderId': 'STRATON', 'price': '0.5101', 'avgPrice': '0.00', 'origQty': '115.7', 'executedQty': '0.0', 'cumQty': '0.0', 'cumQuote': '0.00000', 'timeInForce': 'GTC', 'type': 'LIMIT', 'reduceOnly': False, 'closePosition': False, 'side': 'SELL', 'positionSide': 'BOTH', 'stopPrice': '0.0000', 'workingType': 'CONTRACT_PRICE', 'priceProtect': False, 'origType': 'LIMIT', 'priceMatch': 'NONE', 'selfTradePreventionMode': 'NONE', 'goodTillDate': 0, 'updateTime': 1716157840895}
2024-05-19 22:30:41,445
{'orderId': 8389765682728969818, 'symbol': 'ETHUSDT', 'status': 'NEW', 'clientOrderId': 'STRATON', 'price': '3077.40', 'avgPrice': '0.00', 'origQty': '0.015', 'executedQty': '0.000', 'cumQty': '0.000', 'cumQuote': '0.00000', 'timeInForce': 'GTC', 'type': 'LIMIT', 'reduceOnly': False, 'closePosition': False, 'side': 'SELL', 'positionSide': 'BOTH', 'stopPrice': '0.00', 'workingType': 'CONTRACT_PRICE', 'priceProtect': False, 'origType': 'LIMIT', 'priceMatch': 'NONE', 'selfTradePreventionMode': 'NONE', 'goodTillDate': 0, 'updateTime': 1716157841333}
2024-05-19 22:30:42,989
update 0: filled 0 / 2 () | working 2 / 2 (-XRPUSDT,-ETHUSDT)
2024-05-19 22:30:46,990
-XRPUSDT: bp8.0|-ETHUSDT: bp5.0|
2024-05-19 22:30:47,856
update 1: filled 0 / 2 () | working 2 / 2 (-XRPUSDT,-ETHUSDT)
2024-05-19 22:30:51,857
-XRPUSDT: bp8.0|-ETHUSDT: bp5.0|
2024-05-19 22:30:52,724
update 2: filled 0 / 2 () | working 2 / 2 (-XRPUSDT,-ETHUSDT)
2024-05-19 22:30:56,725
-XRPUSDT: bp10.0|-ETHUSDT: bp5.0|
2024-05-19 22:30:57,590
update 3: filled 0 / 2 () | working 2 / 2 (-XRPUSDT,-ETHUSDT)
2024-05-19 22:31:01,591
-XRPUSDT: bp12.0|-ETHUSDT: bp5.0|
2024-05-19 22:31:02,465
update 4: filled 0 / 2 () | working 2 / 2 (-XRPUSDT,-ETHUSDT)
2024-05-19 22:31:06,466
-XRPUSDT: bp12.0|-ETHUSDT: bp5.0|
2024-05-19 22:31:07,334
update 5: filled 0 / 2 () | working 2 / 2 (-XRPUSDT,-ETHUSDT)
2024-05-19 22:31:11,335
-XRPUSDT: bp12.0|-ETHUSDT: bp3.0|
2024-05-19 22:31:12,202
update 6: filled 0 / 2 () | working 2 / 2 (-XRPUSDT,-ETHUSDT)
2024-05-19 22:31:16,203
-XRPUSDT: bp12.0|-ETHUSDT: bp2.0|
2024-05-19 22:31:17,068
update 7: filled 0 / 2 () | working 2 / 2 (-XRPUSDT,-ETHUSDT)
2024-05-19 22:31:21,068
-XRPUSDT: bp10.0|-ETHUSDT: bp2.0|
2024-05-19 22:31:21,934
update 8: filled 0 / 2 () | working 2 / 2 (-XRPUSDT,-ETHUSDT)
2024-05-19 22:31:25,934
-XRPUSDT: bp8.0|-ETHUSDT: bp2.0|
2024-05-19 22:31:26,801
update 9: filled 0 / 2 () | working 2 / 2 (-XRPUSDT,-ETHUSDT)
2024-05-19 22:31:30,801
-XRPUSDT: bp10.0|-ETHUSDT: bp2.0|
2024-05-19 22:31:31,670
update 10: filled 0 / 2 () | working 2 / 2 (-XRPUSDT,-ETHUSDT)
2024-05-19 22:31:35,671
-XRPUSDT: bp10.0|-ETHUSDT: bp2.0|
2024-05-19 22:31:36,541
update 11: filled 0 / 2 () | working 2 / 2 (-XRPUSDT,-ETHUSDT)
2024-05-19 22:31:40,542
-XRPUSDT: bp10.0|-ETHUSDT: bp1.0|
2024-05-19 22:31:41,408
update 12: filled 0 / 2 () | working 2 / 2 (-XRPUSDT,-ETHUSDT)
2024-05-19 22:31:45,409
-XRPUSDT: bp10.0|-ETHUSDT: bp2.0|
2024-05-19 22:31:46,274
update 13: filled 1 / 2 (-ETHUSDT) | working 1 / 2 (-XRPUSDT)
2024-05-19 22:31:50,275
-XRPUSDT: bp8.0|
2024-05-19 22:31:51,142
update 14: filled 1 / 2 (-ETHUSDT) | working 1 / 2 (-XRPUSDT)
2024-05-19 22:31:55,142
-XRPUSDT: bp10.0|
2024-05-19 22:31:55,142
Adjustment limit #1 ... 
 we cancel current orders and replace
2024-05-19 22:31:55,142
@+/-2.5bp limit 
2024-05-19 22:31:55,142
binance_cancel_and_replace_orders_peg 20240519_223155
2024-05-19 22:31:56,669
binance_place_orders_peg 20240519_223156
2024-05-19 22:31:57,104
{'orderId': 56868977483, 'symbol': 'XRPUSDT', 'status': 'NEW', 'clientOrderId': 'STRATON', 'price': '0.5097', 'avgPrice': '0.00', 'origQty': '115.7', 'executedQty': '0.0', 'cumQty': '0.0', 'cumQuote': '0.00000', 'timeInForce': 'GTC', 'type': 'LIMIT', 'reduceOnly': False, 'closePosition': False, 'side': 'SELL', 'positionSide': 'BOTH', 'stopPrice': '0.0000', 'workingType': 'CONTRACT_PRICE', 'priceProtect': False, 'origType': 'LIMIT', 'priceMatch': 'NONE', 'selfTradePreventionMode': 'NONE', 'goodTillDate': 0, 'updateTime': 1716157916993}
2024-05-19 22:31:57,977
update 0: filled 1 / 2 (-ETHUSDT) | working 1 / 2 (-XRPUSDT)
2024-05-19 22:32:01,978
-XRPUSDT: bp4.0|
2024-05-19 22:32:02,844
update 1: filled 1 / 2 (-ETHUSDT) | working 1 / 2 (-XRPUSDT)
2024-05-19 22:32:06,845
-XRPUSDT: bp4.0|
2024-05-19 22:32:07,712
update 2: filled 1 / 2 (-ETHUSDT) | working 1 / 2 (-XRPUSDT)
2024-05-19 22:32:11,713
-XRPUSDT: bp2.0|
2024-05-19 22:32:12,585
update 3: filled 1 / 2 (-ETHUSDT) | working 1 / 2 (-XRPUSDT)
2024-05-19 22:32:16,585
-XRPUSDT: bp2.0|
2024-05-19 22:32:17,452
update 4: filled 1 / 2 (-ETHUSDT) | working 1 / 2 (-XRPUSDT)
2024-05-19 22:32:21,452
-XRPUSDT: bp2.0|
2024-05-19 22:32:22,318
update 5: filled 1 / 2 (-ETHUSDT) | working 1 / 2 (-XRPUSDT)
2024-05-19 22:32:26,319
-XRPUSDT: bp4.0|
2024-05-19 22:32:27,185
update 6: filled 1 / 2 (-ETHUSDT) | working 1 / 2 (-XRPUSDT)
2024-05-19 22:32:31,186
-XRPUSDT: bp4.0|
2024-05-19 22:32:32,052
update 7: filled 1 / 2 (-ETHUSDT) | working 1 / 2 (-XRPUSDT)
2024-05-19 22:32:36,052
-XRPUSDT: bp4.0|
2024-05-19 22:32:36,918
update 8: filled 1 / 2 (-ETHUSDT) | working 1 / 2 (-XRPUSDT)
2024-05-19 22:32:40,919
-XRPUSDT: bp2.0|
2024-05-19 22:32:41,786
update 9: filled 1 / 2 (-ETHUSDT) | working 1 / 2 (-XRPUSDT)
2024-05-19 22:32:45,787
-XRPUSDT: bp2.0|
2024-05-19 22:32:46,654
update 10: filled 1 / 2 (-ETHUSDT) | working 1 / 2 (-XRPUSDT)
2024-05-19 22:32:50,655
-XRPUSDT: bp0.0|
2024-05-19 22:32:51,521
update 11: filled 1 / 2 (-ETHUSDT) | working 1 / 2 (-XRPUSDT)
2024-05-19 22:32:55,521
-XRPUSDT: bp2.0|
2024-05-19 22:32:56,389
update 12: filled 1 / 2 (-ETHUSDT) | working 1 / 2 (-XRPUSDT)
2024-05-19 22:33:00,389
-XRPUSDT: bp0.0|
2024-05-19 22:33:01,258
update 13: filled 1 / 2 (-ETHUSDT) | working 1 / 2 (-XRPUSDT)
2024-05-19 22:33:05,258
-XRPUSDT: bp2.0|
2024-05-19 22:33:06,125
update 14: filled 1 / 2 (-ETHUSDT) | working 1 / 2 (-XRPUSDT)
2024-05-19 22:33:10,126
-XRPUSDT: bp0.0|
2024-05-19 22:33:10,126
Adjustment limit #2 ... 
 we cancel current orders and replace
2024-05-19 22:33:10,126
@+/-1.25bp limit 
2024-05-19 22:33:10,126
binance_cancel_and_replace_orders_peg 20240519_223310
2024-05-19 22:33:11,653
binance_place_orders_peg 20240519_223311
2024-05-19 22:33:12,090
{'orderId': 56869031439, 'symbol': 'XRPUSDT', 'status': 'NEW', 'clientOrderId': 'STRATON', 'price': '0.5097', 'avgPrice': '0.00', 'origQty': '115.7', 'executedQty': '0.0', 'cumQty': '0.0', 'cumQuote': '0.00000', 'timeInForce': 'GTC', 'type': 'LIMIT', 'reduceOnly': False, 'closePosition': False, 'side': 'SELL', 'positionSide': 'BOTH', 'stopPrice': '0.0000', 'workingType': 'CONTRACT_PRICE', 'priceProtect': False, 'origType': 'LIMIT', 'priceMatch': 'NONE', 'selfTradePreventionMode': 'NONE', 'goodTillDate': 0, 'updateTime': 1716157991980}
2024-05-19 22:33:12,964
update 0: filled 1 / 2 (-ETHUSDT) | working 1 / 2 (-XRPUSDT)
2024-05-19 22:33:16,965
-XRPUSDT: bp2.0|
2024-05-19 22:33:17,833
update 1: filled 1 / 2 (-ETHUSDT) | working 1 / 2 (-XRPUSDT)
2024-05-19 22:33:21,834
-XRPUSDT: bp2.0|
2024-05-19 22:33:22,700
update 2: filled 1 / 2 (-ETHUSDT) | working 1 / 2 (-XRPUSDT)
2024-05-19 22:33:26,701
-XRPUSDT: bp4.0|
2024-05-19 22:33:27,567
update 3: filled 1 / 2 (-ETHUSDT) | working 1 / 2 (-XRPUSDT)
2024-05-19 22:33:31,568
-XRPUSDT: bp2.0|
2024-05-19 22:33:32,439
update 4: filled 1 / 2 (-ETHUSDT) | working 1 / 2 (-XRPUSDT)
2024-05-19 22:33:36,440
-XRPUSDT: bp4.0|
2024-05-19 22:33:37,307
update 5: filled 1 / 2 (-ETHUSDT) | working 1 / 2 (-XRPUSDT)
2024-05-19 22:33:41,307
-XRPUSDT: bp2.0|
2024-05-19 22:33:42,174
update 6: filled 1 / 2 (-ETHUSDT) | working 1 / 2 (-XRPUSDT)
2024-05-19 22:33:46,174
-XRPUSDT: bp4.0|
2024-05-19 22:33:47,041
update 7: filled 1 / 2 (-ETHUSDT) | working 1 / 2 (-XRPUSDT)
2024-05-19 22:33:51,042
-XRPUSDT: bp2.0|
2024-05-19 22:33:51,909
update 8: filled 1 / 2 (-ETHUSDT) | working 1 / 2 (-XRPUSDT)
2024-05-19 22:33:55,910
-XRPUSDT: bp4.0|
2024-05-19 22:33:56,777
update 9: filled 1 / 2 (-ETHUSDT) | working 1 / 2 (-XRPUSDT)
2024-05-19 22:34:00,778
-XRPUSDT: bp2.0|
2024-05-19 22:34:01,644
update 10: filled 1 / 2 (-ETHUSDT) | working 1 / 2 (-XRPUSDT)
2024-05-19 22:34:05,644
-XRPUSDT: bp2.0|
2024-05-19 22:34:06,511
update 11: filled 1 / 2 (-ETHUSDT) | working 1 / 2 (-XRPUSDT)
2024-05-19 22:34:10,512
-XRPUSDT: bp2.0|
2024-05-19 22:34:11,384
update 12: filled 1 / 2 (-ETHUSDT) | working 1 / 2 (-XRPUSDT)
2024-05-19 22:34:15,385
-XRPUSDT: bp0.0|
2024-05-19 22:34:16,253
update 13: filled 1 / 2 (-ETHUSDT) | working 1 / 2 (-XRPUSDT)
2024-05-19 22:34:20,254
-XRPUSDT: bp2.0|
2024-05-19 22:34:21,129
update 14: filled 1 / 2 (-ETHUSDT) | working 1 / 2 (-XRPUSDT)
2024-05-19 22:34:25,130
-XRPUSDT: bp0.0|
2024-05-19 22:34:25,130
Adjustment limit #3 ... 
 we cancel current orders and replace
2024-05-19 22:34:25,130
@+/-0.625bp limit 
2024-05-19 22:34:25,130
binance_cancel_and_replace_orders_peg 20240519_223425
