2024-04-11 20:30:47,439
ON program started 20240411 20:30:47,
US time: 20240411 16:30:47
2024-04-11 20:30:48,456
the strat is currently running @ 11-04-2024 and the target positions is LONG
2024-04-11 20:30:50,303
CURRENT STATUS IS LONG
-----
return before 14h30:
BTCUSDT-0.49%, ETHUSDT-0.55%, XRPUSDT-1.07%
-----
target alloc initial:BTCUSDT+16.67%, ETHUSDT+16.67%, XRPUSDT+16.67%
-----
alloc target x rt%<0:BTCUSDT+16.67%, ETHUSDT+16.67%, XRPUSDT+16.67%
-----
           BTCUSDT ETHUSDT XRPUSDT
w_target     16.7%   16.7%   16.7%
rt_14h30    -0.00%  -0.01%  -0.01%
w_target_f   16.7%   16.7%   16.7%
2024-04-11 20:30:50,305
Portfolio was rebalanced less than 2 hours ago, 1.0 hours ago
2024-04-11 20:30:50,307
Status: prev = LONG <> LONG = target
2024-04-11 20:30:50,307
the strat is currently running @ 11-04-2024 and the target positions is LONG
the strat was previously run @ 2024-04-11 19:31:02, success:yes 
   and the current positions is LONG
2024-04-11 20:30:51,514
positions_future #2
2024-04-11 20:30:51,514
      symbol  positionAmt entryPrice  ... adlQuantile AUMs_account        w%
161  ETHUSDT        0.014    3500.04  ...           2        290.2  0.169984
128  XRPUSDT       78.800     0.6087  ...           2        290.2  0.166540

[2 rows x 12 columns]
2024-04-11 20:30:51,602
programm stoppeddd!!! 20240411_203051
