2024-07-11 19:30:59,724
ON program started 20240711 19:30:59,
US time: 20240711 15:30:59
2024-07-11 19:31:00,628
the strat is currently running @ 11-07-2024 and the target positions is LONG
2024-07-11 19:31:01,927
CURRENT STATUS IS LONG
-----
return before 14h30:
BTCUSDT+1.46%, ETHUSDT+2.57%, XRPUSDT+2.46%
-----
target alloc initial:BTCUSDT+16.67%, ETHUSDT+16.67%, XRPUSDT+16.67%
-----
alloc target x rt%<0:BTCUSDT+16.67%, ETHUSDT+16.67%, XRPUSDT+16.67%
-----
           BTCUSDT ETHUSDT XRPUSDT
w_target     16.7%   16.7%   16.7%
rt_14h30     0.01%   0.03%   0.02%
w_target_f   16.7%   16.7%   16.7%
2024-07-11 19:31:01,928
Portfolio was rebalanced less than 2 hours ago, 1.0 hours ago
2024-07-11 19:31:01,929
Status: prev = LONG <> LONG = target
2024-07-11 19:31:01,929
the strat is currently running @ 11-07-2024 and the target positions is LONG
the strat was previously run @ 2024-07-11 18:30:49, success:? 
   and the current positions is LONG
2024-07-11 19:31:02,469
positions_future #2
2024-07-11 19:31:02,469
      symbol  positionAmt entryPrice  ... adlQuantile AUMs_account        w%
166  ETHUSDT        0.016    3144.51  ...           1        292.7  0.170051
131  XRPUSDT      109.600     0.4481  ...           2        292.7  0.167037

[2 rows x 12 columns]
2024-07-11 19:31:02,699
------------------------------
binance_account_balance
2024-07-11 19:31:02,699
  asset     balance  ...  marginAvailable   updateTime
4  USDT  293.463064  ...             True  11Jul-18:36

[1 rows x 8 columns]
2024-07-11 19:31:04,132
------------------------------
open_orders
2024-07-11 19:31:04,132
Empty DataFrame
Columns: []
Index: []
2024-07-11 19:31:05,143
------------------------------
AUMS account:292

2024-07-11 19:31:05,145
--------------- compute_futures_order_book() ----------------
2024-07-11 19:31:07,210
----------------------------------------------------------------------
#0 order(s) to place
gross$: 0$ | net$: +0$
gross%: 0% | net%: +0%
 || w>0%  +0% | w<0%  0%
----------------------------------------------------------------------
PTF Expo% 33.8% >> 50.0% (current>>target)
PTF expo $99.0 >> $146 (current>>target)
----------------------------------------------------------------------
2024-07-11 19:31:07,212
orders_ofthe_day
2024-07-11 19:31:07,212
Empty DataFrame
Columns: [ptf_usd, target_usd, totrd_usd, posttrd_usd, qty, posttrd_qty, posttrd_w, bid, ask, strategy]
Index: []
2024-07-11 19:31:07,269
Orders of the day is empty, current and target potfolios are aligned
2024-07-11 19:31:07,269
Program stopped
