2024-02-03 03:30:40,388
ON program started 20240203 03:30:40,
US time: 20240202 22:30:40
2024-02-03 03:30:41,359
the strat is currently running @ 03-02-2024 and the target positions is NEUTRAL
2024-02-03 03:30:42,756
CURRENT STATUS IS NEUTRAL
-----
return before 14h30:
BTCUSDT+0.00%, ETHUSDT+0.00%, XRPUSDT+0.00%
-----
target alloc initial:BTCUSDT+0.00%, ETHUSDT+0.00%, XRPUSDT+0.00%
-----
alloc target x rt%<0:BTCUSDT+0.00%, ETHUSDT+0.00%, XRPUSDT+0.00%
-----
           BTCUSDT ETHUSDT XRPUSDT
w_target      0.0%    0.0%    0.0%
rt_14h30     0.00%   0.00%   0.00%
w_target_f    0.0%    0.0%    0.0%
2024-02-03 03:30:42,758
Portfolio was rebalanced less than 2 hours ago, 1.0 hours ago
2024-02-03 03:30:42,762
Status: prev = NEUTRAL <> SHORT = target
2024-02-03 03:30:42,762
the strat is currently running @ 03-02-2024 and the target positions is NEUTRAL
the strat was previously run @ 2024-02-03 02:30:56 UTC, success:yes 
   and the current positions is SHORT
2024-02-03 03:30:43,994
positions_future #0
2024-02-03 03:30:43,994
Empty DataFrame
Columns: [symbol, positionAmt, entryPrice, breakEvenPrice, markPrice, unRealizedProfit, value_usd, updateTime, isolated, adlQuantile, AUMs_account, w%]
Index: []
2024-02-03 03:30:44,216
------------------------------
binance_account_balance
2024-02-03 03:30:44,216
  asset     balance  ...  marginAvailable   updateTime
5  USDT  291.022732  ...             True  03Feb-00:32

[1 rows x 8 columns]
2024-02-03 03:30:44,446
------------------------------
open_orders
2024-02-03 03:30:44,446
Empty DataFrame
Columns: []
Index: []
2024-02-03 03:30:45,100
------------------------------
AUMS account:291

2024-02-03 03:30:45,102
--------------- compute_futures_order_book() ----------------
2024-02-03 03:30:46,644
----------------------------------------------------------------------
#0 order(s) to place
gross$: 0$ | net$: +0$
gross%: 0% | net%: +0%
 || w>0%  +0% | w<0%  0%
----------------------------------------------------------------------
PTF Expo% 0.0% >> 0.0% (current>>target)
PTF expo $0.0 >> $0 (current>>target)
----------------------------------------------------------------------
2024-02-03 03:30:46,645
orders_ofthe_day
2024-02-03 03:30:46,646
Empty DataFrame
Columns: [ptf_usd, target_usd, totrd_usd, posttrd_usd, qty, posttrd_qty, posttrd_w, bid, ask, strategy]
Index: []
2024-02-03 03:30:46,715
Orders of the day is empty, current and target potfolios are aligned
2024-02-03 03:30:46,715
Program stopped
