2023-08-07 20:30:51,847
ON program started 20230807 20:30:51,
US time: 20230807 16:30:51
2023-08-07 20:30:52,339
the strat is currently running @ 07-08-2023 and the target positions is LONG
2023-08-07 20:30:53,895
CURRENT STATUS IS LONG
-----
return before 14h30:
BTCUSDT-0.62%, ETHUSDT-1.28%, XRPUSDT-2.65%
-----
target alloc initial:BTCUSDT+16.67%, ETHUSDT+16.67%, XRPUSDT+16.67%
-----
alloc target x rt%<0:BTCUSDT+16.67%, ETHUSDT+16.67%, XRPUSDT+16.67%
-----
           BTCUSDT ETHUSDT XRPUSDT
w_target     16.7%   16.7%   16.7%
rt_14h30    -0.01%  -0.01%  -0.03%
w_target_f   16.7%   16.7%   16.7%
2023-08-07 20:30:53,896
Portfolio was rebalanced less than 2 hours ago, 1.0 hours ago
2023-08-07 20:30:53,899
Status: prev = LONG <> LONG = target
2023-08-07 20:30:53,899
the strat is currently running @ 07-08-2023 and the target positions is LONG
the strat was previously run @ 2023-08-07 19:31:18 UTC, success:yes 
   and the current positions is LONG
2023-08-07 20:30:54,991
positions_future #3
2023-08-07 20:30:54,991
      symbol  positionAmt entryPrice  ...   updateTime  AUMs_account        w%
219  BTCUSDT        0.002    29160.6  ...  07Aug-18:32         291.3  0.200009
134  ETHUSDT        0.027    1826.64  ...  07Aug-18:32         291.3  0.169072
108  XRPUSDT       79.000     0.6152  ...  07Aug-18:32         291.3  0.166843

[3 rows x 9 columns]
2023-08-07 20:30:55,015
programm stoppeddd!!! 20230807_203055
