2024-06-11 21:31:00,553
ON program started 20240611 21:31:00,
US time: 20240611 17:31:00
2024-06-11 21:31:01,101
the strat is currently running @ 11-06-2024 and the target positions is LONG
2024-06-11 21:31:02,414
CURRENT STATUS IS LONG
-----
return before 14h30:
BTCUSDT-3.92%, ETHUSDT-4.00%, XRPUSDT-3.20%
-----
target alloc initial:BTCUSDT+16.67%, ETHUSDT+16.67%, XRPUSDT+16.67%
-----
alloc target x rt%<0:BTCUSDT+16.67%, ETHUSDT+16.67%, XRPUSDT+16.67%
-----
           BTCUSDT ETHUSDT XRPUSDT
w_target     16.7%   16.7%   16.7%
rt_14h30    -0.04%  -0.04%  -0.03%
w_target_f   16.7%   16.7%   16.7%
2024-06-11 21:31:02,415
Portfolio was rebalanced less than 2 hours ago, 1.0 hours ago
2024-06-11 21:31:02,417
Status: prev = LONG <> LONG = target
2024-06-11 21:31:02,417
the strat is currently running @ 11-06-2024 and the target positions is LONG
the strat was previously run @ 2024-06-11 20:30:59, success:yes 
   and the current positions is LONG
2024-06-11 21:31:03,540
positions_future #2
2024-06-11 21:31:03,540
      symbol  positionAmt entryPrice  ... adlQuantile AUMs_account        w%
162  ETHUSDT        0.014    3483.32  ...           2        290.3  0.168285
129  XRPUSDT      100.100       0.48  ...           3        290.3  0.165590

[2 rows x 12 columns]
2024-06-11 21:31:03,626
programm stoppeddd!!! 20240611_213103
