2023-12-14 23:30:44,912
ON program started 20231214 23:30:44,
US time: 20231214 18:30:44
2023-12-14 23:30:45,400
the strat is currently running @ 14-12-2023 and the target positions is SHORT
2023-12-14 23:30:46,821
CURRENT STATUS IS SHORT, WE CHECK IF THE DAY IS A NEGATIVE ONE
-----
return before 14h30:
BTCUSDT+0.34%, ETHUSDT+1.75%, XRPUSDT+1.00%
-----
target alloc initial:BTCUSDT-4.17%, ETHUSDT+0.00%, XRPUSDT-4.17%
-----
alloc target x rt%<0:BTCUSDT-0.00%, ETHUSDT+0.00%, XRPUSDT-0.00%
-----
           BTCUSDT ETHUSDT XRPUSDT
w_target     -4.2%    0.0%   -4.2%
rt_14h30     0.00%   0.02%   0.01%
w_target_f   -0.0%    0.0%   -0.0%
2023-12-14 23:30:46,822
Portfolio was rebalanced less than 2 hours ago, 1.0 hours ago
2023-12-14 23:30:46,825
Status: prev = SHORT <> LONG = target
2023-12-14 23:30:46,825
the strat is currently running @ 14-12-2023 and the target positions is SHORT
the strat was previously run @ 2023-12-14 22:31:05 UTC, success:yes 
   and the current positions is LONG
2023-12-14 23:30:48,052
positions_future #2
2023-12-14 23:30:48,052
      symbol  positionAmt entryPrice  ... adlQuantile AUMs_account        w%
125  XRPUSDT       77.300     0.6318  ...           2        294.1  0.166339
159  ETHUSDT        0.021    2288.25  ...           2        294.1  0.166023

[2 rows x 12 columns]
2023-12-14 23:30:48,295
------------------------------
binance_account_balance
2023-12-14 23:30:48,295
  asset     balance  ...  marginAvailable   updateTime
5  USDT  293.223448  ...             True  14Dec-19:31

[1 rows x 8 columns]
2023-12-14 23:30:48,965
------------------------------
open_orders
2023-12-14 23:30:48,965
Empty DataFrame
Columns: []
Index: []
2023-12-14 23:30:49,624
------------------------------
AUMS account:294

2023-12-14 23:30:49,626
--------------- compute_futures_order_book() ----------------
2023-12-14 23:30:51,184
----------------------------------------------------------------------
#2 order(s) to place
gross$: 98$ | net$: -98$
gross%: 33% | net%: -33%
 || w>0%  +0% | w<0%  -33%
----------------------------------------------------------------------
PTF Expo% 33.3% >> 0.0% (current>>target)
PTF expo $98.0 >> $0 (current>>target)
----------------------------------------------------------------------
2023-12-14 23:30:51,185
orders_ofthe_day
2023-12-14 23:30:51,185
                  ptf_usd  target_usd  ...        bid        ask
2023-12-14 23:30                       ...                      
XRPUSDT              49.0        -0.0  ...     0.6327     0.6328
ETHUSDT              49.0         0.0  ...  2324.6000  2324.6100

[2 rows x 9 columns]
2023-12-14 23:30:52,541
binance_place_orders_peg 20231214_233052
2023-12-14 23:30:52,981
{'orderId': 46811670571, 'symbol': 'XRPUSDT', 'status': 'NEW', 'clientOrderId': 'XyHtJ5s5OFey7gkZpp4PA7', 'price': '0.6331', 'avgPrice': '0.00', 'origQty': '77.3', 'executedQty': '0.0', 'cumQty': '0.0', 'cumQuote': '0.00000', 'timeInForce': 'GTC', 'type': 'LIMIT', 'reduceOnly': False, 'closePosition': False, 'side': 'SELL', 'positionSide': 'BOTH', 'stopPrice': '0.0000', 'workingType': 'CONTRACT_PRICE', 'priceProtect': False, 'origType': 'LIMIT', 'priceMatch': 'NONE', 'selfTradePreventionMode': 'NONE', 'goodTillDate': 0, 'updateTime': 1702596652871}
2023-12-14 23:30:53,420
{'orderId': 8389765635084259812, 'symbol': 'ETHUSDT', 'status': 'NEW', 'clientOrderId': '5bb5kDdmI8YPWi3bvhrF0O', 'price': '2325.77', 'avgPrice': '0.00', 'origQty': '0.021', 'executedQty': '0.000', 'cumQty': '0.000', 'cumQuote': '0.00000', 'timeInForce': 'GTC', 'type': 'LIMIT', 'reduceOnly': False, 'closePosition': False, 'side': 'SELL', 'positionSide': 'BOTH', 'stopPrice': '0.00', 'workingType': 'CONTRACT_PRICE', 'priceProtect': False, 'origType': 'LIMIT', 'priceMatch': 'NONE', 'selfTradePreventionMode': 'NONE', 'goodTillDate': 0, 'updateTime': 1702596653311}
2023-12-14 23:30:55,006
update 0: filled 0 / 2 () | working 2 / 2 (-XRPUSDT,-ETHUSDT)
2023-12-14 23:30:59,006
-XRPUSDT: bp5.0|-ETHUSDT: bp5.0|
2023-12-14 23:30:59,883
update 1: filled 0 / 2 () | working 2 / 2 (-XRPUSDT,-ETHUSDT)
2023-12-14 23:31:03,884
-XRPUSDT: bp6.0|-ETHUSDT: bp5.0|
2023-12-14 23:31:04,765
update 2: filled 0 / 2 () | working 2 / 2 (-XRPUSDT,-ETHUSDT)
2023-12-14 23:31:08,766
-XRPUSDT: bp6.0|-ETHUSDT: bp5.0|
2023-12-14 23:31:09,644
update 3: filled 0 / 2 () | working 2 / 2 (-XRPUSDT,-ETHUSDT)
2023-12-14 23:31:13,645
-XRPUSDT: bp6.0|-ETHUSDT: bp5.0|
2023-12-14 23:31:14,522
update 4: filled 0 / 2 () | working 2 / 2 (-XRPUSDT,-ETHUSDT)
2023-12-14 23:31:18,523
-XRPUSDT: bp3.0|-ETHUSDT: bp5.0|
2023-12-14 23:31:19,400
update 5: filled 0 / 2 () | working 2 / 2 (-XRPUSDT,-ETHUSDT)
2023-12-14 23:31:23,400
-XRPUSDT: bp5.0|-ETHUSDT: bp5.0|
2023-12-14 23:31:24,278
update 6: filled 0 / 2 () | working 2 / 2 (-XRPUSDT,-ETHUSDT)
2023-12-14 23:31:28,279
-XRPUSDT: bp5.0|-ETHUSDT: bp5.0|
2023-12-14 23:31:29,155
update 7: filled 0 / 2 () | working 2 / 2 (-XRPUSDT,-ETHUSDT)
2023-12-14 23:31:33,156
-XRPUSDT: bp6.0|-ETHUSDT: bp4.0|
2023-12-14 23:31:34,034
update 8: filled 0 / 2 () | working 2 / 2 (-XRPUSDT,-ETHUSDT)
2023-12-14 23:31:38,035
-XRPUSDT: bp6.0|-ETHUSDT: bp5.0|
2023-12-14 23:31:38,912
update 9: filled 0 / 2 () | working 2 / 2 (-XRPUSDT,-ETHUSDT)
2023-12-14 23:31:42,913
-XRPUSDT: bp6.0|-ETHUSDT: bp6.0|
2023-12-14 23:31:43,792
update 10: filled 0 / 2 () | working 2 / 2 (-XRPUSDT,-ETHUSDT)
2023-12-14 23:31:47,793
-XRPUSDT: bp8.0|-ETHUSDT: bp6.0|
2023-12-14 23:31:48,670
update 11: filled 0 / 2 () | working 2 / 2 (-XRPUSDT,-ETHUSDT)
2023-12-14 23:31:52,671
-XRPUSDT: bp9.0|-ETHUSDT: bp10.0|
2023-12-14 23:31:53,553
update 12: filled 0 / 2 () | working 2 / 2 (-XRPUSDT,-ETHUSDT)
2023-12-14 23:31:57,554
-XRPUSDT: bp9.0|-ETHUSDT: bp10.0|
2023-12-14 23:31:58,431
update 13: filled 0 / 2 () | working 2 / 2 (-XRPUSDT,-ETHUSDT)
2023-12-14 23:32:02,431
-XRPUSDT: bp9.0|-ETHUSDT: bp11.0|
2023-12-14 23:32:03,313
update 14: filled 0 / 2 () | working 2 / 2 (-XRPUSDT,-ETHUSDT)
2023-12-14 23:32:07,314
-XRPUSDT: bp11.0|-ETHUSDT: bp12.0|
2023-12-14 23:32:07,314
Adjustment limit #1 ... 
 we cancel current orders and replace
2023-12-14 23:32:07,314
@+/-2.5bp limit 
2023-12-14 23:32:07,314
binance_cancel_and_replace_orders_peg 20231214_233207
2023-12-14 23:32:08,639
binance_place_orders_peg 20231214_233208
2023-12-14 23:32:09,123
{'orderId': 46811730905, 'symbol': 'XRPUSDT', 'status': 'NEW', 'clientOrderId': 'XyHtJ5s5OFey7gkZpp4PA7', 'price': '0.6327', 'avgPrice': '0.00', 'origQty': '77.3', 'executedQty': '0.0', 'cumQty': '0.0', 'cumQuote': '0.00000', 'timeInForce': 'GTC', 'type': 'LIMIT', 'reduceOnly': False, 'closePosition': False, 'side': 'SELL', 'positionSide': 'BOTH', 'stopPrice': '0.0000', 'workingType': 'CONTRACT_PRICE', 'priceProtect': False, 'origType': 'LIMIT', 'priceMatch': 'NONE', 'selfTradePreventionMode': 'NONE', 'goodTillDate': 0, 'updateTime': 1702596729010}
2023-12-14 23:32:09,563
{'orderId': 8389765635084419719, 'symbol': 'ETHUSDT', 'status': 'NEW', 'clientOrderId': '5bb5kDdmI8YPWi3bvhrF0O', 'price': '2324.87', 'avgPrice': '0.00', 'origQty': '0.021', 'executedQty': '0.000', 'cumQty': '0.000', 'cumQuote': '0.00000', 'timeInForce': 'GTC', 'type': 'LIMIT', 'reduceOnly': False, 'closePosition': False, 'side': 'SELL', 'positionSide': 'BOTH', 'stopPrice': '0.00', 'workingType': 'CONTRACT_PRICE', 'priceProtect': False, 'origType': 'LIMIT', 'priceMatch': 'NONE', 'selfTradePreventionMode': 'NONE', 'goodTillDate': 0, 'updateTime': 1702596729454}
2023-12-14 23:32:10,441
update 0: filled 0 / 2 () | working 2 / 2 (-XRPUSDT,-ETHUSDT)
2023-12-14 23:32:14,441
-XRPUSDT: bp5.0|-ETHUSDT: bp3.0|
2023-12-14 23:32:15,318
update 1: filled 0 / 2 () | working 2 / 2 (-XRPUSDT,-ETHUSDT)
2023-12-14 23:32:19,319
-XRPUSDT: bp8.0|-ETHUSDT: bp8.0|
2023-12-14 23:32:20,195
update 2: filled 0 / 2 () | working 2 / 2 (-XRPUSDT,-ETHUSDT)
2023-12-14 23:32:24,196
-XRPUSDT: bp9.0|-ETHUSDT: bp10.0|
2023-12-14 23:32:25,074
update 3: filled 0 / 2 () | working 2 / 2 (-XRPUSDT,-ETHUSDT)
2023-12-14 23:32:29,075
-XRPUSDT: bp6.0|-ETHUSDT: bp10.0|
2023-12-14 23:32:29,957
update 4: filled 0 / 2 () | working 2 / 2 (-XRPUSDT,-ETHUSDT)
2023-12-14 23:32:33,957
-XRPUSDT: bp6.0|-ETHUSDT: bp10.0|
2023-12-14 23:32:34,836
update 5: filled 0 / 2 () | working 2 / 2 (-XRPUSDT,-ETHUSDT)
2023-12-14 23:32:38,836
-XRPUSDT: bp8.0|-ETHUSDT: bp10.0|
2023-12-14 23:32:39,714
update 6: filled 0 / 2 () | working 2 / 2 (-XRPUSDT,-ETHUSDT)
2023-12-14 23:32:43,715
-XRPUSDT: bp8.0|-ETHUSDT: bp9.0|
2023-12-14 23:32:44,591
update 7: filled 0 / 2 () | working 2 / 2 (-XRPUSDT,-ETHUSDT)
2023-12-14 23:32:48,592
-XRPUSDT: bp5.0|-ETHUSDT: bp8.0|
2023-12-14 23:32:49,471
update 8: filled 0 / 2 () | working 2 / 2 (-XRPUSDT,-ETHUSDT)
2023-12-14 23:32:53,472
-XRPUSDT: bp2.0|-ETHUSDT: bp8.0|
2023-12-14 23:32:54,349
update 9: filled 0 / 2 () | working 2 / 2 (-XRPUSDT,-ETHUSDT)
2023-12-14 23:32:58,350
-XRPUSDT: bp2.0|-ETHUSDT: bp8.0|
2023-12-14 23:32:59,229
update 10: filled 0 / 2 () | working 2 / 2 (-XRPUSDT,-ETHUSDT)
2023-12-14 23:33:03,229
-XRPUSDT: bp3.0|-ETHUSDT: bp10.0|
2023-12-14 23:33:04,112
update 11: filled 0 / 2 () | working 2 / 2 (-XRPUSDT,-ETHUSDT)
2023-12-14 23:33:08,112
-XRPUSDT: bp2.0|-ETHUSDT: bp9.0|
2023-12-14 23:33:08,991
update 12: filled 0 / 2 () | working 2 / 2 (-XRPUSDT,-ETHUSDT)
2023-12-14 23:33:12,992
-XRPUSDT: bp3.0|-ETHUSDT: bp9.0|
2023-12-14 23:33:13,870
update 13: filled 0 / 2 () | working 2 / 2 (-XRPUSDT,-ETHUSDT)
2023-12-14 23:33:17,871
-XRPUSDT: bp3.0|-ETHUSDT: bp8.0|
2023-12-14 23:33:18,748
update 14: filled 0 / 2 () | working 2 / 2 (-XRPUSDT,-ETHUSDT)
2023-12-14 23:33:22,749
-XRPUSDT: bp5.0|-ETHUSDT: bp9.0|
2023-12-14 23:33:22,749
Adjustment limit #2 ... 
 we cancel current orders and replace
2023-12-14 23:33:22,749
@+/-1.25bp limit 
2023-12-14 23:33:22,749
binance_cancel_and_replace_orders_peg 20231214_233322
2023-12-14 23:33:24,079
binance_place_orders_peg 20231214_233324
2023-12-14 23:33:24,523
{'orderId': 46811793747, 'symbol': 'XRPUSDT', 'status': 'NEW', 'clientOrderId': 'XyHtJ5s5OFey7gkZpp4PA7', 'price': '0.6325', 'avgPrice': '0.00', 'origQty': '77.3', 'executedQty': '0.0', 'cumQty': '0.0', 'cumQuote': '0.00000', 'timeInForce': 'GTC', 'type': 'LIMIT', 'reduceOnly': False, 'closePosition': False, 'side': 'SELL', 'positionSide': 'BOTH', 'stopPrice': '0.0000', 'workingType': 'CONTRACT_PRICE', 'priceProtect': False, 'origType': 'LIMIT', 'priceMatch': 'NONE', 'selfTradePreventionMode': 'NONE', 'goodTillDate': 0, 'updateTime': 1702596804411}
2023-12-14 23:33:24,963
{'orderId': 8389765635084578001, 'symbol': 'ETHUSDT', 'status': 'NEW', 'clientOrderId': '5bb5kDdmI8YPWi3bvhrF0O', 'price': '2322.80', 'avgPrice': '0.00', 'origQty': '0.021', 'executedQty': '0.000', 'cumQty': '0.000', 'cumQuote': '0.00000', 'timeInForce': 'GTC', 'type': 'LIMIT', 'reduceOnly': False, 'closePosition': False, 'side': 'SELL', 'positionSide': 'BOTH', 'stopPrice': '0.00', 'workingType': 'CONTRACT_PRICE', 'priceProtect': False, 'origType': 'LIMIT', 'priceMatch': 'NONE', 'selfTradePreventionMode': 'NONE', 'goodTillDate': 0, 'updateTime': 1702596804852}
2023-12-14 23:33:25,842
update 0: filled 0 / 2 () | working 2 / 2 (-XRPUSDT,-ETHUSDT)
2023-12-14 23:33:29,843
-XRPUSDT: bp2.0|-ETHUSDT: bp1.0|
2023-12-14 23:33:30,720
update 1: filled 0 / 2 () | working 2 / 2 (-XRPUSDT,-ETHUSDT)
2023-12-14 23:33:34,721
-XRPUSDT: bp3.0|-ETHUSDT: bp1.0|
2023-12-14 23:33:35,597
update 2: filled 0 / 2 () | working 2 / 2 (-XRPUSDT,-ETHUSDT)
2023-12-14 23:33:39,598
-XRPUSDT: bp5.0|-ETHUSDT: bp1.0|
2023-12-14 23:33:40,475
update 3: filled 0 / 2 () | working 2 / 2 (-XRPUSDT,-ETHUSDT)
2023-12-14 23:33:44,476
-XRPUSDT: bp3.0|-ETHUSDT: bp1.0|
2023-12-14 23:33:45,353
update 4: filled 0 / 2 () | working 2 / 2 (-XRPUSDT,-ETHUSDT)
2023-12-14 23:33:49,354
-XRPUSDT: bp5.0|-ETHUSDT: bp1.0|
2023-12-14 23:33:50,237
update 5: filled 0 / 2 () | working 2 / 2 (-XRPUSDT,-ETHUSDT)
2023-12-14 23:33:54,237
-XRPUSDT: bp5.0|-ETHUSDT: bp1.0|
2023-12-14 23:33:55,114
update 6: filled 0 / 2 () | working 2 / 2 (-XRPUSDT,-ETHUSDT)
2023-12-14 23:33:59,115
-XRPUSDT: bp5.0|-ETHUSDT: bp11.0|
2023-12-14 23:33:59,991
update 7: filled 0 / 2 () | working 2 / 2 (-XRPUSDT,-ETHUSDT)
2023-12-14 23:34:03,992
-XRPUSDT: bp3.0|-ETHUSDT: bp10.0|
2023-12-14 23:34:04,870
update 8: filled 0 / 2 () | working 2 / 2 (-XRPUSDT,-ETHUSDT)
2023-12-14 23:34:08,870
-XRPUSDT: bp3.0|-ETHUSDT: bp13.0|
2023-12-14 23:34:09,747
update 9: filled 0 / 2 () | working 2 / 2 (-XRPUSDT,-ETHUSDT)
2023-12-14 23:34:13,748
-XRPUSDT: bp3.0|-ETHUSDT: bp10.0|
2023-12-14 23:34:14,625
update 10: filled 0 / 2 () | working 2 / 2 (-XRPUSDT,-ETHUSDT)
2023-12-14 23:34:18,626
-XRPUSDT: bp2.0|-ETHUSDT: bp10.0|
2023-12-14 23:34:19,503
update 11: filled 0 / 2 () | working 2 / 2 (-XRPUSDT,-ETHUSDT)
2023-12-14 23:34:23,504
-XRPUSDT: bp2.0|-ETHUSDT: bp9.0|
2023-12-14 23:34:24,382
update 12: filled 0 / 2 () | working 2 / 2 (-XRPUSDT,-ETHUSDT)
2023-12-14 23:34:28,383
-XRPUSDT: bp2.0|-ETHUSDT: bp9.0|
2023-12-14 23:34:29,260
update 13: filled 0 / 2 () | working 2 / 2 (-XRPUSDT,-ETHUSDT)
2023-12-14 23:34:33,261
-XRPUSDT: bp5.0|-ETHUSDT: bp11.0|
2023-12-14 23:34:34,136
update 14: filled 0 / 2 () | working 2 / 2 (-XRPUSDT,-ETHUSDT)
2023-12-14 23:34:38,137
-XRPUSDT: bp3.0|-ETHUSDT: bp11.0|
2023-12-14 23:34:38,137
Adjustment limit #3 ... 
 we cancel current orders and replace
2023-12-14 23:34:38,137
@+/-0.625bp limit 
2023-12-14 23:34:38,137
binance_cancel_and_replace_orders_peg 20231214_233438
2023-12-14 23:34:39,461
binance_place_orders_peg 20231214_233439
2023-12-14 23:34:39,900
{'orderId': 46811854395, 'symbol': 'XRPUSDT', 'status': 'NEW', 'clientOrderId': 'XyHtJ5s5OFey7gkZpp4PA7', 'price': '0.6323', 'avgPrice': '0.00', 'origQty': '77.3', 'executedQty': '0.0', 'cumQty': '0.0', 'cumQuote': '0.00000', 'timeInForce': 'GTC', 'type': 'LIMIT', 'reduceOnly': False, 'closePosition': False, 'side': 'SELL', 'positionSide': 'BOTH', 'stopPrice': '0.0000', 'workingType': 'CONTRACT_PRICE', 'priceProtect': False, 'origType': 'LIMIT', 'priceMatch': 'NONE', 'selfTradePreventionMode': 'NONE', 'goodTillDate': 0, 'updateTime': 1702596879790}
2023-12-14 23:34:40,341
{'orderId': 8389765635084838889, 'symbol': 'ETHUSDT', 'status': 'NEW', 'clientOrderId': '5bb5kDdmI8YPWi3bvhrF0O', 'price': '2320.42', 'avgPrice': '0.00', 'origQty': '0.021', 'executedQty': '0.000', 'cumQty': '0.000', 'cumQuote': '0.00000', 'timeInForce': 'GTC', 'type': 'LIMIT', 'reduceOnly': False, 'closePosition': False, 'side': 'SELL', 'positionSide': 'BOTH', 'stopPrice': '0.00', 'workingType': 'CONTRACT_PRICE', 'priceProtect': False, 'origType': 'LIMIT', 'priceMatch': 'NONE', 'selfTradePreventionMode': 'NONE', 'goodTillDate': 0, 'updateTime': 1702596880231}
2023-12-14 23:34:41,222
update 0: filled 0 / 2 () | working 2 / 2 (-XRPUSDT,-ETHUSDT)
2023-12-14 23:34:45,223
-XRPUSDT: bp0.0|-ETHUSDT: bp-2.0|
2023-12-14 23:34:46,099
update 1: filled 0 / 2 () | working 2 / 2 (-XRPUSDT,-ETHUSDT)
2023-12-14 23:34:50,099
-XRPUSDT: bp0.0|-ETHUSDT: bp1.0|
2023-12-14 23:34:50,976
update 2: filled 0 / 2 () | working 2 / 2 (-XRPUSDT,-ETHUSDT)
2023-12-14 23:34:54,977
-XRPUSDT: bp0.0|-ETHUSDT: bp3.0|
2023-12-14 23:34:55,857
update 3: filled 0 / 2 () | working 2 / 2 (-XRPUSDT,-ETHUSDT)
2023-12-14 23:34:59,857
-XRPUSDT: bp2.0|-ETHUSDT: bp2.0|
2023-12-14 23:35:00,738
update 4: filled 1 / 2 (-ETHUSDT) | working 1 / 2 (-XRPUSDT)
2023-12-14 23:35:04,739
-XRPUSDT: bp2.0|
2023-12-14 23:35:05,616
update 5: filled 1 / 2 (-ETHUSDT) | working 1 / 2 (-XRPUSDT)
2023-12-14 23:35:09,617
-XRPUSDT: bp2.0|
2023-12-14 23:35:10,497
update 6: filled 2 / 2 (-XRPUSDT,-ETHUSDT) | working 0 / 2 ()
2023-12-14 23:35:16,494
Trades of the day
in$
as of: 14Dec 23:34>>23:35 (#trades: 2)
trade net: -98.0 (-33.3%), trade gross: +98.0 (+33.3%), BUY: +0.0 (+0.0%), SELL: -98.0 (-33.3%)
fees: $ 0.02 (2.0bp)
2023-12-14 23:35:16,948
Trades: 
Filled #2
______________________________________________
                   in$ | in bp 97 traded | in bp 294 AUMs
realizedPnl    +0.72   | +74     | +24    
PnLvsArrival   -0.12   | -12     | -4     
PnLvsLast      -0.01   | -1      | -0     
______________________________________________
                 | Value$ | PnL Arrival/Last 
______________________________________________
XRP:-77.3@0.6323 | -49$ | -0.03/-0.01
ETH:-0.021@2320.42 | -49$ | -0.09/0
