2024-07-22 20:30:50,667
ON program started 20240722 20:30:50,
US time: 20240722 16:30:50
2024-07-22 20:30:52,377
the strat is currently running @ 22-07-2024 and the target positions is LONG
2024-07-22 20:30:53,704
CURRENT STATUS IS LONG
-----
return before 14h30:
BTCUSDT-1.57%, ETHUSDT-1.95%, XRPUSDT+1.30%
-----
target alloc initial:BTCUSDT+16.67%, ETHUSDT+16.67%, XRPUSDT+16.67%
-----
alloc target x rt%<0:BTCUSDT+16.67%, ETHUSDT+16.67%, XRPUSDT+16.67%
-----
           BTCUSDT ETHUSDT XRPUSDT
w_target     16.7%   16.7%   16.7%
rt_14h30    -0.02%  -0.02%   0.01%
w_target_f   16.7%   16.7%   16.7%
2024-07-22 20:30:53,706
Portfolio was rebalanced less than 2 hours ago, 1.0 hours ago
2024-07-22 20:30:53,708
Status: prev = LONG <> LONG = target
2024-07-22 20:30:53,708
the strat is currently running @ 22-07-2024 and the target positions is LONG
the strat was previously run @ 2024-07-22 19:30:50, success:yes 
   and the current positions is LONG
2024-07-22 20:30:54,857
positions_future #2
2024-07-22 20:30:54,857
      symbol  positionAmt entryPrice  ... adlQuantile AUMs_account        w%
131  XRPUSDT       79.600     0.6149  ...           1        295.1  0.166017
166  ETHUSDT        0.014    3463.37  ...           1        295.1  0.165253

[2 rows x 12 columns]
2024-07-22 20:30:54,947
programm stoppeddd!!! 20240722_203054
