2023-11-11 22:30:51,735
ON program started 20231111 22:30:51,
US time: 20231111 17:30:51
2023-11-11 22:30:52,131
the strat is currently running @ 11-11-2023 and the target positions is LONG
2023-11-11 22:30:53,560
CURRENT STATUS IS LONG
-----
return before 14h30:
BTCUSDT+0.17%, ETHUSDT+1.47%, XRPUSDT+4.15%
-----
target alloc initial:BTCUSDT+16.67%, ETHUSDT+16.67%, XRPUSDT+16.67%
-----
alloc target x rt%<0:BTCUSDT+16.67%, ETHUSDT+16.67%, XRPUSDT+16.67%
-----
           BTCUSDT ETHUSDT XRPUSDT
w_target     16.7%   16.7%   16.7%
rt_14h30     0.00%   0.01%   0.04%
w_target_f   16.7%   16.7%   16.7%
2023-11-11 22:30:53,561
Portfolio was rebalanced less than 2 hours ago, 1.0 hours ago
2023-11-11 22:30:53,565
Status: prev = LONG <> LONG = target
2023-11-11 22:30:53,565
the strat is currently running @ 11-11-2023 and the target positions is LONG
the strat was previously run @ 2023-11-11 21:31:03 UTC, success:yes 
   and the current positions is LONG
2023-11-11 22:30:54,760
positions_future #2
2023-11-11 22:30:54,761
      symbol  positionAmt entryPrice  ... adlQuantile AUMs_account        w%
122  XRPUSDT       71.700     0.6754  ...           1        289.1  0.164796
154  ETHUSDT        0.023    2078.64  ...           1        289.1  0.162479

[2 rows x 12 columns]
2023-11-11 22:30:54,790
programm stoppeddd!!! 20231111_223054
