2023-11-28 10:19:25,947
ON program started 20231128 10:19:25,
US time: 20231128 05:19:25
2023-11-28 10:19:26,465
the strat is currently running @ 28-11-2023 and the target positions is NEUTRAL
2023-11-28 10:19:27,887
CURRENT STATUS IS NEUTRAL
-----
return before 14h30:
BTCUSDT+0.26%, ETHUSDT-0.02%, XRPUSDT+0.03%
-----
target alloc initial:BTCUSDT+0.00%, ETHUSDT+0.00%, XRPUSDT+0.00%
-----
alloc target x rt%<0:BTCUSDT+0.00%, ETHUSDT+0.00%, XRPUSDT+0.00%
-----
           BTCUSDT ETHUSDT XRPUSDT
w_target      0.0%    0.0%    0.0%
rt_14h30     0.00%  -0.00%   0.00%
w_target_f    0.0%    0.0%    0.0%
2023-11-28 10:19:27,889
Portfolio was rebalanced less than 2 hours ago, 5.8 hours ago
2023-11-28 10:19:27,891
Status: prev = NEUTRAL <> NEUTRAL = target
2023-11-28 10:19:27,892
the strat is currently running @ 28-11-2023 and the target positions is NEUTRAL
the strat was previously run @ 2023-11-28 04:31:13 UTC, success:yes 
   and the current positions is NEUTRAL
2023-11-28 10:19:28,504
positions_future #0
2023-11-28 10:19:28,504
Empty DataFrame
Columns: [symbol, positionAmt, entryPrice, breakEvenPrice, markPrice, unRealizedProfit, value_usd, updateTime, isolated, adlQuantile, AUMs_account, w%]
Index: []
2023-11-28 10:19:28,578
programm stoppeddd!!! 20231128_101928
