2024-03-13 23:30:40,299
ON program started 20240313 23:30:40,
US time: 20240313 19:30:40
2024-03-13 23:30:40,752
the strat is currently running @ 13-03-2024 and the target positions is SHORT
2024-03-13 23:30:42,140
CURRENT STATUS IS SHORT, WE CHECK IF THE DAY IS A NEGATIVE ONE
-----
return before 14h30:
BTCUSDT+1.02%, ETHUSDT-0.09%, XRPUSDT-1.74%
-----
target alloc initial:BTCUSDT-4.17%, ETHUSDT+0.00%, XRPUSDT-4.17%
-----
alloc target x rt%<0:BTCUSDT-0.00%, ETHUSDT+0.00%, XRPUSDT-4.17%
-----
           BTCUSDT ETHUSDT XRPUSDT
w_target     -4.2%    0.0%   -4.2%
rt_14h30     0.01%  -0.00%  -0.02%
w_target_f   -0.0%    0.0%   -4.2%
2024-03-13 23:30:42,141
Portfolio was rebalanced less than 2 hours ago, 1.0 hours ago
2024-03-13 23:30:42,142
Status: prev = SHORT <> SHORT = target
2024-03-13 23:30:42,143
the strat is currently running @ 13-03-2024 and the target positions is SHORT
the strat was previously run @ 2024-03-13 22:30:37, success:? 
   and the current positions is SHORT
2024-03-13 23:30:43,343
positions_future #1
2024-03-13 23:30:43,343
      symbol  positionAmt entryPrice  ... adlQuantile AUMs_account        w%
124  XRPUSDT        -17.7     0.6839  ...           1        287.1 -0.042412

[1 rows x 12 columns]
2024-03-13 23:30:43,586
------------------------------
binance_account_balance
2024-03-13 23:30:43,586
  asset     balance  ...  marginAvailable   updateTime
6  USDT  287.211222  ...             True  13Mar-22:34

[1 rows x 8 columns]
2024-03-13 23:30:44,038
------------------------------
open_orders
2024-03-13 23:30:44,038
Empty DataFrame
Columns: []
Index: []
2024-03-13 23:30:44,698
------------------------------
AUMS account:287

2024-03-13 23:30:44,700
--------------- compute_futures_order_book() ----------------
2024-03-13 23:30:46,260
----------------------------------------------------------------------
#0 order(s) to place
gross$: 0$ | net$: +0$
gross%: 0% | net%: +0%
 || w>0%  +0% | w<0%  0%
----------------------------------------------------------------------
PTF Expo% -4.1% >> -4.1% (current>>target)
PTF expo $-12.0 >> $-11 (current>>target)
----------------------------------------------------------------------
2024-03-13 23:30:46,261
orders_ofthe_day
2024-03-13 23:30:46,261
Empty DataFrame
Columns: [ptf_usd, target_usd, totrd_usd, posttrd_usd, qty, posttrd_qty, posttrd_w, bid, ask, strategy]
Index: []
2024-03-13 23:30:46,322
Orders of the day is empty, current and target potfolios are aligned
2024-03-13 23:30:46,322
Program stopped
