2023-12-26 03:30:50,398
ON program started 20231226 03:30:50,
US time: 20231225 22:30:50
2023-12-26 03:30:50,964
the strat is currently running @ 26-12-2023 and the target positions is NEUTRAL
2023-12-26 03:30:52,362
CURRENT STATUS IS NEUTRAL
-----
return before 14h30:
BTCUSDT+0.00%, ETHUSDT+0.00%, XRPUSDT+0.00%
-----
target alloc initial:BTCUSDT+0.00%, ETHUSDT+0.00%, XRPUSDT+0.00%
-----
alloc target x rt%<0:BTCUSDT+0.00%, ETHUSDT+0.00%, XRPUSDT+0.00%
-----
           BTCUSDT ETHUSDT XRPUSDT
w_target      0.0%    0.0%    0.0%
rt_14h30     0.00%   0.00%   0.00%
w_target_f    0.0%    0.0%    0.0%
2023-12-26 03:30:52,364
Portfolio was rebalanced less than 2 hours ago, 1.0 hours ago
2023-12-26 03:30:52,366
Status: prev = NEUTRAL <> SHORT = target
2023-12-26 03:30:52,367
the strat is currently running @ 26-12-2023 and the target positions is NEUTRAL
the strat was previously run @ 2023-12-26 02:31:01 UTC, success:yes 
   and the current positions is SHORT
2023-12-26 03:30:53,593
positions_future #0
2023-12-26 03:30:53,594
Empty DataFrame
Columns: [symbol, positionAmt, entryPrice, breakEvenPrice, markPrice, unRealizedProfit, value_usd, updateTime, isolated, adlQuantile, AUMs_account, w%]
Index: []
2023-12-26 03:30:53,819
------------------------------
binance_account_balance
2023-12-26 03:30:53,819
  asset     balance  ...  marginAvailable   updateTime
5  USDT  291.932118  ...             True  25Dec-23:33

[1 rows x 8 columns]
2023-12-26 03:30:54,052
------------------------------
open_orders
2023-12-26 03:30:54,052
Empty DataFrame
Columns: []
Index: []
2023-12-26 03:30:54,703
------------------------------
AUMS account:291

2023-12-26 03:30:54,705
--------------- compute_futures_order_book() ----------------
2023-12-26 03:30:56,257
----------------------------------------------------------------------
#0 order(s) to place
gross$: 0$ | net$: +0$
gross%: 0% | net%: +0%
 || w>0%  +0% | w<0%  0%
----------------------------------------------------------------------
PTF Expo% 0.0% >> 0.0% (current>>target)
PTF expo $0.0 >> $0 (current>>target)
----------------------------------------------------------------------
2023-12-26 03:30:56,258
orders_ofthe_day
2023-12-26 03:30:56,258
Empty DataFrame
Columns: [ptf_usd, target_usd, totrd_usd, posttrd_usd, qty, posttrd_qty, posttrd_w, bid, ask]
Index: []
2023-12-26 03:30:56,338
Orders of the day is empty, current and target potfolios are aligned
2023-12-26 03:30:56,338
Program stopped
