2023-11-20 19:30:31,993
ON program started 20231120 19:30:31,
US time: 20231120 14:30:31
2023-11-20 19:30:32,412
the strat is currently running @ 20-11-2023 and the target positions is LONG
2023-11-20 19:30:33,847
CURRENT STATUS IS LONG
-----
return before 14h30:
BTCUSDT+0.86%, ETHUSDT+2.06%, XRPUSDT-0.75%
-----
target alloc initial:BTCUSDT+16.67%, ETHUSDT+16.67%, XRPUSDT+16.67%
-----
alloc target x rt%<0:BTCUSDT+16.67%, ETHUSDT+16.67%, XRPUSDT+16.67%
-----
           BTCUSDT ETHUSDT XRPUSDT
w_target     16.7%   16.7%   16.7%
rt_14h30     0.01%   0.02%  -0.01%
w_target_f   16.7%   16.7%   16.7%
2023-11-20 19:30:33,849
Portfolio was rebalanced less than 2 hours ago, 15.0 hours ago
2023-11-20 19:30:33,852
Status: prev = LONG <> NEUTRAL = target
2023-11-20 19:30:33,852
the strat is currently running @ 20-11-2023 and the target positions is LONG
the strat was previously run @ 2023-11-20 04:30:54 UTC, success:yes 
   and the current positions is NEUTRAL
2023-11-20 19:30:35,005
positions_future #0
2023-11-20 19:30:35,005
Empty DataFrame
Columns: [symbol, positionAmt, entryPrice, breakEvenPrice, markPrice, unRealizedProfit, value_usd, updateTime, isolated, adlQuantile, AUMs_account, w%]
Index: []
2023-11-20 19:30:35,229
------------------------------
binance_account_balance
2023-11-20 19:30:35,229
  asset     balance  ... marginAvailable   updateTime
5  USDT  291.040608  ...            True  19Nov-23:32

[1 rows x 8 columns]
2023-11-20 19:30:35,461
------------------------------
open_orders
2023-11-20 19:30:35,461
Empty DataFrame
Columns: []
Index: []
2023-11-20 19:30:36,111
------------------------------
AUMS account:291

2023-11-20 19:30:36,113
--------------- compute_futures_order_book() ----------------
2023-11-20 19:30:37,661
----------------------------------------------------------------------
#2 order(s) to place
gross$: 98$ | net$: +98$
gross%: 34% | net%: +34%
 || w>0%  +34% | w<0%  0%
----------------------------------------------------------------------
PTF Expo% 0.0% >> 50.0% (current>>target)
PTF expo $0.0 >> $145 (current>>target)
----------------------------------------------------------------------
2023-11-20 19:30:37,663
orders_ofthe_day
2023-11-20 19:30:37,663
                  ptf_usd  target_usd  totrd_usd  ...  posttrd_w        bid      ask
2023-11-20 19:30                                  ...                               
ETHUSDT               0.0       48.52       49.0  ...   0.168361  2043.7100  2043.72
XRPUSDT               0.0       48.52       49.0  ...   0.168361     0.6199     0.62

[2 rows x 9 columns]
2023-11-20 19:30:39,270
binance_place_orders_peg 20231120_193039
2023-11-20 19:30:39,712
{'orderId': 8389765629430618174, 'symbol': 'ETHUSDT', 'status': 'NEW', 'clientOrderId': 'YCUOeeZMmcRbEOXdFx6pzH', 'price': '2042.69', 'avgPrice': '0.00', 'origQty': '0.024', 'executedQty': '0.000', 'cumQty': '0.000', 'cumQuote': '0.00000', 'timeInForce': 'GTC', 'type': 'LIMIT', 'reduceOnly': False, 'closePosition': False, 'side': 'BUY', 'positionSide': 'BOTH', 'stopPrice': '0.00', 'workingType': 'CONTRACT_PRICE', 'priceProtect': False, 'origType': 'LIMIT', 'priceMatch': 'NONE', 'selfTradePreventionMode': 'NONE', 'goodTillDate': 0, 'updateTime': 1700508639597}
2023-11-20 19:30:40,153
{'orderId': 45350787963, 'symbol': 'XRPUSDT', 'status': 'NEW', 'clientOrderId': 'tCFYIdMT8XYLWk66TIlFMy', 'price': '0.6196', 'avgPrice': '0.00', 'origQty': '78.3', 'executedQty': '0.0', 'cumQty': '0.0', 'cumQuote': '0.00000', 'timeInForce': 'GTC', 'type': 'LIMIT', 'reduceOnly': False, 'closePosition': False, 'side': 'BUY', 'positionSide': 'BOTH', 'stopPrice': '0.0000', 'workingType': 'CONTRACT_PRICE', 'priceProtect': False, 'origType': 'LIMIT', 'priceMatch': 'NONE', 'selfTradePreventionMode': 'NONE', 'goodTillDate': 0, 'updateTime': 1700508640039}
2023-11-20 19:30:41,737
update 0: filled 0 / 2 () | working 2 / 2 (+ETHUSDT,+XRPUSDT)
2023-11-20 19:30:45,738
+ETHUSDT: bp5.0|+XRPUSDT: bp6.0|
2023-11-20 19:30:46,615
update 1: filled 0 / 2 () | working 2 / 2 (+ETHUSDT,+XRPUSDT)
2023-11-20 19:30:50,615
+ETHUSDT: bp5.0|+XRPUSDT: bp5.0|
2023-11-20 19:30:51,492
update 2: filled 0 / 2 () | working 2 / 2 (+ETHUSDT,+XRPUSDT)
2023-11-20 19:30:55,493
+ETHUSDT: bp5.0|+XRPUSDT: bp5.0|
2023-11-20 19:30:56,369
update 3: filled 0 / 2 () | working 2 / 2 (+ETHUSDT,+XRPUSDT)
2023-11-20 19:31:00,370
+ETHUSDT: bp6.0|+XRPUSDT: bp6.0|
2023-11-20 19:31:01,248
update 4: filled 0 / 2 () | working 2 / 2 (+ETHUSDT,+XRPUSDT)
2023-11-20 19:31:05,248
+ETHUSDT: bp7.0|+XRPUSDT: bp6.0|
2023-11-20 19:31:06,127
update 5: filled 0 / 2 () | working 2 / 2 (+ETHUSDT,+XRPUSDT)
2023-11-20 19:31:10,128
+ETHUSDT: bp10.0|+XRPUSDT: bp5.0|
2023-11-20 19:31:11,007
update 6: filled 0 / 2 () | working 2 / 2 (+ETHUSDT,+XRPUSDT)
2023-11-20 19:31:15,008
+ETHUSDT: bp10.0|+XRPUSDT: bp10.0|
2023-11-20 19:31:15,884
update 7: filled 0 / 2 () | working 2 / 2 (+ETHUSDT,+XRPUSDT)
2023-11-20 19:31:19,884
+ETHUSDT: bp10.0|+XRPUSDT: bp8.0|
2023-11-20 19:31:20,761
update 8: filled 0 / 2 () | working 2 / 2 (+ETHUSDT,+XRPUSDT)
2023-11-20 19:31:24,762
+ETHUSDT: bp12.0|+XRPUSDT: bp11.0|
2023-11-20 19:31:25,641
update 9: filled 0 / 2 () | working 2 / 2 (+ETHUSDT,+XRPUSDT)
2023-11-20 19:31:29,641
+ETHUSDT: bp12.0|+XRPUSDT: bp10.0|
2023-11-20 19:31:30,518
update 10: filled 0 / 2 () | working 2 / 2 (+ETHUSDT,+XRPUSDT)
2023-11-20 19:31:34,519
+ETHUSDT: bp12.0|+XRPUSDT: bp10.0|
2023-11-20 19:31:35,396
update 11: filled 0 / 2 () | working 2 / 2 (+ETHUSDT,+XRPUSDT)
2023-11-20 19:31:39,397
+ETHUSDT: bp12.0|+XRPUSDT: bp11.0|
2023-11-20 19:31:40,272
update 12: filled 0 / 2 () | working 2 / 2 (+ETHUSDT,+XRPUSDT)
2023-11-20 19:31:44,273
+ETHUSDT: bp12.0|+XRPUSDT: bp11.0|
2023-11-20 19:31:45,151
update 13: filled 0 / 2 () | working 2 / 2 (+ETHUSDT,+XRPUSDT)
2023-11-20 19:31:49,152
+ETHUSDT: bp12.0|+XRPUSDT: bp11.0|
2023-11-20 19:31:50,030
update 14: filled 0 / 2 () | working 2 / 2 (+ETHUSDT,+XRPUSDT)
2023-11-20 19:31:54,030
+ETHUSDT: bp12.0|+XRPUSDT: bp11.0|
2023-11-20 19:31:54,030
Adjustment limit #1 ... 
 we cancel current orders and replace
2023-11-20 19:31:54,030
@+/-2.5bp limit 
2023-11-20 19:31:54,030
binance_cancel_and_replace_orders_peg 20231120_193154
2023-11-20 19:31:55,351
binance_place_orders_peg 20231120_193155
2023-11-20 19:31:55,789
{'orderId': 8389765629430724895, 'symbol': 'ETHUSDT', 'status': 'NEW', 'clientOrderId': 'ILczaZAI0yxTWGA8I7EtZA', 'price': '2044.74', 'avgPrice': '0.00', 'origQty': '0.024', 'executedQty': '0.000', 'cumQty': '0.000', 'cumQuote': '0.00000', 'timeInForce': 'GTC', 'type': 'LIMIT', 'reduceOnly': False, 'closePosition': False, 'side': 'BUY', 'positionSide': 'BOTH', 'stopPrice': '0.00', 'workingType': 'CONTRACT_PRICE', 'priceProtect': False, 'origType': 'LIMIT', 'priceMatch': 'NONE', 'selfTradePreventionMode': 'NONE', 'goodTillDate': 0, 'updateTime': 1700508715677}
2023-11-20 19:31:56,231
{'orderId': 45350840908, 'symbol': 'XRPUSDT', 'status': 'NEW', 'clientOrderId': 'U4laAIDSHEkXyYyyGwUrR2', 'price': '0.6200', 'avgPrice': '0.00', 'origQty': '78.3', 'executedQty': '0.0', 'cumQty': '0.0', 'cumQuote': '0.00000', 'timeInForce': 'GTC', 'type': 'LIMIT', 'reduceOnly': False, 'closePosition': False, 'side': 'BUY', 'positionSide': 'BOTH', 'stopPrice': '0.0000', 'workingType': 'CONTRACT_PRICE', 'priceProtect': False, 'origType': 'LIMIT', 'priceMatch': 'NONE', 'selfTradePreventionMode': 'NONE', 'goodTillDate': 0, 'updateTime': 1700508716116}
2023-11-20 19:31:57,110
update 0: filled 0 / 2 () | working 2 / 2 (+ETHUSDT,+XRPUSDT)
2023-11-20 19:32:01,111
+ETHUSDT: bp2.0|+XRPUSDT: bp5.0|
2023-11-20 19:32:01,991
update 1: filled 0 / 2 () | working 2 / 2 (+ETHUSDT,+XRPUSDT)
2023-11-20 19:32:05,992
+ETHUSDT: bp3.0|+XRPUSDT: bp5.0|
2023-11-20 19:32:06,878
update 2: filled 0 / 2 () | working 2 / 2 (+ETHUSDT,+XRPUSDT)
2023-11-20 19:32:10,878
+ETHUSDT: bp2.0|+XRPUSDT: bp5.0|
2023-11-20 19:32:11,755
update 3: filled 0 / 2 () | working 2 / 2 (+ETHUSDT,+XRPUSDT)
2023-11-20 19:32:15,756
+ETHUSDT: bp3.0|+XRPUSDT: bp5.0|
2023-11-20 19:32:16,633
update 4: filled 0 / 2 () | working 2 / 2 (+ETHUSDT,+XRPUSDT)
2023-11-20 19:32:20,634
+ETHUSDT: bp2.0|+XRPUSDT: bp5.0|
2023-11-20 19:32:21,512
update 5: filled 0 / 2 () | working 2 / 2 (+ETHUSDT,+XRPUSDT)
2023-11-20 19:32:25,512
+ETHUSDT: bp2.0|+XRPUSDT: bp5.0|
2023-11-20 19:32:26,393
update 6: filled 1 / 2 (+ETHUSDT) | working 1 / 2 (+XRPUSDT)
2023-11-20 19:32:30,393
+XRPUSDT: bp3.0|
2023-11-20 19:32:31,271
update 7: filled 1 / 2 (+ETHUSDT) | working 1 / 2 (+XRPUSDT)
2023-11-20 19:32:35,272
+XRPUSDT: bp3.0|
2023-11-20 19:32:36,147
update 8: filled 1 / 2 (+ETHUSDT) | working 1 / 2 (+XRPUSDT)
2023-11-20 19:32:40,148
+XRPUSDT: bp2.0|
2023-11-20 19:32:41,024
update 9: filled 1 / 2 (+ETHUSDT) | working 1 / 2 (+XRPUSDT)
2023-11-20 19:32:45,025
+XRPUSDT: bp2.0|
2023-11-20 19:32:45,903
update 10: filled 2 / 2 (+ETHUSDT,+XRPUSDT) | working 0 / 2 ()
2023-11-20 19:32:51,899
Trades of the day
in$
as of: 20Nov 19:32>>19:32 (#trades: 2)
trade net: +98.0 (+33.7%), trade gross: +98.0 (+33.7%), BUY: +98.0 (+33.7%), SELL: +0.0 (+0.0%)
fees: $ 0.02 (2.0bp)
2023-11-20 19:32:52,356
Trades: 
Filled #2
______________________________________________
                   in$ | in bp 97 traded | in bp 291 AUMs
realizedPnl    +0      | +0      | +0     
PnLvsArrival   -0.02   | -2      | -1     
PnLvsLast      -0.06   | -6      | -2     
______________________________________________
                 | Value$ | PnL Arrival/Last 
______________________________________________
XRP:+78.3@0.62 | +49$ | -0/-0.01
ETH:+0.024@2044.74 | +49$ | -0.02/-0.05
2023-11-20 19:32:52,889
***************************
Positions after orders
***************************
2023-11-20 19:32:52,890
      symbol  qty_ptf    execP  ... adlQuantile   AUMs     w%
154  ETHUSDT    0.024  2044.74  ...           0  290.9  0.168
122  XRPUSDT   78.300     0.62  ...           0  290.9  0.167

[2 rows x 12 columns]
2023-11-20 19:32:52,898
***************************
2023-11-20 19:32:53,331
2 STOP orders will be placed
2023-11-20 19:32:53,331
@+/-500.0bp limit
2023-11-20 19:32:53,331
binance_place_orders_peg 20231120_193253
2023-11-20 19:32:53,769
{'orderId': 8389765629430887009, 'symbol': 'ETHUSDT', 'status': 'NEW', 'clientOrderId': 'Ld7nHM7tb0cjTMtiJkPFHR', 'price': '0.00', 'avgPrice': '0.00', 'origQty': '0.024', 'executedQty': '0.000', 'cumQty': '0.000', 'cumQuote': '0.00000', 'timeInForce': 'GTC', 'type': 'STOP_MARKET', 'reduceOnly': False, 'closePosition': False, 'side': 'SELL', 'positionSide': 'BOTH', 'stopPrice': '1939.55', 'workingType': 'CONTRACT_PRICE', 'priceProtect': False, 'origType': 'STOP_MARKET', 'priceMatch': 'NONE', 'selfTradePreventionMode': 'NONE', 'goodTillDate': 0, 'updateTime': 1700508773658}
2023-11-20 19:32:54,216
{'orderId': 45350888049, 'symbol': 'XRPUSDT', 'status': 'NEW', 'clientOrderId': 'z0uR0u52bs9K3v5wTzLARa', 'price': '0.0000', 'avgPrice': '0.00', 'origQty': '78.3', 'executedQty': '0.0', 'cumQty': '0.0', 'cumQuote': '0.00000', 'timeInForce': 'GTC', 'type': 'STOP_MARKET', 'reduceOnly': False, 'closePosition': False, 'side': 'SELL', 'positionSide': 'BOTH', 'stopPrice': '0.5883', 'workingType': 'CONTRACT_PRICE', 'priceProtect': False, 'origType': 'STOP_MARKET', 'priceMatch': 'NONE', 'selfTradePreventionMode': 'NONE', 'goodTillDate': 0, 'updateTime': 1700508774095}
