2024-01-01 20:30:32,864
ON program started 20240101 20:30:32,
US time: 20240101 15:30:32
2024-01-01 20:30:33,354
the strat is currently running @ 01-01-2024 and the target positions is LONG
2024-01-01 20:30:34,776
CURRENT STATUS IS LONG
-----
return before 14h30:
BTCUSDT+1.68%, ETHUSDT+2.08%, XRPUSDT+1.99%
-----
target alloc initial:BTCUSDT+16.67%, ETHUSDT+16.67%, XRPUSDT+16.67%
-----
alloc target x rt%<0:BTCUSDT+16.67%, ETHUSDT+16.67%, XRPUSDT+16.67%
-----
           BTCUSDT ETHUSDT XRPUSDT
w_target     16.7%   16.7%   16.7%
rt_14h30     0.02%   0.02%   0.02%
w_target_f   16.7%   16.7%   16.7%
2024-01-01 20:30:34,778
Portfolio was rebalanced less than 2 hours ago, 1.0 hours ago
2024-01-01 20:30:34,780
Status: prev = LONG <> LONG = target
2024-01-01 20:30:34,780
the strat is currently running @ 01-01-2024 and the target positions is LONG
the strat was previously run @ 2024-01-01 19:30:50 UTC, success:? 
   and the current positions is LONG
2024-01-01 20:30:36,033
positions_future #2
2024-01-01 20:30:36,033
      symbol  positionAmt entryPrice  ... adlQuantile AUMs_account        w%
135  ETHUSDT        0.021    2333.16  ...           1        290.1  0.169822
108  XRPUSDT       76.700     0.6259  ...           2        290.1  0.165851

[2 rows x 12 columns]
2024-01-01 20:30:36,273
------------------------------
binance_account_balance
2024-01-01 20:30:36,273
  asset     balance  ...  marginAvailable   updateTime
5  USDT  289.725607  ...             True  01Jan-19:33

[1 rows x 8 columns]
2024-01-01 20:30:36,942
------------------------------
open_orders
2024-01-01 20:30:36,942
Empty DataFrame
Columns: []
Index: []
2024-01-01 20:30:37,599
------------------------------
AUMS account:290

2024-01-01 20:30:37,600
--------------- compute_futures_order_book() ----------------
2024-01-01 20:30:39,154
----------------------------------------------------------------------
#0 order(s) to place
gross$: 0$ | net$: +0$
gross%: 0% | net%: +0%
 || w>0%  +0% | w<0%  0%
----------------------------------------------------------------------
PTF Expo% 33.4% >> 50.0% (current>>target)
PTF expo $97.0 >> $145 (current>>target)
----------------------------------------------------------------------
2024-01-01 20:30:39,156
orders_ofthe_day
2024-01-01 20:30:39,156
Empty DataFrame
Columns: [ptf_usd, target_usd, totrd_usd, posttrd_usd, qty, posttrd_qty, posttrd_w, bid, ask]
Index: []
2024-01-01 20:30:39,225
Orders of the day is empty, current and target potfolios are aligned
2024-01-01 20:30:39,226
Program stopped
