2024-10-01 19:30:43,371
ON program started 20241001 19:30:43,
US time: 20241001 15:30:43
2024-10-01 19:30:43,865
the strat is currently running @ 01-10-2024 and the target positions is LONG
2024-10-01 19:30:45,181
CURRENT STATUS IS LONG
-----
return before 14h30:
BTCUSDT-0.73%, ETHUSDT-0.83%, XRPUSDT+1.16%
-----
target alloc initial:BTCUSDT+16.67%, ETHUSDT+16.67%, XRPUSDT+16.67%
-----
alloc target x rt%<0:BTCUSDT+16.67%, ETHUSDT+16.67%, XRPUSDT+16.67%
-----
           BTCUSDT ETHUSDT XRPUSDT
w_target     16.7%   16.7%   16.7%
rt_14h30    -0.01%  -0.01%   0.01%
w_target_f   16.7%   16.7%   16.7%
2024-10-01 19:30:45,182
Portfolio was rebalanced less than 2 hours ago, 1.0 hours ago
2024-10-01 19:30:45,183
Status: prev = LONG <> LONG = target
2024-10-01 19:30:45,183
the strat is currently running @ 01-10-2024 and the target positions is LONG
the strat was previously run @ 2024-10-01 18:30:55, success:? 
   and the current positions is LONG
2024-10-01 19:30:46,324
positions_future #1
2024-10-01 19:30:46,324
      symbol  positionAmt entryPrice  ... adlQuantile AUMs_account        w%
147  XRPUSDT         81.4     0.6012  ...           2        292.6  0.170575

[1 rows x 12 columns]
2024-10-01 19:30:46,554
------------------------------
binance_account_balance
2024-10-01 19:30:46,554
  asset     balance  ...  marginAvailable   updateTime
4  USDT  291.663235  ...             True  01Oct-18:32

[1 rows x 8 columns]
2024-10-01 19:30:46,976
------------------------------
open_orders
2024-10-01 19:30:46,976
Empty DataFrame
Columns: []
Index: []
2024-10-01 19:30:47,585
------------------------------
AUMS account:292

2024-10-01 19:30:47,586
--------------- compute_futures_order_book() ----------------
2024-10-01 19:30:49,037
----------------------------------------------------------------------
#1 order(s) to place
gross$: 48$ | net$: +48$
gross%: 16% | net%: +16%
 || w>0%  +16% | w<0%  0%
----------------------------------------------------------------------
PTF Expo% 17.0% >> 50.0% (current>>target)
PTF expo $50.0 >> $146 (current>>target)
----------------------------------------------------------------------
2024-10-01 19:30:49,039
orders_ofthe_day
2024-10-01 19:30:49,039
                  ptf_usd  target_usd  totrd_usd  ...      bid      ask strategy
2024-10-01 19:30                                  ...                           
ETHUSDT               0.0       48.78       48.0  ...  2501.77  2501.78  STRATON

[1 rows x 10 columns]
2024-10-01 19:30:50,448
binance_place_orders_peg 20241001_193050
2024-10-01 19:30:50,858
{'orderId': 8389765740446152695, 'symbol': 'ETHUSDT', 'status': 'NEW', 'clientOrderId': 'STRATON', 'price': '2500.24', 'avgPrice': '0.00', 'origQty': '0.019', 'executedQty': '0.000', 'cumQty': '0.000', 'cumQuote': '0.00000', 'timeInForce': 'GTC', 'type': 'LIMIT', 'reduceOnly': False, 'closePosition': False, 'side': 'BUY', 'positionSide': 'BOTH', 'stopPrice': '0.00', 'workingType': 'CONTRACT_PRICE', 'priceProtect': False, 'origType': 'LIMIT', 'priceMatch': 'NONE', 'selfTradePreventionMode': 'NONE', 'goodTillDate': 0, 'updateTime': 1727811050756}
2024-10-01 19:30:51,930
update 0: filled 0 / 1 () | working 1 / 1 (+ETHUSDT)
2024-10-01 19:30:55,931
+ETHUSDT: bp7.0|
2024-10-01 19:30:56,344
update 1: filled 0 / 1 () | working 1 / 1 (+ETHUSDT)
2024-10-01 19:31:00,344
+ETHUSDT: bp4.0|
2024-10-01 19:31:00,756
update 2: filled 0 / 1 () | working 1 / 1 (+ETHUSDT)
2024-10-01 19:31:04,757
+ETHUSDT: bp4.0|
2024-10-01 19:31:05,168
update 3: filled 0 / 1 () | working 1 / 1 (+ETHUSDT)
2024-10-01 19:31:09,168
+ETHUSDT: bp4.0|
2024-10-01 19:31:09,579
update 4: filled 0 / 1 () | working 1 / 1 (+ETHUSDT)
2024-10-01 19:31:13,579
+ETHUSDT: bp5.0|
2024-10-01 19:31:13,992
update 5: filled 0 / 1 () | working 1 / 1 (+ETHUSDT)
2024-10-01 19:31:17,992
+ETHUSDT: bp2.0|
2024-10-01 19:31:18,404
update 6: filled 0 / 1 () | working 1 / 1 (+ETHUSDT)
2024-10-01 19:31:22,404
+ETHUSDT: bp3.0|
2024-10-01 19:31:22,816
update 7: filled 0 / 1 () | working 1 / 1 (+ETHUSDT)
2024-10-01 19:31:26,817
+ETHUSDT: bp12.0|
2024-10-01 19:31:27,228
update 8: filled 0 / 1 () | working 1 / 1 (+ETHUSDT)
2024-10-01 19:31:31,229
+ETHUSDT: bp10.0|
2024-10-01 19:31:31,640
update 9: filled 0 / 1 () | working 1 / 1 (+ETHUSDT)
2024-10-01 19:31:35,641
+ETHUSDT: bp7.0|
2024-10-01 19:31:36,053
update 10: filled 0 / 1 () | working 1 / 1 (+ETHUSDT)
2024-10-01 19:31:40,054
+ETHUSDT: bp2.0|
2024-10-01 19:31:40,464
update 11: filled 0 / 1 () | working 1 / 1 (+ETHUSDT)
2024-10-01 19:31:44,465
+ETHUSDT: bp3.0|
2024-10-01 19:31:44,876
update 12: filled 0 / 1 () | working 1 / 1 (+ETHUSDT)
2024-10-01 19:31:48,877
+ETHUSDT: bp0.0|
2024-10-01 19:31:49,288
update 13: filled 1 / 1 (+ETHUSDT) | working 0 / 1 ()
2024-10-01 19:31:54,752
Trades of the day
in$
as of: 01Oct 18:32>>19:31 (#trades: 2)
trade net: +96.0 (+32.8%), trade gross: +96.0 (+32.8%), BUY: +96.0 (+32.8%), SELL: +0.0 (+0.0%)
fees: $ 0.019 (2.0bp)
2024-10-01 19:31:55,176
Trades: 
Filled #2
______________________________________________
                   in$ | in bp 96 traded | in bp 292 AUMs
realizedPnl    +0      | +0      | +0     
PnLvsArrival   +0.03   | +3      | +1     
PnLvsLast      +0.76   | +79     | +26    
______________________________________________
                 | Value$ | PnL Arrival/Last 
______________________________________________
ETH:+0.019@2500.24 | +48$ | 0.03/-0.01
XRP:+81.4@0.6012 | +49$ | nan/0.77
