2024-02-25 20:30:54,834
ON program started 20240225 20:30:54,
US time: 20240225 15:30:54
2024-02-25 20:30:56,048
the strat is currently running @ 25-02-2024 and the target positions is LONG
2024-02-25 20:30:57,489
CURRENT STATUS IS LONG
-----
return before 14h30:
BTCUSDT+0.09%, ETHUSDT+1.52%, XRPUSDT-0.22%
-----
target alloc initial:BTCUSDT+16.67%, ETHUSDT+16.67%, XRPUSDT+16.67%
-----
alloc target x rt%<0:BTCUSDT+16.67%, ETHUSDT+16.67%, XRPUSDT+16.67%
-----
           BTCUSDT ETHUSDT XRPUSDT
w_target     16.7%   16.7%   16.7%
rt_14h30     0.00%   0.02%  -0.00%
w_target_f   16.7%   16.7%   16.7%
2024-02-25 20:30:57,490
Portfolio was rebalanced less than 2 hours ago, 1.0 hours ago
2024-02-25 20:30:57,491
Status: prev = LONG <> LONG = target
2024-02-25 20:30:57,492
the strat is currently running @ 25-02-2024 and the target positions is LONG
the strat was previously run @ 2024-02-25 19:30:47, success:? 
   and the current positions is LONG
2024-02-25 20:30:58,068
positions_future #2
2024-02-25 20:30:58,068
      symbol  positionAmt entryPrice  ... adlQuantile AUMs_account        w%
152  ETHUSDT        0.016    3082.35  ...           2        293.6  0.169501
122  XRPUSDT       89.900      0.545  ...           2        293.6  0.167518

[2 rows x 12 columns]
2024-02-25 20:30:58,324
------------------------------
binance_account_balance
2024-02-25 20:30:58,324
  asset     balance  ...  marginAvailable   updateTime
5  USDT  292.932169  ...             True  25Feb-19:32

[1 rows x 8 columns]
2024-02-25 20:30:59,002
------------------------------
open_orders
2024-02-25 20:30:59,003
Empty DataFrame
Columns: []
Index: []
2024-02-25 20:31:00,096
------------------------------
AUMS account:293

2024-02-25 20:31:00,098
--------------- compute_futures_order_book() ----------------
2024-02-25 20:31:01,887
----------------------------------------------------------------------
#0 order(s) to place
gross$: 0$ | net$: +0$
gross%: 0% | net%: +0%
 || w>0%  +0% | w<0%  0%
----------------------------------------------------------------------
PTF Expo% 33.7% >> 50.0% (current>>target)
PTF expo $99.0 >> $146 (current>>target)
----------------------------------------------------------------------
2024-02-25 20:31:01,889
orders_ofthe_day
2024-02-25 20:31:01,889
Empty DataFrame
Columns: [ptf_usd, target_usd, totrd_usd, posttrd_usd, qty, posttrd_qty, posttrd_w, bid, ask, strategy]
Index: []
2024-02-25 20:31:01,953
Orders of the day is empty, current and target potfolios are aligned
2024-02-25 20:31:01,953
Program stopped
