2024-07-21 18:30:28,821
ON program started 20240721 18:30:28,
US time: 20240721 14:30:28
2024-07-21 18:30:29,774
the strat is currently running @ 21-07-2024 and the target positions is LONG
2024-07-21 18:30:31,126
CURRENT STATUS IS LONG
-----
return before 14h30:
BTCUSDT-0.57%, ETHUSDT-0.75%, XRPUSDT-2.68%
-----
target alloc initial:BTCUSDT+16.67%, ETHUSDT+16.67%, XRPUSDT+16.67%
-----
alloc target x rt%<0:BTCUSDT+16.67%, ETHUSDT+16.67%, XRPUSDT+16.67%
-----
           BTCUSDT ETHUSDT XRPUSDT
w_target     16.7%   16.7%   16.7%
rt_14h30    -0.01%  -0.01%  -0.03%
w_target_f   16.7%   16.7%   16.7%
2024-07-21 18:30:31,127
Portfolio was rebalanced less than 2 hours ago, 15.0 hours ago
2024-07-21 18:30:31,129
Status: prev = LONG <> NEUTRAL = target
2024-07-21 18:30:31,129
the strat is currently running @ 21-07-2024 and the target positions is LONG
the strat was previously run @ 2024-07-21 03:31:11, success:yes 
   and the current positions is NEUTRAL
2024-07-21 18:30:31,720
positions_future #0
2024-07-21 18:30:31,720
Empty DataFrame
Columns: [symbol, positionAmt, entryPrice, breakEvenPrice, markPrice, unRealizedProfit, value_usd, updateTime, isolated, adlQuantile, AUMs_account, w%]
Index: []
2024-07-21 18:30:31,938
------------------------------
binance_account_balance
2024-07-21 18:30:31,938
  asset     balance  ...  marginAvailable   updateTime
4  USDT  293.101409  ...             True  20Jul-22:35

[1 rows x 8 columns]
2024-07-21 18:30:32,165
------------------------------
open_orders
2024-07-21 18:30:32,165
Empty DataFrame
Columns: []
Index: []
2024-07-21 18:30:33,595
------------------------------
AUMS account:293

2024-07-21 18:30:33,597
--------------- compute_futures_order_book() ----------------
2024-07-21 18:30:35,689
----------------------------------------------------------------------
#2 order(s) to place
gross$: 98$ | net$: +98$
gross%: 33% | net%: +33%
 || w>0%  +33% | w<0%  0%
----------------------------------------------------------------------
PTF Expo% 0.0% >> 50.0% (current>>target)
PTF expo $0.0 >> $146 (current>>target)
----------------------------------------------------------------------
2024-07-21 18:30:35,691
orders_ofthe_day
2024-07-21 18:30:35,691
                  ptf_usd  target_usd  totrd_usd  ...        bid       ask strategy
2024-07-21 18:30                                  ...                              
ETHUSDT               0.0       48.86       49.0  ...  3465.6000  3465.610  STRATON
XRPUSDT               0.0       48.86       49.0  ...     0.5859     0.586  STRATON

[2 rows x 10 columns]
2024-07-21 18:30:37,567
binance_place_orders_peg 20240721_183037
2024-07-21 18:30:38,395
{'orderId': 8389765704136624286, 'symbol': 'ETHUSDT', 'status': 'NEW', 'clientOrderId': 'STRATON', 'price': '3462.49', 'avgPrice': '0.00', 'origQty': '0.014', 'executedQty': '0.000', 'cumQty': '0.000', 'cumQuote': '0.00000', 'timeInForce': 'GTC', 'type': 'LIMIT', 'reduceOnly': False, 'closePosition': False, 'side': 'BUY', 'positionSide': 'BOTH', 'stopPrice': '0.00', 'workingType': 'CONTRACT_PRICE', 'priceProtect': False, 'origType': 'LIMIT', 'priceMatch': 'NONE', 'selfTradePreventionMode': 'NONE', 'goodTillDate': 0, 'updateTime': 1721586638291}
2024-07-21 18:30:38,826
{'orderId': 61065739678, 'symbol': 'XRPUSDT', 'status': 'NEW', 'clientOrderId': 'STRATON', 'price': '0.5853', 'avgPrice': '0.00', 'origQty': '83.6', 'executedQty': '0.0', 'cumQty': '0.0', 'cumQuote': '0.00000', 'timeInForce': 'GTC', 'type': 'LIMIT', 'reduceOnly': False, 'closePosition': False, 'side': 'BUY', 'positionSide': 'BOTH', 'stopPrice': '0.0000', 'workingType': 'CONTRACT_PRICE', 'priceProtect': False, 'origType': 'LIMIT', 'priceMatch': 'NONE', 'selfTradePreventionMode': 'NONE', 'goodTillDate': 0, 'updateTime': 1721586638722}
2024-07-21 18:30:40,318
update 0: filled 0 / 2 () | working 2 / 2 (+ETHUSDT,+XRPUSDT)
2024-07-21 18:30:44,319
+ETHUSDT: bp10.0|+XRPUSDT: bp10.0|
2024-07-21 18:30:45,152
update 1: filled 0 / 2 () | working 2 / 2 (+ETHUSDT,+XRPUSDT)
2024-07-21 18:30:49,153
+ETHUSDT: bp6.0|+XRPUSDT: bp5.0|
2024-07-21 18:30:49,981
update 2: filled 0 / 2 () | working 2 / 2 (+ETHUSDT,+XRPUSDT)
2024-07-21 18:30:53,982
+ETHUSDT: bp3.0|+XRPUSDT: bp9.0|
2024-07-21 18:30:54,903
update 3: filled 0 / 2 () | working 2 / 2 (+ETHUSDT,+XRPUSDT)
2024-07-21 18:30:58,904
+ETHUSDT: bp1.0|+XRPUSDT: bp17.0|
2024-07-21 18:30:59,737
update 4: filled 0 / 2 () | working 2 / 2 (+ETHUSDT,+XRPUSDT)
2024-07-21 18:31:03,737
+ETHUSDT: bp7.0|+XRPUSDT: bp17.0|
2024-07-21 18:31:04,590
update 5: filled 0 / 2 () | working 2 / 2 (+ETHUSDT,+XRPUSDT)
2024-07-21 18:31:08,590
+ETHUSDT: bp7.0|+XRPUSDT: bp27.0|
2024-07-21 18:31:09,429
update 6: filled 0 / 2 () | working 2 / 2 (+ETHUSDT,+XRPUSDT)
2024-07-21 18:31:13,429
+ETHUSDT: bp13.0|+XRPUSDT: bp36.0|
2024-07-21 18:31:14,267
update 7: filled 0 / 2 () | working 2 / 2 (+ETHUSDT,+XRPUSDT)
2024-07-21 18:31:18,268
+ETHUSDT: bp24.0|+XRPUSDT: bp37.0|
2024-07-21 18:31:19,100
update 8: filled 0 / 2 () | working 2 / 2 (+ETHUSDT,+XRPUSDT)
2024-07-21 18:31:23,100
+ETHUSDT: bp32.0|+XRPUSDT: bp37.0|
2024-07-21 18:31:23,950
update 9: filled 0 / 2 () | working 2 / 2 (+ETHUSDT,+XRPUSDT)
2024-07-21 18:31:27,951
+ETHUSDT: bp34.0|+XRPUSDT: bp36.0|
2024-07-21 18:31:28,881
update 10: filled 0 / 2 () | working 2 / 2 (+ETHUSDT,+XRPUSDT)
2024-07-21 18:31:32,882
+ETHUSDT: bp40.0|+XRPUSDT: bp48.0|
2024-07-21 18:31:33,712
update 11: filled 0 / 2 () | working 2 / 2 (+ETHUSDT,+XRPUSDT)
2024-07-21 18:31:37,713
+ETHUSDT: bp40.0|+XRPUSDT: bp48.0|
2024-07-21 18:31:38,544
update 12: filled 0 / 2 () | working 2 / 2 (+ETHUSDT,+XRPUSDT)
2024-07-21 18:31:42,545
+ETHUSDT: bp44.0|+XRPUSDT: bp51.0|
2024-07-21 18:31:43,402
update 13: filled 0 / 2 () | working 2 / 2 (+ETHUSDT,+XRPUSDT)
2024-07-21 18:31:47,403
+ETHUSDT: bp47.0|+XRPUSDT: bp48.0|
2024-07-21 18:31:48,239
update 14: filled 0 / 2 () | working 2 / 2 (+ETHUSDT,+XRPUSDT)
2024-07-21 18:31:52,240
+ETHUSDT: bp41.0|+XRPUSDT: bp51.0|
2024-07-21 18:31:52,240
Adjustment limit #1 ... 
 we cancel current orders and replace
2024-07-21 18:31:52,240
@+/-2.5bp limit 
2024-07-21 18:31:52,240
binance_cancel_and_replace_orders_peg 20240721_183152
2024-07-21 18:31:55,121
binance_place_orders_peg 20240721_183155
2024-07-21 18:31:55,934
{'orderId': 8389765704137138586, 'symbol': 'ETHUSDT', 'status': 'NEW', 'clientOrderId': 'STRATON', 'price': '3477.47', 'avgPrice': '0.00', 'origQty': '0.014', 'executedQty': '0.000', 'cumQty': '0.000', 'cumQuote': '0.00000', 'timeInForce': 'GTC', 'type': 'LIMIT', 'reduceOnly': False, 'closePosition': False, 'side': 'BUY', 'positionSide': 'BOTH', 'stopPrice': '0.00', 'workingType': 'CONTRACT_PRICE', 'priceProtect': False, 'origType': 'LIMIT', 'priceMatch': 'NONE', 'selfTradePreventionMode': 'NONE', 'goodTillDate': 0, 'updateTime': 1721586715830}
2024-07-21 18:31:56,743
{'orderId': 61065838817, 'symbol': 'XRPUSDT', 'status': 'NEW', 'clientOrderId': 'STRATON', 'price': '0.5887', 'avgPrice': '0.00', 'origQty': '83.6', 'executedQty': '0.0', 'cumQty': '0.0', 'cumQuote': '0.00000', 'timeInForce': 'GTC', 'type': 'LIMIT', 'reduceOnly': False, 'closePosition': False, 'side': 'BUY', 'positionSide': 'BOTH', 'stopPrice': '0.0000', 'workingType': 'CONTRACT_PRICE', 'priceProtect': False, 'origType': 'LIMIT', 'priceMatch': 'NONE', 'selfTradePreventionMode': 'NONE', 'goodTillDate': 0, 'updateTime': 1721586716639}
2024-07-21 18:31:57,576
update 0: filled 0 / 2 () | working 2 / 2 (+ETHUSDT,+XRPUSDT)
2024-07-21 18:32:01,577
+ETHUSDT: bp2.0|+XRPUSDT: bp3.0|
2024-07-21 18:32:02,432
update 1: filled 0 / 2 () | working 2 / 2 (+ETHUSDT,+XRPUSDT)
2024-07-21 18:32:06,432
+ETHUSDT: bp4.0|+XRPUSDT: bp2.0|
2024-07-21 18:32:07,369
update 2: filled 1 / 2 (+XRPUSDT) | working 1 / 2 (+ETHUSDT)
2024-07-21 18:32:11,370
+ETHUSDT: bp7.0|
2024-07-21 18:32:12,199
update 3: filled 2 / 2 (+ETHUSDT,+XRPUSDT) | working 0 / 2 ()
2024-07-21 18:32:18,953
Trades of the day
in$
as of: 21Jul 18:32>>18:32 (#trades: 2)
trade net: +98.0 (+33.4%), trade gross: +98.0 (+33.4%), BUY: +98.0 (+33.4%), SELL: +0.0 (+0.0%)
fees: $ 0.02 (2.0bp)
2024-07-21 18:32:19,378
Trades: 
Filled #2
______________________________________________
                   in$ | in bp 97 traded | in bp 293 AUMs
realizedPnl    +0      | +0      | +0     
PnLvsArrival   -0.4    | -41     | -14    
PnLvsLast      -0.04   | -4      | -1     
______________________________________________
                 | Value$ | PnL Arrival/Last 
______________________________________________
ETH:+0.014@3477.47 | +49$ | -0.17/0
XRP:+83.6@0.5887 | +49$ | -0.23/-0.04
