2024-07-12 18:30:58,947
ON program started 20240712 18:30:58,
US time: 20240712 14:30:58
2024-07-12 18:30:59,600
the strat is currently running @ 12-07-2024 and the target positions is LONG
2024-07-12 18:31:00,916
CURRENT STATUS IS LONG
-----
return before 14h30:
BTCUSDT+0.89%, ETHUSDT+0.63%, XRPUSDT+3.74%
-----
target alloc initial:BTCUSDT+16.67%, ETHUSDT+16.67%, XRPUSDT+16.67%
-----
alloc target x rt%<0:BTCUSDT+16.67%, ETHUSDT+16.67%, XRPUSDT+16.67%
-----
           BTCUSDT ETHUSDT XRPUSDT
w_target     16.7%   16.7%   16.7%
rt_14h30     0.01%   0.01%   0.04%
w_target_f   16.7%   16.7%   16.7%
2024-07-12 18:31:00,917
Portfolio was rebalanced less than 2 hours ago, 15.0 hours ago
2024-07-12 18:31:00,919
Status: prev = LONG <> NEUTRAL = target
2024-07-12 18:31:00,919
the strat is currently running @ 12-07-2024 and the target positions is LONG
the strat was previously run @ 2024-07-12 03:30:38, success:yes 
   and the current positions is NEUTRAL
2024-07-12 18:31:02,034
positions_future #0
2024-07-12 18:31:02,034
Empty DataFrame
Columns: [symbol, positionAmt, entryPrice, breakEvenPrice, markPrice, unRealizedProfit, value_usd, updateTime, isolated, adlQuantile, AUMs_account, w%]
Index: []
2024-07-12 18:31:02,243
------------------------------
binance_account_balance
2024-07-12 18:31:02,243
  asset     balance  ...  marginAvailable   updateTime
4  USDT  292.696289  ...             True  11Jul-22:31

[1 rows x 8 columns]
2024-07-12 18:31:02,459
------------------------------
open_orders
2024-07-12 18:31:02,459
Empty DataFrame
Columns: []
Index: []
2024-07-12 18:31:03,069
------------------------------
AUMS account:292

2024-07-12 18:31:03,071
--------------- compute_futures_order_book() ----------------
2024-07-12 18:31:04,519
----------------------------------------------------------------------
#2 order(s) to place
gross$: 99$ | net$: +99$
gross%: 34% | net%: +34%
 || w>0%  +34% | w<0%  0%
----------------------------------------------------------------------
PTF Expo% 0.0% >> 50.0% (current>>target)
PTF expo $0.0 >> $146 (current>>target)
----------------------------------------------------------------------
2024-07-12 18:31:04,520
orders_ofthe_day
2024-07-12 18:31:04,520
                  ptf_usd  target_usd  totrd_usd  ...        bid        ask strategy
2024-07-12 18:31                                  ...                               
ETHUSDT               0.0       48.79       50.0  ...  3132.3400  3132.3500  STRATON
XRPUSDT               0.0       48.79       49.0  ...     0.4691     0.4692  STRATON

[2 rows x 10 columns]
2024-07-12 18:31:06,161
binance_place_orders_peg 20240712_183106
2024-07-12 18:31:06,570
{'orderId': 8389765700866605900, 'symbol': 'ETHUSDT', 'status': 'NEW', 'clientOrderId': 'STRATON', 'price': '3130.43', 'avgPrice': '0.00', 'origQty': '0.016', 'executedQty': '0.000', 'cumQty': '0.000', 'cumQuote': '0.00000', 'timeInForce': 'GTC', 'type': 'LIMIT', 'reduceOnly': False, 'closePosition': False, 'side': 'BUY', 'positionSide': 'BOTH', 'stopPrice': '0.00', 'workingType': 'CONTRACT_PRICE', 'priceProtect': False, 'origType': 'LIMIT', 'priceMatch': 'NONE', 'selfTradePreventionMode': 'NONE', 'goodTillDate': 0, 'updateTime': 1720809066467}
2024-07-12 18:31:06,978
{'orderId': 60342956898, 'symbol': 'XRPUSDT', 'status': 'NEW', 'clientOrderId': 'STRATON', 'price': '0.4690', 'avgPrice': '0.00', 'origQty': '104.5', 'executedQty': '0.0', 'cumQty': '0.0', 'cumQuote': '0.00000', 'timeInForce': 'GTC', 'type': 'LIMIT', 'reduceOnly': False, 'closePosition': False, 'side': 'BUY', 'positionSide': 'BOTH', 'stopPrice': '0.0000', 'workingType': 'CONTRACT_PRICE', 'priceProtect': False, 'origType': 'LIMIT', 'priceMatch': 'NONE', 'selfTradePreventionMode': 'NONE', 'goodTillDate': 0, 'updateTime': 1720809066875}
2024-07-12 18:31:08,441
update 0: filled 0 / 2 () | working 2 / 2 (+ETHUSDT,+XRPUSDT)
2024-07-12 18:31:12,441
+ETHUSDT: bp6.0|+XRPUSDT: bp2.0|
2024-07-12 18:31:13,256
update 1: filled 0 / 2 () | working 2 / 2 (+ETHUSDT,+XRPUSDT)
2024-07-12 18:31:17,257
+ETHUSDT: bp5.0|+XRPUSDT: bp6.0|
2024-07-12 18:31:18,073
update 2: filled 0 / 2 () | working 2 / 2 (+ETHUSDT,+XRPUSDT)
2024-07-12 18:31:22,073
+ETHUSDT: bp7.0|+XRPUSDT: bp4.0|
2024-07-12 18:31:22,893
update 3: filled 0 / 2 () | working 2 / 2 (+ETHUSDT,+XRPUSDT)
2024-07-12 18:31:26,893
+ETHUSDT: bp9.0|+XRPUSDT: bp6.0|
2024-07-12 18:31:27,708
update 4: filled 0 / 2 () | working 2 / 2 (+ETHUSDT,+XRPUSDT)
2024-07-12 18:31:31,709
+ETHUSDT: bp9.0|+XRPUSDT: bp2.0|
2024-07-12 18:31:32,523
update 5: filled 1 / 2 (+XRPUSDT) | working 1 / 2 (+ETHUSDT)
2024-07-12 18:31:36,524
+ETHUSDT: bp9.0|
2024-07-12 18:31:37,339
update 6: filled 1 / 2 (+XRPUSDT) | working 1 / 2 (+ETHUSDT)
2024-07-12 18:31:41,340
+ETHUSDT: bp9.0|
2024-07-12 18:31:42,154
update 7: filled 1 / 2 (+XRPUSDT) | working 1 / 2 (+ETHUSDT)
2024-07-12 18:31:46,155
+ETHUSDT: bp9.0|
2024-07-12 18:31:46,969
update 8: filled 1 / 2 (+XRPUSDT) | working 1 / 2 (+ETHUSDT)
2024-07-12 18:31:50,970
+ETHUSDT: bp10.0|
2024-07-12 18:31:51,793
update 9: filled 1 / 2 (+XRPUSDT) | working 1 / 2 (+ETHUSDT)
2024-07-12 18:31:55,793
+ETHUSDT: bp10.0|
2024-07-12 18:31:56,608
update 10: filled 1 / 2 (+XRPUSDT) | working 1 / 2 (+ETHUSDT)
2024-07-12 18:32:00,609
+ETHUSDT: bp6.0|
2024-07-12 18:32:01,424
update 11: filled 1 / 2 (+XRPUSDT) | working 1 / 2 (+ETHUSDT)
2024-07-12 18:32:05,425
+ETHUSDT: bp6.0|
2024-07-12 18:32:06,239
update 12: filled 1 / 2 (+XRPUSDT) | working 1 / 2 (+ETHUSDT)
2024-07-12 18:32:10,240
+ETHUSDT: bp6.0|
2024-07-12 18:32:11,063
update 13: filled 1 / 2 (+XRPUSDT) | working 1 / 2 (+ETHUSDT)
2024-07-12 18:32:15,064
+ETHUSDT: bp5.0|
2024-07-12 18:32:15,880
update 14: filled 1 / 2 (+XRPUSDT) | working 1 / 2 (+ETHUSDT)
2024-07-12 18:32:19,881
+ETHUSDT: bp5.0|
2024-07-12 18:32:19,881
Adjustment limit #1 ... 
 we cancel current orders and replace
2024-07-12 18:32:19,881
@+/-2.5bp limit 
2024-07-12 18:32:19,881
binance_cancel_and_replace_orders_peg 20240712_183219
2024-07-12 18:32:21,314
binance_place_orders_peg 20240712_183221
2024-07-12 18:32:21,725
{'orderId': 8389765700867000576, 'symbol': 'ETHUSDT', 'status': 'NEW', 'clientOrderId': 'STRATON', 'price': '3131.32', 'avgPrice': '0.00', 'origQty': '0.016', 'executedQty': '0.000', 'cumQty': '0.000', 'cumQuote': '0.00000', 'timeInForce': 'GTC', 'type': 'LIMIT', 'reduceOnly': False, 'closePosition': False, 'side': 'BUY', 'positionSide': 'BOTH', 'stopPrice': '0.00', 'workingType': 'CONTRACT_PRICE', 'priceProtect': False, 'origType': 'LIMIT', 'priceMatch': 'NONE', 'selfTradePreventionMode': 'NONE', 'goodTillDate': 0, 'updateTime': 1720809141623}
2024-07-12 18:32:22,548
update 0: filled 1 / 2 (+XRPUSDT) | working 1 / 2 (+ETHUSDT)
2024-07-12 18:32:26,548
+ETHUSDT: bp2.0|
2024-07-12 18:32:27,369
update 1: filled 1 / 2 (+XRPUSDT) | working 1 / 2 (+ETHUSDT)
2024-07-12 18:32:31,370
+ETHUSDT: bp2.0|
2024-07-12 18:32:32,186
update 2: filled 1 / 2 (+XRPUSDT) | working 1 / 2 (+ETHUSDT)
2024-07-12 18:32:36,186
+ETHUSDT: bp4.0|
2024-07-12 18:32:37,000
update 3: filled 1 / 2 (+XRPUSDT) | working 1 / 2 (+ETHUSDT)
2024-07-12 18:32:41,001
+ETHUSDT: bp4.0|
2024-07-12 18:32:41,816
update 4: filled 1 / 2 (+XRPUSDT) | working 1 / 2 (+ETHUSDT)
2024-07-12 18:32:45,817
+ETHUSDT: bp5.0|
2024-07-12 18:32:46,632
update 5: filled 1 / 2 (+XRPUSDT) | working 1 / 2 (+ETHUSDT)
2024-07-12 18:32:50,632
+ETHUSDT: bp5.0|
2024-07-12 18:32:51,455
update 6: filled 1 / 2 (+XRPUSDT) | working 1 / 2 (+ETHUSDT)
2024-07-12 18:32:55,456
+ETHUSDT: bp5.0|
2024-07-12 18:32:56,270
update 7: filled 1 / 2 (+XRPUSDT) | working 1 / 2 (+ETHUSDT)
2024-07-12 18:33:00,271
+ETHUSDT: bp5.0|
2024-07-12 18:33:01,086
update 8: filled 1 / 2 (+XRPUSDT) | working 1 / 2 (+ETHUSDT)
2024-07-12 18:33:05,087
+ETHUSDT: bp5.0|
2024-07-12 18:33:05,914
update 9: filled 1 / 2 (+XRPUSDT) | working 1 / 2 (+ETHUSDT)
2024-07-12 18:33:09,915
+ETHUSDT: bp10.0|
2024-07-12 18:33:10,740
update 10: filled 1 / 2 (+XRPUSDT) | working 1 / 2 (+ETHUSDT)
2024-07-12 18:33:14,741
+ETHUSDT: bp10.0|
2024-07-12 18:33:15,560
update 11: filled 1 / 2 (+XRPUSDT) | working 1 / 2 (+ETHUSDT)
2024-07-12 18:33:19,560
+ETHUSDT: bp11.0|
2024-07-12 18:33:20,375
update 12: filled 1 / 2 (+XRPUSDT) | working 1 / 2 (+ETHUSDT)
2024-07-12 18:33:24,376
+ETHUSDT: bp11.0|
2024-07-12 18:33:25,204
update 13: filled 1 / 2 (+XRPUSDT) | working 1 / 2 (+ETHUSDT)
2024-07-12 18:33:29,205
+ETHUSDT: bp11.0|
2024-07-12 18:33:30,019
update 14: filled 1 / 2 (+XRPUSDT) | working 1 / 2 (+ETHUSDT)
2024-07-12 18:33:34,019
+ETHUSDT: bp11.0|
2024-07-12 18:33:34,019
Adjustment limit #2 ... 
 we cancel current orders and replace
2024-07-12 18:33:34,019
@+/-1.25bp limit 
2024-07-12 18:33:34,019
binance_cancel_and_replace_orders_peg 20240712_183334
2024-07-12 18:33:35,447
binance_place_orders_peg 20240712_183335
2024-07-12 18:33:35,853
{'orderId': 8389765700867348540, 'symbol': 'ETHUSDT', 'status': 'NEW', 'clientOrderId': 'STRATON', 'price': '3135.99', 'avgPrice': '0.00', 'origQty': '0.016', 'executedQty': '0.000', 'cumQty': '0.000', 'cumQuote': '0.00000', 'timeInForce': 'GTC', 'type': 'LIMIT', 'reduceOnly': False, 'closePosition': False, 'side': 'BUY', 'positionSide': 'BOTH', 'stopPrice': '0.00', 'workingType': 'CONTRACT_PRICE', 'priceProtect': False, 'origType': 'LIMIT', 'priceMatch': 'NONE', 'selfTradePreventionMode': 'NONE', 'goodTillDate': 0, 'updateTime': 1720809215751}
2024-07-12 18:33:36,677
update 0: filled 1 / 2 (+XRPUSDT) | working 1 / 2 (+ETHUSDT)
2024-07-12 18:33:40,678
+ETHUSDT: bp2.0|
2024-07-12 18:33:41,498
update 1: filled 1 / 2 (+XRPUSDT) | working 1 / 2 (+ETHUSDT)
2024-07-12 18:33:45,498
+ETHUSDT: bp1.0|
2024-07-12 18:33:46,313
update 2: filled 1 / 2 (+XRPUSDT) | working 1 / 2 (+ETHUSDT)
2024-07-12 18:33:50,314
+ETHUSDT: bp3.0|
2024-07-12 18:33:51,129
update 3: filled 1 / 2 (+XRPUSDT) | working 1 / 2 (+ETHUSDT)
2024-07-12 18:33:55,129
+ETHUSDT: bp3.0|
2024-07-12 18:33:55,953
update 4: filled 1 / 2 (+XRPUSDT) | working 1 / 2 (+ETHUSDT)
2024-07-12 18:33:59,954
+ETHUSDT: bp6.0|
2024-07-12 18:34:00,769
update 5: filled 1 / 2 (+XRPUSDT) | working 1 / 2 (+ETHUSDT)
2024-07-12 18:34:04,769
+ETHUSDT: bp6.0|
2024-07-12 18:34:05,588
update 6: filled 1 / 2 (+XRPUSDT) | working 1 / 2 (+ETHUSDT)
2024-07-12 18:34:09,588
+ETHUSDT: bp6.0|
2024-07-12 18:34:10,403
update 7: filled 1 / 2 (+XRPUSDT) | working 1 / 2 (+ETHUSDT)
2024-07-12 18:34:14,403
+ETHUSDT: bp7.0|
2024-07-12 18:34:15,220
update 8: filled 1 / 2 (+XRPUSDT) | working 1 / 2 (+ETHUSDT)
2024-07-12 18:34:19,221
+ETHUSDT: bp6.0|
2024-07-12 18:34:20,036
update 9: filled 1 / 2 (+XRPUSDT) | working 1 / 2 (+ETHUSDT)
2024-07-12 18:34:24,037
+ETHUSDT: bp6.0|
2024-07-12 18:34:24,856
update 10: filled 1 / 2 (+XRPUSDT) | working 1 / 2 (+ETHUSDT)
2024-07-12 18:34:28,857
+ETHUSDT: bp3.0|
2024-07-12 18:34:29,676
update 11: filled 1 / 2 (+XRPUSDT) | working 1 / 2 (+ETHUSDT)
2024-07-12 18:34:33,677
+ETHUSDT: bp5.0|
2024-07-12 18:34:34,490
update 12: filled 1 / 2 (+XRPUSDT) | working 1 / 2 (+ETHUSDT)
2024-07-12 18:34:38,491
+ETHUSDT: bp10.0|
2024-07-12 18:34:39,313
update 13: filled 1 / 2 (+XRPUSDT) | working 1 / 2 (+ETHUSDT)
2024-07-12 18:34:43,313
+ETHUSDT: bp10.0|
2024-07-12 18:34:44,129
update 14: filled 1 / 2 (+XRPUSDT) | working 1 / 2 (+ETHUSDT)
2024-07-12 18:34:48,130
+ETHUSDT: bp13.0|
2024-07-12 18:34:48,130
Adjustment limit #3 ... 
 we cancel current orders and replace
2024-07-12 18:34:48,131
@+/-0.625bp limit 
2024-07-12 18:34:48,131
binance_cancel_and_replace_orders_peg 20240712_183448
2024-07-12 18:34:49,564
binance_place_orders_peg 20240712_183449
2024-07-12 18:34:49,971
{'orderId': 8389765700867755191, 'symbol': 'ETHUSDT', 'status': 'NEW', 'clientOrderId': 'STRATON', 'price': '3140.25', 'avgPrice': '0.00', 'origQty': '0.016', 'executedQty': '0.000', 'cumQty': '0.000', 'cumQuote': '0.00000', 'timeInForce': 'GTC', 'type': 'LIMIT', 'reduceOnly': False, 'closePosition': False, 'side': 'BUY', 'positionSide': 'BOTH', 'stopPrice': '0.00', 'workingType': 'CONTRACT_PRICE', 'priceProtect': False, 'origType': 'LIMIT', 'priceMatch': 'NONE', 'selfTradePreventionMode': 'NONE', 'goodTillDate': 0, 'updateTime': 1720809289868}
2024-07-12 18:34:50,795
update 0: filled 1 / 2 (+XRPUSDT) | working 1 / 2 (+ETHUSDT)
2024-07-12 18:34:54,795
+ETHUSDT: bp1.0|
2024-07-12 18:34:55,612
update 1: filled 1 / 2 (+XRPUSDT) | working 1 / 2 (+ETHUSDT)
2024-07-12 18:34:59,613
+ETHUSDT: bp1.0|
2024-07-12 18:35:00,427
update 2: filled 1 / 2 (+XRPUSDT) | working 1 / 2 (+ETHUSDT)
2024-07-12 18:35:04,428
+ETHUSDT: bp1.0|
2024-07-12 18:35:05,242
update 3: filled 1 / 2 (+XRPUSDT) | working 1 / 2 (+ETHUSDT)
2024-07-12 18:35:09,243
+ETHUSDT: bp2.0|
2024-07-12 18:35:10,056
update 4: filled 1 / 2 (+XRPUSDT) | working 1 / 2 (+ETHUSDT)
2024-07-12 18:35:14,057
+ETHUSDT: bp3.0|
2024-07-12 18:35:14,871
update 5: filled 2 / 2 (+XRPUSDT,+ETHUSDT) | working 0 / 2 ()
2024-07-12 18:35:21,150
Trades of the day
in$
as of: 12Jul 18:31>>18:35 (#trades: 2)
trade net: +99.0 (+33.8%), trade gross: +99.0 (+33.8%), BUY: +99.0 (+33.8%), SELL: +0.0 (+0.0%)
fees: $ 0.02 (2.0bp)
2024-07-12 18:35:21,573
Trades: 
Filled #2
______________________________________________
                   in$ | in bp 99 traded | in bp 292 AUMs
realizedPnl    +0      | +0      | +0     
PnLvsArrival   -0.11   | -11     | -4     
PnLvsLast      +0      | +0      | +0     
______________________________________________
                 | Value$ | PnL Arrival/Last 
______________________________________________
XRP:+104.5@0.469 | +49$ | 0.02/-0
ETH:+0.016@3140.25 | +50$ | -0.13/0
