2024-04-29 00:30:47,882
ON program started 20240429 00:30:47,
US time: 20240428 20:30:47
2024-04-29 00:30:48,421
the strat is currently running @ 29-04-2024 and the target positions is SHORT
2024-04-29 00:30:49,839
CURRENT STATUS IS SHORT, WE CHECK IF THE DAY IS A NEGATIVE ONE
-----
return before 14h30:
BTCUSDT+0.16%, ETHUSDT+0.42%, XRPUSDT+0.31%
-----
target alloc initial:BTCUSDT-4.17%, ETHUSDT+0.00%, XRPUSDT-4.17%
-----
alloc target x rt%<0:BTCUSDT-0.00%, ETHUSDT+0.00%, XRPUSDT-0.00%
-----
           BTCUSDT ETHUSDT XRPUSDT
w_target     -4.2%    0.0%   -4.2%
rt_14h30     0.00%   0.00%   0.00%
w_target_f   -0.0%    0.0%   -0.0%
2024-04-29 00:30:49,841
Portfolio was rebalanced less than 2 hours ago, 1.0 hours ago
2024-04-29 00:30:49,843
Status: prev = SHORT <> SHORT = target
2024-04-29 00:30:49,843
the strat is currently running @ 29-04-2024 and the target positions is SHORT
the strat was previously run @ 2024-04-28 23:31:15, success:yes 
   and the current positions is SHORT
2024-04-29 00:30:51,076
positions_future #0
2024-04-29 00:30:51,076
Empty DataFrame
Columns: [symbol, positionAmt, entryPrice, breakEvenPrice, markPrice, unRealizedProfit, value_usd, updateTime, isolated, adlQuantile, AUMs_account, w%]
Index: []
2024-04-29 00:30:51,162
programm stoppeddd!!! 20240429_003051
