2024-08-14 19:30:29,500
ON program started 20240814 19:30:29,
US time: 20240814 15:30:29
2024-08-14 19:30:29,962
the strat is currently running @ 14-08-2024 and the target positions is LONG
2024-08-14 19:30:31,719
CURRENT STATUS IS LONG
-----
return before 14h30:
BTCUSDT-1.61%, ETHUSDT-1.60%, XRPUSDT-1.46%
-----
target alloc initial:BTCUSDT+16.67%, ETHUSDT+16.67%, XRPUSDT+16.67%
-----
alloc target x rt%<0:BTCUSDT+16.67%, ETHUSDT+16.67%, XRPUSDT+16.67%
-----
           BTCUSDT ETHUSDT XRPUSDT
w_target     16.7%   16.7%   16.7%
rt_14h30    -0.02%  -0.02%  -0.01%
w_target_f   16.7%   16.7%   16.7%
2024-08-14 19:30:31,758
Portfolio was rebalanced less than 2 hours ago, 1.0 hours ago
2024-08-14 19:30:31,760
Status: prev = LONG <> LONG = target
2024-08-14 19:30:31,760
the strat is currently running @ 14-08-2024 and the target positions is LONG
the strat was previously run @ 2024-08-14 18:30:58, success:? 
   and the current positions is LONG
2024-08-14 19:30:32,309
positions_future #2
2024-08-14 19:30:32,309
      symbol  positionAmt entryPrice  ... adlQuantile AUMs_account        w%
130  XRPUSDT       89.400     0.5707  ...           2        303.5  0.168433
165  ETHUSDT        0.019     2655.0  ...           2        303.5  0.166437

[2 rows x 12 columns]
2024-08-14 19:30:32,538
------------------------------
binance_account_balance
2024-08-14 19:30:32,539
  asset     balance  ...  marginAvailable   updateTime
4  USDT  303.320007  ...             True  14Aug-18:32

[1 rows x 8 columns]
2024-08-14 19:30:33,168
------------------------------
open_orders
2024-08-14 19:30:33,168
Empty DataFrame
Columns: []
Index: []
2024-08-14 19:30:34,579
------------------------------
AUMS account:303

2024-08-14 19:30:34,580
--------------- compute_futures_order_book() ----------------
2024-08-14 19:30:37,046
----------------------------------------------------------------------
#0 order(s) to place
gross$: 0$ | net$: +0$
gross%: 0% | net%: +0%
 || w>0%  +0% | w<0%  0%
----------------------------------------------------------------------
PTF Expo% 33.2% >> 50.0% (current>>target)
PTF expo $101.0 >> $151 (current>>target)
----------------------------------------------------------------------
2024-08-14 19:30:37,048
orders_ofthe_day
2024-08-14 19:30:37,048
Empty DataFrame
Columns: [ptf_usd, target_usd, totrd_usd, posttrd_usd, qty, posttrd_qty, posttrd_w, bid, ask, strategy]
Index: []
2024-08-14 19:30:37,111
Orders of the day is empty, current and target potfolios are aligned
2024-08-14 19:30:37,111
Program stopped
