2024-08-11 02:30:38,763
ON program started 20240811 02:30:38,
US time: 20240810 22:30:38
2024-08-11 02:30:39,287
the strat is currently running @ 11-08-2024 and the target positions is NEUTRAL
2024-08-11 02:30:40,592
CURRENT STATUS IS NEUTRAL
-----
return before 14h30:
BTCUSDT+0.18%, ETHUSDT+0.69%, XRPUSDT+1.32%
-----
target alloc initial:BTCUSDT+0.00%, ETHUSDT+0.00%, XRPUSDT+0.00%
-----
alloc target x rt%<0:BTCUSDT+0.00%, ETHUSDT+0.00%, XRPUSDT+0.00%
-----
           BTCUSDT ETHUSDT XRPUSDT
w_target      0.0%    0.0%    0.0%
rt_14h30     0.00%   0.01%   0.01%
w_target_f    0.0%    0.0%    0.0%
2024-08-11 02:30:40,593
Portfolio was rebalanced less than 2 hours ago, 1.0 hours ago
2024-08-11 02:30:40,595
Status: prev = NEUTRAL <> SHORT = target
2024-08-11 02:30:40,595
the strat is currently running @ 11-08-2024 and the target positions is NEUTRAL
the strat was previously run @ 2024-08-11 01:30:35, success:yes 
   and the current positions is SHORT
2024-08-11 02:30:41,715
positions_future #0
2024-08-11 02:30:41,715
Empty DataFrame
Columns: [symbol, positionAmt, entryPrice, breakEvenPrice, markPrice, unRealizedProfit, value_usd, updateTime, isolated, adlQuantile, AUMs_account, w%]
Index: []
2024-08-11 02:30:41,921
------------------------------
binance_account_balance
2024-08-11 02:30:41,921
  asset    balance  ...  marginAvailable   updateTime
4  USDT  306.70688  ...             True  10Aug-22:31

[1 rows x 8 columns]
2024-08-11 02:30:42,137
------------------------------
open_orders
2024-08-11 02:30:42,138
Empty DataFrame
Columns: []
Index: []
2024-08-11 02:30:42,747
------------------------------
AUMS account:306

2024-08-11 02:30:42,749
--------------- compute_futures_order_book() ----------------
2024-08-11 02:30:44,192
----------------------------------------------------------------------
#0 order(s) to place
gross$: 0$ | net$: +0$
gross%: 0% | net%: +0%
 || w>0%  +0% | w<0%  0%
----------------------------------------------------------------------
PTF Expo% 0.0% >> 0.0% (current>>target)
PTF expo $0.0 >> $0 (current>>target)
----------------------------------------------------------------------
2024-08-11 02:30:44,193
orders_ofthe_day
2024-08-11 02:30:44,193
Empty DataFrame
Columns: [ptf_usd, target_usd, totrd_usd, posttrd_usd, qty, posttrd_qty, posttrd_w, bid, ask, strategy]
Index: []
2024-08-11 02:30:44,255
Orders of the day is empty, current and target potfolios are aligned
2024-08-11 02:30:44,255
Program stopped
