2024-06-28 21:31:12,375
ON program started 20240628 21:31:12,
US time: 20240628 17:31:12
2024-06-28 21:31:13,302
the strat is currently running @ 28-06-2024 and the target positions is LONG
2024-06-28 21:31:14,655
CURRENT STATUS IS LONG
-----
return before 14h30:
BTCUSDT-0.66%, ETHUSDT-0.13%, XRPUSDT+0.72%
-----
target alloc initial:BTCUSDT+16.67%, ETHUSDT+16.67%, XRPUSDT+16.67%
-----
alloc target x rt%<0:BTCUSDT+16.67%, ETHUSDT+16.67%, XRPUSDT+16.67%
-----
           BTCUSDT ETHUSDT XRPUSDT
w_target     16.7%   16.7%   16.7%
rt_14h30    -0.01%  -0.00%   0.01%
w_target_f   16.7%   16.7%   16.7%
2024-06-28 21:31:14,656
Portfolio was rebalanced less than 2 hours ago, 1.0 hours ago
2024-06-28 21:31:14,658
Status: prev = LONG <> LONG = target
2024-06-28 21:31:14,659
the strat is currently running @ 28-06-2024 and the target positions is LONG
the strat was previously run @ 2024-06-28 20:31:12, success:yes 
   and the current positions is LONG
2024-06-28 21:31:15,232
positions_future #2
2024-06-28 21:31:15,233
      symbol  positionAmt entryPrice  ... adlQuantile AUMs_account        w%
131  XRPUSDT      103.500     0.4737  ...           2        291.9  0.167179
165  ETHUSDT        0.014    3383.06  ...           1        291.9  0.162123

[2 rows x 12 columns]
2024-06-28 21:31:15,318
programm stoppeddd!!! 20240628_213115
