2024-06-01 20:30:36,904
ON program started 20240601 20:30:36,
US time: 20240601 16:30:36
2024-06-01 20:30:37,363
the strat is currently running @ 01-06-2024 and the target positions is LONG
2024-06-01 20:30:39,064
CURRENT STATUS IS LONG
-----
return before 14h30:
BTCUSDT+0.27%, ETHUSDT+1.06%, XRPUSDT+0.60%
-----
target alloc initial:BTCUSDT+16.67%, ETHUSDT+16.67%, XRPUSDT+16.67%
-----
alloc target x rt%<0:BTCUSDT+16.67%, ETHUSDT+16.67%, XRPUSDT+16.67%
-----
           BTCUSDT ETHUSDT XRPUSDT
w_target     16.7%   16.7%   16.7%
rt_14h30     0.00%   0.01%   0.01%
w_target_f   16.7%   16.7%   16.7%
2024-06-01 20:30:39,065
Portfolio was rebalanced less than 2 hours ago, 1.0 hours ago
2024-06-01 20:30:39,067
Status: prev = LONG <> LONG = target
2024-06-01 20:30:39,067
the strat is currently running @ 01-06-2024 and the target positions is LONG
the strat was previously run @ 2024-06-01 19:30:58, success:yes 
   and the current positions is LONG
2024-06-01 20:30:40,199
positions_future #2
2024-06-01 20:30:40,200
      symbol  positionAmt entryPrice  ... adlQuantile AUMs_account        w%
161  ETHUSDT        0.013    3803.73  ...           1        288.8  0.171343
128  XRPUSDT       92.500     0.5191  ...           3        288.8  0.166482

[2 rows x 12 columns]
2024-06-01 20:30:40,277
programm stoppeddd!!! 20240601_203040
