2024-02-16 20:30:35,616
ON program started 20240216 20:30:35,
US time: 20240216 15:30:35
2024-02-16 20:30:36,756
the strat is currently running @ 16-02-2024 and the target positions is LONG
2024-02-16 20:30:38,181
CURRENT STATUS IS LONG
-----
return before 14h30:
BTCUSDT+1.13%, ETHUSDT+0.62%, XRPUSDT+1.23%
-----
target alloc initial:BTCUSDT+16.67%, ETHUSDT+16.67%, XRPUSDT+16.67%
-----
alloc target x rt%<0:BTCUSDT+16.67%, ETHUSDT+16.67%, XRPUSDT+16.67%
-----
           BTCUSDT ETHUSDT XRPUSDT
w_target     16.7%   16.7%   16.7%
rt_14h30     0.01%   0.01%   0.01%
w_target_f   16.7%   16.7%   16.7%
2024-02-16 20:30:38,183
Portfolio was rebalanced less than 2 hours ago, 1.0 hours ago
2024-02-16 20:30:38,185
Status: prev = LONG <> LONG = target
2024-02-16 20:30:38,185
the strat is currently running @ 16-02-2024 and the target positions is LONG
the strat was previously run @ 2024-02-16 19:31:01, success:? 
   and the current positions is LONG
2024-02-16 20:30:39,396
positions_future #2
2024-02-16 20:30:39,396
      symbol  positionAmt entryPrice  ... adlQuantile AUMs_account        w%
119  XRPUSDT       85.100     0.5639  ...           1        290.2  0.164910
148  ETHUSDT        0.017    2777.81  ...           2        290.2  0.162747

[2 rows x 12 columns]
2024-02-16 20:30:39,642
------------------------------
binance_account_balance
2024-02-16 20:30:39,642
  asset    balance  ...  marginAvailable   updateTime
5  USDT  290.34941  ...             True  16Feb-19:32

[1 rows x 8 columns]
2024-02-16 20:30:40,313
------------------------------
open_orders
2024-02-16 20:30:40,313
Empty DataFrame
Columns: []
Index: []
2024-02-16 20:30:40,970
------------------------------
AUMS account:290

2024-02-16 20:30:40,972
--------------- compute_futures_order_book() ----------------
2024-02-16 20:30:42,532
----------------------------------------------------------------------
#0 order(s) to place
gross$: 0$ | net$: +0$
gross%: 0% | net%: +0%
 || w>0%  +0% | w<0%  0%
----------------------------------------------------------------------
PTF Expo% 32.7% >> 50.0% (current>>target)
PTF expo $95.0 >> $145 (current>>target)
----------------------------------------------------------------------
2024-02-16 20:30:42,534
orders_ofthe_day
2024-02-16 20:30:42,534
Empty DataFrame
Columns: [ptf_usd, target_usd, totrd_usd, posttrd_usd, qty, posttrd_qty, posttrd_w, bid, ask, strategy]
Index: []
2024-02-16 20:30:42,594
Orders of the day is empty, current and target potfolios are aligned
2024-02-16 20:30:42,594
Program stopped
