2023-11-28 21:30:51,924
ON program started 20231128 21:30:51,
US time: 20231128 16:30:51
2023-11-28 21:30:52,969
the strat is currently running @ 28-11-2023 and the target positions is LONG
2023-11-28 21:30:54,407
CURRENT STATUS IS LONG
-----
return before 14h30:
BTCUSDT+2.66%, ETHUSDT+1.88%, XRPUSDT+1.31%
-----
target alloc initial:BTCUSDT+16.67%, ETHUSDT+16.67%, XRPUSDT+16.67%
-----
alloc target x rt%<0:BTCUSDT+16.67%, ETHUSDT+16.67%, XRPUSDT+16.67%
-----
           BTCUSDT ETHUSDT XRPUSDT
w_target     16.7%   16.7%   16.7%
rt_14h30     0.03%   0.02%   0.01%
w_target_f   16.7%   16.7%   16.7%
2023-11-28 21:30:54,408
Portfolio was rebalanced less than 2 hours ago, 1.0 hours ago
2023-11-28 21:30:54,411
Status: prev = LONG <> LONG = target
2023-11-28 21:30:54,411
the strat is currently running @ 28-11-2023 and the target positions is LONG
the strat was previously run @ 2023-11-28 20:30:48 UTC, success:yes 
   and the current positions is LONG
2023-11-28 21:30:55,019
positions_future #2
2023-11-28 21:30:55,019
      symbol  positionAmt entryPrice  ... adlQuantile AUMs_account        w%
124  XRPUSDT       78.600     0.6115  ...           2        288.3  0.166602
157  ETHUSDT        0.023    2058.62  ...           2        288.3  0.164420

[2 rows x 12 columns]
2023-11-28 21:30:55,111
programm stoppeddd!!! 20231128_213055
