2024-08-07 03:30:54,894
ON program started 20240807 03:30:54,
US time: 20240806 23:30:54
2024-08-07 03:30:55,942
the strat is currently running @ 07-08-2024 and the target positions is NEUTRAL
2024-08-07 03:30:57,262
CURRENT STATUS IS NEUTRAL
-----
return before 14h30:
BTCUSDT+1.22%, ETHUSDT+1.49%, XRPUSDT+1.96%
-----
target alloc initial:BTCUSDT+0.00%, ETHUSDT+0.00%, XRPUSDT+0.00%
-----
alloc target x rt%<0:BTCUSDT+0.00%, ETHUSDT+0.00%, XRPUSDT+0.00%
-----
           BTCUSDT ETHUSDT XRPUSDT
w_target      0.0%    0.0%    0.0%
rt_14h30     0.01%   0.01%   0.02%
w_target_f    0.0%    0.0%    0.0%
2024-08-07 03:30:57,263
Portfolio was rebalanced less than 2 hours ago, 1.0 hours ago
2024-08-07 03:30:57,265
Status: prev = NEUTRAL <> NEUTRAL = target
2024-08-07 03:30:57,265
the strat is currently running @ 07-08-2024 and the target positions is NEUTRAL
the strat was previously run @ 2024-08-07 02:31:02, success:yes 
   and the current positions is NEUTRAL
2024-08-07 03:30:58,408
positions_future #0
2024-08-07 03:30:58,408
Empty DataFrame
Columns: [symbol, positionAmt, entryPrice, breakEvenPrice, markPrice, unRealizedProfit, value_usd, updateTime, isolated, adlQuantile, AUMs_account, w%]
Index: []
2024-08-07 03:30:58,468
programm stoppeddd!!! 20240807_033058
