2024-09-05 03:30:35,572
ON program started 20240905 03:30:35,
US time: 20240904 23:30:35
2024-09-05 03:30:36,062
the strat is currently running @ 05-09-2024 and the target positions is NEUTRAL
2024-09-05 03:30:37,767
CURRENT STATUS IS NEUTRAL
-----
return before 14h30:
BTCUSDT-1.53%, ETHUSDT-1.32%, XRPUSDT-0.84%
-----
target alloc initial:BTCUSDT+0.00%, ETHUSDT+0.00%, XRPUSDT+0.00%
-----
alloc target x rt%<0:BTCUSDT+0.00%, ETHUSDT+0.00%, XRPUSDT+0.00%
-----
           BTCUSDT ETHUSDT XRPUSDT
w_target      0.0%    0.0%    0.0%
rt_14h30    -0.02%  -0.01%  -0.01%
w_target_f    0.0%    0.0%    0.0%
2024-09-05 03:30:37,768
Portfolio was rebalanced less than 2 hours ago, 1.0 hours ago
2024-09-05 03:30:37,770
Status: prev = NEUTRAL <> NEUTRAL = target
2024-09-05 03:30:37,770
the strat is currently running @ 05-09-2024 and the target positions is NEUTRAL
the strat was previously run @ 2024-09-05 02:30:45, success:? 
   and the current positions is NEUTRAL
2024-09-05 03:30:38,916
positions_future #0
2024-09-05 03:30:38,916
Empty DataFrame
Columns: [symbol, positionAmt, entryPrice, breakEvenPrice, markPrice, unRealizedProfit, value_usd, updateTime, isolated, adlQuantile, AUMs_account, w%]
Index: []
2024-09-05 03:30:39,125
------------------------------
binance_account_balance
2024-09-05 03:30:39,125
  asset     balance  ...  marginAvailable   updateTime
4  USDT  296.018959  ...             True  05Sep-02:34

[1 rows x 8 columns]
2024-09-05 03:30:39,346
------------------------------
open_orders
2024-09-05 03:30:39,346
Empty DataFrame
Columns: []
Index: []
2024-09-05 03:30:39,965
------------------------------
AUMS account:296

2024-09-05 03:30:39,966
--------------- compute_futures_order_book() ----------------
2024-09-05 03:30:41,420
----------------------------------------------------------------------
#0 order(s) to place
gross$: 0$ | net$: +0$
gross%: 0% | net%: +0%
 || w>0%  +0% | w<0%  0%
----------------------------------------------------------------------
PTF Expo% 0.0% >> 0.0% (current>>target)
PTF expo $0.0 >> $0 (current>>target)
----------------------------------------------------------------------
2024-09-05 03:30:41,422
orders_ofthe_day
2024-09-05 03:30:41,422
Empty DataFrame
Columns: [ptf_usd, target_usd, totrd_usd, posttrd_usd, qty, posttrd_qty, posttrd_w, bid, ask, strategy]
Index: []
2024-09-05 03:30:41,482
Orders of the day is empty, current and target potfolios are aligned
2024-09-05 03:30:41,482
Program stopped
