2023-12-29 01:30:51,625
ON program started 20231229 01:30:51,
US time: 20231228 20:30:51
2023-12-29 01:30:52,754
the strat is currently running @ 29-12-2023 and the target positions is SHORT
2023-12-29 01:30:54,161
CURRENT STATUS IS SHORT, WE CHECK IF THE DAY IS A NEGATIVE ONE
-----
return before 14h30:
BTCUSDT+0.00%, ETHUSDT+0.00%, XRPUSDT+0.00%
-----
target alloc initial:BTCUSDT-4.17%, ETHUSDT+0.00%, XRPUSDT-4.17%
-----
alloc target x rt%<0:BTCUSDT-0.00%, ETHUSDT+0.00%, XRPUSDT-0.00%
-----
           BTCUSDT ETHUSDT XRPUSDT
w_target     -4.2%    0.0%   -4.2%
rt_14h30     0.00%   0.00%   0.00%
w_target_f   -0.0%    0.0%   -0.0%
2023-12-29 01:30:54,163
Portfolio was rebalanced less than 2 hours ago, 1.0 hours ago
2023-12-29 01:30:54,166
Status: prev = SHORT <> SHORT = target
2023-12-29 01:30:54,166
the strat is currently running @ 29-12-2023 and the target positions is SHORT
the strat was previously run @ 2023-12-29 00:31:03 UTC, success:? 
   and the current positions is SHORT
2023-12-29 01:30:54,759
positions_future #0
2023-12-29 01:30:54,760
Empty DataFrame
Columns: [symbol, positionAmt, entryPrice, breakEvenPrice, markPrice, unRealizedProfit, value_usd, updateTime, isolated, adlQuantile, AUMs_account, w%]
Index: []
2023-12-29 01:30:54,987
------------------------------
binance_account_balance
2023-12-29 01:30:54,987
  asset     balance  ...  marginAvailable   updateTime
5  USDT  292.324692  ...             True  29Dec-00:31

[1 rows x 8 columns]
2023-12-29 01:30:55,223
------------------------------
open_orders
2023-12-29 01:30:55,223
Empty DataFrame
Columns: []
Index: []
2023-12-29 01:30:55,894
------------------------------
AUMS account:292

2023-12-29 01:30:55,895
--------------- compute_futures_order_book() ----------------
2023-12-29 01:30:58,123
----------------------------------------------------------------------
#0 order(s) to place
gross$: 0$ | net$: +0$
gross%: 0% | net%: +0%
 || w>0%  +0% | w<0%  0%
----------------------------------------------------------------------
PTF Expo% 0.0% >> 0.0% (current>>target)
PTF expo $0.0 >> $0 (current>>target)
----------------------------------------------------------------------
2023-12-29 01:30:58,124
orders_ofthe_day
2023-12-29 01:30:58,124
Empty DataFrame
Columns: [ptf_usd, target_usd, totrd_usd, posttrd_usd, qty, posttrd_qty, posttrd_w, bid, ask]
Index: []
2023-12-29 01:30:58,200
Orders of the day is empty, current and target potfolios are aligned
2023-12-29 01:30:58,200
Program stopped
