2024-07-20 21:30:57,784
ON program started 20240720 21:30:57,
US time: 20240720 17:30:57
2024-07-20 21:30:58,809
the strat is currently running @ 20-07-2024 and the target positions is LONG
2024-07-20 21:31:00,531
CURRENT STATUS IS LONG
-----
return before 14h30:
BTCUSDT-0.18%, ETHUSDT-0.37%, XRPUSDT+3.02%
-----
target alloc initial:BTCUSDT+16.67%, ETHUSDT+16.67%, XRPUSDT+16.67%
-----
alloc target x rt%<0:BTCUSDT+16.67%, ETHUSDT+16.67%, XRPUSDT+16.67%
-----
           BTCUSDT ETHUSDT XRPUSDT
w_target     16.7%   16.7%   16.7%
rt_14h30    -0.00%  -0.00%   0.03%
w_target_f   16.7%   16.7%   16.7%
2024-07-20 21:31:00,532
Portfolio was rebalanced less than 2 hours ago, 1.0 hours ago
2024-07-20 21:31:00,533
Status: prev = LONG <> LONG = target
2024-07-20 21:31:00,533
the strat is currently running @ 20-07-2024 and the target positions is LONG
the strat was previously run @ 2024-07-20 20:31:04, success:yes 
   and the current positions is LONG
2024-07-20 21:31:01,669
positions_future #2
2024-07-20 21:31:01,669
      symbol  positionAmt entryPrice  ... adlQuantile AUMs_account        w%
166  ETHUSDT        0.014    3526.47  ...           1        292.8  0.168016
131  XRPUSDT       83.000     0.5898  ...           1        292.8  0.167968

[2 rows x 12 columns]
2024-07-20 21:31:01,750
programm stoppeddd!!! 20240720_213101
