2023-11-20 22:31:07,118
ON program started 20231120 22:31:07,
US time: 20231120 17:31:07
2023-11-20 22:31:07,499
the strat is currently running @ 20-11-2023 and the target positions is LONG
2023-11-20 22:31:08,950
CURRENT STATUS IS LONG
-----
return before 14h30:
BTCUSDT+0.86%, ETHUSDT+2.06%, XRPUSDT-0.75%
-----
target alloc initial:BTCUSDT+16.67%, ETHUSDT+16.67%, XRPUSDT+16.67%
-----
alloc target x rt%<0:BTCUSDT+16.67%, ETHUSDT+16.67%, XRPUSDT+16.67%
-----
           BTCUSDT ETHUSDT XRPUSDT
w_target     16.7%   16.7%   16.7%
rt_14h30     0.01%   0.02%  -0.01%
w_target_f   16.7%   16.7%   16.7%
2023-11-20 22:31:08,952
Portfolio was rebalanced less than 2 hours ago, 1.0 hours ago
2023-11-20 22:31:08,954
Status: prev = LONG <> LONG = target
2023-11-20 22:31:08,954
the strat is currently running @ 20-11-2023 and the target positions is LONG
the strat was previously run @ 2023-11-20 21:30:41 UTC, success:yes 
   and the current positions is LONG
2023-11-20 22:31:10,110
positions_future #2
2023-11-20 22:31:10,110
      symbol  positionAmt entryPrice  ... adlQuantile AUMs_account        w%
154  ETHUSDT        0.024    2044.74  ...           1        290.5  0.167903
122  XRPUSDT       78.300       0.62  ...           1        290.5  0.166290

[2 rows x 12 columns]
2023-11-20 22:31:10,136
programm stoppeddd!!! 20231120_223110
