2023-10-22 18:31:09,742
ON program started 20231022 18:31:09,
US time: 20231022 14:31:09
2023-10-22 18:31:10,173
the strat is currently running @ 22-10-2023 and the target positions is LONG
2023-10-22 18:31:12,971
CURRENT STATUS IS LONG
-----
return before 14h30:
BTCUSDT+0.02%, ETHUSDT+0.37%, XRPUSDT+0.21%
-----
target alloc initial:BTCUSDT+16.67%, ETHUSDT+16.67%, XRPUSDT+16.67%
-----
alloc target x rt%<0:BTCUSDT+16.67%, ETHUSDT+16.67%, XRPUSDT+16.67%
-----
           BTCUSDT ETHUSDT XRPUSDT
w_target     16.7%   16.7%   16.7%
rt_14h30     0.00%   0.00%   0.00%
w_target_f   16.7%   16.7%   16.7%
2023-10-22 18:31:12,973
Portfolio was rebalanced less than 2 hours ago, 15.0 hours ago
2023-10-22 18:31:12,975
Status: prev = LONG <> NEUTRAL = target
2023-10-22 18:31:12,975
the strat is currently running @ 22-10-2023 and the target positions is LONG
the strat was previously run @ 2023-10-22 03:31:05 UTC, success:yes 
   and the current positions is NEUTRAL
2023-10-22 18:31:14,061
positions_future #0
2023-10-22 18:31:14,061
Empty DataFrame
Columns: [symbol, positionAmt, entryPrice, breakEvenPrice, markPrice, unRealizedProfit, value_usd, updateTime, AUMs_account, w%]
Index: []
2023-10-22 18:31:14,274
------------------------------
binance_account_balance
2023-10-22 18:31:14,274
  asset     balance  ... marginAvailable   updateTime
5  USDT  278.409812  ...            True  21Oct-22:34

[1 rows x 8 columns]
2023-10-22 18:31:14,493
------------------------------
open_orders
2023-10-22 18:31:14,493
Empty DataFrame
Columns: []
Index: []
2023-10-22 18:31:15,102
------------------------------
AUMS account:278

2023-10-22 18:31:15,104
--------------- compute_futures_order_book() ----------------
2023-10-22 18:31:16,553
----------------------------------------------------------------------
#3 order(s) to place
gross$: 152$ | net$: +152$
gross%: 55% | net%: +55%
 || w>0%  +55% | w<0%  0%
----------------------------------------------------------------------
PTF Expo% 0.0% >> 50.0% (current>>target)
PTF expo $0.0 >> $139 (current>>target)
----------------------------------------------------------------------
2023-10-22 18:31:16,554
orders_ofthe_day
2023-10-22 18:31:16,554
                  ptf_usd  target_usd  ...         bid         ask
2023-10-22 18:31                       ...                        
BTCUSDT               0.0       46.41  ...  29895.9000  29896.0000
ETHUSDT               0.0       46.41  ...   1634.2900   1634.3000
XRPUSDT               0.0       46.41  ...      0.5206      0.5207

[3 rows x 9 columns]
2023-10-22 18:31:21,885
binance_place_orders_peg 20231022_183121
2023-10-22 18:31:22,295
{'orderId': 201281700076, 'symbol': 'BTCUSDT', 'status': 'NEW', 'clientOrderId': 'a3jlmTHgTSTDWDqBofTUGw', 'price': '29881.00', 'avgPrice': '0.00', 'origQty': '0.002', 'executedQty': '0.000', 'cumQty': '0.000', 'cumQuote': '0.00000', 'timeInForce': 'GTC', 'type': 'LIMIT', 'reduceOnly': False, 'closePosition': False, 'side': 'BUY', 'positionSide': 'BOTH', 'stopPrice': '0.00', 'workingType': 'CONTRACT_PRICE', 'priceProtect': False, 'origType': 'LIMIT', 'priceMatch': 'NONE', 'selfTradePreventionMode': 'NONE', 'goodTillDate': 0, 'updateTime': 1697999482192}
2023-10-22 18:31:22,708
{'orderId': 8389765622510995605, 'symbol': 'ETHUSDT', 'status': 'NEW', 'clientOrderId': 'nx5JEPCkElcWw5LRrd87nE', 'price': '1633.47', 'avgPrice': '0.00', 'origQty': '0.028', 'executedQty': '0.000', 'cumQty': '0.000', 'cumQuote': '0.00000', 'timeInForce': 'GTC', 'type': 'LIMIT', 'reduceOnly': False, 'closePosition': False, 'side': 'BUY', 'positionSide': 'BOTH', 'stopPrice': '0.00', 'workingType': 'CONTRACT_PRICE', 'priceProtect': False, 'origType': 'LIMIT', 'priceMatch': 'NONE', 'selfTradePreventionMode': 'NONE', 'goodTillDate': 0, 'updateTime': 1697999482602}
2023-10-22 18:31:23,120
{'orderId': 43534081332, 'symbol': 'XRPUSDT', 'status': 'NEW', 'clientOrderId': 'GsxjgJwExJeZJlDR5H6fei', 'price': '0.5203', 'avgPrice': '0.00', 'origQty': '89.1', 'executedQty': '0.0', 'cumQty': '0.0', 'cumQuote': '0.00000', 'timeInForce': 'GTC', 'type': 'LIMIT', 'reduceOnly': False, 'closePosition': False, 'side': 'BUY', 'positionSide': 'BOTH', 'stopPrice': '0.0000', 'workingType': 'CONTRACT_PRICE', 'priceProtect': False, 'origType': 'LIMIT', 'priceMatch': 'NONE', 'selfTradePreventionMode': 'NONE', 'goodTillDate': 0, 'updateTime': 1697999483012}
2023-10-22 18:31:25,040
update 0: filled 0 / 3 () | working 3 / 3 (+BTCUSDT,+ETHUSDT,+XRPUSDT)
2023-10-22 18:31:29,041
+BTCUSDT: bp5.0|+ETHUSDT: bp5.0|+XRPUSDT: bp6.0|
2023-10-22 18:31:30,286
update 1: filled 0 / 3 () | working 3 / 3 (+BTCUSDT,+ETHUSDT,+XRPUSDT)
2023-10-22 18:31:34,287
+BTCUSDT: bp5.0|+ETHUSDT: bp4.0|+XRPUSDT: bp6.0|
2023-10-22 18:31:35,537
update 2: filled 0 / 3 () | working 3 / 3 (+BTCUSDT,+ETHUSDT,+XRPUSDT)
2023-10-22 18:31:39,538
+BTCUSDT: bp5.0|+ETHUSDT: bp4.0|+XRPUSDT: bp8.0|
2023-10-22 18:31:40,781
update 3: filled 0 / 3 () | working 3 / 3 (+BTCUSDT,+ETHUSDT,+XRPUSDT)
2023-10-22 18:31:44,782
+BTCUSDT: bp5.0|+ETHUSDT: bp4.0|+XRPUSDT: bp8.0|
2023-10-22 18:31:46,026
update 4: filled 0 / 3 () | working 3 / 3 (+BTCUSDT,+ETHUSDT,+XRPUSDT)
2023-10-22 18:31:50,026
+BTCUSDT: bp5.0|+ETHUSDT: bp4.0|+XRPUSDT: bp6.0|
2023-10-22 18:31:51,269
update 5: filled 0 / 3 () | working 3 / 3 (+BTCUSDT,+ETHUSDT,+XRPUSDT)
2023-10-22 18:31:55,270
+BTCUSDT: bp5.0|+ETHUSDT: bp4.0|+XRPUSDT: bp6.0|
2023-10-22 18:31:56,600
update 6: filled 0 / 3 () | working 3 / 3 (+BTCUSDT,+ETHUSDT,+XRPUSDT)
2023-10-22 18:32:00,601
+BTCUSDT: bp5.0|+ETHUSDT: bp4.0|+XRPUSDT: bp4.0|
2023-10-22 18:32:01,843
update 7: filled 0 / 3 () | working 3 / 3 (+BTCUSDT,+ETHUSDT,+XRPUSDT)
2023-10-22 18:32:05,844
+BTCUSDT: bp4.0|+ETHUSDT: bp2.0|+XRPUSDT: bp2.0|
2023-10-22 18:32:07,202
update 8: filled 0 / 3 () | working 3 / 3 (+BTCUSDT,+ETHUSDT,+XRPUSDT)
2023-10-22 18:32:11,203
+BTCUSDT: bp4.0|+ETHUSDT: bp2.0|+XRPUSDT: bp4.0|
2023-10-22 18:32:12,450
update 9: filled 0 / 3 () | working 3 / 3 (+BTCUSDT,+ETHUSDT,+XRPUSDT)
2023-10-22 18:32:16,451
+BTCUSDT: bp4.0|+ETHUSDT: bp2.0|+XRPUSDT: bp2.0|
2023-10-22 18:32:17,701
update 10: filled 0 / 3 () | working 3 / 3 (+BTCUSDT,+ETHUSDT,+XRPUSDT)
2023-10-22 18:32:21,702
+BTCUSDT: bp4.0|+ETHUSDT: bp2.0|+XRPUSDT: bp4.0|
2023-10-22 18:32:22,944
update 11: filled 0 / 3 () | working 3 / 3 (+BTCUSDT,+ETHUSDT,+XRPUSDT)
2023-10-22 18:32:26,945
+BTCUSDT: bp4.0|+ETHUSDT: bp3.0|+XRPUSDT: bp4.0|
2023-10-22 18:32:28,186
update 12: filled 0 / 3 () | working 3 / 3 (+BTCUSDT,+ETHUSDT,+XRPUSDT)
2023-10-22 18:32:32,187
+BTCUSDT: bp4.0|+ETHUSDT: bp2.0|+XRPUSDT: bp2.0|
2023-10-22 18:32:33,430
update 13: filled 0 / 3 () | working 3 / 3 (+BTCUSDT,+ETHUSDT,+XRPUSDT)
2023-10-22 18:32:37,431
+BTCUSDT: bp4.0|+ETHUSDT: bp2.0|+XRPUSDT: bp2.0|
2023-10-22 18:32:38,677
update 14: filled 1 / 3 (+ETHUSDT) | working 2 / 3 (+BTCUSDT,+XRPUSDT)
2023-10-22 18:32:42,678
+BTCUSDT: bp1.0|+XRPUSDT: bp-0.0|
2023-10-22 18:32:42,678
Adjustment limit #1 ... 
 we cancel current orders and replace
2023-10-22 18:32:42,678
@+/-2.5bp limit 
2023-10-22 18:32:42,678
binance_cancel_and_replace_orders_peg 20231022_183242
2023-10-22 18:32:44,548
binance_place_orders_peg 20231022_183244
2023-10-22 18:32:45,790
update 0: filled 3 / 3 (+BTCUSDT,+ETHUSDT,+XRPUSDT) | working 0 / 3 ()
2023-10-22 18:32:52,516
Trades of the day
in$
as of: 22Oct 18:32>>18:32 (#trades: 3)
trade net: +152.0 (+54.6%), trade gross: +152.0 (+54.6%), BUY: +152.0 (+54.6%), SELL: +0.0 (+0.0%)
fees: $ 0.03 (2.0bp)
2023-10-22 18:32:53,164
Trades: 
Filled #3
______________________________________________
                   in$ | in bp 151 traded | in bp 278 AUMs
realizedPnl    +0      | +0      | +0     
PnLvsArrival   +0.08   | +5      | +3     
PnLvsLast      -0.01   | -1      | -0     
______________________________________________
                 | Value$ | PnL Arrival/Last 
______________________________________________
ETH:+0.028@1633.47 | +46$ | 0.02/-0.01
XRP:+89.1@0.5203 | +46$ | 0.03/-0
BTC:+0.002@29881 | +60$ | 0.03/-0
2023-10-22 18:32:53,740
***************************
Positions after orders
***************************
2023-10-22 18:32:53,741
      symbol  qty_ptf    execP  ...   updateTime   AUMs     w%
241  BTCUSDT    0.002  29881.0  ...  22Oct-18:32  278.4  0.215
119  XRPUSDT   89.100   0.5203  ...  22Oct-18:32  278.4  0.167
149  ETHUSDT    0.028  1633.47  ...  22Oct-18:32  278.4  0.164

[3 rows x 10 columns]
2023-10-22 18:32:53,748
***************************
2023-10-22 18:32:54,360
3 STOP orders will be placed
2023-10-22 18:32:54,360
@+/-500.0bp limit
2023-10-22 18:32:54,360
binance_place_orders_peg 20231022_183254
2023-10-22 18:32:54,771
{'orderId': 201281991820, 'symbol': 'BTCUSDT', 'status': 'NEW', 'clientOrderId': 'fzQZsxWaNjBDqTqRuTjch2', 'price': '0.00', 'avgPrice': '0.00', 'origQty': '0.002', 'executedQty': '0.000', 'cumQty': '0.000', 'cumQuote': '0.00000', 'timeInForce': 'GTC', 'type': 'STOP_MARKET', 'reduceOnly': False, 'closePosition': False, 'side': 'SELL', 'positionSide': 'BOTH', 'stopPrice': '28386.00', 'workingType': 'CONTRACT_PRICE', 'priceProtect': False, 'origType': 'STOP_MARKET', 'priceMatch': 'NONE', 'selfTradePreventionMode': 'NONE', 'goodTillDate': 0, 'updateTime': 1697999574666}
2023-10-22 18:32:55,181
{'orderId': 43534114823, 'symbol': 'XRPUSDT', 'status': 'NEW', 'clientOrderId': 'dmcIMZ8bQGO52bYrW8b3Oo', 'price': '0.0000', 'avgPrice': '0.00', 'origQty': '89.1', 'executedQty': '0.0', 'cumQty': '0.0', 'cumQuote': '0.00000', 'timeInForce': 'GTC', 'type': 'STOP_MARKET', 'reduceOnly': False, 'closePosition': False, 'side': 'SELL', 'positionSide': 'BOTH', 'stopPrice': '0.4942', 'workingType': 'CONTRACT_PRICE', 'priceProtect': False, 'origType': 'STOP_MARKET', 'priceMatch': 'NONE', 'selfTradePreventionMode': 'NONE', 'goodTillDate': 0, 'updateTime': 1697999575076}
2023-10-22 18:32:55,589
{'orderId': 8389765622511135770, 'symbol': 'ETHUSDT', 'status': 'NEW', 'clientOrderId': 'dRiptEVAQW0kBfTZjQACzN', 'price': '0.00', 'avgPrice': '0.00', 'origQty': '0.028', 'executedQty': '0.000', 'cumQty': '0.000', 'cumQuote': '0.00000', 'timeInForce': 'GTC', 'type': 'STOP_MARKET', 'reduceOnly': False, 'closePosition': False, 'side': 'SELL', 'positionSide': 'BOTH', 'stopPrice': '1551.48', 'workingType': 'CONTRACT_PRICE', 'priceProtect': False, 'origType': 'STOP_MARKET', 'priceMatch': 'NONE', 'selfTradePreventionMode': 'NONE', 'goodTillDate': 0, 'updateTime': 1697999575486}
