2023-11-04 01:30:54,669
ON program started 20231104 01:30:54,
US time: 20231103 21:30:54
2023-11-04 01:30:55,638
the strat is currently running @ 04-11-2023 and the target positions is SHORT
2023-11-04 01:30:57,031
CURRENT STATUS IS SHORT, WE CHECK IF THE DAY IS A NEGATIVE ONE
-----
return before 14h30:
BTCUSDT+0.00%, ETHUSDT+0.00%, XRPUSDT+0.00%
-----
target alloc initial:BTCUSDT-4.17%, ETHUSDT+0.00%, XRPUSDT-4.17%
-----
alloc target x rt%<0:BTCUSDT-0.00%, ETHUSDT+0.00%, XRPUSDT-0.00%
-----
           BTCUSDT ETHUSDT XRPUSDT
w_target     -4.2%    0.0%   -4.2%
rt_14h30     0.00%   0.00%   0.00%
w_target_f   -0.0%    0.0%   -0.0%
2023-11-04 01:30:57,032
Portfolio was rebalanced less than 2 hours ago, 1.0 hours ago
2023-11-04 01:30:57,035
Status: prev = SHORT <> SHORT = target
2023-11-04 01:30:57,035
the strat is currently running @ 04-11-2023 and the target positions is SHORT
the strat was previously run @ 2023-11-04 00:30:40 UTC, success:yes 
   and the current positions is SHORT
2023-11-04 01:30:58,195
positions_future #0
2023-11-04 01:30:58,195
Empty DataFrame
Columns: [symbol, positionAmt, entryPrice, breakEvenPrice, markPrice, unRealizedProfit, value_usd, updateTime, isolated, adlQuantile, AUMs_account, w%]
Index: []
2023-11-04 01:30:58,211
programm stoppeddd!!! 20231104_013058
