2023-11-17 21:30:29,914
ON program started 20231117 21:30:29,
US time: 20231117 16:30:29
2023-11-17 21:30:30,370
the strat is currently running @ 17-11-2023 and the target positions is LONG
2023-11-17 21:30:31,785
CURRENT STATUS IS LONG
-----
return before 14h30:
BTCUSDT+0.10%, ETHUSDT-1.83%, XRPUSDT-2.12%
-----
target alloc initial:BTCUSDT+16.67%, ETHUSDT+16.67%, XRPUSDT+16.67%
-----
alloc target x rt%<0:BTCUSDT+16.67%, ETHUSDT+16.67%, XRPUSDT+16.67%
-----
           BTCUSDT ETHUSDT XRPUSDT
w_target     16.7%   16.7%   16.7%
rt_14h30     0.00%  -0.02%  -0.02%
w_target_f   16.7%   16.7%   16.7%
2023-11-17 21:30:31,787
Portfolio was rebalanced less than 2 hours ago, 1.0 hours ago
2023-11-17 21:30:31,789
Status: prev = LONG <> LONG = target
2023-11-17 21:30:31,789
the strat is currently running @ 17-11-2023 and the target positions is LONG
the strat was previously run @ 2023-11-17 20:30:54 UTC, success:yes 
   and the current positions is LONG
2023-11-17 21:30:32,984
positions_future #2
2023-11-17 21:30:32,984
      symbol  positionAmt entryPrice  ... adlQuantile AUMs_account        w%
154  ETHUSDT        0.025    1941.08  ...           2        289.5  0.167608
122  XRPUSDT       79.500     0.6063  ...           2        289.5  0.166986

[2 rows x 12 columns]
2023-11-17 21:30:33,012
programm stoppeddd!!! 20231117_213033
