2024-03-11 01:31:03,979
ON program started 20240311 01:31:03,
US time: 20240310 21:31:03
2024-03-11 01:31:05,024
the strat is currently running @ 11-03-2024 and the target positions is SHORT
2024-03-11 01:31:06,402
CURRENT STATUS IS SHORT, WE CHECK IF THE DAY IS A NEGATIVE ONE
-----
return before 14h30:
BTCUSDT-1.39%, ETHUSDT-1.63%, XRPUSDT-1.61%
-----
target alloc initial:BTCUSDT-4.17%, ETHUSDT+0.00%, XRPUSDT-4.17%
-----
alloc target x rt%<0:BTCUSDT-4.17%, ETHUSDT+0.00%, XRPUSDT-4.17%
-----
           BTCUSDT ETHUSDT XRPUSDT
w_target     -4.2%    0.0%   -4.2%
rt_14h30    -0.01%  -0.02%  -0.02%
w_target_f   -4.2%    0.0%   -4.2%
2024-03-11 01:31:06,403
Portfolio was rebalanced less than 2 hours ago, 1.0 hours ago
2024-03-11 01:31:06,405
Status: prev = SHORT <> SHORT = target
2024-03-11 01:31:06,405
the strat is currently running @ 11-03-2024 and the target positions is SHORT
the strat was previously run @ 2024-03-11 00:30:54, success:yes 
   and the current positions is SHORT
2024-03-11 01:31:07,622
positions_future #1
2024-03-11 01:31:07,622
      symbol  positionAmt entryPrice  ... adlQuantile AUMs_account        w%
123  XRPUSDT        -19.2     0.6067  ...           2        289.1 -0.039757

[1 rows x 12 columns]
2024-03-11 01:31:07,710
programm stoppeddd!!! 20240311_013107
