2024-04-14 03:31:02,287
ON program started 20240414 03:31:02,
US time: 20240413 23:31:02
2024-04-14 03:31:02,839
the strat is currently running @ 14-04-2024 and the target positions is NEUTRAL
2024-04-14 03:31:04,347
CURRENT STATUS IS NEUTRAL
-----
return before 14h30:
BTCUSDT-1.86%, ETHUSDT-2.42%, XRPUSDT-2.17%
-----
target alloc initial:BTCUSDT+0.00%, ETHUSDT+0.00%, XRPUSDT+0.00%
-----
alloc target x rt%<0:BTCUSDT+0.00%, ETHUSDT+0.00%, XRPUSDT+0.00%
-----
           BTCUSDT ETHUSDT XRPUSDT
w_target      0.0%    0.0%    0.0%
rt_14h30    -0.02%  -0.02%  -0.02%
w_target_f    0.0%    0.0%    0.0%
2024-04-14 03:31:04,348
Portfolio was rebalanced less than 2 hours ago, 1.0 hours ago
2024-04-14 03:31:04,350
Status: prev = NEUTRAL <> NEUTRAL = target
2024-04-14 03:31:04,350
the strat is currently running @ 14-04-2024 and the target positions is NEUTRAL
the strat was previously run @ 2024-04-14 02:30:49, success:? 
   and the current positions is NEUTRAL
2024-04-14 03:31:05,657
positions_future #0
2024-04-14 03:31:05,657
Empty DataFrame
Columns: [symbol, positionAmt, entryPrice, breakEvenPrice, markPrice, unRealizedProfit, value_usd, updateTime, isolated, adlQuantile, AUMs_account, w%]
Index: []
2024-04-14 03:31:05,900
------------------------------
binance_account_balance
2024-04-14 03:31:05,900
  asset     balance  ...  marginAvailable   updateTime
6  USDT  277.298327  ...             True  14Apr-02:31

[1 rows x 8 columns]
2024-04-14 03:31:06,156
------------------------------
open_orders
2024-04-14 03:31:06,156
Empty DataFrame
Columns: []
Index: []
2024-04-14 03:31:06,876
------------------------------
AUMS account:277

2024-04-14 03:31:06,878
--------------- compute_futures_order_book() ----------------
2024-04-14 03:31:08,585
----------------------------------------------------------------------
#0 order(s) to place
gross$: 0$ | net$: +0$
gross%: 0% | net%: +0%
 || w>0%  +0% | w<0%  0%
----------------------------------------------------------------------
PTF Expo% 0.0% >> 0.0% (current>>target)
PTF expo $0.0 >> $0 (current>>target)
----------------------------------------------------------------------
2024-04-14 03:31:08,587
orders_ofthe_day
2024-04-14 03:31:08,587
Empty DataFrame
Columns: [ptf_usd, target_usd, totrd_usd, posttrd_usd, qty, posttrd_qty, posttrd_w, bid, ask, strategy]
Index: []
2024-04-14 03:31:08,664
Orders of the day is empty, current and target potfolios are aligned
2024-04-14 03:31:08,665
Program stopped
