2023-08-23 00:31:09,675
ON program started 20230823 00:31:09,
US time: 20230822 20:31:09
2023-08-23 00:31:10,079
the strat is currently running @ 23-08-2023 and the target positions is SHORT
2023-08-23 00:31:11,485
CURRENT STATUS IS SHORT, WE CHECK IF THE DAY IS A NEGATIVE ONE
-----
return before 14h30:
BTCUSDT+0.00%, ETHUSDT+0.00%, XRPUSDT+0.00%
-----
target alloc initial:BTCUSDT-4.17%, ETHUSDT+0.00%, XRPUSDT-4.17%
-----
alloc target x rt%<0:BTCUSDT-0.00%, ETHUSDT+0.00%, XRPUSDT-0.00%
-----
           BTCUSDT ETHUSDT XRPUSDT
w_target     -4.2%    0.0%   -4.2%
rt_14h30     0.00%   0.00%   0.00%
w_target_f   -0.0%    0.0%   -0.0%
2023-08-23 00:31:11,487
Portfolio was rebalanced less than 2 hours ago, 1.0 hours ago
2023-08-23 00:31:11,489
Status: prev = SHORT <> SHORT = target
2023-08-23 00:31:11,489
the strat is currently running @ 23-08-2023 and the target positions is SHORT
the strat was previously run @ 2023-08-22 23:31:11 UTC, success:yes 
   and the current positions is SHORT
2023-08-23 00:31:12,654
positions_future #1
2023-08-23 00:31:12,654
      symbol  positionAmt entryPrice  ...   updateTime  AUMs_account        w%
111  XRPUSDT        -23.2     0.5148  ...  22Aug-22:31         276.3 -0.043685

[1 rows x 9 columns]
2023-08-23 00:31:12,684
programm stoppeddd!!! 20230823_003112
