2024-04-23 00:31:08,637
ON program started 20240423 00:31:08,
US time: 20240422 20:31:08
2024-04-23 00:31:09,178
the strat is currently running @ 23-04-2024 and the target positions is SHORT
2024-04-23 00:31:10,585
CURRENT STATUS IS SHORT, WE CHECK IF THE DAY IS A NEGATIVE ONE
-----
return before 14h30:
BTCUSDT-0.08%, ETHUSDT+0.19%, XRPUSDT+0.14%
-----
target alloc initial:BTCUSDT-4.17%, ETHUSDT+0.00%, XRPUSDT-4.17%
-----
alloc target x rt%<0:BTCUSDT-4.17%, ETHUSDT+0.00%, XRPUSDT-0.00%
-----
           BTCUSDT ETHUSDT XRPUSDT
w_target     -4.2%    0.0%   -4.2%
rt_14h30    -0.00%   0.00%   0.00%
w_target_f   -4.2%    0.0%   -0.0%
2024-04-23 00:31:10,586
Portfolio was rebalanced less than 2 hours ago, 1.0 hours ago
2024-04-23 00:31:10,588
Status: prev = SHORT <> SHORT = target
2024-04-23 00:31:10,588
the strat is currently running @ 23-04-2024 and the target positions is SHORT
the strat was previously run @ 2024-04-22 23:30:58, success:yes 
   and the current positions is SHORT
2024-04-23 00:31:11,799
positions_future #0
2024-04-23 00:31:11,800
Empty DataFrame
Columns: [symbol, positionAmt, entryPrice, breakEvenPrice, markPrice, unRealizedProfit, value_usd, updateTime, isolated, adlQuantile, AUMs_account, w%]
Index: []
2024-04-23 00:31:11,858
programm stoppeddd!!! 20240423_003111
