2024-03-10 04:30:52,039
ON program started 20240310 04:30:52,
US time: 20240309 23:30:52
2024-03-10 04:30:52,518
the strat is currently running @ 10-03-2024 and the target positions is NEUTRAL
2024-03-10 04:30:53,910
CURRENT STATUS IS NEUTRAL
-----
return before 14h30:
BTCUSDT+1.55%, ETHUSDT+0.86%, XRPUSDT+0.69%
-----
target alloc initial:BTCUSDT+0.00%, ETHUSDT+0.00%, XRPUSDT+0.00%
-----
alloc target x rt%<0:BTCUSDT+0.00%, ETHUSDT+0.00%, XRPUSDT+0.00%
-----
           BTCUSDT ETHUSDT XRPUSDT
w_target      0.0%    0.0%    0.0%
rt_14h30     0.02%   0.01%   0.01%
w_target_f    0.0%    0.0%    0.0%
2024-03-10 04:30:53,911
Portfolio was rebalanced less than 2 hours ago, 1.0 hours ago
2024-03-10 04:30:53,912
Status: prev = NEUTRAL <> NEUTRAL = target
2024-03-10 04:30:53,912
the strat is currently running @ 10-03-2024 and the target positions is NEUTRAL
the strat was previously run @ 2024-03-10 03:31:15, success:yes 
   and the current positions is NEUTRAL
2024-03-10 04:30:55,115
positions_future #0
2024-03-10 04:30:55,115
Empty DataFrame
Columns: [symbol, positionAmt, entryPrice, breakEvenPrice, markPrice, unRealizedProfit, value_usd, updateTime, isolated, adlQuantile, AUMs_account, w%]
Index: []
2024-03-10 04:30:55,178
programm stoppeddd!!! 20240310_043055
