2024-08-27 00:30:55,841
ON program started 20240827 00:30:55,
US time: 20240826 20:30:55
2024-08-27 00:30:56,914
the strat is currently running @ 27-08-2024 and the target positions is SHORT
2024-08-27 00:30:58,241
CURRENT STATUS IS SHORT, WE CHECK IF THE DAY IS A NEGATIVE ONE
-----
return before 14h30:
BTCUSDT+0.18%, ETHUSDT+0.34%, XRPUSDT+0.19%
-----
target alloc initial:BTCUSDT-4.17%, ETHUSDT+0.00%, XRPUSDT-4.17%
-----
alloc target x rt%<0:BTCUSDT-0.00%, ETHUSDT+0.00%, XRPUSDT-0.00%
-----
           BTCUSDT ETHUSDT XRPUSDT
w_target     -4.2%    0.0%   -4.2%
rt_14h30     0.00%   0.00%   0.00%
w_target_f   -0.0%    0.0%   -0.0%
2024-08-27 00:30:58,242
Portfolio was rebalanced less than 2 hours ago, 1.0 hours ago
2024-08-27 00:30:58,244
Status: prev = SHORT <> SHORT = target
2024-08-27 00:30:58,244
the strat is currently running @ 27-08-2024 and the target positions is SHORT
the strat was previously run @ 2024-08-26 23:30:54, success:yes 
   and the current positions is SHORT
2024-08-27 00:30:59,369
positions_future #1
2024-08-27 00:30:59,369
      symbol  positionAmt entryPrice  ... adlQuantile AUMs_account        w%
136  XRPUSDT        -21.8     0.5873  ...           1        302.2 -0.042417

[1 rows x 12 columns]
2024-08-27 00:30:59,447
programm stoppeddd!!! 20240827_003059
