2024-05-04 19:31:08,783
ON program started 20240504 19:31:08,
US time: 20240504 15:31:08
2024-05-04 19:31:09,462
the strat is currently running @ 04-05-2024 and the target positions is LONG
2024-05-04 19:31:11,319
CURRENT STATUS IS LONG
-----
return before 14h30:
BTCUSDT+1.35%, ETHUSDT+0.87%, XRPUSDT+1.00%
-----
target alloc initial:BTCUSDT+16.67%, ETHUSDT+16.67%, XRPUSDT+16.67%
-----
alloc target x rt%<0:BTCUSDT+16.67%, ETHUSDT+16.67%, XRPUSDT+16.67%
-----
           BTCUSDT ETHUSDT XRPUSDT
w_target     16.7%   16.7%   16.7%
rt_14h30     0.01%   0.01%   0.01%
w_target_f   16.7%   16.7%   16.7%
2024-05-04 19:31:11,321
Portfolio was rebalanced less than 2 hours ago, 1.0 hours ago
2024-05-04 19:31:11,325
Status: prev = LONG <> LONG = target
2024-05-04 19:31:11,325
the strat is currently running @ 04-05-2024 and the target positions is LONG
the strat was previously run @ 2024-05-04 18:31:03, success:? 
   and the current positions is LONG
2024-05-04 19:31:12,592
positions_future #2
2024-05-04 19:31:12,592
      symbol  positionAmt entryPrice  ... adlQuantile AUMs_account        w%
134  XRPUSDT       88.200      0.534  ...           1        284.0  0.165348
167  ETHUSDT        0.015    3125.39  ...           1        284.0  0.164807

[2 rows x 12 columns]
2024-05-04 19:31:12,855
------------------------------
binance_account_balance
2024-05-04 19:31:12,855
  asset     balance  ...  marginAvailable   updateTime
6  USDT  284.186802  ...             True  04May-18:37

[1 rows x 8 columns]
2024-05-04 19:31:13,532
------------------------------
open_orders
2024-05-04 19:31:13,532
Empty DataFrame
Columns: []
Index: []
2024-05-04 19:31:14,189
------------------------------
AUMS account:283

2024-05-04 19:31:14,191
--------------- compute_futures_order_book() ----------------
2024-05-04 19:31:15,758
----------------------------------------------------------------------
#0 order(s) to place
gross$: 0$ | net$: +0$
gross%: 0% | net%: +0%
 || w>0%  +0% | w<0%  0%
----------------------------------------------------------------------
PTF Expo% 33.1% >> 50.0% (current>>target)
PTF expo $94.0 >> $142 (current>>target)
----------------------------------------------------------------------
2024-05-04 19:31:15,760
orders_ofthe_day
2024-05-04 19:31:15,760
Empty DataFrame
Columns: [ptf_usd, target_usd, totrd_usd, posttrd_usd, qty, posttrd_qty, posttrd_w, bid, ask, strategy]
Index: []
2024-05-04 19:31:15,834
Orders of the day is empty, current and target potfolios are aligned
2024-05-04 19:31:15,834
Program stopped
