2024-09-30 19:30:51,012
ON program started 20240930 19:30:51,
US time: 20240930 15:30:51
2024-09-30 19:30:51,468
the strat is currently running @ 30-09-2024 and the target positions is LONG
2024-09-30 19:30:52,781
CURRENT STATUS IS LONG
-----
return before 14h30:
BTCUSDT-2.63%, ETHUSDT-1.22%, XRPUSDT-2.07%
-----
target alloc initial:BTCUSDT+16.67%, ETHUSDT+16.67%, XRPUSDT+16.67%
-----
alloc target x rt%<0:BTCUSDT+16.67%, ETHUSDT+16.67%, XRPUSDT+16.67%
-----
           BTCUSDT ETHUSDT XRPUSDT
w_target     16.7%   16.7%   16.7%
rt_14h30    -0.03%  -0.01%  -0.02%
w_target_f   16.7%   16.7%   16.7%
2024-09-30 19:30:52,782
Portfolio was rebalanced less than 2 hours ago, 1.0 hours ago
2024-09-30 19:30:52,784
Status: prev = LONG <> LONG = target
2024-09-30 19:30:52,784
the strat is currently running @ 30-09-2024 and the target positions is LONG
the strat was previously run @ 2024-09-30 18:30:55, success:? 
   and the current positions is LONG
2024-09-30 19:30:53,340
positions_future #2
2024-09-30 19:30:53,340
      symbol  positionAmt entryPrice  ... adlQuantile AUMs_account        w%
146  XRPUSDT       79.200     0.6181  ...           2        292.0  0.168994
183  ETHUSDT        0.019    2576.71  ...           2        292.0  0.168644

[2 rows x 12 columns]
2024-09-30 19:30:53,574
------------------------------
binance_account_balance
2024-09-30 19:30:53,574
  asset     balance  ...  marginAvailable   updateTime
4  USDT  291.291938  ...             True  30Sep-18:31

[1 rows x 8 columns]
2024-09-30 19:30:54,217
------------------------------
open_orders
2024-09-30 19:30:54,217
Empty DataFrame
Columns: []
Index: []
2024-09-30 19:30:54,843
------------------------------
AUMS account:291

2024-09-30 19:30:54,845
--------------- compute_futures_order_book() ----------------
2024-09-30 19:30:56,332
----------------------------------------------------------------------
#0 order(s) to place
gross$: 0$ | net$: +0$
gross%: 0% | net%: +0%
 || w>0%  +0% | w<0%  0%
----------------------------------------------------------------------
PTF Expo% 33.5% >> 50.0% (current>>target)
PTF expo $98.0 >> $146 (current>>target)
----------------------------------------------------------------------
2024-09-30 19:30:56,333
orders_ofthe_day
2024-09-30 19:30:56,333
Empty DataFrame
Columns: [ptf_usd, target_usd, totrd_usd, posttrd_usd, qty, posttrd_qty, posttrd_w, bid, ask, strategy]
Index: []
2024-09-30 19:30:56,392
Orders of the day is empty, current and target potfolios are aligned
2024-09-30 19:30:56,392
Program stopped
