2024-09-27 22:30:46,656
ON program started 20240927 22:30:46,
US time: 20240927 18:30:46
2024-09-27 22:30:47,138
the strat is currently running @ 27-09-2024 and the target positions is SHORT
2024-09-27 22:30:48,551
CURRENT STATUS IS SHORT, WE CHECK IF THE DAY IS A NEGATIVE ONE
-----
return before 14h30:
BTCUSDT+0.77%, ETHUSDT+1.16%, XRPUSDT-0.27%
-----
target alloc initial:BTCUSDT-4.17%, ETHUSDT+0.00%, XRPUSDT-4.17%
-----
alloc target x rt%<0:BTCUSDT-0.00%, ETHUSDT+0.00%, XRPUSDT-4.17%
-----
           BTCUSDT ETHUSDT XRPUSDT
w_target     -4.2%    0.0%   -4.2%
rt_14h30     0.01%   0.01%  -0.00%
w_target_f   -0.0%    0.0%   -4.2%
2024-09-27 22:30:48,552
Portfolio was rebalanced less than 2 hours ago, 1.0 hours ago
2024-09-27 22:30:48,553
Status: prev = SHORT <> LONG = target
2024-09-27 22:30:48,553
the strat is currently running @ 27-09-2024 and the target positions is SHORT
the strat was previously run @ 2024-09-27 21:31:02, success:? 
   and the current positions is LONG
2024-09-27 22:30:49,758
positions_future #1
2024-09-27 22:30:49,758
      symbol  positionAmt entryPrice  ... adlQuantile AUMs_account        w%
182  ETHUSDT        0.018    2687.01  ...           1        293.7  0.165418

[1 rows x 12 columns]
2024-09-27 22:30:50,003
------------------------------
binance_account_balance
2024-09-27 22:30:50,003
  asset     balance  ...  marginAvailable   updateTime
4  USDT  293.475286  ...             True  27Sep-18:31

[1 rows x 8 columns]
2024-09-27 22:30:50,457
------------------------------
open_orders
2024-09-27 22:30:50,457
Empty DataFrame
Columns: []
Index: []
2024-09-27 22:30:51,112
------------------------------
AUMS account:293

2024-09-27 22:30:51,114
--------------- compute_futures_order_book() ----------------
2024-09-27 22:30:52,673
----------------------------------------------------------------------
#2 order(s) to place
gross$: 61$ | net$: -61$
gross%: 21% | net%: -21%
 || w>0%  +0% | w<0%  -21%
----------------------------------------------------------------------
PTF Expo% 16.6% >> -4.1% (current>>target)
PTF expo $49.0 >> $-12 (current>>target)
----------------------------------------------------------------------
2024-09-27 22:30:52,675
orders_ofthe_day
2024-09-27 22:30:52,675
                  ptf_usd  target_usd  totrd_usd  ...        bid        ask strategy
2024-09-27 22:30                                  ...                               
ETHUSDT              49.0        0.00      -49.0  ...  2698.6700  2698.6800  STRATON
XRPUSDT               0.0      -12.25      -12.0  ...     0.5872     0.5873  STRATON

[2 rows x 10 columns]
2024-09-27 22:30:54,816
binance_place_orders_peg 20240927_223054
2024-09-27 22:30:55,256
{'orderId': 8389765738733665546, 'symbol': 'ETHUSDT', 'status': 'NEW', 'clientOrderId': 'STRATON', 'price': '2700.03', 'avgPrice': '0.00', 'origQty': '0.018', 'executedQty': '0.000', 'cumQty': '0.000', 'cumQuote': '0.00000', 'timeInForce': 'GTC', 'type': 'LIMIT', 'reduceOnly': True, 'closePosition': False, 'side': 'SELL', 'positionSide': 'BOTH', 'stopPrice': '0.00', 'workingType': 'CONTRACT_PRICE', 'priceProtect': False, 'origType': 'LIMIT', 'priceMatch': 'NONE', 'selfTradePreventionMode': 'NONE', 'goodTillDate': 0, 'updateTime': 1727476255147}
2024-09-27 22:30:55,695
{'orderId': 66500985239, 'symbol': 'XRPUSDT', 'status': 'NEW', 'clientOrderId': 'STRATON', 'price': '0.5876', 'avgPrice': '0.00', 'origQty': '20.4', 'executedQty': '0.0', 'cumQty': '0.0', 'cumQuote': '0.00000', 'timeInForce': 'GTC', 'type': 'LIMIT', 'reduceOnly': False, 'closePosition': False, 'side': 'SELL', 'positionSide': 'BOTH', 'stopPrice': '0.0000', 'workingType': 'CONTRACT_PRICE', 'priceProtect': False, 'origType': 'LIMIT', 'priceMatch': 'NONE', 'selfTradePreventionMode': 'NONE', 'goodTillDate': 0, 'updateTime': 1727476255585}
2024-09-27 22:30:57,268
update 0: filled 0 / 2 () | working 2 / 2 (-ETHUSDT,-XRPUSDT)
2024-09-27 22:31:01,269
-ETHUSDT: bp5.0|-XRPUSDT: bp5.0|
2024-09-27 22:31:02,149
update 1: filled 0 / 2 () | working 2 / 2 (-ETHUSDT,-XRPUSDT)
2024-09-27 22:31:06,149
-ETHUSDT: bp5.0|-XRPUSDT: bp7.0|
2024-09-27 22:31:07,029
update 2: filled 0 / 2 () | working 2 / 2 (-ETHUSDT,-XRPUSDT)
2024-09-27 22:31:11,030
-ETHUSDT: bp5.0|-XRPUSDT: bp5.0|
2024-09-27 22:31:11,910
update 3: filled 0 / 2 () | working 2 / 2 (-ETHUSDT,-XRPUSDT)
2024-09-27 22:31:15,911
-ETHUSDT: bp4.0|-XRPUSDT: bp5.0|
2024-09-27 22:31:16,793
update 4: filled 0 / 2 () | working 2 / 2 (-ETHUSDT,-XRPUSDT)
2024-09-27 22:31:20,793
-ETHUSDT: bp3.0|-XRPUSDT: bp5.0|
2024-09-27 22:31:21,671
update 5: filled 0 / 2 () | working 2 / 2 (-ETHUSDT,-XRPUSDT)
2024-09-27 22:31:25,672
-ETHUSDT: bp4.0|-XRPUSDT: bp5.0|
2024-09-27 22:31:26,551
update 6: filled 0 / 2 () | working 2 / 2 (-ETHUSDT,-XRPUSDT)
2024-09-27 22:31:30,551
-ETHUSDT: bp4.0|-XRPUSDT: bp5.0|
2024-09-27 22:31:31,430
update 7: filled 0 / 2 () | working 2 / 2 (-ETHUSDT,-XRPUSDT)
2024-09-27 22:31:35,431
-ETHUSDT: bp4.0|-XRPUSDT: bp3.0|
2024-09-27 22:31:36,309
update 8: filled 0 / 2 () | working 2 / 2 (-ETHUSDT,-XRPUSDT)
2024-09-27 22:31:40,310
-ETHUSDT: bp4.0|-XRPUSDT: bp3.0|
2024-09-27 22:31:41,187
update 9: filled 0 / 2 () | working 2 / 2 (-ETHUSDT,-XRPUSDT)
2024-09-27 22:31:45,188
-ETHUSDT: bp6.0|-XRPUSDT: bp5.0|
2024-09-27 22:31:46,073
update 10: filled 0 / 2 () | working 2 / 2 (-ETHUSDT,-XRPUSDT)
2024-09-27 22:31:50,074
-ETHUSDT: bp6.0|-XRPUSDT: bp3.0|
2024-09-27 22:31:50,953
update 11: filled 0 / 2 () | working 2 / 2 (-ETHUSDT,-XRPUSDT)
2024-09-27 22:31:54,954
-ETHUSDT: bp7.0|-XRPUSDT: bp7.0|
2024-09-27 22:31:55,833
update 12: filled 0 / 2 () | working 2 / 2 (-ETHUSDT,-XRPUSDT)
2024-09-27 22:31:59,834
-ETHUSDT: bp7.0|-XRPUSDT: bp5.0|
2024-09-27 22:32:00,712
update 13: filled 0 / 2 () | working 2 / 2 (-ETHUSDT,-XRPUSDT)
2024-09-27 22:32:04,712
-ETHUSDT: bp7.0|-XRPUSDT: bp5.0|
2024-09-27 22:32:05,590
update 14: filled 0 / 2 () | working 2 / 2 (-ETHUSDT,-XRPUSDT)
2024-09-27 22:32:09,591
-ETHUSDT: bp8.0|-XRPUSDT: bp5.0|
2024-09-27 22:32:09,591
Adjustment limit #1 ... 
 we cancel current orders and replace
2024-09-27 22:32:09,591
@+/-2.5bp limit 
2024-09-27 22:32:09,591
binance_cancel_and_replace_orders_peg 20240927_223209
2024-09-27 22:32:11,803
binance_place_orders_peg 20240927_223211
