2024-09-20 23:30:48,762
ON program started 20240920 23:30:48,
US time: 20240920 19:30:48
2024-09-20 23:30:49,558
the strat is currently running @ 20-09-2024 and the target positions is SHORT
2024-09-20 23:30:50,963
CURRENT STATUS IS SHORT, WE CHECK IF THE DAY IS A NEGATIVE ONE
-----
return before 14h30:
BTCUSDT-0.18%, ETHUSDT+2.55%, XRPUSDT-1.02%
-----
target alloc initial:BTCUSDT-4.17%, ETHUSDT+0.00%, XRPUSDT-4.17%
-----
alloc target x rt%<0:BTCUSDT-4.17%, ETHUSDT+0.00%, XRPUSDT-4.17%
-----
           BTCUSDT ETHUSDT XRPUSDT
w_target     -4.2%    0.0%   -4.2%
rt_14h30    -0.00%   0.03%  -0.01%
w_target_f   -4.2%    0.0%   -4.2%
2024-09-20 23:30:50,964
Portfolio was rebalanced less than 2 hours ago, 1.0 hours ago
2024-09-20 23:30:50,967
Status: prev = SHORT <> SHORT = target
2024-09-20 23:30:50,967
the strat is currently running @ 20-09-2024 and the target positions is SHORT
the strat was previously run @ 2024-09-20 22:30:36, success:? 
   and the current positions is SHORT
2024-09-20 23:30:51,557
positions_future #1
2024-09-20 23:30:51,557
      symbol  positionAmt entryPrice  ... adlQuantile AUMs_account        w%
180  ETHUSDT        0.019    2537.04  ...           1        295.0  0.164092

[1 rows x 12 columns]
2024-09-20 23:30:51,804
------------------------------
binance_account_balance
2024-09-20 23:30:51,804
  asset     balance  ...  marginAvailable   updateTime
4  USDT  294.768208  ...             True  20Sep-18:31

[1 rows x 8 columns]
2024-09-20 23:30:52,270
------------------------------
open_orders
2024-09-20 23:30:52,270
Empty DataFrame
Columns: []
Index: []
2024-09-20 23:30:53,352
------------------------------
AUMS account:294

2024-09-20 23:30:53,354
--------------- compute_futures_order_book() ----------------
2024-09-20 23:30:55,551
----------------------------------------------------------------------
#2 order(s) to place
gross$: 60$ | net$: -60$
gross%: 20% | net%: -20%
 || w>0%  +0% | w<0%  -20%
----------------------------------------------------------------------
PTF Expo% 16.2% >> -8.3% (current>>target)
PTF expo $48.0 >> $-24 (current>>target)
----------------------------------------------------------------------
2024-09-20 23:30:55,553
orders_ofthe_day
2024-09-20 23:30:55,553
                  ptf_usd  target_usd  totrd_usd  ...        bid        ask strategy
2024-09-20 23:30                                  ...                               
ETHUSDT              48.0         0.0      -48.0  ...  2547.4200  2547.4300  STRATON
XRPUSDT               0.0       -12.3      -12.0  ...     0.5852     0.5853  STRATON

[2 rows x 10 columns]
2024-09-20 23:30:57,882
binance_place_orders_peg 20240920_233057
2024-09-20 23:30:58,322
{'orderId': 8389765735136685361, 'symbol': 'ETHUSDT', 'status': 'NEW', 'clientOrderId': 'STRATON', 'price': '2548.70', 'avgPrice': '0.00', 'origQty': '0.019', 'executedQty': '0.000', 'cumQty': '0.000', 'cumQuote': '0.00000', 'timeInForce': 'GTC', 'type': 'LIMIT', 'reduceOnly': True, 'closePosition': False, 'side': 'SELL', 'positionSide': 'BOTH', 'stopPrice': '0.00', 'workingType': 'CONTRACT_PRICE', 'priceProtect': False, 'origType': 'LIMIT', 'priceMatch': 'NONE', 'selfTradePreventionMode': 'NONE', 'goodTillDate': 0, 'updateTime': 1726875058213}
2024-09-20 23:30:59,192
{'orderId': 66014009272, 'symbol': 'XRPUSDT', 'status': 'NEW', 'clientOrderId': 'STRATON', 'price': '0.5856', 'avgPrice': '0.00', 'origQty': '20.5', 'executedQty': '0.0', 'cumQty': '0.0', 'cumQuote': '0.00000', 'timeInForce': 'GTC', 'type': 'LIMIT', 'reduceOnly': False, 'closePosition': False, 'side': 'SELL', 'positionSide': 'BOTH', 'stopPrice': '0.0000', 'workingType': 'CONTRACT_PRICE', 'priceProtect': False, 'origType': 'LIMIT', 'priceMatch': 'NONE', 'selfTradePreventionMode': 'NONE', 'goodTillDate': 0, 'updateTime': 1726875059082}
2024-09-20 23:31:00,755
update 0: filled 0 / 2 () | working 2 / 2 (-ETHUSDT,-XRPUSDT)
2024-09-20 23:31:04,755
-ETHUSDT: bp5.0|-XRPUSDT: bp5.0|
2024-09-20 23:31:05,634
update 1: filled 0 / 2 () | working 2 / 2 (-ETHUSDT,-XRPUSDT)
2024-09-20 23:31:09,634
-ETHUSDT: bp4.0|-XRPUSDT: bp5.0|
2024-09-20 23:31:10,515
update 2: filled 0 / 2 () | working 2 / 2 (-ETHUSDT,-XRPUSDT)
2024-09-20 23:31:14,516
-ETHUSDT: bp4.0|-XRPUSDT: bp5.0|
2024-09-20 23:31:15,395
update 3: filled 0 / 2 () | working 2 / 2 (-ETHUSDT,-XRPUSDT)
2024-09-20 23:31:19,396
-ETHUSDT: bp4.0|-XRPUSDT: bp5.0|
2024-09-20 23:31:20,275
update 4: filled 0 / 2 () | working 2 / 2 (-ETHUSDT,-XRPUSDT)
2024-09-20 23:31:24,276
-ETHUSDT: bp5.0|-XRPUSDT: bp7.0|
2024-09-20 23:31:25,149
update 5: filled 0 / 2 () | working 2 / 2 (-ETHUSDT,-XRPUSDT)
2024-09-20 23:31:29,150
-ETHUSDT: bp5.0|-XRPUSDT: bp7.0|
2024-09-20 23:31:30,023
update 6: filled 0 / 2 () | working 2 / 2 (-ETHUSDT,-XRPUSDT)
2024-09-20 23:31:34,024
-ETHUSDT: bp6.0|-XRPUSDT: bp5.0|
2024-09-20 23:31:34,903
update 7: filled 0 / 2 () | working 2 / 2 (-ETHUSDT,-XRPUSDT)
2024-09-20 23:31:38,904
-ETHUSDT: bp6.0|-XRPUSDT: bp5.0|
2024-09-20 23:31:39,784
update 8: filled 0 / 2 () | working 2 / 2 (-ETHUSDT,-XRPUSDT)
2024-09-20 23:31:43,785
-ETHUSDT: bp6.0|-XRPUSDT: bp5.0|
2024-09-20 23:31:44,663
update 9: filled 0 / 2 () | working 2 / 2 (-ETHUSDT,-XRPUSDT)
2024-09-20 23:31:48,664
-ETHUSDT: bp6.0|-XRPUSDT: bp5.0|
2024-09-20 23:31:49,540
update 10: filled 0 / 2 () | working 2 / 2 (-ETHUSDT,-XRPUSDT)
2024-09-20 23:31:53,541
-ETHUSDT: bp6.0|-XRPUSDT: bp3.0|
2024-09-20 23:31:54,416
update 11: filled 0 / 2 () | working 2 / 2 (-ETHUSDT,-XRPUSDT)
2024-09-20 23:31:58,417
-ETHUSDT: bp6.0|-XRPUSDT: bp3.0|
2024-09-20 23:31:59,291
update 12: filled 0 / 2 () | working 2 / 2 (-ETHUSDT,-XRPUSDT)
2024-09-20 23:32:03,291
-ETHUSDT: bp6.0|-XRPUSDT: bp2.0|
2024-09-20 23:32:04,167
update 13: filled 0 / 2 () | working 2 / 2 (-ETHUSDT,-XRPUSDT)
2024-09-20 23:32:08,168
-ETHUSDT: bp6.0|-XRPUSDT: bp2.0|
2024-09-20 23:32:09,046
update 14: filled 0 / 2 () | working 2 / 2 (-ETHUSDT,-XRPUSDT)
2024-09-20 23:32:13,047
-ETHUSDT: bp6.0|-XRPUSDT: bp2.0|
2024-09-20 23:32:13,047
Adjustment limit #1 ... 
 we cancel current orders and replace
2024-09-20 23:32:13,047
@+/-2.5bp limit 
2024-09-20 23:32:13,047
binance_cancel_and_replace_orders_peg 20240920_233213
2024-09-20 23:32:16,508
binance_place_orders_peg 20240920_233216
