2023-12-18 23:30:29,070
ON program started 20231218 23:30:29,
US time: 20231218 18:30:29
2023-12-18 23:30:29,547
the strat is currently running @ 18-12-2023 and the target positions is SHORT
2023-12-18 23:30:31,806
CURRENT STATUS IS SHORT, WE CHECK IF THE DAY IS A NEGATIVE ONE
-----
return before 14h30:
BTCUSDT+1.11%, ETHUSDT-0.19%, XRPUSDT-0.76%
-----
target alloc initial:BTCUSDT-4.17%, ETHUSDT+0.00%, XRPUSDT-4.17%
-----
alloc target x rt%<0:BTCUSDT-0.00%, ETHUSDT+0.00%, XRPUSDT-4.17%
-----
           BTCUSDT ETHUSDT XRPUSDT
w_target     -4.2%    0.0%   -4.2%
rt_14h30     0.01%  -0.00%  -0.01%
w_target_f   -0.0%    0.0%   -4.2%
2023-12-18 23:30:31,808
Portfolio was rebalanced less than 2 hours ago, 1.0 hours ago
2023-12-18 23:30:31,810
Status: prev = SHORT <> LONG = target
2023-12-18 23:30:31,810
the strat is currently running @ 18-12-2023 and the target positions is SHORT
the strat was previously run @ 2023-12-18 22:31:05 UTC, success:yes 
   and the current positions is LONG
2023-12-18 23:30:33,030
positions_future #2
2023-12-18 23:30:33,030
      symbol  positionAmt entryPrice  ... adlQuantile AUMs_account        w%
160  ETHUSDT        0.022     2173.2  ...           2        292.4  0.166851
126  XRPUSDT       79.300     0.6049  ...           2        292.4  0.165978

[2 rows x 12 columns]
2023-12-18 23:30:33,271
------------------------------
binance_account_balance
2023-12-18 23:30:33,272
  asset     balance  ...  marginAvailable   updateTime
5  USDT  290.881151  ...             True  18Dec-19:32

[1 rows x 8 columns]
2023-12-18 23:30:33,939
------------------------------
open_orders
2023-12-18 23:30:33,939
Empty DataFrame
Columns: []
Index: []
2023-12-18 23:30:34,595
------------------------------
AUMS account:292

2023-12-18 23:30:34,598
--------------- compute_futures_order_book() ----------------
2023-12-18 23:30:36,148
----------------------------------------------------------------------
#2 order(s) to place
gross$: 110$ | net$: -110$
gross%: 38% | net%: -38%
 || w>0%  +0% | w<0%  -38%
----------------------------------------------------------------------
PTF Expo% 33.5% >> -4.1% (current>>target)
PTF expo $98.0 >> $-12 (current>>target)
----------------------------------------------------------------------
2023-12-18 23:30:36,149
orders_ofthe_day
2023-12-18 23:30:36,149
                  ptf_usd  target_usd  ...        bid       ask
2023-12-18 23:30                       ...                     
XRPUSDT              49.0      -12.19  ...     0.6119     0.612
ETHUSDT              49.0        0.00  ...  2217.5900  2217.600

[2 rows x 9 columns]
2023-12-18 23:30:37,674
binance_place_orders_peg 20231218_233037
2023-12-18 23:30:38,111
{'orderId': 47038256441, 'symbol': 'XRPUSDT', 'status': 'NEW', 'clientOrderId': 'f62SYMnZuaSVYFgh3IZ9jm', 'price': '0.6124', 'avgPrice': '0.00', 'origQty': '99.7', 'executedQty': '0.0', 'cumQty': '0.0', 'cumQuote': '0.00000', 'timeInForce': 'GTC', 'type': 'LIMIT', 'reduceOnly': False, 'closePosition': False, 'side': 'SELL', 'positionSide': 'BOTH', 'stopPrice': '0.0000', 'workingType': 'CONTRACT_PRICE', 'priceProtect': False, 'origType': 'LIMIT', 'priceMatch': 'NONE', 'selfTradePreventionMode': 'NONE', 'goodTillDate': 0, 'updateTime': 1702942238002}
2023-12-18 23:30:38,553
{'orderId': 8389765636078218809, 'symbol': 'ETHUSDT', 'status': 'NEW', 'clientOrderId': 'KM6R96h2PFZH3TwJ1Jc3u0', 'price': '2218.53', 'avgPrice': '0.00', 'origQty': '0.022', 'executedQty': '0.000', 'cumQty': '0.000', 'cumQuote': '0.00000', 'timeInForce': 'GTC', 'type': 'LIMIT', 'reduceOnly': False, 'closePosition': False, 'side': 'SELL', 'positionSide': 'BOTH', 'stopPrice': '0.00', 'workingType': 'CONTRACT_PRICE', 'priceProtect': False, 'origType': 'LIMIT', 'priceMatch': 'NONE', 'selfTradePreventionMode': 'NONE', 'goodTillDate': 0, 'updateTime': 1702942238443}
2023-12-18 23:30:40,131
update 0: filled 0 / 2 () | working 2 / 2 (-XRPUSDT,-ETHUSDT)
2023-12-18 23:30:44,132
-XRPUSDT: bp5.0|-ETHUSDT: bp5.0|
2023-12-18 23:30:45,003
update 1: filled 0 / 2 () | working 2 / 2 (-XRPUSDT,-ETHUSDT)
2023-12-18 23:30:49,004
-XRPUSDT: bp7.0|-ETHUSDT: bp5.0|
2023-12-18 23:30:49,875
update 2: filled 0 / 2 () | working 2 / 2 (-XRPUSDT,-ETHUSDT)
2023-12-18 23:30:53,875
-XRPUSDT: bp7.0|-ETHUSDT: bp6.0|
2023-12-18 23:30:54,747
update 3: filled 0 / 2 () | working 2 / 2 (-XRPUSDT,-ETHUSDT)
2023-12-18 23:30:58,748
-XRPUSDT: bp8.0|-ETHUSDT: bp6.0|
2023-12-18 23:30:59,619
update 4: filled 0 / 2 () | working 2 / 2 (-XRPUSDT,-ETHUSDT)
2023-12-18 23:31:03,619
-XRPUSDT: bp11.0|-ETHUSDT: bp9.0|
2023-12-18 23:31:04,490
update 5: filled 0 / 2 () | working 2 / 2 (-XRPUSDT,-ETHUSDT)
2023-12-18 23:31:08,490
-XRPUSDT: bp11.0|-ETHUSDT: bp10.0|
2023-12-18 23:31:09,365
update 6: filled 0 / 2 () | working 2 / 2 (-XRPUSDT,-ETHUSDT)
2023-12-18 23:31:13,366
-XRPUSDT: bp11.0|-ETHUSDT: bp7.0|
2023-12-18 23:31:14,238
update 7: filled 0 / 2 () | working 2 / 2 (-XRPUSDT,-ETHUSDT)
2023-12-18 23:31:18,239
-XRPUSDT: bp7.0|-ETHUSDT: bp7.0|
2023-12-18 23:31:19,112
update 8: filled 0 / 2 () | working 2 / 2 (-XRPUSDT,-ETHUSDT)
2023-12-18 23:31:23,112
-XRPUSDT: bp8.0|-ETHUSDT: bp4.0|
2023-12-18 23:31:23,984
update 9: filled 0 / 2 () | working 2 / 2 (-XRPUSDT,-ETHUSDT)
2023-12-18 23:31:27,985
-XRPUSDT: bp8.0|-ETHUSDT: bp7.0|
2023-12-18 23:31:28,855
update 10: filled 0 / 2 () | working 2 / 2 (-XRPUSDT,-ETHUSDT)
2023-12-18 23:31:32,856
-XRPUSDT: bp10.0|-ETHUSDT: bp8.0|
2023-12-18 23:31:33,727
update 11: filled 0 / 2 () | working 2 / 2 (-XRPUSDT,-ETHUSDT)
2023-12-18 23:31:37,728
-XRPUSDT: bp10.0|-ETHUSDT: bp8.0|
2023-12-18 23:31:38,599
update 12: filled 0 / 2 () | working 2 / 2 (-XRPUSDT,-ETHUSDT)
2023-12-18 23:31:42,599
-XRPUSDT: bp10.0|-ETHUSDT: bp10.0|
2023-12-18 23:31:43,470
update 13: filled 0 / 2 () | working 2 / 2 (-XRPUSDT,-ETHUSDT)
2023-12-18 23:31:47,470
-XRPUSDT: bp15.0|-ETHUSDT: bp11.0|
2023-12-18 23:31:48,341
update 14: filled 0 / 2 () | working 2 / 2 (-XRPUSDT,-ETHUSDT)
2023-12-18 23:31:52,342
-XRPUSDT: bp13.0|-ETHUSDT: bp11.0|
2023-12-18 23:31:52,342
Adjustment limit #1 ... 
 we cancel current orders and replace
2023-12-18 23:31:52,342
@+/-2.5bp limit 
2023-12-18 23:31:52,342
binance_cancel_and_replace_orders_peg 20231218_233152
2023-12-18 23:31:53,661
binance_place_orders_peg 20231218_233153
2023-12-18 23:31:54,101
{'orderId': 47038319198, 'symbol': 'XRPUSDT', 'status': 'NEW', 'clientOrderId': 'f62SYMnZuaSVYFgh3IZ9jm', 'price': '0.6119', 'avgPrice': '0.00', 'origQty': '99.7', 'executedQty': '0.0', 'cumQty': '0.0', 'cumQuote': '0.00000', 'timeInForce': 'GTC', 'type': 'LIMIT', 'reduceOnly': False, 'closePosition': False, 'side': 'SELL', 'positionSide': 'BOTH', 'stopPrice': '0.0000', 'workingType': 'CONTRACT_PRICE', 'priceProtect': False, 'origType': 'LIMIT', 'priceMatch': 'NONE', 'selfTradePreventionMode': 'NONE', 'goodTillDate': 0, 'updateTime': 1702942313990}
2023-12-18 23:31:54,538
{'orderId': 8389765636078452544, 'symbol': 'ETHUSDT', 'status': 'NEW', 'clientOrderId': 'KM6R96h2PFZH3TwJ1Jc3u0', 'price': '2216.90', 'avgPrice': '0.00', 'origQty': '0.022', 'executedQty': '0.000', 'cumQty': '0.000', 'cumQuote': '0.00000', 'timeInForce': 'GTC', 'type': 'LIMIT', 'reduceOnly': False, 'closePosition': False, 'side': 'SELL', 'positionSide': 'BOTH', 'stopPrice': '0.00', 'workingType': 'CONTRACT_PRICE', 'priceProtect': False, 'origType': 'LIMIT', 'priceMatch': 'NONE', 'selfTradePreventionMode': 'NONE', 'goodTillDate': 0, 'updateTime': 1702942314427}
2023-12-18 23:31:55,413
update 0: filled 0 / 2 () | working 2 / 2 (-XRPUSDT,-ETHUSDT)
2023-12-18 23:31:59,413
-XRPUSDT: bp3.0|-ETHUSDT: bp3.0|
2023-12-18 23:32:00,285
update 1: filled 0 / 2 () | working 2 / 2 (-XRPUSDT,-ETHUSDT)
2023-12-18 23:32:04,286
-XRPUSDT: bp3.0|-ETHUSDT: bp2.0|
2023-12-18 23:32:05,157
update 2: filled 0 / 2 () | working 2 / 2 (-XRPUSDT,-ETHUSDT)
2023-12-18 23:32:09,157
-XRPUSDT: bp3.0|-ETHUSDT: bp3.0|
2023-12-18 23:32:10,030
update 3: filled 0 / 2 () | working 2 / 2 (-XRPUSDT,-ETHUSDT)
2023-12-18 23:32:14,030
-XRPUSDT: bp3.0|-ETHUSDT: bp4.0|
2023-12-18 23:32:14,904
update 4: filled 0 / 2 () | working 2 / 2 (-XRPUSDT,-ETHUSDT)
2023-12-18 23:32:18,905
-XRPUSDT: bp7.0|-ETHUSDT: bp5.0|
2023-12-18 23:32:19,777
update 5: filled 0 / 2 () | working 2 / 2 (-XRPUSDT,-ETHUSDT)
2023-12-18 23:32:23,778
-XRPUSDT: bp5.0|-ETHUSDT: bp3.0|
2023-12-18 23:32:24,649
update 6: filled 0 / 2 () | working 2 / 2 (-XRPUSDT,-ETHUSDT)
2023-12-18 23:32:28,650
-XRPUSDT: bp3.0|-ETHUSDT: bp2.0|
2023-12-18 23:32:29,521
update 7: filled 0 / 2 () | working 2 / 2 (-XRPUSDT,-ETHUSDT)
2023-12-18 23:32:33,521
-XRPUSDT: bp3.0|-ETHUSDT: bp3.0|
2023-12-18 23:32:34,393
update 8: filled 0 / 2 () | working 2 / 2 (-XRPUSDT,-ETHUSDT)
2023-12-18 23:32:38,393
-XRPUSDT: bp2.0|-ETHUSDT: bp1.0|
2023-12-18 23:32:39,265
update 9: filled 0 / 2 () | working 2 / 2 (-XRPUSDT,-ETHUSDT)
2023-12-18 23:32:43,266
-XRPUSDT: bp3.0|-ETHUSDT: bp1.0|
2023-12-18 23:32:44,141
update 10: filled 0 / 2 () | working 2 / 2 (-XRPUSDT,-ETHUSDT)
2023-12-18 23:32:48,141
-XRPUSDT: bp3.0|-ETHUSDT: bp1.0|
2023-12-18 23:32:49,014
update 11: filled 0 / 2 () | working 2 / 2 (-XRPUSDT,-ETHUSDT)
2023-12-18 23:32:53,015
-XRPUSDT: bp5.0|-ETHUSDT: bp4.0|
2023-12-18 23:32:53,887
update 12: filled 0 / 2 () | working 2 / 2 (-XRPUSDT,-ETHUSDT)
2023-12-18 23:32:57,887
-XRPUSDT: bp7.0|-ETHUSDT: bp5.0|
2023-12-18 23:32:58,761
update 13: filled 1 / 2 (-ETHUSDT) | working 1 / 2 (-XRPUSDT)
2023-12-18 23:33:02,762
-XRPUSDT: bp7.0|
2023-12-18 23:33:03,634
update 14: filled 1 / 2 (-ETHUSDT) | working 1 / 2 (-XRPUSDT)
2023-12-18 23:33:07,635
-XRPUSDT: bp3.0|
2023-12-18 23:33:07,635
Adjustment limit #2 ... 
 we cancel current orders and replace
2023-12-18 23:33:07,635
@+/-1.25bp limit 
2023-12-18 23:33:07,635
binance_cancel_and_replace_orders_peg 20231218_233307
2023-12-18 23:33:08,959
binance_place_orders_peg 20231218_233308
2023-12-18 23:33:09,402
{'orderId': 47038388079, 'symbol': 'XRPUSDT', 'status': 'NEW', 'clientOrderId': 'f62SYMnZuaSVYFgh3IZ9jm', 'price': '0.6119', 'avgPrice': '0.00', 'origQty': '99.7', 'executedQty': '0.0', 'cumQty': '0.0', 'cumQuote': '0.00000', 'timeInForce': 'GTC', 'type': 'LIMIT', 'reduceOnly': False, 'closePosition': False, 'side': 'SELL', 'positionSide': 'BOTH', 'stopPrice': '0.0000', 'workingType': 'CONTRACT_PRICE', 'priceProtect': False, 'origType': 'LIMIT', 'priceMatch': 'NONE', 'selfTradePreventionMode': 'NONE', 'goodTillDate': 0, 'updateTime': 1702942389285}
2023-12-18 23:33:10,274
update 0: filled 1 / 2 (-ETHUSDT) | working 1 / 2 (-XRPUSDT)
2023-12-18 23:33:14,275
-XRPUSDT: bp5.0|
2023-12-18 23:33:15,148
update 1: filled 1 / 2 (-ETHUSDT) | working 1 / 2 (-XRPUSDT)
2023-12-18 23:33:19,148
-XRPUSDT: bp3.0|
2023-12-18 23:33:20,021
update 2: filled 1 / 2 (-ETHUSDT) | working 1 / 2 (-XRPUSDT)
2023-12-18 23:33:24,021
-XRPUSDT: bp2.0|
2023-12-18 23:33:24,894
update 3: filled 1 / 2 (-ETHUSDT) | working 1 / 2 (-XRPUSDT)
2023-12-18 23:33:28,895
-XRPUSDT: bp2.0|
2023-12-18 23:33:29,767
update 4: filled 1 / 2 (-ETHUSDT) | working 1 / 2 (-XRPUSDT)
2023-12-18 23:33:33,768
-XRPUSDT: bp5.0|
2023-12-18 23:33:34,639
update 5: filled 2 / 2 (-ETHUSDT,-XRPUSDT) | working 0 / 2 ()
2023-12-18 23:33:40,632
Trades of the day
in$
as of: 18Dec 23:32>>23:33 (#trades: 2)
trade net: -110.0 (-37.6%), trade gross: +110.0 (+37.6%), BUY: +0.0 (+0.0%), SELL: -110.0 (-37.6%)
fees: $ 0.022 (2.0bp)
2023-12-18 23:33:41,084
Trades: 
Filled #2
______________________________________________
                   in$ | in bp 109 traded | in bp 292 AUMs
realizedPnl    +1.52   | +138    | +52    
PnLvsArrival   -0.02   | -2      | -1     
PnLvsLast      -0.01   | -1      | -0     
______________________________________________
                 | Value$ | PnL Arrival/Last 
______________________________________________
XRP:-99.7@0.6119 | -61$ | -0/-0.01
ETH:-0.022@2216.9 | -49$ | -0.02/-0
