2024-10-04 18:30:38,365
ON program started 20241004 18:30:38,
US time: 20241004 14:30:38
2024-10-04 18:30:38,892
the strat is currently running @ 04-10-2024 and the target positions is LONG
2024-10-04 18:30:40,209
CURRENT STATUS IS LONG
-----
return before 14h30:
BTCUSDT+1.36%, ETHUSDT+1.23%, XRPUSDT+0.31%
-----
target alloc initial:BTCUSDT+16.67%, ETHUSDT+16.67%, XRPUSDT+16.67%
-----
alloc target x rt%<0:BTCUSDT+16.67%, ETHUSDT+16.67%, XRPUSDT+16.67%
-----
           BTCUSDT ETHUSDT XRPUSDT
w_target     16.7%   16.7%   16.7%
rt_14h30     0.01%   0.01%   0.00%
w_target_f   16.7%   16.7%   16.7%
2024-10-04 18:30:40,210
Portfolio was rebalanced less than 2 hours ago, 15.0 hours ago
2024-10-04 18:30:40,213
Status: prev = LONG <> NEUTRAL = target
2024-10-04 18:30:40,213
the strat is currently running @ 04-10-2024 and the target positions is LONG
the strat was previously run @ 2024-10-04 03:30:48, success:yes 
   and the current positions is NEUTRAL
2024-10-04 18:30:41,362
positions_future #0
2024-10-04 18:30:41,362
Empty DataFrame
Columns: [symbol, positionAmt, entryPrice, breakEvenPrice, markPrice, unRealizedProfit, value_usd, updateTime, isolated, adlQuantile, AUMs_account, w%]
Index: []
2024-10-04 18:30:41,573
------------------------------
binance_account_balance
2024-10-04 18:30:41,573
  asset     balance  ...  marginAvailable   updateTime
4  USDT  286.507924  ...             True  04Oct-02:32

[1 rows x 8 columns]
2024-10-04 18:30:41,794
------------------------------
open_orders
2024-10-04 18:30:41,795
Empty DataFrame
Columns: []
Index: []
2024-10-04 18:30:42,417
------------------------------
AUMS account:286

2024-10-04 18:30:42,419
--------------- compute_futures_order_book() ----------------
2024-10-04 18:30:43,893
----------------------------------------------------------------------
#2 order(s) to place
gross$: 96$ | net$: +96$
gross%: 34% | net%: +34%
 || w>0%  +34% | w<0%  0%
----------------------------------------------------------------------
PTF Expo% 0.0% >> 50.0% (current>>target)
PTF expo $0.0 >> $143 (current>>target)
----------------------------------------------------------------------
2024-10-04 18:30:43,895
orders_ofthe_day
2024-10-04 18:30:43,896
                  ptf_usd  target_usd  totrd_usd  ...        bid        ask strategy
2024-10-04 18:30                                  ...                               
ETHUSDT               0.0       47.76       48.0  ...  2420.7200  2420.7300  STRATON
XRPUSDT               0.0       47.76       48.0  ...     0.5326     0.5327  STRATON

[2 rows x 10 columns]
2024-10-04 18:30:45,445
binance_place_orders_peg 20241004_183045
2024-10-04 18:30:45,859
{'orderId': 8389765742039531578, 'symbol': 'ETHUSDT', 'status': 'NEW', 'clientOrderId': 'STRATON', 'price': '2419.24', 'avgPrice': '0.00', 'origQty': '0.020', 'executedQty': '0.000', 'cumQty': '0.000', 'cumQuote': '0.00000', 'timeInForce': 'GTC', 'type': 'LIMIT', 'reduceOnly': False, 'closePosition': False, 'side': 'BUY', 'positionSide': 'BOTH', 'stopPrice': '0.00', 'workingType': 'CONTRACT_PRICE', 'priceProtect': False, 'origType': 'LIMIT', 'priceMatch': 'NONE', 'selfTradePreventionMode': 'NONE', 'goodTillDate': 0, 'updateTime': 1728066645755}
2024-10-04 18:30:46,275
{'orderId': 67088181968, 'symbol': 'XRPUSDT', 'status': 'NEW', 'clientOrderId': 'STRATON', 'price': '0.5325', 'avgPrice': '0.00', 'origQty': '90.1', 'executedQty': '0.0', 'cumQty': '0.0', 'cumQuote': '0.00000', 'timeInForce': 'GTC', 'type': 'LIMIT', 'reduceOnly': False, 'closePosition': False, 'side': 'BUY', 'positionSide': 'BOTH', 'stopPrice': '0.0000', 'workingType': 'CONTRACT_PRICE', 'priceProtect': False, 'origType': 'LIMIT', 'priceMatch': 'NONE', 'selfTradePreventionMode': 'NONE', 'goodTillDate': 0, 'updateTime': 1728066646171}
2024-10-04 18:30:47,746
update 0: filled 0 / 2 () | working 2 / 2 (+ETHUSDT,+XRPUSDT)
2024-10-04 18:30:51,747
+ETHUSDT: bp6.0|+XRPUSDT: bp8.0|
2024-10-04 18:30:52,572
update 1: filled 0 / 2 () | working 2 / 2 (+ETHUSDT,+XRPUSDT)
2024-10-04 18:30:56,573
+ETHUSDT: bp3.0|+XRPUSDT: bp8.0|
2024-10-04 18:30:57,400
update 2: filled 0 / 2 () | working 2 / 2 (+ETHUSDT,+XRPUSDT)
2024-10-04 18:31:01,401
+ETHUSDT: bp2.0|+XRPUSDT: bp6.0|
2024-10-04 18:31:02,229
update 3: filled 0 / 2 () | working 2 / 2 (+ETHUSDT,+XRPUSDT)
2024-10-04 18:31:06,230
+ETHUSDT: bp1.0|+XRPUSDT: bp6.0|
2024-10-04 18:31:07,056
update 4: filled 0 / 2 () | working 2 / 2 (+ETHUSDT,+XRPUSDT)
2024-10-04 18:31:11,057
+ETHUSDT: bp2.0|+XRPUSDT: bp6.0|
2024-10-04 18:31:11,887
update 5: filled 0 / 2 () | working 2 / 2 (+ETHUSDT,+XRPUSDT)
2024-10-04 18:31:15,888
+ETHUSDT: bp3.0|+XRPUSDT: bp4.0|
2024-10-04 18:31:16,713
update 6: filled 0 / 2 () | working 2 / 2 (+ETHUSDT,+XRPUSDT)
2024-10-04 18:31:20,714
+ETHUSDT: bp3.0|+XRPUSDT: bp4.0|
2024-10-04 18:31:21,539
update 7: filled 1 / 2 (+XRPUSDT) | working 1 / 2 (+ETHUSDT)
2024-10-04 18:31:25,540
+ETHUSDT: bp2.0|
2024-10-04 18:31:26,365
update 8: filled 2 / 2 (+ETHUSDT,+XRPUSDT) | working 0 / 2 ()
2024-10-04 18:31:32,668
Trades of the day
in$
as of: 04Oct 18:31>>18:31 (#trades: 2)
trade net: +96.0 (+33.5%), trade gross: +96.0 (+33.5%), BUY: +96.0 (+33.5%), SELL: +0.0 (+0.0%)
fees: $ 0.019 (2.0bp)
2024-10-04 18:31:33,095
Trades: 
Filled #2
______________________________________________
                   in$ | in bp 96 traded | in bp 286 AUMs
realizedPnl    +0      | +0      | +0     
PnLvsArrival   +0.04   | +4      | +1     
PnLvsLast      -0.03   | -3      | -1     
______________________________________________
                 | Value$ | PnL Arrival/Last 
______________________________________________
XRP:+90.1@0.5325 | +48$ | 0.01/-0.02
ETH:+0.02@2419.24 | +48$ | 0.03/-0.01
