2024-06-08 22:30:46,614
ON program started 20240608 22:30:46,
US time: 20240608 18:30:46
2024-06-08 22:30:47,569
the strat is currently running @ 08-06-2024 and the target positions is SHORT
2024-06-08 22:30:48,895
CURRENT STATUS IS SHORT, WE CHECK IF THE DAY IS A NEGATIVE ONE
-----
return before 14h30:
BTCUSDT+0.11%, ETHUSDT+0.24%, XRPUSDT-0.98%
-----
target alloc initial:BTCUSDT-4.17%, ETHUSDT+0.00%, XRPUSDT-4.17%
-----
alloc target x rt%<0:BTCUSDT-0.00%, ETHUSDT+0.00%, XRPUSDT-4.17%
-----
           BTCUSDT ETHUSDT XRPUSDT
w_target     -4.2%    0.0%   -4.2%
rt_14h30     0.00%   0.00%  -0.01%
w_target_f   -0.0%    0.0%   -4.2%
2024-06-08 22:30:48,896
Portfolio was rebalanced less than 2 hours ago, 1.0 hours ago
2024-06-08 22:30:48,897
Status: prev = SHORT <> LONG = target
2024-06-08 22:30:48,898
the strat is currently running @ 08-06-2024 and the target positions is SHORT
the strat was previously run @ 2024-06-08 21:30:40, success:yes 
   and the current positions is LONG
2024-06-08 22:30:50,020
positions_future #2
2024-06-08 22:30:50,020
      symbol  positionAmt entryPrice  ... adlQuantile AUMs_account        w%
128  XRPUSDT       97.100     0.4942  ...           2        290.0  0.165089
161  ETHUSDT        0.013    3690.53  ...           1        290.0  0.164646

[2 rows x 12 columns]
2024-06-08 22:30:50,247
------------------------------
binance_account_balance
2024-06-08 22:30:50,247
  asset     balance  ...  marginAvailable   updateTime
6  USDT  290.327677  ...             True  08Jun-18:34

[1 rows x 8 columns]
2024-06-08 22:30:50,867
------------------------------
open_orders
2024-06-08 22:30:50,867
Empty DataFrame
Columns: []
Index: []
2024-06-08 22:30:51,475
------------------------------
AUMS account:289

2024-06-08 22:30:51,476
--------------- compute_futures_order_book() ----------------
2024-06-08 22:30:52,928
----------------------------------------------------------------------
#2 order(s) to place
gross$: 108$ | net$: -108$
gross%: 37% | net%: -37%
 || w>0%  +0% | w<0%  -37%
----------------------------------------------------------------------
PTF Expo% 33.1% >> -4.1% (current>>target)
PTF expo $96.0 >> $-12 (current>>target)
----------------------------------------------------------------------
2024-06-08 22:30:52,930
orders_ofthe_day
2024-06-08 22:30:52,930
                  ptf_usd  target_usd  totrd_usd  ...        bid       ask strategy
2024-06-08 22:30                                  ...                              
XRPUSDT              48.0      -12.09      -60.0  ...     0.4929     0.493  STRATON
ETHUSDT              48.0        0.00      -48.0  ...  3672.6500  3672.660  STRATON

[2 rows x 10 columns]
2024-06-08 22:30:54,486
binance_place_orders_peg 20240608_223054
2024-06-08 22:30:54,897
{'orderId': 58100254823, 'symbol': 'XRPUSDT', 'status': 'NEW', 'clientOrderId': 'STRATON', 'price': '0.4932', 'avgPrice': '0.00', 'origQty': '121.7', 'executedQty': '0.0', 'cumQty': '0.0', 'cumQuote': '0.00000', 'timeInForce': 'GTC', 'type': 'LIMIT', 'reduceOnly': False, 'closePosition': False, 'side': 'SELL', 'positionSide': 'BOTH', 'stopPrice': '0.0000', 'workingType': 'CONTRACT_PRICE', 'priceProtect': False, 'origType': 'LIMIT', 'priceMatch': 'NONE', 'selfTradePreventionMode': 'NONE', 'goodTillDate': 0, 'updateTime': 1717885854792}
2024-06-08 22:30:55,307
{'orderId': 8389765689334931505, 'symbol': 'ETHUSDT', 'status': 'NEW', 'clientOrderId': 'STRATON', 'price': '3674.50', 'avgPrice': '0.00', 'origQty': '0.013', 'executedQty': '0.000', 'cumQty': '0.000', 'cumQuote': '0.00000', 'timeInForce': 'GTC', 'type': 'LIMIT', 'reduceOnly': False, 'closePosition': False, 'side': 'SELL', 'positionSide': 'BOTH', 'stopPrice': '0.00', 'workingType': 'CONTRACT_PRICE', 'priceProtect': False, 'origType': 'LIMIT', 'priceMatch': 'NONE', 'selfTradePreventionMode': 'NONE', 'goodTillDate': 0, 'updateTime': 1717885855203}
2024-06-08 22:30:56,768
update 0: filled 0 / 2 () | working 2 / 2 (-XRPUSDT,-ETHUSDT)
2024-06-08 22:31:00,769
-XRPUSDT: bp6.0|-ETHUSDT: bp5.0|
2024-06-08 22:31:01,584
update 1: filled 0 / 2 () | working 2 / 2 (-XRPUSDT,-ETHUSDT)
2024-06-08 22:31:05,585
-XRPUSDT: bp6.0|-ETHUSDT: bp5.0|
2024-06-08 22:31:06,405
update 2: filled 0 / 2 () | working 2 / 2 (-XRPUSDT,-ETHUSDT)
2024-06-08 22:31:10,406
-XRPUSDT: bp4.0|-ETHUSDT: bp5.0|
2024-06-08 22:31:11,224
update 3: filled 0 / 2 () | working 2 / 2 (-XRPUSDT,-ETHUSDT)
2024-06-08 22:31:15,225
-XRPUSDT: bp6.0|-ETHUSDT: bp5.0|
2024-06-08 22:31:16,038
update 4: filled 0 / 2 () | working 2 / 2 (-XRPUSDT,-ETHUSDT)
2024-06-08 22:31:20,039
-XRPUSDT: bp6.0|-ETHUSDT: bp2.0|
2024-06-08 22:31:20,854
update 5: filled 0 / 2 () | working 2 / 2 (-XRPUSDT,-ETHUSDT)
2024-06-08 22:31:24,855
-XRPUSDT: bp0.0|-ETHUSDT: bp1.0|
2024-06-08 22:31:25,670
update 6: filled 0 / 2 () | working 2 / 2 (-XRPUSDT,-ETHUSDT)
2024-06-08 22:31:29,671
-XRPUSDT: bp0.0|-ETHUSDT: bp1.0|
2024-06-08 22:31:30,487
update 7: filled 0 / 2 () | working 2 / 2 (-XRPUSDT,-ETHUSDT)
2024-06-08 22:31:34,490
-XRPUSDT: bp2.0|-ETHUSDT: bp4.0|
2024-06-08 22:31:35,311
update 8: filled 0 / 2 () | working 2 / 2 (-XRPUSDT,-ETHUSDT)
2024-06-08 22:31:39,312
-XRPUSDT: bp2.0|-ETHUSDT: bp4.0|
2024-06-08 22:31:40,127
update 9: filled 0 / 2 () | working 2 / 2 (-XRPUSDT,-ETHUSDT)
2024-06-08 22:31:44,128
-XRPUSDT: bp2.0|-ETHUSDT: bp2.0|
2024-06-08 22:31:44,943
update 10: filled 0 / 2 () | working 2 / 2 (-XRPUSDT,-ETHUSDT)
2024-06-08 22:31:48,944
-XRPUSDT: bp2.0|-ETHUSDT: bp2.0|
2024-06-08 22:31:49,759
update 11: filled 0 / 2 () | working 2 / 2 (-XRPUSDT,-ETHUSDT)
2024-06-08 22:31:53,760
-XRPUSDT: bp0.0|-ETHUSDT: bp2.0|
2024-06-08 22:31:54,575
update 12: filled 0 / 2 () | working 2 / 2 (-XRPUSDT,-ETHUSDT)
2024-06-08 22:31:58,576
-XRPUSDT: bp0.0|-ETHUSDT: bp2.0|
2024-06-08 22:31:59,388
update 13: filled 0 / 2 () | working 2 / 2 (-XRPUSDT,-ETHUSDT)
2024-06-08 22:32:03,390
-XRPUSDT: bp0.0|-ETHUSDT: bp3.0|
2024-06-08 22:32:04,209
update 14: filled 1 / 2 (-XRPUSDT) | working 1 / 2 (-ETHUSDT)
2024-06-08 22:32:08,210
-ETHUSDT: bp3.0|
2024-06-08 22:32:08,210
Adjustment limit #1 ... 
 we cancel current orders and replace
2024-06-08 22:32:08,210
@+/-2.5bp limit 
2024-06-08 22:32:08,210
binance_cancel_and_replace_orders_peg 20240608_223208
2024-06-08 22:32:09,647
binance_place_orders_peg 20240608_223209
2024-06-08 22:32:10,060
{'orderId': 8389765689335225878, 'symbol': 'ETHUSDT', 'status': 'NEW', 'clientOrderId': 'STRATON', 'price': '3674.62', 'avgPrice': '0.00', 'origQty': '0.013', 'executedQty': '0.000', 'cumQty': '0.000', 'cumQuote': '0.00000', 'timeInForce': 'GTC', 'type': 'LIMIT', 'reduceOnly': False, 'closePosition': False, 'side': 'SELL', 'positionSide': 'BOTH', 'stopPrice': '0.00', 'workingType': 'CONTRACT_PRICE', 'priceProtect': False, 'origType': 'LIMIT', 'priceMatch': 'NONE', 'selfTradePreventionMode': 'NONE', 'goodTillDate': 0, 'updateTime': 1717885929956}
2024-06-08 22:32:10,897
update 0: filled 1 / 2 (-XRPUSDT) | working 1 / 2 (-ETHUSDT)
2024-06-08 22:32:14,898
-ETHUSDT: bp3.0|
2024-06-08 22:32:15,716
update 1: filled 1 / 2 (-XRPUSDT) | working 1 / 2 (-ETHUSDT)
2024-06-08 22:32:19,717
-ETHUSDT: bp2.0|
2024-06-08 22:32:20,531
update 2: filled 1 / 2 (-XRPUSDT) | working 1 / 2 (-ETHUSDT)
2024-06-08 22:32:24,532
-ETHUSDT: bp2.0|
2024-06-08 22:32:25,346
update 3: filled 1 / 2 (-XRPUSDT) | working 1 / 2 (-ETHUSDT)
2024-06-08 22:32:29,347
-ETHUSDT: bp2.0|
2024-06-08 22:32:30,162
update 4: filled 1 / 2 (-XRPUSDT) | working 1 / 2 (-ETHUSDT)
2024-06-08 22:32:34,163
-ETHUSDT: bp2.0|
2024-06-08 22:32:34,977
update 5: filled 1 / 2 (-XRPUSDT) | working 1 / 2 (-ETHUSDT)
2024-06-08 22:32:38,978
-ETHUSDT: bp2.0|
2024-06-08 22:32:39,792
update 6: filled 2 / 2 (-XRPUSDT,-ETHUSDT) | working 0 / 2 ()
2024-06-08 22:32:46,065
Trades of the day
in$
as of: 08Jun 22:32>>22:32 (#trades: 2)
trade net: -108.0 (-37.2%), trade gross: +108.0 (+37.2%), BUY: +0.0 (+0.0%), SELL: -108.0 (-37.2%)
fees: $ 0.022 (2.0bp)
2024-06-08 22:32:46,488
Trades: 
Filled #2
______________________________________________
                   in$ | in bp 107 traded | in bp 289 AUMs
realizedPnl    -0.31   | -29     | -11    
PnLvsArrival   +0.06   | +6      | +2     
PnLvsLast      -0.01   | -1      | -0     
______________________________________________
                 | Value$ | PnL Arrival/Last 
______________________________________________
XRP:-121.7@0.4932 | -60$ | 0.03/-0.01
ETH:-0.013@3674.62 | -48$ | 0.03/-0
