2023-08-30 19:30:32,771
ON program started 20230830 19:30:32,
US time: 20230830 15:30:32
2023-08-30 19:30:33,316
the strat is currently running @ 30-08-2023 and the target positions is LONG
2023-08-30 19:30:34,729
CURRENT STATUS IS LONG
-----
return before 14h30:
BTCUSDT-0.81%, ETHUSDT-1.03%, XRPUSDT-1.67%
-----
target alloc initial:BTCUSDT+16.67%, ETHUSDT+16.67%, XRPUSDT+16.67%
-----
alloc target x rt%<0:BTCUSDT+16.67%, ETHUSDT+16.67%, XRPUSDT+16.67%
-----
           BTCUSDT ETHUSDT XRPUSDT
w_target     16.7%   16.7%   16.7%
rt_14h30    -0.01%  -0.01%  -0.02%
w_target_f   16.7%   16.7%   16.7%
2023-08-30 19:30:34,731
Portfolio was rebalanced less than 2 hours ago, 0.9 hours ago
2023-08-30 19:30:34,733
Status: prev = LONG <> LONG = target
2023-08-30 19:30:34,733
the strat is currently running @ 30-08-2023 and the target positions is LONG
the strat was previously run @ 2023-08-30 18:37:24 UTC, success:yes 
   and the current positions is LONG
2023-08-30 19:30:35,901
positions_future #3
2023-08-30 19:30:35,901
      symbol  positionAmt entryPrice  ...   updateTime  AUMs_account        w%
225  BTCUSDT        0.002    27151.0  ...  30Aug-18:34         275.5  0.197644
111  XRPUSDT       87.700     0.5243  ...  30Aug-18:37         275.5  0.167344
138  ETHUSDT        0.027    1697.97  ...  30Aug-18:34         275.5  0.166724

[3 rows x 9 columns]
2023-08-30 19:30:35,927
programm stoppeddd!!! 20230830_193035
