2023-08-01 19:30:33,131
ON program started 20230801 19:30:33,
US time: 20230801 15:30:33
2023-08-01 19:30:33,668
the strat is currently running @ 01-08-2023 and the target positions is LONG
2023-08-01 19:30:35,036
CURRENT STATUS IS LONG
-----
return before 14h30:
BTCUSDT+0.41%, ETHUSDT+0.60%, XRPUSDT+1.09%
-----
target alloc initial:BTCUSDT+16.67%, ETHUSDT+16.67%, XRPUSDT+16.67%
-----
alloc target x rt%<0:BTCUSDT+16.67%, ETHUSDT+16.67%, XRPUSDT+16.67%
-----
           BTCUSDT ETHUSDT XRPUSDT
w_target     16.7%   16.7%   16.7%
rt_14h30     0.00%   0.01%   0.01%
w_target_f   16.7%   16.7%   16.7%
2023-08-01 19:30:35,038
Portfolio was rebalanced less than 2 hours ago, 0.9 hours ago
2023-08-01 19:30:35,041
Status: prev = LONG <> LONG = target
2023-08-01 19:30:35,041
the strat is currently running @ 01-08-2023 and the target positions is LONG
the strat was previously run @ 2023-08-01 18:34:34 UTC, success:yes 
   and the current positions is LONG
2023-08-01 19:30:36,143
positions_future #3
2023-08-01 19:30:36,143
      symbol  positionAmt entryPrice  ...   updateTime  AUMs_account        w%
218  BTCUSDT        0.002    29126.4  ...  01Aug-18:34         293.7  0.199049
134  ETHUSDT        0.027    1845.29  ...  01Aug-18:34         293.7  0.170055
108  XRPUSDT       70.000     0.6979  ...  01Aug-18:31         293.7  0.166786

[3 rows x 9 columns]
2023-08-01 19:30:36,169
programm stoppeddd!!! 20230801_193036
