2023-10-23 18:30:50,367
ON program started 20231023 18:30:50,
US time: 20231023 14:30:50
2023-10-23 18:30:51,192
the strat is currently running @ 23-10-2023 and the target positions is LONG
2023-10-23 18:30:52,916
CURRENT STATUS IS LONG
-----
return before 14h30:
BTCUSDT+0.79%, ETHUSDT-0.45%, XRPUSDT+1.55%
-----
target alloc initial:BTCUSDT+16.67%, ETHUSDT+16.67%, XRPUSDT+16.67%
-----
alloc target x rt%<0:BTCUSDT+16.67%, ETHUSDT+16.67%, XRPUSDT+16.67%
-----
           BTCUSDT ETHUSDT XRPUSDT
w_target     16.7%   16.7%   16.7%
rt_14h30     0.01%  -0.00%   0.02%
w_target_f   16.7%   16.7%   16.7%
2023-10-23 18:30:52,918
Portfolio was rebalanced less than 2 hours ago, 15.0 hours ago
2023-10-23 18:30:52,920
Status: prev = LONG <> NEUTRAL = target
2023-10-23 18:30:52,920
the strat is currently running @ 23-10-2023 and the target positions is LONG
the strat was previously run @ 2023-10-23 03:30:31 UTC, success:yes 
   and the current positions is NEUTRAL
2023-10-23 18:30:54,048
positions_future #0
2023-10-23 18:30:54,049
Empty DataFrame
Columns: [symbol, positionAmt, entryPrice, breakEvenPrice, markPrice, unRealizedProfit, value_usd, updateTime, AUMs_account, w%]
Index: []
2023-10-23 18:30:54,263
------------------------------
binance_account_balance
2023-10-23 18:30:54,263
  asset     balance  ... marginAvailable   updateTime
5  USDT  278.313226  ...            True  22Oct-22:35

[1 rows x 8 columns]
2023-10-23 18:30:54,488
------------------------------
open_orders
2023-10-23 18:30:54,488
Empty DataFrame
Columns: []
Index: []
2023-10-23 18:30:55,118
------------------------------
AUMS account:278

2023-10-23 18:30:55,120
--------------- compute_futures_order_book() ----------------
2023-10-23 18:30:56,616
----------------------------------------------------------------------
#3 order(s) to place
gross$: 123$ | net$: +123$
gross%: 44% | net%: +44%
 || w>0%  +44% | w<0%  0%
----------------------------------------------------------------------
PTF Expo% 0.0% >> 50.0% (current>>target)
PTF expo $0.0 >> $139 (current>>target)
----------------------------------------------------------------------
2023-10-23 18:30:56,617
orders_ofthe_day
2023-10-23 18:30:56,617
                  ptf_usd  target_usd  ...         bid         ask
2023-10-23 18:30                       ...                        
ETHUSDT               0.0       46.39  ...   1690.0600   1690.0700
XRPUSDT               0.0       46.39  ...      0.5325      0.5326
BTCUSDT               0.0       46.39  ...  30987.7000  30987.8000

[3 rows x 9 columns]
2023-10-23 18:31:01,463
binance_place_orders_peg 20231023_183101
2023-10-23 18:31:01,887
{'orderId': 8389765622739151967, 'symbol': 'ETHUSDT', 'status': 'NEW', 'clientOrderId': 'UIkG7b3VJfFSN3SU2u35yp', 'price': '1689.10', 'avgPrice': '0.00', 'origQty': '0.027', 'executedQty': '0.000', 'cumQty': '0.000', 'cumQuote': '0.00000', 'timeInForce': 'GTC', 'type': 'LIMIT', 'reduceOnly': False, 'closePosition': False, 'side': 'BUY', 'positionSide': 'BOTH', 'stopPrice': '0.00', 'workingType': 'CONTRACT_PRICE', 'priceProtect': False, 'origType': 'LIMIT', 'priceMatch': 'NONE', 'selfTradePreventionMode': 'NONE', 'goodTillDate': 0, 'updateTime': 1698085861785}
2023-10-23 18:31:02,316
{'orderId': 43590186516, 'symbol': 'XRPUSDT', 'status': 'NEW', 'clientOrderId': 'zzNO7VaEPoo5KXDcSKo7dW', 'price': '0.5323', 'avgPrice': '0.00', 'origQty': '87.1', 'executedQty': '0.0', 'cumQty': '0.0', 'cumQuote': '0.00000', 'timeInForce': 'GTC', 'type': 'LIMIT', 'reduceOnly': False, 'closePosition': False, 'side': 'BUY', 'positionSide': 'BOTH', 'stopPrice': '0.0000', 'workingType': 'CONTRACT_PRICE', 'priceProtect': False, 'origType': 'LIMIT', 'priceMatch': 'NONE', 'selfTradePreventionMode': 'NONE', 'goodTillDate': 0, 'updateTime': 1698085862208}
2023-10-23 18:31:02,741
{'orderId': 201750491351, 'symbol': 'BTCUSDT', 'status': 'NEW', 'clientOrderId': 'Uw0H9uI57gWZsZ2jM4QaQ7', 'price': '30965.50', 'avgPrice': '0.00', 'origQty': '0.001', 'executedQty': '0.000', 'cumQty': '0.000', 'cumQuote': '0.00000', 'timeInForce': 'GTC', 'type': 'LIMIT', 'reduceOnly': False, 'closePosition': False, 'side': 'BUY', 'positionSide': 'BOTH', 'stopPrice': '0.00', 'workingType': 'CONTRACT_PRICE', 'priceProtect': False, 'origType': 'LIMIT', 'priceMatch': 'NONE', 'selfTradePreventionMode': 'NONE', 'goodTillDate': 0, 'updateTime': 1698085862634}
2023-10-23 18:31:04,691
update 0: filled 0 / 3 () | working 3 / 3 (+ETHUSDT,+XRPUSDT,+BTCUSDT)
2023-10-23 18:31:08,691
+ETHUSDT: bp5.0|+XRPUSDT: bp6.0|+BTCUSDT: bp5.0|
2023-10-23 18:31:09,958
update 1: filled 0 / 3 () | working 3 / 3 (+ETHUSDT,+XRPUSDT,+BTCUSDT)
2023-10-23 18:31:13,958
+ETHUSDT: bp5.0|+XRPUSDT: bp6.0|+BTCUSDT: bp5.0|
2023-10-23 18:31:15,224
update 2: filled 0 / 3 () | working 3 / 3 (+ETHUSDT,+XRPUSDT,+BTCUSDT)
2023-10-23 18:31:19,225
+ETHUSDT: bp5.0|+XRPUSDT: bp6.0|+BTCUSDT: bp3.0|
2023-10-23 18:31:20,491
update 3: filled 0 / 3 () | working 3 / 3 (+ETHUSDT,+XRPUSDT,+BTCUSDT)
2023-10-23 18:31:24,492
+ETHUSDT: bp1.0|+XRPUSDT: bp-0.0|+BTCUSDT: bp0.0|
2023-10-23 18:31:25,757
update 4: filled 2 / 3 (+ETHUSDT,+BTCUSDT) | working 1 / 3 (+XRPUSDT)
2023-10-23 18:31:29,757
+XRPUSDT: bp2.0|
2023-10-23 18:31:31,021
update 5: filled 3 / 3 (+ETHUSDT,+XRPUSDT,+BTCUSDT) | working 0 / 3 ()
2023-10-23 18:31:37,791
Trades of the day
in$
as of: 23Oct 18:31>>18:31 (#trades: 3)
trade net: +123.0 (+44.2%), trade gross: +123.0 (+44.2%), BUY: +123.0 (+44.2%), SELL: +0.0 (+0.0%)
fees: $ 0.025 (2.0bp)
2023-10-23 18:31:38,439
Trades: 
Filled #3
______________________________________________
                   in$ | in bp 122 traded | in bp 278 AUMs
realizedPnl    +0      | +0      | +0     
PnLvsArrival   +0.07   | +6      | +3     
PnLvsLast      -0.01   | -1      | -0     
______________________________________________
                 | Value$ | PnL Arrival/Last 
______________________________________________
BTC:+0.001@30965.5 | +31$ | 0.02/-0.01
ETH:+0.027@1689.1 | +46$ | 0.03/-0
XRP:+87.1@0.5323 | +46$ | 0.02/-0
2023-10-23 18:31:38,948
***************************
Positions after orders
***************************
2023-10-23 18:31:38,948
      symbol  qty_ptf    execP  ...   updateTime   AUMs     w%
119  XRPUSDT   87.100   0.5323  ...  23Oct-18:31  278.3  0.167
149  ETHUSDT    0.027   1689.1  ...  23Oct-18:31  278.3  0.164
241  BTCUSDT    0.001  30965.5  ...  23Oct-18:31  278.3  0.111

[3 rows x 10 columns]
2023-10-23 18:31:38,956
***************************
2023-10-23 18:31:39,582
3 STOP orders will be placed
2023-10-23 18:31:39,582
@+/-500.0bp limit
2023-10-23 18:31:39,583
binance_place_orders_peg 20231023_183139
2023-10-23 18:31:40,011
{'orderId': 43590209010, 'symbol': 'XRPUSDT', 'status': 'NEW', 'clientOrderId': 'zdeQdwntVGRM61yGcjrOfe', 'price': '0.0000', 'avgPrice': '0.00', 'origQty': '87.1', 'executedQty': '0.0', 'cumQty': '0.0', 'cumQuote': '0.00000', 'timeInForce': 'GTC', 'type': 'STOP_MARKET', 'reduceOnly': False, 'closePosition': False, 'side': 'SELL', 'positionSide': 'BOTH', 'stopPrice': '0.5057', 'workingType': 'CONTRACT_PRICE', 'priceProtect': False, 'origType': 'STOP_MARKET', 'priceMatch': 'NONE', 'selfTradePreventionMode': 'NONE', 'goodTillDate': 0, 'updateTime': 1698085899904}
2023-10-23 18:31:40,435
{'orderId': 8389765622739226199, 'symbol': 'ETHUSDT', 'status': 'NEW', 'clientOrderId': 'oGbNrubeUhuHEaGirXOQ1L', 'price': '0.00', 'avgPrice': '0.00', 'origQty': '0.027', 'executedQty': '0.000', 'cumQty': '0.000', 'cumQuote': '0.00000', 'timeInForce': 'GTC', 'type': 'STOP_MARKET', 'reduceOnly': False, 'closePosition': False, 'side': 'SELL', 'positionSide': 'BOTH', 'stopPrice': '1604.51', 'workingType': 'CONTRACT_PRICE', 'priceProtect': False, 'origType': 'STOP_MARKET', 'priceMatch': 'NONE', 'selfTradePreventionMode': 'NONE', 'goodTillDate': 0, 'updateTime': 1698085900330}
2023-10-23 18:31:40,860
{'orderId': 201750721478, 'symbol': 'BTCUSDT', 'status': 'NEW', 'clientOrderId': 'b8TSFs6D1mOlupYjkkW8G6', 'price': '0.00', 'avgPrice': '0.00', 'origQty': '0.001', 'executedQty': '0.000', 'cumQty': '0.000', 'cumQuote': '0.00000', 'timeInForce': 'GTC', 'type': 'STOP_MARKET', 'reduceOnly': False, 'closePosition': False, 'side': 'SELL', 'positionSide': 'BOTH', 'stopPrice': '29407.20', 'workingType': 'CONTRACT_PRICE', 'priceProtect': False, 'origType': 'STOP_MARKET', 'priceMatch': 'NONE', 'selfTradePreventionMode': 'NONE', 'goodTillDate': 0, 'updateTime': 1698085900753}
