2024-02-21 03:31:00,789
ON program started 20240221 03:31:00,
US time: 20240220 22:31:00
2024-02-21 03:31:01,971
the strat is currently running @ 21-02-2024 and the target positions is NEUTRAL
2024-02-21 03:31:03,375
CURRENT STATUS IS NEUTRAL
-----
return before 14h30:
BTCUSDT-0.40%, ETHUSDT-0.29%, XRPUSDT-0.62%
-----
target alloc initial:BTCUSDT+0.00%, ETHUSDT+0.00%, XRPUSDT+0.00%
-----
alloc target x rt%<0:BTCUSDT+0.00%, ETHUSDT+0.00%, XRPUSDT+0.00%
-----
           BTCUSDT ETHUSDT XRPUSDT
w_target      0.0%    0.0%    0.0%
rt_14h30    -0.00%  -0.00%  -0.01%
w_target_f    0.0%    0.0%    0.0%
2024-02-21 03:31:03,376
Portfolio was rebalanced less than 2 hours ago, 1.0 hours ago
2024-02-21 03:31:03,377
Status: prev = NEUTRAL <> SHORT = target
2024-02-21 03:31:03,377
the strat is currently running @ 21-02-2024 and the target positions is NEUTRAL
the strat was previously run @ 2024-02-21 02:30:57, success:yes 
   and the current positions is SHORT
2024-02-21 03:31:04,579
positions_future #1
2024-02-21 03:31:04,580
      symbol  positionAmt entryPrice  ... adlQuantile AUMs_account        w%
121  XRPUSDT        -21.4      0.561  ...           2        293.1 -0.040835

[1 rows x 12 columns]
2024-02-21 03:31:04,824
------------------------------
binance_account_balance
2024-02-21 03:31:04,824
  asset     balance  ...  marginAvailable   updateTime
5  USDT  293.071447  ...             True  21Feb-00:31

[1 rows x 8 columns]
2024-02-21 03:31:05,279
------------------------------
open_orders
2024-02-21 03:31:05,279
Empty DataFrame
Columns: []
Index: []
2024-02-21 03:31:05,941
------------------------------
AUMS account:293

2024-02-21 03:31:05,942
--------------- compute_futures_order_book() ----------------
2024-02-21 03:31:07,510
----------------------------------------------------------------------
#1 order(s) to place
gross$: 12$ | net$: +12$
gross%: 4% | net%: +4%
 || w>0%  +4% | w<0%  0%
----------------------------------------------------------------------
PTF Expo% -4.0% >> 0.0% (current>>target)
PTF expo $-12.0 >> $0 (current>>target)
----------------------------------------------------------------------
2024-02-21 03:31:07,512
orders_ofthe_day
2024-02-21 03:31:07,512
                  ptf_usd  target_usd  totrd_usd  ...     bid     ask strategy
2024-02-21 03:31                                  ...                         
XRPUSDT             -12.0         0.0       12.0  ...  0.5592  0.5593  STRATON

[1 rows x 10 columns]
2024-02-21 03:31:08,575
binance_place_orders_peg 20240221_033108
2024-02-21 03:31:09,016
{'orderId': 50565459267, 'symbol': 'XRPUSDT', 'status': 'NEW', 'clientOrderId': 'STRATON', 'price': '0.5589', 'avgPrice': '0.00', 'origQty': '21.4', 'executedQty': '0.0', 'cumQty': '0.0', 'cumQuote': '0.00000', 'timeInForce': 'GTC', 'type': 'LIMIT', 'reduceOnly': False, 'closePosition': False, 'side': 'BUY', 'positionSide': 'BOTH', 'stopPrice': '0.0000', 'workingType': 'CONTRACT_PRICE', 'priceProtect': False, 'origType': 'LIMIT', 'priceMatch': 'NONE', 'selfTradePreventionMode': 'NONE', 'goodTillDate': 0, 'updateTime': 1708486268906}
2024-02-21 03:31:10,137
update 0: filled 0 / 1 () | working 1 / 1 (+XRPUSDT)
2024-02-21 03:31:14,138
+XRPUSDT: bp5.0|
2024-02-21 03:31:14,579
update 1: filled 0 / 1 () | working 1 / 1 (+XRPUSDT)
2024-02-21 03:31:18,580
+XRPUSDT: bp5.0|
2024-02-21 03:31:19,023
update 2: filled 0 / 1 () | working 1 / 1 (+XRPUSDT)
2024-02-21 03:31:23,023
+XRPUSDT: bp7.0|
2024-02-21 03:31:23,466
update 3: filled 0 / 1 () | working 1 / 1 (+XRPUSDT)
2024-02-21 03:31:27,467
+XRPUSDT: bp4.0|
2024-02-21 03:31:27,910
update 4: filled 0 / 1 () | working 1 / 1 (+XRPUSDT)
2024-02-21 03:31:31,911
+XRPUSDT: bp5.0|
2024-02-21 03:31:32,353
update 5: filled 0 / 1 () | working 1 / 1 (+XRPUSDT)
2024-02-21 03:31:36,353
+XRPUSDT: bp5.0|
2024-02-21 03:31:36,794
update 6: filled 0 / 1 () | working 1 / 1 (+XRPUSDT)
2024-02-21 03:31:40,795
+XRPUSDT: bp5.0|
2024-02-21 03:31:41,237
update 7: filled 0 / 1 () | working 1 / 1 (+XRPUSDT)
2024-02-21 03:31:45,237
+XRPUSDT: bp4.0|
2024-02-21 03:31:45,678
update 8: filled 0 / 1 () | working 1 / 1 (+XRPUSDT)
2024-02-21 03:31:49,679
+XRPUSDT: bp4.0|
2024-02-21 03:31:50,120
update 9: filled 0 / 1 () | working 1 / 1 (+XRPUSDT)
2024-02-21 03:31:54,120
+XRPUSDT: bp-0.0|
2024-02-21 03:31:54,563
update 10: filled 0 / 1 () | working 1 / 1 (+XRPUSDT)
2024-02-21 03:31:58,564
+XRPUSDT: bp2.0|
2024-02-21 03:31:59,004
update 11: filled 0 / 1 () | working 1 / 1 (+XRPUSDT)
2024-02-21 03:32:03,005
+XRPUSDT: bp2.0|
2024-02-21 03:32:03,448
update 12: filled 0 / 1 () | working 1 / 1 (+XRPUSDT)
2024-02-21 03:32:07,449
+XRPUSDT: bp-0.0|
2024-02-21 03:32:07,889
update 13: filled 1 / 1 (+XRPUSDT) | working 0 / 1 ()
2024-02-21 03:32:13,295
Trades of the day
in$
as of: 21Feb 03:32>>03:32 (#trades: 1)
trade net: +12.0 (+4.1%), trade gross: +12.0 (+4.1%), BUY: +12.0 (+4.1%), SELL: +0.0 (+0.0%)
fees: $ 0.002 (2.0bp)
2024-02-21 03:32:13,534
Trades: 
Filled #1
______________________________________________
                   in$ | in bp 11 traded | in bp 293 AUMs
realizedPnl    +0.04   | +33     | +1     
PnLvsArrival   +0.01   | +8      | +0     
PnLvsLast      +0      | +0      | +0     
______________________________________________
                 | Value$ | PnL Arrival/Last 
______________________________________________
XRP:+21.4@0.5589 | +12$ | 0.01/-0
