2023-12-16 01:31:12,508
ON program started 20231216 01:31:12,
US time: 20231215 20:31:12
2023-12-16 01:31:13,021
the strat is currently running @ 16-12-2023 and the target positions is SHORT
2023-12-16 01:31:14,420
CURRENT STATUS IS SHORT, WE CHECK IF THE DAY IS A NEGATIVE ONE
-----
return before 14h30:
BTCUSDT+0.00%, ETHUSDT+0.00%, XRPUSDT+0.00%
-----
target alloc initial:BTCUSDT-4.17%, ETHUSDT+0.00%, XRPUSDT-4.17%
-----
alloc target x rt%<0:BTCUSDT-0.00%, ETHUSDT+0.00%, XRPUSDT-0.00%
-----
           BTCUSDT ETHUSDT XRPUSDT
w_target     -4.2%    0.0%   -4.2%
rt_14h30     0.00%   0.00%   0.00%
w_target_f   -0.0%    0.0%   -0.0%
2023-12-16 01:31:14,422
Portfolio was rebalanced less than 2 hours ago, 1.0 hours ago
2023-12-16 01:31:14,425
Status: prev = SHORT <> SHORT = target
2023-12-16 01:31:14,425
the strat is currently running @ 16-12-2023 and the target positions is SHORT
the strat was previously run @ 2023-12-16 00:30:37 UTC, success:? 
   and the current positions is SHORT
2023-12-16 01:31:15,646
positions_future #0
2023-12-16 01:31:15,646
Empty DataFrame
Columns: [symbol, positionAmt, entryPrice, breakEvenPrice, markPrice, unRealizedProfit, value_usd, updateTime, isolated, adlQuantile, AUMs_account, w%]
Index: []
2023-12-16 01:31:15,870
------------------------------
binance_account_balance
2023-12-16 01:31:15,870
  asset   balance  ...  marginAvailable   updateTime
5  USDT  292.5694  ...             True  16Dec-00:31

[1 rows x 8 columns]
2023-12-16 01:31:16,104
------------------------------
open_orders
2023-12-16 01:31:16,104
Empty DataFrame
Columns: []
Index: []
2023-12-16 01:31:16,758
------------------------------
AUMS account:292

2023-12-16 01:31:16,760
--------------- compute_futures_order_book() ----------------
2023-12-16 01:31:18,317
----------------------------------------------------------------------
#0 order(s) to place
gross$: 0$ | net$: +0$
gross%: 0% | net%: +0%
 || w>0%  +0% | w<0%  0%
----------------------------------------------------------------------
PTF Expo% 0.0% >> 0.0% (current>>target)
PTF expo $0.0 >> $0 (current>>target)
----------------------------------------------------------------------
2023-12-16 01:31:18,319
orders_ofthe_day
2023-12-16 01:31:18,319
Empty DataFrame
Columns: [ptf_usd, target_usd, totrd_usd, posttrd_usd, qty, posttrd_qty, posttrd_w, bid, ask]
Index: []
2023-12-16 01:31:18,390
Orders of the day is empty, current and target potfolios are aligned
2023-12-16 01:31:18,391
Program stopped
