2023-08-17 01:30:43,357
ON program started 20230817 01:30:43,
US time: 20230816 21:30:43
2023-08-17 01:30:43,744
the strat is currently running @ 17-08-2023 and the target positions is SHORT
2023-08-17 01:30:45,059
CURRENT STATUS IS SHORT, WE CHECK IF THE DAY IS A NEGATIVE ONE
-----
return before 14h30:
BTCUSDT+0.00%, ETHUSDT+0.00%, XRPUSDT+0.00%
-----
target alloc initial:BTCUSDT-4.17%, ETHUSDT+0.00%, XRPUSDT-4.17%
-----
alloc target x rt%<0:BTCUSDT-0.00%, ETHUSDT+0.00%, XRPUSDT-0.00%
-----
           BTCUSDT ETHUSDT XRPUSDT
w_target     -4.2%    0.0%   -4.2%
rt_14h30     0.00%   0.00%   0.00%
w_target_f   -0.0%    0.0%   -0.0%
2023-08-17 01:30:45,061
Portfolio was rebalanced less than 2 hours ago, 1.0 hours ago
2023-08-17 01:30:45,064
Status: prev = SHORT <> SHORT = target
2023-08-17 01:30:45,064
the strat is currently running @ 17-08-2023 and the target positions is SHORT
the strat was previously run @ 2023-08-17 00:31:07 UTC, success:yes 
   and the current positions is SHORT
2023-08-17 01:30:46,155
positions_future #1
2023-08-17 01:30:46,155
      symbol  positionAmt entryPrice  ...   updateTime  AUMs_account        w%
111  XRPUSDT        -20.2      0.586  ...  16Aug-22:33         283.6 -0.042213

[1 rows x 9 columns]
2023-08-17 01:30:46,182
programm stoppeddd!!! 20230817_013046
