2024-07-09 21:31:10,250
ON program started 20240709 21:31:10,
US time: 20240709 17:31:10
2024-07-09 21:31:11,437
the strat is currently running @ 09-07-2024 and the target positions is LONG
2024-07-09 21:31:12,781
CURRENT STATUS IS LONG
-----
return before 14h30:
BTCUSDT+1.08%, ETHUSDT+1.64%, XRPUSDT+0.21%
-----
target alloc initial:BTCUSDT+16.67%, ETHUSDT+16.67%, XRPUSDT+16.67%
-----
alloc target x rt%<0:BTCUSDT+16.67%, ETHUSDT+16.67%, XRPUSDT+16.67%
-----
           BTCUSDT ETHUSDT XRPUSDT
w_target     16.7%   16.7%   16.7%
rt_14h30     0.01%   0.02%   0.00%
w_target_f   16.7%   16.7%   16.7%
2024-07-09 21:31:12,782
Portfolio was rebalanced less than 2 hours ago, 1.0 hours ago
2024-07-09 21:31:12,784
Status: prev = LONG <> LONG = target
2024-07-09 21:31:12,784
the strat is currently running @ 09-07-2024 and the target positions is LONG
the strat was previously run @ 2024-07-09 20:30:42, success:yes 
   and the current positions is LONG
2024-07-09 21:31:13,930
positions_future #2
2024-07-09 21:31:13,930
      symbol  positionAmt entryPrice  ... adlQuantile AUMs_account        w%
131  XRPUSDT      112.900     0.4347  ...           3        293.3  0.168135
166  ETHUSDT        0.016    3063.15  ...           2        293.3  0.167238

[2 rows x 12 columns]
2024-07-09 21:31:14,025
programm stoppeddd!!! 20240709_213114
