2024-07-16 18:30:36,797
ON program started 20240716 18:30:36,
US time: 20240716 14:30:36
2024-07-16 18:30:37,778
the strat is currently running @ 16-07-2024 and the target positions is LONG
2024-07-16 18:30:39,893
CURRENT STATUS IS LONG
-----
return before 14h30:
BTCUSDT-2.01%, ETHUSDT-2.50%, XRPUSDT+3.83%
-----
target alloc initial:BTCUSDT+16.67%, ETHUSDT+16.67%, XRPUSDT+16.67%
-----
alloc target x rt%<0:BTCUSDT+16.67%, ETHUSDT+16.67%, XRPUSDT+16.67%
-----
           BTCUSDT ETHUSDT XRPUSDT
w_target     16.7%   16.7%   16.7%
rt_14h30    -0.02%  -0.02%   0.04%
w_target_f   16.7%   16.7%   16.7%
2024-07-16 18:30:39,895
Portfolio was rebalanced less than 2 hours ago, 15.0 hours ago
2024-07-16 18:30:39,896
Status: prev = LONG <> NEUTRAL = target
2024-07-16 18:30:39,896
the strat is currently running @ 16-07-2024 and the target positions is LONG
the strat was previously run @ 2024-07-16 03:30:38, success:yes 
   and the current positions is NEUTRAL
2024-07-16 18:30:41,022
positions_future #0
2024-07-16 18:30:41,022
Empty DataFrame
Columns: [symbol, positionAmt, entryPrice, breakEvenPrice, markPrice, unRealizedProfit, value_usd, updateTime, isolated, adlQuantile, AUMs_account, w%]
Index: []
2024-07-16 18:30:41,232
------------------------------
binance_account_balance
2024-07-16 18:30:41,232
  asset     balance  ...  marginAvailable   updateTime
4  USDT  293.331367  ...             True  15Jul-22:32

[1 rows x 8 columns]
2024-07-16 18:30:41,453
------------------------------
open_orders
2024-07-16 18:30:41,453
Empty DataFrame
Columns: []
Index: []
2024-07-16 18:30:42,065
------------------------------
AUMS account:293

2024-07-16 18:30:42,066
--------------- compute_futures_order_book() ----------------
2024-07-16 18:30:43,519
----------------------------------------------------------------------
#2 order(s) to place
gross$: 97$ | net$: +97$
gross%: 33% | net%: +33%
 || w>0%  +33% | w<0%  0%
----------------------------------------------------------------------
PTF Expo% 0.0% >> 50.0% (current>>target)
PTF expo $0.0 >> $146 (current>>target)
----------------------------------------------------------------------
2024-07-16 18:30:43,521
orders_ofthe_day
2024-07-16 18:30:43,521
                  ptf_usd  target_usd  totrd_usd  ...        bid        ask strategy
2024-07-16 18:30                                  ...                               
XRPUSDT               0.0        48.9       49.0  ...     0.5813     0.5814  STRATON
ETHUSDT               0.0        48.9       48.0  ...  3459.5400  3459.5500  STRATON

[2 rows x 10 columns]
2024-07-16 18:30:45,204
binance_place_orders_peg 20240716_183045
2024-07-16 18:30:45,615
{'orderId': 60684941774, 'symbol': 'XRPUSDT', 'status': 'NEW', 'clientOrderId': 'STRATON', 'price': '0.5810', 'avgPrice': '0.00', 'origQty': '84.3', 'executedQty': '0.0', 'cumQty': '0.0', 'cumQuote': '0.00000', 'timeInForce': 'GTC', 'type': 'LIMIT', 'reduceOnly': False, 'closePosition': False, 'side': 'BUY', 'positionSide': 'BOTH', 'stopPrice': '0.0000', 'workingType': 'CONTRACT_PRICE', 'priceProtect': False, 'origType': 'LIMIT', 'priceMatch': 'NONE', 'selfTradePreventionMode': 'NONE', 'goodTillDate': 0, 'updateTime': 1721154645514}
2024-07-16 18:30:46,025
{'orderId': 8389765702432013339, 'symbol': 'ETHUSDT', 'status': 'NEW', 'clientOrderId': 'STRATON', 'price': '3457.81', 'avgPrice': '0.00', 'origQty': '0.014', 'executedQty': '0.000', 'cumQty': '0.000', 'cumQuote': '0.00000', 'timeInForce': 'GTC', 'type': 'LIMIT', 'reduceOnly': False, 'closePosition': False, 'side': 'BUY', 'positionSide': 'BOTH', 'stopPrice': '0.00', 'workingType': 'CONTRACT_PRICE', 'priceProtect': False, 'origType': 'LIMIT', 'priceMatch': 'NONE', 'selfTradePreventionMode': 'NONE', 'goodTillDate': 0, 'updateTime': 1721154645923}
2024-07-16 18:30:47,488
update 0: filled 0 / 2 () | working 2 / 2 (+XRPUSDT,+ETHUSDT)
2024-07-16 18:30:51,488
+XRPUSDT: bp7.0|+ETHUSDT: bp6.0|
2024-07-16 18:30:52,306
update 1: filled 1 / 2 (+XRPUSDT) | working 1 / 2 (+ETHUSDT)
2024-07-16 18:30:56,307
+ETHUSDT: bp6.0|
2024-07-16 18:30:57,124
update 2: filled 1 / 2 (+XRPUSDT) | working 1 / 2 (+ETHUSDT)
2024-07-16 18:31:01,124
+ETHUSDT: bp5.0|
2024-07-16 18:31:01,941
update 3: filled 1 / 2 (+XRPUSDT) | working 1 / 2 (+ETHUSDT)
2024-07-16 18:31:05,942
+ETHUSDT: bp6.0|
2024-07-16 18:31:06,762
update 4: filled 1 / 2 (+XRPUSDT) | working 1 / 2 (+ETHUSDT)
2024-07-16 18:31:10,762
+ETHUSDT: bp7.0|
2024-07-16 18:31:11,581
update 5: filled 1 / 2 (+XRPUSDT) | working 1 / 2 (+ETHUSDT)
2024-07-16 18:31:15,582
+ETHUSDT: bp7.0|
2024-07-16 18:31:16,398
update 6: filled 1 / 2 (+XRPUSDT) | working 1 / 2 (+ETHUSDT)
2024-07-16 18:31:20,399
+ETHUSDT: bp7.0|
2024-07-16 18:31:21,215
update 7: filled 1 / 2 (+XRPUSDT) | working 1 / 2 (+ETHUSDT)
2024-07-16 18:31:25,216
+ETHUSDT: bp7.0|
2024-07-16 18:31:26,034
update 8: filled 1 / 2 (+XRPUSDT) | working 1 / 2 (+ETHUSDT)
2024-07-16 18:31:30,034
+ETHUSDT: bp5.0|
2024-07-16 18:31:30,857
update 9: filled 1 / 2 (+XRPUSDT) | working 1 / 2 (+ETHUSDT)
2024-07-16 18:31:34,858
+ETHUSDT: bp7.0|
2024-07-16 18:31:35,675
update 10: filled 1 / 2 (+XRPUSDT) | working 1 / 2 (+ETHUSDT)
2024-07-16 18:31:39,675
+ETHUSDT: bp7.0|
2024-07-16 18:31:40,494
update 11: filled 1 / 2 (+XRPUSDT) | working 1 / 2 (+ETHUSDT)
2024-07-16 18:31:44,495
+ETHUSDT: bp4.0|
2024-07-16 18:31:45,314
update 12: filled 1 / 2 (+XRPUSDT) | working 1 / 2 (+ETHUSDT)
2024-07-16 18:31:49,315
+ETHUSDT: bp3.0|
2024-07-16 18:31:50,132
update 13: filled 1 / 2 (+XRPUSDT) | working 1 / 2 (+ETHUSDT)
2024-07-16 18:31:54,133
+ETHUSDT: bp3.0|
2024-07-16 18:31:54,949
update 14: filled 1 / 2 (+XRPUSDT) | working 1 / 2 (+ETHUSDT)
2024-07-16 18:31:58,950
+ETHUSDT: bp2.0|
2024-07-16 18:31:58,950
Adjustment limit #1 ... 
 we cancel current orders and replace
2024-07-16 18:31:58,950
@+/-2.5bp limit 
2024-07-16 18:31:58,950
binance_cancel_and_replace_orders_peg 20240716_183158
2024-07-16 18:32:00,386
binance_place_orders_peg 20240716_183200
2024-07-16 18:32:00,796
{'orderId': 8389765702432308694, 'symbol': 'ETHUSDT', 'status': 'NEW', 'clientOrderId': 'STRATON', 'price': '3458.65', 'avgPrice': '0.00', 'origQty': '0.014', 'executedQty': '0.000', 'cumQty': '0.000', 'cumQuote': '0.00000', 'timeInForce': 'GTC', 'type': 'LIMIT', 'reduceOnly': False, 'closePosition': False, 'side': 'BUY', 'positionSide': 'BOTH', 'stopPrice': '0.00', 'workingType': 'CONTRACT_PRICE', 'priceProtect': False, 'origType': 'LIMIT', 'priceMatch': 'NONE', 'selfTradePreventionMode': 'NONE', 'goodTillDate': 0, 'updateTime': 1721154720694}
2024-07-16 18:32:01,620
update 0: filled 1 / 2 (+XRPUSDT) | working 1 / 2 (+ETHUSDT)
2024-07-16 18:32:05,620
+ETHUSDT: bp2.0|
2024-07-16 18:32:06,438
update 1: filled 1 / 2 (+XRPUSDT) | working 1 / 2 (+ETHUSDT)
2024-07-16 18:32:10,439
+ETHUSDT: bp3.0|
2024-07-16 18:32:11,255
update 2: filled 1 / 2 (+XRPUSDT) | working 1 / 2 (+ETHUSDT)
2024-07-16 18:32:15,256
+ETHUSDT: bp3.0|
2024-07-16 18:32:16,072
update 3: filled 1 / 2 (+XRPUSDT) | working 1 / 2 (+ETHUSDT)
2024-07-16 18:32:20,073
+ETHUSDT: bp2.0|
2024-07-16 18:32:20,891
update 4: filled 1 / 2 (+XRPUSDT) | working 1 / 2 (+ETHUSDT)
2024-07-16 18:32:24,892
+ETHUSDT: bp1.0|
2024-07-16 18:32:25,709
update 5: filled 1 / 2 (+XRPUSDT) | working 1 / 2 (+ETHUSDT)
2024-07-16 18:32:29,709
+ETHUSDT: bp1.0|
2024-07-16 18:32:30,527
update 6: filled 1 / 2 (+XRPUSDT) | working 1 / 2 (+ETHUSDT)
2024-07-16 18:32:34,528
+ETHUSDT: bp2.0|
2024-07-16 18:32:35,346
update 7: filled 1 / 2 (+XRPUSDT) | working 1 / 2 (+ETHUSDT)
2024-07-16 18:32:39,347
+ETHUSDT: bp3.0|
2024-07-16 18:32:40,163
update 8: filled 1 / 2 (+XRPUSDT) | working 1 / 2 (+ETHUSDT)
2024-07-16 18:32:44,164
+ETHUSDT: bp3.0|
2024-07-16 18:32:44,980
update 9: filled 1 / 2 (+XRPUSDT) | working 1 / 2 (+ETHUSDT)
2024-07-16 18:32:48,981
+ETHUSDT: bp2.0|
2024-07-16 18:32:49,798
update 10: filled 1 / 2 (+XRPUSDT) | working 1 / 2 (+ETHUSDT)
2024-07-16 18:32:53,798
+ETHUSDT: bp2.0|
2024-07-16 18:32:54,615
update 11: filled 2 / 2 (+XRPUSDT,+ETHUSDT) | working 0 / 2 ()
2024-07-16 18:33:00,896
Trades of the day
in$
as of: 16Jul 18:30>>18:32 (#trades: 2)
trade net: +97.0 (+33.1%), trade gross: +97.0 (+33.1%), BUY: +97.0 (+33.1%), SELL: +0.0 (+0.0%)
fees: $ 0.019 (2.0bp)
2024-07-16 18:33:01,318
Trades: 
Filled #2
______________________________________________
                   in$ | in bp 97 traded | in bp 293 AUMs
realizedPnl    +0      | +0      | +0     
PnLvsArrival   +0.04   | +4      | +1     
PnLvsLast      +0.1    | +10     | +3     
______________________________________________
                 | Value$ | PnL Arrival/Last 
______________________________________________
ETH:+0.014@3458.65 | +48$ | 0.01/-0
XRP:+84.3@0.581 | +49$ | 0.03/0.1
