2023-08-05 02:31:06,469
ON program started 20230805 02:31:06,
US time: 20230804 22:31:06
2023-08-05 02:31:06,889
the strat is currently running @ 05-08-2023 and the target positions is NEUTRAL
2023-08-05 02:31:08,206
CURRENT STATUS IS NEUTRAL
-----
return before 14h30:
BTCUSDT+0.00%, ETHUSDT+0.00%, XRPUSDT+0.00%
-----
target alloc initial:BTCUSDT+0.00%, ETHUSDT+0.00%, XRPUSDT+0.00%
-----
alloc target x rt%<0:BTCUSDT+0.00%, ETHUSDT+0.00%, XRPUSDT+0.00%
-----
           BTCUSDT ETHUSDT XRPUSDT
w_target      0.0%    0.0%    0.0%
rt_14h30     0.00%   0.00%   0.00%
w_target_f    0.0%    0.0%    0.0%
2023-08-05 02:31:08,209
Portfolio was rebalanced less than 2 hours ago, 1.0 hours ago
2023-08-05 02:31:08,212
Status: prev = NEUTRAL <> SHORT = target
2023-08-05 02:31:08,212
the strat is currently running @ 05-08-2023 and the target positions is NEUTRAL
the strat was previously run @ 2023-08-05 01:31:16 UTC, success:yes 
   and the current positions is SHORT
2023-08-05 02:31:09,296
positions_future #1
2023-08-05 02:31:09,296
      symbol  positionAmt entryPrice  ...   updateTime  AUMs_account        w%
108  XRPUSDT        -19.1     0.6347  ...  04Aug-22:32         291.5 -0.040461

[1 rows x 9 columns]
2023-08-05 02:31:09,518
------------------------------
binance_account_balance
2023-08-05 02:31:09,518
  asset     balance withdrawAvailable   updateTime
5  USDT  291.166623      290.90543025  04Aug-22:33
2023-08-05 02:31:09,938
------------------------------
open_orders
2023-08-05 02:31:09,938
                                      0
symbol                          XRPUSDT
status                              NEW
price                                 0
avgPrice                              0
origQty                            19.1
executedQty                           0
type                        STOP_MARKET
side                                BUY
stopPrice                        0.6679
time         2023-08-04 22:33:16.993000
updateTime   2023-08-04 22:33:16.993000
2023-08-05 02:31:11,858
------------------------------
AUMS account:291

2023-08-05 02:31:11,859
--------------- compute_futures_order_book() ----------------
2023-08-05 02:31:13,109
----------------------------------------------------------------------
#1 order(s) to place
gross$: 12$ | net$: +12$
gross%: 4% | net%: +4%
 || w>0%  +4% | w<0%  0%
----------------------------------------------------------------------
PTF Expo% -4.1% >> 0.0% (current>>target)
PTF expo $-12.0 >> $0 (current>>target)
----------------------------------------------------------------------
2023-08-05 02:31:13,110
orders_ofthe_day
2023-08-05 02:31:13,110
                  ptf_usd  target_usd  totrd_usd  ...  posttrd_w     bid    ask
2023-08-05 02:31                                  ...                          
XRPUSDT             -12.0         0.0       12.0  ...        0.0  0.6179  0.618

[1 rows x 9 columns]
2023-08-05 02:31:14,140
binance_place_orders_peg 20230805_023114
2023-08-05 02:31:14,550
{'orderId': 38825173353, 'symbol': 'XRPUSDT', 'status': 'NEW', 'clientOrderId': 'bnsdWqxpihBFwpWvMN3hbW', 'price': '0.6177', 'avgPrice': '0.00', 'origQty': '19.1', 'executedQty': '0.0', 'cumQty': '0.0', 'cumQuote': '0.00000', 'timeInForce': 'GTC', 'type': 'LIMIT', 'reduceOnly': False, 'closePosition': False, 'side': 'BUY', 'positionSide': 'BOTH', 'stopPrice': '0.0000', 'workingType': 'CONTRACT_PRICE', 'priceProtect': False, 'origType': 'LIMIT', 'updateTime': 1691202674445}
2023-08-05 02:31:14,961
update 0: filled 0 / 1 () | working 1 / 1 (+XRPUSDT)
2023-08-05 02:31:18,961
+XRPUSDT: bp5.0|
2023-08-05 02:31:19,371
update 1: filled 0 / 1 () | working 1 / 1 (+XRPUSDT)
2023-08-05 02:31:23,371
+XRPUSDT: bp5.0|
2023-08-05 02:31:23,780
update 2: filled 0 / 1 () | working 1 / 1 (+XRPUSDT)
2023-08-05 02:31:27,780
+XRPUSDT: bp11.0|
2023-08-05 02:31:28,190
update 3: filled 0 / 1 () | working 1 / 1 (+XRPUSDT)
2023-08-05 02:31:32,190
+XRPUSDT: bp8.0|
2023-08-05 02:31:32,600
update 4: filled 0 / 1 () | working 1 / 1 (+XRPUSDT)
2023-08-05 02:31:36,600
+XRPUSDT: bp11.0|
2023-08-05 02:31:37,011
update 5: filled 0 / 1 () | working 1 / 1 (+XRPUSDT)
2023-08-05 02:31:41,011
+XRPUSDT: bp11.0|
2023-08-05 02:31:41,421
update 6: filled 0 / 1 () | working 1 / 1 (+XRPUSDT)
2023-08-05 02:31:45,421
+XRPUSDT: bp10.0|
2023-08-05 02:31:45,830
update 7: filled 0 / 1 () | working 1 / 1 (+XRPUSDT)
2023-08-05 02:31:49,831
+XRPUSDT: bp13.0|
2023-08-05 02:31:50,240
update 8: filled 0 / 1 () | working 1 / 1 (+XRPUSDT)
2023-08-05 02:31:54,241
+XRPUSDT: bp16.0|
2023-08-05 02:31:54,649
update 9: filled 0 / 1 () | working 1 / 1 (+XRPUSDT)
2023-08-05 02:31:58,650
+XRPUSDT: bp15.0|
2023-08-05 02:31:59,059
update 10: filled 0 / 1 () | working 1 / 1 (+XRPUSDT)
2023-08-05 02:32:03,060
+XRPUSDT: bp13.0|
2023-08-05 02:32:03,470
update 11: filled 0 / 1 () | working 1 / 1 (+XRPUSDT)
2023-08-05 02:32:07,470
+XRPUSDT: bp10.0|
2023-08-05 02:32:07,879
update 12: filled 0 / 1 () | working 1 / 1 (+XRPUSDT)
2023-08-05 02:32:11,880
+XRPUSDT: bp11.0|
2023-08-05 02:32:12,361
update 13: filled 0 / 1 () | working 1 / 1 (+XRPUSDT)
2023-08-05 02:32:16,362
+XRPUSDT: bp10.0|
2023-08-05 02:32:16,796
update 14: filled 0 / 1 () | working 1 / 1 (+XRPUSDT)
2023-08-05 02:32:20,796
+XRPUSDT: bp8.0|
2023-08-05 02:32:20,796
Adjustment limit #1 ... 
 we cancel current orders and replace
2023-08-05 02:32:20,796
@+/-2.5bp limit 
2023-08-05 02:32:20,796
binance_cancel_and_replace_orders_peg 20230805_023220
2023-08-05 02:32:21,420
binance_place_orders_peg 20230805_023221
2023-08-05 02:32:21,876
{'orderId': 38825231731, 'symbol': 'XRPUSDT', 'status': 'NEW', 'clientOrderId': 'dODAinenuWqHHT5MgPipRJ', 'price': '0.6178', 'avgPrice': '0.00', 'origQty': '19.1', 'executedQty': '0.0', 'cumQty': '0.0', 'cumQuote': '0.00000', 'timeInForce': 'GTC', 'type': 'LIMIT', 'reduceOnly': False, 'closePosition': False, 'side': 'BUY', 'positionSide': 'BOTH', 'stopPrice': '0.0000', 'workingType': 'CONTRACT_PRICE', 'priceProtect': False, 'origType': 'LIMIT', 'updateTime': 1691202741745}
2023-08-05 02:32:22,347
update 0: filled 0 / 1 () | working 1 / 1 (+XRPUSDT)
2023-08-05 02:32:26,348
+XRPUSDT: bp3.0|
2023-08-05 02:32:26,757
update 1: filled 0 / 1 () | working 1 / 1 (+XRPUSDT)
2023-08-05 02:32:30,758
+XRPUSDT: bp3.0|
2023-08-05 02:32:31,167
update 2: filled 0 / 1 () | working 1 / 1 (+XRPUSDT)
2023-08-05 02:32:35,168
+XRPUSDT: bp3.0|
2023-08-05 02:32:35,577
update 3: filled 0 / 1 () | working 1 / 1 (+XRPUSDT)
2023-08-05 02:32:39,578
+XRPUSDT: bp2.0|
2023-08-05 02:32:39,987
update 4: filled 0 / 1 () | working 1 / 1 (+XRPUSDT)
2023-08-05 02:32:43,988
+XRPUSDT: bp2.0|
2023-08-05 02:32:44,398
update 5: filled 1 / 1 (+XRPUSDT) | working 0 / 1 ()
2023-08-05 02:32:49,438
Trades of the day
in$
as of: 05Aug 02:32>>02:32 (#trades: 1)
trade net: +12.0 (+4.1%), trade gross: +12.0 (+4.1%), BUY: +12.0 (+4.1%), SELL: +0.0 (+0.0%)
fees: $ 0.002 (2.0bp)
2023-08-05 02:32:49,659
Trades: 
Filled #1
______________________________________________
                   in$ | in bp 11 traded | in bp 291 AUMs
realizedPnl    +0.32   | +271    | +11    
PnLvsArrival   +0      | +0      | +0     
PnLvsLast      +0      | +0      | +0     
______________________________________________
                 | Value$ | PnL Arrival/Last 
______________________________________________
XRP:+19.1@0.6178 | +12$ | 0/0
2023-08-05 02:32:50,167
***************************
Positions after orders
***************************
2023-08-05 02:32:50,167
********No Position************
2023-08-05 02:32:50,168
***************************
