2024-02-21 04:30:45,666
ON program started 20240221 04:30:45,
US time: 20240220 23:30:45
2024-02-21 04:30:46,667
the strat is currently running @ 21-02-2024 and the target positions is NEUTRAL
2024-02-21 04:30:48,061
CURRENT STATUS IS NEUTRAL
-----
return before 14h30:
BTCUSDT-0.63%, ETHUSDT-0.38%, XRPUSDT-1.01%
-----
target alloc initial:BTCUSDT+0.00%, ETHUSDT+0.00%, XRPUSDT+0.00%
-----
alloc target x rt%<0:BTCUSDT+0.00%, ETHUSDT+0.00%, XRPUSDT+0.00%
-----
           BTCUSDT ETHUSDT XRPUSDT
w_target      0.0%    0.0%    0.0%
rt_14h30    -0.01%  -0.00%  -0.01%
w_target_f    0.0%    0.0%    0.0%
2024-02-21 04:30:48,063
Portfolio was rebalanced less than 2 hours ago, 1.0 hours ago
2024-02-21 04:30:48,064
Status: prev = NEUTRAL <> NEUTRAL = target
2024-02-21 04:30:48,064
the strat is currently running @ 21-02-2024 and the target positions is NEUTRAL
the strat was previously run @ 2024-02-21 03:31:03, success:? 
   and the current positions is NEUTRAL
2024-02-21 04:30:49,260
positions_future #0
2024-02-21 04:30:49,260
Empty DataFrame
Columns: [symbol, positionAmt, entryPrice, breakEvenPrice, markPrice, unRealizedProfit, value_usd, updateTime, isolated, adlQuantile, AUMs_account, w%]
Index: []
2024-02-21 04:30:49,483
------------------------------
binance_account_balance
2024-02-21 04:30:49,483
  asset     balance  ...  marginAvailable   updateTime
5  USDT  293.113995  ...             True  21Feb-03:32

[1 rows x 8 columns]
2024-02-21 04:30:49,717
------------------------------
open_orders
2024-02-21 04:30:49,717
Empty DataFrame
Columns: []
Index: []
2024-02-21 04:30:50,373
------------------------------
AUMS account:293

2024-02-21 04:30:50,375
--------------- compute_futures_order_book() ----------------
2024-02-21 04:30:51,934
----------------------------------------------------------------------
#0 order(s) to place
gross$: 0$ | net$: +0$
gross%: 0% | net%: +0%
 || w>0%  +0% | w<0%  0%
----------------------------------------------------------------------
PTF Expo% 0.0% >> 0.0% (current>>target)
PTF expo $0.0 >> $0 (current>>target)
----------------------------------------------------------------------
2024-02-21 04:30:51,936
orders_ofthe_day
2024-02-21 04:30:51,936
Empty DataFrame
Columns: [ptf_usd, target_usd, totrd_usd, posttrd_usd, qty, posttrd_qty, posttrd_w, bid, ask, strategy]
Index: []
2024-02-21 04:30:52,001
Orders of the day is empty, current and target potfolios are aligned
2024-02-21 04:30:52,001
Program stopped
