2024-03-25 19:31:02,969
ON program started 20240325 19:31:02,
US time: 20240325 15:31:02
2024-03-25 19:31:03,537
the strat is currently running @ 25-03-2024 and the target positions is LONG
2024-03-25 19:31:04,931
CURRENT STATUS IS LONG
-----
return before 14h30:
BTCUSDT+1.15%, ETHUSDT+0.87%, XRPUSDT-0.02%
-----
target alloc initial:BTCUSDT+16.67%, ETHUSDT+16.67%, XRPUSDT+16.67%
-----
alloc target x rt%<0:BTCUSDT+16.67%, ETHUSDT+16.67%, XRPUSDT+16.67%
-----
           BTCUSDT ETHUSDT XRPUSDT
w_target     16.7%   16.7%   16.7%
rt_14h30     0.01%   0.01%  -0.00%
w_target_f   16.7%   16.7%   16.7%
2024-03-25 19:31:04,932
Portfolio was rebalanced less than 2 hours ago, 1.0 hours ago
2024-03-25 19:31:04,934
Status: prev = LONG <> LONG = target
2024-03-25 19:31:04,934
the strat is currently running @ 25-03-2024 and the target positions is LONG
the strat was previously run @ 2024-03-25 18:30:56, success:? 
   and the current positions is LONG
2024-03-25 19:31:06,140
positions_future #2
2024-03-25 19:31:06,140
      symbol  positionAmt entryPrice  ... adlQuantile AUMs_account        w%
124  XRPUSDT       73.900     0.6489  ...           1        290.0  0.165732
156  ETHUSDT        0.013    3628.42  ...           1        290.0  0.162607

[2 rows x 12 columns]
2024-03-25 19:31:06,386
------------------------------
binance_account_balance
2024-03-25 19:31:06,387
  asset    balance  ...  marginAvailable   updateTime
6  USDT  289.91401  ...             True  25Mar-18:31

[1 rows x 8 columns]
2024-03-25 19:31:07,067
------------------------------
open_orders
2024-03-25 19:31:07,067
Empty DataFrame
Columns: []
Index: []
2024-03-25 19:31:07,726
------------------------------
AUMS account:290

2024-03-25 19:31:07,728
--------------- compute_futures_order_book() ----------------
2024-03-25 19:31:09,302
----------------------------------------------------------------------
#0 order(s) to place
gross$: 0$ | net$: +0$
gross%: 0% | net%: +0%
 || w>0%  +0% | w<0%  0%
----------------------------------------------------------------------
PTF Expo% 32.7% >> 50.0% (current>>target)
PTF expo $95.0 >> $145 (current>>target)
----------------------------------------------------------------------
2024-03-25 19:31:09,304
orders_ofthe_day
2024-03-25 19:31:09,304
Empty DataFrame
Columns: [ptf_usd, target_usd, totrd_usd, posttrd_usd, qty, posttrd_qty, posttrd_w, bid, ask, strategy]
Index: []
2024-03-25 19:31:09,364
Orders of the day is empty, current and target potfolios are aligned
2024-03-25 19:31:09,365
Program stopped
