2024-03-31 01:30:50,764
ON program started 20240331 01:30:50,
US time: 20240330 21:30:50
2024-03-31 01:30:51,763
the strat is currently running @ 31-03-2024 and the target positions is SHORT
2024-03-31 01:30:53,162
CURRENT STATUS IS SHORT, WE CHECK IF THE DAY IS A NEGATIVE ONE
-----
return before 14h30:
BTCUSDT+0.55%, ETHUSDT+0.41%, XRPUSDT+0.40%
-----
target alloc initial:BTCUSDT-4.17%, ETHUSDT+0.00%, XRPUSDT-4.17%
-----
alloc target x rt%<0:BTCUSDT-0.00%, ETHUSDT+0.00%, XRPUSDT-0.00%
-----
           BTCUSDT ETHUSDT XRPUSDT
w_target     -4.2%    0.0%   -4.2%
rt_14h30     0.01%   0.00%   0.00%
w_target_f   -0.0%    0.0%   -0.0%
2024-03-31 01:30:53,164
Portfolio was rebalanced less than 2 hours ago, 1.0 hours ago
2024-03-31 01:30:53,165
Status: prev = SHORT <> SHORT = target
2024-03-31 01:30:53,165
the strat is currently running @ 31-03-2024 and the target positions is SHORT
the strat was previously run @ 2024-03-31 00:31:10, success:yes 
   and the current positions is SHORT
2024-03-31 01:30:54,380
positions_future #1
2024-03-31 01:30:54,380
      symbol  positionAmt entryPrice  ... adlQuantile AUMs_account        w%
123  XRPUSDT        -18.8      0.622  ...           1        288.4 -0.040683

[1 rows x 12 columns]
2024-03-31 01:30:54,471
programm stoppeddd!!! 20240331_013054
