2024-08-20 22:30:34,423
ON program started 20240820 22:30:34,
US time: 20240820 18:30:34
2024-08-20 22:30:34,872
the strat is currently running @ 20-08-2024 and the target positions is SHORT
2024-08-20 22:30:36,194
CURRENT STATUS IS SHORT, WE CHECK IF THE DAY IS A NEGATIVE ONE
-----
return before 14h30:
BTCUSDT+2.45%, ETHUSDT+0.35%, XRPUSDT+0.43%
-----
target alloc initial:BTCUSDT-4.17%, ETHUSDT+0.00%, XRPUSDT-4.17%
-----
alloc target x rt%<0:BTCUSDT-0.00%, ETHUSDT+0.00%, XRPUSDT-0.00%
-----
           BTCUSDT ETHUSDT XRPUSDT
w_target     -4.2%    0.0%   -4.2%
rt_14h30     0.02%   0.00%   0.00%
w_target_f   -0.0%    0.0%   -0.0%
2024-08-20 22:30:36,195
Portfolio was rebalanced less than 2 hours ago, 1.0 hours ago
2024-08-20 22:30:36,197
Status: prev = SHORT <> LONG = target
2024-08-20 22:30:36,197
the strat is currently running @ 20-08-2024 and the target positions is SHORT
the strat was previously run @ 2024-08-20 21:30:54, success:yes 
   and the current positions is LONG
2024-08-20 22:30:36,743
positions_future #2
2024-08-20 22:30:36,743
      symbol  positionAmt entryPrice  ... adlQuantile AUMs_account        w%
133  XRPUSDT       83.600     0.5984  ...           1        302.1  0.164912
170  ETHUSDT        0.019    2591.12  ...           1        302.1  0.162631

[2 rows x 12 columns]
2024-08-20 22:30:36,975
------------------------------
binance_account_balance
2024-08-20 22:30:36,975
  asset     balance  ...  marginAvailable   updateTime
4  USDT  302.427141  ...             True  20Aug-18:34

[1 rows x 8 columns]
2024-08-20 22:30:37,612
------------------------------
open_orders
2024-08-20 22:30:37,612
Empty DataFrame
Columns: []
Index: []
2024-08-20 22:30:39,022
------------------------------
AUMS account:302

2024-08-20 22:30:39,024
--------------- compute_futures_order_book() ----------------
2024-08-20 22:30:41,084
----------------------------------------------------------------------
#2 order(s) to place
gross$: 99$ | net$: -99$
gross%: 33% | net%: -33%
 || w>0%  +0% | w<0%  -33%
----------------------------------------------------------------------
PTF Expo% 32.7% >> 0.0% (current>>target)
PTF expo $99.0 >> $0 (current>>target)
----------------------------------------------------------------------
2024-08-20 22:30:41,085
orders_ofthe_day
2024-08-20 22:30:41,086
                  ptf_usd  target_usd  totrd_usd  ...        bid        ask strategy
2024-08-20 22:30                                  ...                               
XRPUSDT              50.0        -0.0      -50.0  ...     0.5958     0.5959  STRATON
ETHUSDT              49.0         0.0      -49.0  ...  2586.0600  2586.0700  STRATON

[2 rows x 10 columns]
2024-08-20 22:30:42,666
binance_place_orders_peg 20240820_223042
2024-08-20 22:30:43,079
{'orderId': 63544047730, 'symbol': 'XRPUSDT', 'status': 'NEW', 'clientOrderId': 'STRATON', 'price': '0.5962', 'avgPrice': '0.00', 'origQty': '83.6', 'executedQty': '0.0', 'cumQty': '0.0', 'cumQuote': '0.00000', 'timeInForce': 'GTC', 'type': 'LIMIT', 'reduceOnly': False, 'closePosition': False, 'side': 'SELL', 'positionSide': 'BOTH', 'stopPrice': '0.0000', 'workingType': 'CONTRACT_PRICE', 'priceProtect': False, 'origType': 'LIMIT', 'priceMatch': 'NONE', 'selfTradePreventionMode': 'NONE', 'goodTillDate': 0, 'updateTime': 1724193042977}
2024-08-20 22:30:43,497
{'orderId': 8389765718748430459, 'symbol': 'ETHUSDT', 'status': 'NEW', 'clientOrderId': 'STRATON', 'price': '2587.36', 'avgPrice': '0.00', 'origQty': '0.019', 'executedQty': '0.000', 'cumQty': '0.000', 'cumQuote': '0.00000', 'timeInForce': 'GTC', 'type': 'LIMIT', 'reduceOnly': False, 'closePosition': False, 'side': 'SELL', 'positionSide': 'BOTH', 'stopPrice': '0.00', 'workingType': 'CONTRACT_PRICE', 'priceProtect': False, 'origType': 'LIMIT', 'priceMatch': 'NONE', 'selfTradePreventionMode': 'NONE', 'goodTillDate': 0, 'updateTime': 1724193043392}
2024-08-20 22:30:44,774
update 0: filled 0 / 2 () | working 2 / 2 (-XRPUSDT,-ETHUSDT)
2024-08-20 22:30:48,775
-XRPUSDT: bp7.0|-ETHUSDT: bp5.0|
2024-08-20 22:30:49,608
update 1: filled 1 / 2 (-XRPUSDT) | working 1 / 2 (-ETHUSDT)
2024-08-20 22:30:53,608
-ETHUSDT: bp5.0|
2024-08-20 22:30:54,439
update 2: filled 1 / 2 (-XRPUSDT) | working 1 / 2 (-ETHUSDT)
2024-08-20 22:30:58,440
-ETHUSDT: bp5.0|
2024-08-20 22:30:59,270
update 3: filled 1 / 2 (-XRPUSDT) | working 1 / 2 (-ETHUSDT)
2024-08-20 22:31:03,271
-ETHUSDT: bp7.0|
2024-08-20 22:31:04,105
update 4: filled 1 / 2 (-XRPUSDT) | working 1 / 2 (-ETHUSDT)
2024-08-20 22:31:08,106
-ETHUSDT: bp7.0|
2024-08-20 22:31:08,939
update 5: filled 1 / 2 (-XRPUSDT) | working 1 / 2 (-ETHUSDT)
2024-08-20 22:31:12,940
-ETHUSDT: bp9.0|
2024-08-20 22:31:13,771
update 6: filled 1 / 2 (-XRPUSDT) | working 1 / 2 (-ETHUSDT)
2024-08-20 22:31:17,772
-ETHUSDT: bp7.0|
2024-08-20 22:31:18,603
update 7: filled 1 / 2 (-XRPUSDT) | working 1 / 2 (-ETHUSDT)
2024-08-20 22:31:22,604
-ETHUSDT: bp7.0|
2024-08-20 22:31:23,433
update 8: filled 1 / 2 (-XRPUSDT) | working 1 / 2 (-ETHUSDT)
2024-08-20 22:31:27,434
-ETHUSDT: bp8.0|
2024-08-20 22:31:28,268
update 9: filled 1 / 2 (-XRPUSDT) | working 1 / 2 (-ETHUSDT)
2024-08-20 22:31:32,268
-ETHUSDT: bp7.0|
2024-08-20 22:31:33,102
update 10: filled 1 / 2 (-XRPUSDT) | working 1 / 2 (-ETHUSDT)
2024-08-20 22:31:37,103
-ETHUSDT: bp8.0|
2024-08-20 22:31:37,940
update 11: filled 1 / 2 (-XRPUSDT) | working 1 / 2 (-ETHUSDT)
2024-08-20 22:31:41,941
-ETHUSDT: bp8.0|
2024-08-20 22:31:42,772
update 12: filled 1 / 2 (-XRPUSDT) | working 1 / 2 (-ETHUSDT)
2024-08-20 22:31:46,772
-ETHUSDT: bp8.0|
2024-08-20 22:31:47,605
update 13: filled 1 / 2 (-XRPUSDT) | working 1 / 2 (-ETHUSDT)
2024-08-20 22:31:51,605
-ETHUSDT: bp8.0|
2024-08-20 22:31:52,439
update 14: filled 1 / 2 (-XRPUSDT) | working 1 / 2 (-ETHUSDT)
2024-08-20 22:31:56,439
-ETHUSDT: bp8.0|
2024-08-20 22:31:56,439
Adjustment limit #1 ... 
 we cancel current orders and replace
2024-08-20 22:31:56,440
@+/-2.5bp limit 
2024-08-20 22:31:56,440
binance_cancel_and_replace_orders_peg 20240820_223156
2024-08-20 22:31:57,904
binance_place_orders_peg 20240820_223157
2024-08-20 22:31:58,318
{'orderId': 8389765718748781184, 'symbol': 'ETHUSDT', 'status': 'NEW', 'clientOrderId': 'STRATON', 'price': '2585.85', 'avgPrice': '0.00', 'origQty': '0.019', 'executedQty': '0.000', 'cumQty': '0.000', 'cumQuote': '0.00000', 'timeInForce': 'GTC', 'type': 'LIMIT', 'reduceOnly': False, 'closePosition': False, 'side': 'SELL', 'positionSide': 'BOTH', 'stopPrice': '0.00', 'workingType': 'CONTRACT_PRICE', 'priceProtect': False, 'origType': 'LIMIT', 'priceMatch': 'NONE', 'selfTradePreventionMode': 'NONE', 'goodTillDate': 0, 'updateTime': 1724193118214}
2024-08-20 22:31:59,957
update 0: filled 1 / 2 (-XRPUSDT) | working 1 / 2 (-ETHUSDT)
2024-08-20 22:32:03,957
-ETHUSDT: bp3.0|
2024-08-20 22:32:04,785
update 1: filled 1 / 2 (-XRPUSDT) | working 1 / 2 (-ETHUSDT)
2024-08-20 22:32:08,786
-ETHUSDT: bp3.0|
2024-08-20 22:32:09,624
update 2: filled 2 / 2 (-XRPUSDT,-ETHUSDT) | working 0 / 2 ()
2024-08-20 22:32:16,734
Trades of the day
in$
as of: 20Aug 22:30>>22:32 (#trades: 2)
trade net: -99.0 (-32.8%), trade gross: +99.0 (+32.8%), BUY: +0.0 (+0.0%), SELL: -99.0 (-32.8%)
fees: $ 0.02 (2.0bp)
2024-08-20 22:32:17,169
Trades: 
Filled #2
______________________________________________
                   in$ | in bp 98 traded | in bp 302 AUMs
realizedPnl    -0.28   | -28     | -9     
PnLvsArrival   +0.03   | +3      | +1     
PnLvsLast      -0.03   | -3      | -1     
______________________________________________
                 | Value$ | PnL Arrival/Last 
______________________________________________
XRP:-83.6@0.5962 | -50$ | 0.03/-0.03
ETH:-0.019@2585.85 | -49$ | -0/-0
