2024-05-25 23:30:53,010
ON program started 20240525 23:30:52,
US time: 20240525 19:30:53
2024-05-25 23:30:53,485
the strat is currently running @ 25-05-2024 and the target positions is SHORT
2024-05-25 23:30:55,305
CURRENT STATUS IS SHORT, WE CHECK IF THE DAY IS A NEGATIVE ONE
-----
return before 14h30:
BTCUSDT+0.69%, ETHUSDT+0.16%, XRPUSDT-0.24%
-----
target alloc initial:BTCUSDT-4.17%, ETHUSDT+0.00%, XRPUSDT-4.17%
-----
alloc target x rt%<0:BTCUSDT-0.00%, ETHUSDT+0.00%, XRPUSDT-4.17%
-----
           BTCUSDT ETHUSDT XRPUSDT
w_target     -4.2%    0.0%   -4.2%
rt_14h30     0.01%   0.00%  -0.00%
w_target_f   -0.0%    0.0%   -4.2%
2024-05-25 23:30:55,306
Portfolio was rebalanced less than 2 hours ago, 1.0 hours ago
2024-05-25 23:30:55,307
Status: prev = SHORT <> SHORT = target
2024-05-25 23:30:55,307
the strat is currently running @ 25-05-2024 and the target positions is SHORT
the strat was previously run @ 2024-05-25 22:31:09, success:? 
   and the current positions is SHORT
2024-05-25 23:30:56,505
positions_future #1
2024-05-25 23:30:56,505
      symbol  positionAmt entryPrice  ... adlQuantile AUMs_account        w%
134  XRPUSDT        -22.1     0.5399  ...           2        289.7 -0.041321

[1 rows x 12 columns]
2024-05-25 23:30:56,746
------------------------------
binance_account_balance
2024-05-25 23:30:56,746
  asset     balance  ...  marginAvailable   updateTime
6  USDT  289.707737  ...             True  25May-22:36

[1 rows x 8 columns]
2024-05-25 23:30:57,197
------------------------------
open_orders
2024-05-25 23:30:57,197
Empty DataFrame
Columns: []
Index: []
2024-05-25 23:30:57,857
------------------------------
AUMS account:289

2024-05-25 23:30:57,859
--------------- compute_futures_order_book() ----------------
2024-05-25 23:30:59,424
----------------------------------------------------------------------
#0 order(s) to place
gross$: 0$ | net$: +0$
gross%: 0% | net%: +0%
 || w>0%  +0% | w<0%  0%
----------------------------------------------------------------------
PTF Expo% -4.1% >> -4.1% (current>>target)
PTF expo $-12.0 >> $-12 (current>>target)
----------------------------------------------------------------------
2024-05-25 23:30:59,426
orders_ofthe_day
2024-05-25 23:30:59,426
Empty DataFrame
Columns: [ptf_usd, target_usd, totrd_usd, posttrd_usd, qty, posttrd_qty, posttrd_w, bid, ask, strategy]
Index: []
2024-05-25 23:30:59,493
Orders of the day is empty, current and target potfolios are aligned
2024-05-25 23:30:59,493
Program stopped
