2023-11-27 19:30:34,889
ON program started 20231127 19:30:34,
US time: 20231127 14:30:34
2023-11-27 19:30:35,365
the strat is currently running @ 27-11-2023 and the target positions is LONG
2023-11-27 19:30:36,800
CURRENT STATUS IS LONG
-----
return before 14h30:
BTCUSDT-1.08%, ETHUSDT-2.17%, XRPUSDT-1.86%
-----
target alloc initial:BTCUSDT+16.67%, ETHUSDT+16.67%, XRPUSDT+16.67%
-----
alloc target x rt%<0:BTCUSDT+16.67%, ETHUSDT+16.67%, XRPUSDT+16.67%
-----
           BTCUSDT ETHUSDT XRPUSDT
w_target     16.7%   16.7%   16.7%
rt_14h30    -0.01%  -0.02%  -0.02%
w_target_f   16.7%   16.7%   16.7%
2023-11-27 19:30:36,803
Portfolio was rebalanced less than 2 hours ago, 15.0 hours ago
2023-11-27 19:30:36,805
Status: prev = LONG <> NEUTRAL = target
2023-11-27 19:30:36,805
the strat is currently running @ 27-11-2023 and the target positions is LONG
the strat was previously run @ 2023-11-27 04:31:18 UTC, success:yes 
   and the current positions is NEUTRAL
2023-11-27 19:30:38,032
positions_future #0
2023-11-27 19:30:38,032
Empty DataFrame
Columns: [symbol, positionAmt, entryPrice, breakEvenPrice, markPrice, unRealizedProfit, value_usd, updateTime, isolated, adlQuantile, AUMs_account, w%]
Index: []
2023-11-27 19:30:38,255
------------------------------
binance_account_balance
2023-11-27 19:30:38,255
  asset     balance  ... marginAvailable   updateTime
5  USDT  287.795008  ...            True  27Nov-00:33

[1 rows x 8 columns]
2023-11-27 19:30:38,489
------------------------------
open_orders
2023-11-27 19:30:38,489
Empty DataFrame
Columns: []
Index: []
2023-11-27 19:30:39,146
------------------------------
AUMS account:287

2023-11-27 19:30:39,147
--------------- compute_futures_order_book() ----------------
2023-11-27 19:30:40,703
----------------------------------------------------------------------
#2 order(s) to place
gross$: 96$ | net$: +96$
gross%: 33% | net%: +33%
 || w>0%  +33% | w<0%  0%
----------------------------------------------------------------------
PTF Expo% 0.0% >> 50.0% (current>>target)
PTF expo $0.0 >> $143 (current>>target)
----------------------------------------------------------------------
2023-11-27 19:30:40,705
orders_ofthe_day
2023-11-27 19:30:40,705
                  ptf_usd  target_usd  ...        bid        ask
2023-11-27 19:30                       ...                      
ETHUSDT               0.0       47.98  ...  2009.0000  2009.0100
XRPUSDT               0.0       47.98  ...     0.6001     0.6002

[2 rows x 9 columns]
2023-11-27 19:30:42,178
binance_place_orders_peg 20231127_193042
2023-11-27 19:30:42,619
{'orderId': 8389765630818932088, 'symbol': 'ETHUSDT', 'status': 'NEW', 'clientOrderId': 'iyaxAnSPsmMeFpD5YDxR6h', 'price': '2008.00', 'avgPrice': '0.00', 'origQty': '0.024', 'executedQty': '0.000', 'cumQty': '0.000', 'cumQuote': '0.00000', 'timeInForce': 'GTC', 'type': 'LIMIT', 'reduceOnly': False, 'closePosition': False, 'side': 'BUY', 'positionSide': 'BOTH', 'stopPrice': '0.00', 'workingType': 'CONTRACT_PRICE', 'priceProtect': False, 'origType': 'LIMIT', 'priceMatch': 'NONE', 'selfTradePreventionMode': 'NONE', 'goodTillDate': 0, 'updateTime': 1701113442509}
2023-11-27 19:30:43,064
{'orderId': 45735684463, 'symbol': 'XRPUSDT', 'status': 'NEW', 'clientOrderId': 'rM69pkTH26f3Aaf2mPZC9U', 'price': '0.5998', 'avgPrice': '0.00', 'origQty': '80.0', 'executedQty': '0.0', 'cumQty': '0.0', 'cumQuote': '0.00000', 'timeInForce': 'GTC', 'type': 'LIMIT', 'reduceOnly': False, 'closePosition': False, 'side': 'BUY', 'positionSide': 'BOTH', 'stopPrice': '0.0000', 'workingType': 'CONTRACT_PRICE', 'priceProtect': False, 'origType': 'LIMIT', 'priceMatch': 'NONE', 'selfTradePreventionMode': 'NONE', 'goodTillDate': 0, 'updateTime': 1701113442955}
2023-11-27 19:30:44,638
update 0: filled 0 / 2 () | working 2 / 2 (+ETHUSDT,+XRPUSDT)
2023-11-27 19:30:48,639
+ETHUSDT: bp5.0|+XRPUSDT: bp5.0|
2023-11-27 19:30:49,516
update 1: filled 0 / 2 () | working 2 / 2 (+ETHUSDT,+XRPUSDT)
2023-11-27 19:30:53,516
+ETHUSDT: bp5.0|+XRPUSDT: bp7.0|
2023-11-27 19:30:54,394
update 2: filled 0 / 2 () | working 2 / 2 (+ETHUSDT,+XRPUSDT)
2023-11-27 19:30:58,395
+ETHUSDT: bp4.0|+XRPUSDT: bp5.0|
2023-11-27 19:30:59,274
update 3: filled 0 / 2 () | working 2 / 2 (+ETHUSDT,+XRPUSDT)
2023-11-27 19:31:03,275
+ETHUSDT: bp7.0|+XRPUSDT: bp7.0|
2023-11-27 19:31:04,154
update 4: filled 0 / 2 () | working 2 / 2 (+ETHUSDT,+XRPUSDT)
2023-11-27 19:31:08,155
+ETHUSDT: bp8.0|+XRPUSDT: bp7.0|
2023-11-27 19:31:09,034
update 5: filled 0 / 2 () | working 2 / 2 (+ETHUSDT,+XRPUSDT)
2023-11-27 19:31:13,034
+ETHUSDT: bp9.0|+XRPUSDT: bp8.0|
2023-11-27 19:31:13,915
update 6: filled 0 / 2 () | working 2 / 2 (+ETHUSDT,+XRPUSDT)
2023-11-27 19:31:17,916
+ETHUSDT: bp9.0|+XRPUSDT: bp8.0|
2023-11-27 19:31:18,798
update 7: filled 0 / 2 () | working 2 / 2 (+ETHUSDT,+XRPUSDT)
2023-11-27 19:31:22,799
+ETHUSDT: bp9.0|+XRPUSDT: bp8.0|
2023-11-27 19:31:23,674
update 8: filled 0 / 2 () | working 2 / 2 (+ETHUSDT,+XRPUSDT)
2023-11-27 19:31:27,674
+ETHUSDT: bp12.0|+XRPUSDT: bp8.0|
2023-11-27 19:31:28,551
update 9: filled 0 / 2 () | working 2 / 2 (+ETHUSDT,+XRPUSDT)
2023-11-27 19:31:32,551
+ETHUSDT: bp12.0|+XRPUSDT: bp12.0|
2023-11-27 19:31:33,426
update 10: filled 0 / 2 () | working 2 / 2 (+ETHUSDT,+XRPUSDT)
2023-11-27 19:31:37,427
+ETHUSDT: bp14.0|+XRPUSDT: bp15.0|
2023-11-27 19:31:38,303
update 11: filled 0 / 2 () | working 2 / 2 (+ETHUSDT,+XRPUSDT)
2023-11-27 19:31:42,304
+ETHUSDT: bp13.0|+XRPUSDT: bp15.0|
2023-11-27 19:31:43,180
update 12: filled 0 / 2 () | working 2 / 2 (+ETHUSDT,+XRPUSDT)
2023-11-27 19:31:47,180
+ETHUSDT: bp13.0|+XRPUSDT: bp13.0|
2023-11-27 19:31:48,069
update 13: filled 0 / 2 () | working 2 / 2 (+ETHUSDT,+XRPUSDT)
2023-11-27 19:31:52,070
+ETHUSDT: bp12.0|+XRPUSDT: bp12.0|
2023-11-27 19:31:52,945
update 14: filled 0 / 2 () | working 2 / 2 (+ETHUSDT,+XRPUSDT)
2023-11-27 19:31:56,946
+ETHUSDT: bp12.0|+XRPUSDT: bp12.0|
2023-11-27 19:31:56,946
Adjustment limit #1 ... 
 we cancel current orders and replace
2023-11-27 19:31:56,946
@+/-2.5bp limit 
2023-11-27 19:31:56,946
binance_cancel_and_replace_orders_peg 20231127_193156
2023-11-27 19:31:58,271
binance_place_orders_peg 20231127_193158
2023-11-27 19:31:58,712
{'orderId': 8389765630819131179, 'symbol': 'ETHUSDT', 'status': 'NEW', 'clientOrderId': 'iyaxAnSPsmMeFpD5YDxR6h', 'price': '2010.11', 'avgPrice': '0.00', 'origQty': '0.024', 'executedQty': '0.000', 'cumQty': '0.000', 'cumQuote': '0.00000', 'timeInForce': 'GTC', 'type': 'LIMIT', 'reduceOnly': False, 'closePosition': False, 'side': 'BUY', 'positionSide': 'BOTH', 'stopPrice': '0.00', 'workingType': 'CONTRACT_PRICE', 'priceProtect': False, 'origType': 'LIMIT', 'priceMatch': 'NONE', 'selfTradePreventionMode': 'NONE', 'goodTillDate': 0, 'updateTime': 1701113518601}
2023-11-27 19:31:59,152
{'orderId': 45735725832, 'symbol': 'XRPUSDT', 'status': 'NEW', 'clientOrderId': 'rM69pkTH26f3Aaf2mPZC9U', 'price': '0.6003', 'avgPrice': '0.00', 'origQty': '80.0', 'executedQty': '0.0', 'cumQty': '0.0', 'cumQuote': '0.00000', 'timeInForce': 'GTC', 'type': 'LIMIT', 'reduceOnly': False, 'closePosition': False, 'side': 'BUY', 'positionSide': 'BOTH', 'stopPrice': '0.0000', 'workingType': 'CONTRACT_PRICE', 'priceProtect': False, 'origType': 'LIMIT', 'priceMatch': 'NONE', 'selfTradePreventionMode': 'NONE', 'goodTillDate': 0, 'updateTime': 1701113519041}
2023-11-27 19:32:00,028
update 0: filled 0 / 2 () | working 2 / 2 (+ETHUSDT,+XRPUSDT)
2023-11-27 19:32:04,111
+ETHUSDT: bp2.0|+XRPUSDT: bp2.0|
2023-11-27 19:32:04,990
update 1: filled 0 / 2 () | working 2 / 2 (+ETHUSDT,+XRPUSDT)
2023-11-27 19:32:08,990
+ETHUSDT: bp3.0|+XRPUSDT: bp5.0|
2023-11-27 19:32:09,866
update 2: filled 0 / 2 () | working 2 / 2 (+ETHUSDT,+XRPUSDT)
2023-11-27 19:32:13,867
+ETHUSDT: bp3.0|+XRPUSDT: bp3.0|
2023-11-27 19:32:14,743
update 3: filled 0 / 2 () | working 2 / 2 (+ETHUSDT,+XRPUSDT)
2023-11-27 19:32:18,743
+ETHUSDT: bp3.0|+XRPUSDT: bp7.0|
2023-11-27 19:32:19,621
update 4: filled 0 / 2 () | working 2 / 2 (+ETHUSDT,+XRPUSDT)
2023-11-27 19:32:23,621
+ETHUSDT: bp3.0|+XRPUSDT: bp7.0|
2023-11-27 19:32:24,498
update 5: filled 0 / 2 () | working 2 / 2 (+ETHUSDT,+XRPUSDT)
2023-11-27 19:32:28,499
+ETHUSDT: bp1.0|+XRPUSDT: bp7.0|
2023-11-27 19:32:29,377
update 6: filled 0 / 2 () | working 2 / 2 (+ETHUSDT,+XRPUSDT)
2023-11-27 19:32:33,378
+ETHUSDT: bp3.0|+XRPUSDT: bp5.0|
2023-11-27 19:32:34,256
update 7: filled 0 / 2 () | working 2 / 2 (+ETHUSDT,+XRPUSDT)
2023-11-27 19:32:38,257
+ETHUSDT: bp3.0|+XRPUSDT: bp7.0|
2023-11-27 19:32:39,134
update 8: filled 0 / 2 () | working 2 / 2 (+ETHUSDT,+XRPUSDT)
2023-11-27 19:32:43,134
+ETHUSDT: bp3.0|+XRPUSDT: bp5.0|
2023-11-27 19:32:44,011
update 9: filled 0 / 2 () | working 2 / 2 (+ETHUSDT,+XRPUSDT)
2023-11-27 19:32:48,011
+ETHUSDT: bp3.0|+XRPUSDT: bp5.0|
2023-11-27 19:32:48,889
update 10: filled 0 / 2 () | working 2 / 2 (+ETHUSDT,+XRPUSDT)
2023-11-27 19:32:52,889
+ETHUSDT: bp3.0|+XRPUSDT: bp5.0|
2023-11-27 19:32:53,766
update 11: filled 0 / 2 () | working 2 / 2 (+ETHUSDT,+XRPUSDT)
2023-11-27 19:32:57,766
+ETHUSDT: bp5.0|+XRPUSDT: bp5.0|
2023-11-27 19:32:58,642
update 12: filled 0 / 2 () | working 2 / 2 (+ETHUSDT,+XRPUSDT)
2023-11-27 19:33:02,643
+ETHUSDT: bp5.0|+XRPUSDT: bp7.0|
2023-11-27 19:33:03,519
update 13: filled 0 / 2 () | working 2 / 2 (+ETHUSDT,+XRPUSDT)
2023-11-27 19:33:07,519
+ETHUSDT: bp5.0|+XRPUSDT: bp8.0|
2023-11-27 19:33:08,398
update 14: filled 0 / 2 () | working 2 / 2 (+ETHUSDT,+XRPUSDT)
2023-11-27 19:33:12,399
+ETHUSDT: bp5.0|+XRPUSDT: bp7.0|
2023-11-27 19:33:12,399
Adjustment limit #2 ... 
 we cancel current orders and replace
2023-11-27 19:33:12,399
@+/-1.25bp limit 
2023-11-27 19:33:12,399
binance_cancel_and_replace_orders_peg 20231127_193312
2023-11-27 19:33:13,721
binance_place_orders_peg 20231127_193313
2023-11-27 19:33:14,162
{'orderId': 8389765630819256901, 'symbol': 'ETHUSDT', 'status': 'NEW', 'clientOrderId': 'iyaxAnSPsmMeFpD5YDxR6h', 'price': '2010.98', 'avgPrice': '0.00', 'origQty': '0.024', 'executedQty': '0.000', 'cumQty': '0.000', 'cumQuote': '0.00000', 'timeInForce': 'GTC', 'type': 'LIMIT', 'reduceOnly': False, 'closePosition': False, 'side': 'BUY', 'positionSide': 'BOTH', 'stopPrice': '0.00', 'workingType': 'CONTRACT_PRICE', 'priceProtect': False, 'origType': 'LIMIT', 'priceMatch': 'NONE', 'selfTradePreventionMode': 'NONE', 'goodTillDate': 0, 'updateTime': 1701113594052}
2023-11-27 19:33:14,603
{'orderId': 45735761644, 'symbol': 'XRPUSDT', 'status': 'NEW', 'clientOrderId': 'rM69pkTH26f3Aaf2mPZC9U', 'price': '0.6006', 'avgPrice': '0.00', 'origQty': '80.0', 'executedQty': '0.0', 'cumQty': '0.0', 'cumQuote': '0.00000', 'timeInForce': 'GTC', 'type': 'LIMIT', 'reduceOnly': False, 'closePosition': False, 'side': 'BUY', 'positionSide': 'BOTH', 'stopPrice': '0.0000', 'workingType': 'CONTRACT_PRICE', 'priceProtect': False, 'origType': 'LIMIT', 'priceMatch': 'NONE', 'selfTradePreventionMode': 'NONE', 'goodTillDate': 0, 'updateTime': 1701113594492}
2023-11-27 19:33:15,480
update 0: filled 0 / 2 () | working 2 / 2 (+ETHUSDT,+XRPUSDT)
2023-11-27 19:33:19,481
+ETHUSDT: bp2.0|+XRPUSDT: bp3.0|
2023-11-27 19:33:20,356
update 1: filled 0 / 2 () | working 2 / 2 (+ETHUSDT,+XRPUSDT)
2023-11-27 19:33:24,357
+ETHUSDT: bp2.0|+XRPUSDT: bp3.0|
2023-11-27 19:33:25,232
update 2: filled 0 / 2 () | working 2 / 2 (+ETHUSDT,+XRPUSDT)
2023-11-27 19:33:29,233
+ETHUSDT: bp2.0|+XRPUSDT: bp3.0|
2023-11-27 19:33:30,110
update 3: filled 0 / 2 () | working 2 / 2 (+ETHUSDT,+XRPUSDT)
2023-11-27 19:33:34,110
+ETHUSDT: bp2.0|+XRPUSDT: bp3.0|
2023-11-27 19:33:34,986
update 4: filled 0 / 2 () | working 2 / 2 (+ETHUSDT,+XRPUSDT)
2023-11-27 19:33:38,987
+ETHUSDT: bp3.0|+XRPUSDT: bp5.0|
2023-11-27 19:33:39,862
update 5: filled 0 / 2 () | working 2 / 2 (+ETHUSDT,+XRPUSDT)
2023-11-27 19:33:43,863
+ETHUSDT: bp3.0|+XRPUSDT: bp3.0|
2023-11-27 19:33:44,739
update 6: filled 0 / 2 () | working 2 / 2 (+ETHUSDT,+XRPUSDT)
2023-11-27 19:33:48,740
+ETHUSDT: bp3.0|+XRPUSDT: bp3.0|
2023-11-27 19:33:49,619
update 7: filled 0 / 2 () | working 2 / 2 (+ETHUSDT,+XRPUSDT)
2023-11-27 19:33:53,619
+ETHUSDT: bp3.0|+XRPUSDT: bp3.0|
2023-11-27 19:33:54,495
update 8: filled 0 / 2 () | working 2 / 2 (+ETHUSDT,+XRPUSDT)
2023-11-27 19:33:58,496
+ETHUSDT: bp2.0|+XRPUSDT: bp3.0|
2023-11-27 19:33:59,372
update 9: filled 0 / 2 () | working 2 / 2 (+ETHUSDT,+XRPUSDT)
2023-11-27 19:34:03,373
+ETHUSDT: bp2.0|+XRPUSDT: bp3.0|
2023-11-27 19:34:04,249
update 10: filled 0 / 2 () | working 2 / 2 (+ETHUSDT,+XRPUSDT)
2023-11-27 19:34:08,249
+ETHUSDT: bp2.0|+XRPUSDT: bp3.0|
2023-11-27 19:34:09,130
update 11: filled 0 / 2 () | working 2 / 2 (+ETHUSDT,+XRPUSDT)
2023-11-27 19:34:13,130
+ETHUSDT: bp2.0|+XRPUSDT: bp3.0|
2023-11-27 19:34:14,006
update 12: filled 0 / 2 () | working 2 / 2 (+ETHUSDT,+XRPUSDT)
2023-11-27 19:34:18,007
+ETHUSDT: bp2.0|+XRPUSDT: bp3.0|
2023-11-27 19:34:18,882
update 13: filled 0 / 2 () | working 2 / 2 (+ETHUSDT,+XRPUSDT)
2023-11-27 19:34:22,883
+ETHUSDT: bp2.0|+XRPUSDT: bp3.0|
2023-11-27 19:34:23,759
update 14: filled 0 / 2 () | working 2 / 2 (+ETHUSDT,+XRPUSDT)
2023-11-27 19:34:27,759
+ETHUSDT: bp2.0|+XRPUSDT: bp3.0|
2023-11-27 19:34:27,760
Adjustment limit #3 ... 
 we cancel current orders and replace
2023-11-27 19:34:27,760
@+/-0.625bp limit 
2023-11-27 19:34:27,760
binance_cancel_and_replace_orders_peg 20231127_193427
2023-11-27 19:34:29,078
binance_place_orders_peg 20231127_193429
2023-11-27 19:34:29,519
{'orderId': 8389765630819347801, 'symbol': 'ETHUSDT', 'status': 'NEW', 'clientOrderId': 'iyaxAnSPsmMeFpD5YDxR6h', 'price': '2011.36', 'avgPrice': '0.00', 'origQty': '0.024', 'executedQty': '0.000', 'cumQty': '0.000', 'cumQuote': '0.00000', 'timeInForce': 'GTC', 'type': 'LIMIT', 'reduceOnly': False, 'closePosition': False, 'side': 'BUY', 'positionSide': 'BOTH', 'stopPrice': '0.00', 'workingType': 'CONTRACT_PRICE', 'priceProtect': False, 'origType': 'LIMIT', 'priceMatch': 'NONE', 'selfTradePreventionMode': 'NONE', 'goodTillDate': 0, 'updateTime': 1701113669408}
2023-11-27 19:34:29,960
{'orderId': 45735786426, 'symbol': 'XRPUSDT', 'status': 'NEW', 'clientOrderId': 'rM69pkTH26f3Aaf2mPZC9U', 'price': '0.6008', 'avgPrice': '0.00', 'origQty': '80.0', 'executedQty': '0.0', 'cumQty': '0.0', 'cumQuote': '0.00000', 'timeInForce': 'GTC', 'type': 'LIMIT', 'reduceOnly': False, 'closePosition': False, 'side': 'BUY', 'positionSide': 'BOTH', 'stopPrice': '0.0000', 'workingType': 'CONTRACT_PRICE', 'priceProtect': False, 'origType': 'LIMIT', 'priceMatch': 'NONE', 'selfTradePreventionMode': 'NONE', 'goodTillDate': 0, 'updateTime': 1701113669849}
2023-11-27 19:34:30,838
update 0: filled 0 / 2 () | working 2 / 2 (+ETHUSDT,+XRPUSDT)
2023-11-27 19:34:34,839
+ETHUSDT: bp1.0|+XRPUSDT: bp-0.0|
2023-11-27 19:34:35,714
update 1: filled 0 / 2 () | working 2 / 2 (+ETHUSDT,+XRPUSDT)
2023-11-27 19:34:39,715
+ETHUSDT: bp1.0|+XRPUSDT: bp-0.0|
2023-11-27 19:34:40,590
update 2: filled 0 / 2 () | working 2 / 2 (+ETHUSDT,+XRPUSDT)
2023-11-27 19:34:44,591
+ETHUSDT: bp1.0|+XRPUSDT: bp2.0|
2023-11-27 19:34:45,466
update 3: filled 2 / 2 (+ETHUSDT,+XRPUSDT) | working 0 / 2 ()
