2023-12-21 21:30:56,361
ON program started 20231221 21:30:56,
US time: 20231221 16:30:56
2023-12-21 21:30:57,366
the strat is currently running @ 21-12-2023 and the target positions is LONG
2023-12-21 21:30:58,793
CURRENT STATUS IS LONG
-----
return before 14h30:
BTCUSDT-0.11%, ETHUSDT+1.38%, XRPUSDT+0.15%
-----
target alloc initial:BTCUSDT+16.67%, ETHUSDT+16.67%, XRPUSDT+16.67%
-----
alloc target x rt%<0:BTCUSDT+16.67%, ETHUSDT+16.67%, XRPUSDT+16.67%
-----
           BTCUSDT ETHUSDT XRPUSDT
w_target     16.7%   16.7%   16.7%
rt_14h30    -0.00%   0.01%   0.00%
w_target_f   16.7%   16.7%   16.7%
2023-12-21 21:30:58,795
Portfolio was rebalanced less than 2 hours ago, 1.0 hours ago
2023-12-21 21:30:58,798
Status: prev = LONG <> LONG = target
2023-12-21 21:30:58,799
the strat is currently running @ 21-12-2023 and the target positions is LONG
the strat was previously run @ 2023-12-21 20:30:42 UTC, success:yes 
   and the current positions is LONG
2023-12-21 21:30:59,440
positions_future #2
2023-12-21 21:30:59,440
      symbol  positionAmt entryPrice  ... adlQuantile AUMs_account        w%
135  ETHUSDT        0.022    2228.61  ...           2        291.6  0.169134
108  XRPUSDT       77.900     0.6171  ...           2        291.6  0.166024

[2 rows x 12 columns]
2023-12-21 21:30:59,587
programm stoppeddd!!! 20231221_213059
