2024-04-30 01:31:08,373
ON program started 20240430 01:31:08,
US time: 20240429 21:31:08
2024-04-30 01:31:09,232
the strat is currently running @ 30-04-2024 and the target positions is SHORT
2024-04-30 01:31:10,657
CURRENT STATUS IS SHORT, WE CHECK IF THE DAY IS A NEGATIVE ONE
-----
return before 14h30:
BTCUSDT+0.60%, ETHUSDT+0.26%, XRPUSDT+0.19%
-----
target alloc initial:BTCUSDT-4.17%, ETHUSDT+0.00%, XRPUSDT-4.17%
-----
alloc target x rt%<0:BTCUSDT-0.00%, ETHUSDT+0.00%, XRPUSDT-0.00%
-----
           BTCUSDT ETHUSDT XRPUSDT
w_target     -4.2%    0.0%   -4.2%
rt_14h30     0.01%   0.00%   0.00%
w_target_f   -0.0%    0.0%   -0.0%
2024-04-30 01:31:10,659
Portfolio was rebalanced less than 2 hours ago, 1.0 hours ago
2024-04-30 01:31:10,661
Status: prev = SHORT <> SHORT = target
2024-04-30 01:31:10,661
the strat is currently running @ 30-04-2024 and the target positions is SHORT
the strat was previously run @ 2024-04-30 00:30:52, success:yes 
   and the current positions is SHORT
2024-04-30 01:31:11,878
positions_future #1
2024-04-30 01:31:11,878
      symbol  positionAmt entryPrice  ... adlQuantile AUMs_account       w%
131  XRPUSDT        -22.9     0.5148  ...           1        281.0 -0.04203

[1 rows x 12 columns]
2024-04-30 01:31:11,974
programm stoppeddd!!! 20240430_013111
