2023-12-29 04:30:49,917
ON program started 20231229 04:30:49,
US time: 20231228 23:30:49
2023-12-29 04:30:50,999
the strat is currently running @ 29-12-2023 and the target positions is NEUTRAL
2023-12-29 04:30:52,836
CURRENT STATUS IS NEUTRAL
-----
return before 14h30:
BTCUSDT+0.00%, ETHUSDT+0.00%, XRPUSDT+0.00%
-----
target alloc initial:BTCUSDT+0.00%, ETHUSDT+0.00%, XRPUSDT+0.00%
-----
alloc target x rt%<0:BTCUSDT+0.00%, ETHUSDT+0.00%, XRPUSDT+0.00%
-----
           BTCUSDT ETHUSDT XRPUSDT
w_target      0.0%    0.0%    0.0%
rt_14h30     0.00%   0.00%   0.00%
w_target_f    0.0%    0.0%    0.0%
2023-12-29 04:30:52,837
Portfolio was rebalanced less than 2 hours ago, 1.0 hours ago
2023-12-29 04:30:52,840
Status: prev = NEUTRAL <> NEUTRAL = target
2023-12-29 04:30:52,840
the strat is currently running @ 29-12-2023 and the target positions is NEUTRAL
the strat was previously run @ 2023-12-29 03:31:13 UTC, success:yes 
   and the current positions is NEUTRAL
2023-12-29 04:30:54,061
positions_future #0
2023-12-29 04:30:54,061
Empty DataFrame
Columns: [symbol, positionAmt, entryPrice, breakEvenPrice, markPrice, unRealizedProfit, value_usd, updateTime, isolated, adlQuantile, AUMs_account, w%]
Index: []
2023-12-29 04:30:54,139
programm stoppeddd!!! 20231229_043054
