2024-06-14 20:31:05,876
ON program started 20240614 20:31:05,
US time: 20240614 16:31:05
2024-06-14 20:31:07,022
the strat is currently running @ 14-06-2024 and the target positions is LONG
2024-06-14 20:31:08,337
CURRENT STATUS IS LONG
-----
return before 14h30:
BTCUSDT+0.45%, ETHUSDT+1.10%, XRPUSDT+0.50%
-----
target alloc initial:BTCUSDT+16.67%, ETHUSDT+16.67%, XRPUSDT+16.67%
-----
alloc target x rt%<0:BTCUSDT+16.67%, ETHUSDT+16.67%, XRPUSDT+16.67%
-----
           BTCUSDT ETHUSDT XRPUSDT
w_target     16.7%   16.7%   16.7%
rt_14h30     0.00%   0.01%   0.01%
w_target_f   16.7%   16.7%   16.7%
2024-06-14 20:31:08,338
Portfolio was rebalanced less than 2 hours ago, 1.0 hours ago
2024-06-14 20:31:08,340
Status: prev = LONG <> LONG = target
2024-06-14 20:31:08,340
the strat is currently running @ 14-06-2024 and the target positions is LONG
the strat was previously run @ 2024-06-14 19:31:21, success:yes 
   and the current positions is LONG
2024-06-14 20:31:09,463
positions_future #2
2024-06-14 20:31:09,463
      symbol  positionAmt entryPrice  ... adlQuantile AUMs_account        w%
129  XRPUSDT      103.000     0.4657  ...           3        290.5  0.166985
162  ETHUSDT        0.014    3380.24  ...           2        290.5  0.164965

[2 rows x 12 columns]
2024-06-14 20:31:09,542
programm stoppeddd!!! 20240614_203109
