2024-04-25 20:30:32,699
ON program started 20240425 20:30:32,
US time: 20240425 16:30:32
2024-04-25 20:30:33,668
the strat is currently running @ 25-04-2024 and the target positions is LONG
2024-04-25 20:30:35,107
CURRENT STATUS IS LONG
-----
return before 14h30:
BTCUSDT-1.34%, ETHUSDT-0.54%, XRPUSDT-1.67%
-----
target alloc initial:BTCUSDT+16.67%, ETHUSDT+16.67%, XRPUSDT+16.67%
-----
alloc target x rt%<0:BTCUSDT+16.67%, ETHUSDT+16.67%, XRPUSDT+16.67%
-----
           BTCUSDT ETHUSDT XRPUSDT
w_target     16.7%   16.7%   16.7%
rt_14h30    -0.01%  -0.01%  -0.02%
w_target_f   16.7%   16.7%   16.7%
2024-04-25 20:30:35,108
Portfolio was rebalanced less than 2 hours ago, 1.0 hours ago
2024-04-25 20:30:35,110
Status: prev = LONG <> LONG = target
2024-04-25 20:30:35,110
the strat is currently running @ 25-04-2024 and the target positions is LONG
the strat was previously run @ 2024-04-25 19:30:57, success:yes 
   and the current positions is LONG
2024-04-25 20:30:36,326
positions_future #2
2024-04-25 20:30:36,326
      symbol  positionAmt entryPrice  ... adlQuantile AUMs_account        w%
164  ETHUSDT        0.015    3155.97  ...           2        281.9  0.168364
131  XRPUSDT       88.900     0.5285  ...           2        281.9  0.167370

[2 rows x 12 columns]
2024-04-25 20:30:36,411
programm stoppeddd!!! 20240425_203036
