2023-10-30 08:31:01,186
ON program started 20231030 08:31:01,
US time: 20231030 04:31:01
2023-10-30 08:31:04,350
the strat is currently running @ 30-10-2023 and the target positions is NEUTRAL
2023-10-30 08:31:05,967
CURRENT STATUS IS NEUTRAL
-----
return before 14h30:
BTCUSDT-0.13%, ETHUSDT+0.64%, XRPUSDT-0.22%
-----
target alloc initial:BTCUSDT+0.00%, ETHUSDT+0.00%, XRPUSDT+0.00%
-----
alloc target x rt%<0:BTCUSDT+0.00%, ETHUSDT+0.00%, XRPUSDT+0.00%
-----
           BTCUSDT ETHUSDT XRPUSDT
w_target      0.0%    0.0%    0.0%
rt_14h30    -0.00%   0.01%  -0.00%
w_target_f    0.0%    0.0%    0.0%
2023-10-30 08:31:05,978
Portfolio was rebalanced less than 2 hours ago, 5.0 hours ago
2023-10-30 08:31:05,979
Status: prev = NEUTRAL <> NEUTRAL = target
2023-10-30 08:31:05,980
the strat is currently running @ 30-10-2023 and the target positions is NEUTRAL
the strat was previously run @ 2023-10-30 03:30:53 UTC, success:yes 
   and the current positions is NEUTRAL
2023-10-30 08:31:13,749
positions_future #0
2023-10-30 08:31:13,749
Empty DataFrame
Columns: [symbol, positionAmt, entryPrice, breakEvenPrice, markPrice, unRealizedProfit, value_usd, updateTime, isolated, adlQuantile, AUMs_account, w%]
Index: []
2023-10-30 08:31:14,017
programm stoppeddd!!! 20231030_083114
