2024-05-07 21:31:03,126
ON program started 20240507 21:31:03,
US time: 20240507 17:31:03
2024-05-07 21:31:04,210
the strat is currently running @ 07-05-2024 and the target positions is LONG
2024-05-07 21:31:05,633
CURRENT STATUS IS LONG
-----
return before 14h30:
BTCUSDT+0.08%, ETHUSDT-0.06%, XRPUSDT-0.65%
-----
target alloc initial:BTCUSDT+16.67%, ETHUSDT+16.67%, XRPUSDT+16.67%
-----
alloc target x rt%<0:BTCUSDT+16.67%, ETHUSDT+16.67%, XRPUSDT+16.67%
-----
           BTCUSDT ETHUSDT XRPUSDT
w_target     16.7%   16.7%   16.7%
rt_14h30     0.00%  -0.00%  -0.01%
w_target_f   16.7%   16.7%   16.7%
2024-05-07 21:31:05,635
Portfolio was rebalanced less than 2 hours ago, 1.0 hours ago
2024-05-07 21:31:05,636
Status: prev = LONG <> LONG = target
2024-05-07 21:31:05,636
the strat is currently running @ 07-05-2024 and the target positions is LONG
the strat was previously run @ 2024-05-07 20:30:54, success:yes 
   and the current positions is LONG
2024-05-07 21:31:06,851
positions_future #2
2024-05-07 21:31:06,851
      symbol  positionAmt entryPrice  ... adlQuantile AUMs_account        w%
167  ETHUSDT        0.016    3041.47  ...           2        283.0  0.172770
134  XRPUSDT       87.200     0.5396  ...           1        283.0  0.165049

[2 rows x 12 columns]
2024-05-07 21:31:06,937
programm stoppeddd!!! 20240507_213106
