2024-06-09 18:31:02,573
ON program started 20240609 18:31:02,
US time: 20240609 14:31:02
2024-06-09 18:31:03,163
the strat is currently running @ 09-06-2024 and the target positions is LONG
2024-06-09 18:31:04,476
CURRENT STATUS IS LONG
-----
return before 14h30:
BTCUSDT+0.23%, ETHUSDT+0.17%, XRPUSDT+0.53%
-----
target alloc initial:BTCUSDT+16.67%, ETHUSDT+16.67%, XRPUSDT+16.67%
-----
alloc target x rt%<0:BTCUSDT+16.67%, ETHUSDT+16.67%, XRPUSDT+16.67%
-----
           BTCUSDT ETHUSDT XRPUSDT
w_target     16.7%   16.7%   16.7%
rt_14h30     0.00%   0.00%   0.01%
w_target_f   16.7%   16.7%   16.7%
2024-06-09 18:31:04,478
Portfolio was rebalanced less than 2 hours ago, 15.0 hours ago
2024-06-09 18:31:04,479
Status: prev = LONG <> NEUTRAL = target
2024-06-09 18:31:04,479
the strat is currently running @ 09-06-2024 and the target positions is LONG
the strat was previously run @ 2024-06-09 03:30:50, success:yes 
   and the current positions is NEUTRAL
2024-06-09 18:31:05,604
positions_future #0
2024-06-09 18:31:05,604
Empty DataFrame
Columns: [symbol, positionAmt, entryPrice, breakEvenPrice, markPrice, unRealizedProfit, value_usd, updateTime, isolated, adlQuantile, AUMs_account, w%]
Index: []
2024-06-09 18:31:05,814
------------------------------
binance_account_balance
2024-06-09 18:31:05,814
  asset     balance  ...  marginAvailable   updateTime
6  USDT  290.010816  ...             True  09Jun-02:33

[1 rows x 8 columns]
2024-06-09 18:31:06,034
------------------------------
open_orders
2024-06-09 18:31:06,034
Empty DataFrame
Columns: []
Index: []
2024-06-09 18:31:06,649
------------------------------
AUMS account:290

2024-06-09 18:31:06,651
--------------- compute_futures_order_book() ----------------
2024-06-09 18:31:08,110
----------------------------------------------------------------------
#2 order(s) to place
gross$: 96$ | net$: +96$
gross%: 33% | net%: +33%
 || w>0%  +33% | w<0%  0%
----------------------------------------------------------------------
PTF Expo% 0.0% >> 50.0% (current>>target)
PTF expo $0.0 >> $145 (current>>target)
----------------------------------------------------------------------
2024-06-09 18:31:08,112
orders_ofthe_day
2024-06-09 18:31:08,112
                  ptf_usd  target_usd  totrd_usd  ...        bid        ask strategy
2024-06-09 18:31                                  ...                               
ETHUSDT               0.0       48.34       48.0  ...  3708.6300  3708.6400  STRATON
XRPUSDT               0.0       48.34       48.0  ...     0.4965     0.4966  STRATON

[2 rows x 10 columns]
2024-06-09 18:31:09,706
binance_place_orders_peg 20240609_183109
2024-06-09 18:31:10,118
{'orderId': 8389765689527191283, 'symbol': 'ETHUSDT', 'status': 'NEW', 'clientOrderId': 'STRATON', 'price': '3706.78', 'avgPrice': '0.00', 'origQty': '0.013', 'executedQty': '0.000', 'cumQty': '0.000', 'cumQuote': '0.00000', 'timeInForce': 'GTC', 'type': 'LIMIT', 'reduceOnly': False, 'closePosition': False, 'side': 'BUY', 'positionSide': 'BOTH', 'stopPrice': '0.00', 'workingType': 'CONTRACT_PRICE', 'priceProtect': False, 'origType': 'LIMIT', 'priceMatch': 'NONE', 'selfTradePreventionMode': 'NONE', 'goodTillDate': 0, 'updateTime': 1717957870014}
2024-06-09 18:31:10,528
{'orderId': 58141097625, 'symbol': 'XRPUSDT', 'status': 'NEW', 'clientOrderId': 'STRATON', 'price': '0.4963', 'avgPrice': '0.00', 'origQty': '96.7', 'executedQty': '0.0', 'cumQty': '0.0', 'cumQuote': '0.00000', 'timeInForce': 'GTC', 'type': 'LIMIT', 'reduceOnly': False, 'closePosition': False, 'side': 'BUY', 'positionSide': 'BOTH', 'stopPrice': '0.0000', 'workingType': 'CONTRACT_PRICE', 'priceProtect': False, 'origType': 'LIMIT', 'priceMatch': 'NONE', 'selfTradePreventionMode': 'NONE', 'goodTillDate': 0, 'updateTime': 1717957870423}
2024-06-09 18:31:11,996
update 0: filled 0 / 2 () | working 2 / 2 (+ETHUSDT,+XRPUSDT)
2024-06-09 18:31:15,996
+ETHUSDT: bp5.0|+XRPUSDT: bp6.0|
2024-06-09 18:31:16,813
update 1: filled 0 / 2 () | working 2 / 2 (+ETHUSDT,+XRPUSDT)
2024-06-09 18:31:20,814
+ETHUSDT: bp4.0|+XRPUSDT: bp6.0|
2024-06-09 18:31:21,632
update 2: filled 0 / 2 () | working 2 / 2 (+ETHUSDT,+XRPUSDT)
2024-06-09 18:31:25,633
+ETHUSDT: bp4.0|+XRPUSDT: bp6.0|
2024-06-09 18:31:26,452
update 3: filled 0 / 2 () | working 2 / 2 (+ETHUSDT,+XRPUSDT)
2024-06-09 18:31:30,452
+ETHUSDT: bp5.0|+XRPUSDT: bp6.0|
2024-06-09 18:31:31,269
update 4: filled 0 / 2 () | working 2 / 2 (+ETHUSDT,+XRPUSDT)
2024-06-09 18:31:35,270
+ETHUSDT: bp5.0|+XRPUSDT: bp6.0|
2024-06-09 18:31:36,090
update 5: filled 0 / 2 () | working 2 / 2 (+ETHUSDT,+XRPUSDT)
2024-06-09 18:31:40,091
+ETHUSDT: bp5.0|+XRPUSDT: bp4.0|
2024-06-09 18:31:40,909
update 6: filled 0 / 2 () | working 2 / 2 (+ETHUSDT,+XRPUSDT)
2024-06-09 18:31:44,910
+ETHUSDT: bp5.0|+XRPUSDT: bp4.0|
2024-06-09 18:31:45,727
update 7: filled 0 / 2 () | working 2 / 2 (+ETHUSDT,+XRPUSDT)
2024-06-09 18:31:49,727
+ETHUSDT: bp4.0|+XRPUSDT: bp4.0|
2024-06-09 18:31:50,549
update 8: filled 0 / 2 () | working 2 / 2 (+ETHUSDT,+XRPUSDT)
2024-06-09 18:31:54,550
+ETHUSDT: bp4.0|+XRPUSDT: bp2.0|
2024-06-09 18:31:55,368
update 9: filled 0 / 2 () | working 2 / 2 (+ETHUSDT,+XRPUSDT)
2024-06-09 18:31:59,369
+ETHUSDT: bp5.0|+XRPUSDT: bp2.0|
2024-06-09 18:32:00,185
update 10: filled 0 / 2 () | working 2 / 2 (+ETHUSDT,+XRPUSDT)
2024-06-09 18:32:04,186
+ETHUSDT: bp5.0|+XRPUSDT: bp2.0|
2024-06-09 18:32:05,002
update 11: filled 0 / 2 () | working 2 / 2 (+ETHUSDT,+XRPUSDT)
2024-06-09 18:32:09,003
+ETHUSDT: bp5.0|+XRPUSDT: bp4.0|
2024-06-09 18:32:09,821
update 12: filled 0 / 2 () | working 2 / 2 (+ETHUSDT,+XRPUSDT)
2024-06-09 18:32:13,822
+ETHUSDT: bp6.0|+XRPUSDT: bp4.0|
2024-06-09 18:32:14,638
update 13: filled 0 / 2 () | working 2 / 2 (+ETHUSDT,+XRPUSDT)
2024-06-09 18:32:18,639
+ETHUSDT: bp5.0|+XRPUSDT: bp4.0|
2024-06-09 18:32:19,458
update 14: filled 0 / 2 () | working 2 / 2 (+ETHUSDT,+XRPUSDT)
2024-06-09 18:32:23,458
+ETHUSDT: bp5.0|+XRPUSDT: bp6.0|
2024-06-09 18:32:23,459
Adjustment limit #1 ... 
 we cancel current orders and replace
2024-06-09 18:32:23,459
@+/-2.5bp limit 
2024-06-09 18:32:23,459
binance_cancel_and_replace_orders_peg 20240609_183223
2024-06-09 18:32:25,513
binance_place_orders_peg 20240609_183225
2024-06-09 18:32:25,924
{'orderId': 8389765689527367894, 'symbol': 'ETHUSDT', 'status': 'NEW', 'clientOrderId': 'STRATON', 'price': '3707.97', 'avgPrice': '0.00', 'origQty': '0.013', 'executedQty': '0.000', 'cumQty': '0.000', 'cumQuote': '0.00000', 'timeInForce': 'GTC', 'type': 'LIMIT', 'reduceOnly': False, 'closePosition': False, 'side': 'BUY', 'positionSide': 'BOTH', 'stopPrice': '0.00', 'workingType': 'CONTRACT_PRICE', 'priceProtect': False, 'origType': 'LIMIT', 'priceMatch': 'NONE', 'selfTradePreventionMode': 'NONE', 'goodTillDate': 0, 'updateTime': 1717957945820}
2024-06-09 18:32:26,338
{'orderId': 58141146050, 'symbol': 'XRPUSDT', 'status': 'NEW', 'clientOrderId': 'STRATON', 'price': '0.4964', 'avgPrice': '0.00', 'origQty': '96.7', 'executedQty': '0.0', 'cumQty': '0.0', 'cumQuote': '0.00000', 'timeInForce': 'GTC', 'type': 'LIMIT', 'reduceOnly': False, 'closePosition': False, 'side': 'BUY', 'positionSide': 'BOTH', 'stopPrice': '0.0000', 'workingType': 'CONTRACT_PRICE', 'priceProtect': False, 'origType': 'LIMIT', 'priceMatch': 'NONE', 'selfTradePreventionMode': 'NONE', 'goodTillDate': 0, 'updateTime': 1717957946233}
2024-06-09 18:32:27,164
update 0: filled 0 / 2 () | working 2 / 2 (+ETHUSDT,+XRPUSDT)
2024-06-09 18:32:31,165
+ETHUSDT: bp3.0|+XRPUSDT: bp4.0|
2024-06-09 18:32:31,982
update 1: filled 0 / 2 () | working 2 / 2 (+ETHUSDT,+XRPUSDT)
2024-06-09 18:32:35,983
+ETHUSDT: bp3.0|+XRPUSDT: bp2.0|
2024-06-09 18:32:36,801
update 2: filled 0 / 2 () | working 2 / 2 (+ETHUSDT,+XRPUSDT)
2024-06-09 18:32:40,802
+ETHUSDT: bp3.0|+XRPUSDT: bp4.0|
2024-06-09 18:32:41,619
update 3: filled 0 / 2 () | working 2 / 2 (+ETHUSDT,+XRPUSDT)
2024-06-09 18:32:45,620
+ETHUSDT: bp3.0|+XRPUSDT: bp4.0|
2024-06-09 18:32:46,437
update 4: filled 0 / 2 () | working 2 / 2 (+ETHUSDT,+XRPUSDT)
2024-06-09 18:32:50,437
+ETHUSDT: bp2.0|+XRPUSDT: bp2.0|
2024-06-09 18:32:51,259
update 5: filled 0 / 2 () | working 2 / 2 (+ETHUSDT,+XRPUSDT)
2024-06-09 18:32:55,260
+ETHUSDT: bp2.0|+XRPUSDT: bp2.0|
2024-06-09 18:32:56,081
update 6: filled 0 / 2 () | working 2 / 2 (+ETHUSDT,+XRPUSDT)
2024-06-09 18:33:00,082
+ETHUSDT: bp2.0|+XRPUSDT: bp2.0|
2024-06-09 18:33:00,911
update 7: filled 0 / 2 () | working 2 / 2 (+ETHUSDT,+XRPUSDT)
2024-06-09 18:33:04,911
+ETHUSDT: bp2.0|+XRPUSDT: bp4.0|
2024-06-09 18:33:05,731
update 8: filled 1 / 2 (+ETHUSDT) | working 1 / 2 (+XRPUSDT)
2024-06-09 18:33:09,731
+XRPUSDT: bp-0.0|
2024-06-09 18:33:10,551
update 9: filled 1 / 2 (+ETHUSDT) | working 1 / 2 (+XRPUSDT)
2024-06-09 18:33:14,551
+XRPUSDT: bp2.0|
2024-06-09 18:33:15,369
update 10: filled 1 / 2 (+ETHUSDT) | working 1 / 2 (+XRPUSDT)
2024-06-09 18:33:19,369
+XRPUSDT: bp2.0|
2024-06-09 18:33:20,189
update 11: filled 1 / 2 (+ETHUSDT) | working 1 / 2 (+XRPUSDT)
2024-06-09 18:33:24,189
+XRPUSDT: bp-0.0|
2024-06-09 18:33:25,010
update 12: filled 1 / 2 (+ETHUSDT) | working 1 / 2 (+XRPUSDT)
2024-06-09 18:33:29,010
+XRPUSDT: bp-0.0|
2024-06-09 18:33:29,833
update 13: filled 1 / 2 (+ETHUSDT) | working 1 / 2 (+XRPUSDT)
2024-06-09 18:33:33,834
+XRPUSDT: bp-0.0|
2024-06-09 18:33:34,652
update 14: filled 1 / 2 (+ETHUSDT) | working 1 / 2 (+XRPUSDT)
2024-06-09 18:33:38,653
+XRPUSDT: bp2.0|
2024-06-09 18:33:38,653
Adjustment limit #2 ... 
 we cancel current orders and replace
2024-06-09 18:33:38,653
@+/-1.25bp limit 
2024-06-09 18:33:38,653
binance_cancel_and_replace_orders_peg 20240609_183338
2024-06-09 18:33:40,094
binance_place_orders_peg 20240609_183340
2024-06-09 18:33:40,503
{'orderId': 58141196388, 'symbol': 'XRPUSDT', 'status': 'NEW', 'clientOrderId': 'STRATON', 'price': '0.4963', 'avgPrice': '0.00', 'origQty': '96.7', 'executedQty': '0.0', 'cumQty': '0.0', 'cumQuote': '0.00000', 'timeInForce': 'GTC', 'type': 'LIMIT', 'reduceOnly': False, 'closePosition': False, 'side': 'BUY', 'positionSide': 'BOTH', 'stopPrice': '0.0000', 'workingType': 'CONTRACT_PRICE', 'priceProtect': False, 'origType': 'LIMIT', 'priceMatch': 'NONE', 'selfTradePreventionMode': 'NONE', 'goodTillDate': 0, 'updateTime': 1717958020399}
2024-06-09 18:33:41,328
update 0: filled 1 / 2 (+ETHUSDT) | working 1 / 2 (+XRPUSDT)
2024-06-09 18:33:45,329
+XRPUSDT: bp4.0|
2024-06-09 18:33:46,160
update 1: filled 1 / 2 (+ETHUSDT) | working 1 / 2 (+XRPUSDT)
2024-06-09 18:33:50,161
+XRPUSDT: bp2.0|
2024-06-09 18:33:50,977
update 2: filled 1 / 2 (+ETHUSDT) | working 1 / 2 (+XRPUSDT)
2024-06-09 18:33:54,978
+XRPUSDT: bp4.0|
2024-06-09 18:33:55,795
update 3: filled 1 / 2 (+ETHUSDT) | working 1 / 2 (+XRPUSDT)
2024-06-09 18:33:59,795
+XRPUSDT: bp4.0|
2024-06-09 18:34:00,613
update 4: filled 1 / 2 (+ETHUSDT) | working 1 / 2 (+XRPUSDT)
2024-06-09 18:34:04,614
+XRPUSDT: bp2.0|
2024-06-09 18:34:05,431
update 5: filled 1 / 2 (+ETHUSDT) | working 1 / 2 (+XRPUSDT)
2024-06-09 18:34:09,432
+XRPUSDT: bp4.0|
2024-06-09 18:34:10,250
update 6: filled 1 / 2 (+ETHUSDT) | working 1 / 2 (+XRPUSDT)
2024-06-09 18:34:14,251
+XRPUSDT: bp4.0|
2024-06-09 18:34:15,068
update 7: filled 1 / 2 (+ETHUSDT) | working 1 / 2 (+XRPUSDT)
2024-06-09 18:34:19,069
+XRPUSDT: bp6.0|
2024-06-09 18:34:19,888
update 8: filled 1 / 2 (+ETHUSDT) | working 1 / 2 (+XRPUSDT)
2024-06-09 18:34:23,888
+XRPUSDT: bp6.0|
2024-06-09 18:34:24,709
update 9: filled 1 / 2 (+ETHUSDT) | working 1 / 2 (+XRPUSDT)
2024-06-09 18:34:28,710
+XRPUSDT: bp6.0|
2024-06-09 18:34:29,528
update 10: filled 1 / 2 (+ETHUSDT) | working 1 / 2 (+XRPUSDT)
2024-06-09 18:34:33,529
+XRPUSDT: bp4.0|
2024-06-09 18:34:34,347
update 11: filled 1 / 2 (+ETHUSDT) | working 1 / 2 (+XRPUSDT)
2024-06-09 18:34:38,348
+XRPUSDT: bp4.0|
2024-06-09 18:34:39,166
update 12: filled 1 / 2 (+ETHUSDT) | working 1 / 2 (+XRPUSDT)
2024-06-09 18:34:43,166
+XRPUSDT: bp4.0|
2024-06-09 18:34:43,985
update 13: filled 1 / 2 (+ETHUSDT) | working 1 / 2 (+XRPUSDT)
2024-06-09 18:34:47,986
+XRPUSDT: bp6.0|
2024-06-09 18:34:48,804
update 14: filled 1 / 2 (+ETHUSDT) | working 1 / 2 (+XRPUSDT)
2024-06-09 18:34:52,805
+XRPUSDT: bp4.0|
2024-06-09 18:34:52,805
Adjustment limit #3 ... 
 we cancel current orders and replace
2024-06-09 18:34:52,805
@+/-0.625bp limit 
2024-06-09 18:34:52,805
binance_cancel_and_replace_orders_peg 20240609_183452
2024-06-09 18:34:54,247
binance_place_orders_peg 20240609_183454
2024-06-09 18:34:54,667
{'orderId': 58141238209, 'symbol': 'XRPUSDT', 'status': 'NEW', 'clientOrderId': 'STRATON', 'price': '0.4965', 'avgPrice': '0.00', 'origQty': '96.7', 'executedQty': '0.0', 'cumQty': '0.0', 'cumQuote': '0.00000', 'timeInForce': 'GTC', 'type': 'LIMIT', 'reduceOnly': False, 'closePosition': False, 'side': 'BUY', 'positionSide': 'BOTH', 'stopPrice': '0.0000', 'workingType': 'CONTRACT_PRICE', 'priceProtect': False, 'origType': 'LIMIT', 'priceMatch': 'NONE', 'selfTradePreventionMode': 'NONE', 'goodTillDate': 0, 'updateTime': 1717958094554}
2024-06-09 18:34:55,495
update 0: filled 1 / 2 (+ETHUSDT) | working 1 / 2 (+XRPUSDT)
2024-06-09 18:34:59,495
+XRPUSDT: bp-0.0|
2024-06-09 18:35:00,316
update 1: filled 1 / 2 (+ETHUSDT) | working 1 / 2 (+XRPUSDT)
2024-06-09 18:35:04,317
+XRPUSDT: bp-0.0|
2024-06-09 18:35:05,138
update 2: filled 1 / 2 (+ETHUSDT) | working 1 / 2 (+XRPUSDT)
2024-06-09 18:35:09,139
+XRPUSDT: bp-0.0|
2024-06-09 18:35:09,957
update 3: filled 1 / 2 (+ETHUSDT) | working 1 / 2 (+XRPUSDT)
2024-06-09 18:35:13,958
+XRPUSDT: bp2.0|
2024-06-09 18:35:14,778
update 4: filled 1 / 2 (+ETHUSDT) | working 1 / 2 (+XRPUSDT)
2024-06-09 18:35:18,778
+XRPUSDT: bp-0.0|
2024-06-09 18:35:19,598
update 5: filled 1 / 2 (+ETHUSDT) | working 1 / 2 (+XRPUSDT)
2024-06-09 18:35:23,598
+XRPUSDT: bp-0.0|
2024-06-09 18:35:24,424
update 6: filled 1 / 2 (+ETHUSDT) | working 1 / 2 (+XRPUSDT)
2024-06-09 18:35:28,424
+XRPUSDT: bp-0.0|
2024-06-09 18:35:29,242
update 7: filled 1 / 2 (+ETHUSDT) | working 1 / 2 (+XRPUSDT)
2024-06-09 18:35:33,243
+XRPUSDT: bp2.0|
2024-06-09 18:35:34,061
update 8: filled 1 / 2 (+ETHUSDT) | working 1 / 2 (+XRPUSDT)
2024-06-09 18:35:38,062
+XRPUSDT: bp2.0|
2024-06-09 18:35:38,885
update 9: filled 1 / 2 (+ETHUSDT) | working 1 / 2 (+XRPUSDT)
2024-06-09 18:35:42,886
+XRPUSDT: bp2.0|
2024-06-09 18:35:43,706
update 10: filled 1 / 2 (+ETHUSDT) | working 1 / 2 (+XRPUSDT)
2024-06-09 18:35:47,707
+XRPUSDT: bp-0.0|
2024-06-09 18:35:48,526
update 11: filled 1 / 2 (+ETHUSDT) | working 1 / 2 (+XRPUSDT)
2024-06-09 18:35:52,527
+XRPUSDT: bp-0.0|
2024-06-09 18:35:53,351
update 12: filled 1 / 2 (+ETHUSDT) | working 1 / 2 (+XRPUSDT)
2024-06-09 18:35:57,352
+XRPUSDT: bp-0.0|
2024-06-09 18:35:58,171
update 13: filled 1 / 2 (+ETHUSDT) | working 1 / 2 (+XRPUSDT)
2024-06-09 18:36:02,171
+XRPUSDT: bp-0.0|
2024-06-09 18:36:02,989
update 14: filled 1 / 2 (+ETHUSDT) | working 1 / 2 (+XRPUSDT)
2024-06-09 18:36:06,990
+XRPUSDT: bp-0.0|
2024-06-09 18:36:06,990
Adjustment limit #4 ... 
 we cancel current orders and replace
2024-06-09 18:36:06,990
@+/-0.3125bp limit 
2024-06-09 18:36:06,990
binance_cancel_and_replace_orders_peg 20240609_183606
