2023-12-10 22:31:08,554
ON program started 20231210 22:31:08,
US time: 20231210 17:31:08
2023-12-10 22:31:09,610
the strat is currently running @ 10-12-2023 and the target positions is LONG
2023-12-10 22:31:11,490
CURRENT STATUS IS LONG
-----
return before 14h30:
BTCUSDT-0.25%, ETHUSDT+0.10%, XRPUSDT-1.06%
-----
target alloc initial:BTCUSDT+16.67%, ETHUSDT+16.67%, XRPUSDT+16.67%
-----
alloc target x rt%<0:BTCUSDT+16.67%, ETHUSDT+16.67%, XRPUSDT+16.67%
-----
           BTCUSDT ETHUSDT XRPUSDT
w_target     16.7%   16.7%   16.7%
rt_14h30    -0.00%   0.00%  -0.01%
w_target_f   16.7%   16.7%   16.7%
2023-12-10 22:31:11,492
Portfolio was rebalanced less than 2 hours ago, 1.0 hours ago
2023-12-10 22:31:11,495
Status: prev = LONG <> LONG = target
2023-12-10 22:31:11,495
the strat is currently running @ 10-12-2023 and the target positions is LONG
the strat was previously run @ 2023-12-10 21:31:11 UTC, success:yes 
   and the current positions is LONG
2023-12-10 22:31:12,735
positions_future #2
2023-12-10 22:31:12,735
      symbol  positionAmt entryPrice  ... adlQuantile AUMs_account        w%
124  XRPUSDT        73.00     0.6618  ...           2        290.1  0.167480
158  ETHUSDT         0.02    2356.16  ...           2        290.1  0.163305

[2 rows x 12 columns]
2023-12-10 22:31:12,837
programm stoppeddd!!! 20231210_223112
