2023-08-16 00:30:55,835
ON program started 20230816 00:30:55,
US time: 20230815 20:30:55
2023-08-16 00:30:56,251
the strat is currently running @ 16-08-2023 and the target positions is SHORT
2023-08-16 00:30:57,958
CURRENT STATUS IS SHORT, WE CHECK IF THE DAY IS A NEGATIVE ONE
-----
return before 14h30:
BTCUSDT+0.00%, ETHUSDT+0.00%, XRPUSDT+0.00%
-----
target alloc initial:BTCUSDT-4.17%, ETHUSDT+0.00%, XRPUSDT-4.17%
-----
alloc target x rt%<0:BTCUSDT-0.00%, ETHUSDT+0.00%, XRPUSDT-0.00%
-----
           BTCUSDT ETHUSDT XRPUSDT
w_target     -4.2%    0.0%   -4.2%
rt_14h30     0.00%   0.00%   0.00%
w_target_f   -0.0%    0.0%   -0.0%
2023-08-16 00:30:57,959
Portfolio was rebalanced less than 2 hours ago, 1.0 hours ago
2023-08-16 00:30:57,962
Status: prev = SHORT <> SHORT = target
2023-08-16 00:30:57,962
the strat is currently running @ 16-08-2023 and the target positions is SHORT
the strat was previously run @ 2023-08-15 23:31:06 UTC, success:yes 
   and the current positions is SHORT
2023-08-16 00:30:59,051
positions_future #1
2023-08-16 00:30:59,052
      symbol  positionAmt entryPrice  ...   updateTime  AUMs_account       w%
111  XRPUSDT        -19.7     0.6087  ...  15Aug-22:31         287.2 -0.04182

[1 rows x 9 columns]
2023-08-16 00:30:59,077
programm stoppeddd!!! 20230816_003059
