2024-02-12 20:31:10,158
ON program started 20240212 20:31:10,
US time: 20240212 15:31:10
2024-02-12 20:31:10,686
the strat is currently running @ 12-02-2024 and the target positions is LONG
2024-02-12 20:31:12,088
CURRENT STATUS IS LONG
-----
return before 14h30:
BTCUSDT-0.72%, ETHUSDT-0.79%, XRPUSDT-1.54%
-----
target alloc initial:BTCUSDT+16.67%, ETHUSDT+16.67%, XRPUSDT+16.67%
-----
alloc target x rt%<0:BTCUSDT+16.67%, ETHUSDT+16.67%, XRPUSDT+16.67%
-----
           BTCUSDT ETHUSDT XRPUSDT
w_target     16.7%   16.7%   16.7%
rt_14h30    -0.01%  -0.01%  -0.02%
w_target_f   16.7%   16.7%   16.7%
2024-02-12 20:31:12,089
Portfolio was rebalanced less than 2 hours ago, 1.0 hours ago
2024-02-12 20:31:12,091
Status: prev = LONG <> LONG = target
2024-02-12 20:31:12,091
the strat is currently running @ 12-02-2024 and the target positions is LONG
the strat was previously run @ 2024-02-12 19:31:08, success:? 
   and the current positions is LONG
2024-02-12 20:31:13,287
positions_future #2
2024-02-12 20:31:13,287
      symbol  positionAmt entryPrice  ... adlQuantile AUMs_account        w%
119  XRPUSDT       89.600     0.5358  ...           1        289.1  0.165442
148  ETHUSDT        0.018    2629.43  ...           1        289.1  0.163342

[2 rows x 12 columns]
2024-02-12 20:31:13,528
------------------------------
binance_account_balance
2024-02-12 20:31:13,528
  asset    balance  ...  marginAvailable   updateTime
5  USDT  289.41874  ...             True  12Feb-19:32

[1 rows x 8 columns]
2024-02-12 20:31:14,200
------------------------------
open_orders
2024-02-12 20:31:14,200
Empty DataFrame
Columns: []
Index: []
2024-02-12 20:31:14,856
------------------------------
AUMS account:289

2024-02-12 20:31:14,858
--------------- compute_futures_order_book() ----------------
2024-02-12 20:31:16,416
----------------------------------------------------------------------
#0 order(s) to place
gross$: 0$ | net$: +0$
gross%: 0% | net%: +0%
 || w>0%  +0% | w<0%  0%
----------------------------------------------------------------------
PTF Expo% 32.8% >> 50.0% (current>>target)
PTF expo $95.0 >> $144 (current>>target)
----------------------------------------------------------------------
2024-02-12 20:31:16,417
orders_ofthe_day
2024-02-12 20:31:16,417
Empty DataFrame
Columns: [ptf_usd, target_usd, totrd_usd, posttrd_usd, qty, posttrd_qty, posttrd_w, bid, ask, strategy]
Index: []
2024-02-12 20:31:16,486
Orders of the day is empty, current and target potfolios are aligned
2024-02-12 20:31:16,486
Program stopped
