2023-08-30 02:30:52,717
ON program started 20230830 02:30:52,
US time: 20230829 22:30:52
2023-08-30 02:30:53,168
the strat is currently running @ 30-08-2023 and the target positions is NEUTRAL
2023-08-30 02:30:54,577
CURRENT STATUS IS NEUTRAL
-----
return before 14h30:
BTCUSDT+0.00%, ETHUSDT+0.00%, XRPUSDT+0.00%
-----
target alloc initial:BTCUSDT+0.00%, ETHUSDT+0.00%, XRPUSDT+0.00%
-----
alloc target x rt%<0:BTCUSDT+0.00%, ETHUSDT+0.00%, XRPUSDT+0.00%
-----
           BTCUSDT ETHUSDT XRPUSDT
w_target      0.0%    0.0%    0.0%
rt_14h30     0.00%   0.00%   0.00%
w_target_f    0.0%    0.0%    0.0%
2023-08-30 02:30:54,579
Portfolio was rebalanced less than 2 hours ago, 1.0 hours ago
2023-08-30 02:30:54,582
Status: prev = NEUTRAL <> SHORT = target
2023-08-30 02:30:54,582
the strat is currently running @ 30-08-2023 and the target positions is NEUTRAL
the strat was previously run @ 2023-08-30 01:30:47 UTC, success:yes 
   and the current positions is SHORT
2023-08-30 02:30:55,748
positions_future #0
2023-08-30 02:30:55,748
Empty DataFrame
Columns: [symbol, positionAmt, entryPrice, markPrice, unRealizedProfit, value_usd, updateTime, AUMs_account, w%]
Index: []
2023-08-30 02:30:55,969
------------------------------
binance_account_balance
2023-08-30 02:30:55,970
  asset     balance  ... marginAvailable   updateTime
5  USDT  275.162158  ...            True  29Aug-22:31

[1 rows x 8 columns]
2023-08-30 02:30:56,201
------------------------------
open_orders
2023-08-30 02:30:56,201
Empty DataFrame
Columns: []
Index: []
2023-08-30 02:30:56,851
------------------------------
AUMS account:275

2023-08-30 02:30:56,853
--------------- compute_futures_order_book() ----------------
2023-08-30 02:30:58,398
----------------------------------------------------------------------
#0 order(s) to place
gross$: 0$ | net$: +0$
gross%: 0% | net%: +0%
 || w>0%  +0% | w<0%  0%
----------------------------------------------------------------------
PTF Expo% 0.0% >> 0.0% (current>>target)
PTF expo $0.0 >> $0 (current>>target)
----------------------------------------------------------------------
2023-08-30 02:30:58,399
orders_ofthe_day
2023-08-30 02:30:58,399
Empty DataFrame
Columns: [ptf_usd, target_usd, totrd_usd, posttrd_usd, qty, posttrd_qty, posttrd_w, bid, ask]
Index: []
2023-08-30 02:30:58,409
Orders of the day is empty, current and target potfolios are aligned
2023-08-30 02:30:58,409
Program stopped
