2023-08-08 01:31:06,605
ON program started 20230808 01:31:06,
US time: 20230807 21:31:06
2023-08-08 01:31:07,036
the strat is currently running @ 08-08-2023 and the target positions is SHORT
2023-08-08 01:31:08,365
CURRENT STATUS IS SHORT, WE CHECK IF THE DAY IS A NEGATIVE ONE
-----
return before 14h30:
BTCUSDT+0.00%, ETHUSDT+0.00%, XRPUSDT+0.00%
-----
target alloc initial:BTCUSDT-4.17%, ETHUSDT+0.00%, XRPUSDT-4.17%
-----
alloc target x rt%<0:BTCUSDT-0.00%, ETHUSDT+0.00%, XRPUSDT-0.00%
-----
           BTCUSDT ETHUSDT XRPUSDT
w_target     -4.2%    0.0%   -4.2%
rt_14h30     0.00%   0.00%   0.00%
w_target_f   -0.0%    0.0%   -0.0%
2023-08-08 01:31:08,366
Portfolio was rebalanced less than 2 hours ago, 1.0 hours ago
2023-08-08 01:31:08,369
Status: prev = SHORT <> SHORT = target
2023-08-08 01:31:08,369
the strat is currently running @ 08-08-2023 and the target positions is SHORT
the strat was previously run @ 2023-08-08 00:30:39 UTC, success:yes 
   and the current positions is SHORT
2023-08-08 01:31:09,463
positions_future #1
2023-08-08 01:31:09,463
      symbol  positionAmt entryPrice  ...   updateTime  AUMs_account        w%
108  XRPUSDT        -19.7     0.6199  ...  07Aug-22:34         291.7 -0.041862

[1 rows x 9 columns]
2023-08-08 01:31:09,488
programm stoppeddd!!! 20230808_013109
