2024-03-08 04:30:59,228
ON program started 20240308 04:30:59,
US time: 20240307 23:30:59
2024-03-08 04:30:59,797
the strat is currently running @ 08-03-2024 and the target positions is NEUTRAL
2024-03-08 04:31:01,659
CURRENT STATUS IS NEUTRAL
-----
return before 14h30:
BTCUSDT+0.48%, ETHUSDT+0.74%, XRPUSDT+0.02%
-----
target alloc initial:BTCUSDT+0.00%, ETHUSDT+0.00%, XRPUSDT+0.00%
-----
alloc target x rt%<0:BTCUSDT+0.00%, ETHUSDT+0.00%, XRPUSDT+0.00%
-----
           BTCUSDT ETHUSDT XRPUSDT
w_target      0.0%    0.0%    0.0%
rt_14h30     0.00%   0.01%   0.00%
w_target_f    0.0%    0.0%    0.0%
2024-03-08 04:31:01,660
Portfolio was rebalanced less than 2 hours ago, 1.0 hours ago
2024-03-08 04:31:01,662
Status: prev = NEUTRAL <> NEUTRAL = target
2024-03-08 04:31:01,662
the strat is currently running @ 08-03-2024 and the target positions is NEUTRAL
the strat was previously run @ 2024-03-08 03:31:09, success:yes 
   and the current positions is NEUTRAL
2024-03-08 04:31:02,891
positions_future #0
2024-03-08 04:31:02,891
Empty DataFrame
Columns: [symbol, positionAmt, entryPrice, breakEvenPrice, markPrice, unRealizedProfit, value_usd, updateTime, isolated, adlQuantile, AUMs_account, w%]
Index: []
2024-03-08 04:31:02,971
programm stoppeddd!!! 20240308_043102
