2024-07-21 22:30:34,847
ON program started 20240721 22:30:34,
US time: 20240721 18:30:34
2024-07-21 22:30:35,844
the strat is currently running @ 21-07-2024 and the target positions is SHORT
2024-07-21 22:30:37,181
CURRENT STATUS IS SHORT, WE CHECK IF THE DAY IS A NEGATIVE ONE
-----
return before 14h30:
BTCUSDT-0.57%, ETHUSDT-0.75%, XRPUSDT-2.68%
-----
target alloc initial:BTCUSDT-4.17%, ETHUSDT+0.00%, XRPUSDT-4.17%
-----
alloc target x rt%<0:BTCUSDT-4.17%, ETHUSDT+0.00%, XRPUSDT-4.17%
-----
           BTCUSDT ETHUSDT XRPUSDT
w_target     -4.2%    0.0%   -4.2%
rt_14h30    -0.01%  -0.01%  -0.03%
w_target_f   -4.2%    0.0%   -4.2%
2024-07-21 22:30:37,182
Portfolio was rebalanced less than 2 hours ago, 1.0 hours ago
2024-07-21 22:30:37,185
Status: prev = SHORT <> LONG = target
2024-07-21 22:30:37,185
the strat is currently running @ 21-07-2024 and the target positions is SHORT
the strat was previously run @ 2024-07-21 21:31:01, success:yes 
   and the current positions is LONG
2024-07-21 22:30:37,752
positions_future #2
2024-07-21 22:30:37,752
      symbol  positionAmt entryPrice  ... adlQuantile AUMs_account        w%
131  XRPUSDT       83.600     0.5887  ...           1        294.7  0.170133
166  ETHUSDT        0.014    3477.47  ...           1        294.7  0.167664

[2 rows x 12 columns]
2024-07-21 22:30:37,983
------------------------------
binance_account_balance
2024-07-21 22:30:37,983
  asset     balance  ...  marginAvailable   updateTime
4  USDT  293.081829  ...             True  21Jul-18:32

[1 rows x 8 columns]
2024-07-21 22:30:38,619
------------------------------
open_orders
2024-07-21 22:30:38,619
Empty DataFrame
Columns: []
Index: []
2024-07-21 22:30:40,246
------------------------------
AUMS account:294

2024-07-21 22:30:40,248
--------------- compute_futures_order_book() ----------------
2024-07-21 22:30:42,728
----------------------------------------------------------------------
#2 order(s) to place
gross$: 111$ | net$: -111$
gross%: 38% | net%: -38%
 || w>0%  +0% | w<0%  -38%
----------------------------------------------------------------------
PTF Expo% 33.5% >> -8.3% (current>>target)
PTF expo $99.0 >> $-24 (current>>target)
----------------------------------------------------------------------
2024-07-21 22:30:42,730
orders_ofthe_day
2024-07-21 22:30:42,730
                  ptf_usd  target_usd  totrd_usd  ...        bid        ask strategy
2024-07-21 22:30                                  ...                               
XRPUSDT              50.0      -12.29      -62.0  ...     0.5996     0.5997  STRATON
ETHUSDT              49.0        0.00      -49.0  ...  3529.3900  3529.4000  STRATON

[2 rows x 10 columns]
2024-07-21 22:30:44,229
binance_place_orders_peg 20240721_223044
2024-07-21 22:30:44,656
{'orderId': 61078755130, 'symbol': 'XRPUSDT', 'status': 'NEW', 'clientOrderId': 'STRATON', 'price': '0.6000', 'avgPrice': '0.00', 'origQty': '103.4', 'executedQty': '0.0', 'cumQty': '0.0', 'cumQuote': '0.00000', 'timeInForce': 'GTC', 'type': 'LIMIT', 'reduceOnly': False, 'closePosition': False, 'side': 'SELL', 'positionSide': 'BOTH', 'stopPrice': '0.0000', 'workingType': 'CONTRACT_PRICE', 'priceProtect': False, 'origType': 'LIMIT', 'priceMatch': 'NONE', 'selfTradePreventionMode': 'NONE', 'goodTillDate': 0, 'updateTime': 1721601044543}
2024-07-21 22:30:45,085
{'orderId': 8389765704202959030, 'symbol': 'ETHUSDT', 'status': 'NEW', 'clientOrderId': 'STRATON', 'price': '3531.28', 'avgPrice': '0.00', 'origQty': '0.014', 'executedQty': '0.000', 'cumQty': '0.000', 'cumQuote': '0.00000', 'timeInForce': 'GTC', 'type': 'LIMIT', 'reduceOnly': False, 'closePosition': False, 'side': 'SELL', 'positionSide': 'BOTH', 'stopPrice': '0.00', 'workingType': 'CONTRACT_PRICE', 'priceProtect': False, 'origType': 'LIMIT', 'priceMatch': 'NONE', 'selfTradePreventionMode': 'NONE', 'goodTillDate': 0, 'updateTime': 1721601044974}
2024-07-21 22:30:45,977
update 0: filled 0 / 2 () | working 2 / 2 (-XRPUSDT,-ETHUSDT)
2024-07-21 22:30:49,978
-XRPUSDT: bp5.0|-ETHUSDT: bp5.0|
2024-07-21 22:30:51,410
update 1: filled 0 / 2 () | working 2 / 2 (-XRPUSDT,-ETHUSDT)
2024-07-21 22:30:55,411
-XRPUSDT: bp5.0|-ETHUSDT: bp5.0|
2024-07-21 22:30:56,242
update 2: filled 1 / 2 (-XRPUSDT) | working 1 / 2 (-ETHUSDT)
2024-07-21 22:31:00,244
-ETHUSDT: bp3.0|
2024-07-21 22:31:01,079
update 3: filled 1 / 2 (-XRPUSDT) | working 1 / 2 (-ETHUSDT)
2024-07-21 22:31:05,080
-ETHUSDT: bp3.0|
2024-07-21 22:31:05,915
update 4: filled 1 / 2 (-XRPUSDT) | working 1 / 2 (-ETHUSDT)
2024-07-21 22:31:09,915
-ETHUSDT: bp5.0|
2024-07-21 22:31:10,753
update 5: filled 2 / 2 (-XRPUSDT,-ETHUSDT) | working 0 / 2 ()
2024-07-21 22:31:17,079
Trades of the day
in$
as of: 21Jul 22:30>>22:31 (#trades: 2)
trade net: -111.0 (-37.7%), trade gross: +111.0 (+37.7%), BUY: +0.0 (+0.0%), SELL: -111.0 (-37.7%)
fees: $ 0.022 (2.0bp)
2024-07-21 22:31:17,519
Trades: 
Filled #2
______________________________________________
                   in$ | in bp 111 traded | in bp 294 AUMs
realizedPnl    +1.69   | +152    | +57    
PnLvsArrival   +0.07   | +6      | +2     
PnLvsLast      +0.04   | +4      | +1     
______________________________________________
                 | Value$ | PnL Arrival/Last 
______________________________________________
XRP:-103.4@0.6 | -62$ | 0.04/0.02
ETH:-0.014@3531.28 | -49$ | 0.03/0.02
