2024-05-04 02:31:07,990
ON program started 20240504 02:31:07,
US time: 20240503 22:31:07
2024-05-04 02:31:09,024
the strat is currently running @ 04-05-2024 and the target positions is NEUTRAL
2024-05-04 02:31:10,836
CURRENT STATUS IS NEUTRAL
-----
return before 14h30:
BTCUSDT-0.27%, ETHUSDT-0.12%, XRPUSDT-0.53%
-----
target alloc initial:BTCUSDT+0.00%, ETHUSDT+0.00%, XRPUSDT+0.00%
-----
alloc target x rt%<0:BTCUSDT+0.00%, ETHUSDT+0.00%, XRPUSDT+0.00%
-----
           BTCUSDT ETHUSDT XRPUSDT
w_target      0.0%    0.0%    0.0%
rt_14h30    -0.00%  -0.00%  -0.01%
w_target_f    0.0%    0.0%    0.0%
2024-05-04 02:31:10,837
Portfolio was rebalanced less than 2 hours ago, 1.0 hours ago
2024-05-04 02:31:10,839
Status: prev = NEUTRAL <> SHORT = target
2024-05-04 02:31:10,839
the strat is currently running @ 04-05-2024 and the target positions is NEUTRAL
the strat was previously run @ 2024-05-04 01:31:14, success:yes 
   and the current positions is SHORT
2024-05-04 02:31:12,055
positions_future #0
2024-05-04 02:31:12,056
Empty DataFrame
Columns: [symbol, positionAmt, entryPrice, breakEvenPrice, markPrice, unRealizedProfit, value_usd, updateTime, isolated, adlQuantile, AUMs_account, w%]
Index: []
2024-05-04 02:31:12,282
------------------------------
binance_account_balance
2024-05-04 02:31:12,282
  asset     balance  ...  marginAvailable   updateTime
6  USDT  284.219728  ...             True  03May-22:33

[1 rows x 8 columns]
2024-05-04 02:31:12,520
------------------------------
open_orders
2024-05-04 02:31:12,520
Empty DataFrame
Columns: []
Index: []
2024-05-04 02:31:13,180
------------------------------
AUMS account:284

2024-05-04 02:31:13,182
--------------- compute_futures_order_book() ----------------
2024-05-04 02:31:14,756
----------------------------------------------------------------------
#0 order(s) to place
gross$: 0$ | net$: +0$
gross%: 0% | net%: +0%
 || w>0%  +0% | w<0%  0%
----------------------------------------------------------------------
PTF Expo% 0.0% >> 0.0% (current>>target)
PTF expo $0.0 >> $0 (current>>target)
----------------------------------------------------------------------
2024-05-04 02:31:14,758
orders_ofthe_day
2024-05-04 02:31:14,758
Empty DataFrame
Columns: [ptf_usd, target_usd, totrd_usd, posttrd_usd, qty, posttrd_qty, posttrd_w, bid, ask, strategy]
Index: []
2024-05-04 02:31:14,826
Orders of the day is empty, current and target potfolios are aligned
2024-05-04 02:31:14,827
Program stopped
