2023-08-07 22:31:10,053
ON program started 20230807 22:31:10,
US time: 20230807 18:31:10
2023-08-07 22:31:10,492
the strat is currently running @ 07-08-2023 and the target positions is SHORT
2023-08-07 22:31:12,217
CURRENT STATUS IS SHORT, WE CHECK IF THE DAY IS A NEGATIVE ONE
-----
return before 14h30:
BTCUSDT-0.62%, ETHUSDT-1.28%, XRPUSDT-2.65%
-----
target alloc initial:BTCUSDT-4.17%, ETHUSDT+0.00%, XRPUSDT-4.17%
-----
alloc target x rt%<0:BTCUSDT-4.17%, ETHUSDT+0.00%, XRPUSDT-4.17%
-----
           BTCUSDT ETHUSDT XRPUSDT
w_target     -4.2%    0.0%   -4.2%
rt_14h30    -0.01%  -0.01%  -0.03%
w_target_f   -4.2%    0.0%   -4.2%
2023-08-07 22:31:12,219
Portfolio was rebalanced less than 2 hours ago, 1.0 hours ago
2023-08-07 22:31:12,221
Status: prev = SHORT <> LONG = target
2023-08-07 22:31:12,221
the strat is currently running @ 07-08-2023 and the target positions is SHORT
the strat was previously run @ 2023-08-07 21:31:02 UTC, success:yes 
   and the current positions is LONG
2023-08-07 22:31:13,328
positions_future #3
2023-08-07 22:31:13,328
      symbol  positionAmt entryPrice  ...   updateTime  AUMs_account        w%
219  BTCUSDT        0.002    29160.6  ...  07Aug-18:32         291.8  0.199995
134  ETHUSDT        0.027    1826.64  ...  07Aug-18:32         291.8  0.168901
108  XRPUSDT       79.000     0.6152  ...  07Aug-18:32         291.8  0.167821

[3 rows x 9 columns]
2023-08-07 22:31:13,554
------------------------------
binance_account_balance
2023-08-07 22:31:13,554
  asset     balance withdrawAvailable   updateTime
5  USDT  291.432758      283.98102856  07Aug-18:32
2023-08-07 22:31:14,396
------------------------------
open_orders
2023-08-07 22:31:14,396
                                      0  ...                           2
symbol                          BTCUSDT  ...                     XRPUSDT
status                              NEW  ...                         NEW
price                                 0  ...                           0
avgPrice                              0  ...                           0
origQty                           0.002  ...                          79
executedQty                           0  ...                           0
type                        STOP_MARKET  ...                 STOP_MARKET
side                               SELL  ...                        SELL
stopPrice                         27692  ...                      0.5848
time         2023-08-07 18:32:48.074000  ...  2023-08-07 18:32:48.894000
updateTime   2023-08-07 18:32:48.074000  ...  2023-08-07 18:32:48.894000

[11 rows x 3 columns]
2023-08-07 22:31:17,549
------------------------------
AUMS account:291

2023-08-07 22:31:17,551
--------------- compute_futures_order_book() ----------------
2023-08-07 22:31:18,819
----------------------------------------------------------------------
#3 order(s) to place
gross$: 168$ | net$: -168$
gross%: 58% | net%: -58%
 || w>0%  +0% | w<0%  -58%
----------------------------------------------------------------------
PTF Expo% 53.4% >> -8.3% (current>>target)
PTF expo $156.0 >> $-24 (current>>target)
----------------------------------------------------------------------
2023-08-07 22:31:18,820
orders_ofthe_day
2023-08-07 22:31:18,820
                  ptf_usd  target_usd  ...         bid         ask
2023-08-07 22:31                       ...                        
XRPUSDT              49.0      -12.17  ...      0.6198      0.6199
BTCUSDT              58.0      -12.17  ...  29180.4000  29180.5000
ETHUSDT              49.0        0.00  ...   1825.4600   1825.4700

[3 rows x 9 columns]
2023-08-07 22:31:20,224
binance_place_orders_peg 20230807_223120
2023-08-07 22:31:20,636
{'orderId': 39000909792, 'symbol': 'XRPUSDT', 'status': 'NEW', 'clientOrderId': 'veNOCsKC7ltgdPVmVGbDW4', 'price': '0.6202', 'avgPrice': '0.00', 'origQty': '98.7', 'executedQty': '0.0', 'cumQty': '0.0', 'cumQuote': '0.00000', 'timeInForce': 'GTC', 'type': 'LIMIT', 'reduceOnly': False, 'closePosition': False, 'side': 'SELL', 'positionSide': 'BOTH', 'stopPrice': '0.0000', 'workingType': 'CONTRACT_PRICE', 'priceProtect': False, 'origType': 'LIMIT', 'updateTime': 1691447480532}
2023-08-07 22:31:21,051
{'orderId': 178426986480, 'symbol': 'BTCUSDT', 'status': 'NEW', 'clientOrderId': 'HKUDEHFlsBwu5dHS1B6dGC', 'price': '29195.10', 'avgPrice': '0.00', 'origQty': '0.002', 'executedQty': '0.000', 'cumQty': '0.000', 'cumQuote': '0.00000', 'timeInForce': 'GTC', 'type': 'LIMIT', 'reduceOnly': False, 'closePosition': False, 'side': 'SELL', 'positionSide': 'BOTH', 'stopPrice': '0.00', 'workingType': 'CONTRACT_PRICE', 'priceProtect': False, 'origType': 'LIMIT', 'updateTime': 1691447480947}
2023-08-07 22:31:21,464
{'orderId': 8389765611758280892, 'symbol': 'ETHUSDT', 'status': 'NEW', 'clientOrderId': 'xXeFTVNL3wKrvbD6Fwts1F', 'price': '1826.38', 'avgPrice': '0.00', 'origQty': '0.027', 'executedQty': '0.000', 'cumQty': '0.000', 'cumQuote': '0.00000', 'timeInForce': 'GTC', 'type': 'LIMIT', 'reduceOnly': False, 'closePosition': False, 'side': 'SELL', 'positionSide': 'BOTH', 'stopPrice': '0.00', 'workingType': 'CONTRACT_PRICE', 'priceProtect': False, 'origType': 'LIMIT', 'updateTime': 1691447481360}
2023-08-07 22:31:22,698
update 0: filled 0 / 3 () | working 3 / 3 (-XRPUSDT,-BTCUSDT,-ETHUSDT)
2023-08-07 22:31:26,699
-XRPUSDT: bp3.0|-BTCUSDT: bp5.0|-ETHUSDT: bp5.0|
2023-08-07 22:31:27,933
update 1: filled 0 / 3 () | working 3 / 3 (-XRPUSDT,-BTCUSDT,-ETHUSDT)
2023-08-07 22:31:31,934
-XRPUSDT: bp3.0|-BTCUSDT: bp5.0|-ETHUSDT: bp6.0|
2023-08-07 22:31:33,169
update 2: filled 0 / 3 () | working 3 / 3 (-XRPUSDT,-BTCUSDT,-ETHUSDT)
2023-08-07 22:31:37,170
-XRPUSDT: bp2.0|-BTCUSDT: bp5.0|-ETHUSDT: bp6.0|
2023-08-07 22:31:38,403
update 3: filled 0 / 3 () | working 3 / 3 (-XRPUSDT,-BTCUSDT,-ETHUSDT)
2023-08-07 22:31:42,404
-XRPUSDT: bp2.0|-BTCUSDT: bp6.0|-ETHUSDT: bp7.0|
2023-08-07 22:31:43,639
update 4: filled 0 / 3 () | working 3 / 3 (-XRPUSDT,-BTCUSDT,-ETHUSDT)
2023-08-07 22:31:47,639
-XRPUSDT: bp2.0|-BTCUSDT: bp6.0|-ETHUSDT: bp7.0|
2023-08-07 22:31:48,872
update 5: filled 0 / 3 () | working 3 / 3 (-XRPUSDT,-BTCUSDT,-ETHUSDT)
2023-08-07 22:31:52,873
-XRPUSDT: bp2.0|-BTCUSDT: bp6.0|-ETHUSDT: bp7.0|
2023-08-07 22:31:54,109
update 6: filled 0 / 3 () | working 3 / 3 (-XRPUSDT,-BTCUSDT,-ETHUSDT)
2023-08-07 22:31:58,109
-XRPUSDT: bp2.0|-BTCUSDT: bp6.0|-ETHUSDT: bp7.0|
2023-08-07 22:31:59,345
update 7: filled 0 / 3 () | working 3 / 3 (-XRPUSDT,-BTCUSDT,-ETHUSDT)
2023-08-07 22:32:03,346
-XRPUSDT: bp3.0|-BTCUSDT: bp5.0|-ETHUSDT: bp7.0|
2023-08-07 22:32:04,580
update 8: filled 0 / 3 () | working 3 / 3 (-XRPUSDT,-BTCUSDT,-ETHUSDT)
2023-08-07 22:32:08,580
-XRPUSDT: bp2.0|-BTCUSDT: bp5.0|-ETHUSDT: bp7.0|
2023-08-07 22:32:09,816
update 9: filled 0 / 3 () | working 3 / 3 (-XRPUSDT,-BTCUSDT,-ETHUSDT)
2023-08-07 22:32:13,817
-XRPUSDT: bp0.0|-BTCUSDT: bp5.0|-ETHUSDT: bp7.0|
2023-08-07 22:32:15,051
update 10: filled 0 / 3 () | working 3 / 3 (-XRPUSDT,-BTCUSDT,-ETHUSDT)
2023-08-07 22:32:19,052
-XRPUSDT: bp0.0|-BTCUSDT: bp5.0|-ETHUSDT: bp7.0|
2023-08-07 22:32:20,285
update 11: filled 0 / 3 () | working 3 / 3 (-XRPUSDT,-BTCUSDT,-ETHUSDT)
2023-08-07 22:32:24,286
-XRPUSDT: bp2.0|-BTCUSDT: bp5.0|-ETHUSDT: bp7.0|
2023-08-07 22:32:25,519
update 12: filled 0 / 3 () | working 3 / 3 (-XRPUSDT,-BTCUSDT,-ETHUSDT)
2023-08-07 22:32:29,520
-XRPUSDT: bp0.0|-BTCUSDT: bp5.0|-ETHUSDT: bp7.0|
2023-08-07 22:32:30,757
update 13: filled 0 / 3 () | working 3 / 3 (-XRPUSDT,-BTCUSDT,-ETHUSDT)
2023-08-07 22:32:34,757
-XRPUSDT: bp0.0|-BTCUSDT: bp6.0|-ETHUSDT: bp7.0|
2023-08-07 22:32:35,995
update 14: filled 0 / 3 () | working 3 / 3 (-XRPUSDT,-BTCUSDT,-ETHUSDT)
2023-08-07 22:32:39,996
-XRPUSDT: bp2.0|-BTCUSDT: bp6.0|-ETHUSDT: bp7.0|
2023-08-07 22:32:39,996
Adjustment limit #1 ... 
 we cancel current orders and replace
2023-08-07 22:32:39,996
@+/-2.5bp limit 
2023-08-07 22:32:39,996
binance_cancel_and_replace_orders_peg 20230807_223239
2023-08-07 22:32:41,858
binance_place_orders_peg 20230807_223241
2023-08-07 22:32:42,276
{'orderId': 39000952315, 'symbol': 'XRPUSDT', 'status': 'NEW', 'clientOrderId': 'xRAB3axe2HvFLDFHYIaD9C', 'price': '0.6203', 'avgPrice': '0.00', 'origQty': '98.7', 'executedQty': '0.0', 'cumQty': '0.0', 'cumQuote': '0.00000', 'timeInForce': 'GTC', 'type': 'LIMIT', 'reduceOnly': False, 'closePosition': False, 'side': 'SELL', 'positionSide': 'BOTH', 'stopPrice': '0.0000', 'workingType': 'CONTRACT_PRICE', 'priceProtect': False, 'origType': 'LIMIT', 'updateTime': 1691447562166}
2023-08-07 22:32:42,692
{'orderId': 178427253048, 'symbol': 'BTCUSDT', 'status': 'NEW', 'clientOrderId': '79E2lzSgCCDQdCcTBOKcZ7', 'price': '29185.40', 'avgPrice': '0.00', 'origQty': '0.002', 'executedQty': '0.000', 'cumQty': '0.000', 'cumQuote': '0.00000', 'timeInForce': 'GTC', 'type': 'LIMIT', 'reduceOnly': False, 'closePosition': False, 'side': 'SELL', 'positionSide': 'BOTH', 'stopPrice': '0.00', 'workingType': 'CONTRACT_PRICE', 'priceProtect': False, 'origType': 'LIMIT', 'updateTime': 1691447562586}
2023-08-07 22:32:43,110
{'orderId': 8389765611758357823, 'symbol': 'ETHUSDT', 'status': 'NEW', 'clientOrderId': 'FV2rppEW0f1vccRCrzhKfk', 'price': '1825.57', 'avgPrice': '0.00', 'origQty': '0.027', 'executedQty': '0.000', 'cumQty': '0.000', 'cumQuote': '0.00000', 'timeInForce': 'GTC', 'type': 'LIMIT', 'reduceOnly': False, 'closePosition': False, 'side': 'SELL', 'positionSide': 'BOTH', 'stopPrice': '0.00', 'workingType': 'CONTRACT_PRICE', 'priceProtect': False, 'origType': 'LIMIT', 'updateTime': 1691447563002}
2023-08-07 22:32:44,344
update 0: filled 0 / 3 () | working 3 / 3 (-XRPUSDT,-BTCUSDT,-ETHUSDT)
2023-08-07 22:32:48,345
-XRPUSDT: bp3.0|-BTCUSDT: bp3.0|-ETHUSDT: bp3.0|
2023-08-07 22:32:49,579
update 1: filled 0 / 3 () | working 3 / 3 (-XRPUSDT,-BTCUSDT,-ETHUSDT)
2023-08-07 22:32:53,580
-XRPUSDT: bp3.0|-BTCUSDT: bp3.0|-ETHUSDT: bp3.0|
2023-08-07 22:32:54,814
update 2: filled 0 / 3 () | working 3 / 3 (-XRPUSDT,-BTCUSDT,-ETHUSDT)
2023-08-07 22:32:58,815
-XRPUSDT: bp6.0|-BTCUSDT: bp3.0|-ETHUSDT: bp4.0|
2023-08-07 22:33:00,047
update 3: filled 0 / 3 () | working 3 / 3 (-XRPUSDT,-BTCUSDT,-ETHUSDT)
2023-08-07 22:33:04,048
-XRPUSDT: bp6.0|-BTCUSDT: bp3.0|-ETHUSDT: bp4.0|
2023-08-07 22:33:05,283
update 4: filled 0 / 3 () | working 3 / 3 (-XRPUSDT,-BTCUSDT,-ETHUSDT)
2023-08-07 22:33:09,283
-XRPUSDT: bp8.0|-BTCUSDT: bp3.0|-ETHUSDT: bp4.0|
2023-08-07 22:33:10,519
update 5: filled 0 / 3 () | working 3 / 3 (-XRPUSDT,-BTCUSDT,-ETHUSDT)
2023-08-07 22:33:14,520
-XRPUSDT: bp6.0|-BTCUSDT: bp3.0|-ETHUSDT: bp4.0|
2023-08-07 22:33:15,754
update 6: filled 0 / 3 () | working 3 / 3 (-XRPUSDT,-BTCUSDT,-ETHUSDT)
2023-08-07 22:33:19,754
-XRPUSDT: bp8.0|-BTCUSDT: bp3.0|-ETHUSDT: bp4.0|
2023-08-07 22:33:20,988
update 7: filled 0 / 3 () | working 3 / 3 (-XRPUSDT,-BTCUSDT,-ETHUSDT)
2023-08-07 22:33:24,988
-XRPUSDT: bp6.0|-BTCUSDT: bp4.0|-ETHUSDT: bp4.0|
2023-08-07 22:33:26,222
update 8: filled 0 / 3 () | working 3 / 3 (-XRPUSDT,-BTCUSDT,-ETHUSDT)
2023-08-07 22:33:30,222
-XRPUSDT: bp8.0|-BTCUSDT: bp4.0|-ETHUSDT: bp4.0|
2023-08-07 22:33:31,456
update 9: filled 0 / 3 () | working 3 / 3 (-XRPUSDT,-BTCUSDT,-ETHUSDT)
2023-08-07 22:33:35,457
-XRPUSDT: bp5.0|-BTCUSDT: bp4.0|-ETHUSDT: bp4.0|
2023-08-07 22:33:36,692
update 10: filled 0 / 3 () | working 3 / 3 (-XRPUSDT,-BTCUSDT,-ETHUSDT)
2023-08-07 22:33:40,692
-XRPUSDT: bp5.0|-BTCUSDT: bp4.0|-ETHUSDT: bp4.0|
2023-08-07 22:33:41,926
update 11: filled 0 / 3 () | working 3 / 3 (-XRPUSDT,-BTCUSDT,-ETHUSDT)
2023-08-07 22:33:45,927
-XRPUSDT: bp5.0|-BTCUSDT: bp4.0|-ETHUSDT: bp4.0|
2023-08-07 22:33:47,160
update 12: filled 0 / 3 () | working 3 / 3 (-XRPUSDT,-BTCUSDT,-ETHUSDT)
2023-08-07 22:33:51,161
-XRPUSDT: bp5.0|-BTCUSDT: bp4.0|-ETHUSDT: bp4.0|
2023-08-07 22:33:52,396
update 13: filled 0 / 3 () | working 3 / 3 (-XRPUSDT,-BTCUSDT,-ETHUSDT)
2023-08-07 22:33:56,397
-XRPUSDT: bp8.0|-BTCUSDT: bp4.0|-ETHUSDT: bp4.0|
2023-08-07 22:33:57,630
update 14: filled 0 / 3 () | working 3 / 3 (-XRPUSDT,-BTCUSDT,-ETHUSDT)
2023-08-07 22:34:01,631
-XRPUSDT: bp8.0|-BTCUSDT: bp4.0|-ETHUSDT: bp4.0|
2023-08-07 22:34:01,631
Adjustment limit #2 ... 
 we cancel current orders and replace
2023-08-07 22:34:01,631
@+/-1.25bp limit 
2023-08-07 22:34:01,631
binance_cancel_and_replace_orders_peg 20230807_223401
2023-08-07 22:34:03,499
binance_place_orders_peg 20230807_223403
2023-08-07 22:34:03,914
{'orderId': 39000991446, 'symbol': 'XRPUSDT', 'status': 'NEW', 'clientOrderId': 'Fw4v9rBYxwcgjCpQrxJoi3', 'price': '0.6199', 'avgPrice': '0.00', 'origQty': '98.7', 'executedQty': '0.0', 'cumQty': '0.0', 'cumQuote': '0.00000', 'timeInForce': 'GTC', 'type': 'LIMIT', 'reduceOnly': False, 'closePosition': False, 'side': 'SELL', 'positionSide': 'BOTH', 'stopPrice': '0.0000', 'workingType': 'CONTRACT_PRICE', 'priceProtect': False, 'origType': 'LIMIT', 'updateTime': 1691447643807}
2023-08-07 22:34:04,333
{'orderId': 178427417744, 'symbol': 'BTCUSDT', 'status': 'NEW', 'clientOrderId': 'KSnkTd9IhGtaysMwX2ZK1Z', 'price': '29176.90', 'avgPrice': '0.00', 'origQty': '0.002', 'executedQty': '0.000', 'cumQty': '0.000', 'cumQuote': '0.00000', 'timeInForce': 'GTC', 'type': 'LIMIT', 'reduceOnly': False, 'closePosition': False, 'side': 'SELL', 'positionSide': 'BOTH', 'stopPrice': '0.00', 'workingType': 'CONTRACT_PRICE', 'priceProtect': False, 'origType': 'LIMIT', 'updateTime': 1691447644227}
2023-08-07 22:34:04,747
{'orderId': 8389765611758436553, 'symbol': 'ETHUSDT', 'status': 'NEW', 'clientOrderId': 'X0WNxqqCP1fJ8rqMpe9CRx', 'price': '1825.14', 'avgPrice': '0.00', 'origQty': '0.027', 'executedQty': '0.000', 'cumQty': '0.000', 'cumQuote': '0.00000', 'timeInForce': 'GTC', 'type': 'LIMIT', 'reduceOnly': False, 'closePosition': False, 'side': 'SELL', 'positionSide': 'BOTH', 'stopPrice': '0.00', 'workingType': 'CONTRACT_PRICE', 'priceProtect': False, 'origType': 'LIMIT', 'updateTime': 1691447644642}
2023-08-07 22:34:05,982
update 0: filled 1 / 3 (-XRPUSDT) | working 2 / 3 (-BTCUSDT,-ETHUSDT)
2023-08-07 22:34:09,983
-BTCUSDT: bp1.0|-ETHUSDT: bp1.0|
2023-08-07 22:34:11,216
update 1: filled 1 / 3 (-XRPUSDT) | working 2 / 3 (-BTCUSDT,-ETHUSDT)
2023-08-07 22:34:15,217
-BTCUSDT: bp1.0|-ETHUSDT: bp1.0|
2023-08-07 22:34:16,453
update 2: filled 1 / 3 (-XRPUSDT) | working 2 / 3 (-BTCUSDT,-ETHUSDT)
2023-08-07 22:34:20,454
-BTCUSDT: bp1.0|-ETHUSDT: bp1.0|
2023-08-07 22:34:21,693
update 3: filled 1 / 3 (-XRPUSDT) | working 2 / 3 (-BTCUSDT,-ETHUSDT)
2023-08-07 22:34:25,694
-BTCUSDT: bp1.0|-ETHUSDT: bp1.0|
2023-08-07 22:34:26,931
update 4: filled 1 / 3 (-XRPUSDT) | working 2 / 3 (-BTCUSDT,-ETHUSDT)
2023-08-07 22:34:30,931
-BTCUSDT: bp1.0|-ETHUSDT: bp1.0|
2023-08-07 22:34:32,166
update 5: filled 1 / 3 (-XRPUSDT) | working 2 / 3 (-BTCUSDT,-ETHUSDT)
2023-08-07 22:34:36,167
-BTCUSDT: bp2.0|-ETHUSDT: bp2.0|
2023-08-07 22:34:37,400
update 6: filled 1 / 3 (-XRPUSDT) | working 2 / 3 (-BTCUSDT,-ETHUSDT)
2023-08-07 22:34:41,401
-BTCUSDT: bp2.0|-ETHUSDT: bp2.0|
2023-08-07 22:34:42,638
update 7: filled 1 / 3 (-XRPUSDT) | working 2 / 3 (-BTCUSDT,-ETHUSDT)
2023-08-07 22:34:46,639
-BTCUSDT: bp4.0|-ETHUSDT: bp2.0|
2023-08-07 22:34:47,873
update 8: filled 1 / 3 (-XRPUSDT) | working 2 / 3 (-BTCUSDT,-ETHUSDT)
2023-08-07 22:34:51,874
-BTCUSDT: bp4.0|-ETHUSDT: bp3.0|
2023-08-07 22:34:53,106
update 9: filled 1 / 3 (-XRPUSDT) | working 2 / 3 (-BTCUSDT,-ETHUSDT)
2023-08-07 22:34:57,107
-BTCUSDT: bp4.0|-ETHUSDT: bp3.0|
2023-08-07 22:34:58,339
update 10: filled 1 / 3 (-XRPUSDT) | working 2 / 3 (-BTCUSDT,-ETHUSDT)
2023-08-07 22:35:02,340
-BTCUSDT: bp4.0|-ETHUSDT: bp3.0|
2023-08-07 22:35:03,579
update 11: filled 1 / 3 (-XRPUSDT) | working 2 / 3 (-BTCUSDT,-ETHUSDT)
2023-08-07 22:35:07,580
-BTCUSDT: bp4.0|-ETHUSDT: bp3.0|
2023-08-07 22:35:08,812
update 12: filled 1 / 3 (-XRPUSDT) | working 2 / 3 (-BTCUSDT,-ETHUSDT)
2023-08-07 22:35:12,812
-BTCUSDT: bp4.0|-ETHUSDT: bp3.0|
2023-08-07 22:35:14,046
update 13: filled 1 / 3 (-XRPUSDT) | working 2 / 3 (-BTCUSDT,-ETHUSDT)
2023-08-07 22:35:18,047
-BTCUSDT: bp1.0|-ETHUSDT: bp1.0|
2023-08-07 22:35:19,278
update 14: filled 1 / 3 (-XRPUSDT) | working 2 / 3 (-BTCUSDT,-ETHUSDT)
2023-08-07 22:35:23,279
-BTCUSDT: bp1.0|-ETHUSDT: bp1.0|
2023-08-07 22:35:23,279
Adjustment limit #3 ... 
 we cancel current orders and replace
2023-08-07 22:35:23,279
@+/-0.625bp limit 
2023-08-07 22:35:23,279
binance_cancel_and_replace_orders_peg 20230807_223523
2023-08-07 22:35:25,138
binance_place_orders_peg 20230807_223525
2023-08-07 22:35:25,551
{'orderId': 178427691917, 'symbol': 'BTCUSDT', 'status': 'NEW', 'clientOrderId': 'hPOlJNXIfXwCEVQn1lmYq2', 'price': '29176.80', 'avgPrice': '0.00', 'origQty': '0.002', 'executedQty': '0.000', 'cumQty': '0.000', 'cumQuote': '0.00000', 'timeInForce': 'GTC', 'type': 'LIMIT', 'reduceOnly': False, 'closePosition': False, 'side': 'SELL', 'positionSide': 'BOTH', 'stopPrice': '0.00', 'workingType': 'CONTRACT_PRICE', 'priceProtect': False, 'origType': 'LIMIT', 'updateTime': 1691447725444}
2023-08-07 22:35:25,965
{'orderId': 8389765611758504420, 'symbol': 'ETHUSDT', 'status': 'NEW', 'clientOrderId': 'qScAw9NDbsNo3ETs0yd87N', 'price': '1825.05', 'avgPrice': '0.00', 'origQty': '0.027', 'executedQty': '0.000', 'cumQty': '0.000', 'cumQuote': '0.00000', 'timeInForce': 'GTC', 'type': 'LIMIT', 'reduceOnly': False, 'closePosition': False, 'side': 'SELL', 'positionSide': 'BOTH', 'stopPrice': '0.00', 'workingType': 'CONTRACT_PRICE', 'priceProtect': False, 'origType': 'LIMIT', 'updateTime': 1691447725858}
2023-08-07 22:35:27,197
update 0: filled 1 / 3 (-XRPUSDT) | working 2 / 3 (-BTCUSDT,-ETHUSDT)
2023-08-07 22:35:31,198
-BTCUSDT: bp1.0|-ETHUSDT: bp1.0|
2023-08-07 22:35:32,429
update 1: filled 1 / 3 (-XRPUSDT) | working 2 / 3 (-BTCUSDT,-ETHUSDT)
2023-08-07 22:35:36,430
-BTCUSDT: bp1.0|-ETHUSDT: bp1.0|
2023-08-07 22:35:37,661
update 2: filled 1 / 3 (-XRPUSDT) | working 2 / 3 (-BTCUSDT,-ETHUSDT)
2023-08-07 22:35:41,662
-BTCUSDT: bp1.0|-ETHUSDT: bp1.0|
2023-08-07 22:35:42,895
update 3: filled 1 / 3 (-XRPUSDT) | working 2 / 3 (-BTCUSDT,-ETHUSDT)
2023-08-07 22:35:46,896
-BTCUSDT: bp1.0|-ETHUSDT: bp1.0|
2023-08-07 22:35:48,130
update 4: filled 2 / 3 (-XRPUSDT,-ETHUSDT) | working 1 / 3 (-BTCUSDT)
2023-08-07 22:35:52,131
-BTCUSDT: bp1.0|
2023-08-07 22:35:53,362
update 5: filled 2 / 3 (-XRPUSDT,-ETHUSDT) | working 1 / 3 (-BTCUSDT)
2023-08-07 22:35:57,363
-BTCUSDT: bp1.0|
2023-08-07 22:35:58,594
update 6: filled 2 / 3 (-XRPUSDT,-ETHUSDT) | working 1 / 3 (-BTCUSDT)
2023-08-07 22:36:02,595
-BTCUSDT: bp1.0|
2023-08-07 22:36:03,829
update 7: filled 2 / 3 (-XRPUSDT,-ETHUSDT) | working 1 / 3 (-BTCUSDT)
2023-08-07 22:36:07,830
-BTCUSDT: bp1.0|
2023-08-07 22:36:09,062
update 8: filled 2 / 3 (-XRPUSDT,-ETHUSDT) | working 1 / 3 (-BTCUSDT)
2023-08-07 22:36:13,063
-BTCUSDT: bp1.0|
2023-08-07 22:36:14,295
update 9: filled 2 / 3 (-XRPUSDT,-ETHUSDT) | working 1 / 3 (-BTCUSDT)
2023-08-07 22:36:18,295
-BTCUSDT: bp1.0|
2023-08-07 22:36:19,527
update 10: filled 2 / 3 (-XRPUSDT,-ETHUSDT) | working 1 / 3 (-BTCUSDT)
2023-08-07 22:36:23,528
-BTCUSDT: bp1.0|
2023-08-07 22:36:24,760
update 11: filled 2 / 3 (-XRPUSDT,-ETHUSDT) | working 1 / 3 (-BTCUSDT)
2023-08-07 22:36:28,761
-BTCUSDT: bp1.0|
2023-08-07 22:36:29,994
update 12: filled 2 / 3 (-XRPUSDT,-ETHUSDT) | working 1 / 3 (-BTCUSDT)
2023-08-07 22:36:33,995
-BTCUSDT: bp1.0|
2023-08-07 22:36:35,227
update 13: filled 2 / 3 (-XRPUSDT,-ETHUSDT) | working 1 / 3 (-BTCUSDT)
2023-08-07 22:36:39,228
-BTCUSDT: bp1.0|
2023-08-07 22:36:40,459
update 14: filled 2 / 3 (-XRPUSDT,-ETHUSDT) | working 1 / 3 (-BTCUSDT)
2023-08-07 22:36:44,460
-BTCUSDT: bp1.0|
2023-08-07 22:36:44,460
Adjustment limit #4 ... 
 we cancel current orders and replace
2023-08-07 22:36:44,460
@+/-0.3125bp limit 
2023-08-07 22:36:44,460
binance_cancel_and_replace_orders_peg 20230807_223644
2023-08-07 22:36:46,317
binance_place_orders_peg 20230807_223646
2023-08-07 22:36:46,734
{'orderId': 178427876844, 'symbol': 'BTCUSDT', 'status': 'NEW', 'clientOrderId': 'jcB3gKCDWnl0BDMrVDa3L1', 'price': '29174.20', 'avgPrice': '0.00', 'origQty': '0.002', 'executedQty': '0.000', 'cumQty': '0.000', 'cumQuote': '0.00000', 'timeInForce': 'GTC', 'type': 'LIMIT', 'reduceOnly': False, 'closePosition': False, 'side': 'SELL', 'positionSide': 'BOTH', 'stopPrice': '0.00', 'workingType': 'CONTRACT_PRICE', 'priceProtect': False, 'origType': 'LIMIT', 'updateTime': 1691447806625}
2023-08-07 22:36:47,967
update 0: filled 2 / 3 (-XRPUSDT,-ETHUSDT) | working 1 / 3 (-BTCUSDT)
2023-08-07 22:36:51,968
-BTCUSDT: bp0.0|
2023-08-07 22:36:53,201
update 1: filled 2 / 3 (-XRPUSDT,-ETHUSDT) | working 1 / 3 (-BTCUSDT)
2023-08-07 22:36:57,202
-BTCUSDT: bp0.0|
2023-08-07 22:36:58,433
update 2: filled 2 / 3 (-XRPUSDT,-ETHUSDT) | working 1 / 3 (-BTCUSDT)
2023-08-07 22:37:02,434
-BTCUSDT: bp0.0|
2023-08-07 22:37:03,666
update 3: filled 2 / 3 (-XRPUSDT,-ETHUSDT) | working 1 / 3 (-BTCUSDT)
2023-08-07 22:37:07,667
-BTCUSDT: bp0.0|
2023-08-07 22:37:08,899
update 4: filled 2 / 3 (-XRPUSDT,-ETHUSDT) | working 1 / 3 (-BTCUSDT)
2023-08-07 22:37:12,900
-BTCUSDT: bp0.0|
2023-08-07 22:37:14,131
update 5: filled 2 / 3 (-XRPUSDT,-ETHUSDT) | working 1 / 3 (-BTCUSDT)
2023-08-07 22:37:18,132
-BTCUSDT: bp0.0|
2023-08-07 22:37:19,366
update 6: filled 2 / 3 (-XRPUSDT,-ETHUSDT) | working 1 / 3 (-BTCUSDT)
2023-08-07 22:37:23,366
-BTCUSDT: bp0.0|
2023-08-07 22:37:24,598
update 7: filled 2 / 3 (-XRPUSDT,-ETHUSDT) | working 1 / 3 (-BTCUSDT)
2023-08-07 22:37:28,598
-BTCUSDT: bp0.0|
2023-08-07 22:37:29,833
update 8: filled 2 / 3 (-XRPUSDT,-ETHUSDT) | working 1 / 3 (-BTCUSDT)
2023-08-07 22:37:33,834
-BTCUSDT: bp0.0|
2023-08-07 22:37:35,067
update 9: filled 2 / 3 (-XRPUSDT,-ETHUSDT) | working 1 / 3 (-BTCUSDT)
2023-08-07 22:37:39,068
-BTCUSDT: bp0.0|
2023-08-07 22:37:40,301
update 10: filled 2 / 3 (-XRPUSDT,-ETHUSDT) | working 1 / 3 (-BTCUSDT)
2023-08-07 22:37:44,302
-BTCUSDT: bp0.0|
2023-08-07 22:37:45,538
update 11: filled 2 / 3 (-XRPUSDT,-ETHUSDT) | working 1 / 3 (-BTCUSDT)
2023-08-07 22:37:49,539
-BTCUSDT: bp1.0|
2023-08-07 22:37:50,776
update 12: filled 2 / 3 (-XRPUSDT,-ETHUSDT) | working 1 / 3 (-BTCUSDT)
2023-08-07 22:37:54,777
-BTCUSDT: bp1.0|
2023-08-07 22:37:56,011
update 13: filled 2 / 3 (-XRPUSDT,-ETHUSDT) | working 1 / 3 (-BTCUSDT)
2023-08-07 22:38:00,011
-BTCUSDT: bp1.0|
2023-08-07 22:38:01,244
update 14: filled 2 / 3 (-XRPUSDT,-ETHUSDT) | working 1 / 3 (-BTCUSDT)
2023-08-07 22:38:05,245
-BTCUSDT: bp1.0|
2023-08-07 22:38:05,245
Adjustment limit #5 ... 
 we cancel current orders and replace
2023-08-07 22:38:05,245
@+/-0.15625bp limit 
2023-08-07 22:38:05,245
binance_cancel_and_replace_orders_peg 20230807_223805
2023-08-07 22:38:07,175
binance_place_orders_peg 20230807_223807
2023-08-07 22:38:07,588
{'orderId': 178428081239, 'symbol': 'BTCUSDT', 'status': 'NEW', 'clientOrderId': 'NLxnhvF9WBQs3yD82VLVGG', 'price': '29171.60', 'avgPrice': '0.00', 'origQty': '0.002', 'executedQty': '0.000', 'cumQty': '0.000', 'cumQuote': '0.00000', 'timeInForce': 'GTC', 'type': 'LIMIT', 'reduceOnly': False, 'closePosition': False, 'side': 'SELL', 'positionSide': 'BOTH', 'stopPrice': '0.00', 'workingType': 'CONTRACT_PRICE', 'priceProtect': False, 'origType': 'LIMIT', 'updateTime': 1691447887483}
2023-08-07 22:38:08,821
update 0: filled 2 / 3 (-XRPUSDT,-ETHUSDT) | working 1 / 3 (-BTCUSDT)
2023-08-07 22:38:12,822
-BTCUSDT: bp0.0|
2023-08-07 22:38:14,055
update 1: filled 2 / 3 (-XRPUSDT,-ETHUSDT) | working 1 / 3 (-BTCUSDT)
2023-08-07 22:38:18,055
-BTCUSDT: bp0.0|
2023-08-07 22:38:19,286
update 2: filled 3 / 3 (-XRPUSDT,-ETHUSDT,-BTCUSDT) | working 0 / 3 ()
2023-08-07 22:38:25,985
Trades of the day
in$
as of: 07Aug 22:34>>22:38 (#trades: 3)
trade net: -169.0 (-57.9%), trade gross: +169.0 (+57.9%), BUY: +0.0 (+0.0%), SELL: -169.0 (-57.9%)
fees: $ 0.034 (2.0bp)
2023-08-07 22:38:26,616
Trades: 
Filled #3
______________________________________________
                   in$ | in bp 168 traded | in bp 291 AUMs
realizedPnl    +0.35   | +21     | +12    
PnLvsArrival   -0.03   | -2      | -1     
PnLvsLast      -0.17   | -10     | -6     
______________________________________________
                 | Value$ | PnL Arrival/Last 
______________________________________________
XRP:-98.7@0.6199 | -61$ | 0/-0.17
BTC:-0.002@29171.6 | -58$ | -0.02/-0
ETH:-0.027@1825.05 | -49$ | -0.01/0
2023-08-07 22:38:27,127
***************************
Positions after orders
***************************
2023-08-07 22:38:27,127
      symbol  qty_ptf   execP        lstP  ...  value_usd   updateTime   AUMs     w%
108  XRPUSDT    -19.7  0.6199  0.62169064  ...    -12.247  07Aug-22:34  291.7 -0.042

[1 rows x 9 columns]
2023-08-07 22:38:27,134
***************************
2023-08-07 22:38:27,745
3 STOP orders will be placed
2023-08-07 22:38:27,745
@+/-500.0bp limit
2023-08-07 22:38:27,746
binance_place_orders_peg 20230807_223827
2023-08-07 22:38:28,159
{'orderId': 39001164040, 'symbol': 'XRPUSDT', 'status': 'NEW', 'clientOrderId': 'Pzh0a1NW30zi4HEDWZf9yn', 'price': '0.0000', 'avgPrice': '0.00', 'origQty': '19.7', 'executedQty': '0.0', 'cumQty': '0.0', 'cumQuote': '0.00000', 'timeInForce': 'GTC', 'type': 'STOP_MARKET', 'reduceOnly': False, 'closePosition': False, 'side': 'BUY', 'positionSide': 'BOTH', 'stopPrice': '0.6527', 'workingType': 'CONTRACT_PRICE', 'priceProtect': False, 'origType': 'STOP_MARKET', 'updateTime': 1691447908053}
