2024-05-19 00:31:00,113
ON program started 20240519 00:31:00,
US time: 20240518 20:31:00
2024-05-19 00:31:01,184
the strat is currently running @ 19-05-2024 and the target positions is SHORT
2024-05-19 00:31:02,729
CURRENT STATUS IS SHORT, WE CHECK IF THE DAY IS A NEGATIVE ONE
-----
return before 14h30:
BTCUSDT+0.04%, ETHUSDT+0.01%, XRPUSDT-0.04%
-----
target alloc initial:BTCUSDT-4.17%, ETHUSDT+0.00%, XRPUSDT-4.17%
-----
alloc target x rt%<0:BTCUSDT-0.00%, ETHUSDT+0.00%, XRPUSDT-4.17%
-----
           BTCUSDT ETHUSDT XRPUSDT
w_target     -4.2%    0.0%   -4.2%
rt_14h30     0.00%   0.00%  -0.00%
w_target_f   -0.0%    0.0%   -4.2%
2024-05-19 00:31:02,730
Portfolio was rebalanced less than 2 hours ago, 1.0 hours ago
2024-05-19 00:31:02,731
Status: prev = SHORT <> SHORT = target
2024-05-19 00:31:02,732
the strat is currently running @ 19-05-2024 and the target positions is SHORT
the strat was previously run @ 2024-05-18 23:31:10, success:yes 
   and the current positions is SHORT
2024-05-19 00:31:04,018
positions_future #1
2024-05-19 00:31:04,019
      symbol  positionAmt entryPrice  ... adlQuantile AUMs_account       w%
134  XRPUSDT        -23.2     0.5205  ...           1        279.2 -0.04328

[1 rows x 12 columns]
2024-05-19 00:31:04,095
programm stoppeddd!!! 20240519_003104
