2024-05-02 18:31:05,133
ON program started 20240502 18:31:05,
US time: 20240502 14:31:05
2024-05-02 18:31:06,215
the strat is currently running @ 02-05-2024 and the target positions is LONG
2024-05-02 18:31:07,616
CURRENT STATUS IS LONG
-----
return before 14h30:
BTCUSDT+0.15%, ETHUSDT-0.22%, XRPUSDT-0.71%
-----
target alloc initial:BTCUSDT+16.67%, ETHUSDT+16.67%, XRPUSDT+16.67%
-----
alloc target x rt%<0:BTCUSDT+16.67%, ETHUSDT+16.67%, XRPUSDT+16.67%
-----
           BTCUSDT ETHUSDT XRPUSDT
w_target     16.7%   16.7%   16.7%
rt_14h30     0.00%  -0.00%  -0.01%
w_target_f   16.7%   16.7%   16.7%
2024-05-02 18:31:07,617
Portfolio was rebalanced less than 2 hours ago, 15.0 hours ago
2024-05-02 18:31:07,619
Status: prev = LONG <> NEUTRAL = target
2024-05-02 18:31:07,619
the strat is currently running @ 02-05-2024 and the target positions is LONG
the strat was previously run @ 2024-05-02 03:30:59, success:yes 
   and the current positions is NEUTRAL
2024-05-02 18:31:08,835
positions_future #0
2024-05-02 18:31:08,835
Empty DataFrame
Columns: [symbol, positionAmt, entryPrice, breakEvenPrice, markPrice, unRealizedProfit, value_usd, updateTime, isolated, adlQuantile, AUMs_account, w%]
Index: []
2024-05-02 18:31:09,059
------------------------------
binance_account_balance
2024-05-02 18:31:09,059
  asset     balance  ...  marginAvailable   updateTime
6  USDT  283.248774  ...             True  02May-02:33

[1 rows x 8 columns]
2024-05-02 18:31:09,294
------------------------------
open_orders
2024-05-02 18:31:09,294
Empty DataFrame
Columns: []
Index: []
2024-05-02 18:31:09,955
------------------------------
AUMS account:283

2024-05-02 18:31:09,956
--------------- compute_futures_order_book() ----------------
2024-05-02 18:31:11,520
----------------------------------------------------------------------
#2 order(s) to place
gross$: 95$ | net$: +95$
gross%: 34% | net%: +34%
 || w>0%  +34% | w<0%  0%
----------------------------------------------------------------------
PTF Expo% 0.0% >> 50.0% (current>>target)
PTF expo $0.0 >> $141 (current>>target)
----------------------------------------------------------------------
2024-05-02 18:31:11,523
orders_ofthe_day
2024-05-02 18:31:11,523
                  ptf_usd  target_usd  totrd_usd  ...        bid        ask strategy
2024-05-02 18:31                                  ...                               
ETHUSDT               0.0       47.22       48.0  ...  2974.0900  2974.1000  STRATON
XRPUSDT               0.0       47.22       47.0  ...     0.5204     0.5205  STRATON

[2 rows x 10 columns]
2024-05-02 18:31:13,100
binance_place_orders_peg 20240502_183113
2024-05-02 18:31:13,538
{'orderId': 8389765677877104365, 'symbol': 'ETHUSDT', 'status': 'NEW', 'clientOrderId': 'STRATON', 'price': '2973.07', 'avgPrice': '0.00', 'origQty': '0.016', 'executedQty': '0.000', 'cumQty': '0.000', 'cumQuote': '0.00000', 'timeInForce': 'GTC', 'type': 'LIMIT', 'reduceOnly': False, 'closePosition': False, 'side': 'BUY', 'positionSide': 'BOTH', 'stopPrice': '0.00', 'workingType': 'CONTRACT_PRICE', 'priceProtect': False, 'origType': 'LIMIT', 'priceMatch': 'NONE', 'selfTradePreventionMode': 'NONE', 'goodTillDate': 0, 'updateTime': 1714674673428}
2024-05-02 18:31:13,981
{'orderId': 55957260971, 'symbol': 'XRPUSDT', 'status': 'NEW', 'clientOrderId': 'STRATON', 'price': '0.5201', 'avgPrice': '0.00', 'origQty': '90.3', 'executedQty': '0.0', 'cumQty': '0.0', 'cumQuote': '0.00000', 'timeInForce': 'GTC', 'type': 'LIMIT', 'reduceOnly': False, 'closePosition': False, 'side': 'BUY', 'positionSide': 'BOTH', 'stopPrice': '0.0000', 'workingType': 'CONTRACT_PRICE', 'priceProtect': False, 'origType': 'LIMIT', 'priceMatch': 'NONE', 'selfTradePreventionMode': 'NONE', 'goodTillDate': 0, 'updateTime': 1714674673867}
2024-05-02 18:31:15,542
update 0: filled 0 / 2 () | working 2 / 2 (+ETHUSDT,+XRPUSDT)
2024-05-02 18:31:19,543
+ETHUSDT: bp4.0|+XRPUSDT: bp6.0|
2024-05-02 18:31:20,420
update 1: filled 0 / 2 () | working 2 / 2 (+ETHUSDT,+XRPUSDT)
2024-05-02 18:31:24,420
+ETHUSDT: bp7.0|+XRPUSDT: bp8.0|
2024-05-02 18:31:25,296
update 2: filled 0 / 2 () | working 2 / 2 (+ETHUSDT,+XRPUSDT)
2024-05-02 18:31:29,297
+ETHUSDT: bp7.0|+XRPUSDT: bp6.0|
2024-05-02 18:31:30,174
update 3: filled 0 / 2 () | working 2 / 2 (+ETHUSDT,+XRPUSDT)
2024-05-02 18:31:34,175
+ETHUSDT: bp7.0|+XRPUSDT: bp6.0|
2024-05-02 18:31:35,051
update 4: filled 0 / 2 () | working 2 / 2 (+ETHUSDT,+XRPUSDT)
2024-05-02 18:31:39,052
+ETHUSDT: bp7.0|+XRPUSDT: bp10.0|
2024-05-02 18:31:39,927
update 5: filled 0 / 2 () | working 2 / 2 (+ETHUSDT,+XRPUSDT)
2024-05-02 18:31:43,927
+ETHUSDT: bp9.0|+XRPUSDT: bp12.0|
2024-05-02 18:31:44,803
update 6: filled 0 / 2 () | working 2 / 2 (+ETHUSDT,+XRPUSDT)
2024-05-02 18:31:48,804
+ETHUSDT: bp10.0|+XRPUSDT: bp12.0|
2024-05-02 18:31:49,686
update 7: filled 0 / 2 () | working 2 / 2 (+ETHUSDT,+XRPUSDT)
2024-05-02 18:31:53,686
+ETHUSDT: bp8.0|+XRPUSDT: bp10.0|
2024-05-02 18:31:54,564
update 8: filled 0 / 2 () | working 2 / 2 (+ETHUSDT,+XRPUSDT)
2024-05-02 18:31:58,565
+ETHUSDT: bp8.0|+XRPUSDT: bp12.0|
2024-05-02 18:31:59,439
update 9: filled 0 / 2 () | working 2 / 2 (+ETHUSDT,+XRPUSDT)
2024-05-02 18:32:03,440
+ETHUSDT: bp8.0|+XRPUSDT: bp13.0|
2024-05-02 18:32:04,317
update 10: filled 0 / 2 () | working 2 / 2 (+ETHUSDT,+XRPUSDT)
2024-05-02 18:32:08,318
+ETHUSDT: bp8.0|+XRPUSDT: bp13.0|
2024-05-02 18:32:09,204
update 11: filled 0 / 2 () | working 2 / 2 (+ETHUSDT,+XRPUSDT)
2024-05-02 18:32:13,204
+ETHUSDT: bp11.0|+XRPUSDT: bp17.0|
2024-05-02 18:32:14,083
update 12: filled 0 / 2 () | working 2 / 2 (+ETHUSDT,+XRPUSDT)
2024-05-02 18:32:18,083
+ETHUSDT: bp11.0|+XRPUSDT: bp21.0|
2024-05-02 18:32:18,959
update 13: filled 0 / 2 () | working 2 / 2 (+ETHUSDT,+XRPUSDT)
2024-05-02 18:32:22,959
+ETHUSDT: bp16.0|+XRPUSDT: bp25.0|
2024-05-02 18:32:23,834
update 14: filled 0 / 2 () | working 2 / 2 (+ETHUSDT,+XRPUSDT)
2024-05-02 18:32:27,835
+ETHUSDT: bp15.0|+XRPUSDT: bp23.0|
2024-05-02 18:32:27,835
Adjustment limit #1 ... 
 we cancel current orders and replace
2024-05-02 18:32:27,835
@+/-2.5bp limit 
2024-05-02 18:32:27,835
binance_cancel_and_replace_orders_peg 20240502_183227
2024-05-02 18:32:30,038
binance_place_orders_peg 20240502_183230
2024-05-02 18:32:30,485
{'orderId': 8389765677877421060, 'symbol': 'ETHUSDT', 'status': 'NEW', 'clientOrderId': 'STRATON', 'price': '2976.53', 'avgPrice': '0.00', 'origQty': '0.016', 'executedQty': '0.000', 'cumQty': '0.000', 'cumQuote': '0.00000', 'timeInForce': 'GTC', 'type': 'LIMIT', 'reduceOnly': False, 'closePosition': False, 'side': 'BUY', 'positionSide': 'BOTH', 'stopPrice': '0.00', 'workingType': 'CONTRACT_PRICE', 'priceProtect': False, 'origType': 'LIMIT', 'priceMatch': 'NONE', 'selfTradePreventionMode': 'NONE', 'goodTillDate': 0, 'updateTime': 1714674750368}
2024-05-02 18:32:30,930
{'orderId': 55957315902, 'symbol': 'XRPUSDT', 'status': 'NEW', 'clientOrderId': 'STRATON', 'price': '0.5210', 'avgPrice': '0.00', 'origQty': '90.3', 'executedQty': '0.0', 'cumQty': '0.0', 'cumQuote': '0.00000', 'timeInForce': 'GTC', 'type': 'LIMIT', 'reduceOnly': False, 'closePosition': False, 'side': 'BUY', 'positionSide': 'BOTH', 'stopPrice': '0.0000', 'workingType': 'CONTRACT_PRICE', 'priceProtect': False, 'origType': 'LIMIT', 'priceMatch': 'NONE', 'selfTradePreventionMode': 'NONE', 'goodTillDate': 0, 'updateTime': 1714674750813}
2024-05-02 18:32:31,815
update 0: filled 0 / 2 () | working 2 / 2 (+ETHUSDT,+XRPUSDT)
2024-05-02 18:32:35,815
+ETHUSDT: bp4.0|+XRPUSDT: bp4.0|
2024-05-02 18:32:36,691
update 1: filled 0 / 2 () | working 2 / 2 (+ETHUSDT,+XRPUSDT)
2024-05-02 18:32:40,692
+ETHUSDT: bp3.0|+XRPUSDT: bp2.0|
2024-05-02 18:32:41,572
update 2: filled 0 / 2 () | working 2 / 2 (+ETHUSDT,+XRPUSDT)
2024-05-02 18:32:45,573
+ETHUSDT: bp4.0|+XRPUSDT: bp4.0|
2024-05-02 18:32:46,451
update 3: filled 0 / 2 () | working 2 / 2 (+ETHUSDT,+XRPUSDT)
2024-05-02 18:32:50,452
+ETHUSDT: bp5.0|+XRPUSDT: bp10.0|
2024-05-02 18:32:51,330
update 4: filled 0 / 2 () | working 2 / 2 (+ETHUSDT,+XRPUSDT)
2024-05-02 18:32:55,331
+ETHUSDT: bp6.0|+XRPUSDT: bp8.0|
2024-05-02 18:32:56,206
update 5: filled 0 / 2 () | working 2 / 2 (+ETHUSDT,+XRPUSDT)
2024-05-02 18:33:00,207
+ETHUSDT: bp8.0|+XRPUSDT: bp8.0|
2024-05-02 18:33:01,082
update 6: filled 0 / 2 () | working 2 / 2 (+ETHUSDT,+XRPUSDT)
2024-05-02 18:33:05,082
+ETHUSDT: bp6.0|+XRPUSDT: bp6.0|
2024-05-02 18:33:05,958
update 7: filled 0 / 2 () | working 2 / 2 (+ETHUSDT,+XRPUSDT)
2024-05-02 18:33:09,959
+ETHUSDT: bp3.0|+XRPUSDT: bp6.0|
2024-05-02 18:33:10,839
update 8: filled 0 / 2 () | working 2 / 2 (+ETHUSDT,+XRPUSDT)
2024-05-02 18:33:14,839
+ETHUSDT: bp4.0|+XRPUSDT: bp6.0|
2024-05-02 18:33:15,715
update 9: filled 0 / 2 () | working 2 / 2 (+ETHUSDT,+XRPUSDT)
2024-05-02 18:33:19,716
+ETHUSDT: bp4.0|+XRPUSDT: bp2.0|
2024-05-02 18:33:20,590
update 10: filled 0 / 2 () | working 2 / 2 (+ETHUSDT,+XRPUSDT)
2024-05-02 18:33:24,591
+ETHUSDT: bp2.0|+XRPUSDT: bp2.0|
2024-05-02 18:33:25,466
update 11: filled 0 / 2 () | working 2 / 2 (+ETHUSDT,+XRPUSDT)
2024-05-02 18:33:29,467
+ETHUSDT: bp2.0|+XRPUSDT: bp6.0|
2024-05-02 18:33:30,342
update 12: filled 0 / 2 () | working 2 / 2 (+ETHUSDT,+XRPUSDT)
2024-05-02 18:33:34,343
+ETHUSDT: bp5.0|+XRPUSDT: bp6.0|
2024-05-02 18:33:35,219
update 13: filled 0 / 2 () | working 2 / 2 (+ETHUSDT,+XRPUSDT)
2024-05-02 18:33:39,219
+ETHUSDT: bp5.0|+XRPUSDT: bp4.0|
2024-05-02 18:33:40,094
update 14: filled 0 / 2 () | working 2 / 2 (+ETHUSDT,+XRPUSDT)
2024-05-02 18:33:44,095
+ETHUSDT: bp8.0|+XRPUSDT: bp6.0|
2024-05-02 18:33:44,095
Adjustment limit #2 ... 
 we cancel current orders and replace
2024-05-02 18:33:44,095
@+/-1.25bp limit 
2024-05-02 18:33:44,096
binance_cancel_and_replace_orders_peg 20240502_183344
2024-05-02 18:33:46,302
binance_place_orders_peg 20240502_183346
2024-05-02 18:33:46,744
{'orderId': 8389765677877765154, 'symbol': 'ETHUSDT', 'status': 'NEW', 'clientOrderId': 'STRATON', 'price': '2978.94', 'avgPrice': '0.00', 'origQty': '0.016', 'executedQty': '0.000', 'cumQty': '0.000', 'cumQuote': '0.00000', 'timeInForce': 'GTC', 'type': 'LIMIT', 'reduceOnly': False, 'closePosition': False, 'side': 'BUY', 'positionSide': 'BOTH', 'stopPrice': '0.00', 'workingType': 'CONTRACT_PRICE', 'priceProtect': False, 'origType': 'LIMIT', 'priceMatch': 'NONE', 'selfTradePreventionMode': 'NONE', 'goodTillDate': 0, 'updateTime': 1714674826630}
2024-05-02 18:33:47,191
{'orderId': 55957367457, 'symbol': 'XRPUSDT', 'status': 'NEW', 'clientOrderId': 'STRATON', 'price': '0.5213', 'avgPrice': '0.00', 'origQty': '90.3', 'executedQty': '0.0', 'cumQty': '0.0', 'cumQuote': '0.00000', 'timeInForce': 'GTC', 'type': 'LIMIT', 'reduceOnly': False, 'closePosition': False, 'side': 'BUY', 'positionSide': 'BOTH', 'stopPrice': '0.0000', 'workingType': 'CONTRACT_PRICE', 'priceProtect': False, 'origType': 'LIMIT', 'priceMatch': 'NONE', 'selfTradePreventionMode': 'NONE', 'goodTillDate': 0, 'updateTime': 1714674827072}
2024-05-02 18:33:48,076
update 0: filled 0 / 2 () | working 2 / 2 (+ETHUSDT,+XRPUSDT)
2024-05-02 18:33:52,077
+ETHUSDT: bp1.0|+XRPUSDT: bp2.0|
2024-05-02 18:33:52,952
update 1: filled 0 / 2 () | working 2 / 2 (+ETHUSDT,+XRPUSDT)
2024-05-02 18:33:56,953
+ETHUSDT: bp1.0|+XRPUSDT: bp4.0|
2024-05-02 18:33:57,828
update 2: filled 1 / 2 (+ETHUSDT) | working 1 / 2 (+XRPUSDT)
2024-05-02 18:34:01,829
+XRPUSDT: bp4.0|
2024-05-02 18:34:02,704
update 3: filled 1 / 2 (+ETHUSDT) | working 1 / 2 (+XRPUSDT)
2024-05-02 18:34:06,705
+XRPUSDT: bp4.0|
2024-05-02 18:34:07,583
update 4: filled 1 / 2 (+ETHUSDT) | working 1 / 2 (+XRPUSDT)
2024-05-02 18:34:11,583
+XRPUSDT: bp4.0|
2024-05-02 18:34:12,460
update 5: filled 2 / 2 (+ETHUSDT,+XRPUSDT) | working 0 / 2 ()
2024-05-02 18:34:18,904
Trades of the day
in$
as of: 02May 18:33>>18:34 (#trades: 2)
trade net: +95.0 (+33.5%), trade gross: +95.0 (+33.5%), BUY: +95.0 (+33.5%), SELL: +0.0 (+0.0%)
fees: $ 0.019 (2.0bp)
2024-05-02 18:34:19,356
Trades: 
Filled #2
______________________________________________
                   in$ | in bp 94 traded | in bp 283 AUMs
realizedPnl    +0      | +0      | +0     
PnLvsArrival   -0.16   | -17     | -6     
PnLvsLast      -0.01   | -1      | -0     
______________________________________________
                 | Value$ | PnL Arrival/Last 
______________________________________________
XRP:+90.3@0.5213 | +47$ | -0.08/-0
ETH:+0.016@2978.94 | +48$ | -0.08/-0.01
