2023-12-19 04:31:06,283
ON program started 20231219 04:31:06,
US time: 20231218 23:31:06
2023-12-19 04:31:06,885
the strat is currently running @ 19-12-2023 and the target positions is NEUTRAL
2023-12-19 04:31:08,316
CURRENT STATUS IS NEUTRAL
-----
return before 14h30:
BTCUSDT+0.00%, ETHUSDT+0.00%, XRPUSDT+0.00%
-----
target alloc initial:BTCUSDT+0.00%, ETHUSDT+0.00%, XRPUSDT+0.00%
-----
alloc target x rt%<0:BTCUSDT+0.00%, ETHUSDT+0.00%, XRPUSDT+0.00%
-----
           BTCUSDT ETHUSDT XRPUSDT
w_target      0.0%    0.0%    0.0%
rt_14h30     0.00%   0.00%   0.00%
w_target_f    0.0%    0.0%    0.0%
2023-12-19 04:31:08,318
Portfolio was rebalanced less than 2 hours ago, 1.0 hours ago
2023-12-19 04:31:08,321
Status: prev = NEUTRAL <> NEUTRAL = target
2023-12-19 04:31:08,322
the strat is currently running @ 19-12-2023 and the target positions is NEUTRAL
the strat was previously run @ 2023-12-19 03:30:57 UTC, success:yes 
   and the current positions is NEUTRAL
2023-12-19 04:31:08,961
positions_future #0
2023-12-19 04:31:08,962
Empty DataFrame
Columns: [symbol, positionAmt, entryPrice, breakEvenPrice, markPrice, unRealizedProfit, value_usd, updateTime, isolated, adlQuantile, AUMs_account, w%]
Index: []
2023-12-19 04:31:09,066
programm stoppeddd!!! 20231219_043109
