2024-05-23 20:30:36,482
ON program started 20240523 20:30:36,
US time: 20240523 16:30:36
2024-05-23 20:30:36,965
the strat is currently running @ 23-05-2024 and the target positions is LONG
2024-05-23 20:30:38,365
CURRENT STATUS IS LONG
-----
return before 14h30:
BTCUSDT-1.63%, ETHUSDT+1.17%, XRPUSDT-0.28%
-----
target alloc initial:BTCUSDT+16.67%, ETHUSDT+16.67%, XRPUSDT+16.67%
-----
alloc target x rt%<0:BTCUSDT+16.67%, ETHUSDT+16.67%, XRPUSDT+16.67%
-----
           BTCUSDT ETHUSDT XRPUSDT
w_target     16.7%   16.7%   16.7%
rt_14h30    -0.02%   0.01%  -0.00%
w_target_f   16.7%   16.7%   16.7%
2024-05-23 20:30:38,366
Portfolio was rebalanced less than 2 hours ago, 1.0 hours ago
2024-05-23 20:30:38,368
Status: prev = LONG <> LONG = target
2024-05-23 20:30:38,368
the strat is currently running @ 23-05-2024 and the target positions is LONG
the strat was previously run @ 2024-05-23 19:31:09, success:yes 
   and the current positions is LONG
2024-05-23 20:30:39,562
positions_future #2
2024-05-23 20:30:39,562
      symbol  positionAmt entryPrice  ... adlQuantile AUMs_account        w%
167  ETHUSDT        0.013    3728.82  ...           1        287.8  0.168009
134  XRPUSDT       92.500     0.5183  ...           2        287.8  0.165861

[2 rows x 12 columns]
2024-05-23 20:30:39,645
programm stoppeddd!!! 20240523_203039
