2023-12-28 00:31:01,760
ON program started 20231228 00:31:01,
US time: 20231227 19:31:01
2023-12-28 00:31:02,878
the strat is currently running @ 28-12-2023 and the target positions is SHORT
2023-12-28 00:31:04,311
CURRENT STATUS IS SHORT, WE CHECK IF THE DAY IS A NEGATIVE ONE
-----
return before 14h30:
BTCUSDT+0.00%, ETHUSDT+0.00%, XRPUSDT+0.00%
-----
target alloc initial:BTCUSDT-4.17%, ETHUSDT+0.00%, XRPUSDT-4.17%
-----
alloc target x rt%<0:BTCUSDT-0.00%, ETHUSDT+0.00%, XRPUSDT-0.00%
-----
           BTCUSDT ETHUSDT XRPUSDT
w_target     -4.2%    0.0%   -4.2%
rt_14h30     0.00%   0.00%   0.00%
w_target_f   -0.0%    0.0%   -0.0%
2023-12-28 00:31:04,313
Portfolio was rebalanced less than 2 hours ago, 1.0 hours ago
2023-12-28 00:31:04,316
Status: prev = SHORT <> SHORT = target
2023-12-28 00:31:04,316
the strat is currently running @ 28-12-2023 and the target positions is SHORT
the strat was previously run @ 2023-12-27 23:31:13 UTC, success:? 
   and the current positions is SHORT
2023-12-28 00:31:05,568
positions_future #0
2023-12-28 00:31:05,568
Empty DataFrame
Columns: [symbol, positionAmt, entryPrice, breakEvenPrice, markPrice, unRealizedProfit, value_usd, updateTime, isolated, adlQuantile, AUMs_account, w%]
Index: []
2023-12-28 00:31:05,805
------------------------------
binance_account_balance
2023-12-28 00:31:05,805
  asset     balance  ...  marginAvailable   updateTime
5  USDT  292.464439  ...             True  27Dec-23:33

[1 rows x 8 columns]
2023-12-28 00:31:06,038
------------------------------
open_orders
2023-12-28 00:31:06,038
Empty DataFrame
Columns: []
Index: []
2023-12-28 00:31:06,698
------------------------------
AUMS account:292

2023-12-28 00:31:06,699
--------------- compute_futures_order_book() ----------------
2023-12-28 00:31:08,268
----------------------------------------------------------------------
#0 order(s) to place
gross$: 0$ | net$: +0$
gross%: 0% | net%: +0%
 || w>0%  +0% | w<0%  0%
----------------------------------------------------------------------
PTF Expo% 0.0% >> 0.0% (current>>target)
PTF expo $0.0 >> $0 (current>>target)
----------------------------------------------------------------------
2023-12-28 00:31:08,269
orders_ofthe_day
2023-12-28 00:31:08,269
Empty DataFrame
Columns: [ptf_usd, target_usd, totrd_usd, posttrd_usd, qty, posttrd_qty, posttrd_w, bid, ask]
Index: []
2023-12-28 00:31:08,369
Orders of the day is empty, current and target potfolios are aligned
2023-12-28 00:31:08,370
Program stopped
