2024-09-17 01:30:43,822
ON program started 20240917 01:30:43,
US time: 20240916 21:30:43
2024-09-17 01:30:45,065
the strat is currently running @ 17-09-2024 and the target positions is SHORT
2024-09-17 01:30:46,395
CURRENT STATUS IS SHORT, WE CHECK IF THE DAY IS A NEGATIVE ONE
-----
return before 14h30:
BTCUSDT-0.67%, ETHUSDT-1.06%, XRPUSDT-0.94%
-----
target alloc initial:BTCUSDT-4.17%, ETHUSDT+0.00%, XRPUSDT-4.17%
-----
alloc target x rt%<0:BTCUSDT-4.17%, ETHUSDT+0.00%, XRPUSDT-4.17%
-----
           BTCUSDT ETHUSDT XRPUSDT
w_target     -4.2%    0.0%   -4.2%
rt_14h30    -0.01%  -0.01%  -0.01%
w_target_f   -4.2%    0.0%   -4.2%
2024-09-17 01:30:46,396
Portfolio was rebalanced less than 2 hours ago, 1.0 hours ago
2024-09-17 01:30:46,398
Status: prev = SHORT <> SHORT = target
2024-09-17 01:30:46,398
the strat is currently running @ 17-09-2024 and the target positions is SHORT
the strat was previously run @ 2024-09-17 00:30:58, success:yes 
   and the current positions is SHORT
2024-09-17 01:30:46,985
positions_future #0
2024-09-17 01:30:46,985
Empty DataFrame
Columns: [symbol, positionAmt, entryPrice, breakEvenPrice, markPrice, unRealizedProfit, value_usd, updateTime, isolated, adlQuantile, AUMs_account, w%]
Index: []
2024-09-17 01:30:47,049
programm stoppeddd!!! 20240917_013047
