2024-01-08 01:31:00,379
ON program started 20240108 01:31:00,
US time: 20240107 20:31:00
2024-01-08 01:31:01,272
the strat is currently running @ 08-01-2024 and the target positions is SHORT
2024-01-08 01:31:02,685
CURRENT STATUS IS SHORT, WE CHECK IF THE DAY IS A NEGATIVE ONE
-----
return before 14h30:
BTCUSDT+0.00%, ETHUSDT+0.00%, XRPUSDT+0.00%
-----
target alloc initial:BTCUSDT-4.17%, ETHUSDT+0.00%, XRPUSDT-4.17%
-----
alloc target x rt%<0:BTCUSDT-0.00%, ETHUSDT+0.00%, XRPUSDT-0.00%
-----
           BTCUSDT ETHUSDT XRPUSDT
w_target     -4.2%    0.0%   -4.2%
rt_14h30     0.00%   0.00%   0.00%
w_target_f   -0.0%    0.0%   -0.0%
2024-01-08 01:31:02,687
Portfolio was rebalanced less than 2 hours ago, 1.0 hours ago
2024-01-08 01:31:02,689
Status: prev = SHORT <> SHORT = target
2024-01-08 01:31:02,690
the strat is currently running @ 08-01-2024 and the target positions is SHORT
the strat was previously run @ 2024-01-08 00:31:14 UTC, success:? 
   and the current positions is SHORT
2024-01-08 01:31:03,943
positions_future #0
2024-01-08 01:31:03,943
Empty DataFrame
Columns: [symbol, positionAmt, entryPrice, breakEvenPrice, markPrice, unRealizedProfit, value_usd, updateTime, isolated, adlQuantile, AUMs_account, w%]
Index: []
2024-01-08 01:31:04,166
------------------------------
binance_account_balance
2024-01-08 01:31:04,167
  asset     balance  ...  marginAvailable   updateTime
5  USDT  288.215619  ...             True  08Jan-00:32

[1 rows x 8 columns]
2024-01-08 01:31:04,401
------------------------------
open_orders
2024-01-08 01:31:04,401
Empty DataFrame
Columns: []
Index: []
2024-01-08 01:31:05,062
------------------------------
AUMS account:288

2024-01-08 01:31:05,064
--------------- compute_futures_order_book() ----------------
2024-01-08 01:31:06,628
----------------------------------------------------------------------
#0 order(s) to place
gross$: 0$ | net$: +0$
gross%: 0% | net%: +0%
 || w>0%  +0% | w<0%  0%
----------------------------------------------------------------------
PTF Expo% 0.0% >> 0.0% (current>>target)
PTF expo $0.0 >> $0 (current>>target)
----------------------------------------------------------------------
2024-01-08 01:31:06,630
orders_ofthe_day
2024-01-08 01:31:06,630
Empty DataFrame
Columns: [ptf_usd, target_usd, totrd_usd, posttrd_usd, qty, posttrd_qty, posttrd_w, bid, ask, strategy]
Index: []
2024-01-08 01:31:06,718
Orders of the day is empty, current and target potfolios are aligned
2024-01-08 01:31:06,718
Program stopped
