2023-08-20 19:31:03,304
ON program started 20230820 19:31:03,
US time: 20230820 15:31:03
2023-08-20 19:31:03,726
the strat is currently running @ 20-08-2023 and the target positions is LONG
2023-08-20 19:31:05,841
CURRENT STATUS IS LONG
-----
return before 14h30:
BTCUSDT+0.07%, ETHUSDT+0.39%, XRPUSDT+4.05%
-----
target alloc initial:BTCUSDT+16.67%, ETHUSDT+16.67%, XRPUSDT+16.67%
-----
alloc target x rt%<0:BTCUSDT+16.67%, ETHUSDT+16.67%, XRPUSDT+16.67%
-----
           BTCUSDT ETHUSDT XRPUSDT
w_target     16.7%   16.7%   16.7%
rt_14h30     0.00%   0.00%   0.04%
w_target_f   16.7%   16.7%   16.7%
2023-08-20 19:31:05,843
Portfolio was rebalanced less than 2 hours ago, 0.9 hours ago
2023-08-20 19:31:05,845
Status: prev = LONG <> LONG = target
2023-08-20 19:31:05,845
the strat is currently running @ 20-08-2023 and the target positions is LONG
the strat was previously run @ 2023-08-20 18:35:55 UTC, success:yes 
   and the current positions is LONG
2023-08-20 19:31:07,004
positions_future #3
2023-08-20 19:31:07,004
      symbol  positionAmt entryPrice  ...   updateTime  AUMs_account        w%
224  BTCUSDT        0.002    26133.9  ...  20Aug-18:35         276.0  0.189311
111  XRPUSDT       85.100     0.5405  ...  20Aug-18:33         276.0  0.167101
138  ETHUSDT        0.027    1676.82  ...  20Aug-18:35         276.0  0.164118

[3 rows x 9 columns]
2023-08-20 19:31:07,029
programm stoppeddd!!! 20230820_193107
