2023-10-27 22:30:45,302
ON program started 20231027 22:30:45,
US time: 20231027 18:30:45
2023-10-27 22:30:45,688
the strat is currently running @ 27-10-2023 and the target positions is SHORT
2023-10-27 22:30:47,107
CURRENT STATUS IS SHORT, WE CHECK IF THE DAY IS A NEGATIVE ONE
-----
return before 14h30:
BTCUSDT-1.52%, ETHUSDT-1.66%, XRPUSDT-1.79%
-----
target alloc initial:BTCUSDT-4.17%, ETHUSDT+0.00%, XRPUSDT-4.17%
-----
alloc target x rt%<0:BTCUSDT-4.17%, ETHUSDT+0.00%, XRPUSDT-4.17%
-----
           BTCUSDT ETHUSDT XRPUSDT
w_target     -4.2%    0.0%   -4.2%
rt_14h30    -0.02%  -0.02%  -0.02%
w_target_f   -4.2%    0.0%   -4.2%
2023-10-27 22:30:47,109
Portfolio was rebalanced less than 2 hours ago, 1.0 hours ago
2023-10-27 22:30:47,112
Status: prev = SHORT <> LONG = target
2023-10-27 22:30:47,112
the strat is currently running @ 27-10-2023 and the target positions is SHORT
the strat was previously run @ 2023-10-27 21:30:29 UTC, success:yes 
   and the current positions is LONG
2023-10-27 22:30:48,302
positions_future #3
2023-10-27 22:30:48,302
      symbol  positionAmt entryPrice  ... adlQuantile AUMs_account        w%
151  ETHUSDT        0.027     1751.5  ...           2        285.7  0.168315
121  XRPUSDT       87.800     0.5387  ...           2        285.7  0.168052
244  BTCUSDT        0.001    33419.3  ...           2        285.7  0.118484

[3 rows x 12 columns]
2023-10-27 22:30:48,553
------------------------------
binance_account_balance
2023-10-27 22:30:48,553
  asset     balance  ... marginAvailable   updateTime
5  USDT  283.741049  ...            True  27Oct-18:31

[1 rows x 8 columns]
2023-10-27 22:30:49,461
------------------------------
open_orders
2023-10-27 22:30:49,461
                                      0  ...                           2
symbol                          ETHUSDT  ...                     BTCUSDT
status                              NEW  ...                         NEW
price                                 0  ...                           0
avgPrice                              0  ...                           0
origQty                           0.027  ...                       0.001
executedQty                           0  ...                           0
type                        STOP_MARKET  ...                 STOP_MARKET
side                               SELL  ...                        SELL
stopPrice                       1663.01  ...                       31738
time         2023-10-27 18:31:52.093000  ...  2023-10-27 18:31:52.987000
updateTime   2023-10-27 18:31:52.093000  ...  2023-10-27 18:31:52.987000

[11 rows x 3 columns]
2023-10-27 22:30:52,834
------------------------------
AUMS account:285

2023-10-27 22:30:52,835
--------------- compute_futures_order_book() ----------------
2023-10-27 22:30:54,410
----------------------------------------------------------------------
#3 order(s) to place
gross$: 142$ | net$: -142$
gross%: 50% | net%: -50%
 || w>0%  +0% | w<0%  -50%
----------------------------------------------------------------------
PTF Expo% 45.5% >> -8.3% (current>>target)
PTF expo $130.0 >> $-23 (current>>target)
----------------------------------------------------------------------
2023-10-27 22:30:54,412
orders_ofthe_day
2023-10-27 22:30:54,412
                  ptf_usd  target_usd  ...         bid         ask
2023-10-27 22:30                       ...                        
XRPUSDT              48.0      -11.91  ...      0.5467      0.5468
ETHUSDT              48.0        0.00  ...   1780.9600   1780.9700
BTCUSDT              34.0      -11.91  ...  33847.5000  33847.6000

[3 rows x 9 columns]
2023-10-27 22:30:55,834
binance_place_orders_peg 20231027_223055
2023-10-27 22:30:56,279
{'orderId': 43856774322, 'symbol': 'XRPUSDT', 'status': 'NEW', 'clientOrderId': 'pNInKnhLlCqpRu3UWm0Rzr', 'price': '0.5471', 'avgPrice': '0.00', 'origQty': '109.6', 'executedQty': '0.0', 'cumQty': '0.0', 'cumQuote': '0.00000', 'timeInForce': 'GTC', 'type': 'LIMIT', 'reduceOnly': False, 'closePosition': False, 'side': 'SELL', 'positionSide': 'BOTH', 'stopPrice': '0.0000', 'workingType': 'CONTRACT_PRICE', 'priceProtect': False, 'origType': 'LIMIT', 'priceMatch': 'NONE', 'selfTradePreventionMode': 'NONE', 'goodTillDate': 0, 'updateTime': 1698445856166}
2023-10-27 22:30:56,735
{'orderId': 8389765623908357576, 'symbol': 'ETHUSDT', 'status': 'NEW', 'clientOrderId': 'NYZ88imtKaorCwpvrA5836', 'price': '1781.74', 'avgPrice': '0.00', 'origQty': '0.027', 'executedQty': '0.000', 'cumQty': '0.000', 'cumQuote': '0.00000', 'timeInForce': 'GTC', 'type': 'LIMIT', 'reduceOnly': False, 'closePosition': False, 'side': 'SELL', 'positionSide': 'BOTH', 'stopPrice': '0.00', 'workingType': 'CONTRACT_PRICE', 'priceProtect': False, 'origType': 'LIMIT', 'priceMatch': 'NONE', 'selfTradePreventionMode': 'NONE', 'goodTillDate': 0, 'updateTime': 1698445856611}
2023-10-27 22:30:57,185
{'orderId': 203910881864, 'symbol': 'BTCUSDT', 'status': 'NEW', 'clientOrderId': '4oT3W9xlDDYetnd7KXCi3X', 'price': '33864.50', 'avgPrice': '0.00', 'origQty': '0.001', 'executedQty': '0.000', 'cumQty': '0.000', 'cumQuote': '0.00000', 'timeInForce': 'GTC', 'type': 'LIMIT', 'reduceOnly': False, 'closePosition': False, 'side': 'SELL', 'positionSide': 'BOTH', 'stopPrice': '0.00', 'workingType': 'CONTRACT_PRICE', 'priceProtect': False, 'origType': 'LIMIT', 'priceMatch': 'NONE', 'selfTradePreventionMode': 'NONE', 'goodTillDate': 0, 'updateTime': 1698445857068}
2023-10-27 22:30:58,512
update 0: filled 0 / 3 () | working 3 / 3 (-XRPUSDT,-ETHUSDT,-BTCUSDT)
2023-10-27 22:31:02,513
-XRPUSDT: bp7.0|-ETHUSDT: bp4.0|-BTCUSDT: bp5.0|
2023-10-27 22:31:03,834
update 1: filled 0 / 3 () | working 3 / 3 (-XRPUSDT,-ETHUSDT,-BTCUSDT)
2023-10-27 22:31:07,835
-XRPUSDT: bp7.0|-ETHUSDT: bp5.0|-BTCUSDT: bp5.0|
2023-10-27 22:31:09,155
update 2: filled 0 / 3 () | working 3 / 3 (-XRPUSDT,-ETHUSDT,-BTCUSDT)
2023-10-27 22:31:13,155
-XRPUSDT: bp7.0|-ETHUSDT: bp5.0|-BTCUSDT: bp5.0|
2023-10-27 22:31:14,475
update 3: filled 0 / 3 () | working 3 / 3 (-XRPUSDT,-ETHUSDT,-BTCUSDT)
2023-10-27 22:31:18,476
-XRPUSDT: bp5.0|-ETHUSDT: bp5.0|-BTCUSDT: bp5.0|
2023-10-27 22:31:19,799
update 4: filled 0 / 3 () | working 3 / 3 (-XRPUSDT,-ETHUSDT,-BTCUSDT)
2023-10-27 22:31:23,800
-XRPUSDT: bp7.0|-ETHUSDT: bp5.0|-BTCUSDT: bp5.0|
2023-10-27 22:31:25,127
update 5: filled 0 / 3 () | working 3 / 3 (-XRPUSDT,-ETHUSDT,-BTCUSDT)
2023-10-27 22:31:29,128
-XRPUSDT: bp7.0|-ETHUSDT: bp5.0|-BTCUSDT: bp5.0|
2023-10-27 22:31:30,451
update 6: filled 0 / 3 () | working 3 / 3 (-XRPUSDT,-ETHUSDT,-BTCUSDT)
2023-10-27 22:31:34,451
-XRPUSDT: bp7.0|-ETHUSDT: bp5.0|-BTCUSDT: bp5.0|
2023-10-27 22:31:35,775
update 7: filled 0 / 3 () | working 3 / 3 (-XRPUSDT,-ETHUSDT,-BTCUSDT)
2023-10-27 22:31:39,776
-XRPUSDT: bp7.0|-ETHUSDT: bp5.0|-BTCUSDT: bp5.0|
2023-10-27 22:31:41,100
update 8: filled 0 / 3 () | working 3 / 3 (-XRPUSDT,-ETHUSDT,-BTCUSDT)
2023-10-27 22:31:45,101
-XRPUSDT: bp5.0|-ETHUSDT: bp5.0|-BTCUSDT: bp5.0|
2023-10-27 22:31:46,425
update 9: filled 0 / 3 () | working 3 / 3 (-XRPUSDT,-ETHUSDT,-BTCUSDT)
2023-10-27 22:31:50,425
-XRPUSDT: bp7.0|-ETHUSDT: bp5.0|-BTCUSDT: bp5.0|
2023-10-27 22:31:51,749
update 10: filled 0 / 3 () | working 3 / 3 (-XRPUSDT,-ETHUSDT,-BTCUSDT)
2023-10-27 22:31:55,750
-XRPUSDT: bp5.0|-ETHUSDT: bp6.0|-BTCUSDT: bp5.0|
2023-10-27 22:31:57,071
update 11: filled 0 / 3 () | working 3 / 3 (-XRPUSDT,-ETHUSDT,-BTCUSDT)
2023-10-27 22:32:01,072
-XRPUSDT: bp7.0|-ETHUSDT: bp6.0|-BTCUSDT: bp5.0|
2023-10-27 22:32:02,398
update 12: filled 0 / 3 () | working 3 / 3 (-XRPUSDT,-ETHUSDT,-BTCUSDT)
2023-10-27 22:32:06,399
-XRPUSDT: bp7.0|-ETHUSDT: bp5.0|-BTCUSDT: bp5.0|
2023-10-27 22:32:07,725
update 13: filled 0 / 3 () | working 3 / 3 (-XRPUSDT,-ETHUSDT,-BTCUSDT)
2023-10-27 22:32:11,726
-XRPUSDT: bp5.0|-ETHUSDT: bp5.0|-BTCUSDT: bp3.0|
2023-10-27 22:32:13,047
update 14: filled 0 / 3 () | working 3 / 3 (-XRPUSDT,-ETHUSDT,-BTCUSDT)
2023-10-27 22:32:17,047
-XRPUSDT: bp5.0|-ETHUSDT: bp6.0|-BTCUSDT: bp3.0|
2023-10-27 22:32:17,048
Adjustment limit #1 ... 
 we cancel current orders and replace
2023-10-27 22:32:17,048
@+/-2.5bp limit 
2023-10-27 22:32:17,048
binance_cancel_and_replace_orders_peg 20231027_223217
2023-10-27 22:32:19,059
binance_place_orders_peg 20231027_223219
2023-10-27 22:32:19,519
{'orderId': 43856805508, 'symbol': 'XRPUSDT', 'status': 'NEW', 'clientOrderId': 'NqrmAdiibdw0GqG5Mz9iLc', 'price': '0.5468', 'avgPrice': '0.00', 'origQty': '109.6', 'executedQty': '0.0', 'cumQty': '0.0', 'cumQuote': '0.00000', 'timeInForce': 'GTC', 'type': 'LIMIT', 'reduceOnly': False, 'closePosition': False, 'side': 'SELL', 'positionSide': 'BOTH', 'stopPrice': '0.0000', 'workingType': 'CONTRACT_PRICE', 'priceProtect': False, 'origType': 'LIMIT', 'priceMatch': 'NONE', 'selfTradePreventionMode': 'NONE', 'goodTillDate': 0, 'updateTime': 1698445939392}
2023-10-27 22:32:19,968
{'orderId': 8389765623908483793, 'symbol': 'ETHUSDT', 'status': 'NEW', 'clientOrderId': 'ObvsVfI3kKfZXoeqDoYvMI', 'price': '1780.21', 'avgPrice': '0.00', 'origQty': '0.027', 'executedQty': '0.000', 'cumQty': '0.000', 'cumQuote': '0.00000', 'timeInForce': 'GTC', 'type': 'LIMIT', 'reduceOnly': False, 'closePosition': False, 'side': 'SELL', 'positionSide': 'BOTH', 'stopPrice': '0.00', 'workingType': 'CONTRACT_PRICE', 'priceProtect': False, 'origType': 'LIMIT', 'priceMatch': 'NONE', 'selfTradePreventionMode': 'NONE', 'goodTillDate': 0, 'updateTime': 1698445939851}
2023-10-27 22:32:20,419
{'orderId': 203911080332, 'symbol': 'BTCUSDT', 'status': 'NEW', 'clientOrderId': '7ArF8B2QKc4zELwsrc5D01', 'price': '33859.70', 'avgPrice': '0.00', 'origQty': '0.001', 'executedQty': '0.000', 'cumQty': '0.000', 'cumQuote': '0.00000', 'timeInForce': 'GTC', 'type': 'LIMIT', 'reduceOnly': False, 'closePosition': False, 'side': 'SELL', 'positionSide': 'BOTH', 'stopPrice': '0.00', 'workingType': 'CONTRACT_PRICE', 'priceProtect': False, 'origType': 'LIMIT', 'priceMatch': 'NONE', 'selfTradePreventionMode': 'NONE', 'goodTillDate': 0, 'updateTime': 1698445940302}
2023-10-27 22:32:21,745
update 0: filled 0 / 3 () | working 3 / 3 (-XRPUSDT,-ETHUSDT,-BTCUSDT)
2023-10-27 22:32:25,746
-XRPUSDT: bp4.0|-ETHUSDT: bp2.0|-BTCUSDT: bp3.0|
2023-10-27 22:32:27,070
update 1: filled 0 / 3 () | working 3 / 3 (-XRPUSDT,-ETHUSDT,-BTCUSDT)
2023-10-27 22:32:31,071
-XRPUSDT: bp4.0|-ETHUSDT: bp3.0|-BTCUSDT: bp3.0|
2023-10-27 22:32:32,396
update 2: filled 0 / 3 () | working 3 / 3 (-XRPUSDT,-ETHUSDT,-BTCUSDT)
2023-10-27 22:32:36,397
-XRPUSDT: bp4.0|-ETHUSDT: bp2.0|-BTCUSDT: bp3.0|
2023-10-27 22:32:37,721
update 3: filled 0 / 3 () | working 3 / 3 (-XRPUSDT,-ETHUSDT,-BTCUSDT)
2023-10-27 22:32:41,722
-XRPUSDT: bp5.0|-ETHUSDT: bp3.0|-BTCUSDT: bp3.0|
2023-10-27 22:32:43,047
update 4: filled 0 / 3 () | working 3 / 3 (-XRPUSDT,-ETHUSDT,-BTCUSDT)
2023-10-27 22:32:47,047
-XRPUSDT: bp5.0|-ETHUSDT: bp4.0|-BTCUSDT: bp3.0|
2023-10-27 22:32:48,371
update 5: filled 0 / 3 () | working 3 / 3 (-XRPUSDT,-ETHUSDT,-BTCUSDT)
2023-10-27 22:32:52,372
-XRPUSDT: bp5.0|-ETHUSDT: bp3.0|-BTCUSDT: bp3.0|
2023-10-27 22:32:53,691
update 6: filled 0 / 3 () | working 3 / 3 (-XRPUSDT,-ETHUSDT,-BTCUSDT)
2023-10-27 22:32:57,692
-XRPUSDT: bp5.0|-ETHUSDT: bp6.0|-BTCUSDT: bp3.0|
2023-10-27 22:32:59,019
update 7: filled 0 / 3 () | working 3 / 3 (-XRPUSDT,-ETHUSDT,-BTCUSDT)
2023-10-27 22:33:03,019
-XRPUSDT: bp4.0|-ETHUSDT: bp6.0|-BTCUSDT: bp3.0|
2023-10-27 22:33:04,345
update 8: filled 0 / 3 () | working 3 / 3 (-XRPUSDT,-ETHUSDT,-BTCUSDT)
2023-10-27 22:33:08,345
-XRPUSDT: bp5.0|-ETHUSDT: bp6.0|-BTCUSDT: bp3.0|
2023-10-27 22:33:09,667
update 9: filled 0 / 3 () | working 3 / 3 (-XRPUSDT,-ETHUSDT,-BTCUSDT)
2023-10-27 22:33:13,668
-XRPUSDT: bp5.0|-ETHUSDT: bp1.0|-BTCUSDT: bp3.0|
2023-10-27 22:33:14,989
update 10: filled 0 / 3 () | working 3 / 3 (-XRPUSDT,-ETHUSDT,-BTCUSDT)
2023-10-27 22:33:18,990
-XRPUSDT: bp5.0|-ETHUSDT: bp1.0|-BTCUSDT: bp1.0|
2023-10-27 22:33:20,311
update 11: filled 0 / 3 () | working 3 / 3 (-XRPUSDT,-ETHUSDT,-BTCUSDT)
2023-10-27 22:33:24,312
-XRPUSDT: bp5.0|-ETHUSDT: bp2.0|-BTCUSDT: bp1.0|
2023-10-27 22:33:25,635
update 12: filled 0 / 3 () | working 3 / 3 (-XRPUSDT,-ETHUSDT,-BTCUSDT)
2023-10-27 22:33:29,636
-XRPUSDT: bp4.0|-ETHUSDT: bp4.0|-BTCUSDT: bp2.0|
2023-10-27 22:33:30,959
update 13: filled 0 / 3 () | working 3 / 3 (-XRPUSDT,-ETHUSDT,-BTCUSDT)
2023-10-27 22:33:34,960
-XRPUSDT: bp4.0|-ETHUSDT: bp4.0|-BTCUSDT: bp2.0|
2023-10-27 22:33:36,284
update 14: filled 0 / 3 () | working 3 / 3 (-XRPUSDT,-ETHUSDT,-BTCUSDT)
2023-10-27 22:33:40,285
-XRPUSDT: bp4.0|-ETHUSDT: bp4.0|-BTCUSDT: bp2.0|
2023-10-27 22:33:40,285
Adjustment limit #2 ... 
 we cancel current orders and replace
2023-10-27 22:33:40,285
@+/-1.25bp limit 
2023-10-27 22:33:40,285
binance_cancel_and_replace_orders_peg 20231027_223340
2023-10-27 22:33:42,279
binance_place_orders_peg 20231027_223342
2023-10-27 22:33:42,726
{'orderId': 43856860136, 'symbol': 'XRPUSDT', 'status': 'NEW', 'clientOrderId': 'mq42vi6K5xPidGaLvGrBtL', 'price': '0.5469', 'avgPrice': '0.00', 'origQty': '109.6', 'executedQty': '0.0', 'cumQty': '0.0', 'cumQuote': '0.00000', 'timeInForce': 'GTC', 'type': 'LIMIT', 'reduceOnly': False, 'closePosition': False, 'side': 'SELL', 'positionSide': 'BOTH', 'stopPrice': '0.0000', 'workingType': 'CONTRACT_PRICE', 'priceProtect': False, 'origType': 'LIMIT', 'priceMatch': 'NONE', 'selfTradePreventionMode': 'NONE', 'goodTillDate': 0, 'updateTime': 1698446022612}
2023-10-27 22:33:43,170
{'orderId': 8389765623908661006, 'symbol': 'ETHUSDT', 'status': 'NEW', 'clientOrderId': 'W0W2LPjRRHNl44RZYfso9f', 'price': '1779.97', 'avgPrice': '0.00', 'origQty': '0.027', 'executedQty': '0.000', 'cumQty': '0.000', 'cumQuote': '0.00000', 'timeInForce': 'GTC', 'type': 'LIMIT', 'reduceOnly': False, 'closePosition': False, 'side': 'SELL', 'positionSide': 'BOTH', 'stopPrice': '0.00', 'workingType': 'CONTRACT_PRICE', 'priceProtect': False, 'origType': 'LIMIT', 'priceMatch': 'NONE', 'selfTradePreventionMode': 'NONE', 'goodTillDate': 0, 'updateTime': 1698446023058}
2023-10-27 22:33:43,615
{'orderId': 203911291225, 'symbol': 'BTCUSDT', 'status': 'NEW', 'clientOrderId': 'CYKViPIV4h2brLJhTy8scm', 'price': '33862.20', 'avgPrice': '0.00', 'origQty': '0.001', 'executedQty': '0.000', 'cumQty': '0.000', 'cumQuote': '0.00000', 'timeInForce': 'GTC', 'type': 'LIMIT', 'reduceOnly': False, 'closePosition': False, 'side': 'SELL', 'positionSide': 'BOTH', 'stopPrice': '0.00', 'workingType': 'CONTRACT_PRICE', 'priceProtect': False, 'origType': 'LIMIT', 'priceMatch': 'NONE', 'selfTradePreventionMode': 'NONE', 'goodTillDate': 0, 'updateTime': 1698446023502}
2023-10-27 22:33:44,941
update 0: filled 0 / 3 () | working 3 / 3 (-XRPUSDT,-ETHUSDT,-BTCUSDT)
2023-10-27 22:33:48,942
-XRPUSDT: bp4.0|-ETHUSDT: bp1.0|-BTCUSDT: bp1.0|
2023-10-27 22:33:50,266
update 1: filled 1 / 3 (-ETHUSDT) | working 2 / 3 (-XRPUSDT,-BTCUSDT)
2023-10-27 22:33:54,267
-XRPUSDT: bp2.0|-BTCUSDT: bp1.0|
2023-10-27 22:33:55,589
update 2: filled 1 / 3 (-ETHUSDT) | working 2 / 3 (-XRPUSDT,-BTCUSDT)
2023-10-27 22:33:59,590
-XRPUSDT: bp2.0|-BTCUSDT: bp1.0|
2023-10-27 22:34:00,911
update 3: filled 2 / 3 (-ETHUSDT,-BTCUSDT) | working 1 / 3 (-XRPUSDT)
2023-10-27 22:34:04,911
-XRPUSDT: bp4.0|
2023-10-27 22:34:06,252
update 4: filled 2 / 3 (-ETHUSDT,-BTCUSDT) | working 1 / 3 (-XRPUSDT)
2023-10-27 22:34:10,253
-XRPUSDT: bp4.0|
2023-10-27 22:34:11,573
update 5: filled 2 / 3 (-ETHUSDT,-BTCUSDT) | working 1 / 3 (-XRPUSDT)
2023-10-27 22:34:15,574
-XRPUSDT: bp4.0|
2023-10-27 22:34:16,895
update 6: filled 2 / 3 (-ETHUSDT,-BTCUSDT) | working 1 / 3 (-XRPUSDT)
2023-10-27 22:34:20,896
-XRPUSDT: bp2.0|
2023-10-27 22:34:22,217
update 7: filled 2 / 3 (-ETHUSDT,-BTCUSDT) | working 1 / 3 (-XRPUSDT)
2023-10-27 22:34:26,217
-XRPUSDT: bp2.0|
2023-10-27 22:34:27,540
update 8: filled 2 / 3 (-ETHUSDT,-BTCUSDT) | working 1 / 3 (-XRPUSDT)
2023-10-27 22:34:31,541
-XRPUSDT: bp2.0|
2023-10-27 22:34:32,869
update 9: filled 2 / 3 (-ETHUSDT,-BTCUSDT) | working 1 / 3 (-XRPUSDT)
2023-10-27 22:34:36,870
-XRPUSDT: bp2.0|
2023-10-27 22:34:38,191
update 10: filled 2 / 3 (-ETHUSDT,-BTCUSDT) | working 1 / 3 (-XRPUSDT)
2023-10-27 22:34:42,192
-XRPUSDT: bp2.0|
2023-10-27 22:34:43,515
update 11: filled 2 / 3 (-ETHUSDT,-BTCUSDT) | working 1 / 3 (-XRPUSDT)
2023-10-27 22:34:47,516
-XRPUSDT: bp2.0|
2023-10-27 22:34:48,840
update 12: filled 2 / 3 (-ETHUSDT,-BTCUSDT) | working 1 / 3 (-XRPUSDT)
2023-10-27 22:34:52,841
-XRPUSDT: bp4.0|
2023-10-27 22:34:54,161
update 13: filled 2 / 3 (-ETHUSDT,-BTCUSDT) | working 1 / 3 (-XRPUSDT)
2023-10-27 22:34:58,162
-XRPUSDT: bp2.0|
2023-10-27 22:34:59,484
update 14: filled 2 / 3 (-ETHUSDT,-BTCUSDT) | working 1 / 3 (-XRPUSDT)
2023-10-27 22:35:03,485
-XRPUSDT: bp4.0|
2023-10-27 22:35:03,485
Adjustment limit #3 ... 
 we cancel current orders and replace
2023-10-27 22:35:03,485
@+/-0.625bp limit 
2023-10-27 22:35:03,485
binance_cancel_and_replace_orders_peg 20231027_223503
2023-10-27 22:35:05,484
binance_place_orders_peg 20231027_223505
2023-10-27 22:35:05,933
{'orderId': 43856889306, 'symbol': 'XRPUSDT', 'status': 'NEW', 'clientOrderId': '4UuyjB6DMDQwcuQJiEvtv4', 'price': '0.5468', 'avgPrice': '0.00', 'origQty': '109.6', 'executedQty': '0.0', 'cumQty': '0.0', 'cumQuote': '0.00000', 'timeInForce': 'GTC', 'type': 'LIMIT', 'reduceOnly': False, 'closePosition': False, 'side': 'SELL', 'positionSide': 'BOTH', 'stopPrice': '0.0000', 'workingType': 'CONTRACT_PRICE', 'priceProtect': False, 'origType': 'LIMIT', 'priceMatch': 'NONE', 'selfTradePreventionMode': 'NONE', 'goodTillDate': 0, 'updateTime': 1698446105817}
2023-10-27 22:35:07,260
update 0: filled 2 / 3 (-ETHUSDT,-BTCUSDT) | working 1 / 3 (-XRPUSDT)
2023-10-27 22:35:11,261
-XRPUSDT: bp0.0|
2023-10-27 22:35:12,586
update 1: filled 2 / 3 (-ETHUSDT,-BTCUSDT) | working 1 / 3 (-XRPUSDT)
2023-10-27 22:35:16,587
-XRPUSDT: bp0.0|
2023-10-27 22:35:17,910
update 2: filled 2 / 3 (-ETHUSDT,-BTCUSDT) | working 1 / 3 (-XRPUSDT)
2023-10-27 22:35:21,911
-XRPUSDT: bp2.0|
2023-10-27 22:35:23,235
update 3: filled 2 / 3 (-ETHUSDT,-BTCUSDT) | working 1 / 3 (-XRPUSDT)
2023-10-27 22:35:27,236
-XRPUSDT: bp2.0|
2023-10-27 22:35:28,557
update 4: filled 3 / 3 (-ETHUSDT,-BTCUSDT,-XRPUSDT) | working 0 / 3 ()
2023-10-27 22:35:35,464
Trades of the day
in$
as of: 27Oct 22:33>>22:35 (#trades: 3)
trade net: -142.0 (-49.7%), trade gross: +142.0 (+49.7%), BUY: +0.0 (+0.0%), SELL: -142.0 (-49.7%)
fees: $ 0.028 (2.0bp)
2023-10-27 22:35:36,138
Trades: 
Filled #3
______________________________________________
                   in$ | in bp 141 traded | in bp 285 AUMs
realizedPnl    +1.92   | +135    | +67    
PnLvsArrival   -0.01   | -1      | -0     
PnLvsLast      -0.03   | -2      | -1     
______________________________________________
                 | Value$ | PnL Arrival/Last 
______________________________________________
XRP:-109.6@0.5468 | -60$ | 0.01/0
ETH:-0.027@1779.97 | -48$ | -0.03/-0.01
BTC:-0.001@33862.2 | -34$ | 0.01/-0.02
2023-10-27 22:35:36,673
***************************
Positions after orders
***************************
2023-10-27 22:35:36,673
      symbol  qty_ptf   execP  ... adlQuantile   AUMs     w%
121  XRPUSDT    -21.8  0.5468  ...           2  285.6 -0.042

[1 rows x 12 columns]
2023-10-27 22:35:36,680
***************************
2023-10-27 22:35:37,342
3 STOP orders will be placed
2023-10-27 22:35:37,343
@+/-500.0bp limit
2023-10-27 22:35:37,343
binance_place_orders_peg 20231027_223537
2023-10-27 22:35:37,785
{'orderId': 43856903320, 'symbol': 'XRPUSDT', 'status': 'NEW', 'clientOrderId': 'r0S1Dd9N1X3QW0Q4x4RYpV', 'price': '0.0000', 'avgPrice': '0.00', 'origQty': '21.8', 'executedQty': '0.0', 'cumQty': '0.0', 'cumQuote': '0.00000', 'timeInForce': 'GTC', 'type': 'STOP_MARKET', 'reduceOnly': False, 'closePosition': False, 'side': 'BUY', 'positionSide': 'BOTH', 'stopPrice': '0.5744', 'workingType': 'CONTRACT_PRICE', 'priceProtect': False, 'origType': 'STOP_MARKET', 'priceMatch': 'NONE', 'selfTradePreventionMode': 'NONE', 'goodTillDate': 0, 'updateTime': 1698446137674}
