2024-09-12 18:30:31,905
ON program started 20240912 18:30:31,
US time: 20240912 14:30:31
2024-09-12 18:30:32,362
the strat is currently running @ 12-09-2024 and the target positions is LONG
2024-09-12 18:30:33,675
CURRENT STATUS IS LONG
-----
return before 14h30:
BTCUSDT+0.51%, ETHUSDT+0.01%, XRPUSDT+6.73%
-----
target alloc initial:BTCUSDT+16.67%, ETHUSDT+16.67%, XRPUSDT+16.67%
-----
alloc target x rt%<0:BTCUSDT+16.67%, ETHUSDT+16.67%, XRPUSDT+16.67%
-----
           BTCUSDT ETHUSDT XRPUSDT
w_target     16.7%   16.7%   16.7%
rt_14h30     0.01%   0.00%   0.07%
w_target_f   16.7%   16.7%   16.7%
2024-09-12 18:30:33,676
Portfolio was rebalanced less than 2 hours ago, 15.0 hours ago
2024-09-12 18:30:33,677
Status: prev = LONG <> NEUTRAL = target
2024-09-12 18:30:33,677
the strat is currently running @ 12-09-2024 and the target positions is LONG
the strat was previously run @ 2024-09-12 03:30:51, success:yes 
   and the current positions is NEUTRAL
2024-09-12 18:30:34,804
positions_future #0
2024-09-12 18:30:34,804
Empty DataFrame
Columns: [symbol, positionAmt, entryPrice, breakEvenPrice, markPrice, unRealizedProfit, value_usd, updateTime, isolated, adlQuantile, AUMs_account, w%]
Index: []
2024-09-12 18:30:35,013
------------------------------
binance_account_balance
2024-09-12 18:30:35,013
  asset     balance  ...  marginAvailable   updateTime
4  USDT  296.084375  ...             True  12Sep-02:32

[1 rows x 8 columns]
2024-09-12 18:30:35,230
------------------------------
open_orders
2024-09-12 18:30:35,230
Empty DataFrame
Columns: []
Index: []
2024-09-12 18:30:35,842
------------------------------
AUMS account:296

2024-09-12 18:30:35,844
--------------- compute_futures_order_book() ----------------
2024-09-12 18:30:37,299
----------------------------------------------------------------------
#2 order(s) to place
gross$: 98$ | net$: +98$
gross%: 33% | net%: +33%
 || w>0%  +33% | w<0%  0%
----------------------------------------------------------------------
PTF Expo% 0.0% >> 50.0% (current>>target)
PTF expo $0.0 >> $148 (current>>target)
----------------------------------------------------------------------
2024-09-12 18:30:37,301
orders_ofthe_day
2024-09-12 18:30:37,301
                  ptf_usd  target_usd  totrd_usd  ...        bid        ask strategy
2024-09-12 18:30                                  ...                               
ETHUSDT               0.0       49.36       49.0  ...  2356.2100  2356.2200  STRATON
XRPUSDT               0.0       49.36       49.0  ...     0.5607     0.5608  STRATON

[2 rows x 10 columns]
2024-09-12 18:30:39,229
binance_place_orders_peg 20240912_183039
2024-09-12 18:30:39,641
{'orderId': 8389765730545015917, 'symbol': 'ETHUSDT', 'status': 'NEW', 'clientOrderId': 'STRATON', 'price': '2354.42', 'avgPrice': '0.00', 'origQty': '0.021', 'executedQty': '0.000', 'cumQty': '0.000', 'cumQuote': '0.00000', 'timeInForce': 'GTC', 'type': 'LIMIT', 'reduceOnly': False, 'closePosition': False, 'side': 'BUY', 'positionSide': 'BOTH', 'stopPrice': '0.00', 'workingType': 'CONTRACT_PRICE', 'priceProtect': False, 'origType': 'LIMIT', 'priceMatch': 'NONE', 'selfTradePreventionMode': 'NONE', 'goodTillDate': 0, 'updateTime': 1726165839538}
2024-09-12 18:30:40,057
{'orderId': 65416399296, 'symbol': 'XRPUSDT', 'status': 'NEW', 'clientOrderId': 'STRATON', 'price': '0.5603', 'avgPrice': '0.00', 'origQty': '87.4', 'executedQty': '0.0', 'cumQty': '0.0', 'cumQuote': '0.00000', 'timeInForce': 'GTC', 'type': 'LIMIT', 'reduceOnly': False, 'closePosition': False, 'side': 'BUY', 'positionSide': 'BOTH', 'stopPrice': '0.0000', 'workingType': 'CONTRACT_PRICE', 'priceProtect': False, 'origType': 'LIMIT', 'priceMatch': 'NONE', 'selfTradePreventionMode': 'NONE', 'goodTillDate': 0, 'updateTime': 1726165839947}
2024-09-12 18:30:41,530
update 0: filled 0 / 2 () | working 2 / 2 (+ETHUSDT,+XRPUSDT)
2024-09-12 18:30:45,530
+ETHUSDT: bp8.0|+XRPUSDT: bp7.0|
2024-09-12 18:30:46,352
update 1: filled 0 / 2 () | working 2 / 2 (+ETHUSDT,+XRPUSDT)
2024-09-12 18:30:50,352
+ETHUSDT: bp5.0|+XRPUSDT: bp4.0|
2024-09-12 18:30:51,173
update 2: filled 1 / 2 (+XRPUSDT) | working 1 / 2 (+ETHUSDT)
2024-09-12 18:30:55,174
+ETHUSDT: bp1.0|
2024-09-12 18:30:55,997
update 3: filled 2 / 2 (+ETHUSDT,+XRPUSDT) | working 0 / 2 ()
2024-09-12 18:31:02,295
Trades of the day
in$
as of: 12Sep 18:30>>18:30 (#trades: 2)
trade net: +98.0 (+33.1%), trade gross: +98.0 (+33.1%), BUY: +98.0 (+33.1%), SELL: +0.0 (+0.0%)
fees: $ 0.02 (2.0bp)
2024-09-12 18:31:02,725
Trades: 
Filled #2
______________________________________________
                   in$ | in bp 98 traded | in bp 296 AUMs
realizedPnl    +0      | +0      | +0     
PnLvsArrival   +0.08   | +8      | +3     
PnLvsLast      -0.03   | -3      | -1     
______________________________________________
                 | Value$ | PnL Arrival/Last 
______________________________________________
XRP:+87.4@0.5603 | +49$ | 0.04/-0.02
ETH:+0.021@2354.42 | +49$ | 0.04/-0.01
