2024-10-07 21:30:36,483
ON program started 20241007 21:30:36,
US time: 20241007 17:30:36
2024-10-07 21:30:37,480
the strat is currently running @ 07-10-2024 and the target positions is LONG
2024-10-07 21:30:38,806
CURRENT STATUS IS LONG
-----
return before 14h30:
BTCUSDT+1.01%, ETHUSDT+1.46%, XRPUSDT+1.12%
-----
target alloc initial:BTCUSDT+16.67%, ETHUSDT+16.67%, XRPUSDT+16.67%
-----
alloc target x rt%<0:BTCUSDT+16.67%, ETHUSDT+16.67%, XRPUSDT+16.67%
-----
           BTCUSDT ETHUSDT XRPUSDT
w_target     16.7%   16.7%   16.7%
rt_14h30     0.01%   0.01%   0.01%
w_target_f   16.7%   16.7%   16.7%
2024-10-07 21:30:38,807
Portfolio was rebalanced less than 2 hours ago, 1.0 hours ago
2024-10-07 21:30:38,809
Status: prev = LONG <> LONG = target
2024-10-07 21:30:38,809
the strat is currently running @ 07-10-2024 and the target positions is LONG
the strat was previously run @ 2024-10-07 20:30:39, success:yes 
   and the current positions is LONG
2024-10-07 21:30:39,937
positions_future #2
2024-10-07 21:30:39,937
      symbol  positionAmt entryPrice  ... adlQuantile AUMs_account        w%
147  XRPUSDT       88.700     0.5411  ...           1        285.7  0.166992
184  ETHUSDT        0.019    2458.76  ...           1        285.7  0.163005

[2 rows x 12 columns]
2024-10-07 21:30:40,018
programm stoppeddd!!! 20241007_213040
