2024-04-12 19:30:50,992
ON program started 20240412 19:30:50,
US time: 20240412 15:30:50
2024-04-12 19:30:52,151
the strat is currently running @ 12-04-2024 and the target positions is LONG
2024-04-12 19:30:53,558
CURRENT STATUS IS LONG
-----
return before 14h30:
BTCUSDT-0.17%, ETHUSDT-1.11%, XRPUSDT-2.04%
-----
target alloc initial:BTCUSDT+16.67%, ETHUSDT+16.67%, XRPUSDT+16.67%
-----
alloc target x rt%<0:BTCUSDT+16.67%, ETHUSDT+16.67%, XRPUSDT+16.67%
-----
           BTCUSDT ETHUSDT XRPUSDT
w_target     16.7%   16.7%   16.7%
rt_14h30    -0.00%  -0.01%  -0.02%
w_target_f   16.7%   16.7%   16.7%
2024-04-12 19:30:53,559
Portfolio was rebalanced less than 2 hours ago, 1.0 hours ago
2024-04-12 19:30:53,561
Status: prev = LONG <> LONG = target
2024-04-12 19:30:53,561
the strat is currently running @ 12-04-2024 and the target positions is LONG
the strat was previously run @ 2024-04-12 18:30:46, success:? 
   and the current positions is LONG
2024-04-12 19:30:54,758
positions_future #2
2024-04-12 19:30:54,758
      symbol  positionAmt entryPrice  ... adlQuantile AUMs_account        w%
161  ETHUSDT        0.015    3299.47  ...           1        285.4  0.169816
128  XRPUSDT       84.500     0.5677  ...           1        285.4  0.157316

[2 rows x 12 columns]
2024-04-12 19:30:55,009
------------------------------
binance_account_balance
2024-04-12 19:30:55,009
  asset     balance  ...  marginAvailable   updateTime
6  USDT  289.529081  ...             True  12Apr-18:31

[1 rows x 8 columns]
2024-04-12 19:30:55,680
------------------------------
open_orders
2024-04-12 19:30:55,680
Empty DataFrame
Columns: []
Index: []
2024-04-12 19:30:56,334
------------------------------
AUMS account:285

2024-04-12 19:30:56,336
--------------- compute_futures_order_book() ----------------
2024-04-12 19:30:57,905
----------------------------------------------------------------------
#0 order(s) to place
gross$: 0$ | net$: +0$
gross%: 0% | net%: +0%
 || w>0%  +0% | w<0%  0%
----------------------------------------------------------------------
PTF Expo% 32.5% >> 50.0% (current>>target)
PTF expo $93.0 >> $142 (current>>target)
----------------------------------------------------------------------
2024-04-12 19:30:57,907
orders_ofthe_day
2024-04-12 19:30:57,907
Empty DataFrame
Columns: [ptf_usd, target_usd, totrd_usd, posttrd_usd, qty, posttrd_qty, posttrd_w, bid, ask, strategy]
Index: []
2024-04-12 19:30:57,966
Orders of the day is empty, current and target potfolios are aligned
2024-04-12 19:30:57,967
Program stopped
