2024-10-07 00:30:56,962
ON program started 20241007 00:30:56,
US time: 20241006 20:30:56
2024-10-07 00:30:57,408
the strat is currently running @ 07-10-2024 and the target positions is SHORT
2024-10-07 00:30:58,710
CURRENT STATUS IS SHORT, WE CHECK IF THE DAY IS A NEGATIVE ONE
-----
return before 14h30:
BTCUSDT-0.09%, ETHUSDT+0.40%, XRPUSDT+0.26%
-----
target alloc initial:BTCUSDT-4.17%, ETHUSDT+0.00%, XRPUSDT-4.17%
-----
alloc target x rt%<0:BTCUSDT-4.17%, ETHUSDT+0.00%, XRPUSDT-0.00%
-----
           BTCUSDT ETHUSDT XRPUSDT
w_target     -4.2%    0.0%   -4.2%
rt_14h30    -0.00%   0.00%   0.00%
w_target_f   -4.2%    0.0%   -0.0%
2024-10-07 00:30:58,711
Portfolio was rebalanced less than 2 hours ago, 1.0 hours ago
2024-10-07 00:30:58,713
Status: prev = SHORT <> SHORT = target
2024-10-07 00:30:58,713
the strat is currently running @ 07-10-2024 and the target positions is SHORT
the strat was previously run @ 2024-10-06 23:30:49, success:yes 
   and the current positions is SHORT
2024-10-07 00:30:59,242
positions_future #0
2024-10-07 00:30:59,242
Empty DataFrame
Columns: [symbol, positionAmt, entryPrice, breakEvenPrice, markPrice, unRealizedProfit, value_usd, updateTime, isolated, adlQuantile, AUMs_account, w%]
Index: []
2024-10-07 00:30:59,302
programm stoppeddd!!! 20241007_003059
