2024-02-06 23:30:57,488
ON program started 20240206 23:30:57,
US time: 20240206 18:30:57
2024-02-06 23:30:58,019
the strat is currently running @ 06-02-2024 and the target positions is SHORT
2024-02-06 23:30:59,842
CURRENT STATUS IS SHORT, WE CHECK IF THE DAY IS A NEGATIVE ONE
-----
return before 14h30:
BTCUSDT+0.87%, ETHUSDT+2.14%, XRPUSDT+0.28%
-----
target alloc initial:BTCUSDT-4.17%, ETHUSDT+0.00%, XRPUSDT-4.17%
-----
alloc target x rt%<0:BTCUSDT-0.00%, ETHUSDT+0.00%, XRPUSDT-0.00%
-----
           BTCUSDT ETHUSDT XRPUSDT
w_target     -4.2%    0.0%   -4.2%
rt_14h30     0.01%   0.02%   0.00%
w_target_f   -0.0%    0.0%   -0.0%
2024-02-06 23:30:59,844
Portfolio was rebalanced less than 2 hours ago, 1.0 hours ago
2024-02-06 23:30:59,847
Status: prev = SHORT <> LONG = target
2024-02-06 23:30:59,847
the strat is currently running @ 06-02-2024 and the target positions is SHORT
the strat was previously run @ 2024-02-06 22:30:52 UTC, success:yes 
   and the current positions is LONG
2024-02-06 23:31:01,092
positions_future #2
2024-02-06 23:31:01,092
      symbol  positionAmt entryPrice  ... adlQuantile AUMs_account        w%
119  XRPUSDT        94.20      0.509  ...           1        290.0  0.164195
148  ETHUSDT         0.02    2371.79  ...           2        290.0  0.163814

[2 rows x 12 columns]
2024-02-06 23:31:01,338
------------------------------
binance_account_balance
2024-02-06 23:31:01,338
  asset     balance  ...  marginAvailable   updateTime
5  USDT  290.266018  ...             True  06Feb-19:34

[1 rows x 8 columns]
2024-02-06 23:31:02,017
------------------------------
open_orders
2024-02-06 23:31:02,017
Empty DataFrame
Columns: []
Index: []
2024-02-06 23:31:02,681
------------------------------
AUMS account:290

2024-02-06 23:31:02,683
--------------- compute_futures_order_book() ----------------
2024-02-06 23:31:04,257
----------------------------------------------------------------------
#2 order(s) to place
gross$: 96$ | net$: -96$
gross%: 33% | net%: -33%
 || w>0%  +0% | w<0%  -33%
----------------------------------------------------------------------
PTF Expo% 33.1% >> 0.0% (current>>target)
PTF expo $96.0 >> $0 (current>>target)
----------------------------------------------------------------------
2024-02-06 23:31:04,258
orders_ofthe_day
2024-02-06 23:31:04,259
                  ptf_usd  target_usd  totrd_usd  ...        bid        ask strategy
2024-02-06 23:31                                  ...                               
XRPUSDT              48.0        -0.0      -48.0  ...     0.5054     0.5055  STRATON
ETHUSDT              48.0         0.0      -48.0  ...  2375.3600  2375.3700  STRATON

[2 rows x 10 columns]
2024-02-06 23:31:05,425
binance_place_orders_peg 20240206_233105
2024-02-06 23:31:05,868
{'orderId': 49655076167, 'symbol': 'XRPUSDT', 'status': 'NEW', 'clientOrderId': 'STRATON', 'price': '0.5059', 'avgPrice': '0.00', 'origQty': '94.2', 'executedQty': '0.0', 'cumQty': '0.0', 'cumQuote': '0.00000', 'timeInForce': 'GTC', 'type': 'LIMIT', 'reduceOnly': False, 'closePosition': False, 'side': 'SELL', 'positionSide': 'BOTH', 'stopPrice': '0.0000', 'workingType': 'CONTRACT_PRICE', 'priceProtect': False, 'origType': 'LIMIT', 'priceMatch': 'NONE', 'selfTradePreventionMode': 'NONE', 'goodTillDate': 0, 'updateTime': 1707262265755}
2024-02-06 23:31:06,312
{'orderId': 8389765650049243325, 'symbol': 'ETHUSDT', 'status': 'NEW', 'clientOrderId': 'STRATON', 'price': '2375.99', 'avgPrice': '0.00', 'origQty': '0.020', 'executedQty': '0.000', 'cumQty': '0.000', 'cumQuote': '0.00000', 'timeInForce': 'GTC', 'type': 'LIMIT', 'reduceOnly': False, 'closePosition': False, 'side': 'SELL', 'positionSide': 'BOTH', 'stopPrice': '0.00', 'workingType': 'CONTRACT_PRICE', 'priceProtect': False, 'origType': 'LIMIT', 'priceMatch': 'NONE', 'selfTradePreventionMode': 'NONE', 'goodTillDate': 0, 'updateTime': 1707262266199}
2024-02-06 23:31:07,896
update 0: filled 0 / 2 () | working 2 / 2 (-XRPUSDT,-ETHUSDT)
2024-02-06 23:31:11,897
-XRPUSDT: bp8.0|-ETHUSDT: bp5.0|
2024-02-06 23:31:12,778
update 1: filled 0 / 2 () | working 2 / 2 (-XRPUSDT,-ETHUSDT)
2024-02-06 23:31:16,779
-XRPUSDT: bp6.0|-ETHUSDT: bp5.0|
2024-02-06 23:31:17,660
update 2: filled 0 / 2 () | working 2 / 2 (-XRPUSDT,-ETHUSDT)
2024-02-06 23:31:21,660
-XRPUSDT: bp8.0|-ETHUSDT: bp5.0|
2024-02-06 23:31:22,545
update 3: filled 0 / 2 () | working 2 / 2 (-XRPUSDT,-ETHUSDT)
2024-02-06 23:31:26,546
-XRPUSDT: bp8.0|-ETHUSDT: bp6.0|
2024-02-06 23:31:27,430
update 4: filled 0 / 2 () | working 2 / 2 (-XRPUSDT,-ETHUSDT)
2024-02-06 23:31:31,430
-XRPUSDT: bp6.0|-ETHUSDT: bp7.0|
2024-02-06 23:31:32,311
update 5: filled 0 / 2 () | working 2 / 2 (-XRPUSDT,-ETHUSDT)
2024-02-06 23:31:36,311
-XRPUSDT: bp4.0|-ETHUSDT: bp7.0|
2024-02-06 23:31:37,196
update 6: filled 0 / 2 () | working 2 / 2 (-XRPUSDT,-ETHUSDT)
2024-02-06 23:31:41,197
-XRPUSDT: bp6.0|-ETHUSDT: bp6.0|
2024-02-06 23:31:42,079
update 7: filled 0 / 2 () | working 2 / 2 (-XRPUSDT,-ETHUSDT)
2024-02-06 23:31:46,080
-XRPUSDT: bp4.0|-ETHUSDT: bp8.0|
2024-02-06 23:31:46,960
update 8: filled 0 / 2 () | working 2 / 2 (-XRPUSDT,-ETHUSDT)
2024-02-06 23:31:50,961
-XRPUSDT: bp4.0|-ETHUSDT: bp8.0|
2024-02-06 23:31:51,845
update 9: filled 0 / 2 () | working 2 / 2 (-XRPUSDT,-ETHUSDT)
2024-02-06 23:31:55,846
-XRPUSDT: bp6.0|-ETHUSDT: bp9.0|
2024-02-06 23:31:56,727
update 10: filled 0 / 2 () | working 2 / 2 (-XRPUSDT,-ETHUSDT)
2024-02-06 23:32:00,728
-XRPUSDT: bp4.0|-ETHUSDT: bp9.0|
2024-02-06 23:32:01,614
update 11: filled 0 / 2 () | working 2 / 2 (-XRPUSDT,-ETHUSDT)
2024-02-06 23:32:05,615
-XRPUSDT: bp4.0|-ETHUSDT: bp9.0|
2024-02-06 23:32:06,496
update 12: filled 0 / 2 () | working 2 / 2 (-XRPUSDT,-ETHUSDT)
2024-02-06 23:32:10,497
-XRPUSDT: bp4.0|-ETHUSDT: bp9.0|
2024-02-06 23:32:11,383
update 13: filled 0 / 2 () | working 2 / 2 (-XRPUSDT,-ETHUSDT)
2024-02-06 23:32:15,384
-XRPUSDT: bp4.0|-ETHUSDT: bp9.0|
2024-02-06 23:32:16,267
update 14: filled 0 / 2 () | working 2 / 2 (-XRPUSDT,-ETHUSDT)
2024-02-06 23:32:20,267
-XRPUSDT: bp8.0|-ETHUSDT: bp12.0|
2024-02-06 23:32:20,268
Adjustment limit #1 ... 
 we cancel current orders and replace
2024-02-06 23:32:20,268
@+/-2.5bp limit 
2024-02-06 23:32:20,268
binance_cancel_and_replace_orders_peg 20240206_233220
2024-02-06 23:32:22,485
binance_place_orders_peg 20240206_233222
2024-02-06 23:32:22,931
{'orderId': 49655112219, 'symbol': 'XRPUSDT', 'status': 'NEW', 'clientOrderId': 'STRATON', 'price': '0.5057', 'avgPrice': '0.00', 'origQty': '94.2', 'executedQty': '0.0', 'cumQty': '0.0', 'cumQuote': '0.00000', 'timeInForce': 'GTC', 'type': 'LIMIT', 'reduceOnly': False, 'closePosition': False, 'side': 'SELL', 'positionSide': 'BOTH', 'stopPrice': '0.0000', 'workingType': 'CONTRACT_PRICE', 'priceProtect': False, 'origType': 'LIMIT', 'priceMatch': 'NONE', 'selfTradePreventionMode': 'NONE', 'goodTillDate': 0, 'updateTime': 1707262342818}
2024-02-06 23:32:23,376
{'orderId': 8389765650049358300, 'symbol': 'ETHUSDT', 'status': 'NEW', 'clientOrderId': 'STRATON', 'price': '2373.81', 'avgPrice': '0.00', 'origQty': '0.020', 'executedQty': '0.000', 'cumQty': '0.000', 'cumQuote': '0.00000', 'timeInForce': 'GTC', 'type': 'LIMIT', 'reduceOnly': False, 'closePosition': False, 'side': 'SELL', 'positionSide': 'BOTH', 'stopPrice': '0.00', 'workingType': 'CONTRACT_PRICE', 'priceProtect': False, 'origType': 'LIMIT', 'priceMatch': 'NONE', 'selfTradePreventionMode': 'NONE', 'goodTillDate': 0, 'updateTime': 1707262343263}
2024-02-06 23:32:24,270
update 0: filled 0 / 2 () | working 2 / 2 (-XRPUSDT,-ETHUSDT)
2024-02-06 23:32:28,271
-XRPUSDT: bp2.0|-ETHUSDT: bp3.0|
2024-02-06 23:32:29,151
update 1: filled 0 / 2 () | working 2 / 2 (-XRPUSDT,-ETHUSDT)
2024-02-06 23:32:33,151
-XRPUSDT: bp2.0|-ETHUSDT: bp2.0|
2024-02-06 23:32:34,032
update 2: filled 1 / 2 (-ETHUSDT) | working 1 / 2 (-XRPUSDT)
2024-02-06 23:32:38,033
-XRPUSDT: bp2.0|
2024-02-06 23:32:38,918
update 3: filled 1 / 2 (-ETHUSDT) | working 1 / 2 (-XRPUSDT)
2024-02-06 23:32:42,919
-XRPUSDT: bp0.0|
2024-02-06 23:32:43,800
update 4: filled 1 / 2 (-ETHUSDT) | working 1 / 2 (-XRPUSDT)
2024-02-06 23:32:47,801
-XRPUSDT: bp6.0|
2024-02-06 23:32:48,682
update 5: filled 1 / 2 (-ETHUSDT) | working 1 / 2 (-XRPUSDT)
2024-02-06 23:32:52,682
-XRPUSDT: bp2.0|
2024-02-06 23:32:53,571
update 6: filled 1 / 2 (-ETHUSDT) | working 1 / 2 (-XRPUSDT)
2024-02-06 23:32:57,571
-XRPUSDT: bp0.0|
2024-02-06 23:32:58,453
update 7: filled 2 / 2 (-XRPUSDT,-ETHUSDT) | working 0 / 2 ()
2024-02-06 23:33:04,920
Trades of the day
in$
as of: 06Feb 23:32>>23:32 (#trades: 2)
trade net: -95.0 (-32.8%), trade gross: +95.0 (+32.8%), BUY: +0.0 (+0.0%), SELL: -95.0 (-32.8%)
fees: $ 0.019 (2.0bp)
2024-02-06 23:33:05,374
Trades: 
Filled #2
______________________________________________
                   in$ | in bp 95 traded | in bp 290 AUMs
realizedPnl    -0.27   | -28     | -9     
PnLvsArrival   -0.01   | -1      | -0     
PnLvsLast      -0.04   | -4      | -1     
______________________________________________
                 | Value$ | PnL Arrival/Last 
______________________________________________
XRP:-94.2@0.5057 | -48$ | 0.02/0
ETH:-0.02@2373.81 | -47$ | -0.03/-0.04
