2024-07-08 19:30:50,250
ON program started 20240708 19:30:50,
US time: 20240708 15:30:50
2024-07-08 19:30:50,733
the strat is currently running @ 08-07-2024 and the target positions is LONG
2024-07-08 19:30:52,056
CURRENT STATUS IS LONG
-----
return before 14h30:
BTCUSDT+2.47%, ETHUSDT+3.65%, XRPUSDT+4.46%
-----
target alloc initial:BTCUSDT+16.67%, ETHUSDT+16.67%, XRPUSDT+16.67%
-----
alloc target x rt%<0:BTCUSDT+16.67%, ETHUSDT+16.67%, XRPUSDT+16.67%
-----
           BTCUSDT ETHUSDT XRPUSDT
w_target     16.7%   16.7%   16.7%
rt_14h30     0.02%   0.04%   0.04%
w_target_f   16.7%   16.7%   16.7%
2024-07-08 19:30:52,057
Portfolio was rebalanced less than 2 hours ago, 1.0 hours ago
2024-07-08 19:30:52,058
Status: prev = LONG <> LONG = target
2024-07-08 19:30:52,058
the strat is currently running @ 08-07-2024 and the target positions is LONG
the strat was previously run @ 2024-07-08 18:30:38, success:? 
   and the current positions is LONG
2024-07-08 19:30:53,198
positions_future #2
2024-07-08 19:30:53,198
      symbol  positionAmt entryPrice  ... adlQuantile AUMs_account        w%
131  XRPUSDT      114.600     0.4288  ...           3        292.4  0.168830
166  ETHUSDT        0.016    2977.14  ...           2        292.4  0.164123

[2 rows x 12 columns]
2024-07-08 19:30:53,426
------------------------------
binance_account_balance
2024-07-08 19:30:53,426
  asset    balance  ...  marginAvailable   updateTime
4  USDT  291.83483  ...             True  08Jul-18:35

[1 rows x 8 columns]
2024-07-08 19:30:54,052
------------------------------
open_orders
2024-07-08 19:30:54,052
Empty DataFrame
Columns: []
Index: []
2024-07-08 19:30:54,667
------------------------------
AUMS account:292

2024-07-08 19:30:54,668
--------------- compute_futures_order_book() ----------------
2024-07-08 19:30:56,127
----------------------------------------------------------------------
#0 order(s) to place
gross$: 0$ | net$: +0$
gross%: 0% | net%: +0%
 || w>0%  +0% | w<0%  0%
----------------------------------------------------------------------
PTF Expo% 33.1% >> 50.0% (current>>target)
PTF expo $97.0 >> $146 (current>>target)
----------------------------------------------------------------------
2024-07-08 19:30:56,128
orders_ofthe_day
2024-07-08 19:30:56,128
Empty DataFrame
Columns: [ptf_usd, target_usd, totrd_usd, posttrd_usd, qty, posttrd_qty, posttrd_w, bid, ask, strategy]
Index: []
2024-07-08 19:30:56,190
Orders of the day is empty, current and target potfolios are aligned
2024-07-08 19:30:56,190
Program stopped
