2024-05-04 23:31:07,010
ON program started 20240504 23:31:06,
US time: 20240504 19:31:07
2024-05-04 23:31:08,317
the strat is currently running @ 04-05-2024 and the target positions is SHORT
2024-05-04 23:31:10,168
CURRENT STATUS IS SHORT, WE CHECK IF THE DAY IS A NEGATIVE ONE
-----
return before 14h30:
BTCUSDT+1.35%, ETHUSDT+0.87%, XRPUSDT+1.00%
-----
target alloc initial:BTCUSDT-4.17%, ETHUSDT+0.00%, XRPUSDT-4.17%
-----
alloc target x rt%<0:BTCUSDT-0.00%, ETHUSDT+0.00%, XRPUSDT-0.00%
-----
           BTCUSDT ETHUSDT XRPUSDT
w_target     -4.2%    0.0%   -4.2%
rt_14h30     0.01%   0.01%   0.01%
w_target_f   -0.0%    0.0%   -0.0%
2024-05-04 23:31:10,169
Portfolio was rebalanced less than 2 hours ago, 1.0 hours ago
2024-05-04 23:31:10,171
Status: prev = SHORT <> SHORT = target
2024-05-04 23:31:10,171
the strat is currently running @ 04-05-2024 and the target positions is SHORT
the strat was previously run @ 2024-05-04 22:30:57, success:? 
   and the current positions is SHORT
2024-05-04 23:31:11,389
positions_future #0
2024-05-04 23:31:11,389
Empty DataFrame
Columns: [symbol, positionAmt, entryPrice, breakEvenPrice, markPrice, unRealizedProfit, value_usd, updateTime, isolated, adlQuantile, AUMs_account, w%]
Index: []
2024-05-04 23:31:11,615
------------------------------
binance_account_balance
2024-05-04 23:31:11,615
  asset     balance  ...  marginAvailable   updateTime
6  USDT  283.585973  ...             True  04May-22:37

[1 rows x 8 columns]
2024-05-04 23:31:11,852
------------------------------
open_orders
2024-05-04 23:31:11,852
Empty DataFrame
Columns: []
Index: []
2024-05-04 23:31:12,510
------------------------------
AUMS account:283

2024-05-04 23:31:12,512
--------------- compute_futures_order_book() ----------------
2024-05-04 23:31:14,071
----------------------------------------------------------------------
#0 order(s) to place
gross$: 0$ | net$: +0$
gross%: 0% | net%: +0%
 || w>0%  +0% | w<0%  0%
----------------------------------------------------------------------
PTF Expo% 0.0% >> 0.0% (current>>target)
PTF expo $0.0 >> $0 (current>>target)
----------------------------------------------------------------------
2024-05-04 23:31:14,072
orders_ofthe_day
2024-05-04 23:31:14,072
Empty DataFrame
Columns: [ptf_usd, target_usd, totrd_usd, posttrd_usd, qty, posttrd_qty, posttrd_w, bid, ask, strategy]
Index: []
2024-05-04 23:31:14,134
Orders of the day is empty, current and target potfolios are aligned
2024-05-04 23:31:14,134
Program stopped
