2024-07-20 23:31:04,411
ON program started 20240720 23:31:04,
US time: 20240720 19:31:04
2024-07-20 23:31:04,943
the strat is currently running @ 20-07-2024 and the target positions is SHORT
2024-07-20 23:31:06,270
CURRENT STATUS IS SHORT, WE CHECK IF THE DAY IS A NEGATIVE ONE
-----
return before 14h30:
BTCUSDT-0.18%, ETHUSDT-0.37%, XRPUSDT+3.02%
-----
target alloc initial:BTCUSDT-4.17%, ETHUSDT+0.00%, XRPUSDT-4.17%
-----
alloc target x rt%<0:BTCUSDT-4.17%, ETHUSDT+0.00%, XRPUSDT-0.00%
-----
           BTCUSDT ETHUSDT XRPUSDT
w_target     -4.2%    0.0%   -4.2%
rt_14h30    -0.00%  -0.00%   0.03%
w_target_f   -4.2%    0.0%   -0.0%
2024-07-20 23:31:06,271
Portfolio was rebalanced less than 2 hours ago, 1.0 hours ago
2024-07-20 23:31:06,273
Status: prev = SHORT <> SHORT = target
2024-07-20 23:31:06,273
the strat is currently running @ 20-07-2024 and the target positions is SHORT
the strat was previously run @ 2024-07-20 22:30:44, success:? 
   and the current positions is SHORT
2024-07-20 23:31:07,399
positions_future #0
2024-07-20 23:31:07,399
Empty DataFrame
Columns: [symbol, positionAmt, entryPrice, breakEvenPrice, markPrice, unRealizedProfit, value_usd, updateTime, isolated, adlQuantile, AUMs_account, w%]
Index: []
2024-07-20 23:31:07,606
------------------------------
binance_account_balance
2024-07-20 23:31:07,606
  asset     balance  ...  marginAvailable   updateTime
4  USDT  293.101409  ...             True  20Jul-22:35

[1 rows x 8 columns]
2024-07-20 23:31:07,823
------------------------------
open_orders
2024-07-20 23:31:07,824
Empty DataFrame
Columns: []
Index: []
2024-07-20 23:31:08,435
------------------------------
AUMS account:293

2024-07-20 23:31:08,437
--------------- compute_futures_order_book() ----------------
2024-07-20 23:31:09,894
----------------------------------------------------------------------
#0 order(s) to place
gross$: 0$ | net$: +0$
gross%: 0% | net%: +0%
 || w>0%  +0% | w<0%  0%
----------------------------------------------------------------------
PTF Expo% 0.0% >> -4.1% (current>>target)
PTF expo $0.0 >> $-12 (current>>target)
----------------------------------------------------------------------
2024-07-20 23:31:09,895
orders_ofthe_day
2024-07-20 23:31:09,895
Empty DataFrame
Columns: [ptf_usd, target_usd, totrd_usd, posttrd_usd, qty, posttrd_qty, posttrd_w, bid, ask, strategy]
Index: []
2024-07-20 23:31:09,963
Orders of the day is empty, current and target potfolios are aligned
2024-07-20 23:31:09,963
Program stopped
