2023-11-15 00:30:58,803
ON program started 20231115 00:30:58,
US time: 20231114 19:30:58
2023-11-15 00:30:59,205
the strat is currently running @ 15-11-2023 and the target positions is SHORT
2023-11-15 00:31:00,601
CURRENT STATUS IS SHORT, WE CHECK IF THE DAY IS A NEGATIVE ONE
-----
return before 14h30:
BTCUSDT+0.00%, ETHUSDT+0.00%, XRPUSDT+0.00%
-----
target alloc initial:BTCUSDT-4.17%, ETHUSDT+0.00%, XRPUSDT-4.17%
-----
alloc target x rt%<0:BTCUSDT-0.00%, ETHUSDT+0.00%, XRPUSDT-0.00%
-----
           BTCUSDT ETHUSDT XRPUSDT
w_target     -4.2%    0.0%   -4.2%
rt_14h30     0.00%   0.00%   0.00%
w_target_f   -0.0%    0.0%   -0.0%
2023-11-15 00:31:00,602
Portfolio was rebalanced less than 2 hours ago, 1.0 hours ago
2023-11-15 00:31:00,605
Status: prev = SHORT <> SHORT = target
2023-11-15 00:31:00,605
the strat is currently running @ 15-11-2023 and the target positions is SHORT
the strat was previously run @ 2023-11-14 23:33:12 UTC, success:yes 
   and the current positions is SHORT
2023-11-15 00:31:01,761
positions_future #1
2023-11-15 00:31:01,762
      symbol  positionAmt entryPrice  ... adlQuantile AUMs_account        w%
122  XRPUSDT        -19.2     0.6318  ...           2        289.0 -0.041782

[1 rows x 12 columns]
2023-11-15 00:31:01,787
programm stoppeddd!!! 20231115_003101
