2024-04-26 20:31:02,884
ON program started 20240426 20:31:02,
US time: 20240426 16:31:02
2024-04-26 20:31:03,464
the strat is currently running @ 26-04-2024 and the target positions is LONG
2024-04-26 20:31:04,964
CURRENT STATUS IS LONG
-----
return before 14h30:
BTCUSDT+0.00%, ETHUSDT-0.29%, XRPUSDT-0.27%
-----
target alloc initial:BTCUSDT+16.67%, ETHUSDT+16.67%, XRPUSDT+16.67%
-----
alloc target x rt%<0:BTCUSDT+16.67%, ETHUSDT+16.67%, XRPUSDT+16.67%
-----
           BTCUSDT ETHUSDT XRPUSDT
w_target     16.7%   16.7%   16.7%
rt_14h30     0.00%  -0.00%  -0.00%
w_target_f   16.7%   16.7%   16.7%
2024-04-26 20:31:04,965
Portfolio was rebalanced less than 2 hours ago, 1.0 hours ago
2024-04-26 20:31:04,967
Status: prev = LONG <> LONG = target
2024-04-26 20:31:04,967
the strat is currently running @ 26-04-2024 and the target positions is LONG
the strat was previously run @ 2024-04-26 19:30:51, success:yes 
   and the current positions is LONG
2024-04-26 20:31:06,165
positions_future #2
2024-04-26 20:31:06,166
      symbol  positionAmt entryPrice  ... adlQuantile AUMs_account        w%
131  XRPUSDT       89.800     0.5233  ...           2        281.9  0.168202
164  ETHUSDT        0.015    3150.81  ...           1        281.9  0.167203

[2 rows x 12 columns]
2024-04-26 20:31:06,249
programm stoppeddd!!! 20240426_203106
