2024-05-27 22:31:04,256
ON program started 20240527 22:31:04,
US time: 20240527 18:31:04
2024-05-27 22:31:04,719
the strat is currently running @ 27-05-2024 and the target positions is SHORT
2024-05-27 22:31:06,100
CURRENT STATUS IS SHORT, WE CHECK IF THE DAY IS A NEGATIVE ONE
-----
return before 14h30:
BTCUSDT+0.60%, ETHUSDT+2.73%, XRPUSDT+0.80%
-----
target alloc initial:BTCUSDT-4.17%, ETHUSDT+0.00%, XRPUSDT-4.17%
-----
alloc target x rt%<0:BTCUSDT-0.00%, ETHUSDT+0.00%, XRPUSDT-0.00%
-----
           BTCUSDT ETHUSDT XRPUSDT
w_target     -4.2%    0.0%   -4.2%
rt_14h30     0.01%   0.03%   0.01%
w_target_f   -0.0%    0.0%   -0.0%
2024-05-27 22:31:06,101
Portfolio was rebalanced less than 2 hours ago, 1.0 hours ago
2024-05-27 22:31:06,103
Status: prev = SHORT <> LONG = target
2024-05-27 22:31:06,103
the strat is currently running @ 27-05-2024 and the target positions is SHORT
the strat was previously run @ 2024-05-27 21:30:44, success:yes 
   and the current positions is LONG
2024-05-27 22:31:07,291
positions_future #2
2024-05-27 22:31:07,291
      symbol  positionAmt entryPrice  ... adlQuantile AUMs_account        w%
134  XRPUSDT       89.300     0.5383  ...           1        289.0  0.165789
167  ETHUSDT        0.012    3935.02  ...           1        289.0  0.162089

[2 rows x 12 columns]
2024-05-27 22:31:07,529
------------------------------
binance_account_balance
2024-05-27 22:31:07,529
  asset     balance  ...  marginAvailable   updateTime
6  USDT  289.507369  ...             True  27May-18:38

[1 rows x 8 columns]
2024-05-27 22:31:08,198
------------------------------
open_orders
2024-05-27 22:31:08,198
Empty DataFrame
Columns: []
Index: []
2024-05-27 22:31:08,848
------------------------------
AUMS account:288

2024-05-27 22:31:08,850
--------------- compute_futures_order_book() ----------------
2024-05-27 22:31:10,397
----------------------------------------------------------------------
#2 order(s) to place
gross$: 95$ | net$: -95$
gross%: 33% | net%: -33%
 || w>0%  +0% | w<0%  -33%
----------------------------------------------------------------------
PTF Expo% 32.8% >> 0.0% (current>>target)
PTF expo $95.0 >> $0 (current>>target)
----------------------------------------------------------------------
2024-05-27 22:31:10,398
orders_ofthe_day
2024-05-27 22:31:10,398
                  ptf_usd  target_usd  totrd_usd  ...        bid        ask strategy
2024-05-27 22:31                                  ...                               
XRPUSDT              48.0        -0.0      -48.0  ...     0.5365     0.5366  STRATON
ETHUSDT              47.0         0.0      -47.0  ...  3903.8400  3903.8500  STRATON

[2 rows x 10 columns]
2024-05-27 22:31:11,890
binance_place_orders_peg 20240527_223111
2024-05-27 22:31:12,328
{'orderId': 57397345331, 'symbol': 'XRPUSDT', 'status': 'NEW', 'clientOrderId': 'STRATON', 'price': '0.5369', 'avgPrice': '0.00', 'origQty': '89.3', 'executedQty': '0.0', 'cumQty': '0.0', 'cumQuote': '0.00000', 'timeInForce': 'GTC', 'type': 'LIMIT', 'reduceOnly': False, 'closePosition': False, 'side': 'SELL', 'positionSide': 'BOTH', 'stopPrice': '0.0000', 'workingType': 'CONTRACT_PRICE', 'priceProtect': False, 'origType': 'LIMIT', 'priceMatch': 'NONE', 'selfTradePreventionMode': 'NONE', 'goodTillDate': 0, 'updateTime': 1716849072216}
2024-05-27 22:31:12,763
{'orderId': 8389765685486469819, 'symbol': 'ETHUSDT', 'status': 'NEW', 'clientOrderId': 'STRATON', 'price': '3906.14', 'avgPrice': '0.00', 'origQty': '0.012', 'executedQty': '0.000', 'cumQty': '0.000', 'cumQuote': '0.00000', 'timeInForce': 'GTC', 'type': 'LIMIT', 'reduceOnly': False, 'closePosition': False, 'side': 'SELL', 'positionSide': 'BOTH', 'stopPrice': '0.00', 'workingType': 'CONTRACT_PRICE', 'priceProtect': False, 'origType': 'LIMIT', 'priceMatch': 'NONE', 'selfTradePreventionMode': 'NONE', 'goodTillDate': 0, 'updateTime': 1716849072652}
2024-05-27 22:31:14,313
update 0: filled 0 / 2 () | working 2 / 2 (-XRPUSDT,-ETHUSDT)
2024-05-27 22:31:18,314
-XRPUSDT: bp6.0|-ETHUSDT: bp5.0|
2024-05-27 22:31:19,184
update 1: filled 0 / 2 () | working 2 / 2 (-XRPUSDT,-ETHUSDT)
2024-05-27 22:31:23,185
-XRPUSDT: bp6.0|-ETHUSDT: bp6.0|
2024-05-27 22:31:24,052
update 2: filled 0 / 2 () | working 2 / 2 (-XRPUSDT,-ETHUSDT)
2024-05-27 22:31:28,053
-XRPUSDT: bp9.0|-ETHUSDT: bp6.0|
2024-05-27 22:31:28,920
update 3: filled 0 / 2 () | working 2 / 2 (-XRPUSDT,-ETHUSDT)
2024-05-27 22:31:32,921
-XRPUSDT: bp7.0|-ETHUSDT: bp5.0|
2024-05-27 22:31:33,791
update 4: filled 0 / 2 () | working 2 / 2 (-XRPUSDT,-ETHUSDT)
2024-05-27 22:31:37,792
-XRPUSDT: bp7.0|-ETHUSDT: bp5.0|
2024-05-27 22:31:38,661
update 5: filled 0 / 2 () | working 2 / 2 (-XRPUSDT,-ETHUSDT)
2024-05-27 22:31:42,662
-XRPUSDT: bp7.0|-ETHUSDT: bp5.0|
2024-05-27 22:31:43,529
update 6: filled 0 / 2 () | working 2 / 2 (-XRPUSDT,-ETHUSDT)
2024-05-27 22:31:47,530
-XRPUSDT: bp7.0|-ETHUSDT: bp5.0|
2024-05-27 22:31:48,397
update 7: filled 0 / 2 () | working 2 / 2 (-XRPUSDT,-ETHUSDT)
2024-05-27 22:31:52,398
-XRPUSDT: bp6.0|-ETHUSDT: bp6.0|
2024-05-27 22:31:53,270
update 8: filled 0 / 2 () | working 2 / 2 (-XRPUSDT,-ETHUSDT)
2024-05-27 22:31:57,271
-XRPUSDT: bp6.0|-ETHUSDT: bp8.0|
2024-05-27 22:31:58,138
update 9: filled 0 / 2 () | working 2 / 2 (-XRPUSDT,-ETHUSDT)
2024-05-27 22:32:02,139
-XRPUSDT: bp6.0|-ETHUSDT: bp8.0|
2024-05-27 22:32:03,006
update 10: filled 0 / 2 () | working 2 / 2 (-XRPUSDT,-ETHUSDT)
2024-05-27 22:32:07,007
-XRPUSDT: bp4.0|-ETHUSDT: bp8.0|
2024-05-27 22:32:07,877
update 11: filled 0 / 2 () | working 2 / 2 (-XRPUSDT,-ETHUSDT)
2024-05-27 22:32:11,877
-XRPUSDT: bp6.0|-ETHUSDT: bp10.0|
2024-05-27 22:32:12,745
update 12: filled 0 / 2 () | working 2 / 2 (-XRPUSDT,-ETHUSDT)
2024-05-27 22:32:16,746
-XRPUSDT: bp6.0|-ETHUSDT: bp12.0|
2024-05-27 22:32:17,615
update 13: filled 0 / 2 () | working 2 / 2 (-XRPUSDT,-ETHUSDT)
2024-05-27 22:32:21,615
-XRPUSDT: bp4.0|-ETHUSDT: bp10.0|
2024-05-27 22:32:22,484
update 14: filled 0 / 2 () | working 2 / 2 (-XRPUSDT,-ETHUSDT)
2024-05-27 22:32:26,484
-XRPUSDT: bp4.0|-ETHUSDT: bp11.0|
2024-05-27 22:32:26,485
Adjustment limit #1 ... 
 we cancel current orders and replace
2024-05-27 22:32:26,485
@+/-2.5bp limit 
2024-05-27 22:32:26,485
binance_cancel_and_replace_orders_peg 20240527_223226
2024-05-27 22:32:28,670
binance_place_orders_peg 20240527_223228
2024-05-27 22:32:29,106
{'orderId': 57397401783, 'symbol': 'XRPUSDT', 'status': 'NEW', 'clientOrderId': 'STRATON', 'price': '0.5368', 'avgPrice': '0.00', 'origQty': '89.3', 'executedQty': '0.0', 'cumQty': '0.0', 'cumQuote': '0.00000', 'timeInForce': 'GTC', 'type': 'LIMIT', 'reduceOnly': False, 'closePosition': False, 'side': 'SELL', 'positionSide': 'BOTH', 'stopPrice': '0.0000', 'workingType': 'CONTRACT_PRICE', 'priceProtect': False, 'origType': 'LIMIT', 'priceMatch': 'NONE', 'selfTradePreventionMode': 'NONE', 'goodTillDate': 0, 'updateTime': 1716849148995}
2024-05-27 22:32:29,543
{'orderId': 8389765685486658632, 'symbol': 'ETHUSDT', 'status': 'NEW', 'clientOrderId': 'STRATON', 'price': '3903.07', 'avgPrice': '0.00', 'origQty': '0.012', 'executedQty': '0.000', 'cumQty': '0.000', 'cumQuote': '0.00000', 'timeInForce': 'GTC', 'type': 'LIMIT', 'reduceOnly': False, 'closePosition': False, 'side': 'SELL', 'positionSide': 'BOTH', 'stopPrice': '0.00', 'workingType': 'CONTRACT_PRICE', 'priceProtect': False, 'origType': 'LIMIT', 'priceMatch': 'NONE', 'selfTradePreventionMode': 'NONE', 'goodTillDate': 0, 'updateTime': 1716849149432}
2024-05-27 22:32:30,417
update 0: filled 0 / 2 () | working 2 / 2 (-XRPUSDT,-ETHUSDT)
2024-05-27 22:32:34,418
-XRPUSDT: bp0.0|-ETHUSDT: bp2.0|
2024-05-27 22:32:35,287
update 1: filled 0 / 2 () | working 2 / 2 (-XRPUSDT,-ETHUSDT)
2024-05-27 22:32:39,288
-XRPUSDT: bp4.0|-ETHUSDT: bp3.0|
2024-05-27 22:32:40,155
update 2: filled 0 / 2 () | working 2 / 2 (-XRPUSDT,-ETHUSDT)
2024-05-27 22:32:44,156
-XRPUSDT: bp2.0|-ETHUSDT: bp2.0|
2024-05-27 22:32:45,026
update 3: filled 0 / 2 () | working 2 / 2 (-XRPUSDT,-ETHUSDT)
2024-05-27 22:32:49,027
-XRPUSDT: bp2.0|-ETHUSDT: bp2.0|
2024-05-27 22:32:49,895
update 4: filled 0 / 2 () | working 2 / 2 (-XRPUSDT,-ETHUSDT)
2024-05-27 22:32:53,896
-XRPUSDT: bp2.0|-ETHUSDT: bp1.0|
2024-05-27 22:32:54,763
update 5: filled 0 / 2 () | working 2 / 2 (-XRPUSDT,-ETHUSDT)
2024-05-27 22:32:58,764
-XRPUSDT: bp2.0|-ETHUSDT: bp1.0|
2024-05-27 22:32:59,643
update 6: filled 0 / 2 () | working 2 / 2 (-XRPUSDT,-ETHUSDT)
2024-05-27 22:33:03,643
-XRPUSDT: bp2.0|-ETHUSDT: bp0.0|
2024-05-27 22:33:04,511
update 7: filled 1 / 2 (-XRPUSDT) | working 1 / 2 (-ETHUSDT)
2024-05-27 22:33:08,512
-ETHUSDT: bp0.0|
2024-05-27 22:33:09,378
update 8: filled 1 / 2 (-XRPUSDT) | working 1 / 2 (-ETHUSDT)
2024-05-27 22:33:13,379
-ETHUSDT: bp0.0|
2024-05-27 22:33:14,247
update 9: filled 1 / 2 (-XRPUSDT) | working 1 / 2 (-ETHUSDT)
2024-05-27 22:33:18,248
-ETHUSDT: bp0.0|
2024-05-27 22:33:19,115
update 10: filled 1 / 2 (-XRPUSDT) | working 1 / 2 (-ETHUSDT)
2024-05-27 22:33:23,116
-ETHUSDT: bp1.0|
2024-05-27 22:33:23,983
update 11: filled 1 / 2 (-XRPUSDT) | working 1 / 2 (-ETHUSDT)
2024-05-27 22:33:27,984
-ETHUSDT: bp1.0|
2024-05-27 22:33:28,851
update 12: filled 1 / 2 (-XRPUSDT) | working 1 / 2 (-ETHUSDT)
2024-05-27 22:33:32,852
-ETHUSDT: bp0.0|
2024-05-27 22:33:33,720
update 13: filled 1 / 2 (-XRPUSDT) | working 1 / 2 (-ETHUSDT)
2024-05-27 22:33:37,721
-ETHUSDT: bp0.0|
2024-05-27 22:33:38,588
update 14: filled 1 / 2 (-XRPUSDT) | working 1 / 2 (-ETHUSDT)
2024-05-27 22:33:42,588
-ETHUSDT: bp3.0|
2024-05-27 22:33:42,589
Adjustment limit #2 ... 
 we cancel current orders and replace
2024-05-27 22:33:42,589
@+/-1.25bp limit 
2024-05-27 22:33:42,589
binance_cancel_and_replace_orders_peg 20240527_223342
2024-05-27 22:33:44,117
binance_place_orders_peg 20240527_223344
2024-05-27 22:33:44,553
{'orderId': 8389765685486789789, 'symbol': 'ETHUSDT', 'status': 'NEW', 'clientOrderId': 'STRATON', 'price': '3902.13', 'avgPrice': '0.00', 'origQty': '0.012', 'executedQty': '0.000', 'cumQty': '0.000', 'cumQuote': '0.00000', 'timeInForce': 'GTC', 'type': 'LIMIT', 'reduceOnly': False, 'closePosition': False, 'side': 'SELL', 'positionSide': 'BOTH', 'stopPrice': '0.00', 'workingType': 'CONTRACT_PRICE', 'priceProtect': False, 'origType': 'LIMIT', 'priceMatch': 'NONE', 'selfTradePreventionMode': 'NONE', 'goodTillDate': 0, 'updateTime': 1716849224442}
2024-05-27 22:33:45,430
update 0: filled 1 / 2 (-XRPUSDT) | working 1 / 2 (-ETHUSDT)
2024-05-27 22:33:49,430
-ETHUSDT: bp1.0|
2024-05-27 22:33:50,299
update 1: filled 1 / 2 (-XRPUSDT) | working 1 / 2 (-ETHUSDT)
2024-05-27 22:33:54,299
-ETHUSDT: bp2.0|
2024-05-27 22:33:55,169
update 2: filled 1 / 2 (-XRPUSDT) | working 1 / 2 (-ETHUSDT)
2024-05-27 22:33:59,170
-ETHUSDT: bp2.0|
2024-05-27 22:34:00,041
update 3: filled 1 / 2 (-XRPUSDT) | working 1 / 2 (-ETHUSDT)
2024-05-27 22:34:04,042
-ETHUSDT: bp2.0|
2024-05-27 22:34:04,914
update 4: filled 1 / 2 (-XRPUSDT) | working 1 / 2 (-ETHUSDT)
2024-05-27 22:34:08,915
-ETHUSDT: bp5.0|
2024-05-27 22:34:09,784
update 5: filled 1 / 2 (-XRPUSDT) | working 1 / 2 (-ETHUSDT)
2024-05-27 22:34:13,784
-ETHUSDT: bp5.0|
2024-05-27 22:34:14,656
update 6: filled 1 / 2 (-XRPUSDT) | working 1 / 2 (-ETHUSDT)
2024-05-27 22:34:18,657
-ETHUSDT: bp5.0|
2024-05-27 22:34:19,526
update 7: filled 1 / 2 (-XRPUSDT) | working 1 / 2 (-ETHUSDT)
2024-05-27 22:34:23,527
-ETHUSDT: bp1.0|
2024-05-27 22:34:24,393
update 8: filled 1 / 2 (-XRPUSDT) | working 1 / 2 (-ETHUSDT)
2024-05-27 22:34:28,394
-ETHUSDT: bp0.0|
2024-05-27 22:34:29,262
update 9: filled 1 / 2 (-XRPUSDT) | working 1 / 2 (-ETHUSDT)
2024-05-27 22:34:33,263
-ETHUSDT: bp0.0|
2024-05-27 22:34:34,131
update 10: filled 1 / 2 (-XRPUSDT) | working 1 / 2 (-ETHUSDT)
2024-05-27 22:34:38,132
-ETHUSDT: bp1.0|
2024-05-27 22:34:39,002
update 11: filled 2 / 2 (-XRPUSDT,-ETHUSDT) | working 0 / 2 ()
2024-05-27 22:34:45,432
Trades of the day
in$
as of: 27May 22:33>>22:34 (#trades: 2)
trade net: -95.0 (-32.9%), trade gross: +95.0 (+32.9%), BUY: +0.0 (+0.0%), SELL: -95.0 (-32.9%)
fees: $ 0.019 (2.0bp)
2024-05-27 22:34:45,882
Trades: 
Filled #2
______________________________________________
                   in$ | in bp 94 traded | in bp 288 AUMs
realizedPnl    -0.52   | -55     | -18    
PnLvsArrival   +0      | +0      | +0     
PnLvsLast      -0.01   | -1      | -0     
______________________________________________
                 | Value$ | PnL Arrival/Last 
______________________________________________
XRP:-89.3@0.5368 | -48$ | 0.02/0
ETH:-0.012@3902.13 | -47$ | -0.02/-0.01
