2024-10-11 23:31:05,610
ON program started 20241011 23:31:05,
US time: 20241011 19:31:05
2024-10-11 23:31:06,609
the strat is currently running @ 11-10-2024 and the target positions is SHORT
2024-10-11 23:31:07,920
CURRENT STATUS IS SHORT, WE CHECK IF THE DAY IS A NEGATIVE ONE
-----
return before 14h30:
BTCUSDT+2.24%, ETHUSDT+1.88%, XRPUSDT+1.06%
-----
target alloc initial:BTCUSDT-4.17%, ETHUSDT+0.00%, XRPUSDT-4.17%
-----
alloc target x rt%<0:BTCUSDT-0.00%, ETHUSDT+0.00%, XRPUSDT-0.00%
-----
           BTCUSDT ETHUSDT XRPUSDT
w_target     -4.2%    0.0%   -4.2%
rt_14h30     0.02%   0.02%   0.01%
w_target_f   -0.0%    0.0%   -0.0%
2024-10-11 23:31:07,921
Portfolio was rebalanced less than 2 hours ago, 1.0 hours ago
2024-10-11 23:31:07,922
Status: prev = SHORT <> SHORT = target
2024-10-11 23:31:07,922
the strat is currently running @ 11-10-2024 and the target positions is SHORT
the strat was previously run @ 2024-10-11 22:30:35, success:? 
   and the current positions is SHORT
2024-10-11 23:31:09,083
positions_future #0
2024-10-11 23:31:09,083
Empty DataFrame
Columns: [symbol, positionAmt, entryPrice, breakEvenPrice, markPrice, unRealizedProfit, value_usd, updateTime, isolated, adlQuantile, AUMs_account, w%]
Index: []
2024-10-11 23:31:09,294
------------------------------
binance_account_balance
2024-10-11 23:31:09,294
  asset     balance  ...  marginAvailable   updateTime
4  USDT  285.088046  ...             True  11Oct-22:34

[1 rows x 8 columns]
2024-10-11 23:31:09,514
------------------------------
open_orders
2024-10-11 23:31:09,515
Empty DataFrame
Columns: []
Index: []
2024-10-11 23:31:10,130
------------------------------
AUMS account:285

2024-10-11 23:31:10,132
--------------- compute_futures_order_book() ----------------
2024-10-11 23:31:11,611
----------------------------------------------------------------------
#0 order(s) to place
gross$: 0$ | net$: +0$
gross%: 0% | net%: +0%
 || w>0%  +0% | w<0%  0%
----------------------------------------------------------------------
PTF Expo% 0.0% >> 0.0% (current>>target)
PTF expo $0.0 >> $0 (current>>target)
----------------------------------------------------------------------
2024-10-11 23:31:11,612
orders_ofthe_day
2024-10-11 23:31:11,612
Empty DataFrame
Columns: [ptf_usd, target_usd, totrd_usd, posttrd_usd, qty, posttrd_qty, posttrd_w, bid, ask, strategy]
Index: []
2024-10-11 23:31:11,689
Orders of the day is empty, current and target potfolios are aligned
2024-10-11 23:31:11,689
Program stopped
