2024-04-22 19:30:56,400
ON program started 20240422 19:30:56,
US time: 20240422 15:30:56
2024-04-22 19:30:57,542
the strat is currently running @ 22-04-2024 and the target positions is LONG
2024-04-22 19:30:58,984
CURRENT STATUS IS LONG
-----
return before 14h30:
BTCUSDT+1.81%, ETHUSDT+1.43%, XRPUSDT+1.89%
-----
target alloc initial:BTCUSDT+16.67%, ETHUSDT+16.67%, XRPUSDT+16.67%
-----
alloc target x rt%<0:BTCUSDT+16.67%, ETHUSDT+16.67%, XRPUSDT+16.67%
-----
           BTCUSDT ETHUSDT XRPUSDT
w_target     16.7%   16.7%   16.7%
rt_14h30     0.02%   0.01%   0.02%
w_target_f   16.7%   16.7%   16.7%
2024-04-22 19:30:58,985
Portfolio was rebalanced less than 2 hours ago, 1.0 hours ago
2024-04-22 19:30:58,987
Status: prev = LONG <> LONG = target
2024-04-22 19:30:58,987
the strat is currently running @ 22-04-2024 and the target positions is LONG
the strat was previously run @ 2024-04-22 18:30:48, success:? 
   and the current positions is LONG
2024-04-22 19:31:00,219
positions_future #2
2024-04-22 19:31:00,220
      symbol  positionAmt entryPrice  ... adlQuantile AUMs_account        w%
163  ETHUSDT        0.015    3193.92  ...           1        281.6  0.169434
130  XRPUSDT       86.100     0.5452  ...           1        281.6  0.167936

[2 rows x 12 columns]
2024-04-22 19:31:00,473
------------------------------
binance_account_balance
2024-04-22 19:31:00,473
  asset     balance  ...  marginAvailable   updateTime
6  USDT  281.444008  ...             True  22Apr-18:31

[1 rows x 8 columns]
2024-04-22 19:31:01,154
------------------------------
open_orders
2024-04-22 19:31:01,164
Empty DataFrame
Columns: []
Index: []
2024-04-22 19:31:01,831
------------------------------
AUMS account:281

2024-04-22 19:31:01,863
--------------- compute_futures_order_book() ----------------
2024-04-22 19:31:03,441
----------------------------------------------------------------------
#0 order(s) to place
gross$: 0$ | net$: +0$
gross%: 0% | net%: +0%
 || w>0%  +0% | w<0%  0%
----------------------------------------------------------------------
PTF Expo% 33.7% >> 50.0% (current>>target)
PTF expo $95.0 >> $140 (current>>target)
----------------------------------------------------------------------
2024-04-22 19:31:03,442
orders_ofthe_day
2024-04-22 19:31:03,443
Empty DataFrame
Columns: [ptf_usd, target_usd, totrd_usd, posttrd_usd, qty, posttrd_qty, posttrd_w, bid, ask, strategy]
Index: []
2024-04-22 19:31:03,510
Orders of the day is empty, current and target potfolios are aligned
2024-04-22 19:31:03,510
Program stopped
