2024-09-26 22:30:54,694
ON program started 20240926 22:30:54,
US time: 20240926 18:30:54
2024-09-26 22:30:55,679
the strat is currently running @ 26-09-2024 and the target positions is SHORT
2024-09-26 22:30:57,079
CURRENT STATUS IS SHORT, WE CHECK IF THE DAY IS A NEGATIVE ONE
-----
return before 14h30:
BTCUSDT+2.02%, ETHUSDT+1.57%, XRPUSDT+1.11%
-----
target alloc initial:BTCUSDT-4.17%, ETHUSDT+0.00%, XRPUSDT-4.17%
-----
alloc target x rt%<0:BTCUSDT-0.00%, ETHUSDT+0.00%, XRPUSDT-0.00%
-----
           BTCUSDT ETHUSDT XRPUSDT
w_target     -4.2%    0.0%   -4.2%
rt_14h30     0.02%   0.02%   0.01%
w_target_f   -0.0%    0.0%   -0.0%
2024-09-26 22:30:57,080
Portfolio was rebalanced less than 2 hours ago, 1.0 hours ago
2024-09-26 22:30:57,082
Status: prev = SHORT <> LONG = target
2024-09-26 22:30:57,082
the strat is currently running @ 26-09-2024 and the target positions is SHORT
the strat was previously run @ 2024-09-26 21:30:29, success:yes 
   and the current positions is LONG
2024-09-26 22:30:58,283
positions_future #2
2024-09-26 22:30:58,284
      symbol  positionAmt entryPrice  ... adlQuantile AUMs_account        w%
144  XRPUSDT       82.000     0.5931  ...           1        293.4  0.165163
182  ETHUSDT        0.018    2648.63  ...           1        293.4  0.161638

[2 rows x 12 columns]
2024-09-26 22:30:58,523
------------------------------
binance_account_balance
2024-09-26 22:30:58,523
  asset     balance  ...  marginAvailable   updateTime
4  USDT  293.839018  ...             True  26Sep-19:31

[1 rows x 8 columns]
2024-09-26 22:30:59,193
------------------------------
open_orders
2024-09-26 22:30:59,193
Empty DataFrame
Columns: []
Index: []
2024-09-26 22:30:59,846
------------------------------
AUMS account:293

2024-09-26 22:30:59,848
--------------- compute_futures_order_book() ----------------
2024-09-26 22:31:01,404
----------------------------------------------------------------------
#2 order(s) to place
gross$: 95$ | net$: -95$
gross%: 32% | net%: -32%
 || w>0%  +0% | w<0%  -32%
----------------------------------------------------------------------
PTF Expo% 32.3% >> 0.0% (current>>target)
PTF expo $95.0 >> $0 (current>>target)
----------------------------------------------------------------------
2024-09-26 22:31:01,406
orders_ofthe_day
2024-09-26 22:31:01,406
                  ptf_usd  target_usd  totrd_usd  ...        bid       ask strategy
2024-09-26 22:31                                  ...                              
XRPUSDT              48.0        -0.0      -48.0  ...     0.5909     0.591  STRATON
ETHUSDT              47.0         0.0      -47.0  ...  2634.9200  2634.930  STRATON

[2 rows x 10 columns]
2024-09-26 22:31:03,969
binance_place_orders_peg 20240926_223103
2024-09-26 22:31:04,409
{'orderId': 66425004409, 'symbol': 'XRPUSDT', 'status': 'NEW', 'clientOrderId': 'STRATON', 'price': '0.5913', 'avgPrice': '0.00', 'origQty': '82.0', 'executedQty': '0.0', 'cumQty': '0.0', 'cumQuote': '0.00000', 'timeInForce': 'GTC', 'type': 'LIMIT', 'reduceOnly': True, 'closePosition': False, 'side': 'SELL', 'positionSide': 'BOTH', 'stopPrice': '0.0000', 'workingType': 'CONTRACT_PRICE', 'priceProtect': False, 'origType': 'LIMIT', 'priceMatch': 'NONE', 'selfTradePreventionMode': 'NONE', 'goodTillDate': 0, 'updateTime': 1727389864298}
2024-09-26 22:31:04,848
{'orderId': 8389765738272654496, 'symbol': 'ETHUSDT', 'status': 'NEW', 'clientOrderId': 'STRATON', 'price': '2636.25', 'avgPrice': '0.00', 'origQty': '0.018', 'executedQty': '0.000', 'cumQty': '0.000', 'cumQuote': '0.00000', 'timeInForce': 'GTC', 'type': 'LIMIT', 'reduceOnly': True, 'closePosition': False, 'side': 'SELL', 'positionSide': 'BOTH', 'stopPrice': '0.00', 'workingType': 'CONTRACT_PRICE', 'priceProtect': False, 'origType': 'LIMIT', 'priceMatch': 'NONE', 'selfTradePreventionMode': 'NONE', 'goodTillDate': 0, 'updateTime': 1727389864738}
2024-09-26 22:31:05,777
update 0: filled 0 / 2 () | working 2 / 2 (-XRPUSDT,-ETHUSDT)
2024-09-26 22:31:09,778
-XRPUSDT: bp5.0|-ETHUSDT: bp5.0|
2024-09-26 22:31:10,665
update 1: filled 0 / 2 () | working 2 / 2 (-XRPUSDT,-ETHUSDT)
2024-09-26 22:31:14,666
-XRPUSDT: bp5.0|-ETHUSDT: bp4.0|
2024-09-26 22:31:15,547
update 2: filled 0 / 2 () | working 2 / 2 (-XRPUSDT,-ETHUSDT)
2024-09-26 22:31:19,548
-XRPUSDT: bp5.0|-ETHUSDT: bp5.0|
2024-09-26 22:31:20,429
update 3: filled 0 / 2 () | working 2 / 2 (-XRPUSDT,-ETHUSDT)
2024-09-26 22:31:24,430
-XRPUSDT: bp5.0|-ETHUSDT: bp5.0|
2024-09-26 22:31:25,311
update 4: filled 0 / 2 () | working 2 / 2 (-XRPUSDT,-ETHUSDT)
2024-09-26 22:31:29,312
-XRPUSDT: bp5.0|-ETHUSDT: bp6.0|
2024-09-26 22:31:30,193
update 5: filled 0 / 2 () | working 2 / 2 (-XRPUSDT,-ETHUSDT)
2024-09-26 22:31:34,194
-XRPUSDT: bp5.0|-ETHUSDT: bp6.0|
2024-09-26 22:31:35,074
update 6: filled 0 / 2 () | working 2 / 2 (-XRPUSDT,-ETHUSDT)
2024-09-26 22:31:39,075
-XRPUSDT: bp5.0|-ETHUSDT: bp3.0|
2024-09-26 22:31:39,955
update 7: filled 0 / 2 () | working 2 / 2 (-XRPUSDT,-ETHUSDT)
2024-09-26 22:31:43,955
-XRPUSDT: bp5.0|-ETHUSDT: bp3.0|
2024-09-26 22:31:44,836
update 8: filled 0 / 2 () | working 2 / 2 (-XRPUSDT,-ETHUSDT)
2024-09-26 22:31:48,837
-XRPUSDT: bp5.0|-ETHUSDT: bp3.0|
2024-09-26 22:31:49,719
update 9: filled 0 / 2 () | working 2 / 2 (-XRPUSDT,-ETHUSDT)
2024-09-26 22:31:53,720
-XRPUSDT: bp5.0|-ETHUSDT: bp3.0|
2024-09-26 22:31:54,601
update 10: filled 0 / 2 () | working 2 / 2 (-XRPUSDT,-ETHUSDT)
2024-09-26 22:31:58,602
-XRPUSDT: bp5.0|-ETHUSDT: bp4.0|
2024-09-26 22:31:59,483
update 11: filled 0 / 2 () | working 2 / 2 (-XRPUSDT,-ETHUSDT)
2024-09-26 22:32:03,484
-XRPUSDT: bp5.0|-ETHUSDT: bp3.0|
2024-09-26 22:32:04,365
update 12: filled 0 / 2 () | working 2 / 2 (-XRPUSDT,-ETHUSDT)
2024-09-26 22:32:08,365
-XRPUSDT: bp7.0|-ETHUSDT: bp3.0|
2024-09-26 22:32:09,250
update 13: filled 0 / 2 () | working 2 / 2 (-XRPUSDT,-ETHUSDT)
2024-09-26 22:32:13,251
-XRPUSDT: bp5.0|-ETHUSDT: bp3.0|
2024-09-26 22:32:14,131
update 14: filled 0 / 2 () | working 2 / 2 (-XRPUSDT,-ETHUSDT)
2024-09-26 22:32:18,132
-XRPUSDT: bp5.0|-ETHUSDT: bp2.0|
2024-09-26 22:32:18,132
Adjustment limit #1 ... 
 we cancel current orders and replace
2024-09-26 22:32:18,132
@+/-2.5bp limit 
2024-09-26 22:32:18,132
binance_cancel_and_replace_orders_peg 20240926_223218
2024-09-26 22:32:20,336
binance_place_orders_peg 20240926_223220
