2024-01-05 02:31:13,787
ON program started 20240105 02:31:13,
US time: 20240104 21:31:13
2024-01-05 02:31:14,012
the strat is currently running @ 05-01-2024 and the target positions is SHORT
2024-01-05 02:31:16,249
CURRENT STATUS IS SHORT, WE CHECK IF THE DAY IS A NEGATIVE ONE
-----
return before 14h30:
BTCUSDT+0.00%, ETHUSDT+0.00%, XRPUSDT+0.00%
-----
target alloc initial:BTCUSDT-4.17%, ETHUSDT+0.00%, XRPUSDT-4.17%
-----
alloc target x rt%<0:BTCUSDT-0.00%, ETHUSDT+0.00%, XRPUSDT-0.00%
-----
           BTCUSDT ETHUSDT XRPUSDT
w_target     -4.2%    0.0%   -4.2%
rt_14h30     0.00%   0.00%   0.00%
w_target_f   -0.0%    0.0%   -0.0%
2024-01-05 02:31:16,251
Portfolio was rebalanced less than 2 hours ago, 1.0 hours ago
2024-01-05 02:31:16,254
Status: prev = SHORT <> SHORT = target
2024-01-05 02:31:16,254
the strat is currently running @ 05-01-2024 and the target positions is SHORT
the strat was previously run @ 2024-01-05 01:30:44 UTC, success:yes 
   and the current positions is SHORT
2024-01-05 02:31:17,499
positions_future #0
2024-01-05 02:31:17,499
Empty DataFrame
Columns: [symbol, positionAmt, entryPrice, breakEvenPrice, markPrice, unRealizedProfit, value_usd, updateTime, isolated, adlQuantile, AUMs_account, w%]
Index: []
2024-01-05 02:31:17,581
programm stoppeddd!!! 20240105_023117
