2024-06-06 01:31:09,342
ON program started 20240606 01:31:09,
US time: 20240605 21:31:09
2024-06-06 01:31:10,171
the strat is currently running @ 06-06-2024 and the target positions is SHORT
2024-06-06 01:31:11,488
CURRENT STATUS IS SHORT, WE CHECK IF THE DAY IS A NEGATIVE ONE
-----
return before 14h30:
BTCUSDT-0.01%, ETHUSDT-0.02%, XRPUSDT-0.02%
-----
target alloc initial:BTCUSDT-4.17%, ETHUSDT+0.00%, XRPUSDT-4.17%
-----
alloc target x rt%<0:BTCUSDT-4.17%, ETHUSDT+0.00%, XRPUSDT-4.17%
-----
           BTCUSDT ETHUSDT XRPUSDT
w_target     -4.2%    0.0%   -4.2%
rt_14h30    -0.00%  -0.00%  -0.00%
w_target_f   -4.2%    0.0%   -4.2%
2024-06-06 01:31:11,545
Portfolio was rebalanced less than 2 hours ago, 1.0 hours ago
2024-06-06 01:31:11,547
Status: prev = SHORT <> SHORT = target
2024-06-06 01:31:11,547
the strat is currently running @ 06-06-2024 and the target positions is SHORT
the strat was previously run @ 2024-06-06 00:31:04, success:yes 
   and the current positions is SHORT
2024-06-06 01:31:12,676
positions_future #0
2024-06-06 01:31:12,677
Empty DataFrame
Columns: [symbol, positionAmt, entryPrice, breakEvenPrice, markPrice, unRealizedProfit, value_usd, updateTime, isolated, adlQuantile, AUMs_account, w%]
Index: []
2024-06-06 01:31:12,749
programm stoppeddd!!! 20240606_013112
