2024-03-13 21:30:38,571
ON program started 20240313 21:30:38,
US time: 20240313 17:30:38
2024-03-13 21:30:39,094
the strat is currently running @ 13-03-2024 and the target positions is LONG
2024-03-13 21:30:41,387
CURRENT STATUS IS LONG
-----
return before 14h30:
BTCUSDT+1.02%, ETHUSDT-0.09%, XRPUSDT-1.74%
-----
target alloc initial:BTCUSDT+16.67%, ETHUSDT+16.67%, XRPUSDT+16.67%
-----
alloc target x rt%<0:BTCUSDT+16.67%, ETHUSDT+16.67%, XRPUSDT+16.67%
-----
           BTCUSDT ETHUSDT XRPUSDT
w_target     16.7%   16.7%   16.7%
rt_14h30     0.01%  -0.00%  -0.02%
w_target_f   16.7%   16.7%   16.7%
2024-03-13 21:30:41,388
Portfolio was rebalanced less than 2 hours ago, 1.0 hours ago
2024-03-13 21:30:41,390
Status: prev = LONG <> LONG = target
2024-03-13 21:30:41,390
the strat is currently running @ 13-03-2024 and the target positions is LONG
the strat was previously run @ 2024-03-13 20:30:43, success:yes 
   and the current positions is LONG
2024-03-13 21:30:42,615
positions_future #2
2024-03-13 21:30:42,615
      symbol  positionAmt entryPrice  ... adlQuantile AUMs_account        w%
155  ETHUSDT        0.012    3992.24  ...           1        287.1  0.166712
124  XRPUSDT       69.800     0.6871  ...           1        287.1  0.165860

[2 rows x 12 columns]
2024-03-13 21:30:42,693
programm stoppeddd!!! 20240313_213042
