2023-08-17 18:30:50,215
ON program started 20230817 18:30:50,
US time: 20230817 14:30:50
2023-08-17 18:30:50,668
the strat is currently running @ 17-08-2023 and the target positions is LONG
2023-08-17 18:30:52,467
CURRENT STATUS IS LONG
-----
return before 14h30:
BTCUSDT-2.38%, ETHUSDT-3.17%, XRPUSDT-2.27%
-----
target alloc initial:BTCUSDT+16.67%, ETHUSDT+16.67%, XRPUSDT+16.67%
-----
alloc target x rt%<0:BTCUSDT+16.67%, ETHUSDT+16.67%, XRPUSDT+16.67%
-----
           BTCUSDT ETHUSDT XRPUSDT
w_target     16.7%   16.7%   16.7%
rt_14h30    -0.02%  -0.03%  -0.02%
w_target_f   16.7%   16.7%   16.7%
2023-08-17 18:30:52,469
Portfolio was rebalanced less than 2 hours ago, 15.0 hours ago
2023-08-17 18:30:52,472
Status: prev = LONG <> NEUTRAL = target
2023-08-17 18:30:52,472
the strat is currently running @ 17-08-2023 and the target positions is LONG
the strat was previously run @ 2023-08-17 03:30:38 UTC, success:yes 
   and the current positions is NEUTRAL
2023-08-17 18:30:53,551
positions_future #0
2023-08-17 18:30:53,552
Empty DataFrame
Columns: [symbol, positionAmt, entryPrice, markPrice, unRealizedProfit, value_usd, updateTime, AUMs_account, w%]
Index: []
2023-08-17 18:30:53,758
------------------------------
binance_account_balance
2023-08-17 18:30:53,758
  asset     balance  ... marginAvailable   updateTime
5  USDT  283.595853  ...            True  17Aug-02:34

[1 rows x 8 columns]
2023-08-17 18:30:53,975
------------------------------
open_orders
2023-08-17 18:30:53,975
Empty DataFrame
Columns: []
Index: []
2023-08-17 18:30:54,582
------------------------------
AUMS account:283

2023-08-17 18:30:54,583
--------------- compute_futures_order_book() ----------------
2023-08-17 18:30:56,029
----------------------------------------------------------------------
#3 order(s) to place
gross$: 150$ | net$: +150$
gross%: 53% | net%: +53%
 || w>0%  +53% | w<0%  0%
----------------------------------------------------------------------
PTF Expo% 0.0% >> 50.0% (current>>target)
PTF expo $0.0 >> $141 (current>>target)
----------------------------------------------------------------------
2023-08-17 18:30:56,031
orders_ofthe_day
2023-08-17 18:30:56,031
                  ptf_usd  target_usd  ...         bid         ask
2023-08-17 18:30                       ...                        
BTCUSDT               0.0       47.28  ...  27932.4000  27932.5000
ETHUSDT               0.0       47.28  ...   1737.9600   1737.9700
XRPUSDT               0.0       47.28  ...      0.5777      0.5778

[3 rows x 9 columns]
2023-08-17 18:30:57,468
binance_place_orders_peg 20230817_183057
2023-08-17 18:30:57,878
{'orderId': 181181493558, 'symbol': 'BTCUSDT', 'status': 'NEW', 'clientOrderId': 'ATrp1v2hZMxggbesZEE2v1', 'price': '27918.00', 'avgPrice': '0.00', 'origQty': '0.002', 'executedQty': '0.000', 'cumQty': '0.000', 'cumQuote': '0.00000', 'timeInForce': 'GTC', 'type': 'LIMIT', 'reduceOnly': False, 'closePosition': False, 'side': 'BUY', 'positionSide': 'BOTH', 'stopPrice': '0.00', 'workingType': 'CONTRACT_PRICE', 'priceProtect': False, 'origType': 'LIMIT', 'updateTime': 1692297057772}
2023-08-17 18:30:58,286
{'orderId': 8389765612914832902, 'symbol': 'ETHUSDT', 'status': 'NEW', 'clientOrderId': 'UeVz6H6HWrRCQG4Nh6G24N', 'price': '1737.09', 'avgPrice': '0.00', 'origQty': '0.027', 'executedQty': '0.000', 'cumQty': '0.000', 'cumQuote': '0.00000', 'timeInForce': 'GTC', 'type': 'LIMIT', 'reduceOnly': False, 'closePosition': False, 'side': 'BUY', 'positionSide': 'BOTH', 'stopPrice': '0.00', 'workingType': 'CONTRACT_PRICE', 'priceProtect': False, 'origType': 'LIMIT', 'updateTime': 1692297058182}
2023-08-17 18:30:58,691
{'orderId': 39579282521, 'symbol': 'XRPUSDT', 'status': 'NEW', 'clientOrderId': 'O7RV0NbDeRRURKV2LETczj', 'price': '0.5774', 'avgPrice': '0.00', 'origQty': '81.8', 'executedQty': '0.0', 'cumQty': '0.0', 'cumQuote': '0.00000', 'timeInForce': 'GTC', 'type': 'LIMIT', 'reduceOnly': False, 'closePosition': False, 'side': 'BUY', 'positionSide': 'BOTH', 'stopPrice': '0.0000', 'workingType': 'CONTRACT_PRICE', 'priceProtect': False, 'origType': 'LIMIT', 'updateTime': 1692297058588}
2023-08-17 18:31:00,570
update 0: filled 0 / 3 () | working 3 / 3 (+BTCUSDT,+ETHUSDT,+XRPUSDT)
2023-08-17 18:31:04,570
+BTCUSDT: bp5.0|+ETHUSDT: bp5.0|+XRPUSDT: bp5.0|
2023-08-17 18:31:05,791
update 1: filled 0 / 3 () | working 3 / 3 (+BTCUSDT,+ETHUSDT,+XRPUSDT)
2023-08-17 18:31:09,792
+BTCUSDT: bp7.0|+ETHUSDT: bp6.0|+XRPUSDT: bp5.0|
2023-08-17 18:31:11,014
update 2: filled 0 / 3 () | working 3 / 3 (+BTCUSDT,+ETHUSDT,+XRPUSDT)
2023-08-17 18:31:15,015
+BTCUSDT: bp7.0|+ETHUSDT: bp7.0|+XRPUSDT: bp5.0|
2023-08-17 18:31:16,238
update 3: filled 0 / 3 () | working 3 / 3 (+BTCUSDT,+ETHUSDT,+XRPUSDT)
2023-08-17 18:31:20,238
+BTCUSDT: bp9.0|+ETHUSDT: bp7.0|+XRPUSDT: bp10.0|
2023-08-17 18:31:21,463
update 4: filled 0 / 3 () | working 3 / 3 (+BTCUSDT,+ETHUSDT,+XRPUSDT)
2023-08-17 18:31:25,463
+BTCUSDT: bp9.0|+ETHUSDT: bp8.0|+XRPUSDT: bp10.0|
2023-08-17 18:31:26,682
update 5: filled 0 / 3 () | working 3 / 3 (+BTCUSDT,+ETHUSDT,+XRPUSDT)
2023-08-17 18:31:30,683
+BTCUSDT: bp9.0|+ETHUSDT: bp8.0|+XRPUSDT: bp9.0|
2023-08-17 18:31:31,904
update 6: filled 0 / 3 () | working 3 / 3 (+BTCUSDT,+ETHUSDT,+XRPUSDT)
2023-08-17 18:31:35,905
+BTCUSDT: bp9.0|+ETHUSDT: bp8.0|+XRPUSDT: bp14.0|
2023-08-17 18:31:37,124
update 7: filled 0 / 3 () | working 3 / 3 (+BTCUSDT,+ETHUSDT,+XRPUSDT)
2023-08-17 18:31:41,125
+BTCUSDT: bp10.0|+ETHUSDT: bp7.0|+XRPUSDT: bp14.0|
2023-08-17 18:31:42,354
update 8: filled 0 / 3 () | working 3 / 3 (+BTCUSDT,+ETHUSDT,+XRPUSDT)
2023-08-17 18:31:46,354
+BTCUSDT: bp10.0|+ETHUSDT: bp7.0|+XRPUSDT: bp16.0|
2023-08-17 18:31:47,574
update 9: filled 0 / 3 () | working 3 / 3 (+BTCUSDT,+ETHUSDT,+XRPUSDT)
2023-08-17 18:31:51,574
+BTCUSDT: bp8.0|+ETHUSDT: bp4.0|+XRPUSDT: bp14.0|
2023-08-17 18:31:52,794
update 10: filled 0 / 3 () | working 3 / 3 (+BTCUSDT,+ETHUSDT,+XRPUSDT)
2023-08-17 18:31:56,795
+BTCUSDT: bp8.0|+ETHUSDT: bp4.0|+XRPUSDT: bp16.0|
2023-08-17 18:31:58,014
update 11: filled 0 / 3 () | working 3 / 3 (+BTCUSDT,+ETHUSDT,+XRPUSDT)
2023-08-17 18:32:02,014
+BTCUSDT: bp8.0|+ETHUSDT: bp3.0|+XRPUSDT: bp16.0|
2023-08-17 18:32:03,235
update 12: filled 0 / 3 () | working 3 / 3 (+BTCUSDT,+ETHUSDT,+XRPUSDT)
2023-08-17 18:32:07,236
+BTCUSDT: bp8.0|+ETHUSDT: bp4.0|+XRPUSDT: bp16.0|
2023-08-17 18:32:08,460
update 13: filled 0 / 3 () | working 3 / 3 (+BTCUSDT,+ETHUSDT,+XRPUSDT)
2023-08-17 18:32:12,461
+BTCUSDT: bp8.0|+ETHUSDT: bp4.0|+XRPUSDT: bp14.0|
2023-08-17 18:32:13,683
update 14: filled 0 / 3 () | working 3 / 3 (+BTCUSDT,+ETHUSDT,+XRPUSDT)
2023-08-17 18:32:17,684
+BTCUSDT: bp11.0|+ETHUSDT: bp6.0|+XRPUSDT: bp16.0|
2023-08-17 18:32:17,684
Adjustment limit #1 ... 
 we cancel current orders and replace
2023-08-17 18:32:17,684
@+/-2.5bp limit 
2023-08-17 18:32:17,684
binance_cancel_and_replace_orders_peg 20230817_183217
2023-08-17 18:32:19,533
binance_place_orders_peg 20230817_183219
2023-08-17 18:32:19,946
{'orderId': 181181922939, 'symbol': 'BTCUSDT', 'status': 'NEW', 'clientOrderId': 'IeHj8Abqfyn7Zz3XQzOqVm', 'price': '27938.20', 'avgPrice': '0.00', 'origQty': '0.002', 'executedQty': '0.000', 'cumQty': '0.000', 'cumQuote': '0.00000', 'timeInForce': 'GTC', 'type': 'LIMIT', 'reduceOnly': False, 'closePosition': False, 'side': 'BUY', 'positionSide': 'BOTH', 'stopPrice': '0.00', 'workingType': 'CONTRACT_PRICE', 'priceProtect': False, 'origType': 'LIMIT', 'updateTime': 1692297139836}
2023-08-17 18:32:20,355
{'orderId': 8389765612915007342, 'symbol': 'ETHUSDT', 'status': 'NEW', 'clientOrderId': 'mt0NrbKwIZGWmJfvF1xA7T', 'price': '1737.61', 'avgPrice': '0.00', 'origQty': '0.027', 'executedQty': '0.000', 'cumQty': '0.000', 'cumQuote': '0.00000', 'timeInForce': 'GTC', 'type': 'LIMIT', 'reduceOnly': False, 'closePosition': False, 'side': 'BUY', 'positionSide': 'BOTH', 'stopPrice': '0.00', 'workingType': 'CONTRACT_PRICE', 'priceProtect': False, 'origType': 'LIMIT', 'updateTime': 1692297140251}
2023-08-17 18:32:20,763
{'orderId': 39579354223, 'symbol': 'XRPUSDT', 'status': 'NEW', 'clientOrderId': 'qGTJOuuVzu1L8QFp4wTyIo', 'price': '0.5785', 'avgPrice': '0.00', 'origQty': '81.8', 'executedQty': '0.0', 'cumQty': '0.0', 'cumQuote': '0.00000', 'timeInForce': 'GTC', 'type': 'LIMIT', 'reduceOnly': False, 'closePosition': False, 'side': 'BUY', 'positionSide': 'BOTH', 'stopPrice': '0.0000', 'workingType': 'CONTRACT_PRICE', 'priceProtect': False, 'origType': 'LIMIT', 'updateTime': 1692297140657}
2023-08-17 18:32:21,983
update 0: filled 0 / 3 () | working 3 / 3 (+BTCUSDT,+ETHUSDT,+XRPUSDT)
2023-08-17 18:32:25,984
+BTCUSDT: bp2.0|+ETHUSDT: bp1.0|+XRPUSDT: bp3.0|
2023-08-17 18:32:27,202
update 1: filled 0 / 3 () | working 3 / 3 (+BTCUSDT,+ETHUSDT,+XRPUSDT)
2023-08-17 18:32:31,203
+BTCUSDT: bp2.0|+ETHUSDT: bp1.0|+XRPUSDT: bp3.0|
2023-08-17 18:32:32,428
update 2: filled 0 / 3 () | working 3 / 3 (+BTCUSDT,+ETHUSDT,+XRPUSDT)
2023-08-17 18:32:36,429
+BTCUSDT: bp2.0|+ETHUSDT: bp1.0|+XRPUSDT: bp2.0|
2023-08-17 18:32:37,649
update 3: filled 0 / 3 () | working 3 / 3 (+BTCUSDT,+ETHUSDT,+XRPUSDT)
2023-08-17 18:32:41,650
+BTCUSDT: bp2.0|+ETHUSDT: bp1.0|+XRPUSDT: bp-0.0|
2023-08-17 18:32:42,870
update 4: filled 0 / 3 () | working 3 / 3 (+BTCUSDT,+ETHUSDT,+XRPUSDT)
2023-08-17 18:32:46,871
+BTCUSDT: bp1.0|+ETHUSDT: bp1.0|+XRPUSDT: bp2.0|
2023-08-17 18:32:48,092
update 5: filled 0 / 3 () | working 3 / 3 (+BTCUSDT,+ETHUSDT,+XRPUSDT)
2023-08-17 18:32:52,092
+BTCUSDT: bp1.0|+ETHUSDT: bp2.0|+XRPUSDT: bp2.0|
2023-08-17 18:32:53,315
update 6: filled 0 / 3 () | working 3 / 3 (+BTCUSDT,+ETHUSDT,+XRPUSDT)
2023-08-17 18:32:57,316
+BTCUSDT: bp2.0|+ETHUSDT: bp2.0|+XRPUSDT: bp2.0|
2023-08-17 18:32:58,535
update 7: filled 0 / 3 () | working 3 / 3 (+BTCUSDT,+ETHUSDT,+XRPUSDT)
2023-08-17 18:33:02,536
+BTCUSDT: bp1.0|+ETHUSDT: bp2.0|+XRPUSDT: bp2.0|
2023-08-17 18:33:03,757
update 8: filled 0 / 3 () | working 3 / 3 (+BTCUSDT,+ETHUSDT,+XRPUSDT)
2023-08-17 18:33:07,757
+BTCUSDT: bp1.0|+ETHUSDT: bp3.0|+XRPUSDT: bp2.0|
2023-08-17 18:33:08,976
update 9: filled 0 / 3 () | working 3 / 3 (+BTCUSDT,+ETHUSDT,+XRPUSDT)
2023-08-17 18:33:12,977
+BTCUSDT: bp1.0|+ETHUSDT: bp2.0|+XRPUSDT: bp3.0|
2023-08-17 18:33:14,202
update 10: filled 0 / 3 () | working 3 / 3 (+BTCUSDT,+ETHUSDT,+XRPUSDT)
2023-08-17 18:33:18,203
+BTCUSDT: bp1.0|+ETHUSDT: bp1.0|+XRPUSDT: bp2.0|
2023-08-17 18:33:19,425
update 11: filled 0 / 3 () | working 3 / 3 (+BTCUSDT,+ETHUSDT,+XRPUSDT)
2023-08-17 18:33:23,426
+BTCUSDT: bp1.0|+ETHUSDT: bp2.0|+XRPUSDT: bp3.0|
2023-08-17 18:33:24,646
update 12: filled 3 / 3 (+BTCUSDT,+ETHUSDT,+XRPUSDT) | working 0 / 3 ()
2023-08-17 18:33:31,311
Trades of the day
in$
as of: 17Aug 18:33>>18:33 (#trades: 3)
trade net: +150.0 (+52.9%), trade gross: +150.0 (+52.9%), BUY: +150.0 (+52.9%), SELL: +0.0 (+0.0%)
fees: $ 0.03 (2.0bp)
2023-08-17 18:33:31,938
Trades: 
Filled #3
______________________________________________
                   in$ | in bp 150 traded | in bp 283 AUMs
realizedPnl    +0      | +0      | +0     
PnLvsArrival   -0.06   | -4      | -2     
PnLvsLast      -0.06   | -4      | -2     
______________________________________________
                 | Value$ | PnL Arrival/Last 
______________________________________________
ETH:+0.027@1737.61 | +47$ | 0.01/-0.01
XRP:+81.8@0.5785 | +47$ | -0.06/-0.04
BTC:+0.002@27938.2 | +56$ | -0.01/-0.01
2023-08-17 18:33:32,446
***************************
Positions after orders
***************************
2023-08-17 18:33:32,447
      symbol  qty_ptf    execP  ...   updateTime   AUMs     w%
223  BTCUSDT    0.002  27938.2  ...  17Aug-18:33  283.5  0.197
111  XRPUSDT   81.800   0.5785  ...  17Aug-18:33  283.5  0.167
138  ETHUSDT    0.027  1737.61  ...  17Aug-18:33  283.5  0.165

[3 rows x 9 columns]
2023-08-17 18:33:32,457
***************************
2023-08-17 18:33:33,061
3 STOP orders will be placed
2023-08-17 18:33:33,061
@+/-500.0bp limit
2023-08-17 18:33:33,061
binance_place_orders_peg 20230817_183333
2023-08-17 18:33:33,467
{'orderId': 181182185420, 'symbol': 'BTCUSDT', 'status': 'NEW', 'clientOrderId': 'PBJIbYEICT2vGKJiBrOwmF', 'price': '0.00', 'avgPrice': '0.00', 'origQty': '0.002', 'executedQty': '0.000', 'cumQty': '0.000', 'cumQuote': '0.00000', 'timeInForce': 'GTC', 'type': 'STOP_MARKET', 'reduceOnly': False, 'closePosition': False, 'side': 'SELL', 'positionSide': 'BOTH', 'stopPrice': '26535.50', 'workingType': 'CONTRACT_PRICE', 'priceProtect': False, 'origType': 'STOP_MARKET', 'updateTime': 1692297213365}
2023-08-17 18:33:33,875
{'orderId': 39579417262, 'symbol': 'XRPUSDT', 'status': 'NEW', 'clientOrderId': '0H9ETeBSOp2FPpgVLMdcj2', 'price': '0.0000', 'avgPrice': '0.00', 'origQty': '81.8', 'executedQty': '0.0', 'cumQty': '0.0', 'cumQuote': '0.00000', 'timeInForce': 'GTC', 'type': 'STOP_MARKET', 'reduceOnly': False, 'closePosition': False, 'side': 'SELL', 'positionSide': 'BOTH', 'stopPrice': '0.5489', 'workingType': 'CONTRACT_PRICE', 'priceProtect': False, 'origType': 'STOP_MARKET', 'updateTime': 1692297213770}
2023-08-17 18:33:34,282
{'orderId': 8389765612915157411, 'symbol': 'ETHUSDT', 'status': 'NEW', 'clientOrderId': 'GncCWKVDNdfOhuvDbZxdHb', 'price': '0.00', 'avgPrice': '0.00', 'origQty': '0.027', 'executedQty': '0.000', 'cumQty': '0.000', 'cumQuote': '0.00000', 'timeInForce': 'GTC', 'type': 'STOP_MARKET', 'reduceOnly': False, 'closePosition': False, 'side': 'SELL', 'positionSide': 'BOTH', 'stopPrice': '1650.35', 'workingType': 'CONTRACT_PRICE', 'priceProtect': False, 'origType': 'STOP_MARKET', 'updateTime': 1692297214178}
