2024-08-31 02:30:57,791
ON program started 20240831 02:30:57,
US time: 20240830 22:30:57
2024-08-31 02:30:58,862
the strat is currently running @ 31-08-2024 and the target positions is NEUTRAL
2024-08-31 02:31:00,989
CURRENT STATUS IS NEUTRAL
-----
return before 14h30:
BTCUSDT+0.09%, ETHUSDT-0.19%, XRPUSDT-0.14%
-----
target alloc initial:BTCUSDT+0.00%, ETHUSDT+0.00%, XRPUSDT+0.00%
-----
alloc target x rt%<0:BTCUSDT+0.00%, ETHUSDT+0.00%, XRPUSDT+0.00%
-----
           BTCUSDT ETHUSDT XRPUSDT
w_target      0.0%    0.0%    0.0%
rt_14h30     0.00%  -0.00%  -0.00%
w_target_f    0.0%    0.0%    0.0%
2024-08-31 02:31:00,990
Portfolio was rebalanced less than 2 hours ago, 1.0 hours ago
2024-08-31 02:31:00,992
Status: prev = NEUTRAL <> SHORT = target
2024-08-31 02:31:00,992
the strat is currently running @ 31-08-2024 and the target positions is NEUTRAL
the strat was previously run @ 2024-08-31 01:30:41, success:yes 
   and the current positions is SHORT
2024-08-31 02:31:02,121
positions_future #0
2024-08-31 02:31:02,121
Empty DataFrame
Columns: [symbol, positionAmt, entryPrice, breakEvenPrice, markPrice, unRealizedProfit, value_usd, updateTime, isolated, adlQuantile, AUMs_account, w%]
Index: []
2024-08-31 02:31:02,330
------------------------------
binance_account_balance
2024-08-31 02:31:02,330
  asset     balance  ...  marginAvailable   updateTime
4  USDT  295.943024  ...             True  30Aug-22:32

[1 rows x 8 columns]
2024-08-31 02:31:02,550
------------------------------
open_orders
2024-08-31 02:31:02,550
Empty DataFrame
Columns: []
Index: []
2024-08-31 02:31:03,162
------------------------------
AUMS account:295

2024-08-31 02:31:03,164
--------------- compute_futures_order_book() ----------------
2024-08-31 02:31:04,625
----------------------------------------------------------------------
#0 order(s) to place
gross$: 0$ | net$: +0$
gross%: 0% | net%: +0%
 || w>0%  +0% | w<0%  0%
----------------------------------------------------------------------
PTF Expo% 0.0% >> 0.0% (current>>target)
PTF expo $0.0 >> $0 (current>>target)
----------------------------------------------------------------------
2024-08-31 02:31:04,627
orders_ofthe_day
2024-08-31 02:31:04,627
Empty DataFrame
Columns: [ptf_usd, target_usd, totrd_usd, posttrd_usd, qty, posttrd_qty, posttrd_w, bid, ask, strategy]
Index: []
2024-08-31 02:31:04,688
Orders of the day is empty, current and target potfolios are aligned
2024-08-31 02:31:04,688
Program stopped
