2024-05-12 19:30:46,597
ON program started 20240512 19:30:46,
US time: 20240512 15:30:46
2024-05-12 19:30:47,154
the strat is currently running @ 12-05-2024 and the target positions is LONG
2024-05-12 19:30:48,780
CURRENT STATUS IS LONG
-----
return before 14h30:
BTCUSDT+0.60%, ETHUSDT+0.82%, XRPUSDT-0.22%
-----
target alloc initial:BTCUSDT+16.67%, ETHUSDT+16.67%, XRPUSDT+16.67%
-----
alloc target x rt%<0:BTCUSDT+16.67%, ETHUSDT+16.67%, XRPUSDT+16.67%
-----
           BTCUSDT ETHUSDT XRPUSDT
w_target     16.7%   16.7%   16.7%
rt_14h30     0.01%   0.01%  -0.00%
w_target_f   16.7%   16.7%   16.7%
2024-05-12 19:30:48,781
Portfolio was rebalanced less than 2 hours ago, 1.0 hours ago
2024-05-12 19:30:48,783
Status: prev = LONG <> LONG = target
2024-05-12 19:30:48,783
the strat is currently running @ 12-05-2024 and the target positions is LONG
the strat was previously run @ 2024-05-12 18:30:49, success:? 
   and the current positions is LONG
2024-05-12 19:30:49,987
positions_future #2
2024-05-12 19:30:49,987
      symbol  positionAmt entryPrice  ... adlQuantile AUMs_account        w%
134  XRPUSDT       93.600     0.5016  ...           2        280.0  0.167559
167  ETHUSDT        0.016     2931.9  ...           1        280.0  0.167325

[2 rows x 12 columns]
2024-05-12 19:30:50,229
------------------------------
binance_account_balance
2024-05-12 19:30:50,230
  asset   balance  ...  marginAvailable   updateTime
6  USDT  280.1137  ...             True  12May-18:32

[1 rows x 8 columns]
2024-05-12 19:30:50,894
------------------------------
open_orders
2024-05-12 19:30:50,895
Empty DataFrame
Columns: []
Index: []
2024-05-12 19:30:51,545
------------------------------
AUMS account:280

2024-05-12 19:30:51,546
--------------- compute_futures_order_book() ----------------
2024-05-12 19:30:53,094
----------------------------------------------------------------------
#0 order(s) to place
gross$: 0$ | net$: +0$
gross%: 0% | net%: +0%
 || w>0%  +0% | w<0%  0%
----------------------------------------------------------------------
PTF Expo% 33.5% >> 50.0% (current>>target)
PTF expo $94.0 >> $140 (current>>target)
----------------------------------------------------------------------
2024-05-12 19:30:53,096
orders_ofthe_day
2024-05-12 19:30:53,096
Empty DataFrame
Columns: [ptf_usd, target_usd, totrd_usd, posttrd_usd, qty, posttrd_qty, posttrd_w, bid, ask, strategy]
Index: []
2024-05-12 19:30:53,163
Orders of the day is empty, current and target potfolios are aligned
2024-05-12 19:30:53,163
Program stopped
