2023-08-14 01:30:27,441
ON program started 20230814 01:30:27,
US time: 20230813 21:30:27
2023-08-14 01:30:27,602
the strat is currently running @ 14-08-2023 and the target positions is SHORT
2023-08-14 01:30:28,923
CURRENT STATUS IS SHORT, WE CHECK IF THE DAY IS A NEGATIVE ONE
-----
return before 14h30:
BTCUSDT+0.00%, ETHUSDT+0.00%, XRPUSDT+0.00%
-----
target alloc initial:BTCUSDT-4.17%, ETHUSDT+0.00%, XRPUSDT-4.17%
-----
alloc target x rt%<0:BTCUSDT-0.00%, ETHUSDT+0.00%, XRPUSDT-0.00%
-----
           BTCUSDT ETHUSDT XRPUSDT
w_target     -4.2%    0.0%   -4.2%
rt_14h30     0.00%   0.00%   0.00%
w_target_f   -0.0%    0.0%   -0.0%
2023-08-14 01:30:28,925
Portfolio was rebalanced less than 2 hours ago, 1.0 hours ago
2023-08-14 01:30:28,927
Status: prev = SHORT <> SHORT = target
2023-08-14 01:30:28,927
the strat is currently running @ 14-08-2023 and the target positions is SHORT
the strat was previously run @ 2023-08-14 00:31:10 UTC, success:yes 
   and the current positions is SHORT
2023-08-14 01:30:30,037
positions_future #0
2023-08-14 01:30:30,037
Empty DataFrame
Columns: [symbol, positionAmt, entryPrice, markPrice, unRealizedProfit, value_usd, updateTime, AUMs_account, w%]
Index: []
2023-08-14 01:30:30,046
programm stoppeddd!!! 20230814_013030
