2024-02-10 22:30:41,717
ON program started 20240210 22:30:41,
US time: 20240210 17:30:41
2024-02-10 22:30:42,706
the strat is currently running @ 10-02-2024 and the target positions is LONG
2024-02-10 22:30:45,387
CURRENT STATUS IS LONG
-----
return before 14h30:
BTCUSDT+0.36%, ETHUSDT+0.14%, XRPUSDT-0.89%
-----
target alloc initial:BTCUSDT+16.67%, ETHUSDT+16.67%, XRPUSDT+16.67%
-----
alloc target x rt%<0:BTCUSDT+16.67%, ETHUSDT+16.67%, XRPUSDT+16.67%
-----
           BTCUSDT ETHUSDT XRPUSDT
w_target     16.7%   16.7%   16.7%
rt_14h30     0.00%   0.00%  -0.01%
w_target_f   16.7%   16.7%   16.7%
2024-02-10 22:30:45,388
Portfolio was rebalanced less than 2 hours ago, 1.0 hours ago
2024-02-10 22:30:45,390
Status: prev = LONG <> LONG = target
2024-02-10 22:30:45,390
the strat is currently running @ 10-02-2024 and the target positions is LONG
the strat was previously run @ 2024-02-10 21:30:47, success:yes 
   and the current positions is LONG
2024-02-10 22:30:46,580
positions_future #2
2024-02-10 22:30:46,581
      symbol  positionAmt entryPrice  ... adlQuantile AUMs_account        w%
119  XRPUSDT       91.900     0.5227  ...           2        289.9  0.165900
148  ETHUSDT        0.019     2493.9  ...           1        289.9  0.163469

[2 rows x 12 columns]
2024-02-10 22:30:46,661
programm stoppeddd!!! 20240210_223046
