2024-02-10 01:31:02,223
ON program started 20240210 01:31:02,
US time: 20240209 20:31:02
2024-02-10 01:31:03,254
the strat is currently running @ 10-02-2024 and the target positions is SHORT
2024-02-10 01:31:06,329
CURRENT STATUS IS SHORT, WE CHECK IF THE DAY IS A NEGATIVE ONE
-----
return before 14h30:
BTCUSDT+0.18%, ETHUSDT+0.36%, XRPUSDT-0.23%
-----
target alloc initial:BTCUSDT-4.17%, ETHUSDT+0.00%, XRPUSDT-4.17%
-----
alloc target x rt%<0:BTCUSDT-0.00%, ETHUSDT+0.00%, XRPUSDT-4.17%
-----
           BTCUSDT ETHUSDT XRPUSDT
w_target     -4.2%    0.0%   -4.2%
rt_14h30     0.00%   0.00%  -0.00%
w_target_f   -0.0%    0.0%   -4.2%
2024-02-10 01:31:06,330
Portfolio was rebalanced less than 2 hours ago, 1.0 hours ago
2024-02-10 01:31:06,332
Status: prev = SHORT <> SHORT = target
2024-02-10 01:31:06,332
the strat is currently running @ 10-02-2024 and the target positions is SHORT
the strat was previously run @ 2024-02-10 00:31:10, success:? 
   and the current positions is SHORT
2024-02-10 01:31:07,527
positions_future #1
2024-02-10 01:31:07,527
      symbol  positionAmt entryPrice  ... adlQuantile AUMs_account        w%
119  XRPUSDT        -22.8     0.5254  ...           2        289.9 -0.041269

[1 rows x 12 columns]
2024-02-10 01:31:07,767
------------------------------
binance_account_balance
2024-02-10 01:31:07,767
  asset     balance  ...  marginAvailable   updateTime
5  USDT  289.925527  ...             True  10Feb-00:34

[1 rows x 8 columns]
2024-02-10 01:31:08,219
------------------------------
open_orders
2024-02-10 01:31:08,219
Empty DataFrame
Columns: []
Index: []
2024-02-10 01:31:08,873
------------------------------
AUMS account:289

2024-02-10 01:31:08,875
--------------- compute_futures_order_book() ----------------
2024-02-10 01:31:10,419
----------------------------------------------------------------------
#0 order(s) to place
gross$: 0$ | net$: +0$
gross%: 0% | net%: +0%
 || w>0%  +0% | w<0%  0%
----------------------------------------------------------------------
PTF Expo% -4.1% >> -4.1% (current>>target)
PTF expo $-12.0 >> $-12 (current>>target)
----------------------------------------------------------------------
2024-02-10 01:31:10,420
orders_ofthe_day
2024-02-10 01:31:10,420
Empty DataFrame
Columns: [ptf_usd, target_usd, totrd_usd, posttrd_usd, qty, posttrd_qty, posttrd_w, bid, ask, strategy]
Index: []
2024-02-10 01:31:10,482
Orders of the day is empty, current and target potfolios are aligned
2024-02-10 01:31:10,482
Program stopped
