2024-08-08 20:31:04,055
ON program started 20240808 20:31:04,
US time: 20240808 16:31:04
2024-08-08 20:31:04,807
the strat is currently running @ 08-08-2024 and the target positions is LONG
2024-08-08 20:31:06,144
CURRENT STATUS IS LONG
-----
return before 14h30:
BTCUSDT+3.87%, ETHUSDT+3.90%, XRPUSDT+0.37%
-----
target alloc initial:BTCUSDT+16.67%, ETHUSDT+16.67%, XRPUSDT+16.67%
-----
alloc target x rt%<0:BTCUSDT+16.67%, ETHUSDT+16.67%, XRPUSDT+16.67%
-----
           BTCUSDT ETHUSDT XRPUSDT
w_target     16.7%   16.7%   16.7%
rt_14h30     0.04%   0.04%   0.00%
w_target_f   16.7%   16.7%   16.7%
2024-08-08 20:31:06,145
Portfolio was rebalanced less than 2 hours ago, 1.0 hours ago
2024-08-08 20:31:06,147
Status: prev = LONG <> LONG = target
2024-08-08 20:31:06,147
the strat is currently running @ 08-08-2024 and the target positions is LONG
the strat was previously run @ 2024-08-08 19:30:41, success:yes 
   and the current positions is LONG
2024-08-08 20:31:07,330
positions_future #2
2024-08-08 20:31:07,330
      symbol  positionAmt entryPrice  ... adlQuantile AUMs_account        w%
165  ETHUSDT         0.02    2584.55  ...           1        306.1  0.168460
130  XRPUSDT        81.90     0.6221  ...           1        306.1  0.165773

[2 rows x 12 columns]
2024-08-08 20:31:07,416
programm stoppeddd!!! 20240808_203107
