2023-08-26 22:31:02,469
ON program started 20230826 22:31:02,
US time: 20230826 18:31:02
2023-08-26 22:31:03,040
the strat is currently running @ 26-08-2023 and the target positions is SHORT
2023-08-26 22:31:04,457
CURRENT STATUS IS SHORT, WE CHECK IF THE DAY IS A NEGATIVE ONE
-----
return before 14h30:
BTCUSDT-0.20%, ETHUSDT-0.50%, XRPUSDT+0.25%
-----
target alloc initial:BTCUSDT-4.17%, ETHUSDT+0.00%, XRPUSDT-4.17%
-----
alloc target x rt%<0:BTCUSDT-4.17%, ETHUSDT+0.00%, XRPUSDT-0.00%
-----
           BTCUSDT ETHUSDT XRPUSDT
w_target     -4.2%    0.0%   -4.2%
rt_14h30    -0.00%  -0.00%   0.00%
w_target_f   -4.2%    0.0%   -0.0%
2023-08-26 22:31:04,460
Portfolio was rebalanced less than 2 hours ago, 1.0 hours ago
2023-08-26 22:31:04,462
Status: prev = SHORT <> LONG = target
2023-08-26 22:31:04,463
the strat is currently running @ 26-08-2023 and the target positions is SHORT
the strat was previously run @ 2023-08-26 21:31:07 UTC, success:yes 
   and the current positions is LONG
2023-08-26 22:31:05,624
positions_future #3
2023-08-26 22:31:05,624
      symbol  positionAmt entryPrice  ...   updateTime  AUMs_account        w%
225  BTCUSDT        0.002    26005.6  ...  26Aug-18:37         276.7  0.188119
138  ETHUSDT        0.028    1643.76  ...  26Aug-18:34         276.7  0.166818
111  XRPUSDT       87.900     0.5241  ...  26Aug-18:34         276.7  0.166671

[3 rows x 9 columns]
2023-08-26 22:31:05,864
------------------------------
binance_account_balance
2023-08-26 22:31:05,864
  asset     balance  ... marginAvailable   updateTime
5  USDT  276.460539  ...            True  26Aug-18:37

[1 rows x 8 columns]
2023-08-26 22:31:06,766
------------------------------
open_orders
2023-08-26 22:31:06,766
                                      0  ...                           2
symbol                          BTCUSDT  ...                     XRPUSDT
status                              NEW  ...                         NEW
price                                 0  ...                           0
avgPrice                              0  ...                           0
origQty                           0.002  ...                        87.9
executedQty                           0  ...                           0
type                        STOP_MARKET  ...                 STOP_MARKET
side                               SELL  ...                        SELL
stopPrice                      24701.70  ...                      0.4984
time         2023-08-26 18:37:29.540000  ...  2023-08-26 18:37:29.981000
updateTime   2023-08-26 18:37:29.540000  ...  2023-08-26 18:37:29.981000

[11 rows x 3 columns]
2023-08-26 22:31:10,108
------------------------------
AUMS account:276

2023-08-26 22:31:10,110
--------------- compute_futures_order_book() ----------------
2023-08-26 22:31:11,671
----------------------------------------------------------------------
#3 order(s) to place
gross$: 144$ | net$: -144$
gross%: 52% | net%: -52%
 || w>0%  +0% | w<0%  -52%
----------------------------------------------------------------------
PTF Expo% 52.0% >> -4.1% (current>>target)
PTF expo $144.0 >> $-11 (current>>target)
----------------------------------------------------------------------
2023-08-26 22:31:11,673
orders_ofthe_day
2023-08-26 22:31:11,673
                  ptf_usd  target_usd  ...         bid         ask
2023-08-26 22:31                       ...                        
BTCUSDT              52.0      -11.54  ...  26023.2000  26023.3000
ETHUSDT              46.0        0.00  ...   1648.3200   1648.3300
XRPUSDT              46.0       -0.00  ...      0.5245      0.5246

[3 rows x 9 columns]
2023-08-26 22:31:13,183
binance_place_orders_peg 20230826_223113
2023-08-26 22:31:13,633
{'orderId': 184247989920, 'symbol': 'BTCUSDT', 'status': 'NEW', 'clientOrderId': 'lq9iGiguRs9KQXwAEi8ktF', 'price': '26036.30', 'avgPrice': '0.00', 'origQty': '0.002', 'executedQty': '0.000', 'cumQty': '0.000', 'cumQuote': '0.00000', 'timeInForce': 'GTC', 'type': 'LIMIT', 'reduceOnly': False, 'closePosition': False, 'side': 'SELL', 'positionSide': 'BOTH', 'stopPrice': '0.00', 'workingType': 'CONTRACT_PRICE', 'priceProtect': False, 'origType': 'LIMIT', 'updateTime': 1693089073512}
2023-08-26 22:31:14,078
{'orderId': 8389765614381519259, 'symbol': 'ETHUSDT', 'status': 'NEW', 'clientOrderId': 'A4PDbTiR9fjFuKMczYtrMp', 'price': '1649.15', 'avgPrice': '0.00', 'origQty': '0.028', 'executedQty': '0.000', 'cumQty': '0.000', 'cumQuote': '0.00000', 'timeInForce': 'GTC', 'type': 'LIMIT', 'reduceOnly': False, 'closePosition': False, 'side': 'SELL', 'positionSide': 'BOTH', 'stopPrice': '0.00', 'workingType': 'CONTRACT_PRICE', 'priceProtect': False, 'origType': 'LIMIT', 'updateTime': 1693089073959}
2023-08-26 22:31:14,517
{'orderId': 40215751944, 'symbol': 'XRPUSDT', 'status': 'NEW', 'clientOrderId': 'Fwy9P8M1aQbTfuyN1TLdD3', 'price': '0.5249', 'avgPrice': '0.00', 'origQty': '87.9', 'executedQty': '0.0', 'cumQty': '0.0', 'cumQuote': '0.00000', 'timeInForce': 'GTC', 'type': 'LIMIT', 'reduceOnly': False, 'closePosition': False, 'side': 'SELL', 'positionSide': 'BOTH', 'stopPrice': '0.0000', 'workingType': 'CONTRACT_PRICE', 'priceProtect': False, 'origType': 'LIMIT', 'updateTime': 1693089074407}
2023-08-26 22:31:15,830
update 0: filled 0 / 3 () | working 3 / 3 (-BTCUSDT,-ETHUSDT,-XRPUSDT)
2023-08-26 22:31:19,831
-BTCUSDT: bp5.0|-ETHUSDT: bp5.0|-XRPUSDT: bp6.0|
2023-08-26 22:31:21,144
update 1: filled 0 / 3 () | working 3 / 3 (-BTCUSDT,-ETHUSDT,-XRPUSDT)
2023-08-26 22:31:25,145
-BTCUSDT: bp5.0|-ETHUSDT: bp5.0|-XRPUSDT: bp8.0|
2023-08-26 22:31:26,458
update 2: filled 0 / 3 () | working 3 / 3 (-BTCUSDT,-ETHUSDT,-XRPUSDT)
2023-08-26 22:31:30,459
-BTCUSDT: bp5.0|-ETHUSDT: bp5.0|-XRPUSDT: bp10.0|
2023-08-26 22:31:31,772
update 3: filled 0 / 3 () | working 3 / 3 (-BTCUSDT,-ETHUSDT,-XRPUSDT)
2023-08-26 22:31:35,772
-BTCUSDT: bp5.0|-ETHUSDT: bp5.0|-XRPUSDT: bp10.0|
2023-08-26 22:31:37,087
update 4: filled 0 / 3 () | working 3 / 3 (-BTCUSDT,-ETHUSDT,-XRPUSDT)
2023-08-26 22:31:41,088
-BTCUSDT: bp5.0|-ETHUSDT: bp5.0|-XRPUSDT: bp10.0|
2023-08-26 22:31:42,399
update 5: filled 0 / 3 () | working 3 / 3 (-BTCUSDT,-ETHUSDT,-XRPUSDT)
2023-08-26 22:31:46,399
-BTCUSDT: bp5.0|-ETHUSDT: bp5.0|-XRPUSDT: bp10.0|
2023-08-26 22:31:47,714
update 6: filled 0 / 3 () | working 3 / 3 (-BTCUSDT,-ETHUSDT,-XRPUSDT)
2023-08-26 22:31:51,714
-BTCUSDT: bp5.0|-ETHUSDT: bp5.0|-XRPUSDT: bp10.0|
2023-08-26 22:31:53,033
update 7: filled 0 / 3 () | working 3 / 3 (-BTCUSDT,-ETHUSDT,-XRPUSDT)
2023-08-26 22:31:57,034
-BTCUSDT: bp5.0|-ETHUSDT: bp5.0|-XRPUSDT: bp6.0|
2023-08-26 22:31:58,346
update 8: filled 0 / 3 () | working 3 / 3 (-BTCUSDT,-ETHUSDT,-XRPUSDT)
2023-08-26 22:32:02,346
-BTCUSDT: bp5.0|-ETHUSDT: bp5.0|-XRPUSDT: bp6.0|
2023-08-26 22:32:03,658
update 9: filled 0 / 3 () | working 3 / 3 (-BTCUSDT,-ETHUSDT,-XRPUSDT)
2023-08-26 22:32:07,659
-BTCUSDT: bp5.0|-ETHUSDT: bp5.0|-XRPUSDT: bp6.0|
2023-08-26 22:32:08,975
update 10: filled 0 / 3 () | working 3 / 3 (-BTCUSDT,-ETHUSDT,-XRPUSDT)
2023-08-26 22:32:12,976
-BTCUSDT: bp5.0|-ETHUSDT: bp5.0|-XRPUSDT: bp8.0|
2023-08-26 22:32:14,292
update 11: filled 0 / 3 () | working 3 / 3 (-BTCUSDT,-ETHUSDT,-XRPUSDT)
2023-08-26 22:32:18,293
-BTCUSDT: bp5.0|-ETHUSDT: bp5.0|-XRPUSDT: bp8.0|
2023-08-26 22:32:19,607
update 12: filled 0 / 3 () | working 3 / 3 (-BTCUSDT,-ETHUSDT,-XRPUSDT)
2023-08-26 22:32:23,608
-BTCUSDT: bp5.0|-ETHUSDT: bp5.0|-XRPUSDT: bp6.0|
2023-08-26 22:32:24,922
update 13: filled 0 / 3 () | working 3 / 3 (-BTCUSDT,-ETHUSDT,-XRPUSDT)
2023-08-26 22:32:28,923
-BTCUSDT: bp5.0|-ETHUSDT: bp5.0|-XRPUSDT: bp8.0|
2023-08-26 22:32:30,239
update 14: filled 0 / 3 () | working 3 / 3 (-BTCUSDT,-ETHUSDT,-XRPUSDT)
2023-08-26 22:32:34,239
-BTCUSDT: bp5.0|-ETHUSDT: bp5.0|-XRPUSDT: bp8.0|
2023-08-26 22:32:34,240
Adjustment limit #1 ... 
 we cancel current orders and replace
2023-08-26 22:32:34,240
@+/-2.5bp limit 
2023-08-26 22:32:34,240
binance_cancel_and_replace_orders_peg 20230826_223234
2023-08-26 22:32:36,223
binance_place_orders_peg 20230826_223236
2023-08-26 22:32:36,665
{'orderId': 184248165409, 'symbol': 'BTCUSDT', 'status': 'NEW', 'clientOrderId': 'CXvfO1909XW2Df0DE3FoBF', 'price': '26029.80', 'avgPrice': '0.00', 'origQty': '0.002', 'executedQty': '0.000', 'cumQty': '0.000', 'cumQuote': '0.00000', 'timeInForce': 'GTC', 'type': 'LIMIT', 'reduceOnly': False, 'closePosition': False, 'side': 'SELL', 'positionSide': 'BOTH', 'stopPrice': '0.00', 'workingType': 'CONTRACT_PRICE', 'priceProtect': False, 'origType': 'LIMIT', 'updateTime': 1693089156552}
2023-08-26 22:32:37,106
{'orderId': 8389765614381575804, 'symbol': 'ETHUSDT', 'status': 'NEW', 'clientOrderId': 'axGJaqZ4lHUetgwckWnWrC', 'price': '1648.74', 'avgPrice': '0.00', 'origQty': '0.028', 'executedQty': '0.000', 'cumQty': '0.000', 'cumQuote': '0.00000', 'timeInForce': 'GTC', 'type': 'LIMIT', 'reduceOnly': False, 'closePosition': False, 'side': 'SELL', 'positionSide': 'BOTH', 'stopPrice': '0.00', 'workingType': 'CONTRACT_PRICE', 'priceProtect': False, 'origType': 'LIMIT', 'updateTime': 1693089156993}
2023-08-26 22:32:37,547
{'orderId': 40215787830, 'symbol': 'XRPUSDT', 'status': 'NEW', 'clientOrderId': 'VzWpufRIaios7ogovEGVmu', 'price': '0.5247', 'avgPrice': '0.00', 'origQty': '87.9', 'executedQty': '0.0', 'cumQty': '0.0', 'cumQuote': '0.00000', 'timeInForce': 'GTC', 'type': 'LIMIT', 'reduceOnly': False, 'closePosition': False, 'side': 'SELL', 'positionSide': 'BOTH', 'stopPrice': '0.0000', 'workingType': 'CONTRACT_PRICE', 'priceProtect': False, 'origType': 'LIMIT', 'updateTime': 1693089157434}
2023-08-26 22:32:38,861
update 0: filled 0 / 3 () | working 3 / 3 (-BTCUSDT,-ETHUSDT,-XRPUSDT)
2023-08-26 22:32:42,862
-BTCUSDT: bp3.0|-ETHUSDT: bp2.0|-XRPUSDT: bp2.0|
2023-08-26 22:32:44,177
update 1: filled 0 / 3 () | working 3 / 3 (-BTCUSDT,-ETHUSDT,-XRPUSDT)
2023-08-26 22:32:48,177
-BTCUSDT: bp3.0|-ETHUSDT: bp3.0|-XRPUSDT: bp4.0|
2023-08-26 22:32:49,490
update 2: filled 0 / 3 () | working 3 / 3 (-BTCUSDT,-ETHUSDT,-XRPUSDT)
2023-08-26 22:32:53,491
-BTCUSDT: bp3.0|-ETHUSDT: bp3.0|-XRPUSDT: bp4.0|
2023-08-26 22:32:54,804
update 3: filled 0 / 3 () | working 3 / 3 (-BTCUSDT,-ETHUSDT,-XRPUSDT)
2023-08-26 22:32:58,805
-BTCUSDT: bp3.0|-ETHUSDT: bp3.0|-XRPUSDT: bp4.0|
2023-08-26 22:33:00,121
update 4: filled 0 / 3 () | working 3 / 3 (-BTCUSDT,-ETHUSDT,-XRPUSDT)
2023-08-26 22:33:04,121
-BTCUSDT: bp3.0|-ETHUSDT: bp3.0|-XRPUSDT: bp4.0|
2023-08-26 22:33:05,434
update 5: filled 0 / 3 () | working 3 / 3 (-BTCUSDT,-ETHUSDT,-XRPUSDT)
2023-08-26 22:33:09,435
-BTCUSDT: bp0.0|-ETHUSDT: bp1.0|-XRPUSDT: bp0.0|
2023-08-26 22:33:10,748
update 6: filled 0 / 3 () | working 3 / 3 (-BTCUSDT,-ETHUSDT,-XRPUSDT)
2023-08-26 22:33:14,749
-BTCUSDT: bp0.0|-ETHUSDT: bp1.0|-XRPUSDT: bp2.0|
2023-08-26 22:33:16,060
update 7: filled 1 / 3 (-XRPUSDT) | working 2 / 3 (-BTCUSDT,-ETHUSDT)
2023-08-26 22:33:20,061
-BTCUSDT: bp0.0|-ETHUSDT: bp1.0|
2023-08-26 22:33:21,372
update 8: filled 1 / 3 (-XRPUSDT) | working 2 / 3 (-BTCUSDT,-ETHUSDT)
2023-08-26 22:33:25,372
-BTCUSDT: bp0.0|-ETHUSDT: bp1.0|
2023-08-26 22:33:26,684
update 9: filled 2 / 3 (-BTCUSDT,-XRPUSDT) | working 1 / 3 (-ETHUSDT)
2023-08-26 22:33:30,685
-ETHUSDT: bp1.0|
2023-08-26 22:33:31,997
update 10: filled 2 / 3 (-BTCUSDT,-XRPUSDT) | working 1 / 3 (-ETHUSDT)
2023-08-26 22:33:35,998
-ETHUSDT: bp1.0|
2023-08-26 22:33:37,312
update 11: filled 2 / 3 (-BTCUSDT,-XRPUSDT) | working 1 / 3 (-ETHUSDT)
2023-08-26 22:33:41,313
-ETHUSDT: bp1.0|
2023-08-26 22:33:42,626
update 12: filled 2 / 3 (-BTCUSDT,-XRPUSDT) | working 1 / 3 (-ETHUSDT)
2023-08-26 22:33:46,627
-ETHUSDT: bp1.0|
2023-08-26 22:33:47,938
update 13: filled 2 / 3 (-BTCUSDT,-XRPUSDT) | working 1 / 3 (-ETHUSDT)
2023-08-26 22:33:51,939
-ETHUSDT: bp2.0|
2023-08-26 22:33:53,253
update 14: filled 2 / 3 (-BTCUSDT,-XRPUSDT) | working 1 / 3 (-ETHUSDT)
2023-08-26 22:33:57,254
-ETHUSDT: bp2.0|
2023-08-26 22:33:57,254
Adjustment limit #2 ... 
 we cancel current orders and replace
2023-08-26 22:33:57,254
@+/-1.25bp limit 
2023-08-26 22:33:57,254
binance_cancel_and_replace_orders_peg 20230826_223357
2023-08-26 22:33:59,230
binance_place_orders_peg 20230826_223359
2023-08-26 22:33:59,671
{'orderId': 8389765614381666562, 'symbol': 'ETHUSDT', 'status': 'NEW', 'clientOrderId': '6j2UVpJ4jUUnAigWkMnloU', 'price': '1648.57', 'avgPrice': '0.00', 'origQty': '0.028', 'executedQty': '0.000', 'cumQty': '0.000', 'cumQuote': '0.00000', 'timeInForce': 'GTC', 'type': 'LIMIT', 'reduceOnly': False, 'closePosition': False, 'side': 'SELL', 'positionSide': 'BOTH', 'stopPrice': '0.00', 'workingType': 'CONTRACT_PRICE', 'priceProtect': False, 'origType': 'LIMIT', 'updateTime': 1693089239558}
2023-08-26 22:34:00,984
update 0: filled 2 / 3 (-BTCUSDT,-XRPUSDT) | working 1 / 3 (-ETHUSDT)
2023-08-26 22:34:04,985
-ETHUSDT: bp1.0|
2023-08-26 22:34:06,395
update 1: filled 2 / 3 (-BTCUSDT,-XRPUSDT) | working 1 / 3 (-ETHUSDT)
2023-08-26 22:34:10,395
-ETHUSDT: bp2.0|
2023-08-26 22:34:11,709
update 2: filled 2 / 3 (-BTCUSDT,-XRPUSDT) | working 1 / 3 (-ETHUSDT)
2023-08-26 22:34:15,710
-ETHUSDT: bp3.0|
2023-08-26 22:34:17,024
update 3: filled 2 / 3 (-BTCUSDT,-XRPUSDT) | working 1 / 3 (-ETHUSDT)
2023-08-26 22:34:21,025
-ETHUSDT: bp3.0|
2023-08-26 22:34:22,337
update 4: filled 2 / 3 (-BTCUSDT,-XRPUSDT) | working 1 / 3 (-ETHUSDT)
2023-08-26 22:34:26,338
-ETHUSDT: bp3.0|
2023-08-26 22:34:27,650
update 5: filled 2 / 3 (-BTCUSDT,-XRPUSDT) | working 1 / 3 (-ETHUSDT)
2023-08-26 22:34:31,651
-ETHUSDT: bp3.0|
2023-08-26 22:34:32,964
update 6: filled 2 / 3 (-BTCUSDT,-XRPUSDT) | working 1 / 3 (-ETHUSDT)
2023-08-26 22:34:36,965
-ETHUSDT: bp3.0|
2023-08-26 22:34:38,279
update 7: filled 2 / 3 (-BTCUSDT,-XRPUSDT) | working 1 / 3 (-ETHUSDT)
2023-08-26 22:34:42,279
-ETHUSDT: bp3.0|
2023-08-26 22:34:43,597
update 8: filled 2 / 3 (-BTCUSDT,-XRPUSDT) | working 1 / 3 (-ETHUSDT)
2023-08-26 22:34:47,598
-ETHUSDT: bp3.0|
2023-08-26 22:34:48,910
update 9: filled 2 / 3 (-BTCUSDT,-XRPUSDT) | working 1 / 3 (-ETHUSDT)
2023-08-26 22:34:52,911
-ETHUSDT: bp3.0|
2023-08-26 22:34:54,228
update 10: filled 2 / 3 (-BTCUSDT,-XRPUSDT) | working 1 / 3 (-ETHUSDT)
2023-08-26 22:34:58,228
-ETHUSDT: bp3.0|
2023-08-26 22:34:59,540
update 11: filled 2 / 3 (-BTCUSDT,-XRPUSDT) | working 1 / 3 (-ETHUSDT)
2023-08-26 22:35:03,541
-ETHUSDT: bp3.0|
2023-08-26 22:35:04,854
update 12: filled 2 / 3 (-BTCUSDT,-XRPUSDT) | working 1 / 3 (-ETHUSDT)
2023-08-26 22:35:08,855
-ETHUSDT: bp3.0|
2023-08-26 22:35:10,169
update 13: filled 2 / 3 (-BTCUSDT,-XRPUSDT) | working 1 / 3 (-ETHUSDT)
2023-08-26 22:35:14,170
-ETHUSDT: bp3.0|
2023-08-26 22:35:15,484
update 14: filled 2 / 3 (-BTCUSDT,-XRPUSDT) | working 1 / 3 (-ETHUSDT)
2023-08-26 22:35:19,485
-ETHUSDT: bp3.0|
2023-08-26 22:35:19,485
Adjustment limit #3 ... 
 we cancel current orders and replace
2023-08-26 22:35:19,485
@+/-0.625bp limit 
2023-08-26 22:35:19,485
binance_cancel_and_replace_orders_peg 20230826_223519
2023-08-26 22:35:21,466
binance_place_orders_peg 20230826_223521
2023-08-26 22:35:21,907
{'orderId': 8389765614381768573, 'symbol': 'ETHUSDT', 'status': 'NEW', 'clientOrderId': 'PvDpqcsXuhq1lCFD4fDRSK', 'price': '1648.38', 'avgPrice': '0.00', 'origQty': '0.028', 'executedQty': '0.000', 'cumQty': '0.000', 'cumQuote': '0.00000', 'timeInForce': 'GTC', 'type': 'LIMIT', 'reduceOnly': False, 'closePosition': False, 'side': 'SELL', 'positionSide': 'BOTH', 'stopPrice': '0.00', 'workingType': 'CONTRACT_PRICE', 'priceProtect': False, 'origType': 'LIMIT', 'updateTime': 1693089321793}
2023-08-26 22:35:23,227
update 0: filled 2 / 3 (-BTCUSDT,-XRPUSDT) | working 1 / 3 (-ETHUSDT)
2023-08-26 22:35:27,228
-ETHUSDT: bp1.0|
2023-08-26 22:35:28,540
update 1: filled 2 / 3 (-BTCUSDT,-XRPUSDT) | working 1 / 3 (-ETHUSDT)
2023-08-26 22:35:32,541
-ETHUSDT: bp1.0|
2023-08-26 22:35:33,855
update 2: filled 2 / 3 (-BTCUSDT,-XRPUSDT) | working 1 / 3 (-ETHUSDT)
2023-08-26 22:35:37,856
-ETHUSDT: bp0.0|
2023-08-26 22:35:39,170
update 3: filled 2 / 3 (-BTCUSDT,-XRPUSDT) | working 1 / 3 (-ETHUSDT)
2023-08-26 22:35:43,171
-ETHUSDT: bp0.0|
2023-08-26 22:35:44,483
update 4: filled 2 / 3 (-BTCUSDT,-XRPUSDT) | working 1 / 3 (-ETHUSDT)
2023-08-26 22:35:48,484
-ETHUSDT: bp0.0|
2023-08-26 22:35:49,798
update 5: filled 2 / 3 (-BTCUSDT,-XRPUSDT) | working 1 / 3 (-ETHUSDT)
2023-08-26 22:35:53,798
-ETHUSDT: bp0.0|
2023-08-26 22:35:55,112
update 6: filled 2 / 3 (-BTCUSDT,-XRPUSDT) | working 1 / 3 (-ETHUSDT)
2023-08-26 22:35:59,113
-ETHUSDT: bp0.0|
2023-08-26 22:36:00,423
update 7: filled 2 / 3 (-BTCUSDT,-XRPUSDT) | working 1 / 3 (-ETHUSDT)
2023-08-26 22:36:04,424
-ETHUSDT: bp0.0|
2023-08-26 22:36:05,735
update 8: filled 2 / 3 (-BTCUSDT,-XRPUSDT) | working 1 / 3 (-ETHUSDT)
2023-08-26 22:36:09,735
-ETHUSDT: bp0.0|
2023-08-26 22:36:11,049
update 9: filled 2 / 3 (-BTCUSDT,-XRPUSDT) | working 1 / 3 (-ETHUSDT)
2023-08-26 22:36:15,050
-ETHUSDT: bp2.0|
2023-08-26 22:36:16,363
update 10: filled 2 / 3 (-BTCUSDT,-XRPUSDT) | working 1 / 3 (-ETHUSDT)
2023-08-26 22:36:20,363
-ETHUSDT: bp3.0|
2023-08-26 22:36:21,675
update 11: filled 2 / 3 (-BTCUSDT,-XRPUSDT) | working 1 / 3 (-ETHUSDT)
2023-08-26 22:36:25,676
-ETHUSDT: bp3.0|
2023-08-26 22:36:26,988
update 12: filled 2 / 3 (-BTCUSDT,-XRPUSDT) | working 1 / 3 (-ETHUSDT)
2023-08-26 22:36:30,989
-ETHUSDT: bp3.0|
2023-08-26 22:36:32,301
update 13: filled 2 / 3 (-BTCUSDT,-XRPUSDT) | working 1 / 3 (-ETHUSDT)
2023-08-26 22:36:36,302
-ETHUSDT: bp3.0|
2023-08-26 22:36:37,617
update 14: filled 2 / 3 (-BTCUSDT,-XRPUSDT) | working 1 / 3 (-ETHUSDT)
2023-08-26 22:36:41,618
-ETHUSDT: bp3.0|
2023-08-26 22:36:41,618
Adjustment limit #4 ... 
 we cancel current orders and replace
2023-08-26 22:36:41,618
@+/-0.3125bp limit 
2023-08-26 22:36:41,618
binance_cancel_and_replace_orders_peg 20230826_223641
2023-08-26 22:36:43,607
binance_place_orders_peg 20230826_223643
2023-08-26 22:36:44,053
{'orderId': 8389765614381911168, 'symbol': 'ETHUSDT', 'status': 'NEW', 'clientOrderId': 'yNVcwHOfGVn5vajD4tGQWY', 'price': '1647.80', 'avgPrice': '0.00', 'origQty': '0.028', 'executedQty': '0.000', 'cumQty': '0.000', 'cumQuote': '0.00000', 'timeInForce': 'GTC', 'type': 'LIMIT', 'reduceOnly': False, 'closePosition': False, 'side': 'SELL', 'positionSide': 'BOTH', 'stopPrice': '0.00', 'workingType': 'CONTRACT_PRICE', 'priceProtect': False, 'origType': 'LIMIT', 'updateTime': 1693089403936}
2023-08-26 22:36:45,367
update 0: filled 2 / 3 (-BTCUSDT,-XRPUSDT) | working 1 / 3 (-ETHUSDT)
2023-08-26 22:36:49,368
-ETHUSDT: bp0.0|
2023-08-26 22:36:50,682
update 1: filled 2 / 3 (-BTCUSDT,-XRPUSDT) | working 1 / 3 (-ETHUSDT)
2023-08-26 22:36:54,683
-ETHUSDT: bp0.0|
2023-08-26 22:36:55,997
update 2: filled 2 / 3 (-BTCUSDT,-XRPUSDT) | working 1 / 3 (-ETHUSDT)
2023-08-26 22:36:59,998
-ETHUSDT: bp0.0|
2023-08-26 22:37:01,312
update 3: filled 2 / 3 (-BTCUSDT,-XRPUSDT) | working 1 / 3 (-ETHUSDT)
2023-08-26 22:37:05,313
-ETHUSDT: bp0.0|
2023-08-26 22:37:06,685
update 4: filled 2 / 3 (-BTCUSDT,-XRPUSDT) | working 1 / 3 (-ETHUSDT)
2023-08-26 22:37:10,686
-ETHUSDT: bp0.0|
2023-08-26 22:37:12,000
update 5: filled 3 / 3 (-BTCUSDT,-XRPUSDT,-ETHUSDT) | working 0 / 3 ()
2023-08-26 22:37:18,882
Trades of the day
in$
as of: 26Aug 22:33>>22:37 (#trades: 3)
trade net: -144.0 (-52.0%), trade gross: +144.0 (+52.0%), BUY: +0.0 (+0.0%), SELL: -144.0 (-52.0%)
fees: $ 0.029 (2.0bp)
2023-08-26 22:37:19,552
Trades: 
Filled #3
______________________________________________
                   in$ | in bp 144 traded | in bp 276 AUMs
realizedPnl    +0.21   | +15     | +8     
PnLvsArrival   +0.01   | +1      | +0     
PnLvsLast      +0.05   | +3      | +2     
______________________________________________
                 | Value$ | PnL Arrival/Last 
______________________________________________
BTC:-0.002@26029.8 | -52$ | 0.01/0.01
ETH:-0.028@1647.8 | -46$ | -0.01/-0
XRP:-87.9@0.5247 | -46$ | 0.01/0.04
2023-08-26 22:37:20,099
***************************
Positions after orders
***************************
2023-08-26 22:37:20,099
********No Position************
2023-08-26 22:37:20,099
***************************
2023-08-26 22:37:20,752
3 STOP orders will be placed
2023-08-26 22:37:20,752
@+/-500.0bp limit
2023-08-26 22:37:20,753
binance_place_orders_peg 20230826_223720
