2024-02-11 22:30:48,197
ON program started 20240211 22:30:48,
US time: 20240211 17:30:48
2024-02-11 22:30:49,192
the strat is currently running @ 11-02-2024 and the target positions is LONG
2024-02-11 22:30:50,615
CURRENT STATUS IS LONG
-----
return before 14h30:
BTCUSDT+0.64%, ETHUSDT+0.42%, XRPUSDT+1.03%
-----
target alloc initial:BTCUSDT+16.67%, ETHUSDT+16.67%, XRPUSDT+16.67%
-----
alloc target x rt%<0:BTCUSDT+16.67%, ETHUSDT+16.67%, XRPUSDT+16.67%
-----
           BTCUSDT ETHUSDT XRPUSDT
w_target     16.7%   16.7%   16.7%
rt_14h30     0.01%   0.00%   0.01%
w_target_f   16.7%   16.7%   16.7%
2024-02-11 22:30:50,616
Portfolio was rebalanced less than 2 hours ago, 1.0 hours ago
2024-02-11 22:30:50,618
Status: prev = LONG <> LONG = target
2024-02-11 22:30:50,618
the strat is currently running @ 11-02-2024 and the target positions is LONG
the strat was previously run @ 2024-02-11 21:30:41, success:yes 
   and the current positions is LONG
2024-02-11 22:30:51,858
positions_future #2
2024-02-11 22:30:51,858
      symbol  positionAmt entryPrice  ... adlQuantile AUMs_account        w%
119  XRPUSDT       90.700     0.5296  ...           1        289.5  0.164582
148  ETHUSDT        0.019    2507.54  ...           1        289.5  0.164428

[2 rows x 12 columns]
2024-02-11 22:30:51,954
programm stoppeddd!!! 20240211_223051
