2023-08-29 18:30:33,329
ON program started 20230829 18:30:33,
US time: 20230829 14:30:33
2023-08-29 18:30:33,884
the strat is currently running @ 29-08-2023 and the target positions is LONG
2023-08-29 18:30:35,301
CURRENT STATUS IS LONG
-----
return before 14h30:
BTCUSDT+6.94%, ETHUSDT+4.93%, XRPUSDT+3.88%
-----
target alloc initial:BTCUSDT+16.67%, ETHUSDT+16.67%, XRPUSDT+16.67%
-----
alloc target x rt%<0:BTCUSDT+16.67%, ETHUSDT+16.67%, XRPUSDT+16.67%
-----
           BTCUSDT ETHUSDT XRPUSDT
w_target     16.7%   16.7%   16.7%
rt_14h30     0.07%   0.05%   0.04%
w_target_f   16.7%   16.7%   16.7%
2023-08-29 18:30:35,302
Portfolio was rebalanced less than 2 hours ago, 15.0 hours ago
2023-08-29 18:30:35,305
Status: prev = LONG <> NEUTRAL = target
2023-08-29 18:30:35,305
the strat is currently running @ 29-08-2023 and the target positions is LONG
the strat was previously run @ 2023-08-29 03:30:53 UTC, success:yes 
   and the current positions is NEUTRAL
2023-08-29 18:30:36,464
positions_future #0
2023-08-29 18:30:36,464
Empty DataFrame
Columns: [symbol, positionAmt, entryPrice, markPrice, unRealizedProfit, value_usd, updateTime, AUMs_account, w%]
Index: []
2023-08-29 18:30:36,686
------------------------------
binance_account_balance
2023-08-29 18:30:36,686
  asset    balance  ... marginAvailable   updateTime
5  USDT  276.43504  ...            True  28Aug-22:36

[1 rows x 8 columns]
2023-08-29 18:30:36,915
------------------------------
open_orders
2023-08-29 18:30:36,915
Empty DataFrame
Columns: []
Index: []
2023-08-29 18:30:37,567
------------------------------
AUMS account:276

2023-08-29 18:30:37,569
--------------- compute_futures_order_book() ----------------
2023-08-29 18:30:39,116
----------------------------------------------------------------------
#3 order(s) to place
gross$: 149$ | net$: +149$
gross%: 54% | net%: +54%
 || w>0%  +54% | w<0%  0%
----------------------------------------------------------------------
PTF Expo% 0.0% >> 50.0% (current>>target)
PTF expo $0.0 >> $138 (current>>target)
----------------------------------------------------------------------
2023-08-29 18:30:39,117
orders_ofthe_day
2023-08-29 18:30:39,117
                  ptf_usd  target_usd  ...         bid        ask
2023-08-29 18:30                       ...                       
BTCUSDT               0.0       46.08  ...  27955.0000  27955.100
ETHUSDT               0.0       46.08  ...   1738.2900   1738.300
XRPUSDT               0.0       46.08  ...      0.5419      0.542

[3 rows x 9 columns]
2023-08-29 18:30:40,571
binance_place_orders_peg 20230829_183040
2023-08-29 18:30:41,012
{'orderId': 185095090388, 'symbol': 'BTCUSDT', 'status': 'NEW', 'clientOrderId': 'PzNq6YGMTjytQz5N9xRy9X', 'price': '27941.90', 'avgPrice': '0.00', 'origQty': '0.002', 'executedQty': '0.000', 'cumQty': '0.000', 'cumQuote': '0.00000', 'timeInForce': 'GTC', 'type': 'LIMIT', 'reduceOnly': False, 'closePosition': False, 'side': 'BUY', 'positionSide': 'BOTH', 'stopPrice': '0.00', 'workingType': 'CONTRACT_PRICE', 'priceProtect': False, 'origType': 'LIMIT', 'updateTime': 1693333840898}
2023-08-29 18:30:41,451
{'orderId': 8389765614759982597, 'symbol': 'ETHUSDT', 'status': 'NEW', 'clientOrderId': '68WVMY4tYDm7r4TZCSX6K9', 'price': '1737.42', 'avgPrice': '0.00', 'origQty': '0.027', 'executedQty': '0.000', 'cumQty': '0.000', 'cumQuote': '0.00000', 'timeInForce': 'GTC', 'type': 'LIMIT', 'reduceOnly': False, 'closePosition': False, 'side': 'BUY', 'positionSide': 'BOTH', 'stopPrice': '0.00', 'workingType': 'CONTRACT_PRICE', 'priceProtect': False, 'origType': 'LIMIT', 'updateTime': 1693333841339}
2023-08-29 18:30:41,889
{'orderId': 40382935502, 'symbol': 'XRPUSDT', 'status': 'NEW', 'clientOrderId': '1SQlsWvyJc0LrXPzy6Dlfr', 'price': '0.5416', 'avgPrice': '0.00', 'origQty': '85.0', 'executedQty': '0.0', 'cumQty': '0.0', 'cumQuote': '0.00000', 'timeInForce': 'GTC', 'type': 'LIMIT', 'reduceOnly': False, 'closePosition': False, 'side': 'BUY', 'positionSide': 'BOTH', 'stopPrice': '0.0000', 'workingType': 'CONTRACT_PRICE', 'priceProtect': False, 'origType': 'LIMIT', 'updateTime': 1693333841778}
2023-08-29 18:30:43,908
update 0: filled 0 / 3 () | working 3 / 3 (+BTCUSDT,+ETHUSDT,+XRPUSDT)
2023-08-29 18:30:47,909
+BTCUSDT: bp5.0|+ETHUSDT: bp5.0|+XRPUSDT: bp7.0|
2023-08-29 18:30:49,225
update 1: filled 0 / 3 () | working 3 / 3 (+BTCUSDT,+ETHUSDT,+XRPUSDT)
2023-08-29 18:30:53,226
+BTCUSDT: bp6.0|+ETHUSDT: bp5.0|+XRPUSDT: bp6.0|
2023-08-29 18:30:54,539
update 2: filled 0 / 3 () | working 3 / 3 (+BTCUSDT,+ETHUSDT,+XRPUSDT)
2023-08-29 18:30:58,539
+BTCUSDT: bp3.0|+ETHUSDT: bp2.0|+XRPUSDT: bp4.0|
2023-08-29 18:30:59,851
update 3: filled 0 / 3 () | working 3 / 3 (+BTCUSDT,+ETHUSDT,+XRPUSDT)
2023-08-29 18:31:03,852
+BTCUSDT: bp4.0|+ETHUSDT: bp2.0|+XRPUSDT: bp4.0|
2023-08-29 18:31:05,164
update 4: filled 1 / 3 (+ETHUSDT) | working 2 / 3 (+BTCUSDT,+XRPUSDT)
2023-08-29 18:31:09,165
+BTCUSDT: bp3.0|+XRPUSDT: bp4.0|
2023-08-29 18:31:10,476
update 5: filled 1 / 3 (+ETHUSDT) | working 2 / 3 (+BTCUSDT,+XRPUSDT)
2023-08-29 18:31:14,477
+BTCUSDT: bp2.0|+XRPUSDT: bp4.0|
2023-08-29 18:31:15,825
update 6: filled 1 / 3 (+ETHUSDT) | working 2 / 3 (+BTCUSDT,+XRPUSDT)
2023-08-29 18:31:19,826
+BTCUSDT: bp8.0|+XRPUSDT: bp7.0|
2023-08-29 18:31:21,138
update 7: filled 1 / 3 (+ETHUSDT) | working 2 / 3 (+BTCUSDT,+XRPUSDT)
2023-08-29 18:31:25,139
+BTCUSDT: bp16.0|+XRPUSDT: bp7.0|
2023-08-29 18:31:26,455
update 8: filled 1 / 3 (+ETHUSDT) | working 2 / 3 (+BTCUSDT,+XRPUSDT)
2023-08-29 18:31:30,455
+BTCUSDT: bp11.0|+XRPUSDT: bp7.0|
2023-08-29 18:31:31,768
update 9: filled 1 / 3 (+ETHUSDT) | working 2 / 3 (+BTCUSDT,+XRPUSDT)
2023-08-29 18:31:35,769
+BTCUSDT: bp11.0|+XRPUSDT: bp7.0|
2023-08-29 18:31:37,084
update 10: filled 1 / 3 (+ETHUSDT) | working 2 / 3 (+BTCUSDT,+XRPUSDT)
2023-08-29 18:31:41,085
+BTCUSDT: bp10.0|+XRPUSDT: bp7.0|
2023-08-29 18:31:42,396
update 11: filled 1 / 3 (+ETHUSDT) | working 2 / 3 (+BTCUSDT,+XRPUSDT)
2023-08-29 18:31:46,397
+BTCUSDT: bp9.0|+XRPUSDT: bp9.0|
2023-08-29 18:31:47,710
update 12: filled 1 / 3 (+ETHUSDT) | working 2 / 3 (+BTCUSDT,+XRPUSDT)
2023-08-29 18:31:51,711
+BTCUSDT: bp3.0|+XRPUSDT: bp4.0|
2023-08-29 18:31:53,026
update 13: filled 1 / 3 (+ETHUSDT) | working 2 / 3 (+BTCUSDT,+XRPUSDT)
2023-08-29 18:31:57,027
+BTCUSDT: bp3.0|+XRPUSDT: bp9.0|
2023-08-29 18:31:58,338
update 14: filled 1 / 3 (+ETHUSDT) | working 2 / 3 (+BTCUSDT,+XRPUSDT)
2023-08-29 18:32:02,339
+BTCUSDT: bp5.0|+XRPUSDT: bp11.0|
2023-08-29 18:32:02,339
Adjustment limit #1 ... 
 we cancel current orders and replace
2023-08-29 18:32:02,339
@+/-2.5bp limit 
2023-08-29 18:32:02,339
binance_cancel_and_replace_orders_peg 20230829_183202
2023-08-29 18:32:04,311
binance_place_orders_peg 20230829_183204
2023-08-29 18:32:04,748
{'orderId': 185095748190, 'symbol': 'BTCUSDT', 'status': 'NEW', 'clientOrderId': 'yw0gaZEtOnbUGZCYWscP4C', 'price': '27941.20', 'avgPrice': '0.00', 'origQty': '0.002', 'executedQty': '0.000', 'cumQty': '0.000', 'cumQuote': '0.00000', 'timeInForce': 'GTC', 'type': 'LIMIT', 'reduceOnly': False, 'closePosition': False, 'side': 'BUY', 'positionSide': 'BOTH', 'stopPrice': '0.00', 'workingType': 'CONTRACT_PRICE', 'priceProtect': False, 'origType': 'LIMIT', 'updateTime': 1693333924636}
2023-08-29 18:32:05,187
{'orderId': 40383028051, 'symbol': 'XRPUSDT', 'status': 'NEW', 'clientOrderId': 'JVMGDt3t09jlQthzKEr0p0', 'price': '0.5420', 'avgPrice': '0.00', 'origQty': '85.0', 'executedQty': '0.0', 'cumQty': '0.0', 'cumQuote': '0.00000', 'timeInForce': 'GTC', 'type': 'LIMIT', 'reduceOnly': False, 'closePosition': False, 'side': 'BUY', 'positionSide': 'BOTH', 'stopPrice': '0.0000', 'workingType': 'CONTRACT_PRICE', 'priceProtect': False, 'origType': 'LIMIT', 'updateTime': 1693333925076}
2023-08-29 18:32:06,593
update 0: filled 1 / 3 (+ETHUSDT) | working 2 / 3 (+BTCUSDT,+XRPUSDT)
2023-08-29 18:32:10,593
+BTCUSDT: bp2.0|+XRPUSDT: bp2.0|
2023-08-29 18:32:11,906
update 1: filled 1 / 3 (+ETHUSDT) | working 2 / 3 (+BTCUSDT,+XRPUSDT)
2023-08-29 18:32:15,907
+BTCUSDT: bp1.0|+XRPUSDT: bp2.0|
2023-08-29 18:32:17,222
update 2: filled 1 / 3 (+ETHUSDT) | working 2 / 3 (+BTCUSDT,+XRPUSDT)
2023-08-29 18:32:21,222
+BTCUSDT: bp1.0|+XRPUSDT: bp4.0|
2023-08-29 18:32:22,536
update 3: filled 1 / 3 (+ETHUSDT) | working 2 / 3 (+BTCUSDT,+XRPUSDT)
2023-08-29 18:32:26,537
+BTCUSDT: bp2.0|+XRPUSDT: bp2.0|
2023-08-29 18:32:27,848
update 4: filled 1 / 3 (+ETHUSDT) | working 2 / 3 (+BTCUSDT,+XRPUSDT)
2023-08-29 18:32:31,849
+BTCUSDT: bp3.0|+XRPUSDT: bp4.0|
2023-08-29 18:32:33,162
update 5: filled 1 / 3 (+ETHUSDT) | working 2 / 3 (+BTCUSDT,+XRPUSDT)
2023-08-29 18:32:37,162
+BTCUSDT: bp2.0|+XRPUSDT: bp2.0|
2023-08-29 18:32:38,476
update 6: filled 2 / 3 (+ETHUSDT,+BTCUSDT) | working 1 / 3 (+XRPUSDT)
2023-08-29 18:32:42,477
+XRPUSDT: bp2.0|
2023-08-29 18:32:43,800
update 7: filled 2 / 3 (+ETHUSDT,+BTCUSDT) | working 1 / 3 (+XRPUSDT)
2023-08-29 18:32:47,800
+XRPUSDT: bp-0.0|
2023-08-29 18:32:49,112
update 8: filled 2 / 3 (+ETHUSDT,+BTCUSDT) | working 1 / 3 (+XRPUSDT)
2023-08-29 18:32:53,113
+XRPUSDT: bp2.0|
2023-08-29 18:32:54,425
update 9: filled 2 / 3 (+ETHUSDT,+BTCUSDT) | working 1 / 3 (+XRPUSDT)
2023-08-29 18:32:58,426
+XRPUSDT: bp2.0|
2023-08-29 18:32:59,739
update 10: filled 2 / 3 (+ETHUSDT,+BTCUSDT) | working 1 / 3 (+XRPUSDT)
2023-08-29 18:33:03,740
+XRPUSDT: bp4.0|
2023-08-29 18:33:05,052
update 11: filled 2 / 3 (+ETHUSDT,+BTCUSDT) | working 1 / 3 (+XRPUSDT)
2023-08-29 18:33:09,052
+XRPUSDT: bp4.0|
2023-08-29 18:33:10,363
update 12: filled 2 / 3 (+ETHUSDT,+BTCUSDT) | working 1 / 3 (+XRPUSDT)
2023-08-29 18:33:14,364
+XRPUSDT: bp4.0|
2023-08-29 18:33:15,679
update 13: filled 2 / 3 (+ETHUSDT,+BTCUSDT) | working 1 / 3 (+XRPUSDT)
2023-08-29 18:33:19,679
+XRPUSDT: bp2.0|
2023-08-29 18:33:20,996
update 14: filled 3 / 3 (+ETHUSDT,+BTCUSDT,+XRPUSDT) | working 0 / 3 ()
2023-08-29 18:33:27,861
Trades of the day
in$
as of: 29Aug 18:31>>18:33 (#trades: 3)
trade net: +149.0 (+53.9%), trade gross: +149.0 (+53.9%), BUY: +149.0 (+53.9%), SELL: +0.0 (+0.0%)
fees: $ 0.03 (2.0bp)
2023-08-29 18:33:28,535
Trades: 
Filled #3
______________________________________________
                   in$ | in bp 148 traded | in bp 276 AUMs
realizedPnl    +0      | +0      | +0     
PnLvsArrival   +0.05   | +3      | +2     
PnLvsLast      -0.03   | -2      | -1     
______________________________________________
                 | Value$ | PnL Arrival/Last 
______________________________________________
XRP:+85@0.542  | +46$ | -0/-0
ETH:+0.027@1737.42 | +47$ | 0.02/-0.02
BTC:+0.002@27941.2 | +56$ | 0.03/-0.01
2023-08-29 18:33:29,103
***************************
Positions after orders
***************************
2023-08-29 18:33:29,103
      symbol  qty_ptf    execP  ...   updateTime   AUMs     w%
225  BTCUSDT    0.002  27941.2  ...  29Aug-18:32  276.4  0.202
138  ETHUSDT    0.027  1737.42  ...  29Aug-18:31  276.4  0.170
111  XRPUSDT   85.000    0.542  ...  29Aug-18:33  276.4  0.167

[3 rows x 9 columns]
2023-08-29 18:33:29,110
***************************
2023-08-29 18:33:29,759
3 STOP orders will be placed
2023-08-29 18:33:29,759
@+/-500.0bp limit
2023-08-29 18:33:29,759
binance_place_orders_peg 20230829_183329
2023-08-29 18:33:30,194
{'orderId': 185096174156, 'symbol': 'BTCUSDT', 'status': 'NEW', 'clientOrderId': 'uyB5uz3NCBlShXZEQ1yAOU', 'price': '0.00', 'avgPrice': '0.00', 'origQty': '0.002', 'executedQty': '0.000', 'cumQty': '0.000', 'cumQuote': '0.00000', 'timeInForce': 'GTC', 'type': 'STOP_MARKET', 'reduceOnly': False, 'closePosition': False, 'side': 'SELL', 'positionSide': 'BOTH', 'stopPrice': '26539.50', 'workingType': 'CONTRACT_PRICE', 'priceProtect': False, 'origType': 'STOP_MARKET', 'updateTime': 1693334010083}
2023-08-29 18:33:30,631
{'orderId': 8389765614760439002, 'symbol': 'ETHUSDT', 'status': 'NEW', 'clientOrderId': 'fXqFEkKoe1kM7kXwnF5Cbf', 'price': '0.00', 'avgPrice': '0.00', 'origQty': '0.027', 'executedQty': '0.000', 'cumQty': '0.000', 'cumQuote': '0.00000', 'timeInForce': 'GTC', 'type': 'STOP_MARKET', 'reduceOnly': False, 'closePosition': False, 'side': 'SELL', 'positionSide': 'BOTH', 'stopPrice': '1649.67', 'workingType': 'CONTRACT_PRICE', 'priceProtect': False, 'origType': 'STOP_MARKET', 'updateTime': 1693334010521}
2023-08-29 18:33:31,068
{'orderId': 40383107558, 'symbol': 'XRPUSDT', 'status': 'NEW', 'clientOrderId': 'qqvDglJ7Wk131CHLc8AFGu', 'price': '0.0000', 'avgPrice': '0.00', 'origQty': '85.0', 'executedQty': '0.0', 'cumQty': '0.0', 'cumQuote': '0.00000', 'timeInForce': 'GTC', 'type': 'STOP_MARKET', 'reduceOnly': False, 'closePosition': False, 'side': 'SELL', 'positionSide': 'BOTH', 'stopPrice': '0.5149', 'workingType': 'CONTRACT_PRICE', 'priceProtect': False, 'origType': 'STOP_MARKET', 'updateTime': 1693334010957}
