2024-10-07 20:30:36,308
ON program started 20241007 20:30:36,
US time: 20241007 16:30:36
2024-10-07 20:30:37,333
the strat is currently running @ 07-10-2024 and the target positions is LONG
2024-10-07 20:30:38,655
CURRENT STATUS IS LONG
-----
return before 14h30:
BTCUSDT+1.01%, ETHUSDT+1.46%, XRPUSDT+1.12%
-----
target alloc initial:BTCUSDT+16.67%, ETHUSDT+16.67%, XRPUSDT+16.67%
-----
alloc target x rt%<0:BTCUSDT+16.67%, ETHUSDT+16.67%, XRPUSDT+16.67%
-----
           BTCUSDT ETHUSDT XRPUSDT
w_target     16.7%   16.7%   16.7%
rt_14h30     0.01%   0.01%   0.01%
w_target_f   16.7%   16.7%   16.7%
2024-10-07 20:30:38,656
Portfolio was rebalanced less than 2 hours ago, 1.0 hours ago
2024-10-07 20:30:38,658
Status: prev = LONG <> LONG = target
2024-10-07 20:30:38,658
the strat is currently running @ 07-10-2024 and the target positions is LONG
the strat was previously run @ 2024-10-07 19:31:05, success:yes 
   and the current positions is LONG
2024-10-07 20:30:39,248
positions_future #2
2024-10-07 20:30:39,248
      symbol  positionAmt entryPrice  ... adlQuantile AUMs_account        w%
147  XRPUSDT       88.700     0.5411  ...           1        285.5  0.166852
184  ETHUSDT        0.019    2458.76  ...           1        285.5  0.162594

[2 rows x 12 columns]
2024-10-07 20:30:39,351
programm stoppeddd!!! 20241007_203039
