2024-09-18 20:30:30,962
ON program started 20240918 20:30:30,
US time: 20240918 16:30:30
2024-09-18 20:30:32,143
the strat is currently running @ 18-09-2024 and the target positions is LONG
2024-09-18 20:30:33,561
CURRENT STATUS IS LONG
-----
return before 14h30:
BTCUSDT-1.34%, ETHUSDT-1.99%, XRPUSDT-2.79%
-----
target alloc initial:BTCUSDT+16.67%, ETHUSDT+16.67%, XRPUSDT+16.67%
-----
alloc target x rt%<0:BTCUSDT+16.67%, ETHUSDT+16.67%, XRPUSDT+16.67%
-----
           BTCUSDT ETHUSDT XRPUSDT
w_target     16.7%   16.7%   16.7%
rt_14h30    -0.01%  -0.02%  -0.03%
w_target_f   16.7%   16.7%   16.7%
2024-09-18 20:30:33,562
Portfolio was rebalanced less than 2 hours ago, 1.0 hours ago
2024-09-18 20:30:33,564
Status: prev = LONG <> LONG = target
2024-09-18 20:30:33,564
the strat is currently running @ 18-09-2024 and the target positions is LONG
the strat was previously run @ 2024-09-18 19:30:53, success:yes 
   and the current positions is LONG
2024-09-18 20:30:34,756
positions_future #2
2024-09-18 20:30:34,756
      symbol  positionAmt entryPrice  ... adlQuantile AUMs_account        w%
140  XRPUSDT       85.200     0.5811  ...           1        294.8  0.165848
178  ETHUSDT        0.021    2331.17  ...           1        294.8  0.164476

[2 rows x 12 columns]
2024-09-18 20:30:34,836
programm stoppeddd!!! 20240918_203034
