2023-10-16 21:30:53,058
ON program started 20231016 21:30:53,
US time: 20231016 17:30:53
2023-10-16 21:30:53,519
the strat is currently running @ 16-10-2023 and the target positions is LONG
2023-10-16 21:30:55,659
CURRENT STATUS IS LONG
-----
return before 14h30:
BTCUSDT+3.67%, ETHUSDT+1.00%, XRPUSDT+1.21%
-----
target alloc initial:BTCUSDT+16.67%, ETHUSDT+16.67%, XRPUSDT+16.67%
-----
alloc target x rt%<0:BTCUSDT+16.67%, ETHUSDT+16.67%, XRPUSDT+16.67%
-----
           BTCUSDT ETHUSDT XRPUSDT
w_target     16.7%   16.7%   16.7%
rt_14h30     0.04%   0.01%   0.01%
w_target_f   16.7%   16.7%   16.7%
2023-10-16 21:30:55,661
Portfolio was rebalanced less than 2 hours ago, 1.0 hours ago
2023-10-16 21:30:55,665
Status: prev = LONG <> LONG = target
2023-10-16 21:30:55,665
the strat is currently running @ 16-10-2023 and the target positions is LONG
the strat was previously run @ 2023-10-16 20:30:47 UTC, success:yes 
   and the current positions is LONG
2023-10-16 21:30:56,797
positions_future #3
2023-10-16 21:30:56,798
      symbol  positionAmt entryPrice  ...   updateTime AUMs_account        w%
236  BTCUSDT        0.002    28310.1  ...  16Oct-18:31        277.4  0.204503
117  XRPUSDT       93.400     0.4944  ...  16Oct-18:31        277.4  0.166889
147  ETHUSDT        0.029    1580.76  ...  16Oct-18:32        277.4  0.165827

[3 rows x 10 columns]
2023-10-16 21:30:56,822
programm stoppeddd!!! 20231016_213056
