2024-07-19 00:30:36,039
ON program started 20240719 00:30:36,
US time: 20240718 20:30:36
2024-07-19 00:30:36,492
the strat is currently running @ 19-07-2024 and the target positions is SHORT
2024-07-19 00:30:38,262
CURRENT STATUS IS SHORT, WE CHECK IF THE DAY IS A NEGATIVE ONE
-----
return before 14h30:
BTCUSDT-0.49%, ETHUSDT-0.36%, XRPUSDT-2.83%
-----
target alloc initial:BTCUSDT-4.17%, ETHUSDT+0.00%, XRPUSDT-4.17%
-----
alloc target x rt%<0:BTCUSDT-4.17%, ETHUSDT+0.00%, XRPUSDT-4.17%
-----
           BTCUSDT ETHUSDT XRPUSDT
w_target     -4.2%    0.0%   -4.2%
rt_14h30    -0.00%  -0.00%  -0.03%
w_target_f   -4.2%    0.0%   -4.2%
2024-07-19 00:30:38,263
Portfolio was rebalanced less than 2 hours ago, 1.0 hours ago
2024-07-19 00:30:38,264
Status: prev = SHORT <> SHORT = target
2024-07-19 00:30:38,264
the strat is currently running @ 19-07-2024 and the target positions is SHORT
the strat was previously run @ 2024-07-18 23:31:00, success:? 
   and the current positions is SHORT
2024-07-19 00:30:38,819
positions_future #1
2024-07-19 00:30:38,819
      symbol  positionAmt entryPrice  ... adlQuantile AUMs_account        w%
131  XRPUSDT         86.3     0.5676  ...           1        292.8  0.163327

[1 rows x 12 columns]
2024-07-19 00:30:39,055
------------------------------
binance_account_balance
2024-07-19 00:30:39,055
  asset    balance  ...  marginAvailable   updateTime
4  USDT  293.94405  ...             True  18Jul-22:42

[1 rows x 8 columns]
2024-07-19 00:30:39,502
------------------------------
open_orders
2024-07-19 00:30:39,502
Empty DataFrame
Columns: []
Index: []
2024-07-19 00:30:40,525
------------------------------
AUMS account:292

2024-07-19 00:30:40,526
--------------- compute_futures_order_book() ----------------
2024-07-19 00:30:42,669
----------------------------------------------------------------------
#1 order(s) to place
gross$: 60$ | net$: -60$
gross%: 20% | net%: -20%
 || w>0%  +0% | w<0%  -20%
----------------------------------------------------------------------
PTF Expo% 16.3% >> -8.3% (current>>target)
PTF expo $48.0 >> $-24 (current>>target)
----------------------------------------------------------------------
2024-07-19 00:30:42,670
orders_ofthe_day
2024-07-19 00:30:42,670
                  ptf_usd  target_usd  totrd_usd  ...     bid     ask strategy
2024-07-19 00:30                                  ...                         
XRPUSDT              48.0      -12.21      -60.0  ...  0.5541  0.5542  STRATON

[1 rows x 10 columns]
2024-07-19 00:30:44,453
binance_place_orders_peg 20240719_003044
2024-07-19 00:30:45,699
{'orderId': 60872326237, 'symbol': 'XRPUSDT', 'status': 'NEW', 'clientOrderId': 'STRATON', 'price': '0.5545', 'avgPrice': '0.00', 'origQty': '108.3', 'executedQty': '0.0', 'cumQty': '0.0', 'cumQuote': '0.00000', 'timeInForce': 'GTC', 'type': 'LIMIT', 'reduceOnly': False, 'closePosition': False, 'side': 'SELL', 'positionSide': 'BOTH', 'stopPrice': '0.0000', 'workingType': 'CONTRACT_PRICE', 'priceProtect': False, 'origType': 'LIMIT', 'priceMatch': 'NONE', 'selfTradePreventionMode': 'NONE', 'goodTillDate': 0, 'updateTime': 1721349045588}
