2024-03-18 20:30:57,189
ON program started 20240318 20:30:57,
US time: 20240318 16:30:57
2024-03-18 20:30:58,279
the strat is currently running @ 18-03-2024 and the target positions is LONG
2024-03-18 20:30:59,710
CURRENT STATUS IS LONG
-----
return before 14h30:
BTCUSDT-1.23%, ETHUSDT-2.70%, XRPUSDT-2.63%
-----
target alloc initial:BTCUSDT+16.67%, ETHUSDT+16.67%, XRPUSDT+16.67%
-----
alloc target x rt%<0:BTCUSDT+16.67%, ETHUSDT+16.67%, XRPUSDT+16.67%
-----
           BTCUSDT ETHUSDT XRPUSDT
w_target     16.7%   16.7%   16.7%
rt_14h30    -0.01%  -0.03%  -0.03%
w_target_f   16.7%   16.7%   16.7%
2024-03-18 20:30:59,711
Portfolio was rebalanced less than 2 hours ago, 1.0 hours ago
2024-03-18 20:30:59,714
Status: prev = LONG <> LONG = target
2024-03-18 20:30:59,714
the strat is currently running @ 18-03-2024 and the target positions is LONG
the strat was previously run @ 2024-03-18 19:30:50, success:yes 
   and the current positions is LONG
2024-03-18 20:31:00,933
positions_future #2
2024-03-18 20:31:00,933
      symbol  positionAmt entryPrice  ... adlQuantile AUMs_account        w%
156  ETHUSDT        0.014    3501.08  ...           2        286.9  0.171072
124  XRPUSDT       79.400     0.6041  ...           3        286.9  0.168215

[2 rows x 12 columns]
2024-03-18 20:31:01,032
programm stoppeddd!!! 20240318_203101
