2024-04-30 03:30:56,956
ON program started 20240430 03:30:56,
US time: 20240429 23:30:56
2024-04-30 03:30:57,462
the strat is currently running @ 30-04-2024 and the target positions is NEUTRAL
2024-04-30 03:30:58,853
CURRENT STATUS IS NEUTRAL
-----
return before 14h30:
BTCUSDT-0.19%, ETHUSDT-0.86%, XRPUSDT-0.04%
-----
target alloc initial:BTCUSDT+0.00%, ETHUSDT+0.00%, XRPUSDT+0.00%
-----
alloc target x rt%<0:BTCUSDT+0.00%, ETHUSDT+0.00%, XRPUSDT+0.00%
-----
           BTCUSDT ETHUSDT XRPUSDT
w_target      0.0%    0.0%    0.0%
rt_14h30    -0.00%  -0.01%  -0.00%
w_target_f    0.0%    0.0%    0.0%
2024-04-30 03:30:58,854
Portfolio was rebalanced less than 2 hours ago, 1.0 hours ago
2024-04-30 03:30:58,856
Status: prev = NEUTRAL <> NEUTRAL = target
2024-04-30 03:30:58,856
the strat is currently running @ 30-04-2024 and the target positions is NEUTRAL
the strat was previously run @ 2024-04-30 02:31:07, success:? 
   and the current positions is NEUTRAL
2024-04-30 03:31:00,059
positions_future #0
2024-04-30 03:31:00,060
Empty DataFrame
Columns: [symbol, positionAmt, entryPrice, breakEvenPrice, markPrice, unRealizedProfit, value_usd, updateTime, isolated, adlQuantile, AUMs_account, w%]
Index: []
2024-04-30 03:31:00,284
------------------------------
binance_account_balance
2024-04-30 03:31:00,284
  asset     balance  ...  marginAvailable   updateTime
6  USDT  281.056757  ...             True  30Apr-02:33

[1 rows x 8 columns]
2024-04-30 03:31:00,521
------------------------------
open_orders
2024-04-30 03:31:00,522
Empty DataFrame
Columns: []
Index: []
2024-04-30 03:31:01,180
------------------------------
AUMS account:281

2024-04-30 03:31:01,182
--------------- compute_futures_order_book() ----------------
2024-04-30 03:31:02,749
----------------------------------------------------------------------
#0 order(s) to place
gross$: 0$ | net$: +0$
gross%: 0% | net%: +0%
 || w>0%  +0% | w<0%  0%
----------------------------------------------------------------------
PTF Expo% 0.0% >> 0.0% (current>>target)
PTF expo $0.0 >> $0 (current>>target)
----------------------------------------------------------------------
2024-04-30 03:31:02,751
orders_ofthe_day
2024-04-30 03:31:02,751
Empty DataFrame
Columns: [ptf_usd, target_usd, totrd_usd, posttrd_usd, qty, posttrd_qty, posttrd_w, bid, ask, strategy]
Index: []
2024-04-30 03:31:02,819
Orders of the day is empty, current and target potfolios are aligned
2024-04-30 03:31:02,820
Program stopped
