2024-09-08 22:30:33,406
ON program started 20240908 22:30:33,
US time: 20240908 18:30:33
2024-09-08 22:30:34,137
the strat is currently running @ 08-09-2024 and the target positions is SHORT
2024-09-08 22:30:35,549
CURRENT STATUS IS SHORT, WE CHECK IF THE DAY IS A NEGATIVE ONE
-----
return before 14h30:
BTCUSDT+0.44%, ETHUSDT+0.47%, XRPUSDT+0.44%
-----
target alloc initial:BTCUSDT-4.17%, ETHUSDT+0.00%, XRPUSDT-4.17%
-----
alloc target x rt%<0:BTCUSDT-0.00%, ETHUSDT+0.00%, XRPUSDT-0.00%
-----
           BTCUSDT ETHUSDT XRPUSDT
w_target     -4.2%    0.0%   -4.2%
rt_14h30     0.00%   0.00%   0.00%
w_target_f   -0.0%    0.0%   -0.0%
2024-09-08 22:30:35,550
Portfolio was rebalanced less than 2 hours ago, 1.0 hours ago
2024-09-08 22:30:35,552
Status: prev = SHORT <> LONG = target
2024-09-08 22:30:35,552
the strat is currently running @ 08-09-2024 and the target positions is SHORT
the strat was previously run @ 2024-09-08 21:30:52, success:yes 
   and the current positions is LONG
2024-09-08 22:30:36,760
positions_future #2
2024-09-08 22:30:36,760
      symbol  positionAmt entryPrice  ... adlQuantile AUMs_account        w%
176  ETHUSDT        0.022    2271.83  ...           2        295.6  0.172947
138  XRPUSDT       93.300     0.5252  ...           3        295.6  0.167229

[2 rows x 12 columns]
2024-09-08 22:30:37,012
------------------------------
binance_account_balance
2024-09-08 22:30:37,012
  asset     balance  ...  marginAvailable   updateTime
4  USDT  294.051972  ...             True  08Sep-18:32

[1 rows x 8 columns]
2024-09-08 22:30:37,686
------------------------------
open_orders
2024-09-08 22:30:37,686
Empty DataFrame
Columns: []
Index: []
2024-09-08 22:30:38,346
------------------------------
AUMS account:295

2024-09-08 22:30:38,347
--------------- compute_futures_order_book() ----------------
2024-09-08 22:30:39,915
----------------------------------------------------------------------
#2 order(s) to place
gross$: 100$ | net$: -100$
gross%: 34% | net%: -34%
 || w>0%  +0% | w<0%  -34%
----------------------------------------------------------------------
PTF Expo% 33.8% >> 0.0% (current>>target)
PTF expo $100.0 >> $0 (current>>target)
----------------------------------------------------------------------
2024-09-08 22:30:39,916
orders_ofthe_day
2024-09-08 22:30:39,916
                  ptf_usd  target_usd  totrd_usd  ...        bid        ask strategy
2024-09-08 22:30                                  ...                               
ETHUSDT              51.0         0.0      -51.0  ...  2323.4100  2323.4200  STRATON
XRPUSDT              49.0        -0.0      -49.0  ...     0.5298     0.5299  STRATON

[2 rows x 10 columns]
2024-09-08 22:30:41,437
binance_place_orders_peg 20240908_223041
2024-09-08 22:30:41,878
{'orderId': 8389765728261129523, 'symbol': 'ETHUSDT', 'status': 'NEW', 'clientOrderId': 'STRATON', 'price': '2324.09', 'avgPrice': '0.00', 'origQty': '0.022', 'executedQty': '0.000', 'cumQty': '0.000', 'cumQuote': '0.00000', 'timeInForce': 'GTC', 'type': 'LIMIT', 'reduceOnly': False, 'closePosition': False, 'side': 'SELL', 'positionSide': 'BOTH', 'stopPrice': '0.00', 'workingType': 'CONTRACT_PRICE', 'priceProtect': False, 'origType': 'LIMIT', 'priceMatch': 'NONE', 'selfTradePreventionMode': 'NONE', 'goodTillDate': 0, 'updateTime': 1725834641769}
2024-09-08 22:30:42,320
{'orderId': 65122939840, 'symbol': 'XRPUSDT', 'status': 'NEW', 'clientOrderId': 'STRATON', 'price': '0.5301', 'avgPrice': '0.00', 'origQty': '93.3', 'executedQty': '0.0', 'cumQty': '0.0', 'cumQuote': '0.00000', 'timeInForce': 'GTC', 'type': 'LIMIT', 'reduceOnly': False, 'closePosition': False, 'side': 'SELL', 'positionSide': 'BOTH', 'stopPrice': '0.0000', 'workingType': 'CONTRACT_PRICE', 'priceProtect': False, 'origType': 'LIMIT', 'priceMatch': 'NONE', 'selfTradePreventionMode': 'NONE', 'goodTillDate': 0, 'updateTime': 1725834642209}
2024-09-08 22:30:43,890
update 0: filled 0 / 2 () | working 2 / 2 (-ETHUSDT,-XRPUSDT)
2024-09-08 22:30:47,891
-ETHUSDT: bp3.0|-XRPUSDT: bp4.0|
2024-09-08 22:30:48,773
update 1: filled 0 / 2 () | working 2 / 2 (-ETHUSDT,-XRPUSDT)
2024-09-08 22:30:52,774
-ETHUSDT: bp8.0|-XRPUSDT: bp8.0|
2024-09-08 22:30:53,655
update 2: filled 0 / 2 () | working 2 / 2 (-ETHUSDT,-XRPUSDT)
2024-09-08 22:30:57,656
-ETHUSDT: bp6.0|-XRPUSDT: bp8.0|
2024-09-08 22:30:58,535
update 3: filled 0 / 2 () | working 2 / 2 (-ETHUSDT,-XRPUSDT)
2024-09-08 22:31:02,536
-ETHUSDT: bp10.0|-XRPUSDT: bp8.0|
2024-09-08 22:31:03,424
update 4: filled 0 / 2 () | working 2 / 2 (-ETHUSDT,-XRPUSDT)
2024-09-08 22:31:07,425
-ETHUSDT: bp12.0|-XRPUSDT: bp8.0|
2024-09-08 22:31:08,307
update 5: filled 0 / 2 () | working 2 / 2 (-ETHUSDT,-XRPUSDT)
2024-09-08 22:31:12,308
-ETHUSDT: bp16.0|-XRPUSDT: bp8.0|
2024-09-08 22:31:13,195
update 6: filled 0 / 2 () | working 2 / 2 (-ETHUSDT,-XRPUSDT)
2024-09-08 22:31:17,196
-ETHUSDT: bp20.0|-XRPUSDT: bp8.0|
2024-09-08 22:31:18,075
update 7: filled 0 / 2 () | working 2 / 2 (-ETHUSDT,-XRPUSDT)
2024-09-08 22:31:22,083
-ETHUSDT: bp39.0|-XRPUSDT: bp13.0|
2024-09-08 22:31:22,961
update 8: filled 0 / 2 () | working 2 / 2 (-ETHUSDT,-XRPUSDT)
2024-09-08 22:31:26,962
-ETHUSDT: bp39.0|-XRPUSDT: bp11.0|
2024-09-08 22:31:27,840
update 9: filled 0 / 2 () | working 2 / 2 (-ETHUSDT,-XRPUSDT)
2024-09-08 22:31:31,841
-ETHUSDT: bp36.0|-XRPUSDT: bp9.0|
2024-09-08 22:31:32,719
update 10: filled 0 / 2 () | working 2 / 2 (-ETHUSDT,-XRPUSDT)
2024-09-08 22:31:36,720
-ETHUSDT: bp36.0|-XRPUSDT: bp11.0|
2024-09-08 22:31:37,600
update 11: filled 0 / 2 () | working 2 / 2 (-ETHUSDT,-XRPUSDT)
2024-09-08 22:31:41,601
-ETHUSDT: bp35.0|-XRPUSDT: bp11.0|
2024-09-08 22:31:42,480
update 12: filled 0 / 2 () | working 2 / 2 (-ETHUSDT,-XRPUSDT)
2024-09-08 22:31:46,480
-ETHUSDT: bp36.0|-XRPUSDT: bp13.0|
2024-09-08 22:31:47,358
update 13: filled 0 / 2 () | working 2 / 2 (-ETHUSDT,-XRPUSDT)
2024-09-08 22:31:51,359
-ETHUSDT: bp36.0|-XRPUSDT: bp11.0|
2024-09-08 22:31:52,241
update 14: filled 0 / 2 () | working 2 / 2 (-ETHUSDT,-XRPUSDT)
2024-09-08 22:31:56,241
-ETHUSDT: bp46.0|-XRPUSDT: bp26.0|
2024-09-08 22:31:56,241
Adjustment limit #1 ... 
 we cancel current orders and replace
2024-09-08 22:31:56,241
@+/-2.5bp limit 
2024-09-08 22:31:56,241
binance_cancel_and_replace_orders_peg 20240908_223156
2024-09-08 22:31:58,455
binance_place_orders_peg 20240908_223158
2024-09-08 22:31:58,896
{'orderId': 8389765728261745773, 'symbol': 'ETHUSDT', 'status': 'NEW', 'clientOrderId': 'STRATON', 'price': '2305.16', 'avgPrice': '0.00', 'origQty': '0.022', 'executedQty': '0.000', 'cumQty': '0.000', 'cumQuote': '0.00000', 'timeInForce': 'GTC', 'type': 'LIMIT', 'reduceOnly': False, 'closePosition': False, 'side': 'SELL', 'positionSide': 'BOTH', 'stopPrice': '0.00', 'workingType': 'CONTRACT_PRICE', 'priceProtect': False, 'origType': 'LIMIT', 'priceMatch': 'NONE', 'selfTradePreventionMode': 'NONE', 'goodTillDate': 0, 'updateTime': 1725834718785}
2024-09-08 22:31:59,336
{'orderId': 65123029250, 'symbol': 'XRPUSDT', 'status': 'NEW', 'clientOrderId': 'STRATON', 'price': '0.5284', 'avgPrice': '0.00', 'origQty': '93.3', 'executedQty': '0.0', 'cumQty': '0.0', 'cumQuote': '0.00000', 'timeInForce': 'GTC', 'type': 'LIMIT', 'reduceOnly': False, 'closePosition': False, 'side': 'SELL', 'positionSide': 'BOTH', 'stopPrice': '0.0000', 'workingType': 'CONTRACT_PRICE', 'priceProtect': False, 'origType': 'LIMIT', 'priceMatch': 'NONE', 'selfTradePreventionMode': 'NONE', 'goodTillDate': 0, 'updateTime': 1725834719226}
2024-09-08 22:32:00,224
update 0: filled 1 / 2 (-ETHUSDT) | working 1 / 2 (-XRPUSDT)
2024-09-08 22:32:04,225
-XRPUSDT: bp-4.0|
2024-09-08 22:32:05,108
update 1: filled 1 / 2 (-ETHUSDT) | working 1 / 2 (-XRPUSDT)
2024-09-08 22:32:09,108
-XRPUSDT: bp2.0|
2024-09-08 22:32:09,986
update 2: filled 1 / 2 (-ETHUSDT) | working 1 / 2 (-XRPUSDT)
2024-09-08 22:32:13,987
-XRPUSDT: bp4.0|
2024-09-08 22:32:14,870
update 3: filled 1 / 2 (-ETHUSDT) | working 1 / 2 (-XRPUSDT)
2024-09-08 22:32:18,871
-XRPUSDT: bp4.0|
2024-09-08 22:32:19,750
update 4: filled 1 / 2 (-ETHUSDT) | working 1 / 2 (-XRPUSDT)
2024-09-08 22:32:23,750
-XRPUSDT: bp0.0|
2024-09-08 22:32:24,628
update 5: filled 1 / 2 (-ETHUSDT) | working 1 / 2 (-XRPUSDT)
2024-09-08 22:32:28,629
-XRPUSDT: bp11.0|
2024-09-08 22:32:29,511
update 6: filled 1 / 2 (-ETHUSDT) | working 1 / 2 (-XRPUSDT)
2024-09-08 22:32:33,512
-XRPUSDT: bp15.0|
2024-09-08 22:32:34,397
update 7: filled 1 / 2 (-ETHUSDT) | working 1 / 2 (-XRPUSDT)
2024-09-08 22:32:38,397
-XRPUSDT: bp9.0|
2024-09-08 22:32:39,282
update 8: filled 1 / 2 (-ETHUSDT) | working 1 / 2 (-XRPUSDT)
2024-09-08 22:32:43,282
-XRPUSDT: bp11.0|
2024-09-08 22:32:44,160
update 9: filled 1 / 2 (-ETHUSDT) | working 1 / 2 (-XRPUSDT)
2024-09-08 22:32:48,161
-XRPUSDT: bp8.0|
2024-09-08 22:32:49,041
update 10: filled 2 / 2 (-ETHUSDT,-XRPUSDT) | working 0 / 2 ()
2024-09-08 22:32:55,507
Trades of the day
in$
as of: 08Sep 22:31>>22:32 (#trades: 2)
trade net: -100.0 (-33.8%), trade gross: +100.0 (+33.8%), BUY: +0.0 (+0.0%), SELL: -100.0 (-33.8%)
fees: $ 0.02 (2.0bp)
2024-09-08 22:32:55,962
Trades: 
Filled #2
______________________________________________
                   in$ | in bp 100 traded | in bp 295 AUMs
realizedPnl    +1.03   | +103    | +35    
PnLvsArrival   -0.54   | -54     | -18    
PnLvsLast      -0.2    | -20     | -7     
______________________________________________
                 | Value$ | PnL Arrival/Last 
______________________________________________
ETH:-0.022@2305.16 | -51$ | -0.4/-0.15
XRP:-93.3@0.5284 | -49$ | -0.14/-0.05
