2024-04-20 03:30:45,762
ON program started 20240420 03:30:45,
US time: 20240419 23:30:45
2024-04-20 03:30:46,586
the strat is currently running @ 20-04-2024 and the target positions is NEUTRAL
2024-04-20 03:30:49,277
CURRENT STATUS IS NEUTRAL
-----
return before 14h30:
BTCUSDT+0.27%, ETHUSDT-0.08%, XRPUSDT+1.39%
-----
target alloc initial:BTCUSDT+0.00%, ETHUSDT+0.00%, XRPUSDT+0.00%
-----
alloc target x rt%<0:BTCUSDT+0.00%, ETHUSDT+0.00%, XRPUSDT+0.00%
-----
           BTCUSDT ETHUSDT XRPUSDT
w_target      0.0%    0.0%    0.0%
rt_14h30     0.00%  -0.00%   0.01%
w_target_f    0.0%    0.0%    0.0%
2024-04-20 03:30:49,279
Portfolio was rebalanced less than 2 hours ago, 1.0 hours ago
2024-04-20 03:30:49,280
Status: prev = NEUTRAL <> NEUTRAL = target
2024-04-20 03:30:49,280
the strat is currently running @ 20-04-2024 and the target positions is NEUTRAL
the strat was previously run @ 2024-04-20 02:30:45, success:? 
   and the current positions is NEUTRAL
2024-04-20 03:30:50,484
positions_future #0
2024-04-20 03:30:50,485
Empty DataFrame
Columns: [symbol, positionAmt, entryPrice, breakEvenPrice, markPrice, unRealizedProfit, value_usd, updateTime, isolated, adlQuantile, AUMs_account, w%]
Index: []
2024-04-20 03:30:50,708
------------------------------
binance_account_balance
2024-04-20 03:30:50,709
  asset     balance  ...  marginAvailable   updateTime
6  USDT  280.950416  ...             True  20Apr-02:32

[1 rows x 8 columns]
2024-04-20 03:30:50,943
------------------------------
open_orders
2024-04-20 03:30:50,943
Empty DataFrame
Columns: []
Index: []
2024-04-20 03:30:51,595
------------------------------
AUMS account:280

2024-04-20 03:30:51,596
--------------- compute_futures_order_book() ----------------
2024-04-20 03:30:53,151
----------------------------------------------------------------------
#0 order(s) to place
gross$: 0$ | net$: +0$
gross%: 0% | net%: +0%
 || w>0%  +0% | w<0%  0%
----------------------------------------------------------------------
PTF Expo% 0.0% >> 0.0% (current>>target)
PTF expo $0.0 >> $0 (current>>target)
----------------------------------------------------------------------
2024-04-20 03:30:53,152
orders_ofthe_day
2024-04-20 03:30:53,152
Empty DataFrame
Columns: [ptf_usd, target_usd, totrd_usd, posttrd_usd, qty, posttrd_qty, posttrd_w, bid, ask, strategy]
Index: []
2024-04-20 03:30:53,217
Orders of the day is empty, current and target potfolios are aligned
2024-04-20 03:30:53,217
Program stopped
