2023-08-28 00:31:00,089
ON program started 20230828 00:31:00,
US time: 20230827 20:31:00
2023-08-28 00:31:01,189
the strat is currently running @ 28-08-2023 and the target positions is SHORT
2023-08-28 00:31:02,596
CURRENT STATUS IS SHORT, WE CHECK IF THE DAY IS A NEGATIVE ONE
-----
return before 14h30:
BTCUSDT+0.00%, ETHUSDT+0.00%, XRPUSDT+0.00%
-----
target alloc initial:BTCUSDT-4.17%, ETHUSDT+0.00%, XRPUSDT-4.17%
-----
alloc target x rt%<0:BTCUSDT-0.00%, ETHUSDT+0.00%, XRPUSDT-0.00%
-----
           BTCUSDT ETHUSDT XRPUSDT
w_target     -4.2%    0.0%   -4.2%
rt_14h30     0.00%   0.00%   0.00%
w_target_f   -0.0%    0.0%   -0.0%
2023-08-28 00:31:02,598
Portfolio was rebalanced less than 2 hours ago, 1.0 hours ago
2023-08-28 00:31:02,600
Status: prev = SHORT <> SHORT = target
2023-08-28 00:31:02,601
the strat is currently running @ 28-08-2023 and the target positions is SHORT
the strat was previously run @ 2023-08-27 23:31:09 UTC, success:yes 
   and the current positions is SHORT
2023-08-28 00:31:03,764
positions_future #1
2023-08-28 00:31:03,764
      symbol  positionAmt entryPrice  ...   updateTime  AUMs_account        w%
111  XRPUSDT        -22.1     0.5225  ...  27Aug-22:32         276.6 -0.041619

[1 rows x 9 columns]
2023-08-28 00:31:03,788
programm stoppeddd!!! 20230828_003103
