2024-08-20 23:31:03,002
ON program started 20240820 23:31:02,
US time: 20240820 19:31:03
2024-08-20 23:31:03,474
the strat is currently running @ 20-08-2024 and the target positions is SHORT
2024-08-20 23:31:04,784
CURRENT STATUS IS SHORT, WE CHECK IF THE DAY IS A NEGATIVE ONE
-----
return before 14h30:
BTCUSDT+2.45%, ETHUSDT+0.35%, XRPUSDT+0.43%
-----
target alloc initial:BTCUSDT-4.17%, ETHUSDT+0.00%, XRPUSDT-4.17%
-----
alloc target x rt%<0:BTCUSDT-0.00%, ETHUSDT+0.00%, XRPUSDT-0.00%
-----
           BTCUSDT ETHUSDT XRPUSDT
w_target     -4.2%    0.0%   -4.2%
rt_14h30     0.02%   0.00%   0.00%
w_target_f   -0.0%    0.0%   -0.0%
2024-08-20 23:31:04,785
Portfolio was rebalanced less than 2 hours ago, 1.0 hours ago
2024-08-20 23:31:04,787
Status: prev = SHORT <> SHORT = target
2024-08-20 23:31:04,787
the strat is currently running @ 20-08-2024 and the target positions is SHORT
the strat was previously run @ 2024-08-20 22:30:36, success:? 
   and the current positions is SHORT
2024-08-20 23:31:05,945
positions_future #0
2024-08-20 23:31:05,945
Empty DataFrame
Columns: [symbol, positionAmt, entryPrice, breakEvenPrice, markPrice, unRealizedProfit, value_usd, updateTime, isolated, adlQuantile, AUMs_account, w%]
Index: []
2024-08-20 23:31:06,154
------------------------------
binance_account_balance
2024-08-20 23:31:06,154
  asset     balance  ...  marginAvailable   updateTime
4  USDT  302.123296  ...             True  20Aug-22:32

[1 rows x 8 columns]
2024-08-20 23:31:06,375
------------------------------
open_orders
2024-08-20 23:31:06,375
Empty DataFrame
Columns: []
Index: []
2024-08-20 23:31:06,986
------------------------------
AUMS account:302

2024-08-20 23:31:06,988
--------------- compute_futures_order_book() ----------------
2024-08-20 23:31:08,445
----------------------------------------------------------------------
#0 order(s) to place
gross$: 0$ | net$: +0$
gross%: 0% | net%: +0%
 || w>0%  +0% | w<0%  0%
----------------------------------------------------------------------
PTF Expo% 0.0% >> 0.0% (current>>target)
PTF expo $0.0 >> $0 (current>>target)
----------------------------------------------------------------------
2024-08-20 23:31:08,447
orders_ofthe_day
2024-08-20 23:31:08,447
Empty DataFrame
Columns: [ptf_usd, target_usd, totrd_usd, posttrd_usd, qty, posttrd_qty, posttrd_w, bid, ask, strategy]
Index: []
2024-08-20 23:31:08,509
Orders of the day is empty, current and target potfolios are aligned
2024-08-20 23:31:08,509
Program stopped
