2024-03-24 21:30:56,092
ON program started 20240324 21:30:56,
US time: 20240324 17:30:56
2024-03-24 21:30:57,320
the strat is currently running @ 24-03-2024 and the target positions is LONG
2024-03-24 21:30:58,730
CURRENT STATUS IS LONG
-----
return before 14h30:
BTCUSDT+2.14%, ETHUSDT+1.71%, XRPUSDT+2.43%
-----
target alloc initial:BTCUSDT+16.67%, ETHUSDT+16.67%, XRPUSDT+16.67%
-----
alloc target x rt%<0:BTCUSDT+16.67%, ETHUSDT+16.67%, XRPUSDT+16.67%
-----
           BTCUSDT ETHUSDT XRPUSDT
w_target     16.7%   16.7%   16.7%
rt_14h30     0.02%   0.02%   0.02%
w_target_f   16.7%   16.7%   16.7%
2024-03-24 21:30:58,731
Portfolio was rebalanced less than 2 hours ago, 1.0 hours ago
2024-03-24 21:30:58,733
Status: prev = LONG <> LONG = target
2024-03-24 21:30:58,733
the strat is currently running @ 24-03-2024 and the target positions is LONG
the strat was previously run @ 2024-03-24 20:30:57, success:yes 
   and the current positions is LONG
2024-03-24 21:30:59,954
positions_future #2
2024-03-24 21:30:59,954
      symbol  positionAmt entryPrice  ... adlQuantile AUMs_account        w%
124  XRPUSDT       76.100     0.6305  ...           2        289.8  0.166384
156  ETHUSDT        0.014    3379.68  ...           2        289.8  0.165338

[2 rows x 12 columns]
2024-03-24 21:31:00,094
programm stoppeddd!!! 20240324_213100
