2024-01-20 03:31:05,030
ON program started 20240120 03:31:05,
US time: 20240119 22:31:05
2024-01-20 03:31:05,524
the strat is currently running @ 20-01-2024 and the target positions is NEUTRAL
2024-01-20 03:31:06,917
CURRENT STATUS IS NEUTRAL
-----
return before 14h30:
BTCUSDT+0.00%, ETHUSDT+0.00%, XRPUSDT+0.00%
-----
target alloc initial:BTCUSDT+0.00%, ETHUSDT+0.00%, XRPUSDT+0.00%
-----
alloc target x rt%<0:BTCUSDT+0.00%, ETHUSDT+0.00%, XRPUSDT+0.00%
-----
           BTCUSDT ETHUSDT XRPUSDT
w_target      0.0%    0.0%    0.0%
rt_14h30     0.00%   0.00%   0.00%
w_target_f    0.0%    0.0%    0.0%
2024-01-20 03:31:06,919
Portfolio was rebalanced less than 2 hours ago, 1.0 hours ago
2024-01-20 03:31:06,922
Status: prev = NEUTRAL <> SHORT = target
2024-01-20 03:31:06,922
the strat is currently running @ 20-01-2024 and the target positions is NEUTRAL
the strat was previously run @ 2024-01-20 02:31:02 UTC, success:yes 
   and the current positions is SHORT
2024-01-20 03:31:08,156
positions_future #0
2024-01-20 03:31:08,156
Empty DataFrame
Columns: [symbol, positionAmt, entryPrice, breakEvenPrice, markPrice, unRealizedProfit, value_usd, updateTime, isolated, adlQuantile, AUMs_account, w%]
Index: []
2024-01-20 03:31:08,377
------------------------------
binance_account_balance
2024-01-20 03:31:08,377
  asset     balance  ...  marginAvailable   updateTime
5  USDT  289.470457  ...             True  20Jan-00:33

[1 rows x 8 columns]
2024-01-20 03:31:08,609
------------------------------
open_orders
2024-01-20 03:31:08,609
Empty DataFrame
Columns: []
Index: []
2024-01-20 03:31:09,257
------------------------------
AUMS account:289

2024-01-20 03:31:09,259
--------------- compute_futures_order_book() ----------------
2024-01-20 03:31:10,797
----------------------------------------------------------------------
#0 order(s) to place
gross$: 0$ | net$: +0$
gross%: 0% | net%: +0%
 || w>0%  +0% | w<0%  0%
----------------------------------------------------------------------
PTF Expo% 0.0% >> 0.0% (current>>target)
PTF expo $0.0 >> $0 (current>>target)
----------------------------------------------------------------------
2024-01-20 03:31:10,798
orders_ofthe_day
2024-01-20 03:31:10,799
Empty DataFrame
Columns: [ptf_usd, target_usd, totrd_usd, posttrd_usd, qty, posttrd_qty, posttrd_w, bid, ask, strategy]
Index: []
2024-01-20 03:31:10,874
Orders of the day is empty, current and target potfolios are aligned
2024-01-20 03:31:10,874
Program stopped
