2024-07-17 21:30:28,588
ON program started 20240717 21:30:28,
US time: 20240717 17:30:28
2024-07-17 21:30:29,057
the strat is currently running @ 17-07-2024 and the target positions is LONG
2024-07-17 21:30:31,160
CURRENT STATUS IS LONG
-----
return before 14h30:
BTCUSDT+0.15%, ETHUSDT+0.69%, XRPUSDT+6.30%
-----
target alloc initial:BTCUSDT+16.67%, ETHUSDT+16.67%, XRPUSDT+16.67%
-----
alloc target x rt%<0:BTCUSDT+16.67%, ETHUSDT+16.67%, XRPUSDT+16.67%
-----
           BTCUSDT ETHUSDT XRPUSDT
w_target     16.7%   16.7%   16.7%
rt_14h30     0.00%   0.01%   0.06%
w_target_f   16.7%   16.7%   16.7%
2024-07-17 21:30:31,161
Portfolio was rebalanced less than 2 hours ago, 1.0 hours ago
2024-07-17 21:30:31,163
Status: prev = LONG <> LONG = target
2024-07-17 21:30:31,163
the strat is currently running @ 17-07-2024 and the target positions is LONG
the strat was previously run @ 2024-07-17 20:30:41, success:yes 
   and the current positions is LONG
2024-07-17 21:30:32,285
positions_future #2
2024-07-17 21:30:32,285
      symbol  positionAmt entryPrice  ... adlQuantile AUMs_account        w%
131  XRPUSDT       79.600     0.6152  ...           1        293.1  0.169948
166  ETHUSDT        0.014    3416.02  ...           1        293.1  0.162651

[2 rows x 12 columns]
2024-07-17 21:30:32,368
programm stoppeddd!!! 20240717_213032
