2024-01-08 04:30:34,051
ON program started 20240108 04:30:34,
US time: 20240107 23:30:34
2024-01-08 04:30:34,571
the strat is currently running @ 08-01-2024 and the target positions is NEUTRAL
2024-01-08 04:30:35,987
CURRENT STATUS IS NEUTRAL
-----
return before 14h30:
BTCUSDT+0.00%, ETHUSDT+0.00%, XRPUSDT+0.00%
-----
target alloc initial:BTCUSDT+0.00%, ETHUSDT+0.00%, XRPUSDT+0.00%
-----
alloc target x rt%<0:BTCUSDT+0.00%, ETHUSDT+0.00%, XRPUSDT+0.00%
-----
           BTCUSDT ETHUSDT XRPUSDT
w_target      0.0%    0.0%    0.0%
rt_14h30     0.00%   0.00%   0.00%
w_target_f    0.0%    0.0%    0.0%
2024-01-08 04:30:35,989
Portfolio was rebalanced less than 2 hours ago, 1.0 hours ago
2024-01-08 04:30:35,993
Status: prev = NEUTRAL <> NEUTRAL = target
2024-01-08 04:30:35,993
the strat is currently running @ 08-01-2024 and the target positions is NEUTRAL
the strat was previously run @ 2024-01-08 03:30:52 UTC, success:yes 
   and the current positions is NEUTRAL
2024-01-08 04:30:37,249
positions_future #0
2024-01-08 04:30:37,249
Empty DataFrame
Columns: [symbol, positionAmt, entryPrice, breakEvenPrice, markPrice, unRealizedProfit, value_usd, updateTime, isolated, adlQuantile, AUMs_account, w%]
Index: []
2024-01-08 04:30:37,320
programm stoppeddd!!! 20240108_043037
