2024-08-01 18:30:33,853
ON program started 20240801 18:30:33,
US time: 20240801 14:30:33
2024-08-01 18:30:34,925
the strat is currently running @ 01-08-2024 and the target positions is LONG
2024-08-01 18:30:37,043
CURRENT STATUS IS LONG
-----
return before 14h30:
BTCUSDT+0.19%, ETHUSDT-1.54%, XRPUSDT-2.50%
-----
target alloc initial:BTCUSDT+16.67%, ETHUSDT+16.67%, XRPUSDT+16.67%
-----
alloc target x rt%<0:BTCUSDT+16.67%, ETHUSDT+16.67%, XRPUSDT+16.67%
-----
           BTCUSDT ETHUSDT XRPUSDT
w_target     16.7%   16.7%   16.7%
rt_14h30     0.00%  -0.02%  -0.03%
w_target_f   16.7%   16.7%   16.7%
2024-08-01 18:30:37,044
Portfolio was rebalanced less than 2 hours ago, 15.0 hours ago
2024-08-01 18:30:37,046
Status: prev = LONG <> NEUTRAL = target
2024-08-01 18:30:37,046
the strat is currently running @ 01-08-2024 and the target positions is LONG
the strat was previously run @ 2024-08-01 03:30:39, success:yes 
   and the current positions is NEUTRAL
2024-08-01 18:30:37,593
positions_future #0
2024-08-01 18:30:37,593
Empty DataFrame
Columns: [symbol, positionAmt, entryPrice, breakEvenPrice, markPrice, unRealizedProfit, value_usd, updateTime, isolated, adlQuantile, AUMs_account, w%]
Index: []
2024-08-01 18:30:37,806
------------------------------
binance_account_balance
2024-08-01 18:30:37,806
  asset    balance  ...  marginAvailable   updateTime
4  USDT  290.39784  ...             True  31Jul-22:31

[1 rows x 8 columns]
2024-08-01 18:30:38,027
------------------------------
open_orders
2024-08-01 18:30:38,027
Empty DataFrame
Columns: []
Index: []
2024-08-01 18:30:38,646
------------------------------
AUMS account:290

2024-08-01 18:30:38,648
--------------- compute_futures_order_book() ----------------
2024-08-01 18:30:41,705
----------------------------------------------------------------------
#2 order(s) to place
gross$: 98$ | net$: +98$
gross%: 34% | net%: +34%
 || w>0%  +34% | w<0%  0%
----------------------------------------------------------------------
PTF Expo% 0.0% >> 50.0% (current>>target)
PTF expo $0.0 >> $145 (current>>target)
----------------------------------------------------------------------
2024-08-01 18:30:41,707
orders_ofthe_day
2024-08-01 18:30:41,707
                  ptf_usd  target_usd  totrd_usd  ...        bid        ask strategy
2024-08-01 18:30                                  ...                               
ETHUSDT               0.0       48.41       50.0  ...  3106.7000  3106.7100  STRATON
XRPUSDT               0.0       48.41       48.0  ...     0.5768     0.5769  STRATON

[2 rows x 10 columns]
2024-08-01 18:30:43,173
binance_place_orders_peg 20240801_183043
2024-08-01 18:30:43,982
{'orderId': 8389765708687947978, 'symbol': 'ETHUSDT', 'status': 'NEW', 'clientOrderId': 'STRATON', 'price': '3104.80', 'avgPrice': '0.00', 'origQty': '0.016', 'executedQty': '0.000', 'cumQty': '0.000', 'cumQuote': '0.00000', 'timeInForce': 'GTC', 'type': 'LIMIT', 'reduceOnly': False, 'closePosition': False, 'side': 'BUY', 'positionSide': 'BOTH', 'stopPrice': '0.00', 'workingType': 'CONTRACT_PRICE', 'priceProtect': False, 'origType': 'LIMIT', 'priceMatch': 'NONE', 'selfTradePreventionMode': 'NONE', 'goodTillDate': 0, 'updateTime': 1722537043880}
2024-08-01 18:30:44,399
{'orderId': 61959830243, 'symbol': 'XRPUSDT', 'status': 'NEW', 'clientOrderId': 'STRATON', 'price': '0.5764', 'avgPrice': '0.00', 'origQty': '83.2', 'executedQty': '0.0', 'cumQty': '0.0', 'cumQuote': '0.00000', 'timeInForce': 'GTC', 'type': 'LIMIT', 'reduceOnly': False, 'closePosition': False, 'side': 'BUY', 'positionSide': 'BOTH', 'stopPrice': '0.0000', 'workingType': 'CONTRACT_PRICE', 'priceProtect': False, 'origType': 'LIMIT', 'priceMatch': 'NONE', 'selfTradePreventionMode': 'NONE', 'goodTillDate': 0, 'updateTime': 1722537044295}
2024-08-01 18:30:46,262
update 0: filled 0 / 2 () | working 2 / 2 (+ETHUSDT,+XRPUSDT)
2024-08-01 18:30:50,263
+ETHUSDT: bp6.0|+XRPUSDT: bp10.0|
2024-08-01 18:30:51,087
update 1: filled 0 / 2 () | working 2 / 2 (+ETHUSDT,+XRPUSDT)
2024-08-01 18:30:55,088
+ETHUSDT: bp5.0|+XRPUSDT: bp9.0|
2024-08-01 18:30:55,915
update 2: filled 0 / 2 () | working 2 / 2 (+ETHUSDT,+XRPUSDT)
2024-08-01 18:30:59,916
+ETHUSDT: bp5.0|+XRPUSDT: bp12.0|
2024-08-01 18:31:00,744
update 3: filled 0 / 2 () | working 2 / 2 (+ETHUSDT,+XRPUSDT)
2024-08-01 18:31:04,745
+ETHUSDT: bp3.0|+XRPUSDT: bp9.0|
2024-08-01 18:31:05,569
update 4: filled 0 / 2 () | working 2 / 2 (+ETHUSDT,+XRPUSDT)
2024-08-01 18:31:09,570
+ETHUSDT: bp3.0|+XRPUSDT: bp10.0|
2024-08-01 18:31:10,394
update 5: filled 0 / 2 () | working 2 / 2 (+ETHUSDT,+XRPUSDT)
2024-08-01 18:31:14,394
+ETHUSDT: bp7.0|+XRPUSDT: bp12.0|
2024-08-01 18:31:15,218
update 6: filled 0 / 2 () | working 2 / 2 (+ETHUSDT,+XRPUSDT)
2024-08-01 18:31:19,219
+ETHUSDT: bp7.0|+XRPUSDT: bp16.0|
2024-08-01 18:31:20,043
update 7: filled 2 / 2 (+ETHUSDT,+XRPUSDT) | working 0 / 2 ()
2024-08-01 18:31:26,359
Trades of the day
in$
as of: 01Aug 18:31>>18:31 (#trades: 2)
trade net: +98.0 (+33.7%), trade gross: +98.0 (+33.7%), BUY: +98.0 (+33.7%), SELL: +0.0 (+0.0%)
fees: $ 0.02 (2.0bp)
2024-08-01 18:31:26,783
Trades: 
Filled #2
______________________________________________
                   in$ | in bp 97 traded | in bp 290 AUMs
realizedPnl    +0      | +0      | +0     
PnLvsArrival   +0.07   | +7      | +2     
PnLvsLast      -0.05   | -5      | -2     
______________________________________________
                 | Value$ | PnL Arrival/Last 
______________________________________________
XRP:+83.2@0.5764 | +48$ | 0.04/-0.02
ETH:+0.016@3104.8 | +50$ | 0.03/-0.03
