2024-03-23 19:30:57,464
ON program started 20240323 19:30:57,
US time: 20240323 15:30:57
2024-03-23 19:30:58,557
the strat is currently running @ 23-03-2024 and the target positions is LONG
2024-03-23 19:30:59,969
CURRENT STATUS IS LONG
-----
return before 14h30:
BTCUSDT+1.25%, ETHUSDT+0.88%, XRPUSDT+2.17%
-----
target alloc initial:BTCUSDT+16.67%, ETHUSDT+16.67%, XRPUSDT+16.67%
-----
alloc target x rt%<0:BTCUSDT+16.67%, ETHUSDT+16.67%, XRPUSDT+16.67%
-----
           BTCUSDT ETHUSDT XRPUSDT
w_target     16.7%   16.7%   16.7%
rt_14h30     0.01%   0.01%   0.02%
w_target_f   16.7%   16.7%   16.7%
2024-03-23 19:30:59,971
Portfolio was rebalanced less than 2 hours ago, 1.0 hours ago
2024-03-23 19:30:59,972
Status: prev = LONG <> LONG = target
2024-03-23 19:30:59,972
the strat is currently running @ 23-03-2024 and the target positions is LONG
the strat was previously run @ 2024-03-23 18:30:54, success:? 
   and the current positions is LONG
2024-03-23 19:31:01,199
positions_future #2
2024-03-23 19:31:01,199
      symbol  positionAmt entryPrice  ... adlQuantile AUMs_account        w%
124  XRPUSDT       76.200     0.6299  ...           1        289.3  0.165164
156  ETHUSDT        0.014    3409.52  ...           1        289.3  0.164602

[2 rows x 12 columns]
2024-03-23 19:31:01,442
------------------------------
binance_account_balance
2024-03-23 19:31:01,442
  asset     balance  ...  marginAvailable   updateTime
6  USDT  289.606307  ...             True  23Mar-18:32

[1 rows x 8 columns]
2024-03-23 19:31:02,114
------------------------------
open_orders
2024-03-23 19:31:02,114
Empty DataFrame
Columns: []
Index: []
2024-03-23 19:31:02,767
------------------------------
AUMS account:289

2024-03-23 19:31:02,769
--------------- compute_futures_order_book() ----------------
2024-03-23 19:31:04,324
----------------------------------------------------------------------
#0 order(s) to place
gross$: 0$ | net$: +0$
gross%: 0% | net%: +0%
 || w>0%  +0% | w<0%  0%
----------------------------------------------------------------------
PTF Expo% 33.1% >> 50.0% (current>>target)
PTF expo $96.0 >> $144 (current>>target)
----------------------------------------------------------------------
2024-03-23 19:31:04,326
orders_ofthe_day
2024-03-23 19:31:04,326
Empty DataFrame
Columns: [ptf_usd, target_usd, totrd_usd, posttrd_usd, qty, posttrd_qty, posttrd_w, bid, ask, strategy]
Index: []
2024-03-23 19:31:04,387
Orders of the day is empty, current and target potfolios are aligned
2024-03-23 19:31:04,388
Program stopped
