2023-10-14 01:31:02,080
ON program started 20231014 01:31:02,
US time: 20231013 21:31:02
2023-10-14 01:31:02,476
the strat is currently running @ 14-10-2023 and the target positions is SHORT
2023-10-14 01:31:04,190
CURRENT STATUS IS SHORT, WE CHECK IF THE DAY IS A NEGATIVE ONE
-----
return before 14h30:
BTCUSDT+0.00%, ETHUSDT+0.00%, XRPUSDT+0.00%
-----
target alloc initial:BTCUSDT-4.17%, ETHUSDT+0.00%, XRPUSDT-4.17%
-----
alloc target x rt%<0:BTCUSDT-0.00%, ETHUSDT+0.00%, XRPUSDT-0.00%
-----
           BTCUSDT ETHUSDT XRPUSDT
w_target     -4.2%    0.0%   -4.2%
rt_14h30     0.00%   0.00%   0.00%
w_target_f   -0.0%    0.0%   -0.0%
2023-10-14 01:31:04,191
Portfolio was rebalanced less than 2 hours ago, 1.0 hours ago
2023-10-14 01:31:04,194
Status: prev = SHORT <> SHORT = target
2023-10-14 01:31:04,194
the strat is currently running @ 14-10-2023 and the target positions is SHORT
the strat was previously run @ 2023-10-14 00:30:33 UTC, success:yes 
   and the current positions is SHORT
2023-10-14 01:31:05,350
positions_future #1
2023-10-14 01:31:05,350
      symbol  positionAmt entryPrice  ...   updateTime AUMs_account       w%
117  XRPUSDT        -24.7     0.4868  ...  13Oct-22:35        276.9 -0.04323

[1 rows x 10 columns]
2023-10-14 01:31:05,374
programm stoppeddd!!! 20231014_013105
