2024-04-16 19:30:33,466
ON program started 20240416 19:30:33,
US time: 20240416 15:30:33
2024-04-16 19:30:34,395
the strat is currently running @ 16-04-2024 and the target positions is LONG
2024-04-16 19:30:35,830
CURRENT STATUS IS LONG
-----
return before 14h30:
BTCUSDT-1.15%, ETHUSDT-1.10%, XRPUSDT-2.25%
-----
target alloc initial:BTCUSDT+16.67%, ETHUSDT+16.67%, XRPUSDT+16.67%
-----
alloc target x rt%<0:BTCUSDT+16.67%, ETHUSDT+16.67%, XRPUSDT+16.67%
-----
           BTCUSDT ETHUSDT XRPUSDT
w_target     16.7%   16.7%   16.7%
rt_14h30    -0.01%  -0.01%  -0.02%
w_target_f   16.7%   16.7%   16.7%
2024-04-16 19:30:35,831
Portfolio was rebalanced less than 2 hours ago, 1.0 hours ago
2024-04-16 19:30:35,833
Status: prev = LONG <> LONG = target
2024-04-16 19:30:35,834
the strat is currently running @ 16-04-2024 and the target positions is LONG
the strat was previously run @ 2024-04-16 18:31:02, success:? 
   and the current positions is LONG
2024-04-16 19:30:37,042
positions_future #2
2024-04-16 19:30:37,043
      symbol  positionAmt entryPrice  ... adlQuantile AUMs_account        w%
128  XRPUSDT       95.600     0.4918  ...           2        279.7  0.167833
161  ETHUSDT        0.015    3058.94  ...           2        279.7  0.164221

[2 rows x 12 columns]
2024-04-16 19:30:37,289
------------------------------
binance_account_balance
2024-04-16 19:30:37,289
  asset     balance  ...  marginAvailable   updateTime
6  USDT  279.737104  ...             True  16Apr-18:31

[1 rows x 8 columns]
2024-04-16 19:30:37,964
------------------------------
open_orders
2024-04-16 19:30:37,964
Empty DataFrame
Columns: []
Index: []
2024-04-16 19:30:38,626
------------------------------
AUMS account:279

2024-04-16 19:30:38,628
--------------- compute_futures_order_book() ----------------
2024-04-16 19:30:40,206
----------------------------------------------------------------------
#0 order(s) to place
gross$: 0$ | net$: +0$
gross%: 0% | net%: +0%
 || w>0%  +0% | w<0%  0%
----------------------------------------------------------------------
PTF Expo% 33.2% >> 50.0% (current>>target)
PTF expo $93.0 >> $139 (current>>target)
----------------------------------------------------------------------
2024-04-16 19:30:40,208
orders_ofthe_day
2024-04-16 19:30:40,208
Empty DataFrame
Columns: [ptf_usd, target_usd, totrd_usd, posttrd_usd, qty, posttrd_qty, posttrd_w, bid, ask, strategy]
Index: []
2024-04-16 19:30:40,267
Orders of the day is empty, current and target potfolios are aligned
2024-04-16 19:30:40,267
Program stopped
