2024-09-30 02:30:37,202
ON program started 20240930 02:30:37,
US time: 20240929 22:30:37
2024-09-30 02:30:37,696
the strat is currently running @ 30-09-2024 and the target positions is NEUTRAL
2024-09-30 02:30:39,115
CURRENT STATUS IS NEUTRAL
-----
return before 14h30:
BTCUSDT-1.69%, ETHUSDT-1.62%, XRPUSDT-0.02%
-----
target alloc initial:BTCUSDT+0.00%, ETHUSDT+0.00%, XRPUSDT+0.00%
-----
alloc target x rt%<0:BTCUSDT+0.00%, ETHUSDT+0.00%, XRPUSDT+0.00%
-----
           BTCUSDT ETHUSDT XRPUSDT
w_target      0.0%    0.0%    0.0%
rt_14h30    -0.02%  -0.02%  -0.00%
w_target_f    0.0%    0.0%    0.0%
2024-09-30 02:30:39,117
Portfolio was rebalanced less than 2 hours ago, 1.0 hours ago
2024-09-30 02:30:39,119
Status: prev = NEUTRAL <> SHORT = target
2024-09-30 02:30:39,119
the strat is currently running @ 30-09-2024 and the target positions is NEUTRAL
the strat was previously run @ 2024-09-30 01:30:45, success:? 
   and the current positions is SHORT
2024-09-30 02:30:39,687
positions_future #1
2024-09-30 02:30:39,687
      symbol  positionAmt entryPrice  ... adlQuantile AUMs_account       w%
145  XRPUSDT        -18.8     0.6378  ...           1        291.3 -0.04127

[1 rows x 12 columns]
2024-09-30 02:30:39,931
------------------------------
binance_account_balance
2024-09-30 02:30:39,931
  asset     balance  ...  marginAvailable   updateTime
4  USDT  291.336483  ...             True  30Sep-00:31

[1 rows x 8 columns]
2024-09-30 02:30:40,393
------------------------------
open_orders
2024-09-30 02:30:40,393
Empty DataFrame
Columns: []
Index: []
2024-09-30 02:30:41,483
------------------------------
AUMS account:291

2024-09-30 02:30:41,484
--------------- compute_futures_order_book() ----------------
2024-09-30 02:30:44,140
----------------------------------------------------------------------
#1 order(s) to place
gross$: 12$ | net$: +12$
gross%: 4% | net%: +4%
 || w>0%  +4% | w<0%  0%
----------------------------------------------------------------------
PTF Expo% -4.1% >> 0.0% (current>>target)
PTF expo $-12.0 >> $0 (current>>target)
----------------------------------------------------------------------
2024-09-30 02:30:44,142
orders_ofthe_day
2024-09-30 02:30:44,142
                  ptf_usd  target_usd  totrd_usd  ...     bid    ask strategy
2024-09-30 02:30                                  ...                        
XRPUSDT             -12.0         0.0       12.0  ...  0.6389  0.639  STRATON

[1 rows x 10 columns]
2024-09-30 02:30:46,600
binance_place_orders_peg 20240930_023046
2024-09-30 02:30:47,046
{'orderId': 66684836589, 'symbol': 'XRPUSDT', 'status': 'NEW', 'clientOrderId': 'STRATON', 'price': '0.6390', 'avgPrice': '0.00', 'origQty': '18.8', 'executedQty': '0.0', 'cumQty': '0.0', 'cumQuote': '0.00000', 'timeInForce': 'GTC', 'type': 'LIMIT', 'reduceOnly': True, 'closePosition': False, 'side': 'BUY', 'positionSide': 'BOTH', 'stopPrice': '0.0000', 'workingType': 'CONTRACT_PRICE', 'priceProtect': False, 'origType': 'LIMIT', 'priceMatch': 'NONE', 'selfTradePreventionMode': 'NONE', 'goodTillDate': 0, 'updateTime': 1727663446935}
2024-09-30 02:30:47,543
update 0: filled 0 / 1 () | working 1 / 1 (+XRPUSDT)
2024-09-30 02:30:51,543
+XRPUSDT: bp2.0|
2024-09-30 02:30:51,993
update 1: filled 0 / 1 () | working 1 / 1 (+XRPUSDT)
2024-09-30 02:30:55,994
+XRPUSDT: bp6.0|
2024-09-30 02:30:56,451
update 2: filled 0 / 1 () | working 1 / 1 (+XRPUSDT)
2024-09-30 02:31:00,451
+XRPUSDT: bp6.0|
2024-09-30 02:31:00,899
update 3: filled 0 / 1 () | working 1 / 1 (+XRPUSDT)
2024-09-30 02:31:04,900
+XRPUSDT: bp8.0|
2024-09-30 02:31:05,347
update 4: filled 0 / 1 () | working 1 / 1 (+XRPUSDT)
2024-09-30 02:31:09,348
+XRPUSDT: bp16.0|
2024-09-30 02:31:10,220
update 5: filled 0 / 1 () | working 1 / 1 (+XRPUSDT)
2024-09-30 02:31:14,221
+XRPUSDT: bp20.0|
2024-09-30 02:31:14,664
update 6: filled 0 / 1 () | working 1 / 1 (+XRPUSDT)
2024-09-30 02:31:18,667
+XRPUSDT: bp13.0|
2024-09-30 02:31:19,113
update 7: filled 0 / 1 () | working 1 / 1 (+XRPUSDT)
2024-09-30 02:31:23,113
+XRPUSDT: bp13.0|
2024-09-30 02:31:23,561
update 8: filled 0 / 1 () | working 1 / 1 (+XRPUSDT)
2024-09-30 02:31:27,562
+XRPUSDT: bp5.0|
2024-09-30 02:31:28,007
update 9: filled 1 / 1 (+XRPUSDT) | working 0 / 1 ()
2024-09-30 02:31:33,368
Trades of the day
in$
as of: 30Sep 02:31>>02:31 (#trades: 1)
trade net: +12.0 (+4.1%), trade gross: +12.0 (+4.1%), BUY: +12.0 (+4.1%), SELL: +0.0 (+0.0%)
fees: $ 0.002 (2.0bp)
2024-09-30 02:31:33,607
Trades: 
Filled #1
______________________________________________
                   in$ | in bp 12 traded | in bp 291 AUMs
realizedPnl    -0.02   | -17     | -1     
PnLvsArrival   +0      | +0      | +0     
PnLvsLast      +0      | +0      | +0     
______________________________________________
                 | Value$ | PnL Arrival/Last 
______________________________________________
XRP:+18.8@0.639 | +12$ | -0/0
