2024-04-02 22:30:44,837
ON program started 20240402 22:30:44,
US time: 20240402 18:30:44
2024-04-02 22:30:45,825
the strat is currently running @ 02-04-2024 and the target positions is SHORT
2024-04-02 22:30:47,230
CURRENT STATUS IS SHORT, WE CHECK IF THE DAY IS A NEGATIVE ONE
-----
return before 14h30:
BTCUSDT-6.35%, ETHUSDT-6.65%, XRPUSDT-4.44%
-----
target alloc initial:BTCUSDT-4.17%, ETHUSDT+0.00%, XRPUSDT-4.17%
-----
alloc target x rt%<0:BTCUSDT-4.17%, ETHUSDT+0.00%, XRPUSDT-4.17%
-----
           BTCUSDT ETHUSDT XRPUSDT
w_target     -4.2%    0.0%   -4.2%
rt_14h30    -0.06%  -0.07%  -0.04%
w_target_f   -4.2%    0.0%   -4.2%
2024-04-02 22:30:47,232
Portfolio was rebalanced less than 2 hours ago, 1.0 hours ago
2024-04-02 22:30:47,233
Status: prev = SHORT <> LONG = target
2024-04-02 22:30:47,233
the strat is currently running @ 02-04-2024 and the target positions is SHORT
the strat was previously run @ 2024-04-02 21:31:14, success:yes 
   and the current positions is LONG
2024-04-02 22:30:48,428
positions_future #2
2024-04-02 22:30:48,428
      symbol  positionAmt entryPrice  ... adlQuantile AUMs_account        w%
157  ETHUSDT        0.015     3266.2  ...           3        289.5  0.169916
124  XRPUSDT       81.100     0.5914  ...           1        289.5  0.164842

[2 rows x 12 columns]
2024-04-02 22:30:48,673
------------------------------
binance_account_balance
2024-04-02 22:30:48,673
  asset    balance  ...  marginAvailable   updateTime
6  USDT  289.53995  ...             True  02Apr-18:32

[1 rows x 8 columns]
2024-04-02 22:30:49,343
------------------------------
open_orders
2024-04-02 22:30:49,343
Empty DataFrame
Columns: []
Index: []
2024-04-02 22:30:49,999
------------------------------
AUMS account:289

2024-04-02 22:30:50,001
--------------- compute_futures_order_book() ----------------
2024-04-02 22:30:51,559
----------------------------------------------------------------------
#2 order(s) to place
gross$: 109$ | net$: -109$
gross%: 38% | net%: -38%
 || w>0%  +0% | w<0%  -38%
----------------------------------------------------------------------
PTF Expo% 33.5% >> -8.3% (current>>target)
PTF expo $97.0 >> $-24 (current>>target)
----------------------------------------------------------------------
2024-04-02 22:30:51,561
orders_ofthe_day
2024-04-02 22:30:51,561
                  ptf_usd  target_usd  totrd_usd  ...        bid        ask strategy
2024-04-02 22:30                                  ...                               
XRPUSDT              48.0      -12.07      -60.0  ...     0.5885     0.5886  STRATON
ETHUSDT              49.0        0.00      -49.0  ...  3279.6800  3279.6900  STRATON

[2 rows x 10 columns]
2024-04-02 22:30:53,182
binance_place_orders_peg 20240402_223053
2024-04-02 22:30:53,624
{'orderId': 54022651190, 'symbol': 'XRPUSDT', 'status': 'NEW', 'clientOrderId': 'STRATON', 'price': '0.5889', 'avgPrice': '0.00', 'origQty': '101.9', 'executedQty': '0.0', 'cumQty': '0.0', 'cumQuote': '0.00000', 'timeInForce': 'GTC', 'type': 'LIMIT', 'reduceOnly': False, 'closePosition': False, 'side': 'SELL', 'positionSide': 'BOTH', 'stopPrice': '0.0000', 'workingType': 'CONTRACT_PRICE', 'priceProtect': False, 'origType': 'LIMIT', 'priceMatch': 'NONE', 'selfTradePreventionMode': 'NONE', 'goodTillDate': 0, 'updateTime': 1712097053510}
2024-04-02 22:30:54,065
{'orderId': 8389765668165691687, 'symbol': 'ETHUSDT', 'status': 'NEW', 'clientOrderId': 'STRATON', 'price': '3281.47', 'avgPrice': '0.00', 'origQty': '0.015', 'executedQty': '0.000', 'cumQty': '0.000', 'cumQuote': '0.00000', 'timeInForce': 'GTC', 'type': 'LIMIT', 'reduceOnly': False, 'closePosition': False, 'side': 'SELL', 'positionSide': 'BOTH', 'stopPrice': '0.00', 'workingType': 'CONTRACT_PRICE', 'priceProtect': False, 'origType': 'LIMIT', 'priceMatch': 'NONE', 'selfTradePreventionMode': 'NONE', 'goodTillDate': 0, 'updateTime': 1712097053952}
2024-04-02 22:30:55,627
update 0: filled 0 / 2 () | working 2 / 2 (-XRPUSDT,-ETHUSDT)
2024-04-02 22:30:59,628
-XRPUSDT: bp5.0|-ETHUSDT: bp5.0|
2024-04-02 22:31:00,505
update 1: filled 0 / 2 () | working 2 / 2 (-XRPUSDT,-ETHUSDT)
2024-04-02 22:31:04,506
-XRPUSDT: bp5.0|-ETHUSDT: bp5.0|
2024-04-02 22:31:05,382
update 2: filled 0 / 2 () | working 2 / 2 (-XRPUSDT,-ETHUSDT)
2024-04-02 22:31:09,383
-XRPUSDT: bp5.0|-ETHUSDT: bp6.0|
2024-04-02 22:31:10,257
update 3: filled 0 / 2 () | working 2 / 2 (-XRPUSDT,-ETHUSDT)
2024-04-02 22:31:14,258
-XRPUSDT: bp5.0|-ETHUSDT: bp6.0|
2024-04-02 22:31:15,133
update 4: filled 0 / 2 () | working 2 / 2 (-XRPUSDT,-ETHUSDT)
2024-04-02 22:31:19,134
-XRPUSDT: bp3.0|-ETHUSDT: bp6.0|
2024-04-02 22:31:20,008
update 5: filled 0 / 2 () | working 2 / 2 (-XRPUSDT,-ETHUSDT)
2024-04-02 22:31:24,009
-XRPUSDT: bp2.0|-ETHUSDT: bp5.0|
2024-04-02 22:31:24,884
update 6: filled 0 / 2 () | working 2 / 2 (-XRPUSDT,-ETHUSDT)
2024-04-02 22:31:28,885
-XRPUSDT: bp5.0|-ETHUSDT: bp7.0|
2024-04-02 22:31:29,761
update 7: filled 0 / 2 () | working 2 / 2 (-XRPUSDT,-ETHUSDT)
2024-04-02 22:31:33,762
-XRPUSDT: bp5.0|-ETHUSDT: bp7.0|
2024-04-02 22:31:34,640
update 8: filled 0 / 2 () | working 2 / 2 (-XRPUSDT,-ETHUSDT)
2024-04-02 22:31:38,641
-XRPUSDT: bp5.0|-ETHUSDT: bp7.0|
2024-04-02 22:31:39,515
update 9: filled 0 / 2 () | working 2 / 2 (-XRPUSDT,-ETHUSDT)
2024-04-02 22:31:43,516
-XRPUSDT: bp10.0|-ETHUSDT: bp9.0|
2024-04-02 22:31:44,390
update 10: filled 0 / 2 () | working 2 / 2 (-XRPUSDT,-ETHUSDT)
2024-04-02 22:31:48,391
-XRPUSDT: bp14.0|-ETHUSDT: bp9.0|
2024-04-02 22:31:49,269
update 11: filled 0 / 2 () | working 2 / 2 (-XRPUSDT,-ETHUSDT)
2024-04-02 22:31:53,270
-XRPUSDT: bp12.0|-ETHUSDT: bp9.0|
2024-04-02 22:31:54,144
update 12: filled 0 / 2 () | working 2 / 2 (-XRPUSDT,-ETHUSDT)
2024-04-02 22:31:58,144
-XRPUSDT: bp10.0|-ETHUSDT: bp7.0|
2024-04-02 22:31:59,018
update 13: filled 0 / 2 () | working 2 / 2 (-XRPUSDT,-ETHUSDT)
2024-04-02 22:32:03,019
-XRPUSDT: bp10.0|-ETHUSDT: bp7.0|
2024-04-02 22:32:03,894
update 14: filled 0 / 2 () | working 2 / 2 (-XRPUSDT,-ETHUSDT)
2024-04-02 22:32:07,895
-XRPUSDT: bp12.0|-ETHUSDT: bp7.0|
2024-04-02 22:32:07,895
Adjustment limit #1 ... 
 we cancel current orders and replace
2024-04-02 22:32:07,895
@+/-2.5bp limit 
2024-04-02 22:32:07,895
binance_cancel_and_replace_orders_peg 20240402_223207
2024-04-02 22:32:10,095
binance_place_orders_peg 20240402_223210
2024-04-02 22:32:10,535
{'orderId': 54022686864, 'symbol': 'XRPUSDT', 'status': 'NEW', 'clientOrderId': 'STRATON', 'price': '0.5885', 'avgPrice': '0.00', 'origQty': '101.9', 'executedQty': '0.0', 'cumQty': '0.0', 'cumQuote': '0.00000', 'timeInForce': 'GTC', 'type': 'LIMIT', 'reduceOnly': False, 'closePosition': False, 'side': 'SELL', 'positionSide': 'BOTH', 'stopPrice': '0.0000', 'workingType': 'CONTRACT_PRICE', 'priceProtect': False, 'origType': 'LIMIT', 'priceMatch': 'NONE', 'selfTradePreventionMode': 'NONE', 'goodTillDate': 0, 'updateTime': 1712097130422}
2024-04-02 22:32:10,974
{'orderId': 8389765668165820653, 'symbol': 'ETHUSDT', 'status': 'NEW', 'clientOrderId': 'STRATON', 'price': '3279.87', 'avgPrice': '0.00', 'origQty': '0.015', 'executedQty': '0.000', 'cumQty': '0.000', 'cumQuote': '0.00000', 'timeInForce': 'GTC', 'type': 'LIMIT', 'reduceOnly': False, 'closePosition': False, 'side': 'SELL', 'positionSide': 'BOTH', 'stopPrice': '0.00', 'workingType': 'CONTRACT_PRICE', 'priceProtect': False, 'origType': 'LIMIT', 'priceMatch': 'NONE', 'selfTradePreventionMode': 'NONE', 'goodTillDate': 0, 'updateTime': 1712097130862}
2024-04-02 22:32:11,857
update 0: filled 0 / 2 () | working 2 / 2 (-XRPUSDT,-ETHUSDT)
2024-04-02 22:32:15,858
-XRPUSDT: bp3.0|-ETHUSDT: bp3.0|
2024-04-02 22:32:16,732
update 1: filled 0 / 2 () | working 2 / 2 (-XRPUSDT,-ETHUSDT)
2024-04-02 22:32:20,733
-XRPUSDT: bp2.0|-ETHUSDT: bp3.0|
2024-04-02 22:32:21,609
update 2: filled 0 / 2 () | working 2 / 2 (-XRPUSDT,-ETHUSDT)
2024-04-02 22:32:25,610
-XRPUSDT: bp3.0|-ETHUSDT: bp3.0|
2024-04-02 22:32:26,489
update 3: filled 0 / 2 () | working 2 / 2 (-XRPUSDT,-ETHUSDT)
2024-04-02 22:32:30,489
-XRPUSDT: bp5.0|-ETHUSDT: bp5.0|
2024-04-02 22:32:31,372
update 4: filled 0 / 2 () | working 2 / 2 (-XRPUSDT,-ETHUSDT)
2024-04-02 22:32:35,372
-XRPUSDT: bp5.0|-ETHUSDT: bp5.0|
2024-04-02 22:32:36,248
update 5: filled 0 / 2 () | working 2 / 2 (-XRPUSDT,-ETHUSDT)
2024-04-02 22:32:40,250
-XRPUSDT: bp7.0|-ETHUSDT: bp3.0|
2024-04-02 22:32:41,125
update 6: filled 0 / 2 () | working 2 / 2 (-XRPUSDT,-ETHUSDT)
2024-04-02 22:32:45,126
-XRPUSDT: bp7.0|-ETHUSDT: bp3.0|
2024-04-02 22:32:46,002
update 7: filled 0 / 2 () | working 2 / 2 (-XRPUSDT,-ETHUSDT)
2024-04-02 22:32:50,003
-XRPUSDT: bp7.0|-ETHUSDT: bp4.0|
2024-04-02 22:32:50,878
update 8: filled 0 / 2 () | working 2 / 2 (-XRPUSDT,-ETHUSDT)
2024-04-02 22:32:54,879
-XRPUSDT: bp5.0|-ETHUSDT: bp3.0|
2024-04-02 22:32:55,753
update 9: filled 0 / 2 () | working 2 / 2 (-XRPUSDT,-ETHUSDT)
2024-04-02 22:32:59,754
-XRPUSDT: bp7.0|-ETHUSDT: bp2.0|
2024-04-02 22:33:00,633
update 10: filled 0 / 2 () | working 2 / 2 (-XRPUSDT,-ETHUSDT)
2024-04-02 22:33:04,633
-XRPUSDT: bp5.0|-ETHUSDT: bp2.0|
2024-04-02 22:33:05,509
update 11: filled 0 / 2 () | working 2 / 2 (-XRPUSDT,-ETHUSDT)
2024-04-02 22:33:09,510
-XRPUSDT: bp7.0|-ETHUSDT: bp2.0|
2024-04-02 22:33:10,399
update 12: filled 1 / 2 (-ETHUSDT) | working 1 / 2 (-XRPUSDT)
2024-04-02 22:33:14,400
-XRPUSDT: bp7.0|
2024-04-02 22:33:15,276
update 13: filled 1 / 2 (-ETHUSDT) | working 1 / 2 (-XRPUSDT)
2024-04-02 22:33:19,277
-XRPUSDT: bp7.0|
2024-04-02 22:33:20,157
update 14: filled 1 / 2 (-ETHUSDT) | working 1 / 2 (-XRPUSDT)
2024-04-02 22:33:24,158
-XRPUSDT: bp9.0|
2024-04-02 22:33:24,158
Adjustment limit #2 ... 
 we cancel current orders and replace
2024-04-02 22:33:24,158
@+/-1.25bp limit 
2024-04-02 22:33:24,158
binance_cancel_and_replace_orders_peg 20240402_223324
2024-04-02 22:33:25,696
binance_place_orders_peg 20240402_223325
2024-04-02 22:33:26,135
{'orderId': 54022731756, 'symbol': 'XRPUSDT', 'status': 'NEW', 'clientOrderId': 'STRATON', 'price': '0.5885', 'avgPrice': '0.00', 'origQty': '101.9', 'executedQty': '0.0', 'cumQty': '0.0', 'cumQuote': '0.00000', 'timeInForce': 'GTC', 'type': 'LIMIT', 'reduceOnly': False, 'closePosition': False, 'side': 'SELL', 'positionSide': 'BOTH', 'stopPrice': '0.0000', 'workingType': 'CONTRACT_PRICE', 'priceProtect': False, 'origType': 'LIMIT', 'priceMatch': 'NONE', 'selfTradePreventionMode': 'NONE', 'goodTillDate': 0, 'updateTime': 1712097206023}
2024-04-02 22:33:27,021
update 0: filled 1 / 2 (-ETHUSDT) | working 1 / 2 (-XRPUSDT)
2024-04-02 22:33:31,022
-XRPUSDT: bp5.0|
2024-04-02 22:33:31,898
update 1: filled 1 / 2 (-ETHUSDT) | working 1 / 2 (-XRPUSDT)
2024-04-02 22:33:35,898
-XRPUSDT: bp3.0|
2024-04-02 22:33:36,775
update 2: filled 1 / 2 (-ETHUSDT) | working 1 / 2 (-XRPUSDT)
2024-04-02 22:33:40,775
-XRPUSDT: bp5.0|
2024-04-02 22:33:41,650
update 3: filled 1 / 2 (-ETHUSDT) | working 1 / 2 (-XRPUSDT)
2024-04-02 22:33:45,651
-XRPUSDT: bp5.0|
2024-04-02 22:33:46,527
update 4: filled 1 / 2 (-ETHUSDT) | working 1 / 2 (-XRPUSDT)
2024-04-02 22:33:50,527
-XRPUSDT: bp5.0|
2024-04-02 22:33:51,404
update 5: filled 1 / 2 (-ETHUSDT) | working 1 / 2 (-XRPUSDT)
2024-04-02 22:33:55,405
-XRPUSDT: bp5.0|
2024-04-02 22:33:56,279
update 6: filled 1 / 2 (-ETHUSDT) | working 1 / 2 (-XRPUSDT)
2024-04-02 22:34:00,280
-XRPUSDT: bp3.0|
2024-04-02 22:34:01,160
update 7: filled 1 / 2 (-ETHUSDT) | working 1 / 2 (-XRPUSDT)
2024-04-02 22:34:05,161
-XRPUSDT: bp5.0|
2024-04-02 22:34:06,036
update 8: filled 2 / 2 (-ETHUSDT,-XRPUSDT) | working 0 / 2 ()
2024-04-02 22:34:12,487
Trades of the day
in$
as of: 02Apr 22:33>>22:34 (#trades: 2)
trade net: -109.0 (-37.7%), trade gross: +109.0 (+37.7%), BUY: +0.0 (+0.0%), SELL: -109.0 (-37.7%)
fees: $ 0.022 (2.0bp)
2024-04-02 22:34:12,943
Trades: 
Filled #2
______________________________________________
                   in$ | in bp 109 traded | in bp 289 AUMs
realizedPnl    -0.03   | -3      | -1     
PnLvsArrival   -0.01   | -1      | -0     
PnLvsLast      -0.07   | -6      | -2     
______________________________________________
                 | Value$ | PnL Arrival/Last 
______________________________________________
XRP:-101.9@0.5885 | -60$ | -0.01/-0.01
ETH:-0.015@3279.87 | -49$ | 0/-0.06
