2023-12-31 00:31:13,353
ON program started 20231231 00:31:13,
US time: 20231230 19:31:13
2023-12-31 00:31:14,524
the strat is currently running @ 31-12-2023 and the target positions is SHORT
2023-12-31 00:31:15,939
CURRENT STATUS IS SHORT, WE CHECK IF THE DAY IS A NEGATIVE ONE
-----
return before 14h30:
BTCUSDT+0.00%, ETHUSDT+0.00%, XRPUSDT+0.00%
-----
target alloc initial:BTCUSDT-4.17%, ETHUSDT+0.00%, XRPUSDT-4.17%
-----
alloc target x rt%<0:BTCUSDT-0.00%, ETHUSDT+0.00%, XRPUSDT-0.00%
-----
           BTCUSDT ETHUSDT XRPUSDT
w_target     -4.2%    0.0%   -4.2%
rt_14h30     0.00%   0.00%   0.00%
w_target_f   -0.0%    0.0%   -0.0%
2023-12-31 00:31:15,941
Portfolio was rebalanced less than 2 hours ago, 1.0 hours ago
2023-12-31 00:31:15,943
Status: prev = SHORT <> SHORT = target
2023-12-31 00:31:15,944
the strat is currently running @ 31-12-2023 and the target positions is SHORT
the strat was previously run @ 2023-12-30 23:31:08 UTC, success:? 
   and the current positions is SHORT
2023-12-31 00:31:17,168
positions_future #0
2023-12-31 00:31:17,168
Empty DataFrame
Columns: [symbol, positionAmt, entryPrice, breakEvenPrice, markPrice, unRealizedProfit, value_usd, updateTime, isolated, adlQuantile, AUMs_account, w%]
Index: []
2023-12-31 00:31:17,393
------------------------------
binance_account_balance
2023-12-31 00:31:17,393
  asset     balance  ...  marginAvailable   updateTime
5  USDT  290.785082  ...             True  30Dec-23:35

[1 rows x 8 columns]
2023-12-31 00:31:17,627
------------------------------
open_orders
2023-12-31 00:31:17,627
Empty DataFrame
Columns: []
Index: []
2023-12-31 00:31:18,281
------------------------------
AUMS account:290

2023-12-31 00:31:18,283
--------------- compute_futures_order_book() ----------------
2023-12-31 00:31:19,836
----------------------------------------------------------------------
#0 order(s) to place
gross$: 0$ | net$: +0$
gross%: 0% | net%: +0%
 || w>0%  +0% | w<0%  0%
----------------------------------------------------------------------
PTF Expo% 0.0% >> 0.0% (current>>target)
PTF expo $0.0 >> $0 (current>>target)
----------------------------------------------------------------------
2023-12-31 00:31:19,838
orders_ofthe_day
2023-12-31 00:31:19,838
Empty DataFrame
Columns: [ptf_usd, target_usd, totrd_usd, posttrd_usd, qty, posttrd_qty, posttrd_w, bid, ask]
Index: []
2023-12-31 00:31:19,913
Orders of the day is empty, current and target potfolios are aligned
2023-12-31 00:31:19,913
Program stopped
