2024-03-19 02:30:41,507
ON program started 20240319 02:30:41,
US time: 20240318 22:30:41
2024-03-19 02:30:42,053
the strat is currently running @ 19-03-2024 and the target positions is NEUTRAL
2024-03-19 02:30:43,472
CURRENT STATUS IS NEUTRAL
-----
return before 14h30:
BTCUSDT-2.15%, ETHUSDT-2.60%, XRPUSDT-3.98%
-----
target alloc initial:BTCUSDT+0.00%, ETHUSDT+0.00%, XRPUSDT+0.00%
-----
alloc target x rt%<0:BTCUSDT+0.00%, ETHUSDT+0.00%, XRPUSDT+0.00%
-----
           BTCUSDT ETHUSDT XRPUSDT
w_target      0.0%    0.0%    0.0%
rt_14h30    -0.02%  -0.03%  -0.04%
w_target_f    0.0%    0.0%    0.0%
2024-03-19 02:30:43,473
Portfolio was rebalanced less than 2 hours ago, 1.0 hours ago
2024-03-19 02:30:43,476
Status: prev = NEUTRAL <> SHORT = target
2024-03-19 02:30:43,476
the strat is currently running @ 19-03-2024 and the target positions is NEUTRAL
the strat was previously run @ 2024-03-19 01:31:10, success:yes 
   and the current positions is SHORT
2024-03-19 02:30:44,700
positions_future #1
2024-03-19 02:30:44,700
      symbol  positionAmt entryPrice  ... adlQuantile AUMs_account        w%
124  XRPUSDT        -18.9      0.621  ...           2        288.1 -0.040759

[1 rows x 12 columns]
2024-03-19 02:30:44,946
------------------------------
binance_account_balance
2024-03-19 02:30:44,946
  asset     balance  ...  marginAvailable   updateTime
6  USDT  288.071795  ...             True  18Mar-22:30

[1 rows x 8 columns]
2024-03-19 02:30:45,404
------------------------------
open_orders
2024-03-19 02:30:45,405
Empty DataFrame
Columns: []
Index: []
2024-03-19 02:30:46,067
------------------------------
AUMS account:288

2024-03-19 02:30:46,068
--------------- compute_futures_order_book() ----------------
2024-03-19 02:30:47,647
----------------------------------------------------------------------
#1 order(s) to place
gross$: 12$ | net$: +12$
gross%: 4% | net%: +4%
 || w>0%  +4% | w<0%  0%
----------------------------------------------------------------------
PTF Expo% -4.1% >> 0.0% (current>>target)
PTF expo $-12.0 >> $0 (current>>target)
----------------------------------------------------------------------
2024-03-19 02:30:47,648
orders_ofthe_day
2024-03-19 02:30:47,649
                  ptf_usd  target_usd  totrd_usd  ...     bid     ask strategy
2024-03-19 02:30                                  ...                         
XRPUSDT             -12.0         0.0       12.0  ...  0.6214  0.6215  STRATON

[1 rows x 10 columns]
2024-03-19 02:30:49,105
binance_place_orders_peg 20240319_023049
2024-03-19 02:30:49,550
{'orderId': 52820564797, 'symbol': 'XRPUSDT', 'status': 'NEW', 'clientOrderId': 'STRATON', 'price': '0.6210', 'avgPrice': '0.00', 'origQty': '18.9', 'executedQty': '0.0', 'cumQty': '0.0', 'cumQuote': '0.00000', 'timeInForce': 'GTC', 'type': 'LIMIT', 'reduceOnly': False, 'closePosition': False, 'side': 'BUY', 'positionSide': 'BOTH', 'stopPrice': '0.0000', 'workingType': 'CONTRACT_PRICE', 'priceProtect': False, 'origType': 'LIMIT', 'priceMatch': 'NONE', 'selfTradePreventionMode': 'NONE', 'goodTillDate': 0, 'updateTime': 1710815449438}
2024-03-19 02:30:50,695
update 0: filled 0 / 1 () | working 1 / 1 (+XRPUSDT)
2024-03-19 02:30:54,696
+XRPUSDT: bp6.0|
2024-03-19 02:30:55,141
update 1: filled 0 / 1 () | working 1 / 1 (+XRPUSDT)
2024-03-19 02:30:59,142
+XRPUSDT: bp3.0|
2024-03-19 02:30:59,586
update 2: filled 1 / 1 (+XRPUSDT) | working 0 / 1 ()
2024-03-19 02:31:04,982
Trades of the day
in$
as of: 19Mar 02:30>>02:30 (#trades: 1)
trade net: +12.0 (+4.2%), trade gross: +12.0 (+4.2%), BUY: +12.0 (+4.2%), SELL: +0.0 (+0.0%)
fees: $ 0.002 (2.0bp)
2024-03-19 02:31:05,220
Trades: 
Filled #1
______________________________________________
                   in$ | in bp 11 traded | in bp 288 AUMs
realizedPnl    +0      | +0      | +0     
PnLvsArrival   +0.01   | +9      | +0     
PnLvsLast      +0      | +0      | +0     
______________________________________________
                 | Value$ | PnL Arrival/Last 
______________________________________________
XRP:+18.9@0.621 | +12$ | 0.01/0
