2024-06-23 21:30:43,454
ON program started 20240623 21:30:43,
US time: 20240623 17:30:43
2024-06-23 21:30:43,939
the strat is currently running @ 23-06-2024 and the target positions is LONG
2024-06-23 21:30:45,242
CURRENT STATUS IS LONG
-----
return before 14h30:
BTCUSDT+0.06%, ETHUSDT+0.07%, XRPUSDT-0.43%
-----
target alloc initial:BTCUSDT+16.67%, ETHUSDT+16.67%, XRPUSDT+16.67%
-----
alloc target x rt%<0:BTCUSDT+16.67%, ETHUSDT+16.67%, XRPUSDT+16.67%
-----
           BTCUSDT ETHUSDT XRPUSDT
w_target     16.7%   16.7%   16.7%
rt_14h30     0.00%   0.00%  -0.00%
w_target_f   16.7%   16.7%   16.7%
2024-06-23 21:30:45,243
Portfolio was rebalanced less than 2 hours ago, 1.0 hours ago
2024-06-23 21:30:45,245
Status: prev = LONG <> LONG = target
2024-06-23 21:30:45,245
the strat is currently running @ 23-06-2024 and the target positions is LONG
the strat was previously run @ 2024-06-23 20:31:10, success:yes 
   and the current positions is LONG
2024-06-23 21:30:46,383
positions_future #2
2024-06-23 21:30:46,383
      symbol  positionAmt entryPrice  ... adlQuantile AUMs_account        w%
131  XRPUSDT      101.800     0.4819  ...           2        291.7  0.167564
165  ETHUSDT        0.014    3473.66  ...           1        291.7  0.164386

[2 rows x 12 columns]
2024-06-23 21:30:46,490
programm stoppeddd!!! 20240623_213046
