2024-02-29 22:30:47,803
ON program started 20240229 22:30:47,
US time: 20240229 17:30:47
2024-02-29 22:30:48,398
the strat is currently running @ 29-02-2024 and the target positions is LONG
2024-02-29 22:30:49,795
CURRENT STATUS IS LONG
-----
return before 14h30:
BTCUSDT+0.80%, ETHUSDT+2.82%, XRPUSDT+4.92%
-----
target alloc initial:BTCUSDT+16.67%, ETHUSDT+16.67%, XRPUSDT+16.67%
-----
alloc target x rt%<0:BTCUSDT+16.67%, ETHUSDT+16.67%, XRPUSDT+16.67%
-----
           BTCUSDT ETHUSDT XRPUSDT
w_target     16.7%   16.7%   16.7%
rt_14h30     0.01%   0.03%   0.05%
w_target_f   16.7%   16.7%   16.7%
2024-02-29 22:30:49,797
Portfolio was rebalanced less than 2 hours ago, 1.0 hours ago
2024-02-29 22:30:49,799
Status: prev = LONG <> LONG = target
2024-02-29 22:30:49,799
the strat is currently running @ 29-02-2024 and the target positions is LONG
the strat was previously run @ 2024-02-29 21:30:49, success:yes 
   and the current positions is LONG
2024-02-29 22:30:51,042
positions_future #2
2024-02-29 22:30:51,042
      symbol  positionAmt entryPrice  ... adlQuantile AUMs_account        w%
153  ETHUSDT        0.015    3406.49  ...           1        291.4  0.171001
122  XRPUSDT       80.200     0.6124  ...           1        291.4  0.160888

[2 rows x 12 columns]
2024-02-29 22:30:51,118
programm stoppeddd!!! 20240229_223051
