2024-04-14 02:30:46,357
ON program started 20240414 02:30:46,
US time: 20240413 22:30:46
2024-04-14 02:30:47,527
the strat is currently running @ 14-04-2024 and the target positions is NEUTRAL
2024-04-14 02:30:49,035
CURRENT STATUS IS NEUTRAL
-----
return before 14h30:
BTCUSDT-0.65%, ETHUSDT-0.97%, XRPUSDT-1.44%
-----
target alloc initial:BTCUSDT+0.00%, ETHUSDT+0.00%, XRPUSDT+0.00%
-----
alloc target x rt%<0:BTCUSDT+0.00%, ETHUSDT+0.00%, XRPUSDT+0.00%
-----
           BTCUSDT ETHUSDT XRPUSDT
w_target      0.0%    0.0%    0.0%
rt_14h30    -0.01%  -0.01%  -0.01%
w_target_f    0.0%    0.0%    0.0%
2024-04-14 02:30:49,036
Portfolio was rebalanced less than 2 hours ago, 1.0 hours ago
2024-04-14 02:30:49,038
Status: prev = NEUTRAL <> SHORT = target
2024-04-14 02:30:49,038
the strat is currently running @ 14-04-2024 and the target positions is NEUTRAL
the strat was previously run @ 2024-04-14 01:30:48, success:yes 
   and the current positions is SHORT
2024-04-14 02:30:50,327
positions_future #1
2024-04-14 02:30:50,327
      symbol  positionAmt entryPrice  ... adlQuantile AUMs_account        w%
128  XRPUSDT        -25.7     0.4689  ...           1        277.3 -0.043672

[1 rows x 12 columns]
2024-04-14 02:30:50,589
------------------------------
binance_account_balance
2024-04-14 02:30:50,589
  asset     balance  ...  marginAvailable   updateTime
6  USDT  277.362429  ...             True  13Apr-22:31

[1 rows x 8 columns]
2024-04-14 02:30:51,078
------------------------------
open_orders
2024-04-14 02:30:51,079
Empty DataFrame
Columns: []
Index: []
2024-04-14 02:30:51,788
------------------------------
AUMS account:277

2024-04-14 02:30:51,791
--------------- compute_futures_order_book() ----------------
2024-04-14 02:30:53,467
----------------------------------------------------------------------
#1 order(s) to place
gross$: 12$ | net$: +12$
gross%: 4% | net%: +4%
 || w>0%  +4% | w<0%  0%
----------------------------------------------------------------------
PTF Expo% -4.3% >> 0.0% (current>>target)
PTF expo $-12.0 >> $0 (current>>target)
----------------------------------------------------------------------
2024-04-14 02:30:53,469
orders_ofthe_day
2024-04-14 02:30:53,469
                  ptf_usd  target_usd  totrd_usd  ...     bid     ask strategy
2024-04-14 02:30                                  ...                         
XRPUSDT             -12.0         0.0       12.0  ...  0.4713  0.4714  STRATON

[1 rows x 10 columns]
2024-04-14 02:30:55,062
binance_place_orders_peg 20240414_023055
2024-04-14 02:30:55,541
{'orderId': 54646371519, 'symbol': 'XRPUSDT', 'status': 'NEW', 'clientOrderId': 'STRATON', 'price': '0.4713', 'avgPrice': '0.00', 'origQty': '25.7', 'executedQty': '0.0', 'cumQty': '0.0', 'cumQuote': '0.00000', 'timeInForce': 'GTC', 'type': 'LIMIT', 'reduceOnly': False, 'closePosition': False, 'side': 'BUY', 'positionSide': 'BOTH', 'stopPrice': '0.0000', 'workingType': 'CONTRACT_PRICE', 'priceProtect': False, 'origType': 'LIMIT', 'priceMatch': 'NONE', 'selfTradePreventionMode': 'NONE', 'goodTillDate': 0, 'updateTime': 1713061855419}
2024-04-14 02:30:56,771
update 0: filled 0 / 1 () | working 1 / 1 (+XRPUSDT)
2024-04-14 02:31:00,772
+XRPUSDT: bp-2.0|
2024-04-14 02:31:01,249
update 1: filled 1 / 1 (+XRPUSDT) | working 0 / 1 ()
2024-04-14 02:31:06,699
Trades of the day
in$
as of: 14Apr 02:31>>02:31 (#trades: 1)
trade net: +12.0 (+4.3%), trade gross: +12.0 (+4.3%), BUY: +12.0 (+4.3%), SELL: +0.0 (+0.0%)
fees: $ 0.002 (2.0bp)
2024-04-14 02:31:06,958
Trades: 
Filled #1
______________________________________________
                   in$ | in bp 12 traded | in bp 277 AUMs
realizedPnl    -0.06   | -50     | -2     
PnLvsArrival   +0      | +0      | +0     
PnLvsLast      -0.01   | -8      | -0     
______________________________________________
                 | Value$ | PnL Arrival/Last 
______________________________________________
XRP:+25.7@0.4713 | +12$ | 0/-0.01
