2024-04-01 02:30:56,562
ON program started 20240401 02:30:56,
US time: 20240331 22:30:56
2024-04-01 02:30:57,114
the strat is currently running @ 01-04-2024 and the target positions is NEUTRAL
2024-04-01 02:30:58,504
CURRENT STATUS IS NEUTRAL
-----
return before 14h30:
BTCUSDT-0.63%, ETHUSDT-1.01%, XRPUSDT+0.02%
-----
target alloc initial:BTCUSDT+0.00%, ETHUSDT+0.00%, XRPUSDT+0.00%
-----
alloc target x rt%<0:BTCUSDT+0.00%, ETHUSDT+0.00%, XRPUSDT+0.00%
-----
           BTCUSDT ETHUSDT XRPUSDT
w_target      0.0%    0.0%    0.0%
rt_14h30    -0.01%  -0.01%   0.00%
w_target_f    0.0%    0.0%    0.0%
2024-04-01 02:30:58,506
Portfolio was rebalanced less than 2 hours ago, 1.0 hours ago
2024-04-01 02:30:58,507
Status: prev = NEUTRAL <> SHORT = target
2024-04-01 02:30:58,507
the strat is currently running @ 01-04-2024 and the target positions is NEUTRAL
the strat was previously run @ 2024-04-01 01:30:47, success:yes 
   and the current positions is SHORT
2024-04-01 02:30:59,721
positions_future #0
2024-04-01 02:30:59,721
Empty DataFrame
Columns: [symbol, positionAmt, entryPrice, breakEvenPrice, markPrice, unRealizedProfit, value_usd, updateTime, isolated, adlQuantile, AUMs_account, w%]
Index: []
2024-04-01 02:30:59,944
------------------------------
binance_account_balance
2024-04-01 02:30:59,944
  asset    balance  ...  marginAvailable   updateTime
6  USDT  288.33572  ...             True  31Mar-22:32

[1 rows x 8 columns]
2024-04-01 02:31:00,177
------------------------------
open_orders
2024-04-01 02:31:00,178
Empty DataFrame
Columns: []
Index: []
2024-04-01 02:31:00,832
------------------------------
AUMS account:288

2024-04-01 02:31:00,834
--------------- compute_futures_order_book() ----------------
2024-04-01 02:31:02,381
----------------------------------------------------------------------
#0 order(s) to place
gross$: 0$ | net$: +0$
gross%: 0% | net%: +0%
 || w>0%  +0% | w<0%  0%
----------------------------------------------------------------------
PTF Expo% 0.0% >> 0.0% (current>>target)
PTF expo $0.0 >> $0 (current>>target)
----------------------------------------------------------------------
2024-04-01 02:31:02,382
orders_ofthe_day
2024-04-01 02:31:02,382
Empty DataFrame
Columns: [ptf_usd, target_usd, totrd_usd, posttrd_usd, qty, posttrd_qty, posttrd_w, bid, ask, strategy]
Index: []
2024-04-01 02:31:02,446
Orders of the day is empty, current and target potfolios are aligned
2024-04-01 02:31:02,446
Program stopped
