2024-07-20 01:30:42,806
ON program started 20240720 01:30:42,
US time: 20240719 21:30:42
2024-07-20 01:30:43,283
the strat is currently running @ 20-07-2024 and the target positions is SHORT
2024-07-20 01:30:44,995
CURRENT STATUS IS SHORT, WE CHECK IF THE DAY IS A NEGATIVE ONE
-----
return before 14h30:
BTCUSDT-0.13%, ETHUSDT-0.36%, XRPUSDT+0.78%
-----
target alloc initial:BTCUSDT-4.17%, ETHUSDT+0.00%, XRPUSDT-4.17%
-----
alloc target x rt%<0:BTCUSDT-4.17%, ETHUSDT+0.00%, XRPUSDT-0.00%
-----
           BTCUSDT ETHUSDT XRPUSDT
w_target     -4.2%    0.0%   -4.2%
rt_14h30    -0.00%  -0.00%   0.01%
w_target_f   -4.2%    0.0%   -0.0%
2024-07-20 01:30:44,996
Portfolio was rebalanced less than 2 hours ago, 1.0 hours ago
2024-07-20 01:30:44,997
Status: prev = SHORT <> SHORT = target
2024-07-20 01:30:44,998
the strat is currently running @ 20-07-2024 and the target positions is SHORT
the strat was previously run @ 2024-07-20 00:31:00, success:yes 
   and the current positions is SHORT
2024-07-20 01:30:45,543
positions_future #1
2024-07-20 01:30:45,543
      symbol  positionAmt entryPrice  ... adlQuantile AUMs_account        w%
131  XRPUSDT        -21.5     0.5753  ...           1        292.8 -0.042348

[1 rows x 12 columns]
2024-07-20 01:30:45,629
programm stoppeddd!!! 20240720_013045
