2024-06-15 22:30:51,570
ON program started 20240615 22:30:51,
US time: 20240615 18:30:51
2024-06-15 22:30:52,554
the strat is currently running @ 15-06-2024 and the target positions is SHORT
2024-06-15 22:30:53,871
CURRENT STATUS IS SHORT, WE CHECK IF THE DAY IS A NEGATIVE ONE
-----
return before 14h30:
BTCUSDT+0.41%, ETHUSDT+2.51%, XRPUSDT+1.69%
-----
target alloc initial:BTCUSDT-4.17%, ETHUSDT+0.00%, XRPUSDT-4.17%
-----
alloc target x rt%<0:BTCUSDT-0.00%, ETHUSDT+0.00%, XRPUSDT-0.00%
-----
           BTCUSDT ETHUSDT XRPUSDT
w_target     -4.2%    0.0%   -4.2%
rt_14h30     0.00%   0.03%   0.02%
w_target_f   -0.0%    0.0%   -0.0%
2024-06-15 22:30:53,872
Portfolio was rebalanced less than 2 hours ago, 1.0 hours ago
2024-06-15 22:30:53,874
Status: prev = SHORT <> LONG = target
2024-06-15 22:30:53,874
the strat is currently running @ 15-06-2024 and the target positions is SHORT
the strat was previously run @ 2024-06-15 21:31:08, success:yes 
   and the current positions is LONG
2024-06-15 22:30:55,015
positions_future #2
2024-06-15 22:30:55,015
      symbol  positionAmt entryPrice  ... adlQuantile AUMs_account        w%
162  ETHUSDT        0.014    3563.31  ...           1        291.7  0.170925
129  XRPUSDT      100.600     0.4869  ...           3        291.7  0.169370

[2 rows x 12 columns]
2024-06-15 22:30:55,242
------------------------------
binance_account_balance
2024-06-15 22:30:55,242
  asset     balance  ...  marginAvailable   updateTime
6  USDT  291.302421  ...             True  15Jun-18:33

[1 rows x 8 columns]
2024-06-15 22:30:55,863
------------------------------
open_orders
2024-06-15 22:30:55,863
Empty DataFrame
Columns: []
Index: []
2024-06-15 22:30:56,471
------------------------------
AUMS account:291

2024-06-15 22:30:56,474
--------------- compute_futures_order_book() ----------------
2024-06-15 22:30:57,923
----------------------------------------------------------------------
#2 order(s) to place
gross$: 99$ | net$: -99$
gross%: 34% | net%: -34%
 || w>0%  +0% | w<0%  -34%
----------------------------------------------------------------------
PTF Expo% 33.9% >> 0.0% (current>>target)
PTF expo $99.0 >> $0 (current>>target)
----------------------------------------------------------------------
2024-06-15 22:30:57,925
orders_ofthe_day
2024-06-15 22:30:57,925
                  ptf_usd  target_usd  totrd_usd  ...       bid        ask strategy
2024-06-15 22:30                                  ...                              
ETHUSDT              50.0         0.0      -50.0  ...  3560.880  3560.8900  STRATON
XRPUSDT              49.0        -0.0      -49.0  ...     0.491     0.4911  STRATON

[2 rows x 10 columns]
2024-06-15 22:30:59,299
binance_place_orders_peg 20240615_223059
2024-06-15 22:30:59,708
{'orderId': 8389765691527064091, 'symbol': 'ETHUSDT', 'status': 'NEW', 'clientOrderId': 'STRATON', 'price': '3562.67', 'avgPrice': '0.00', 'origQty': '0.014', 'executedQty': '0.000', 'cumQty': '0.000', 'cumQuote': '0.00000', 'timeInForce': 'GTC', 'type': 'LIMIT', 'reduceOnly': False, 'closePosition': False, 'side': 'SELL', 'positionSide': 'BOTH', 'stopPrice': '0.00', 'workingType': 'CONTRACT_PRICE', 'priceProtect': False, 'origType': 'LIMIT', 'priceMatch': 'NONE', 'selfTradePreventionMode': 'NONE', 'goodTillDate': 0, 'updateTime': 1718490659605}
2024-06-15 22:31:00,116
{'orderId': 58501908449, 'symbol': 'XRPUSDT', 'status': 'NEW', 'clientOrderId': 'STRATON', 'price': '0.4913', 'avgPrice': '0.00', 'origQty': '100.6', 'executedQty': '0.0', 'cumQty': '0.0', 'cumQuote': '0.00000', 'timeInForce': 'GTC', 'type': 'LIMIT', 'reduceOnly': False, 'closePosition': False, 'side': 'SELL', 'positionSide': 'BOTH', 'stopPrice': '0.0000', 'workingType': 'CONTRACT_PRICE', 'priceProtect': False, 'origType': 'LIMIT', 'priceMatch': 'NONE', 'selfTradePreventionMode': 'NONE', 'goodTillDate': 0, 'updateTime': 1718490660014}
2024-06-15 22:31:01,573
update 0: filled 0 / 2 () | working 2 / 2 (-ETHUSDT,-XRPUSDT)
2024-06-15 22:31:05,574
-ETHUSDT: bp5.0|-XRPUSDT: bp4.0|
2024-06-15 22:31:06,392
update 1: filled 0 / 2 () | working 2 / 2 (-ETHUSDT,-XRPUSDT)
2024-06-15 22:31:10,393
-ETHUSDT: bp5.0|-XRPUSDT: bp6.0|
2024-06-15 22:31:11,215
update 2: filled 0 / 2 () | working 2 / 2 (-ETHUSDT,-XRPUSDT)
2024-06-15 22:31:15,216
-ETHUSDT: bp5.0|-XRPUSDT: bp6.0|
2024-06-15 22:31:16,034
update 3: filled 0 / 2 () | working 2 / 2 (-ETHUSDT,-XRPUSDT)
2024-06-15 22:31:20,035
-ETHUSDT: bp4.0|-XRPUSDT: bp2.0|
2024-06-15 22:31:20,852
update 4: filled 0 / 2 () | working 2 / 2 (-ETHUSDT,-XRPUSDT)
2024-06-15 22:31:24,852
-ETHUSDT: bp4.0|-XRPUSDT: bp2.0|
2024-06-15 22:31:25,667
update 5: filled 0 / 2 () | working 2 / 2 (-ETHUSDT,-XRPUSDT)
2024-06-15 22:31:29,668
-ETHUSDT: bp3.0|-XRPUSDT: bp4.0|
2024-06-15 22:31:30,484
update 6: filled 0 / 2 () | working 2 / 2 (-ETHUSDT,-XRPUSDT)
2024-06-15 22:31:34,484
-ETHUSDT: bp3.0|-XRPUSDT: bp2.0|
2024-06-15 22:31:35,300
update 7: filled 0 / 2 () | working 2 / 2 (-ETHUSDT,-XRPUSDT)
2024-06-15 22:31:39,300
-ETHUSDT: bp3.0|-XRPUSDT: bp2.0|
2024-06-15 22:31:40,119
update 8: filled 0 / 2 () | working 2 / 2 (-ETHUSDT,-XRPUSDT)
2024-06-15 22:31:44,120
-ETHUSDT: bp3.0|-XRPUSDT: bp0.0|
2024-06-15 22:31:44,941
update 9: filled 1 / 2 (-XRPUSDT) | working 1 / 2 (-ETHUSDT)
2024-06-15 22:31:48,942
-ETHUSDT: bp3.0|
2024-06-15 22:31:49,760
update 10: filled 1 / 2 (-XRPUSDT) | working 1 / 2 (-ETHUSDT)
2024-06-15 22:31:53,760
-ETHUSDT: bp3.0|
2024-06-15 22:31:54,579
update 11: filled 1 / 2 (-XRPUSDT) | working 1 / 2 (-ETHUSDT)
2024-06-15 22:31:58,579
-ETHUSDT: bp3.0|
2024-06-15 22:31:59,394
update 12: filled 1 / 2 (-XRPUSDT) | working 1 / 2 (-ETHUSDT)
2024-06-15 22:32:03,395
-ETHUSDT: bp3.0|
2024-06-15 22:32:04,210
update 13: filled 1 / 2 (-XRPUSDT) | working 1 / 2 (-ETHUSDT)
2024-06-15 22:32:08,211
-ETHUSDT: bp3.0|
2024-06-15 22:32:09,025
update 14: filled 1 / 2 (-XRPUSDT) | working 1 / 2 (-ETHUSDT)
2024-06-15 22:32:13,025
-ETHUSDT: bp4.0|
2024-06-15 22:32:13,026
Adjustment limit #1 ... 
 we cancel current orders and replace
2024-06-15 22:32:13,026
@+/-2.5bp limit 
2024-06-15 22:32:13,026
binance_cancel_and_replace_orders_peg 20240615_223213
2024-06-15 22:32:14,457
binance_place_orders_peg 20240615_223214
2024-06-15 22:32:14,865
{'orderId': 8389765691527279384, 'symbol': 'ETHUSDT', 'status': 'NEW', 'clientOrderId': 'STRATON', 'price': '3562.19', 'avgPrice': '0.00', 'origQty': '0.014', 'executedQty': '0.000', 'cumQty': '0.000', 'cumQuote': '0.00000', 'timeInForce': 'GTC', 'type': 'LIMIT', 'reduceOnly': False, 'closePosition': False, 'side': 'SELL', 'positionSide': 'BOTH', 'stopPrice': '0.00', 'workingType': 'CONTRACT_PRICE', 'priceProtect': False, 'origType': 'LIMIT', 'priceMatch': 'NONE', 'selfTradePreventionMode': 'NONE', 'goodTillDate': 0, 'updateTime': 1718490734763}
2024-06-15 22:32:15,689
update 0: filled 1 / 2 (-XRPUSDT) | working 1 / 2 (-ETHUSDT)
2024-06-15 22:32:19,690
-ETHUSDT: bp3.0|
2024-06-15 22:32:20,504
update 1: filled 1 / 2 (-XRPUSDT) | working 1 / 2 (-ETHUSDT)
2024-06-15 22:32:24,505
-ETHUSDT: bp3.0|
2024-06-15 22:32:25,320
update 2: filled 1 / 2 (-XRPUSDT) | working 1 / 2 (-ETHUSDT)
2024-06-15 22:32:29,322
-ETHUSDT: bp2.0|
2024-06-15 22:32:30,138
update 3: filled 1 / 2 (-XRPUSDT) | working 1 / 2 (-ETHUSDT)
2024-06-15 22:32:34,139
-ETHUSDT: bp3.0|
2024-06-15 22:32:34,953
update 4: filled 1 / 2 (-XRPUSDT) | working 1 / 2 (-ETHUSDT)
2024-06-15 22:32:38,954
-ETHUSDT: bp3.0|
2024-06-15 22:32:39,769
update 5: filled 1 / 2 (-XRPUSDT) | working 1 / 2 (-ETHUSDT)
2024-06-15 22:32:43,770
-ETHUSDT: bp3.0|
2024-06-15 22:32:44,585
update 6: filled 1 / 2 (-XRPUSDT) | working 1 / 2 (-ETHUSDT)
2024-06-15 22:32:48,586
-ETHUSDT: bp3.0|
2024-06-15 22:32:49,400
update 7: filled 1 / 2 (-XRPUSDT) | working 1 / 2 (-ETHUSDT)
2024-06-15 22:32:53,400
-ETHUSDT: bp3.0|
2024-06-15 22:32:54,217
update 8: filled 1 / 2 (-XRPUSDT) | working 1 / 2 (-ETHUSDT)
2024-06-15 22:32:58,218
-ETHUSDT: bp3.0|
2024-06-15 22:32:59,031
update 9: filled 1 / 2 (-XRPUSDT) | working 1 / 2 (-ETHUSDT)
2024-06-15 22:33:03,032
-ETHUSDT: bp3.0|
2024-06-15 22:33:03,848
update 10: filled 1 / 2 (-XRPUSDT) | working 1 / 2 (-ETHUSDT)
2024-06-15 22:33:07,849
-ETHUSDT: bp3.0|
2024-06-15 22:33:08,664
update 11: filled 1 / 2 (-XRPUSDT) | working 1 / 2 (-ETHUSDT)
2024-06-15 22:33:12,665
-ETHUSDT: bp3.0|
2024-06-15 22:33:13,484
update 12: filled 1 / 2 (-XRPUSDT) | working 1 / 2 (-ETHUSDT)
2024-06-15 22:33:17,485
-ETHUSDT: bp3.0|
2024-06-15 22:33:18,299
update 13: filled 1 / 2 (-XRPUSDT) | working 1 / 2 (-ETHUSDT)
2024-06-15 22:33:22,300
-ETHUSDT: bp2.0|
2024-06-15 22:33:23,115
update 14: filled 1 / 2 (-XRPUSDT) | working 1 / 2 (-ETHUSDT)
2024-06-15 22:33:27,115
-ETHUSDT: bp2.0|
2024-06-15 22:33:27,116
Adjustment limit #2 ... 
 we cancel current orders and replace
2024-06-15 22:33:27,116
@+/-1.25bp limit 
2024-06-15 22:33:27,116
binance_cancel_and_replace_orders_peg 20240615_223327
2024-06-15 22:33:28,553
binance_place_orders_peg 20240615_223328
2024-06-15 22:33:28,961
{'orderId': 8389765691527372902, 'symbol': 'ETHUSDT', 'status': 'NEW', 'clientOrderId': 'STRATON', 'price': '3561.46', 'avgPrice': '0.00', 'origQty': '0.014', 'executedQty': '0.000', 'cumQty': '0.000', 'cumQuote': '0.00000', 'timeInForce': 'GTC', 'type': 'LIMIT', 'reduceOnly': False, 'closePosition': False, 'side': 'SELL', 'positionSide': 'BOTH', 'stopPrice': '0.00', 'workingType': 'CONTRACT_PRICE', 'priceProtect': False, 'origType': 'LIMIT', 'priceMatch': 'NONE', 'selfTradePreventionMode': 'NONE', 'goodTillDate': 0, 'updateTime': 1718490808859}
2024-06-15 22:33:29,785
update 0: filled 1 / 2 (-XRPUSDT) | working 1 / 2 (-ETHUSDT)
2024-06-15 22:33:33,785
-ETHUSDT: bp0.0|
2024-06-15 22:33:34,601
update 1: filled 1 / 2 (-XRPUSDT) | working 1 / 2 (-ETHUSDT)
2024-06-15 22:33:38,602
-ETHUSDT: bp0.0|
2024-06-15 22:33:39,419
update 2: filled 1 / 2 (-XRPUSDT) | working 1 / 2 (-ETHUSDT)
2024-06-15 22:33:43,419
-ETHUSDT: bp1.0|
2024-06-15 22:33:44,235
update 3: filled 1 / 2 (-XRPUSDT) | working 1 / 2 (-ETHUSDT)
2024-06-15 22:33:48,236
-ETHUSDT: bp1.0|
2024-06-15 22:33:49,050
update 4: filled 1 / 2 (-XRPUSDT) | working 1 / 2 (-ETHUSDT)
2024-06-15 22:33:53,050
-ETHUSDT: bp1.0|
2024-06-15 22:33:53,864
update 5: filled 1 / 2 (-XRPUSDT) | working 1 / 2 (-ETHUSDT)
2024-06-15 22:33:57,865
-ETHUSDT: bp0.0|
2024-06-15 22:33:58,680
update 6: filled 1 / 2 (-XRPUSDT) | working 1 / 2 (-ETHUSDT)
2024-06-15 22:34:02,681
-ETHUSDT: bp0.0|
2024-06-15 22:34:03,503
update 7: filled 1 / 2 (-XRPUSDT) | working 1 / 2 (-ETHUSDT)
2024-06-15 22:34:07,504
-ETHUSDT: bp0.0|
2024-06-15 22:34:08,318
update 8: filled 2 / 2 (-XRPUSDT,-ETHUSDT) | working 0 / 2 ()
2024-06-15 22:34:14,595
Trades of the day
in$
as of: 15Jun 22:31>>22:34 (#trades: 2)
trade net: -99.0 (-33.9%), trade gross: +99.0 (+33.9%), BUY: +0.0 (+0.0%), SELL: -99.0 (-33.9%)
fees: $ 0.02 (2.0bp)
2024-06-15 22:34:15,022
Trades: 
Filled #2
______________________________________________
                   in$ | in bp 99 traded | in bp 291 AUMs
realizedPnl    +0.41   | +41     | +14    
PnLvsArrival   +0.04   | +4      | +1     
PnLvsLast      +0.01   | +1      | +0     
______________________________________________
                 | Value$ | PnL Arrival/Last 
______________________________________________
ETH:-0.014@3561.46 | -50$ | 0.01/-0.01
XRP:-100.6@0.4913 | -49$ | 0.03/0.02
