2023-08-28 20:31:01,484
ON program started 20230828 20:31:01,
US time: 20230828 16:31:01
2023-08-28 20:31:01,927
the strat is currently running @ 28-08-2023 and the target positions is LONG
2023-08-28 20:31:03,786
CURRENT STATUS IS LONG
-----
return before 14h30:
BTCUSDT+0.50%, ETHUSDT-0.01%, XRPUSDT+0.10%
-----
target alloc initial:BTCUSDT+16.67%, ETHUSDT+16.67%, XRPUSDT+16.67%
-----
alloc target x rt%<0:BTCUSDT+16.67%, ETHUSDT+16.67%, XRPUSDT+16.67%
-----
           BTCUSDT ETHUSDT XRPUSDT
w_target     16.7%   16.7%   16.7%
rt_14h30     0.00%  -0.00%   0.00%
w_target_f   16.7%   16.7%   16.7%
2023-08-28 20:31:03,788
Portfolio was rebalanced less than 2 hours ago, 1.0 hours ago
2023-08-28 20:31:03,790
Status: prev = LONG <> LONG = target
2023-08-28 20:31:03,790
the strat is currently running @ 28-08-2023 and the target positions is LONG
the strat was previously run @ 2023-08-28 19:30:35 UTC, success:yes 
   and the current positions is LONG
2023-08-28 20:31:04,979
positions_future #3
2023-08-28 20:31:04,979
      symbol  positionAmt entryPrice  ...   updateTime  AUMs_account        w%
225  BTCUSDT        0.002    26108.1  ...  28Aug-18:34         276.4  0.188122
111  XRPUSDT       88.600       0.52  ...  28Aug-18:36         276.4  0.167223
138  ETHUSDT        0.028    1648.79  ...  28Aug-18:35         276.4  0.166874

[3 rows x 9 columns]
2023-08-28 20:31:05,010
programm stoppeddd!!! 20230828_203105
