2024-07-24 21:30:52,439
ON program started 20240724 21:30:52,
US time: 20240724 17:30:52
2024-07-24 21:30:53,462
the strat is currently running @ 24-07-2024 and the target positions is LONG
2024-07-24 21:30:55,576
CURRENT STATUS IS LONG
-----
return before 14h30:
BTCUSDT+0.62%, ETHUSDT-1.19%, XRPUSDT+4.95%
-----
target alloc initial:BTCUSDT+16.67%, ETHUSDT+16.67%, XRPUSDT+16.67%
-----
alloc target x rt%<0:BTCUSDT+16.67%, ETHUSDT+16.67%, XRPUSDT+16.67%
-----
           BTCUSDT ETHUSDT XRPUSDT
w_target     16.7%   16.7%   16.7%
rt_14h30     0.01%  -0.01%   0.05%
w_target_f   16.7%   16.7%   16.7%
2024-07-24 21:30:55,577
Portfolio was rebalanced less than 2 hours ago, 1.0 hours ago
2024-07-24 21:30:55,579
Status: prev = LONG <> LONG = target
2024-07-24 21:30:55,579
the strat is currently running @ 24-07-2024 and the target positions is LONG
the strat was previously run @ 2024-07-24 20:30:47, success:yes 
   and the current positions is LONG
2024-07-24 21:30:56,134
positions_future #2
2024-07-24 21:30:56,134
      symbol  positionAmt entryPrice  ... adlQuantile AUMs_account        w%
131  XRPUSDT       78.700     0.6238  ...           1        292.4  0.165095
166  ETHUSDT        0.014    3398.15  ...           1        292.4  0.159072

[2 rows x 12 columns]
2024-07-24 21:30:56,216
programm stoppeddd!!! 20240724_213056
