2023-12-23 03:31:05,323
ON program started 20231223 03:31:05,
US time: 20231222 22:31:05
2023-12-23 03:31:05,778
the strat is currently running @ 23-12-2023 and the target positions is NEUTRAL
2023-12-23 03:31:07,167
CURRENT STATUS IS NEUTRAL
-----
return before 14h30:
BTCUSDT+0.00%, ETHUSDT+0.00%, XRPUSDT+0.00%
-----
target alloc initial:BTCUSDT+0.00%, ETHUSDT+0.00%, XRPUSDT+0.00%
-----
alloc target x rt%<0:BTCUSDT+0.00%, ETHUSDT+0.00%, XRPUSDT+0.00%
-----
           BTCUSDT ETHUSDT XRPUSDT
w_target      0.0%    0.0%    0.0%
rt_14h30     0.00%   0.00%   0.00%
w_target_f    0.0%    0.0%    0.0%
2023-12-23 03:31:07,169
Portfolio was rebalanced less than 2 hours ago, 1.0 hours ago
2023-12-23 03:31:07,171
Status: prev = NEUTRAL <> SHORT = target
2023-12-23 03:31:07,171
the strat is currently running @ 23-12-2023 and the target positions is NEUTRAL
the strat was previously run @ 2023-12-23 02:31:05 UTC, success:yes 
   and the current positions is SHORT
2023-12-23 03:31:08,397
positions_future #0
2023-12-23 03:31:08,397
Empty DataFrame
Columns: [symbol, positionAmt, entryPrice, breakEvenPrice, markPrice, unRealizedProfit, value_usd, updateTime, isolated, adlQuantile, AUMs_account, w%]
Index: []
2023-12-23 03:31:08,619
------------------------------
binance_account_balance
2023-12-23 03:31:08,619
  asset     balance  ...  marginAvailable   updateTime
5  USDT  292.258037  ...             True  23Dec-00:32

[1 rows x 8 columns]
2023-12-23 03:31:08,853
------------------------------
open_orders
2023-12-23 03:31:08,853
Empty DataFrame
Columns: []
Index: []
2023-12-23 03:31:09,513
------------------------------
AUMS account:292

2023-12-23 03:31:09,514
--------------- compute_futures_order_book() ----------------
2023-12-23 03:31:11,085
----------------------------------------------------------------------
#0 order(s) to place
gross$: 0$ | net$: +0$
gross%: 0% | net%: +0%
 || w>0%  +0% | w<0%  0%
----------------------------------------------------------------------
PTF Expo% 0.0% >> 0.0% (current>>target)
PTF expo $0.0 >> $0 (current>>target)
----------------------------------------------------------------------
2023-12-23 03:31:11,086
orders_ofthe_day
2023-12-23 03:31:11,086
Empty DataFrame
Columns: [ptf_usd, target_usd, totrd_usd, posttrd_usd, qty, posttrd_qty, posttrd_w, bid, ask]
Index: []
2023-12-23 03:31:11,171
Orders of the day is empty, current and target potfolios are aligned
2023-12-23 03:31:11,171
Program stopped
