2024-08-10 01:30:44,161
ON program started 20240810 01:30:44,
US time: 20240809 21:30:44
2024-08-10 01:30:45,377
the strat is currently running @ 10-08-2024 and the target positions is SHORT
2024-08-10 01:30:46,685
CURRENT STATUS IS SHORT, WE CHECK IF THE DAY IS A NEGATIVE ONE
-----
return before 14h30:
BTCUSDT-0.33%, ETHUSDT+0.07%, XRPUSDT+0.31%
-----
target alloc initial:BTCUSDT-4.17%, ETHUSDT+0.00%, XRPUSDT-4.17%
-----
alloc target x rt%<0:BTCUSDT-4.17%, ETHUSDT+0.00%, XRPUSDT-0.00%
-----
           BTCUSDT ETHUSDT XRPUSDT
w_target     -4.2%    0.0%   -4.2%
rt_14h30    -0.00%   0.00%   0.00%
w_target_f   -4.2%    0.0%   -0.0%
2024-08-10 01:30:46,686
Portfolio was rebalanced less than 2 hours ago, 1.0 hours ago
2024-08-10 01:30:46,688
Status: prev = SHORT <> SHORT = target
2024-08-10 01:30:46,688
the strat is currently running @ 10-08-2024 and the target positions is SHORT
the strat was previously run @ 2024-08-10 00:31:02, success:yes 
   and the current positions is SHORT
2024-08-10 01:30:47,830
positions_future #1
2024-08-10 01:30:47,830
      symbol  positionAmt entryPrice  ... adlQuantile AUMs_account        w%
130  XRPUSDT        -22.9      0.582  ...           0        307.1 -0.043394

[1 rows x 12 columns]
2024-08-10 01:30:47,911
programm stoppeddd!!! 20240810_013047
