2023-10-19 22:30:28,727
ON program started 20231019 22:30:28,
US time: 20231019 18:30:28
2023-10-19 22:30:29,722
the strat is currently running @ 19-10-2023 and the target positions is SHORT
2023-10-19 22:30:31,038
CURRENT STATUS IS SHORT, WE CHECK IF THE DAY IS A NEGATIVE ONE
-----
return before 14h30:
BTCUSDT+1.02%, ETHUSDT+0.83%, XRPUSDT+0.72%
-----
target alloc initial:BTCUSDT-4.17%, ETHUSDT+0.00%, XRPUSDT-4.17%
-----
alloc target x rt%<0:BTCUSDT-0.00%, ETHUSDT+0.00%, XRPUSDT-0.00%
-----
           BTCUSDT ETHUSDT XRPUSDT
w_target     -4.2%    0.0%   -4.2%
rt_14h30     0.01%   0.01%   0.01%
w_target_f   -0.0%    0.0%   -0.0%
2023-10-19 22:30:31,040
Portfolio was rebalanced less than 2 hours ago, 1.0 hours ago
2023-10-19 22:30:31,043
Status: prev = SHORT <> LONG = target
2023-10-19 22:30:31,043
the strat is currently running @ 19-10-2023 and the target positions is SHORT
the strat was previously run @ 2023-10-19 21:30:34 UTC, success:yes 
   and the current positions is LONG
2023-10-19 22:30:32,163
positions_future #3
2023-10-19 22:30:32,163
      symbol  positionAmt entryPrice  ...   updateTime AUMs_account        w%
239  BTCUSDT        0.002    28614.8  ...  19Oct-18:32        278.9  0.205536
118  XRPUSDT       94.600     0.4877  ...  19Oct-18:33        278.9  0.172462
148  ETHUSDT        0.030    1562.58  ...  19Oct-18:31        278.9  0.168484

[3 rows x 10 columns]
2023-10-19 22:30:32,396
------------------------------
binance_account_balance
2023-10-19 22:30:32,396
  asset     balance  ... marginAvailable   updateTime
5  USDT  276.716584  ...            True  19Oct-18:33

[1 rows x 8 columns]
2023-10-19 22:30:33,264
------------------------------
open_orders
2023-10-19 22:30:33,264
                                      0  ...                           2
symbol                          BTCUSDT  ...                     ETHUSDT
status                              NEW  ...                         NEW
price                                 0  ...                           0
avgPrice                              0  ...                           0
origQty                           0.002  ...                       0.030
executedQty                           0  ...                           0
type                        STOP_MARKET  ...                 STOP_MARKET
side                               SELL  ...                        SELL
stopPrice                      27177.30  ...                     1484.79
time         2023-10-19 18:34:02.008000  ...  2023-10-19 18:34:02.432000
updateTime   2023-10-19 18:34:02.008000  ...  2023-10-19 18:34:02.432000

[11 rows x 3 columns]
2023-10-19 22:30:36,487
------------------------------
AUMS account:278

2023-10-19 22:30:36,488
--------------- compute_futures_order_book() ----------------
2023-10-19 22:30:37,990
----------------------------------------------------------------------
#3 order(s) to place
gross$: 152$ | net$: -152$
gross%: 55% | net%: -55%
 || w>0%  +0% | w<0%  -55%
----------------------------------------------------------------------
PTF Expo% 54.5% >> 0.0% (current>>target)
PTF expo $152.0 >> $0 (current>>target)
----------------------------------------------------------------------
2023-10-19 22:30:37,991
orders_ofthe_day
2023-10-19 22:30:37,991
                  ptf_usd  target_usd  ...         bid         ask
2023-10-19 22:30                       ...                        
BTCUSDT              57.0        -0.0  ...  28657.2000  28657.3000
XRPUSDT              48.0        -0.0  ...      0.5085      0.5086
ETHUSDT              47.0         0.0  ...   1566.1600   1566.1700

[3 rows x 9 columns]
2023-10-19 22:30:39,434
binance_place_orders_peg 20231019_223039
2023-10-19 22:30:39,860
{'orderId': 200287471124, 'symbol': 'BTCUSDT', 'status': 'NEW', 'clientOrderId': 'Kj9MSfplVj6VQRxCn0824R', 'price': '28671.60', 'avgPrice': '0.00', 'origQty': '0.002', 'executedQty': '0.000', 'cumQty': '0.000', 'cumQuote': '0.00000', 'timeInForce': 'GTC', 'type': 'LIMIT', 'reduceOnly': False, 'closePosition': False, 'side': 'SELL', 'positionSide': 'BOTH', 'stopPrice': '0.00', 'workingType': 'CONTRACT_PRICE', 'priceProtect': False, 'origType': 'LIMIT', 'priceMatch': 'NONE', 'selfTradePreventionMode': 'NONE', 'goodTillDate': 0, 'updateTime': 1697754639756}
2023-10-19 22:30:40,284
{'orderId': 43396051545, 'symbol': 'XRPUSDT', 'status': 'NEW', 'clientOrderId': 'po1qDyQvQrUHNntlXBy7m8', 'price': '0.5090', 'avgPrice': '0.00', 'origQty': '94.6', 'executedQty': '0.0', 'cumQty': '0.0', 'cumQuote': '0.00000', 'timeInForce': 'GTC', 'type': 'LIMIT', 'reduceOnly': False, 'closePosition': False, 'side': 'SELL', 'positionSide': 'BOTH', 'stopPrice': '0.0000', 'workingType': 'CONTRACT_PRICE', 'priceProtect': False, 'origType': 'LIMIT', 'priceMatch': 'NONE', 'selfTradePreventionMode': 'NONE', 'goodTillDate': 0, 'updateTime': 1697754640182}
2023-10-19 22:30:40,707
{'orderId': 8389765622072252627, 'symbol': 'ETHUSDT', 'status': 'NEW', 'clientOrderId': 'qooEWpcD7Mr9y8QwmIrUpS', 'price': '1566.99', 'avgPrice': '0.00', 'origQty': '0.030', 'executedQty': '0.000', 'cumQty': '0.000', 'cumQuote': '0.00000', 'timeInForce': 'GTC', 'type': 'LIMIT', 'reduceOnly': False, 'closePosition': False, 'side': 'SELL', 'positionSide': 'BOTH', 'stopPrice': '0.00', 'workingType': 'CONTRACT_PRICE', 'priceProtect': False, 'origType': 'LIMIT', 'priceMatch': 'NONE', 'selfTradePreventionMode': 'NONE', 'goodTillDate': 0, 'updateTime': 1697754640605}
2023-10-19 22:30:41,968
update 0: filled 0 / 3 () | working 3 / 3 (-BTCUSDT,-XRPUSDT,-ETHUSDT)
2023-10-19 22:30:45,969
-BTCUSDT: bp5.0|-XRPUSDT: bp6.0|-ETHUSDT: bp5.0|
2023-10-19 22:30:47,230
update 1: filled 0 / 3 () | working 3 / 3 (-BTCUSDT,-XRPUSDT,-ETHUSDT)
2023-10-19 22:30:51,231
-BTCUSDT: bp5.0|-XRPUSDT: bp4.0|-ETHUSDT: bp5.0|
2023-10-19 22:30:52,493
update 2: filled 0 / 3 () | working 3 / 3 (-BTCUSDT,-XRPUSDT,-ETHUSDT)
2023-10-19 22:30:56,494
-BTCUSDT: bp5.0|-XRPUSDT: bp8.0|-ETHUSDT: bp5.0|
2023-10-19 22:30:57,756
update 3: filled 0 / 3 () | working 3 / 3 (-BTCUSDT,-XRPUSDT,-ETHUSDT)
2023-10-19 22:31:01,756
-BTCUSDT: bp5.0|-XRPUSDT: bp6.0|-ETHUSDT: bp5.0|
2023-10-19 22:31:03,022
update 4: filled 0 / 3 () | working 3 / 3 (-BTCUSDT,-XRPUSDT,-ETHUSDT)
2023-10-19 22:31:07,023
-BTCUSDT: bp4.0|-XRPUSDT: bp2.0|-ETHUSDT: bp3.0|
2023-10-19 22:31:08,285
update 5: filled 0 / 3 () | working 3 / 3 (-BTCUSDT,-XRPUSDT,-ETHUSDT)
2023-10-19 22:31:12,286
-BTCUSDT: bp3.0|-XRPUSDT: bp6.0|-ETHUSDT: bp4.0|
2023-10-19 22:31:13,546
update 6: filled 0 / 3 () | working 3 / 3 (-BTCUSDT,-XRPUSDT,-ETHUSDT)
2023-10-19 22:31:17,547
-BTCUSDT: bp4.0|-XRPUSDT: bp2.0|-ETHUSDT: bp4.0|
2023-10-19 22:31:18,810
update 7: filled 0 / 3 () | working 3 / 3 (-BTCUSDT,-XRPUSDT,-ETHUSDT)
2023-10-19 22:31:22,811
-BTCUSDT: bp3.0|-XRPUSDT: bp2.0|-ETHUSDT: bp4.0|
2023-10-19 22:31:24,073
update 8: filled 0 / 3 () | working 3 / 3 (-BTCUSDT,-XRPUSDT,-ETHUSDT)
2023-10-19 22:31:28,074
-BTCUSDT: bp4.0|-XRPUSDT: bp2.0|-ETHUSDT: bp3.0|
2023-10-19 22:31:29,340
update 9: filled 0 / 3 () | working 3 / 3 (-BTCUSDT,-XRPUSDT,-ETHUSDT)
2023-10-19 22:31:33,341
-BTCUSDT: bp4.0|-XRPUSDT: bp6.0|-ETHUSDT: bp4.0|
2023-10-19 22:31:34,603
update 10: filled 0 / 3 () | working 3 / 3 (-BTCUSDT,-XRPUSDT,-ETHUSDT)
2023-10-19 22:31:38,604
-BTCUSDT: bp2.0|-XRPUSDT: bp4.0|-ETHUSDT: bp4.0|
2023-10-19 22:31:39,868
update 11: filled 0 / 3 () | working 3 / 3 (-BTCUSDT,-XRPUSDT,-ETHUSDT)
2023-10-19 22:31:43,869
-BTCUSDT: bp1.0|-XRPUSDT: bp4.0|-ETHUSDT: bp3.0|
2023-10-19 22:31:45,132
update 12: filled 2 / 3 (-BTCUSDT,-XRPUSDT) | working 1 / 3 (-ETHUSDT)
2023-10-19 22:31:49,132
-ETHUSDT: bp4.0|
2023-10-19 22:31:50,397
update 13: filled 2 / 3 (-BTCUSDT,-XRPUSDT) | working 1 / 3 (-ETHUSDT)
2023-10-19 22:31:54,397
-ETHUSDT: bp3.0|
2023-10-19 22:31:55,661
update 14: filled 2 / 3 (-BTCUSDT,-XRPUSDT) | working 1 / 3 (-ETHUSDT)
2023-10-19 22:31:59,661
-ETHUSDT: bp3.0|
2023-10-19 22:31:59,661
Adjustment limit #1 ... 
 we cancel current orders and replace
2023-10-19 22:31:59,661
@+/-2.5bp limit 
2023-10-19 22:31:59,661
binance_cancel_and_replace_orders_peg 20231019_223159
2023-10-19 22:32:01,571
binance_place_orders_peg 20231019_223201
2023-10-19 22:32:01,997
{'orderId': 8389765622072314311, 'symbol': 'ETHUSDT', 'status': 'NEW', 'clientOrderId': 'pVEJkoAyzmXLUmWZN8TshB', 'price': '1566.99', 'avgPrice': '0.00', 'origQty': '0.030', 'executedQty': '0.000', 'cumQty': '0.000', 'cumQuote': '0.00000', 'timeInForce': 'GTC', 'type': 'LIMIT', 'reduceOnly': False, 'closePosition': False, 'side': 'SELL', 'positionSide': 'BOTH', 'stopPrice': '0.00', 'workingType': 'CONTRACT_PRICE', 'priceProtect': False, 'origType': 'LIMIT', 'priceMatch': 'NONE', 'selfTradePreventionMode': 'NONE', 'goodTillDate': 0, 'updateTime': 1697754721893}
2023-10-19 22:32:03,260
update 0: filled 2 / 3 (-BTCUSDT,-XRPUSDT) | working 1 / 3 (-ETHUSDT)
2023-10-19 22:32:07,261
-ETHUSDT: bp3.0|
2023-10-19 22:32:08,525
update 1: filled 2 / 3 (-BTCUSDT,-XRPUSDT) | working 1 / 3 (-ETHUSDT)
2023-10-19 22:32:12,525
-ETHUSDT: bp2.0|
2023-10-19 22:32:13,790
update 2: filled 2 / 3 (-BTCUSDT,-XRPUSDT) | working 1 / 3 (-ETHUSDT)
2023-10-19 22:32:17,790
-ETHUSDT: bp3.0|
2023-10-19 22:32:19,055
update 3: filled 2 / 3 (-BTCUSDT,-XRPUSDT) | working 1 / 3 (-ETHUSDT)
2023-10-19 22:32:23,055
-ETHUSDT: bp2.0|
2023-10-19 22:32:24,321
update 4: filled 2 / 3 (-BTCUSDT,-XRPUSDT) | working 1 / 3 (-ETHUSDT)
2023-10-19 22:32:28,322
-ETHUSDT: bp2.0|
2023-10-19 22:32:29,589
update 5: filled 2 / 3 (-BTCUSDT,-XRPUSDT) | working 1 / 3 (-ETHUSDT)
2023-10-19 22:32:33,590
-ETHUSDT: bp3.0|
2023-10-19 22:32:34,855
update 6: filled 2 / 3 (-BTCUSDT,-XRPUSDT) | working 1 / 3 (-ETHUSDT)
2023-10-19 22:32:38,856
-ETHUSDT: bp3.0|
2023-10-19 22:32:40,118
update 7: filled 2 / 3 (-BTCUSDT,-XRPUSDT) | working 1 / 3 (-ETHUSDT)
2023-10-19 22:32:44,119
-ETHUSDT: bp3.0|
2023-10-19 22:32:45,380
update 8: filled 2 / 3 (-BTCUSDT,-XRPUSDT) | working 1 / 3 (-ETHUSDT)
2023-10-19 22:32:49,381
-ETHUSDT: bp3.0|
2023-10-19 22:32:50,643
update 9: filled 2 / 3 (-BTCUSDT,-XRPUSDT) | working 1 / 3 (-ETHUSDT)
2023-10-19 22:32:54,644
-ETHUSDT: bp3.0|
2023-10-19 22:32:55,909
update 10: filled 2 / 3 (-BTCUSDT,-XRPUSDT) | working 1 / 3 (-ETHUSDT)
2023-10-19 22:32:59,909
-ETHUSDT: bp3.0|
2023-10-19 22:33:01,173
update 11: filled 2 / 3 (-BTCUSDT,-XRPUSDT) | working 1 / 3 (-ETHUSDT)
2023-10-19 22:33:05,174
-ETHUSDT: bp2.0|
2023-10-19 22:33:06,477
update 12: filled 2 / 3 (-BTCUSDT,-XRPUSDT) | working 1 / 3 (-ETHUSDT)
2023-10-19 22:33:10,478
-ETHUSDT: bp2.0|
2023-10-19 22:33:11,741
update 13: filled 2 / 3 (-BTCUSDT,-XRPUSDT) | working 1 / 3 (-ETHUSDT)
2023-10-19 22:33:15,742
-ETHUSDT: bp2.0|
2023-10-19 22:33:17,006
update 14: filled 2 / 3 (-BTCUSDT,-XRPUSDT) | working 1 / 3 (-ETHUSDT)
2023-10-19 22:33:21,007
-ETHUSDT: bp2.0|
2023-10-19 22:33:21,007
Adjustment limit #2 ... 
 we cancel current orders and replace
2023-10-19 22:33:21,007
@+/-1.25bp limit 
2023-10-19 22:33:21,007
binance_cancel_and_replace_orders_peg 20231019_223321
2023-10-19 22:33:22,919
binance_place_orders_peg 20231019_223322
2023-10-19 22:33:23,344
{'orderId': 8389765622072377800, 'symbol': 'ETHUSDT', 'status': 'NEW', 'clientOrderId': 'InJr9QthZULpOv9jjQFYjm', 'price': '1566.89', 'avgPrice': '0.00', 'origQty': '0.030', 'executedQty': '0.000', 'cumQty': '0.000', 'cumQuote': '0.00000', 'timeInForce': 'GTC', 'type': 'LIMIT', 'reduceOnly': False, 'closePosition': False, 'side': 'SELL', 'positionSide': 'BOTH', 'stopPrice': '0.00', 'workingType': 'CONTRACT_PRICE', 'priceProtect': False, 'origType': 'LIMIT', 'priceMatch': 'NONE', 'selfTradePreventionMode': 'NONE', 'goodTillDate': 0, 'updateTime': 1697754803239}
2023-10-19 22:33:24,609
update 0: filled 2 / 3 (-BTCUSDT,-XRPUSDT) | working 1 / 3 (-ETHUSDT)
2023-10-19 22:33:28,610
-ETHUSDT: bp1.0|
2023-10-19 22:33:29,872
update 1: filled 2 / 3 (-BTCUSDT,-XRPUSDT) | working 1 / 3 (-ETHUSDT)
2023-10-19 22:33:33,873
-ETHUSDT: bp1.0|
2023-10-19 22:33:35,137
update 2: filled 2 / 3 (-BTCUSDT,-XRPUSDT) | working 1 / 3 (-ETHUSDT)
2023-10-19 22:33:39,138
-ETHUSDT: bp1.0|
2023-10-19 22:33:40,404
update 3: filled 2 / 3 (-BTCUSDT,-XRPUSDT) | working 1 / 3 (-ETHUSDT)
2023-10-19 22:33:44,404
-ETHUSDT: bp1.0|
2023-10-19 22:33:45,666
update 4: filled 2 / 3 (-BTCUSDT,-XRPUSDT) | working 1 / 3 (-ETHUSDT)
2023-10-19 22:33:49,667
-ETHUSDT: bp1.0|
2023-10-19 22:33:50,930
update 5: filled 2 / 3 (-BTCUSDT,-XRPUSDT) | working 1 / 3 (-ETHUSDT)
2023-10-19 22:33:54,930
-ETHUSDT: bp1.0|
2023-10-19 22:33:56,191
update 6: filled 2 / 3 (-BTCUSDT,-XRPUSDT) | working 1 / 3 (-ETHUSDT)
2023-10-19 22:34:00,192
-ETHUSDT: bp1.0|
2023-10-19 22:34:01,457
update 7: filled 2 / 3 (-BTCUSDT,-XRPUSDT) | working 1 / 3 (-ETHUSDT)
2023-10-19 22:34:05,458
-ETHUSDT: bp1.0|
2023-10-19 22:34:06,780
update 8: filled 2 / 3 (-BTCUSDT,-XRPUSDT) | working 1 / 3 (-ETHUSDT)
2023-10-19 22:34:10,781
-ETHUSDT: bp1.0|
2023-10-19 22:34:12,044
update 9: filled 2 / 3 (-BTCUSDT,-XRPUSDT) | working 1 / 3 (-ETHUSDT)
2023-10-19 22:34:16,045
-ETHUSDT: bp1.0|
2023-10-19 22:34:17,307
update 10: filled 3 / 3 (-BTCUSDT,-XRPUSDT,-ETHUSDT) | working 0 / 3 ()
2023-10-19 22:34:24,079
Trades of the day
in$
as of: 19Oct 22:31>>22:34 (#trades: 3)
trade net: -153.0 (-54.9%), trade gross: +153.0 (+54.9%), BUY: +0.0 (+0.0%), SELL: -153.0 (-54.9%)
fees: $ 0.031 (2.0bp)
2023-10-19 22:34:24,722
Trades: 
Filled #3
______________________________________________
                   in$ | in bp 152 traded | in bp 278 AUMs
realizedPnl    +2.25   | +148    | +81    
PnLvsArrival   +0.09   | +6      | +3     
PnLvsLast      -0.1    | -7      | -4     
______________________________________________
                 | Value$ | PnL Arrival/Last 
______________________________________________
BTC:-0.002@28671.6 | -57$ | 0.03/-0.02
XRP:-94.6@0.509 | -48$ | 0.04/-0.07
ETH:-0.03@1566.89 | -47$ | 0.02/-0.01
2023-10-19 22:34:25,238
***************************
Positions after orders
***************************
2023-10-19 22:34:25,238
********No Position************
2023-10-19 22:34:25,238
***************************
2023-10-19 22:34:25,870
3 STOP orders will be placed
2023-10-19 22:34:25,870
@+/-500.0bp limit
2023-10-19 22:34:25,870
binance_place_orders_peg 20231019_223425
