2023-11-19 20:30:57,136
ON program started 20231119 20:30:57,
US time: 20231119 15:30:57
2023-11-19 20:30:57,514
the strat is currently running @ 19-11-2023 and the target positions is LONG
2023-11-19 20:30:58,923
CURRENT STATUS IS LONG
-----
return before 14h30:
BTCUSDT+0.82%, ETHUSDT+1.14%, XRPUSDT+2.78%
-----
target alloc initial:BTCUSDT+16.67%, ETHUSDT+16.67%, XRPUSDT+16.67%
-----
alloc target x rt%<0:BTCUSDT+16.67%, ETHUSDT+16.67%, XRPUSDT+16.67%
-----
           BTCUSDT ETHUSDT XRPUSDT
w_target     16.7%   16.7%   16.7%
rt_14h30     0.01%   0.01%   0.03%
w_target_f   16.7%   16.7%   16.7%
2023-11-19 20:30:58,925
Portfolio was rebalanced less than 2 hours ago, 1.0 hours ago
2023-11-19 20:30:58,928
Status: prev = LONG <> LONG = target
2023-11-19 20:30:58,928
the strat is currently running @ 19-11-2023 and the target positions is LONG
the strat was previously run @ 2023-11-19 19:32:48 UTC, success:yes 
   and the current positions is LONG
2023-11-19 20:31:00,085
positions_future #2
2023-11-19 20:31:00,085
      symbol  positionAmt entryPrice  ... adlQuantile AUMs_account        w%
122  XRPUSDT       77.500     0.6232  ...           1        289.9  0.166179
154  ETHUSDT        0.024     1978.2  ...           1        289.9  0.163660

[2 rows x 12 columns]
2023-11-19 20:31:00,110
programm stoppeddd!!! 20231119_203100
