2023-11-13 04:30:35,323
ON program started 20231113 04:30:35,
US time: 20231112 23:30:35
2023-11-13 04:30:36,191
the strat is currently running @ 13-11-2023 and the target positions is NEUTRAL
2023-11-13 04:30:37,601
CURRENT STATUS IS NEUTRAL
-----
return before 14h30:
BTCUSDT+0.00%, ETHUSDT+0.00%, XRPUSDT+0.00%
-----
target alloc initial:BTCUSDT+0.00%, ETHUSDT+0.00%, XRPUSDT+0.00%
-----
alloc target x rt%<0:BTCUSDT+0.00%, ETHUSDT+0.00%, XRPUSDT+0.00%
-----
           BTCUSDT ETHUSDT XRPUSDT
w_target      0.0%    0.0%    0.0%
rt_14h30     0.00%   0.00%   0.00%
w_target_f    0.0%    0.0%    0.0%
2023-11-13 04:30:37,602
Portfolio was rebalanced less than 2 hours ago, 1.0 hours ago
2023-11-13 04:30:37,605
Status: prev = NEUTRAL <> NEUTRAL = target
2023-11-13 04:30:37,605
the strat is currently running @ 13-11-2023 and the target positions is NEUTRAL
the strat was previously run @ 2023-11-13 03:31:10 UTC, success:yes 
   and the current positions is NEUTRAL
2023-11-13 04:30:38,757
positions_future #0
2023-11-13 04:30:38,757
Empty DataFrame
Columns: [symbol, positionAmt, entryPrice, breakEvenPrice, markPrice, unRealizedProfit, value_usd, updateTime, isolated, adlQuantile, AUMs_account, w%]
Index: []
2023-11-13 04:30:38,764
programm stoppeddd!!! 20231113_043038
