2024-07-30 23:30:53,734
ON program started 20240730 23:30:53,
US time: 20240730 19:30:53
2024-07-30 23:30:54,496
the strat is currently running @ 30-07-2024 and the target positions is SHORT
2024-07-30 23:30:56,610
CURRENT STATUS IS SHORT, WE CHECK IF THE DAY IS A NEGATIVE ONE
-----
return before 14h30:
BTCUSDT-0.60%, ETHUSDT+0.37%, XRPUSDT+2.87%
-----
target alloc initial:BTCUSDT-4.17%, ETHUSDT+0.00%, XRPUSDT-4.17%
-----
alloc target x rt%<0:BTCUSDT-4.17%, ETHUSDT+0.00%, XRPUSDT-0.00%
-----
           BTCUSDT ETHUSDT XRPUSDT
w_target     -4.2%    0.0%   -4.2%
rt_14h30    -0.01%   0.00%   0.03%
w_target_f   -4.2%    0.0%   -0.0%
2024-07-30 23:30:56,611
Portfolio was rebalanced less than 2 hours ago, 1.0 hours ago
2024-07-30 23:30:56,612
Status: prev = SHORT <> SHORT = target
2024-07-30 23:30:56,612
the strat is currently running @ 30-07-2024 and the target positions is SHORT
the strat was previously run @ 2024-07-30 22:30:27, success:? 
   and the current positions is SHORT
2024-07-30 23:30:57,736
positions_future #0
2024-07-30 23:30:57,736
Empty DataFrame
Columns: [symbol, positionAmt, entryPrice, breakEvenPrice, markPrice, unRealizedProfit, value_usd, updateTime, isolated, adlQuantile, AUMs_account, w%]
Index: []
2024-07-30 23:30:57,943
------------------------------
binance_account_balance
2024-07-30 23:30:57,943
  asset     balance  ...  marginAvailable   updateTime
4  USDT  292.610082  ...             True  30Jul-22:32

[1 rows x 8 columns]
2024-07-30 23:30:58,161
------------------------------
open_orders
2024-07-30 23:30:58,161
Empty DataFrame
Columns: []
Index: []
2024-07-30 23:30:58,770
------------------------------
AUMS account:292

2024-07-30 23:30:58,772
--------------- compute_futures_order_book() ----------------
2024-07-30 23:31:00,219
----------------------------------------------------------------------
#0 order(s) to place
gross$: 0$ | net$: +0$
gross%: 0% | net%: +0%
 || w>0%  +0% | w<0%  0%
----------------------------------------------------------------------
PTF Expo% 0.0% >> -4.1% (current>>target)
PTF expo $0.0 >> $-12 (current>>target)
----------------------------------------------------------------------
2024-07-30 23:31:00,220
orders_ofthe_day
2024-07-30 23:31:00,220
Empty DataFrame
Columns: [ptf_usd, target_usd, totrd_usd, posttrd_usd, qty, posttrd_qty, posttrd_w, bid, ask, strategy]
Index: []
2024-07-30 23:31:00,283
Orders of the day is empty, current and target potfolios are aligned
2024-07-30 23:31:00,283
Program stopped
