2024-09-18 22:30:57,167
ON program started 20240918 22:30:57,
US time: 20240918 18:30:57
2024-09-18 22:30:57,626
the strat is currently running @ 18-09-2024 and the target positions is SHORT
2024-09-18 22:30:59,023
CURRENT STATUS IS SHORT, WE CHECK IF THE DAY IS A NEGATIVE ONE
-----
return before 14h30:
BTCUSDT-1.34%, ETHUSDT-1.99%, XRPUSDT-2.79%
-----
target alloc initial:BTCUSDT-4.17%, ETHUSDT+0.00%, XRPUSDT-4.17%
-----
alloc target x rt%<0:BTCUSDT-4.17%, ETHUSDT+0.00%, XRPUSDT-4.17%
-----
           BTCUSDT ETHUSDT XRPUSDT
w_target     -4.2%    0.0%   -4.2%
rt_14h30    -0.01%  -0.02%  -0.03%
w_target_f   -4.2%    0.0%   -4.2%
2024-09-18 22:30:59,024
Portfolio was rebalanced less than 2 hours ago, 1.0 hours ago
2024-09-18 22:30:59,025
Status: prev = SHORT <> LONG = target
2024-09-18 22:30:59,026
the strat is currently running @ 18-09-2024 and the target positions is SHORT
the strat was previously run @ 2024-09-18 21:30:58, success:yes 
   and the current positions is LONG
2024-09-18 22:31:00,230
positions_future #2
2024-09-18 22:31:00,230
      symbol  positionAmt entryPrice  ... adlQuantile AUMs_account        w%
140  XRPUSDT       85.200     0.5811  ...           1        296.1  0.167135
178  ETHUSDT        0.021    2331.17  ...           2        296.1  0.166093

[2 rows x 12 columns]
2024-09-18 22:31:00,470
------------------------------
binance_account_balance
2024-09-18 22:31:00,470
  asset     balance  ...  marginAvailable   updateTime
4  USDT  295.877574  ...             True  18Sep-18:35

[1 rows x 8 columns]
2024-09-18 22:31:01,133
------------------------------
open_orders
2024-09-18 22:31:01,133
Empty DataFrame
Columns: []
Index: []
2024-09-18 22:31:01,785
------------------------------
AUMS account:296

2024-09-18 22:31:01,787
--------------- compute_futures_order_book() ----------------
2024-09-18 22:31:03,337
----------------------------------------------------------------------
#2 order(s) to place
gross$: 110$ | net$: -110$
gross%: 37% | net%: -37%
 || w>0%  +0% | w<0%  -37%
----------------------------------------------------------------------
PTF Expo% 33.1% >> -8.3% (current>>target)
PTF expo $98.0 >> $-24 (current>>target)
----------------------------------------------------------------------
2024-09-18 22:31:03,339
orders_ofthe_day
2024-09-18 22:31:03,339
                  ptf_usd  target_usd  totrd_usd  ...        bid        ask strategy
2024-09-18 22:31                                  ...                               
XRPUSDT              49.0      -12.35      -61.0  ...     0.5807     0.5808  STRATON
ETHUSDT              49.0        0.00      -49.0  ...  2341.7400  2341.7500  STRATON

[2 rows x 10 columns]
2024-09-18 22:31:04,874
binance_place_orders_peg 20240918_223104
2024-09-18 22:31:05,310
{'orderId': 65881805119, 'symbol': 'XRPUSDT', 'status': 'NEW', 'clientOrderId': 'STRATON', 'price': '0.5811', 'avgPrice': '0.00', 'origQty': '105.0', 'executedQty': '0.0', 'cumQty': '0.0', 'cumQuote': '0.00000', 'timeInForce': 'GTC', 'type': 'LIMIT', 'reduceOnly': False, 'closePosition': False, 'side': 'SELL', 'positionSide': 'BOTH', 'stopPrice': '0.0000', 'workingType': 'CONTRACT_PRICE', 'priceProtect': False, 'origType': 'LIMIT', 'priceMatch': 'NONE', 'selfTradePreventionMode': 'NONE', 'goodTillDate': 0, 'updateTime': 1726698665201}
2024-09-18 22:31:05,746
{'orderId': 8389765733970935693, 'symbol': 'ETHUSDT', 'status': 'NEW', 'clientOrderId': 'STRATON', 'price': '2343.02', 'avgPrice': '0.00', 'origQty': '0.021', 'executedQty': '0.000', 'cumQty': '0.000', 'cumQuote': '0.00000', 'timeInForce': 'GTC', 'type': 'LIMIT', 'reduceOnly': False, 'closePosition': False, 'side': 'SELL', 'positionSide': 'BOTH', 'stopPrice': '0.00', 'workingType': 'CONTRACT_PRICE', 'priceProtect': False, 'origType': 'LIMIT', 'priceMatch': 'NONE', 'selfTradePreventionMode': 'NONE', 'goodTillDate': 0, 'updateTime': 1726698665636}
2024-09-18 22:31:07,318
update 0: filled 0 / 2 () | working 2 / 2 (-XRPUSDT,-ETHUSDT)
2024-09-18 22:31:11,319
-XRPUSDT: bp7.0|-ETHUSDT: bp5.0|
2024-09-18 22:31:12,198
update 1: filled 0 / 2 () | working 2 / 2 (-XRPUSDT,-ETHUSDT)
2024-09-18 22:31:16,199
-XRPUSDT: bp5.0|-ETHUSDT: bp8.0|
2024-09-18 22:31:17,074
update 2: filled 0 / 2 () | working 2 / 2 (-XRPUSDT,-ETHUSDT)
2024-09-18 22:31:21,075
-XRPUSDT: bp7.0|-ETHUSDT: bp6.0|
2024-09-18 22:31:21,948
update 3: filled 0 / 2 () | working 2 / 2 (-XRPUSDT,-ETHUSDT)
2024-09-18 22:31:25,949
-XRPUSDT: bp5.0|-ETHUSDT: bp5.0|
2024-09-18 22:31:26,824
update 4: filled 0 / 2 () | working 2 / 2 (-XRPUSDT,-ETHUSDT)
2024-09-18 22:31:30,825
-XRPUSDT: bp5.0|-ETHUSDT: bp5.0|
2024-09-18 22:31:31,703
update 5: filled 0 / 2 () | working 2 / 2 (-XRPUSDT,-ETHUSDT)
2024-09-18 22:31:35,703
-XRPUSDT: bp5.0|-ETHUSDT: bp1.0|
2024-09-18 22:31:36,578
update 6: filled 0 / 2 () | working 2 / 2 (-XRPUSDT,-ETHUSDT)
2024-09-18 22:31:40,579
-XRPUSDT: bp5.0|-ETHUSDT: bp1.0|
2024-09-18 22:31:41,452
update 7: filled 0 / 2 () | working 2 / 2 (-XRPUSDT,-ETHUSDT)
2024-09-18 22:31:45,453
-XRPUSDT: bp3.0|-ETHUSDT: bp1.0|
2024-09-18 22:31:46,328
update 8: filled 1 / 2 (-ETHUSDT) | working 1 / 2 (-XRPUSDT)
2024-09-18 22:31:50,329
-XRPUSDT: bp3.0|
2024-09-18 22:31:51,203
update 9: filled 1 / 2 (-ETHUSDT) | working 1 / 2 (-XRPUSDT)
2024-09-18 22:31:55,203
-XRPUSDT: bp3.0|
2024-09-18 22:31:56,079
update 10: filled 1 / 2 (-ETHUSDT) | working 1 / 2 (-XRPUSDT)
2024-09-18 22:32:00,080
-XRPUSDT: bp3.0|
2024-09-18 22:32:00,957
update 11: filled 1 / 2 (-ETHUSDT) | working 1 / 2 (-XRPUSDT)
2024-09-18 22:32:04,958
-XRPUSDT: bp3.0|
2024-09-18 22:32:05,834
update 12: filled 1 / 2 (-ETHUSDT) | working 1 / 2 (-XRPUSDT)
2024-09-18 22:32:09,835
-XRPUSDT: bp3.0|
2024-09-18 22:32:10,712
update 13: filled 1 / 2 (-ETHUSDT) | working 1 / 2 (-XRPUSDT)
2024-09-18 22:32:14,713
-XRPUSDT: bp5.0|
2024-09-18 22:32:15,592
update 14: filled 1 / 2 (-ETHUSDT) | working 1 / 2 (-XRPUSDT)
2024-09-18 22:32:19,593
-XRPUSDT: bp5.0|
2024-09-18 22:32:19,593
Adjustment limit #1 ... 
 we cancel current orders and replace
2024-09-18 22:32:19,593
@+/-2.5bp limit 
2024-09-18 22:32:19,593
binance_cancel_and_replace_orders_peg 20240918_223219
2024-09-18 22:32:21,128
binance_place_orders_peg 20240918_223221
2024-09-18 22:32:21,564
{'orderId': 65881861872, 'symbol': 'XRPUSDT', 'status': 'NEW', 'clientOrderId': 'STRATON', 'price': '0.5807', 'avgPrice': '0.00', 'origQty': '105.0', 'executedQty': '0.0', 'cumQty': '0.0', 'cumQuote': '0.00000', 'timeInForce': 'GTC', 'type': 'LIMIT', 'reduceOnly': False, 'closePosition': False, 'side': 'SELL', 'positionSide': 'BOTH', 'stopPrice': '0.0000', 'workingType': 'CONTRACT_PRICE', 'priceProtect': False, 'origType': 'LIMIT', 'priceMatch': 'NONE', 'selfTradePreventionMode': 'NONE', 'goodTillDate': 0, 'updateTime': 1726698741455}
2024-09-18 22:32:22,446
update 0: filled 1 / 2 (-ETHUSDT) | working 1 / 2 (-XRPUSDT)
2024-09-18 22:32:26,447
-XRPUSDT: bp3.0|
2024-09-18 22:32:27,322
update 1: filled 1 / 2 (-ETHUSDT) | working 1 / 2 (-XRPUSDT)
2024-09-18 22:32:31,322
-XRPUSDT: bp5.0|
2024-09-18 22:32:32,196
update 2: filled 1 / 2 (-ETHUSDT) | working 1 / 2 (-XRPUSDT)
2024-09-18 22:32:36,197
-XRPUSDT: bp9.0|
2024-09-18 22:32:37,071
update 3: filled 1 / 2 (-ETHUSDT) | working 1 / 2 (-XRPUSDT)
2024-09-18 22:32:41,072
-XRPUSDT: bp10.0|
2024-09-18 22:32:41,946
update 4: filled 1 / 2 (-ETHUSDT) | working 1 / 2 (-XRPUSDT)
2024-09-18 22:32:45,947
-XRPUSDT: bp10.0|
2024-09-18 22:32:46,822
update 5: filled 1 / 2 (-ETHUSDT) | working 1 / 2 (-XRPUSDT)
2024-09-18 22:32:50,822
-XRPUSDT: bp9.0|
2024-09-18 22:32:51,700
update 6: filled 1 / 2 (-ETHUSDT) | working 1 / 2 (-XRPUSDT)
2024-09-18 22:32:55,701
-XRPUSDT: bp10.0|
2024-09-18 22:32:56,577
update 7: filled 1 / 2 (-ETHUSDT) | working 1 / 2 (-XRPUSDT)
2024-09-18 22:33:00,577
-XRPUSDT: bp10.0|
2024-09-18 22:33:01,451
update 8: filled 1 / 2 (-ETHUSDT) | working 1 / 2 (-XRPUSDT)
2024-09-18 22:33:05,452
-XRPUSDT: bp9.0|
2024-09-18 22:33:06,329
update 9: filled 1 / 2 (-ETHUSDT) | working 1 / 2 (-XRPUSDT)
2024-09-18 22:33:10,330
-XRPUSDT: bp9.0|
2024-09-18 22:33:11,208
update 10: filled 1 / 2 (-ETHUSDT) | working 1 / 2 (-XRPUSDT)
2024-09-18 22:33:15,208
-XRPUSDT: bp9.0|
2024-09-18 22:33:16,083
update 11: filled 1 / 2 (-ETHUSDT) | working 1 / 2 (-XRPUSDT)
2024-09-18 22:33:20,084
-XRPUSDT: bp9.0|
2024-09-18 22:33:20,960
update 12: filled 1 / 2 (-ETHUSDT) | working 1 / 2 (-XRPUSDT)
2024-09-18 22:33:24,961
-XRPUSDT: bp9.0|
2024-09-18 22:33:25,835
update 13: filled 1 / 2 (-ETHUSDT) | working 1 / 2 (-XRPUSDT)
2024-09-18 22:33:29,836
-XRPUSDT: bp9.0|
2024-09-18 22:33:30,710
update 14: filled 1 / 2 (-ETHUSDT) | working 1 / 2 (-XRPUSDT)
2024-09-18 22:33:34,711
-XRPUSDT: bp10.0|
2024-09-18 22:33:34,711
Adjustment limit #2 ... 
 we cancel current orders and replace
2024-09-18 22:33:34,711
@+/-1.25bp limit 
2024-09-18 22:33:34,711
binance_cancel_and_replace_orders_peg 20240918_223334
2024-09-18 22:33:36,250
binance_place_orders_peg 20240918_223336
2024-09-18 22:33:36,688
{'orderId': 65881912110, 'symbol': 'XRPUSDT', 'status': 'NEW', 'clientOrderId': 'STRATON', 'price': '0.5804', 'avgPrice': '0.00', 'origQty': '105.0', 'executedQty': '0.0', 'cumQty': '0.0', 'cumQuote': '0.00000', 'timeInForce': 'GTC', 'type': 'LIMIT', 'reduceOnly': False, 'closePosition': False, 'side': 'SELL', 'positionSide': 'BOTH', 'stopPrice': '0.0000', 'workingType': 'CONTRACT_PRICE', 'priceProtect': False, 'origType': 'LIMIT', 'priceMatch': 'NONE', 'selfTradePreventionMode': 'NONE', 'goodTillDate': 0, 'updateTime': 1726698816578}
2024-09-18 22:33:37,578
update 0: filled 1 / 2 (-ETHUSDT) | working 1 / 2 (-XRPUSDT)
2024-09-18 22:33:41,579
-XRPUSDT: bp3.0|
2024-09-18 22:33:42,455
update 1: filled 1 / 2 (-ETHUSDT) | working 1 / 2 (-XRPUSDT)
2024-09-18 22:33:46,456
-XRPUSDT: bp3.0|
2024-09-18 22:33:47,334
update 2: filled 1 / 2 (-ETHUSDT) | working 1 / 2 (-XRPUSDT)
2024-09-18 22:33:51,335
-XRPUSDT: bp5.0|
2024-09-18 22:33:52,210
update 3: filled 1 / 2 (-ETHUSDT) | working 1 / 2 (-XRPUSDT)
2024-09-18 22:33:56,211
-XRPUSDT: bp3.0|
2024-09-18 22:33:57,088
update 4: filled 1 / 2 (-ETHUSDT) | working 1 / 2 (-XRPUSDT)
2024-09-18 22:34:01,088
-XRPUSDT: bp3.0|
2024-09-18 22:34:01,969
update 5: filled 1 / 2 (-ETHUSDT) | working 1 / 2 (-XRPUSDT)
2024-09-18 22:34:05,970
-XRPUSDT: bp3.0|
2024-09-18 22:34:06,844
update 6: filled 1 / 2 (-ETHUSDT) | working 1 / 2 (-XRPUSDT)
2024-09-18 22:34:10,845
-XRPUSDT: bp3.0|
2024-09-18 22:34:11,719
update 7: filled 1 / 2 (-ETHUSDT) | working 1 / 2 (-XRPUSDT)
2024-09-18 22:34:15,720
-XRPUSDT: bp3.0|
2024-09-18 22:34:16,594
update 8: filled 1 / 2 (-ETHUSDT) | working 1 / 2 (-XRPUSDT)
2024-09-18 22:34:20,595
-XRPUSDT: bp5.0|
2024-09-18 22:34:21,474
update 9: filled 1 / 2 (-ETHUSDT) | working 1 / 2 (-XRPUSDT)
2024-09-18 22:34:25,475
-XRPUSDT: bp5.0|
2024-09-18 22:34:26,350
update 10: filled 1 / 2 (-ETHUSDT) | working 1 / 2 (-XRPUSDT)
2024-09-18 22:34:30,351
-XRPUSDT: bp3.0|
2024-09-18 22:34:31,226
update 11: filled 1 / 2 (-ETHUSDT) | working 1 / 2 (-XRPUSDT)
2024-09-18 22:34:35,226
-XRPUSDT: bp3.0|
2024-09-18 22:34:36,102
update 12: filled 1 / 2 (-ETHUSDT) | working 1 / 2 (-XRPUSDT)
2024-09-18 22:34:40,103
-XRPUSDT: bp3.0|
2024-09-18 22:34:40,979
update 13: filled 1 / 2 (-ETHUSDT) | working 1 / 2 (-XRPUSDT)
2024-09-18 22:34:44,979
-XRPUSDT: bp3.0|
2024-09-18 22:34:45,854
update 14: filled 1 / 2 (-ETHUSDT) | working 1 / 2 (-XRPUSDT)
2024-09-18 22:34:49,855
-XRPUSDT: bp3.0|
2024-09-18 22:34:49,855
Adjustment limit #3 ... 
 we cancel current orders and replace
2024-09-18 22:34:49,855
@+/-0.625bp limit 
2024-09-18 22:34:49,855
binance_cancel_and_replace_orders_peg 20240918_223449
2024-09-18 22:34:51,390
binance_place_orders_peg 20240918_223451
2024-09-18 22:34:51,825
{'orderId': 65881961072, 'symbol': 'XRPUSDT', 'status': 'NEW', 'clientOrderId': 'STRATON', 'price': '0.5801', 'avgPrice': '0.00', 'origQty': '105.0', 'executedQty': '0.0', 'cumQty': '0.0', 'cumQuote': '0.00000', 'timeInForce': 'GTC', 'type': 'LIMIT', 'reduceOnly': False, 'closePosition': False, 'side': 'SELL', 'positionSide': 'BOTH', 'stopPrice': '0.0000', 'workingType': 'CONTRACT_PRICE', 'priceProtect': False, 'origType': 'LIMIT', 'priceMatch': 'NONE', 'selfTradePreventionMode': 'NONE', 'goodTillDate': 0, 'updateTime': 1726698891715}
2024-09-18 22:34:52,708
update 0: filled 1 / 2 (-ETHUSDT) | working 1 / 2 (-XRPUSDT)
2024-09-18 22:34:56,708
-XRPUSDT: bp0.0|
2024-09-18 22:34:57,583
update 1: filled 1 / 2 (-ETHUSDT) | working 1 / 2 (-XRPUSDT)
2024-09-18 22:35:01,584
-XRPUSDT: bp2.0|
2024-09-18 22:35:02,462
update 2: filled 1 / 2 (-ETHUSDT) | working 1 / 2 (-XRPUSDT)
2024-09-18 22:35:06,462
-XRPUSDT: bp2.0|
2024-09-18 22:35:07,341
update 3: filled 1 / 2 (-ETHUSDT) | working 1 / 2 (-XRPUSDT)
2024-09-18 22:35:11,342
-XRPUSDT: bp2.0|
2024-09-18 22:35:12,217
update 4: filled 1 / 2 (-ETHUSDT) | working 1 / 2 (-XRPUSDT)
2024-09-18 22:35:16,218
-XRPUSDT: bp3.0|
2024-09-18 22:35:17,095
update 5: filled 1 / 2 (-ETHUSDT) | working 1 / 2 (-XRPUSDT)
2024-09-18 22:35:21,095
-XRPUSDT: bp2.0|
2024-09-18 22:35:21,970
update 6: filled 1 / 2 (-ETHUSDT) | working 1 / 2 (-XRPUSDT)
2024-09-18 22:35:25,971
-XRPUSDT: bp3.0|
2024-09-18 22:35:26,850
update 7: filled 1 / 2 (-ETHUSDT) | working 1 / 2 (-XRPUSDT)
2024-09-18 22:35:30,850
-XRPUSDT: bp3.0|
2024-09-18 22:35:31,725
update 8: filled 1 / 2 (-ETHUSDT) | working 1 / 2 (-XRPUSDT)
2024-09-18 22:35:35,725
-XRPUSDT: bp5.0|
2024-09-18 22:35:36,600
update 9: filled 1 / 2 (-ETHUSDT) | working 1 / 2 (-XRPUSDT)
2024-09-18 22:35:40,601
-XRPUSDT: bp5.0|
2024-09-18 22:35:41,478
update 10: filled 1 / 2 (-ETHUSDT) | working 1 / 2 (-XRPUSDT)
2024-09-18 22:35:45,479
-XRPUSDT: bp7.0|
2024-09-18 22:35:46,355
update 11: filled 1 / 2 (-ETHUSDT) | working 1 / 2 (-XRPUSDT)
2024-09-18 22:35:50,356
-XRPUSDT: bp5.0|
2024-09-18 22:35:51,229
update 12: filled 1 / 2 (-ETHUSDT) | working 1 / 2 (-XRPUSDT)
2024-09-18 22:35:55,230
-XRPUSDT: bp5.0|
2024-09-18 22:35:56,104
update 13: filled 1 / 2 (-ETHUSDT) | working 1 / 2 (-XRPUSDT)
2024-09-18 22:36:00,105
-XRPUSDT: bp7.0|
2024-09-18 22:36:00,979
update 14: filled 1 / 2 (-ETHUSDT) | working 1 / 2 (-XRPUSDT)
2024-09-18 22:36:04,980
-XRPUSDT: bp5.0|
2024-09-18 22:36:04,980
Adjustment limit #4 ... 
 we cancel current orders and replace
2024-09-18 22:36:04,980
@+/-0.3125bp limit 
2024-09-18 22:36:04,980
binance_cancel_and_replace_orders_peg 20240918_223604
2024-09-18 22:36:06,518
binance_place_orders_peg 20240918_223606
2024-09-18 22:36:06,953
{'orderId': 65882014773, 'symbol': 'XRPUSDT', 'status': 'NEW', 'clientOrderId': 'STRATON', 'price': '0.5799', 'avgPrice': '0.00', 'origQty': '105.0', 'executedQty': '0.0', 'cumQty': '0.0', 'cumQuote': '0.00000', 'timeInForce': 'GTC', 'type': 'LIMIT', 'reduceOnly': False, 'closePosition': False, 'side': 'SELL', 'positionSide': 'BOTH', 'stopPrice': '0.0000', 'workingType': 'CONTRACT_PRICE', 'priceProtect': False, 'origType': 'LIMIT', 'priceMatch': 'NONE', 'selfTradePreventionMode': 'NONE', 'goodTillDate': 0, 'updateTime': 1726698966843}
2024-09-18 22:36:07,837
update 0: filled 1 / 2 (-ETHUSDT) | working 1 / 2 (-XRPUSDT)
2024-09-18 22:36:11,838
-XRPUSDT: bp2.0|
2024-09-18 22:36:12,712
update 1: filled 1 / 2 (-ETHUSDT) | working 1 / 2 (-XRPUSDT)
2024-09-18 22:36:16,713
-XRPUSDT: bp2.0|
2024-09-18 22:36:17,588
update 2: filled 1 / 2 (-ETHUSDT) | working 1 / 2 (-XRPUSDT)
2024-09-18 22:36:21,589
-XRPUSDT: bp2.0|
2024-09-18 22:36:22,463
update 3: filled 1 / 2 (-ETHUSDT) | working 1 / 2 (-XRPUSDT)
2024-09-18 22:36:26,463
-XRPUSDT: bp2.0|
2024-09-18 22:36:27,338
update 4: filled 1 / 2 (-ETHUSDT) | working 1 / 2 (-XRPUSDT)
2024-09-18 22:36:31,339
-XRPUSDT: bp0.0|
2024-09-18 22:36:32,213
update 5: filled 1 / 2 (-ETHUSDT) | working 1 / 2 (-XRPUSDT)
2024-09-18 22:36:36,214
-XRPUSDT: bp0.0|
2024-09-18 22:36:37,089
update 6: filled 1 / 2 (-ETHUSDT) | working 1 / 2 (-XRPUSDT)
2024-09-18 22:36:41,090
-XRPUSDT: bp0.0|
2024-09-18 22:36:41,965
update 7: filled 1 / 2 (-ETHUSDT) | working 1 / 2 (-XRPUSDT)
2024-09-18 22:36:45,966
-XRPUSDT: bp2.0|
2024-09-18 22:36:46,848
update 8: filled 1 / 2 (-ETHUSDT) | working 1 / 2 (-XRPUSDT)
2024-09-18 22:36:50,849
-XRPUSDT: bp2.0|
2024-09-18 22:36:51,725
update 9: filled 1 / 2 (-ETHUSDT) | working 1 / 2 (-XRPUSDT)
2024-09-18 22:36:55,726
-XRPUSDT: bp2.0|
2024-09-18 22:36:56,644
update 10: filled 1 / 2 (-ETHUSDT) | working 1 / 2 (-XRPUSDT)
2024-09-18 22:37:00,645
-XRPUSDT: bp2.0|
2024-09-18 22:37:01,519
update 11: filled 1 / 2 (-ETHUSDT) | working 1 / 2 (-XRPUSDT)
2024-09-18 22:37:05,520
-XRPUSDT: bp2.0|
2024-09-18 22:37:06,395
update 12: filled 1 / 2 (-ETHUSDT) | working 1 / 2 (-XRPUSDT)
2024-09-18 22:37:10,396
-XRPUSDT: bp2.0|
2024-09-18 22:37:11,273
update 13: filled 1 / 2 (-ETHUSDT) | working 1 / 2 (-XRPUSDT)
2024-09-18 22:37:15,273
-XRPUSDT: bp0.0|
2024-09-18 22:37:16,148
update 14: filled 1 / 2 (-ETHUSDT) | working 1 / 2 (-XRPUSDT)
2024-09-18 22:37:20,149
-XRPUSDT: bp2.0|
2024-09-18 22:37:20,149
Adjustment limit #5 ... 
 we cancel current orders and replace
2024-09-18 22:37:20,149
@+/-0.15625bp limit 
2024-09-18 22:37:20,149
binance_cancel_and_replace_orders_peg 20240918_223720
2024-09-18 22:37:21,685
binance_place_orders_peg 20240918_223721
2024-09-18 22:37:22,119
{'orderId': 65882043410, 'symbol': 'XRPUSDT', 'status': 'NEW', 'clientOrderId': 'STRATON', 'price': '0.5799', 'avgPrice': '0.00', 'origQty': '105.0', 'executedQty': '0.0', 'cumQty': '0.0', 'cumQuote': '0.00000', 'timeInForce': 'GTC', 'type': 'LIMIT', 'reduceOnly': False, 'closePosition': False, 'side': 'SELL', 'positionSide': 'BOTH', 'stopPrice': '0.0000', 'workingType': 'CONTRACT_PRICE', 'priceProtect': False, 'origType': 'LIMIT', 'priceMatch': 'NONE', 'selfTradePreventionMode': 'NONE', 'goodTillDate': 0, 'updateTime': 1726699042009}
2024-09-18 22:37:23,002
update 0: filled 1 / 2 (-ETHUSDT) | working 1 / 2 (-XRPUSDT)
2024-09-18 22:37:27,003
-XRPUSDT: bp0.0|
2024-09-18 22:37:27,878
update 1: filled 1 / 2 (-ETHUSDT) | working 1 / 2 (-XRPUSDT)
2024-09-18 22:37:31,878
-XRPUSDT: bp0.0|
2024-09-18 22:37:32,757
update 2: filled 1 / 2 (-ETHUSDT) | working 1 / 2 (-XRPUSDT)
2024-09-18 22:37:36,757
-XRPUSDT: bp0.0|
2024-09-18 22:37:37,632
update 3: filled 1 / 2 (-ETHUSDT) | working 1 / 2 (-XRPUSDT)
2024-09-18 22:37:41,633
-XRPUSDT: bp0.0|
2024-09-18 22:37:42,508
update 4: filled 1 / 2 (-ETHUSDT) | working 1 / 2 (-XRPUSDT)
2024-09-18 22:37:46,508
-XRPUSDT: bp2.0|
2024-09-18 22:37:47,385
update 5: filled 1 / 2 (-ETHUSDT) | working 1 / 2 (-XRPUSDT)
2024-09-18 22:37:51,386
-XRPUSDT: bp0.0|
2024-09-18 22:37:52,262
update 6: filled 1 / 2 (-ETHUSDT) | working 1 / 2 (-XRPUSDT)
2024-09-18 22:37:56,263
-XRPUSDT: bp0.0|
2024-09-18 22:37:57,139
update 7: filled 1 / 2 (-ETHUSDT) | working 1 / 2 (-XRPUSDT)
2024-09-18 22:38:01,140
-XRPUSDT: bp0.0|
2024-09-18 22:38:02,015
update 8: filled 1 / 2 (-ETHUSDT) | working 1 / 2 (-XRPUSDT)
2024-09-18 22:38:06,016
-XRPUSDT: bp0.0|
2024-09-18 22:38:06,891
update 9: filled 1 / 2 (-ETHUSDT) | working 1 / 2 (-XRPUSDT)
2024-09-18 22:38:10,892
-XRPUSDT: bp0.0|
2024-09-18 22:38:11,770
update 10: filled 1 / 2 (-ETHUSDT) | working 1 / 2 (-XRPUSDT)
2024-09-18 22:38:15,771
-XRPUSDT: bp3.0|
2024-09-18 22:38:16,646
update 11: filled 1 / 2 (-ETHUSDT) | working 1 / 2 (-XRPUSDT)
2024-09-18 22:38:20,647
-XRPUSDT: bp3.0|
2024-09-18 22:38:21,522
update 12: filled 1 / 2 (-ETHUSDT) | working 1 / 2 (-XRPUSDT)
2024-09-18 22:38:25,523
-XRPUSDT: bp9.0|
2024-09-18 22:38:26,397
update 13: filled 1 / 2 (-ETHUSDT) | working 1 / 2 (-XRPUSDT)
2024-09-18 22:38:30,398
-XRPUSDT: bp9.0|
2024-09-18 22:38:31,272
update 14: filled 1 / 2 (-ETHUSDT) | working 1 / 2 (-XRPUSDT)
2024-09-18 22:38:35,273
-XRPUSDT: bp7.0|
2024-09-18 22:38:35,273
Adjustment limit #6 ... 
 we cancel current orders and replace
2024-09-18 22:38:35,274
@+/-0.078125bp limit 
2024-09-18 22:38:35,274
binance_cancel_and_replace_orders_peg 20240918_223835
2024-09-18 22:38:36,808
binance_place_orders_peg 20240918_223836
2024-09-18 22:38:37,243
{'orderId': 65882082528, 'symbol': 'XRPUSDT', 'status': 'NEW', 'clientOrderId': 'STRATON', 'price': '0.5795', 'avgPrice': '0.00', 'origQty': '105.0', 'executedQty': '0.0', 'cumQty': '0.0', 'cumQuote': '0.00000', 'timeInForce': 'GTC', 'type': 'LIMIT', 'reduceOnly': False, 'closePosition': False, 'side': 'SELL', 'positionSide': 'BOTH', 'stopPrice': '0.0000', 'workingType': 'CONTRACT_PRICE', 'priceProtect': False, 'origType': 'LIMIT', 'priceMatch': 'NONE', 'selfTradePreventionMode': 'NONE', 'goodTillDate': 0, 'updateTime': 1726699117133}
2024-09-18 22:38:38,127
update 0: filled 1 / 2 (-ETHUSDT) | working 1 / 2 (-XRPUSDT)
2024-09-18 22:38:42,128
-XRPUSDT: bp0.0|
2024-09-18 22:38:43,003
update 1: filled 1 / 2 (-ETHUSDT) | working 1 / 2 (-XRPUSDT)
2024-09-18 22:38:47,003
-XRPUSDT: bp0.0|
2024-09-18 22:38:47,878
update 2: filled 2 / 2 (-ETHUSDT,-XRPUSDT) | working 0 / 2 ()
2024-09-18 22:38:54,305
Trades of the day
in$
as of: 18Sep 22:31>>22:38 (#trades: 2)
trade net: -110.0 (-37.2%), trade gross: +110.0 (+37.2%), BUY: +0.0 (+0.0%), SELL: -110.0 (-37.2%)
fees: $ 0.022 (2.0bp)
2024-09-18 22:38:54,763
Trades: 
Filled #2
______________________________________________
                   in$ | in bp 110 traded | in bp 296 AUMs
realizedPnl    +0.11   | +10     | +4     
PnLvsArrival   -0.1    | -9      | -3     
PnLvsLast      +0.14   | +13     | +5     
______________________________________________
                 | Value$ | PnL Arrival/Last 
______________________________________________
XRP:-105@0.5795 | -61$ | -0.13/0
ETH:-0.021@2343.02 | -49$ | 0.03/0.14
