2024-04-15 22:30:39,798
ON program started 20240415 22:30:39,
US time: 20240415 18:30:39
2024-04-15 22:30:41,080
the strat is currently running @ 15-04-2024 and the target positions is SHORT
2024-04-15 22:30:42,514
CURRENT STATUS IS SHORT, WE CHECK IF THE DAY IS A NEGATIVE ONE
-----
return before 14h30:
BTCUSDT+0.31%, ETHUSDT+1.22%, XRPUSDT+0.75%
-----
target alloc initial:BTCUSDT-4.17%, ETHUSDT+0.00%, XRPUSDT-4.17%
-----
alloc target x rt%<0:BTCUSDT-0.00%, ETHUSDT+0.00%, XRPUSDT-0.00%
-----
           BTCUSDT ETHUSDT XRPUSDT
w_target     -4.2%    0.0%   -4.2%
rt_14h30     0.00%   0.01%   0.01%
w_target_f   -0.0%    0.0%   -0.0%
2024-04-15 22:30:42,515
Portfolio was rebalanced less than 2 hours ago, 1.0 hours ago
2024-04-15 22:30:42,517
Status: prev = SHORT <> LONG = target
2024-04-15 22:30:42,517
the strat is currently running @ 15-04-2024 and the target positions is SHORT
the strat was previously run @ 2024-04-15 21:31:07, success:yes 
   and the current positions is LONG
2024-04-15 22:30:43,758
positions_future #2
2024-04-15 22:30:43,758
      symbol  positionAmt entryPrice  ... adlQuantile AUMs_account        w%
128  XRPUSDT       95.200     0.4933  ...           3        279.7  0.167962
161  ETHUSDT        0.015    3085.27  ...           2        279.7  0.166523

[2 rows x 12 columns]
2024-04-15 22:30:44,010
------------------------------
binance_account_balance
2024-04-15 22:30:44,011
  asset     balance  ...  marginAvailable   updateTime
6  USDT  279.405806  ...             True  15Apr-18:31

[1 rows x 8 columns]
2024-04-15 22:30:44,687
------------------------------
open_orders
2024-04-15 22:30:44,687
Empty DataFrame
Columns: []
Index: []
2024-04-15 22:30:45,347
------------------------------
AUMS account:279

2024-04-15 22:30:45,349
--------------- compute_futures_order_book() ----------------
2024-04-15 22:30:46,924
----------------------------------------------------------------------
#2 order(s) to place
gross$: 94$ | net$: -94$
gross%: 34% | net%: -34%
 || w>0%  +0% | w<0%  -34%
----------------------------------------------------------------------
PTF Expo% 33.6% >> 0.0% (current>>target)
PTF expo $94.0 >> $0 (current>>target)
----------------------------------------------------------------------
2024-04-15 22:30:46,926
orders_ofthe_day
2024-04-15 22:30:46,926
                  ptf_usd  target_usd  totrd_usd  ...        bid        ask strategy
2024-04-15 22:30                                  ...                               
XRPUSDT              47.0        -0.0      -47.0  ...     0.4934     0.4935  STRATON
ETHUSDT              47.0         0.0      -47.0  ...  3104.6900  3104.7000  STRATON

[2 rows x 10 columns]
2024-04-15 22:30:48,382
binance_place_orders_peg 20240415_223048
2024-04-15 22:30:48,824
{'orderId': 54771238241, 'symbol': 'XRPUSDT', 'status': 'NEW', 'clientOrderId': 'STRATON', 'price': '0.4938', 'avgPrice': '0.00', 'origQty': '95.2', 'executedQty': '0.0', 'cumQty': '0.0', 'cumQuote': '0.00000', 'timeInForce': 'GTC', 'type': 'LIMIT', 'reduceOnly': False, 'closePosition': False, 'side': 'SELL', 'positionSide': 'BOTH', 'stopPrice': '0.0000', 'workingType': 'CONTRACT_PRICE', 'priceProtect': False, 'origType': 'LIMIT', 'priceMatch': 'NONE', 'selfTradePreventionMode': 'NONE', 'goodTillDate': 0, 'updateTime': 1713220248712}
2024-04-15 22:30:49,268
{'orderId': 8389765672368228105, 'symbol': 'ETHUSDT', 'status': 'NEW', 'clientOrderId': 'STRATON', 'price': '3106.67', 'avgPrice': '0.00', 'origQty': '0.015', 'executedQty': '0.000', 'cumQty': '0.000', 'cumQuote': '0.00000', 'timeInForce': 'GTC', 'type': 'LIMIT', 'reduceOnly': False, 'closePosition': False, 'side': 'SELL', 'positionSide': 'BOTH', 'stopPrice': '0.00', 'workingType': 'CONTRACT_PRICE', 'priceProtect': False, 'origType': 'LIMIT', 'priceMatch': 'NONE', 'selfTradePreventionMode': 'NONE', 'goodTillDate': 0, 'updateTime': 1713220249155}
2024-04-15 22:30:50,876
update 0: filled 0 / 2 () | working 2 / 2 (-XRPUSDT,-ETHUSDT)
2024-04-15 22:30:54,876
-XRPUSDT: bp6.0|-ETHUSDT: bp4.0|
2024-04-15 22:30:55,766
update 1: filled 0 / 2 () | working 2 / 2 (-XRPUSDT,-ETHUSDT)
2024-04-15 22:30:59,767
-XRPUSDT: bp8.0|-ETHUSDT: bp4.0|
2024-04-15 22:31:00,658
update 2: filled 0 / 2 () | working 2 / 2 (-XRPUSDT,-ETHUSDT)
2024-04-15 22:31:04,659
-XRPUSDT: bp6.0|-ETHUSDT: bp2.0|
2024-04-15 22:31:05,549
update 3: filled 0 / 2 () | working 2 / 2 (-XRPUSDT,-ETHUSDT)
2024-04-15 22:31:09,567
-XRPUSDT: bp6.0|-ETHUSDT: bp4.0|
2024-04-15 22:31:10,455
update 4: filled 0 / 2 () | working 2 / 2 (-XRPUSDT,-ETHUSDT)
2024-04-15 22:31:14,456
-XRPUSDT: bp6.0|-ETHUSDT: bp2.0|
2024-04-15 22:31:15,351
update 5: filled 1 / 2 (-ETHUSDT) | working 1 / 2 (-XRPUSDT)
2024-04-15 22:31:19,352
-XRPUSDT: bp4.0|
2024-04-15 22:31:20,241
update 6: filled 2 / 2 (-XRPUSDT,-ETHUSDT) | working 0 / 2 ()
2024-04-15 22:31:26,738
Trades of the day
in$
as of: 15Apr 22:31>>22:31 (#trades: 2)
trade net: -94.0 (-33.6%), trade gross: +94.0 (+33.6%), BUY: +0.0 (+0.0%), SELL: -94.0 (-33.6%)
fees: $ 0.019 (2.0bp)
2024-04-15 22:31:27,204
Trades: 
Filled #2
______________________________________________
                   in$ | in bp 93 traded | in bp 279 AUMs
realizedPnl    +0.37   | +40     | +13    
PnLvsArrival   +0.06   | +6      | +2     
PnLvsLast      -0.02   | -2      | -1     
______________________________________________
                 | Value$ | PnL Arrival/Last 
______________________________________________
XRP:-95.2@0.4938 | -47$ | 0.03/-0
ETH:-0.015@3106.67 | -47$ | 0.03/-0.02
