2024-06-17 19:30:45,007
ON program started 20240617 19:30:44,
US time: 20240617 15:30:45
2024-06-17 19:30:46,000
the strat is currently running @ 17-06-2024 and the target positions is LONG
2024-06-17 19:30:47,389
CURRENT STATUS IS LONG
-----
return before 14h30:
BTCUSDT-2.21%, ETHUSDT-3.57%, XRPUSDT+2.66%
-----
target alloc initial:BTCUSDT+16.67%, ETHUSDT+16.67%, XRPUSDT+16.67%
-----
alloc target x rt%<0:BTCUSDT+16.67%, ETHUSDT+16.67%, XRPUSDT+16.67%
-----
           BTCUSDT ETHUSDT XRPUSDT
w_target     16.7%   16.7%   16.7%
rt_14h30    -0.02%  -0.04%   0.03%
w_target_f   16.7%   16.7%   16.7%
2024-06-17 19:30:47,390
Portfolio was rebalanced less than 2 hours ago, 1.0 hours ago
2024-06-17 19:30:47,392
Status: prev = LONG <> LONG = target
2024-06-17 19:30:47,392
the strat is currently running @ 17-06-2024 and the target positions is LONG
the strat was previously run @ 2024-06-17 18:31:06, success:? 
   and the current positions is LONG
2024-06-17 19:30:48,582
positions_future #2
2024-06-17 19:30:48,582
      symbol  positionAmt entryPrice  ... adlQuantile AUMs_account        w%
163  ETHUSDT        0.014    3564.61  ...           1        292.5  0.170095
130  XRPUSDT       95.500     0.5147  ...           2        292.5  0.169111

[2 rows x 12 columns]
2024-06-17 19:30:48,823
------------------------------
binance_account_balance
2024-06-17 19:30:48,823
  asset     balance  ...  marginAvailable   updateTime
6  USDT  292.320827  ...             True  17Jun-18:35

[1 rows x 8 columns]
2024-06-17 19:30:49,489
------------------------------
open_orders
2024-06-17 19:30:49,489
Empty DataFrame
Columns: []
Index: []
2024-06-17 19:30:50,136
------------------------------
AUMS account:292

2024-06-17 19:30:50,138
--------------- compute_futures_order_book() ----------------
2024-06-17 19:30:51,687
----------------------------------------------------------------------
#0 order(s) to place
gross$: 0$ | net$: +0$
gross%: 0% | net%: +0%
 || w>0%  +0% | w<0%  0%
----------------------------------------------------------------------
PTF Expo% 33.8% >> 50.0% (current>>target)
PTF expo $99.0 >> $146 (current>>target)
----------------------------------------------------------------------
2024-06-17 19:30:51,689
orders_ofthe_day
2024-06-17 19:30:51,689
Empty DataFrame
Columns: [ptf_usd, target_usd, totrd_usd, posttrd_usd, qty, posttrd_qty, posttrd_w, bid, ask, strategy]
Index: []
2024-06-17 19:30:51,789
Orders of the day is empty, current and target potfolios are aligned
2024-06-17 19:30:51,790
Program stopped
