2024-01-01 02:30:52,993
ON program started 20240101 02:30:52,
US time: 20231231 21:30:52
2024-01-01 02:30:53,489
the strat is currently running @ 01-01-2024 and the target positions is SHORT
2024-01-01 02:30:54,904
CURRENT STATUS IS SHORT, WE CHECK IF THE DAY IS A NEGATIVE ONE
-----
return before 14h30:
BTCUSDT+0.00%, ETHUSDT+0.00%, XRPUSDT+0.00%
-----
target alloc initial:BTCUSDT-4.17%, ETHUSDT+0.00%, XRPUSDT-4.17%
-----
alloc target x rt%<0:BTCUSDT-0.00%, ETHUSDT+0.00%, XRPUSDT-0.00%
-----
           BTCUSDT ETHUSDT XRPUSDT
w_target     -4.2%    0.0%   -4.2%
rt_14h30     0.00%   0.00%   0.00%
w_target_f   -0.0%    0.0%   -0.0%
2024-01-01 02:30:54,906
Portfolio was rebalanced less than 2 hours ago, 1.0 hours ago
2024-01-01 02:30:54,909
Status: prev = SHORT <> SHORT = target
2024-01-01 02:30:54,909
the strat is currently running @ 01-01-2024 and the target positions is SHORT
the strat was previously run @ 2024-01-01 01:31:17 UTC, success:yes 
   and the current positions is SHORT
2024-01-01 02:30:56,133
positions_future #0
2024-01-01 02:30:56,133
Empty DataFrame
Columns: [symbol, positionAmt, entryPrice, breakEvenPrice, markPrice, unRealizedProfit, value_usd, updateTime, isolated, adlQuantile, AUMs_account, w%]
Index: []
2024-01-01 02:30:56,205
programm stoppeddd!!! 20240101_023056
