2024-04-09 00:30:54,523
ON program started 20240409 00:30:54,
US time: 20240408 20:30:54
2024-04-09 00:30:55,625
the strat is currently running @ 09-04-2024 and the target positions is SHORT
2024-04-09 00:30:57,074
CURRENT STATUS IS SHORT, WE CHECK IF THE DAY IS A NEGATIVE ONE
-----
return before 14h30:
BTCUSDT-0.26%, ETHUSDT-0.12%, XRPUSDT-0.15%
-----
target alloc initial:BTCUSDT-4.17%, ETHUSDT+0.00%, XRPUSDT-4.17%
-----
alloc target x rt%<0:BTCUSDT-4.17%, ETHUSDT+0.00%, XRPUSDT-4.17%
-----
           BTCUSDT ETHUSDT XRPUSDT
w_target     -4.2%    0.0%   -4.2%
rt_14h30    -0.00%  -0.00%  -0.00%
w_target_f   -4.2%    0.0%   -4.2%
2024-04-09 00:30:57,076
Portfolio was rebalanced less than 2 hours ago, 1.0 hours ago
2024-04-09 00:30:57,077
Status: prev = SHORT <> SHORT = target
2024-04-09 00:30:57,078
the strat is currently running @ 09-04-2024 and the target positions is SHORT
the strat was previously run @ 2024-04-08 23:30:57, success:yes 
   and the current positions is SHORT
2024-04-09 00:30:58,295
positions_future #0
2024-04-09 00:30:58,296
Empty DataFrame
Columns: [symbol, positionAmt, entryPrice, breakEvenPrice, markPrice, unRealizedProfit, value_usd, updateTime, isolated, adlQuantile, AUMs_account, w%]
Index: []
2024-04-09 00:30:58,356
programm stoppeddd!!! 20240409_003058
