2024-04-20 22:31:00,244
ON program started 20240420 22:31:00,
US time: 20240420 18:31:00
2024-04-20 22:31:01,088
the strat is currently running @ 20-04-2024 and the target positions is SHORT
2024-04-20 22:31:02,502
CURRENT STATUS IS SHORT, WE CHECK IF THE DAY IS A NEGATIVE ONE
-----
return before 14h30:
BTCUSDT+0.09%, ETHUSDT+0.17%, XRPUSDT+2.72%
-----
target alloc initial:BTCUSDT-4.17%, ETHUSDT+0.00%, XRPUSDT-4.17%
-----
alloc target x rt%<0:BTCUSDT-0.00%, ETHUSDT+0.00%, XRPUSDT-0.00%
-----
           BTCUSDT ETHUSDT XRPUSDT
w_target     -4.2%    0.0%   -4.2%
rt_14h30     0.00%   0.00%   0.03%
w_target_f   -0.0%    0.0%   -0.0%
2024-04-20 22:31:02,503
Portfolio was rebalanced less than 2 hours ago, 1.0 hours ago
2024-04-20 22:31:02,504
Status: prev = SHORT <> LONG = target
2024-04-20 22:31:02,505
the strat is currently running @ 20-04-2024 and the target positions is SHORT
the strat was previously run @ 2024-04-20 21:30:51, success:yes 
   and the current positions is LONG
2024-04-20 22:31:03,713
positions_future #2
2024-04-20 22:31:03,714
      symbol  positionAmt entryPrice  ... adlQuantile AUMs_account        w%
163  ETHUSDT        0.015    3149.19  ...           1        281.2  0.168240
130  XRPUSDT       89.300     0.5261  ...           2        281.2  0.167695

[2 rows x 12 columns]
2024-04-20 22:31:03,953
------------------------------
binance_account_balance
2024-04-20 22:31:03,954
  asset     balance  ...  marginAvailable   updateTime
6  USDT  280.931572  ...             True  20Apr-18:32

[1 rows x 8 columns]
2024-04-20 22:31:04,620
------------------------------
open_orders
2024-04-20 22:31:04,621
Empty DataFrame
Columns: []
Index: []
2024-04-20 22:31:05,271
------------------------------
AUMS account:281

2024-04-20 22:31:05,274
--------------- compute_futures_order_book() ----------------
2024-04-20 22:31:06,826
----------------------------------------------------------------------
#2 order(s) to place
gross$: 94$ | net$: -94$
gross%: 33% | net%: -33%
 || w>0%  +0% | w<0%  -33%
----------------------------------------------------------------------
PTF Expo% 33.4% >> 0.0% (current>>target)
PTF expo $94.0 >> $0 (current>>target)
----------------------------------------------------------------------
2024-04-20 22:31:06,828
orders_ofthe_day
2024-04-20 22:31:06,828
                  ptf_usd  target_usd  totrd_usd  ...       bid        ask strategy
2024-04-20 22:31                                  ...                              
ETHUSDT              47.0         0.0      -47.0  ...  3153.560  3153.5700  STRATON
XRPUSDT              47.0        -0.0      -47.0  ...     0.528     0.5281  STRATON

[2 rows x 10 columns]
2024-04-20 22:31:08,350
binance_place_orders_peg 20240420_223108
2024-04-20 22:31:08,787
{'orderId': 8389765674040487320, 'symbol': 'ETHUSDT', 'status': 'NEW', 'clientOrderId': 'STRATON', 'price': '3155.15', 'avgPrice': '0.00', 'origQty': '0.015', 'executedQty': '0.000', 'cumQty': '0.000', 'cumQuote': '0.00000', 'timeInForce': 'GTC', 'type': 'LIMIT', 'reduceOnly': False, 'closePosition': False, 'side': 'SELL', 'positionSide': 'BOTH', 'stopPrice': '0.00', 'workingType': 'CONTRACT_PRICE', 'priceProtect': False, 'origType': 'LIMIT', 'priceMatch': 'NONE', 'selfTradePreventionMode': 'NONE', 'goodTillDate': 0, 'updateTime': 1713652268677}
2024-04-20 22:31:09,225
{'orderId': 55105075632, 'symbol': 'XRPUSDT', 'status': 'NEW', 'clientOrderId': 'STRATON', 'price': '0.5284', 'avgPrice': '0.00', 'origQty': '89.3', 'executedQty': '0.0', 'cumQty': '0.0', 'cumQuote': '0.00000', 'timeInForce': 'GTC', 'type': 'LIMIT', 'reduceOnly': False, 'closePosition': False, 'side': 'SELL', 'positionSide': 'BOTH', 'stopPrice': '0.0000', 'workingType': 'CONTRACT_PRICE', 'priceProtect': False, 'origType': 'LIMIT', 'priceMatch': 'NONE', 'selfTradePreventionMode': 'NONE', 'goodTillDate': 0, 'updateTime': 1713652269115}
2024-04-20 22:31:10,811
update 0: filled 0 / 2 () | working 2 / 2 (-ETHUSDT,-XRPUSDT)
2024-04-20 22:31:14,811
-ETHUSDT: bp5.0|-XRPUSDT: bp6.0|
2024-04-20 22:31:15,691
update 1: filled 0 / 2 () | working 2 / 2 (-ETHUSDT,-XRPUSDT)
2024-04-20 22:31:19,692
-ETHUSDT: bp5.0|-XRPUSDT: bp4.0|
2024-04-20 22:31:20,626
update 2: filled 0 / 2 () | working 2 / 2 (-ETHUSDT,-XRPUSDT)
2024-04-20 22:31:24,626
-ETHUSDT: bp2.0|-XRPUSDT: bp6.0|
2024-04-20 22:31:25,506
update 3: filled 0 / 2 () | working 2 / 2 (-ETHUSDT,-XRPUSDT)
2024-04-20 22:31:29,507
-ETHUSDT: bp2.0|-XRPUSDT: bp6.0|
2024-04-20 22:31:30,387
update 4: filled 0 / 2 () | working 2 / 2 (-ETHUSDT,-XRPUSDT)
2024-04-20 22:31:34,388
-ETHUSDT: bp2.0|-XRPUSDT: bp8.0|
2024-04-20 22:31:35,261
update 5: filled 0 / 2 () | working 2 / 2 (-ETHUSDT,-XRPUSDT)
2024-04-20 22:31:39,262
-ETHUSDT: bp6.0|-XRPUSDT: bp9.0|
2024-04-20 22:31:40,136
update 6: filled 0 / 2 () | working 2 / 2 (-ETHUSDT,-XRPUSDT)
2024-04-20 22:31:44,137
-ETHUSDT: bp6.0|-XRPUSDT: bp9.0|
2024-04-20 22:31:45,013
update 7: filled 0 / 2 () | working 2 / 2 (-ETHUSDT,-XRPUSDT)
2024-04-20 22:31:49,013
-ETHUSDT: bp6.0|-XRPUSDT: bp9.0|
2024-04-20 22:31:49,885
update 8: filled 0 / 2 () | working 2 / 2 (-ETHUSDT,-XRPUSDT)
2024-04-20 22:31:53,886
-ETHUSDT: bp5.0|-XRPUSDT: bp11.0|
2024-04-20 22:31:54,762
update 9: filled 0 / 2 () | working 2 / 2 (-ETHUSDT,-XRPUSDT)
2024-04-20 22:31:58,762
-ETHUSDT: bp4.0|-XRPUSDT: bp9.0|
2024-04-20 22:31:59,637
update 10: filled 0 / 2 () | working 2 / 2 (-ETHUSDT,-XRPUSDT)
2024-04-20 22:32:03,638
-ETHUSDT: bp2.0|-XRPUSDT: bp9.0|
2024-04-20 22:32:04,510
update 11: filled 0 / 2 () | working 2 / 2 (-ETHUSDT,-XRPUSDT)
2024-04-20 22:32:08,511
-ETHUSDT: bp4.0|-XRPUSDT: bp9.0|
2024-04-20 22:32:09,387
update 12: filled 0 / 2 () | working 2 / 2 (-ETHUSDT,-XRPUSDT)
2024-04-20 22:32:13,388
-ETHUSDT: bp4.0|-XRPUSDT: bp8.0|
2024-04-20 22:32:14,262
update 13: filled 0 / 2 () | working 2 / 2 (-ETHUSDT,-XRPUSDT)
2024-04-20 22:32:18,263
-ETHUSDT: bp4.0|-XRPUSDT: bp8.0|
2024-04-20 22:32:19,137
update 14: filled 0 / 2 () | working 2 / 2 (-ETHUSDT,-XRPUSDT)
2024-04-20 22:32:23,138
-ETHUSDT: bp3.0|-XRPUSDT: bp8.0|
2024-04-20 22:32:23,156
Adjustment limit #1 ... 
 we cancel current orders and replace
2024-04-20 22:32:23,156
@+/-2.5bp limit 
2024-04-20 22:32:23,156
binance_cancel_and_replace_orders_peg 20240420_223223
2024-04-20 22:32:25,352
binance_place_orders_peg 20240420_223225
2024-04-20 22:32:25,789
{'orderId': 8389765674040655459, 'symbol': 'ETHUSDT', 'status': 'NEW', 'clientOrderId': 'STRATON', 'price': '3155.19', 'avgPrice': '0.00', 'origQty': '0.015', 'executedQty': '0.000', 'cumQty': '0.000', 'cumQuote': '0.00000', 'timeInForce': 'GTC', 'type': 'LIMIT', 'reduceOnly': False, 'closePosition': False, 'side': 'SELL', 'positionSide': 'BOTH', 'stopPrice': '0.00', 'workingType': 'CONTRACT_PRICE', 'priceProtect': False, 'origType': 'LIMIT', 'priceMatch': 'NONE', 'selfTradePreventionMode': 'NONE', 'goodTillDate': 0, 'updateTime': 1713652345680}
2024-04-20 22:32:26,224
{'orderId': 55105125232, 'symbol': 'XRPUSDT', 'status': 'NEW', 'clientOrderId': 'STRATON', 'price': '0.5281', 'avgPrice': '0.00', 'origQty': '89.3', 'executedQty': '0.0', 'cumQty': '0.0', 'cumQuote': '0.00000', 'timeInForce': 'GTC', 'type': 'LIMIT', 'reduceOnly': False, 'closePosition': False, 'side': 'SELL', 'positionSide': 'BOTH', 'stopPrice': '0.0000', 'workingType': 'CONTRACT_PRICE', 'priceProtect': False, 'origType': 'LIMIT', 'priceMatch': 'NONE', 'selfTradePreventionMode': 'NONE', 'goodTillDate': 0, 'updateTime': 1713652346115}
2024-04-20 22:32:27,107
update 0: filled 0 / 2 () | working 2 / 2 (-ETHUSDT,-XRPUSDT)
2024-04-20 22:32:31,109
-ETHUSDT: bp3.0|-XRPUSDT: bp2.0|
2024-04-20 22:32:31,983
update 1: filled 0 / 2 () | working 2 / 2 (-ETHUSDT,-XRPUSDT)
2024-04-20 22:32:35,984
-ETHUSDT: bp3.0|-XRPUSDT: bp4.0|
2024-04-20 22:32:36,857
update 2: filled 0 / 2 () | working 2 / 2 (-ETHUSDT,-XRPUSDT)
2024-04-20 22:32:40,858
-ETHUSDT: bp3.0|-XRPUSDT: bp4.0|
2024-04-20 22:32:41,731
update 3: filled 0 / 2 () | working 2 / 2 (-ETHUSDT,-XRPUSDT)
2024-04-20 22:32:45,732
-ETHUSDT: bp3.0|-XRPUSDT: bp0.0|
2024-04-20 22:32:46,604
update 4: filled 0 / 2 () | working 2 / 2 (-ETHUSDT,-XRPUSDT)
2024-04-20 22:32:50,605
-ETHUSDT: bp2.0|-XRPUSDT: bp0.0|
2024-04-20 22:32:51,476
update 5: filled 0 / 2 () | working 2 / 2 (-ETHUSDT,-XRPUSDT)
2024-04-20 22:32:55,477
-ETHUSDT: bp2.0|-XRPUSDT: bp0.0|
2024-04-20 22:32:56,350
update 6: filled 0 / 2 () | working 2 / 2 (-ETHUSDT,-XRPUSDT)
2024-04-20 22:33:00,350
-ETHUSDT: bp1.0|-XRPUSDT: bp2.0|
2024-04-20 22:33:01,230
update 7: filled 1 / 2 (-ETHUSDT) | working 1 / 2 (-XRPUSDT)
2024-04-20 22:33:05,231
-XRPUSDT: bp2.0|
2024-04-20 22:33:06,104
update 8: filled 1 / 2 (-ETHUSDT) | working 1 / 2 (-XRPUSDT)
2024-04-20 22:33:10,105
-XRPUSDT: bp2.0|
2024-04-20 22:33:10,979
update 9: filled 1 / 2 (-ETHUSDT) | working 1 / 2 (-XRPUSDT)
2024-04-20 22:33:14,980
-XRPUSDT: bp2.0|
2024-04-20 22:33:15,853
update 10: filled 1 / 2 (-ETHUSDT) | working 1 / 2 (-XRPUSDT)
2024-04-20 22:33:19,854
-XRPUSDT: bp2.0|
2024-04-20 22:33:20,725
update 11: filled 1 / 2 (-ETHUSDT) | working 1 / 2 (-XRPUSDT)
2024-04-20 22:33:24,725
-XRPUSDT: bp4.0|
2024-04-20 22:33:25,600
update 12: filled 1 / 2 (-ETHUSDT) | working 1 / 2 (-XRPUSDT)
2024-04-20 22:33:29,601
-XRPUSDT: bp4.0|
2024-04-20 22:33:30,478
update 13: filled 1 / 2 (-ETHUSDT) | working 1 / 2 (-XRPUSDT)
2024-04-20 22:33:34,479
-XRPUSDT: bp4.0|
2024-04-20 22:33:35,360
update 14: filled 1 / 2 (-ETHUSDT) | working 1 / 2 (-XRPUSDT)
2024-04-20 22:33:39,360
-XRPUSDT: bp8.0|
2024-04-20 22:33:39,361
Adjustment limit #2 ... 
 we cancel current orders and replace
2024-04-20 22:33:39,361
@+/-1.25bp limit 
2024-04-20 22:33:39,361
binance_cancel_and_replace_orders_peg 20240420_223339
2024-04-20 22:33:40,907
binance_place_orders_peg 20240420_223340
2024-04-20 22:33:41,342
{'orderId': 55105157150, 'symbol': 'XRPUSDT', 'status': 'NEW', 'clientOrderId': 'STRATON', 'price': '0.5278', 'avgPrice': '0.00', 'origQty': '89.3', 'executedQty': '0.0', 'cumQty': '0.0', 'cumQuote': '0.00000', 'timeInForce': 'GTC', 'type': 'LIMIT', 'reduceOnly': False, 'closePosition': False, 'side': 'SELL', 'positionSide': 'BOTH', 'stopPrice': '0.0000', 'workingType': 'CONTRACT_PRICE', 'priceProtect': False, 'origType': 'LIMIT', 'priceMatch': 'NONE', 'selfTradePreventionMode': 'NONE', 'goodTillDate': 0, 'updateTime': 1713652421234}
2024-04-20 22:33:42,231
update 0: filled 1 / 2 (-ETHUSDT) | working 1 / 2 (-XRPUSDT)
2024-04-20 22:33:46,232
-XRPUSDT: bp4.0|
2024-04-20 22:33:47,106
update 1: filled 1 / 2 (-ETHUSDT) | working 1 / 2 (-XRPUSDT)
2024-04-20 22:33:51,107
-XRPUSDT: bp4.0|
2024-04-20 22:33:51,979
update 2: filled 1 / 2 (-ETHUSDT) | working 1 / 2 (-XRPUSDT)
2024-04-20 22:33:55,980
-XRPUSDT: bp4.0|
2024-04-20 22:33:56,860
update 3: filled 1 / 2 (-ETHUSDT) | working 1 / 2 (-XRPUSDT)
2024-04-20 22:34:00,861
-XRPUSDT: bp2.0|
2024-04-20 22:34:01,734
update 4: filled 1 / 2 (-ETHUSDT) | working 1 / 2 (-XRPUSDT)
2024-04-20 22:34:05,735
-XRPUSDT: bp2.0|
2024-04-20 22:34:06,607
update 5: filled 1 / 2 (-ETHUSDT) | working 1 / 2 (-XRPUSDT)
2024-04-20 22:34:10,608
-XRPUSDT: bp2.0|
2024-04-20 22:34:11,480
update 6: filled 1 / 2 (-ETHUSDT) | working 1 / 2 (-XRPUSDT)
2024-04-20 22:34:15,481
-XRPUSDT: bp0.0|
2024-04-20 22:34:16,356
update 7: filled 1 / 2 (-ETHUSDT) | working 1 / 2 (-XRPUSDT)
2024-04-20 22:34:20,357
-XRPUSDT: bp0.0|
2024-04-20 22:34:21,233
update 8: filled 1 / 2 (-ETHUSDT) | working 1 / 2 (-XRPUSDT)
2024-04-20 22:34:25,233
-XRPUSDT: bp0.0|
2024-04-20 22:34:26,106
update 9: filled 2 / 2 (-ETHUSDT,-XRPUSDT) | working 0 / 2 ()
2024-04-20 22:34:32,538
Trades of the day
in$
as of: 20Apr 22:32>>22:34 (#trades: 2)
trade net: -94.0 (-33.4%), trade gross: +94.0 (+33.4%), BUY: +0.0 (+0.0%), SELL: -94.0 (-33.4%)
fees: $ 0.019 (2.0bp)
2024-04-20 22:34:32,994
Trades: 
Filled #2
______________________________________________
                   in$ | in bp 94 traded | in bp 281 AUMs
realizedPnl    +0.24   | +25     | +9     
PnLvsArrival   +0      | +0      | +0     
PnLvsLast      +0.02   | +2      | +1     
______________________________________________
                 | Value$ | PnL Arrival/Last 
______________________________________________
ETH:-0.015@3155.19 | -47$ | 0.02/0.03
XRP:-89.3@0.5278 | -47$ | -0.02/-0.01
