2024-09-23 22:30:46,041
ON program started 20240923 22:30:46,
US time: 20240923 18:30:46
2024-09-23 22:30:46,474
the strat is currently running @ 23-09-2024 and the target positions is SHORT
2024-09-23 22:30:48,724
CURRENT STATUS IS SHORT, WE CHECK IF THE DAY IS A NEGATIVE ONE
-----
return before 14h30:
BTCUSDT-0.62%, ETHUSDT+2.42%, XRPUSDT-0.15%
-----
target alloc initial:BTCUSDT-4.17%, ETHUSDT+0.00%, XRPUSDT-4.17%
-----
alloc target x rt%<0:BTCUSDT-4.17%, ETHUSDT+0.00%, XRPUSDT-4.17%
-----
           BTCUSDT ETHUSDT XRPUSDT
w_target     -4.2%    0.0%   -4.2%
rt_14h30    -0.01%   0.02%  -0.00%
w_target_f   -4.2%    0.0%   -4.2%
2024-09-23 22:30:48,726
Portfolio was rebalanced less than 2 hours ago, 1.0 hours ago
2024-09-23 22:30:48,727
Status: prev = SHORT <> LONG = target
2024-09-23 22:30:48,727
the strat is currently running @ 23-09-2024 and the target positions is SHORT
the strat was previously run @ 2024-09-23 21:30:55, success:? 
   and the current positions is LONG
2024-09-23 22:30:49,298
positions_future #1
2024-09-23 22:30:49,298
      symbol  positionAmt entryPrice  ... adlQuantile AUMs_account        w%
180  ETHUSDT        0.018    2671.25  ...           1        294.4  0.162152

[1 rows x 12 columns]
2024-09-23 22:30:49,542
------------------------------
binance_account_balance
2024-09-23 22:30:49,542
  asset     balance  ...  marginAvailable   updateTime
4  USDT  294.703223  ...             True  23Sep-19:31

[1 rows x 8 columns]
2024-09-23 22:30:50,006
------------------------------
open_orders
2024-09-23 22:30:50,006
Empty DataFrame
Columns: []
Index: []
2024-09-23 22:30:50,663
------------------------------
AUMS account:294

2024-09-23 22:30:50,665
--------------- compute_futures_order_book() ----------------
2024-09-23 22:30:52,019
----------------------------------------------------------------------
#2 order(s) to place
gross$: 60$ | net$: -60$
gross%: 20% | net%: -20%
 || w>0%  +0% | w<0%  -20%
----------------------------------------------------------------------
PTF Expo% 16.3% >> -8.3% (current>>target)
PTF expo $48.0 >> $-24 (current>>target)
----------------------------------------------------------------------
2024-09-23 22:30:52,021
orders_ofthe_day
2024-09-23 22:30:52,021
                  ptf_usd  target_usd  totrd_usd  ...        bid        ask strategy
2024-09-23 22:30                                  ...                               
ETHUSDT              48.0        0.00      -48.0  ...  2652.2000  2652.2100  STRATON
XRPUSDT               0.0      -12.27      -12.0  ...     0.5863     0.5864  STRATON

[2 rows x 10 columns]
2024-09-23 22:30:53,973
binance_place_orders_peg 20240923_223053
2024-09-23 22:30:54,415
{'orderId': 8389765736817316012, 'symbol': 'ETHUSDT', 'status': 'NEW', 'clientOrderId': 'STRATON', 'price': '2653.54', 'avgPrice': '0.00', 'origQty': '0.018', 'executedQty': '0.000', 'cumQty': '0.000', 'cumQuote': '0.00000', 'timeInForce': 'GTC', 'type': 'LIMIT', 'reduceOnly': True, 'closePosition': False, 'side': 'SELL', 'positionSide': 'BOTH', 'stopPrice': '0.00', 'workingType': 'CONTRACT_PRICE', 'priceProtect': False, 'origType': 'LIMIT', 'priceMatch': 'NONE', 'selfTradePreventionMode': 'NONE', 'goodTillDate': 0, 'updateTime': 1727130654304}
2024-09-23 22:30:54,856
{'orderId': 66211970206, 'symbol': 'XRPUSDT', 'status': 'NEW', 'clientOrderId': 'STRATON', 'price': '0.5867', 'avgPrice': '0.00', 'origQty': '20.5', 'executedQty': '0.0', 'cumQty': '0.0', 'cumQuote': '0.00000', 'timeInForce': 'GTC', 'type': 'LIMIT', 'reduceOnly': False, 'closePosition': False, 'side': 'SELL', 'positionSide': 'BOTH', 'stopPrice': '0.0000', 'workingType': 'CONTRACT_PRICE', 'priceProtect': False, 'origType': 'LIMIT', 'priceMatch': 'NONE', 'selfTradePreventionMode': 'NONE', 'goodTillDate': 0, 'updateTime': 1727130654746}
2024-09-23 22:30:56,414
update 0: filled 0 / 2 () | working 2 / 2 (-ETHUSDT,-XRPUSDT)
2024-09-23 22:31:00,414
-ETHUSDT: bp5.0|-XRPUSDT: bp5.0|
2024-09-23 22:31:01,289
update 1: filled 0 / 2 () | working 2 / 2 (-ETHUSDT,-XRPUSDT)
2024-09-23 22:31:05,289
-ETHUSDT: bp5.0|-XRPUSDT: bp5.0|
2024-09-23 22:31:06,178
update 2: filled 0 / 2 () | working 2 / 2 (-ETHUSDT,-XRPUSDT)
2024-09-23 22:31:10,178
-ETHUSDT: bp8.0|-XRPUSDT: bp5.0|
2024-09-23 22:31:11,058
update 3: filled 0 / 2 () | working 2 / 2 (-ETHUSDT,-XRPUSDT)
2024-09-23 22:31:15,059
-ETHUSDT: bp9.0|-XRPUSDT: bp5.0|
2024-09-23 22:31:15,934
update 4: filled 0 / 2 () | working 2 / 2 (-ETHUSDT,-XRPUSDT)
2024-09-23 22:31:19,935
-ETHUSDT: bp6.0|-XRPUSDT: bp7.0|
2024-09-23 22:31:20,813
update 5: filled 0 / 2 () | working 2 / 2 (-ETHUSDT,-XRPUSDT)
2024-09-23 22:31:24,814
-ETHUSDT: bp6.0|-XRPUSDT: bp5.0|
2024-09-23 22:31:25,692
update 6: filled 0 / 2 () | working 2 / 2 (-ETHUSDT,-XRPUSDT)
2024-09-23 22:31:29,692
-ETHUSDT: bp7.0|-XRPUSDT: bp7.0|
2024-09-23 22:31:30,576
update 7: filled 0 / 2 () | working 2 / 2 (-ETHUSDT,-XRPUSDT)
2024-09-23 22:31:34,576
-ETHUSDT: bp8.0|-XRPUSDT: bp5.0|
2024-09-23 22:31:35,455
update 8: filled 0 / 2 () | working 2 / 2 (-ETHUSDT,-XRPUSDT)
2024-09-23 22:31:39,455
-ETHUSDT: bp8.0|-XRPUSDT: bp5.0|
2024-09-23 22:31:40,331
update 9: filled 0 / 2 () | working 2 / 2 (-ETHUSDT,-XRPUSDT)
2024-09-23 22:31:44,331
-ETHUSDT: bp8.0|-XRPUSDT: bp5.0|
2024-09-23 22:31:45,206
update 10: filled 0 / 2 () | working 2 / 2 (-ETHUSDT,-XRPUSDT)
2024-09-23 22:31:49,206
-ETHUSDT: bp8.0|-XRPUSDT: bp5.0|
2024-09-23 22:31:50,082
update 11: filled 0 / 2 () | working 2 / 2 (-ETHUSDT,-XRPUSDT)
2024-09-23 22:31:54,082
-ETHUSDT: bp9.0|-XRPUSDT: bp5.0|
2024-09-23 22:31:54,958
update 12: filled 0 / 2 () | working 2 / 2 (-ETHUSDT,-XRPUSDT)
2024-09-23 22:31:58,958
-ETHUSDT: bp8.0|-XRPUSDT: bp3.0|
2024-09-23 22:31:59,834
update 13: filled 0 / 2 () | working 2 / 2 (-ETHUSDT,-XRPUSDT)
2024-09-23 22:32:03,834
-ETHUSDT: bp8.0|-XRPUSDT: bp3.0|
2024-09-23 22:32:04,712
update 14: filled 0 / 2 () | working 2 / 2 (-ETHUSDT,-XRPUSDT)
2024-09-23 22:32:08,713
-ETHUSDT: bp11.0|-XRPUSDT: bp3.0|
2024-09-23 22:32:08,713
Adjustment limit #1 ... 
 we cancel current orders and replace
2024-09-23 22:32:08,713
@+/-2.5bp limit 
2024-09-23 22:32:08,713
binance_cancel_and_replace_orders_peg 20240923_223208
2024-09-23 22:32:10,910
binance_place_orders_peg 20240923_223210
