2024-05-19 21:30:37,511
ON program started 20240519 21:30:37,
US time: 20240519 17:30:37
2024-05-19 21:30:38,538
the strat is currently running @ 19-05-2024 and the target positions is LONG
2024-05-19 21:30:39,940
CURRENT STATUS IS LONG
-----
return before 14h30:
BTCUSDT+0.20%, ETHUSDT-1.20%, XRPUSDT-1.17%
-----
target alloc initial:BTCUSDT+16.67%, ETHUSDT+16.67%, XRPUSDT+16.67%
-----
alloc target x rt%<0:BTCUSDT+16.67%, ETHUSDT+16.67%, XRPUSDT+16.67%
-----
           BTCUSDT ETHUSDT XRPUSDT
w_target     16.7%   16.7%   16.7%
rt_14h30     0.00%  -0.01%  -0.01%
w_target_f   16.7%   16.7%   16.7%
2024-05-19 21:30:39,941
Portfolio was rebalanced less than 2 hours ago, 1.0 hours ago
2024-05-19 21:30:39,943
Status: prev = LONG <> LONG = target
2024-05-19 21:30:39,943
the strat is currently running @ 19-05-2024 and the target positions is LONG
the strat was previously run @ 2024-05-19 20:30:44, success:yes 
   and the current positions is LONG
2024-05-19 21:30:41,146
positions_future #2
2024-05-19 21:30:41,146
      symbol  positionAmt entryPrice  ... adlQuantile AUMs_account        w%
134  XRPUSDT       92.200     0.5103  ...           2        279.0  0.168124
167  ETHUSDT        0.015    3071.31  ...           1        279.0  0.164989

[2 rows x 12 columns]
2024-05-19 21:30:41,232
programm stoppeddd!!! 20240519_213041
