2024-08-27 03:30:59,016
ON program started 20240827 03:30:59,
US time: 20240826 23:30:59
2024-08-27 03:31:00,208
the strat is currently running @ 27-08-2024 and the target positions is NEUTRAL
2024-08-27 03:31:01,922
CURRENT STATUS IS NEUTRAL
-----
return before 14h30:
BTCUSDT+0.06%, ETHUSDT-0.03%, XRPUSDT+0.89%
-----
target alloc initial:BTCUSDT+0.00%, ETHUSDT+0.00%, XRPUSDT+0.00%
-----
alloc target x rt%<0:BTCUSDT+0.00%, ETHUSDT+0.00%, XRPUSDT+0.00%
-----
           BTCUSDT ETHUSDT XRPUSDT
w_target      0.0%    0.0%    0.0%
rt_14h30     0.00%  -0.00%   0.01%
w_target_f    0.0%    0.0%    0.0%
2024-08-27 03:31:01,923
Portfolio was rebalanced less than 2 hours ago, 1.0 hours ago
2024-08-27 03:31:01,925
Status: prev = NEUTRAL <> NEUTRAL = target
2024-08-27 03:31:01,925
the strat is currently running @ 27-08-2024 and the target positions is NEUTRAL
the strat was previously run @ 2024-08-27 02:31:03, success:? 
   and the current positions is NEUTRAL
2024-08-27 03:31:03,076
positions_future #0
2024-08-27 03:31:03,076
Empty DataFrame
Columns: [symbol, positionAmt, entryPrice, breakEvenPrice, markPrice, unRealizedProfit, value_usd, updateTime, isolated, adlQuantile, AUMs_account, w%]
Index: []
2024-08-27 03:31:03,286
------------------------------
binance_account_balance
2024-08-27 03:31:03,286
  asset     balance  ...  marginAvailable   updateTime
4  USDT  302.102629  ...             True  27Aug-02:32

[1 rows x 8 columns]
2024-08-27 03:31:03,506
------------------------------
open_orders
2024-08-27 03:31:03,506
Empty DataFrame
Columns: []
Index: []
2024-08-27 03:31:04,124
------------------------------
AUMS account:302

2024-08-27 03:31:04,126
--------------- compute_futures_order_book() ----------------
2024-08-27 03:31:05,589
----------------------------------------------------------------------
#0 order(s) to place
gross$: 0$ | net$: +0$
gross%: 0% | net%: +0%
 || w>0%  +0% | w<0%  0%
----------------------------------------------------------------------
PTF Expo% 0.0% >> 0.0% (current>>target)
PTF expo $0.0 >> $0 (current>>target)
----------------------------------------------------------------------
2024-08-27 03:31:05,591
orders_ofthe_day
2024-08-27 03:31:05,591
Empty DataFrame
Columns: [ptf_usd, target_usd, totrd_usd, posttrd_usd, qty, posttrd_qty, posttrd_w, bid, ask, strategy]
Index: []
2024-08-27 03:31:05,651
Orders of the day is empty, current and target potfolios are aligned
2024-08-27 03:31:05,651
Program stopped
