2024-04-24 19:31:04,914
ON program started 20240424 19:31:04,
US time: 20240424 15:31:04
2024-04-24 19:31:05,943
the strat is currently running @ 24-04-2024 and the target positions is LONG
2024-04-24 19:31:07,359
CURRENT STATUS IS LONG
-----
return before 14h30:
BTCUSDT-0.54%, ETHUSDT+0.88%, XRPUSDT-1.43%
-----
target alloc initial:BTCUSDT+16.67%, ETHUSDT+16.67%, XRPUSDT+16.67%
-----
alloc target x rt%<0:BTCUSDT+16.67%, ETHUSDT+16.67%, XRPUSDT+16.67%
-----
           BTCUSDT ETHUSDT XRPUSDT
w_target     16.7%   16.7%   16.7%
rt_14h30    -0.01%   0.01%  -0.01%
w_target_f   16.7%   16.7%   16.7%
2024-04-24 19:31:07,360
Portfolio was rebalanced less than 2 hours ago, 1.0 hours ago
2024-04-24 19:31:07,362
Status: prev = LONG <> LONG = target
2024-04-24 19:31:07,362
the strat is currently running @ 24-04-2024 and the target positions is LONG
the strat was previously run @ 2024-04-24 18:30:59, success:? 
   and the current positions is LONG
2024-04-24 19:31:08,569
positions_future #2
2024-04-24 19:31:08,569
      symbol  positionAmt entryPrice  ... adlQuantile AUMs_account        w%
164  ETHUSDT        0.015    3162.76  ...           1        282.3  0.167042
131  XRPUSDT       87.900     0.5342  ...           2        282.3  0.166829

[2 rows x 12 columns]
2024-04-24 19:31:08,811
------------------------------
binance_account_balance
2024-04-24 19:31:08,811
  asset     balance  ...  marginAvailable   updateTime
6  USDT  282.450005  ...             True  24Apr-18:31

[1 rows x 8 columns]
2024-04-24 19:31:09,486
------------------------------
open_orders
2024-04-24 19:31:09,486
Empty DataFrame
Columns: []
Index: []
2024-04-24 19:31:10,148
------------------------------
AUMS account:282

2024-04-24 19:31:10,150
--------------- compute_futures_order_book() ----------------
2024-04-24 19:31:11,720
----------------------------------------------------------------------
#0 order(s) to place
gross$: 0$ | net$: +0$
gross%: 0% | net%: +0%
 || w>0%  +0% | w<0%  0%
----------------------------------------------------------------------
PTF Expo% 33.3% >> 50.0% (current>>target)
PTF expo $94.0 >> $141 (current>>target)
----------------------------------------------------------------------
2024-04-24 19:31:11,721
orders_ofthe_day
2024-04-24 19:31:11,721
Empty DataFrame
Columns: [ptf_usd, target_usd, totrd_usd, posttrd_usd, qty, posttrd_qty, posttrd_w, bid, ask, strategy]
Index: []
2024-04-24 19:31:11,784
Orders of the day is empty, current and target potfolios are aligned
2024-04-24 19:31:11,784
Program stopped
