2024-02-20 03:31:04,691
ON program started 20240220 03:31:04,
US time: 20240219 22:31:04
2024-02-20 03:31:05,256
the strat is currently running @ 20-02-2024 and the target positions is NEUTRAL
2024-02-20 03:31:07,075
CURRENT STATUS IS NEUTRAL
-----
return before 14h30:
BTCUSDT-0.21%, ETHUSDT-0.91%, XRPUSDT+0.80%
-----
target alloc initial:BTCUSDT+0.00%, ETHUSDT+0.00%, XRPUSDT+0.00%
-----
alloc target x rt%<0:BTCUSDT+0.00%, ETHUSDT+0.00%, XRPUSDT+0.00%
-----
           BTCUSDT ETHUSDT XRPUSDT
w_target      0.0%    0.0%    0.0%
rt_14h30    -0.00%  -0.01%   0.01%
w_target_f    0.0%    0.0%    0.0%
2024-02-20 03:31:07,076
Portfolio was rebalanced less than 2 hours ago, 1.0 hours ago
2024-02-20 03:31:07,077
Status: prev = NEUTRAL <> SHORT = target
2024-02-20 03:31:07,078
the strat is currently running @ 20-02-2024 and the target positions is NEUTRAL
the strat was previously run @ 2024-02-20 02:30:58, success:yes 
   and the current positions is SHORT
2024-02-20 03:31:08,282
positions_future #0
2024-02-20 03:31:08,282
Empty DataFrame
Columns: [symbol, positionAmt, entryPrice, breakEvenPrice, markPrice, unRealizedProfit, value_usd, updateTime, isolated, adlQuantile, AUMs_account, w%]
Index: []
2024-02-20 03:31:08,505
------------------------------
binance_account_balance
2024-02-20 03:31:08,505
  asset     balance  ...  marginAvailable   updateTime
5  USDT  291.593025  ...             True  19Feb-23:35

[1 rows x 8 columns]
2024-02-20 03:31:08,742
------------------------------
open_orders
2024-02-20 03:31:08,742
Empty DataFrame
Columns: []
Index: []
2024-02-20 03:31:09,398
------------------------------
AUMS account:291

2024-02-20 03:31:09,400
--------------- compute_futures_order_book() ----------------
2024-02-20 03:31:10,965
----------------------------------------------------------------------
#0 order(s) to place
gross$: 0$ | net$: +0$
gross%: 0% | net%: +0%
 || w>0%  +0% | w<0%  0%
----------------------------------------------------------------------
PTF Expo% 0.0% >> 0.0% (current>>target)
PTF expo $0.0 >> $0 (current>>target)
----------------------------------------------------------------------
2024-02-20 03:31:10,967
orders_ofthe_day
2024-02-20 03:31:10,967
Empty DataFrame
Columns: [ptf_usd, target_usd, totrd_usd, posttrd_usd, qty, posttrd_qty, posttrd_w, bid, ask, strategy]
Index: []
2024-02-20 03:31:11,029
Orders of the day is empty, current and target potfolios are aligned
2024-02-20 03:31:11,029
Program stopped
