2024-05-15 00:30:51,206
ON program started 20240515 00:30:51,
US time: 20240514 20:30:51
2024-05-15 00:30:51,905
the strat is currently running @ 15-05-2024 and the target positions is SHORT
2024-05-15 00:30:53,299
CURRENT STATUS IS SHORT, WE CHECK IF THE DAY IS A NEGATIVE ONE
-----
return before 14h30:
BTCUSDT+0.25%, ETHUSDT+0.34%, XRPUSDT+0.12%
-----
target alloc initial:BTCUSDT-4.17%, ETHUSDT+0.00%, XRPUSDT-4.17%
-----
alloc target x rt%<0:BTCUSDT-0.00%, ETHUSDT+0.00%, XRPUSDT-0.00%
-----
           BTCUSDT ETHUSDT XRPUSDT
w_target     -4.2%    0.0%   -4.2%
rt_14h30     0.00%   0.00%   0.00%
w_target_f   -0.0%    0.0%   -0.0%
2024-05-15 00:30:53,300
Portfolio was rebalanced less than 2 hours ago, 1.0 hours ago
2024-05-15 00:30:53,302
Status: prev = SHORT <> SHORT = target
2024-05-15 00:30:53,302
the strat is currently running @ 15-05-2024 and the target positions is SHORT
the strat was previously run @ 2024-05-14 23:31:03, success:yes 
   and the current positions is SHORT
2024-05-15 00:30:54,510
positions_future #1
2024-05-15 00:30:54,510
      symbol  positionAmt entryPrice  ... adlQuantile AUMs_account        w%
134  XRPUSDT        -24.9      0.499  ...           1        279.6 -0.044586

[1 rows x 12 columns]
2024-05-15 00:30:54,604
programm stoppeddd!!! 20240515_003054
