2023-11-29 04:30:49,831
ON program started 20231129 04:30:49,
US time: 20231128 23:30:49
2023-11-29 04:30:50,332
the strat is currently running @ 29-11-2023 and the target positions is NEUTRAL
2023-11-29 04:30:52,151
CURRENT STATUS IS NEUTRAL
-----
return before 14h30:
BTCUSDT+0.00%, ETHUSDT+0.00%, XRPUSDT+0.00%
-----
target alloc initial:BTCUSDT+0.00%, ETHUSDT+0.00%, XRPUSDT+0.00%
-----
alloc target x rt%<0:BTCUSDT+0.00%, ETHUSDT+0.00%, XRPUSDT+0.00%
-----
           BTCUSDT ETHUSDT XRPUSDT
w_target      0.0%    0.0%    0.0%
rt_14h30     0.00%   0.00%   0.00%
w_target_f    0.0%    0.0%    0.0%
2023-11-29 04:30:52,153
Portfolio was rebalanced less than 2 hours ago, 1.0 hours ago
2023-11-29 04:30:52,156
Status: prev = NEUTRAL <> NEUTRAL = target
2023-11-29 04:30:52,156
the strat is currently running @ 29-11-2023 and the target positions is NEUTRAL
the strat was previously run @ 2023-11-29 03:30:43 UTC, success:yes 
   and the current positions is NEUTRAL
2023-11-29 04:30:53,407
positions_future #0
2023-11-29 04:30:53,407
Empty DataFrame
Columns: [symbol, positionAmt, entryPrice, breakEvenPrice, markPrice, unRealizedProfit, value_usd, updateTime, isolated, adlQuantile, AUMs_account, w%]
Index: []
2023-11-29 04:30:53,482
programm stoppeddd!!! 20231129_043053
