2024-09-15 23:30:56,398
ON program started 20240915 23:30:56,
US time: 20240915 19:30:56
2024-09-15 23:30:57,385
the strat is currently running @ 15-09-2024 and the target positions is SHORT
2024-09-15 23:30:59,090
CURRENT STATUS IS SHORT, WE CHECK IF THE DAY IS A NEGATIVE ONE
-----
return before 14h30:
BTCUSDT+0.33%, ETHUSDT-0.31%, XRPUSDT-1.48%
-----
target alloc initial:BTCUSDT-4.17%, ETHUSDT+0.00%, XRPUSDT-4.17%
-----
alloc target x rt%<0:BTCUSDT-0.00%, ETHUSDT+0.00%, XRPUSDT-4.17%
-----
           BTCUSDT ETHUSDT XRPUSDT
w_target     -4.2%    0.0%   -4.2%
rt_14h30     0.00%  -0.00%  -0.01%
w_target_f   -0.0%    0.0%   -4.2%
2024-09-15 23:30:59,091
Portfolio was rebalanced less than 2 hours ago, 1.0 hours ago
2024-09-15 23:30:59,093
Status: prev = SHORT <> SHORT = target
2024-09-15 23:30:59,093
the strat is currently running @ 15-09-2024 and the target positions is SHORT
the strat was previously run @ 2024-09-15 22:30:42, success:? 
   and the current positions is SHORT
2024-09-15 23:30:59,634
positions_future #1
2024-09-15 23:30:59,634
      symbol  positionAmt entryPrice  ... adlQuantile AUMs_account        w%
139  XRPUSDT        -20.5      0.577  ...           2        296.5 -0.039404

[1 rows x 12 columns]
2024-09-15 23:30:59,861
------------------------------
binance_account_balance
2024-09-15 23:30:59,861
  asset     balance  ...  marginAvailable   updateTime
4  USDT  296.342226  ...             True  15Sep-22:32

[1 rows x 8 columns]
2024-09-15 23:31:00,355
------------------------------
open_orders
2024-09-15 23:31:00,355
Empty DataFrame
Columns: []
Index: []
2024-09-15 23:31:01,372
------------------------------
AUMS account:296

2024-09-15 23:31:01,374
--------------- compute_futures_order_book() ----------------
2024-09-15 23:31:04,233
----------------------------------------------------------------------
#0 order(s) to place
gross$: 0$ | net$: +0$
gross%: 0% | net%: +0%
 || w>0%  +0% | w<0%  0%
----------------------------------------------------------------------
PTF Expo% -4.0% >> -4.1% (current>>target)
PTF expo $-12.0 >> $-12 (current>>target)
----------------------------------------------------------------------
2024-09-15 23:31:04,235
orders_ofthe_day
2024-09-15 23:31:04,235
Empty DataFrame
Columns: [ptf_usd, target_usd, totrd_usd, posttrd_usd, qty, posttrd_qty, posttrd_w, bid, ask, strategy]
Index: []
2024-09-15 23:31:04,310
Orders of the day is empty, current and target potfolios are aligned
2024-09-15 23:31:04,310
Program stopped
