2024-02-05 03:30:51,669
ON program started 20240205 03:30:51,
US time: 20240204 22:30:51
2024-02-05 03:30:52,796
the strat is currently running @ 05-02-2024 and the target positions is NEUTRAL
2024-02-05 03:30:54,684
CURRENT STATUS IS NEUTRAL
-----
return before 14h30:
BTCUSDT+0.00%, ETHUSDT+0.00%, XRPUSDT+0.00%
-----
target alloc initial:BTCUSDT+0.00%, ETHUSDT+0.00%, XRPUSDT+0.00%
-----
alloc target x rt%<0:BTCUSDT+0.00%, ETHUSDT+0.00%, XRPUSDT+0.00%
-----
           BTCUSDT ETHUSDT XRPUSDT
w_target      0.0%    0.0%    0.0%
rt_14h30     0.00%   0.00%   0.00%
w_target_f    0.0%    0.0%    0.0%
2024-02-05 03:30:54,686
Portfolio was rebalanced less than 2 hours ago, 1.0 hours ago
2024-02-05 03:30:54,689
Status: prev = NEUTRAL <> SHORT = target
2024-02-05 03:30:54,689
the strat is currently running @ 05-02-2024 and the target positions is NEUTRAL
the strat was previously run @ 2024-02-05 02:31:12 UTC, success:yes 
   and the current positions is SHORT
2024-02-05 03:30:55,924
positions_future #0
2024-02-05 03:30:55,924
Empty DataFrame
Columns: [symbol, positionAmt, entryPrice, breakEvenPrice, markPrice, unRealizedProfit, value_usd, updateTime, isolated, adlQuantile, AUMs_account, w%]
Index: []
2024-02-05 03:30:56,150
------------------------------
binance_account_balance
2024-02-05 03:30:56,150
  asset     balance  ...  marginAvailable   updateTime
5  USDT  290.728596  ...             True  05Feb-00:31

[1 rows x 8 columns]
2024-02-05 03:30:56,385
------------------------------
open_orders
2024-02-05 03:30:56,386
Empty DataFrame
Columns: []
Index: []
2024-02-05 03:30:57,044
------------------------------
AUMS account:290

2024-02-05 03:30:57,046
--------------- compute_futures_order_book() ----------------
2024-02-05 03:30:58,607
----------------------------------------------------------------------
#0 order(s) to place
gross$: 0$ | net$: +0$
gross%: 0% | net%: +0%
 || w>0%  +0% | w<0%  0%
----------------------------------------------------------------------
PTF Expo% 0.0% >> 0.0% (current>>target)
PTF expo $0.0 >> $0 (current>>target)
----------------------------------------------------------------------
2024-02-05 03:30:58,609
orders_ofthe_day
2024-02-05 03:30:58,609
Empty DataFrame
Columns: [ptf_usd, target_usd, totrd_usd, posttrd_usd, qty, posttrd_qty, posttrd_w, bid, ask, strategy]
Index: []
2024-02-05 03:30:58,684
Orders of the day is empty, current and target potfolios are aligned
2024-02-05 03:30:58,684
Program stopped
