2024-09-19 19:30:35,058
ON program started 20240919 19:30:35,
US time: 20240919 15:30:35
2024-09-19 19:30:35,515
the strat is currently running @ 19-09-2024 and the target positions is LONG
2024-09-19 19:30:36,919
CURRENT STATUS IS LONG
-----
return before 14h30:
BTCUSDT+2.07%, ETHUSDT+2.43%, XRPUSDT+0.07%
-----
target alloc initial:BTCUSDT+16.67%, ETHUSDT+16.67%, XRPUSDT+16.67%
-----
alloc target x rt%<0:BTCUSDT+16.67%, ETHUSDT+16.67%, XRPUSDT+16.67%
-----
           BTCUSDT ETHUSDT XRPUSDT
w_target     16.7%   16.7%   16.7%
rt_14h30     0.02%   0.02%   0.00%
w_target_f   16.7%   16.7%   16.7%
2024-09-19 19:30:36,920
Portfolio was rebalanced less than 2 hours ago, 1.0 hours ago
2024-09-19 19:30:36,922
Status: prev = LONG <> LONG = target
2024-09-19 19:30:36,922
the strat is currently running @ 19-09-2024 and the target positions is LONG
the strat was previously run @ 2024-09-19 18:30:43, success:? 
   and the current positions is LONG
2024-09-19 19:30:38,112
positions_future #2
2024-09-19 19:30:38,112
      symbol  positionAmt entryPrice  ... adlQuantile AUMs_account        w%
179  ETHUSDT         0.02    2484.25  ...           1        295.3  0.166938
141  XRPUSDT        82.90     0.5924  ...           1        295.3  0.165682

[2 rows x 12 columns]
2024-09-19 19:30:38,351
------------------------------
binance_account_balance
2024-09-19 19:30:38,351
  asset     balance  ...  marginAvailable   updateTime
4  USDT  295.845648  ...             True  19Sep-18:33

[1 rows x 8 columns]
2024-09-19 19:30:39,014
------------------------------
open_orders
2024-09-19 19:30:39,015
Empty DataFrame
Columns: []
Index: []
2024-09-19 19:30:39,665
------------------------------
AUMS account:295

2024-09-19 19:30:39,667
--------------- compute_futures_order_book() ----------------
2024-09-19 19:30:41,208
----------------------------------------------------------------------
#0 order(s) to place
gross$: 0$ | net$: +0$
gross%: 0% | net%: +0%
 || w>0%  +0% | w<0%  0%
----------------------------------------------------------------------
PTF Expo% 33.2% >> 50.0% (current>>target)
PTF expo $98.0 >> $147 (current>>target)
----------------------------------------------------------------------
2024-09-19 19:30:41,209
orders_ofthe_day
2024-09-19 19:30:41,210
Empty DataFrame
Columns: [ptf_usd, target_usd, totrd_usd, posttrd_usd, qty, posttrd_qty, posttrd_w, bid, ask, strategy]
Index: []
2024-09-19 19:30:41,272
Orders of the day is empty, current and target potfolios are aligned
2024-09-19 19:30:41,272
Program stopped
