2024-10-06 02:30:44,810
ON program started 20241006 02:30:44,
US time: 20241005 22:30:44
2024-10-06 02:30:45,945
the strat is currently running @ 06-10-2024 and the target positions is NEUTRAL
2024-10-06 02:30:47,280
CURRENT STATUS IS NEUTRAL
-----
return before 14h30:
BTCUSDT-0.03%, ETHUSDT+0.21%, XRPUSDT+0.47%
-----
target alloc initial:BTCUSDT+0.00%, ETHUSDT+0.00%, XRPUSDT+0.00%
-----
alloc target x rt%<0:BTCUSDT+0.00%, ETHUSDT+0.00%, XRPUSDT+0.00%
-----
           BTCUSDT ETHUSDT XRPUSDT
w_target      0.0%    0.0%    0.0%
rt_14h30    -0.00%   0.00%   0.00%
w_target_f    0.0%    0.0%    0.0%
2024-10-06 02:30:47,282
Portfolio was rebalanced less than 2 hours ago, 1.0 hours ago
2024-10-06 02:30:47,284
Status: prev = NEUTRAL <> SHORT = target
2024-10-06 02:30:47,284
the strat is currently running @ 06-10-2024 and the target positions is NEUTRAL
the strat was previously run @ 2024-10-06 01:30:40, success:yes 
   and the current positions is SHORT
2024-10-06 02:30:48,444
positions_future #0
2024-10-06 02:30:48,444
Empty DataFrame
Columns: [symbol, positionAmt, entryPrice, breakEvenPrice, markPrice, unRealizedProfit, value_usd, updateTime, isolated, adlQuantile, AUMs_account, w%]
Index: []
2024-10-06 02:30:48,657
------------------------------
binance_account_balance
2024-10-06 02:30:48,657
  asset    balance  ...  marginAvailable   updateTime
4  USDT  286.67483  ...             True  06Oct-00:33

[1 rows x 8 columns]
2024-10-06 02:30:48,880
------------------------------
open_orders
2024-10-06 02:30:48,880
Empty DataFrame
Columns: []
Index: []
2024-10-06 02:30:49,497
------------------------------
AUMS account:286

2024-10-06 02:30:49,499
--------------- compute_futures_order_book() ----------------
2024-10-06 02:30:50,976
----------------------------------------------------------------------
#0 order(s) to place
gross$: 0$ | net$: +0$
gross%: 0% | net%: +0%
 || w>0%  +0% | w<0%  0%
----------------------------------------------------------------------
PTF Expo% 0.0% >> 0.0% (current>>target)
PTF expo $0.0 >> $0 (current>>target)
----------------------------------------------------------------------
2024-10-06 02:30:50,977
orders_ofthe_day
2024-10-06 02:30:50,977
Empty DataFrame
Columns: [ptf_usd, target_usd, totrd_usd, posttrd_usd, qty, posttrd_qty, posttrd_w, bid, ask, strategy]
Index: []
2024-10-06 02:30:51,048
Orders of the day is empty, current and target potfolios are aligned
2024-10-06 02:30:51,048
Program stopped
