2024-01-17 19:31:05,538
ON program started 20240117 19:31:05,
US time: 20240117 14:31:05
2024-01-17 19:31:06,634
the strat is currently running @ 17-01-2024 and the target positions is LONG
2024-01-17 19:31:09,341
CURRENT STATUS IS LONG
-----
return before 14h30:
BTCUSDT-0.56%, ETHUSDT-1.40%, XRPUSDT-0.94%
-----
target alloc initial:BTCUSDT+16.67%, ETHUSDT+16.67%, XRPUSDT+16.67%
-----
alloc target x rt%<0:BTCUSDT+16.67%, ETHUSDT+16.67%, XRPUSDT+16.67%
-----
           BTCUSDT ETHUSDT XRPUSDT
w_target     16.7%   16.7%   16.7%
rt_14h30    -0.01%  -0.01%  -0.01%
w_target_f   16.7%   16.7%   16.7%
2024-01-17 19:31:09,343
Portfolio was rebalanced less than 2 hours ago, 15.0 hours ago
2024-01-17 19:31:09,346
Status: prev = LONG <> NEUTRAL = target
2024-01-17 19:31:09,347
the strat is currently running @ 17-01-2024 and the target positions is LONG
the strat was previously run @ 2024-01-17 04:31:11 UTC, success:yes 
   and the current positions is NEUTRAL
2024-01-17 19:31:09,954
positions_future #0
2024-01-17 19:31:09,954
Empty DataFrame
Columns: [symbol, positionAmt, entryPrice, breakEvenPrice, markPrice, unRealizedProfit, value_usd, updateTime, isolated, adlQuantile, AUMs_account, w%]
Index: []
2024-01-17 19:31:10,181
------------------------------
binance_account_balance
2024-01-17 19:31:10,182
  asset     balance  ...  marginAvailable   updateTime
5  USDT  289.894411  ...             True  17Jan-00:33

[1 rows x 8 columns]
2024-01-17 19:31:10,421
------------------------------
open_orders
2024-01-17 19:31:10,421
Empty DataFrame
Columns: []
Index: []
2024-01-17 19:31:11,088
------------------------------
AUMS account:289

2024-01-17 19:31:11,090
--------------- compute_futures_order_book() ----------------
2024-01-17 19:31:13,963
----------------------------------------------------------------------
#2 order(s) to place
gross$: 96$ | net$: +96$
gross%: 33% | net%: +33%
 || w>0%  +33% | w<0%  0%
----------------------------------------------------------------------
PTF Expo% 0.0% >> 50.0% (current>>target)
PTF expo $0.0 >> $144 (current>>target)
----------------------------------------------------------------------
2024-01-17 19:31:13,966
orders_ofthe_day
2024-01-17 19:31:13,966
                  ptf_usd  target_usd  totrd_usd  ...        bid       ask strategy
2024-01-17 19:31                                  ...                              
ETHUSDT               0.0       48.33       48.0  ...  2538.5100  2538.530  STRATON
XRPUSDT               0.0       48.33       48.0  ...     0.5709     0.571  STRATON

[2 rows x 10 columns]
2024-01-17 19:31:15,057
binance_place_orders_peg 20240117_193115
2024-01-17 19:31:15,501
{'orderId': 8389765644366036147, 'symbol': 'ETHUSDT', 'status': 'NEW', 'clientOrderId': 'STRATON', 'price': '2537.24', 'avgPrice': '0.00', 'origQty': '0.019', 'executedQty': '0.000', 'cumQty': '0.000', 'cumQuote': '0.00000', 'timeInForce': 'GTC', 'type': 'LIMIT', 'reduceOnly': False, 'closePosition': False, 'side': 'BUY', 'positionSide': 'BOTH', 'stopPrice': '0.00', 'workingType': 'CONTRACT_PRICE', 'priceProtect': False, 'origType': 'LIMIT', 'priceMatch': 'NONE', 'selfTradePreventionMode': 'NONE', 'goodTillDate': 0, 'updateTime': 1705519875390}
2024-01-17 19:31:15,948
{'orderId': 48596135598, 'symbol': 'XRPUSDT', 'status': 'NEW', 'clientOrderId': 'STRATON', 'price': '0.5706', 'avgPrice': '0.00', 'origQty': '84.1', 'executedQty': '0.0', 'cumQty': '0.0', 'cumQuote': '0.00000', 'timeInForce': 'GTC', 'type': 'LIMIT', 'reduceOnly': False, 'closePosition': False, 'side': 'BUY', 'positionSide': 'BOTH', 'stopPrice': '0.0000', 'workingType': 'CONTRACT_PRICE', 'priceProtect': False, 'origType': 'LIMIT', 'priceMatch': 'NONE', 'selfTradePreventionMode': 'NONE', 'goodTillDate': 0, 'updateTime': 1705519875836}
2024-01-17 19:31:16,929
update 0: filled 0 / 2 () | working 2 / 2 (+ETHUSDT,+XRPUSDT)
2024-01-17 19:31:20,930
+ETHUSDT: bp2.0|+XRPUSDT: bp7.0|
2024-01-17 19:31:21,887
update 1: filled 0 / 2 () | working 2 / 2 (+ETHUSDT,+XRPUSDT)
2024-01-17 19:31:25,888
+ETHUSDT: bp5.0|+XRPUSDT: bp5.0|
2024-01-17 19:31:26,780
update 2: filled 0 / 2 () | working 2 / 2 (+ETHUSDT,+XRPUSDT)
2024-01-17 19:31:30,781
+ETHUSDT: bp7.0|+XRPUSDT: bp5.0|
2024-01-17 19:31:31,695
update 3: filled 0 / 2 () | working 2 / 2 (+ETHUSDT,+XRPUSDT)
2024-01-17 19:31:35,696
+ETHUSDT: bp10.0|+XRPUSDT: bp7.0|
2024-01-17 19:31:36,778
update 4: filled 0 / 2 () | working 2 / 2 (+ETHUSDT,+XRPUSDT)
2024-01-17 19:31:40,779
+ETHUSDT: bp10.0|+XRPUSDT: bp11.0|
2024-01-17 19:31:41,697
update 5: filled 0 / 2 () | working 2 / 2 (+ETHUSDT,+XRPUSDT)
2024-01-17 19:31:45,698
+ETHUSDT: bp7.0|+XRPUSDT: bp11.0|
2024-01-17 19:31:46,636
update 6: filled 0 / 2 () | working 2 / 2 (+ETHUSDT,+XRPUSDT)
2024-01-17 19:31:50,637
+ETHUSDT: bp6.0|+XRPUSDT: bp11.0|
2024-01-17 19:31:51,541
update 7: filled 0 / 2 () | working 2 / 2 (+ETHUSDT,+XRPUSDT)
2024-01-17 19:31:55,541
+ETHUSDT: bp6.0|+XRPUSDT: bp11.0|
2024-01-17 19:31:56,433
update 8: filled 0 / 2 () | working 2 / 2 (+ETHUSDT,+XRPUSDT)
2024-01-17 19:32:00,434
+ETHUSDT: bp5.0|+XRPUSDT: bp11.0|
2024-01-17 19:32:01,361
update 9: filled 0 / 2 () | working 2 / 2 (+ETHUSDT,+XRPUSDT)
2024-01-17 19:32:05,361
+ETHUSDT: bp5.0|+XRPUSDT: bp9.0|
2024-01-17 19:32:06,473
update 10: filled 0 / 2 () | working 2 / 2 (+ETHUSDT,+XRPUSDT)
2024-01-17 19:32:10,474
+ETHUSDT: bp5.0|+XRPUSDT: bp9.0|
2024-01-17 19:32:11,389
update 11: filled 0 / 2 () | working 2 / 2 (+ETHUSDT,+XRPUSDT)
2024-01-17 19:32:15,390
+ETHUSDT: bp3.0|+XRPUSDT: bp5.0|
2024-01-17 19:32:16,286
update 12: filled 0 / 2 () | working 2 / 2 (+ETHUSDT,+XRPUSDT)
2024-01-17 19:32:20,287
+ETHUSDT: bp1.0|+XRPUSDT: bp5.0|
2024-01-17 19:32:21,196
update 13: filled 1 / 2 (+ETHUSDT) | working 1 / 2 (+XRPUSDT)
2024-01-17 19:32:25,197
+XRPUSDT: bp7.0|
2024-01-17 19:32:26,135
update 14: filled 1 / 2 (+ETHUSDT) | working 1 / 2 (+XRPUSDT)
2024-01-17 19:32:30,136
+XRPUSDT: bp5.0|
2024-01-17 19:32:30,136
Adjustment limit #1 ... 
 we cancel current orders and replace
2024-01-17 19:32:30,136
@+/-2.5bp limit 
2024-01-17 19:32:30,137
binance_cancel_and_replace_orders_peg 20240117_193230
2024-01-17 19:32:31,725
binance_place_orders_peg 20240117_193231
2024-01-17 19:32:32,174
{'orderId': 48596172430, 'symbol': 'XRPUSDT', 'status': 'NEW', 'clientOrderId': 'STRATON', 'price': '0.5707', 'avgPrice': '0.00', 'origQty': '84.1', 'executedQty': '0.0', 'cumQty': '0.0', 'cumQuote': '0.00000', 'timeInForce': 'GTC', 'type': 'LIMIT', 'reduceOnly': False, 'closePosition': False, 'side': 'BUY', 'positionSide': 'BOTH', 'stopPrice': '0.0000', 'workingType': 'CONTRACT_PRICE', 'priceProtect': False, 'origType': 'LIMIT', 'priceMatch': 'NONE', 'selfTradePreventionMode': 'NONE', 'goodTillDate': 0, 'updateTime': 1705519952063}
2024-01-17 19:32:33,567
update 0: filled 1 / 2 (+ETHUSDT) | working 1 / 2 (+XRPUSDT)
2024-01-17 19:32:37,568
+XRPUSDT: bp2.0|
2024-01-17 19:32:38,464
update 1: filled 2 / 2 (+ETHUSDT,+XRPUSDT) | working 0 / 2 ()
2024-01-17 19:32:45,439
Trades of the day
in$
as of: 17Jan 19:32>>19:32 (#trades: 2)
trade net: +96.0 (+33.1%), trade gross: +96.0 (+33.1%), BUY: +96.0 (+33.1%), SELL: +0.0 (+0.0%)
fees: $ 0.019 (2.0bp)
2024-01-17 19:32:45,908
Trades: 
Filled #2
______________________________________________
                   in$ | in bp 96 traded | in bp 289 AUMs
realizedPnl    +0      | +0      | +0     
PnLvsArrival   +0.04   | +4      | +1     
PnLvsLast      +0.01   | +1      | +0     
______________________________________________
                 | Value$ | PnL Arrival/Last 
______________________________________________
XRP:+84.1@0.5707 | +48$ | 0.02/-0
ETH:+0.019@2537.24 | +48$ | 0.02/0.01
