2024-05-23 02:31:10,376
ON program started 20240523 02:31:10,
US time: 20240522 22:31:10
2024-05-23 02:31:11,746
the strat is currently running @ 23-05-2024 and the target positions is NEUTRAL
2024-05-23 02:31:13,149
CURRENT STATUS IS NEUTRAL
-----
return before 14h30:
BTCUSDT+0.44%, ETHUSDT+0.85%, XRPUSDT+0.19%
-----
target alloc initial:BTCUSDT+0.00%, ETHUSDT+0.00%, XRPUSDT+0.00%
-----
alloc target x rt%<0:BTCUSDT+0.00%, ETHUSDT+0.00%, XRPUSDT+0.00%
-----
           BTCUSDT ETHUSDT XRPUSDT
w_target      0.0%    0.0%    0.0%
rt_14h30     0.00%   0.01%   0.00%
w_target_f    0.0%    0.0%    0.0%
2024-05-23 02:31:13,151
Portfolio was rebalanced less than 2 hours ago, 1.0 hours ago
2024-05-23 02:31:13,153
Status: prev = NEUTRAL <> SHORT = target
2024-05-23 02:31:13,153
the strat is currently running @ 23-05-2024 and the target positions is NEUTRAL
the strat was previously run @ 2024-05-23 01:31:03, success:yes 
   and the current positions is SHORT
2024-05-23 02:31:14,365
positions_future #1
2024-05-23 02:31:14,365
      symbol  positionAmt entryPrice  ... adlQuantile AUMs_account        w%
134  XRPUSDT        -22.9      0.527  ...           1        288.1 -0.041966

[1 rows x 12 columns]
2024-05-23 02:31:14,607
------------------------------
binance_account_balance
2024-05-23 02:31:14,607
  asset     balance  ...  marginAvailable   updateTime
6  USDT  288.151045  ...             True  22May-22:33

[1 rows x 8 columns]
2024-05-23 02:31:15,053
------------------------------
open_orders
2024-05-23 02:31:15,053
Empty DataFrame
Columns: []
Index: []
2024-05-23 02:31:15,703
------------------------------
AUMS account:288

2024-05-23 02:31:15,706
--------------- compute_futures_order_book() ----------------
2024-05-23 02:31:17,252
----------------------------------------------------------------------
#1 order(s) to place
gross$: 12$ | net$: +12$
gross%: 4% | net%: +4%
 || w>0%  +4% | w<0%  0%
----------------------------------------------------------------------
PTF Expo% -4.1% >> 0.0% (current>>target)
PTF expo $-12.0 >> $0 (current>>target)
----------------------------------------------------------------------
2024-05-23 02:31:17,253
orders_ofthe_day
2024-05-23 02:31:17,253
                  ptf_usd  target_usd  totrd_usd  ...     bid     ask strategy
2024-05-23 02:31                                  ...                         
XRPUSDT             -12.0         0.0       12.0  ...  0.5282  0.5283  STRATON

[1 rows x 10 columns]
2024-05-23 02:31:18,695
binance_place_orders_peg 20240523_023118
2024-05-23 02:31:19,130
{'orderId': 57095122334, 'symbol': 'XRPUSDT', 'status': 'NEW', 'clientOrderId': 'STRATON', 'price': '0.5279', 'avgPrice': '0.00', 'origQty': '22.9', 'executedQty': '0.0', 'cumQty': '0.0', 'cumQuote': '0.00000', 'timeInForce': 'GTC', 'type': 'LIMIT', 'reduceOnly': False, 'closePosition': False, 'side': 'BUY', 'positionSide': 'BOTH', 'stopPrice': '0.0000', 'workingType': 'CONTRACT_PRICE', 'priceProtect': False, 'origType': 'LIMIT', 'priceMatch': 'NONE', 'selfTradePreventionMode': 'NONE', 'goodTillDate': 0, 'updateTime': 1716431479021}
2024-05-23 02:31:20,250
update 0: filled 0 / 1 () | working 1 / 1 (+XRPUSDT)
2024-05-23 02:31:24,251
+XRPUSDT: bp8.0|
2024-05-23 02:31:24,689
update 1: filled 0 / 1 () | working 1 / 1 (+XRPUSDT)
2024-05-23 02:31:28,690
+XRPUSDT: bp6.0|
2024-05-23 02:31:29,130
update 2: filled 0 / 1 () | working 1 / 1 (+XRPUSDT)
2024-05-23 02:31:33,131
+XRPUSDT: bp6.0|
2024-05-23 02:31:33,568
update 3: filled 0 / 1 () | working 1 / 1 (+XRPUSDT)
2024-05-23 02:31:37,569
+XRPUSDT: bp6.0|
2024-05-23 02:31:38,008
update 4: filled 0 / 1 () | working 1 / 1 (+XRPUSDT)
2024-05-23 02:31:42,009
+XRPUSDT: bp6.0|
2024-05-23 02:31:42,446
update 5: filled 0 / 1 () | working 1 / 1 (+XRPUSDT)
2024-05-23 02:31:46,447
+XRPUSDT: bp4.0|
2024-05-23 02:31:46,888
update 6: filled 0 / 1 () | working 1 / 1 (+XRPUSDT)
2024-05-23 02:31:50,889
+XRPUSDT: bp4.0|
2024-05-23 02:31:51,326
update 7: filled 0 / 1 () | working 1 / 1 (+XRPUSDT)
2024-05-23 02:31:55,327
+XRPUSDT: bp4.0|
2024-05-23 02:31:55,763
update 8: filled 0 / 1 () | working 1 / 1 (+XRPUSDT)
2024-05-23 02:31:59,764
+XRPUSDT: bp4.0|
2024-05-23 02:32:00,200
update 9: filled 0 / 1 () | working 1 / 1 (+XRPUSDT)
2024-05-23 02:32:04,202
+XRPUSDT: bp4.0|
2024-05-23 02:32:04,639
update 10: filled 0 / 1 () | working 1 / 1 (+XRPUSDT)
2024-05-23 02:32:08,640
+XRPUSDT: bp4.0|
2024-05-23 02:32:09,078
update 11: filled 0 / 1 () | working 1 / 1 (+XRPUSDT)
2024-05-23 02:32:13,079
+XRPUSDT: bp4.0|
2024-05-23 02:32:13,521
update 12: filled 0 / 1 () | working 1 / 1 (+XRPUSDT)
2024-05-23 02:32:17,522
+XRPUSDT: bp2.0|
2024-05-23 02:32:17,961
update 13: filled 0 / 1 () | working 1 / 1 (+XRPUSDT)
2024-05-23 02:32:21,962
+XRPUSDT: bp2.0|
2024-05-23 02:32:22,401
update 14: filled 0 / 1 () | working 1 / 1 (+XRPUSDT)
2024-05-23 02:32:26,402
+XRPUSDT: bp4.0|
2024-05-23 02:32:26,402
Adjustment limit #1 ... 
 we cancel current orders and replace
2024-05-23 02:32:26,402
@+/-2.5bp limit 
2024-05-23 02:32:26,402
binance_cancel_and_replace_orders_peg 20240523_023226
2024-05-23 02:32:27,499
binance_place_orders_peg 20240523_023227
2024-05-23 02:32:27,934
{'orderId': 57095164999, 'symbol': 'XRPUSDT', 'status': 'NEW', 'clientOrderId': 'STRATON', 'price': '0.5278', 'avgPrice': '0.00', 'origQty': '22.9', 'executedQty': '0.0', 'cumQty': '0.0', 'cumQuote': '0.00000', 'timeInForce': 'GTC', 'type': 'LIMIT', 'reduceOnly': False, 'closePosition': False, 'side': 'BUY', 'positionSide': 'BOTH', 'stopPrice': '0.0000', 'workingType': 'CONTRACT_PRICE', 'priceProtect': False, 'origType': 'LIMIT', 'priceMatch': 'NONE', 'selfTradePreventionMode': 'NONE', 'goodTillDate': 0, 'updateTime': 1716431547825}
2024-05-23 02:32:28,382
update 0: filled 0 / 1 () | working 1 / 1 (+XRPUSDT)
2024-05-23 02:32:32,383
+XRPUSDT: bp4.0|
2024-05-23 02:32:32,821
update 1: filled 0 / 1 () | working 1 / 1 (+XRPUSDT)
2024-05-23 02:32:36,822
+XRPUSDT: bp2.0|
2024-05-23 02:32:37,260
update 2: filled 0 / 1 () | working 1 / 1 (+XRPUSDT)
2024-05-23 02:32:41,261
+XRPUSDT: bp2.0|
2024-05-23 02:32:41,699
update 3: filled 0 / 1 () | working 1 / 1 (+XRPUSDT)
2024-05-23 02:32:45,701
+XRPUSDT: bp-0.0|
2024-05-23 02:32:46,140
update 4: filled 0 / 1 () | working 1 / 1 (+XRPUSDT)
2024-05-23 02:32:50,141
+XRPUSDT: bp-0.0|
2024-05-23 02:32:50,578
update 5: filled 0 / 1 () | working 1 / 1 (+XRPUSDT)
2024-05-23 02:32:54,579
+XRPUSDT: bp2.0|
2024-05-23 02:32:55,018
update 6: filled 0 / 1 () | working 1 / 1 (+XRPUSDT)
2024-05-23 02:32:59,019
+XRPUSDT: bp-0.0|
2024-05-23 02:32:59,459
update 7: filled 0 / 1 () | working 1 / 1 (+XRPUSDT)
2024-05-23 02:33:03,460
+XRPUSDT: bp-0.0|
2024-05-23 02:33:03,897
update 8: filled 1 / 1 (+XRPUSDT) | working 0 / 1 ()
2024-05-23 02:33:09,236
Trades of the day
in$
as of: 23May 02:33>>02:33 (#trades: 1)
trade net: +12.0 (+4.2%), trade gross: +12.0 (+4.2%), BUY: +12.0 (+4.2%), SELL: +0.0 (+0.0%)
fees: $ 0.002 (2.0bp)
2024-05-23 02:33:09,479
Trades: 
Filled #1
______________________________________________
                   in$ | in bp 12 traded | in bp 288 AUMs
realizedPnl    -0.02   | -17     | -1     
PnLvsArrival   +0.01   | +8      | +0     
PnLvsLast      +0      | +0      | +0     
______________________________________________
                 | Value$ | PnL Arrival/Last 
______________________________________________
XRP:+22.9@0.5278 | +12$ | 0.01/-0
