2024-04-16 00:31:05,074
ON program started 20240416 00:31:05,
US time: 20240415 20:31:05
2024-04-16 00:31:06,251
the strat is currently running @ 16-04-2024 and the target positions is SHORT
2024-04-16 00:31:07,662
CURRENT STATUS IS SHORT, WE CHECK IF THE DAY IS A NEGATIVE ONE
-----
return before 14h30:
BTCUSDT-0.24%, ETHUSDT-0.79%, XRPUSDT-1.06%
-----
target alloc initial:BTCUSDT-4.17%, ETHUSDT+0.00%, XRPUSDT-4.17%
-----
alloc target x rt%<0:BTCUSDT-4.17%, ETHUSDT+0.00%, XRPUSDT-4.17%
-----
           BTCUSDT ETHUSDT XRPUSDT
w_target     -4.2%    0.0%   -4.2%
rt_14h30    -0.00%  -0.01%  -0.01%
w_target_f   -4.2%    0.0%   -4.2%
2024-04-16 00:31:07,664
Portfolio was rebalanced less than 2 hours ago, 1.0 hours ago
2024-04-16 00:31:07,666
Status: prev = SHORT <> SHORT = target
2024-04-16 00:31:07,666
the strat is currently running @ 16-04-2024 and the target positions is SHORT
the strat was previously run @ 2024-04-15 23:31:13, success:yes 
   and the current positions is SHORT
2024-04-16 00:31:08,245
positions_future #0
2024-04-16 00:31:08,245
Empty DataFrame
Columns: [symbol, positionAmt, entryPrice, breakEvenPrice, markPrice, unRealizedProfit, value_usd, updateTime, isolated, adlQuantile, AUMs_account, w%]
Index: []
2024-04-16 00:31:08,332
programm stoppeddd!!! 20240416_003108
