2024-09-10 18:30:43,295
ON program started 20240910 18:30:43,
US time: 20240910 14:30:43
2024-09-10 18:30:43,827
the strat is currently running @ 10-09-2024 and the target positions is LONG
2024-09-10 18:30:45,735
CURRENT STATUS IS LONG
-----
return before 14h30:
BTCUSDT-0.53%, ETHUSDT-1.17%, XRPUSDT-0.52%
-----
target alloc initial:BTCUSDT+16.67%, ETHUSDT+16.67%, XRPUSDT+16.67%
-----
alloc target x rt%<0:BTCUSDT+16.67%, ETHUSDT+16.67%, XRPUSDT+16.67%
-----
           BTCUSDT ETHUSDT XRPUSDT
w_target     16.7%   16.7%   16.7%
rt_14h30    -0.01%  -0.01%  -0.01%
w_target_f   16.7%   16.7%   16.7%
2024-09-10 18:30:45,736
Portfolio was rebalanced less than 2 hours ago, 15.0 hours ago
2024-09-10 18:30:45,738
Status: prev = LONG <> NEUTRAL = target
2024-09-10 18:30:45,738
the strat is currently running @ 10-09-2024 and the target positions is LONG
the strat was previously run @ 2024-09-10 03:30:50, success:yes 
   and the current positions is NEUTRAL
2024-09-10 18:30:46,863
positions_future #0
2024-09-10 18:30:46,863
Empty DataFrame
Columns: [symbol, positionAmt, entryPrice, breakEvenPrice, markPrice, unRealizedProfit, value_usd, updateTime, isolated, adlQuantile, AUMs_account, w%]
Index: []
2024-09-10 18:30:47,072
------------------------------
binance_account_balance
2024-09-10 18:30:47,072
  asset     balance  ...  marginAvailable   updateTime
4  USDT  296.077634  ...             True  09Sep-22:35

[1 rows x 8 columns]
2024-09-10 18:30:47,292
------------------------------
open_orders
2024-09-10 18:30:47,292
Empty DataFrame
Columns: []
Index: []
2024-09-10 18:30:47,905
------------------------------
AUMS account:296

2024-09-10 18:30:47,907
--------------- compute_futures_order_book() ----------------
2024-09-10 18:30:49,363
----------------------------------------------------------------------
#2 order(s) to place
gross$: 99$ | net$: +99$
gross%: 33% | net%: +33%
 || w>0%  +33% | w<0%  0%
----------------------------------------------------------------------
PTF Expo% 0.0% >> 50.0% (current>>target)
PTF expo $0.0 >> $148 (current>>target)
----------------------------------------------------------------------
2024-09-10 18:30:49,364
orders_ofthe_day
2024-09-10 18:30:49,365
                  ptf_usd  target_usd  totrd_usd  ...        bid       ask strategy
2024-09-10 18:30                                  ...                              
ETHUSDT               0.0       49.36       50.0  ...  2362.9900  2363.000  STRATON
XRPUSDT               0.0       49.36       49.0  ...     0.5389     0.539  STRATON

[2 rows x 10 columns]
2024-09-10 18:30:50,969
binance_place_orders_peg 20240910_183050
2024-09-10 18:30:51,379
{'orderId': 8389765729314250721, 'symbol': 'ETHUSDT', 'status': 'NEW', 'clientOrderId': 'STRATON', 'price': '2361.81', 'avgPrice': '0.00', 'origQty': '0.021', 'executedQty': '0.000', 'cumQty': '0.000', 'cumQuote': '0.00000', 'timeInForce': 'GTC', 'type': 'LIMIT', 'reduceOnly': False, 'closePosition': False, 'side': 'BUY', 'positionSide': 'BOTH', 'stopPrice': '0.00', 'workingType': 'CONTRACT_PRICE', 'priceProtect': False, 'origType': 'LIMIT', 'priceMatch': 'NONE', 'selfTradePreventionMode': 'NONE', 'goodTillDate': 0, 'updateTime': 1725993051276}
2024-09-10 18:30:51,787
{'orderId': 65267468225, 'symbol': 'XRPUSDT', 'status': 'NEW', 'clientOrderId': 'STRATON', 'price': '0.5386', 'avgPrice': '0.00', 'origQty': '90.9', 'executedQty': '0.0', 'cumQty': '0.0', 'cumQuote': '0.00000', 'timeInForce': 'GTC', 'type': 'LIMIT', 'reduceOnly': False, 'closePosition': False, 'side': 'BUY', 'positionSide': 'BOTH', 'stopPrice': '0.0000', 'workingType': 'CONTRACT_PRICE', 'priceProtect': False, 'origType': 'LIMIT', 'priceMatch': 'NONE', 'selfTradePreventionMode': 'NONE', 'goodTillDate': 0, 'updateTime': 1725993051684}
2024-09-10 18:30:52,661
update 0: filled 0 / 2 () | working 2 / 2 (+ETHUSDT,+XRPUSDT)
2024-09-10 18:30:56,661
+ETHUSDT: bp5.0|+XRPUSDT: bp7.0|
2024-09-10 18:30:57,482
update 1: filled 0 / 2 () | working 2 / 2 (+ETHUSDT,+XRPUSDT)
2024-09-10 18:31:01,483
+ETHUSDT: bp5.0|+XRPUSDT: bp7.0|
2024-09-10 18:31:02,302
update 2: filled 0 / 2 () | working 2 / 2 (+ETHUSDT,+XRPUSDT)
2024-09-10 18:31:06,303
+ETHUSDT: bp5.0|+XRPUSDT: bp7.0|
2024-09-10 18:31:07,124
update 3: filled 0 / 2 () | working 2 / 2 (+ETHUSDT,+XRPUSDT)
2024-09-10 18:31:11,125
+ETHUSDT: bp4.0|+XRPUSDT: bp9.0|
2024-09-10 18:31:11,949
update 4: filled 0 / 2 () | working 2 / 2 (+ETHUSDT,+XRPUSDT)
2024-09-10 18:31:15,949
+ETHUSDT: bp4.0|+XRPUSDT: bp9.0|
2024-09-10 18:31:16,769
update 5: filled 0 / 2 () | working 2 / 2 (+ETHUSDT,+XRPUSDT)
2024-09-10 18:31:20,770
+ETHUSDT: bp4.0|+XRPUSDT: bp11.0|
2024-09-10 18:31:21,589
update 6: filled 0 / 2 () | working 2 / 2 (+ETHUSDT,+XRPUSDT)
2024-09-10 18:31:25,590
+ETHUSDT: bp8.0|+XRPUSDT: bp13.0|
2024-09-10 18:31:26,409
update 7: filled 0 / 2 () | working 2 / 2 (+ETHUSDT,+XRPUSDT)
2024-09-10 18:31:30,409
+ETHUSDT: bp11.0|+XRPUSDT: bp15.0|
2024-09-10 18:31:31,229
update 8: filled 0 / 2 () | working 2 / 2 (+ETHUSDT,+XRPUSDT)
2024-09-10 18:31:35,230
+ETHUSDT: bp12.0|+XRPUSDT: bp15.0|
2024-09-10 18:31:36,053
update 9: filled 0 / 2 () | working 2 / 2 (+ETHUSDT,+XRPUSDT)
2024-09-10 18:31:40,054
+ETHUSDT: bp12.0|+XRPUSDT: bp17.0|
2024-09-10 18:31:40,876
update 10: filled 0 / 2 () | working 2 / 2 (+ETHUSDT,+XRPUSDT)
2024-09-10 18:31:44,877
+ETHUSDT: bp15.0|+XRPUSDT: bp17.0|
2024-09-10 18:31:45,696
update 11: filled 0 / 2 () | working 2 / 2 (+ETHUSDT,+XRPUSDT)
2024-09-10 18:31:49,697
+ETHUSDT: bp15.0|+XRPUSDT: bp17.0|
2024-09-10 18:31:50,517
update 12: filled 0 / 2 () | working 2 / 2 (+ETHUSDT,+XRPUSDT)
2024-09-10 18:31:54,518
+ETHUSDT: bp16.0|+XRPUSDT: bp19.0|
2024-09-10 18:31:55,341
update 13: filled 0 / 2 () | working 2 / 2 (+ETHUSDT,+XRPUSDT)
2024-09-10 18:31:59,341
+ETHUSDT: bp17.0|+XRPUSDT: bp19.0|
2024-09-10 18:32:00,165
update 14: filled 0 / 2 () | working 2 / 2 (+ETHUSDT,+XRPUSDT)
2024-09-10 18:32:04,165
+ETHUSDT: bp19.0|+XRPUSDT: bp20.0|
2024-09-10 18:32:04,166
Adjustment limit #1 ... 
 we cancel current orders and replace
2024-09-10 18:32:04,166
@+/-2.5bp limit 
2024-09-10 18:32:04,166
binance_cancel_and_replace_orders_peg 20240910_183204
2024-09-10 18:32:06,232
binance_place_orders_peg 20240910_183206
2024-09-10 18:32:06,640
{'orderId': 8389765729314870070, 'symbol': 'ETHUSDT', 'status': 'NEW', 'clientOrderId': 'STRATON', 'price': '2366.38', 'avgPrice': '0.00', 'origQty': '0.021', 'executedQty': '0.000', 'cumQty': '0.000', 'cumQuote': '0.00000', 'timeInForce': 'GTC', 'type': 'LIMIT', 'reduceOnly': False, 'closePosition': False, 'side': 'BUY', 'positionSide': 'BOTH', 'stopPrice': '0.00', 'workingType': 'CONTRACT_PRICE', 'priceProtect': False, 'origType': 'LIMIT', 'priceMatch': 'NONE', 'selfTradePreventionMode': 'NONE', 'goodTillDate': 0, 'updateTime': 1725993126538}
2024-09-10 18:32:07,047
{'orderId': 65267550671, 'symbol': 'XRPUSDT', 'status': 'NEW', 'clientOrderId': 'STRATON', 'price': '0.5395', 'avgPrice': '0.00', 'origQty': '90.9', 'executedQty': '0.0', 'cumQty': '0.0', 'cumQuote': '0.00000', 'timeInForce': 'GTC', 'type': 'LIMIT', 'reduceOnly': False, 'closePosition': False, 'side': 'BUY', 'positionSide': 'BOTH', 'stopPrice': '0.0000', 'workingType': 'CONTRACT_PRICE', 'priceProtect': False, 'origType': 'LIMIT', 'priceMatch': 'NONE', 'selfTradePreventionMode': 'NONE', 'goodTillDate': 0, 'updateTime': 1725993126944}
2024-09-10 18:32:07,880
update 0: filled 0 / 2 () | working 2 / 2 (+ETHUSDT,+XRPUSDT)
2024-09-10 18:32:11,880
+ETHUSDT: bp-0.0|+XRPUSDT: bp-0.0|
2024-09-10 18:32:12,701
update 1: filled 1 / 2 (+ETHUSDT) | working 1 / 2 (+XRPUSDT)
2024-09-10 18:32:16,701
+XRPUSDT: bp2.0|
2024-09-10 18:32:17,521
update 2: filled 2 / 2 (+ETHUSDT,+XRPUSDT) | working 0 / 2 ()
2024-09-10 18:32:23,795
Trades of the day
in$
as of: 10Sep 18:32>>18:32 (#trades: 2)
trade net: +99.0 (+33.4%), trade gross: +99.0 (+33.4%), BUY: +99.0 (+33.4%), SELL: +0.0 (+0.0%)
fees: $ 0.02 (2.0bp)
2024-09-10 18:32:24,226
Trades: 
Filled #2
______________________________________________
                   in$ | in bp 98 traded | in bp 296 AUMs
realizedPnl    +0      | +0      | +0     
PnLvsArrival   -0.12   | -12     | -4     
PnLvsLast      -0.02   | -2      | -1     
______________________________________________
                 | Value$ | PnL Arrival/Last 
______________________________________________
XRP:+90.9@0.5395 | +49$ | -0.05/-0.01
ETH:+0.021@2366.38 | +50$ | -0.07/-0.01
