2023-11-26 22:30:31,170
ON program started 20231126 22:30:31,
US time: 20231126 17:30:31
2023-11-26 22:30:31,655
the strat is currently running @ 26-11-2023 and the target positions is LONG
2023-11-26 22:30:33,069
CURRENT STATUS IS LONG
-----
return before 14h30:
BTCUSDT-1.37%, ETHUSDT-1.62%, XRPUSDT-1.00%
-----
target alloc initial:BTCUSDT+16.67%, ETHUSDT+16.67%, XRPUSDT+16.67%
-----
alloc target x rt%<0:BTCUSDT+16.67%, ETHUSDT+16.67%, XRPUSDT+16.67%
-----
           BTCUSDT ETHUSDT XRPUSDT
w_target     16.7%   16.7%   16.7%
rt_14h30    -0.01%  -0.02%  -0.01%
w_target_f   16.7%   16.7%   16.7%
2023-11-26 22:30:33,070
Portfolio was rebalanced less than 2 hours ago, 1.0 hours ago
2023-11-26 22:30:33,073
Status: prev = LONG <> LONG = target
2023-11-26 22:30:33,073
the strat is currently running @ 26-11-2023 and the target positions is LONG
the strat was previously run @ 2023-11-26 21:30:39 UTC, success:yes 
   and the current positions is LONG
2023-11-26 22:30:34,294
positions_future #2
2023-11-26 22:30:34,294
      symbol  positionAmt entryPrice  ... adlQuantile AUMs_account        w%
124  XRPUSDT       77.700     0.6163  ...           2        288.2  0.166703
156  ETHUSDT        0.023    2050.09  ...           2        288.2  0.165915

[2 rows x 12 columns]
2023-11-26 22:30:34,381
programm stoppeddd!!! 20231126_223034
