2024-03-18 18:30:50,793
ON program started 20240318 18:30:50,
US time: 20240318 14:30:50
2024-03-18 18:30:52,111
the strat is currently running @ 18-03-2024 and the target positions is LONG
2024-03-18 18:30:53,964
CURRENT STATUS IS LONG
-----
return before 14h30:
BTCUSDT-1.23%, ETHUSDT-2.70%, XRPUSDT-2.63%
-----
target alloc initial:BTCUSDT+16.67%, ETHUSDT+16.67%, XRPUSDT+16.67%
-----
alloc target x rt%<0:BTCUSDT+16.67%, ETHUSDT+16.67%, XRPUSDT+16.67%
-----
           BTCUSDT ETHUSDT XRPUSDT
w_target     16.7%   16.7%   16.7%
rt_14h30    -0.01%  -0.03%  -0.03%
w_target_f   16.7%   16.7%   16.7%
2024-03-18 18:30:53,965
Portfolio was rebalanced less than 2 hours ago, 15.0 hours ago
2024-03-18 18:30:53,971
Status: prev = LONG <> NEUTRAL = target
2024-03-18 18:30:53,971
the strat is currently running @ 18-03-2024 and the target positions is LONG
the strat was previously run @ 2024-03-18 03:30:48, success:yes 
   and the current positions is NEUTRAL
2024-03-18 18:30:55,230
positions_future #0
2024-03-18 18:30:55,230
Empty DataFrame
Columns: [symbol, positionAmt, entryPrice, breakEvenPrice, markPrice, unRealizedProfit, value_usd, updateTime, isolated, adlQuantile, AUMs_account, w%]
Index: []
2024-03-18 18:30:55,455
------------------------------
binance_account_balance
2024-03-18 18:30:55,455
  asset     balance  ...  marginAvailable   updateTime
6  USDT  286.552563  ...             True  17Mar-22:31

[1 rows x 8 columns]
2024-03-18 18:30:55,695
------------------------------
open_orders
2024-03-18 18:30:55,695
Empty DataFrame
Columns: []
Index: []
2024-03-18 18:30:56,366
------------------------------
AUMS account:286

2024-03-18 18:30:56,368
--------------- compute_futures_order_book() ----------------
2024-03-18 18:30:57,943
----------------------------------------------------------------------
#2 order(s) to place
gross$: 97$ | net$: +97$
gross%: 34% | net%: +34%
 || w>0%  +34% | w<0%  0%
----------------------------------------------------------------------
PTF Expo% 0.0% >> 50.0% (current>>target)
PTF expo $0.0 >> $143 (current>>target)
----------------------------------------------------------------------
2024-03-18 18:30:57,946
orders_ofthe_day
2024-03-18 18:30:57,946
                  ptf_usd  target_usd  totrd_usd  ...        bid        ask strategy
2024-03-18 18:30                                  ...                               
ETHUSDT               0.0       47.77       49.0  ...  3502.4600  3502.4700  STRATON
XRPUSDT               0.0       47.77       48.0  ...     0.6044     0.6045  STRATON

[2 rows x 10 columns]
2024-03-18 18:30:59,415
binance_place_orders_peg 20240318_183059
2024-03-18 18:30:59,863
{'orderId': 8389765663374961257, 'symbol': 'ETHUSDT', 'status': 'NEW', 'clientOrderId': 'STRATON', 'price': '3501.08', 'avgPrice': '0.00', 'origQty': '0.014', 'executedQty': '0.000', 'cumQty': '0.000', 'cumQuote': '0.00000', 'timeInForce': 'GTC', 'type': 'LIMIT', 'reduceOnly': False, 'closePosition': False, 'side': 'BUY', 'positionSide': 'BOTH', 'stopPrice': '0.00', 'workingType': 'CONTRACT_PRICE', 'priceProtect': False, 'origType': 'LIMIT', 'priceMatch': 'NONE', 'selfTradePreventionMode': 'NONE', 'goodTillDate': 0, 'updateTime': 1710786659751}
2024-03-18 18:31:00,304
{'orderId': 52786378198, 'symbol': 'XRPUSDT', 'status': 'NEW', 'clientOrderId': 'STRATON', 'price': '0.6041', 'avgPrice': '0.00', 'origQty': '79.4', 'executedQty': '0.0', 'cumQty': '0.0', 'cumQuote': '0.00000', 'timeInForce': 'GTC', 'type': 'LIMIT', 'reduceOnly': False, 'closePosition': False, 'side': 'BUY', 'positionSide': 'BOTH', 'stopPrice': '0.0000', 'workingType': 'CONTRACT_PRICE', 'priceProtect': False, 'origType': 'LIMIT', 'priceMatch': 'NONE', 'selfTradePreventionMode': 'NONE', 'goodTillDate': 0, 'updateTime': 1710786660193}
2024-03-18 18:31:01,889
update 0: filled 0 / 2 () | working 2 / 2 (+ETHUSDT,+XRPUSDT)
2024-03-18 18:31:05,891
+ETHUSDT: bp4.0|+XRPUSDT: bp7.0|
2024-03-18 18:31:06,776
update 1: filled 0 / 2 () | working 2 / 2 (+ETHUSDT,+XRPUSDT)
2024-03-18 18:31:10,777
+ETHUSDT: bp4.0|+XRPUSDT: bp8.0|
2024-03-18 18:31:11,664
update 2: filled 0 / 2 () | working 2 / 2 (+ETHUSDT,+XRPUSDT)
2024-03-18 18:31:15,665
+ETHUSDT: bp5.0|+XRPUSDT: bp7.0|
2024-03-18 18:31:16,549
update 3: filled 0 / 2 () | working 2 / 2 (+ETHUSDT,+XRPUSDT)
2024-03-18 18:31:20,550
+ETHUSDT: bp6.0|+XRPUSDT: bp10.0|
2024-03-18 18:31:21,433
update 4: filled 1 / 2 (+ETHUSDT) | working 1 / 2 (+XRPUSDT)
2024-03-18 18:31:25,434
+XRPUSDT: bp8.0|
2024-03-18 18:31:26,328
update 5: filled 2 / 2 (+ETHUSDT,+XRPUSDT) | working 0 / 2 ()
2024-03-18 18:31:32,792
Trades of the day
in$
as of: 18Mar 18:31>>18:31 (#trades: 2)
trade net: +97.0 (+33.9%), trade gross: +97.0 (+33.9%), BUY: +97.0 (+33.9%), SELL: +0.0 (+0.0%)
fees: $ 0.019 (2.0bp)
2024-03-18 18:31:33,254
Trades: 
Filled #2
______________________________________________
                   in$ | in bp 96 traded | in bp 286 AUMs
realizedPnl    +0      | +0      | +0     
PnLvsArrival   +0.05   | +5      | +2     
PnLvsLast      -0.03   | -3      | -1     
______________________________________________
                 | Value$ | PnL Arrival/Last 
______________________________________________
XRP:+79.4@0.6041 | +48$ | 0.03/-0
ETH:+0.014@3501.08 | +49$ | 0.02/-0.03
