2024-05-20 21:30:50,983
ON program started 20240520 21:30:50,
US time: 20240520 17:30:50
2024-05-20 21:30:52,164
the strat is currently running @ 20-05-2024 and the target positions is LONG
2024-05-20 21:30:53,598
CURRENT STATUS IS LONG
-----
return before 14h30:
BTCUSDT+1.25%, ETHUSDT+0.77%, XRPUSDT+0.71%
-----
target alloc initial:BTCUSDT+16.67%, ETHUSDT+16.67%, XRPUSDT+16.67%
-----
alloc target x rt%<0:BTCUSDT+16.67%, ETHUSDT+16.67%, XRPUSDT+16.67%
-----
           BTCUSDT ETHUSDT XRPUSDT
w_target     16.7%   16.7%   16.7%
rt_14h30     0.01%   0.01%   0.01%
w_target_f   16.7%   16.7%   16.7%
2024-05-20 21:30:53,600
Portfolio was rebalanced less than 2 hours ago, 1.0 hours ago
2024-05-20 21:30:53,602
Status: prev = LONG <> LONG = target
2024-05-20 21:30:53,602
the strat is currently running @ 20-05-2024 and the target positions is LONG
the strat was previously run @ 2024-05-20 20:31:06, success:yes 
   and the current positions is LONG
2024-05-20 21:30:54,820
positions_future #2
2024-05-20 21:30:54,820
      symbol  positionAmt entryPrice  ... adlQuantile AUMs_account        w%
167  ETHUSDT        0.015    3142.32  ...           1        285.7  0.185784
134  XRPUSDT       90.000      0.522  ...           2        285.7  0.166807

[2 rows x 12 columns]
2024-05-20 21:30:54,920
programm stoppeddd!!! 20240520_213054
