2024-05-13 19:30:40,846
ON program started 20240513 19:30:40,
US time: 20240513 15:30:40
2024-05-13 19:30:41,822
the strat is currently running @ 13-05-2024 and the target positions is LONG
2024-05-13 19:30:43,238
CURRENT STATUS IS LONG
-----
return before 14h30:
BTCUSDT+2.11%, ETHUSDT+1.21%, XRPUSDT+1.20%
-----
target alloc initial:BTCUSDT+16.67%, ETHUSDT+16.67%, XRPUSDT+16.67%
-----
alloc target x rt%<0:BTCUSDT+16.67%, ETHUSDT+16.67%, XRPUSDT+16.67%
-----
           BTCUSDT ETHUSDT XRPUSDT
w_target     16.7%   16.7%   16.7%
rt_14h30     0.02%   0.01%   0.01%
w_target_f   16.7%   16.7%   16.7%
2024-05-13 19:30:43,239
Portfolio was rebalanced less than 2 hours ago, 1.0 hours ago
2024-05-13 19:30:43,240
Status: prev = LONG <> LONG = target
2024-05-13 19:30:43,240
the strat is currently running @ 13-05-2024 and the target positions is LONG
the strat was previously run @ 2024-05-13 18:31:00, success:? 
   and the current positions is LONG
2024-05-13 19:30:44,439
positions_future #2
2024-05-13 19:30:44,439
      symbol  positionAmt entryPrice  ... adlQuantile AUMs_account        w%
167  ETHUSDT        0.016    2936.21  ...           2        280.5  0.168448
134  XRPUSDT       93.100     0.5054  ...           3        280.5  0.168370

[2 rows x 12 columns]
2024-05-13 19:30:44,679
------------------------------
binance_account_balance
2024-05-13 19:30:44,679
  asset     balance  ...  marginAvailable   updateTime
6  USDT  280.061267  ...             True  13May-18:32

[1 rows x 8 columns]
2024-05-13 19:30:45,344
------------------------------
open_orders
2024-05-13 19:30:45,344
Empty DataFrame
Columns: []
Index: []
2024-05-13 19:30:45,995
------------------------------
AUMS account:280

2024-05-13 19:30:45,996
--------------- compute_futures_order_book() ----------------
2024-05-13 19:30:47,548
----------------------------------------------------------------------
#0 order(s) to place
gross$: 0$ | net$: +0$
gross%: 0% | net%: +0%
 || w>0%  +0% | w<0%  0%
----------------------------------------------------------------------
PTF Expo% 33.5% >> 50.0% (current>>target)
PTF expo $94.0 >> $140 (current>>target)
----------------------------------------------------------------------
2024-05-13 19:30:47,549
orders_ofthe_day
2024-05-13 19:30:47,549
Empty DataFrame
Columns: [ptf_usd, target_usd, totrd_usd, posttrd_usd, qty, posttrd_qty, posttrd_w, bid, ask, strategy]
Index: []
2024-05-13 19:30:47,613
Orders of the day is empty, current and target potfolios are aligned
2024-05-13 19:30:47,614
Program stopped
