2023-08-06 01:30:51,884
ON program started 20230806 01:30:51,
US time: 20230805 21:30:51
2023-08-06 01:30:52,283
the strat is currently running @ 06-08-2023 and the target positions is SHORT
2023-08-06 01:30:53,595
CURRENT STATUS IS SHORT, WE CHECK IF THE DAY IS A NEGATIVE ONE
-----
return before 14h30:
BTCUSDT+0.00%, ETHUSDT+0.00%, XRPUSDT+0.00%
-----
target alloc initial:BTCUSDT-4.17%, ETHUSDT+0.00%, XRPUSDT-4.17%
-----
alloc target x rt%<0:BTCUSDT-0.00%, ETHUSDT+0.00%, XRPUSDT-0.00%
-----
           BTCUSDT ETHUSDT XRPUSDT
w_target     -4.2%    0.0%   -4.2%
rt_14h30     0.00%   0.00%   0.00%
w_target_f   -0.0%    0.0%   -0.0%
2023-08-06 01:30:53,596
Portfolio was rebalanced less than 2 hours ago, 1.0 hours ago
2023-08-06 01:30:53,599
Status: prev = SHORT <> SHORT = target
2023-08-06 01:30:53,599
the strat is currently running @ 06-08-2023 and the target positions is SHORT
the strat was previously run @ 2023-08-06 00:31:22 UTC, success:yes 
   and the current positions is SHORT
2023-08-06 01:30:54,688
positions_future #0
2023-08-06 01:30:54,688
Empty DataFrame
Columns: [symbol, positionAmt, entryPrice, markPrice, unRealizedProfit, value_usd, updateTime, AUMs_account, w%]
Index: []
2023-08-06 01:30:54,699
programm stoppeddd!!! 20230806_013054
