2023-12-19 20:31:00,316
ON program started 20231219 20:31:00,
US time: 20231219 15:31:00
2023-12-19 20:31:00,822
the strat is currently running @ 19-12-2023 and the target positions is LONG
2023-12-19 20:31:03,945
CURRENT STATUS IS LONG
-----
return before 14h30:
BTCUSDT-1.64%, ETHUSDT-2.91%, XRPUSDT-1.34%
-----
target alloc initial:BTCUSDT+16.67%, ETHUSDT+16.67%, XRPUSDT+16.67%
-----
alloc target x rt%<0:BTCUSDT+16.67%, ETHUSDT+16.67%, XRPUSDT+16.67%
-----
           BTCUSDT ETHUSDT XRPUSDT
w_target     16.7%   16.7%   16.7%
rt_14h30    -0.02%  -0.03%  -0.01%
w_target_f   16.7%   16.7%   16.7%
2023-12-19 20:31:03,947
Portfolio was rebalanced less than 2 hours ago, 1.0 hours ago
2023-12-19 20:31:03,950
Status: prev = LONG <> LONG = target
2023-12-19 20:31:03,950
the strat is currently running @ 19-12-2023 and the target positions is LONG
the strat was previously run @ 2023-12-19 19:31:04 UTC, success:? 
   and the current positions is LONG
2023-12-19 20:31:05,203
positions_future #2
2023-12-19 20:31:05,203
      symbol  positionAmt entryPrice  ... adlQuantile AUMs_account        w%
108  XRPUSDT       81.000     0.6062  ...           1        292.1  0.167941
135  ETHUSDT        0.022    2187.07  ...           1        292.1  0.163793

[2 rows x 12 columns]
2023-12-19 20:31:05,460
------------------------------
binance_account_balance
2023-12-19 20:31:05,460
  asset     balance  ...  marginAvailable   updateTime
5  USDT  292.397854  ...             True  19Dec-19:34

[1 rows x 8 columns]
2023-12-19 20:31:06,135
------------------------------
open_orders
2023-12-19 20:31:06,135
Empty DataFrame
Columns: []
Index: []
2023-12-19 20:31:06,795
------------------------------
AUMS account:292

2023-12-19 20:31:06,798
--------------- compute_futures_order_book() ----------------
2023-12-19 20:31:08,370
----------------------------------------------------------------------
#0 order(s) to place
gross$: 0$ | net$: +0$
gross%: 0% | net%: +0%
 || w>0%  +0% | w<0%  0%
----------------------------------------------------------------------
PTF Expo% 33.2% >> 50.0% (current>>target)
PTF expo $97.0 >> $146 (current>>target)
----------------------------------------------------------------------
2023-12-19 20:31:08,371
orders_ofthe_day
2023-12-19 20:31:08,371
Empty DataFrame
Columns: [ptf_usd, target_usd, totrd_usd, posttrd_usd, qty, posttrd_qty, posttrd_w, bid, ask]
Index: []
2023-12-19 20:31:08,480
Orders of the day is empty, current and target potfolios are aligned
2023-12-19 20:31:08,480
Program stopped
