2024-06-27 02:31:06,806
ON program started 20240627 02:31:06,
US time: 20240626 22:31:06
2024-06-27 02:31:07,745
the strat is currently running @ 27-06-2024 and the target positions is NEUTRAL
2024-06-27 02:31:09,445
CURRENT STATUS IS NEUTRAL
-----
return before 14h30:
BTCUSDT+0.24%, ETHUSDT+0.32%, XRPUSDT-0.15%
-----
target alloc initial:BTCUSDT+0.00%, ETHUSDT+0.00%, XRPUSDT+0.00%
-----
alloc target x rt%<0:BTCUSDT+0.00%, ETHUSDT+0.00%, XRPUSDT+0.00%
-----
           BTCUSDT ETHUSDT XRPUSDT
w_target      0.0%    0.0%    0.0%
rt_14h30     0.00%   0.00%  -0.00%
w_target_f    0.0%    0.0%    0.0%
2024-06-27 02:31:09,447
Portfolio was rebalanced less than 2 hours ago, 1.0 hours ago
2024-06-27 02:31:09,448
Status: prev = NEUTRAL <> SHORT = target
2024-06-27 02:31:09,448
the strat is currently running @ 27-06-2024 and the target positions is NEUTRAL
the strat was previously run @ 2024-06-27 01:30:56, success:yes 
   and the current positions is SHORT
2024-06-27 02:31:10,589
positions_future #1
2024-06-27 02:31:10,590
      symbol  positionAmt entryPrice  ... adlQuantile AUMs_account        w%
131  XRPUSDT        -25.0     0.4705  ...           1        292.3 -0.040083

[1 rows x 12 columns]
2024-06-27 02:31:10,815
------------------------------
binance_account_balance
2024-06-27 02:31:10,815
  asset     balance  ...  marginAvailable   updateTime
4  USDT  292.286443  ...             True  26Jun-22:35

[1 rows x 8 columns]
2024-06-27 02:31:11,237
------------------------------
open_orders
2024-06-27 02:31:11,237
Empty DataFrame
Columns: []
Index: []
2024-06-27 02:31:11,848
------------------------------
AUMS account:292

2024-06-27 02:31:11,850
--------------- compute_futures_order_book() ----------------
2024-06-27 02:31:13,313
----------------------------------------------------------------------
#1 order(s) to place
gross$: 12$ | net$: +12$
gross%: 4% | net%: +4%
 || w>0%  +4% | w<0%  0%
----------------------------------------------------------------------
PTF Expo% -4.1% >> 0.0% (current>>target)
PTF expo $-12.0 >> $0 (current>>target)
----------------------------------------------------------------------
2024-06-27 02:31:13,315
orders_ofthe_day
2024-06-27 02:31:13,315
                  ptf_usd  target_usd  totrd_usd  ...     bid     ask strategy
2024-06-27 02:31                                  ...                         
XRPUSDT             -12.0         0.0       12.0  ...  0.4686  0.4687  STRATON

[1 rows x 10 columns]
2024-06-27 02:31:14,778
binance_place_orders_peg 20240627_023114
2024-06-27 02:31:15,192
{'orderId': 59245390859, 'symbol': 'XRPUSDT', 'status': 'NEW', 'clientOrderId': 'STRATON', 'price': '0.4684', 'avgPrice': '0.00', 'origQty': '25.0', 'executedQty': '0.0', 'cumQty': '0.0', 'cumQuote': '0.00000', 'timeInForce': 'GTC', 'type': 'LIMIT', 'reduceOnly': False, 'closePosition': False, 'side': 'BUY', 'positionSide': 'BOTH', 'stopPrice': '0.0000', 'workingType': 'CONTRACT_PRICE', 'priceProtect': False, 'origType': 'LIMIT', 'priceMatch': 'NONE', 'selfTradePreventionMode': 'NONE', 'goodTillDate': 0, 'updateTime': 1719455475087}
2024-06-27 02:31:16,248
update 0: filled 0 / 1 () | working 1 / 1 (+XRPUSDT)
2024-06-27 02:31:20,249
+XRPUSDT: bp4.0|
2024-06-27 02:31:20,699
update 1: filled 0 / 1 () | working 1 / 1 (+XRPUSDT)
2024-06-27 02:31:24,700
+XRPUSDT: bp6.0|
2024-06-27 02:31:25,117
update 2: filled 0 / 1 () | working 1 / 1 (+XRPUSDT)
2024-06-27 02:31:29,118
+XRPUSDT: bp4.0|
2024-06-27 02:31:29,532
update 3: filled 0 / 1 () | working 1 / 1 (+XRPUSDT)
2024-06-27 02:31:33,533
+XRPUSDT: bp4.0|
2024-06-27 02:31:33,945
update 4: filled 0 / 1 () | working 1 / 1 (+XRPUSDT)
2024-06-27 02:31:37,946
+XRPUSDT: bp2.0|
2024-06-27 02:31:38,361
update 5: filled 0 / 1 () | working 1 / 1 (+XRPUSDT)
2024-06-27 02:31:42,362
+XRPUSDT: bp2.0|
2024-06-27 02:31:42,775
update 6: filled 1 / 1 (+XRPUSDT) | working 0 / 1 ()
2024-06-27 02:31:48,072
Trades of the day
in$
as of: 27Jun 02:31>>02:31 (#trades: 1)
trade net: +12.0 (+4.1%), trade gross: +12.0 (+4.1%), BUY: +12.0 (+4.1%), SELL: +0.0 (+0.0%)
fees: $ 0.002 (2.0bp)
2024-06-27 02:31:48,308
Trades: 
Filled #1
______________________________________________
                   in$ | in bp 11 traded | in bp 292 AUMs
realizedPnl    +0.05   | +43     | +2     
PnLvsArrival   +0.01   | +9      | +0     
PnLvsLast      +0      | +0      | +0     
______________________________________________
                 | Value$ | PnL Arrival/Last 
______________________________________________
XRP:+25@0.4684  | +12$ | 0.01/0
