2023-08-31 21:30:37,853
ON program started 20230831 21:30:37,
US time: 20230831 17:30:37
2023-08-31 21:30:41,580
the strat is currently running @ 31-08-2023 and the target positions is LONG
2023-08-31 21:30:43,893
CURRENT STATUS IS LONG
-----
return before 14h30:
BTCUSDT-3.26%, ETHUSDT-2.30%, XRPUSDT-3.06%
-----
target alloc initial:BTCUSDT+16.67%, ETHUSDT+16.67%, XRPUSDT+16.67%
-----
alloc target x rt%<0:BTCUSDT+16.67%, ETHUSDT+16.67%, XRPUSDT+16.67%
-----
           BTCUSDT ETHUSDT XRPUSDT
w_target     16.7%   16.7%   16.7%
rt_14h30    -0.03%  -0.02%  -0.03%
w_target_f   16.7%   16.7%   16.7%
2023-08-31 21:30:43,895
Portfolio was rebalanced less than 2 hours ago, 1.0 hours ago
2023-08-31 21:30:43,898
Status: prev = LONG <> LONG = target
2023-08-31 21:30:43,898
the strat is currently running @ 31-08-2023 and the target positions is LONG
the strat was previously run @ 2023-08-31 20:30:34 UTC, success:yes 
   and the current positions is LONG
2023-08-31 21:30:45,058
positions_future #3
2023-08-31 21:30:45,058
      symbol  positionAmt entryPrice  ...   updateTime  AUMs_account        w%
225  BTCUSDT        0.002    26303.3  ...  31Aug-18:32         274.5  0.188751
138  ETHUSDT        0.028     1659.4  ...  31Aug-18:32         274.5  0.167616
111  XRPUSDT       90.500     0.5086  ...  31Aug-18:33         274.5  0.167460

[3 rows x 9 columns]
2023-08-31 21:30:45,084
programm stoppeddd!!! 20230831_213045
