2023-08-20 01:30:51,719
ON program started 20230820 01:30:51,
US time: 20230819 21:30:51
2023-08-20 01:30:52,198
the strat is currently running @ 20-08-2023 and the target positions is SHORT
2023-08-20 01:30:53,506
CURRENT STATUS IS SHORT, WE CHECK IF THE DAY IS A NEGATIVE ONE
-----
return before 14h30:
BTCUSDT+0.00%, ETHUSDT+0.00%, XRPUSDT+0.00%
-----
target alloc initial:BTCUSDT-4.17%, ETHUSDT+0.00%, XRPUSDT-4.17%
-----
alloc target x rt%<0:BTCUSDT-0.00%, ETHUSDT+0.00%, XRPUSDT-0.00%
-----
           BTCUSDT ETHUSDT XRPUSDT
w_target     -4.2%    0.0%   -4.2%
rt_14h30     0.00%   0.00%   0.00%
w_target_f   -0.0%    0.0%   -0.0%
2023-08-20 01:30:53,508
Portfolio was rebalanced less than 2 hours ago, 1.0 hours ago
2023-08-20 01:30:53,510
Status: prev = SHORT <> SHORT = target
2023-08-20 01:30:53,510
the strat is currently running @ 20-08-2023 and the target positions is SHORT
the strat was previously run @ 2023-08-20 00:30:57 UTC, success:yes 
   and the current positions is SHORT
2023-08-20 01:30:54,605
positions_future #0
2023-08-20 01:30:54,606
Empty DataFrame
Columns: [symbol, positionAmt, entryPrice, markPrice, unRealizedProfit, value_usd, updateTime, AUMs_account, w%]
Index: []
2023-08-20 01:30:54,616
programm stoppeddd!!! 20230820_013054
