2024-05-22 21:31:04,889
ON program started 20240522 21:31:04,
US time: 20240522 17:31:04
2024-05-22 21:31:05,398
the strat is currently running @ 22-05-2024 and the target positions is LONG
2024-05-22 21:31:06,783
CURRENT STATUS IS LONG
-----
return before 14h30:
BTCUSDT-0.80%, ETHUSDT-2.48%, XRPUSDT-1.27%
-----
target alloc initial:BTCUSDT+16.67%, ETHUSDT+16.67%, XRPUSDT+16.67%
-----
alloc target x rt%<0:BTCUSDT+16.67%, ETHUSDT+16.67%, XRPUSDT+16.67%
-----
           BTCUSDT ETHUSDT XRPUSDT
w_target     16.7%   16.7%   16.7%
rt_14h30    -0.01%  -0.02%  -0.01%
w_target_f   16.7%   16.7%   16.7%
2024-05-22 21:31:06,784
Portfolio was rebalanced less than 2 hours ago, 1.0 hours ago
2024-05-22 21:31:06,785
Status: prev = LONG <> LONG = target
2024-05-22 21:31:06,785
the strat is currently running @ 22-05-2024 and the target positions is LONG
the strat was previously run @ 2024-05-22 20:30:49, success:yes 
   and the current positions is LONG
2024-05-22 21:31:07,973
positions_future #2
2024-05-22 21:31:07,973
      symbol  positionAmt entryPrice  ... adlQuantile AUMs_account        w%
167  ETHUSDT        0.013    3718.65  ...           1        288.0  0.168937
134  XRPUSDT       90.800     0.5291  ...           1        288.0  0.165867

[2 rows x 12 columns]
2024-05-22 21:31:08,056
programm stoppeddd!!! 20240522_213108
