2024-07-20 00:30:57,143
ON program started 20240720 00:30:57,
US time: 20240719 20:30:57
2024-07-20 00:30:57,643
the strat is currently running @ 20-07-2024 and the target positions is SHORT
2024-07-20 00:30:58,953
CURRENT STATUS IS SHORT, WE CHECK IF THE DAY IS A NEGATIVE ONE
-----
return before 14h30:
BTCUSDT-0.33%, ETHUSDT-0.31%, XRPUSDT-0.12%
-----
target alloc initial:BTCUSDT-4.17%, ETHUSDT+0.00%, XRPUSDT-4.17%
-----
alloc target x rt%<0:BTCUSDT-4.17%, ETHUSDT+0.00%, XRPUSDT-4.17%
-----
           BTCUSDT ETHUSDT XRPUSDT
w_target     -4.2%    0.0%   -4.2%
rt_14h30    -0.00%  -0.00%  -0.00%
w_target_f   -4.2%    0.0%   -4.2%
2024-07-20 00:30:58,954
Portfolio was rebalanced less than 2 hours ago, 1.0 hours ago
2024-07-20 00:30:58,955
Status: prev = SHORT <> SHORT = target
2024-07-20 00:30:58,956
the strat is currently running @ 20-07-2024 and the target positions is SHORT
the strat was previously run @ 2024-07-19 23:30:46, success:yes 
   and the current positions is SHORT
2024-07-20 00:31:00,091
positions_future #1
2024-07-20 00:31:00,091
      symbol  positionAmt entryPrice  ... adlQuantile AUMs_account        w%
131  XRPUSDT        -21.5     0.5753  ...           3        292.8 -0.042161

[1 rows x 12 columns]
2024-07-20 00:31:00,196
programm stoppeddd!!! 20240720_003100
