2024-09-26 18:30:49,691
ON program started 20240926 18:30:49,
US time: 20240926 14:30:49
2024-09-26 18:30:50,155
the strat is currently running @ 26-09-2024 and the target positions is LONG
2024-09-26 18:30:51,586
CURRENT STATUS IS LONG
-----
return before 14h30:
BTCUSDT+2.02%, ETHUSDT+1.57%, XRPUSDT+1.11%
-----
target alloc initial:BTCUSDT+16.67%, ETHUSDT+16.67%, XRPUSDT+16.67%
-----
alloc target x rt%<0:BTCUSDT+16.67%, ETHUSDT+16.67%, XRPUSDT+16.67%
-----
           BTCUSDT ETHUSDT XRPUSDT
w_target     16.7%   16.7%   16.7%
rt_14h30     0.02%   0.02%   0.01%
w_target_f   16.7%   16.7%   16.7%
2024-09-26 18:30:51,587
Portfolio was rebalanced less than 2 hours ago, 15.0 hours ago
2024-09-26 18:30:51,588
Status: prev = LONG <> NEUTRAL = target
2024-09-26 18:30:51,588
the strat is currently running @ 26-09-2024 and the target positions is LONG
the strat was previously run @ 2024-09-26 03:30:47, success:? 
   and the current positions is NEUTRAL
2024-09-26 18:30:52,148
positions_future #1
2024-09-26 18:30:52,149
      symbol  positionAmt entryPrice  ... adlQuantile AUMs_account        w%
144  XRPUSDT        -20.8     0.5771  ...           1        293.9 -0.041841

[1 rows x 12 columns]
2024-09-26 18:30:52,396
------------------------------
binance_account_balance
2024-09-26 18:30:52,396
  asset     balance  ...  marginAvailable   updateTime
4  USDT  294.193547  ...             True  26Sep-01:31

[1 rows x 8 columns]
2024-09-26 18:30:52,848
------------------------------
open_orders
2024-09-26 18:30:52,848
Empty DataFrame
Columns: []
Index: []
2024-09-26 18:30:53,505
------------------------------
AUMS account:293

2024-09-26 18:30:53,507
--------------- compute_futures_order_book() ----------------
2024-09-26 18:30:54,877
----------------------------------------------------------------------
#2 order(s) to place
gross$: 111$ | net$: +111$
gross%: 38% | net%: +38%
 || w>0%  +38% | w<0%  0%
----------------------------------------------------------------------
PTF Expo% -4.0% >> 50.0% (current>>target)
PTF expo $-12.0 >> $146 (current>>target)
----------------------------------------------------------------------
2024-09-26 18:30:54,880
orders_ofthe_day
2024-09-26 18:30:54,880
                  ptf_usd  target_usd  totrd_usd  ...        bid        ask strategy
2024-09-26 18:30                                  ...                               
XRPUSDT             -12.0       48.99       61.0  ...     0.5911     0.5912  STRATON
ETHUSDT               0.0       48.99       50.0  ...  2634.0300  2634.0400  STRATON

[2 rows x 10 columns]
2024-09-26 18:30:56,424
binance_place_orders_peg 20240926_183056
2024-09-26 18:30:56,871
{'orderId': 66412925654, 'symbol': 'XRPUSDT', 'status': 'NEW', 'clientOrderId': 'STRATON', 'price': '0.5908', 'avgPrice': '0.00', 'origQty': '103.2', 'executedQty': '0.0', 'cumQty': '0.0', 'cumQuote': '0.00000', 'timeInForce': 'GTC', 'type': 'LIMIT', 'reduceOnly': False, 'closePosition': False, 'side': 'BUY', 'positionSide': 'BOTH', 'stopPrice': '0.0000', 'workingType': 'CONTRACT_PRICE', 'priceProtect': False, 'origType': 'LIMIT', 'priceMatch': 'NONE', 'selfTradePreventionMode': 'NONE', 'goodTillDate': 0, 'updateTime': 1727375456758}
2024-09-26 18:30:57,315
{'orderId': 8389765738191938372, 'symbol': 'ETHUSDT', 'status': 'NEW', 'clientOrderId': 'STRATON', 'price': '2632.71', 'avgPrice': '0.00', 'origQty': '0.019', 'executedQty': '0.000', 'cumQty': '0.000', 'cumQuote': '0.00000', 'timeInForce': 'GTC', 'type': 'LIMIT', 'reduceOnly': False, 'closePosition': False, 'side': 'BUY', 'positionSide': 'BOTH', 'stopPrice': '0.00', 'workingType': 'CONTRACT_PRICE', 'priceProtect': False, 'origType': 'LIMIT', 'priceMatch': 'NONE', 'selfTradePreventionMode': 'NONE', 'goodTillDate': 0, 'updateTime': 1727375457202}
2024-09-26 18:30:58,246
update 0: filled 0 / 2 () | working 2 / 2 (+XRPUSDT,+ETHUSDT)
2024-09-26 18:31:02,246
+XRPUSDT: bp7.0|+ETHUSDT: bp6.0|
2024-09-26 18:31:03,129
update 1: filled 0 / 2 () | working 2 / 2 (+XRPUSDT,+ETHUSDT)
2024-09-26 18:31:07,130
+XRPUSDT: bp7.0|+ETHUSDT: bp5.0|
2024-09-26 18:31:08,011
update 2: filled 0 / 2 () | working 2 / 2 (+XRPUSDT,+ETHUSDT)
2024-09-26 18:31:12,012
+XRPUSDT: bp7.0|+ETHUSDT: bp6.0|
2024-09-26 18:31:12,893
update 3: filled 0 / 2 () | working 2 / 2 (+XRPUSDT,+ETHUSDT)
2024-09-26 18:31:16,894
+XRPUSDT: bp5.0|+ETHUSDT: bp4.0|
2024-09-26 18:31:17,775
update 4: filled 0 / 2 () | working 2 / 2 (+XRPUSDT,+ETHUSDT)
2024-09-26 18:31:21,776
+XRPUSDT: bp7.0|+ETHUSDT: bp4.0|
2024-09-26 18:31:22,655
update 5: filled 0 / 2 () | working 2 / 2 (+XRPUSDT,+ETHUSDT)
2024-09-26 18:31:26,656
+XRPUSDT: bp5.0|+ETHUSDT: bp1.0|
2024-09-26 18:31:27,536
update 6: filled 0 / 2 () | working 2 / 2 (+XRPUSDT,+ETHUSDT)
2024-09-26 18:31:31,536
+XRPUSDT: bp5.0|+ETHUSDT: bp4.0|
2024-09-26 18:31:32,431
update 7: filled 0 / 2 () | working 2 / 2 (+XRPUSDT,+ETHUSDT)
2024-09-26 18:31:36,432
+XRPUSDT: bp5.0|+ETHUSDT: bp4.0|
2024-09-26 18:31:37,313
update 8: filled 0 / 2 () | working 2 / 2 (+XRPUSDT,+ETHUSDT)
2024-09-26 18:31:41,313
+XRPUSDT: bp5.0|+ETHUSDT: bp3.0|
2024-09-26 18:31:42,197
update 9: filled 0 / 2 () | working 2 / 2 (+XRPUSDT,+ETHUSDT)
2024-09-26 18:31:46,197
+XRPUSDT: bp5.0|+ETHUSDT: bp3.0|
2024-09-26 18:31:47,077
update 10: filled 0 / 2 () | working 2 / 2 (+XRPUSDT,+ETHUSDT)
2024-09-26 18:31:51,078
+XRPUSDT: bp5.0|+ETHUSDT: bp3.0|
2024-09-26 18:31:51,959
update 11: filled 0 / 2 () | working 2 / 2 (+XRPUSDT,+ETHUSDT)
2024-09-26 18:31:55,959
+XRPUSDT: bp3.0|+ETHUSDT: bp4.0|
2024-09-26 18:31:56,839
update 12: filled 0 / 2 () | working 2 / 2 (+XRPUSDT,+ETHUSDT)
2024-09-26 18:32:00,840
+XRPUSDT: bp5.0|+ETHUSDT: bp6.0|
2024-09-26 18:32:01,722
update 13: filled 0 / 2 () | working 2 / 2 (+XRPUSDT,+ETHUSDT)
2024-09-26 18:32:05,723
+XRPUSDT: bp7.0|+ETHUSDT: bp11.0|
2024-09-26 18:32:06,611
update 14: filled 0 / 2 () | working 2 / 2 (+XRPUSDT,+ETHUSDT)
2024-09-26 18:32:10,611
+XRPUSDT: bp12.0|+ETHUSDT: bp15.0|
2024-09-26 18:32:10,611
Adjustment limit #1 ... 
 we cancel current orders and replace
2024-09-26 18:32:10,612
@+/-2.5bp limit 
2024-09-26 18:32:10,612
binance_cancel_and_replace_orders_peg 20240926_183210
2024-09-26 18:32:12,822
binance_place_orders_peg 20240926_183212
