2024-04-08 22:31:06,079
ON program started 20240408 22:31:06,
US time: 20240408 18:31:06
2024-04-08 22:31:06,668
the strat is currently running @ 08-04-2024 and the target positions is SHORT
2024-04-08 22:31:08,067
CURRENT STATUS IS SHORT, WE CHECK IF THE DAY IS A NEGATIVE ONE
-----
return before 14h30:
BTCUSDT+3.73%, ETHUSDT+5.03%, XRPUSDT+3.35%
-----
target alloc initial:BTCUSDT-4.17%, ETHUSDT+0.00%, XRPUSDT-4.17%
-----
alloc target x rt%<0:BTCUSDT-0.00%, ETHUSDT+0.00%, XRPUSDT-0.00%
-----
           BTCUSDT ETHUSDT XRPUSDT
w_target     -4.2%    0.0%   -4.2%
rt_14h30     0.04%   0.05%   0.03%
w_target_f   -0.0%    0.0%   -0.0%
2024-04-08 22:31:08,068
Portfolio was rebalanced less than 2 hours ago, 1.0 hours ago
2024-04-08 22:31:08,070
Status: prev = SHORT <> LONG = target
2024-04-08 22:31:08,070
the strat is currently running @ 08-04-2024 and the target positions is SHORT
the strat was previously run @ 2024-04-08 21:30:46, success:yes 
   and the current positions is LONG
2024-04-08 22:31:09,287
positions_future #2
2024-04-08 22:31:09,287
      symbol  positionAmt entryPrice  ... adlQuantile AUMs_account        w%
158  ETHUSDT        0.013    3694.78  ...           1        288.3  0.166657
125  XRPUSDT       76.900     0.6242  ...           1        288.3  0.164847

[2 rows x 12 columns]
2024-04-08 22:31:09,528
------------------------------
binance_account_balance
2024-04-08 22:31:09,529
  asset     balance  ...  marginAvailable   updateTime
6  USDT  288.755251  ...             True  08Apr-18:34

[1 rows x 8 columns]
2024-04-08 22:31:10,197
------------------------------
open_orders
2024-04-08 22:31:10,197
Empty DataFrame
Columns: []
Index: []
2024-04-08 22:31:10,854
------------------------------
AUMS account:288

2024-04-08 22:31:10,855
--------------- compute_futures_order_book() ----------------
2024-04-08 22:31:12,414
----------------------------------------------------------------------
#2 order(s) to place
gross$: 96$ | net$: -96$
gross%: 33% | net%: -33%
 || w>0%  +0% | w<0%  -33%
----------------------------------------------------------------------
PTF Expo% 33.3% >> 0.0% (current>>target)
PTF expo $96.0 >> $0 (current>>target)
----------------------------------------------------------------------
2024-04-08 22:31:12,415
orders_ofthe_day
2024-04-08 22:31:12,415
                  ptf_usd  target_usd  totrd_usd  ...       bid        ask strategy
2024-04-08 22:31                                  ...                              
ETHUSDT              48.0         0.0      -48.0  ...  3695.760  3695.7700  STRATON
XRPUSDT              48.0        -0.0      -48.0  ...     0.618     0.6181  STRATON

[2 rows x 10 columns]
2024-04-08 22:31:13,972
binance_place_orders_peg 20240408_223113
2024-04-08 22:31:14,415
{'orderId': 8389765669973337446, 'symbol': 'ETHUSDT', 'status': 'NEW', 'clientOrderId': 'STRATON', 'price': '3697.33', 'avgPrice': '0.00', 'origQty': '0.013', 'executedQty': '0.000', 'cumQty': '0.000', 'cumQuote': '0.00000', 'timeInForce': 'GTC', 'type': 'LIMIT', 'reduceOnly': False, 'closePosition': False, 'side': 'SELL', 'positionSide': 'BOTH', 'stopPrice': '0.00', 'workingType': 'CONTRACT_PRICE', 'priceProtect': False, 'origType': 'LIMIT', 'priceMatch': 'NONE', 'selfTradePreventionMode': 'NONE', 'goodTillDate': 0, 'updateTime': 1712615474301}
2024-04-08 22:31:14,856
{'orderId': 54320069906, 'symbol': 'XRPUSDT', 'status': 'NEW', 'clientOrderId': 'STRATON', 'price': '0.6184', 'avgPrice': '0.00', 'origQty': '76.9', 'executedQty': '0.0', 'cumQty': '0.0', 'cumQuote': '0.00000', 'timeInForce': 'GTC', 'type': 'LIMIT', 'reduceOnly': False, 'closePosition': False, 'side': 'SELL', 'positionSide': 'BOTH', 'stopPrice': '0.0000', 'workingType': 'CONTRACT_PRICE', 'priceProtect': False, 'origType': 'LIMIT', 'priceMatch': 'NONE', 'selfTradePreventionMode': 'NONE', 'goodTillDate': 0, 'updateTime': 1712615474743}
2024-04-08 22:31:16,429
update 0: filled 0 / 2 () | working 2 / 2 (-ETHUSDT,-XRPUSDT)
2024-04-08 22:31:20,430
-ETHUSDT: bp5.0|-XRPUSDT: bp6.0|
2024-04-08 22:31:21,312
update 1: filled 0 / 2 () | working 2 / 2 (-ETHUSDT,-XRPUSDT)
2024-04-08 22:31:25,313
-ETHUSDT: bp4.0|-XRPUSDT: bp3.0|
2024-04-08 22:31:26,194
update 2: filled 0 / 2 () | working 2 / 2 (-ETHUSDT,-XRPUSDT)
2024-04-08 22:31:30,195
-ETHUSDT: bp3.0|-XRPUSDT: bp3.0|
2024-04-08 22:31:31,077
update 3: filled 0 / 2 () | working 2 / 2 (-ETHUSDT,-XRPUSDT)
2024-04-08 22:31:35,077
-ETHUSDT: bp3.0|-XRPUSDT: bp5.0|
2024-04-08 22:31:35,960
update 4: filled 1 / 2 (-ETHUSDT) | working 1 / 2 (-XRPUSDT)
2024-04-08 22:31:39,961
-XRPUSDT: bp3.0|
2024-04-08 22:31:40,841
update 5: filled 2 / 2 (-ETHUSDT,-XRPUSDT) | working 0 / 2 ()
2024-04-08 22:31:47,297
Trades of the day
in$
as of: 08Apr 22:31>>22:31 (#trades: 2)
trade net: -96.0 (-33.3%), trade gross: +96.0 (+33.3%), BUY: +0.0 (+0.0%), SELL: -96.0 (-33.3%)
fees: $ 0.019 (2.0bp)
2024-04-08 22:31:47,755
Trades: 
Filled #2
______________________________________________
                   in$ | in bp 95 traded | in bp 288 AUMs
realizedPnl    -0.42   | -44     | -15    
PnLvsArrival   +0.05   | +5      | +2     
PnLvsLast      -0.03   | -3      | -1     
______________________________________________
                 | Value$ | PnL Arrival/Last 
______________________________________________
ETH:-0.013@3697.33 | -48$ | 0.02/-0.02
XRP:-76.9@0.6184 | -48$ | 0.03/-0.01
