2024-04-28 00:31:07,788
ON program started 20240428 00:31:07,
US time: 20240427 20:31:07
2024-04-28 00:31:08,788
the strat is currently running @ 28-04-2024 and the target positions is SHORT
2024-04-28 00:31:10,632
CURRENT STATUS IS SHORT, WE CHECK IF THE DAY IS A NEGATIVE ONE
-----
return before 14h30:
BTCUSDT+0.43%, ETHUSDT+0.15%, XRPUSDT+0.35%
-----
target alloc initial:BTCUSDT-4.17%, ETHUSDT+0.00%, XRPUSDT-4.17%
-----
alloc target x rt%<0:BTCUSDT-0.00%, ETHUSDT+0.00%, XRPUSDT-0.00%
-----
           BTCUSDT ETHUSDT XRPUSDT
w_target     -4.2%    0.0%   -4.2%
rt_14h30     0.00%   0.00%   0.00%
w_target_f   -0.0%    0.0%   -0.0%
2024-04-28 00:31:10,634
Portfolio was rebalanced less than 2 hours ago, 1.0 hours ago
2024-04-28 00:31:10,636
Status: prev = SHORT <> SHORT = target
2024-04-28 00:31:10,636
the strat is currently running @ 28-04-2024 and the target positions is SHORT
the strat was previously run @ 2024-04-27 23:31:18, success:yes 
   and the current positions is SHORT
2024-04-28 00:31:11,858
positions_future #1
2024-04-28 00:31:11,858
      symbol  positionAmt entryPrice  ... adlQuantile AUMs_account       w%
131  XRPUSDT        -23.5     0.5169  ...           1        281.3 -0.04336

[1 rows x 12 columns]
2024-04-28 00:31:11,965
programm stoppeddd!!! 20240428_003111
