2024-05-26 22:30:47,121
ON program started 20240526 22:30:47,
US time: 20240526 18:30:47
2024-05-26 22:30:48,115
the strat is currently running @ 26-05-2024 and the target positions is SHORT
2024-05-26 22:30:49,568
CURRENT STATUS IS SHORT, WE CHECK IF THE DAY IS A NEGATIVE ONE
-----
return before 14h30:
BTCUSDT-0.22%, ETHUSDT+1.59%, XRPUSDT-1.46%
-----
target alloc initial:BTCUSDT-4.17%, ETHUSDT+0.00%, XRPUSDT-4.17%
-----
alloc target x rt%<0:BTCUSDT-4.17%, ETHUSDT+0.00%, XRPUSDT-4.17%
-----
           BTCUSDT ETHUSDT XRPUSDT
w_target     -4.2%    0.0%   -4.2%
rt_14h30    -0.00%   0.02%  -0.01%
w_target_f   -4.2%    0.0%   -4.2%
2024-05-26 22:30:49,569
Portfolio was rebalanced less than 2 hours ago, 1.0 hours ago
2024-05-26 22:30:49,570
Status: prev = SHORT <> LONG = target
2024-05-26 22:30:49,570
the strat is currently running @ 26-05-2024 and the target positions is SHORT
the strat was previously run @ 2024-05-26 21:31:21, success:yes 
   and the current positions is LONG
2024-05-26 22:30:50,779
positions_future #2
2024-05-26 22:30:50,779
      symbol  positionAmt entryPrice  ... adlQuantile AUMs_account        w%
167  ETHUSDT        0.013    3842.38  ...           1        289.6  0.172740
134  XRPUSDT       90.400     0.5313  ...           1        289.6  0.165338

[2 rows x 12 columns]
2024-05-26 22:30:51,021
------------------------------
binance_account_balance
2024-05-26 22:30:51,021
  asset     balance  ...  marginAvailable   updateTime
6  USDT  289.686953  ...             True  26May-18:35

[1 rows x 8 columns]
2024-05-26 22:30:51,694
------------------------------
open_orders
2024-05-26 22:30:51,694
Empty DataFrame
Columns: []
Index: []
2024-05-26 22:30:52,357
------------------------------
AUMS account:289

2024-05-26 22:30:52,359
--------------- compute_futures_order_book() ----------------
2024-05-26 22:30:53,920
----------------------------------------------------------------------
#2 order(s) to place
gross$: 110$ | net$: -110$
gross%: 38% | net%: -38%
 || w>0%  +0% | w<0%  -38%
----------------------------------------------------------------------
PTF Expo% 33.8% >> -8.3% (current>>target)
PTF expo $98.0 >> $-24 (current>>target)
----------------------------------------------------------------------
2024-05-26 22:30:53,922
orders_ofthe_day
2024-05-26 22:30:53,922
                  ptf_usd  target_usd  totrd_usd  ...        bid        ask strategy
2024-05-26 22:30                                  ...                               
XRPUSDT              48.0      -12.08      -60.0  ...     0.5297     0.5298  STRATON
ETHUSDT              50.0        0.00      -50.0  ...  3848.5700  3848.5800  STRATON

[2 rows x 10 columns]
2024-05-26 22:30:55,496
binance_place_orders_peg 20240526_223055
2024-05-26 22:30:55,936
{'orderId': 57335189334, 'symbol': 'XRPUSDT', 'status': 'NEW', 'clientOrderId': 'STRATON', 'price': '0.5301', 'avgPrice': '0.00', 'origQty': '113.3', 'executedQty': '0.0', 'cumQty': '0.0', 'cumQuote': '0.00000', 'timeInForce': 'GTC', 'type': 'LIMIT', 'reduceOnly': False, 'closePosition': False, 'side': 'SELL', 'positionSide': 'BOTH', 'stopPrice': '0.0000', 'workingType': 'CONTRACT_PRICE', 'priceProtect': False, 'origType': 'LIMIT', 'priceMatch': 'NONE', 'selfTradePreventionMode': 'NONE', 'goodTillDate': 0, 'updateTime': 1716762655826}
2024-05-26 22:30:56,375
{'orderId': 8389765685167589887, 'symbol': 'ETHUSDT', 'status': 'NEW', 'clientOrderId': 'STRATON', 'price': '3850.50', 'avgPrice': '0.00', 'origQty': '0.013', 'executedQty': '0.000', 'cumQty': '0.000', 'cumQuote': '0.00000', 'timeInForce': 'GTC', 'type': 'LIMIT', 'reduceOnly': False, 'closePosition': False, 'side': 'SELL', 'positionSide': 'BOTH', 'stopPrice': '0.00', 'workingType': 'CONTRACT_PRICE', 'priceProtect': False, 'origType': 'LIMIT', 'priceMatch': 'NONE', 'selfTradePreventionMode': 'NONE', 'goodTillDate': 0, 'updateTime': 1716762656265}
2024-05-26 22:30:57,945
update 0: filled 0 / 2 () | working 2 / 2 (-XRPUSDT,-ETHUSDT)
2024-05-26 22:31:01,946
-XRPUSDT: bp6.0|-ETHUSDT: bp5.0|
2024-05-26 22:31:02,820
update 1: filled 0 / 2 () | working 2 / 2 (-XRPUSDT,-ETHUSDT)
2024-05-26 22:31:06,821
-XRPUSDT: bp8.0|-ETHUSDT: bp5.0|
2024-05-26 22:31:07,694
update 2: filled 0 / 2 () | working 2 / 2 (-XRPUSDT,-ETHUSDT)
2024-05-26 22:31:11,695
-XRPUSDT: bp8.0|-ETHUSDT: bp5.0|
2024-05-26 22:31:12,568
update 3: filled 0 / 2 () | working 2 / 2 (-XRPUSDT,-ETHUSDT)
2024-05-26 22:31:16,569
-XRPUSDT: bp8.0|-ETHUSDT: bp7.0|
2024-05-26 22:31:17,447
update 4: filled 0 / 2 () | working 2 / 2 (-XRPUSDT,-ETHUSDT)
2024-05-26 22:31:21,448
-XRPUSDT: bp8.0|-ETHUSDT: bp5.0|
2024-05-26 22:31:22,324
update 5: filled 0 / 2 () | working 2 / 2 (-XRPUSDT,-ETHUSDT)
2024-05-26 22:31:26,325
-XRPUSDT: bp6.0|-ETHUSDT: bp6.0|
2024-05-26 22:31:27,199
update 6: filled 0 / 2 () | working 2 / 2 (-XRPUSDT,-ETHUSDT)
2024-05-26 22:31:31,200
-XRPUSDT: bp4.0|-ETHUSDT: bp8.0|
2024-05-26 22:31:32,075
update 7: filled 0 / 2 () | working 2 / 2 (-XRPUSDT,-ETHUSDT)
2024-05-26 22:31:36,075
-XRPUSDT: bp6.0|-ETHUSDT: bp8.0|
2024-05-26 22:31:36,984
update 8: filled 0 / 2 () | working 2 / 2 (-XRPUSDT,-ETHUSDT)
2024-05-26 22:31:40,984
-XRPUSDT: bp4.0|-ETHUSDT: bp8.0|
2024-05-26 22:31:41,859
update 9: filled 0 / 2 () | working 2 / 2 (-XRPUSDT,-ETHUSDT)
2024-05-26 22:31:45,860
-XRPUSDT: bp6.0|-ETHUSDT: bp9.0|
2024-05-26 22:31:46,738
update 10: filled 0 / 2 () | working 2 / 2 (-XRPUSDT,-ETHUSDT)
2024-05-26 22:31:50,739
-XRPUSDT: bp4.0|-ETHUSDT: bp9.0|
2024-05-26 22:31:51,618
update 11: filled 0 / 2 () | working 2 / 2 (-XRPUSDT,-ETHUSDT)
2024-05-26 22:31:55,621
-XRPUSDT: bp6.0|-ETHUSDT: bp9.0|
2024-05-26 22:31:56,496
update 12: filled 0 / 2 () | working 2 / 2 (-XRPUSDT,-ETHUSDT)
2024-05-26 22:32:00,497
-XRPUSDT: bp6.0|-ETHUSDT: bp9.0|
2024-05-26 22:32:01,373
update 13: filled 0 / 2 () | working 2 / 2 (-XRPUSDT,-ETHUSDT)
2024-05-26 22:32:05,373
-XRPUSDT: bp6.0|-ETHUSDT: bp9.0|
2024-05-26 22:32:06,250
update 14: filled 0 / 2 () | working 2 / 2 (-XRPUSDT,-ETHUSDT)
2024-05-26 22:32:10,251
-XRPUSDT: bp6.0|-ETHUSDT: bp9.0|
2024-05-26 22:32:10,251
Adjustment limit #1 ... 
 we cancel current orders and replace
2024-05-26 22:32:10,251
@+/-2.5bp limit 
2024-05-26 22:32:10,251
binance_cancel_and_replace_orders_peg 20240526_223210
2024-05-26 22:32:12,448
binance_place_orders_peg 20240526_223212
2024-05-26 22:32:12,886
{'orderId': 57335232596, 'symbol': 'XRPUSDT', 'status': 'NEW', 'clientOrderId': 'STRATON', 'price': '0.5298', 'avgPrice': '0.00', 'origQty': '113.3', 'executedQty': '0.0', 'cumQty': '0.0', 'cumQuote': '0.00000', 'timeInForce': 'GTC', 'type': 'LIMIT', 'reduceOnly': False, 'closePosition': False, 'side': 'SELL', 'positionSide': 'BOTH', 'stopPrice': '0.0000', 'workingType': 'CONTRACT_PRICE', 'priceProtect': False, 'origType': 'LIMIT', 'priceMatch': 'NONE', 'selfTradePreventionMode': 'NONE', 'goodTillDate': 0, 'updateTime': 1716762732776}
2024-05-26 22:32:13,323
{'orderId': 8389765685167863900, 'symbol': 'ETHUSDT', 'status': 'NEW', 'clientOrderId': 'STRATON', 'price': '3846.83', 'avgPrice': '0.00', 'origQty': '0.013', 'executedQty': '0.000', 'cumQty': '0.000', 'cumQuote': '0.00000', 'timeInForce': 'GTC', 'type': 'LIMIT', 'reduceOnly': False, 'closePosition': False, 'side': 'SELL', 'positionSide': 'BOTH', 'stopPrice': '0.00', 'workingType': 'CONTRACT_PRICE', 'priceProtect': False, 'origType': 'LIMIT', 'priceMatch': 'NONE', 'selfTradePreventionMode': 'NONE', 'goodTillDate': 0, 'updateTime': 1716762733215}
2024-05-26 22:32:14,207
update 0: filled 0 / 2 () | working 2 / 2 (-XRPUSDT,-ETHUSDT)
2024-05-26 22:32:18,208
-XRPUSDT: bp4.0|-ETHUSDT: bp2.0|
2024-05-26 22:32:19,084
update 1: filled 0 / 2 () | working 2 / 2 (-XRPUSDT,-ETHUSDT)
2024-05-26 22:32:23,085
-XRPUSDT: bp4.0|-ETHUSDT: bp3.0|
2024-05-26 22:32:23,959
update 2: filled 0 / 2 () | working 2 / 2 (-XRPUSDT,-ETHUSDT)
2024-05-26 22:32:27,960
-XRPUSDT: bp4.0|-ETHUSDT: bp1.0|
2024-05-26 22:32:28,837
update 3: filled 0 / 2 () | working 2 / 2 (-XRPUSDT,-ETHUSDT)
2024-05-26 22:32:32,837
-XRPUSDT: bp4.0|-ETHUSDT: bp1.0|
2024-05-26 22:32:33,715
update 4: filled 0 / 2 () | working 2 / 2 (-XRPUSDT,-ETHUSDT)
2024-05-26 22:32:37,716
-XRPUSDT: bp4.0|-ETHUSDT: bp3.0|
2024-05-26 22:32:38,592
update 5: filled 0 / 2 () | working 2 / 2 (-XRPUSDT,-ETHUSDT)
2024-05-26 22:32:42,593
-XRPUSDT: bp4.0|-ETHUSDT: bp2.0|
2024-05-26 22:32:43,468
update 6: filled 0 / 2 () | working 2 / 2 (-XRPUSDT,-ETHUSDT)
2024-05-26 22:32:47,469
-XRPUSDT: bp2.0|-ETHUSDT: bp2.0|
2024-05-26 22:32:48,344
update 7: filled 0 / 2 () | working 2 / 2 (-XRPUSDT,-ETHUSDT)
2024-05-26 22:32:52,344
-XRPUSDT: bp4.0|-ETHUSDT: bp2.0|
2024-05-26 22:32:53,220
update 8: filled 0 / 2 () | working 2 / 2 (-XRPUSDT,-ETHUSDT)
2024-05-26 22:32:57,220
-XRPUSDT: bp2.0|-ETHUSDT: bp2.0|
2024-05-26 22:32:58,094
update 9: filled 0 / 2 () | working 2 / 2 (-XRPUSDT,-ETHUSDT)
2024-05-26 22:33:02,095
-XRPUSDT: bp4.0|-ETHUSDT: bp2.0|
2024-05-26 22:33:02,971
update 10: filled 1 / 2 (-ETHUSDT) | working 1 / 2 (-XRPUSDT)
2024-05-26 22:33:06,972
-XRPUSDT: bp4.0|
2024-05-26 22:33:07,847
update 11: filled 2 / 2 (-XRPUSDT,-ETHUSDT) | working 0 / 2 ()
2024-05-26 22:33:14,287
Trades of the day
in$
as of: 26May 22:32>>22:33 (#trades: 2)
trade net: -110.0 (-38.0%), trade gross: +110.0 (+38.0%), BUY: +0.0 (+0.0%), SELL: -110.0 (-38.0%)
fees: $ 0.022 (2.0bp)
2024-05-26 22:33:14,739
Trades: 
Filled #2
______________________________________________
                   in$ | in bp 110 traded | in bp 289 AUMs
realizedPnl    -0.08   | -7      | -3     
PnLvsArrival   -0.01   | -1      | -0     
PnLvsLast      -0.02   | -2      | -1     
______________________________________________
                 | Value$ | PnL Arrival/Last 
______________________________________________
XRP:-113.3@0.5298 | -60$ | 0.01/0
ETH:-0.013@3846.83 | -50$ | -0.02/-0.02
