2024-05-20 02:31:09,523
ON program started 20240520 02:31:09,
US time: 20240519 22:31:09
2024-05-20 02:31:10,501
the strat is currently running @ 20-05-2024 and the target positions is NEUTRAL
2024-05-20 02:31:12,737
CURRENT STATUS IS NEUTRAL
-----
return before 14h30:
BTCUSDT+0.64%, ETHUSDT+0.63%, XRPUSDT+0.57%
-----
target alloc initial:BTCUSDT+0.00%, ETHUSDT+0.00%, XRPUSDT+0.00%
-----
alloc target x rt%<0:BTCUSDT+0.00%, ETHUSDT+0.00%, XRPUSDT+0.00%
-----
           BTCUSDT ETHUSDT XRPUSDT
w_target      0.0%    0.0%    0.0%
rt_14h30     0.01%   0.01%   0.01%
w_target_f    0.0%    0.0%    0.0%
2024-05-20 02:31:12,738
Portfolio was rebalanced less than 2 hours ago, 1.0 hours ago
2024-05-20 02:31:12,740
Status: prev = NEUTRAL <> SHORT = target
2024-05-20 02:31:12,740
the strat is currently running @ 20-05-2024 and the target positions is NEUTRAL
the strat was previously run @ 2024-05-20 01:31:08, success:yes 
   and the current positions is SHORT
2024-05-20 02:31:13,924
positions_future #1
2024-05-20 02:31:13,925
      symbol  positionAmt entryPrice  ... adlQuantile AUMs_account        w%
134  XRPUSDT        -23.5     0.5097  ...           1        279.1 -0.043117

[1 rows x 12 columns]
2024-05-20 02:31:14,162
------------------------------
binance_account_balance
2024-05-20 02:31:14,162
  asset     balance  ...  marginAvailable   updateTime
6  USDT  279.172874  ...             True  19May-22:34

[1 rows x 8 columns]
2024-05-20 02:31:14,610
------------------------------
open_orders
2024-05-20 02:31:14,610
Empty DataFrame
Columns: []
Index: []
2024-05-20 02:31:15,259
------------------------------
AUMS account:279

2024-05-20 02:31:15,260
--------------- compute_futures_order_book() ----------------
2024-05-20 02:31:16,799
----------------------------------------------------------------------
#1 order(s) to place
gross$: 12$ | net$: +12$
gross%: 4% | net%: +4%
 || w>0%  +4% | w<0%  0%
----------------------------------------------------------------------
PTF Expo% -4.3% >> 0.0% (current>>target)
PTF expo $-12.0 >> $0 (current>>target)
----------------------------------------------------------------------
2024-05-20 02:31:16,800
orders_ofthe_day
2024-05-20 02:31:16,800
                  ptf_usd  target_usd  totrd_usd  ...     bid    ask strategy
2024-05-20 02:31                                  ...                        
XRPUSDT             -12.0         0.0       12.0  ...  0.5119  0.512  STRATON

[1 rows x 10 columns]
2024-05-20 02:31:18,702
binance_place_orders_peg 20240520_023118
2024-05-20 02:31:19,139
{'orderId': 56878839576, 'symbol': 'XRPUSDT', 'status': 'NEW', 'clientOrderId': 'STRATON', 'price': '0.5115', 'avgPrice': '0.00', 'origQty': '23.5', 'executedQty': '0.0', 'cumQty': '0.0', 'cumQuote': '0.00000', 'timeInForce': 'GTC', 'type': 'LIMIT', 'reduceOnly': False, 'closePosition': False, 'side': 'BUY', 'positionSide': 'BOTH', 'stopPrice': '0.0000', 'workingType': 'CONTRACT_PRICE', 'priceProtect': False, 'origType': 'LIMIT', 'priceMatch': 'NONE', 'selfTradePreventionMode': 'NONE', 'goodTillDate': 0, 'updateTime': 1716172279031}
2024-05-20 02:31:20,257
update 0: filled 0 / 1 () | working 1 / 1 (+XRPUSDT)
2024-05-20 02:31:24,257
+XRPUSDT: bp8.0|
2024-05-20 02:31:24,696
update 1: filled 0 / 1 () | working 1 / 1 (+XRPUSDT)
2024-05-20 02:31:28,696
+XRPUSDT: bp10.0|
2024-05-20 02:31:29,135
update 2: filled 0 / 1 () | working 1 / 1 (+XRPUSDT)
2024-05-20 02:31:33,136
+XRPUSDT: bp10.0|
2024-05-20 02:31:33,573
update 3: filled 0 / 1 () | working 1 / 1 (+XRPUSDT)
2024-05-20 02:31:37,574
+XRPUSDT: bp12.0|
2024-05-20 02:31:38,010
update 4: filled 0 / 1 () | working 1 / 1 (+XRPUSDT)
2024-05-20 02:31:42,011
+XRPUSDT: bp12.0|
2024-05-20 02:31:42,448
update 5: filled 0 / 1 () | working 1 / 1 (+XRPUSDT)
2024-05-20 02:31:46,449
+XRPUSDT: bp14.0|
2024-05-20 02:31:46,886
update 6: filled 0 / 1 () | working 1 / 1 (+XRPUSDT)
2024-05-20 02:31:50,887
+XRPUSDT: bp14.0|
2024-05-20 02:31:51,327
update 7: filled 0 / 1 () | working 1 / 1 (+XRPUSDT)
2024-05-20 02:31:55,328
+XRPUSDT: bp14.0|
2024-05-20 02:31:55,763
update 8: filled 0 / 1 () | working 1 / 1 (+XRPUSDT)
2024-05-20 02:31:59,764
+XRPUSDT: bp14.0|
2024-05-20 02:32:00,202
update 9: filled 0 / 1 () | working 1 / 1 (+XRPUSDT)
2024-05-20 02:32:04,203
+XRPUSDT: bp14.0|
2024-05-20 02:32:04,641
update 10: filled 0 / 1 () | working 1 / 1 (+XRPUSDT)
2024-05-20 02:32:08,642
+XRPUSDT: bp14.0|
2024-05-20 02:32:09,078
update 11: filled 0 / 1 () | working 1 / 1 (+XRPUSDT)
2024-05-20 02:32:13,079
+XRPUSDT: bp14.0|
2024-05-20 02:32:13,518
update 12: filled 0 / 1 () | working 1 / 1 (+XRPUSDT)
2024-05-20 02:32:17,519
+XRPUSDT: bp14.0|
2024-05-20 02:32:17,955
update 13: filled 0 / 1 () | working 1 / 1 (+XRPUSDT)
2024-05-20 02:32:21,955
+XRPUSDT: bp16.0|
2024-05-20 02:32:22,400
update 14: filled 0 / 1 () | working 1 / 1 (+XRPUSDT)
2024-05-20 02:32:26,401
+XRPUSDT: bp16.0|
2024-05-20 02:32:26,401
Adjustment limit #1 ... 
 we cancel current orders and replace
2024-05-20 02:32:26,401
@+/-2.5bp limit 
2024-05-20 02:32:26,401
binance_cancel_and_replace_orders_peg 20240520_023226
2024-05-20 02:32:27,496
binance_place_orders_peg 20240520_023227
2024-05-20 02:32:27,932
{'orderId': 56878899216, 'symbol': 'XRPUSDT', 'status': 'NEW', 'clientOrderId': 'STRATON', 'price': '0.5120', 'avgPrice': '0.00', 'origQty': '23.5', 'executedQty': '0.0', 'cumQty': '0.0', 'cumQuote': '0.00000', 'timeInForce': 'GTC', 'type': 'LIMIT', 'reduceOnly': False, 'closePosition': False, 'side': 'BUY', 'positionSide': 'BOTH', 'stopPrice': '0.0000', 'workingType': 'CONTRACT_PRICE', 'priceProtect': False, 'origType': 'LIMIT', 'priceMatch': 'NONE', 'selfTradePreventionMode': 'NONE', 'goodTillDate': 0, 'updateTime': 1716172347823}
2024-05-20 02:32:28,378
update 0: filled 0 / 1 () | working 1 / 1 (+XRPUSDT)
2024-05-20 02:32:32,378
+XRPUSDT: bp6.0|
2024-05-20 02:32:32,817
update 1: filled 0 / 1 () | working 1 / 1 (+XRPUSDT)
2024-05-20 02:32:36,818
+XRPUSDT: bp6.0|
2024-05-20 02:32:37,256
update 2: filled 0 / 1 () | working 1 / 1 (+XRPUSDT)
2024-05-20 02:32:41,257
+XRPUSDT: bp2.0|
2024-05-20 02:32:41,693
update 3: filled 0 / 1 () | working 1 / 1 (+XRPUSDT)
2024-05-20 02:32:45,693
+XRPUSDT: bp4.0|
2024-05-20 02:32:46,129
update 4: filled 0 / 1 () | working 1 / 1 (+XRPUSDT)
2024-05-20 02:32:50,130
+XRPUSDT: bp4.0|
2024-05-20 02:32:50,566
update 5: filled 0 / 1 () | working 1 / 1 (+XRPUSDT)
2024-05-20 02:32:54,567
+XRPUSDT: bp6.0|
2024-05-20 02:32:55,006
update 6: filled 0 / 1 () | working 1 / 1 (+XRPUSDT)
2024-05-20 02:32:59,007
+XRPUSDT: bp6.0|
2024-05-20 02:32:59,443
update 7: filled 0 / 1 () | working 1 / 1 (+XRPUSDT)
2024-05-20 02:33:03,443
+XRPUSDT: bp6.0|
2024-05-20 02:33:03,879
update 8: filled 0 / 1 () | working 1 / 1 (+XRPUSDT)
2024-05-20 02:33:07,880
+XRPUSDT: bp6.0|
2024-05-20 02:33:08,316
update 9: filled 0 / 1 () | working 1 / 1 (+XRPUSDT)
2024-05-20 02:33:12,317
+XRPUSDT: bp8.0|
2024-05-20 02:33:12,753
update 10: filled 0 / 1 () | working 1 / 1 (+XRPUSDT)
2024-05-20 02:33:16,754
+XRPUSDT: bp8.0|
2024-05-20 02:33:17,192
update 11: filled 0 / 1 () | working 1 / 1 (+XRPUSDT)
2024-05-20 02:33:21,193
+XRPUSDT: bp6.0|
2024-05-20 02:33:21,630
update 12: filled 0 / 1 () | working 1 / 1 (+XRPUSDT)
2024-05-20 02:33:25,630
+XRPUSDT: bp4.0|
2024-05-20 02:33:26,066
update 13: filled 0 / 1 () | working 1 / 1 (+XRPUSDT)
2024-05-20 02:33:30,067
+XRPUSDT: bp4.0|
2024-05-20 02:33:30,507
update 14: filled 1 / 1 (+XRPUSDT) | working 0 / 1 ()
2024-05-20 02:33:35,844
Trades of the day
in$
as of: 20May 02:33>>02:33 (#trades: 1)
trade net: +12.0 (+4.3%), trade gross: +12.0 (+4.3%), BUY: +12.0 (+4.3%), SELL: +0.0 (+0.0%)
fees: $ 0.002 (2.0bp)
2024-05-20 02:33:36,077
Trades: 
Filled #1
______________________________________________
                   in$ | in bp 12 traded | in bp 279 AUMs
realizedPnl    -0.05   | -42     | -2     
PnLvsArrival   +0      | +0      | +0     
PnLvsLast      +0      | +0      | +0     
______________________________________________
                 | Value$ | PnL Arrival/Last 
______________________________________________
XRP:+23.5@0.512 | +12$ | -0/-0
