2024-05-29 02:31:07,482
ON program started 20240529 02:31:07,
US time: 20240528 22:31:07
2024-05-29 02:31:07,997
the strat is currently running @ 29-05-2024 and the target positions is NEUTRAL
2024-05-29 02:31:09,816
CURRENT STATUS IS NEUTRAL
-----
return before 14h30:
BTCUSDT+0.75%, ETHUSDT+0.41%, XRPUSDT-0.21%
-----
target alloc initial:BTCUSDT+0.00%, ETHUSDT+0.00%, XRPUSDT+0.00%
-----
alloc target x rt%<0:BTCUSDT+0.00%, ETHUSDT+0.00%, XRPUSDT+0.00%
-----
           BTCUSDT ETHUSDT XRPUSDT
w_target      0.0%    0.0%    0.0%
rt_14h30     0.01%   0.00%  -0.00%
w_target_f    0.0%    0.0%    0.0%
2024-05-29 02:31:09,818
Portfolio was rebalanced less than 2 hours ago, 1.0 hours ago
2024-05-29 02:31:09,819
Status: prev = NEUTRAL <> SHORT = target
2024-05-29 02:31:09,819
the strat is currently running @ 29-05-2024 and the target positions is NEUTRAL
the strat was previously run @ 2024-05-29 01:31:28, success:yes 
   and the current positions is SHORT
2024-05-29 02:31:11,013
positions_future #1
2024-05-29 02:31:11,014
      symbol  positionAmt entryPrice  ... adlQuantile AUMs_account       w%
128  XRPUSDT        -22.4     0.5295  ...           2        289.5 -0.04081

[1 rows x 12 columns]
2024-05-29 02:31:11,250
------------------------------
binance_account_balance
2024-05-29 02:31:11,250
  asset     balance  ...  marginAvailable   updateTime
6  USDT  289.436627  ...             True  28May-22:33

[1 rows x 8 columns]
2024-05-29 02:31:11,693
------------------------------
open_orders
2024-05-29 02:31:11,693
Empty DataFrame
Columns: []
Index: []
2024-05-29 02:31:12,336
------------------------------
AUMS account:289

2024-05-29 02:31:12,338
--------------- compute_futures_order_book() ----------------
2024-05-29 02:31:13,866
----------------------------------------------------------------------
#1 order(s) to place
gross$: 12$ | net$: +12$
gross%: 4% | net%: +4%
 || w>0%  +4% | w<0%  0%
----------------------------------------------------------------------
PTF Expo% -4.1% >> 0.0% (current>>target)
PTF expo $-12.0 >> $0 (current>>target)
----------------------------------------------------------------------
2024-05-29 02:31:13,867
orders_ofthe_day
2024-05-29 02:31:13,868
                  ptf_usd  target_usd  totrd_usd  ...     bid     ask strategy
2024-05-29 02:31                                  ...                         
XRPUSDT             -12.0         0.0       12.0  ...  0.5273  0.5274  STRATON

[1 rows x 10 columns]
2024-05-29 02:31:15,359
binance_place_orders_peg 20240529_023115
2024-05-29 02:31:15,791
{'orderId': 57472065497, 'symbol': 'XRPUSDT', 'status': 'NEW', 'clientOrderId': 'STRATON', 'price': '0.5272', 'avgPrice': '0.00', 'origQty': '22.4', 'executedQty': '0.0', 'cumQty': '0.0', 'cumQuote': '0.00000', 'timeInForce': 'GTC', 'type': 'LIMIT', 'reduceOnly': False, 'closePosition': False, 'side': 'BUY', 'positionSide': 'BOTH', 'stopPrice': '0.0000', 'workingType': 'CONTRACT_PRICE', 'priceProtect': False, 'origType': 'LIMIT', 'priceMatch': 'NONE', 'selfTradePreventionMode': 'NONE', 'goodTillDate': 0, 'updateTime': 1716949875684}
2024-05-29 02:31:16,907
update 0: filled 0 / 1 () | working 1 / 1 (+XRPUSDT)
2024-05-29 02:31:20,908
+XRPUSDT: bp4.0|
2024-05-29 02:31:21,342
update 1: filled 0 / 1 () | working 1 / 1 (+XRPUSDT)
2024-05-29 02:31:25,343
+XRPUSDT: bp9.0|
2024-05-29 02:31:25,780
update 2: filled 0 / 1 () | working 1 / 1 (+XRPUSDT)
2024-05-29 02:31:29,781
+XRPUSDT: bp9.0|
2024-05-29 02:31:30,218
update 3: filled 0 / 1 () | working 1 / 1 (+XRPUSDT)
2024-05-29 02:31:34,219
+XRPUSDT: bp13.0|
2024-05-29 02:31:34,655
update 4: filled 0 / 1 () | working 1 / 1 (+XRPUSDT)
2024-05-29 02:31:38,656
+XRPUSDT: bp13.0|
2024-05-29 02:31:39,090
update 5: filled 0 / 1 () | working 1 / 1 (+XRPUSDT)
2024-05-29 02:31:43,091
+XRPUSDT: bp15.0|
2024-05-29 02:31:43,525
update 6: filled 0 / 1 () | working 1 / 1 (+XRPUSDT)
2024-05-29 02:31:47,526
+XRPUSDT: bp11.0|
2024-05-29 02:31:47,962
update 7: filled 0 / 1 () | working 1 / 1 (+XRPUSDT)
2024-05-29 02:31:51,963
+XRPUSDT: bp11.0|
2024-05-29 02:31:52,398
update 8: filled 0 / 1 () | working 1 / 1 (+XRPUSDT)
2024-05-29 02:31:56,399
+XRPUSDT: bp11.0|
2024-05-29 02:31:56,834
update 9: filled 0 / 1 () | working 1 / 1 (+XRPUSDT)
2024-05-29 02:32:00,835
+XRPUSDT: bp13.0|
2024-05-29 02:32:01,269
update 10: filled 0 / 1 () | working 1 / 1 (+XRPUSDT)
2024-05-29 02:32:05,270
+XRPUSDT: bp13.0|
2024-05-29 02:32:05,705
update 11: filled 0 / 1 () | working 1 / 1 (+XRPUSDT)
2024-05-29 02:32:09,706
+XRPUSDT: bp11.0|
2024-05-29 02:32:10,140
update 12: filled 0 / 1 () | working 1 / 1 (+XRPUSDT)
2024-05-29 02:32:14,141
+XRPUSDT: bp8.0|
2024-05-29 02:32:14,577
update 13: filled 0 / 1 () | working 1 / 1 (+XRPUSDT)
2024-05-29 02:32:18,577
+XRPUSDT: bp8.0|
2024-05-29 02:32:19,011
update 14: filled 0 / 1 () | working 1 / 1 (+XRPUSDT)
2024-05-29 02:32:23,012
+XRPUSDT: bp4.0|
2024-05-29 02:32:23,012
Adjustment limit #1 ... 
 we cancel current orders and replace
2024-05-29 02:32:23,012
@+/-2.5bp limit 
2024-05-29 02:32:23,012
binance_cancel_and_replace_orders_peg 20240529_023223
2024-05-29 02:32:24,098
binance_place_orders_peg 20240529_023224
2024-05-29 02:32:24,531
{'orderId': 57472133772, 'symbol': 'XRPUSDT', 'status': 'NEW', 'clientOrderId': 'STRATON', 'price': '0.5273', 'avgPrice': '0.00', 'origQty': '22.4', 'executedQty': '0.0', 'cumQty': '0.0', 'cumQuote': '0.00000', 'timeInForce': 'GTC', 'type': 'LIMIT', 'reduceOnly': False, 'closePosition': False, 'side': 'BUY', 'positionSide': 'BOTH', 'stopPrice': '0.0000', 'workingType': 'CONTRACT_PRICE', 'priceProtect': False, 'origType': 'LIMIT', 'priceMatch': 'NONE', 'selfTradePreventionMode': 'NONE', 'goodTillDate': 0, 'updateTime': 1716949944422}
2024-05-29 02:32:24,974
update 0: filled 0 / 1 () | working 1 / 1 (+XRPUSDT)
2024-05-29 02:32:28,974
+XRPUSDT: bp6.0|
2024-05-29 02:32:29,408
update 1: filled 0 / 1 () | working 1 / 1 (+XRPUSDT)
2024-05-29 02:32:33,409
+XRPUSDT: bp4.0|
2024-05-29 02:32:33,845
update 2: filled 0 / 1 () | working 1 / 1 (+XRPUSDT)
2024-05-29 02:32:37,846
+XRPUSDT: bp4.0|
2024-05-29 02:32:38,282
update 3: filled 0 / 1 () | working 1 / 1 (+XRPUSDT)
2024-05-29 02:32:42,283
+XRPUSDT: bp4.0|
2024-05-29 02:32:42,716
update 4: filled 0 / 1 () | working 1 / 1 (+XRPUSDT)
2024-05-29 02:32:46,716
+XRPUSDT: bp4.0|
2024-05-29 02:32:47,151
update 5: filled 0 / 1 () | working 1 / 1 (+XRPUSDT)
2024-05-29 02:32:51,152
+XRPUSDT: bp2.0|
2024-05-29 02:32:51,586
update 6: filled 0 / 1 () | working 1 / 1 (+XRPUSDT)
2024-05-29 02:32:55,587
+XRPUSDT: bp2.0|
2024-05-29 02:32:56,022
update 7: filled 0 / 1 () | working 1 / 1 (+XRPUSDT)
2024-05-29 02:33:00,023
+XRPUSDT: bp2.0|
2024-05-29 02:33:00,457
update 8: filled 0 / 1 () | working 1 / 1 (+XRPUSDT)
2024-05-29 02:33:04,458
+XRPUSDT: bp2.0|
2024-05-29 02:33:04,893
update 9: filled 1 / 1 (+XRPUSDT) | working 0 / 1 ()
2024-05-29 02:33:10,241
Trades of the day
in$
as of: 29May 02:33>>02:33 (#trades: 1)
trade net: +12.0 (+4.1%), trade gross: +12.0 (+4.1%), BUY: +12.0 (+4.1%), SELL: +0.0 (+0.0%)
fees: $ 0.002 (2.0bp)
2024-05-29 02:33:10,475
Trades: 
Filled #1
______________________________________________
                   in$ | in bp 11 traded | in bp 289 AUMs
realizedPnl    +0.05   | +42     | +2     
PnLvsArrival   +0      | +0      | +0     
PnLvsLast      +0      | +0      | +0     
______________________________________________
                 | Value$ | PnL Arrival/Last 
______________________________________________
XRP:+22.4@0.5273 | +12$ | 0/-0
