2023-12-03 19:30:36,694
ON program started 20231203 19:30:36,
US time: 20231203 14:30:36
2023-12-03 19:30:37,218
the strat is currently running @ 03-12-2023 and the target positions is LONG
2023-12-03 19:30:38,625
CURRENT STATUS IS LONG
-----
return before 14h30:
BTCUSDT+0.49%, ETHUSDT+0.23%, XRPUSDT+0.02%
-----
target alloc initial:BTCUSDT+16.67%, ETHUSDT+16.67%, XRPUSDT+16.67%
-----
alloc target x rt%<0:BTCUSDT+16.67%, ETHUSDT+16.67%, XRPUSDT+16.67%
-----
           BTCUSDT ETHUSDT XRPUSDT
w_target     16.7%   16.7%   16.7%
rt_14h30     0.00%   0.00%   0.00%
w_target_f   16.7%   16.7%   16.7%
2023-12-03 19:30:38,627
Portfolio was rebalanced less than 2 hours ago, 15.0 hours ago
2023-12-03 19:30:38,630
Status: prev = LONG <> NEUTRAL = target
2023-12-03 19:30:38,630
the strat is currently running @ 03-12-2023 and the target positions is LONG
the strat was previously run @ 2023-12-03 04:31:01 UTC, success:yes 
   and the current positions is NEUTRAL
2023-12-03 19:30:39,861
positions_future #0
2023-12-03 19:30:39,862
Empty DataFrame
Columns: [symbol, positionAmt, entryPrice, breakEvenPrice, markPrice, unRealizedProfit, value_usd, updateTime, isolated, adlQuantile, AUMs_account, w%]
Index: []
2023-12-03 19:30:40,086
------------------------------
binance_account_balance
2023-12-03 19:30:40,086
  asset     balance  ... marginAvailable   updateTime
5  USDT  288.605606  ...            True  02Dec-23:31

[1 rows x 8 columns]
2023-12-03 19:30:40,318
------------------------------
open_orders
2023-12-03 19:30:40,318
Empty DataFrame
Columns: []
Index: []
2023-12-03 19:30:40,975
------------------------------
AUMS account:288

2023-12-03 19:30:40,977
--------------- compute_futures_order_book() ----------------
2023-12-03 19:30:42,538
----------------------------------------------------------------------
#2 order(s) to place
gross$: 96$ | net$: +96$
gross%: 33% | net%: +33%
 || w>0%  +33% | w<0%  0%
----------------------------------------------------------------------
PTF Expo% 0.0% >> 50.0% (current>>target)
PTF expo $0.0 >> $144 (current>>target)
----------------------------------------------------------------------
2023-12-03 19:30:42,540
orders_ofthe_day
2023-12-03 19:30:42,540
                  ptf_usd  target_usd  ...        bid        ask
2023-12-03 19:30                       ...                      
ETHUSDT               0.0       48.11  ...  2165.1400  2165.1500
XRPUSDT               0.0       48.11  ...     0.6203     0.6204

[2 rows x 9 columns]
2023-12-03 19:30:43,964
binance_place_orders_peg 20231203_193043
2023-12-03 19:30:44,402
{'orderId': 8389765632072135628, 'symbol': 'ETHUSDT', 'status': 'NEW', 'clientOrderId': 'Gd5JYJjv68pehhkMpWl5us', 'price': '2163.99', 'avgPrice': '0.00', 'origQty': '0.022', 'executedQty': '0.000', 'cumQty': '0.000', 'cumQuote': '0.00000', 'timeInForce': 'GTC', 'type': 'LIMIT', 'reduceOnly': False, 'closePosition': False, 'side': 'BUY', 'positionSide': 'BOTH', 'stopPrice': '0.00', 'workingType': 'CONTRACT_PRICE', 'priceProtect': False, 'origType': 'LIMIT', 'priceMatch': 'NONE', 'selfTradePreventionMode': 'NONE', 'goodTillDate': 0, 'updateTime': 1701631844294}
2023-12-03 19:30:44,840
{'orderId': 46075149911, 'symbol': 'XRPUSDT', 'status': 'NEW', 'clientOrderId': 'O1tUqfmMbJCa1idCPdPMOt', 'price': '0.6200', 'avgPrice': '0.00', 'origQty': '77.6', 'executedQty': '0.0', 'cumQty': '0.0', 'cumQuote': '0.00000', 'timeInForce': 'GTC', 'type': 'LIMIT', 'reduceOnly': False, 'closePosition': False, 'side': 'BUY', 'positionSide': 'BOTH', 'stopPrice': '0.0000', 'workingType': 'CONTRACT_PRICE', 'priceProtect': False, 'origType': 'LIMIT', 'priceMatch': 'NONE', 'selfTradePreventionMode': 'NONE', 'goodTillDate': 0, 'updateTime': 1701631844730}
2023-12-03 19:30:46,425
update 0: filled 0 / 2 () | working 2 / 2 (+ETHUSDT,+XRPUSDT)
2023-12-03 19:30:50,426
+ETHUSDT: bp5.0|+XRPUSDT: bp5.0|
2023-12-03 19:30:51,307
update 1: filled 0 / 2 () | working 2 / 2 (+ETHUSDT,+XRPUSDT)
2023-12-03 19:30:55,308
+ETHUSDT: bp5.0|+XRPUSDT: bp8.0|
2023-12-03 19:30:56,185
update 2: filled 0 / 2 () | working 2 / 2 (+ETHUSDT,+XRPUSDT)
2023-12-03 19:31:00,186
+ETHUSDT: bp6.0|+XRPUSDT: bp8.0|
2023-12-03 19:31:01,060
update 3: filled 0 / 2 () | working 2 / 2 (+ETHUSDT,+XRPUSDT)
2023-12-03 19:31:05,061
+ETHUSDT: bp7.0|+XRPUSDT: bp8.0|
2023-12-03 19:31:05,937
update 4: filled 0 / 2 () | working 2 / 2 (+ETHUSDT,+XRPUSDT)
2023-12-03 19:31:09,938
+ETHUSDT: bp6.0|+XRPUSDT: bp6.0|
2023-12-03 19:31:10,818
update 5: filled 0 / 2 () | working 2 / 2 (+ETHUSDT,+XRPUSDT)
2023-12-03 19:31:14,818
+ETHUSDT: bp6.0|+XRPUSDT: bp6.0|
2023-12-03 19:31:15,697
update 6: filled 0 / 2 () | working 2 / 2 (+ETHUSDT,+XRPUSDT)
2023-12-03 19:31:19,697
+ETHUSDT: bp7.0|+XRPUSDT: bp6.0|
2023-12-03 19:31:20,574
update 7: filled 0 / 2 () | working 2 / 2 (+ETHUSDT,+XRPUSDT)
2023-12-03 19:31:24,575
+ETHUSDT: bp7.0|+XRPUSDT: bp6.0|
2023-12-03 19:31:25,449
update 8: filled 0 / 2 () | working 2 / 2 (+ETHUSDT,+XRPUSDT)
2023-12-03 19:31:29,450
+ETHUSDT: bp7.0|+XRPUSDT: bp8.0|
2023-12-03 19:31:30,326
update 9: filled 0 / 2 () | working 2 / 2 (+ETHUSDT,+XRPUSDT)
2023-12-03 19:31:34,326
+ETHUSDT: bp7.0|+XRPUSDT: bp8.0|
2023-12-03 19:31:35,206
update 10: filled 0 / 2 () | working 2 / 2 (+ETHUSDT,+XRPUSDT)
2023-12-03 19:31:39,206
+ETHUSDT: bp7.0|+XRPUSDT: bp6.0|
2023-12-03 19:31:40,083
update 11: filled 0 / 2 () | working 2 / 2 (+ETHUSDT,+XRPUSDT)
2023-12-03 19:31:44,084
+ETHUSDT: bp8.0|+XRPUSDT: bp8.0|
2023-12-03 19:31:44,970
update 12: filled 0 / 2 () | working 2 / 2 (+ETHUSDT,+XRPUSDT)
2023-12-03 19:31:48,971
+ETHUSDT: bp8.0|+XRPUSDT: bp8.0|
2023-12-03 19:31:49,847
update 13: filled 0 / 2 () | working 2 / 2 (+ETHUSDT,+XRPUSDT)
2023-12-03 19:31:53,848
+ETHUSDT: bp9.0|+XRPUSDT: bp6.0|
2023-12-03 19:31:54,727
update 14: filled 0 / 2 () | working 2 / 2 (+ETHUSDT,+XRPUSDT)
2023-12-03 19:31:58,744
+ETHUSDT: bp9.0|+XRPUSDT: bp6.0|
2023-12-03 19:31:58,745
Adjustment limit #1 ... 
 we cancel current orders and replace
2023-12-03 19:31:58,745
@+/-2.5bp limit 
2023-12-03 19:31:58,745
binance_cancel_and_replace_orders_peg 20231203_193158
2023-12-03 19:32:00,071
binance_place_orders_peg 20231203_193200
2023-12-03 19:32:00,511
{'orderId': 8389765632072315934, 'symbol': 'ETHUSDT', 'status': 'NEW', 'clientOrderId': 'Gd5JYJjv68pehhkMpWl5us', 'price': '2166.45', 'avgPrice': '0.00', 'origQty': '0.022', 'executedQty': '0.000', 'cumQty': '0.000', 'cumQuote': '0.00000', 'timeInForce': 'GTC', 'type': 'LIMIT', 'reduceOnly': False, 'closePosition': False, 'side': 'BUY', 'positionSide': 'BOTH', 'stopPrice': '0.00', 'workingType': 'CONTRACT_PRICE', 'priceProtect': False, 'origType': 'LIMIT', 'priceMatch': 'NONE', 'selfTradePreventionMode': 'NONE', 'goodTillDate': 0, 'updateTime': 1701631920398}
2023-12-03 19:32:00,952
{'orderId': 46075177262, 'symbol': 'XRPUSDT', 'status': 'NEW', 'clientOrderId': 'O1tUqfmMbJCa1idCPdPMOt', 'price': '0.6202', 'avgPrice': '0.00', 'origQty': '77.6', 'executedQty': '0.0', 'cumQty': '0.0', 'cumQuote': '0.00000', 'timeInForce': 'GTC', 'type': 'LIMIT', 'reduceOnly': False, 'closePosition': False, 'side': 'BUY', 'positionSide': 'BOTH', 'stopPrice': '0.0000', 'workingType': 'CONTRACT_PRICE', 'priceProtect': False, 'origType': 'LIMIT', 'priceMatch': 'NONE', 'selfTradePreventionMode': 'NONE', 'goodTillDate': 0, 'updateTime': 1701631920838}
2023-12-03 19:32:01,833
update 0: filled 0 / 2 () | working 2 / 2 (+ETHUSDT,+XRPUSDT)
2023-12-03 19:32:05,834
+ETHUSDT: bp2.0|+XRPUSDT: bp5.0|
2023-12-03 19:32:06,740
update 1: filled 0 / 2 () | working 2 / 2 (+ETHUSDT,+XRPUSDT)
2023-12-03 19:32:10,741
+ETHUSDT: bp2.0|+XRPUSDT: bp5.0|
2023-12-03 19:32:11,617
update 2: filled 1 / 2 (+ETHUSDT) | working 1 / 2 (+XRPUSDT)
2023-12-03 19:32:15,618
+XRPUSDT: bp5.0|
2023-12-03 19:32:16,494
update 3: filled 1 / 2 (+ETHUSDT) | working 1 / 2 (+XRPUSDT)
2023-12-03 19:32:20,495
+XRPUSDT: bp3.0|
2023-12-03 19:32:21,372
update 4: filled 1 / 2 (+ETHUSDT) | working 1 / 2 (+XRPUSDT)
2023-12-03 19:32:25,373
+XRPUSDT: bp5.0|
2023-12-03 19:32:26,251
update 5: filled 1 / 2 (+ETHUSDT) | working 1 / 2 (+XRPUSDT)
2023-12-03 19:32:30,251
+XRPUSDT: bp5.0|
2023-12-03 19:32:31,130
update 6: filled 1 / 2 (+ETHUSDT) | working 1 / 2 (+XRPUSDT)
2023-12-03 19:32:35,130
+XRPUSDT: bp3.0|
2023-12-03 19:32:36,005
update 7: filled 1 / 2 (+ETHUSDT) | working 1 / 2 (+XRPUSDT)
2023-12-03 19:32:40,005
+XRPUSDT: bp5.0|
2023-12-03 19:32:40,884
update 8: filled 1 / 2 (+ETHUSDT) | working 1 / 2 (+XRPUSDT)
2023-12-03 19:32:44,893
+XRPUSDT: bp3.0|
2023-12-03 19:32:45,775
update 9: filled 1 / 2 (+ETHUSDT) | working 1 / 2 (+XRPUSDT)
2023-12-03 19:32:49,775
+XRPUSDT: bp3.0|
2023-12-03 19:32:50,655
update 10: filled 1 / 2 (+ETHUSDT) | working 1 / 2 (+XRPUSDT)
2023-12-03 19:32:54,656
+XRPUSDT: bp3.0|
2023-12-03 19:32:55,531
update 11: filled 1 / 2 (+ETHUSDT) | working 1 / 2 (+XRPUSDT)
2023-12-03 19:32:59,532
+XRPUSDT: bp5.0|
2023-12-03 19:33:00,410
update 12: filled 1 / 2 (+ETHUSDT) | working 1 / 2 (+XRPUSDT)
2023-12-03 19:33:04,410
+XRPUSDT: bp5.0|
2023-12-03 19:33:05,286
update 13: filled 1 / 2 (+ETHUSDT) | working 1 / 2 (+XRPUSDT)
2023-12-03 19:33:09,287
+XRPUSDT: bp5.0|
2023-12-03 19:33:10,163
update 14: filled 1 / 2 (+ETHUSDT) | working 1 / 2 (+XRPUSDT)
2023-12-03 19:33:14,164
+XRPUSDT: bp5.0|
2023-12-03 19:33:14,164
Adjustment limit #2 ... 
 we cancel current orders and replace
2023-12-03 19:33:14,164
@+/-1.25bp limit 
2023-12-03 19:33:14,165
binance_cancel_and_replace_orders_peg 20231203_193314
2023-12-03 19:33:15,482
binance_place_orders_peg 20231203_193315
2023-12-03 19:33:15,920
{'orderId': 46075218610, 'symbol': 'XRPUSDT', 'status': 'NEW', 'clientOrderId': 'O1tUqfmMbJCa1idCPdPMOt', 'price': '0.6203', 'avgPrice': '0.00', 'origQty': '77.6', 'executedQty': '0.0', 'cumQty': '0.0', 'cumQuote': '0.00000', 'timeInForce': 'GTC', 'type': 'LIMIT', 'reduceOnly': False, 'closePosition': False, 'side': 'BUY', 'positionSide': 'BOTH', 'stopPrice': '0.0000', 'workingType': 'CONTRACT_PRICE', 'priceProtect': False, 'origType': 'LIMIT', 'priceMatch': 'NONE', 'selfTradePreventionMode': 'NONE', 'goodTillDate': 0, 'updateTime': 1701631995809}
2023-12-03 19:33:16,797
update 0: filled 1 / 2 (+ETHUSDT) | working 1 / 2 (+XRPUSDT)
2023-12-03 19:33:20,798
+XRPUSDT: bp3.0|
2023-12-03 19:33:21,674
update 1: filled 1 / 2 (+ETHUSDT) | working 1 / 2 (+XRPUSDT)
2023-12-03 19:33:25,675
+XRPUSDT: bp2.0|
2023-12-03 19:33:26,550
update 2: filled 2 / 2 (+ETHUSDT,+XRPUSDT) | working 0 / 2 ()
