2024-07-18 21:30:29,823
ON program started 20240718 21:30:29,
US time: 20240718 17:30:29
2024-07-18 21:30:30,348
the strat is currently running @ 18-07-2024 and the target positions is LONG
2024-07-18 21:30:31,678
CURRENT STATUS IS LONG
-----
return before 14h30:
BTCUSDT+0.79%, ETHUSDT+2.37%, XRPUSDT-7.94%
-----
target alloc initial:BTCUSDT+16.67%, ETHUSDT+16.67%, XRPUSDT+16.67%
-----
alloc target x rt%<0:BTCUSDT+16.67%, ETHUSDT+16.67%, XRPUSDT+16.67%
-----
           BTCUSDT ETHUSDT XRPUSDT
w_target     16.7%   16.7%   16.7%
rt_14h30     0.01%   0.02%  -0.08%
w_target_f   16.7%   16.7%   16.7%
2024-07-18 21:30:31,679
Portfolio was rebalanced less than 2 hours ago, 1.0 hours ago
2024-07-18 21:30:31,681
Status: prev = LONG <> LONG = target
2024-07-18 21:30:31,681
the strat is currently running @ 18-07-2024 and the target positions is LONG
the strat was previously run @ 2024-07-18 20:30:43, success:yes 
   and the current positions is LONG
2024-07-18 21:30:32,233
positions_future #2
2024-07-18 21:30:32,233
      symbol  positionAmt entryPrice  ... adlQuantile AUMs_account        w%
131  XRPUSDT       86.300     0.5676  ...           2        293.7  0.166814
166  ETHUSDT        0.014    3397.35  ...           1        293.7  0.162885

[2 rows x 12 columns]
2024-07-18 21:30:32,318
programm stoppeddd!!! 20240718_213032
