2024-09-07 20:30:56,252
ON program started 20240907 20:30:56,
US time: 20240907 16:30:56
2024-09-07 20:30:57,065
the strat is currently running @ 07-09-2024 and the target positions is LONG
2024-09-07 20:30:58,387
CURRENT STATUS IS LONG
-----
return before 14h30:
BTCUSDT+1.08%, ETHUSDT+2.99%, XRPUSDT+1.57%
-----
target alloc initial:BTCUSDT+16.67%, ETHUSDT+16.67%, XRPUSDT+16.67%
-----
alloc target x rt%<0:BTCUSDT+16.67%, ETHUSDT+16.67%, XRPUSDT+16.67%
-----
           BTCUSDT ETHUSDT XRPUSDT
w_target     16.7%   16.7%   16.7%
rt_14h30     0.01%   0.03%   0.02%
w_target_f   16.7%   16.7%   16.7%
2024-09-07 20:30:58,388
Portfolio was rebalanced less than 2 hours ago, 1.0 hours ago
2024-09-07 20:30:58,390
Status: prev = LONG <> LONG = target
2024-09-07 20:30:58,390
the strat is currently running @ 07-09-2024 and the target positions is LONG
the strat was previously run @ 2024-09-07 19:30:55, success:yes 
   and the current positions is LONG
2024-09-07 20:30:58,926
positions_future #2
2024-09-07 20:30:58,926
      symbol  positionAmt entryPrice  ... adlQuantile AUMs_account        w%
176  ETHUSDT        0.022    2279.05  ...           3        294.9  0.170084
138  XRPUSDT       92.800     0.5285  ...           0        294.9  0.166331

[2 rows x 12 columns]
2024-09-07 20:30:59,008
programm stoppeddd!!! 20240907_203059
