2024-06-04 03:30:52,014
ON program started 20240604 03:30:51,
US time: 20240603 23:30:52
2024-06-04 03:30:53,078
the strat is currently running @ 04-06-2024 and the target positions is NEUTRAL
2024-06-04 03:30:54,402
CURRENT STATUS IS NEUTRAL
-----
return before 14h30:
BTCUSDT+0.58%, ETHUSDT+0.23%, XRPUSDT+0.15%
-----
target alloc initial:BTCUSDT+0.00%, ETHUSDT+0.00%, XRPUSDT+0.00%
-----
alloc target x rt%<0:BTCUSDT+0.00%, ETHUSDT+0.00%, XRPUSDT+0.00%
-----
           BTCUSDT ETHUSDT XRPUSDT
w_target      0.0%    0.0%    0.0%
rt_14h30     0.01%   0.00%   0.00%
w_target_f    0.0%    0.0%    0.0%
2024-06-04 03:30:54,403
Portfolio was rebalanced less than 2 hours ago, 1.0 hours ago
2024-06-04 03:30:54,405
Status: prev = NEUTRAL <> NEUTRAL = target
2024-06-04 03:30:54,405
the strat is currently running @ 04-06-2024 and the target positions is NEUTRAL
the strat was previously run @ 2024-06-04 02:30:56, success:yes 
   and the current positions is NEUTRAL
2024-06-04 03:30:55,545
positions_future #0
2024-06-04 03:30:55,546
Empty DataFrame
Columns: [symbol, positionAmt, entryPrice, breakEvenPrice, markPrice, unRealizedProfit, value_usd, updateTime, isolated, adlQuantile, AUMs_account, w%]
Index: []
2024-06-04 03:30:55,613
programm stoppeddd!!! 20240604_033055
