2023-08-01 08:31:11,105
ON program started 20230801 08:31:11,
US time: 20230801 04:31:11
2023-08-01 08:31:11,534
the strat is currently running @ 01-08-2023 and the target positions is NEUTRAL
2023-08-01 08:31:13,667
CURRENT STATUS IS NEUTRAL
-----
return before 14h30:
BTCUSDT+0.43%, ETHUSDT+0.53%, XRPUSDT+0.57%
-----
target alloc initial:BTCUSDT+0.00%, ETHUSDT+0.00%, XRPUSDT+0.00%
-----
alloc target x rt%<0:BTCUSDT+0.00%, ETHUSDT+0.00%, XRPUSDT+0.00%
-----
           BTCUSDT ETHUSDT XRPUSDT
w_target      0.0%    0.0%    0.0%
rt_14h30     0.00%   0.01%   0.01%
w_target_f    0.0%    0.0%    0.0%
2023-08-01 08:31:13,668
Portfolio was rebalanced less than 2 hours ago, 1.0 hours ago
2023-08-01 08:31:13,671
Status: prev = NEUTRAL <> NEUTRAL = target
2023-08-01 08:31:13,671
the strat is currently running @ 01-08-2023 and the target positions is NEUTRAL
the strat was previously run @ 2023-08-01 07:30:59 UTC, success:yes 
   and the current positions is NEUTRAL
2023-08-01 08:31:14,762
positions_future #0
2023-08-01 08:31:14,762
Empty DataFrame
Columns: [symbol, positionAmt, entryPrice, markPrice, unRealizedProfit, value_usd, updateTime, AUMs_account, w%]
Index: []
2023-08-01 08:31:14,773
programm stoppeddd!!! 20230801_083114
