2024-06-22 03:31:03,365
ON program started 20240622 03:31:03,
US time: 20240621 23:31:03
2024-06-22 03:31:03,847
the strat is currently running @ 22-06-2024 and the target positions is NEUTRAL
2024-06-22 03:31:05,145
CURRENT STATUS IS NEUTRAL
-----
return before 14h30:
BTCUSDT+0.28%, ETHUSDT-0.26%, XRPUSDT-0.22%
-----
target alloc initial:BTCUSDT+0.00%, ETHUSDT+0.00%, XRPUSDT+0.00%
-----
alloc target x rt%<0:BTCUSDT+0.00%, ETHUSDT+0.00%, XRPUSDT+0.00%
-----
           BTCUSDT ETHUSDT XRPUSDT
w_target      0.0%    0.0%    0.0%
rt_14h30     0.00%  -0.00%  -0.00%
w_target_f    0.0%    0.0%    0.0%
2024-06-22 03:31:05,146
Portfolio was rebalanced less than 2 hours ago, 1.0 hours ago
2024-06-22 03:31:05,148
Status: prev = NEUTRAL <> NEUTRAL = target
2024-06-22 03:31:05,148
the strat is currently running @ 22-06-2024 and the target positions is NEUTRAL
the strat was previously run @ 2024-06-22 02:31:06, success:? 
   and the current positions is NEUTRAL
2024-06-22 03:31:06,270
positions_future #0
2024-06-22 03:31:06,270
Empty DataFrame
Columns: [symbol, positionAmt, entryPrice, breakEvenPrice, markPrice, unRealizedProfit, value_usd, updateTime, isolated, adlQuantile, AUMs_account, w%]
Index: []
2024-06-22 03:31:06,477
------------------------------
binance_account_balance
2024-06-22 03:31:06,477
  asset     balance  ...  marginAvailable   updateTime
4  USDT  292.563092  ...             True  22Jun-02:34

[1 rows x 8 columns]
2024-06-22 03:31:06,696
------------------------------
open_orders
2024-06-22 03:31:06,696
Empty DataFrame
Columns: []
Index: []
2024-06-22 03:31:07,305
------------------------------
AUMS account:292

2024-06-22 03:31:07,307
--------------- compute_futures_order_book() ----------------
2024-06-22 03:31:08,753
----------------------------------------------------------------------
#0 order(s) to place
gross$: 0$ | net$: +0$
gross%: 0% | net%: +0%
 || w>0%  +0% | w<0%  0%
----------------------------------------------------------------------
PTF Expo% 0.0% >> 0.0% (current>>target)
PTF expo $0.0 >> $0 (current>>target)
----------------------------------------------------------------------
2024-06-22 03:31:08,755
orders_ofthe_day
2024-06-22 03:31:08,755
Empty DataFrame
Columns: [ptf_usd, target_usd, totrd_usd, posttrd_usd, qty, posttrd_qty, posttrd_w, bid, ask, strategy]
Index: []
2024-06-22 03:31:08,819
Orders of the day is empty, current and target potfolios are aligned
2024-06-22 03:31:08,819
Program stopped
