2024-03-15 19:31:06,901
ON program started 20240315 19:31:06,
US time: 20240315 15:31:06
2024-03-15 19:31:07,946
the strat is currently running @ 15-03-2024 and the target positions is LONG
2024-03-15 19:31:09,386
CURRENT STATUS IS LONG
-----
return before 14h30:
BTCUSDT-4.08%, ETHUSDT-4.08%, XRPUSDT-5.77%
-----
target alloc initial:BTCUSDT+16.67%, ETHUSDT+16.67%, XRPUSDT+16.67%
-----
alloc target x rt%<0:BTCUSDT+16.67%, ETHUSDT+16.67%, XRPUSDT+16.67%
-----
           BTCUSDT ETHUSDT XRPUSDT
w_target     16.7%   16.7%   16.7%
rt_14h30    -0.04%  -0.04%  -0.06%
w_target_f   16.7%   16.7%   16.7%
2024-03-15 19:31:09,388
Portfolio was rebalanced less than 2 hours ago, 1.0 hours ago
2024-03-15 19:31:09,390
Status: prev = LONG <> LONG = target
2024-03-15 19:31:09,390
the strat is currently running @ 15-03-2024 and the target positions is LONG
the strat was previously run @ 2024-03-15 18:31:09, success:? 
   and the current positions is LONG
2024-03-15 19:31:10,649
positions_future #2
2024-03-15 19:31:10,650
      symbol  positionAmt entryPrice  ... adlQuantile AUMs_account        w%
155  ETHUSDT        0.013    3713.76  ...           2        288.8  0.169673
124  XRPUSDT       75.900      0.633  ...           2        288.8  0.168062

[2 rows x 12 columns]
2024-03-15 19:31:10,901
------------------------------
binance_account_balance
2024-03-15 19:31:10,901
  asset     balance  ...  marginAvailable   updateTime
6  USDT  287.609165  ...             True  15Mar-18:33

[1 rows x 8 columns]
2024-03-15 19:31:11,585
------------------------------
open_orders
2024-03-15 19:31:11,585
Empty DataFrame
Columns: []
Index: []
2024-03-15 19:31:12,250
------------------------------
AUMS account:288

2024-03-15 19:31:12,252
--------------- compute_futures_order_book() ----------------
2024-03-15 19:31:13,837
----------------------------------------------------------------------
#0 order(s) to place
gross$: 0$ | net$: +0$
gross%: 0% | net%: +0%
 || w>0%  +0% | w<0%  0%
----------------------------------------------------------------------
PTF Expo% 33.9% >> 50.0% (current>>target)
PTF expo $98.0 >> $144 (current>>target)
----------------------------------------------------------------------
2024-03-15 19:31:13,839
orders_ofthe_day
2024-03-15 19:31:13,839
Empty DataFrame
Columns: [ptf_usd, target_usd, totrd_usd, posttrd_usd, qty, posttrd_qty, posttrd_w, bid, ask, strategy]
Index: []
2024-03-15 19:31:13,933
Orders of the day is empty, current and target potfolios are aligned
2024-03-15 19:31:13,933
Program stopped
