2024-07-06 00:30:37,404
ON program started 20240706 00:30:37,
US time: 20240705 20:30:37
2024-07-06 00:30:38,163
the strat is currently running @ 06-07-2024 and the target positions is SHORT
2024-07-06 00:30:39,492
CURRENT STATUS IS SHORT, WE CHECK IF THE DAY IS A NEGATIVE ONE
-----
return before 14h30:
BTCUSDT-0.42%, ETHUSDT+0.02%, XRPUSDT+0.38%
-----
target alloc initial:BTCUSDT-4.17%, ETHUSDT+0.00%, XRPUSDT-4.17%
-----
alloc target x rt%<0:BTCUSDT-4.17%, ETHUSDT+0.00%, XRPUSDT-0.00%
-----
           BTCUSDT ETHUSDT XRPUSDT
w_target     -4.2%    0.0%   -4.2%
rt_14h30    -0.00%   0.00%   0.00%
w_target_f   -4.2%    0.0%   -0.0%
2024-07-06 00:30:39,493
Portfolio was rebalanced less than 2 hours ago, 1.0 hours ago
2024-07-06 00:30:39,495
Status: prev = SHORT <> SHORT = target
2024-07-06 00:30:39,495
the strat is currently running @ 06-07-2024 and the target positions is SHORT
the strat was previously run @ 2024-07-05 23:30:40, success:yes 
   and the current positions is SHORT
2024-07-06 00:30:40,620
positions_future #1
2024-07-06 00:30:40,620
      symbol  positionAmt entryPrice  ... adlQuantile AUMs_account        w%
131  XRPUSDT        -27.9      0.426  ...           1        292.8 -0.040644

[1 rows x 12 columns]
2024-07-06 00:30:40,706
programm stoppeddd!!! 20240706_003040
