2023-11-20 21:30:37,181
ON program started 20231120 21:30:37,
US time: 20231120 16:30:37
2023-11-20 21:30:37,565
the strat is currently running @ 20-11-2023 and the target positions is LONG
2023-11-20 21:30:39,874
CURRENT STATUS IS LONG
-----
return before 14h30:
BTCUSDT+0.86%, ETHUSDT+2.06%, XRPUSDT-0.75%
-----
target alloc initial:BTCUSDT+16.67%, ETHUSDT+16.67%, XRPUSDT+16.67%
-----
alloc target x rt%<0:BTCUSDT+16.67%, ETHUSDT+16.67%, XRPUSDT+16.67%
-----
           BTCUSDT ETHUSDT XRPUSDT
w_target     16.7%   16.7%   16.7%
rt_14h30     0.01%   0.02%  -0.01%
w_target_f   16.7%   16.7%   16.7%
2023-11-20 21:30:39,876
Portfolio was rebalanced less than 2 hours ago, 1.0 hours ago
2023-11-20 21:30:39,878
Status: prev = LONG <> LONG = target
2023-11-20 21:30:39,878
the strat is currently running @ 20-11-2023 and the target positions is LONG
the strat was previously run @ 2023-11-20 20:30:38 UTC, success:yes 
   and the current positions is LONG
2023-11-20 21:30:41,029
positions_future #2
2023-11-20 21:30:41,029
      symbol  positionAmt entryPrice  ... adlQuantile AUMs_account        w%
154  ETHUSDT        0.024    2044.74  ...           1        289.8  0.167426
122  XRPUSDT       78.300       0.62  ...           1        289.8  0.165282

[2 rows x 12 columns]
2023-11-20 21:30:41,055
programm stoppeddd!!! 20231120_213041
