2024-04-23 02:31:00,015
ON program started 20240423 02:30:59,
US time: 20240422 22:31:00
2024-04-23 02:31:00,942
the strat is currently running @ 23-04-2024 and the target positions is NEUTRAL
2024-04-23 02:31:02,342
CURRENT STATUS IS NEUTRAL
-----
return before 14h30:
BTCUSDT+0.01%, ETHUSDT+0.35%, XRPUSDT-0.36%
-----
target alloc initial:BTCUSDT+0.00%, ETHUSDT+0.00%, XRPUSDT+0.00%
-----
alloc target x rt%<0:BTCUSDT+0.00%, ETHUSDT+0.00%, XRPUSDT+0.00%
-----
           BTCUSDT ETHUSDT XRPUSDT
w_target      0.0%    0.0%    0.0%
rt_14h30     0.00%   0.00%  -0.00%
w_target_f    0.0%    0.0%    0.0%
2024-04-23 02:31:02,343
Portfolio was rebalanced less than 2 hours ago, 1.0 hours ago
2024-04-23 02:31:02,344
Status: prev = NEUTRAL <> SHORT = target
2024-04-23 02:31:02,345
the strat is currently running @ 23-04-2024 and the target positions is NEUTRAL
the strat was previously run @ 2024-04-23 01:31:09, success:yes 
   and the current positions is SHORT
2024-04-23 02:31:03,554
positions_future #0
2024-04-23 02:31:03,554
Empty DataFrame
Columns: [symbol, positionAmt, entryPrice, breakEvenPrice, markPrice, unRealizedProfit, value_usd, updateTime, isolated, adlQuantile, AUMs_account, w%]
Index: []
2024-04-23 02:31:03,778
------------------------------
binance_account_balance
2024-04-23 02:31:03,778
  asset     balance  ...  marginAvailable   updateTime
6  USDT  282.805902  ...             True  22Apr-22:34

[1 rows x 8 columns]
2024-04-23 02:31:04,013
------------------------------
open_orders
2024-04-23 02:31:04,013
Empty DataFrame
Columns: []
Index: []
2024-04-23 02:31:04,674
------------------------------
AUMS account:282

2024-04-23 02:31:04,676
--------------- compute_futures_order_book() ----------------
2024-04-23 02:31:06,243
----------------------------------------------------------------------
#0 order(s) to place
gross$: 0$ | net$: +0$
gross%: 0% | net%: +0%
 || w>0%  +0% | w<0%  0%
----------------------------------------------------------------------
PTF Expo% 0.0% >> 0.0% (current>>target)
PTF expo $0.0 >> $0 (current>>target)
----------------------------------------------------------------------
2024-04-23 02:31:06,245
orders_ofthe_day
2024-04-23 02:31:06,245
Empty DataFrame
Columns: [ptf_usd, target_usd, totrd_usd, posttrd_usd, qty, posttrd_qty, posttrd_w, bid, ask, strategy]
Index: []
2024-04-23 02:31:06,305
Orders of the day is empty, current and target potfolios are aligned
2024-04-23 02:31:06,305
Program stopped
