2023-08-23 01:31:18,815
ON program started 20230823 01:31:18,
US time: 20230822 21:31:18
2023-08-23 01:31:19,325
the strat is currently running @ 23-08-2023 and the target positions is SHORT
2023-08-23 01:31:20,755
CURRENT STATUS IS SHORT, WE CHECK IF THE DAY IS A NEGATIVE ONE
-----
return before 14h30:
BTCUSDT+0.00%, ETHUSDT+0.00%, XRPUSDT+0.00%
-----
target alloc initial:BTCUSDT-4.17%, ETHUSDT+0.00%, XRPUSDT-4.17%
-----
alloc target x rt%<0:BTCUSDT-0.00%, ETHUSDT+0.00%, XRPUSDT-0.00%
-----
           BTCUSDT ETHUSDT XRPUSDT
w_target     -4.2%    0.0%   -4.2%
rt_14h30     0.00%   0.00%   0.00%
w_target_f   -0.0%    0.0%   -0.0%
2023-08-23 01:31:20,756
Portfolio was rebalanced less than 2 hours ago, 1.0 hours ago
2023-08-23 01:31:20,759
Status: prev = SHORT <> SHORT = target
2023-08-23 01:31:20,759
the strat is currently running @ 23-08-2023 and the target positions is SHORT
the strat was previously run @ 2023-08-23 00:31:12 UTC, success:yes 
   and the current positions is SHORT
2023-08-23 01:31:21,929
positions_future #1
2023-08-23 01:31:21,929
      symbol  positionAmt entryPrice  ...   updateTime  AUMs_account        w%
111  XRPUSDT        -23.2     0.5148  ...  22Aug-22:31         276.4 -0.043476

[1 rows x 9 columns]
2023-08-23 01:31:21,958
programm stoppeddd!!! 20230823_013121
