2023-11-11 01:30:59,951
ON program started 20231111 01:30:59,
US time: 20231110 20:30:59
2023-11-11 01:31:00,405
the strat is currently running @ 11-11-2023 and the target positions is SHORT
2023-11-11 01:31:01,814
CURRENT STATUS IS SHORT, WE CHECK IF THE DAY IS A NEGATIVE ONE
-----
return before 14h30:
BTCUSDT+0.00%, ETHUSDT+0.00%, XRPUSDT+0.00%
-----
target alloc initial:BTCUSDT-4.17%, ETHUSDT+0.00%, XRPUSDT-4.17%
-----
alloc target x rt%<0:BTCUSDT-0.00%, ETHUSDT+0.00%, XRPUSDT-0.00%
-----
           BTCUSDT ETHUSDT XRPUSDT
w_target     -4.2%    0.0%   -4.2%
rt_14h30     0.00%   0.00%   0.00%
w_target_f   -0.0%    0.0%   -0.0%
2023-11-11 01:31:01,816
Portfolio was rebalanced less than 2 hours ago, 1.0 hours ago
2023-11-11 01:31:01,819
Status: prev = SHORT <> SHORT = target
2023-11-11 01:31:01,819
the strat is currently running @ 11-11-2023 and the target positions is SHORT
the strat was previously run @ 2023-11-11 00:31:06 UTC, success:yes 
   and the current positions is SHORT
2023-11-11 01:31:02,981
positions_future #1
2023-11-11 01:31:02,981
      symbol  positionAmt entryPrice  ... adlQuantile AUMs_account        w%
122  XRPUSDT        -17.6     0.6602  ...           2        290.6 -0.040012

[1 rows x 12 columns]
2023-11-11 01:31:03,008
programm stoppeddd!!! 20231111_013103
