2024-01-04 19:30:40,713
ON program started 20240104 19:30:40,
US time: 20240104 14:30:40
2024-01-04 19:30:40,943
the strat is currently running @ 04-01-2024 and the target positions is LONG
2024-01-04 19:30:42,357
CURRENT STATUS IS LONG
-----
return before 14h30:
BTCUSDT+2.08%, ETHUSDT+1.60%, XRPUSDT+0.46%
-----
target alloc initial:BTCUSDT+16.67%, ETHUSDT+16.67%, XRPUSDT+16.67%
-----
alloc target x rt%<0:BTCUSDT+16.67%, ETHUSDT+16.67%, XRPUSDT+16.67%
-----
           BTCUSDT ETHUSDT XRPUSDT
w_target     16.7%   16.7%   16.7%
rt_14h30     0.02%   0.02%   0.00%
w_target_f   16.7%   16.7%   16.7%
2024-01-04 19:30:42,359
Portfolio was rebalanced less than 2 hours ago, 15.0 hours ago
2024-01-04 19:30:42,362
Status: prev = LONG <> NEUTRAL = target
2024-01-04 19:30:42,362
the strat is currently running @ 04-01-2024 and the target positions is LONG
the strat was previously run @ 2024-01-04 04:30:46 UTC, success:yes 
   and the current positions is NEUTRAL
2024-01-04 19:30:43,587
positions_future #0
2024-01-04 19:30:43,587
Empty DataFrame
Columns: [symbol, positionAmt, entryPrice, breakEvenPrice, markPrice, unRealizedProfit, value_usd, updateTime, isolated, adlQuantile, AUMs_account, w%]
Index: []
2024-01-04 19:30:43,810
------------------------------
binance_account_balance
2024-01-04 19:30:43,810
  asset     balance  ...  marginAvailable   updateTime
5  USDT  290.351184  ...             True  04Jan-00:31

[1 rows x 8 columns]
2024-01-04 19:30:44,041
------------------------------
open_orders
2024-01-04 19:30:44,041
Empty DataFrame
Columns: []
Index: []
2024-01-04 19:30:44,694
------------------------------
AUMS account:290

2024-01-04 19:30:44,696
--------------- compute_futures_order_book() ----------------
2024-01-04 19:30:46,250
----------------------------------------------------------------------
#2 order(s) to place
gross$: 96$ | net$: +96$
gross%: 33% | net%: +33%
 || w>0%  +33% | w<0%  0%
----------------------------------------------------------------------
PTF Expo% 0.0% >> 50.0% (current>>target)
PTF expo $0.0 >> $145 (current>>target)
----------------------------------------------------------------------
2024-01-04 19:30:46,252
orders_ofthe_day
2024-01-04 19:30:46,252
                  ptf_usd  target_usd  totrd_usd  ...        bid       ask strategy
2024-01-04 19:30                                  ...                              
ETHUSDT               0.0        48.4       48.0  ...  2289.2500  2289.260  STRATON
XRPUSDT               0.0        48.4       48.0  ...     0.5889     0.589  STRATON

[2 rows x 10 columns]
2024-01-04 19:30:47,454
binance_place_orders_peg 20240104_193047
2024-01-04 19:30:47,894
{'orderId': 8389765640484765529, 'symbol': 'ETHUSDT', 'status': 'NEW', 'clientOrderId': 'STRATON', 'price': '2288.22', 'avgPrice': '0.00', 'origQty': '0.021', 'executedQty': '0.000', 'cumQty': '0.000', 'cumQuote': '0.00000', 'timeInForce': 'GTC', 'type': 'LIMIT', 'reduceOnly': False, 'closePosition': False, 'side': 'BUY', 'positionSide': 'BOTH', 'stopPrice': '0.00', 'workingType': 'CONTRACT_PRICE', 'priceProtect': False, 'origType': 'LIMIT', 'priceMatch': 'NONE', 'selfTradePreventionMode': 'NONE', 'goodTillDate': 0, 'updateTime': 1704396647784}
2024-01-04 19:30:48,331
{'orderId': 47918639074, 'symbol': 'XRPUSDT', 'status': 'NEW', 'clientOrderId': 'STRATON', 'price': '0.5886', 'avgPrice': '0.00', 'origQty': '81.5', 'executedQty': '0.0', 'cumQty': '0.0', 'cumQuote': '0.00000', 'timeInForce': 'GTC', 'type': 'LIMIT', 'reduceOnly': False, 'closePosition': False, 'side': 'BUY', 'positionSide': 'BOTH', 'stopPrice': '0.0000', 'workingType': 'CONTRACT_PRICE', 'priceProtect': False, 'origType': 'LIMIT', 'priceMatch': 'NONE', 'selfTradePreventionMode': 'NONE', 'goodTillDate': 0, 'updateTime': 1704396648222}
2024-01-04 19:30:49,926
update 0: filled 0 / 2 () | working 2 / 2 (+ETHUSDT,+XRPUSDT)
2024-01-04 19:30:53,927
+ETHUSDT: bp5.0|+XRPUSDT: bp7.0|
2024-01-04 19:30:54,810
update 1: filled 0 / 2 () | working 2 / 2 (+ETHUSDT,+XRPUSDT)
2024-01-04 19:30:58,811
+ETHUSDT: bp5.0|+XRPUSDT: bp7.0|
2024-01-04 19:30:59,689
update 2: filled 0 / 2 () | working 2 / 2 (+ETHUSDT,+XRPUSDT)
2024-01-04 19:31:03,700
+ETHUSDT: bp4.0|+XRPUSDT: bp5.0|
2024-01-04 19:31:04,581
update 3: filled 0 / 2 () | working 2 / 2 (+ETHUSDT,+XRPUSDT)
2024-01-04 19:31:08,582
+ETHUSDT: bp6.0|+XRPUSDT: bp5.0|
2024-01-04 19:31:09,461
update 4: filled 0 / 2 () | working 2 / 2 (+ETHUSDT,+XRPUSDT)
2024-01-04 19:31:13,461
+ETHUSDT: bp8.0|+XRPUSDT: bp7.0|
2024-01-04 19:31:14,342
update 5: filled 0 / 2 () | working 2 / 2 (+ETHUSDT,+XRPUSDT)
2024-01-04 19:31:18,343
+ETHUSDT: bp8.0|+XRPUSDT: bp7.0|
2024-01-04 19:31:19,220
update 6: filled 0 / 2 () | working 2 / 2 (+ETHUSDT,+XRPUSDT)
2024-01-04 19:31:23,221
+ETHUSDT: bp6.0|+XRPUSDT: bp7.0|
2024-01-04 19:31:24,104
update 7: filled 0 / 2 () | working 2 / 2 (+ETHUSDT,+XRPUSDT)
2024-01-04 19:31:28,105
+ETHUSDT: bp6.0|+XRPUSDT: bp7.0|
2024-01-04 19:31:28,992
update 8: filled 0 / 2 () | working 2 / 2 (+ETHUSDT,+XRPUSDT)
2024-01-04 19:31:32,992
+ETHUSDT: bp4.0|+XRPUSDT: bp7.0|
2024-01-04 19:31:33,869
update 9: filled 0 / 2 () | working 2 / 2 (+ETHUSDT,+XRPUSDT)
2024-01-04 19:31:37,870
+ETHUSDT: bp2.0|+XRPUSDT: bp12.0|
2024-01-04 19:31:38,748
update 10: filled 0 / 2 () | working 2 / 2 (+ETHUSDT,+XRPUSDT)
2024-01-04 19:31:42,749
+ETHUSDT: bp8.0|+XRPUSDT: bp10.0|
2024-01-04 19:31:43,626
update 11: filled 0 / 2 () | working 2 / 2 (+ETHUSDT,+XRPUSDT)
2024-01-04 19:31:47,627
+ETHUSDT: bp8.0|+XRPUSDT: bp12.0|
2024-01-04 19:31:48,505
update 12: filled 0 / 2 () | working 2 / 2 (+ETHUSDT,+XRPUSDT)
2024-01-04 19:31:52,505
+ETHUSDT: bp8.0|+XRPUSDT: bp10.0|
2024-01-04 19:31:53,383
update 13: filled 0 / 2 () | working 2 / 2 (+ETHUSDT,+XRPUSDT)
2024-01-04 19:31:57,383
+ETHUSDT: bp8.0|+XRPUSDT: bp12.0|
2024-01-04 19:31:58,263
update 14: filled 1 / 2 (+ETHUSDT) | working 1 / 2 (+XRPUSDT)
2024-01-04 19:32:02,263
+XRPUSDT: bp8.0|
2024-01-04 19:32:02,264
Adjustment limit #1 ... 
 we cancel current orders and replace
2024-01-04 19:32:02,264
@+/-2.5bp limit 
2024-01-04 19:32:02,264
binance_cancel_and_replace_orders_peg 20240104_193202
