2023-11-17 01:30:49,475
ON program started 20231117 01:30:49,
US time: 20231116 20:30:49
2023-11-17 01:30:49,870
the strat is currently running @ 17-11-2023 and the target positions is SHORT
2023-11-17 01:30:51,683
CURRENT STATUS IS SHORT, WE CHECK IF THE DAY IS A NEGATIVE ONE
-----
return before 14h30:
BTCUSDT+0.00%, ETHUSDT+0.00%, XRPUSDT+0.00%
-----
target alloc initial:BTCUSDT-4.17%, ETHUSDT+0.00%, XRPUSDT-4.17%
-----
alloc target x rt%<0:BTCUSDT-0.00%, ETHUSDT+0.00%, XRPUSDT-0.00%
-----
           BTCUSDT ETHUSDT XRPUSDT
w_target     -4.2%    0.0%   -4.2%
rt_14h30     0.00%   0.00%   0.00%
w_target_f   -0.0%    0.0%   -0.0%
2023-11-17 01:30:51,685
Portfolio was rebalanced less than 2 hours ago, 1.0 hours ago
2023-11-17 01:30:51,687
Status: prev = SHORT <> SHORT = target
2023-11-17 01:30:51,687
the strat is currently running @ 17-11-2023 and the target positions is SHORT
the strat was previously run @ 2023-11-17 00:31:04 UTC, success:yes 
   and the current positions is SHORT
2023-11-17 01:30:52,839
positions_future #1
2023-11-17 01:30:52,839
      symbol  positionAmt entryPrice  ... adlQuantile AUMs_account        w%
122  XRPUSDT        -19.4     0.6081  ...           1        289.4 -0.041449

[1 rows x 12 columns]
2023-11-17 01:30:52,865
programm stoppeddd!!! 20231117_013052
