2024-02-13 00:30:40,631
ON program started 20240213 00:30:40,
US time: 20240212 19:30:40
2024-02-13 00:30:41,157
the strat is currently running @ 13-02-2024 and the target positions is SHORT
2024-02-13 00:30:42,561
CURRENT STATUS IS SHORT, WE CHECK IF THE DAY IS A NEGATIVE ONE
-----
return before 14h30:
BTCUSDT+0.46%, ETHUSDT+0.78%, XRPUSDT+0.24%
-----
target alloc initial:BTCUSDT-4.17%, ETHUSDT+0.00%, XRPUSDT-4.17%
-----
alloc target x rt%<0:BTCUSDT-0.00%, ETHUSDT+0.00%, XRPUSDT-0.00%
-----
           BTCUSDT ETHUSDT XRPUSDT
w_target     -4.2%    0.0%   -4.2%
rt_14h30     0.00%   0.01%   0.00%
w_target_f   -0.0%    0.0%   -0.0%
2024-02-13 00:30:42,562
Portfolio was rebalanced less than 2 hours ago, 1.0 hours ago
2024-02-13 00:30:42,563
Status: prev = SHORT <> SHORT = target
2024-02-13 00:30:42,563
the strat is currently running @ 13-02-2024 and the target positions is SHORT
the strat was previously run @ 2024-02-12 23:31:03, success:? 
   and the current positions is SHORT
2024-02-13 00:30:43,770
positions_future #1
2024-02-13 00:30:43,801
      symbol  positionAmt entryPrice  ... adlQuantile AUMs_account        w%
119  XRPUSDT        -23.3     0.5315  ...           1        289.3 -0.042904

[1 rows x 12 columns]
2024-02-13 00:30:44,045
------------------------------
binance_account_balance
2024-02-13 00:30:44,045
  asset     balance  ...  marginAvailable   updateTime
5  USDT  289.377839  ...             True  12Feb-23:32

[1 rows x 8 columns]
2024-02-13 00:30:44,496
------------------------------
open_orders
2024-02-13 00:30:44,496
Empty DataFrame
Columns: []
Index: []
2024-02-13 00:30:45,152
------------------------------
AUMS account:289

2024-02-13 00:30:45,154
--------------- compute_futures_order_book() ----------------
2024-02-13 00:30:46,716
----------------------------------------------------------------------
#1 order(s) to place
gross$: 12$ | net$: +12$
gross%: 4% | net%: +4%
 || w>0%  +4% | w<0%  0%
----------------------------------------------------------------------
PTF Expo% -4.1% >> 0.0% (current>>target)
PTF expo $-12.0 >> $0 (current>>target)
----------------------------------------------------------------------
2024-02-13 00:30:46,717
orders_ofthe_day
2024-02-13 00:30:46,717
                  ptf_usd  target_usd  totrd_usd  ...     bid     ask strategy
2024-02-13 00:30                                  ...                         
XRPUSDT             -12.0        -0.0       12.0  ...  0.5327  0.5328  STRATON

[1 rows x 10 columns]
2024-02-13 00:30:48,086
binance_place_orders_peg 20240213_003048
2024-02-13 00:30:48,527
{'orderId': 50018714970, 'symbol': 'XRPUSDT', 'status': 'NEW', 'clientOrderId': 'STRATON', 'price': '0.5325', 'avgPrice': '0.00', 'origQty': '23.3', 'executedQty': '0.0', 'cumQty': '0.0', 'cumQuote': '0.00000', 'timeInForce': 'GTC', 'type': 'LIMIT', 'reduceOnly': False, 'closePosition': False, 'side': 'BUY', 'positionSide': 'BOTH', 'stopPrice': '0.0000', 'workingType': 'CONTRACT_PRICE', 'priceProtect': False, 'origType': 'LIMIT', 'priceMatch': 'NONE', 'selfTradePreventionMode': 'NONE', 'goodTillDate': 0, 'updateTime': 1707784248417}
2024-02-13 00:30:49,656
update 0: filled 0 / 1 () | working 1 / 1 (+XRPUSDT)
2024-02-13 00:30:53,657
+XRPUSDT: bp8.0|
2024-02-13 00:30:54,099
update 1: filled 0 / 1 () | working 1 / 1 (+XRPUSDT)
2024-02-13 00:30:58,100
+XRPUSDT: bp8.0|
2024-02-13 00:30:58,541
update 2: filled 0 / 1 () | working 1 / 1 (+XRPUSDT)
2024-02-13 00:31:02,541
+XRPUSDT: bp4.0|
2024-02-13 00:31:02,984
update 3: filled 0 / 1 () | working 1 / 1 (+XRPUSDT)
2024-02-13 00:31:06,985
+XRPUSDT: bp4.0|
2024-02-13 00:31:07,425
update 4: filled 0 / 1 () | working 1 / 1 (+XRPUSDT)
2024-02-13 00:31:11,426
+XRPUSDT: bp2.0|
2024-02-13 00:31:11,870
update 5: filled 0 / 1 () | working 1 / 1 (+XRPUSDT)
2024-02-13 00:31:15,871
+XRPUSDT: bp2.0|
2024-02-13 00:31:16,312
update 6: filled 0 / 1 () | working 1 / 1 (+XRPUSDT)
2024-02-13 00:31:20,313
+XRPUSDT: bp4.0|
2024-02-13 00:31:20,756
update 7: filled 0 / 1 () | working 1 / 1 (+XRPUSDT)
2024-02-13 00:31:24,756
+XRPUSDT: bp8.0|
2024-02-13 00:31:25,203
update 8: filled 0 / 1 () | working 1 / 1 (+XRPUSDT)
2024-02-13 00:31:29,204
+XRPUSDT: bp6.0|
2024-02-13 00:31:29,650
update 9: filled 0 / 1 () | working 1 / 1 (+XRPUSDT)
2024-02-13 00:31:33,651
+XRPUSDT: bp6.0|
2024-02-13 00:31:34,095
update 10: filled 0 / 1 () | working 1 / 1 (+XRPUSDT)
2024-02-13 00:31:38,096
+XRPUSDT: bp8.0|
2024-02-13 00:31:38,541
update 11: filled 0 / 1 () | working 1 / 1 (+XRPUSDT)
2024-02-13 00:31:42,542
+XRPUSDT: bp6.0|
2024-02-13 00:31:42,989
update 12: filled 0 / 1 () | working 1 / 1 (+XRPUSDT)
2024-02-13 00:31:46,990
+XRPUSDT: bp6.0|
2024-02-13 00:31:47,431
update 13: filled 0 / 1 () | working 1 / 1 (+XRPUSDT)
2024-02-13 00:31:51,431
+XRPUSDT: bp6.0|
2024-02-13 00:31:51,874
update 14: filled 0 / 1 () | working 1 / 1 (+XRPUSDT)
2024-02-13 00:31:55,875
+XRPUSDT: bp8.0|
2024-02-13 00:31:55,875
Adjustment limit #1 ... 
 we cancel current orders and replace
2024-02-13 00:31:55,875
@+/-2.5bp limit 
2024-02-13 00:31:55,875
binance_cancel_and_replace_orders_peg 20240213_003155
2024-02-13 00:31:56,979
binance_place_orders_peg 20240213_003156
2024-02-13 00:31:57,418
{'orderId': 50018774294, 'symbol': 'XRPUSDT', 'status': 'NEW', 'clientOrderId': 'STRATON', 'price': '0.5327', 'avgPrice': '0.00', 'origQty': '23.3', 'executedQty': '0.0', 'cumQty': '0.0', 'cumQuote': '0.00000', 'timeInForce': 'GTC', 'type': 'LIMIT', 'reduceOnly': False, 'closePosition': False, 'side': 'BUY', 'positionSide': 'BOTH', 'stopPrice': '0.0000', 'workingType': 'CONTRACT_PRICE', 'priceProtect': False, 'origType': 'LIMIT', 'priceMatch': 'NONE', 'selfTradePreventionMode': 'NONE', 'goodTillDate': 0, 'updateTime': 1707784317308}
2024-02-13 00:31:57,867
update 0: filled 0 / 1 () | working 1 / 1 (+XRPUSDT)
2024-02-13 00:32:01,868
+XRPUSDT: bp4.0|
2024-02-13 00:32:02,309
update 1: filled 0 / 1 () | working 1 / 1 (+XRPUSDT)
2024-02-13 00:32:06,310
+XRPUSDT: bp4.0|
2024-02-13 00:32:06,752
update 2: filled 0 / 1 () | working 1 / 1 (+XRPUSDT)
2024-02-13 00:32:10,753
+XRPUSDT: bp6.0|
2024-02-13 00:32:11,194
update 3: filled 0 / 1 () | working 1 / 1 (+XRPUSDT)
2024-02-13 00:32:15,194
+XRPUSDT: bp4.0|
2024-02-13 00:32:15,638
update 4: filled 0 / 1 () | working 1 / 1 (+XRPUSDT)
2024-02-13 00:32:19,638
+XRPUSDT: bp4.0|
2024-02-13 00:32:20,082
update 5: filled 0 / 1 () | working 1 / 1 (+XRPUSDT)
2024-02-13 00:32:24,083
+XRPUSDT: bp4.0|
2024-02-13 00:32:24,531
update 6: filled 0 / 1 () | working 1 / 1 (+XRPUSDT)
2024-02-13 00:32:28,531
+XRPUSDT: bp8.0|
2024-02-13 00:32:28,972
update 7: filled 0 / 1 () | working 1 / 1 (+XRPUSDT)
2024-02-13 00:32:32,973
+XRPUSDT: bp8.0|
2024-02-13 00:32:33,415
update 8: filled 0 / 1 () | working 1 / 1 (+XRPUSDT)
2024-02-13 00:32:37,416
+XRPUSDT: bp6.0|
2024-02-13 00:32:37,857
update 9: filled 0 / 1 () | working 1 / 1 (+XRPUSDT)
2024-02-13 00:32:41,858
+XRPUSDT: bp4.0|
2024-02-13 00:32:42,300
update 10: filled 0 / 1 () | working 1 / 1 (+XRPUSDT)
2024-02-13 00:32:46,301
+XRPUSDT: bp4.0|
2024-02-13 00:32:46,742
update 11: filled 0 / 1 () | working 1 / 1 (+XRPUSDT)
2024-02-13 00:32:50,743
+XRPUSDT: bp2.0|
2024-02-13 00:32:51,183
update 12: filled 0 / 1 () | working 1 / 1 (+XRPUSDT)
2024-02-13 00:32:55,184
+XRPUSDT: bp4.0|
2024-02-13 00:32:55,625
update 13: filled 0 / 1 () | working 1 / 1 (+XRPUSDT)
2024-02-13 00:32:59,626
+XRPUSDT: bp4.0|
2024-02-13 00:33:00,067
update 14: filled 0 / 1 () | working 1 / 1 (+XRPUSDT)
2024-02-13 00:33:04,068
+XRPUSDT: bp-0.0|
2024-02-13 00:33:04,068
Adjustment limit #2 ... 
 we cancel current orders and replace
2024-02-13 00:33:04,068
@+/-1.25bp limit 
2024-02-13 00:33:04,068
binance_cancel_and_replace_orders_peg 20240213_003304
2024-02-13 00:33:05,177
binance_place_orders_peg 20240213_003305
2024-02-13 00:33:05,616
{'orderId': 50018837327, 'symbol': 'XRPUSDT', 'status': 'NEW', 'clientOrderId': 'STRATON', 'price': '0.5326', 'avgPrice': '0.00', 'origQty': '23.3', 'executedQty': '0.0', 'cumQty': '0.0', 'cumQuote': '0.00000', 'timeInForce': 'GTC', 'type': 'LIMIT', 'reduceOnly': False, 'closePosition': False, 'side': 'BUY', 'positionSide': 'BOTH', 'stopPrice': '0.0000', 'workingType': 'CONTRACT_PRICE', 'priceProtect': False, 'origType': 'LIMIT', 'priceMatch': 'NONE', 'selfTradePreventionMode': 'NONE', 'goodTillDate': 0, 'updateTime': 1707784385507}
2024-02-13 00:33:06,065
update 0: filled 0 / 1 () | working 1 / 1 (+XRPUSDT)
2024-02-13 00:33:10,066
+XRPUSDT: bp2.0|
2024-02-13 00:33:10,513
update 1: filled 0 / 1 () | working 1 / 1 (+XRPUSDT)
2024-02-13 00:33:14,514
+XRPUSDT: bp4.0|
2024-02-13 00:33:14,954
update 2: filled 0 / 1 () | working 1 / 1 (+XRPUSDT)
2024-02-13 00:33:18,955
+XRPUSDT: bp4.0|
2024-02-13 00:33:19,399
update 3: filled 0 / 1 () | working 1 / 1 (+XRPUSDT)
2024-02-13 00:33:23,400
+XRPUSDT: bp6.0|
2024-02-13 00:33:23,845
update 4: filled 0 / 1 () | working 1 / 1 (+XRPUSDT)
2024-02-13 00:33:27,845
+XRPUSDT: bp6.0|
2024-02-13 00:33:28,286
update 5: filled 0 / 1 () | working 1 / 1 (+XRPUSDT)
2024-02-13 00:33:32,287
+XRPUSDT: bp6.0|
2024-02-13 00:33:32,728
update 6: filled 0 / 1 () | working 1 / 1 (+XRPUSDT)
2024-02-13 00:33:36,729
+XRPUSDT: bp6.0|
2024-02-13 00:33:37,173
update 7: filled 0 / 1 () | working 1 / 1 (+XRPUSDT)
2024-02-13 00:33:41,174
+XRPUSDT: bp6.0|
2024-02-13 00:33:41,614
update 8: filled 0 / 1 () | working 1 / 1 (+XRPUSDT)
2024-02-13 00:33:45,615
+XRPUSDT: bp4.0|
2024-02-13 00:33:46,059
update 9: filled 0 / 1 () | working 1 / 1 (+XRPUSDT)
2024-02-13 00:33:50,059
+XRPUSDT: bp2.0|
2024-02-13 00:33:50,504
update 10: filled 0 / 1 () | working 1 / 1 (+XRPUSDT)
2024-02-13 00:33:54,505
+XRPUSDT: bp4.0|
2024-02-13 00:33:54,945
update 11: filled 0 / 1 () | working 1 / 1 (+XRPUSDT)
2024-02-13 00:33:58,945
+XRPUSDT: bp4.0|
2024-02-13 00:33:59,386
update 12: filled 0 / 1 () | working 1 / 1 (+XRPUSDT)
2024-02-13 00:34:03,387
+XRPUSDT: bp4.0|
2024-02-13 00:34:03,828
update 13: filled 0 / 1 () | working 1 / 1 (+XRPUSDT)
2024-02-13 00:34:07,829
+XRPUSDT: bp2.0|
2024-02-13 00:34:08,270
update 14: filled 0 / 1 () | working 1 / 1 (+XRPUSDT)
2024-02-13 00:34:12,271
+XRPUSDT: bp4.0|
2024-02-13 00:34:12,271
Adjustment limit #3 ... 
 we cancel current orders and replace
2024-02-13 00:34:12,271
@+/-0.625bp limit 
2024-02-13 00:34:12,271
binance_cancel_and_replace_orders_peg 20240213_003412
2024-02-13 00:34:13,375
binance_place_orders_peg 20240213_003413
2024-02-13 00:34:13,822
update 0: filled 1 / 1 (+XRPUSDT) | working 0 / 1 ()
2024-02-13 00:34:19,167
Trades of the day
in$
as of: 13Feb 00:34>>00:34 (#trades: 1)
trade net: +12.0 (+4.1%), trade gross: +12.0 (+4.1%), BUY: +12.0 (+4.1%), SELL: +0.0 (+0.0%)
fees: $ 0.002 (2.0bp)
2024-02-13 00:34:19,401
Trades: 
Filled #1
______________________________________________
                   in$ | in bp 12 traded | in bp 289 AUMs
realizedPnl    -0.03   | -24     | -1     
PnLvsArrival   +0      | +0      | +0     
PnLvsLast      +0      | +0      | +0     
______________________________________________
                 | Value$ | PnL Arrival/Last 
______________________________________________
XRP:+23.3@0.5326 | +12$ | 0/-0
