2024-02-08 04:31:06,375
ON program started 20240208 04:31:06,
US time: 20240207 23:31:06
2024-02-08 04:31:07,554
the strat is currently running @ 08-02-2024 and the target positions is NEUTRAL
2024-02-08 04:31:10,213
CURRENT STATUS IS NEUTRAL
-----
return before 14h30:
BTCUSDT+0.54%, ETHUSDT+0.29%, XRPUSDT+0.04%
-----
target alloc initial:BTCUSDT+0.00%, ETHUSDT+0.00%, XRPUSDT+0.00%
-----
alloc target x rt%<0:BTCUSDT+0.00%, ETHUSDT+0.00%, XRPUSDT+0.00%
-----
           BTCUSDT ETHUSDT XRPUSDT
w_target      0.0%    0.0%    0.0%
rt_14h30     0.01%   0.00%   0.00%
w_target_f    0.0%    0.0%    0.0%
2024-02-08 04:31:10,214
Portfolio was rebalanced less than 2 hours ago, 1.0 hours ago
2024-02-08 04:31:10,216
Status: prev = NEUTRAL <> NEUTRAL = target
2024-02-08 04:31:10,216
the strat is currently running @ 08-02-2024 and the target positions is NEUTRAL
the strat was previously run @ 2024-02-08 03:31:09, success:? 
   and the current positions is NEUTRAL
2024-02-08 04:31:11,418
positions_future #0
2024-02-08 04:31:11,418
Empty DataFrame
Columns: [symbol, positionAmt, entryPrice, breakEvenPrice, markPrice, unRealizedProfit, value_usd, updateTime, isolated, adlQuantile, AUMs_account, w%]
Index: []
2024-02-08 04:31:11,641
------------------------------
binance_account_balance
2024-02-08 04:31:11,641
  asset     balance  ...  marginAvailable   updateTime
5  USDT  290.496575  ...             True  08Feb-03:35

[1 rows x 8 columns]
2024-02-08 04:31:11,873
------------------------------
open_orders
2024-02-08 04:31:11,874
Empty DataFrame
Columns: []
Index: []
2024-02-08 04:31:12,531
------------------------------
AUMS account:290

2024-02-08 04:31:12,533
--------------- compute_futures_order_book() ----------------
2024-02-08 04:31:14,092
----------------------------------------------------------------------
#0 order(s) to place
gross$: 0$ | net$: +0$
gross%: 0% | net%: +0%
 || w>0%  +0% | w<0%  0%
----------------------------------------------------------------------
PTF Expo% 0.0% >> 0.0% (current>>target)
PTF expo $0.0 >> $0 (current>>target)
----------------------------------------------------------------------
2024-02-08 04:31:14,094
orders_ofthe_day
2024-02-08 04:31:14,094
Empty DataFrame
Columns: [ptf_usd, target_usd, totrd_usd, posttrd_usd, qty, posttrd_qty, posttrd_w, bid, ask, strategy]
Index: []
2024-02-08 04:31:14,154
Orders of the day is empty, current and target potfolios are aligned
2024-02-08 04:31:14,154
Program stopped
