2024-09-17 18:31:10,349
ON program started 20240917 18:31:10,
US time: 20240917 14:31:10
2024-09-17 18:31:11,650
the strat is currently running @ 17-09-2024 and the target positions is LONG
2024-09-17 18:31:13,427
CURRENT STATUS IS LONG
-----
return before 14h30:
BTCUSDT+1.29%, ETHUSDT+0.48%, XRPUSDT-0.84%
-----
target alloc initial:BTCUSDT+16.67%, ETHUSDT+16.67%, XRPUSDT+16.67%
-----
alloc target x rt%<0:BTCUSDT+16.67%, ETHUSDT+16.67%, XRPUSDT+16.67%
-----
           BTCUSDT ETHUSDT XRPUSDT
w_target     16.7%   16.7%   16.7%
rt_14h30     0.01%   0.00%  -0.01%
w_target_f   16.7%   16.7%   16.7%
2024-09-17 18:31:13,428
Portfolio was rebalanced less than 2 hours ago, 15.0 hours ago
2024-09-17 18:31:13,430
Status: prev = LONG <> NEUTRAL = target
2024-09-17 18:31:13,430
the strat is currently running @ 17-09-2024 and the target positions is LONG
the strat was previously run @ 2024-09-17 03:31:00, success:yes 
   and the current positions is NEUTRAL
2024-09-17 18:31:14,626
positions_future #0
2024-09-17 18:31:14,626
Empty DataFrame
Columns: [symbol, positionAmt, entryPrice, breakEvenPrice, markPrice, unRealizedProfit, value_usd, updateTime, isolated, adlQuantile, AUMs_account, w%]
Index: []
2024-09-17 18:31:14,839
------------------------------
binance_account_balance
2024-09-17 18:31:14,839
  asset     balance  ...  marginAvailable   updateTime
4  USDT  296.862212  ...             True  16Sep-22:33

[1 rows x 8 columns]
2024-09-17 18:31:15,068
------------------------------
open_orders
2024-09-17 18:31:15,068
Empty DataFrame
Columns: []
Index: []
2024-09-17 18:31:15,685
------------------------------
AUMS account:296

2024-09-17 18:31:15,687
--------------- compute_futures_order_book() ----------------
2024-09-17 18:31:17,182
----------------------------------------------------------------------
#2 order(s) to place
gross$: 100$ | net$: +100$
gross%: 34% | net%: +34%
 || w>0%  +34% | w<0%  0%
----------------------------------------------------------------------
PTF Expo% 0.0% >> 50.0% (current>>target)
PTF expo $0.0 >> $148 (current>>target)
----------------------------------------------------------------------
2024-09-17 18:31:17,184
orders_ofthe_day
2024-09-17 18:31:17,185
                  ptf_usd  target_usd  totrd_usd  ...        bid        ask strategy
2024-09-17 18:31                                  ...                               
ETHUSDT               0.0       49.49       50.0  ...  2361.3300  2361.3400  STRATON
XRPUSDT               0.0       49.49       50.0  ...     0.5893     0.5894  STRATON

[2 rows x 10 columns]
2024-09-17 18:31:18,887
binance_place_orders_peg 20240917_183118
2024-09-17 18:31:19,306
{'orderId': 8389765733300147834, 'symbol': 'ETHUSDT', 'status': 'NEW', 'clientOrderId': 'STRATON', 'price': '2359.57', 'avgPrice': '0.00', 'origQty': '0.021', 'executedQty': '0.000', 'cumQty': '0.000', 'cumQuote': '0.00000', 'timeInForce': 'GTC', 'type': 'LIMIT', 'reduceOnly': False, 'closePosition': False, 'side': 'BUY', 'positionSide': 'BOTH', 'stopPrice': '0.00', 'workingType': 'CONTRACT_PRICE', 'priceProtect': False, 'origType': 'LIMIT', 'priceMatch': 'NONE', 'selfTradePreventionMode': 'NONE', 'goodTillDate': 0, 'updateTime': 1726597879199}
2024-09-17 18:31:19,721
{'orderId': 65798441674, 'symbol': 'XRPUSDT', 'status': 'NEW', 'clientOrderId': 'STRATON', 'price': '0.5890', 'avgPrice': '0.00', 'origQty': '84.8', 'executedQty': '0.0', 'cumQty': '0.0', 'cumQuote': '0.00000', 'timeInForce': 'GTC', 'type': 'LIMIT', 'reduceOnly': False, 'closePosition': False, 'side': 'BUY', 'positionSide': 'BOTH', 'stopPrice': '0.0000', 'workingType': 'CONTRACT_PRICE', 'priceProtect': False, 'origType': 'LIMIT', 'priceMatch': 'NONE', 'selfTradePreventionMode': 'NONE', 'goodTillDate': 0, 'updateTime': 1726597879615}
2024-09-17 18:31:21,215
update 0: filled 0 / 2 () | working 2 / 2 (+ETHUSDT,+XRPUSDT)
2024-09-17 18:31:25,230
+ETHUSDT: bp7.0|+XRPUSDT: bp5.0|
2024-09-17 18:31:26,056
update 1: filled 0 / 2 () | working 2 / 2 (+ETHUSDT,+XRPUSDT)
2024-09-17 18:31:30,056
+ETHUSDT: bp3.0|+XRPUSDT: bp7.0|
2024-09-17 18:31:30,882
update 2: filled 0 / 2 () | working 2 / 2 (+ETHUSDT,+XRPUSDT)
2024-09-17 18:31:34,893
+ETHUSDT: bp2.0|+XRPUSDT: bp7.0|
2024-09-17 18:31:35,735
update 3: filled 0 / 2 () | working 2 / 2 (+ETHUSDT,+XRPUSDT)
2024-09-17 18:31:39,736
+ETHUSDT: bp2.0|+XRPUSDT: bp5.0|
2024-09-17 18:31:40,567
update 4: filled 0 / 2 () | working 2 / 2 (+ETHUSDT,+XRPUSDT)
2024-09-17 18:31:44,568
+ETHUSDT: bp3.0|+XRPUSDT: bp8.0|
2024-09-17 18:31:45,394
update 5: filled 0 / 2 () | working 2 / 2 (+ETHUSDT,+XRPUSDT)
2024-09-17 18:31:49,395
+ETHUSDT: bp2.0|+XRPUSDT: bp8.0|
2024-09-17 18:31:50,219
update 6: filled 0 / 2 () | working 2 / 2 (+ETHUSDT,+XRPUSDT)
2024-09-17 18:31:54,220
+ETHUSDT: bp2.0|+XRPUSDT: bp8.0|
2024-09-17 18:31:55,045
update 7: filled 0 / 2 () | working 2 / 2 (+ETHUSDT,+XRPUSDT)
2024-09-17 18:31:59,046
+ETHUSDT: bp6.0|+XRPUSDT: bp8.0|
2024-09-17 18:31:59,867
update 8: filled 0 / 2 () | working 2 / 2 (+ETHUSDT,+XRPUSDT)
2024-09-17 18:32:03,868
+ETHUSDT: bp4.0|+XRPUSDT: bp10.0|
2024-09-17 18:32:04,694
update 9: filled 0 / 2 () | working 2 / 2 (+ETHUSDT,+XRPUSDT)
2024-09-17 18:32:08,695
+ETHUSDT: bp7.0|+XRPUSDT: bp10.0|
2024-09-17 18:32:09,516
update 10: filled 0 / 2 () | working 2 / 2 (+ETHUSDT,+XRPUSDT)
2024-09-17 18:32:13,521
+ETHUSDT: bp7.0|+XRPUSDT: bp8.0|
2024-09-17 18:32:14,342
update 11: filled 0 / 2 () | working 2 / 2 (+ETHUSDT,+XRPUSDT)
2024-09-17 18:32:18,344
+ETHUSDT: bp9.0|+XRPUSDT: bp8.0|
2024-09-17 18:32:19,168
update 12: filled 0 / 2 () | working 2 / 2 (+ETHUSDT,+XRPUSDT)
2024-09-17 18:32:23,173
+ETHUSDT: bp7.0|+XRPUSDT: bp8.0|
2024-09-17 18:32:23,998
update 13: filled 0 / 2 () | working 2 / 2 (+ETHUSDT,+XRPUSDT)
2024-09-17 18:32:27,998
+ETHUSDT: bp9.0|+XRPUSDT: bp8.0|
2024-09-17 18:32:28,821
update 14: filled 0 / 2 () | working 2 / 2 (+ETHUSDT,+XRPUSDT)
2024-09-17 18:32:32,821
+ETHUSDT: bp9.0|+XRPUSDT: bp10.0|
2024-09-17 18:32:32,822
Adjustment limit #1 ... 
 we cancel current orders and replace
2024-09-17 18:32:32,822
@+/-2.5bp limit 
2024-09-17 18:32:32,822
binance_cancel_and_replace_orders_peg 20240917_183232
2024-09-17 18:32:34,885
binance_place_orders_peg 20240917_183234
2024-09-17 18:32:35,296
{'orderId': 8389765733300596162, 'symbol': 'ETHUSDT', 'status': 'NEW', 'clientOrderId': 'STRATON', 'price': '2360.66', 'avgPrice': '0.00', 'origQty': '0.021', 'executedQty': '0.000', 'cumQty': '0.000', 'cumQuote': '0.00000', 'timeInForce': 'GTC', 'type': 'LIMIT', 'reduceOnly': False, 'closePosition': False, 'side': 'BUY', 'positionSide': 'BOTH', 'stopPrice': '0.00', 'workingType': 'CONTRACT_PRICE', 'priceProtect': False, 'origType': 'LIMIT', 'priceMatch': 'NONE', 'selfTradePreventionMode': 'NONE', 'goodTillDate': 0, 'updateTime': 1726597955192}
2024-09-17 18:32:35,707
{'orderId': 65798497573, 'symbol': 'XRPUSDT', 'status': 'NEW', 'clientOrderId': 'STRATON', 'price': '0.5894', 'avgPrice': '0.00', 'origQty': '84.8', 'executedQty': '0.0', 'cumQty': '0.0', 'cumQuote': '0.00000', 'timeInForce': 'GTC', 'type': 'LIMIT', 'reduceOnly': False, 'closePosition': False, 'side': 'BUY', 'positionSide': 'BOTH', 'stopPrice': '0.0000', 'workingType': 'CONTRACT_PRICE', 'priceProtect': False, 'origType': 'LIMIT', 'priceMatch': 'NONE', 'selfTradePreventionMode': 'NONE', 'goodTillDate': 0, 'updateTime': 1726597955603}
2024-09-17 18:32:36,551
update 0: filled 0 / 2 () | working 2 / 2 (+ETHUSDT,+XRPUSDT)
2024-09-17 18:32:40,553
+ETHUSDT: bp1.0|+XRPUSDT: bp2.0|
2024-09-17 18:32:41,374
update 1: filled 0 / 2 () | working 2 / 2 (+ETHUSDT,+XRPUSDT)
2024-09-17 18:32:45,375
+ETHUSDT: bp1.0|+XRPUSDT: bp2.0|
2024-09-17 18:32:46,204
update 2: filled 1 / 2 (+ETHUSDT) | working 1 / 2 (+XRPUSDT)
2024-09-17 18:32:50,206
+XRPUSDT: bp2.0|
2024-09-17 18:32:51,029
update 3: filled 1 / 2 (+ETHUSDT) | working 1 / 2 (+XRPUSDT)
2024-09-17 18:32:55,031
+XRPUSDT: bp2.0|
2024-09-17 18:32:55,862
update 4: filled 1 / 2 (+ETHUSDT) | working 1 / 2 (+XRPUSDT)
2024-09-17 18:32:59,863
+XRPUSDT: bp2.0|
2024-09-17 18:33:00,684
update 5: filled 1 / 2 (+ETHUSDT) | working 1 / 2 (+XRPUSDT)
2024-09-17 18:33:04,685
+XRPUSDT: bp2.0|
2024-09-17 18:33:05,512
update 6: filled 1 / 2 (+ETHUSDT) | working 1 / 2 (+XRPUSDT)
2024-09-17 18:33:09,513
+XRPUSDT: bp2.0|
2024-09-17 18:33:10,339
update 7: filled 1 / 2 (+ETHUSDT) | working 1 / 2 (+XRPUSDT)
2024-09-17 18:33:14,339
+XRPUSDT: bp2.0|
2024-09-17 18:33:15,165
update 8: filled 1 / 2 (+ETHUSDT) | working 1 / 2 (+XRPUSDT)
2024-09-17 18:33:19,166
+XRPUSDT: bp7.0|
2024-09-17 18:33:19,992
update 9: filled 1 / 2 (+ETHUSDT) | working 1 / 2 (+XRPUSDT)
2024-09-17 18:33:23,993
+XRPUSDT: bp7.0|
2024-09-17 18:33:24,826
update 10: filled 1 / 2 (+ETHUSDT) | working 1 / 2 (+XRPUSDT)
2024-09-17 18:33:28,827
+XRPUSDT: bp8.0|
2024-09-17 18:33:29,650
update 11: filled 1 / 2 (+ETHUSDT) | working 1 / 2 (+XRPUSDT)
2024-09-17 18:33:33,651
+XRPUSDT: bp7.0|
2024-09-17 18:33:34,475
update 12: filled 1 / 2 (+ETHUSDT) | working 1 / 2 (+XRPUSDT)
2024-09-17 18:33:38,477
+XRPUSDT: bp7.0|
2024-09-17 18:33:39,306
update 13: filled 1 / 2 (+ETHUSDT) | working 1 / 2 (+XRPUSDT)
2024-09-17 18:33:43,307
+XRPUSDT: bp7.0|
2024-09-17 18:33:44,127
update 14: filled 1 / 2 (+ETHUSDT) | working 1 / 2 (+XRPUSDT)
2024-09-17 18:33:48,128
+XRPUSDT: bp7.0|
2024-09-17 18:33:48,128
Adjustment limit #2 ... 
 we cancel current orders and replace
2024-09-17 18:33:48,128
@+/-1.25bp limit 
2024-09-17 18:33:48,128
binance_cancel_and_replace_orders_peg 20240917_183348
2024-09-17 18:33:49,574
binance_place_orders_peg 20240917_183349
2024-09-17 18:33:49,985
{'orderId': 65798555176, 'symbol': 'XRPUSDT', 'status': 'NEW', 'clientOrderId': 'STRATON', 'price': '0.5896', 'avgPrice': '0.00', 'origQty': '84.8', 'executedQty': '0.0', 'cumQty': '0.0', 'cumQuote': '0.00000', 'timeInForce': 'GTC', 'type': 'LIMIT', 'reduceOnly': False, 'closePosition': False, 'side': 'BUY', 'positionSide': 'BOTH', 'stopPrice': '0.0000', 'workingType': 'CONTRACT_PRICE', 'priceProtect': False, 'origType': 'LIMIT', 'priceMatch': 'NONE', 'selfTradePreventionMode': 'NONE', 'goodTillDate': 0, 'updateTime': 1726598029882}
2024-09-17 18:33:50,817
update 0: filled 1 / 2 (+ETHUSDT) | working 1 / 2 (+XRPUSDT)
2024-09-17 18:33:54,818
+XRPUSDT: bp3.0|
2024-09-17 18:33:55,644
update 1: filled 1 / 2 (+ETHUSDT) | working 1 / 2 (+XRPUSDT)
2024-09-17 18:33:59,645
+XRPUSDT: bp-0.0|
2024-09-17 18:34:00,470
update 2: filled 2 / 2 (+ETHUSDT,+XRPUSDT) | working 0 / 2 ()
2024-09-17 18:34:06,765
Trades of the day
in$
as of: 17Sep 18:32>>18:33 (#trades: 2)
trade net: +100.0 (+33.7%), trade gross: +100.0 (+33.7%), BUY: +100.0 (+33.7%), SELL: +0.0 (+0.0%)
fees: $ 0.02 (2.0bp)
2024-09-17 18:34:07,203
Trades: 
Filled #2
______________________________________________
                   in$ | in bp 99 traded | in bp 296 AUMs
realizedPnl    +0      | +0      | +0     
PnLvsArrival   -0.01   | -1      | -0     
PnLvsLast      -0.01   | -1      | -0     
______________________________________________
                 | Value$ | PnL Arrival/Last 
______________________________________________
ETH:+0.021@2360.66 | +50$ | 0.01/0.01
XRP:+84.8@0.5896 | +50$ | -0.02/-0.02
