2024-05-05 18:30:43,058
ON program started 20240505 18:30:43,
US time: 20240505 14:30:43
2024-05-05 18:30:43,793
the strat is currently running @ 05-05-2024 and the target positions is LONG
2024-05-05 18:30:45,196
CURRENT STATUS IS LONG
-----
return before 14h30:
BTCUSDT+0.36%, ETHUSDT+0.97%, XRPUSDT-0.21%
-----
target alloc initial:BTCUSDT+16.67%, ETHUSDT+16.67%, XRPUSDT+16.67%
-----
alloc target x rt%<0:BTCUSDT+16.67%, ETHUSDT+16.67%, XRPUSDT+16.67%
-----
           BTCUSDT ETHUSDT XRPUSDT
w_target     16.7%   16.7%   16.7%
rt_14h30     0.00%   0.01%  -0.00%
w_target_f   16.7%   16.7%   16.7%
2024-05-05 18:30:45,197
Portfolio was rebalanced less than 2 hours ago, 15.0 hours ago
2024-05-05 18:30:45,199
Status: prev = LONG <> NEUTRAL = target
2024-05-05 18:30:45,199
the strat is currently running @ 05-05-2024 and the target positions is LONG
the strat was previously run @ 2024-05-05 03:31:10, success:yes 
   and the current positions is NEUTRAL
2024-05-05 18:30:46,412
positions_future #0
2024-05-05 18:30:46,412
Empty DataFrame
Columns: [symbol, positionAmt, entryPrice, breakEvenPrice, markPrice, unRealizedProfit, value_usd, updateTime, isolated, adlQuantile, AUMs_account, w%]
Index: []
2024-05-05 18:30:46,639
------------------------------
binance_account_balance
2024-05-05 18:30:46,639
  asset     balance  ...  marginAvailable   updateTime
6  USDT  283.585973  ...             True  04May-22:37

[1 rows x 8 columns]
2024-05-05 18:30:46,876
------------------------------
open_orders
2024-05-05 18:30:46,876
Empty DataFrame
Columns: []
Index: []
2024-05-05 18:30:47,536
------------------------------
AUMS account:283

2024-05-05 18:30:47,538
--------------- compute_futures_order_book() ----------------
2024-05-05 18:30:49,113
----------------------------------------------------------------------
#2 order(s) to place
gross$: 94$ | net$: +94$
gross%: 33% | net%: +33%
 || w>0%  +33% | w<0%  0%
----------------------------------------------------------------------
PTF Expo% 0.0% >> 50.0% (current>>target)
PTF expo $0.0 >> $141 (current>>target)
----------------------------------------------------------------------
2024-05-05 18:30:49,115
orders_ofthe_day
2024-05-05 18:30:49,115
                  ptf_usd  target_usd  totrd_usd  ...        bid        ask strategy
2024-05-05 18:30                                  ...                               
ETHUSDT               0.0       47.27       47.0  ...  3138.7700  3138.7800  STRATON
XRPUSDT               0.0       47.27       47.0  ...     0.5294     0.5295  STRATON

[2 rows x 10 columns]
2024-05-05 18:30:50,739
binance_place_orders_peg 20240505_183050
2024-05-05 18:30:51,189
{'orderId': 8389765678802903413, 'symbol': 'ETHUSDT', 'status': 'NEW', 'clientOrderId': 'STRATON', 'price': '3137.42', 'avgPrice': '0.00', 'origQty': '0.015', 'executedQty': '0.000', 'cumQty': '0.000', 'cumQuote': '0.00000', 'timeInForce': 'GTC', 'type': 'LIMIT', 'reduceOnly': False, 'closePosition': False, 'side': 'BUY', 'positionSide': 'BOTH', 'stopPrice': '0.00', 'workingType': 'CONTRACT_PRICE', 'priceProtect': False, 'origType': 'LIMIT', 'priceMatch': 'NONE', 'selfTradePreventionMode': 'NONE', 'goodTillDate': 0, 'updateTime': 1714933851071}
2024-05-05 18:30:51,633
{'orderId': 56142994102, 'symbol': 'XRPUSDT', 'status': 'NEW', 'clientOrderId': 'STRATON', 'price': '0.5291', 'avgPrice': '0.00', 'origQty': '88.8', 'executedQty': '0.0', 'cumQty': '0.0', 'cumQuote': '0.00000', 'timeInForce': 'GTC', 'type': 'LIMIT', 'reduceOnly': False, 'closePosition': False, 'side': 'BUY', 'positionSide': 'BOTH', 'stopPrice': '0.0000', 'workingType': 'CONTRACT_PRICE', 'priceProtect': False, 'origType': 'LIMIT', 'priceMatch': 'NONE', 'selfTradePreventionMode': 'NONE', 'goodTillDate': 0, 'updateTime': 1714933851520}
2024-05-05 18:30:53,217
update 0: filled 0 / 2 () | working 2 / 2 (+ETHUSDT,+XRPUSDT)
2024-05-05 18:30:57,217
+ETHUSDT: bp4.0|+XRPUSDT: bp8.0|
2024-05-05 18:30:58,102
update 1: filled 0 / 2 () | working 2 / 2 (+ETHUSDT,+XRPUSDT)
2024-05-05 18:31:02,103
+ETHUSDT: bp5.0|+XRPUSDT: bp6.0|
2024-05-05 18:31:02,988
update 2: filled 0 / 2 () | working 2 / 2 (+ETHUSDT,+XRPUSDT)
2024-05-05 18:31:06,989
+ETHUSDT: bp5.0|+XRPUSDT: bp8.0|
2024-05-05 18:31:07,870
update 3: filled 0 / 2 () | working 2 / 2 (+ETHUSDT,+XRPUSDT)
2024-05-05 18:31:11,871
+ETHUSDT: bp5.0|+XRPUSDT: bp8.0|
2024-05-05 18:31:12,757
update 4: filled 0 / 2 () | working 2 / 2 (+ETHUSDT,+XRPUSDT)
2024-05-05 18:31:16,757
+ETHUSDT: bp5.0|+XRPUSDT: bp8.0|
2024-05-05 18:31:17,643
update 5: filled 0 / 2 () | working 2 / 2 (+ETHUSDT,+XRPUSDT)
2024-05-05 18:31:21,643
+ETHUSDT: bp5.0|+XRPUSDT: bp8.0|
2024-05-05 18:31:22,536
update 6: filled 0 / 2 () | working 2 / 2 (+ETHUSDT,+XRPUSDT)
2024-05-05 18:31:26,537
+ETHUSDT: bp6.0|+XRPUSDT: bp6.0|
2024-05-05 18:31:27,421
update 7: filled 0 / 2 () | working 2 / 2 (+ETHUSDT,+XRPUSDT)
2024-05-05 18:31:31,422
+ETHUSDT: bp8.0|+XRPUSDT: bp8.0|
2024-05-05 18:31:32,310
update 8: filled 0 / 2 () | working 2 / 2 (+ETHUSDT,+XRPUSDT)
2024-05-05 18:31:36,311
+ETHUSDT: bp8.0|+XRPUSDT: bp8.0|
2024-05-05 18:31:37,194
update 9: filled 0 / 2 () | working 2 / 2 (+ETHUSDT,+XRPUSDT)
2024-05-05 18:31:41,194
+ETHUSDT: bp8.0|+XRPUSDT: bp8.0|
2024-05-05 18:31:42,077
update 10: filled 0 / 2 () | working 2 / 2 (+ETHUSDT,+XRPUSDT)
2024-05-05 18:31:46,078
+ETHUSDT: bp8.0|+XRPUSDT: bp8.0|
2024-05-05 18:31:46,961
update 11: filled 0 / 2 () | working 2 / 2 (+ETHUSDT,+XRPUSDT)
2024-05-05 18:31:50,962
+ETHUSDT: bp8.0|+XRPUSDT: bp9.0|
2024-05-05 18:31:51,844
update 12: filled 0 / 2 () | working 2 / 2 (+ETHUSDT,+XRPUSDT)
2024-05-05 18:31:55,845
+ETHUSDT: bp8.0|+XRPUSDT: bp9.0|
2024-05-05 18:31:56,728
update 13: filled 0 / 2 () | working 2 / 2 (+ETHUSDT,+XRPUSDT)
2024-05-05 18:32:00,728
+ETHUSDT: bp8.0|+XRPUSDT: bp8.0|
2024-05-05 18:32:01,615
update 14: filled 0 / 2 () | working 2 / 2 (+ETHUSDT,+XRPUSDT)
2024-05-05 18:32:05,616
+ETHUSDT: bp8.0|+XRPUSDT: bp8.0|
2024-05-05 18:32:05,616
Adjustment limit #1 ... 
 we cancel current orders and replace
2024-05-05 18:32:05,616
@+/-2.5bp limit 
2024-05-05 18:32:05,616
binance_cancel_and_replace_orders_peg 20240505_183205
2024-05-05 18:32:07,842
binance_place_orders_peg 20240505_183207
2024-05-05 18:32:08,290
{'orderId': 8389765678803056952, 'symbol': 'ETHUSDT', 'status': 'NEW', 'clientOrderId': 'STRATON', 'price': '3138.22', 'avgPrice': '0.00', 'origQty': '0.015', 'executedQty': '0.000', 'cumQty': '0.000', 'cumQuote': '0.00000', 'timeInForce': 'GTC', 'type': 'LIMIT', 'reduceOnly': False, 'closePosition': False, 'side': 'BUY', 'positionSide': 'BOTH', 'stopPrice': '0.00', 'workingType': 'CONTRACT_PRICE', 'priceProtect': False, 'origType': 'LIMIT', 'priceMatch': 'NONE', 'selfTradePreventionMode': 'NONE', 'goodTillDate': 0, 'updateTime': 1714933928174}
2024-05-05 18:32:08,736
{'orderId': 56143027027, 'symbol': 'XRPUSDT', 'status': 'NEW', 'clientOrderId': 'STRATON', 'price': '0.5293', 'avgPrice': '0.00', 'origQty': '88.8', 'executedQty': '0.0', 'cumQty': '0.0', 'cumQuote': '0.00000', 'timeInForce': 'GTC', 'type': 'LIMIT', 'reduceOnly': False, 'closePosition': False, 'side': 'BUY', 'positionSide': 'BOTH', 'stopPrice': '0.0000', 'workingType': 'CONTRACT_PRICE', 'priceProtect': False, 'origType': 'LIMIT', 'priceMatch': 'NONE', 'selfTradePreventionMode': 'NONE', 'goodTillDate': 0, 'updateTime': 1714933928619}
2024-05-05 18:32:09,630
update 0: filled 0 / 2 () | working 2 / 2 (+ETHUSDT,+XRPUSDT)
2024-05-05 18:32:13,631
+ETHUSDT: bp3.0|+XRPUSDT: bp4.0|
2024-05-05 18:32:14,516
update 1: filled 0 / 2 () | working 2 / 2 (+ETHUSDT,+XRPUSDT)
2024-05-05 18:32:18,517
+ETHUSDT: bp2.0|+XRPUSDT: bp2.0|
2024-05-05 18:32:19,400
update 2: filled 0 / 2 () | working 2 / 2 (+ETHUSDT,+XRPUSDT)
2024-05-05 18:32:23,402
+ETHUSDT: bp2.0|+XRPUSDT: bp2.0|
2024-05-05 18:32:24,289
update 3: filled 0 / 2 () | working 2 / 2 (+ETHUSDT,+XRPUSDT)
2024-05-05 18:32:28,290
+ETHUSDT: bp2.0|+XRPUSDT: bp4.0|
2024-05-05 18:32:29,174
update 4: filled 0 / 2 () | working 2 / 2 (+ETHUSDT,+XRPUSDT)
2024-05-05 18:32:33,175
+ETHUSDT: bp2.0|+XRPUSDT: bp4.0|
2024-05-05 18:32:34,060
update 5: filled 0 / 2 () | working 2 / 2 (+ETHUSDT,+XRPUSDT)
2024-05-05 18:32:38,061
+ETHUSDT: bp2.0|+XRPUSDT: bp4.0|
2024-05-05 18:32:38,944
update 6: filled 0 / 2 () | working 2 / 2 (+ETHUSDT,+XRPUSDT)
2024-05-05 18:32:42,945
+ETHUSDT: bp2.0|+XRPUSDT: bp6.0|
2024-05-05 18:32:43,829
update 7: filled 0 / 2 () | working 2 / 2 (+ETHUSDT,+XRPUSDT)
2024-05-05 18:32:47,830
+ETHUSDT: bp2.0|+XRPUSDT: bp6.0|
2024-05-05 18:32:48,716
update 8: filled 1 / 2 (+ETHUSDT) | working 1 / 2 (+XRPUSDT)
2024-05-05 18:32:52,717
+XRPUSDT: bp6.0|
2024-05-05 18:32:53,600
update 9: filled 1 / 2 (+ETHUSDT) | working 1 / 2 (+XRPUSDT)
2024-05-05 18:32:57,601
+XRPUSDT: bp6.0|
2024-05-05 18:32:58,485
update 10: filled 1 / 2 (+ETHUSDT) | working 1 / 2 (+XRPUSDT)
2024-05-05 18:33:02,486
+XRPUSDT: bp4.0|
2024-05-05 18:33:03,368
update 11: filled 1 / 2 (+ETHUSDT) | working 1 / 2 (+XRPUSDT)
2024-05-05 18:33:07,369
+XRPUSDT: bp4.0|
2024-05-05 18:33:08,255
update 12: filled 2 / 2 (+ETHUSDT,+XRPUSDT) | working 0 / 2 ()
2024-05-05 18:33:14,739
Trades of the day
in$
as of: 05May 18:32>>18:33 (#trades: 2)
trade net: +94.0 (+33.1%), trade gross: +94.0 (+33.1%), BUY: +94.0 (+33.1%), SELL: +0.0 (+0.0%)
fees: $ 0.019 (2.0bp)
2024-05-05 18:33:15,199
Trades: 
Filled #2
______________________________________________
                   in$ | in bp 94 traded | in bp 283 AUMs
realizedPnl    +0      | +0      | +0     
PnLvsArrival   +0.02   | +2      | +1     
PnLvsLast      -0.05   | -5      | -2     
______________________________________________
                 | Value$ | PnL Arrival/Last 
______________________________________________
XRP:+88.8@0.5293 | +47$ | 0.01/-0.02
ETH:+0.015@3138.22 | +47$ | 0.01/-0.03
