2024-03-09 20:31:01,734
ON program started 20240309 20:31:01,
US time: 20240309 15:31:01
2024-03-09 20:31:02,927
the strat is currently running @ 09-03-2024 and the target positions is LONG
2024-03-09 20:31:04,773
CURRENT STATUS IS LONG
-----
return before 14h30:
BTCUSDT+0.32%, ETHUSDT+0.85%, XRPUSDT+0.63%
-----
target alloc initial:BTCUSDT+16.67%, ETHUSDT+16.67%, XRPUSDT+16.67%
-----
alloc target x rt%<0:BTCUSDT+16.67%, ETHUSDT+16.67%, XRPUSDT+16.67%
-----
           BTCUSDT ETHUSDT XRPUSDT
w_target     16.7%   16.7%   16.7%
rt_14h30     0.00%   0.01%   0.01%
w_target_f   16.7%   16.7%   16.7%
2024-03-09 20:31:04,774
Portfolio was rebalanced less than 2 hours ago, 1.0 hours ago
2024-03-09 20:31:04,777
Status: prev = LONG <> LONG = target
2024-03-09 20:31:04,777
the strat is currently running @ 09-03-2024 and the target positions is LONG
the strat was previously run @ 2024-03-09 19:31:01, success:? 
   and the current positions is LONG
2024-03-09 20:31:06,021
positions_future #2
2024-03-09 20:31:06,021
      symbol  positionAmt entryPrice  ... adlQuantile AUMs_account        w%
123  XRPUSDT       77.100     0.6229  ...           1        290.3  0.164994
154  ETHUSDT        0.012    3889.38  ...           2        290.3  0.160975

[2 rows x 12 columns]
2024-03-09 20:31:06,265
------------------------------
binance_account_balance
2024-03-09 20:31:06,266
  asset    balance  ...  marginAvailable   updateTime
6  USDT  290.35586  ...             True  09Mar-19:32

[1 rows x 8 columns]
2024-03-09 20:31:06,946
------------------------------
open_orders
2024-03-09 20:31:06,947
Empty DataFrame
Columns: []
Index: []
2024-03-09 20:31:07,607
------------------------------
AUMS account:290

2024-03-09 20:31:07,609
--------------- compute_futures_order_book() ----------------
2024-03-09 20:31:09,179
----------------------------------------------------------------------
#0 order(s) to place
gross$: 0$ | net$: +0$
gross%: 0% | net%: +0%
 || w>0%  +0% | w<0%  0%
----------------------------------------------------------------------
PTF Expo% 32.7% >> 50.0% (current>>target)
PTF expo $95.0 >> $145 (current>>target)
----------------------------------------------------------------------
2024-03-09 20:31:09,181
orders_ofthe_day
2024-03-09 20:31:09,181
Empty DataFrame
Columns: [ptf_usd, target_usd, totrd_usd, posttrd_usd, qty, posttrd_qty, posttrd_w, bid, ask, strategy]
Index: []
2024-03-09 20:31:09,242
Orders of the day is empty, current and target potfolios are aligned
2024-03-09 20:31:09,243
Program stopped
