2024-01-10 20:30:41,911
ON program started 20240110 20:30:41,
US time: 20240110 15:30:41
2024-01-10 20:30:42,388
the strat is currently running @ 10-01-2024 and the target positions is LONG
2024-01-10 20:30:43,796
CURRENT STATUS IS LONG
-----
return before 14h30:
BTCUSDT+1.23%, ETHUSDT+2.30%, XRPUSDT+0.63%
-----
target alloc initial:BTCUSDT+16.67%, ETHUSDT+16.67%, XRPUSDT+16.67%
-----
alloc target x rt%<0:BTCUSDT+16.67%, ETHUSDT+16.67%, XRPUSDT+16.67%
-----
           BTCUSDT ETHUSDT XRPUSDT
w_target     16.7%   16.7%   16.7%
rt_14h30     0.01%   0.02%   0.01%
w_target_f   16.7%   16.7%   16.7%
2024-01-10 20:30:43,798
Portfolio was rebalanced less than 2 hours ago, 1.0 hours ago
2024-01-10 20:30:43,801
Status: prev = LONG <> LONG = target
2024-01-10 20:30:43,801
the strat is currently running @ 10-01-2024 and the target positions is LONG
the strat was previously run @ 2024-01-10 19:31:13 UTC, success:? 
   and the current positions is LONG
2024-01-10 20:30:45,029
positions_future #2
2024-01-10 20:30:45,029
      symbol  positionAmt entryPrice  ... adlQuantile AUMs_account        w%
141  ETHUSDT         0.02     2468.7  ...           1        287.8  0.170327
113  XRPUSDT        82.90      0.579  ...           1        287.8  0.164528

[2 rows x 12 columns]
2024-01-10 20:30:45,269
------------------------------
binance_account_balance
2024-01-10 20:30:45,269
  asset     balance  ...  marginAvailable   updateTime
5  USDT  288.806592  ...             True  10Jan-19:32

[1 rows x 8 columns]
2024-01-10 20:30:45,939
------------------------------
open_orders
2024-01-10 20:30:45,939
Empty DataFrame
Columns: []
Index: []
2024-01-10 20:30:46,598
------------------------------
AUMS account:287

2024-01-10 20:30:46,600
--------------- compute_futures_order_book() ----------------
2024-01-10 20:30:48,159
----------------------------------------------------------------------
#0 order(s) to place
gross$: 0$ | net$: +0$
gross%: 0% | net%: +0%
 || w>0%  +0% | w<0%  0%
----------------------------------------------------------------------
PTF Expo% 33.3% >> 50.0% (current>>target)
PTF expo $96.0 >> $143 (current>>target)
----------------------------------------------------------------------
2024-01-10 20:30:48,161
orders_ofthe_day
2024-01-10 20:30:48,161
Empty DataFrame
Columns: [ptf_usd, target_usd, totrd_usd, posttrd_usd, qty, posttrd_qty, posttrd_w, bid, ask, strategy]
Index: []
2024-01-10 20:30:48,247
Orders of the day is empty, current and target potfolios are aligned
2024-01-10 20:30:48,247
Program stopped
