2024-09-02 00:31:04,068
ON program started 20240902 00:31:04,
US time: 20240901 20:31:04
2024-09-02 00:31:05,492
the strat is currently running @ 02-09-2024 and the target positions is SHORT
2024-09-02 00:31:06,881
CURRENT STATUS IS SHORT, WE CHECK IF THE DAY IS A NEGATIVE ONE
-----
return before 14h30:
BTCUSDT+0.38%, ETHUSDT+0.56%, XRPUSDT+0.38%
-----
target alloc initial:BTCUSDT-4.17%, ETHUSDT+0.00%, XRPUSDT-4.17%
-----
alloc target x rt%<0:BTCUSDT-0.00%, ETHUSDT+0.00%, XRPUSDT-0.00%
-----
           BTCUSDT ETHUSDT XRPUSDT
w_target     -4.2%    0.0%   -4.2%
rt_14h30     0.00%   0.01%   0.00%
w_target_f   -0.0%    0.0%   -0.0%
2024-09-02 00:31:06,883
Portfolio was rebalanced less than 2 hours ago, 1.0 hours ago
2024-09-02 00:31:06,885
Status: prev = SHORT <> SHORT = target
2024-09-02 00:31:06,886
the strat is currently running @ 02-09-2024 and the target positions is SHORT
the strat was previously run @ 2024-09-01 23:30:52, success:yes 
   and the current positions is SHORT
2024-09-02 00:31:08,079
positions_future #1
2024-09-02 00:31:08,079
      symbol  positionAmt entryPrice  ... adlQuantile AUMs_account        w%
136  XRPUSDT        -21.6     0.5497  ...           1        294.3 -0.040347

[1 rows x 12 columns]
2024-09-02 00:31:08,207
programm stoppeddd!!! 20240902_003108
