2023-08-20 02:30:42,127
ON program started 20230820 02:30:42,
US time: 20230819 22:30:42
2023-08-20 02:30:42,674
the strat is currently running @ 20-08-2023 and the target positions is NEUTRAL
2023-08-20 02:30:44,379
CURRENT STATUS IS NEUTRAL
-----
return before 14h30:
BTCUSDT+0.00%, ETHUSDT+0.00%, XRPUSDT+0.00%
-----
target alloc initial:BTCUSDT+0.00%, ETHUSDT+0.00%, XRPUSDT+0.00%
-----
alloc target x rt%<0:BTCUSDT+0.00%, ETHUSDT+0.00%, XRPUSDT+0.00%
-----
           BTCUSDT ETHUSDT XRPUSDT
w_target      0.0%    0.0%    0.0%
rt_14h30     0.00%   0.00%   0.00%
w_target_f    0.0%    0.0%    0.0%
2023-08-20 02:30:44,381
Portfolio was rebalanced less than 2 hours ago, 1.0 hours ago
2023-08-20 02:30:44,384
Status: prev = NEUTRAL <> SHORT = target
2023-08-20 02:30:44,384
the strat is currently running @ 20-08-2023 and the target positions is NEUTRAL
the strat was previously run @ 2023-08-20 01:30:54 UTC, success:yes 
   and the current positions is SHORT
2023-08-20 02:30:45,467
positions_future #0
2023-08-20 02:30:45,467
Empty DataFrame
Columns: [symbol, positionAmt, entryPrice, markPrice, unRealizedProfit, value_usd, updateTime, AUMs_account, w%]
Index: []
2023-08-20 02:30:45,673
------------------------------
binance_account_balance
2023-08-20 02:30:45,674
  asset     balance  ... marginAvailable   updateTime
5  USDT  275.915976  ...            True  19Aug-22:39

[1 rows x 8 columns]
2023-08-20 02:30:45,892
------------------------------
open_orders
2023-08-20 02:30:45,892
Empty DataFrame
Columns: []
Index: []
2023-08-20 02:30:46,499
------------------------------
AUMS account:275

2023-08-20 02:30:46,501
--------------- compute_futures_order_book() ----------------
2023-08-20 02:30:47,944
----------------------------------------------------------------------
#0 order(s) to place
gross$: 0$ | net$: +0$
gross%: 0% | net%: +0%
 || w>0%  +0% | w<0%  0%
----------------------------------------------------------------------
PTF Expo% 0.0% >> 0.0% (current>>target)
PTF expo $0.0 >> $0 (current>>target)
----------------------------------------------------------------------
2023-08-20 02:30:47,946
orders_ofthe_day
2023-08-20 02:30:47,946
Empty DataFrame
Columns: [ptf_usd, target_usd, totrd_usd, posttrd_usd, qty, posttrd_qty, posttrd_w, bid, ask]
Index: []
2023-08-20 02:30:47,957
Orders of the day is empty, current and target potfolios are aligned
2023-08-20 02:30:47,957
Program stopped
