2024-03-18 00:30:51,991
ON program started 20240318 00:30:51,
US time: 20240317 20:30:51
2024-03-18 00:30:52,930
the strat is currently running @ 18-03-2024 and the target positions is SHORT
2024-03-18 00:30:54,328
CURRENT STATUS IS SHORT, WE CHECK IF THE DAY IS A NEGATIVE ONE
-----
return before 14h30:
BTCUSDT-0.65%, ETHUSDT-0.66%, XRPUSDT-0.73%
-----
target alloc initial:BTCUSDT-4.17%, ETHUSDT+0.00%, XRPUSDT-4.17%
-----
alloc target x rt%<0:BTCUSDT-4.17%, ETHUSDT+0.00%, XRPUSDT-4.17%
-----
           BTCUSDT ETHUSDT XRPUSDT
w_target     -4.2%    0.0%   -4.2%
rt_14h30    -0.01%  -0.01%  -0.01%
w_target_f   -4.2%    0.0%   -4.2%
2024-03-18 00:30:54,329
Portfolio was rebalanced less than 2 hours ago, 1.0 hours ago
2024-03-18 00:30:54,331
Status: prev = SHORT <> SHORT = target
2024-03-18 00:30:54,331
the strat is currently running @ 18-03-2024 and the target positions is SHORT
the strat was previously run @ 2024-03-17 23:31:11, success:yes 
   and the current positions is SHORT
2024-03-18 00:30:55,558
positions_future #0
2024-03-18 00:30:55,558
Empty DataFrame
Columns: [symbol, positionAmt, entryPrice, breakEvenPrice, markPrice, unRealizedProfit, value_usd, updateTime, isolated, adlQuantile, AUMs_account, w%]
Index: []
2024-03-18 00:30:55,619
programm stoppeddd!!! 20240318_003055
