2023-12-11 01:31:07,456
ON program started 20231211 01:31:07,
US time: 20231210 20:31:07
2023-12-11 01:31:08,775
the strat is currently running @ 11-12-2023 and the target positions is SHORT
2023-12-11 01:31:10,623
CURRENT STATUS IS SHORT, WE CHECK IF THE DAY IS A NEGATIVE ONE
-----
return before 14h30:
BTCUSDT+0.00%, ETHUSDT+0.00%, XRPUSDT+0.00%
-----
target alloc initial:BTCUSDT-4.17%, ETHUSDT+0.00%, XRPUSDT-4.17%
-----
alloc target x rt%<0:BTCUSDT-0.00%, ETHUSDT+0.00%, XRPUSDT-0.00%
-----
           BTCUSDT ETHUSDT XRPUSDT
w_target     -4.2%    0.0%   -4.2%
rt_14h30     0.00%   0.00%   0.00%
w_target_f   -0.0%    0.0%   -0.0%
2023-12-11 01:31:10,625
Portfolio was rebalanced less than 2 hours ago, 1.0 hours ago
2023-12-11 01:31:10,628
Status: prev = SHORT <> SHORT = target
2023-12-11 01:31:10,628
the strat is currently running @ 11-12-2023 and the target positions is SHORT
the strat was previously run @ 2023-12-11 00:30:42 UTC, success:? 
   and the current positions is SHORT
2023-12-11 01:31:11,904
positions_future #0
2023-12-11 01:31:11,905
Empty DataFrame
Columns: [symbol, positionAmt, entryPrice, breakEvenPrice, markPrice, unRealizedProfit, value_usd, updateTime, isolated, adlQuantile, AUMs_account, w%]
Index: []
2023-12-11 01:31:12,129
------------------------------
binance_account_balance
2023-12-11 01:31:12,129
  asset     balance  ... marginAvailable   updateTime
5  USDT  289.473175  ...            True  11Dec-00:33

[1 rows x 8 columns]
2023-12-11 01:31:12,364
------------------------------
open_orders
2023-12-11 01:31:12,364
Empty DataFrame
Columns: []
Index: []
2023-12-11 01:31:13,023
------------------------------
AUMS account:289

2023-12-11 01:31:13,024
--------------- compute_futures_order_book() ----------------
2023-12-11 01:31:14,596
----------------------------------------------------------------------
#0 order(s) to place
gross$: 0$ | net$: +0$
gross%: 0% | net%: +0%
 || w>0%  +0% | w<0%  0%
----------------------------------------------------------------------
PTF Expo% 0.0% >> 0.0% (current>>target)
PTF expo $0.0 >> $0 (current>>target)
----------------------------------------------------------------------
2023-12-11 01:31:14,597
orders_ofthe_day
2023-12-11 01:31:14,597
Empty DataFrame
Columns: [ptf_usd, target_usd, totrd_usd, posttrd_usd, qty, posttrd_qty, posttrd_w, bid, ask]
Index: []
2023-12-11 01:31:14,688
Orders of the day is empty, current and target potfolios are aligned
2023-12-11 01:31:14,688
Program stopped
