2024-07-15 01:30:36,469
ON program started 20240715 01:30:36,
US time: 20240714 21:30:36
2024-07-15 01:30:36,947
the strat is currently running @ 15-07-2024 and the target positions is SHORT
2024-07-15 01:30:39,053
CURRENT STATUS IS SHORT, WE CHECK IF THE DAY IS A NEGATIVE ONE
-----
return before 14h30:
BTCUSDT+1.01%, ETHUSDT+1.13%, XRPUSDT+0.86%
-----
target alloc initial:BTCUSDT-4.17%, ETHUSDT+0.00%, XRPUSDT-4.17%
-----
alloc target x rt%<0:BTCUSDT-0.00%, ETHUSDT+0.00%, XRPUSDT-0.00%
-----
           BTCUSDT ETHUSDT XRPUSDT
w_target     -4.2%    0.0%   -4.2%
rt_14h30     0.01%   0.01%   0.01%
w_target_f   -0.0%    0.0%   -0.0%
2024-07-15 01:30:39,054
Portfolio was rebalanced less than 2 hours ago, 1.0 hours ago
2024-07-15 01:30:39,055
Status: prev = SHORT <> SHORT = target
2024-07-15 01:30:39,055
the strat is currently running @ 15-07-2024 and the target positions is SHORT
the strat was previously run @ 2024-07-15 00:30:43, success:yes 
   and the current positions is SHORT
2024-07-15 01:30:40,180
positions_future #0
2024-07-15 01:30:40,180
Empty DataFrame
Columns: [symbol, positionAmt, entryPrice, breakEvenPrice, markPrice, unRealizedProfit, value_usd, updateTime, isolated, adlQuantile, AUMs_account, w%]
Index: []
2024-07-15 01:30:40,243
programm stoppeddd!!! 20240715_013040
