2024-05-04 03:31:08,645
ON program started 20240504 03:31:08,
US time: 20240503 23:31:08
2024-05-04 03:31:09,217
the strat is currently running @ 04-05-2024 and the target positions is NEUTRAL
2024-05-04 03:31:10,618
CURRENT STATUS IS NEUTRAL
-----
return before 14h30:
BTCUSDT-0.08%, ETHUSDT+0.24%, XRPUSDT-0.36%
-----
target alloc initial:BTCUSDT+0.00%, ETHUSDT+0.00%, XRPUSDT+0.00%
-----
alloc target x rt%<0:BTCUSDT+0.00%, ETHUSDT+0.00%, XRPUSDT+0.00%
-----
           BTCUSDT ETHUSDT XRPUSDT
w_target      0.0%    0.0%    0.0%
rt_14h30    -0.00%   0.00%  -0.00%
w_target_f    0.0%    0.0%    0.0%
2024-05-04 03:31:10,619
Portfolio was rebalanced less than 2 hours ago, 1.0 hours ago
2024-05-04 03:31:10,621
Status: prev = NEUTRAL <> NEUTRAL = target
2024-05-04 03:31:10,622
the strat is currently running @ 04-05-2024 and the target positions is NEUTRAL
the strat was previously run @ 2024-05-04 02:31:14, success:yes 
   and the current positions is NEUTRAL
2024-05-04 03:31:11,849
positions_future #0
2024-05-04 03:31:11,849
Empty DataFrame
Columns: [symbol, positionAmt, entryPrice, breakEvenPrice, markPrice, unRealizedProfit, value_usd, updateTime, isolated, adlQuantile, AUMs_account, w%]
Index: []
2024-05-04 03:31:11,917
programm stoppeddd!!! 20240504_033111
