2024-09-16 19:30:34,442
ON program started 20240916 19:30:34,
US time: 20240916 15:30:34
2024-09-16 19:30:34,966
the strat is currently running @ 16-09-2024 and the target positions is LONG
2024-09-16 19:30:37,527
CURRENT STATUS IS LONG
-----
return before 14h30:
BTCUSDT-1.07%, ETHUSDT-0.56%, XRPUSDT+0.12%
-----
target alloc initial:BTCUSDT+16.67%, ETHUSDT+16.67%, XRPUSDT+16.67%
-----
alloc target x rt%<0:BTCUSDT+16.67%, ETHUSDT+16.67%, XRPUSDT+16.67%
-----
           BTCUSDT ETHUSDT XRPUSDT
w_target     16.7%   16.7%   16.7%
rt_14h30    -0.01%  -0.01%   0.00%
w_target_f   16.7%   16.7%   16.7%
2024-09-16 19:30:37,528
Portfolio was rebalanced less than 2 hours ago, 1.0 hours ago
2024-09-16 19:30:37,529
Status: prev = LONG <> LONG = target
2024-09-16 19:30:37,529
the strat is currently running @ 16-09-2024 and the target positions is LONG
the strat was previously run @ 2024-09-16 18:30:55, success:? 
   and the current positions is LONG
2024-09-16 19:30:38,247
positions_future #2
2024-09-16 19:30:38,248
      symbol  positionAmt entryPrice  ... adlQuantile AUMs_account        w%
177  ETHUSDT        0.022    2287.54  ...           3        297.0  0.169591
139  XRPUSDT       84.600     0.5786  ...           1        297.0  0.165904

[2 rows x 12 columns]
2024-09-16 19:30:38,481
------------------------------
binance_account_balance
2024-09-16 19:30:38,481
  asset     balance  ...  marginAvailable   updateTime
4  USDT  296.623659  ...             True  16Sep-18:31

[1 rows x 8 columns]
2024-09-16 19:30:39,115
------------------------------
open_orders
2024-09-16 19:30:39,115
Empty DataFrame
Columns: []
Index: []
2024-09-16 19:30:40,519
------------------------------
AUMS account:296

2024-09-16 19:30:40,520
--------------- compute_futures_order_book() ----------------
2024-09-16 19:30:42,581
----------------------------------------------------------------------
#0 order(s) to place
gross$: 0$ | net$: +0$
gross%: 0% | net%: +0%
 || w>0%  +0% | w<0%  0%
----------------------------------------------------------------------
PTF Expo% 33.3% >> 50.0% (current>>target)
PTF expo $99.0 >> $148 (current>>target)
----------------------------------------------------------------------
2024-09-16 19:30:42,583
orders_ofthe_day
2024-09-16 19:30:42,583
Empty DataFrame
Columns: [ptf_usd, target_usd, totrd_usd, posttrd_usd, qty, posttrd_qty, posttrd_w, bid, ask, strategy]
Index: []
2024-09-16 19:30:42,643
Orders of the day is empty, current and target potfolios are aligned
2024-09-16 19:30:42,643
Program stopped
