2024-03-17 22:30:43,800
ON program started 20240317 22:30:43,
US time: 20240317 18:30:43
2024-03-17 22:30:44,799
the strat is currently running @ 17-03-2024 and the target positions is SHORT
2024-03-17 22:30:46,215
CURRENT STATUS IS SHORT, WE CHECK IF THE DAY IS A NEGATIVE ONE
-----
return before 14h30:
BTCUSDT+2.80%, ETHUSDT+1.47%, XRPUSDT+2.04%
-----
target alloc initial:BTCUSDT-4.17%, ETHUSDT+0.00%, XRPUSDT-4.17%
-----
alloc target x rt%<0:BTCUSDT-0.00%, ETHUSDT+0.00%, XRPUSDT-0.00%
-----
           BTCUSDT ETHUSDT XRPUSDT
w_target     -4.2%    0.0%   -4.2%
rt_14h30     0.03%   0.01%   0.02%
w_target_f   -0.0%    0.0%   -0.0%
2024-03-17 22:30:46,217
Portfolio was rebalanced less than 2 hours ago, 1.0 hours ago
2024-03-17 22:30:46,219
Status: prev = SHORT <> LONG = target
2024-03-17 22:30:46,219
the strat is currently running @ 17-03-2024 and the target positions is SHORT
the strat was previously run @ 2024-03-17 21:30:59, success:yes 
   and the current positions is LONG
2024-03-17 22:30:47,432
positions_future #2
2024-03-17 22:30:47,432
      symbol  positionAmt entryPrice  ... adlQuantile AUMs_account        w%
124  XRPUSDT       77.300     0.6203  ...           2        286.5  0.167481
155  ETHUSDT        0.013     3627.6  ...           2        286.5  0.165712

[2 rows x 12 columns]
2024-03-17 22:30:47,673
------------------------------
binance_account_balance
2024-03-17 22:30:47,674
  asset     balance  ...  marginAvailable   updateTime
6  USDT  286.165516  ...             True  17Mar-18:32

[1 rows x 8 columns]
2024-03-17 22:30:48,343
------------------------------
open_orders
2024-03-17 22:30:48,343
Empty DataFrame
Columns: []
Index: []
2024-03-17 22:30:48,995
------------------------------
AUMS account:286

2024-03-17 22:30:48,997
--------------- compute_futures_order_book() ----------------
2024-03-17 22:30:50,551
----------------------------------------------------------------------
#2 order(s) to place
gross$: 95$ | net$: -95$
gross%: 33% | net%: -33%
 || w>0%  +0% | w<0%  -33%
----------------------------------------------------------------------
PTF Expo% 33.1% >> 0.0% (current>>target)
PTF expo $95.0 >> $0 (current>>target)
----------------------------------------------------------------------
2024-03-17 22:30:50,553
orders_ofthe_day
2024-03-17 22:30:50,554
                  ptf_usd  target_usd  totrd_usd  ...        bid        ask strategy
2024-03-17 22:30                                  ...                               
XRPUSDT              48.0        -0.0      -48.0  ...     0.6206     0.6207  STRATON
ETHUSDT              47.0         0.0      -47.0  ...  3652.9200  3652.9300  STRATON

[2 rows x 10 columns]
2024-03-17 22:30:51,710
binance_place_orders_peg 20240317_223051
2024-03-17 22:30:52,148
{'orderId': 52707674842, 'symbol': 'XRPUSDT', 'status': 'NEW', 'clientOrderId': 'STRATON', 'price': '0.6210', 'avgPrice': '0.00', 'origQty': '77.3', 'executedQty': '0.0', 'cumQty': '0.0', 'cumQuote': '0.00000', 'timeInForce': 'GTC', 'type': 'LIMIT', 'reduceOnly': False, 'closePosition': False, 'side': 'SELL', 'positionSide': 'BOTH', 'stopPrice': '0.0000', 'workingType': 'CONTRACT_PRICE', 'priceProtect': False, 'origType': 'LIMIT', 'priceMatch': 'NONE', 'selfTradePreventionMode': 'NONE', 'goodTillDate': 0, 'updateTime': 1710714652040}
2024-03-17 22:30:52,585
{'orderId': 8389765663058222203, 'symbol': 'ETHUSDT', 'status': 'NEW', 'clientOrderId': 'STRATON', 'price': '3654.68', 'avgPrice': '0.00', 'origQty': '0.013', 'executedQty': '0.000', 'cumQty': '0.000', 'cumQuote': '0.00000', 'timeInForce': 'GTC', 'type': 'LIMIT', 'reduceOnly': False, 'closePosition': False, 'side': 'SELL', 'positionSide': 'BOTH', 'stopPrice': '0.00', 'workingType': 'CONTRACT_PRICE', 'priceProtect': False, 'origType': 'LIMIT', 'priceMatch': 'NONE', 'selfTradePreventionMode': 'NONE', 'goodTillDate': 0, 'updateTime': 1710714652477}
2024-03-17 22:30:54,140
update 0: filled 0 / 2 () | working 2 / 2 (-XRPUSDT,-ETHUSDT)
2024-03-17 22:30:58,140
-XRPUSDT: bp6.0|-ETHUSDT: bp5.0|
2024-03-17 22:30:59,015
update 1: filled 0 / 2 () | working 2 / 2 (-XRPUSDT,-ETHUSDT)
2024-03-17 22:31:03,016
-XRPUSDT: bp6.0|-ETHUSDT: bp5.0|
2024-03-17 22:31:03,893
update 2: filled 0 / 2 () | working 2 / 2 (-XRPUSDT,-ETHUSDT)
2024-03-17 22:31:07,894
-XRPUSDT: bp2.0|-ETHUSDT: bp5.0|
2024-03-17 22:31:08,768
update 3: filled 2 / 2 (-XRPUSDT,-ETHUSDT) | working 0 / 2 ()
2024-03-17 22:31:15,238
Trades of the day
in$
as of: 17Mar 22:31>>22:31 (#trades: 2)
trade net: -96.0 (-33.5%), trade gross: +96.0 (+33.5%), BUY: +0.0 (+0.0%), SELL: -96.0 (-33.5%)
fees: $ 0.019 (2.0bp)
2024-03-17 22:31:15,697
Trades: 
Filled #2
______________________________________________
                   in$ | in bp 95 traded | in bp 286 AUMs
realizedPnl    +0.4    | +42     | +14    
PnLvsArrival   +0.05   | +5      | +2     
PnLvsLast      -0.05   | -5      | -2     
______________________________________________
                 | Value$ | PnL Arrival/Last 
______________________________________________
XRP:-77.3@0.621 | -48$ | 0.03/-0.01
ETH:-0.013@3654.68 | -48$ | 0.02/-0.04
