2024-02-02 21:31:13,276
ON program started 20240202 21:31:13,
US time: 20240202 16:31:13
2024-02-02 21:31:13,754
the strat is currently running @ 02-02-2024 and the target positions is LONG
2024-02-02 21:31:15,596
CURRENT STATUS IS LONG
-----
return before 14h30:
BTCUSDT-0.09%, ETHUSDT-0.15%, XRPUSDT-0.61%
-----
target alloc initial:BTCUSDT+16.67%, ETHUSDT+16.67%, XRPUSDT+16.67%
-----
alloc target x rt%<0:BTCUSDT+16.67%, ETHUSDT+16.67%, XRPUSDT+16.67%
-----
           BTCUSDT ETHUSDT XRPUSDT
w_target     16.7%   16.7%   16.7%
rt_14h30    -0.00%  -0.00%  -0.01%
w_target_f   16.7%   16.7%   16.7%
2024-02-02 21:31:15,597
Portfolio was rebalanced less than 2 hours ago, 1.0 hours ago
2024-02-02 21:31:15,600
Status: prev = LONG <> LONG = target
2024-02-02 21:31:15,600
the strat is currently running @ 02-02-2024 and the target positions is LONG
the strat was previously run @ 2024-02-02 20:31:03 UTC, success:yes 
   and the current positions is LONG
2024-02-02 21:31:16,816
positions_future #2
2024-02-02 21:31:16,816
      symbol  positionAmt entryPrice  ... adlQuantile AUMs_account        w%
118  XRPUSDT       95.500     0.5023  ...           3        290.7  0.166427
147  ETHUSDT        0.021    2293.79  ...           2        290.7  0.166142

[2 rows x 12 columns]
2024-02-02 21:31:16,907
programm stoppeddd!!! 20240202_213116
