2023-07-22 18:30:30,775
ON program started 20230722 18:30:30,
US time: 20230722 14:30:30
2023-07-22 18:30:31,110
the strat is currently running @ 22-07-2023 and the target positions is LONG
2023-07-22 18:30:32,441
CURRENT STATUS IS LONG
-----
return before 14h30:
BTCUSDT-0.22%, ETHUSDT-0.41%, XRPUSDT-1.07%
-----
target alloc initial:BTCUSDT+16.67%, ETHUSDT+16.67%, XRPUSDT+16.67%
-----
alloc target x rt%<0:BTCUSDT+16.67%, ETHUSDT+16.67%, XRPUSDT+16.67%
-----
           BTCUSDT ETHUSDT XRPUSDT
w_target     16.7%   16.7%   16.7%
rt_14h30    -0.00%  -0.00%  -0.01%
w_target_f   16.7%   16.7%   16.7%
2023-07-22 18:30:32,443
Portfolio was rebalanced less than 2 hours ago, 15.5 hours ago
2023-07-22 18:30:32,446
Status: prev = LONG <> NEUTRAL = target
2023-07-22 18:30:32,446
the strat is currently running @ 22-07-2023 and the target positions is LONG
the strat was previously run @ 2023-07-21 03:01:18 UTC, success:yes 
   and the current positions is NEUTRAL
2023-07-22 18:30:33,530
positions_future #0
2023-07-22 18:30:33,530
Empty DataFrame
Columns: [symbol, positionAmt, entryPrice, markPrice, unRealizedProfit, value_usd, updateTime, AUMs_account, w%]
Index: []
2023-07-22 18:30:33,740
------------------------------
binance_account_balance
2023-07-22 18:30:33,740
  asset    balance withdrawAvailable   updateTime
7  USDT  294.56494      294.56494019  22Jul-02:35
2023-07-22 18:30:33,956
------------------------------
open_orders
2023-07-22 18:30:33,956
Empty DataFrame
Columns: []
Index: []
2023-07-22 18:30:34,570
------------------------------
AUMS account:294

2023-07-22 18:30:34,572
--------------- compute_futures_order_book() ----------------
2023-07-22 18:30:35,832
----------------------------------------------------------------------
#3 order(s) to place
gross$: 158$ | net$: +158$
gross%: 54% | net%: +54%
 || w>0%  +54% | w<0%  0%
----------------------------------------------------------------------
PTF Expo% 0.0% >> 50.0% (current>>target)
PTF expo $0.0 >> $147 (current>>target)
----------------------------------------------------------------------
2023-07-22 18:30:35,833
orders_ofthe_day
2023-07-22 18:30:35,833
                  ptf_usd  target_usd  ...         bid         ask
2023-07-22 18:30                       ...                        
BTCUSDT               0.0        49.1  ...  29814.9000  29815.0000
ETHUSDT               0.0        49.1  ...   1883.4900   1883.5000
XRPUSDT               0.0        49.1  ...      0.7462      0.7463

[3 rows x 9 columns]
2023-07-22 18:30:37,357
binance_place_orders_peg 20230722_183037
2023-07-22 18:30:37,769
{'orderId': 173874844044, 'symbol': 'BTCUSDT', 'status': 'NEW', 'clientOrderId': 'bE28OQMvwEs7RkzLPmD7Ng', 'price': '29800.00', 'avgPrice': '0.00', 'origQty': '0.002', 'executedQty': '0.000', 'cumQty': '0.000', 'cumQuote': '0.00000', 'timeInForce': 'GTC', 'type': 'LIMIT', 'reduceOnly': False, 'closePosition': False, 'side': 'BUY', 'positionSide': 'BOTH', 'stopPrice': '0.00', 'workingType': 'CONTRACT_PRICE', 'priceProtect': False, 'origType': 'LIMIT', 'updateTime': 1690050637667}
2023-07-22 18:30:38,180
{'orderId': 8389765609597740025, 'symbol': 'ETHUSDT', 'status': 'NEW', 'clientOrderId': 'qqlR9igF3WvtQmWcE3hD6d', 'price': '1882.54', 'avgPrice': '0.00', 'origQty': '0.026', 'executedQty': '0.000', 'cumQty': '0.000', 'cumQuote': '0.00000', 'timeInForce': 'GTC', 'type': 'LIMIT', 'reduceOnly': False, 'closePosition': False, 'side': 'BUY', 'positionSide': 'BOTH', 'stopPrice': '0.00', 'workingType': 'CONTRACT_PRICE', 'priceProtect': False, 'origType': 'LIMIT', 'updateTime': 1690050638078}
2023-07-22 18:30:38,594
{'orderId': 37835521601, 'symbol': 'XRPUSDT', 'status': 'NEW', 'clientOrderId': 'VQ5nbJ8bm2E31AtMquDszr', 'price': '0.7460', 'avgPrice': '0.00', 'origQty': '65.8', 'executedQty': '0.0', 'cumQty': '0.0', 'cumQuote': '0.00000', 'timeInForce': 'GTC', 'type': 'LIMIT', 'reduceOnly': False, 'closePosition': False, 'side': 'BUY', 'positionSide': 'BOTH', 'stopPrice': '0.0000', 'workingType': 'CONTRACT_PRICE', 'priceProtect': False, 'origType': 'LIMIT', 'updateTime': 1690050638489}
2023-07-22 18:30:40,513
update 0: filled 0 / 3 () | working 3 / 3 (+BTCUSDT,+ETHUSDT,+XRPUSDT)
2023-07-22 18:30:44,514
+BTCUSDT: bp5.0|+ETHUSDT: bp5.0|+XRPUSDT: bp7.0|
2023-07-22 18:30:45,743
update 1: filled 0 / 3 () | working 3 / 3 (+BTCUSDT,+ETHUSDT,+XRPUSDT)
2023-07-22 18:30:49,743
+BTCUSDT: bp5.0|+ETHUSDT: bp5.0|+XRPUSDT: bp13.0|
2023-07-22 18:30:50,973
update 2: filled 0 / 3 () | working 3 / 3 (+BTCUSDT,+ETHUSDT,+XRPUSDT)
2023-07-22 18:30:54,973
+BTCUSDT: bp5.0|+ETHUSDT: bp5.0|+XRPUSDT: bp13.0|
2023-07-22 18:30:56,202
update 3: filled 0 / 3 () | working 3 / 3 (+BTCUSDT,+ETHUSDT,+XRPUSDT)
2023-07-22 18:31:00,202
+BTCUSDT: bp5.0|+ETHUSDT: bp4.0|+XRPUSDT: bp19.0|
2023-07-22 18:31:01,430
update 4: filled 0 / 3 () | working 3 / 3 (+BTCUSDT,+ETHUSDT,+XRPUSDT)
2023-07-22 18:31:05,431
+BTCUSDT: bp5.0|+ETHUSDT: bp4.0|+XRPUSDT: bp19.0|
2023-07-22 18:31:06,712
update 5: filled 0 / 3 () | working 3 / 3 (+BTCUSDT,+ETHUSDT,+XRPUSDT)
2023-07-22 18:31:10,712
+BTCUSDT: bp5.0|+ETHUSDT: bp4.0|+XRPUSDT: bp12.0|
2023-07-22 18:31:11,939
update 6: filled 0 / 3 () | working 3 / 3 (+BTCUSDT,+ETHUSDT,+XRPUSDT)
2023-07-22 18:31:15,939
+BTCUSDT: bp5.0|+ETHUSDT: bp4.0|+XRPUSDT: bp15.0|
2023-07-22 18:31:17,166
update 7: filled 0 / 3 () | working 3 / 3 (+BTCUSDT,+ETHUSDT,+XRPUSDT)
2023-07-22 18:31:21,167
+BTCUSDT: bp5.0|+ETHUSDT: bp3.0|+XRPUSDT: bp9.0|
2023-07-22 18:31:22,396
update 8: filled 0 / 3 () | working 3 / 3 (+BTCUSDT,+ETHUSDT,+XRPUSDT)
2023-07-22 18:31:26,397
+BTCUSDT: bp5.0|+ETHUSDT: bp3.0|+XRPUSDT: bp11.0|
2023-07-22 18:31:27,632
update 9: filled 0 / 3 () | working 3 / 3 (+BTCUSDT,+ETHUSDT,+XRPUSDT)
2023-07-22 18:31:31,633
+BTCUSDT: bp4.0|+ETHUSDT: bp2.0|+XRPUSDT: bp13.0|
2023-07-22 18:31:32,866
update 10: filled 0 / 3 () | working 3 / 3 (+BTCUSDT,+ETHUSDT,+XRPUSDT)
2023-07-22 18:31:36,866
+BTCUSDT: bp4.0|+ETHUSDT: bp2.0|+XRPUSDT: bp19.0|
2023-07-22 18:31:38,094
update 11: filled 0 / 3 () | working 3 / 3 (+BTCUSDT,+ETHUSDT,+XRPUSDT)
2023-07-22 18:31:42,095
+BTCUSDT: bp4.0|+ETHUSDT: bp2.0|+XRPUSDT: bp19.0|
2023-07-22 18:31:43,321
update 12: filled 0 / 3 () | working 3 / 3 (+BTCUSDT,+ETHUSDT,+XRPUSDT)
2023-07-22 18:31:47,322
+BTCUSDT: bp4.0|+ETHUSDT: bp2.0|+XRPUSDT: bp19.0|
2023-07-22 18:31:48,556
update 13: filled 0 / 3 () | working 3 / 3 (+BTCUSDT,+ETHUSDT,+XRPUSDT)
2023-07-22 18:31:52,557
+BTCUSDT: bp4.0|+ETHUSDT: bp2.0|+XRPUSDT: bp15.0|
2023-07-22 18:31:53,786
update 14: filled 0 / 3 () | working 3 / 3 (+BTCUSDT,+ETHUSDT,+XRPUSDT)
2023-07-22 18:31:57,786
+BTCUSDT: bp4.0|+ETHUSDT: bp2.0|+XRPUSDT: bp12.0|
2023-07-22 18:31:57,787
Adjustment limit #1 ... 
 we cancel current orders and replace
2023-07-22 18:31:57,787
@+/-2.5bp limit 
2023-07-22 18:31:57,787
binance_cancel_and_replace_orders_peg 20230722_183157
2023-07-22 18:31:59,640
binance_place_orders_peg 20230722_183159
2023-07-22 18:32:00,051
{'orderId': 173875012234, 'symbol': 'BTCUSDT', 'status': 'NEW', 'clientOrderId': 'OAt7kxyC5xUwuSZy7lF1I2', 'price': '29804.10', 'avgPrice': '0.00', 'origQty': '0.002', 'executedQty': '0.000', 'cumQty': '0.000', 'cumQuote': '0.00000', 'timeInForce': 'GTC', 'type': 'LIMIT', 'reduceOnly': False, 'closePosition': False, 'side': 'BUY', 'positionSide': 'BOTH', 'stopPrice': '0.00', 'workingType': 'CONTRACT_PRICE', 'priceProtect': False, 'origType': 'LIMIT', 'updateTime': 1690050719947}
2023-07-22 18:32:00,462
{'orderId': 8389765609597834547, 'symbol': 'ETHUSDT', 'status': 'NEW', 'clientOrderId': 'xWSPtODUh5ZKc0pTnh6Yug', 'price': '1882.53', 'avgPrice': '0.00', 'origQty': '0.026', 'executedQty': '0.000', 'cumQty': '0.000', 'cumQuote': '0.00000', 'timeInForce': 'GTC', 'type': 'LIMIT', 'reduceOnly': False, 'closePosition': False, 'side': 'BUY', 'positionSide': 'BOTH', 'stopPrice': '0.00', 'workingType': 'CONTRACT_PRICE', 'priceProtect': False, 'origType': 'LIMIT', 'updateTime': 1690050720359}
2023-07-22 18:32:00,874
{'orderId': 37835632838, 'symbol': 'XRPUSDT', 'status': 'NEW', 'clientOrderId': 'bzi0FOuXt5of1h8maG0Vh9', 'price': '0.7471', 'avgPrice': '0.00', 'origQty': '65.8', 'executedQty': '0.0', 'cumQty': '0.0', 'cumQuote': '0.00000', 'timeInForce': 'GTC', 'type': 'LIMIT', 'reduceOnly': False, 'closePosition': False, 'side': 'BUY', 'positionSide': 'BOTH', 'stopPrice': '0.0000', 'workingType': 'CONTRACT_PRICE', 'priceProtect': False, 'origType': 'LIMIT', 'updateTime': 1690050720770}
2023-07-22 18:32:02,104
update 0: filled 0 / 3 () | working 3 / 3 (+BTCUSDT,+ETHUSDT,+XRPUSDT)
2023-07-22 18:32:06,105
+BTCUSDT: bp3.0|+ETHUSDT: bp3.0|+XRPUSDT: bp4.0|
2023-07-22 18:32:07,337
update 1: filled 1 / 3 (+XRPUSDT) | working 2 / 3 (+BTCUSDT,+ETHUSDT)
2023-07-22 18:32:11,338
+BTCUSDT: bp3.0|+ETHUSDT: bp2.0|
2023-07-22 18:32:12,566
update 2: filled 1 / 3 (+XRPUSDT) | working 2 / 3 (+BTCUSDT,+ETHUSDT)
2023-07-22 18:32:16,567
+BTCUSDT: bp3.0|+ETHUSDT: bp2.0|
2023-07-22 18:32:17,801
update 3: filled 1 / 3 (+XRPUSDT) | working 2 / 3 (+BTCUSDT,+ETHUSDT)
2023-07-22 18:32:21,802
+BTCUSDT: bp3.0|+ETHUSDT: bp3.0|
2023-07-22 18:32:23,029
update 4: filled 1 / 3 (+XRPUSDT) | working 2 / 3 (+BTCUSDT,+ETHUSDT)
2023-07-22 18:32:27,030
+BTCUSDT: bp3.0|+ETHUSDT: bp2.0|
2023-07-22 18:32:28,259
update 5: filled 1 / 3 (+XRPUSDT) | working 2 / 3 (+BTCUSDT,+ETHUSDT)
2023-07-22 18:32:32,260
+BTCUSDT: bp3.0|+ETHUSDT: bp3.0|
2023-07-22 18:32:33,489
update 6: filled 1 / 3 (+XRPUSDT) | working 2 / 3 (+BTCUSDT,+ETHUSDT)
2023-07-22 18:32:37,489
+BTCUSDT: bp3.0|+ETHUSDT: bp3.0|
2023-07-22 18:32:38,714
update 7: filled 1 / 3 (+XRPUSDT) | working 2 / 3 (+BTCUSDT,+ETHUSDT)
2023-07-22 18:32:42,715
+BTCUSDT: bp4.0|+ETHUSDT: bp4.0|
2023-07-22 18:32:43,942
update 8: filled 1 / 3 (+XRPUSDT) | working 2 / 3 (+BTCUSDT,+ETHUSDT)
2023-07-22 18:32:47,943
+BTCUSDT: bp3.0|+ETHUSDT: bp4.0|
2023-07-22 18:32:49,176
update 9: filled 1 / 3 (+XRPUSDT) | working 2 / 3 (+BTCUSDT,+ETHUSDT)
2023-07-22 18:32:53,177
+BTCUSDT: bp3.0|+ETHUSDT: bp4.0|
2023-07-22 18:32:54,410
update 10: filled 1 / 3 (+XRPUSDT) | working 2 / 3 (+BTCUSDT,+ETHUSDT)
2023-07-22 18:32:58,410
+BTCUSDT: bp4.0|+ETHUSDT: bp3.0|
2023-07-22 18:32:59,639
update 11: filled 1 / 3 (+XRPUSDT) | working 2 / 3 (+BTCUSDT,+ETHUSDT)
2023-07-22 18:33:03,640
+BTCUSDT: bp3.0|+ETHUSDT: bp3.0|
2023-07-22 18:33:04,872
update 12: filled 1 / 3 (+XRPUSDT) | working 2 / 3 (+BTCUSDT,+ETHUSDT)
2023-07-22 18:33:08,872
+BTCUSDT: bp4.0|+ETHUSDT: bp3.0|
2023-07-22 18:33:10,102
update 13: filled 1 / 3 (+XRPUSDT) | working 2 / 3 (+BTCUSDT,+ETHUSDT)
2023-07-22 18:33:14,103
+BTCUSDT: bp3.0|+ETHUSDT: bp3.0|
2023-07-22 18:33:15,334
update 14: filled 1 / 3 (+XRPUSDT) | working 2 / 3 (+BTCUSDT,+ETHUSDT)
2023-07-22 18:33:19,335
+BTCUSDT: bp3.0|+ETHUSDT: bp3.0|
2023-07-22 18:33:19,335
Adjustment limit #2 ... 
 we cancel current orders and replace
2023-07-22 18:33:19,335
@+/-1.25bp limit 
2023-07-22 18:33:19,335
binance_cancel_and_replace_orders_peg 20230722_183319
2023-07-22 18:33:21,183
binance_place_orders_peg 20230722_183321
2023-07-22 18:33:21,595
{'orderId': 173875221763, 'symbol': 'BTCUSDT', 'status': 'NEW', 'clientOrderId': 'hp1S2zD3pr3mFfLuhoBJig', 'price': '29809.00', 'avgPrice': '0.00', 'origQty': '0.002', 'executedQty': '0.000', 'cumQty': '0.000', 'cumQuote': '0.00000', 'timeInForce': 'GTC', 'type': 'LIMIT', 'reduceOnly': False, 'closePosition': False, 'side': 'BUY', 'positionSide': 'BOTH', 'stopPrice': '0.00', 'workingType': 'CONTRACT_PRICE', 'priceProtect': False, 'origType': 'LIMIT', 'updateTime': 1690050801493}
2023-07-22 18:33:22,006
{'orderId': 8389765609597940048, 'symbol': 'ETHUSDT', 'status': 'NEW', 'clientOrderId': 'Sk1jqmLoP7BOX4JBSq75u5', 'price': '1882.90', 'avgPrice': '0.00', 'origQty': '0.026', 'executedQty': '0.000', 'cumQty': '0.000', 'cumQuote': '0.00000', 'timeInForce': 'GTC', 'type': 'LIMIT', 'reduceOnly': False, 'closePosition': False, 'side': 'BUY', 'positionSide': 'BOTH', 'stopPrice': '0.00', 'workingType': 'CONTRACT_PRICE', 'priceProtect': False, 'origType': 'LIMIT', 'updateTime': 1690050801903}
2023-07-22 18:33:23,234
update 0: filled 1 / 3 (+XRPUSDT) | working 2 / 3 (+BTCUSDT,+ETHUSDT)
2023-07-22 18:33:27,234
+BTCUSDT: bp1.0|+ETHUSDT: bp1.0|
2023-07-22 18:33:28,462
update 1: filled 1 / 3 (+XRPUSDT) | working 2 / 3 (+BTCUSDT,+ETHUSDT)
2023-07-22 18:33:32,463
+BTCUSDT: bp1.0|+ETHUSDT: bp1.0|
2023-07-22 18:33:33,691
update 2: filled 1 / 3 (+XRPUSDT) | working 2 / 3 (+BTCUSDT,+ETHUSDT)
2023-07-22 18:33:37,692
+BTCUSDT: bp1.0|+ETHUSDT: bp1.0|
2023-07-22 18:33:38,930
update 3: filled 1 / 3 (+XRPUSDT) | working 2 / 3 (+BTCUSDT,+ETHUSDT)
2023-07-22 18:33:42,931
+BTCUSDT: bp1.0|+ETHUSDT: bp1.0|
2023-07-22 18:33:44,163
update 4: filled 1 / 3 (+XRPUSDT) | working 2 / 3 (+BTCUSDT,+ETHUSDT)
2023-07-22 18:33:48,164
+BTCUSDT: bp1.0|+ETHUSDT: bp1.0|
2023-07-22 18:33:49,388
update 5: filled 1 / 3 (+XRPUSDT) | working 2 / 3 (+BTCUSDT,+ETHUSDT)
2023-07-22 18:33:53,389
+BTCUSDT: bp1.0|+ETHUSDT: bp1.0|
2023-07-22 18:33:54,619
update 6: filled 2 / 3 (+XRPUSDT,+ETHUSDT) | working 1 / 3 (+BTCUSDT)
2023-07-22 18:33:58,620
+BTCUSDT: bp0.0|
2023-07-22 18:33:59,851
update 7: filled 2 / 3 (+XRPUSDT,+ETHUSDT) | working 1 / 3 (+BTCUSDT)
2023-07-22 18:34:03,851
+BTCUSDT: bp0.0|
2023-07-22 18:34:05,084
update 8: filled 2 / 3 (+XRPUSDT,+ETHUSDT) | working 1 / 3 (+BTCUSDT)
2023-07-22 18:34:09,085
+BTCUSDT: bp0.0|
2023-07-22 18:34:10,318
update 9: filled 2 / 3 (+XRPUSDT,+ETHUSDT) | working 1 / 3 (+BTCUSDT)
2023-07-22 18:34:14,319
+BTCUSDT: bp0.0|
2023-07-22 18:34:15,548
update 10: filled 2 / 3 (+XRPUSDT,+ETHUSDT) | working 1 / 3 (+BTCUSDT)
2023-07-22 18:34:19,549
+BTCUSDT: bp0.0|
2023-07-22 18:34:20,779
update 11: filled 2 / 3 (+XRPUSDT,+ETHUSDT) | working 1 / 3 (+BTCUSDT)
2023-07-22 18:34:24,780
+BTCUSDT: bp0.0|
2023-07-22 18:34:26,006
update 12: filled 2 / 3 (+XRPUSDT,+ETHUSDT) | working 1 / 3 (+BTCUSDT)
2023-07-22 18:34:30,007
+BTCUSDT: bp0.0|
2023-07-22 18:34:31,238
update 13: filled 2 / 3 (+XRPUSDT,+ETHUSDT) | working 1 / 3 (+BTCUSDT)
2023-07-22 18:34:35,239
+BTCUSDT: bp0.0|
2023-07-22 18:34:36,468
update 14: filled 2 / 3 (+XRPUSDT,+ETHUSDT) | working 1 / 3 (+BTCUSDT)
2023-07-22 18:34:40,468
+BTCUSDT: bp0.0|
2023-07-22 18:34:40,469
Adjustment limit #3 ... 
 we cancel current orders and replace
2023-07-22 18:34:40,469
@+/-0.625bp limit 
2023-07-22 18:34:40,469
binance_cancel_and_replace_orders_peg 20230722_183440
2023-07-22 18:34:42,316
binance_place_orders_peg 20230722_183442
2023-07-22 18:34:42,728
{'orderId': 173875415723, 'symbol': 'BTCUSDT', 'status': 'NEW', 'clientOrderId': '4Y8qXDvCqkzj01i4prYECd', 'price': '29807.90', 'avgPrice': '0.00', 'origQty': '0.002', 'executedQty': '0.000', 'cumQty': '0.000', 'cumQuote': '0.00000', 'timeInForce': 'GTC', 'type': 'LIMIT', 'reduceOnly': False, 'closePosition': False, 'side': 'BUY', 'positionSide': 'BOTH', 'stopPrice': '0.00', 'workingType': 'CONTRACT_PRICE', 'priceProtect': False, 'origType': 'LIMIT', 'updateTime': 1690050882624}
2023-07-22 18:34:43,956
update 0: filled 2 / 3 (+XRPUSDT,+ETHUSDT) | working 1 / 3 (+BTCUSDT)
2023-07-22 18:34:47,957
+BTCUSDT: bp1.0|
2023-07-22 18:34:49,184
update 1: filled 2 / 3 (+XRPUSDT,+ETHUSDT) | working 1 / 3 (+BTCUSDT)
2023-07-22 18:34:53,184
+BTCUSDT: bp1.0|
2023-07-22 18:34:54,413
update 2: filled 2 / 3 (+XRPUSDT,+ETHUSDT) | working 1 / 3 (+BTCUSDT)
2023-07-22 18:34:58,413
+BTCUSDT: bp1.0|
2023-07-22 18:34:59,641
update 3: filled 2 / 3 (+XRPUSDT,+ETHUSDT) | working 1 / 3 (+BTCUSDT)
2023-07-22 18:35:03,642
+BTCUSDT: bp1.0|
2023-07-22 18:35:04,870
update 4: filled 2 / 3 (+XRPUSDT,+ETHUSDT) | working 1 / 3 (+BTCUSDT)
2023-07-22 18:35:08,871
+BTCUSDT: bp0.0|
2023-07-22 18:35:10,098
update 5: filled 2 / 3 (+XRPUSDT,+ETHUSDT) | working 1 / 3 (+BTCUSDT)
2023-07-22 18:35:14,099
+BTCUSDT: bp0.0|
2023-07-22 18:35:15,326
update 6: filled 2 / 3 (+XRPUSDT,+ETHUSDT) | working 1 / 3 (+BTCUSDT)
2023-07-22 18:35:19,326
+BTCUSDT: bp0.0|
2023-07-22 18:35:20,558
update 7: filled 3 / 3 (+XRPUSDT,+ETHUSDT,+BTCUSDT) | working 0 / 3 ()
2023-07-22 18:35:27,252
Trades of the day
in$
as of: 22Jul 18:32>>18:35 (#trades: 3)
trade net: +158.0 (+53.6%), trade gross: +158.0 (+53.6%), BUY: +158.0 (+53.6%), SELL: +0.0 (+0.0%)
fees: $ 0.025 (1.6bp)
2023-07-22 18:35:27,882
Trades: 
Filled #3
______________________________________________
                   in$ | in bp 157 traded | in bp 294 AUMs
realizedPnl    +0      | +0      | +0     
PnLvsArrival   -0.03   | -2      | -1     
PnLvsLast      +0.05   | +3      | +2     
______________________________________________
                 | Value$ | PnL Arrival/Last 
______________________________________________
ETH:+0.026@1882.9 | +49$ | 0.02/-0
XRP:+65.8@0.7471 | +49$ | -0.06/0.05
BTC:+0.002@29807.9 | +60$ | 0.01/-0
2023-07-22 18:35:28,444
***************************
Positions after orders
***************************
2023-07-22 18:35:28,444
      symbol  qty_ptf    execP  ...   updateTime   AUMs     w%
215  BTCUSDT    0.002  29807.9  ...  22Jul-18:35  294.6  0.202
107  XRPUSDT   65.800   0.7471  ...  22Jul-18:32  294.6  0.167
133  ETHUSDT    0.026   1882.9  ...  22Jul-18:33  294.6  0.166

[3 rows x 9 columns]
2023-07-22 18:35:28,451
***************************
2023-07-22 18:35:29,060
3 STOP orders will be placed
2023-07-22 18:35:29,061
@+/-500.0bp limit
2023-07-22 18:35:29,061
binance_place_orders_peg 20230722_183529
2023-07-22 18:35:29,473
{'orderId': 173875542199, 'symbol': 'BTCUSDT', 'status': 'NEW', 'clientOrderId': 'rCgiXB0gFn9sW9DkOs6cql', 'price': '0.00', 'avgPrice': '0.00', 'origQty': '0.002', 'executedQty': '0.000', 'cumQty': '0.000', 'cumQuote': '0.00000', 'timeInForce': 'GTC', 'type': 'STOP_MARKET', 'reduceOnly': False, 'closePosition': False, 'side': 'SELL', 'positionSide': 'BOTH', 'stopPrice': '28316.40', 'workingType': 'CONTRACT_PRICE', 'priceProtect': False, 'origType': 'STOP_MARKET', 'updateTime': 1690050929368}
2023-07-22 18:35:29,883
{'orderId': 37835892474, 'symbol': 'XRPUSDT', 'status': 'NEW', 'clientOrderId': 'eECV4t9NxKLjEHLzF4Mmhk', 'price': '0.0000', 'avgPrice': '0.00', 'origQty': '65.8', 'executedQty': '0.0', 'cumQty': '0.0', 'cumQuote': '0.00000', 'timeInForce': 'GTC', 'type': 'STOP_MARKET', 'reduceOnly': False, 'closePosition': False, 'side': 'SELL', 'positionSide': 'BOTH', 'stopPrice': '0.7104', 'workingType': 'CONTRACT_PRICE', 'priceProtect': False, 'origType': 'STOP_MARKET', 'updateTime': 1690050929781}
2023-07-22 18:35:30,291
{'orderId': 8389765609598046519, 'symbol': 'ETHUSDT', 'status': 'NEW', 'clientOrderId': 'aCXtpiXumfxQucqeireNbN', 'price': '0.00', 'avgPrice': '0.00', 'origQty': '0.026', 'executedQty': '0.000', 'cumQty': '0.000', 'cumQuote': '0.00000', 'timeInForce': 'GTC', 'type': 'STOP_MARKET', 'reduceOnly': False, 'closePosition': False, 'side': 'SELL', 'positionSide': 'BOTH', 'stopPrice': '1788.70', 'workingType': 'CONTRACT_PRICE', 'priceProtect': False, 'origType': 'STOP_MARKET', 'updateTime': 1690050930190}
