2024-09-15 01:30:48,079
ON program started 20240915 01:30:48,
US time: 20240914 21:30:48
2024-09-15 01:30:48,567
the strat is currently running @ 15-09-2024 and the target positions is SHORT
2024-09-15 01:30:49,853
CURRENT STATUS IS SHORT, WE CHECK IF THE DAY IS A NEGATIVE ONE
-----
return before 14h30:
BTCUSDT+0.33%, ETHUSDT+0.33%, XRPUSDT-0.45%
-----
target alloc initial:BTCUSDT-4.17%, ETHUSDT+0.00%, XRPUSDT-4.17%
-----
alloc target x rt%<0:BTCUSDT-0.00%, ETHUSDT+0.00%, XRPUSDT-4.17%
-----
           BTCUSDT ETHUSDT XRPUSDT
w_target     -4.2%    0.0%   -4.2%
rt_14h30     0.00%   0.00%  -0.00%
w_target_f   -0.0%    0.0%   -4.2%
2024-09-15 01:30:49,855
Portfolio was rebalanced less than 2 hours ago, 1.0 hours ago
2024-09-15 01:30:49,856
Status: prev = SHORT <> SHORT = target
2024-09-15 01:30:49,856
the strat is currently running @ 15-09-2024 and the target positions is SHORT
the strat was previously run @ 2024-09-15 00:30:55, success:yes 
   and the current positions is SHORT
2024-09-15 01:30:50,979
positions_future #0
2024-09-15 01:30:50,979
Empty DataFrame
Columns: [symbol, positionAmt, entryPrice, breakEvenPrice, markPrice, unRealizedProfit, value_usd, updateTime, isolated, adlQuantile, AUMs_account, w%]
Index: []
2024-09-15 01:30:51,042
programm stoppeddd!!! 20240915_013051
