2024-03-27 21:30:48,676
ON program started 20240327 21:30:48,
US time: 20240327 17:30:48
2024-03-27 21:30:50,028
the strat is currently running @ 27-03-2024 and the target positions is LONG
2024-03-27 21:30:51,472
CURRENT STATUS IS LONG
-----
return before 14h30:
BTCUSDT-0.14%, ETHUSDT-0.60%, XRPUSDT-2.06%
-----
target alloc initial:BTCUSDT+16.67%, ETHUSDT+16.67%, XRPUSDT+16.67%
-----
alloc target x rt%<0:BTCUSDT+16.67%, ETHUSDT+16.67%, XRPUSDT+16.67%
-----
           BTCUSDT ETHUSDT XRPUSDT
w_target     16.7%   16.7%   16.7%
rt_14h30    -0.00%  -0.01%  -0.02%
w_target_f   16.7%   16.7%   16.7%
2024-03-27 21:30:51,473
Portfolio was rebalanced less than 2 hours ago, 1.0 hours ago
2024-03-27 21:30:51,476
Status: prev = LONG <> LONG = target
2024-03-27 21:30:51,476
the strat is currently running @ 27-03-2024 and the target positions is LONG
the strat was previously run @ 2024-03-27 20:31:00, success:yes 
   and the current positions is LONG
2024-03-27 21:30:52,696
positions_future #2
2024-03-27 21:30:52,696
      symbol  positionAmt entryPrice  ... adlQuantile AUMs_account        w%
156  ETHUSDT        0.014    3482.33  ...           2        289.8  0.169800
124  XRPUSDT       78.400     0.6126  ...           3        289.8  0.166412

[2 rows x 12 columns]
2024-03-27 21:30:52,799
programm stoppeddd!!! 20240327_213052
