2024-08-12 03:30:39,922
ON program started 20240812 03:30:39,
US time: 20240811 23:30:39
2024-08-12 03:30:40,544
the strat is currently running @ 12-08-2024 and the target positions is NEUTRAL
2024-08-12 03:30:41,861
CURRENT STATUS IS NEUTRAL
-----
return before 14h30:
BTCUSDT-0.15%, ETHUSDT-0.43%, XRPUSDT+1.83%
-----
target alloc initial:BTCUSDT+0.00%, ETHUSDT+0.00%, XRPUSDT+0.00%
-----
alloc target x rt%<0:BTCUSDT+0.00%, ETHUSDT+0.00%, XRPUSDT+0.00%
-----
           BTCUSDT ETHUSDT XRPUSDT
w_target      0.0%    0.0%    0.0%
rt_14h30    -0.00%  -0.00%   0.02%
w_target_f    0.0%    0.0%    0.0%
2024-08-12 03:30:41,862
Portfolio was rebalanced less than 2 hours ago, 1.0 hours ago
2024-08-12 03:30:41,864
Status: prev = NEUTRAL <> NEUTRAL = target
2024-08-12 03:30:41,864
the strat is currently running @ 12-08-2024 and the target positions is NEUTRAL
the strat was previously run @ 2024-08-12 02:30:46, success:? 
   and the current positions is NEUTRAL
2024-08-12 03:30:43,019
positions_future #0
2024-08-12 03:30:43,019
Empty DataFrame
Columns: [symbol, positionAmt, entryPrice, breakEvenPrice, markPrice, unRealizedProfit, value_usd, updateTime, isolated, adlQuantile, AUMs_account, w%]
Index: []
2024-08-12 03:30:43,232
------------------------------
binance_account_balance
2024-08-12 03:30:43,232
  asset     balance  ...  marginAvailable   updateTime
4  USDT  302.846462  ...             True  12Aug-02:32

[1 rows x 8 columns]
2024-08-12 03:30:43,456
------------------------------
open_orders
2024-08-12 03:30:43,456
Empty DataFrame
Columns: []
Index: []
2024-08-12 03:30:44,076
------------------------------
AUMS account:302

2024-08-12 03:30:44,078
--------------- compute_futures_order_book() ----------------
2024-08-12 03:30:45,546
----------------------------------------------------------------------
#0 order(s) to place
gross$: 0$ | net$: +0$
gross%: 0% | net%: +0%
 || w>0%  +0% | w<0%  0%
----------------------------------------------------------------------
PTF Expo% 0.0% >> 0.0% (current>>target)
PTF expo $0.0 >> $0 (current>>target)
----------------------------------------------------------------------
2024-08-12 03:30:45,547
orders_ofthe_day
2024-08-12 03:30:45,547
Empty DataFrame
Columns: [ptf_usd, target_usd, totrd_usd, posttrd_usd, qty, posttrd_qty, posttrd_w, bid, ask, strategy]
Index: []
2024-08-12 03:30:45,619
Orders of the day is empty, current and target potfolios are aligned
2024-08-12 03:30:45,619
Program stopped
