2023-11-08 23:30:29,405
ON program started 20231108 23:30:29,
US time: 20231108 18:30:29
2023-11-08 23:30:29,803
the strat is currently running @ 08-11-2023 and the target positions is SHORT
2023-11-08 23:30:31,635
CURRENT STATUS IS SHORT, WE CHECK IF THE DAY IS A NEGATIVE ONE
-----
return before 14h30:
BTCUSDT+0.69%, ETHUSDT+0.79%, XRPUSDT+1.33%
-----
target alloc initial:BTCUSDT-4.17%, ETHUSDT+0.00%, XRPUSDT-4.17%
-----
alloc target x rt%<0:BTCUSDT-0.00%, ETHUSDT+0.00%, XRPUSDT-0.00%
-----
           BTCUSDT ETHUSDT XRPUSDT
w_target     -4.2%    0.0%   -4.2%
rt_14h30     0.01%   0.01%   0.01%
w_target_f   -0.0%    0.0%   -0.0%
2023-11-08 23:30:31,637
Portfolio was rebalanced less than 2 hours ago, 1.0 hours ago
2023-11-08 23:30:31,639
Status: prev = SHORT <> LONG = target
2023-11-08 23:30:31,639
the strat is currently running @ 08-11-2023 and the target positions is SHORT
the strat was previously run @ 2023-11-08 22:30:46 UTC, success:yes 
   and the current positions is LONG
2023-11-08 23:30:32,794
positions_future #2
2023-11-08 23:30:32,794
      symbol  positionAmt entryPrice  ... adlQuantile AUMs_account        w%
122  XRPUSDT       69.800     0.6898  ...           1        288.0  0.166968
154  ETHUSDT        0.025    1896.56  ...           1        288.0  0.164575

[2 rows x 12 columns]
2023-11-08 23:30:33,033
------------------------------
binance_account_balance
2023-11-08 23:30:33,033
  asset     balance  ... marginAvailable   updateTime
5  USDT  288.099523  ...            True  08Nov-19:36

[1 rows x 8 columns]
2023-11-08 23:30:33,703
------------------------------
open_orders
2023-11-08 23:30:33,703
                                      0                           1
symbol                          XRPUSDT                     ETHUSDT
status                              NEW                         NEW
price                                 0                           0
avgPrice                              0                           0
origQty                            69.8                       0.025
executedQty                           0                           0
type                        STOP_MARKET                 STOP_MARKET
side                               SELL                        SELL
stopPrice                        0.6553                     1802.67
time         2023-11-08 19:36:18.559000  2023-11-08 19:36:18.994000
updateTime   2023-11-08 19:36:18.559000  2023-11-08 19:36:18.994000
2023-11-08 23:30:36,387
------------------------------
AUMS account:288

2023-11-08 23:30:36,389
--------------- compute_futures_order_book() ----------------
2023-11-08 23:30:37,951
----------------------------------------------------------------------
#2 order(s) to place
gross$: 95$ | net$: -95$
gross%: 33% | net%: -33%
 || w>0%  +0% | w<0%  -33%
----------------------------------------------------------------------
PTF Expo% 32.9% >> 0.0% (current>>target)
PTF expo $95.0 >> $0 (current>>target)
----------------------------------------------------------------------
2023-11-08 23:30:37,953
orders_ofthe_day
2023-11-08 23:30:37,953
                  ptf_usd  target_usd  ...        bid        ask
2023-11-08 23:30                       ...                      
XRPUSDT              48.0        -0.0  ...     0.6891     0.6892
ETHUSDT              47.0         0.0  ...  1896.2300  1896.2400

[2 rows x 9 columns]
2023-11-08 23:30:39,214
binance_place_orders_peg 20231108_233039
2023-11-08 23:30:39,651
{'orderId': 44596254866, 'symbol': 'XRPUSDT', 'status': 'NEW', 'clientOrderId': 'CSxggj6b7Wd57HLHwhVqCF', 'price': '0.6894', 'avgPrice': '0.00', 'origQty': '69.8', 'executedQty': '0.0', 'cumQty': '0.0', 'cumQuote': '0.00000', 'timeInForce': 'GTC', 'type': 'LIMIT', 'reduceOnly': False, 'closePosition': False, 'side': 'SELL', 'positionSide': 'BOTH', 'stopPrice': '0.0000', 'workingType': 'CONTRACT_PRICE', 'priceProtect': False, 'origType': 'LIMIT', 'priceMatch': 'NONE', 'selfTradePreventionMode': 'NONE', 'goodTillDate': 0, 'updateTime': 1699486239540}
2023-11-08 23:30:40,102
{'orderId': 8389765626384467238, 'symbol': 'ETHUSDT', 'status': 'NEW', 'clientOrderId': 'XsFgZOxJpR5KgKlz2lDO6e', 'price': '1897.19', 'avgPrice': '0.00', 'origQty': '0.025', 'executedQty': '0.000', 'cumQty': '0.000', 'cumQuote': '0.00000', 'timeInForce': 'GTC', 'type': 'LIMIT', 'reduceOnly': False, 'closePosition': False, 'side': 'SELL', 'positionSide': 'BOTH', 'stopPrice': '0.00', 'workingType': 'CONTRACT_PRICE', 'priceProtect': False, 'origType': 'LIMIT', 'priceMatch': 'NONE', 'selfTradePreventionMode': 'NONE', 'goodTillDate': 0, 'updateTime': 1699486239985}
2023-11-08 23:30:40,983
update 0: filled 0 / 2 () | working 2 / 2 (-XRPUSDT,-ETHUSDT)
2023-11-08 23:30:44,984
-XRPUSDT: bp4.0|-ETHUSDT: bp5.0|
2023-11-08 23:30:45,864
update 1: filled 0 / 2 () | working 2 / 2 (-XRPUSDT,-ETHUSDT)
2023-11-08 23:30:49,864
-XRPUSDT: bp6.0|-ETHUSDT: bp6.0|
2023-11-08 23:30:50,744
update 2: filled 0 / 2 () | working 2 / 2 (-XRPUSDT,-ETHUSDT)
2023-11-08 23:30:54,745
-XRPUSDT: bp6.0|-ETHUSDT: bp8.0|
2023-11-08 23:30:55,623
update 3: filled 0 / 2 () | working 2 / 2 (-XRPUSDT,-ETHUSDT)
2023-11-08 23:30:59,623
-XRPUSDT: bp9.0|-ETHUSDT: bp11.0|
2023-11-08 23:31:00,503
update 4: filled 0 / 2 () | working 2 / 2 (-XRPUSDT,-ETHUSDT)
2023-11-08 23:31:04,504
-XRPUSDT: bp9.0|-ETHUSDT: bp11.0|
2023-11-08 23:31:05,381
update 5: filled 0 / 2 () | working 2 / 2 (-XRPUSDT,-ETHUSDT)
2023-11-08 23:31:09,382
-XRPUSDT: bp9.0|-ETHUSDT: bp12.0|
2023-11-08 23:31:10,258
update 6: filled 0 / 2 () | working 2 / 2 (-XRPUSDT,-ETHUSDT)
2023-11-08 23:31:14,259
-XRPUSDT: bp6.0|-ETHUSDT: bp12.0|
2023-11-08 23:31:15,132
update 7: filled 0 / 2 () | working 2 / 2 (-XRPUSDT,-ETHUSDT)
2023-11-08 23:31:19,133
-XRPUSDT: bp6.0|-ETHUSDT: bp11.0|
2023-11-08 23:31:20,013
update 8: filled 0 / 2 () | working 2 / 2 (-XRPUSDT,-ETHUSDT)
2023-11-08 23:31:24,014
-XRPUSDT: bp4.0|-ETHUSDT: bp9.0|
2023-11-08 23:31:24,892
update 9: filled 0 / 2 () | working 2 / 2 (-XRPUSDT,-ETHUSDT)
2023-11-08 23:31:28,893
-XRPUSDT: bp6.0|-ETHUSDT: bp11.0|
2023-11-08 23:31:29,772
update 10: filled 0 / 2 () | working 2 / 2 (-XRPUSDT,-ETHUSDT)
2023-11-08 23:31:33,773
-XRPUSDT: bp6.0|-ETHUSDT: bp12.0|
2023-11-08 23:31:34,649
update 11: filled 0 / 2 () | working 2 / 2 (-XRPUSDT,-ETHUSDT)
2023-11-08 23:31:38,649
-XRPUSDT: bp7.0|-ETHUSDT: bp12.0|
2023-11-08 23:31:39,524
update 12: filled 0 / 2 () | working 2 / 2 (-XRPUSDT,-ETHUSDT)
2023-11-08 23:31:43,524
-XRPUSDT: bp7.0|-ETHUSDT: bp12.0|
2023-11-08 23:31:44,406
update 13: filled 0 / 2 () | working 2 / 2 (-XRPUSDT,-ETHUSDT)
2023-11-08 23:31:48,406
-XRPUSDT: bp9.0|-ETHUSDT: bp12.0|
2023-11-08 23:31:49,282
update 14: filled 0 / 2 () | working 2 / 2 (-XRPUSDT,-ETHUSDT)
2023-11-08 23:31:53,282
-XRPUSDT: bp9.0|-ETHUSDT: bp16.0|
2023-11-08 23:31:53,282
Adjustment limit #1 ... 
 we cancel current orders and replace
2023-11-08 23:31:53,282
@+/-2.5bp limit 
2023-11-08 23:31:53,282
binance_cancel_and_replace_orders_peg 20231108_233153
2023-11-08 23:31:54,599
binance_place_orders_peg 20231108_233154
2023-11-08 23:31:55,039
{'orderId': 44596301042, 'symbol': 'XRPUSDT', 'status': 'NEW', 'clientOrderId': 'bbo1MPHVMfhHnucX0BBdlw', 'price': '0.6890', 'avgPrice': '0.00', 'origQty': '69.8', 'executedQty': '0.0', 'cumQty': '0.0', 'cumQuote': '0.00000', 'timeInForce': 'GTC', 'type': 'LIMIT', 'reduceOnly': False, 'closePosition': False, 'side': 'SELL', 'positionSide': 'BOTH', 'stopPrice': '0.0000', 'workingType': 'CONTRACT_PRICE', 'priceProtect': False, 'origType': 'LIMIT', 'priceMatch': 'NONE', 'selfTradePreventionMode': 'NONE', 'goodTillDate': 0, 'updateTime': 1699486314925}
2023-11-08 23:31:55,480
{'orderId': 8389765626384627869, 'symbol': 'ETHUSDT', 'status': 'NEW', 'clientOrderId': '7btKkGi1QJtjBG9stroUsZ', 'price': '1894.64', 'avgPrice': '0.00', 'origQty': '0.025', 'executedQty': '0.000', 'cumQty': '0.000', 'cumQuote': '0.00000', 'timeInForce': 'GTC', 'type': 'LIMIT', 'reduceOnly': False, 'closePosition': False, 'side': 'SELL', 'positionSide': 'BOTH', 'stopPrice': '0.00', 'workingType': 'CONTRACT_PRICE', 'priceProtect': False, 'origType': 'LIMIT', 'priceMatch': 'NONE', 'selfTradePreventionMode': 'NONE', 'goodTillDate': 0, 'updateTime': 1699486315364}
2023-11-08 23:31:56,356
update 0: filled 0 / 2 () | working 2 / 2 (-XRPUSDT,-ETHUSDT)
2023-11-08 23:32:00,356
-XRPUSDT: bp4.0|-ETHUSDT: bp3.0|
2023-11-08 23:32:01,232
update 1: filled 0 / 2 () | working 2 / 2 (-XRPUSDT,-ETHUSDT)
2023-11-08 23:32:05,233
-XRPUSDT: bp4.0|-ETHUSDT: bp3.0|
2023-11-08 23:32:06,109
update 2: filled 0 / 2 () | working 2 / 2 (-XRPUSDT,-ETHUSDT)
2023-11-08 23:32:10,110
-XRPUSDT: bp4.0|-ETHUSDT: bp2.0|
2023-11-08 23:32:10,989
update 3: filled 0 / 2 () | working 2 / 2 (-XRPUSDT,-ETHUSDT)
2023-11-08 23:32:14,989
-XRPUSDT: bp3.0|-ETHUSDT: bp0.0|
2023-11-08 23:32:15,864
update 4: filled 0 / 2 () | working 2 / 2 (-XRPUSDT,-ETHUSDT)
2023-11-08 23:32:19,865
-XRPUSDT: bp4.0|-ETHUSDT: bp0.0|
2023-11-08 23:32:20,740
update 5: filled 0 / 2 () | working 2 / 2 (-XRPUSDT,-ETHUSDT)
2023-11-08 23:32:24,741
-XRPUSDT: bp4.0|-ETHUSDT: bp2.0|
2023-11-08 23:32:25,616
update 6: filled 0 / 2 () | working 2 / 2 (-XRPUSDT,-ETHUSDT)
2023-11-08 23:32:29,617
-XRPUSDT: bp4.0|-ETHUSDT: bp3.0|
2023-11-08 23:32:30,496
update 7: filled 0 / 2 () | working 2 / 2 (-XRPUSDT,-ETHUSDT)
2023-11-08 23:32:34,497
-XRPUSDT: bp6.0|-ETHUSDT: bp3.0|
2023-11-08 23:32:35,376
update 8: filled 0 / 2 () | working 2 / 2 (-XRPUSDT,-ETHUSDT)
2023-11-08 23:32:39,377
-XRPUSDT: bp4.0|-ETHUSDT: bp8.0|
2023-11-08 23:32:40,256
update 9: filled 0 / 2 () | working 2 / 2 (-XRPUSDT,-ETHUSDT)
2023-11-08 23:32:44,256
-XRPUSDT: bp6.0|-ETHUSDT: bp8.0|
2023-11-08 23:32:45,130
update 10: filled 0 / 2 () | working 2 / 2 (-XRPUSDT,-ETHUSDT)
2023-11-08 23:32:49,131
-XRPUSDT: bp4.0|-ETHUSDT: bp8.0|
2023-11-08 23:32:50,010
update 11: filled 0 / 2 () | working 2 / 2 (-XRPUSDT,-ETHUSDT)
2023-11-08 23:32:54,011
-XRPUSDT: bp3.0|-ETHUSDT: bp7.0|
2023-11-08 23:32:54,901
update 12: filled 0 / 2 () | working 2 / 2 (-XRPUSDT,-ETHUSDT)
2023-11-08 23:32:58,902
-XRPUSDT: bp3.0|-ETHUSDT: bp8.0|
2023-11-08 23:32:59,778
update 13: filled 0 / 2 () | working 2 / 2 (-XRPUSDT,-ETHUSDT)
2023-11-08 23:33:03,779
-XRPUSDT: bp4.0|-ETHUSDT: bp8.0|
2023-11-08 23:33:04,658
update 14: filled 0 / 2 () | working 2 / 2 (-XRPUSDT,-ETHUSDT)
2023-11-08 23:33:08,659
-XRPUSDT: bp4.0|-ETHUSDT: bp8.0|
2023-11-08 23:33:08,659
Adjustment limit #2 ... 
 we cancel current orders and replace
2023-11-08 23:33:08,659
@+/-1.25bp limit 
2023-11-08 23:33:08,659
binance_cancel_and_replace_orders_peg 20231108_233308
2023-11-08 23:33:09,984
binance_place_orders_peg 20231108_233309
2023-11-08 23:33:10,427
{'orderId': 44596343249, 'symbol': 'XRPUSDT', 'status': 'NEW', 'clientOrderId': 'aD43VaT0BzY22iHXIcWSPX', 'price': '0.6888', 'avgPrice': '0.00', 'origQty': '69.8', 'executedQty': '0.0', 'cumQty': '0.0', 'cumQuote': '0.00000', 'timeInForce': 'GTC', 'type': 'LIMIT', 'reduceOnly': False, 'closePosition': False, 'side': 'SELL', 'positionSide': 'BOTH', 'stopPrice': '0.0000', 'workingType': 'CONTRACT_PRICE', 'priceProtect': False, 'origType': 'LIMIT', 'priceMatch': 'NONE', 'selfTradePreventionMode': 'NONE', 'goodTillDate': 0, 'updateTime': 1699486390311}
2023-11-08 23:33:10,871
{'orderId': 8389765626384803853, 'symbol': 'ETHUSDT', 'status': 'NEW', 'clientOrderId': 'lsE3P7diuNf9Mgc7mypOX5', 'price': '1893.25', 'avgPrice': '0.00', 'origQty': '0.025', 'executedQty': '0.000', 'cumQty': '0.000', 'cumQuote': '0.00000', 'timeInForce': 'GTC', 'type': 'LIMIT', 'reduceOnly': False, 'closePosition': False, 'side': 'SELL', 'positionSide': 'BOTH', 'stopPrice': '0.00', 'workingType': 'CONTRACT_PRICE', 'priceProtect': False, 'origType': 'LIMIT', 'priceMatch': 'NONE', 'selfTradePreventionMode': 'NONE', 'goodTillDate': 0, 'updateTime': 1699486390754}
2023-11-08 23:33:11,751
update 0: filled 0 / 2 () | working 2 / 2 (-XRPUSDT,-ETHUSDT)
2023-11-08 23:33:15,752
-XRPUSDT: bp3.0|-ETHUSDT: bp1.0|
2023-11-08 23:33:16,630
update 1: filled 0 / 2 () | working 2 / 2 (-XRPUSDT,-ETHUSDT)
2023-11-08 23:33:20,630
-XRPUSDT: bp1.0|-ETHUSDT: bp1.0|
2023-11-08 23:33:21,508
update 2: filled 0 / 2 () | working 2 / 2 (-XRPUSDT,-ETHUSDT)
2023-11-08 23:33:25,509
-XRPUSDT: bp3.0|-ETHUSDT: bp1.0|
2023-11-08 23:33:26,386
update 3: filled 0 / 2 () | working 2 / 2 (-XRPUSDT,-ETHUSDT)
2023-11-08 23:33:30,387
-XRPUSDT: bp3.0|-ETHUSDT: bp3.0|
2023-11-08 23:33:31,265
update 4: filled 0 / 2 () | working 2 / 2 (-XRPUSDT,-ETHUSDT)
2023-11-08 23:33:35,266
-XRPUSDT: bp3.0|-ETHUSDT: bp4.0|
2023-11-08 23:33:36,143
update 5: filled 0 / 2 () | working 2 / 2 (-XRPUSDT,-ETHUSDT)
2023-11-08 23:33:40,144
-XRPUSDT: bp4.0|-ETHUSDT: bp4.0|
2023-11-08 23:33:41,021
update 6: filled 0 / 2 () | working 2 / 2 (-XRPUSDT,-ETHUSDT)
2023-11-08 23:33:45,022
-XRPUSDT: bp3.0|-ETHUSDT: bp4.0|
2023-11-08 23:33:45,902
update 7: filled 0 / 2 () | working 2 / 2 (-XRPUSDT,-ETHUSDT)
2023-11-08 23:33:49,902
-XRPUSDT: bp3.0|-ETHUSDT: bp4.0|
2023-11-08 23:33:50,780
update 8: filled 0 / 2 () | working 2 / 2 (-XRPUSDT,-ETHUSDT)
2023-11-08 23:33:54,780
-XRPUSDT: bp3.0|-ETHUSDT: bp4.0|
2023-11-08 23:33:55,659
update 9: filled 0 / 2 () | working 2 / 2 (-XRPUSDT,-ETHUSDT)
2023-11-08 23:33:59,660
-XRPUSDT: bp4.0|-ETHUSDT: bp2.0|
2023-11-08 23:34:00,538
update 10: filled 0 / 2 () | working 2 / 2 (-XRPUSDT,-ETHUSDT)
2023-11-08 23:34:04,539
-XRPUSDT: bp3.0|-ETHUSDT: bp2.0|
2023-11-08 23:34:05,415
update 11: filled 0 / 2 () | working 2 / 2 (-XRPUSDT,-ETHUSDT)
2023-11-08 23:34:09,416
-XRPUSDT: bp3.0|-ETHUSDT: bp2.0|
2023-11-08 23:34:10,294
update 12: filled 0 / 2 () | working 2 / 2 (-XRPUSDT,-ETHUSDT)
2023-11-08 23:34:14,295
-XRPUSDT: bp3.0|-ETHUSDT: bp2.0|
2023-11-08 23:34:15,176
update 13: filled 0 / 2 () | working 2 / 2 (-XRPUSDT,-ETHUSDT)
2023-11-08 23:34:19,177
-XRPUSDT: bp3.0|-ETHUSDT: bp2.0|
2023-11-08 23:34:20,056
update 14: filled 0 / 2 () | working 2 / 2 (-XRPUSDT,-ETHUSDT)
2023-11-08 23:34:24,056
-XRPUSDT: bp1.0|-ETHUSDT: bp2.0|
2023-11-08 23:34:24,056
Adjustment limit #3 ... 
 we cancel current orders and replace
2023-11-08 23:34:24,056
@+/-0.625bp limit 
2023-11-08 23:34:24,056
binance_cancel_and_replace_orders_peg 20231108_233424
2023-11-08 23:34:25,378
binance_place_orders_peg 20231108_233425
2023-11-08 23:34:25,819
{'orderId': 44596373116, 'symbol': 'XRPUSDT', 'status': 'NEW', 'clientOrderId': 'WjoXJ0iiXN31lKjrt4UMnW', 'price': '0.6888', 'avgPrice': '0.00', 'origQty': '69.8', 'executedQty': '0.0', 'cumQty': '0.0', 'cumQuote': '0.00000', 'timeInForce': 'GTC', 'type': 'LIMIT', 'reduceOnly': False, 'closePosition': False, 'side': 'SELL', 'positionSide': 'BOTH', 'stopPrice': '0.0000', 'workingType': 'CONTRACT_PRICE', 'priceProtect': False, 'origType': 'LIMIT', 'priceMatch': 'NONE', 'selfTradePreventionMode': 'NONE', 'goodTillDate': 0, 'updateTime': 1699486465706}
2023-11-08 23:34:26,258
{'orderId': 8389765626384936525, 'symbol': 'ETHUSDT', 'status': 'NEW', 'clientOrderId': 'em9KaCbwnfd2tDpYGtQrFB', 'price': '1893.09', 'avgPrice': '0.00', 'origQty': '0.025', 'executedQty': '0.000', 'cumQty': '0.000', 'cumQuote': '0.00000', 'timeInForce': 'GTC', 'type': 'LIMIT', 'reduceOnly': False, 'closePosition': False, 'side': 'SELL', 'positionSide': 'BOTH', 'stopPrice': '0.00', 'workingType': 'CONTRACT_PRICE', 'priceProtect': False, 'origType': 'LIMIT', 'priceMatch': 'NONE', 'selfTradePreventionMode': 'NONE', 'goodTillDate': 0, 'updateTime': 1699486466147}
2023-11-08 23:34:27,136
update 0: filled 1 / 2 (-XRPUSDT) | working 1 / 2 (-ETHUSDT)
2023-11-08 23:34:31,137
-ETHUSDT: bp1.0|
2023-11-08 23:34:32,015
update 1: filled 1 / 2 (-XRPUSDT) | working 1 / 2 (-ETHUSDT)
2023-11-08 23:34:36,016
-ETHUSDT: bp1.0|
2023-11-08 23:34:36,895
update 2: filled 1 / 2 (-XRPUSDT) | working 1 / 2 (-ETHUSDT)
2023-11-08 23:34:40,896
-ETHUSDT: bp1.0|
2023-11-08 23:34:41,783
update 3: filled 1 / 2 (-XRPUSDT) | working 1 / 2 (-ETHUSDT)
2023-11-08 23:34:45,784
-ETHUSDT: bp1.0|
2023-11-08 23:34:46,664
update 4: filled 2 / 2 (-XRPUSDT,-ETHUSDT) | working 0 / 2 ()
2023-11-08 23:34:52,677
Trades of the day
in$
as of: 08Nov 23:34>>23:34 (#trades: 2)
trade net: -95.0 (-33.0%), trade gross: +95.0 (+33.0%), BUY: +0.0 (+0.0%), SELL: -95.0 (-33.0%)
fees: $ 0.019 (2.0bp)
2023-11-08 23:34:53,131
Trades: 
Filled #2
______________________________________________
                   in$ | in bp 95 traded | in bp 288 AUMs
realizedPnl    -0.16   | -17     | -6     
PnLvsArrival   -0.1    | -10     | -3     
PnLvsLast      -0.01   | -1      | -0     
______________________________________________
                 | Value$ | PnL Arrival/Last 
______________________________________________
XRP:-69.8@0.6888 | -48$ | -0.02/-0.01
ETH:-0.025@1893.09 | -47$ | -0.08/0
2023-11-08 23:34:53,701
***************************
Positions after orders
***************************
2023-11-08 23:34:53,701
********No Position************
2023-11-08 23:34:53,701
***************************
2023-11-08 23:34:54,137
2 STOP orders will be placed
2023-11-08 23:34:54,137
@+/-500.0bp limit
2023-11-08 23:34:54,138
binance_place_orders_peg 20231108_233454
