2024-10-11 22:30:32,863
ON program started 20241011 22:30:32,
US time: 20241011 18:30:32
2024-10-11 22:30:33,961
the strat is currently running @ 11-10-2024 and the target positions is SHORT
2024-10-11 22:30:35,285
CURRENT STATUS IS SHORT, WE CHECK IF THE DAY IS A NEGATIVE ONE
-----
return before 14h30:
BTCUSDT+2.24%, ETHUSDT+1.88%, XRPUSDT+1.06%
-----
target alloc initial:BTCUSDT-4.17%, ETHUSDT+0.00%, XRPUSDT-4.17%
-----
alloc target x rt%<0:BTCUSDT-0.00%, ETHUSDT+0.00%, XRPUSDT-0.00%
-----
           BTCUSDT ETHUSDT XRPUSDT
w_target     -4.2%    0.0%   -4.2%
rt_14h30     0.02%   0.02%   0.01%
w_target_f   -0.0%    0.0%   -0.0%
2024-10-11 22:30:35,286
Portfolio was rebalanced less than 2 hours ago, 1.0 hours ago
2024-10-11 22:30:35,287
Status: prev = SHORT <> LONG = target
2024-10-11 22:30:35,288
the strat is currently running @ 11-10-2024 and the target positions is SHORT
the strat was previously run @ 2024-10-11 21:30:33, success:yes 
   and the current positions is LONG
2024-10-11 22:30:36,421
positions_future #2
2024-10-11 22:30:36,421
      symbol  positionAmt entryPrice  ... adlQuantile AUMs_account        w%
147  XRPUSDT       87.300     0.5393  ...           2        285.0  0.165657
184  ETHUSDT        0.019    2442.61  ...           1        285.0  0.162684

[2 rows x 12 columns]
2024-10-11 22:30:36,652
------------------------------
binance_account_balance
2024-10-11 22:30:36,652
  asset     balance  ...  marginAvailable   updateTime
4  USDT  284.946617  ...             True  11Oct-18:35

[1 rows x 8 columns]
2024-10-11 22:30:37,285
------------------------------
open_orders
2024-10-11 22:30:37,285
Empty DataFrame
Columns: []
Index: []
2024-10-11 22:30:37,895
------------------------------
AUMS account:285

2024-10-11 22:30:37,897
--------------- compute_futures_order_book() ----------------
2024-10-11 22:30:39,347
----------------------------------------------------------------------
#2 order(s) to place
gross$: 93$ | net$: -93$
gross%: 33% | net%: -33%
 || w>0%  +0% | w<0%  -33%
----------------------------------------------------------------------
PTF Expo% 32.6% >> 0.0% (current>>target)
PTF expo $93.0 >> $0 (current>>target)
----------------------------------------------------------------------
2024-10-11 22:30:39,349
orders_ofthe_day
2024-10-11 22:30:39,349
                  ptf_usd  target_usd  totrd_usd  ...        bid        ask strategy
2024-10-11 22:30                                  ...                               
XRPUSDT              47.0        -0.0      -47.0  ...     0.5411     0.5412  STRATON
ETHUSDT              46.0         0.0      -46.0  ...  2441.0200  2441.0300  STRATON

[2 rows x 10 columns]
2024-10-11 22:30:41,022
binance_place_orders_peg 20241011_223041
2024-10-11 22:30:41,430
{'orderId': 67647355668, 'symbol': 'XRPUSDT', 'status': 'NEW', 'clientOrderId': 'STRATON', 'price': '0.5415', 'avgPrice': '0.00', 'origQty': '87.3', 'executedQty': '0.0', 'cumQty': '0.0', 'cumQuote': '0.00000', 'timeInForce': 'GTC', 'type': 'LIMIT', 'reduceOnly': True, 'closePosition': False, 'side': 'SELL', 'positionSide': 'BOTH', 'stopPrice': '0.0000', 'workingType': 'CONTRACT_PRICE', 'priceProtect': False, 'origType': 'LIMIT', 'priceMatch': 'NONE', 'selfTradePreventionMode': 'NONE', 'goodTillDate': 0, 'updateTime': 1728685841328}
2024-10-11 22:30:41,840
{'orderId': 8389765745419500641, 'symbol': 'ETHUSDT', 'status': 'NEW', 'clientOrderId': 'STRATON', 'price': '2441.85', 'avgPrice': '0.00', 'origQty': '0.019', 'executedQty': '0.000', 'cumQty': '0.000', 'cumQuote': '0.00000', 'timeInForce': 'GTC', 'type': 'LIMIT', 'reduceOnly': True, 'closePosition': False, 'side': 'SELL', 'positionSide': 'BOTH', 'stopPrice': '0.00', 'workingType': 'CONTRACT_PRICE', 'priceProtect': False, 'origType': 'LIMIT', 'priceMatch': 'NONE', 'selfTradePreventionMode': 'NONE', 'goodTillDate': 0, 'updateTime': 1728685841736}
2024-10-11 22:30:43,312
update 0: filled 0 / 2 () | working 2 / 2 (-XRPUSDT,-ETHUSDT)
2024-10-11 22:30:47,313
-XRPUSDT: bp11.0|-ETHUSDT: bp3.0|
2024-10-11 22:30:48,134
update 1: filled 0 / 2 () | working 2 / 2 (-XRPUSDT,-ETHUSDT)
2024-10-11 22:30:52,135
-XRPUSDT: bp9.0|-ETHUSDT: bp5.0|
2024-10-11 22:30:52,955
update 2: filled 0 / 2 () | working 2 / 2 (-XRPUSDT,-ETHUSDT)
2024-10-11 22:30:56,956
-XRPUSDT: bp7.0|-ETHUSDT: bp8.0|
2024-10-11 22:30:57,774
update 3: filled 0 / 2 () | working 2 / 2 (-XRPUSDT,-ETHUSDT)
2024-10-11 22:31:01,775
-XRPUSDT: bp9.0|-ETHUSDT: bp8.0|
2024-10-11 22:31:02,594
update 4: filled 0 / 2 () | working 2 / 2 (-XRPUSDT,-ETHUSDT)
2024-10-11 22:31:06,594
-XRPUSDT: bp9.0|-ETHUSDT: bp7.0|
2024-10-11 22:31:07,415
update 5: filled 0 / 2 () | working 2 / 2 (-XRPUSDT,-ETHUSDT)
2024-10-11 22:31:11,416
-XRPUSDT: bp9.0|-ETHUSDT: bp5.0|
2024-10-11 22:31:12,234
update 6: filled 0 / 2 () | working 2 / 2 (-XRPUSDT,-ETHUSDT)
2024-10-11 22:31:16,235
-XRPUSDT: bp9.0|-ETHUSDT: bp4.0|
2024-10-11 22:31:17,057
update 7: filled 1 / 2 (-ETHUSDT) | working 1 / 2 (-XRPUSDT)
2024-10-11 22:31:21,057
-XRPUSDT: bp7.0|
2024-10-11 22:31:21,876
update 8: filled 1 / 2 (-ETHUSDT) | working 1 / 2 (-XRPUSDT)
2024-10-11 22:31:25,877
-XRPUSDT: bp7.0|
2024-10-11 22:31:26,696
update 9: filled 1 / 2 (-ETHUSDT) | working 1 / 2 (-XRPUSDT)
2024-10-11 22:31:30,697
-XRPUSDT: bp7.0|
2024-10-11 22:31:31,520
update 10: filled 1 / 2 (-ETHUSDT) | working 1 / 2 (-XRPUSDT)
2024-10-11 22:31:35,520
-XRPUSDT: bp4.0|
2024-10-11 22:31:36,339
update 11: filled 1 / 2 (-ETHUSDT) | working 1 / 2 (-XRPUSDT)
2024-10-11 22:31:40,340
-XRPUSDT: bp6.0|
2024-10-11 22:31:41,205
update 12: filled 1 / 2 (-ETHUSDT) | working 1 / 2 (-XRPUSDT)
2024-10-11 22:31:45,206
-XRPUSDT: bp6.0|
2024-10-11 22:31:46,028
update 13: filled 1 / 2 (-ETHUSDT) | working 1 / 2 (-XRPUSDT)
2024-10-11 22:31:50,029
-XRPUSDT: bp6.0|
2024-10-11 22:31:50,850
update 14: filled 1 / 2 (-ETHUSDT) | working 1 / 2 (-XRPUSDT)
2024-10-11 22:31:54,851
-XRPUSDT: bp6.0|
2024-10-11 22:31:54,851
Adjustment limit #1 ... 
 we cancel current orders and replace
2024-10-11 22:31:54,851
@+/-2.5bp limit 
2024-10-11 22:31:54,851
binance_cancel_and_replace_orders_peg 20241011_223154
2024-10-11 22:31:56,289
binance_place_orders_peg 20241011_223156
2024-10-11 22:31:56,698
{'orderId': 67647417200, 'symbol': 'XRPUSDT', 'status': 'NEW', 'clientOrderId': 'STRATON', 'price': '0.5414', 'avgPrice': '0.00', 'origQty': '87.3', 'executedQty': '0.0', 'cumQty': '0.0', 'cumQuote': '0.00000', 'timeInForce': 'GTC', 'type': 'LIMIT', 'reduceOnly': False, 'closePosition': False, 'side': 'SELL', 'positionSide': 'BOTH', 'stopPrice': '0.0000', 'workingType': 'CONTRACT_PRICE', 'priceProtect': False, 'origType': 'LIMIT', 'priceMatch': 'NONE', 'selfTradePreventionMode': 'NONE', 'goodTillDate': 0, 'updateTime': 1728685916595}
2024-10-11 22:31:57,525
update 0: filled 1 / 2 (-ETHUSDT) | working 1 / 2 (-XRPUSDT)
2024-10-11 22:32:01,526
-XRPUSDT: bp4.0|
2024-10-11 22:32:02,347
update 1: filled 1 / 2 (-ETHUSDT) | working 1 / 2 (-XRPUSDT)
2024-10-11 22:32:06,348
-XRPUSDT: bp4.0|
2024-10-11 22:32:07,169
update 2: filled 1 / 2 (-ETHUSDT) | working 1 / 2 (-XRPUSDT)
2024-10-11 22:32:11,170
-XRPUSDT: bp6.0|
2024-10-11 22:32:11,990
update 3: filled 1 / 2 (-ETHUSDT) | working 1 / 2 (-XRPUSDT)
2024-10-11 22:32:15,990
-XRPUSDT: bp7.0|
2024-10-11 22:32:16,810
update 4: filled 1 / 2 (-ETHUSDT) | working 1 / 2 (-XRPUSDT)
2024-10-11 22:32:20,810
-XRPUSDT: bp7.0|
2024-10-11 22:32:21,630
update 5: filled 1 / 2 (-ETHUSDT) | working 1 / 2 (-XRPUSDT)
2024-10-11 22:32:25,630
-XRPUSDT: bp6.0|
2024-10-11 22:32:26,448
update 6: filled 1 / 2 (-ETHUSDT) | working 1 / 2 (-XRPUSDT)
2024-10-11 22:32:30,449
-XRPUSDT: bp6.0|
2024-10-11 22:32:31,268
update 7: filled 1 / 2 (-ETHUSDT) | working 1 / 2 (-XRPUSDT)
2024-10-11 22:32:35,269
-XRPUSDT: bp4.0|
2024-10-11 22:32:36,087
update 8: filled 1 / 2 (-ETHUSDT) | working 1 / 2 (-XRPUSDT)
2024-10-11 22:32:40,088
-XRPUSDT: bp6.0|
2024-10-11 22:32:40,907
update 9: filled 1 / 2 (-ETHUSDT) | working 1 / 2 (-XRPUSDT)
2024-10-11 22:32:44,908
-XRPUSDT: bp6.0|
2024-10-11 22:32:45,726
update 10: filled 1 / 2 (-ETHUSDT) | working 1 / 2 (-XRPUSDT)
2024-10-11 22:32:49,727
-XRPUSDT: bp6.0|
2024-10-11 22:32:50,545
update 11: filled 1 / 2 (-ETHUSDT) | working 1 / 2 (-XRPUSDT)
2024-10-11 22:32:54,546
-XRPUSDT: bp6.0|
2024-10-11 22:32:55,365
update 12: filled 1 / 2 (-ETHUSDT) | working 1 / 2 (-XRPUSDT)
2024-10-11 22:32:59,365
-XRPUSDT: bp6.0|
2024-10-11 22:33:00,183
update 13: filled 1 / 2 (-ETHUSDT) | working 1 / 2 (-XRPUSDT)
2024-10-11 22:33:04,184
-XRPUSDT: bp6.0|
2024-10-11 22:33:05,002
update 14: filled 1 / 2 (-ETHUSDT) | working 1 / 2 (-XRPUSDT)
2024-10-11 22:33:09,003
-XRPUSDT: bp6.0|
2024-10-11 22:33:09,003
Adjustment limit #2 ... 
 we cancel current orders and replace
2024-10-11 22:33:09,003
@+/-1.25bp limit 
2024-10-11 22:33:09,004
binance_cancel_and_replace_orders_peg 20241011_223309
2024-10-11 22:33:10,444
binance_place_orders_peg 20241011_223310
2024-10-11 22:33:10,853
{'orderId': 67647469341, 'symbol': 'XRPUSDT', 'status': 'NEW', 'clientOrderId': 'STRATON', 'price': '0.5413', 'avgPrice': '0.00', 'origQty': '87.3', 'executedQty': '0.0', 'cumQty': '0.0', 'cumQuote': '0.00000', 'timeInForce': 'GTC', 'type': 'LIMIT', 'reduceOnly': False, 'closePosition': False, 'side': 'SELL', 'positionSide': 'BOTH', 'stopPrice': '0.0000', 'workingType': 'CONTRACT_PRICE', 'priceProtect': False, 'origType': 'LIMIT', 'priceMatch': 'NONE', 'selfTradePreventionMode': 'NONE', 'goodTillDate': 0, 'updateTime': 1728685990750}
2024-10-11 22:33:11,680
update 0: filled 1 / 2 (-ETHUSDT) | working 1 / 2 (-XRPUSDT)
2024-10-11 22:33:15,680
-XRPUSDT: bp4.0|
2024-10-11 22:33:16,501
update 1: filled 1 / 2 (-ETHUSDT) | working 1 / 2 (-XRPUSDT)
2024-10-11 22:33:20,502
-XRPUSDT: bp4.0|
2024-10-11 22:33:21,321
update 2: filled 1 / 2 (-ETHUSDT) | working 1 / 2 (-XRPUSDT)
2024-10-11 22:33:25,322
-XRPUSDT: bp4.0|
2024-10-11 22:33:26,142
update 3: filled 1 / 2 (-ETHUSDT) | working 1 / 2 (-XRPUSDT)
2024-10-11 22:33:30,143
-XRPUSDT: bp4.0|
2024-10-11 22:33:30,964
update 4: filled 1 / 2 (-ETHUSDT) | working 1 / 2 (-XRPUSDT)
2024-10-11 22:33:34,965
-XRPUSDT: bp2.0|
2024-10-11 22:33:35,787
update 5: filled 1 / 2 (-ETHUSDT) | working 1 / 2 (-XRPUSDT)
2024-10-11 22:33:39,787
-XRPUSDT: bp2.0|
2024-10-11 22:33:40,606
update 6: filled 1 / 2 (-ETHUSDT) | working 1 / 2 (-XRPUSDT)
2024-10-11 22:33:44,607
-XRPUSDT: bp4.0|
2024-10-11 22:33:45,429
update 7: filled 1 / 2 (-ETHUSDT) | working 1 / 2 (-XRPUSDT)
2024-10-11 22:33:49,430
-XRPUSDT: bp2.0|
2024-10-11 22:33:50,249
update 8: filled 1 / 2 (-ETHUSDT) | working 1 / 2 (-XRPUSDT)
2024-10-11 22:33:54,250
-XRPUSDT: bp2.0|
2024-10-11 22:33:55,068
update 9: filled 1 / 2 (-ETHUSDT) | working 1 / 2 (-XRPUSDT)
2024-10-11 22:33:59,069
-XRPUSDT: bp2.0|
2024-10-11 22:33:59,888
update 10: filled 1 / 2 (-ETHUSDT) | working 1 / 2 (-XRPUSDT)
2024-10-11 22:34:03,888
-XRPUSDT: bp2.0|
2024-10-11 22:34:04,707
update 11: filled 1 / 2 (-ETHUSDT) | working 1 / 2 (-XRPUSDT)
2024-10-11 22:34:08,708
-XRPUSDT: bp2.0|
2024-10-11 22:34:09,527
update 12: filled 1 / 2 (-ETHUSDT) | working 1 / 2 (-XRPUSDT)
2024-10-11 22:34:13,528
-XRPUSDT: bp2.0|
2024-10-11 22:34:14,350
update 13: filled 1 / 2 (-ETHUSDT) | working 1 / 2 (-XRPUSDT)
2024-10-11 22:34:18,351
-XRPUSDT: bp2.0|
2024-10-11 22:34:19,171
update 14: filled 2 / 2 (-ETHUSDT,-XRPUSDT) | working 0 / 2 ()
2024-10-11 22:34:25,438
Trades of the day
in$
as of: 11Oct 22:31>>22:34 (#trades: 2)
trade net: -94.0 (-33.0%), trade gross: +94.0 (+33.0%), BUY: +0.0 (+0.0%), SELL: -94.0 (-33.0%)
fees: $ 0.019 (2.0bp)
2024-10-11 22:34:25,864
Trades: 
Filled #2
______________________________________________
                   in$ | in bp 93 traded | in bp 285 AUMs
realizedPnl    +0.16   | +17     | +6     
PnLvsArrival   +0.03   | +3      | +1     
PnLvsLast      +0      | +0      | +0     
______________________________________________
                 | Value$ | PnL Arrival/Last 
______________________________________________
XRP:-87.3@0.5413 | -47$ | 0.01/0.01
ETH:-0.019@2441.85 | -46$ | 0.02/-0.01
