2023-08-30 23:30:59,394
ON program started 20230830 23:30:59,
US time: 20230830 19:30:59
2023-08-30 23:30:59,942
the strat is currently running @ 30-08-2023 and the target positions is SHORT
2023-08-30 23:31:01,366
CURRENT STATUS IS SHORT, WE CHECK IF THE DAY IS A NEGATIVE ONE
-----
return before 14h30:
BTCUSDT-0.81%, ETHUSDT-1.03%, XRPUSDT-1.67%
-----
target alloc initial:BTCUSDT-4.17%, ETHUSDT+0.00%, XRPUSDT-4.17%
-----
alloc target x rt%<0:BTCUSDT-4.17%, ETHUSDT+0.00%, XRPUSDT-4.17%
-----
           BTCUSDT ETHUSDT XRPUSDT
w_target     -4.2%    0.0%   -4.2%
rt_14h30    -0.01%  -0.01%  -0.02%
w_target_f   -4.2%    0.0%   -4.2%
2023-08-30 23:31:01,368
Portfolio was rebalanced less than 2 hours ago, 0.8 hours ago
2023-08-30 23:31:01,371
Status: prev = SHORT <> SHORT = target
2023-08-30 23:31:01,371
the strat is currently running @ 30-08-2023 and the target positions is SHORT
the strat was previously run @ 2023-08-30 22:40:11 UTC, success:yes 
   and the current positions is SHORT
2023-08-30 23:31:02,535
positions_future #1
2023-08-30 23:31:02,535
      symbol  positionAmt entryPrice  ...   updateTime  AUMs_account        w%
111  XRPUSDT        -21.2     0.5282  ...  30Aug-22:33         275.8 -0.040573

[1 rows x 9 columns]
2023-08-30 23:31:02,561
programm stoppeddd!!! 20230830_233102
