2024-01-15 23:30:50,472
ON program started 20240115 23:30:50,
US time: 20240115 18:30:50
2024-01-15 23:30:51,581
the strat is currently running @ 15-01-2024 and the target positions is SHORT
2024-01-15 23:30:53,068
CURRENT STATUS IS SHORT, WE CHECK IF THE DAY IS A NEGATIVE ONE
-----
return before 14h30:
BTCUSDT+1.00%, ETHUSDT+1.20%, XRPUSDT-1.30%
-----
target alloc initial:BTCUSDT-4.17%, ETHUSDT+0.00%, XRPUSDT-4.17%
-----
alloc target x rt%<0:BTCUSDT-0.00%, ETHUSDT+0.00%, XRPUSDT-4.17%
-----
           BTCUSDT ETHUSDT XRPUSDT
w_target     -4.2%    0.0%   -4.2%
rt_14h30     0.01%   0.01%  -0.01%
w_target_f   -0.0%    0.0%   -4.2%
2024-01-15 23:30:53,070
Portfolio was rebalanced less than 2 hours ago, 1.0 hours ago
2024-01-15 23:30:53,074
Status: prev = SHORT <> LONG = target
2024-01-15 23:30:53,074
the strat is currently running @ 15-01-2024 and the target positions is SHORT
the strat was previously run @ 2024-01-15 22:31:10 UTC, success:yes 
   and the current positions is LONG
2024-01-15 23:30:54,370
positions_future #2
2024-01-15 23:30:54,371
      symbol  positionAmt entryPrice  ... adlQuantile AUMs_account        w%
141  ETHUSDT        0.019    2541.13  ...           1        289.5  0.165236
113  XRPUSDT       82.800     0.5795  ...           1        289.5  0.164782

[2 rows x 12 columns]
2024-01-15 23:30:54,623
------------------------------
binance_account_balance
2024-01-15 23:30:54,623
  asset     balance  ...  marginAvailable   updateTime
5  USDT  290.254849  ...             True  15Jan-19:31

[1 rows x 8 columns]
2024-01-15 23:30:55,315
------------------------------
open_orders
2024-01-15 23:30:55,315
Empty DataFrame
Columns: []
Index: []
2024-01-15 23:30:55,978
------------------------------
AUMS account:289

2024-01-15 23:30:55,980
--------------- compute_futures_order_book() ----------------
2024-01-15 23:30:57,572
----------------------------------------------------------------------
#2 order(s) to place
gross$: 108$ | net$: -108$
gross%: 37% | net%: -37%
 || w>0%  +0% | w<0%  -37%
----------------------------------------------------------------------
PTF Expo% 33.1% >> -4.1% (current>>target)
PTF expo $96.0 >> $-12 (current>>target)
----------------------------------------------------------------------
2024-01-15 23:30:57,575
orders_ofthe_day
2024-01-15 23:30:57,575
                  ptf_usd  target_usd  totrd_usd  ...        bid        ask strategy
2024-01-15 23:30                                  ...                               
XRPUSDT              48.0      -12.07      -60.0  ...     0.5763     0.5764  STRATON
ETHUSDT              48.0        0.00      -48.0  ...  2518.1500  2518.1600  STRATON

[2 rows x 10 columns]
2024-01-15 23:30:58,638
binance_place_orders_peg 20240115_233058
2024-01-15 23:30:59,082
{'orderId': 48512021463, 'symbol': 'XRPUSDT', 'status': 'NEW', 'clientOrderId': 'STRATON', 'price': '0.5767', 'avgPrice': '0.00', 'origQty': '104.1', 'executedQty': '0.0', 'cumQty': '0.0', 'cumQuote': '0.00000', 'timeInForce': 'GTC', 'type': 'LIMIT', 'reduceOnly': False, 'closePosition': False, 'side': 'SELL', 'positionSide': 'BOTH', 'stopPrice': '0.0000', 'workingType': 'CONTRACT_PRICE', 'priceProtect': False, 'origType': 'LIMIT', 'priceMatch': 'NONE', 'selfTradePreventionMode': 'NONE', 'goodTillDate': 0, 'updateTime': 1705361458969}
2024-01-15 23:30:59,526
{'orderId': 8389765643579711772, 'symbol': 'ETHUSDT', 'status': 'NEW', 'clientOrderId': 'STRATON', 'price': '2519.49', 'avgPrice': '0.00', 'origQty': '0.019', 'executedQty': '0.000', 'cumQty': '0.000', 'cumQuote': '0.00000', 'timeInForce': 'GTC', 'type': 'LIMIT', 'reduceOnly': False, 'closePosition': False, 'side': 'SELL', 'positionSide': 'BOTH', 'stopPrice': '0.00', 'workingType': 'CONTRACT_PRICE', 'priceProtect': False, 'origType': 'LIMIT', 'priceMatch': 'NONE', 'selfTradePreventionMode': 'NONE', 'goodTillDate': 0, 'updateTime': 1705361459414}
2024-01-15 23:31:01,136
update 0: filled 0 / 2 () | working 2 / 2 (-XRPUSDT,-ETHUSDT)
2024-01-15 23:31:05,137
-XRPUSDT: bp7.0|-ETHUSDT: bp5.0|
2024-01-15 23:31:06,022
update 1: filled 0 / 2 () | working 2 / 2 (-XRPUSDT,-ETHUSDT)
2024-01-15 23:31:10,023
-XRPUSDT: bp5.0|-ETHUSDT: bp5.0|
2024-01-15 23:31:10,910
update 2: filled 0 / 2 () | working 2 / 2 (-XRPUSDT,-ETHUSDT)
2024-01-15 23:31:14,911
-XRPUSDT: bp5.0|-ETHUSDT: bp5.0|
2024-01-15 23:31:15,800
update 3: filled 0 / 2 () | working 2 / 2 (-XRPUSDT,-ETHUSDT)
2024-01-15 23:31:19,800
-XRPUSDT: bp5.0|-ETHUSDT: bp2.0|
2024-01-15 23:31:20,687
update 4: filled 0 / 2 () | working 2 / 2 (-XRPUSDT,-ETHUSDT)
2024-01-15 23:31:24,688
-XRPUSDT: bp3.0|-ETHUSDT: bp2.0|
2024-01-15 23:31:25,573
update 5: filled 0 / 2 () | working 2 / 2 (-XRPUSDT,-ETHUSDT)
2024-01-15 23:31:29,574
-XRPUSDT: bp3.0|-ETHUSDT: bp1.0|
2024-01-15 23:31:30,464
update 6: filled 0 / 2 () | working 2 / 2 (-XRPUSDT,-ETHUSDT)
2024-01-15 23:31:34,465
-XRPUSDT: bp5.0|-ETHUSDT: bp2.0|
2024-01-15 23:31:35,352
update 7: filled 0 / 2 () | working 2 / 2 (-XRPUSDT,-ETHUSDT)
2024-01-15 23:31:39,353
-XRPUSDT: bp3.0|-ETHUSDT: bp5.0|
2024-01-15 23:31:40,243
update 8: filled 0 / 2 () | working 2 / 2 (-XRPUSDT,-ETHUSDT)
2024-01-15 23:31:44,243
-XRPUSDT: bp9.0|-ETHUSDT: bp5.0|
2024-01-15 23:31:45,135
update 9: filled 0 / 2 () | working 2 / 2 (-XRPUSDT,-ETHUSDT)
2024-01-15 23:31:49,136
-XRPUSDT: bp7.0|-ETHUSDT: bp6.0|
2024-01-15 23:31:50,019
update 10: filled 0 / 2 () | working 2 / 2 (-XRPUSDT,-ETHUSDT)
2024-01-15 23:31:54,020
-XRPUSDT: bp9.0|-ETHUSDT: bp6.0|
2024-01-15 23:31:54,908
update 11: filled 0 / 2 () | working 2 / 2 (-XRPUSDT,-ETHUSDT)
2024-01-15 23:31:58,909
-XRPUSDT: bp14.0|-ETHUSDT: bp8.0|
2024-01-15 23:31:59,795
update 12: filled 0 / 2 () | working 2 / 2 (-XRPUSDT,-ETHUSDT)
2024-01-15 23:32:03,795
-XRPUSDT: bp10.0|-ETHUSDT: bp6.0|
2024-01-15 23:32:04,684
update 13: filled 0 / 2 () | working 2 / 2 (-XRPUSDT,-ETHUSDT)
2024-01-15 23:32:08,685
-XRPUSDT: bp14.0|-ETHUSDT: bp6.0|
2024-01-15 23:32:09,570
update 14: filled 0 / 2 () | working 2 / 2 (-XRPUSDT,-ETHUSDT)
2024-01-15 23:32:13,571
-XRPUSDT: bp10.0|-ETHUSDT: bp6.0|
2024-01-15 23:32:13,571
Adjustment limit #1 ... 
 we cancel current orders and replace
2024-01-15 23:32:13,571
@+/-2.5bp limit 
2024-01-15 23:32:13,571
binance_cancel_and_replace_orders_peg 20240115_233213
2024-01-15 23:32:15,789
binance_place_orders_peg 20240115_233215
2024-01-15 23:32:16,229
{'orderId': 48512068821, 'symbol': 'XRPUSDT', 'status': 'NEW', 'clientOrderId': 'STRATON', 'price': '0.5762', 'avgPrice': '0.00', 'origQty': '104.1', 'executedQty': '0.0', 'cumQty': '0.0', 'cumQuote': '0.00000', 'timeInForce': 'GTC', 'type': 'LIMIT', 'reduceOnly': False, 'closePosition': False, 'side': 'SELL', 'positionSide': 'BOTH', 'stopPrice': '0.0000', 'workingType': 'CONTRACT_PRICE', 'priceProtect': False, 'origType': 'LIMIT', 'priceMatch': 'NONE', 'selfTradePreventionMode': 'NONE', 'goodTillDate': 0, 'updateTime': 1705361536119}
2024-01-15 23:32:16,673
{'orderId': 8389765643579926892, 'symbol': 'ETHUSDT', 'status': 'NEW', 'clientOrderId': 'STRATON', 'price': '2518.53', 'avgPrice': '0.00', 'origQty': '0.019', 'executedQty': '0.000', 'cumQty': '0.000', 'cumQuote': '0.00000', 'timeInForce': 'GTC', 'type': 'LIMIT', 'reduceOnly': False, 'closePosition': False, 'side': 'SELL', 'positionSide': 'BOTH', 'stopPrice': '0.00', 'workingType': 'CONTRACT_PRICE', 'priceProtect': False, 'origType': 'LIMIT', 'priceMatch': 'NONE', 'selfTradePreventionMode': 'NONE', 'goodTillDate': 0, 'updateTime': 1705361536560}
2024-01-15 23:32:17,575
update 0: filled 0 / 2 () | working 2 / 2 (-XRPUSDT,-ETHUSDT)
2024-01-15 23:32:21,576
-XRPUSDT: bp2.0|-ETHUSDT: bp3.0|
2024-01-15 23:32:22,469
update 1: filled 0 / 2 () | working 2 / 2 (-XRPUSDT,-ETHUSDT)
2024-01-15 23:32:26,470
-XRPUSDT: bp5.0|-ETHUSDT: bp5.0|
2024-01-15 23:32:27,351
update 2: filled 0 / 2 () | working 2 / 2 (-XRPUSDT,-ETHUSDT)
2024-01-15 23:32:31,352
-XRPUSDT: bp10.0|-ETHUSDT: bp7.0|
2024-01-15 23:32:32,241
update 3: filled 0 / 2 () | working 2 / 2 (-XRPUSDT,-ETHUSDT)
2024-01-15 23:32:36,241
-XRPUSDT: bp10.0|-ETHUSDT: bp5.0|
2024-01-15 23:32:37,132
update 4: filled 0 / 2 () | working 2 / 2 (-XRPUSDT,-ETHUSDT)
2024-01-15 23:32:41,133
-XRPUSDT: bp9.0|-ETHUSDT: bp5.0|
2024-01-15 23:32:42,016
update 5: filled 0 / 2 () | working 2 / 2 (-XRPUSDT,-ETHUSDT)
2024-01-15 23:32:46,017
-XRPUSDT: bp9.0|-ETHUSDT: bp4.0|
2024-01-15 23:32:46,909
update 6: filled 0 / 2 () | working 2 / 2 (-XRPUSDT,-ETHUSDT)
2024-01-15 23:32:50,909
-XRPUSDT: bp9.0|-ETHUSDT: bp4.0|
2024-01-15 23:32:51,793
update 7: filled 0 / 2 () | working 2 / 2 (-XRPUSDT,-ETHUSDT)
2024-01-15 23:32:55,794
-XRPUSDT: bp10.0|-ETHUSDT: bp4.0|
2024-01-15 23:32:56,676
update 8: filled 0 / 2 () | working 2 / 2 (-XRPUSDT,-ETHUSDT)
2024-01-15 23:33:00,677
-XRPUSDT: bp9.0|-ETHUSDT: bp4.0|
2024-01-15 23:33:01,563
update 9: filled 0 / 2 () | working 2 / 2 (-XRPUSDT,-ETHUSDT)
2024-01-15 23:33:05,564
-XRPUSDT: bp10.0|-ETHUSDT: bp6.0|
2024-01-15 23:33:06,447
update 10: filled 0 / 2 () | working 2 / 2 (-XRPUSDT,-ETHUSDT)
2024-01-15 23:33:10,448
-XRPUSDT: bp10.0|-ETHUSDT: bp7.0|
2024-01-15 23:33:11,336
update 11: filled 0 / 2 () | working 2 / 2 (-XRPUSDT,-ETHUSDT)
2024-01-15 23:33:15,337
-XRPUSDT: bp12.0|-ETHUSDT: bp7.0|
2024-01-15 23:33:16,225
update 12: filled 0 / 2 () | working 2 / 2 (-XRPUSDT,-ETHUSDT)
2024-01-15 23:33:20,226
-XRPUSDT: bp10.0|-ETHUSDT: bp7.0|
2024-01-15 23:33:21,109
update 13: filled 0 / 2 () | working 2 / 2 (-XRPUSDT,-ETHUSDT)
2024-01-15 23:33:25,110
-XRPUSDT: bp10.0|-ETHUSDT: bp7.0|
2024-01-15 23:33:26,002
update 14: filled 0 / 2 () | working 2 / 2 (-XRPUSDT,-ETHUSDT)
2024-01-15 23:33:30,003
-XRPUSDT: bp10.0|-ETHUSDT: bp7.0|
2024-01-15 23:33:30,003
Adjustment limit #2 ... 
 we cancel current orders and replace
2024-01-15 23:33:30,003
@+/-1.25bp limit 
2024-01-15 23:33:30,003
binance_cancel_and_replace_orders_peg 20240115_233330
2024-01-15 23:33:32,237
binance_place_orders_peg 20240115_233332
2024-01-15 23:33:32,683
{'orderId': 48512103471, 'symbol': 'XRPUSDT', 'status': 'NEW', 'clientOrderId': 'STRATON', 'price': '0.5757', 'avgPrice': '0.00', 'origQty': '104.1', 'executedQty': '0.0', 'cumQty': '0.0', 'cumQuote': '0.00000', 'timeInForce': 'GTC', 'type': 'LIMIT', 'reduceOnly': False, 'closePosition': False, 'side': 'SELL', 'positionSide': 'BOTH', 'stopPrice': '0.0000', 'workingType': 'CONTRACT_PRICE', 'priceProtect': False, 'origType': 'LIMIT', 'priceMatch': 'NONE', 'selfTradePreventionMode': 'NONE', 'goodTillDate': 0, 'updateTime': 1705361612570}
2024-01-15 23:33:33,128
{'orderId': 8389765643580158729, 'symbol': 'ETHUSDT', 'status': 'NEW', 'clientOrderId': 'STRATON', 'price': '2516.19', 'avgPrice': '0.00', 'origQty': '0.019', 'executedQty': '0.000', 'cumQty': '0.000', 'cumQuote': '0.00000', 'timeInForce': 'GTC', 'type': 'LIMIT', 'reduceOnly': False, 'closePosition': False, 'side': 'SELL', 'positionSide': 'BOTH', 'stopPrice': '0.00', 'workingType': 'CONTRACT_PRICE', 'priceProtect': False, 'origType': 'LIMIT', 'priceMatch': 'NONE', 'selfTradePreventionMode': 'NONE', 'goodTillDate': 0, 'updateTime': 1705361613015}
2024-01-15 23:33:34,026
update 0: filled 0 / 2 () | working 2 / 2 (-XRPUSDT,-ETHUSDT)
2024-01-15 23:33:38,027
-XRPUSDT: bp3.0|-ETHUSDT: bp2.0|
2024-01-15 23:33:38,919
update 1: filled 0 / 2 () | working 2 / 2 (-XRPUSDT,-ETHUSDT)
2024-01-15 23:33:42,919
-XRPUSDT: bp2.0|-ETHUSDT: bp1.0|
2024-01-15 23:33:43,804
update 2: filled 0 / 2 () | working 2 / 2 (-XRPUSDT,-ETHUSDT)
2024-01-15 23:33:47,805
-XRPUSDT: bp2.0|-ETHUSDT: bp1.0|
2024-01-15 23:33:48,698
update 3: filled 0 / 2 () | working 2 / 2 (-XRPUSDT,-ETHUSDT)
2024-01-15 23:33:52,699
-XRPUSDT: bp2.0|-ETHUSDT: bp2.0|
2024-01-15 23:33:53,591
update 4: filled 0 / 2 () | working 2 / 2 (-XRPUSDT,-ETHUSDT)
2024-01-15 23:33:57,592
-XRPUSDT: bp3.0|-ETHUSDT: bp4.0|
2024-01-15 23:33:58,480
update 5: filled 0 / 2 () | working 2 / 2 (-XRPUSDT,-ETHUSDT)
2024-01-15 23:34:02,481
-XRPUSDT: bp5.0|-ETHUSDT: bp4.0|
2024-01-15 23:34:03,364
update 6: filled 0 / 2 () | working 2 / 2 (-XRPUSDT,-ETHUSDT)
2024-01-15 23:34:07,365
-XRPUSDT: bp5.0|-ETHUSDT: bp5.0|
2024-01-15 23:34:08,255
update 7: filled 2 / 2 (-XRPUSDT,-ETHUSDT) | working 0 / 2 ()
2024-01-15 23:34:14,725
Trades of the day
in$
as of: 15Jan 23:34>>23:34 (#trades: 2)
trade net: -108.0 (-37.3%), trade gross: +108.0 (+37.3%), BUY: +0.0 (+0.0%), SELL: -108.0 (-37.3%)
fees: $ 0.022 (2.0bp)
2024-01-15 23:34:15,185
Trades: 
Filled #2
______________________________________________
                   in$ | in bp 107 traded | in bp 289 AUMs
realizedPnl    -0.78   | -72     | -27    
PnLvsArrival   -0.11   | -10     | -4     
PnLvsLast      -0.04   | -4      | -1     
______________________________________________
                 | Value$ | PnL Arrival/Last 
______________________________________________
XRP:-104.1@0.5757 | -60$ | -0.07/-0.02
ETH:-0.019@2516.19 | -48$ | -0.04/-0.02
