2024-05-07 19:30:52,734
ON program started 20240507 19:30:52,
US time: 20240507 15:30:52
2024-05-07 19:30:53,759
the strat is currently running @ 07-05-2024 and the target positions is LONG
2024-05-07 19:30:55,250
CURRENT STATUS IS LONG
-----
return before 14h30:
BTCUSDT+0.08%, ETHUSDT-0.06%, XRPUSDT-0.65%
-----
target alloc initial:BTCUSDT+16.67%, ETHUSDT+16.67%, XRPUSDT+16.67%
-----
alloc target x rt%<0:BTCUSDT+16.67%, ETHUSDT+16.67%, XRPUSDT+16.67%
-----
           BTCUSDT ETHUSDT XRPUSDT
w_target     16.7%   16.7%   16.7%
rt_14h30     0.00%  -0.00%  -0.01%
w_target_f   16.7%   16.7%   16.7%
2024-05-07 19:30:55,251
Portfolio was rebalanced less than 2 hours ago, 1.0 hours ago
2024-05-07 19:30:55,253
Status: prev = LONG <> LONG = target
2024-05-07 19:30:55,253
the strat is currently running @ 07-05-2024 and the target positions is LONG
the strat was previously run @ 2024-05-07 18:30:40, success:? 
   and the current positions is LONG
2024-05-07 19:30:55,888
positions_future #2
2024-05-07 19:30:55,888
      symbol  positionAmt entryPrice  ... adlQuantile AUMs_account        w%
167  ETHUSDT        0.016    3041.47  ...           2        283.1  0.172505
134  XRPUSDT       87.200     0.5396  ...           1        283.1  0.165420

[2 rows x 12 columns]
2024-05-07 19:30:56,139
------------------------------
binance_account_balance
2024-05-07 19:30:56,139
  asset     balance  ...  marginAvailable   updateTime
6  USDT  283.134079  ...             True  07May-18:32

[1 rows x 8 columns]
2024-05-07 19:30:56,815
------------------------------
open_orders
2024-05-07 19:30:56,815
Empty DataFrame
Columns: []
Index: []
2024-05-07 19:30:57,906
------------------------------
AUMS account:283

2024-05-07 19:30:57,908
--------------- compute_futures_order_book() ----------------
2024-05-07 19:31:00,127
----------------------------------------------------------------------
#0 order(s) to place
gross$: 0$ | net$: +0$
gross%: 0% | net%: +0%
 || w>0%  +0% | w<0%  0%
----------------------------------------------------------------------
PTF Expo% 33.9% >> 50.0% (current>>target)
PTF expo $96.0 >> $141 (current>>target)
----------------------------------------------------------------------
2024-05-07 19:31:00,129
orders_ofthe_day
2024-05-07 19:31:00,129
Empty DataFrame
Columns: [ptf_usd, target_usd, totrd_usd, posttrd_usd, qty, posttrd_qty, posttrd_w, bid, ask, strategy]
Index: []
2024-05-07 19:31:00,197
Orders of the day is empty, current and target potfolios are aligned
2024-05-07 19:31:00,197
Program stopped
