2023-08-13 21:30:34,257
ON program started 20230813 21:30:34,
US time: 20230813 17:30:34
2023-08-13 21:30:34,432
the strat is currently running @ 13-08-2023 and the target positions is LONG
2023-08-13 21:30:35,748
CURRENT STATUS IS LONG
-----
return before 14h30:
BTCUSDT-0.06%, ETHUSDT+0.01%, XRPUSDT+0.02%
-----
target alloc initial:BTCUSDT+16.67%, ETHUSDT+16.67%, XRPUSDT+16.67%
-----
alloc target x rt%<0:BTCUSDT+16.67%, ETHUSDT+16.67%, XRPUSDT+16.67%
-----
           BTCUSDT ETHUSDT XRPUSDT
w_target     16.7%   16.7%   16.7%
rt_14h30    -0.00%   0.00%   0.00%
w_target_f   16.7%   16.7%   16.7%
2023-08-13 21:30:35,750
Portfolio was rebalanced less than 2 hours ago, 1.0 hours ago
2023-08-13 21:30:35,752
Status: prev = LONG <> LONG = target
2023-08-13 21:30:35,752
the strat is currently running @ 13-08-2023 and the target positions is LONG
the strat was previously run @ 2023-08-13 20:31:05 UTC, success:yes 
   and the current positions is LONG
2023-08-13 21:30:36,840
positions_future #3
2023-08-13 21:30:36,840
      symbol  positionAmt entryPrice  ...   updateTime  AUMs_account        w%
222  BTCUSDT        0.002    29412.8  ...  13Aug-18:47         290.5  0.202454
111  XRPUSDT       76.600     0.6318  ...  13Aug-18:31         290.5  0.166749
137  ETHUSDT        0.026    1852.93  ...  13Aug-18:44         290.5  0.165681

[3 rows x 9 columns]
2023-08-13 21:30:36,864
programm stoppeddd!!! 20230813_213036
