2023-12-10 23:30:35,742
ON program started 20231210 23:30:35,
US time: 20231210 18:30:35
2023-12-10 23:30:36,226
the strat is currently running @ 10-12-2023 and the target positions is SHORT
2023-12-10 23:30:38,050
CURRENT STATUS IS SHORT, WE CHECK IF THE DAY IS A NEGATIVE ONE
-----
return before 14h30:
BTCUSDT-0.25%, ETHUSDT+0.10%, XRPUSDT-1.06%
-----
target alloc initial:BTCUSDT-4.17%, ETHUSDT+0.00%, XRPUSDT-4.17%
-----
alloc target x rt%<0:BTCUSDT-4.17%, ETHUSDT+0.00%, XRPUSDT-4.17%
-----
           BTCUSDT ETHUSDT XRPUSDT
w_target     -4.2%    0.0%   -4.2%
rt_14h30    -0.00%   0.00%  -0.01%
w_target_f   -4.2%    0.0%   -4.2%
2023-12-10 23:30:38,051
Portfolio was rebalanced less than 2 hours ago, 1.0 hours ago
2023-12-10 23:30:38,054
Status: prev = SHORT <> LONG = target
2023-12-10 23:30:38,054
the strat is currently running @ 10-12-2023 and the target positions is SHORT
the strat was previously run @ 2023-12-10 22:31:12 UTC, success:yes 
   and the current positions is LONG
2023-12-10 23:30:39,296
positions_future #2
2023-12-10 23:30:39,296
      symbol  positionAmt entryPrice  ... adlQuantile AUMs_account        w%
124  XRPUSDT        73.00     0.6618  ...           1        289.5  0.166840
158  ETHUSDT         0.02    2356.16  ...           1        289.5  0.162392

[2 rows x 12 columns]
2023-12-10 23:30:39,543
------------------------------
binance_account_balance
2023-12-10 23:30:39,543
  asset     balance  ... marginAvailable   updateTime
5  USDT  289.592882  ...            True  10Dec-19:34

[1 rows x 8 columns]
2023-12-10 23:30:40,226
------------------------------
open_orders
2023-12-10 23:30:40,227
Empty DataFrame
Columns: []
Index: []
2023-12-10 23:30:40,892
------------------------------
AUMS account:289

2023-12-10 23:30:40,894
--------------- compute_futures_order_book() ----------------
2023-12-10 23:30:42,472
----------------------------------------------------------------------
#2 order(s) to place
gross$: 107$ | net$: -107$
gross%: 37% | net%: -37%
 || w>0%  +0% | w<0%  -37%
----------------------------------------------------------------------
PTF Expo% 32.8% >> -8.3% (current>>target)
PTF expo $95.0 >> $-24 (current>>target)
----------------------------------------------------------------------
2023-12-10 23:30:42,474
orders_ofthe_day
2023-12-10 23:30:42,474
                  ptf_usd  target_usd  ...        bid        ask
2023-12-10 23:30                       ...                      
XRPUSDT              48.0      -12.07  ...     0.6613     0.6614
ETHUSDT              47.0        0.00  ...  2349.0600  2349.0700

[2 rows x 9 columns]
2023-12-10 23:30:44,113
binance_place_orders_peg 20231210_233044
2023-12-10 23:30:44,559
{'orderId': 46585900092, 'symbol': 'XRPUSDT', 'status': 'NEW', 'clientOrderId': 'HcIeXdhMTYFIDD1plDDoaq', 'price': '0.6616', 'avgPrice': '0.00', 'origQty': '90.8', 'executedQty': '0.0', 'cumQty': '0.0', 'cumQuote': '0.00000', 'timeInForce': 'GTC', 'type': 'LIMIT', 'reduceOnly': False, 'closePosition': False, 'side': 'SELL', 'positionSide': 'BOTH', 'stopPrice': '0.0000', 'workingType': 'CONTRACT_PRICE', 'priceProtect': False, 'origType': 'LIMIT', 'priceMatch': 'NONE', 'selfTradePreventionMode': 'NONE', 'goodTillDate': 0, 'updateTime': 1702251044446}
2023-12-10 23:30:45,005
{'orderId': 8389765633984850946, 'symbol': 'ETHUSDT', 'status': 'NEW', 'clientOrderId': '3k09eh0ewHGf4cNeQQYGcm', 'price': '2350.29', 'avgPrice': '0.00', 'origQty': '0.020', 'executedQty': '0.000', 'cumQty': '0.000', 'cumQuote': '0.00000', 'timeInForce': 'GTC', 'type': 'LIMIT', 'reduceOnly': False, 'closePosition': False, 'side': 'SELL', 'positionSide': 'BOTH', 'stopPrice': '0.00', 'workingType': 'CONTRACT_PRICE', 'priceProtect': False, 'origType': 'LIMIT', 'priceMatch': 'NONE', 'selfTradePreventionMode': 'NONE', 'goodTillDate': 0, 'updateTime': 1702251044890}
2023-12-10 23:30:46,622
update 0: filled 0 / 2 () | working 2 / 2 (-XRPUSDT,-ETHUSDT)
2023-12-10 23:30:50,622
-XRPUSDT: bp6.0|-ETHUSDT: bp5.0|
2023-12-10 23:30:51,508
update 1: filled 0 / 2 () | working 2 / 2 (-XRPUSDT,-ETHUSDT)
2023-12-10 23:30:55,509
-XRPUSDT: bp6.0|-ETHUSDT: bp5.0|
2023-12-10 23:30:56,394
update 2: filled 2 / 2 (-XRPUSDT,-ETHUSDT) | working 0 / 2 ()
