2024-08-16 18:30:48,220
ON program started 20240816 18:30:48,
US time: 20240816 14:30:48
2024-08-16 18:30:48,846
the strat is currently running @ 16-08-2024 and the target positions is LONG
2024-08-16 18:30:50,168
CURRENT STATUS IS LONG
-----
return before 14h30:
BTCUSDT+1.39%, ETHUSDT+0.92%, XRPUSDT-0.05%
-----
target alloc initial:BTCUSDT+16.67%, ETHUSDT+16.67%, XRPUSDT+16.67%
-----
alloc target x rt%<0:BTCUSDT+16.67%, ETHUSDT+16.67%, XRPUSDT+16.67%
-----
           BTCUSDT ETHUSDT XRPUSDT
w_target     16.7%   16.7%   16.7%
rt_14h30     0.01%   0.01%  -0.00%
w_target_f   16.7%   16.7%   16.7%
2024-08-16 18:30:50,170
Portfolio was rebalanced less than 2 hours ago, 15.0 hours ago
2024-08-16 18:30:50,172
Status: prev = LONG <> NEUTRAL = target
2024-08-16 18:30:50,172
the strat is currently running @ 16-08-2024 and the target positions is LONG
the strat was previously run @ 2024-08-16 03:31:10, success:yes 
   and the current positions is NEUTRAL
2024-08-16 18:30:51,335
positions_future #0
2024-08-16 18:30:51,335
Empty DataFrame
Columns: [symbol, positionAmt, entryPrice, breakEvenPrice, markPrice, unRealizedProfit, value_usd, updateTime, isolated, adlQuantile, AUMs_account, w%]
Index: []
2024-08-16 18:30:51,545
------------------------------
binance_account_balance
2024-08-16 18:30:51,545
  asset     balance  ...  marginAvailable   updateTime
4  USDT  303.630608  ...             True  15Aug-22:32

[1 rows x 8 columns]
2024-08-16 18:30:51,768
------------------------------
open_orders
2024-08-16 18:30:51,770
Empty DataFrame
Columns: []
Index: []
2024-08-16 18:30:52,379
------------------------------
AUMS account:303

2024-08-16 18:30:52,381
--------------- compute_futures_order_book() ----------------
2024-08-16 18:30:53,844
----------------------------------------------------------------------
#2 order(s) to place
gross$: 101$ | net$: +101$
gross%: 33% | net%: +33%
 || w>0%  +33% | w<0%  0%
----------------------------------------------------------------------
PTF Expo% 0.0% >> 50.0% (current>>target)
PTF expo $0.0 >> $151 (current>>target)
----------------------------------------------------------------------
2024-08-16 18:30:53,846
orders_ofthe_day
2024-08-16 18:30:53,846
                  ptf_usd  target_usd  totrd_usd  ...        bid        ask strategy
2024-08-16 18:30                                  ...                               
XRPUSDT               0.0       50.62       51.0  ...     0.5668     0.5669  STRATON
ETHUSDT               0.0       50.62       50.0  ...  2618.9900  2619.0000  STRATON

[2 rows x 10 columns]
2024-08-16 18:30:55,407
binance_place_orders_peg 20240816_183055
2024-08-16 18:30:55,816
{'orderId': 63262552746, 'symbol': 'XRPUSDT', 'status': 'NEW', 'clientOrderId': 'STRATON', 'price': '0.5665', 'avgPrice': '0.00', 'origQty': '90.0', 'executedQty': '0.0', 'cumQty': '0.0', 'cumQuote': '0.00000', 'timeInForce': 'GTC', 'type': 'LIMIT', 'reduceOnly': False, 'closePosition': False, 'side': 'BUY', 'positionSide': 'BOTH', 'stopPrice': '0.0000', 'workingType': 'CONTRACT_PRICE', 'priceProtect': False, 'origType': 'LIMIT', 'priceMatch': 'NONE', 'selfTradePreventionMode': 'NONE', 'goodTillDate': 0, 'updateTime': 1723833055712}
2024-08-16 18:30:56,229
{'orderId': 8389765716845622540, 'symbol': 'ETHUSDT', 'status': 'NEW', 'clientOrderId': 'STRATON', 'price': '2617.68', 'avgPrice': '0.00', 'origQty': '0.019', 'executedQty': '0.000', 'cumQty': '0.000', 'cumQuote': '0.00000', 'timeInForce': 'GTC', 'type': 'LIMIT', 'reduceOnly': False, 'closePosition': False, 'side': 'BUY', 'positionSide': 'BOTH', 'stopPrice': '0.00', 'workingType': 'CONTRACT_PRICE', 'priceProtect': False, 'origType': 'LIMIT', 'priceMatch': 'NONE', 'selfTradePreventionMode': 'NONE', 'goodTillDate': 0, 'updateTime': 1723833056121}
2024-08-16 18:30:57,715
update 0: filled 0 / 2 () | working 2 / 2 (+XRPUSDT,+ETHUSDT)
2024-08-16 18:31:01,716
+XRPUSDT: bp5.0|+ETHUSDT: bp4.0|
2024-08-16 18:31:02,535
update 1: filled 0 / 2 () | working 2 / 2 (+XRPUSDT,+ETHUSDT)
2024-08-16 18:31:06,536
+XRPUSDT: bp7.0|+ETHUSDT: bp3.0|
2024-08-16 18:31:07,356
update 2: filled 1 / 2 (+ETHUSDT) | working 1 / 2 (+XRPUSDT)
2024-08-16 18:31:11,357
+XRPUSDT: bp5.0|
2024-08-16 18:31:12,178
update 3: filled 1 / 2 (+ETHUSDT) | working 1 / 2 (+XRPUSDT)
2024-08-16 18:31:16,179
+XRPUSDT: bp7.0|
2024-08-16 18:31:16,997
update 4: filled 1 / 2 (+ETHUSDT) | working 1 / 2 (+XRPUSDT)
2024-08-16 18:31:20,998
+XRPUSDT: bp5.0|
2024-08-16 18:31:21,825
update 5: filled 1 / 2 (+ETHUSDT) | working 1 / 2 (+XRPUSDT)
2024-08-16 18:31:25,825
+XRPUSDT: bp7.0|
2024-08-16 18:31:26,648
update 6: filled 1 / 2 (+ETHUSDT) | working 1 / 2 (+XRPUSDT)
2024-08-16 18:31:30,649
+XRPUSDT: bp7.0|
2024-08-16 18:31:31,467
update 7: filled 1 / 2 (+ETHUSDT) | working 1 / 2 (+XRPUSDT)
2024-08-16 18:31:35,468
+XRPUSDT: bp4.0|
2024-08-16 18:31:36,285
update 8: filled 1 / 2 (+ETHUSDT) | working 1 / 2 (+XRPUSDT)
2024-08-16 18:31:40,286
+XRPUSDT: bp5.0|
2024-08-16 18:31:41,104
update 9: filled 1 / 2 (+ETHUSDT) | working 1 / 2 (+XRPUSDT)
2024-08-16 18:31:45,105
+XRPUSDT: bp11.0|
2024-08-16 18:31:45,926
update 10: filled 1 / 2 (+ETHUSDT) | working 1 / 2 (+XRPUSDT)
2024-08-16 18:31:49,927
+XRPUSDT: bp9.0|
2024-08-16 18:31:50,744
update 11: filled 1 / 2 (+ETHUSDT) | working 1 / 2 (+XRPUSDT)
2024-08-16 18:31:54,745
+XRPUSDT: bp11.0|
2024-08-16 18:31:55,562
update 12: filled 1 / 2 (+ETHUSDT) | working 1 / 2 (+XRPUSDT)
2024-08-16 18:31:59,562
+XRPUSDT: bp7.0|
2024-08-16 18:32:00,379
update 13: filled 1 / 2 (+ETHUSDT) | working 1 / 2 (+XRPUSDT)
2024-08-16 18:32:04,379
+XRPUSDT: bp5.0|
2024-08-16 18:32:05,196
update 14: filled 1 / 2 (+ETHUSDT) | working 1 / 2 (+XRPUSDT)
2024-08-16 18:32:09,197
+XRPUSDT: bp5.0|
2024-08-16 18:32:09,197
Adjustment limit #1 ... 
 we cancel current orders and replace
2024-08-16 18:32:09,197
@+/-2.5bp limit 
2024-08-16 18:32:09,197
binance_cancel_and_replace_orders_peg 20240816_183209
