2024-04-14 21:31:04,148
ON program started 20240414 21:31:04,
US time: 20240414 17:31:04
2024-04-14 21:31:04,830
the strat is currently running @ 14-04-2024 and the target positions is LONG
2024-04-14 21:31:06,268
CURRENT STATUS IS LONG
-----
return before 14h30:
BTCUSDT+0.70%, ETHUSDT+0.88%, XRPUSDT+1.21%
-----
target alloc initial:BTCUSDT+16.67%, ETHUSDT+16.67%, XRPUSDT+16.67%
-----
alloc target x rt%<0:BTCUSDT+16.67%, ETHUSDT+16.67%, XRPUSDT+16.67%
-----
           BTCUSDT ETHUSDT XRPUSDT
w_target     16.7%   16.7%   16.7%
rt_14h30     0.01%   0.01%   0.01%
w_target_f   16.7%   16.7%   16.7%
2024-04-14 21:31:06,269
Portfolio was rebalanced less than 2 hours ago, 1.0 hours ago
2024-04-14 21:31:06,271
Status: prev = LONG <> LONG = target
2024-04-14 21:31:06,271
the strat is currently running @ 14-04-2024 and the target positions is LONG
the strat was previously run @ 2024-04-14 20:31:15, success:yes 
   and the current positions is LONG
2024-04-14 21:31:07,521
positions_future #2
2024-04-14 21:31:07,521
      symbol  positionAmt entryPrice  ... adlQuantile AUMs_account        w%
161  ETHUSDT        0.015    3074.39  ...           1        276.9  0.165695
128  XRPUSDT       94.000     0.4892  ...           2        276.9  0.165460

[2 rows x 12 columns]
2024-04-14 21:31:07,633
programm stoppeddd!!! 20240414_213107
