2023-12-13 00:31:14,569
ON program started 20231213 00:31:14,
US time: 20231212 19:31:14
2023-12-13 00:31:15,101
the strat is currently running @ 13-12-2023 and the target positions is SHORT
2023-12-13 00:31:16,948
CURRENT STATUS IS SHORT, WE CHECK IF THE DAY IS A NEGATIVE ONE
-----
return before 14h30:
BTCUSDT+0.00%, ETHUSDT+0.00%, XRPUSDT+0.00%
-----
target alloc initial:BTCUSDT-4.17%, ETHUSDT+0.00%, XRPUSDT-4.17%
-----
alloc target x rt%<0:BTCUSDT-0.00%, ETHUSDT+0.00%, XRPUSDT-0.00%
-----
           BTCUSDT ETHUSDT XRPUSDT
w_target     -4.2%    0.0%   -4.2%
rt_14h30     0.00%   0.00%   0.00%
w_target_f   -0.0%    0.0%   -0.0%
2023-12-13 00:31:16,950
Portfolio was rebalanced less than 2 hours ago, 1.0 hours ago
2023-12-13 00:31:16,954
Status: prev = SHORT <> SHORT = target
2023-12-13 00:31:16,954
the strat is currently running @ 13-12-2023 and the target positions is SHORT
the strat was previously run @ 2023-12-12 23:31:06 UTC, success:? 
   and the current positions is SHORT
2023-12-13 00:31:18,202
positions_future #1
2023-12-13 00:31:18,202
      symbol  positionAmt entryPrice  ... adlQuantile AUMs_account        w%
125  XRPUSDT        -19.8     0.6204  ...           2        291.9 -0.041913

[1 rows x 12 columns]
2023-12-13 00:31:18,449
------------------------------
binance_account_balance
2023-12-13 00:31:18,449
  asset     balance  ... marginAvailable   updateTime
5  USDT  291.883334  ...            True  12Dec-23:32

[1 rows x 8 columns]
2023-12-13 00:31:18,902
------------------------------
open_orders
2023-12-13 00:31:18,902
Empty DataFrame
Columns: []
Index: []
2023-12-13 00:31:19,561
------------------------------
AUMS account:291

2023-12-13 00:31:19,563
--------------- compute_futures_order_book() ----------------
2023-12-13 00:31:21,170
----------------------------------------------------------------------
#1 order(s) to place
gross$: 12$ | net$: +12$
gross%: 4% | net%: +4%
 || w>0%  +4% | w<0%  0%
----------------------------------------------------------------------
PTF Expo% -4.1% >> 0.0% (current>>target)
PTF expo $-12.0 >> $0 (current>>target)
----------------------------------------------------------------------
2023-12-13 00:31:21,172
orders_ofthe_day
2023-12-13 00:31:21,172
                  ptf_usd  target_usd  totrd_usd  ...  posttrd_w     bid    ask
2023-12-13 00:31                                  ...                          
XRPUSDT             -12.0        -0.0       12.0  ...        0.0  0.6179  0.618

[1 rows x 9 columns]
2023-12-13 00:31:22,137
binance_place_orders_peg 20231213_003122
2023-12-13 00:31:22,633
{'orderId': 46712131492, 'symbol': 'XRPUSDT', 'status': 'NEW', 'clientOrderId': '42fKw6NdkVh8FI4NGJ4Vl8', 'price': '0.6177', 'avgPrice': '0.00', 'origQty': '19.8', 'executedQty': '0.0', 'cumQty': '0.0', 'cumQuote': '0.00000', 'timeInForce': 'GTC', 'type': 'LIMIT', 'reduceOnly': False, 'closePosition': False, 'side': 'BUY', 'positionSide': 'BOTH', 'stopPrice': '0.0000', 'workingType': 'CONTRACT_PRICE', 'priceProtect': False, 'origType': 'LIMIT', 'priceMatch': 'NONE', 'selfTradePreventionMode': 'NONE', 'goodTillDate': 0, 'updateTime': 1702427482522}
2023-12-13 00:31:23,771
update 0: filled 0 / 1 () | working 1 / 1 (+XRPUSDT)
2023-12-13 00:31:27,772
+XRPUSDT: bp3.0|
2023-12-13 00:31:28,214
update 1: filled 0 / 1 () | working 1 / 1 (+XRPUSDT)
2023-12-13 00:31:32,215
+XRPUSDT: bp8.0|
2023-12-13 00:31:32,655
update 2: filled 0 / 1 () | working 1 / 1 (+XRPUSDT)
2023-12-13 00:31:36,656
+XRPUSDT: bp8.0|
2023-12-13 00:31:37,097
update 3: filled 0 / 1 () | working 1 / 1 (+XRPUSDT)
2023-12-13 00:31:41,098
+XRPUSDT: bp10.0|
2023-12-13 00:31:41,541
update 4: filled 0 / 1 () | working 1 / 1 (+XRPUSDT)
2023-12-13 00:31:45,541
+XRPUSDT: bp10.0|
2023-12-13 00:31:45,982
update 5: filled 0 / 1 () | working 1 / 1 (+XRPUSDT)
2023-12-13 00:31:49,983
+XRPUSDT: bp11.0|
2023-12-13 00:31:50,423
update 6: filled 0 / 1 () | working 1 / 1 (+XRPUSDT)
2023-12-13 00:31:54,424
+XRPUSDT: bp10.0|
2023-12-13 00:31:54,864
update 7: filled 0 / 1 () | working 1 / 1 (+XRPUSDT)
2023-12-13 00:31:58,865
+XRPUSDT: bp13.0|
2023-12-13 00:31:59,306
update 8: filled 0 / 1 () | working 1 / 1 (+XRPUSDT)
2023-12-13 00:32:03,306
+XRPUSDT: bp8.0|
2023-12-13 00:32:03,747
update 9: filled 0 / 1 () | working 1 / 1 (+XRPUSDT)
2023-12-13 00:32:07,748
+XRPUSDT: bp6.0|
2023-12-13 00:32:08,188
update 10: filled 0 / 1 () | working 1 / 1 (+XRPUSDT)
2023-12-13 00:32:12,188
+XRPUSDT: bp8.0|
2023-12-13 00:32:12,629
update 11: filled 0 / 1 () | working 1 / 1 (+XRPUSDT)
2023-12-13 00:32:16,630
+XRPUSDT: bp8.0|
2023-12-13 00:32:17,076
update 12: filled 0 / 1 () | working 1 / 1 (+XRPUSDT)
2023-12-13 00:32:21,077
+XRPUSDT: bp6.0|
2023-12-13 00:32:21,518
update 13: filled 0 / 1 () | working 1 / 1 (+XRPUSDT)
2023-12-13 00:32:25,519
+XRPUSDT: bp8.0|
2023-12-13 00:32:25,960
update 14: filled 0 / 1 () | working 1 / 1 (+XRPUSDT)
2023-12-13 00:32:29,961
+XRPUSDT: bp10.0|
2023-12-13 00:32:29,961
Adjustment limit #1 ... 
 we cancel current orders and replace
2023-12-13 00:32:29,961
@+/-2.5bp limit 
2023-12-13 00:32:29,961
binance_cancel_and_replace_orders_peg 20231213_003229
2023-12-13 00:32:30,634
binance_place_orders_peg 20231213_003230
2023-12-13 00:32:31,083
{'orderId': 46712181643, 'symbol': 'XRPUSDT', 'status': 'NEW', 'clientOrderId': '42fKw6NdkVh8FI4NGJ4Vl8', 'price': '0.6181', 'avgPrice': '0.00', 'origQty': '19.8', 'executedQty': '0.0', 'cumQty': '0.0', 'cumQuote': '0.00000', 'timeInForce': 'GTC', 'type': 'LIMIT', 'reduceOnly': False, 'closePosition': False, 'side': 'BUY', 'positionSide': 'BOTH', 'stopPrice': '0.0000', 'workingType': 'CONTRACT_PRICE', 'priceProtect': False, 'origType': 'LIMIT', 'priceMatch': 'NONE', 'selfTradePreventionMode': 'NONE', 'goodTillDate': 0, 'updateTime': 1702427550965}
2023-12-13 00:32:31,526
update 0: filled 0 / 1 () | working 1 / 1 (+XRPUSDT)
2023-12-13 00:32:35,527
+XRPUSDT: bp3.0|
2023-12-13 00:32:35,969
update 1: filled 0 / 1 () | working 1 / 1 (+XRPUSDT)
2023-12-13 00:32:39,970
+XRPUSDT: bp5.0|
2023-12-13 00:32:40,411
update 2: filled 0 / 1 () | working 1 / 1 (+XRPUSDT)
2023-12-13 00:32:44,411
+XRPUSDT: bp6.0|
2023-12-13 00:32:44,853
update 3: filled 0 / 1 () | working 1 / 1 (+XRPUSDT)
2023-12-13 00:32:48,853
+XRPUSDT: bp6.0|
2023-12-13 00:32:49,294
update 4: filled 0 / 1 () | working 1 / 1 (+XRPUSDT)
2023-12-13 00:32:53,295
+XRPUSDT: bp6.0|
2023-12-13 00:32:53,735
update 5: filled 0 / 1 () | working 1 / 1 (+XRPUSDT)
2023-12-13 00:32:57,736
+XRPUSDT: bp6.0|
2023-12-13 00:32:58,176
update 6: filled 0 / 1 () | working 1 / 1 (+XRPUSDT)
2023-12-13 00:33:02,176
+XRPUSDT: bp5.0|
2023-12-13 00:33:02,617
update 7: filled 0 / 1 () | working 1 / 1 (+XRPUSDT)
2023-12-13 00:33:06,617
+XRPUSDT: bp5.0|
2023-12-13 00:33:07,059
update 8: filled 0 / 1 () | working 1 / 1 (+XRPUSDT)
2023-12-13 00:33:11,060
+XRPUSDT: bp6.0|
2023-12-13 00:33:11,503
update 9: filled 0 / 1 () | working 1 / 1 (+XRPUSDT)
2023-12-13 00:33:15,503
+XRPUSDT: bp8.0|
2023-12-13 00:33:15,944
update 10: filled 0 / 1 () | working 1 / 1 (+XRPUSDT)
2023-12-13 00:33:19,944
+XRPUSDT: bp6.0|
2023-12-13 00:33:20,385
update 11: filled 0 / 1 () | working 1 / 1 (+XRPUSDT)
2023-12-13 00:33:24,385
+XRPUSDT: bp5.0|
2023-12-13 00:33:24,826
update 12: filled 0 / 1 () | working 1 / 1 (+XRPUSDT)
2023-12-13 00:33:28,827
+XRPUSDT: bp5.0|
2023-12-13 00:33:29,267
update 13: filled 0 / 1 () | working 1 / 1 (+XRPUSDT)
2023-12-13 00:33:33,268
+XRPUSDT: bp3.0|
2023-12-13 00:33:33,709
update 14: filled 0 / 1 () | working 1 / 1 (+XRPUSDT)
2023-12-13 00:33:37,710
+XRPUSDT: bp5.0|
2023-12-13 00:33:37,710
Adjustment limit #2 ... 
 we cancel current orders and replace
2023-12-13 00:33:37,710
@+/-1.25bp limit 
2023-12-13 00:33:37,710
binance_cancel_and_replace_orders_peg 20231213_003337
2023-12-13 00:33:38,378
binance_place_orders_peg 20231213_003338
2023-12-13 00:33:38,825
{'orderId': 46712219900, 'symbol': 'XRPUSDT', 'status': 'NEW', 'clientOrderId': '42fKw6NdkVh8FI4NGJ4Vl8', 'price': '0.6182', 'avgPrice': '0.00', 'origQty': '19.8', 'executedQty': '0.0', 'cumQty': '0.0', 'cumQuote': '0.00000', 'timeInForce': 'GTC', 'type': 'LIMIT', 'reduceOnly': False, 'closePosition': False, 'side': 'BUY', 'positionSide': 'BOTH', 'stopPrice': '0.0000', 'workingType': 'CONTRACT_PRICE', 'priceProtect': False, 'origType': 'LIMIT', 'priceMatch': 'NONE', 'selfTradePreventionMode': 'NONE', 'goodTillDate': 0, 'updateTime': 1702427618708}
2023-12-13 00:33:39,266
update 0: filled 0 / 1 () | working 1 / 1 (+XRPUSDT)
2023-12-13 00:33:43,267
+XRPUSDT: bp3.0|
2023-12-13 00:33:43,707
update 1: filled 0 / 1 () | working 1 / 1 (+XRPUSDT)
2023-12-13 00:33:47,708
+XRPUSDT: bp3.0|
2023-12-13 00:33:48,156
update 2: filled 0 / 1 () | working 1 / 1 (+XRPUSDT)
2023-12-13 00:33:52,157
+XRPUSDT: bp2.0|
2023-12-13 00:33:52,598
update 3: filled 0 / 1 () | working 1 / 1 (+XRPUSDT)
2023-12-13 00:33:56,599
+XRPUSDT: bp5.0|
2023-12-13 00:33:57,041
update 4: filled 0 / 1 () | working 1 / 1 (+XRPUSDT)
2023-12-13 00:34:01,042
+XRPUSDT: bp5.0|
2023-12-13 00:34:01,482
update 5: filled 0 / 1 () | working 1 / 1 (+XRPUSDT)
2023-12-13 00:34:05,483
+XRPUSDT: bp6.0|
2023-12-13 00:34:05,923
update 6: filled 0 / 1 () | working 1 / 1 (+XRPUSDT)
2023-12-13 00:34:09,924
+XRPUSDT: bp5.0|
2023-12-13 00:34:10,364
update 7: filled 0 / 1 () | working 1 / 1 (+XRPUSDT)
2023-12-13 00:34:14,365
+XRPUSDT: bp5.0|
2023-12-13 00:34:14,806
update 8: filled 0 / 1 () | working 1 / 1 (+XRPUSDT)
2023-12-13 00:34:18,806
+XRPUSDT: bp5.0|
2023-12-13 00:34:19,246
update 9: filled 0 / 1 () | working 1 / 1 (+XRPUSDT)
2023-12-13 00:34:23,247
+XRPUSDT: bp3.0|
2023-12-13 00:34:23,688
update 10: filled 0 / 1 () | working 1 / 1 (+XRPUSDT)
2023-12-13 00:34:27,688
+XRPUSDT: bp5.0|
2023-12-13 00:34:28,128
update 11: filled 0 / 1 () | working 1 / 1 (+XRPUSDT)
2023-12-13 00:34:32,129
+XRPUSDT: bp5.0|
2023-12-13 00:34:32,570
update 12: filled 0 / 1 () | working 1 / 1 (+XRPUSDT)
2023-12-13 00:34:36,570
+XRPUSDT: bp2.0|
2023-12-13 00:34:37,011
update 13: filled 1 / 1 (+XRPUSDT) | working 0 / 1 ()
