2023-12-24 20:30:45,299
ON program started 20231224 20:30:45,
US time: 20231224 15:30:45
2023-12-24 20:30:45,776
the strat is currently running @ 24-12-2023 and the target positions is LONG
2023-12-24 20:30:47,198
CURRENT STATUS IS LONG
-----
return before 14h30:
BTCUSDT-0.31%, ETHUSDT-0.75%, XRPUSDT+0.26%
-----
target alloc initial:BTCUSDT+16.67%, ETHUSDT+16.67%, XRPUSDT+16.67%
-----
alloc target x rt%<0:BTCUSDT+16.67%, ETHUSDT+16.67%, XRPUSDT+16.67%
-----
           BTCUSDT ETHUSDT XRPUSDT
w_target     16.7%   16.7%   16.7%
rt_14h30    -0.00%  -0.01%   0.00%
w_target_f   16.7%   16.7%   16.7%
2023-12-24 20:30:47,199
Portfolio was rebalanced less than 2 hours ago, 1.0 hours ago
2023-12-24 20:30:47,202
Status: prev = LONG <> LONG = target
2023-12-24 20:30:47,202
the strat is currently running @ 24-12-2023 and the target positions is LONG
the strat was previously run @ 2023-12-24 19:31:07 UTC, success:? 
   and the current positions is LONG
2023-12-24 20:30:48,437
positions_future #2
2023-12-24 20:30:48,437
      symbol  positionAmt entryPrice  ... adlQuantile AUMs_account        w%
108  XRPUSDT       78.600     0.6235  ...           1        292.5  0.167947
135  ETHUSDT        0.021    2293.93  ...           1        292.5  0.163930

[2 rows x 12 columns]
2023-12-24 20:30:48,687
------------------------------
binance_account_balance
2023-12-24 20:30:48,688
  asset     balance  ...  marginAvailable   updateTime
5  USDT  292.607303  ...             True  24Dec-19:32

[1 rows x 8 columns]
2023-12-24 20:30:49,364
------------------------------
open_orders
2023-12-24 20:30:49,364
Empty DataFrame
Columns: []
Index: []
2023-12-24 20:30:50,027
------------------------------
AUMS account:292

2023-12-24 20:30:50,029
--------------- compute_futures_order_book() ----------------
2023-12-24 20:30:51,595
----------------------------------------------------------------------
#0 order(s) to place
gross$: 0$ | net$: +0$
gross%: 0% | net%: +0%
 || w>0%  +0% | w<0%  0%
----------------------------------------------------------------------
PTF Expo% 33.1% >> 50.0% (current>>target)
PTF expo $97.0 >> $146 (current>>target)
----------------------------------------------------------------------
2023-12-24 20:30:51,607
orders_ofthe_day
2023-12-24 20:30:51,607
Empty DataFrame
Columns: [ptf_usd, target_usd, totrd_usd, posttrd_usd, qty, posttrd_qty, posttrd_w, bid, ask]
Index: []
2023-12-24 20:30:51,688
Orders of the day is empty, current and target potfolios are aligned
2023-12-24 20:30:51,699
Program stopped
