2024-04-29 20:30:49,086
ON program started 20240429 20:30:49,
US time: 20240429 16:30:49
2024-04-29 20:30:50,308
the strat is currently running @ 29-04-2024 and the target positions is LONG
2024-04-29 20:30:51,755
CURRENT STATUS IS LONG
-----
return before 14h30:
BTCUSDT-1.75%, ETHUSDT-4.04%, XRPUSDT-0.88%
-----
target alloc initial:BTCUSDT+16.67%, ETHUSDT+16.67%, XRPUSDT+16.67%
-----
alloc target x rt%<0:BTCUSDT+16.67%, ETHUSDT+16.67%, XRPUSDT+16.67%
-----
           BTCUSDT ETHUSDT XRPUSDT
w_target     16.7%   16.7%   16.7%
rt_14h30    -0.02%  -0.04%  -0.01%
w_target_f   16.7%   16.7%   16.7%
2024-04-29 20:30:51,756
Portfolio was rebalanced less than 2 hours ago, 1.0 hours ago
2024-04-29 20:30:51,759
Status: prev = LONG <> LONG = target
2024-04-29 20:30:51,759
the strat is currently running @ 29-04-2024 and the target positions is LONG
the strat was previously run @ 2024-04-29 19:30:59, success:yes 
   and the current positions is LONG
2024-04-29 20:30:53,038
positions_future #2
2024-04-29 20:30:53,039
      symbol  positionAmt entryPrice  ... adlQuantile AUMs_account        w%
164  ETHUSDT        0.015    3169.08  ...           2        280.6  0.169928
131  XRPUSDT       91.400     0.5139  ...           3        280.6  0.167611

[2 rows x 12 columns]
2024-04-29 20:30:53,157
programm stoppeddd!!! 20240429_203053
