2024-07-13 02:30:53,741
ON program started 20240713 02:30:53,
US time: 20240712 22:30:53
2024-07-13 02:30:54,484
the strat is currently running @ 13-07-2024 and the target positions is NEUTRAL
2024-07-13 02:30:55,797
CURRENT STATUS IS NEUTRAL
-----
return before 14h30:
BTCUSDT-0.05%, ETHUSDT-0.26%, XRPUSDT+1.12%
-----
target alloc initial:BTCUSDT+0.00%, ETHUSDT+0.00%, XRPUSDT+0.00%
-----
alloc target x rt%<0:BTCUSDT+0.00%, ETHUSDT+0.00%, XRPUSDT+0.00%
-----
           BTCUSDT ETHUSDT XRPUSDT
w_target      0.0%    0.0%    0.0%
rt_14h30    -0.00%  -0.00%   0.01%
w_target_f    0.0%    0.0%    0.0%
2024-07-13 02:30:55,798
Portfolio was rebalanced less than 2 hours ago, 1.0 hours ago
2024-07-13 02:30:55,800
Status: prev = NEUTRAL <> SHORT = target
2024-07-13 02:30:55,800
the strat is currently running @ 13-07-2024 and the target positions is NEUTRAL
the strat was previously run @ 2024-07-13 01:31:06, success:yes 
   and the current positions is SHORT
2024-07-13 02:30:56,922
positions_future #0
2024-07-13 02:30:56,922
Empty DataFrame
Columns: [symbol, positionAmt, entryPrice, breakEvenPrice, markPrice, unRealizedProfit, value_usd, updateTime, isolated, adlQuantile, AUMs_account, w%]
Index: []
2024-07-13 02:30:57,131
------------------------------
binance_account_balance
2024-07-13 02:30:57,131
  asset     balance  ...  marginAvailable   updateTime
4  USDT  293.084581  ...             True  12Jul-22:37

[1 rows x 8 columns]
2024-07-13 02:30:57,350
------------------------------
open_orders
2024-07-13 02:30:57,350
Empty DataFrame
Columns: []
Index: []
2024-07-13 02:30:57,958
------------------------------
AUMS account:293

2024-07-13 02:30:57,960
--------------- compute_futures_order_book() ----------------
2024-07-13 02:30:59,409
----------------------------------------------------------------------
#0 order(s) to place
gross$: 0$ | net$: +0$
gross%: 0% | net%: +0%
 || w>0%  +0% | w<0%  0%
----------------------------------------------------------------------
PTF Expo% 0.0% >> 0.0% (current>>target)
PTF expo $0.0 >> $0 (current>>target)
----------------------------------------------------------------------
2024-07-13 02:30:59,411
orders_ofthe_day
2024-07-13 02:30:59,411
Empty DataFrame
Columns: [ptf_usd, target_usd, totrd_usd, posttrd_usd, qty, posttrd_qty, posttrd_w, bid, ask, strategy]
Index: []
2024-07-13 02:30:59,470
Orders of the day is empty, current and target potfolios are aligned
2024-07-13 02:30:59,470
Program stopped
