2024-07-31 19:30:40,556
ON program started 20240731 19:30:40,
US time: 20240731 15:30:40
2024-07-31 19:30:41,037
the strat is currently running @ 31-07-2024 and the target positions is LONG
2024-07-31 19:30:42,351
CURRENT STATUS IS LONG
-----
return before 14h30:
BTCUSDT+0.48%, ETHUSDT+1.60%, XRPUSDT+3.42%
-----
target alloc initial:BTCUSDT+16.67%, ETHUSDT+16.67%, XRPUSDT+16.67%
-----
alloc target x rt%<0:BTCUSDT+16.67%, ETHUSDT+16.67%, XRPUSDT+16.67%
-----
           BTCUSDT ETHUSDT XRPUSDT
w_target     16.7%   16.7%   16.7%
rt_14h30     0.00%   0.02%   0.03%
w_target_f   16.7%   16.7%   16.7%
2024-07-31 19:30:42,352
Portfolio was rebalanced less than 2 hours ago, 1.0 hours ago
2024-07-31 19:30:42,354
Status: prev = LONG <> LONG = target
2024-07-31 19:30:42,354
the strat is currently running @ 31-07-2024 and the target positions is LONG
the strat was previously run @ 2024-07-31 18:30:33, success:? 
   and the current positions is LONG
2024-07-31 19:30:43,483
positions_future #2
2024-07-31 19:30:43,483
      symbol  positionAmt entryPrice  ... adlQuantile AUMs_account        w%
165  ETHUSDT        0.015     3306.3  ...           1        291.9  0.168104
130  XRPUSDT       76.500     0.6418  ...           1        291.9  0.167542

[2 rows x 12 columns]
2024-07-31 19:30:43,709
------------------------------
binance_account_balance
2024-07-31 19:30:43,709
  asset     balance  ...  marginAvailable   updateTime
4  USDT  292.590344  ...             True  31Jul-18:33

[1 rows x 8 columns]
2024-07-31 19:30:44,340
------------------------------
open_orders
2024-07-31 19:30:44,340
Empty DataFrame
Columns: []
Index: []
2024-07-31 19:30:44,953
------------------------------
AUMS account:291

2024-07-31 19:30:44,955
--------------- compute_futures_order_book() ----------------
2024-07-31 19:30:46,413
----------------------------------------------------------------------
#0 order(s) to place
gross$: 0$ | net$: +0$
gross%: 0% | net%: +0%
 || w>0%  +0% | w<0%  0%
----------------------------------------------------------------------
PTF Expo% 33.5% >> 50.0% (current>>target)
PTF expo $98.0 >> $145 (current>>target)
----------------------------------------------------------------------
2024-07-31 19:30:46,414
orders_ofthe_day
2024-07-31 19:30:46,414
Empty DataFrame
Columns: [ptf_usd, target_usd, totrd_usd, posttrd_usd, qty, posttrd_qty, posttrd_w, bid, ask, strategy]
Index: []
2024-07-31 19:30:46,485
Orders of the day is empty, current and target potfolios are aligned
2024-07-31 19:30:46,485
Program stopped
