2023-10-30 22:31:07,492
ON program started 20231030 22:31:07,
US time: 20231030 18:31:07
2023-10-30 22:31:07,901
the strat is currently running @ 30-10-2023 and the target positions is SHORT
2023-10-30 22:31:09,287
CURRENT STATUS IS SHORT, WE CHECK IF THE DAY IS A NEGATIVE ONE
-----
return before 14h30:
BTCUSDT+0.11%, ETHUSDT+0.80%, XRPUSDT+4.29%
-----
target alloc initial:BTCUSDT-4.17%, ETHUSDT+0.00%, XRPUSDT-4.17%
-----
alloc target x rt%<0:BTCUSDT-0.00%, ETHUSDT+0.00%, XRPUSDT-0.00%
-----
           BTCUSDT ETHUSDT XRPUSDT
w_target     -4.2%    0.0%   -4.2%
rt_14h30     0.00%   0.01%   0.04%
w_target_f   -0.0%    0.0%   -0.0%
2023-10-30 22:31:09,289
Portfolio was rebalanced less than 2 hours ago, 1.0 hours ago
2023-10-30 22:31:09,291
Status: prev = SHORT <> LONG = target
2023-10-30 22:31:09,291
the strat is currently running @ 30-10-2023 and the target positions is SHORT
the strat was previously run @ 2023-10-30 21:30:50 UTC, success:yes 
   and the current positions is LONG
2023-10-30 22:31:10,446
positions_future #3
2023-10-30 22:31:10,446
      symbol  positionAmt entryPrice  ... adlQuantile AUMs_account        w%
121  XRPUSDT       82.200     0.5777  ...           1        285.4  0.166381
151  ETHUSDT        0.026    1800.54  ...           2        285.4  0.164802
244  BTCUSDT        0.001    34329.3  ...           2        285.4  0.120755

[3 rows x 12 columns]
2023-10-30 22:31:10,688
------------------------------
binance_account_balance
2023-10-30 22:31:10,688
  asset    balance  ... marginAvailable   updateTime
5  USDT  285.05272  ...            True  30Oct-18:36

[1 rows x 8 columns]
2023-10-30 22:31:11,580
------------------------------
open_orders
2023-10-30 22:31:11,580
                                      0  ...                           2
symbol                          XRPUSDT  ...                     BTCUSDT
status                              NEW  ...                         NEW
price                                 0  ...                           0
avgPrice                              0  ...                           0
origQty                            82.2  ...                       0.001
executedQty                           0  ...                           0
type                        STOP_MARKET  ...                 STOP_MARKET
side                               SELL  ...                        SELL
stopPrice                        0.5499  ...                    32614.80
time         2023-10-30 18:36:21.484000  ...  2023-10-30 18:36:22.357000
updateTime   2023-10-30 18:36:21.484000  ...  2023-10-30 18:36:22.357000

[11 rows x 3 columns]
2023-10-30 22:31:14,917
------------------------------
AUMS account:285

2023-10-30 22:31:14,919
--------------- compute_futures_order_book() ----------------
2023-10-30 22:31:16,477
----------------------------------------------------------------------
#3 order(s) to place
gross$: 129$ | net$: -129$
gross%: 45% | net%: -45%
 || w>0%  +0% | w<0%  -45%
----------------------------------------------------------------------
PTF Expo% 45.1% >> 0.0% (current>>target)
PTF expo $129.0 >> $0 (current>>target)
----------------------------------------------------------------------
2023-10-30 22:31:16,479
orders_ofthe_day
2023-10-30 22:31:16,479
                  ptf_usd  target_usd  ...        bid         ask
2023-10-30 22:31                       ...                       
XRPUSDT              48.0        -0.0  ...      0.578      0.5781
ETHUSDT              47.0         0.0  ...   1809.750   1809.7600
BTCUSDT              34.0        -0.0  ...  34476.200  34476.3000

[3 rows x 9 columns]
2023-10-30 22:31:17,969
binance_place_orders_peg 20231030_223117
2023-10-30 22:31:18,405
{'orderId': 43995719613, 'symbol': 'XRPUSDT', 'status': 'NEW', 'clientOrderId': 'bf7f4jQIs0XWQZfXWt9UWW', 'price': '0.5784', 'avgPrice': '0.00', 'origQty': '82.2', 'executedQty': '0.0', 'cumQty': '0.0', 'cumQuote': '0.00000', 'timeInForce': 'GTC', 'type': 'LIMIT', 'reduceOnly': False, 'closePosition': False, 'side': 'SELL', 'positionSide': 'BOTH', 'stopPrice': '0.0000', 'workingType': 'CONTRACT_PRICE', 'priceProtect': False, 'origType': 'LIMIT', 'priceMatch': 'NONE', 'selfTradePreventionMode': 'NONE', 'goodTillDate': 0, 'updateTime': 1698705078295}
2023-10-30 22:31:18,844
{'orderId': 8389765624402547592, 'symbol': 'ETHUSDT', 'status': 'NEW', 'clientOrderId': 'gyuw0hQlQHK599mFfe24nx', 'price': '1810.70', 'avgPrice': '0.00', 'origQty': '0.026', 'executedQty': '0.000', 'cumQty': '0.000', 'cumQuote': '0.00000', 'timeInForce': 'GTC', 'type': 'LIMIT', 'reduceOnly': False, 'closePosition': False, 'side': 'SELL', 'positionSide': 'BOTH', 'stopPrice': '0.00', 'workingType': 'CONTRACT_PRICE', 'priceProtect': False, 'origType': 'LIMIT', 'priceMatch': 'NONE', 'selfTradePreventionMode': 'NONE', 'goodTillDate': 0, 'updateTime': 1698705078732}
2023-10-30 22:31:19,281
{'orderId': 204828627734, 'symbol': 'BTCUSDT', 'status': 'NEW', 'clientOrderId': 'nEB4NNntrFmmqru2kKy5mt', 'price': '34497.00', 'avgPrice': '0.00', 'origQty': '0.001', 'executedQty': '0.000', 'cumQty': '0.000', 'cumQuote': '0.00000', 'timeInForce': 'GTC', 'type': 'LIMIT', 'reduceOnly': False, 'closePosition': False, 'side': 'SELL', 'positionSide': 'BOTH', 'stopPrice': '0.00', 'workingType': 'CONTRACT_PRICE', 'priceProtect': False, 'origType': 'LIMIT', 'priceMatch': 'NONE', 'selfTradePreventionMode': 'NONE', 'goodTillDate': 0, 'updateTime': 1698705079173}
2023-10-30 22:31:20,596
update 0: filled 0 / 3 () | working 3 / 3 (-XRPUSDT,-ETHUSDT,-BTCUSDT)
2023-10-30 22:31:24,597
-XRPUSDT: bp5.0|-ETHUSDT: bp5.0|-BTCUSDT: bp6.0|
2023-10-30 22:31:25,905
update 1: filled 0 / 3 () | working 3 / 3 (-XRPUSDT,-ETHUSDT,-BTCUSDT)
2023-10-30 22:31:29,906
-XRPUSDT: bp5.0|-ETHUSDT: bp5.0|-BTCUSDT: bp5.0|
2023-10-30 22:31:31,215
update 2: filled 0 / 3 () | working 3 / 3 (-XRPUSDT,-ETHUSDT,-BTCUSDT)
2023-10-30 22:31:35,215
-XRPUSDT: bp2.0|-ETHUSDT: bp4.0|-BTCUSDT: bp4.0|
2023-10-30 22:31:36,527
update 3: filled 0 / 3 () | working 3 / 3 (-XRPUSDT,-ETHUSDT,-BTCUSDT)
2023-10-30 22:31:40,528
-XRPUSDT: bp5.0|-ETHUSDT: bp11.0|-BTCUSDT: bp8.0|
2023-10-30 22:31:41,837
update 4: filled 0 / 3 () | working 3 / 3 (-XRPUSDT,-ETHUSDT,-BTCUSDT)
2023-10-30 22:31:45,837
-XRPUSDT: bp5.0|-ETHUSDT: bp11.0|-BTCUSDT: bp8.0|
2023-10-30 22:31:47,145
update 5: filled 0 / 3 () | working 3 / 3 (-XRPUSDT,-ETHUSDT,-BTCUSDT)
2023-10-30 22:31:51,146
-XRPUSDT: bp7.0|-ETHUSDT: bp10.0|-BTCUSDT: bp8.0|
2023-10-30 22:31:52,454
update 6: filled 1 / 3 (-ETHUSDT) | working 2 / 3 (-XRPUSDT,-BTCUSDT)
2023-10-30 22:31:56,455
-XRPUSDT: bp5.0|-BTCUSDT: bp8.0|
2023-10-30 22:31:57,767
update 7: filled 1 / 3 (-ETHUSDT) | working 2 / 3 (-XRPUSDT,-BTCUSDT)
2023-10-30 22:32:01,767
-XRPUSDT: bp5.0|-BTCUSDT: bp6.0|
2023-10-30 22:32:03,078
update 8: filled 1 / 3 (-ETHUSDT) | working 2 / 3 (-XRPUSDT,-BTCUSDT)
2023-10-30 22:32:07,079
-XRPUSDT: bp0.0|-BTCUSDT: bp6.0|
2023-10-30 22:32:08,386
update 9: filled 2 / 3 (-XRPUSDT,-ETHUSDT) | working 1 / 3 (-BTCUSDT)
2023-10-30 22:32:12,387
-BTCUSDT: bp5.0|
2023-10-30 22:32:13,695
update 10: filled 2 / 3 (-XRPUSDT,-ETHUSDT) | working 1 / 3 (-BTCUSDT)
2023-10-30 22:32:17,696
-BTCUSDT: bp5.0|
2023-10-30 22:32:19,005
update 11: filled 2 / 3 (-XRPUSDT,-ETHUSDT) | working 1 / 3 (-BTCUSDT)
2023-10-30 22:32:23,006
-BTCUSDT: bp5.0|
2023-10-30 22:32:24,317
update 12: filled 2 / 3 (-XRPUSDT,-ETHUSDT) | working 1 / 3 (-BTCUSDT)
2023-10-30 22:32:28,318
-BTCUSDT: bp5.0|
2023-10-30 22:32:29,626
update 13: filled 2 / 3 (-XRPUSDT,-ETHUSDT) | working 1 / 3 (-BTCUSDT)
2023-10-30 22:32:33,626
-BTCUSDT: bp5.0|
2023-10-30 22:32:34,935
update 14: filled 2 / 3 (-XRPUSDT,-ETHUSDT) | working 1 / 3 (-BTCUSDT)
2023-10-30 22:32:38,936
-BTCUSDT: bp5.0|
2023-10-30 22:32:38,936
Adjustment limit #1 ... 
 we cancel current orders and replace
2023-10-30 22:32:38,936
@+/-2.5bp limit 
2023-10-30 22:32:38,936
binance_cancel_and_replace_orders_peg 20231030_223238
2023-10-30 22:32:40,919
binance_place_orders_peg 20231030_223240
2023-10-30 22:32:41,358
{'orderId': 204828818758, 'symbol': 'BTCUSDT', 'status': 'NEW', 'clientOrderId': 'nDGnhoq9YPFs587RLxQAQL', 'price': '34487.70', 'avgPrice': '0.00', 'origQty': '0.001', 'executedQty': '0.000', 'cumQty': '0.000', 'cumQuote': '0.00000', 'timeInForce': 'GTC', 'type': 'LIMIT', 'reduceOnly': False, 'closePosition': False, 'side': 'SELL', 'positionSide': 'BOTH', 'stopPrice': '0.00', 'workingType': 'CONTRACT_PRICE', 'priceProtect': False, 'origType': 'LIMIT', 'priceMatch': 'NONE', 'selfTradePreventionMode': 'NONE', 'goodTillDate': 0, 'updateTime': 1698705161247}
2023-10-30 22:32:42,668
update 0: filled 2 / 3 (-XRPUSDT,-ETHUSDT) | working 1 / 3 (-BTCUSDT)
2023-10-30 22:32:46,669
-BTCUSDT: bp2.0|
2023-10-30 22:32:47,978
update 1: filled 2 / 3 (-XRPUSDT,-ETHUSDT) | working 1 / 3 (-BTCUSDT)
2023-10-30 22:32:51,978
-BTCUSDT: bp2.0|
2023-10-30 22:32:53,287
update 2: filled 2 / 3 (-XRPUSDT,-ETHUSDT) | working 1 / 3 (-BTCUSDT)
2023-10-30 22:32:57,288
-BTCUSDT: bp2.0|
2023-10-30 22:32:58,594
update 3: filled 2 / 3 (-XRPUSDT,-ETHUSDT) | working 1 / 3 (-BTCUSDT)
2023-10-30 22:33:02,595
-BTCUSDT: bp3.0|
2023-10-30 22:33:03,902
update 4: filled 2 / 3 (-XRPUSDT,-ETHUSDT) | working 1 / 3 (-BTCUSDT)
2023-10-30 22:33:07,903
-BTCUSDT: bp2.0|
2023-10-30 22:33:09,211
update 5: filled 2 / 3 (-XRPUSDT,-ETHUSDT) | working 1 / 3 (-BTCUSDT)
2023-10-30 22:33:13,212
-BTCUSDT: bp3.0|
2023-10-30 22:33:14,521
update 6: filled 2 / 3 (-XRPUSDT,-ETHUSDT) | working 1 / 3 (-BTCUSDT)
2023-10-30 22:33:18,522
-BTCUSDT: bp6.0|
2023-10-30 22:33:19,829
update 7: filled 2 / 3 (-XRPUSDT,-ETHUSDT) | working 1 / 3 (-BTCUSDT)
2023-10-30 22:33:23,830
-BTCUSDT: bp6.0|
2023-10-30 22:33:25,137
update 8: filled 2 / 3 (-XRPUSDT,-ETHUSDT) | working 1 / 3 (-BTCUSDT)
2023-10-30 22:33:29,138
-BTCUSDT: bp6.0|
2023-10-30 22:33:30,447
update 9: filled 2 / 3 (-XRPUSDT,-ETHUSDT) | working 1 / 3 (-BTCUSDT)
2023-10-30 22:33:34,448
-BTCUSDT: bp6.0|
2023-10-30 22:33:35,761
update 10: filled 2 / 3 (-XRPUSDT,-ETHUSDT) | working 1 / 3 (-BTCUSDT)
2023-10-30 22:33:39,762
-BTCUSDT: bp6.0|
2023-10-30 22:33:41,072
update 11: filled 2 / 3 (-XRPUSDT,-ETHUSDT) | working 1 / 3 (-BTCUSDT)
2023-10-30 22:33:45,073
-BTCUSDT: bp6.0|
2023-10-30 22:33:46,380
update 12: filled 2 / 3 (-XRPUSDT,-ETHUSDT) | working 1 / 3 (-BTCUSDT)
2023-10-30 22:33:50,381
-BTCUSDT: bp6.0|
2023-10-30 22:33:51,688
update 13: filled 2 / 3 (-XRPUSDT,-ETHUSDT) | working 1 / 3 (-BTCUSDT)
2023-10-30 22:33:55,689
-BTCUSDT: bp6.0|
2023-10-30 22:33:56,997
update 14: filled 2 / 3 (-XRPUSDT,-ETHUSDT) | working 1 / 3 (-BTCUSDT)
2023-10-30 22:34:00,997
-BTCUSDT: bp7.0|
2023-10-30 22:34:00,998
Adjustment limit #2 ... 
 we cancel current orders and replace
2023-10-30 22:34:00,998
@+/-1.25bp limit 
2023-10-30 22:34:00,998
binance_cancel_and_replace_orders_peg 20231030_223400
2023-10-30 22:34:02,981
binance_place_orders_peg 20231030_223402
2023-10-30 22:34:03,418
{'orderId': 204828943031, 'symbol': 'BTCUSDT', 'status': 'NEW', 'clientOrderId': 'OCUqScijiOOCAG0ABhz9bR', 'price': '34469.40', 'avgPrice': '0.00', 'origQty': '0.001', 'executedQty': '0.000', 'cumQty': '0.000', 'cumQuote': '0.00000', 'timeInForce': 'GTC', 'type': 'LIMIT', 'reduceOnly': False, 'closePosition': False, 'side': 'SELL', 'positionSide': 'BOTH', 'stopPrice': '0.00', 'workingType': 'CONTRACT_PRICE', 'priceProtect': False, 'origType': 'LIMIT', 'priceMatch': 'NONE', 'selfTradePreventionMode': 'NONE', 'goodTillDate': 0, 'updateTime': 1698705243307}
2023-10-30 22:34:04,726
update 0: filled 2 / 3 (-XRPUSDT,-ETHUSDT) | working 1 / 3 (-BTCUSDT)
2023-10-30 22:34:08,726
-BTCUSDT: bp1.0|
2023-10-30 22:34:10,035
update 1: filled 2 / 3 (-XRPUSDT,-ETHUSDT) | working 1 / 3 (-BTCUSDT)
2023-10-30 22:34:14,036
-BTCUSDT: bp1.0|
2023-10-30 22:34:15,344
update 2: filled 2 / 3 (-XRPUSDT,-ETHUSDT) | working 1 / 3 (-BTCUSDT)
2023-10-30 22:34:19,345
-BTCUSDT: bp1.0|
2023-10-30 22:34:20,654
update 3: filled 2 / 3 (-XRPUSDT,-ETHUSDT) | working 1 / 3 (-BTCUSDT)
2023-10-30 22:34:24,654
-BTCUSDT: bp1.0|
2023-10-30 22:34:25,962
update 4: filled 2 / 3 (-XRPUSDT,-ETHUSDT) | working 1 / 3 (-BTCUSDT)
2023-10-30 22:34:29,963
-BTCUSDT: bp1.0|
2023-10-30 22:34:31,272
update 5: filled 2 / 3 (-XRPUSDT,-ETHUSDT) | working 1 / 3 (-BTCUSDT)
2023-10-30 22:34:35,273
-BTCUSDT: bp1.0|
2023-10-30 22:34:36,580
update 6: filled 2 / 3 (-XRPUSDT,-ETHUSDT) | working 1 / 3 (-BTCUSDT)
2023-10-30 22:34:40,581
-BTCUSDT: bp1.0|
2023-10-30 22:34:41,888
update 7: filled 2 / 3 (-XRPUSDT,-ETHUSDT) | working 1 / 3 (-BTCUSDT)
2023-10-30 22:34:45,889
-BTCUSDT: bp1.0|
2023-10-30 22:34:47,196
update 8: filled 2 / 3 (-XRPUSDT,-ETHUSDT) | working 1 / 3 (-BTCUSDT)
2023-10-30 22:34:51,197
-BTCUSDT: bp1.0|
2023-10-30 22:34:52,503
update 9: filled 2 / 3 (-XRPUSDT,-ETHUSDT) | working 1 / 3 (-BTCUSDT)
2023-10-30 22:34:56,504
-BTCUSDT: bp1.0|
2023-10-30 22:34:57,814
update 10: filled 2 / 3 (-XRPUSDT,-ETHUSDT) | working 1 / 3 (-BTCUSDT)
2023-10-30 22:35:01,815
-BTCUSDT: bp1.0|
2023-10-30 22:35:03,123
update 11: filled 2 / 3 (-XRPUSDT,-ETHUSDT) | working 1 / 3 (-BTCUSDT)
2023-10-30 22:35:07,124
-BTCUSDT: bp1.0|
2023-10-30 22:35:08,437
update 12: filled 2 / 3 (-XRPUSDT,-ETHUSDT) | working 1 / 3 (-BTCUSDT)
2023-10-30 22:35:12,437
-BTCUSDT: bp1.0|
2023-10-30 22:35:13,745
update 13: filled 2 / 3 (-XRPUSDT,-ETHUSDT) | working 1 / 3 (-BTCUSDT)
2023-10-30 22:35:17,745
-BTCUSDT: bp1.0|
2023-10-30 22:35:19,056
update 14: filled 2 / 3 (-XRPUSDT,-ETHUSDT) | working 1 / 3 (-BTCUSDT)
2023-10-30 22:35:23,056
-BTCUSDT: bp1.0|
2023-10-30 22:35:23,056
Adjustment limit #3 ... 
 we cancel current orders and replace
2023-10-30 22:35:23,056
@+/-0.625bp limit 
2023-10-30 22:35:23,057
binance_cancel_and_replace_orders_peg 20231030_223523
2023-10-30 22:35:25,031
binance_place_orders_peg 20231030_223525
2023-10-30 22:35:25,472
{'orderId': 204829046361, 'symbol': 'BTCUSDT', 'status': 'NEW', 'clientOrderId': 'gVX6j3afUjm5J3iRJ72Z2Q', 'price': '34469.40', 'avgPrice': '0.00', 'origQty': '0.001', 'executedQty': '0.000', 'cumQty': '0.000', 'cumQuote': '0.00000', 'timeInForce': 'GTC', 'type': 'LIMIT', 'reduceOnly': False, 'closePosition': False, 'side': 'SELL', 'positionSide': 'BOTH', 'stopPrice': '0.00', 'workingType': 'CONTRACT_PRICE', 'priceProtect': False, 'origType': 'LIMIT', 'priceMatch': 'NONE', 'selfTradePreventionMode': 'NONE', 'goodTillDate': 0, 'updateTime': 1698705325358}
2023-10-30 22:35:26,780
update 0: filled 2 / 3 (-XRPUSDT,-ETHUSDT) | working 1 / 3 (-BTCUSDT)
2023-10-30 22:35:30,780
-BTCUSDT: bp1.0|
2023-10-30 22:35:32,090
update 1: filled 2 / 3 (-XRPUSDT,-ETHUSDT) | working 1 / 3 (-BTCUSDT)
2023-10-30 22:35:36,090
-BTCUSDT: bp1.0|
2023-10-30 22:35:37,398
update 2: filled 2 / 3 (-XRPUSDT,-ETHUSDT) | working 1 / 3 (-BTCUSDT)
2023-10-30 22:35:41,399
-BTCUSDT: bp1.0|
2023-10-30 22:35:42,710
update 3: filled 2 / 3 (-XRPUSDT,-ETHUSDT) | working 1 / 3 (-BTCUSDT)
2023-10-30 22:35:46,711
-BTCUSDT: bp1.0|
2023-10-30 22:35:48,020
update 4: filled 2 / 3 (-XRPUSDT,-ETHUSDT) | working 1 / 3 (-BTCUSDT)
2023-10-30 22:35:52,021
-BTCUSDT: bp2.0|
2023-10-30 22:35:53,329
update 5: filled 2 / 3 (-XRPUSDT,-ETHUSDT) | working 1 / 3 (-BTCUSDT)
2023-10-30 22:35:57,330
-BTCUSDT: bp2.0|
2023-10-30 22:35:58,640
update 6: filled 2 / 3 (-XRPUSDT,-ETHUSDT) | working 1 / 3 (-BTCUSDT)
2023-10-30 22:36:02,640
-BTCUSDT: bp2.0|
2023-10-30 22:36:03,950
update 7: filled 2 / 3 (-XRPUSDT,-ETHUSDT) | working 1 / 3 (-BTCUSDT)
2023-10-30 22:36:07,951
-BTCUSDT: bp2.0|
2023-10-30 22:36:09,263
update 8: filled 2 / 3 (-XRPUSDT,-ETHUSDT) | working 1 / 3 (-BTCUSDT)
2023-10-30 22:36:13,263
-BTCUSDT: bp3.0|
2023-10-30 22:36:14,572
update 9: filled 2 / 3 (-XRPUSDT,-ETHUSDT) | working 1 / 3 (-BTCUSDT)
2023-10-30 22:36:18,573
-BTCUSDT: bp3.0|
2023-10-30 22:36:19,884
update 10: filled 2 / 3 (-XRPUSDT,-ETHUSDT) | working 1 / 3 (-BTCUSDT)
2023-10-30 22:36:23,885
-BTCUSDT: bp3.0|
2023-10-30 22:36:25,195
update 11: filled 2 / 3 (-XRPUSDT,-ETHUSDT) | working 1 / 3 (-BTCUSDT)
2023-10-30 22:36:29,196
-BTCUSDT: bp3.0|
2023-10-30 22:36:30,505
update 12: filled 2 / 3 (-XRPUSDT,-ETHUSDT) | working 1 / 3 (-BTCUSDT)
2023-10-30 22:36:34,506
-BTCUSDT: bp3.0|
2023-10-30 22:36:35,815
update 13: filled 2 / 3 (-XRPUSDT,-ETHUSDT) | working 1 / 3 (-BTCUSDT)
2023-10-30 22:36:39,816
-BTCUSDT: bp3.0|
2023-10-30 22:36:41,127
update 14: filled 2 / 3 (-XRPUSDT,-ETHUSDT) | working 1 / 3 (-BTCUSDT)
2023-10-30 22:36:45,128
-BTCUSDT: bp3.0|
2023-10-30 22:36:45,128
Adjustment limit #4 ... 
 we cancel current orders and replace
2023-10-30 22:36:45,128
@+/-0.3125bp limit 
2023-10-30 22:36:45,128
binance_cancel_and_replace_orders_peg 20231030_223645
2023-10-30 22:36:47,105
binance_place_orders_peg 20231030_223647
2023-10-30 22:36:47,542
{'orderId': 204829205359, 'symbol': 'BTCUSDT', 'status': 'NEW', 'clientOrderId': 'R4KK7tXVIGWGQZ5lNkOjjS', 'price': '34461.20', 'avgPrice': '0.00', 'origQty': '0.001', 'executedQty': '0.000', 'cumQty': '0.000', 'cumQuote': '0.00000', 'timeInForce': 'GTC', 'type': 'LIMIT', 'reduceOnly': False, 'closePosition': False, 'side': 'SELL', 'positionSide': 'BOTH', 'stopPrice': '0.00', 'workingType': 'CONTRACT_PRICE', 'priceProtect': False, 'origType': 'LIMIT', 'priceMatch': 'NONE', 'selfTradePreventionMode': 'NONE', 'goodTillDate': 0, 'updateTime': 1698705407432}
2023-10-30 22:36:48,852
update 0: filled 2 / 3 (-XRPUSDT,-ETHUSDT) | working 1 / 3 (-BTCUSDT)
2023-10-30 22:36:52,853
-BTCUSDT: bp0.0|
2023-10-30 22:36:54,163
update 1: filled 2 / 3 (-XRPUSDT,-ETHUSDT) | working 1 / 3 (-BTCUSDT)
2023-10-30 22:36:58,164
-BTCUSDT: bp0.0|
2023-10-30 22:36:59,471
update 2: filled 2 / 3 (-XRPUSDT,-ETHUSDT) | working 1 / 3 (-BTCUSDT)
2023-10-30 22:37:03,472
-BTCUSDT: bp0.0|
2023-10-30 22:37:04,780
update 3: filled 2 / 3 (-XRPUSDT,-ETHUSDT) | working 1 / 3 (-BTCUSDT)
2023-10-30 22:37:08,781
-BTCUSDT: bp0.0|
2023-10-30 22:37:10,091
update 4: filled 2 / 3 (-XRPUSDT,-ETHUSDT) | working 1 / 3 (-BTCUSDT)
2023-10-30 22:37:14,091
-BTCUSDT: bp0.0|
2023-10-30 22:37:15,403
update 5: filled 3 / 3 (-XRPUSDT,-ETHUSDT,-BTCUSDT) | working 0 / 3 ()
2023-10-30 22:37:22,287
Trades of the day
in$
as of: 30Oct 22:31>>22:37 (#trades: 3)
trade net: -129.0 (-45.2%), trade gross: +129.0 (+45.2%), BUY: +0.0 (+0.0%), SELL: -129.0 (-45.2%)
fees: $ 0.026 (2.0bp)
2023-10-30 22:37:22,956
Trades: 
Filled #3
______________________________________________
                   in$ | in bp 129 traded | in bp 285 AUMs
realizedPnl    +0.45   | +35     | +16    
PnLvsArrival   +0.03   | +2      | +1     
PnLvsLast      +0.12   | +9      | +4     
______________________________________________
                 | Value$ | PnL Arrival/Last 
______________________________________________
XRP:-82.2@0.5784 | -48$ | 0.03/0.1
ETH:-0.026@1810.7 | -47$ | 0.02/0.02
BTC:-0.001@34461.2 | -34$ | -0.02/-0
2023-10-30 22:37:23,494
***************************
Positions after orders
***************************
2023-10-30 22:37:23,494
********No Position************
2023-10-30 22:37:23,494
***************************
2023-10-30 22:37:24,145
3 STOP orders will be placed
2023-10-30 22:37:24,145
@+/-500.0bp limit
2023-10-30 22:37:24,145
binance_place_orders_peg 20231030_223724
