2024-02-03 01:31:11,644
ON program started 20240203 01:31:11,
US time: 20240202 20:31:11
2024-02-03 01:31:12,228
the strat is currently running @ 03-02-2024 and the target positions is SHORT
2024-02-03 01:31:13,628
CURRENT STATUS IS SHORT, WE CHECK IF THE DAY IS A NEGATIVE ONE
-----
return before 14h30:
BTCUSDT+0.00%, ETHUSDT+0.00%, XRPUSDT+0.00%
-----
target alloc initial:BTCUSDT-4.17%, ETHUSDT+0.00%, XRPUSDT-4.17%
-----
alloc target x rt%<0:BTCUSDT-0.00%, ETHUSDT+0.00%, XRPUSDT-0.00%
-----
           BTCUSDT ETHUSDT XRPUSDT
w_target     -4.2%    0.0%   -4.2%
rt_14h30     0.00%   0.00%   0.00%
w_target_f   -0.0%    0.0%   -0.0%
2024-02-03 01:31:13,630
Portfolio was rebalanced less than 2 hours ago, 1.0 hours ago
2024-02-03 01:31:13,634
Status: prev = SHORT <> SHORT = target
2024-02-03 01:31:13,634
the strat is currently running @ 03-02-2024 and the target positions is SHORT
the strat was previously run @ 2024-02-03 00:31:21 UTC, success:? 
   and the current positions is SHORT
2024-02-03 01:31:14,870
positions_future #0
2024-02-03 01:31:14,871
Empty DataFrame
Columns: [symbol, positionAmt, entryPrice, breakEvenPrice, markPrice, unRealizedProfit, value_usd, updateTime, isolated, adlQuantile, AUMs_account, w%]
Index: []
2024-02-03 01:31:15,092
------------------------------
binance_account_balance
2024-02-03 01:31:15,092
  asset     balance  ...  marginAvailable   updateTime
5  USDT  291.022732  ...             True  03Feb-00:32

[1 rows x 8 columns]
2024-02-03 01:31:15,329
------------------------------
open_orders
2024-02-03 01:31:15,329
Empty DataFrame
Columns: []
Index: []
2024-02-03 01:31:15,980
------------------------------
AUMS account:291

2024-02-03 01:31:15,982
--------------- compute_futures_order_book() ----------------
2024-02-03 01:31:17,530
----------------------------------------------------------------------
#0 order(s) to place
gross$: 0$ | net$: +0$
gross%: 0% | net%: +0%
 || w>0%  +0% | w<0%  0%
----------------------------------------------------------------------
PTF Expo% 0.0% >> 0.0% (current>>target)
PTF expo $0.0 >> $0 (current>>target)
----------------------------------------------------------------------
2024-02-03 01:31:17,531
orders_ofthe_day
2024-02-03 01:31:17,532
Empty DataFrame
Columns: [ptf_usd, target_usd, totrd_usd, posttrd_usd, qty, posttrd_qty, posttrd_w, bid, ask, strategy]
Index: []
2024-02-03 01:31:17,612
Orders of the day is empty, current and target potfolios are aligned
2024-02-03 01:31:17,612
Program stopped
