2024-05-06 03:30:41,516
ON program started 20240506 03:30:41,
US time: 20240505 23:30:41
2024-05-06 03:30:42,465
the strat is currently running @ 06-05-2024 and the target positions is NEUTRAL
2024-05-06 03:30:43,924
CURRENT STATUS IS NEUTRAL
-----
return before 14h30:
BTCUSDT-0.23%, ETHUSDT+0.01%, XRPUSDT+0.13%
-----
target alloc initial:BTCUSDT+0.00%, ETHUSDT+0.00%, XRPUSDT+0.00%
-----
alloc target x rt%<0:BTCUSDT+0.00%, ETHUSDT+0.00%, XRPUSDT+0.00%
-----
           BTCUSDT ETHUSDT XRPUSDT
w_target      0.0%    0.0%    0.0%
rt_14h30    -0.00%   0.00%   0.00%
w_target_f    0.0%    0.0%    0.0%
2024-05-06 03:30:43,925
Portfolio was rebalanced less than 2 hours ago, 1.0 hours ago
2024-05-06 03:30:43,930
Status: prev = NEUTRAL <> NEUTRAL = target
2024-05-06 03:30:43,930
the strat is currently running @ 06-05-2024 and the target positions is NEUTRAL
the strat was previously run @ 2024-05-06 02:31:11, success:? 
   and the current positions is NEUTRAL
2024-05-06 03:30:45,187
positions_future #0
2024-05-06 03:30:45,187
Empty DataFrame
Columns: [symbol, positionAmt, entryPrice, breakEvenPrice, markPrice, unRealizedProfit, value_usd, updateTime, isolated, adlQuantile, AUMs_account, w%]
Index: []
2024-05-06 03:30:45,414
------------------------------
binance_account_balance
2024-05-06 03:30:45,415
  asset     balance  ...  marginAvailable   updateTime
6  USDT  283.190713  ...             True  06May-02:36

[1 rows x 8 columns]
2024-05-06 03:30:45,651
------------------------------
open_orders
2024-05-06 03:30:45,652
Empty DataFrame
Columns: []
Index: []
2024-05-06 03:30:46,314
------------------------------
AUMS account:283

2024-05-06 03:30:46,317
--------------- compute_futures_order_book() ----------------
2024-05-06 03:30:47,894
----------------------------------------------------------------------
#0 order(s) to place
gross$: 0$ | net$: +0$
gross%: 0% | net%: +0%
 || w>0%  +0% | w<0%  0%
----------------------------------------------------------------------
PTF Expo% 0.0% >> 0.0% (current>>target)
PTF expo $0.0 >> $0 (current>>target)
----------------------------------------------------------------------
2024-05-06 03:30:47,896
orders_ofthe_day
2024-05-06 03:30:47,896
Empty DataFrame
Columns: [ptf_usd, target_usd, totrd_usd, posttrd_usd, qty, posttrd_qty, posttrd_w, bid, ask, strategy]
Index: []
2024-05-06 03:30:47,976
Orders of the day is empty, current and target potfolios are aligned
2024-05-06 03:30:47,976
Program stopped
