2024-02-03 23:30:46,416
ON program started 20240203 23:30:46,
US time: 20240203 18:30:46
2024-02-03 23:30:46,911
the strat is currently running @ 03-02-2024 and the target positions is SHORT
2024-02-03 23:30:48,326
CURRENT STATUS IS SHORT, WE CHECK IF THE DAY IS A NEGATIVE ONE
-----
return before 14h30:
BTCUSDT-0.28%, ETHUSDT-0.97%, XRPUSDT+1.97%
-----
target alloc initial:BTCUSDT-4.17%, ETHUSDT+0.00%, XRPUSDT-4.17%
-----
alloc target x rt%<0:BTCUSDT-4.17%, ETHUSDT+0.00%, XRPUSDT-0.00%
-----
           BTCUSDT ETHUSDT XRPUSDT
w_target     -4.2%    0.0%   -4.2%
rt_14h30    -0.00%  -0.01%   0.02%
w_target_f   -4.2%    0.0%   -0.0%
2024-02-03 23:30:48,328
Portfolio was rebalanced less than 2 hours ago, 1.0 hours ago
2024-02-03 23:30:48,331
Status: prev = SHORT <> LONG = target
2024-02-03 23:30:48,331
the strat is currently running @ 03-02-2024 and the target positions is SHORT
the strat was previously run @ 2024-02-03 22:30:36 UTC, success:yes 
   and the current positions is LONG
2024-02-03 23:30:49,581
positions_future #2
2024-02-03 23:30:49,581
      symbol  positionAmt entryPrice  ... adlQuantile AUMs_account        w%
147  ETHUSDT        0.021    2300.74  ...           1        291.0  0.165555
118  XRPUSDT       92.200     0.5205  ...           2        291.0  0.165274

[2 rows x 12 columns]
2024-02-03 23:30:49,831
------------------------------
binance_account_balance
2024-02-03 23:30:49,831
  asset     balance  ...  marginAvailable   updateTime
5  USDT  291.003471  ...             True  03Feb-19:35

[1 rows x 8 columns]
2024-02-03 23:30:50,503
------------------------------
open_orders
2024-02-03 23:30:50,504
Empty DataFrame
Columns: []
Index: []
2024-02-03 23:30:51,160
------------------------------
AUMS account:290

2024-02-03 23:30:51,162
--------------- compute_futures_order_book() ----------------
2024-02-03 23:30:52,725
----------------------------------------------------------------------
#2 order(s) to place
gross$: 96$ | net$: -96$
gross%: 33% | net%: -33%
 || w>0%  +0% | w<0%  -33%
----------------------------------------------------------------------
PTF Expo% 33.0% >> -4.1% (current>>target)
PTF expo $96.0 >> $-12 (current>>target)
----------------------------------------------------------------------
2024-02-03 23:30:52,727
orders_ofthe_day
2024-02-03 23:30:52,727
                  ptf_usd  target_usd  totrd_usd  ...        bid        ask strategy
2024-02-03 23:30                                  ...                               
ETHUSDT              48.0         0.0      -48.0  ...  2293.2300  2293.2400  STRATON
XRPUSDT              48.0        -0.0      -48.0  ...     0.5215     0.5216  STRATON

[2 rows x 10 columns]
2024-02-03 23:30:53,766
binance_place_orders_peg 20240203_233053
2024-02-03 23:30:54,210
{'orderId': 8389765649344560695, 'symbol': 'ETHUSDT', 'status': 'NEW', 'clientOrderId': 'STRATON', 'price': '2294.39', 'avgPrice': '0.00', 'origQty': '0.021', 'executedQty': '0.000', 'cumQty': '0.000', 'cumQuote': '0.00000', 'timeInForce': 'GTC', 'type': 'LIMIT', 'reduceOnly': False, 'closePosition': False, 'side': 'SELL', 'positionSide': 'BOTH', 'stopPrice': '0.00', 'workingType': 'CONTRACT_PRICE', 'priceProtect': False, 'origType': 'LIMIT', 'priceMatch': 'NONE', 'selfTradePreventionMode': 'NONE', 'goodTillDate': 0, 'updateTime': 1707003054096}
2024-02-03 23:30:54,655
{'orderId': 49485271408, 'symbol': 'XRPUSDT', 'status': 'NEW', 'clientOrderId': 'STRATON', 'price': '0.5219', 'avgPrice': '0.00', 'origQty': '92.2', 'executedQty': '0.0', 'cumQty': '0.0', 'cumQuote': '0.00000', 'timeInForce': 'GTC', 'type': 'LIMIT', 'reduceOnly': False, 'closePosition': False, 'side': 'SELL', 'positionSide': 'BOTH', 'stopPrice': '0.0000', 'workingType': 'CONTRACT_PRICE', 'priceProtect': False, 'origType': 'LIMIT', 'priceMatch': 'NONE', 'selfTradePreventionMode': 'NONE', 'goodTillDate': 0, 'updateTime': 1707003054540}
2024-02-03 23:30:56,243
update 0: filled 0 / 2 () | working 2 / 2 (-ETHUSDT,-XRPUSDT)
2024-02-03 23:31:00,244
-ETHUSDT: bp5.0|-XRPUSDT: bp8.0|
2024-02-03 23:31:01,122
update 1: filled 0 / 2 () | working 2 / 2 (-ETHUSDT,-XRPUSDT)
2024-02-03 23:31:05,123
-ETHUSDT: bp5.0|-XRPUSDT: bp8.0|
2024-02-03 23:31:05,998
update 2: filled 0 / 2 () | working 2 / 2 (-ETHUSDT,-XRPUSDT)
2024-02-03 23:31:09,999
-ETHUSDT: bp2.0|-XRPUSDT: bp4.0|
2024-02-03 23:31:10,873
update 3: filled 0 / 2 () | working 2 / 2 (-ETHUSDT,-XRPUSDT)
2024-02-03 23:31:14,874
-ETHUSDT: bp2.0|-XRPUSDT: bp2.0|
2024-02-03 23:31:15,750
update 4: filled 0 / 2 () | working 2 / 2 (-ETHUSDT,-XRPUSDT)
2024-02-03 23:31:19,751
-ETHUSDT: bp2.0|-XRPUSDT: bp4.0|
2024-02-03 23:31:20,625
update 5: filled 0 / 2 () | working 2 / 2 (-ETHUSDT,-XRPUSDT)
2024-02-03 23:31:24,626
-ETHUSDT: bp2.0|-XRPUSDT: bp4.0|
2024-02-03 23:31:25,509
update 6: filled 0 / 2 () | working 2 / 2 (-ETHUSDT,-XRPUSDT)
2024-02-03 23:31:29,510
-ETHUSDT: bp2.0|-XRPUSDT: bp6.0|
2024-02-03 23:31:30,383
update 7: filled 0 / 2 () | working 2 / 2 (-ETHUSDT,-XRPUSDT)
2024-02-03 23:31:34,384
-ETHUSDT: bp2.0|-XRPUSDT: bp6.0|
2024-02-03 23:31:35,258
update 8: filled 0 / 2 () | working 2 / 2 (-ETHUSDT,-XRPUSDT)
2024-02-03 23:31:39,259
-ETHUSDT: bp2.0|-XRPUSDT: bp6.0|
2024-02-03 23:31:40,132
update 9: filled 0 / 2 () | working 2 / 2 (-ETHUSDT,-XRPUSDT)
2024-02-03 23:31:44,133
-ETHUSDT: bp2.0|-XRPUSDT: bp6.0|
2024-02-03 23:31:45,008
update 10: filled 0 / 2 () | working 2 / 2 (-ETHUSDT,-XRPUSDT)
2024-02-03 23:31:49,009
-ETHUSDT: bp2.0|-XRPUSDT: bp6.0|
2024-02-03 23:31:49,883
update 11: filled 1 / 2 (-ETHUSDT) | working 1 / 2 (-XRPUSDT)
2024-02-03 23:31:53,884
-XRPUSDT: bp4.0|
2024-02-03 23:31:54,759
update 12: filled 1 / 2 (-ETHUSDT) | working 1 / 2 (-XRPUSDT)
2024-02-03 23:31:58,760
-XRPUSDT: bp4.0|
2024-02-03 23:31:59,633
update 13: filled 1 / 2 (-ETHUSDT) | working 1 / 2 (-XRPUSDT)
2024-02-03 23:32:03,634
-XRPUSDT: bp4.0|
2024-02-03 23:32:04,509
update 14: filled 1 / 2 (-ETHUSDT) | working 1 / 2 (-XRPUSDT)
2024-02-03 23:32:08,509
-XRPUSDT: bp6.0|
2024-02-03 23:32:08,509
Adjustment limit #1 ... 
 we cancel current orders and replace
2024-02-03 23:32:08,510
@+/-2.5bp limit 
2024-02-03 23:32:08,510
binance_cancel_and_replace_orders_peg 20240203_233208
2024-02-03 23:32:10,054
binance_place_orders_peg 20240203_233210
2024-02-03 23:32:10,497
{'orderId': 49485316878, 'symbol': 'XRPUSDT', 'status': 'NEW', 'clientOrderId': 'STRATON', 'price': '0.5218', 'avgPrice': '0.00', 'origQty': '92.2', 'executedQty': '0.0', 'cumQty': '0.0', 'cumQuote': '0.00000', 'timeInForce': 'GTC', 'type': 'LIMIT', 'reduceOnly': False, 'closePosition': False, 'side': 'SELL', 'positionSide': 'BOTH', 'stopPrice': '0.0000', 'workingType': 'CONTRACT_PRICE', 'priceProtect': False, 'origType': 'LIMIT', 'priceMatch': 'NONE', 'selfTradePreventionMode': 'NONE', 'goodTillDate': 0, 'updateTime': 1707003130384}
2024-02-03 23:32:11,380
update 0: filled 1 / 2 (-ETHUSDT) | working 1 / 2 (-XRPUSDT)
2024-02-03 23:32:15,380
-XRPUSDT: bp4.0|
2024-02-03 23:32:16,254
update 1: filled 1 / 2 (-ETHUSDT) | working 1 / 2 (-XRPUSDT)
2024-02-03 23:32:20,255
-XRPUSDT: bp4.0|
2024-02-03 23:32:21,129
update 2: filled 1 / 2 (-ETHUSDT) | working 1 / 2 (-XRPUSDT)
2024-02-03 23:32:25,130
-XRPUSDT: bp4.0|
2024-02-03 23:32:26,003
update 3: filled 1 / 2 (-ETHUSDT) | working 1 / 2 (-XRPUSDT)
2024-02-03 23:32:30,004
-XRPUSDT: bp6.0|
2024-02-03 23:32:30,881
update 4: filled 1 / 2 (-ETHUSDT) | working 1 / 2 (-XRPUSDT)
2024-02-03 23:32:34,882
-XRPUSDT: bp4.0|
2024-02-03 23:32:35,757
update 5: filled 1 / 2 (-ETHUSDT) | working 1 / 2 (-XRPUSDT)
2024-02-03 23:32:39,758
-XRPUSDT: bp4.0|
2024-02-03 23:32:40,632
update 6: filled 1 / 2 (-ETHUSDT) | working 1 / 2 (-XRPUSDT)
2024-02-03 23:32:44,632
-XRPUSDT: bp8.0|
2024-02-03 23:32:45,506
update 7: filled 1 / 2 (-ETHUSDT) | working 1 / 2 (-XRPUSDT)
2024-02-03 23:32:49,507
-XRPUSDT: bp6.0|
2024-02-03 23:32:50,379
update 8: filled 1 / 2 (-ETHUSDT) | working 1 / 2 (-XRPUSDT)
2024-02-03 23:32:54,380
-XRPUSDT: bp8.0|
2024-02-03 23:32:55,257
update 9: filled 1 / 2 (-ETHUSDT) | working 1 / 2 (-XRPUSDT)
2024-02-03 23:32:59,258
-XRPUSDT: bp6.0|
2024-02-03 23:33:00,135
update 10: filled 1 / 2 (-ETHUSDT) | working 1 / 2 (-XRPUSDT)
2024-02-03 23:33:04,136
-XRPUSDT: bp6.0|
2024-02-03 23:33:05,009
update 11: filled 1 / 2 (-ETHUSDT) | working 1 / 2 (-XRPUSDT)
2024-02-03 23:33:09,010
-XRPUSDT: bp4.0|
2024-02-03 23:33:09,884
update 12: filled 1 / 2 (-ETHUSDT) | working 1 / 2 (-XRPUSDT)
2024-02-03 23:33:13,885
-XRPUSDT: bp6.0|
2024-02-03 23:33:14,762
update 13: filled 1 / 2 (-ETHUSDT) | working 1 / 2 (-XRPUSDT)
2024-02-03 23:33:18,763
-XRPUSDT: bp10.0|
2024-02-03 23:33:19,638
update 14: filled 1 / 2 (-ETHUSDT) | working 1 / 2 (-XRPUSDT)
2024-02-03 23:33:23,638
-XRPUSDT: bp10.0|
2024-02-03 23:33:23,638
Adjustment limit #2 ... 
 we cancel current orders and replace
2024-02-03 23:33:23,639
@+/-1.25bp limit 
2024-02-03 23:33:23,639
binance_cancel_and_replace_orders_peg 20240203_233323
2024-02-03 23:33:25,182
binance_place_orders_peg 20240203_233325
2024-02-03 23:33:25,622
{'orderId': 49485375365, 'symbol': 'XRPUSDT', 'status': 'NEW', 'clientOrderId': 'STRATON', 'price': '0.5212', 'avgPrice': '0.00', 'origQty': '92.2', 'executedQty': '0.0', 'cumQty': '0.0', 'cumQuote': '0.00000', 'timeInForce': 'GTC', 'type': 'LIMIT', 'reduceOnly': False, 'closePosition': False, 'side': 'SELL', 'positionSide': 'BOTH', 'stopPrice': '0.0000', 'workingType': 'CONTRACT_PRICE', 'priceProtect': False, 'origType': 'LIMIT', 'priceMatch': 'NONE', 'selfTradePreventionMode': 'NONE', 'goodTillDate': 0, 'updateTime': 1707003205510}
2024-02-03 23:33:26,503
update 0: filled 1 / 2 (-ETHUSDT) | working 1 / 2 (-XRPUSDT)
2024-02-03 23:33:30,504
-XRPUSDT: bp-2.0|
2024-02-03 23:33:31,377
update 1: filled 1 / 2 (-ETHUSDT) | working 1 / 2 (-XRPUSDT)
2024-02-03 23:33:35,378
-XRPUSDT: bp2.0|
2024-02-03 23:33:36,252
update 2: filled 1 / 2 (-ETHUSDT) | working 1 / 2 (-XRPUSDT)
2024-02-03 23:33:40,253
-XRPUSDT: bp4.0|
2024-02-03 23:33:41,126
update 3: filled 1 / 2 (-ETHUSDT) | working 1 / 2 (-XRPUSDT)
2024-02-03 23:33:45,127
-XRPUSDT: bp2.0|
2024-02-03 23:33:46,001
update 4: filled 1 / 2 (-ETHUSDT) | working 1 / 2 (-XRPUSDT)
2024-02-03 23:33:50,001
-XRPUSDT: bp2.0|
2024-02-03 23:33:50,879
update 5: filled 1 / 2 (-ETHUSDT) | working 1 / 2 (-XRPUSDT)
2024-02-03 23:33:54,880
-XRPUSDT: bp0.0|
2024-02-03 23:33:55,754
update 6: filled 1 / 2 (-ETHUSDT) | working 1 / 2 (-XRPUSDT)
2024-02-03 23:33:59,755
-XRPUSDT: bp2.0|
2024-02-03 23:34:00,631
update 7: filled 1 / 2 (-ETHUSDT) | working 1 / 2 (-XRPUSDT)
2024-02-03 23:34:04,632
-XRPUSDT: bp2.0|
2024-02-03 23:34:05,505
update 8: filled 1 / 2 (-ETHUSDT) | working 1 / 2 (-XRPUSDT)
2024-02-03 23:34:09,506
-XRPUSDT: bp2.0|
2024-02-03 23:34:10,385
update 9: filled 2 / 2 (-ETHUSDT,-XRPUSDT) | working 0 / 2 ()
2024-02-03 23:34:16,825
Trades of the day
in$
as of: 03Feb 23:31>>23:34 (#trades: 2)
trade net: -96.0 (-33.0%), trade gross: +96.0 (+33.0%), BUY: +0.0 (+0.0%), SELL: -96.0 (-33.0%)
fees: $ 0.019 (2.0bp)
2024-02-03 23:34:17,278
Trades: 
Filled #2
______________________________________________
                   in$ | in bp 96 traded | in bp 290 AUMs
realizedPnl    -0.07   | -7      | -2     
PnLvsArrival   -0.01   | -1      | -0     
PnLvsLast      +0.01   | +1      | +0     
______________________________________________
                 | Value$ | PnL Arrival/Last 
______________________________________________
ETH:-0.021@2294.39 | -48$ | 0.02/0.02
XRP:-92.2@0.5212 | -48$ | -0.03/-0.01
