2024-05-28 23:30:55,092
ON program started 20240528 23:30:55,
US time: 20240528 19:30:55
2024-05-28 23:30:55,988
the strat is currently running @ 28-05-2024 and the target positions is SHORT
2024-05-28 23:30:57,800
CURRENT STATUS IS SHORT, WE CHECK IF THE DAY IS A NEGATIVE ONE
-----
return before 14h30:
BTCUSDT-2.37%, ETHUSDT-0.85%, XRPUSDT-0.88%
-----
target alloc initial:BTCUSDT-4.17%, ETHUSDT+0.00%, XRPUSDT-4.17%
-----
alloc target x rt%<0:BTCUSDT-4.17%, ETHUSDT+0.00%, XRPUSDT-4.17%
-----
           BTCUSDT ETHUSDT XRPUSDT
w_target     -4.2%    0.0%   -4.2%
rt_14h30    -0.02%  -0.01%  -0.01%
w_target_f   -4.2%    0.0%   -4.2%
2024-05-28 23:30:57,801
Portfolio was rebalanced less than 2 hours ago, 1.0 hours ago
2024-05-28 23:30:57,803
Status: prev = SHORT <> SHORT = target
2024-05-28 23:30:57,803
the strat is currently running @ 28-05-2024 and the target positions is SHORT
the strat was previously run @ 2024-05-28 22:30:47, success:? 
   and the current positions is SHORT
2024-05-28 23:30:58,996
positions_future #1
2024-05-28 23:30:58,996
      symbol  positionAmt entryPrice  ... adlQuantile AUMs_account        w%
128  XRPUSDT        -22.4     0.5295  ...           2        289.4 -0.040953

[1 rows x 12 columns]
2024-05-28 23:30:59,239
------------------------------
binance_account_balance
2024-05-28 23:30:59,240
  asset     balance  ...  marginAvailable   updateTime
6  USDT  289.435442  ...             True  28May-22:33

[1 rows x 8 columns]
2024-05-28 23:30:59,688
------------------------------
open_orders
2024-05-28 23:30:59,688
Empty DataFrame
Columns: []
Index: []
2024-05-28 23:31:00,343
------------------------------
AUMS account:289

2024-05-28 23:31:00,344
--------------- compute_futures_order_book() ----------------
2024-05-28 23:31:01,900
----------------------------------------------------------------------
#0 order(s) to place
gross$: 0$ | net$: +0$
gross%: 0% | net%: +0%
 || w>0%  +0% | w<0%  0%
----------------------------------------------------------------------
PTF Expo% -4.1% >> -8.3% (current>>target)
PTF expo $-12.0 >> $-24 (current>>target)
----------------------------------------------------------------------
2024-05-28 23:31:01,902
orders_ofthe_day
2024-05-28 23:31:01,902
Empty DataFrame
Columns: [ptf_usd, target_usd, totrd_usd, posttrd_usd, qty, posttrd_qty, posttrd_w, bid, ask, strategy]
Index: []
2024-05-28 23:31:01,973
Orders of the day is empty, current and target potfolios are aligned
2024-05-28 23:31:01,973
Program stopped
