2024-03-28 19:30:41,264
ON program started 20240328 19:30:41,
US time: 20240328 15:30:41
2024-03-28 19:30:42,073
the strat is currently running @ 28-03-2024 and the target positions is LONG
2024-03-28 19:30:43,893
CURRENT STATUS IS LONG
-----
return before 14h30:
BTCUSDT+2.03%, ETHUSDT+2.32%, XRPUSDT+1.45%
-----
target alloc initial:BTCUSDT+16.67%, ETHUSDT+16.67%, XRPUSDT+16.67%
-----
alloc target x rt%<0:BTCUSDT+16.67%, ETHUSDT+16.67%, XRPUSDT+16.67%
-----
           BTCUSDT ETHUSDT XRPUSDT
w_target     16.7%   16.7%   16.7%
rt_14h30     0.02%   0.02%   0.01%
w_target_f   16.7%   16.7%   16.7%
2024-03-28 19:30:43,894
Portfolio was rebalanced less than 2 hours ago, 1.0 hours ago
2024-03-28 19:30:43,896
Status: prev = LONG <> LONG = target
2024-03-28 19:30:43,896
the strat is currently running @ 28-03-2024 and the target positions is LONG
the strat was previously run @ 2024-03-28 18:31:05, success:? 
   and the current positions is LONG
2024-03-28 19:30:45,101
positions_future #2
2024-03-28 19:30:45,101
      symbol  positionAmt entryPrice  ... adlQuantile AUMs_account        w%
156  ETHUSDT        0.014    3566.85  ...           2        289.8  0.172678
124  XRPUSDT       76.100     0.6305  ...           1        289.8  0.165075

[2 rows x 12 columns]
2024-03-28 19:30:45,342
------------------------------
binance_account_balance
2024-03-28 19:30:45,342
  asset     balance  ...  marginAvailable   updateTime
6  USDT  289.818677  ...             True  28Mar-18:32

[1 rows x 8 columns]
2024-03-28 19:30:46,016
------------------------------
open_orders
2024-03-28 19:30:46,016
Empty DataFrame
Columns: []
Index: []
2024-03-28 19:30:46,676
------------------------------
AUMS account:289

2024-03-28 19:30:46,678
--------------- compute_futures_order_book() ----------------
2024-03-28 19:30:48,237
----------------------------------------------------------------------
#0 order(s) to place
gross$: 0$ | net$: +0$
gross%: 0% | net%: +0%
 || w>0%  +0% | w<0%  0%
----------------------------------------------------------------------
PTF Expo% 33.8% >> 50.0% (current>>target)
PTF expo $98.0 >> $144 (current>>target)
----------------------------------------------------------------------
2024-03-28 19:30:48,239
orders_ofthe_day
2024-03-28 19:30:48,239
Empty DataFrame
Columns: [ptf_usd, target_usd, totrd_usd, posttrd_usd, qty, posttrd_qty, posttrd_w, bid, ask, strategy]
Index: []
2024-03-28 19:30:48,298
Orders of the day is empty, current and target potfolios are aligned
2024-03-28 19:30:48,299
Program stopped
