2023-10-12 19:30:45,143
ON program started 20231012 19:30:45,
US time: 20231012 15:30:45
2023-10-12 19:30:45,603
the strat is currently running @ 12-10-2023 and the target positions is LONG
2023-10-12 19:30:46,928
CURRENT STATUS IS LONG
-----
return before 14h30:
BTCUSDT-0.76%, ETHUSDT-2.01%, XRPUSDT-0.70%
-----
target alloc initial:BTCUSDT+16.67%, ETHUSDT+16.67%, XRPUSDT+16.67%
-----
alloc target x rt%<0:BTCUSDT+16.67%, ETHUSDT+16.67%, XRPUSDT+16.67%
-----
           BTCUSDT ETHUSDT XRPUSDT
w_target     16.7%   16.7%   16.7%
rt_14h30    -0.01%  -0.02%  -0.01%
w_target_f   16.7%   16.7%   16.7%
2023-10-12 19:30:46,930
Portfolio was rebalanced less than 2 hours ago, 1.0 hours ago
2023-10-12 19:30:46,934
Status: prev = LONG <> LONG = target
2023-10-12 19:30:46,934
the strat is currently running @ 12-10-2023 and the target positions is LONG
the strat was previously run @ 2023-10-12 18:32:54 UTC, success:yes 
   and the current positions is LONG
2023-10-12 19:30:48,060
positions_future #3
2023-10-12 19:30:48,060
      symbol  positionAmt entryPrice  ...   updateTime AUMs_account        w%
235  BTCUSDT        0.002    26702.9  ...  12Oct-18:32        275.4  0.193703
146  ETHUSDT        0.030    1533.57  ...  12Oct-18:32        275.4  0.166651
117  XRPUSDT       95.300     0.4823  ...  12Oct-18:32        275.4  0.166619

[3 rows x 10 columns]
2023-10-12 19:30:48,085
programm stoppeddd!!! 20231012_193048
