2024-03-05 01:30:54,967
ON program started 20240305 01:30:54,
US time: 20240304 20:30:54
2024-03-05 01:30:56,100
the strat is currently running @ 05-03-2024 and the target positions is SHORT
2024-03-05 01:30:57,501
CURRENT STATUS IS SHORT, WE CHECK IF THE DAY IS A NEGATIVE ONE
-----
return before 14h30:
BTCUSDT+0.25%, ETHUSDT+0.25%, XRPUSDT+2.05%
-----
target alloc initial:BTCUSDT-4.17%, ETHUSDT+0.00%, XRPUSDT-4.17%
-----
alloc target x rt%<0:BTCUSDT-0.00%, ETHUSDT+0.00%, XRPUSDT-0.00%
-----
           BTCUSDT ETHUSDT XRPUSDT
w_target     -4.2%    0.0%   -4.2%
rt_14h30     0.00%   0.00%   0.02%
w_target_f   -0.0%    0.0%   -0.0%
2024-03-05 01:30:57,502
Portfolio was rebalanced less than 2 hours ago, 1.0 hours ago
2024-03-05 01:30:57,504
Status: prev = SHORT <> SHORT = target
2024-03-05 01:30:57,504
the strat is currently running @ 05-03-2024 and the target positions is SHORT
the strat was previously run @ 2024-03-05 00:30:53, success:yes 
   and the current positions is SHORT
2024-03-05 01:30:58,703
positions_future #0
2024-03-05 01:30:58,703
Empty DataFrame
Columns: [symbol, positionAmt, entryPrice, breakEvenPrice, markPrice, unRealizedProfit, value_usd, updateTime, isolated, adlQuantile, AUMs_account, w%]
Index: []
2024-03-05 01:30:58,770
programm stoppeddd!!! 20240305_013058
