2023-08-25 02:30:54,195
ON program started 20230825 02:30:54,
US time: 20230824 22:30:54
2023-08-25 02:30:54,576
the strat is currently running @ 25-08-2023 and the target positions is NEUTRAL
2023-08-25 02:30:55,987
CURRENT STATUS IS NEUTRAL
-----
return before 14h30:
BTCUSDT+0.00%, ETHUSDT+0.00%, XRPUSDT+0.00%
-----
target alloc initial:BTCUSDT+0.00%, ETHUSDT+0.00%, XRPUSDT+0.00%
-----
alloc target x rt%<0:BTCUSDT+0.00%, ETHUSDT+0.00%, XRPUSDT+0.00%
-----
           BTCUSDT ETHUSDT XRPUSDT
w_target      0.0%    0.0%    0.0%
rt_14h30     0.00%   0.00%   0.00%
w_target_f    0.0%    0.0%    0.0%
2023-08-25 02:30:55,989
Portfolio was rebalanced less than 2 hours ago, 1.0 hours ago
2023-08-25 02:30:55,991
Status: prev = NEUTRAL <> SHORT = target
2023-08-25 02:30:55,991
the strat is currently running @ 25-08-2023 and the target positions is NEUTRAL
the strat was previously run @ 2023-08-25 01:31:01 UTC, success:yes 
   and the current positions is SHORT
2023-08-25 02:30:57,165
positions_future #1
2023-08-25 02:30:57,165
      symbol  positionAmt entryPrice  ...   updateTime  AUMs_account        w%
111  XRPUSDT        -22.1     0.5169  ...  24Aug-22:35         276.2 -0.041637

[1 rows x 9 columns]
2023-08-25 02:30:57,406
------------------------------
binance_account_balance
2023-08-25 02:30:57,406
  asset    balance  ... marginAvailable   updateTime
5  USDT  276.29237  ...            True  24Aug-22:35

[1 rows x 8 columns]
2023-08-25 02:30:57,868
------------------------------
open_orders
2023-08-25 02:30:57,868
                                      0
symbol                          XRPUSDT
status                              NEW
price                                 0
avgPrice                              0
origQty                            22.1
executedQty                           0
type                        STOP_MARKET
side                                BUY
stopPrice                        0.5430
time         2023-08-24 22:35:47.724000
updateTime   2023-08-24 22:35:47.724000
2023-08-25 02:30:59,904
------------------------------
AUMS account:276

2023-08-25 02:30:59,905
--------------- compute_futures_order_book() ----------------
2023-08-25 02:31:01,482
----------------------------------------------------------------------
#1 order(s) to place
gross$: 11$ | net$: +11$
gross%: 4% | net%: +4%
 || w>0%  +4% | w<0%  0%
----------------------------------------------------------------------
PTF Expo% -4.3% >> 0.0% (current>>target)
PTF expo $-12.0 >> $0 (current>>target)
----------------------------------------------------------------------
2023-08-25 02:31:01,483
orders_ofthe_day
2023-08-25 02:31:01,483
                  ptf_usd  target_usd  totrd_usd  ...  posttrd_w     bid     ask
2023-08-25 02:31                                  ...                           
XRPUSDT             -12.0         0.0       11.0  ...   -0.00362  0.5203  0.5204

[1 rows x 9 columns]
2023-08-25 02:31:02,875
binance_place_orders_peg 20230825_023102
2023-08-25 02:31:03,319
{'orderId': 40104592333, 'symbol': 'XRPUSDT', 'status': 'NEW', 'clientOrderId': 'iVVXkaBJye5IHqWNeGF2RH', 'price': '0.5200', 'avgPrice': '0.00', 'origQty': '22.1', 'executedQty': '0.0', 'cumQty': '0.0', 'cumQuote': '0.00000', 'timeInForce': 'GTC', 'type': 'LIMIT', 'reduceOnly': False, 'closePosition': False, 'side': 'BUY', 'positionSide': 'BOTH', 'stopPrice': '0.0000', 'workingType': 'CONTRACT_PRICE', 'priceProtect': False, 'origType': 'LIMIT', 'updateTime': 1692930663207}
2023-08-25 02:31:03,763
update 0: filled 0 / 1 () | working 1 / 1 (+XRPUSDT)
2023-08-25 02:31:07,764
+XRPUSDT: bp6.0|
2023-08-25 02:31:08,209
update 1: filled 0 / 1 () | working 1 / 1 (+XRPUSDT)
2023-08-25 02:31:12,209
+XRPUSDT: bp6.0|
2023-08-25 02:31:12,652
update 2: filled 0 / 1 () | working 1 / 1 (+XRPUSDT)
2023-08-25 02:31:16,653
+XRPUSDT: bp2.0|
2023-08-25 02:31:17,099
update 3: filled 0 / 1 () | working 1 / 1 (+XRPUSDT)
2023-08-25 02:31:21,099
+XRPUSDT: bp6.0|
2023-08-25 02:31:21,542
update 4: filled 0 / 1 () | working 1 / 1 (+XRPUSDT)
2023-08-25 02:31:25,542
+XRPUSDT: bp4.0|
2023-08-25 02:31:25,988
update 5: filled 0 / 1 () | working 1 / 1 (+XRPUSDT)
2023-08-25 02:31:29,988
+XRPUSDT: bp6.0|
2023-08-25 02:31:30,434
update 6: filled 0 / 1 () | working 1 / 1 (+XRPUSDT)
2023-08-25 02:31:34,435
+XRPUSDT: bp8.0|
2023-08-25 02:31:34,879
update 7: filled 0 / 1 () | working 1 / 1 (+XRPUSDT)
2023-08-25 02:31:38,880
+XRPUSDT: bp8.0|
2023-08-25 02:31:39,327
update 8: filled 0 / 1 () | working 1 / 1 (+XRPUSDT)
2023-08-25 02:31:43,328
+XRPUSDT: bp10.0|
2023-08-25 02:31:43,775
update 9: filled 0 / 1 () | working 1 / 1 (+XRPUSDT)
2023-08-25 02:31:47,775
+XRPUSDT: bp10.0|
2023-08-25 02:31:48,220
update 10: filled 0 / 1 () | working 1 / 1 (+XRPUSDT)
2023-08-25 02:31:52,220
+XRPUSDT: bp8.0|
2023-08-25 02:31:52,666
update 11: filled 0 / 1 () | working 1 / 1 (+XRPUSDT)
2023-08-25 02:31:56,666
+XRPUSDT: bp8.0|
2023-08-25 02:31:57,111
update 12: filled 0 / 1 () | working 1 / 1 (+XRPUSDT)
2023-08-25 02:32:01,111
+XRPUSDT: bp4.0|
2023-08-25 02:32:01,556
update 13: filled 0 / 1 () | working 1 / 1 (+XRPUSDT)
2023-08-25 02:32:05,557
+XRPUSDT: bp4.0|
2023-08-25 02:32:06,003
update 14: filled 0 / 1 () | working 1 / 1 (+XRPUSDT)
2023-08-25 02:32:10,003
+XRPUSDT: bp4.0|
2023-08-25 02:32:10,003
Adjustment limit #1 ... 
 we cancel current orders and replace
2023-08-25 02:32:10,003
@+/-2.5bp limit 
2023-08-25 02:32:10,003
binance_cancel_and_replace_orders_peg 20230825_023210
2023-08-25 02:32:10,672
binance_place_orders_peg 20230825_023210
2023-08-25 02:32:11,122
{'orderId': 40104633430, 'symbol': 'XRPUSDT', 'status': 'NEW', 'clientOrderId': 'FiAsEvzxMt3A5x2XJ77gsq', 'price': '0.5200', 'avgPrice': '0.00', 'origQty': '22.1', 'executedQty': '0.0', 'cumQty': '0.0', 'cumQuote': '0.00000', 'timeInForce': 'GTC', 'type': 'LIMIT', 'reduceOnly': False, 'closePosition': False, 'side': 'BUY', 'positionSide': 'BOTH', 'stopPrice': '0.0000', 'workingType': 'CONTRACT_PRICE', 'priceProtect': False, 'origType': 'LIMIT', 'updateTime': 1692930731006}
2023-08-25 02:32:11,569
update 0: filled 0 / 1 () | working 1 / 1 (+XRPUSDT)
2023-08-25 02:32:15,570
+XRPUSDT: bp4.0|
2023-08-25 02:32:16,014
update 1: filled 0 / 1 () | working 1 / 1 (+XRPUSDT)
2023-08-25 02:32:20,015
+XRPUSDT: bp2.0|
2023-08-25 02:32:20,458
update 2: filled 0 / 1 () | working 1 / 1 (+XRPUSDT)
2023-08-25 02:32:24,459
+XRPUSDT: bp-0.0|
2023-08-25 02:32:24,904
update 3: filled 0 / 1 () | working 1 / 1 (+XRPUSDT)
2023-08-25 02:32:28,905
+XRPUSDT: bp-0.0|
2023-08-25 02:32:29,347
update 4: filled 0 / 1 () | working 1 / 1 (+XRPUSDT)
2023-08-25 02:32:33,348
+XRPUSDT: bp-0.0|
2023-08-25 02:32:33,791
update 5: filled 0 / 1 () | working 1 / 1 (+XRPUSDT)
2023-08-25 02:32:37,791
+XRPUSDT: bp2.0|
2023-08-25 02:32:38,235
update 6: filled 0 / 1 () | working 1 / 1 (+XRPUSDT)
2023-08-25 02:32:42,236
+XRPUSDT: bp-0.0|
2023-08-25 02:32:42,679
update 7: filled 0 / 1 () | working 1 / 1 (+XRPUSDT)
2023-08-25 02:32:46,680
+XRPUSDT: bp2.0|
2023-08-25 02:32:47,123
update 8: filled 0 / 1 () | working 1 / 1 (+XRPUSDT)
2023-08-25 02:32:51,123
+XRPUSDT: bp2.0|
2023-08-25 02:32:51,566
update 9: filled 0 / 1 () | working 1 / 1 (+XRPUSDT)
2023-08-25 02:32:55,567
+XRPUSDT: bp2.0|
2023-08-25 02:32:56,010
update 10: filled 0 / 1 () | working 1 / 1 (+XRPUSDT)
2023-08-25 02:33:00,011
+XRPUSDT: bp-0.0|
2023-08-25 02:33:00,453
update 11: filled 1 / 1 (+XRPUSDT) | working 0 / 1 ()
2023-08-25 02:33:05,586
Trades of the day
in$
as of: 25Aug 02:32>>02:32 (#trades: 1)
trade net: +11.0 (+4.0%), trade gross: +11.0 (+4.0%), BUY: +11.0 (+4.0%), SELL: +0.0 (+0.0%)
fees: $ 0.002 (2.0bp)
2023-08-25 02:33:05,821
Trades: 
Filled #1
______________________________________________
                   in$ | in bp 11 traded | in bp 276 AUMs
realizedPnl    -0.07   | -61     | -3     
PnLvsArrival   +0.01   | +9      | +0     
PnLvsLast      +0      | +0      | +0     
______________________________________________
                 | Value$ | PnL Arrival/Last 
______________________________________________
XRP:+22.1@0.52 | +11$ | 0.01/0
2023-08-25 02:33:06,364
***************************
Positions after orders
***************************
2023-08-25 02:33:06,365
********No Position************
2023-08-25 02:33:06,365
***************************
