2024-10-04 02:30:46,495
ON program started 20241004 02:30:46,
US time: 20241003 22:30:46
2024-10-04 02:30:47,395
the strat is currently running @ 04-10-2024 and the target positions is NEUTRAL
2024-10-04 02:30:48,794
CURRENT STATUS IS NEUTRAL
-----
return before 14h30:
BTCUSDT+0.39%, ETHUSDT+0.90%, XRPUSDT+0.61%
-----
target alloc initial:BTCUSDT+0.00%, ETHUSDT+0.00%, XRPUSDT+0.00%
-----
alloc target x rt%<0:BTCUSDT+0.00%, ETHUSDT+0.00%, XRPUSDT+0.00%
-----
           BTCUSDT ETHUSDT XRPUSDT
w_target      0.0%    0.0%    0.0%
rt_14h30     0.00%   0.01%   0.01%
w_target_f    0.0%    0.0%    0.0%
2024-10-04 02:30:48,795
Portfolio was rebalanced less than 2 hours ago, 1.0 hours ago
2024-10-04 02:30:48,797
Status: prev = NEUTRAL <> SHORT = target
2024-10-04 02:30:48,797
the strat is currently running @ 04-10-2024 and the target positions is NEUTRAL
the strat was previously run @ 2024-10-04 01:30:50, success:yes 
   and the current positions is SHORT
2024-10-04 02:30:50,002
positions_future #1
2024-10-04 02:30:50,002
      symbol  positionAmt entryPrice  ... adlQuantile AUMs_account        w%
147  XRPUSDT        -23.0     0.5223  ...           1        286.5 -0.042146

[1 rows x 12 columns]
2024-10-04 02:30:50,245
------------------------------
binance_account_balance
2024-10-04 02:30:50,245
  asset     balance  ...  marginAvailable   updateTime
4  USDT  286.567838  ...             True  03Oct-23:34

[1 rows x 8 columns]
2024-10-04 02:30:50,699
------------------------------
open_orders
2024-10-04 02:30:50,699
Empty DataFrame
Columns: []
Index: []
2024-10-04 02:30:51,348
------------------------------
AUMS account:286

2024-10-04 02:30:51,350
--------------- compute_futures_order_book() ----------------
2024-10-04 02:30:52,904
----------------------------------------------------------------------
#1 order(s) to place
gross$: 12$ | net$: +12$
gross%: 4% | net%: +4%
 || w>0%  +4% | w<0%  0%
----------------------------------------------------------------------
PTF Expo% -4.1% >> 0.0% (current>>target)
PTF expo $-12.0 >> $0 (current>>target)
----------------------------------------------------------------------
2024-10-04 02:30:52,905
orders_ofthe_day
2024-10-04 02:30:52,905
                  ptf_usd  target_usd  totrd_usd  ...    bid     ask strategy
2024-10-04 02:30                                  ...                        
XRPUSDT             -12.0         0.0       12.0  ...  0.525  0.5251  STRATON

[1 rows x 10 columns]
2024-10-04 02:30:56,257
binance_place_orders_peg 20241004_023056
2024-10-04 02:30:56,693
{'orderId': 67034378897, 'symbol': 'XRPUSDT', 'status': 'NEW', 'clientOrderId': 'STRATON', 'price': '0.5248', 'avgPrice': '0.00', 'origQty': '23.0', 'executedQty': '0.0', 'cumQty': '0.0', 'cumQuote': '0.00000', 'timeInForce': 'GTC', 'type': 'LIMIT', 'reduceOnly': True, 'closePosition': False, 'side': 'BUY', 'positionSide': 'BOTH', 'stopPrice': '0.0000', 'workingType': 'CONTRACT_PRICE', 'priceProtect': False, 'origType': 'LIMIT', 'priceMatch': 'NONE', 'selfTradePreventionMode': 'NONE', 'goodTillDate': 0, 'updateTime': 1728009056584}
2024-10-04 02:30:57,819
update 0: filled 0 / 1 () | working 1 / 1 (+XRPUSDT)
2024-10-04 02:31:01,819
+XRPUSDT: bp6.0|
2024-10-04 02:31:02,258
update 1: filled 0 / 1 () | working 1 / 1 (+XRPUSDT)
2024-10-04 02:31:06,258
+XRPUSDT: bp6.0|
2024-10-04 02:31:06,697
update 2: filled 0 / 1 () | working 1 / 1 (+XRPUSDT)
2024-10-04 02:31:10,698
+XRPUSDT: bp8.0|
2024-10-04 02:31:11,137
update 3: filled 0 / 1 () | working 1 / 1 (+XRPUSDT)
2024-10-04 02:31:15,138
+XRPUSDT: bp8.0|
2024-10-04 02:31:15,576
update 4: filled 0 / 1 () | working 1 / 1 (+XRPUSDT)
2024-10-04 02:31:19,577
+XRPUSDT: bp10.0|
2024-10-04 02:31:20,016
update 5: filled 0 / 1 () | working 1 / 1 (+XRPUSDT)
2024-10-04 02:31:24,017
+XRPUSDT: bp11.0|
2024-10-04 02:31:24,455
update 6: filled 0 / 1 () | working 1 / 1 (+XRPUSDT)
2024-10-04 02:31:28,455
+XRPUSDT: bp10.0|
2024-10-04 02:31:28,894
update 7: filled 0 / 1 () | working 1 / 1 (+XRPUSDT)
2024-10-04 02:31:32,895
+XRPUSDT: bp10.0|
2024-10-04 02:31:33,336
update 8: filled 0 / 1 () | working 1 / 1 (+XRPUSDT)
2024-10-04 02:31:37,336
+XRPUSDT: bp10.0|
2024-10-04 02:31:37,775
update 9: filled 0 / 1 () | working 1 / 1 (+XRPUSDT)
2024-10-04 02:31:41,776
+XRPUSDT: bp10.0|
2024-10-04 02:31:42,214
update 10: filled 0 / 1 () | working 1 / 1 (+XRPUSDT)
2024-10-04 02:31:46,214
+XRPUSDT: bp10.0|
2024-10-04 02:31:46,654
update 11: filled 0 / 1 () | working 1 / 1 (+XRPUSDT)
2024-10-04 02:31:50,655
+XRPUSDT: bp11.0|
2024-10-04 02:31:51,093
update 12: filled 0 / 1 () | working 1 / 1 (+XRPUSDT)
2024-10-04 02:31:55,094
+XRPUSDT: bp11.0|
2024-10-04 02:31:55,533
update 13: filled 0 / 1 () | working 1 / 1 (+XRPUSDT)
2024-10-04 02:31:59,534
+XRPUSDT: bp10.0|
2024-10-04 02:31:59,972
update 14: filled 0 / 1 () | working 1 / 1 (+XRPUSDT)
2024-10-04 02:32:03,973
+XRPUSDT: bp8.0|
2024-10-04 02:32:03,973
Adjustment limit #1 ... 
 we cancel current orders and replace
2024-10-04 02:32:03,973
@+/-2.5bp limit 
2024-10-04 02:32:03,973
binance_cancel_and_replace_orders_peg 20241004_023203
2024-10-04 02:32:05,072
binance_place_orders_peg 20241004_023205
2024-10-04 02:32:05,508
{'orderId': 67034449726, 'symbol': 'XRPUSDT', 'status': 'NEW', 'clientOrderId': 'STRATON', 'price': '0.5248', 'avgPrice': '0.00', 'origQty': '23.0', 'executedQty': '0.0', 'cumQty': '0.0', 'cumQuote': '0.00000', 'timeInForce': 'GTC', 'type': 'LIMIT', 'reduceOnly': False, 'closePosition': False, 'side': 'BUY', 'positionSide': 'BOTH', 'stopPrice': '0.0000', 'workingType': 'CONTRACT_PRICE', 'priceProtect': False, 'origType': 'LIMIT', 'priceMatch': 'NONE', 'selfTradePreventionMode': 'NONE', 'goodTillDate': 0, 'updateTime': 1728009125400}
2024-10-04 02:32:05,955
update 0: filled 0 / 1 () | working 1 / 1 (+XRPUSDT)
2024-10-04 02:32:09,955
+XRPUSDT: bp8.0|
2024-10-04 02:32:10,394
update 1: filled 0 / 1 () | working 1 / 1 (+XRPUSDT)
2024-10-04 02:32:14,395
+XRPUSDT: bp6.0|
2024-10-04 02:32:14,834
update 2: filled 0 / 1 () | working 1 / 1 (+XRPUSDT)
2024-10-04 02:32:18,835
+XRPUSDT: bp-0.0|
2024-10-04 02:32:19,273
update 3: filled 0 / 1 () | working 1 / 1 (+XRPUSDT)
2024-10-04 02:32:23,274
+XRPUSDT: bp2.0|
2024-10-04 02:32:23,713
update 4: filled 0 / 1 () | working 1 / 1 (+XRPUSDT)
2024-10-04 02:32:27,713
+XRPUSDT: bp-0.0|
2024-10-04 02:32:28,155
update 5: filled 0 / 1 () | working 1 / 1 (+XRPUSDT)
2024-10-04 02:32:32,155
+XRPUSDT: bp2.0|
2024-10-04 02:32:32,594
update 6: filled 1 / 1 (+XRPUSDT) | working 0 / 1 ()
2024-10-04 02:32:37,941
Trades of the day
in$
as of: 04Oct 02:32>>02:32 (#trades: 1)
trade net: +12.0 (+4.2%), trade gross: +12.0 (+4.2%), BUY: +12.0 (+4.2%), SELL: +0.0 (+0.0%)
fees: $ 0.002 (2.0bp)
2024-10-04 02:32:38,176
Trades: 
Filled #1
______________________________________________
                   in$ | in bp 12 traded | in bp 286 AUMs
realizedPnl    -0.06   | -50     | -2     
PnLvsArrival   +0.01   | +8      | +0     
PnLvsLast      +0      | +0      | +0     
______________________________________________
                 | Value$ | PnL Arrival/Last 
______________________________________________
XRP:+23@0.5248  | +12$ | 0.01/-0
