2024-01-01 00:31:00,799
ON program started 20240101 00:31:00,
US time: 20231231 19:31:00
2024-01-01 00:31:01,309
the strat is currently running @ 01-01-2024 and the target positions is SHORT
2024-01-01 00:31:04,001
CURRENT STATUS IS SHORT, WE CHECK IF THE DAY IS A NEGATIVE ONE
-----
return before 14h30:
BTCUSDT+0.00%, ETHUSDT+0.00%, XRPUSDT+0.00%
-----
target alloc initial:BTCUSDT-4.17%, ETHUSDT+0.00%, XRPUSDT-4.17%
-----
alloc target x rt%<0:BTCUSDT-0.00%, ETHUSDT+0.00%, XRPUSDT-0.00%
-----
           BTCUSDT ETHUSDT XRPUSDT
w_target     -4.2%    0.0%   -4.2%
rt_14h30     0.00%   0.00%   0.00%
w_target_f   -0.0%    0.0%   -0.0%
2024-01-01 00:31:04,003
Portfolio was rebalanced less than 2 hours ago, 1.0 hours ago
2024-01-01 00:31:04,006
Status: prev = SHORT <> SHORT = target
2024-01-01 00:31:04,006
the strat is currently running @ 01-01-2024 and the target positions is SHORT
the strat was previously run @ 2023-12-31 23:30:57 UTC, success:? 
   and the current positions is SHORT
2024-01-01 00:31:05,233
positions_future #1
2024-01-01 00:31:05,234
      symbol  positionAmt entryPrice  ... adlQuantile AUMs_account        w%
108  XRPUSDT        -19.0     0.6135  ...           1        289.7 -0.040428

[1 rows x 12 columns]
2024-01-01 00:31:05,476
------------------------------
binance_account_balance
2024-01-01 00:31:05,476
  asset     balance  ...  marginAvailable   updateTime
5  USDT  289.796748  ...             True  31Dec-23:33

[1 rows x 8 columns]
2024-01-01 00:31:05,927
------------------------------
open_orders
2024-01-01 00:31:05,927
Empty DataFrame
Columns: []
Index: []
2024-01-01 00:31:06,585
------------------------------
AUMS account:289

2024-01-01 00:31:06,587
--------------- compute_futures_order_book() ----------------
2024-01-01 00:31:08,149
----------------------------------------------------------------------
#1 order(s) to place
gross$: 12$ | net$: +12$
gross%: 4% | net%: +4%
 || w>0%  +4% | w<0%  0%
----------------------------------------------------------------------
PTF Expo% -4.1% >> 0.0% (current>>target)
PTF expo $-12.0 >> $0 (current>>target)
----------------------------------------------------------------------
2024-01-01 00:31:08,150
orders_ofthe_day
2024-01-01 00:31:08,150
                  ptf_usd  target_usd  totrd_usd  ...  posttrd_w     bid     ask
2024-01-01 00:31                                  ...                           
XRPUSDT             -12.0        -0.0       12.0  ...        0.0  0.6165  0.6166

[1 rows x 9 columns]
2024-01-01 00:31:09,195
binance_place_orders_peg 20240101_003109
2024-01-01 00:31:09,636
{'orderId': 47720037914, 'symbol': 'XRPUSDT', 'status': 'NEW', 'clientOrderId': 'l4Xl7XICWtNrfrOid2ShZ9', 'price': '0.6161', 'avgPrice': '0.00', 'origQty': '19.0', 'executedQty': '0.0', 'cumQty': '0.0', 'cumQuote': '0.00000', 'timeInForce': 'GTC', 'type': 'LIMIT', 'reduceOnly': False, 'closePosition': False, 'side': 'BUY', 'positionSide': 'BOTH', 'stopPrice': '0.0000', 'workingType': 'CONTRACT_PRICE', 'priceProtect': False, 'origType': 'LIMIT', 'priceMatch': 'NONE', 'selfTradePreventionMode': 'NONE', 'goodTillDate': 0, 'updateTime': 1704069069526}
2024-01-01 00:31:10,789
update 0: filled 0 / 1 () | working 1 / 1 (+XRPUSDT)
2024-01-01 00:31:14,790
+XRPUSDT: bp6.0|
2024-01-01 00:31:15,233
update 1: filled 0 / 1 () | working 1 / 1 (+XRPUSDT)
2024-01-01 00:31:19,233
+XRPUSDT: bp5.0|
2024-01-01 00:31:19,676
update 2: filled 0 / 1 () | working 1 / 1 (+XRPUSDT)
2024-01-01 00:31:23,676
+XRPUSDT: bp5.0|
2024-01-01 00:31:24,122
update 3: filled 0 / 1 () | working 1 / 1 (+XRPUSDT)
2024-01-01 00:31:28,123
+XRPUSDT: bp6.0|
2024-01-01 00:31:28,566
update 4: filled 0 / 1 () | working 1 / 1 (+XRPUSDT)
2024-01-01 00:31:32,567
+XRPUSDT: bp5.0|
2024-01-01 00:31:33,010
update 5: filled 0 / 1 () | working 1 / 1 (+XRPUSDT)
2024-01-01 00:31:37,010
+XRPUSDT: bp5.0|
2024-01-01 00:31:37,452
update 6: filled 0 / 1 () | working 1 / 1 (+XRPUSDT)
2024-01-01 00:31:41,453
+XRPUSDT: bp5.0|
2024-01-01 00:31:41,895
update 7: filled 0 / 1 () | working 1 / 1 (+XRPUSDT)
2024-01-01 00:31:45,896
+XRPUSDT: bp3.0|
2024-01-01 00:31:46,338
update 8: filled 1 / 1 (+XRPUSDT) | working 0 / 1 ()
2024-01-01 00:31:51,471
Trades of the day
in$
as of: 01Jan 00:31>>00:31 (#trades: 1)
trade net: +12.0 (+4.1%), trade gross: +12.0 (+4.1%), BUY: +12.0 (+4.1%), SELL: +0.0 (+0.0%)
fees: $ 0.002 (2.0bp)
2024-01-01 00:31:51,708
Trades: 
Filled #1
______________________________________________
                   in$ | in bp 11 traded | in bp 289 AUMs
realizedPnl    -0.05   | -43     | -2     
PnLvsArrival   +0.01   | +9      | +0     
PnLvsLast      +0      | +0      | +0     
______________________________________________
                 | Value$ | PnL Arrival/Last 
______________________________________________
XRP:+19@0.6161  | +12$ | 0.01/0
