2024-08-03 00:30:36,994
ON program started 20240803 00:30:36,
US time: 20240802 20:30:36
2024-08-03 00:30:37,470
the strat is currently running @ 03-08-2024 and the target positions is SHORT
2024-08-03 00:30:38,772
CURRENT STATUS IS SHORT, WE CHECK IF THE DAY IS A NEGATIVE ONE
-----
return before 14h30:
BTCUSDT+0.09%, ETHUSDT+0.07%, XRPUSDT+0.00%
-----
target alloc initial:BTCUSDT-4.17%, ETHUSDT+0.00%, XRPUSDT-4.17%
-----
alloc target x rt%<0:BTCUSDT-0.00%, ETHUSDT+0.00%, XRPUSDT-0.00%
-----
           BTCUSDT ETHUSDT XRPUSDT
w_target     -4.2%    0.0%   -4.2%
rt_14h30     0.00%   0.00%   0.00%
w_target_f   -0.0%    0.0%   -0.0%
2024-08-03 00:30:38,773
Portfolio was rebalanced less than 2 hours ago, 1.0 hours ago
2024-08-03 00:30:38,775
Status: prev = SHORT <> SHORT = target
2024-08-03 00:30:38,775
the strat is currently running @ 03-08-2024 and the target positions is SHORT
the strat was previously run @ 2024-08-02 23:31:01, success:yes 
   and the current positions is SHORT
2024-08-03 00:30:39,892
positions_future #1
2024-08-03 00:30:39,892
      symbol  positionAmt entryPrice  ... adlQuantile AUMs_account        w%
130  XRPUSDT        -20.7     0.5665  ...           1        293.7 -0.039445

[1 rows x 12 columns]
2024-08-03 00:30:39,970
programm stoppeddd!!! 20240803_003039
