2024-08-01 23:30:55,950
ON program started 20240801 23:30:55,
US time: 20240801 19:30:55
2024-08-01 23:30:56,982
the strat is currently running @ 01-08-2024 and the target positions is SHORT
2024-08-01 23:30:58,305
CURRENT STATUS IS SHORT, WE CHECK IF THE DAY IS A NEGATIVE ONE
-----
return before 14h30:
BTCUSDT+0.19%, ETHUSDT-1.54%, XRPUSDT-2.50%
-----
target alloc initial:BTCUSDT-4.17%, ETHUSDT+0.00%, XRPUSDT-4.17%
-----
alloc target x rt%<0:BTCUSDT-0.00%, ETHUSDT+0.00%, XRPUSDT-4.17%
-----
           BTCUSDT ETHUSDT XRPUSDT
w_target     -4.2%    0.0%   -4.2%
rt_14h30     0.00%  -0.02%  -0.03%
w_target_f   -0.0%    0.0%   -4.2%
2024-08-01 23:30:58,306
Portfolio was rebalanced less than 2 hours ago, 1.0 hours ago
2024-08-01 23:30:58,308
Status: prev = SHORT <> SHORT = target
2024-08-01 23:30:58,308
the strat is currently running @ 01-08-2024 and the target positions is SHORT
the strat was previously run @ 2024-08-01 22:30:45, success:? 
   and the current positions is SHORT
2024-08-01 23:30:59,451
positions_future #1
2024-08-01 23:30:59,451
      symbol  positionAmt entryPrice  ... adlQuantile AUMs_account        w%
130  XRPUSDT        -20.4     0.5972  ...           2        293.8 -0.041361

[1 rows x 12 columns]
2024-08-01 23:30:59,680
------------------------------
binance_account_balance
2024-08-01 23:30:59,680
  asset     balance  ...  marginAvailable   updateTime
4  USDT  293.721437  ...             True  01Aug-22:32

[1 rows x 8 columns]
2024-08-01 23:31:00,105
------------------------------
open_orders
2024-08-01 23:31:00,106
Empty DataFrame
Columns: []
Index: []
2024-08-01 23:31:00,718
------------------------------
AUMS account:293

2024-08-01 23:31:00,720
--------------- compute_futures_order_book() ----------------
2024-08-01 23:31:02,178
----------------------------------------------------------------------
#0 order(s) to place
gross$: 0$ | net$: +0$
gross%: 0% | net%: +0%
 || w>0%  +0% | w<0%  0%
----------------------------------------------------------------------
PTF Expo% -4.0% >> -4.1% (current>>target)
PTF expo $-12.0 >> $-12 (current>>target)
----------------------------------------------------------------------
2024-08-01 23:31:02,180
orders_ofthe_day
2024-08-01 23:31:02,180
Empty DataFrame
Columns: [ptf_usd, target_usd, totrd_usd, posttrd_usd, qty, posttrd_qty, posttrd_w, bid, ask, strategy]
Index: []
2024-08-01 23:31:02,243
Orders of the day is empty, current and target potfolios are aligned
2024-08-01 23:31:02,243
Program stopped
