2024-04-24 00:30:46,379
ON program started 20240424 00:30:46,
US time: 20240423 20:30:46
2024-04-24 00:30:47,300
the strat is currently running @ 24-04-2024 and the target positions is SHORT
2024-04-24 00:30:48,689
CURRENT STATUS IS SHORT, WE CHECK IF THE DAY IS A NEGATIVE ONE
-----
return before 14h30:
BTCUSDT+0.14%, ETHUSDT-0.11%, XRPUSDT-0.42%
-----
target alloc initial:BTCUSDT-4.17%, ETHUSDT+0.00%, XRPUSDT-4.17%
-----
alloc target x rt%<0:BTCUSDT-0.00%, ETHUSDT+0.00%, XRPUSDT-4.17%
-----
           BTCUSDT ETHUSDT XRPUSDT
w_target     -4.2%    0.0%   -4.2%
rt_14h30     0.00%  -0.00%  -0.00%
w_target_f   -0.0%    0.0%   -4.2%
2024-04-24 00:30:48,690
Portfolio was rebalanced less than 2 hours ago, 1.0 hours ago
2024-04-24 00:30:48,692
Status: prev = SHORT <> SHORT = target
2024-04-24 00:30:48,692
the strat is currently running @ 24-04-2024 and the target positions is SHORT
the strat was previously run @ 2024-04-23 23:31:16, success:yes 
   and the current positions is SHORT
2024-04-24 00:30:49,912
positions_future #1
2024-04-24 00:30:49,912
      symbol  positionAmt entryPrice  ... adlQuantile AUMs_account        w%
130  XRPUSDT        -22.0     0.5483  ...           2        282.5 -0.042199

[1 rows x 12 columns]
2024-04-24 00:30:49,992
programm stoppeddd!!! 20240424_003049
