2023-07-23 11:00:30,585
ON program started 20230723 11:00:30,
US time: 20230723 07:00:30
2023-07-23 11:00:31,226
the strat is currently running @ 23-07-2023 and the target positions is NEUTRAL
2023-07-23 11:00:32,582
CURRENT STATUS IS NEUTRAL
-----
return before 14h30:
BTCUSDT+0.14%, ETHUSDT+0.28%, XRPUSDT+0.98%
-----
target alloc initial:BTCUSDT+0.00%, ETHUSDT+0.00%, XRPUSDT+0.00%
-----
alloc target x rt%<0:BTCUSDT+0.00%, ETHUSDT+0.00%, XRPUSDT+0.00%
-----
           BTCUSDT ETHUSDT XRPUSDT
w_target      0.0%    0.0%    0.0%
rt_14h30     0.00%   0.00%   0.01%
w_target_f    0.0%    0.0%    0.0%
2023-07-23 11:00:32,584
Portfolio was rebalanced less than 2 hours ago, 8.0 hours ago
2023-07-23 11:00:32,588
Status: prev = NEUTRAL <> NEUTRAL = target
2023-07-23 11:00:32,588
the strat is currently running @ 23-07-2023 and the target positions is NEUTRAL
the strat was previously run @ 2023-07-23 03:00:44 UTC, success:yes 
   and the current positions is NEUTRAL
2023-07-23 11:00:33,707
positions_future #0
2023-07-23 11:00:33,707
Empty DataFrame
Columns: [symbol, positionAmt, entryPrice, markPrice, unRealizedProfit, value_usd, updateTime, AUMs_account, w%]
Index: []
2023-07-23 11:00:33,709
programm stoppeddd!!! 20230723_110033
