2024-05-17 21:30:46,669
ON program started 20240517 21:30:46,
US time: 20240517 17:30:46
2024-05-17 21:30:47,315
the strat is currently running @ 17-05-2024 and the target positions is LONG
2024-05-17 21:30:49,169
CURRENT STATUS IS LONG
-----
return before 14h30:
BTCUSDT+1.09%, ETHUSDT+3.90%, XRPUSDT+1.24%
-----
target alloc initial:BTCUSDT+16.67%, ETHUSDT+16.67%, XRPUSDT+16.67%
-----
alloc target x rt%<0:BTCUSDT+16.67%, ETHUSDT+16.67%, XRPUSDT+16.67%
-----
           BTCUSDT ETHUSDT XRPUSDT
w_target     16.7%   16.7%   16.7%
rt_14h30     0.01%   0.04%   0.01%
w_target_f   16.7%   16.7%   16.7%
2024-05-17 21:30:49,170
Portfolio was rebalanced less than 2 hours ago, 1.0 hours ago
2024-05-17 21:30:49,172
Status: prev = LONG <> LONG = target
2024-05-17 21:30:49,172
the strat is currently running @ 17-05-2024 and the target positions is LONG
the strat was previously run @ 2024-05-17 20:30:50, success:yes 
   and the current positions is LONG
2024-05-17 21:30:50,389
positions_future #2
2024-05-17 21:30:50,389
      symbol  positionAmt entryPrice  ... adlQuantile AUMs_account        w%
134  XRPUSDT       89.900     0.5226  ...           2        279.2  0.168300
167  ETHUSDT        0.015    3078.74  ...           1        279.2  0.166154

[2 rows x 12 columns]
2024-05-17 21:30:50,484
programm stoppeddd!!! 20240517_213050
