2024-08-03 23:30:33,371
ON program started 20240803 23:30:33,
US time: 20240803 19:30:33
2024-08-03 23:30:33,813
the strat is currently running @ 03-08-2024 and the target positions is SHORT
2024-08-03 23:30:35,909
CURRENT STATUS IS SHORT, WE CHECK IF THE DAY IS A NEGATIVE ONE
-----
return before 14h30:
BTCUSDT+0.83%, ETHUSDT+0.59%, XRPUSDT+1.87%
-----
target alloc initial:BTCUSDT-4.17%, ETHUSDT+0.00%, XRPUSDT-4.17%
-----
alloc target x rt%<0:BTCUSDT-0.00%, ETHUSDT+0.00%, XRPUSDT-0.00%
-----
           BTCUSDT ETHUSDT XRPUSDT
w_target     -4.2%    0.0%   -4.2%
rt_14h30     0.01%   0.01%   0.02%
w_target_f   -0.0%    0.0%   -0.0%
2024-08-03 23:30:35,910
Portfolio was rebalanced less than 2 hours ago, 1.0 hours ago
2024-08-03 23:30:35,911
Status: prev = SHORT <> SHORT = target
2024-08-03 23:30:35,911
the strat is currently running @ 03-08-2024 and the target positions is SHORT
the strat was previously run @ 2024-08-03 22:30:56, success:? 
   and the current positions is SHORT
2024-08-03 23:30:36,472
positions_future #0
2024-08-03 23:30:36,472
Empty DataFrame
Columns: [symbol, positionAmt, entryPrice, breakEvenPrice, markPrice, unRealizedProfit, value_usd, updateTime, isolated, adlQuantile, AUMs_account, w%]
Index: []
2024-08-03 23:30:36,681
------------------------------
binance_account_balance
2024-08-03 23:30:36,681
  asset     balance  ...  marginAvailable   updateTime
4  USDT  294.034604  ...             True  03Aug-22:31

[1 rows x 8 columns]
2024-08-03 23:30:36,900
------------------------------
open_orders
2024-08-03 23:30:36,900
Empty DataFrame
Columns: []
Index: []
2024-08-03 23:30:37,517
------------------------------
AUMS account:294

2024-08-03 23:30:37,519
--------------- compute_futures_order_book() ----------------
2024-08-03 23:30:39,984
----------------------------------------------------------------------
#0 order(s) to place
gross$: 0$ | net$: +0$
gross%: 0% | net%: +0%
 || w>0%  +0% | w<0%  0%
----------------------------------------------------------------------
PTF Expo% 0.0% >> 0.0% (current>>target)
PTF expo $0.0 >> $0 (current>>target)
----------------------------------------------------------------------
2024-08-03 23:30:39,985
orders_ofthe_day
2024-08-03 23:30:39,985
Empty DataFrame
Columns: [ptf_usd, target_usd, totrd_usd, posttrd_usd, qty, posttrd_qty, posttrd_w, bid, ask, strategy]
Index: []
2024-08-03 23:30:40,046
Orders of the day is empty, current and target potfolios are aligned
2024-08-03 23:30:40,046
Program stopped
