2024-07-15 03:30:37,624
ON program started 20240715 03:30:37,
US time: 20240714 23:30:37
2024-07-15 03:30:38,082
the strat is currently running @ 15-07-2024 and the target positions is NEUTRAL
2024-07-15 03:30:39,388
CURRENT STATUS IS NEUTRAL
-----
return before 14h30:
BTCUSDT+2.67%, ETHUSDT+2.37%, XRPUSDT+1.52%
-----
target alloc initial:BTCUSDT+0.00%, ETHUSDT+0.00%, XRPUSDT+0.00%
-----
alloc target x rt%<0:BTCUSDT+0.00%, ETHUSDT+0.00%, XRPUSDT+0.00%
-----
           BTCUSDT ETHUSDT XRPUSDT
w_target      0.0%    0.0%    0.0%
rt_14h30     0.03%   0.02%   0.02%
w_target_f    0.0%    0.0%    0.0%
2024-07-15 03:30:39,389
Portfolio was rebalanced less than 2 hours ago, 1.0 hours ago
2024-07-15 03:30:39,390
Status: prev = NEUTRAL <> NEUTRAL = target
2024-07-15 03:30:39,390
the strat is currently running @ 15-07-2024 and the target positions is NEUTRAL
the strat was previously run @ 2024-07-15 02:30:45, success:yes 
   and the current positions is NEUTRAL
2024-07-15 03:30:39,963
positions_future #0
2024-07-15 03:30:39,964
Empty DataFrame
Columns: [symbol, positionAmt, entryPrice, breakEvenPrice, markPrice, unRealizedProfit, value_usd, updateTime, isolated, adlQuantile, AUMs_account, w%]
Index: []
2024-07-15 03:30:40,023
programm stoppeddd!!! 20240715_033040
