2024-01-07 21:31:01,529
ON program started 20240107 21:31:01,
US time: 20240107 16:31:01
2024-01-07 21:31:02,023
the strat is currently running @ 07-01-2024 and the target positions is LONG
2024-01-07 21:31:03,454
CURRENT STATUS IS LONG
-----
return before 14h30:
BTCUSDT+0.24%, ETHUSDT-0.16%, XRPUSDT-0.07%
-----
target alloc initial:BTCUSDT+16.67%, ETHUSDT+16.67%, XRPUSDT+16.67%
-----
alloc target x rt%<0:BTCUSDT+16.67%, ETHUSDT+16.67%, XRPUSDT+16.67%
-----
           BTCUSDT ETHUSDT XRPUSDT
w_target     16.7%   16.7%   16.7%
rt_14h30     0.00%  -0.00%  -0.00%
w_target_f   16.7%   16.7%   16.7%
2024-01-07 21:31:03,455
Portfolio was rebalanced less than 2 hours ago, 1.0 hours ago
2024-01-07 21:31:03,458
Status: prev = LONG <> LONG = target
2024-01-07 21:31:03,458
the strat is currently running @ 07-01-2024 and the target positions is LONG
the strat was previously run @ 2024-01-07 20:30:56 UTC, success:yes 
   and the current positions is LONG
2024-01-07 21:31:04,679
positions_future #2
2024-01-07 21:31:04,679
      symbol  positionAmt entryPrice  ... adlQuantile AUMs_account        w%
139  ETHUSDT        0.022    2244.24  ...           1        290.6  0.169668
111  XRPUSDT       86.500     0.5676  ...           1        290.6  0.168101

[2 rows x 12 columns]
2024-01-07 21:31:04,770
programm stoppeddd!!! 20240107_213104
