2023-12-03 20:30:33,054
ON program started 20231203 20:30:33,
US time: 20231203 15:30:33
2023-12-03 20:30:33,535
the strat is currently running @ 03-12-2023 and the target positions is LONG
2023-12-03 20:30:34,940
CURRENT STATUS IS LONG
-----
return before 14h30:
BTCUSDT+0.49%, ETHUSDT+0.23%, XRPUSDT+0.02%
-----
target alloc initial:BTCUSDT+16.67%, ETHUSDT+16.67%, XRPUSDT+16.67%
-----
alloc target x rt%<0:BTCUSDT+16.67%, ETHUSDT+16.67%, XRPUSDT+16.67%
-----
           BTCUSDT ETHUSDT XRPUSDT
w_target     16.7%   16.7%   16.7%
rt_14h30     0.00%   0.00%   0.00%
w_target_f   16.7%   16.7%   16.7%
2023-12-03 20:30:34,941
Portfolio was rebalanced less than 2 hours ago, 1.0 hours ago
2023-12-03 20:30:34,944
Status: prev = LONG <> LONG = target
2023-12-03 20:30:34,944
the strat is currently running @ 03-12-2023 and the target positions is LONG
the strat was previously run @ 2023-12-03 19:30:38 UTC, success:? 
   and the current positions is LONG
2023-12-03 20:30:36,158
positions_future #2
2023-12-03 20:30:36,158
      symbol  positionAmt entryPrice  ... adlQuantile AUMs_account        w%
124  XRPUSDT       77.600     0.6203  ...           2        288.7  0.167052
157  ETHUSDT        0.022    2166.45  ...           2        288.7  0.165145

[2 rows x 12 columns]
2023-12-03 20:30:36,399
------------------------------
binance_account_balance
2023-12-03 20:30:36,399
  asset     balance  ... marginAvailable   updateTime
5  USDT  288.586446  ...            True  03Dec-19:33

[1 rows x 8 columns]
2023-12-03 20:30:37,063
------------------------------
open_orders
2023-12-03 20:30:37,063
Empty DataFrame
Columns: []
Index: []
2023-12-03 20:30:37,712
------------------------------
AUMS account:288

2023-12-03 20:30:37,713
--------------- compute_futures_order_book() ----------------
2023-12-03 20:30:39,275
----------------------------------------------------------------------
#0 order(s) to place
gross$: 0$ | net$: +0$
gross%: 0% | net%: +0%
 || w>0%  +0% | w<0%  0%
----------------------------------------------------------------------
PTF Expo% 33.2% >> 50.0% (current>>target)
PTF expo $96.0 >> $144 (current>>target)
----------------------------------------------------------------------
2023-12-03 20:30:39,277
orders_ofthe_day
2023-12-03 20:30:39,277
Empty DataFrame
Columns: [ptf_usd, target_usd, totrd_usd, posttrd_usd, qty, posttrd_qty, posttrd_w, bid, ask]
Index: []
2023-12-03 20:30:39,364
Orders of the day is empty, current and target potfolios are aligned
2023-12-03 20:30:39,364
Program stopped
