2024-04-11 22:31:03,756
ON program started 20240411 22:31:03,
US time: 20240411 18:31:03
2024-04-11 22:31:04,273
the strat is currently running @ 11-04-2024 and the target positions is SHORT
2024-04-11 22:31:05,678
CURRENT STATUS IS SHORT, WE CHECK IF THE DAY IS A NEGATIVE ONE
-----
return before 14h30:
BTCUSDT-0.49%, ETHUSDT-0.55%, XRPUSDT-1.07%
-----
target alloc initial:BTCUSDT-4.17%, ETHUSDT+0.00%, XRPUSDT-4.17%
-----
alloc target x rt%<0:BTCUSDT-4.17%, ETHUSDT+0.00%, XRPUSDT-4.17%
-----
           BTCUSDT ETHUSDT XRPUSDT
w_target     -4.2%    0.0%   -4.2%
rt_14h30    -0.00%  -0.01%  -0.01%
w_target_f   -4.2%    0.0%   -4.2%
2024-04-11 22:31:05,679
Portfolio was rebalanced less than 2 hours ago, 1.0 hours ago
2024-04-11 22:31:05,680
Status: prev = SHORT <> LONG = target
2024-04-11 22:31:05,681
the strat is currently running @ 11-04-2024 and the target positions is SHORT
the strat was previously run @ 2024-04-11 21:30:50, success:yes 
   and the current positions is LONG
2024-04-11 22:31:06,907
positions_future #2
2024-04-11 22:31:06,907
      symbol  positionAmt entryPrice  ... adlQuantile AUMs_account        w%
161  ETHUSDT        0.014    3500.04  ...           2        289.7  0.169637
128  XRPUSDT       78.800     0.6087  ...           2        289.7  0.165675

[2 rows x 12 columns]
2024-04-11 22:31:07,150
------------------------------
binance_account_balance
2024-04-11 22:31:07,150
  asset     balance  ...  marginAvailable   updateTime
6  USDT  289.499125  ...             True  11Apr-18:33

[1 rows x 8 columns]
2024-04-11 22:31:07,817
------------------------------
open_orders
2024-04-11 22:31:07,817
Empty DataFrame
Columns: []
Index: []
2024-04-11 22:31:08,468
------------------------------
AUMS account:289

2024-04-11 22:31:08,470
--------------- compute_futures_order_book() ----------------
2024-04-11 22:31:10,024
----------------------------------------------------------------------
#2 order(s) to place
gross$: 109$ | net$: -109$
gross%: 38% | net%: -38%
 || w>0%  +0% | w<0%  -38%
----------------------------------------------------------------------
PTF Expo% 33.4% >> -8.3% (current>>target)
PTF expo $97.0 >> $-24 (current>>target)
----------------------------------------------------------------------
2024-04-11 22:31:10,026
orders_ofthe_day
2024-04-11 22:31:10,026
                  ptf_usd  target_usd  totrd_usd  ...        bid       ask strategy
2024-04-11 22:31                                  ...                              
XRPUSDT              48.0      -12.08      -60.0  ...     0.6089     0.609  STRATON
ETHUSDT              49.0        0.00      -49.0  ...  3510.1600  3510.170  STRATON

[2 rows x 10 columns]
2024-04-11 22:31:11,550
binance_place_orders_peg 20240411_223111
2024-04-11 22:31:11,989
{'orderId': 54504798818, 'symbol': 'XRPUSDT', 'status': 'NEW', 'clientOrderId': 'STRATON', 'price': '0.6093', 'avgPrice': '0.00', 'origQty': '98.5', 'executedQty': '0.0', 'cumQty': '0.0', 'cumQuote': '0.00000', 'timeInForce': 'GTC', 'type': 'LIMIT', 'reduceOnly': False, 'closePosition': False, 'side': 'SELL', 'positionSide': 'BOTH', 'stopPrice': '0.0000', 'workingType': 'CONTRACT_PRICE', 'priceProtect': False, 'origType': 'LIMIT', 'priceMatch': 'NONE', 'selfTradePreventionMode': 'NONE', 'goodTillDate': 0, 'updateTime': 1712874671876}
2024-04-11 22:31:12,432
{'orderId': 8389765671053237511, 'symbol': 'ETHUSDT', 'status': 'NEW', 'clientOrderId': 'STRATON', 'price': '3511.93', 'avgPrice': '0.00', 'origQty': '0.014', 'executedQty': '0.000', 'cumQty': '0.000', 'cumQuote': '0.00000', 'timeInForce': 'GTC', 'type': 'LIMIT', 'reduceOnly': False, 'closePosition': False, 'side': 'SELL', 'positionSide': 'BOTH', 'stopPrice': '0.00', 'workingType': 'CONTRACT_PRICE', 'priceProtect': False, 'origType': 'LIMIT', 'priceMatch': 'NONE', 'selfTradePreventionMode': 'NONE', 'goodTillDate': 0, 'updateTime': 1712874672316}
2024-04-11 22:31:13,988
update 0: filled 0 / 2 () | working 2 / 2 (-XRPUSDT,-ETHUSDT)
2024-04-11 22:31:17,989
-XRPUSDT: bp7.0|-ETHUSDT: bp5.0|
2024-04-11 22:31:18,864
update 1: filled 0 / 2 () | working 2 / 2 (-XRPUSDT,-ETHUSDT)
2024-04-11 22:31:22,865
-XRPUSDT: bp7.0|-ETHUSDT: bp5.0|
2024-04-11 22:31:23,741
update 2: filled 0 / 2 () | working 2 / 2 (-XRPUSDT,-ETHUSDT)
2024-04-11 22:31:27,742
-XRPUSDT: bp5.0|-ETHUSDT: bp6.0|
2024-04-11 22:31:28,616
update 3: filled 0 / 2 () | working 2 / 2 (-XRPUSDT,-ETHUSDT)
2024-04-11 22:31:32,617
-XRPUSDT: bp5.0|-ETHUSDT: bp9.0|
2024-04-11 22:31:33,491
update 4: filled 0 / 2 () | working 2 / 2 (-XRPUSDT,-ETHUSDT)
2024-04-11 22:31:37,492
-XRPUSDT: bp7.0|-ETHUSDT: bp8.0|
2024-04-11 22:31:38,366
update 5: filled 0 / 2 () | working 2 / 2 (-XRPUSDT,-ETHUSDT)
2024-04-11 22:31:42,366
-XRPUSDT: bp5.0|-ETHUSDT: bp7.0|
2024-04-11 22:31:43,240
update 6: filled 0 / 2 () | working 2 / 2 (-XRPUSDT,-ETHUSDT)
2024-04-11 22:31:47,241
-XRPUSDT: bp7.0|-ETHUSDT: bp7.0|
2024-04-11 22:31:48,114
update 7: filled 0 / 2 () | working 2 / 2 (-XRPUSDT,-ETHUSDT)
2024-04-11 22:31:52,115
-XRPUSDT: bp10.0|-ETHUSDT: bp10.0|
2024-04-11 22:31:52,990
update 8: filled 0 / 2 () | working 2 / 2 (-XRPUSDT,-ETHUSDT)
2024-04-11 22:31:56,990
-XRPUSDT: bp10.0|-ETHUSDT: bp9.0|
2024-04-11 22:31:57,865
update 9: filled 0 / 2 () | working 2 / 2 (-XRPUSDT,-ETHUSDT)
2024-04-11 22:32:01,866
-XRPUSDT: bp10.0|-ETHUSDT: bp8.0|
2024-04-11 22:32:02,746
update 10: filled 0 / 2 () | working 2 / 2 (-XRPUSDT,-ETHUSDT)
2024-04-11 22:32:06,747
-XRPUSDT: bp10.0|-ETHUSDT: bp7.0|
2024-04-11 22:32:07,621
update 11: filled 0 / 2 () | working 2 / 2 (-XRPUSDT,-ETHUSDT)
2024-04-11 22:32:11,622
-XRPUSDT: bp12.0|-ETHUSDT: bp6.0|
2024-04-11 22:32:12,497
update 12: filled 0 / 2 () | working 2 / 2 (-XRPUSDT,-ETHUSDT)
2024-04-11 22:32:16,498
-XRPUSDT: bp7.0|-ETHUSDT: bp6.0|
2024-04-11 22:32:17,373
update 13: filled 0 / 2 () | working 2 / 2 (-XRPUSDT,-ETHUSDT)
2024-04-11 22:32:21,374
-XRPUSDT: bp7.0|-ETHUSDT: bp5.0|
2024-04-11 22:32:22,247
update 14: filled 0 / 2 () | working 2 / 2 (-XRPUSDT,-ETHUSDT)
2024-04-11 22:32:26,248
-XRPUSDT: bp8.0|-ETHUSDT: bp5.0|
2024-04-11 22:32:26,248
Adjustment limit #1 ... 
 we cancel current orders and replace
2024-04-11 22:32:26,248
@+/-2.5bp limit 
2024-04-11 22:32:26,248
binance_cancel_and_replace_orders_peg 20240411_223226
2024-04-11 22:32:28,449
binance_place_orders_peg 20240411_223228
2024-04-11 22:32:28,892
{'orderId': 54504841201, 'symbol': 'XRPUSDT', 'status': 'NEW', 'clientOrderId': 'STRATON', 'price': '0.6091', 'avgPrice': '0.00', 'origQty': '98.5', 'executedQty': '0.0', 'cumQty': '0.0', 'cumQuote': '0.00000', 'timeInForce': 'GTC', 'type': 'LIMIT', 'reduceOnly': False, 'closePosition': False, 'side': 'SELL', 'positionSide': 'BOTH', 'stopPrice': '0.0000', 'workingType': 'CONTRACT_PRICE', 'priceProtect': False, 'origType': 'LIMIT', 'priceMatch': 'NONE', 'selfTradePreventionMode': 'NONE', 'goodTillDate': 0, 'updateTime': 1712874748776}
2024-04-11 22:32:29,334
{'orderId': 8389765671053445264, 'symbol': 'ETHUSDT', 'status': 'NEW', 'clientOrderId': 'STRATON', 'price': '3510.76', 'avgPrice': '0.00', 'origQty': '0.014', 'executedQty': '0.000', 'cumQty': '0.000', 'cumQuote': '0.00000', 'timeInForce': 'GTC', 'type': 'LIMIT', 'reduceOnly': False, 'closePosition': False, 'side': 'SELL', 'positionSide': 'BOTH', 'stopPrice': '0.00', 'workingType': 'CONTRACT_PRICE', 'priceProtect': False, 'origType': 'LIMIT', 'priceMatch': 'NONE', 'selfTradePreventionMode': 'NONE', 'goodTillDate': 0, 'updateTime': 1712874749219}
2024-04-11 22:32:30,219
update 0: filled 0 / 2 () | working 2 / 2 (-XRPUSDT,-ETHUSDT)
2024-04-11 22:32:34,219
-XRPUSDT: bp5.0|-ETHUSDT: bp3.0|
2024-04-11 22:32:35,092
update 1: filled 0 / 2 () | working 2 / 2 (-XRPUSDT,-ETHUSDT)
2024-04-11 22:32:39,092
-XRPUSDT: bp7.0|-ETHUSDT: bp2.0|
2024-04-11 22:32:39,969
update 2: filled 0 / 2 () | working 2 / 2 (-XRPUSDT,-ETHUSDT)
2024-04-11 22:32:43,970
-XRPUSDT: bp7.0|-ETHUSDT: bp2.0|
2024-04-11 22:32:44,841
update 3: filled 0 / 2 () | working 2 / 2 (-XRPUSDT,-ETHUSDT)
2024-04-11 22:32:48,842
-XRPUSDT: bp5.0|-ETHUSDT: bp2.0|
2024-04-11 22:32:49,714
update 4: filled 0 / 2 () | working 2 / 2 (-XRPUSDT,-ETHUSDT)
2024-04-11 22:32:53,714
-XRPUSDT: bp7.0|-ETHUSDT: bp3.0|
2024-04-11 22:32:54,588
update 5: filled 0 / 2 () | working 2 / 2 (-XRPUSDT,-ETHUSDT)
2024-04-11 22:32:58,588
-XRPUSDT: bp7.0|-ETHUSDT: bp3.0|
2024-04-11 22:32:59,459
update 6: filled 0 / 2 () | working 2 / 2 (-XRPUSDT,-ETHUSDT)
2024-04-11 22:33:03,460
-XRPUSDT: bp7.0|-ETHUSDT: bp3.0|
2024-04-11 22:33:04,335
update 7: filled 0 / 2 () | working 2 / 2 (-XRPUSDT,-ETHUSDT)
2024-04-11 22:33:08,336
-XRPUSDT: bp8.0|-ETHUSDT: bp3.0|
2024-04-11 22:33:09,215
update 8: filled 0 / 2 () | working 2 / 2 (-XRPUSDT,-ETHUSDT)
2024-04-11 22:33:13,215
-XRPUSDT: bp7.0|-ETHUSDT: bp3.0|
2024-04-11 22:33:14,088
update 9: filled 0 / 2 () | working 2 / 2 (-XRPUSDT,-ETHUSDT)
2024-04-11 22:33:18,089
-XRPUSDT: bp10.0|-ETHUSDT: bp5.0|
2024-04-11 22:33:18,969
update 10: filled 0 / 2 () | working 2 / 2 (-XRPUSDT,-ETHUSDT)
2024-04-11 22:33:22,970
-XRPUSDT: bp12.0|-ETHUSDT: bp5.0|
2024-04-11 22:33:23,842
update 11: filled 0 / 2 () | working 2 / 2 (-XRPUSDT,-ETHUSDT)
2024-04-11 22:33:27,843
-XRPUSDT: bp12.0|-ETHUSDT: bp5.0|
2024-04-11 22:33:28,718
update 12: filled 0 / 2 () | working 2 / 2 (-XRPUSDT,-ETHUSDT)
2024-04-11 22:33:32,719
-XRPUSDT: bp12.0|-ETHUSDT: bp8.0|
2024-04-11 22:33:33,592
update 13: filled 0 / 2 () | working 2 / 2 (-XRPUSDT,-ETHUSDT)
2024-04-11 22:33:37,592
-XRPUSDT: bp12.0|-ETHUSDT: bp8.0|
2024-04-11 22:33:38,466
update 14: filled 0 / 2 () | working 2 / 2 (-XRPUSDT,-ETHUSDT)
2024-04-11 22:33:42,467
-XRPUSDT: bp10.0|-ETHUSDT: bp7.0|
2024-04-11 22:33:42,467
Adjustment limit #2 ... 
 we cancel current orders and replace
2024-04-11 22:33:42,468
@+/-1.25bp limit 
2024-04-11 22:33:42,468
binance_cancel_and_replace_orders_peg 20240411_223342
2024-04-11 22:33:44,659
binance_place_orders_peg 20240411_223344
2024-04-11 22:33:45,096
{'orderId': 54504862320, 'symbol': 'XRPUSDT', 'status': 'NEW', 'clientOrderId': 'STRATON', 'price': '0.6086', 'avgPrice': '0.00', 'origQty': '98.5', 'executedQty': '0.0', 'cumQty': '0.0', 'cumQuote': '0.00000', 'timeInForce': 'GTC', 'type': 'LIMIT', 'reduceOnly': False, 'closePosition': False, 'side': 'SELL', 'positionSide': 'BOTH', 'stopPrice': '0.0000', 'workingType': 'CONTRACT_PRICE', 'priceProtect': False, 'origType': 'LIMIT', 'priceMatch': 'NONE', 'selfTradePreventionMode': 'NONE', 'goodTillDate': 0, 'updateTime': 1712874824984}
2024-04-11 22:33:45,537
{'orderId': 8389765671053608246, 'symbol': 'ETHUSDT', 'status': 'NEW', 'clientOrderId': 'STRATON', 'price': '3508.43', 'avgPrice': '0.00', 'origQty': '0.014', 'executedQty': '0.000', 'cumQty': '0.000', 'cumQuote': '0.00000', 'timeInForce': 'GTC', 'type': 'LIMIT', 'reduceOnly': False, 'closePosition': False, 'side': 'SELL', 'positionSide': 'BOTH', 'stopPrice': '0.00', 'workingType': 'CONTRACT_PRICE', 'priceProtect': False, 'origType': 'LIMIT', 'priceMatch': 'NONE', 'selfTradePreventionMode': 'NONE', 'goodTillDate': 0, 'updateTime': 1712874825421}
2024-04-11 22:33:46,421
update 0: filled 0 / 2 () | working 2 / 2 (-XRPUSDT,-ETHUSDT)
2024-04-11 22:33:50,422
-XRPUSDT: bp2.0|-ETHUSDT: bp1.0|
2024-04-11 22:33:51,297
update 1: filled 1 / 2 (-ETHUSDT) | working 1 / 2 (-XRPUSDT)
2024-04-11 22:33:55,298
-XRPUSDT: bp2.0|
2024-04-11 22:33:56,171
update 2: filled 2 / 2 (-XRPUSDT,-ETHUSDT) | working 0 / 2 ()
2024-04-11 22:34:02,608
Trades of the day
in$
as of: 11Apr 22:33>>22:33 (#trades: 2)
trade net: -109.0 (-37.6%), trade gross: +109.0 (+37.6%), BUY: +0.0 (+0.0%), SELL: -109.0 (-37.6%)
fees: $ 0.022 (2.0bp)
2024-04-11 22:34:03,062
Trades: 
Filled #2
______________________________________________
                   in$ | in bp 109 traded | in bp 289 AUMs
realizedPnl    +0.11   | +10     | +4     
PnLvsArrival   -0.05   | -5      | -2     
PnLvsLast      +0      | +0      | +0     
______________________________________________
                 | Value$ | PnL Arrival/Last 
______________________________________________
XRP:-98.5@0.6086 | -60$ | -0.03/0
ETH:-0.014@3508.43 | -49$ | -0.02/0
