2024-02-12 22:31:09,596
ON program started 20240212 22:31:09,
US time: 20240212 17:31:09
2024-02-12 22:31:10,087
the strat is currently running @ 12-02-2024 and the target positions is LONG
2024-02-12 22:31:11,475
CURRENT STATUS IS LONG
-----
return before 14h30:
BTCUSDT-0.72%, ETHUSDT-0.79%, XRPUSDT-1.54%
-----
target alloc initial:BTCUSDT+16.67%, ETHUSDT+16.67%, XRPUSDT+16.67%
-----
alloc target x rt%<0:BTCUSDT+16.67%, ETHUSDT+16.67%, XRPUSDT+16.67%
-----
           BTCUSDT ETHUSDT XRPUSDT
w_target     16.7%   16.7%   16.7%
rt_14h30    -0.01%  -0.01%  -0.02%
w_target_f   16.7%   16.7%   16.7%
2024-02-12 22:31:11,476
Portfolio was rebalanced less than 2 hours ago, 1.0 hours ago
2024-02-12 22:31:11,478
Status: prev = LONG <> LONG = target
2024-02-12 22:31:11,478
the strat is currently running @ 12-02-2024 and the target positions is LONG
the strat was previously run @ 2024-02-12 21:31:08, success:yes 
   and the current positions is LONG
2024-02-12 22:31:12,678
positions_future #2
2024-02-12 22:31:12,679
      symbol  positionAmt entryPrice  ... adlQuantile AUMs_account        w%
148  ETHUSDT        0.018    2629.43  ...           1        289.3  0.164660
119  XRPUSDT       89.600     0.5358  ...           1        289.3  0.164585

[2 rows x 12 columns]
2024-02-12 22:31:12,760
programm stoppeddd!!! 20240212_223112
