2023-07-30 12:30:30,746
ON program started 20230730 12:30:30,
US time: 20230730 08:30:30
2023-07-30 12:30:31,196
the strat is currently running @ 30-07-2023 and the target positions is NEUTRAL
2023-07-30 12:30:32,510
CURRENT STATUS IS NEUTRAL
-----
return before 14h30:
BTCUSDT+0.04%, ETHUSDT-0.09%, XRPUSDT+1.39%
-----
target alloc initial:BTCUSDT+0.00%, ETHUSDT+0.00%, XRPUSDT+0.00%
-----
alloc target x rt%<0:BTCUSDT+0.00%, ETHUSDT+0.00%, XRPUSDT+0.00%
-----
           BTCUSDT ETHUSDT XRPUSDT
w_target      0.0%    0.0%    0.0%
rt_14h30     0.00%  -0.00%   0.01%
w_target_f    0.0%    0.0%    0.0%
2023-07-30 12:30:32,512
Portfolio was rebalanced less than 2 hours ago, 24.0 hours ago
2023-07-30 12:30:32,515
Status: prev = NEUTRAL <> NEUTRAL = target
2023-07-30 12:30:32,515
the strat is currently running @ 30-07-2023 and the target positions is NEUTRAL
the strat was previously run @ 2023-07-25 12:30:37 UTC, success:yes 
   and the current positions is NEUTRAL
2023-07-30 12:30:33,591
positions_future #0
2023-07-30 12:30:33,591
Empty DataFrame
Columns: [symbol, positionAmt, entryPrice, markPrice, unRealizedProfit, value_usd, updateTime, AUMs_account, w%]
Index: []
2023-07-30 12:30:33,592
programm stoppeddd!!! 20230730_123033
