2023-08-19 23:30:55,163
ON program started 20230819 23:30:55,
US time: 20230819 19:30:55
2023-08-19 23:30:55,610
the strat is currently running @ 19-08-2023 and the target positions is SHORT
2023-08-19 23:30:56,951
CURRENT STATUS IS SHORT, WE CHECK IF THE DAY IS A NEGATIVE ONE
-----
return before 14h30:
BTCUSDT+0.46%, ETHUSDT+1.21%, XRPUSDT+2.73%
-----
target alloc initial:BTCUSDT-4.17%, ETHUSDT+0.00%, XRPUSDT-4.17%
-----
alloc target x rt%<0:BTCUSDT-0.00%, ETHUSDT+0.00%, XRPUSDT-0.00%
-----
           BTCUSDT ETHUSDT XRPUSDT
w_target     -4.2%    0.0%   -4.2%
rt_14h30     0.00%   0.01%   0.03%
w_target_f   -0.0%    0.0%   -0.0%
2023-08-19 23:30:56,953
Portfolio was rebalanced less than 2 hours ago, 0.8 hours ago
2023-08-19 23:30:56,956
Status: prev = SHORT <> SHORT = target
2023-08-19 23:30:56,956
the strat is currently running @ 19-08-2023 and the target positions is SHORT
the strat was previously run @ 2023-08-19 22:40:08 UTC, success:yes 
   and the current positions is SHORT
2023-08-19 23:30:58,037
positions_future #0
2023-08-19 23:30:58,037
Empty DataFrame
Columns: [symbol, positionAmt, entryPrice, markPrice, unRealizedProfit, value_usd, updateTime, AUMs_account, w%]
Index: []
2023-08-19 23:30:58,047
programm stoppeddd!!! 20230819_233058
