2024-03-03 21:30:46,381
ON program started 20240303 21:30:46,
US time: 20240303 16:30:46
2024-03-03 21:30:47,498
the strat is currently running @ 03-03-2024 and the target positions is LONG
2024-03-03 21:30:48,935
CURRENT STATUS IS LONG
-----
return before 14h30:
BTCUSDT+0.66%, ETHUSDT+0.22%, XRPUSDT-2.72%
-----
target alloc initial:BTCUSDT+16.67%, ETHUSDT+16.67%, XRPUSDT+16.67%
-----
alloc target x rt%<0:BTCUSDT+16.67%, ETHUSDT+16.67%, XRPUSDT+16.67%
-----
           BTCUSDT ETHUSDT XRPUSDT
w_target     16.7%   16.7%   16.7%
rt_14h30     0.01%   0.00%  -0.03%
w_target_f   16.7%   16.7%   16.7%
2024-03-03 21:30:48,937
Portfolio was rebalanced less than 2 hours ago, 1.0 hours ago
2024-03-03 21:30:48,939
Status: prev = LONG <> LONG = target
2024-03-03 21:30:48,939
the strat is currently running @ 03-03-2024 and the target positions is LONG
the strat was previously run @ 2024-03-03 20:31:07, success:yes 
   and the current positions is LONG
2024-03-03 21:30:50,164
positions_future #2
2024-03-03 21:30:50,164
      symbol  positionAmt entryPrice  ... adlQuantile AUMs_account        w%
123  XRPUSDT       78.100     0.6274  ...           1        293.4  0.167511
154  ETHUSDT        0.014    3469.31  ...           1        293.4  0.165694

[2 rows x 12 columns]
2024-03-03 21:30:50,252
programm stoppeddd!!! 20240303_213050
