2024-04-11 19:30:54,446
ON program started 20240411 19:30:54,
US time: 20240411 15:30:54
2024-04-11 19:30:55,001
the strat is currently running @ 11-04-2024 and the target positions is LONG
2024-04-11 19:30:57,689
CURRENT STATUS IS LONG
-----
return before 14h30:
BTCUSDT-0.49%, ETHUSDT-0.55%, XRPUSDT-1.07%
-----
target alloc initial:BTCUSDT+16.67%, ETHUSDT+16.67%, XRPUSDT+16.67%
-----
alloc target x rt%<0:BTCUSDT+16.67%, ETHUSDT+16.67%, XRPUSDT+16.67%
-----
           BTCUSDT ETHUSDT XRPUSDT
w_target     16.7%   16.7%   16.7%
rt_14h30    -0.00%  -0.01%  -0.01%
w_target_f   16.7%   16.7%   16.7%
2024-04-11 19:30:57,690
Portfolio was rebalanced less than 2 hours ago, 1.0 hours ago
2024-04-11 19:30:57,692
Status: prev = LONG <> LONG = target
2024-04-11 19:30:57,692
the strat is currently running @ 11-04-2024 and the target positions is LONG
the strat was previously run @ 2024-04-11 18:31:17, success:? 
   and the current positions is LONG
2024-04-11 19:30:58,909
positions_future #2
2024-04-11 19:30:58,909
      symbol  positionAmt entryPrice  ... adlQuantile AUMs_account        w%
161  ETHUSDT        0.014    3500.04  ...           2        289.9  0.169717
128  XRPUSDT       78.800     0.6087  ...           2        289.9  0.166200

[2 rows x 12 columns]
2024-04-11 19:30:59,159
------------------------------
binance_account_balance
2024-04-11 19:30:59,160
  asset     balance  ...  marginAvailable   updateTime
6  USDT  289.499125  ...             True  11Apr-18:33

[1 rows x 8 columns]
2024-04-11 19:30:59,831
------------------------------
open_orders
2024-04-11 19:30:59,831
Empty DataFrame
Columns: []
Index: []
2024-04-11 19:31:00,488
------------------------------
AUMS account:289

2024-04-11 19:31:00,491
--------------- compute_futures_order_book() ----------------
2024-04-11 19:31:02,065
----------------------------------------------------------------------
#0 order(s) to place
gross$: 0$ | net$: +0$
gross%: 0% | net%: +0%
 || w>0%  +0% | w<0%  0%
----------------------------------------------------------------------
PTF Expo% 33.4% >> 50.0% (current>>target)
PTF expo $97.0 >> $144 (current>>target)
----------------------------------------------------------------------
2024-04-11 19:31:02,066
orders_ofthe_day
2024-04-11 19:31:02,066
Empty DataFrame
Columns: [ptf_usd, target_usd, totrd_usd, posttrd_usd, qty, posttrd_qty, posttrd_w, bid, ask, strategy]
Index: []
2024-04-11 19:31:02,140
Orders of the day is empty, current and target potfolios are aligned
2024-04-11 19:31:02,140
Program stopped
