2024-04-06 00:30:55,867
ON program started 20240406 00:30:55,
US time: 20240405 20:30:55
2024-04-06 00:30:56,950
the strat is currently running @ 06-04-2024 and the target positions is SHORT
2024-04-06 00:30:58,351
CURRENT STATUS IS SHORT, WE CHECK IF THE DAY IS A NEGATIVE ONE
-----
return before 14h30:
BTCUSDT+0.06%, ETHUSDT+0.13%, XRPUSDT+0.03%
-----
target alloc initial:BTCUSDT-4.17%, ETHUSDT+0.00%, XRPUSDT-4.17%
-----
alloc target x rt%<0:BTCUSDT-0.00%, ETHUSDT+0.00%, XRPUSDT-0.00%
-----
           BTCUSDT ETHUSDT XRPUSDT
w_target     -4.2%    0.0%   -4.2%
rt_14h30     0.00%   0.00%   0.00%
w_target_f   -0.0%    0.0%   -0.0%
2024-04-06 00:30:58,352
Portfolio was rebalanced less than 2 hours ago, 1.0 hours ago
2024-04-06 00:30:58,354
Status: prev = SHORT <> SHORT = target
2024-04-06 00:30:58,354
the strat is currently running @ 06-04-2024 and the target positions is SHORT
the strat was previously run @ 2024-04-05 23:30:49, success:yes 
   and the current positions is SHORT
2024-04-06 00:30:58,931
positions_future #1
2024-04-06 00:30:58,931
      symbol  positionAmt entryPrice  ... adlQuantile AUMs_account       w%
125  XRPUSDT        -20.3     0.5876  ...           1        288.3 -0.04139

[1 rows x 12 columns]
2024-04-06 00:30:59,007
programm stoppeddd!!! 20240406_003059
