2024-05-11 21:31:02,080
ON program started 20240511 21:31:02,
US time: 20240511 17:31:02
2024-05-11 21:31:02,551
the strat is currently running @ 11-05-2024 and the target positions is LONG
2024-05-11 21:31:03,952
CURRENT STATUS IS LONG
-----
return before 14h30:
BTCUSDT+0.28%, ETHUSDT+0.13%, XRPUSDT+0.70%
-----
target alloc initial:BTCUSDT+16.67%, ETHUSDT+16.67%, XRPUSDT+16.67%
-----
alloc target x rt%<0:BTCUSDT+16.67%, ETHUSDT+16.67%, XRPUSDT+16.67%
-----
           BTCUSDT ETHUSDT XRPUSDT
w_target     16.7%   16.7%   16.7%
rt_14h30     0.00%   0.00%   0.01%
w_target_f   16.7%   16.7%   16.7%
2024-05-11 21:31:03,953
Portfolio was rebalanced less than 2 hours ago, 1.0 hours ago
2024-05-11 21:31:03,954
Status: prev = LONG <> LONG = target
2024-05-11 21:31:03,954
the strat is currently running @ 11-05-2024 and the target positions is LONG
the strat was previously run @ 2024-05-11 20:30:54, success:yes 
   and the current positions is LONG
2024-05-11 21:31:05,163
positions_future #2
2024-05-11 21:31:05,163
      symbol  positionAmt entryPrice  ... adlQuantile AUMs_account        w%
134  XRPUSDT       92.900     0.5065  ...           2        280.2  0.167861
167  ETHUSDT        0.016    2931.55  ...           1        280.2  0.166535

[2 rows x 12 columns]
2024-05-11 21:31:05,250
programm stoppeddd!!! 20240511_213105
