2023-11-05 02:30:53,321
ON program started 20231105 02:30:53,
US time: 20231104 22:30:53
2023-11-05 02:30:53,701
the strat is currently running @ 05-11-2023 and the target positions is NEUTRAL
2023-11-05 02:30:55,532
CURRENT STATUS IS NEUTRAL
-----
return before 14h30:
BTCUSDT+0.00%, ETHUSDT+0.00%, XRPUSDT+0.00%
-----
target alloc initial:BTCUSDT+0.00%, ETHUSDT+0.00%, XRPUSDT+0.00%
-----
alloc target x rt%<0:BTCUSDT+0.00%, ETHUSDT+0.00%, XRPUSDT+0.00%
-----
           BTCUSDT ETHUSDT XRPUSDT
w_target      0.0%    0.0%    0.0%
rt_14h30     0.00%   0.00%   0.00%
w_target_f    0.0%    0.0%    0.0%
2023-11-05 02:30:55,533
Portfolio was rebalanced less than 2 hours ago, 1.0 hours ago
2023-11-05 02:30:55,536
Status: prev = NEUTRAL <> SHORT = target
2023-11-05 02:30:55,536
the strat is currently running @ 05-11-2023 and the target positions is NEUTRAL
the strat was previously run @ 2023-11-05 01:31:03 UTC, success:yes 
   and the current positions is SHORT
2023-11-05 02:30:56,694
positions_future #0
2023-11-05 02:30:56,694
Empty DataFrame
Columns: [symbol, positionAmt, entryPrice, breakEvenPrice, markPrice, unRealizedProfit, value_usd, updateTime, isolated, adlQuantile, AUMs_account, w%]
Index: []
2023-11-05 02:30:56,918
------------------------------
binance_account_balance
2023-11-05 02:30:56,918
  asset     balance  ... marginAvailable   updateTime
5  USDT  288.290452  ...            True  04Nov-22:37

[1 rows x 8 columns]
2023-11-05 02:30:57,150
------------------------------
open_orders
2023-11-05 02:30:57,150
Empty DataFrame
Columns: []
Index: []
2023-11-05 02:30:57,806
------------------------------
AUMS account:288

2023-11-05 02:30:57,807
--------------- compute_futures_order_book() ----------------
2023-11-05 02:30:59,360
----------------------------------------------------------------------
#0 order(s) to place
gross$: 0$ | net$: +0$
gross%: 0% | net%: +0%
 || w>0%  +0% | w<0%  0%
----------------------------------------------------------------------
PTF Expo% 0.0% >> 0.0% (current>>target)
PTF expo $0.0 >> $0 (current>>target)
----------------------------------------------------------------------
2023-11-05 02:30:59,361
orders_ofthe_day
2023-11-05 02:30:59,361
Empty DataFrame
Columns: [ptf_usd, target_usd, totrd_usd, posttrd_usd, qty, posttrd_qty, posttrd_w, bid, ask]
Index: []
2023-11-05 02:30:59,368
Orders of the day is empty, current and target potfolios are aligned
2023-11-05 02:30:59,368
Program stopped
