2024-06-03 19:30:59,361
ON program started 20240603 19:30:59,
US time: 20240603 15:30:59
2024-06-03 19:30:59,887
the strat is currently running @ 03-06-2024 and the target positions is LONG
2024-06-03 19:31:01,202
CURRENT STATUS IS LONG
-----
return before 14h30:
BTCUSDT+3.00%, ETHUSDT+1.12%, XRPUSDT+1.54%
-----
target alloc initial:BTCUSDT+16.67%, ETHUSDT+16.67%, XRPUSDT+16.67%
-----
alloc target x rt%<0:BTCUSDT+16.67%, ETHUSDT+16.67%, XRPUSDT+16.67%
-----
           BTCUSDT ETHUSDT XRPUSDT
w_target     16.7%   16.7%   16.7%
rt_14h30     0.03%   0.01%   0.02%
w_target_f   16.7%   16.7%   16.7%
2024-06-03 19:31:01,204
Portfolio was rebalanced less than 2 hours ago, 1.0 hours ago
2024-06-03 19:31:01,206
Status: prev = LONG <> LONG = target
2024-06-03 19:31:01,206
the strat is currently running @ 03-06-2024 and the target positions is LONG
the strat was previously run @ 2024-06-03 18:30:38, success:? 
   and the current positions is LONG
2024-06-03 19:31:02,354
positions_future #2
2024-06-03 19:31:02,354
      symbol  positionAmt entryPrice  ... adlQuantile AUMs_account        w%
161  ETHUSDT        0.013    3789.42  ...           1        289.4  0.169567
128  XRPUSDT       92.300     0.5202  ...           2        289.4  0.166009

[2 rows x 12 columns]
2024-06-03 19:31:02,613
------------------------------
binance_account_balance
2024-06-03 19:31:02,613
  asset     balance  ...  marginAvailable   updateTime
6  USDT  289.594154  ...             True  03Jun-18:33

[1 rows x 8 columns]
2024-06-03 19:31:03,240
------------------------------
open_orders
2024-06-03 19:31:03,240
Empty DataFrame
Columns: []
Index: []
2024-06-03 19:31:03,845
------------------------------
AUMS account:289

2024-06-03 19:31:03,847
--------------- compute_futures_order_book() ----------------
2024-06-03 19:31:05,306
----------------------------------------------------------------------
#0 order(s) to place
gross$: 0$ | net$: +0$
gross%: 0% | net%: +0%
 || w>0%  +0% | w<0%  0%
----------------------------------------------------------------------
PTF Expo% 33.5% >> 50.0% (current>>target)
PTF expo $97.0 >> $144 (current>>target)
----------------------------------------------------------------------
2024-06-03 19:31:05,308
orders_ofthe_day
2024-06-03 19:31:05,308
Empty DataFrame
Columns: [ptf_usd, target_usd, totrd_usd, posttrd_usd, qty, posttrd_qty, posttrd_w, bid, ask, strategy]
Index: []
2024-06-03 19:31:05,396
Orders of the day is empty, current and target potfolios are aligned
2024-06-03 19:31:05,396
Program stopped
