2023-12-19 23:30:55,612
ON program started 20231219 23:30:55,
US time: 20231219 18:30:55
2023-12-19 23:30:56,505
the strat is currently running @ 19-12-2023 and the target positions is SHORT
2023-12-19 23:30:59,630
CURRENT STATUS IS SHORT, WE CHECK IF THE DAY IS A NEGATIVE ONE
-----
return before 14h30:
BTCUSDT-1.64%, ETHUSDT-2.91%, XRPUSDT-1.34%
-----
target alloc initial:BTCUSDT-4.17%, ETHUSDT+0.00%, XRPUSDT-4.17%
-----
alloc target x rt%<0:BTCUSDT-4.17%, ETHUSDT+0.00%, XRPUSDT-4.17%
-----
           BTCUSDT ETHUSDT XRPUSDT
w_target     -4.2%    0.0%   -4.2%
rt_14h30    -0.02%  -0.03%  -0.01%
w_target_f   -4.2%    0.0%   -4.2%
2023-12-19 23:30:59,632
Portfolio was rebalanced less than 2 hours ago, 1.0 hours ago
2023-12-19 23:30:59,635
Status: prev = SHORT <> LONG = target
2023-12-19 23:30:59,635
the strat is currently running @ 19-12-2023 and the target positions is SHORT
the strat was previously run @ 2023-12-19 22:30:42 UTC, success:yes 
   and the current positions is LONG
2023-12-19 23:31:00,879
positions_future #2
2023-12-19 23:31:00,879
      symbol  positionAmt entryPrice  ... adlQuantile AUMs_account        w%
108  XRPUSDT       81.000     0.6062  ...           1        292.0  0.167579
135  ETHUSDT        0.022    2187.07  ...           1        292.0  0.164050

[2 rows x 12 columns]
2023-12-19 23:31:01,128
------------------------------
binance_account_balance
2023-12-19 23:31:01,128
  asset     balance  ...  marginAvailable   updateTime
5  USDT  292.397854  ...             True  19Dec-19:34

[1 rows x 8 columns]
2023-12-19 23:31:01,798
------------------------------
open_orders
2023-12-19 23:31:01,798
Empty DataFrame
Columns: []
Index: []
2023-12-19 23:31:02,451
------------------------------
AUMS account:292

2023-12-19 23:31:02,454
--------------- compute_futures_order_book() ----------------
2023-12-19 23:31:04,006
----------------------------------------------------------------------
#2 order(s) to place
gross$: 109$ | net$: -109$
gross%: 37% | net%: -37%
 || w>0%  +0% | w<0%  -37%
----------------------------------------------------------------------
PTF Expo% 33.2% >> -8.3% (current>>target)
PTF expo $97.0 >> $-24 (current>>target)
----------------------------------------------------------------------
2023-12-19 23:31:04,007
orders_ofthe_day
2023-12-19 23:31:04,007
                  ptf_usd  target_usd  ...        bid        ask
2023-12-19 23:31                       ...                      
XRPUSDT              49.0      -12.18  ...     0.6041     0.6042
ETHUSDT              48.0        0.00  ...  2177.9300  2177.9400

[2 rows x 9 columns]
2023-12-19 23:31:05,633
binance_place_orders_peg 20231219_233105
2023-12-19 23:31:06,072
{'orderId': 47103716890, 'symbol': 'XRPUSDT', 'status': 'NEW', 'clientOrderId': 'j94Eo8cotkwiVfHnC87XlW', 'price': '0.6046', 'avgPrice': '0.00', 'origQty': '101.0', 'executedQty': '0.0', 'cumQty': '0.0', 'cumQuote': '0.00000', 'timeInForce': 'GTC', 'type': 'LIMIT', 'reduceOnly': False, 'closePosition': False, 'side': 'SELL', 'positionSide': 'BOTH', 'stopPrice': '0.0000', 'workingType': 'CONTRACT_PRICE', 'priceProtect': False, 'origType': 'LIMIT', 'priceMatch': 'NONE', 'selfTradePreventionMode': 'NONE', 'goodTillDate': 0, 'updateTime': 1703028665962}
2023-12-19 23:31:06,511
{'orderId': 8389765636354507708, 'symbol': 'ETHUSDT', 'status': 'NEW', 'clientOrderId': 'xLb1TG8IIUO9xtlu3GYK7E', 'price': '2179.17', 'avgPrice': '0.00', 'origQty': '0.022', 'executedQty': '0.000', 'cumQty': '0.000', 'cumQuote': '0.00000', 'timeInForce': 'GTC', 'type': 'LIMIT', 'reduceOnly': False, 'closePosition': False, 'side': 'SELL', 'positionSide': 'BOTH', 'stopPrice': '0.00', 'workingType': 'CONTRACT_PRICE', 'priceProtect': False, 'origType': 'LIMIT', 'priceMatch': 'NONE', 'selfTradePreventionMode': 'NONE', 'goodTillDate': 0, 'updateTime': 1703028666400}
2023-12-19 23:31:08,102
update 0: filled 0 / 2 () | working 2 / 2 (-XRPUSDT,-ETHUSDT)
2023-12-19 23:31:12,103
-XRPUSDT: bp7.0|-ETHUSDT: bp5.0|
2023-12-19 23:31:12,979
update 1: filled 0 / 2 () | working 2 / 2 (-XRPUSDT,-ETHUSDT)
2023-12-19 23:31:16,979
-XRPUSDT: bp5.0|-ETHUSDT: bp5.0|
2023-12-19 23:31:17,855
update 2: filled 0 / 2 () | working 2 / 2 (-XRPUSDT,-ETHUSDT)
2023-12-19 23:31:21,855
-XRPUSDT: bp5.0|-ETHUSDT: bp5.0|
2023-12-19 23:31:22,729
update 3: filled 0 / 2 () | working 2 / 2 (-XRPUSDT,-ETHUSDT)
2023-12-19 23:31:26,730
-XRPUSDT: bp5.0|-ETHUSDT: bp5.0|
2023-12-19 23:31:27,607
update 4: filled 0 / 2 () | working 2 / 2 (-XRPUSDT,-ETHUSDT)
2023-12-19 23:31:31,608
-XRPUSDT: bp3.0|-ETHUSDT: bp4.0|
2023-12-19 23:31:32,481
update 5: filled 0 / 2 () | working 2 / 2 (-XRPUSDT,-ETHUSDT)
2023-12-19 23:31:36,482
-XRPUSDT: bp2.0|-ETHUSDT: bp4.0|
2023-12-19 23:31:37,355
update 6: filled 0 / 2 () | working 2 / 2 (-XRPUSDT,-ETHUSDT)
2023-12-19 23:31:41,356
-XRPUSDT: bp3.0|-ETHUSDT: bp4.0|
2023-12-19 23:31:42,235
update 7: filled 0 / 2 () | working 2 / 2 (-XRPUSDT,-ETHUSDT)
2023-12-19 23:31:46,236
-XRPUSDT: bp2.0|-ETHUSDT: bp4.0|
2023-12-19 23:31:47,109
update 8: filled 0 / 2 () | working 2 / 2 (-XRPUSDT,-ETHUSDT)
2023-12-19 23:31:51,110
-XRPUSDT: bp2.0|-ETHUSDT: bp3.0|
2023-12-19 23:31:51,987
update 9: filled 0 / 2 () | working 2 / 2 (-XRPUSDT,-ETHUSDT)
2023-12-19 23:31:55,988
-XRPUSDT: bp2.0|-ETHUSDT: bp3.0|
2023-12-19 23:31:56,864
update 10: filled 0 / 2 () | working 2 / 2 (-XRPUSDT,-ETHUSDT)
2023-12-19 23:32:00,864
-XRPUSDT: bp0.0|-ETHUSDT: bp3.0|
2023-12-19 23:32:01,744
update 11: filled 0 / 2 () | working 2 / 2 (-XRPUSDT,-ETHUSDT)
2023-12-19 23:32:05,744
-XRPUSDT: bp3.0|-ETHUSDT: bp3.0|
2023-12-19 23:32:06,620
update 12: filled 0 / 2 () | working 2 / 2 (-XRPUSDT,-ETHUSDT)
2023-12-19 23:32:10,621
-XRPUSDT: bp2.0|-ETHUSDT: bp4.0|
2023-12-19 23:32:11,495
update 13: filled 0 / 2 () | working 2 / 2 (-XRPUSDT,-ETHUSDT)
2023-12-19 23:32:15,496
-XRPUSDT: bp2.0|-ETHUSDT: bp4.0|
2023-12-19 23:32:16,369
update 14: filled 1 / 2 (-XRPUSDT) | working 1 / 2 (-ETHUSDT)
2023-12-19 23:32:20,370
-ETHUSDT: bp4.0|
2023-12-19 23:32:20,370
Adjustment limit #1 ... 
 we cancel current orders and replace
2023-12-19 23:32:20,370
@+/-2.5bp limit 
2023-12-19 23:32:20,370
binance_cancel_and_replace_orders_peg 20231219_233220
2023-12-19 23:32:21,686
binance_place_orders_peg 20231219_233221
2023-12-19 23:32:22,126
{'orderId': 8389765636354653273, 'symbol': 'ETHUSDT', 'status': 'NEW', 'clientOrderId': 'xLb1TG8IIUO9xtlu3GYK7E', 'price': '2178.90', 'avgPrice': '0.00', 'origQty': '0.022', 'executedQty': '0.000', 'cumQty': '0.000', 'cumQuote': '0.00000', 'timeInForce': 'GTC', 'type': 'LIMIT', 'reduceOnly': False, 'closePosition': False, 'side': 'SELL', 'positionSide': 'BOTH', 'stopPrice': '0.00', 'workingType': 'CONTRACT_PRICE', 'priceProtect': False, 'origType': 'LIMIT', 'priceMatch': 'NONE', 'selfTradePreventionMode': 'NONE', 'goodTillDate': 0, 'updateTime': 1703028742014}
2023-12-19 23:32:23,001
update 0: filled 1 / 2 (-XRPUSDT) | working 1 / 2 (-ETHUSDT)
2023-12-19 23:32:27,002
-ETHUSDT: bp2.0|
2023-12-19 23:32:27,878
update 1: filled 1 / 2 (-XRPUSDT) | working 1 / 2 (-ETHUSDT)
2023-12-19 23:32:31,879
-ETHUSDT: bp2.0|
2023-12-19 23:32:32,754
update 2: filled 1 / 2 (-XRPUSDT) | working 1 / 2 (-ETHUSDT)
2023-12-19 23:32:36,755
-ETHUSDT: bp3.0|
2023-12-19 23:32:37,629
update 3: filled 1 / 2 (-XRPUSDT) | working 1 / 2 (-ETHUSDT)
2023-12-19 23:32:41,630
-ETHUSDT: bp2.0|
2023-12-19 23:32:42,506
update 4: filled 1 / 2 (-XRPUSDT) | working 1 / 2 (-ETHUSDT)
2023-12-19 23:32:46,507
-ETHUSDT: bp2.0|
2023-12-19 23:32:47,383
update 5: filled 1 / 2 (-XRPUSDT) | working 1 / 2 (-ETHUSDT)
2023-12-19 23:32:51,384
-ETHUSDT: bp3.0|
2023-12-19 23:32:52,257
update 6: filled 1 / 2 (-XRPUSDT) | working 1 / 2 (-ETHUSDT)
2023-12-19 23:32:56,258
-ETHUSDT: bp3.0|
2023-12-19 23:32:57,134
update 7: filled 1 / 2 (-XRPUSDT) | working 1 / 2 (-ETHUSDT)
2023-12-19 23:33:01,135
-ETHUSDT: bp3.0|
2023-12-19 23:33:02,010
update 8: filled 1 / 2 (-XRPUSDT) | working 1 / 2 (-ETHUSDT)
2023-12-19 23:33:06,011
-ETHUSDT: bp2.0|
2023-12-19 23:33:06,890
update 9: filled 1 / 2 (-XRPUSDT) | working 1 / 2 (-ETHUSDT)
2023-12-19 23:33:10,891
-ETHUSDT: bp3.0|
2023-12-19 23:33:11,764
update 10: filled 1 / 2 (-XRPUSDT) | working 1 / 2 (-ETHUSDT)
2023-12-19 23:33:15,765
-ETHUSDT: bp2.0|
2023-12-19 23:33:16,637
update 11: filled 2 / 2 (-XRPUSDT,-ETHUSDT) | working 0 / 2 ()
2023-12-19 23:33:22,635
Trades of the day
in$
as of: 19Dec 23:32>>23:33 (#trades: 2)
trade net: -109.0 (-37.3%), trade gross: +109.0 (+37.3%), BUY: +0.0 (+0.0%), SELL: -109.0 (-37.3%)
fees: $ 0.022 (2.0bp)
2023-12-19 23:33:23,090
Trades: 
Filled #2
______________________________________________
                   in$ | in bp 109 traded | in bp 292 AUMs
realizedPnl    -0.31   | -28     | -11    
PnLvsArrival   +0.07   | +6      | +2     
PnLvsLast      -0.01   | -1      | -0     
______________________________________________
                 | Value$ | PnL Arrival/Last 
______________________________________________
XRP:-101@0.6046 | -61$ | 0.05/-0.01
ETH:-0.022@2178.9 | -48$ | 0.02/-0
