2023-08-05 19:31:04,096
ON program started 20230805 19:31:04,
US time: 20230805 15:31:04
2023-08-05 19:31:04,516
the strat is currently running @ 05-08-2023 and the target positions is LONG
2023-08-05 19:31:06,251
CURRENT STATUS IS LONG
-----
return before 14h30:
BTCUSDT-0.10%, ETHUSDT+0.10%, XRPUSDT+0.40%
-----
target alloc initial:BTCUSDT+16.67%, ETHUSDT+16.67%, XRPUSDT+16.67%
-----
alloc target x rt%<0:BTCUSDT+16.67%, ETHUSDT+16.67%, XRPUSDT+16.67%
-----
           BTCUSDT ETHUSDT XRPUSDT
w_target     16.7%   16.7%   16.7%
rt_14h30    -0.00%   0.00%   0.00%
w_target_f   16.7%   16.7%   16.7%
2023-08-05 19:31:06,253
Portfolio was rebalanced less than 2 hours ago, 0.9 hours ago
2023-08-05 19:31:06,256
Status: prev = LONG <> LONG = target
2023-08-05 19:31:06,256
the strat is currently running @ 05-08-2023 and the target positions is LONG
the strat was previously run @ 2023-08-05 18:35:37 UTC, success:yes 
   and the current positions is LONG
2023-08-05 19:31:07,336
positions_future #3
2023-08-05 19:31:07,336
      symbol  positionAmt entryPrice  ...   updateTime  AUMs_account        w%
219  BTCUSDT        0.002    29059.5  ...  05Aug-18:34         291.5  0.199384
108  XRPUSDT       77.500     0.6274  ...  05Aug-18:32         291.5  0.166967
134  ETHUSDT        0.026    1835.54  ...  05Aug-18:35         291.5  0.163770

[3 rows x 9 columns]
2023-08-05 19:31:07,362
programm stoppeddd!!! 20230805_193107
