2024-01-17 21:31:13,499
ON program started 20240117 21:31:13,
US time: 20240117 16:31:13
2024-01-17 21:31:15,092
the strat is currently running @ 17-01-2024 and the target positions is LONG
2024-01-17 21:31:16,552
CURRENT STATUS IS LONG
-----
return before 14h30:
BTCUSDT-0.56%, ETHUSDT-1.40%, XRPUSDT-0.94%
-----
target alloc initial:BTCUSDT+16.67%, ETHUSDT+16.67%, XRPUSDT+16.67%
-----
alloc target x rt%<0:BTCUSDT+16.67%, ETHUSDT+16.67%, XRPUSDT+16.67%
-----
           BTCUSDT ETHUSDT XRPUSDT
w_target     16.7%   16.7%   16.7%
rt_14h30    -0.01%  -0.01%  -0.01%
w_target_f   16.7%   16.7%   16.7%
2024-01-17 21:31:16,553
Portfolio was rebalanced less than 2 hours ago, 1.0 hours ago
2024-01-17 21:31:16,556
Status: prev = LONG <> LONG = target
2024-01-17 21:31:16,556
the strat is currently running @ 17-01-2024 and the target positions is LONG
the strat was previously run @ 2024-01-17 20:30:52 UTC, success:yes 
   and the current positions is LONG
2024-01-17 21:31:17,817
positions_future #2
2024-01-17 21:31:17,817
      symbol  positionAmt entryPrice  ... adlQuantile AUMs_account        w%
141  ETHUSDT        0.019    2537.24  ...           2        290.0  0.166414
113  XRPUSDT       84.100     0.5707  ...           2        290.0  0.165803

[2 rows x 12 columns]
2024-01-17 21:31:17,922
programm stoppeddd!!! 20240117_213117
