2024-07-02 19:31:10,201
ON program started 20240702 19:31:10,
US time: 20240702 15:31:10
2024-07-02 19:31:11,122
the strat is currently running @ 02-07-2024 and the target positions is LONG
2024-07-02 19:31:12,437
CURRENT STATUS IS LONG
-----
return before 14h30:
BTCUSDT-0.43%, ETHUSDT-0.11%, XRPUSDT+1.97%
-----
target alloc initial:BTCUSDT+16.67%, ETHUSDT+16.67%, XRPUSDT+16.67%
-----
alloc target x rt%<0:BTCUSDT+16.67%, ETHUSDT+16.67%, XRPUSDT+16.67%
-----
           BTCUSDT ETHUSDT XRPUSDT
w_target     16.7%   16.7%   16.7%
rt_14h30    -0.00%  -0.00%   0.02%
w_target_f   16.7%   16.7%   16.7%
2024-07-02 19:31:12,438
Portfolio was rebalanced less than 2 hours ago, 1.0 hours ago
2024-07-02 19:31:12,440
Status: prev = LONG <> LONG = target
2024-07-02 19:31:12,440
the strat is currently running @ 02-07-2024 and the target positions is LONG
the strat was previously run @ 2024-07-02 18:30:56, success:? 
   and the current positions is LONG
2024-07-02 19:31:13,571
positions_future #2
2024-07-02 19:31:13,571
      symbol  positionAmt entryPrice  ... adlQuantile AUMs_account        w%
131  XRPUSDT      101.400     0.4828  ...           2        291.4  0.168031
165  ETHUSDT        0.014    3428.22  ...           1        291.4  0.164384

[2 rows x 12 columns]
2024-07-02 19:31:13,799
------------------------------
binance_account_balance
2024-07-02 19:31:13,799
  asset     balance  ...  marginAvailable   updateTime
4  USDT  291.491863  ...             True  02Jul-18:31

[1 rows x 8 columns]
2024-07-02 19:31:14,429
------------------------------
open_orders
2024-07-02 19:31:14,431
Empty DataFrame
Columns: []
Index: []
2024-07-02 19:31:15,042
------------------------------
AUMS account:291

2024-07-02 19:31:15,045
--------------- compute_futures_order_book() ----------------
2024-07-02 19:31:16,507
----------------------------------------------------------------------
#0 order(s) to place
gross$: 0$ | net$: +0$
gross%: 0% | net%: +0%
 || w>0%  +0% | w<0%  0%
----------------------------------------------------------------------
PTF Expo% 33.2% >> 50.0% (current>>target)
PTF expo $97.0 >> $145 (current>>target)
----------------------------------------------------------------------
2024-07-02 19:31:16,508
orders_ofthe_day
2024-07-02 19:31:16,509
Empty DataFrame
Columns: [ptf_usd, target_usd, totrd_usd, posttrd_usd, qty, posttrd_qty, posttrd_w, bid, ask, strategy]
Index: []
2024-07-02 19:31:16,571
Orders of the day is empty, current and target potfolios are aligned
2024-07-02 19:31:16,572
Program stopped
