2023-08-04 22:30:37,548
ON program started 20230804 22:30:37,
US time: 20230804 18:30:37
2023-08-04 22:30:37,991
the strat is currently running @ 04-08-2023 and the target positions is SHORT
2023-08-04 22:30:39,325
CURRENT STATUS IS SHORT, WE CHECK IF THE DAY IS A NEGATIVE ONE
-----
return before 14h30:
BTCUSDT+0.13%, ETHUSDT+0.38%, XRPUSDT-0.36%
-----
target alloc initial:BTCUSDT-4.17%, ETHUSDT+0.00%, XRPUSDT-4.17%
-----
alloc target x rt%<0:BTCUSDT-0.00%, ETHUSDT+0.00%, XRPUSDT-4.17%
-----
           BTCUSDT ETHUSDT XRPUSDT
w_target     -4.2%    0.0%   -4.2%
rt_14h30     0.00%   0.00%  -0.00%
w_target_f   -0.0%    0.0%   -4.2%
2023-08-04 22:30:39,326
Portfolio was rebalanced less than 2 hours ago, 1.0 hours ago
2023-08-04 22:30:39,329
Status: prev = SHORT <> LONG = target
2023-08-04 22:30:39,329
the strat is currently running @ 04-08-2023 and the target positions is SHORT
the strat was previously run @ 2023-08-04 21:30:57 UTC, success:yes 
   and the current positions is LONG
2023-08-04 22:30:40,451
positions_future #2
2023-08-04 22:30:40,451
      symbol  positionAmt entryPrice  ...   updateTime  AUMs_account        w%
219  BTCUSDT        0.002    29104.5  ...  04Aug-18:32         291.2  0.199636
134  ETHUSDT        0.027    1834.44  ...  04Aug-18:32         291.2  0.169679

[2 rows x 9 columns]
2023-08-04 22:30:40,675
------------------------------
binance_account_balance
2023-08-04 22:30:40,675
  asset     balance withdrawAvailable   updateTime
5  USDT  291.393357      285.81847762  04Aug-20:37
2023-08-04 22:30:41,304
------------------------------
open_orders
2023-08-04 22:30:41,304
                                      0                           1
symbol                          BTCUSDT                     ETHUSDT
status                              NEW                         NEW
price                                 0                           0
avgPrice                              0                           0
origQty                           0.002                       0.027
executedQty                           0                           0
type                        STOP_MARKET                 STOP_MARKET
side                               SELL                        SELL
stopPrice                      27646.70                     1742.79
time         2023-08-04 18:32:56.831000  2023-08-04 18:32:57.246000
updateTime   2023-08-04 18:32:56.831000  2023-08-04 18:32:57.246000
2023-08-04 22:30:43,816
------------------------------
AUMS account:291

2023-08-04 22:30:43,818
--------------- compute_futures_order_book() ----------------
2023-08-04 22:30:45,076
----------------------------------------------------------------------
#3 order(s) to place
gross$: 119$ | net$: -119$
gross%: 41% | net%: -41%
 || w>0%  +0% | w<0%  -41%
----------------------------------------------------------------------
PTF Expo% 36.7% >> -4.1% (current>>target)
PTF expo $107.0 >> $-12 (current>>target)
----------------------------------------------------------------------
2023-08-04 22:30:45,078
orders_ofthe_day
2023-08-04 22:30:45,078
                  ptf_usd  target_usd  ...         bid         ask
2023-08-04 22:30                       ...                        
BTCUSDT              58.0       -0.00  ...  29065.6000  29065.7000
ETHUSDT              49.0        0.00  ...   1830.0000   1830.0100
XRPUSDT               0.0      -12.14  ...      0.6358      0.6359

[3 rows x 9 columns]
2023-08-04 22:30:46,653
binance_place_orders_peg 20230804_223046
2023-08-04 22:30:47,063
{'orderId': 177761908569, 'symbol': 'BTCUSDT', 'status': 'NEW', 'clientOrderId': 'ZAQbd0B6CiLsrA3Mzt11i1', 'price': '29080.20', 'avgPrice': '0.00', 'origQty': '0.002', 'executedQty': '0.000', 'cumQty': '0.000', 'cumQuote': '0.00000', 'timeInForce': 'GTC', 'type': 'LIMIT', 'reduceOnly': False, 'closePosition': False, 'side': 'SELL', 'positionSide': 'BOTH', 'stopPrice': '0.00', 'workingType': 'CONTRACT_PRICE', 'priceProtect': False, 'origType': 'LIMIT', 'updateTime': 1691188246958}
2023-08-04 22:30:47,473
{'orderId': 8389765611438112543, 'symbol': 'ETHUSDT', 'status': 'NEW', 'clientOrderId': 'k3r1N6oGYlFP70XGZNzfPx', 'price': '1830.93', 'avgPrice': '0.00', 'origQty': '0.027', 'executedQty': '0.000', 'cumQty': '0.000', 'cumQuote': '0.00000', 'timeInForce': 'GTC', 'type': 'LIMIT', 'reduceOnly': False, 'closePosition': False, 'side': 'SELL', 'positionSide': 'BOTH', 'stopPrice': '0.00', 'workingType': 'CONTRACT_PRICE', 'priceProtect': False, 'origType': 'LIMIT', 'updateTime': 1691188247370}
2023-08-04 22:30:47,883
{'orderId': 38812918384, 'symbol': 'XRPUSDT', 'status': 'NEW', 'clientOrderId': '9WNZdTH97wGwRMzDQOpjLK', 'price': '0.6361', 'avgPrice': '0.00', 'origQty': '19.1', 'executedQty': '0.0', 'cumQty': '0.0', 'cumQuote': '0.00000', 'timeInForce': 'GTC', 'type': 'LIMIT', 'reduceOnly': False, 'closePosition': False, 'side': 'SELL', 'positionSide': 'BOTH', 'stopPrice': '0.0000', 'workingType': 'CONTRACT_PRICE', 'priceProtect': False, 'origType': 'LIMIT', 'updateTime': 1691188247780}
2023-08-04 22:30:49,111
update 0: filled 0 / 3 () | working 3 / 3 (-BTCUSDT,-ETHUSDT,-XRPUSDT)
2023-08-04 22:30:53,112
-BTCUSDT: bp5.0|-ETHUSDT: bp5.0|-XRPUSDT: bp5.0|
2023-08-04 22:30:54,343
update 1: filled 0 / 3 () | working 3 / 3 (-BTCUSDT,-ETHUSDT,-XRPUSDT)
2023-08-04 22:30:58,344
-BTCUSDT: bp5.0|-ETHUSDT: bp6.0|-XRPUSDT: bp6.0|
2023-08-04 22:30:59,572
update 2: filled 0 / 3 () | working 3 / 3 (-BTCUSDT,-ETHUSDT,-XRPUSDT)
2023-08-04 22:31:03,573
-BTCUSDT: bp5.0|-ETHUSDT: bp6.0|-XRPUSDT: bp6.0|
2023-08-04 22:31:04,800
update 3: filled 0 / 3 () | working 3 / 3 (-BTCUSDT,-ETHUSDT,-XRPUSDT)
2023-08-04 22:31:08,801
-BTCUSDT: bp6.0|-ETHUSDT: bp7.0|-XRPUSDT: bp11.0|
2023-08-04 22:31:10,029
update 4: filled 0 / 3 () | working 3 / 3 (-BTCUSDT,-ETHUSDT,-XRPUSDT)
2023-08-04 22:31:14,029
-BTCUSDT: bp6.0|-ETHUSDT: bp8.0|-XRPUSDT: bp11.0|
2023-08-04 22:31:15,257
update 5: filled 0 / 3 () | working 3 / 3 (-BTCUSDT,-ETHUSDT,-XRPUSDT)
2023-08-04 22:31:19,257
-BTCUSDT: bp6.0|-ETHUSDT: bp8.0|-XRPUSDT: bp11.0|
2023-08-04 22:31:20,485
update 6: filled 0 / 3 () | working 3 / 3 (-BTCUSDT,-ETHUSDT,-XRPUSDT)
2023-08-04 22:31:24,486
-BTCUSDT: bp6.0|-ETHUSDT: bp8.0|-XRPUSDT: bp17.0|
2023-08-04 22:31:25,712
update 7: filled 0 / 3 () | working 3 / 3 (-BTCUSDT,-ETHUSDT,-XRPUSDT)
2023-08-04 22:31:29,713
-BTCUSDT: bp6.0|-ETHUSDT: bp9.0|-XRPUSDT: bp16.0|
2023-08-04 22:31:30,941
update 8: filled 0 / 3 () | working 3 / 3 (-BTCUSDT,-ETHUSDT,-XRPUSDT)
2023-08-04 22:31:34,942
-BTCUSDT: bp6.0|-ETHUSDT: bp9.0|-XRPUSDT: bp16.0|
2023-08-04 22:31:36,171
update 9: filled 0 / 3 () | working 3 / 3 (-BTCUSDT,-ETHUSDT,-XRPUSDT)
2023-08-04 22:31:40,172
-BTCUSDT: bp7.0|-ETHUSDT: bp9.0|-XRPUSDT: bp22.0|
2023-08-04 22:31:41,400
update 10: filled 0 / 3 () | working 3 / 3 (-BTCUSDT,-ETHUSDT,-XRPUSDT)
2023-08-04 22:31:45,401
-BTCUSDT: bp7.0|-ETHUSDT: bp10.0|-XRPUSDT: bp24.0|
2023-08-04 22:31:46,629
update 11: filled 0 / 3 () | working 3 / 3 (-BTCUSDT,-ETHUSDT,-XRPUSDT)
2023-08-04 22:31:50,629
-BTCUSDT: bp7.0|-ETHUSDT: bp10.0|-XRPUSDT: bp24.0|
2023-08-04 22:31:51,856
update 12: filled 0 / 3 () | working 3 / 3 (-BTCUSDT,-ETHUSDT,-XRPUSDT)
2023-08-04 22:31:55,856
-BTCUSDT: bp7.0|-ETHUSDT: bp10.0|-XRPUSDT: bp28.0|
2023-08-04 22:31:57,086
update 13: filled 0 / 3 () | working 3 / 3 (-BTCUSDT,-ETHUSDT,-XRPUSDT)
2023-08-04 22:32:01,087
-BTCUSDT: bp7.0|-ETHUSDT: bp9.0|-XRPUSDT: bp33.0|
2023-08-04 22:32:02,318
update 14: filled 0 / 3 () | working 3 / 3 (-BTCUSDT,-ETHUSDT,-XRPUSDT)
2023-08-04 22:32:06,319
-BTCUSDT: bp7.0|-ETHUSDT: bp10.0|-XRPUSDT: bp27.0|
2023-08-04 22:32:06,319
Adjustment limit #1 ... 
 we cancel current orders and replace
2023-08-04 22:32:06,319
@+/-2.5bp limit 
2023-08-04 22:32:06,319
binance_cancel_and_replace_orders_peg 20230804_223206
2023-08-04 22:32:08,167
binance_place_orders_peg 20230804_223208
2023-08-04 22:32:08,578
{'orderId': 177762094005, 'symbol': 'BTCUSDT', 'status': 'NEW', 'clientOrderId': 'M5zLfEebU42Vq6oz7oalmt', 'price': '29067.20', 'avgPrice': '0.00', 'origQty': '0.002', 'executedQty': '0.000', 'cumQty': '0.000', 'cumQuote': '0.00000', 'timeInForce': 'GTC', 'type': 'LIMIT', 'reduceOnly': False, 'closePosition': False, 'side': 'SELL', 'positionSide': 'BOTH', 'stopPrice': '0.00', 'workingType': 'CONTRACT_PRICE', 'priceProtect': False, 'origType': 'LIMIT', 'updateTime': 1691188328474}
2023-08-04 22:32:08,989
{'orderId': 8389765611438243291, 'symbol': 'ETHUSDT', 'status': 'NEW', 'clientOrderId': 'k2xqvytua60xR3nmQXFQXA', 'price': '1829.66', 'avgPrice': '0.00', 'origQty': '0.027', 'executedQty': '0.000', 'cumQty': '0.000', 'cumQuote': '0.00000', 'timeInForce': 'GTC', 'type': 'LIMIT', 'reduceOnly': False, 'closePosition': False, 'side': 'SELL', 'positionSide': 'BOTH', 'stopPrice': '0.00', 'workingType': 'CONTRACT_PRICE', 'priceProtect': False, 'origType': 'LIMIT', 'updateTime': 1691188328884}
2023-08-04 22:32:09,400
{'orderId': 38813002609, 'symbol': 'XRPUSDT', 'status': 'NEW', 'clientOrderId': 'yg1p6frp1DNQtrCHYZP0Ga', 'price': '0.6347', 'avgPrice': '0.00', 'origQty': '19.1', 'executedQty': '0.0', 'cumQty': '0.0', 'cumQuote': '0.00000', 'timeInForce': 'GTC', 'type': 'LIMIT', 'reduceOnly': False, 'closePosition': False, 'side': 'SELL', 'positionSide': 'BOTH', 'stopPrice': '0.0000', 'workingType': 'CONTRACT_PRICE', 'priceProtect': False, 'origType': 'LIMIT', 'updateTime': 1691188329296}
2023-08-04 22:32:10,629
update 0: filled 0 / 3 () | working 3 / 3 (-BTCUSDT,-ETHUSDT,-XRPUSDT)
2023-08-04 22:32:14,629
-BTCUSDT: bp3.0|-ETHUSDT: bp3.0|-XRPUSDT: bp5.0|
2023-08-04 22:32:15,859
update 1: filled 0 / 3 () | working 3 / 3 (-BTCUSDT,-ETHUSDT,-XRPUSDT)
2023-08-04 22:32:19,859
-BTCUSDT: bp3.0|-ETHUSDT: bp3.0|-XRPUSDT: bp2.0|
2023-08-04 22:32:21,093
update 2: filled 0 / 3 () | working 3 / 3 (-BTCUSDT,-ETHUSDT,-XRPUSDT)
2023-08-04 22:32:25,093
-BTCUSDT: bp3.0|-ETHUSDT: bp3.0|-XRPUSDT: bp3.0|
2023-08-04 22:32:26,322
update 3: filled 1 / 3 (-XRPUSDT) | working 2 / 3 (-BTCUSDT,-ETHUSDT)
2023-08-04 22:32:30,322
-BTCUSDT: bp3.0|-ETHUSDT: bp3.0|
2023-08-04 22:32:31,554
update 4: filled 1 / 3 (-XRPUSDT) | working 2 / 3 (-BTCUSDT,-ETHUSDT)
2023-08-04 22:32:35,555
-BTCUSDT: bp3.0|-ETHUSDT: bp2.0|
2023-08-04 22:32:36,784
update 5: filled 1 / 3 (-XRPUSDT) | working 2 / 3 (-BTCUSDT,-ETHUSDT)
2023-08-04 22:32:40,785
-BTCUSDT: bp3.0|-ETHUSDT: bp2.0|
2023-08-04 22:32:42,014
update 6: filled 1 / 3 (-XRPUSDT) | working 2 / 3 (-BTCUSDT,-ETHUSDT)
2023-08-04 22:32:46,015
-BTCUSDT: bp3.0|-ETHUSDT: bp2.0|
2023-08-04 22:32:47,244
update 7: filled 1 / 3 (-XRPUSDT) | working 2 / 3 (-BTCUSDT,-ETHUSDT)
2023-08-04 22:32:51,244
-BTCUSDT: bp3.0|-ETHUSDT: bp2.0|
2023-08-04 22:32:52,473
update 8: filled 1 / 3 (-XRPUSDT) | working 2 / 3 (-BTCUSDT,-ETHUSDT)
2023-08-04 22:32:56,474
-BTCUSDT: bp2.0|-ETHUSDT: bp2.0|
2023-08-04 22:32:57,702
update 9: filled 1 / 3 (-XRPUSDT) | working 2 / 3 (-BTCUSDT,-ETHUSDT)
2023-08-04 22:33:01,703
-BTCUSDT: bp2.0|-ETHUSDT: bp2.0|
2023-08-04 22:33:02,932
update 10: filled 2 / 3 (-BTCUSDT,-XRPUSDT) | working 1 / 3 (-ETHUSDT)
2023-08-04 22:33:06,933
-ETHUSDT: bp0.0|
2023-08-04 22:33:08,167
update 11: filled 3 / 3 (-BTCUSDT,-ETHUSDT,-XRPUSDT) | working 0 / 3 ()
2023-08-04 22:33:14,853
Trades of the day
in$
as of: 04Aug 22:32>>22:33 (#trades: 3)
trade net: -120.0 (-41.2%), trade gross: +120.0 (+41.2%), BUY: +0.0 (+0.0%), SELL: -120.0 (-41.2%)
fees: $ 0.024 (2.0bp)
2023-08-04 22:33:15,484
Trades: 
Filled #3
______________________________________________
                   in$ | in bp 119 traded | in bp 291 AUMs
realizedPnl    -0.2    | -17     | -7     
PnLvsArrival   -0.03   | -3      | -1     
PnLvsLast      -0.03   | -3      | -1     
______________________________________________
                 | Value$ | PnL Arrival/Last 
______________________________________________
BTC:-0.002@29067.2 | -58$ | 0/-0
ETH:-0.027@1829.66 | -49$ | -0.01/-0
XRP:-19.1@0.6347 | -12$ | -0.02/-0.03
2023-08-04 22:33:16,067
***************************
Positions after orders
***************************
2023-08-04 22:33:16,067
      symbol  qty_ptf   execP        lstP  ...  value_usd   updateTime   AUMs     w%
108  XRPUSDT    -19.1  0.6347  0.63600000  ...    -12.148  04Aug-22:32  291.1 -0.042

[1 rows x 9 columns]
2023-08-04 22:33:16,074
***************************
2023-08-04 22:33:16,681
3 STOP orders will be placed
2023-08-04 22:33:16,681
@+/-500.0bp limit
2023-08-04 22:33:16,681
binance_place_orders_peg 20230804_223316
2023-08-04 22:33:17,095
{'orderId': 38813074240, 'symbol': 'XRPUSDT', 'status': 'NEW', 'clientOrderId': 'IRBpp6OUwwQG3ufjBTWTLm', 'price': '0.0000', 'avgPrice': '0.00', 'origQty': '19.1', 'executedQty': '0.0', 'cumQty': '0.0', 'cumQuote': '0.00000', 'timeInForce': 'GTC', 'type': 'STOP_MARKET', 'reduceOnly': False, 'closePosition': False, 'side': 'BUY', 'positionSide': 'BOTH', 'stopPrice': '0.6679', 'workingType': 'CONTRACT_PRICE', 'priceProtect': False, 'origType': 'STOP_MARKET', 'updateTime': 1691188396993}
