2023-11-12 20:30:32,436
ON program started 20231112 20:30:32,
US time: 20231112 15:30:32
2023-11-12 20:30:33,000
the strat is currently running @ 12-11-2023 and the target positions is LONG
2023-11-12 20:30:34,862
CURRENT STATUS IS LONG
-----
return before 14h30:
BTCUSDT+0.38%, ETHUSDT+0.18%, XRPUSDT+0.35%
-----
target alloc initial:BTCUSDT+16.67%, ETHUSDT+16.67%, XRPUSDT+16.67%
-----
alloc target x rt%<0:BTCUSDT+16.67%, ETHUSDT+16.67%, XRPUSDT+16.67%
-----
           BTCUSDT ETHUSDT XRPUSDT
w_target     16.7%   16.7%   16.7%
rt_14h30     0.00%   0.00%   0.00%
w_target_f   16.7%   16.7%   16.7%
2023-11-12 20:30:34,864
Portfolio was rebalanced less than 2 hours ago, 1.0 hours ago
2023-11-12 20:30:34,866
Status: prev = LONG <> LONG = target
2023-11-12 20:30:34,866
the strat is currently running @ 12-11-2023 and the target positions is LONG
the strat was previously run @ 2023-11-12 19:32:52 UTC, success:yes 
   and the current positions is LONG
2023-11-12 20:30:36,020
positions_future #2
2023-11-12 20:30:36,020
      symbol  positionAmt entryPrice  ... adlQuantile AUMs_account        w%
154  ETHUSDT        0.024    2047.61  ...           2        288.9  0.170193
122  XRPUSDT       72.900       0.66  ...           2        288.9  0.167175

[2 rows x 12 columns]
2023-11-12 20:30:36,045
programm stoppeddd!!! 20231112_203036
