2024-05-10 03:30:46,021
ON program started 20240510 03:30:45,
US time: 20240509 23:30:46
2024-05-10 03:30:46,672
the strat is currently running @ 10-05-2024 and the target positions is NEUTRAL
2024-05-10 03:30:48,518
CURRENT STATUS IS NEUTRAL
-----
return before 14h30:
BTCUSDT-0.25%, ETHUSDT-0.24%, XRPUSDT-0.65%
-----
target alloc initial:BTCUSDT+0.00%, ETHUSDT+0.00%, XRPUSDT+0.00%
-----
alloc target x rt%<0:BTCUSDT+0.00%, ETHUSDT+0.00%, XRPUSDT+0.00%
-----
           BTCUSDT ETHUSDT XRPUSDT
w_target      0.0%    0.0%    0.0%
rt_14h30    -0.00%  -0.00%  -0.01%
w_target_f    0.0%    0.0%    0.0%
2024-05-10 03:30:48,519
Portfolio was rebalanced less than 2 hours ago, 1.0 hours ago
2024-05-10 03:30:48,521
Status: prev = NEUTRAL <> NEUTRAL = target
2024-05-10 03:30:48,522
the strat is currently running @ 10-05-2024 and the target positions is NEUTRAL
the strat was previously run @ 2024-05-10 02:31:08, success:? 
   and the current positions is NEUTRAL
2024-05-10 03:30:49,770
positions_future #0
2024-05-10 03:30:49,770
Empty DataFrame
Columns: [symbol, positionAmt, entryPrice, breakEvenPrice, markPrice, unRealizedProfit, value_usd, updateTime, isolated, adlQuantile, AUMs_account, w%]
Index: []
2024-05-10 03:30:49,996
------------------------------
binance_account_balance
2024-05-10 03:30:49,996
  asset    balance  ...  marginAvailable   updateTime
6  USDT  280.86814  ...             True  10May-02:33

[1 rows x 8 columns]
2024-05-10 03:30:50,233
------------------------------
open_orders
2024-05-10 03:30:50,233
Empty DataFrame
Columns: []
Index: []
2024-05-10 03:30:50,896
------------------------------
AUMS account:280

2024-05-10 03:30:50,898
--------------- compute_futures_order_book() ----------------
2024-05-10 03:30:52,462
----------------------------------------------------------------------
#0 order(s) to place
gross$: 0$ | net$: +0$
gross%: 0% | net%: +0%
 || w>0%  +0% | w<0%  0%
----------------------------------------------------------------------
PTF Expo% 0.0% >> 0.0% (current>>target)
PTF expo $0.0 >> $0 (current>>target)
----------------------------------------------------------------------
2024-05-10 03:30:52,464
orders_ofthe_day
2024-05-10 03:30:52,464
Empty DataFrame
Columns: [ptf_usd, target_usd, totrd_usd, posttrd_usd, qty, posttrd_qty, posttrd_w, bid, ask, strategy]
Index: []
2024-05-10 03:30:52,537
Orders of the day is empty, current and target potfolios are aligned
2024-05-10 03:30:52,537
Program stopped
