2024-07-01 02:30:50,201
ON program started 20240701 02:30:50,
US time: 20240630 22:30:50
2024-07-01 02:30:50,694
the strat is currently running @ 01-07-2024 and the target positions is NEUTRAL
2024-07-01 02:30:52,004
CURRENT STATUS IS NEUTRAL
-----
return before 14h30:
BTCUSDT+1.28%, ETHUSDT+1.94%, XRPUSDT+0.57%
-----
target alloc initial:BTCUSDT+0.00%, ETHUSDT+0.00%, XRPUSDT+0.00%
-----
alloc target x rt%<0:BTCUSDT+0.00%, ETHUSDT+0.00%, XRPUSDT+0.00%
-----
           BTCUSDT ETHUSDT XRPUSDT
w_target      0.0%    0.0%    0.0%
rt_14h30     0.01%   0.02%   0.01%
w_target_f    0.0%    0.0%    0.0%
2024-07-01 02:30:52,005
Portfolio was rebalanced less than 2 hours ago, 1.0 hours ago
2024-07-01 02:30:52,007
Status: prev = NEUTRAL <> SHORT = target
2024-07-01 02:30:52,007
the strat is currently running @ 01-07-2024 and the target positions is NEUTRAL
the strat was previously run @ 2024-07-01 01:30:58, success:yes 
   and the current positions is SHORT
2024-07-01 02:30:53,148
positions_future #0
2024-07-01 02:30:53,148
Empty DataFrame
Columns: [symbol, positionAmt, entryPrice, breakEvenPrice, markPrice, unRealizedProfit, value_usd, updateTime, isolated, adlQuantile, AUMs_account, w%]
Index: []
2024-07-01 02:30:53,357
------------------------------
binance_account_balance
2024-07-01 02:30:53,357
  asset     balance  ...  marginAvailable   updateTime
4  USDT  292.278204  ...             True  30Jun-22:33

[1 rows x 8 columns]
2024-07-01 02:30:53,595
------------------------------
open_orders
2024-07-01 02:30:53,595
Empty DataFrame
Columns: []
Index: []
2024-07-01 02:30:54,212
------------------------------
AUMS account:292

2024-07-01 02:30:54,214
--------------- compute_futures_order_book() ----------------
2024-07-01 02:30:55,676
----------------------------------------------------------------------
#0 order(s) to place
gross$: 0$ | net$: +0$
gross%: 0% | net%: +0%
 || w>0%  +0% | w<0%  0%
----------------------------------------------------------------------
PTF Expo% 0.0% >> 0.0% (current>>target)
PTF expo $0.0 >> $0 (current>>target)
----------------------------------------------------------------------
2024-07-01 02:30:55,678
orders_ofthe_day
2024-07-01 02:30:55,678
Empty DataFrame
Columns: [ptf_usd, target_usd, totrd_usd, posttrd_usd, qty, posttrd_qty, posttrd_w, bid, ask, strategy]
Index: []
2024-07-01 02:30:55,741
Orders of the day is empty, current and target potfolios are aligned
2024-07-01 02:30:55,741
Program stopped
