2024-06-15 00:30:44,513
ON program started 20240615 00:30:44,
US time: 20240614 20:30:44
2024-06-15 00:30:45,063
the strat is currently running @ 15-06-2024 and the target positions is SHORT
2024-06-15 00:30:46,386
CURRENT STATUS IS SHORT, WE CHECK IF THE DAY IS A NEGATIVE ONE
-----
return before 14h30:
BTCUSDT+0.11%, ETHUSDT+0.32%, XRPUSDT+0.11%
-----
target alloc initial:BTCUSDT-4.17%, ETHUSDT+0.00%, XRPUSDT-4.17%
-----
alloc target x rt%<0:BTCUSDT-0.00%, ETHUSDT+0.00%, XRPUSDT-0.00%
-----
           BTCUSDT ETHUSDT XRPUSDT
w_target     -4.2%    0.0%   -4.2%
rt_14h30     0.00%   0.00%   0.00%
w_target_f   -0.0%    0.0%   -0.0%
2024-06-15 00:30:46,387
Portfolio was rebalanced less than 2 hours ago, 1.0 hours ago
2024-06-15 00:30:46,389
Status: prev = SHORT <> SHORT = target
2024-06-15 00:30:46,389
the strat is currently running @ 15-06-2024 and the target positions is SHORT
the strat was previously run @ 2024-06-14 23:31:14, success:yes 
   and the current positions is SHORT
2024-06-15 00:30:47,539
positions_future #0
2024-06-15 00:30:47,539
Empty DataFrame
Columns: [symbol, positionAmt, entryPrice, breakEvenPrice, markPrice, unRealizedProfit, value_usd, updateTime, isolated, adlQuantile, AUMs_account, w%]
Index: []
2024-06-15 00:30:47,600
programm stoppeddd!!! 20240615_003047
