2024-02-17 02:31:01,880
ON program started 20240217 02:31:01,
US time: 20240216 21:31:01
2024-02-17 02:31:02,442
the strat is currently running @ 17-02-2024 and the target positions is SHORT
2024-02-17 02:31:03,879
CURRENT STATUS IS SHORT, WE CHECK IF THE DAY IS A NEGATIVE ONE
-----
return before 14h30:
BTCUSDT-0.32%, ETHUSDT-0.42%, XRPUSDT-1.01%
-----
target alloc initial:BTCUSDT-4.17%, ETHUSDT+0.00%, XRPUSDT-4.17%
-----
alloc target x rt%<0:BTCUSDT-4.17%, ETHUSDT+0.00%, XRPUSDT-4.17%
-----
           BTCUSDT ETHUSDT XRPUSDT
w_target     -4.2%    0.0%   -4.2%
rt_14h30    -0.00%  -0.00%  -0.01%
w_target_f   -4.2%    0.0%   -4.2%
2024-02-17 02:31:03,880
Portfolio was rebalanced less than 2 hours ago, 1.0 hours ago
2024-02-17 02:31:03,882
Status: prev = SHORT <> SHORT = target
2024-02-17 02:31:03,882
the strat is currently running @ 17-02-2024 and the target positions is SHORT
the strat was previously run @ 2024-02-17 01:30:45, success:yes 
   and the current positions is SHORT
2024-02-17 02:31:04,461
positions_future #1
2024-02-17 02:31:04,462
      symbol  positionAmt entryPrice  ... adlQuantile AUMs_account        w%
119  XRPUSDT        -21.3     0.5629  ...           2        290.8 -0.040939

[1 rows x 12 columns]
2024-02-17 02:31:04,544
programm stoppeddd!!! 20240217_023104
