2024-02-27 02:30:45,193
ON program started 20240227 02:30:45,
US time: 20240226 21:30:45
2024-02-27 02:30:46,193
the strat is currently running @ 27-02-2024 and the target positions is SHORT
2024-02-27 02:30:47,596
CURRENT STATUS IS SHORT, WE CHECK IF THE DAY IS A NEGATIVE ONE
-----
return before 14h30:
BTCUSDT+3.45%, ETHUSDT+1.80%, XRPUSDT+0.64%
-----
target alloc initial:BTCUSDT-4.17%, ETHUSDT+0.00%, XRPUSDT-4.17%
-----
alloc target x rt%<0:BTCUSDT-0.00%, ETHUSDT+0.00%, XRPUSDT-0.00%
-----
           BTCUSDT ETHUSDT XRPUSDT
w_target     -4.2%    0.0%   -4.2%
rt_14h30     0.03%   0.02%   0.01%
w_target_f   -0.0%    0.0%   -0.0%
2024-02-27 02:30:47,597
Portfolio was rebalanced less than 2 hours ago, 1.0 hours ago
2024-02-27 02:30:47,598
Status: prev = SHORT <> SHORT = target
2024-02-27 02:30:47,598
the strat is currently running @ 27-02-2024 and the target positions is SHORT
the strat was previously run @ 2024-02-27 01:31:09, success:yes 
   and the current positions is SHORT
2024-02-27 02:30:48,163
positions_future #1
2024-02-27 02:30:48,163
      symbol  positionAmt entryPrice  ... adlQuantile AUMs_account        w%
122  XRPUSDT        -21.5     0.5504  ...           0        293.4 -0.040685

[1 rows x 12 columns]
2024-02-27 02:30:48,240
programm stoppeddd!!! 20240227_023048
