2023-10-23 03:30:27,665
ON program started 20231023 03:30:27,
US time: 20231022 23:30:27
2023-10-23 03:30:28,248
the strat is currently running @ 23-10-2023 and the target positions is NEUTRAL
2023-10-23 03:30:29,986
CURRENT STATUS IS NEUTRAL
-----
return before 14h30:
BTCUSDT+0.00%, ETHUSDT+0.00%, XRPUSDT+0.00%
-----
target alloc initial:BTCUSDT+0.00%, ETHUSDT+0.00%, XRPUSDT+0.00%
-----
alloc target x rt%<0:BTCUSDT+0.00%, ETHUSDT+0.00%, XRPUSDT+0.00%
-----
           BTCUSDT ETHUSDT XRPUSDT
w_target      0.0%    0.0%    0.0%
rt_14h30     0.00%   0.00%   0.00%
w_target_f    0.0%    0.0%    0.0%
2023-10-23 03:30:29,988
Portfolio was rebalanced less than 2 hours ago, 1.0 hours ago
2023-10-23 03:30:29,991
Status: prev = NEUTRAL <> NEUTRAL = target
2023-10-23 03:30:29,991
the strat is currently running @ 23-10-2023 and the target positions is NEUTRAL
the strat was previously run @ 2023-10-23 02:31:20 UTC, success:yes 
   and the current positions is NEUTRAL
2023-10-23 03:30:31,085
positions_future #0
2023-10-23 03:30:31,085
Empty DataFrame
Columns: [symbol, positionAmt, entryPrice, breakEvenPrice, markPrice, unRealizedProfit, value_usd, updateTime, AUMs_account, w%]
Index: []
2023-10-23 03:30:31,094
programm stoppeddd!!! 20231023_033031
