2024-10-10 03:30:38,544
ON program started 20241010 03:30:38,
US time: 20241009 23:30:38
2024-10-10 03:30:39,078
the strat is currently running @ 10-10-2024 and the target positions is NEUTRAL
2024-10-10 03:30:40,382
CURRENT STATUS IS NEUTRAL
-----
return before 14h30:
BTCUSDT+0.49%, ETHUSDT+1.10%, XRPUSDT+0.78%
-----
target alloc initial:BTCUSDT+0.00%, ETHUSDT+0.00%, XRPUSDT+0.00%
-----
alloc target x rt%<0:BTCUSDT+0.00%, ETHUSDT+0.00%, XRPUSDT+0.00%
-----
           BTCUSDT ETHUSDT XRPUSDT
w_target      0.0%    0.0%    0.0%
rt_14h30     0.00%   0.01%   0.01%
w_target_f    0.0%    0.0%    0.0%
2024-10-10 03:30:40,383
Portfolio was rebalanced less than 2 hours ago, 1.0 hours ago
2024-10-10 03:30:40,384
Status: prev = NEUTRAL <> NEUTRAL = target
2024-10-10 03:30:40,384
the strat is currently running @ 10-10-2024 and the target positions is NEUTRAL
the strat was previously run @ 2024-10-10 02:30:54, success:? 
   and the current positions is NEUTRAL
2024-10-10 03:30:41,551
positions_future #0
2024-10-10 03:30:41,551
Empty DataFrame
Columns: [symbol, positionAmt, entryPrice, breakEvenPrice, markPrice, unRealizedProfit, value_usd, updateTime, isolated, adlQuantile, AUMs_account, w%]
Index: []
2024-10-10 03:30:41,757
------------------------------
binance_account_balance
2024-10-10 03:30:41,757
  asset     balance  ...  marginAvailable   updateTime
4  USDT  283.786166  ...             True  10Oct-02:33

[1 rows x 8 columns]
2024-10-10 03:30:41,976
------------------------------
open_orders
2024-10-10 03:30:41,976
Empty DataFrame
Columns: []
Index: []
2024-10-10 03:30:42,585
------------------------------
AUMS account:283

2024-10-10 03:30:42,586
--------------- compute_futures_order_book() ----------------
2024-10-10 03:30:44,035
----------------------------------------------------------------------
#0 order(s) to place
gross$: 0$ | net$: +0$
gross%: 0% | net%: +0%
 || w>0%  +0% | w<0%  0%
----------------------------------------------------------------------
PTF Expo% 0.0% >> 0.0% (current>>target)
PTF expo $0.0 >> $0 (current>>target)
----------------------------------------------------------------------
2024-10-10 03:30:44,037
orders_ofthe_day
2024-10-10 03:30:44,037
Empty DataFrame
Columns: [ptf_usd, target_usd, totrd_usd, posttrd_usd, qty, posttrd_qty, posttrd_w, bid, ask, strategy]
Index: []
2024-10-10 03:30:44,116
Orders of the day is empty, current and target potfolios are aligned
2024-10-10 03:30:44,116
Program stopped
