2024-01-04 04:30:41,807
ON program started 20240104 04:30:41,
US time: 20240103 23:30:41
2024-01-04 04:30:42,875
the strat is currently running @ 04-01-2024 and the target positions is NEUTRAL
2024-01-04 04:30:44,711
CURRENT STATUS IS NEUTRAL
-----
return before 14h30:
BTCUSDT+0.00%, ETHUSDT+0.00%, XRPUSDT+0.00%
-----
target alloc initial:BTCUSDT+0.00%, ETHUSDT+0.00%, XRPUSDT+0.00%
-----
alloc target x rt%<0:BTCUSDT+0.00%, ETHUSDT+0.00%, XRPUSDT+0.00%
-----
           BTCUSDT ETHUSDT XRPUSDT
w_target      0.0%    0.0%    0.0%
rt_14h30     0.00%   0.00%   0.00%
w_target_f    0.0%    0.0%    0.0%
2024-01-04 04:30:44,712
Portfolio was rebalanced less than 2 hours ago, 1.0 hours ago
2024-01-04 04:30:44,715
Status: prev = NEUTRAL <> NEUTRAL = target
2024-01-04 04:30:44,715
the strat is currently running @ 04-01-2024 and the target positions is NEUTRAL
the strat was previously run @ 2024-01-04 03:31:03 UTC, success:yes 
   and the current positions is NEUTRAL
2024-01-04 04:30:45,956
positions_future #0
2024-01-04 04:30:45,957
Empty DataFrame
Columns: [symbol, positionAmt, entryPrice, breakEvenPrice, markPrice, unRealizedProfit, value_usd, updateTime, isolated, adlQuantile, AUMs_account, w%]
Index: []
2024-01-04 04:30:46,034
programm stoppeddd!!! 20240104_043046
