2024-09-28 20:30:50,480
ON program started 20240928 20:30:50,
US time: 20240928 16:30:50
2024-09-28 20:30:51,394
the strat is currently running @ 28-09-2024 and the target positions is LONG
2024-09-28 20:30:54,085
CURRENT STATUS IS LONG
-----
return before 14h30:
BTCUSDT-0.37%, ETHUSDT-1.29%, XRPUSDT+5.35%
-----
target alloc initial:BTCUSDT+16.67%, ETHUSDT+16.67%, XRPUSDT+16.67%
-----
alloc target x rt%<0:BTCUSDT+16.67%, ETHUSDT+16.67%, XRPUSDT+16.67%
-----
           BTCUSDT ETHUSDT XRPUSDT
w_target     16.7%   16.7%   16.7%
rt_14h30    -0.00%  -0.01%   0.05%
w_target_f   16.7%   16.7%   16.7%
2024-09-28 20:30:54,086
Portfolio was rebalanced less than 2 hours ago, 1.0 hours ago
2024-09-28 20:30:54,088
Status: prev = LONG <> LONG = target
2024-09-28 20:30:54,088
the strat is currently running @ 28-09-2024 and the target positions is LONG
the strat was previously run @ 2024-09-28 19:30:40, success:? 
   and the current positions is LONG
2024-09-28 20:30:55,324
positions_future #2
2024-09-28 20:30:55,324
      symbol  positionAmt entryPrice  ... adlQuantile AUMs_account        w%
182  ETHUSDT        0.018    2678.51  ...           1        292.8  0.164514
145  XRPUSDT      -20.400     0.5884  ...           1        292.8 -0.043262

[2 rows x 12 columns]
2024-09-28 20:30:55,578
------------------------------
binance_account_balance
2024-09-28 20:30:55,578
  asset     balance  ...  marginAvailable   updateTime
4  USDT  293.518888  ...             True  28Sep-18:32

[1 rows x 8 columns]
2024-09-28 20:30:56,256
------------------------------
open_orders
2024-09-28 20:30:56,256
Empty DataFrame
Columns: []
Index: []
2024-09-28 20:30:56,920
------------------------------
AUMS account:292

2024-09-28 20:30:56,922
--------------- compute_futures_order_book() ----------------
2024-09-28 20:30:58,498
----------------------------------------------------------------------
#1 order(s) to place
gross$: 62$ | net$: +62$
gross%: 21% | net%: +21%
 || w>0%  +21% | w<0%  0%
----------------------------------------------------------------------
PTF Expo% 11.9% >> 50.0% (current>>target)
PTF expo $35.0 >> $146 (current>>target)
----------------------------------------------------------------------
2024-09-28 20:30:58,500
orders_ofthe_day
2024-09-28 20:30:58,500
                  ptf_usd  target_usd  totrd_usd  ...     bid    ask strategy
2024-09-28 20:30                                  ...                        
XRPUSDT             -13.0       48.81       62.0  ...  0.6209  0.621  STRATON

[1 rows x 10 columns]
2024-09-28 20:31:00,854
binance_place_orders_peg 20240928_203100
2024-09-28 20:31:01,299
{'orderId': 66577959185, 'symbol': 'XRPUSDT', 'status': 'NEW', 'clientOrderId': 'STRATON', 'price': '0.6206', 'avgPrice': '0.00', 'origQty': '99.9', 'executedQty': '0.0', 'cumQty': '0.0', 'cumQuote': '0.00000', 'timeInForce': 'GTC', 'type': 'LIMIT', 'reduceOnly': False, 'closePosition': False, 'side': 'BUY', 'positionSide': 'BOTH', 'stopPrice': '0.0000', 'workingType': 'CONTRACT_PRICE', 'priceProtect': False, 'origType': 'LIMIT', 'priceMatch': 'NONE', 'selfTradePreventionMode': 'NONE', 'goodTillDate': 0, 'updateTime': 1727555461187}
2024-09-28 20:31:01,811
update 0: filled 0 / 1 () | working 1 / 1 (+XRPUSDT)
2024-09-28 20:31:05,812
+XRPUSDT: bp6.0|
2024-09-28 20:31:06,258
update 1: filled 0 / 1 () | working 1 / 1 (+XRPUSDT)
2024-09-28 20:31:10,258
+XRPUSDT: bp6.0|
2024-09-28 20:31:10,706
update 2: filled 0 / 1 () | working 1 / 1 (+XRPUSDT)
2024-09-28 20:31:14,706
+XRPUSDT: bp5.0|
2024-09-28 20:31:15,151
update 3: filled 0 / 1 () | working 1 / 1 (+XRPUSDT)
2024-09-28 20:31:19,152
+XRPUSDT: bp5.0|
2024-09-28 20:31:19,597
update 4: filled 0 / 1 () | working 1 / 1 (+XRPUSDT)
2024-09-28 20:31:23,597
+XRPUSDT: bp5.0|
2024-09-28 20:31:24,042
update 5: filled 0 / 1 () | working 1 / 1 (+XRPUSDT)
2024-09-28 20:31:28,042
+XRPUSDT: bp5.0|
2024-09-28 20:31:28,490
update 6: filled 0 / 1 () | working 1 / 1 (+XRPUSDT)
2024-09-28 20:31:32,491
+XRPUSDT: bp5.0|
2024-09-28 20:31:32,937
update 7: filled 0 / 1 () | working 1 / 1 (+XRPUSDT)
2024-09-28 20:31:36,937
+XRPUSDT: bp6.0|
2024-09-28 20:31:37,385
update 8: filled 0 / 1 () | working 1 / 1 (+XRPUSDT)
2024-09-28 20:31:41,386
+XRPUSDT: bp5.0|
2024-09-28 20:31:41,830
update 9: filled 0 / 1 () | working 1 / 1 (+XRPUSDT)
2024-09-28 20:31:45,831
+XRPUSDT: bp2.0|
2024-09-28 20:31:46,275
update 10: filled 0 / 1 () | working 1 / 1 (+XRPUSDT)
2024-09-28 20:31:50,276
+XRPUSDT: bp2.0|
2024-09-28 20:31:50,726
update 11: filled 0 / 1 () | working 1 / 1 (+XRPUSDT)
2024-09-28 20:31:54,726
+XRPUSDT: bp2.0|
2024-09-28 20:31:55,171
update 12: filled 0 / 1 () | working 1 / 1 (+XRPUSDT)
2024-09-28 20:31:59,171
+XRPUSDT: bp3.0|
2024-09-28 20:31:59,617
update 13: filled 1 / 1 (+XRPUSDT) | working 0 / 1 ()
2024-09-28 20:32:04,977
Trades of the day
in$
as of: 28Sep 20:31>>20:31 (#trades: 1)
trade net: +62.0 (+21.2%), trade gross: +62.0 (+21.2%), BUY: +62.0 (+21.2%), SELL: +0.0 (+0.0%)
fees: $ 0.012 (2.0bp)
2024-09-28 20:32:05,219
Trades: 
Filled #1
______________________________________________
                   in$ | in bp 61 traded | in bp 292 AUMs
realizedPnl    -0.66   | -106    | -23    
PnLvsArrival   +0.03   | +5      | +1     
PnLvsLast      -0.01   | -2      | -0     
______________________________________________
                 | Value$ | PnL Arrival/Last 
______________________________________________
XRP:+99.9@0.6206 | +62$ | 0.03/-0.01
