2023-08-05 01:31:13,839
ON program started 20230805 01:31:13,
US time: 20230804 21:31:13
2023-08-05 01:31:14,262
the strat is currently running @ 05-08-2023 and the target positions is SHORT
2023-08-05 01:31:15,581
CURRENT STATUS IS SHORT, WE CHECK IF THE DAY IS A NEGATIVE ONE
-----
return before 14h30:
BTCUSDT+0.00%, ETHUSDT+0.00%, XRPUSDT+0.00%
-----
target alloc initial:BTCUSDT-4.17%, ETHUSDT+0.00%, XRPUSDT-4.17%
-----
alloc target x rt%<0:BTCUSDT-0.00%, ETHUSDT+0.00%, XRPUSDT-0.00%
-----
           BTCUSDT ETHUSDT XRPUSDT
w_target     -4.2%    0.0%   -4.2%
rt_14h30     0.00%   0.00%   0.00%
w_target_f   -0.0%    0.0%   -0.0%
2023-08-05 01:31:15,583
Portfolio was rebalanced less than 2 hours ago, 1.0 hours ago
2023-08-05 01:31:15,585
Status: prev = SHORT <> SHORT = target
2023-08-05 01:31:15,585
the strat is currently running @ 05-08-2023 and the target positions is SHORT
the strat was previously run @ 2023-08-05 00:31:03 UTC, success:yes 
   and the current positions is SHORT
2023-08-05 01:31:16,687
positions_future #1
2023-08-05 01:31:16,687
      symbol  positionAmt entryPrice  ...   updateTime  AUMs_account        w%
108  XRPUSDT        -19.1     0.6347  ...  04Aug-22:32         291.4 -0.040833

[1 rows x 9 columns]
2023-08-05 01:31:16,711
programm stoppeddd!!! 20230805_013116
