2024-08-29 18:30:36,529
ON program started 20240829 18:30:36,
US time: 20240829 14:30:36
2024-08-29 18:30:36,973
the strat is currently running @ 29-08-2024 and the target positions is LONG
2024-08-29 18:30:39,193
CURRENT STATUS IS LONG
-----
return before 14h30:
BTCUSDT+2.70%, ETHUSDT+1.68%, XRPUSDT+0.91%
-----
target alloc initial:BTCUSDT+16.67%, ETHUSDT+16.67%, XRPUSDT+16.67%
-----
alloc target x rt%<0:BTCUSDT+16.67%, ETHUSDT+16.67%, XRPUSDT+16.67%
-----
           BTCUSDT ETHUSDT XRPUSDT
w_target     16.7%   16.7%   16.7%
rt_14h30     0.03%   0.02%   0.01%
w_target_f   16.7%   16.7%   16.7%
2024-08-29 18:30:39,194
Portfolio was rebalanced less than 2 hours ago, 15.0 hours ago
2024-08-29 18:30:39,195
Status: prev = LONG <> NEUTRAL = target
2024-08-29 18:30:39,195
the strat is currently running @ 29-08-2024 and the target positions is LONG
the strat was previously run @ 2024-08-29 03:30:35, success:yes 
   and the current positions is NEUTRAL
2024-08-29 18:30:40,323
positions_future #0
2024-08-29 18:30:40,323
Empty DataFrame
Columns: [symbol, positionAmt, entryPrice, breakEvenPrice, markPrice, unRealizedProfit, value_usd, updateTime, isolated, adlQuantile, AUMs_account, w%]
Index: []
2024-08-29 18:30:40,533
------------------------------
binance_account_balance
2024-08-29 18:30:40,533
  asset     balance  ...  marginAvailable   updateTime
4  USDT  295.968235  ...             True  28Aug-22:31

[1 rows x 8 columns]
2024-08-29 18:30:40,751
------------------------------
open_orders
2024-08-29 18:30:40,751
Empty DataFrame
Columns: []
Index: []
2024-08-29 18:30:41,363
------------------------------
AUMS account:295

2024-08-29 18:30:41,365
--------------- compute_futures_order_book() ----------------
2024-08-29 18:30:42,822
----------------------------------------------------------------------
#2 order(s) to place
gross$: 97$ | net$: +97$
gross%: 33% | net%: +33%
 || w>0%  +33% | w<0%  0%
----------------------------------------------------------------------
PTF Expo% 0.0% >> 50.0% (current>>target)
PTF expo $0.0 >> $148 (current>>target)
----------------------------------------------------------------------
2024-08-29 18:30:42,824
orders_ofthe_day
2024-08-29 18:30:42,824
                  ptf_usd  target_usd  totrd_usd  ...        bid        ask strategy
2024-08-29 18:30                                  ...                               
XRPUSDT               0.0       49.34       49.0  ...     0.5661     0.5662  STRATON
ETHUSDT               0.0       49.34       48.0  ...  2540.2700  2540.2800  STRATON

[2 rows x 10 columns]
2024-08-29 18:30:44,554
binance_place_orders_peg 20240829_183044
2024-08-29 18:30:44,967
{'orderId': 64254938999, 'symbol': 'XRPUSDT', 'status': 'NEW', 'clientOrderId': 'STRATON', 'price': '0.5659', 'avgPrice': '0.00', 'origQty': '86.6', 'executedQty': '0.0', 'cumQty': '0.0', 'cumQuote': '0.00000', 'timeInForce': 'GTC', 'type': 'LIMIT', 'reduceOnly': False, 'closePosition': False, 'side': 'BUY', 'positionSide': 'BOTH', 'stopPrice': '0.0000', 'workingType': 'CONTRACT_PRICE', 'priceProtect': False, 'origType': 'LIMIT', 'priceMatch': 'NONE', 'selfTradePreventionMode': 'NONE', 'goodTillDate': 0, 'updateTime': 1724956244864}
2024-08-29 18:30:45,380
{'orderId': 8389765723114929088, 'symbol': 'ETHUSDT', 'status': 'NEW', 'clientOrderId': 'STRATON', 'price': '2538.97', 'avgPrice': '0.00', 'origQty': '0.019', 'executedQty': '0.000', 'cumQty': '0.000', 'cumQuote': '0.00000', 'timeInForce': 'GTC', 'type': 'LIMIT', 'reduceOnly': False, 'closePosition': False, 'side': 'BUY', 'positionSide': 'BOTH', 'stopPrice': '0.00', 'workingType': 'CONTRACT_PRICE', 'priceProtect': False, 'origType': 'LIMIT', 'priceMatch': 'NONE', 'selfTradePreventionMode': 'NONE', 'goodTillDate': 0, 'updateTime': 1724956245275}
2024-08-29 18:30:46,840
update 0: filled 0 / 2 () | working 2 / 2 (+XRPUSDT,+ETHUSDT)
2024-08-29 18:30:50,841
+XRPUSDT: bp5.0|+ETHUSDT: bp4.0|
2024-08-29 18:30:51,659
update 1: filled 0 / 2 () | working 2 / 2 (+XRPUSDT,+ETHUSDT)
2024-08-29 18:30:55,659
+XRPUSDT: bp5.0|+ETHUSDT: bp7.0|
2024-08-29 18:30:56,476
update 2: filled 0 / 2 () | working 2 / 2 (+XRPUSDT,+ETHUSDT)
2024-08-29 18:31:00,477
+XRPUSDT: bp7.0|+ETHUSDT: bp9.0|
2024-08-29 18:31:01,294
update 3: filled 1 / 2 (+XRPUSDT) | working 1 / 2 (+ETHUSDT)
2024-08-29 18:31:05,294
+ETHUSDT: bp8.0|
2024-08-29 18:31:06,114
update 4: filled 2 / 2 (+XRPUSDT,+ETHUSDT) | working 0 / 2 ()
2024-08-29 18:31:12,409
Trades of the day
in$
as of: 29Aug 18:31>>18:31 (#trades: 2)
trade net: +97.0 (+32.8%), trade gross: +97.0 (+32.8%), BUY: +97.0 (+32.8%), SELL: +0.0 (+0.0%)
fees: $ 0.019 (2.0bp)
2024-08-29 18:31:12,831
Trades: 
Filled #2
______________________________________________
                   in$ | in bp 97 traded | in bp 295 AUMs
realizedPnl    +0      | +0      | +0     
PnLvsArrival   +0.04   | +4      | +1     
PnLvsLast      +0      | +0      | +0     
______________________________________________
                 | Value$ | PnL Arrival/Last 
______________________________________________
ETH:+0.019@2538.97 | +48$ | 0.02/-0
XRP:+86.6@0.5659 | +49$ | 0.02/-0
