2024-08-04 18:30:57,635
ON program started 20240804 18:30:57,
US time: 20240804 14:30:57
2024-08-04 18:30:58,080
the strat is currently running @ 04-08-2024 and the target positions is LONG
2024-08-04 18:30:59,392
CURRENT STATUS IS LONG
-----
return before 14h30:
BTCUSDT+0.20%, ETHUSDT+0.25%, XRPUSDT-2.03%
-----
target alloc initial:BTCUSDT+16.67%, ETHUSDT+16.67%, XRPUSDT+16.67%
-----
alloc target x rt%<0:BTCUSDT+16.67%, ETHUSDT+16.67%, XRPUSDT+16.67%
-----
           BTCUSDT ETHUSDT XRPUSDT
w_target     16.7%   16.7%   16.7%
rt_14h30     0.00%   0.00%  -0.02%
w_target_f   16.7%   16.7%   16.7%
2024-08-04 18:30:59,393
Portfolio was rebalanced less than 2 hours ago, 15.0 hours ago
2024-08-04 18:30:59,394
Status: prev = LONG <> NEUTRAL = target
2024-08-04 18:30:59,394
the strat is currently running @ 04-08-2024 and the target positions is LONG
the strat was previously run @ 2024-08-04 03:30:35, success:yes 
   and the current positions is NEUTRAL
2024-08-04 18:31:00,516
positions_future #0
2024-08-04 18:31:00,516
Empty DataFrame
Columns: [symbol, positionAmt, entryPrice, breakEvenPrice, markPrice, unRealizedProfit, value_usd, updateTime, isolated, adlQuantile, AUMs_account, w%]
Index: []
2024-08-04 18:31:00,725
------------------------------
binance_account_balance
2024-08-04 18:31:00,725
  asset     balance  ...  marginAvailable   updateTime
4  USDT  294.034604  ...             True  03Aug-22:31

[1 rows x 8 columns]
2024-08-04 18:31:00,941
------------------------------
open_orders
2024-08-04 18:31:00,941
Empty DataFrame
Columns: []
Index: []
2024-08-04 18:31:01,551
------------------------------
AUMS account:294

2024-08-04 18:31:01,554
--------------- compute_futures_order_book() ----------------
2024-08-04 18:31:03,013
----------------------------------------------------------------------
#2 order(s) to place
gross$: 98$ | net$: +98$
gross%: 33% | net%: +33%
 || w>0%  +33% | w<0%  0%
----------------------------------------------------------------------
PTF Expo% 0.0% >> 50.0% (current>>target)
PTF expo $0.0 >> $147 (current>>target)
----------------------------------------------------------------------
2024-08-04 18:31:03,015
orders_ofthe_day
2024-08-04 18:31:03,015
                  ptf_usd  target_usd  totrd_usd  ...        bid        ask strategy
2024-08-04 18:31                                  ...                               
ETHUSDT               0.0       49.02       49.0  ...  2701.0600  2701.0700  STRATON
XRPUSDT               0.0       49.02       49.0  ...     0.5228     0.5229  STRATON

[2 rows x 10 columns]
2024-08-04 18:31:04,546
binance_place_orders_peg 20240804_183104
2024-08-04 18:31:04,958
{'orderId': 8389765710183561183, 'symbol': 'ETHUSDT', 'status': 'NEW', 'clientOrderId': 'STRATON', 'price': '2699.21', 'avgPrice': '0.00', 'origQty': '0.018', 'executedQty': '0.000', 'cumQty': '0.000', 'cumQuote': '0.00000', 'timeInForce': 'GTC', 'type': 'LIMIT', 'reduceOnly': False, 'closePosition': False, 'side': 'BUY', 'positionSide': 'BOTH', 'stopPrice': '0.00', 'workingType': 'CONTRACT_PRICE', 'priceProtect': False, 'origType': 'LIMIT', 'priceMatch': 'NONE', 'selfTradePreventionMode': 'NONE', 'goodTillDate': 0, 'updateTime': 1722796264857}
2024-08-04 18:31:05,367
{'orderId': 62228644711, 'symbol': 'XRPUSDT', 'status': 'NEW', 'clientOrderId': 'STRATON', 'price': '0.5226', 'avgPrice': '0.00', 'origQty': '93.7', 'executedQty': '0.0', 'cumQty': '0.0', 'cumQuote': '0.00000', 'timeInForce': 'GTC', 'type': 'LIMIT', 'reduceOnly': False, 'closePosition': False, 'side': 'BUY', 'positionSide': 'BOTH', 'stopPrice': '0.0000', 'workingType': 'CONTRACT_PRICE', 'priceProtect': False, 'origType': 'LIMIT', 'priceMatch': 'NONE', 'selfTradePreventionMode': 'NONE', 'goodTillDate': 0, 'updateTime': 1722796265266}
2024-08-04 18:31:06,826
update 0: filled 0 / 2 () | working 2 / 2 (+ETHUSDT,+XRPUSDT)
2024-08-04 18:31:10,826
+ETHUSDT: bp8.0|+XRPUSDT: bp11.0|
2024-08-04 18:31:11,643
update 1: filled 0 / 2 () | working 2 / 2 (+ETHUSDT,+XRPUSDT)
2024-08-04 18:31:15,644
+ETHUSDT: bp7.0|+XRPUSDT: bp8.0|
2024-08-04 18:31:16,458
update 2: filled 0 / 2 () | working 2 / 2 (+ETHUSDT,+XRPUSDT)
2024-08-04 18:31:20,459
+ETHUSDT: bp17.0|+XRPUSDT: bp19.0|
2024-08-04 18:31:21,277
update 3: filled 0 / 2 () | working 2 / 2 (+ETHUSDT,+XRPUSDT)
2024-08-04 18:31:25,278
+ETHUSDT: bp9.0|+XRPUSDT: bp19.0|
2024-08-04 18:31:26,094
update 4: filled 0 / 2 () | working 2 / 2 (+ETHUSDT,+XRPUSDT)
2024-08-04 18:31:30,095
+ETHUSDT: bp9.0|+XRPUSDT: bp13.0|
2024-08-04 18:31:30,910
update 5: filled 0 / 2 () | working 2 / 2 (+ETHUSDT,+XRPUSDT)
2024-08-04 18:31:34,910
+ETHUSDT: bp9.0|+XRPUSDT: bp10.0|
2024-08-04 18:31:35,724
update 6: filled 0 / 2 () | working 2 / 2 (+ETHUSDT,+XRPUSDT)
2024-08-04 18:31:39,725
+ETHUSDT: bp10.0|+XRPUSDT: bp10.0|
2024-08-04 18:31:40,539
update 7: filled 0 / 2 () | working 2 / 2 (+ETHUSDT,+XRPUSDT)
2024-08-04 18:31:44,540
+ETHUSDT: bp6.0|+XRPUSDT: bp15.0|
2024-08-04 18:31:45,354
update 8: filled 1 / 2 (+ETHUSDT) | working 1 / 2 (+XRPUSDT)
2024-08-04 18:31:49,355
+XRPUSDT: bp10.0|
2024-08-04 18:31:50,170
update 9: filled 2 / 2 (+ETHUSDT,+XRPUSDT) | working 0 / 2 ()
2024-08-04 18:31:56,458
Trades of the day
in$
as of: 04Aug 18:31>>18:31 (#trades: 2)
trade net: +98.0 (+33.3%), trade gross: +98.0 (+33.3%), BUY: +98.0 (+33.3%), SELL: +0.0 (+0.0%)
fees: $ 0.02 (2.0bp)
2024-08-04 18:31:56,881
Trades: 
Filled #2
______________________________________________
                   in$ | in bp 97 traded | in bp 294 AUMs
realizedPnl    +0      | +0      | +0     
PnLvsArrival   +0.05   | +5      | +2     
PnLvsLast      -0.03   | -3      | -1     
______________________________________________
                 | Value$ | PnL Arrival/Last 
______________________________________________
ETH:+0.018@2699.21 | +49$ | 0.03/-0.04
XRP:+93.7@0.5226 | +49$ | 0.02/0.01
