2023-09-05 00:30:40,303
ON program started 20230905 00:30:40,
US time: 20230904 20:30:40
2023-09-05 00:30:40,808
the strat is currently running @ 05-09-2023 and the target positions is SHORT
2023-09-05 00:30:43,115
CURRENT STATUS IS SHORT, WE CHECK IF THE DAY IS A NEGATIVE ONE
-----
return before 14h30:
BTCUSDT+0.00%, ETHUSDT+0.00%, XRPUSDT+0.00%
-----
target alloc initial:BTCUSDT-4.17%, ETHUSDT+0.00%, XRPUSDT-4.17%
-----
alloc target x rt%<0:BTCUSDT-0.00%, ETHUSDT+0.00%, XRPUSDT-0.00%
-----
           BTCUSDT ETHUSDT XRPUSDT
w_target     -4.2%    0.0%   -4.2%
rt_14h30     0.00%   0.00%   0.00%
w_target_f   -0.0%    0.0%   -0.0%
2023-09-05 00:30:43,116
Portfolio was rebalanced less than 2 hours ago, 1.0 hours ago
2023-09-05 00:30:43,119
Status: prev = SHORT <> SHORT = target
2023-09-05 00:30:43,119
the strat is currently running @ 05-09-2023 and the target positions is SHORT
the strat was previously run @ 2023-09-04 23:30:47 UTC, success:yes 
   and the current positions is SHORT
2023-09-05 00:30:44,287
positions_future #1
2023-09-05 00:30:44,287
      symbol  positionAmt entryPrice  ...   updateTime AUMs_account        w%
111  XRPUSDT        -22.7     0.5055  ...  04Sep-22:33        275.6 -0.041678

[1 rows x 10 columns]
2023-09-05 00:30:44,310
programm stoppeddd!!! 20230905_003044
