2023-10-15 23:30:50,004
ON program started 20231015 23:30:49,
US time: 20231015 19:30:50
2023-10-15 23:30:50,386
the strat is currently running @ 15-10-2023 and the target positions is SHORT
2023-10-15 23:30:51,743
CURRENT STATUS IS SHORT, WE CHECK IF THE DAY IS A NEGATIVE ONE
-----
return before 14h30:
BTCUSDT+0.38%, ETHUSDT+0.21%, XRPUSDT+0.64%
-----
target alloc initial:BTCUSDT-4.17%, ETHUSDT+0.00%, XRPUSDT-4.17%
-----
alloc target x rt%<0:BTCUSDT-0.00%, ETHUSDT+0.00%, XRPUSDT-0.00%
-----
           BTCUSDT ETHUSDT XRPUSDT
w_target     -4.2%    0.0%   -4.2%
rt_14h30     0.00%   0.00%   0.01%
w_target_f   -0.0%    0.0%   -0.0%
2023-10-15 23:30:51,745
Portfolio was rebalanced less than 2 hours ago, 0.9 hours ago
2023-10-15 23:30:51,747
Status: prev = SHORT <> SHORT = target
2023-10-15 23:30:51,747
the strat is currently running @ 15-10-2023 and the target positions is SHORT
the strat was previously run @ 2023-10-15 22:35:09 UTC, success:yes 
   and the current positions is SHORT
2023-10-15 23:30:52,825
positions_future #0
2023-10-15 23:30:52,825
Empty DataFrame
Columns: [symbol, positionAmt, entryPrice, breakEvenPrice, markPrice, unRealizedProfit, value_usd, updateTime, AUMs_account, w%]
Index: []
2023-10-15 23:30:52,833
programm stoppeddd!!! 20231015_233052
