2024-05-23 19:31:03,490
ON program started 20240523 19:31:03,
US time: 20240523 15:31:03
2024-05-23 19:31:03,976
the strat is currently running @ 23-05-2024 and the target positions is LONG
2024-05-23 19:31:05,384
CURRENT STATUS IS LONG
-----
return before 14h30:
BTCUSDT-1.63%, ETHUSDT+1.17%, XRPUSDT-0.28%
-----
target alloc initial:BTCUSDT+16.67%, ETHUSDT+16.67%, XRPUSDT+16.67%
-----
alloc target x rt%<0:BTCUSDT+16.67%, ETHUSDT+16.67%, XRPUSDT+16.67%
-----
           BTCUSDT ETHUSDT XRPUSDT
w_target     16.7%   16.7%   16.7%
rt_14h30    -0.02%   0.01%  -0.00%
w_target_f   16.7%   16.7%   16.7%
2024-05-23 19:31:05,385
Portfolio was rebalanced less than 2 hours ago, 1.0 hours ago
2024-05-23 19:31:05,387
Status: prev = LONG <> LONG = target
2024-05-23 19:31:05,387
the strat is currently running @ 23-05-2024 and the target positions is LONG
the strat was previously run @ 2024-05-23 18:30:56, success:? 
   and the current positions is LONG
2024-05-23 19:31:06,576
positions_future #2
2024-05-23 19:31:06,576
      symbol  positionAmt entryPrice  ... adlQuantile AUMs_account        w%
167  ETHUSDT        0.013    3728.82  ...           1        289.2  0.170406
134  XRPUSDT       92.500     0.5183  ...           3        289.2  0.166765

[2 rows x 12 columns]
2024-05-23 19:31:06,814
------------------------------
binance_account_balance
2024-05-23 19:31:06,814
  asset     balance  ...  marginAvailable   updateTime
6  USDT  288.111024  ...             True  23May-18:31

[1 rows x 8 columns]
2024-05-23 19:31:07,475
------------------------------
open_orders
2024-05-23 19:31:07,475
Empty DataFrame
Columns: []
Index: []
2024-05-23 19:31:08,119
------------------------------
AUMS account:289

2024-05-23 19:31:08,121
--------------- compute_futures_order_book() ----------------
2024-05-23 19:31:09,660
----------------------------------------------------------------------
#0 order(s) to place
gross$: 0$ | net$: +0$
gross%: 0% | net%: +0%
 || w>0%  +0% | w<0%  0%
----------------------------------------------------------------------
PTF Expo% 33.5% >> 50.0% (current>>target)
PTF expo $97.0 >> $144 (current>>target)
----------------------------------------------------------------------
2024-05-23 19:31:09,661
orders_ofthe_day
2024-05-23 19:31:09,662
Empty DataFrame
Columns: [ptf_usd, target_usd, totrd_usd, posttrd_usd, qty, posttrd_qty, posttrd_w, bid, ask, strategy]
Index: []
2024-05-23 19:31:09,729
Orders of the day is empty, current and target potfolios are aligned
2024-05-23 19:31:09,729
Program stopped
