2024-05-31 22:30:34,801
ON program started 20240531 22:30:34,
US time: 20240531 18:30:34
2024-05-31 22:30:35,299
the strat is currently running @ 31-05-2024 and the target positions is SHORT
2024-05-31 22:30:36,615
CURRENT STATUS IS SHORT, WE CHECK IF THE DAY IS A NEGATIVE ONE
-----
return before 14h30:
BTCUSDT-0.40%, ETHUSDT+1.03%, XRPUSDT+0.15%
-----
target alloc initial:BTCUSDT-4.17%, ETHUSDT+0.00%, XRPUSDT-4.17%
-----
alloc target x rt%<0:BTCUSDT-4.17%, ETHUSDT+0.00%, XRPUSDT-0.00%
-----
           BTCUSDT ETHUSDT XRPUSDT
w_target     -4.2%    0.0%   -4.2%
rt_14h30    -0.00%   0.01%   0.00%
w_target_f   -4.2%    0.0%   -0.0%
2024-05-31 22:30:36,616
Portfolio was rebalanced less than 2 hours ago, 1.0 hours ago
2024-05-31 22:30:36,618
Status: prev = SHORT <> LONG = target
2024-05-31 22:30:36,618
the strat is currently running @ 31-05-2024 and the target positions is SHORT
the strat was previously run @ 2024-05-31 21:31:03, success:yes 
   and the current positions is LONG
2024-05-31 22:30:37,753
positions_future #2
2024-05-31 22:30:37,753
      symbol  positionAmt entryPrice  ... adlQuantile AUMs_account        w%
161  ETHUSDT        0.013    3779.18  ...           1        288.7  0.170367
128  XRPUSDT       92.900     0.5164  ...           3        288.7  0.167181

[2 rows x 12 columns]
2024-05-31 22:30:37,978
------------------------------
binance_account_balance
2024-05-31 22:30:37,979
  asset     balance  ...  marginAvailable   updateTime
6  USDT  288.375899  ...             True  31May-18:34

[1 rows x 8 columns]
2024-05-31 22:30:38,605
------------------------------
open_orders
2024-05-31 22:30:38,605
Empty DataFrame
Columns: []
Index: []
2024-05-31 22:30:39,218
------------------------------
AUMS account:288

2024-05-31 22:30:39,220
--------------- compute_futures_order_book() ----------------
2024-05-31 22:30:40,679
----------------------------------------------------------------------
#2 order(s) to place
gross$: 97$ | net$: -97$
gross%: 34% | net%: -34%
 || w>0%  +0% | w<0%  -34%
----------------------------------------------------------------------
PTF Expo% 33.5% >> -4.1% (current>>target)
PTF expo $97.0 >> $-12 (current>>target)
----------------------------------------------------------------------
2024-05-31 22:30:40,681
orders_ofthe_day
2024-05-31 22:30:40,681
                  ptf_usd  target_usd  totrd_usd  ...        bid        ask strategy
2024-05-31 22:30                                  ...                               
ETHUSDT              49.0         0.0      -49.0  ...  3783.6300  3783.6400  STRATON
XRPUSDT              48.0        -0.0      -48.0  ...     0.5196     0.5197  STRATON

[2 rows x 10 columns]
2024-05-31 22:30:42,209
binance_place_orders_peg 20240531_223042
2024-05-31 22:30:42,621
{'orderId': 8389765686886065590, 'symbol': 'ETHUSDT', 'status': 'NEW', 'clientOrderId': 'STRATON', 'price': '3785.33', 'avgPrice': '0.00', 'origQty': '0.013', 'executedQty': '0.000', 'cumQty': '0.000', 'cumQuote': '0.00000', 'timeInForce': 'GTC', 'type': 'LIMIT', 'reduceOnly': False, 'closePosition': False, 'side': 'SELL', 'positionSide': 'BOTH', 'stopPrice': '0.00', 'workingType': 'CONTRACT_PRICE', 'priceProtect': False, 'origType': 'LIMIT', 'priceMatch': 'NONE', 'selfTradePreventionMode': 'NONE', 'goodTillDate': 0, 'updateTime': 1717194642518}
2024-05-31 22:30:43,031
{'orderId': 57638633057, 'symbol': 'XRPUSDT', 'status': 'NEW', 'clientOrderId': 'STRATON', 'price': '0.5200', 'avgPrice': '0.00', 'origQty': '92.9', 'executedQty': '0.0', 'cumQty': '0.0', 'cumQuote': '0.00000', 'timeInForce': 'GTC', 'type': 'LIMIT', 'reduceOnly': False, 'closePosition': False, 'side': 'SELL', 'positionSide': 'BOTH', 'stopPrice': '0.0000', 'workingType': 'CONTRACT_PRICE', 'priceProtect': False, 'origType': 'LIMIT', 'priceMatch': 'NONE', 'selfTradePreventionMode': 'NONE', 'goodTillDate': 0, 'updateTime': 1717194642929}
2024-05-31 22:30:44,489
update 0: filled 0 / 2 () | working 2 / 2 (-ETHUSDT,-XRPUSDT)
2024-05-31 22:30:48,489
-ETHUSDT: bp4.0|-XRPUSDT: bp6.0|
2024-05-31 22:30:49,310
update 1: filled 0 / 2 () | working 2 / 2 (-ETHUSDT,-XRPUSDT)
2024-05-31 22:30:53,310
-ETHUSDT: bp5.0|-XRPUSDT: bp6.0|
2024-05-31 22:30:54,130
update 2: filled 0 / 2 () | working 2 / 2 (-ETHUSDT,-XRPUSDT)
2024-05-31 22:30:58,131
-ETHUSDT: bp5.0|-XRPUSDT: bp6.0|
2024-05-31 22:30:58,948
update 3: filled 0 / 2 () | working 2 / 2 (-ETHUSDT,-XRPUSDT)
2024-05-31 22:31:02,948
-ETHUSDT: bp6.0|-XRPUSDT: bp6.0|
2024-05-31 22:31:03,766
update 4: filled 0 / 2 () | working 2 / 2 (-ETHUSDT,-XRPUSDT)
2024-05-31 22:31:07,767
-ETHUSDT: bp5.0|-XRPUSDT: bp6.0|
2024-05-31 22:31:08,583
update 5: filled 0 / 2 () | working 2 / 2 (-ETHUSDT,-XRPUSDT)
2024-05-31 22:31:12,583
-ETHUSDT: bp5.0|-XRPUSDT: bp6.0|
2024-05-31 22:31:13,399
update 6: filled 0 / 2 () | working 2 / 2 (-ETHUSDT,-XRPUSDT)
2024-05-31 22:31:17,399
-ETHUSDT: bp4.0|-XRPUSDT: bp4.0|
2024-05-31 22:31:18,214
update 7: filled 0 / 2 () | working 2 / 2 (-ETHUSDT,-XRPUSDT)
2024-05-31 22:31:22,215
-ETHUSDT: bp5.0|-XRPUSDT: bp2.0|
2024-05-31 22:31:23,033
update 8: filled 0 / 2 () | working 2 / 2 (-ETHUSDT,-XRPUSDT)
2024-05-31 22:31:27,033
-ETHUSDT: bp5.0|-XRPUSDT: bp2.0|
2024-05-31 22:31:27,854
update 9: filled 0 / 2 () | working 2 / 2 (-ETHUSDT,-XRPUSDT)
2024-05-31 22:31:31,855
-ETHUSDT: bp5.0|-XRPUSDT: bp4.0|
2024-05-31 22:31:32,674
update 10: filled 0 / 2 () | working 2 / 2 (-ETHUSDT,-XRPUSDT)
2024-05-31 22:31:36,675
-ETHUSDT: bp4.0|-XRPUSDT: bp2.0|
2024-05-31 22:31:37,492
update 11: filled 0 / 2 () | working 2 / 2 (-ETHUSDT,-XRPUSDT)
2024-05-31 22:31:41,493
-ETHUSDT: bp4.0|-XRPUSDT: bp4.0|
2024-05-31 22:31:42,308
update 12: filled 0 / 2 () | working 2 / 2 (-ETHUSDT,-XRPUSDT)
2024-05-31 22:31:46,309
-ETHUSDT: bp4.0|-XRPUSDT: bp4.0|
2024-05-31 22:31:47,127
update 13: filled 0 / 2 () | working 2 / 2 (-ETHUSDT,-XRPUSDT)
2024-05-31 22:31:51,128
-ETHUSDT: bp4.0|-XRPUSDT: bp6.0|
2024-05-31 22:31:51,943
update 14: filled 0 / 2 () | working 2 / 2 (-ETHUSDT,-XRPUSDT)
2024-05-31 22:31:55,944
-ETHUSDT: bp4.0|-XRPUSDT: bp6.0|
2024-05-31 22:31:55,944
Adjustment limit #1 ... 
 we cancel current orders and replace
2024-05-31 22:31:55,944
@+/-2.5bp limit 
2024-05-31 22:31:55,944
binance_cancel_and_replace_orders_peg 20240531_223155
2024-05-31 22:31:57,995
binance_place_orders_peg 20240531_223157
2024-05-31 22:31:58,406
{'orderId': 8389765686886298695, 'symbol': 'ETHUSDT', 'status': 'NEW', 'clientOrderId': 'STRATON', 'price': '3782.18', 'avgPrice': '0.00', 'origQty': '0.013', 'executedQty': '0.000', 'cumQty': '0.000', 'cumQuote': '0.00000', 'timeInForce': 'GTC', 'type': 'LIMIT', 'reduceOnly': False, 'closePosition': False, 'side': 'SELL', 'positionSide': 'BOTH', 'stopPrice': '0.00', 'workingType': 'CONTRACT_PRICE', 'priceProtect': False, 'origType': 'LIMIT', 'priceMatch': 'NONE', 'selfTradePreventionMode': 'NONE', 'goodTillDate': 0, 'updateTime': 1717194718303}
2024-05-31 22:31:58,815
{'orderId': 57638678392, 'symbol': 'XRPUSDT', 'status': 'NEW', 'clientOrderId': 'STRATON', 'price': '0.5198', 'avgPrice': '0.00', 'origQty': '92.9', 'executedQty': '0.0', 'cumQty': '0.0', 'cumQuote': '0.00000', 'timeInForce': 'GTC', 'type': 'LIMIT', 'reduceOnly': False, 'closePosition': False, 'side': 'SELL', 'positionSide': 'BOTH', 'stopPrice': '0.0000', 'workingType': 'CONTRACT_PRICE', 'priceProtect': False, 'origType': 'LIMIT', 'priceMatch': 'NONE', 'selfTradePreventionMode': 'NONE', 'goodTillDate': 0, 'updateTime': 1717194718712}
2024-05-31 22:31:59,638
update 0: filled 0 / 2 () | working 2 / 2 (-ETHUSDT,-XRPUSDT)
2024-05-31 22:32:03,639
-ETHUSDT: bp3.0|-XRPUSDT: bp2.0|
2024-05-31 22:32:04,454
update 1: filled 0 / 2 () | working 2 / 2 (-ETHUSDT,-XRPUSDT)
2024-05-31 22:32:08,454
-ETHUSDT: bp3.0|-XRPUSDT: bp4.0|
2024-05-31 22:32:09,272
update 2: filled 1 / 2 (-ETHUSDT) | working 1 / 2 (-XRPUSDT)
2024-05-31 22:32:13,272
-XRPUSDT: bp2.0|
2024-05-31 22:32:14,088
update 3: filled 1 / 2 (-ETHUSDT) | working 1 / 2 (-XRPUSDT)
2024-05-31 22:32:18,088
-XRPUSDT: bp2.0|
2024-05-31 22:32:18,904
update 4: filled 1 / 2 (-ETHUSDT) | working 1 / 2 (-XRPUSDT)
2024-05-31 22:32:22,905
-XRPUSDT: bp4.0|
2024-05-31 22:32:23,722
update 5: filled 1 / 2 (-ETHUSDT) | working 1 / 2 (-XRPUSDT)
2024-05-31 22:32:27,723
-XRPUSDT: bp4.0|
2024-05-31 22:32:28,538
update 6: filled 1 / 2 (-ETHUSDT) | working 1 / 2 (-XRPUSDT)
2024-05-31 22:32:32,539
-XRPUSDT: bp2.0|
2024-05-31 22:32:33,365
update 7: filled 1 / 2 (-ETHUSDT) | working 1 / 2 (-XRPUSDT)
2024-05-31 22:32:37,365
-XRPUSDT: bp2.0|
2024-05-31 22:32:38,181
update 8: filled 1 / 2 (-ETHUSDT) | working 1 / 2 (-XRPUSDT)
2024-05-31 22:32:42,181
-XRPUSDT: bp0.0|
2024-05-31 22:32:42,999
update 9: filled 1 / 2 (-ETHUSDT) | working 1 / 2 (-XRPUSDT)
2024-05-31 22:32:47,000
-XRPUSDT: bp2.0|
2024-05-31 22:32:47,815
update 10: filled 1 / 2 (-ETHUSDT) | working 1 / 2 (-XRPUSDT)
2024-05-31 22:32:51,815
-XRPUSDT: bp0.0|
2024-05-31 22:32:52,630
update 11: filled 1 / 2 (-ETHUSDT) | working 1 / 2 (-XRPUSDT)
2024-05-31 22:32:56,631
-XRPUSDT: bp0.0|
2024-05-31 22:32:57,447
update 12: filled 1 / 2 (-ETHUSDT) | working 1 / 2 (-XRPUSDT)
2024-05-31 22:33:01,448
-XRPUSDT: bp0.0|
2024-05-31 22:33:02,263
update 13: filled 2 / 2 (-ETHUSDT,-XRPUSDT) | working 0 / 2 ()
2024-05-31 22:33:08,539
Trades of the day
in$
as of: 31May 22:32>>22:32 (#trades: 2)
trade net: -97.0 (-33.6%), trade gross: +97.0 (+33.6%), BUY: +0.0 (+0.0%), SELL: -97.0 (-33.6%)
fees: $ 0.019 (2.0bp)
2024-05-31 22:33:08,960
Trades: 
Filled #2
______________________________________________
                   in$ | in bp 97 traded | in bp 288 AUMs
realizedPnl    +0.36   | +37     | +12    
PnLvsArrival   -0.01   | -1      | -0     
PnLvsLast      -0.01   | -1      | -0     
______________________________________________
                 | Value$ | PnL Arrival/Last 
______________________________________________
ETH:-0.013@3782.18 | -49$ | -0.02/-0.01
XRP:-92.9@0.5198 | -48$ | 0.01/0
