2023-08-11 19:30:35,790
ON program started 20230811 19:30:35,
US time: 20230811 15:30:35
2023-08-11 19:30:36,070
the strat is currently running @ 11-08-2023 and the target positions is LONG
2023-08-11 19:30:37,399
CURRENT STATUS IS LONG
-----
return before 14h30:
BTCUSDT-0.24%, ETHUSDT-0.20%, XRPUSDT-0.80%
-----
target alloc initial:BTCUSDT+16.67%, ETHUSDT+16.67%, XRPUSDT+16.67%
-----
alloc target x rt%<0:BTCUSDT+16.67%, ETHUSDT+16.67%, XRPUSDT+16.67%
-----
           BTCUSDT ETHUSDT XRPUSDT
w_target     16.7%   16.7%   16.7%
rt_14h30    -0.00%  -0.00%  -0.01%
w_target_f   16.7%   16.7%   16.7%
2023-08-11 19:30:37,401
Portfolio was rebalanced less than 2 hours ago, 0.9 hours ago
2023-08-11 19:30:37,403
Status: prev = LONG <> LONG = target
2023-08-11 19:30:37,403
the strat is currently running @ 11-08-2023 and the target positions is LONG
the strat was previously run @ 2023-08-11 18:34:11 UTC, success:yes 
   and the current positions is LONG
2023-08-11 19:30:38,494
positions_future #3
2023-08-11 19:30:38,494
      symbol  positionAmt entryPrice  ...   updateTime  AUMs_account        w%
222  BTCUSDT        0.002    29345.6  ...  11Aug-18:33         290.4  0.202263
111  XRPUSDT       76.800     0.6304  ...  11Aug-18:33         290.4  0.166232
137  ETHUSDT        0.026    1842.98  ...  11Aug-18:34         290.4  0.165050

[3 rows x 9 columns]
2023-08-11 19:30:38,521
programm stoppeddd!!! 20230811_193038
