2024-08-01 22:30:43,633
ON program started 20240801 22:30:43,
US time: 20240801 18:30:43
2024-08-01 22:30:44,112
the strat is currently running @ 01-08-2024 and the target positions is SHORT
2024-08-01 22:30:45,822
CURRENT STATUS IS SHORT, WE CHECK IF THE DAY IS A NEGATIVE ONE
-----
return before 14h30:
BTCUSDT+0.19%, ETHUSDT-1.54%, XRPUSDT-2.50%
-----
target alloc initial:BTCUSDT-4.17%, ETHUSDT+0.00%, XRPUSDT-4.17%
-----
alloc target x rt%<0:BTCUSDT-0.00%, ETHUSDT+0.00%, XRPUSDT-4.17%
-----
           BTCUSDT ETHUSDT XRPUSDT
w_target     -4.2%    0.0%   -4.2%
rt_14h30     0.00%  -0.02%  -0.03%
w_target_f   -0.0%    0.0%   -4.2%
2024-08-01 22:30:45,823
Portfolio was rebalanced less than 2 hours ago, 1.0 hours ago
2024-08-01 22:30:45,825
Status: prev = SHORT <> LONG = target
2024-08-01 22:30:45,825
the strat is currently running @ 01-08-2024 and the target positions is SHORT
the strat was previously run @ 2024-08-01 21:30:37, success:yes 
   and the current positions is LONG
2024-08-01 22:30:46,970
positions_future #2
2024-08-01 22:30:46,970
      symbol  positionAmt entryPrice  ... adlQuantile AUMs_account        w%
165  ETHUSDT        0.016     3104.8  ...           2        293.8  0.174592
130  XRPUSDT       83.200     0.5764  ...           2        293.8  0.169394

[2 rows x 12 columns]
2024-08-01 22:30:47,198
------------------------------
binance_account_balance
2024-08-01 22:30:47,198
  asset     balance  ...  marginAvailable   updateTime
4  USDT  290.378313  ...             True  01Aug-18:31

[1 rows x 8 columns]
2024-08-01 22:30:47,825
------------------------------
open_orders
2024-08-01 22:30:47,825
Empty DataFrame
Columns: []
Index: []
2024-08-01 22:30:48,435
------------------------------
AUMS account:293

2024-08-01 22:30:48,437
--------------- compute_futures_order_book() ----------------
2024-08-01 22:30:49,888
----------------------------------------------------------------------
#2 order(s) to place
gross$: 113$ | net$: -113$
gross%: 38% | net%: -38%
 || w>0%  +0% | w<0%  -38%
----------------------------------------------------------------------
PTF Expo% 34.3% >> -4.1% (current>>target)
PTF expo $101.0 >> $-12 (current>>target)
----------------------------------------------------------------------
2024-08-01 22:30:49,890
orders_ofthe_day
2024-08-01 22:30:49,890
                  ptf_usd  target_usd  totrd_usd  ...        bid        ask strategy
2024-08-01 22:30                                  ...                               
XRPUSDT              50.0      -12.25      -62.0  ...     0.5981     0.5982  STRATON
ETHUSDT              51.0        0.00      -51.0  ...  3205.1100  3205.1200  STRATON

[2 rows x 10 columns]
2024-08-01 22:30:51,544
binance_place_orders_peg 20240801_223051
2024-08-01 22:30:51,958
{'orderId': 61975518594, 'symbol': 'XRPUSDT', 'status': 'NEW', 'clientOrderId': 'STRATON', 'price': '0.5985', 'avgPrice': '0.00', 'origQty': '103.6', 'executedQty': '0.0', 'cumQty': '0.0', 'cumQuote': '0.00000', 'timeInForce': 'GTC', 'type': 'LIMIT', 'reduceOnly': False, 'closePosition': False, 'side': 'SELL', 'positionSide': 'BOTH', 'stopPrice': '0.0000', 'workingType': 'CONTRACT_PRICE', 'priceProtect': False, 'origType': 'LIMIT', 'priceMatch': 'NONE', 'selfTradePreventionMode': 'NONE', 'goodTillDate': 0, 'updateTime': 1722551451851}
2024-08-01 22:30:52,371
{'orderId': 8389765708776031108, 'symbol': 'ETHUSDT', 'status': 'NEW', 'clientOrderId': 'STRATON', 'price': '3207.00', 'avgPrice': '0.00', 'origQty': '0.016', 'executedQty': '0.000', 'cumQty': '0.000', 'cumQuote': '0.00000', 'timeInForce': 'GTC', 'type': 'LIMIT', 'reduceOnly': False, 'closePosition': False, 'side': 'SELL', 'positionSide': 'BOTH', 'stopPrice': '0.00', 'workingType': 'CONTRACT_PRICE', 'priceProtect': False, 'origType': 'LIMIT', 'priceMatch': 'NONE', 'selfTradePreventionMode': 'NONE', 'goodTillDate': 0, 'updateTime': 1722551452265}
2024-08-01 22:30:53,827
update 0: filled 0 / 2 () | working 2 / 2 (-XRPUSDT,-ETHUSDT)
2024-08-01 22:30:57,827
-XRPUSDT: bp7.0|-ETHUSDT: bp3.0|
2024-08-01 22:30:58,645
update 1: filled 0 / 2 () | working 2 / 2 (-XRPUSDT,-ETHUSDT)
2024-08-01 22:31:02,646
-XRPUSDT: bp5.0|-ETHUSDT: bp3.0|
2024-08-01 22:31:03,461
update 2: filled 1 / 2 (-ETHUSDT) | working 1 / 2 (-XRPUSDT)
2024-08-01 22:31:07,462
-XRPUSDT: bp7.0|
2024-08-01 22:31:08,280
update 3: filled 1 / 2 (-ETHUSDT) | working 1 / 2 (-XRPUSDT)
2024-08-01 22:31:12,280
-XRPUSDT: bp5.0|
2024-08-01 22:31:13,096
update 4: filled 1 / 2 (-ETHUSDT) | working 1 / 2 (-XRPUSDT)
2024-08-01 22:31:17,097
-XRPUSDT: bp5.0|
2024-08-01 22:31:17,913
update 5: filled 1 / 2 (-ETHUSDT) | working 1 / 2 (-XRPUSDT)
2024-08-01 22:31:21,914
-XRPUSDT: bp10.0|
2024-08-01 22:31:22,732
update 6: filled 1 / 2 (-ETHUSDT) | working 1 / 2 (-XRPUSDT)
2024-08-01 22:31:26,732
-XRPUSDT: bp5.0|
2024-08-01 22:31:27,546
update 7: filled 1 / 2 (-ETHUSDT) | working 1 / 2 (-XRPUSDT)
2024-08-01 22:31:31,547
-XRPUSDT: bp8.0|
2024-08-01 22:31:32,364
update 8: filled 1 / 2 (-ETHUSDT) | working 1 / 2 (-XRPUSDT)
2024-08-01 22:31:36,365
-XRPUSDT: bp7.0|
2024-08-01 22:31:37,179
update 9: filled 1 / 2 (-ETHUSDT) | working 1 / 2 (-XRPUSDT)
2024-08-01 22:31:41,179
-XRPUSDT: bp12.0|
2024-08-01 22:31:41,997
update 10: filled 1 / 2 (-ETHUSDT) | working 1 / 2 (-XRPUSDT)
2024-08-01 22:31:45,998
-XRPUSDT: bp17.0|
2024-08-01 22:31:46,812
update 11: filled 1 / 2 (-ETHUSDT) | working 1 / 2 (-XRPUSDT)
2024-08-01 22:31:50,813
-XRPUSDT: bp15.0|
2024-08-01 22:31:51,632
update 12: filled 1 / 2 (-ETHUSDT) | working 1 / 2 (-XRPUSDT)
2024-08-01 22:31:55,632
-XRPUSDT: bp15.0|
2024-08-01 22:31:56,451
update 13: filled 1 / 2 (-ETHUSDT) | working 1 / 2 (-XRPUSDT)
2024-08-01 22:32:00,453
-XRPUSDT: bp18.0|
2024-08-01 22:32:01,267
update 14: filled 1 / 2 (-ETHUSDT) | working 1 / 2 (-XRPUSDT)
2024-08-01 22:32:05,267
-XRPUSDT: bp18.0|
2024-08-01 22:32:05,268
Adjustment limit #1 ... 
 we cancel current orders and replace
2024-08-01 22:32:05,268
@+/-2.5bp limit 
2024-08-01 22:32:05,268
binance_cancel_and_replace_orders_peg 20240801_223205
2024-08-01 22:32:06,704
binance_place_orders_peg 20240801_223206
2024-08-01 22:32:07,117
{'orderId': 61975599207, 'symbol': 'XRPUSDT', 'status': 'NEW', 'clientOrderId': 'STRATON', 'price': '0.5972', 'avgPrice': '0.00', 'origQty': '103.6', 'executedQty': '0.0', 'cumQty': '0.0', 'cumQuote': '0.00000', 'timeInForce': 'GTC', 'type': 'LIMIT', 'reduceOnly': False, 'closePosition': False, 'side': 'SELL', 'positionSide': 'BOTH', 'stopPrice': '0.0000', 'workingType': 'CONTRACT_PRICE', 'priceProtect': False, 'origType': 'LIMIT', 'priceMatch': 'NONE', 'selfTradePreventionMode': 'NONE', 'goodTillDate': 0, 'updateTime': 1722551527011}
2024-08-01 22:32:07,939
update 0: filled 1 / 2 (-ETHUSDT) | working 1 / 2 (-XRPUSDT)
2024-08-01 22:32:11,940
-XRPUSDT: bp-2.0|
2024-08-01 22:32:12,755
update 1: filled 1 / 2 (-ETHUSDT) | working 1 / 2 (-XRPUSDT)
2024-08-01 22:32:16,756
-XRPUSDT: bp5.0|
2024-08-01 22:32:17,570
update 2: filled 1 / 2 (-ETHUSDT) | working 1 / 2 (-XRPUSDT)
2024-08-01 22:32:21,570
-XRPUSDT: bp5.0|
2024-08-01 22:32:22,385
update 3: filled 1 / 2 (-ETHUSDT) | working 1 / 2 (-XRPUSDT)
2024-08-01 22:32:26,385
-XRPUSDT: bp7.0|
2024-08-01 22:32:27,200
update 4: filled 1 / 2 (-ETHUSDT) | working 1 / 2 (-XRPUSDT)
2024-08-01 22:32:31,201
-XRPUSDT: bp2.0|
2024-08-01 22:32:32,018
update 5: filled 2 / 2 (-ETHUSDT,-XRPUSDT) | working 0 / 2 ()
2024-08-01 22:32:38,297
Trades of the day
in$
as of: 01Aug 22:31>>22:32 (#trades: 2)
trade net: -113.0 (-38.5%), trade gross: +113.0 (+38.5%), BUY: +0.0 (+0.0%), SELL: -113.0 (-38.5%)
fees: $ 0.023 (2.0bp)
2024-08-01 22:32:38,717
Trades: 
Filled #2
______________________________________________
                   in$ | in bp 113 traded | in bp 293 AUMs
realizedPnl    +3.37   | +298    | +115   
PnLvsArrival   -0.07   | -6      | -2     
PnLvsLast      +0.12   | +11     | +4     
______________________________________________
                 | Value$ | PnL Arrival/Last 
______________________________________________
XRP:-103.6@0.5972 | -62$ | -0.1/0.03
ETH:-0.016@3207 | -51$ | 0.03/0.09
