2024-02-12 01:31:16,241
ON program started 20240212 01:31:16,
US time: 20240211 20:31:16
2024-02-12 01:31:17,501
the strat is currently running @ 12-02-2024 and the target positions is SHORT
2024-02-12 01:31:19,333
CURRENT STATUS IS SHORT, WE CHECK IF THE DAY IS A NEGATIVE ONE
-----
return before 14h30:
BTCUSDT+0.35%, ETHUSDT+0.25%, XRPUSDT+0.44%
-----
target alloc initial:BTCUSDT-4.17%, ETHUSDT+0.00%, XRPUSDT-4.17%
-----
alloc target x rt%<0:BTCUSDT-0.00%, ETHUSDT+0.00%, XRPUSDT-0.00%
-----
           BTCUSDT ETHUSDT XRPUSDT
w_target     -4.2%    0.0%   -4.2%
rt_14h30     0.00%   0.00%   0.00%
w_target_f   -0.0%    0.0%   -0.0%
2024-02-12 01:31:19,335
Portfolio was rebalanced less than 2 hours ago, 1.0 hours ago
2024-02-12 01:31:19,337
Status: prev = SHORT <> SHORT = target
2024-02-12 01:31:19,337
the strat is currently running @ 12-02-2024 and the target positions is SHORT
the strat was previously run @ 2024-02-12 00:31:24, success:yes 
   and the current positions is SHORT
2024-02-12 01:31:20,577
positions_future #0
2024-02-12 01:31:20,577
Empty DataFrame
Columns: [symbol, positionAmt, entryPrice, breakEvenPrice, markPrice, unRealizedProfit, value_usd, updateTime, isolated, adlQuantile, AUMs_account, w%]
Index: []
2024-02-12 01:31:20,656
programm stoppeddd!!! 20240212_013120
