2024-05-05 01:31:16,215
ON program started 20240505 01:31:16,
US time: 20240504 21:31:16
2024-05-05 01:31:17,175
the strat is currently running @ 05-05-2024 and the target positions is SHORT
2024-05-05 01:31:18,629
CURRENT STATUS IS SHORT, WE CHECK IF THE DAY IS A NEGATIVE ONE
-----
return before 14h30:
BTCUSDT-0.99%, ETHUSDT-0.87%, XRPUSDT-0.57%
-----
target alloc initial:BTCUSDT-4.17%, ETHUSDT+0.00%, XRPUSDT-4.17%
-----
alloc target x rt%<0:BTCUSDT-4.17%, ETHUSDT+0.00%, XRPUSDT-4.17%
-----
           BTCUSDT ETHUSDT XRPUSDT
w_target     -4.2%    0.0%   -4.2%
rt_14h30    -0.01%  -0.01%  -0.01%
w_target_f   -4.2%    0.0%   -4.2%
2024-05-05 01:31:18,631
Portfolio was rebalanced less than 2 hours ago, 1.0 hours ago
2024-05-05 01:31:18,633
Status: prev = SHORT <> SHORT = target
2024-05-05 01:31:18,633
the strat is currently running @ 05-05-2024 and the target positions is SHORT
the strat was previously run @ 2024-05-05 00:30:55, success:yes 
   and the current positions is SHORT
2024-05-05 01:31:19,246
positions_future #0
2024-05-05 01:31:19,246
Empty DataFrame
Columns: [symbol, positionAmt, entryPrice, breakEvenPrice, markPrice, unRealizedProfit, value_usd, updateTime, isolated, adlQuantile, AUMs_account, w%]
Index: []
2024-05-05 01:31:19,307
programm stoppeddd!!! 20240505_013119
