2024-07-26 21:30:51,711
ON program started 20240726 21:30:51,
US time: 20240726 17:30:51
2024-07-26 21:30:52,734
the strat is currently running @ 26-07-2024 and the target positions is LONG
2024-07-26 21:30:54,069
CURRENT STATUS IS LONG
-----
return before 14h30:
BTCUSDT+3.17%, ETHUSDT+2.33%, XRPUSDT-0.48%
-----
target alloc initial:BTCUSDT+16.67%, ETHUSDT+16.67%, XRPUSDT+16.67%
-----
alloc target x rt%<0:BTCUSDT+16.67%, ETHUSDT+16.67%, XRPUSDT+16.67%
-----
           BTCUSDT ETHUSDT XRPUSDT
w_target     16.7%   16.7%   16.7%
rt_14h30     0.03%   0.02%  -0.00%
w_target_f   16.7%   16.7%   16.7%
2024-07-26 21:30:54,071
Portfolio was rebalanced less than 2 hours ago, 1.0 hours ago
2024-07-26 21:30:54,072
Status: prev = LONG <> LONG = target
2024-07-26 21:30:54,072
the strat is currently running @ 26-07-2024 and the target positions is LONG
the strat was previously run @ 2024-07-26 20:30:48, success:yes 
   and the current positions is LONG
2024-07-26 21:30:54,619
positions_future #2
2024-07-26 21:30:54,619
      symbol  positionAmt entryPrice  ... adlQuantile AUMs_account        w%
132  XRPUSDT       82.200     0.5956  ...           2        292.0  0.169545
167  ETHUSDT        0.015    3252.15  ...           2        292.0  0.167878

[2 rows x 12 columns]
2024-07-26 21:30:54,710
programm stoppeddd!!! 20240726_213054
