2024-08-02 03:31:00,603
ON program started 20240802 03:31:00,
US time: 20240801 23:31:00
2024-08-02 03:31:01,082
the strat is currently running @ 02-08-2024 and the target positions is NEUTRAL
2024-08-02 03:31:02,392
CURRENT STATUS IS NEUTRAL
-----
return before 14h30:
BTCUSDT-1.39%, ETHUSDT-1.15%, XRPUSDT-1.78%
-----
target alloc initial:BTCUSDT+0.00%, ETHUSDT+0.00%, XRPUSDT+0.00%
-----
alloc target x rt%<0:BTCUSDT+0.00%, ETHUSDT+0.00%, XRPUSDT+0.00%
-----
           BTCUSDT ETHUSDT XRPUSDT
w_target      0.0%    0.0%    0.0%
rt_14h30    -0.01%  -0.01%  -0.02%
w_target_f    0.0%    0.0%    0.0%
2024-08-02 03:31:02,393
Portfolio was rebalanced less than 2 hours ago, 1.0 hours ago
2024-08-02 03:31:02,395
Status: prev = NEUTRAL <> NEUTRAL = target
2024-08-02 03:31:02,395
the strat is currently running @ 02-08-2024 and the target positions is NEUTRAL
the strat was previously run @ 2024-08-02 02:30:38, success:? 
   and the current positions is NEUTRAL
2024-08-02 03:31:03,522
positions_future #0
2024-08-02 03:31:03,522
Empty DataFrame
Columns: [symbol, positionAmt, entryPrice, breakEvenPrice, markPrice, unRealizedProfit, value_usd, updateTime, isolated, adlQuantile, AUMs_account, w%]
Index: []
2024-08-02 03:31:03,731
------------------------------
binance_account_balance
2024-08-02 03:31:03,731
  asset     balance  ...  marginAvailable   updateTime
4  USDT  294.042618  ...             True  02Aug-02:30

[1 rows x 8 columns]
2024-08-02 03:31:03,949
------------------------------
open_orders
2024-08-02 03:31:03,949
Empty DataFrame
Columns: []
Index: []
2024-08-02 03:31:04,560
------------------------------
AUMS account:294

2024-08-02 03:31:04,561
--------------- compute_futures_order_book() ----------------
2024-08-02 03:31:06,008
----------------------------------------------------------------------
#0 order(s) to place
gross$: 0$ | net$: +0$
gross%: 0% | net%: +0%
 || w>0%  +0% | w<0%  0%
----------------------------------------------------------------------
PTF Expo% 0.0% >> 0.0% (current>>target)
PTF expo $0.0 >> $0 (current>>target)
----------------------------------------------------------------------
2024-08-02 03:31:06,010
orders_ofthe_day
2024-08-02 03:31:06,010
Empty DataFrame
Columns: [ptf_usd, target_usd, totrd_usd, posttrd_usd, qty, posttrd_qty, posttrd_w, bid, ask, strategy]
Index: []
2024-08-02 03:31:06,074
Orders of the day is empty, current and target potfolios are aligned
2024-08-02 03:31:06,075
Program stopped
