2023-12-30 23:31:05,637
ON program started 20231230 23:31:05,
US time: 20231230 18:31:05
2023-12-30 23:31:06,731
the strat is currently running @ 30-12-2023 and the target positions is SHORT
2023-12-30 23:31:08,588
CURRENT STATUS IS SHORT, WE CHECK IF THE DAY IS A NEGATIVE ONE
-----
return before 14h30:
BTCUSDT+1.00%, ETHUSDT+0.05%, XRPUSDT+0.76%
-----
target alloc initial:BTCUSDT-4.17%, ETHUSDT+0.00%, XRPUSDT-4.17%
-----
alloc target x rt%<0:BTCUSDT-0.00%, ETHUSDT+0.00%, XRPUSDT-0.00%
-----
           BTCUSDT ETHUSDT XRPUSDT
w_target     -4.2%    0.0%   -4.2%
rt_14h30     0.01%   0.00%   0.01%
w_target_f   -0.0%    0.0%   -0.0%
2023-12-30 23:31:08,592
Portfolio was rebalanced less than 2 hours ago, 1.0 hours ago
2023-12-30 23:31:08,597
Status: prev = SHORT <> LONG = target
2023-12-30 23:31:08,597
the strat is currently running @ 30-12-2023 and the target positions is SHORT
the strat was previously run @ 2023-12-30 22:31:03 UTC, success:yes 
   and the current positions is LONG
2023-12-30 23:31:09,927
positions_future #2
2023-12-30 23:31:09,928
      symbol  positionAmt entryPrice  ... adlQuantile AUMs_account        w%
108  XRPUSDT       78.300     0.6265  ...           1        290.8  0.167633
135  ETHUSDT        0.021    2304.84  ...           1        290.8  0.165861

[2 rows x 12 columns]
2023-12-30 23:31:10,179
------------------------------
binance_account_balance
2023-12-30 23:31:10,179
  asset     balance  ...  marginAvailable   updateTime
5  USDT  291.253014  ...             True  30Dec-19:35

[1 rows x 8 columns]
2023-12-30 23:31:10,864
------------------------------
open_orders
2023-12-30 23:31:10,864
Empty DataFrame
Columns: []
Index: []
2023-12-30 23:31:11,533
------------------------------
AUMS account:290

2023-12-30 23:31:11,535
--------------- compute_futures_order_book() ----------------
2023-12-30 23:31:13,128
----------------------------------------------------------------------
#2 order(s) to place
gross$: 97$ | net$: -97$
gross%: 33% | net%: -33%
 || w>0%  +0% | w<0%  -33%
----------------------------------------------------------------------
PTF Expo% 33.3% >> 0.0% (current>>target)
PTF expo $97.0 >> $0 (current>>target)
----------------------------------------------------------------------
2023-12-30 23:31:13,130
orders_ofthe_day
2023-12-30 23:31:13,130
                  ptf_usd  target_usd  ...        bid        ask
2023-12-30 23:31                       ...                      
XRPUSDT              49.0        -0.0  ...     0.6226     0.6227
ETHUSDT              48.0         0.0  ...  2296.4900  2296.5000

[2 rows x 9 columns]
2023-12-30 23:31:14,292
binance_place_orders_peg 20231230_233114
2023-12-30 23:31:14,737
{'orderId': 47678471336, 'symbol': 'XRPUSDT', 'status': 'NEW', 'clientOrderId': 'M5VtMVgfOuUjA5FEZpyTMR', 'price': '0.6230', 'avgPrice': '0.00', 'origQty': '78.3', 'executedQty': '0.0', 'cumQty': '0.0', 'cumQuote': '0.00000', 'timeInForce': 'GTC', 'type': 'LIMIT', 'reduceOnly': False, 'closePosition': False, 'side': 'SELL', 'positionSide': 'BOTH', 'stopPrice': '0.0000', 'workingType': 'CONTRACT_PRICE', 'priceProtect': False, 'origType': 'LIMIT', 'priceMatch': 'NONE', 'selfTradePreventionMode': 'NONE', 'goodTillDate': 0, 'updateTime': 1703979074626}
2023-12-30 23:31:15,180
{'orderId': 8389765639267965604, 'symbol': 'ETHUSDT', 'status': 'NEW', 'clientOrderId': 'JG5HqbKOyhOMDqDW9Rdkem', 'price': '2297.65', 'avgPrice': '0.00', 'origQty': '0.021', 'executedQty': '0.000', 'cumQty': '0.000', 'cumQuote': '0.00000', 'timeInForce': 'GTC', 'type': 'LIMIT', 'reduceOnly': False, 'closePosition': False, 'side': 'SELL', 'positionSide': 'BOTH', 'stopPrice': '0.00', 'workingType': 'CONTRACT_PRICE', 'priceProtect': False, 'origType': 'LIMIT', 'priceMatch': 'NONE', 'selfTradePreventionMode': 'NONE', 'goodTillDate': 0, 'updateTime': 1703979075070}
2023-12-30 23:31:16,796
update 0: filled 0 / 2 () | working 2 / 2 (-XRPUSDT,-ETHUSDT)
2023-12-30 23:31:20,797
-XRPUSDT: bp6.0|-ETHUSDT: bp5.0|
2023-12-30 23:31:21,693
update 1: filled 0 / 2 () | working 2 / 2 (-XRPUSDT,-ETHUSDT)
2023-12-30 23:31:25,694
-XRPUSDT: bp5.0|-ETHUSDT: bp5.0|
2023-12-30 23:31:26,588
update 2: filled 0 / 2 () | working 2 / 2 (-XRPUSDT,-ETHUSDT)
2023-12-30 23:31:30,589
-XRPUSDT: bp5.0|-ETHUSDT: bp4.0|
2023-12-30 23:31:31,480
update 3: filled 0 / 2 () | working 2 / 2 (-XRPUSDT,-ETHUSDT)
2023-12-30 23:31:35,481
-XRPUSDT: bp5.0|-ETHUSDT: bp5.0|
2023-12-30 23:31:36,370
update 4: filled 0 / 2 () | working 2 / 2 (-XRPUSDT,-ETHUSDT)
2023-12-30 23:31:40,371
-XRPUSDT: bp5.0|-ETHUSDT: bp5.0|
2023-12-30 23:31:41,263
update 5: filled 0 / 2 () | working 2 / 2 (-XRPUSDT,-ETHUSDT)
2023-12-30 23:31:45,264
-XRPUSDT: bp6.0|-ETHUSDT: bp5.0|
2023-12-30 23:31:46,157
update 6: filled 0 / 2 () | working 2 / 2 (-XRPUSDT,-ETHUSDT)
2023-12-30 23:31:50,158
-XRPUSDT: bp6.0|-ETHUSDT: bp2.0|
2023-12-30 23:31:51,049
update 7: filled 1 / 2 (-ETHUSDT) | working 1 / 2 (-XRPUSDT)
2023-12-30 23:31:55,050
-XRPUSDT: bp3.0|
2023-12-30 23:31:55,941
update 8: filled 1 / 2 (-ETHUSDT) | working 1 / 2 (-XRPUSDT)
2023-12-30 23:31:59,942
-XRPUSDT: bp3.0|
2023-12-30 23:32:00,833
update 9: filled 1 / 2 (-ETHUSDT) | working 1 / 2 (-XRPUSDT)
2023-12-30 23:32:04,834
-XRPUSDT: bp3.0|
2023-12-30 23:32:05,725
update 10: filled 1 / 2 (-ETHUSDT) | working 1 / 2 (-XRPUSDT)
2023-12-30 23:32:09,726
-XRPUSDT: bp3.0|
2023-12-30 23:32:10,619
update 11: filled 1 / 2 (-ETHUSDT) | working 1 / 2 (-XRPUSDT)
2023-12-30 23:32:14,620
-XRPUSDT: bp3.0|
2023-12-30 23:32:15,515
update 12: filled 1 / 2 (-ETHUSDT) | working 1 / 2 (-XRPUSDT)
2023-12-30 23:32:19,516
-XRPUSDT: bp3.0|
2023-12-30 23:32:20,406
update 13: filled 1 / 2 (-ETHUSDT) | working 1 / 2 (-XRPUSDT)
2023-12-30 23:32:24,412
-XRPUSDT: bp5.0|
2023-12-30 23:32:25,304
update 14: filled 1 / 2 (-ETHUSDT) | working 1 / 2 (-XRPUSDT)
2023-12-30 23:32:29,304
-XRPUSDT: bp6.0|
2023-12-30 23:32:29,305
Adjustment limit #1 ... 
 we cancel current orders and replace
2023-12-30 23:32:29,305
@+/-2.5bp limit 
2023-12-30 23:32:29,305
binance_cancel_and_replace_orders_peg 20231230_233229
2023-12-30 23:32:30,877
binance_place_orders_peg 20231230_233230
2023-12-30 23:32:31,326
{'orderId': 47678507340, 'symbol': 'XRPUSDT', 'status': 'NEW', 'clientOrderId': 'M5VtMVgfOuUjA5FEZpyTMR', 'price': '0.6229', 'avgPrice': '0.00', 'origQty': '78.3', 'executedQty': '0.0', 'cumQty': '0.0', 'cumQuote': '0.00000', 'timeInForce': 'GTC', 'type': 'LIMIT', 'reduceOnly': False, 'closePosition': False, 'side': 'SELL', 'positionSide': 'BOTH', 'stopPrice': '0.0000', 'workingType': 'CONTRACT_PRICE', 'priceProtect': False, 'origType': 'LIMIT', 'priceMatch': 'NONE', 'selfTradePreventionMode': 'NONE', 'goodTillDate': 0, 'updateTime': 1703979151214}
2023-12-30 23:32:32,226
update 0: filled 1 / 2 (-ETHUSDT) | working 1 / 2 (-XRPUSDT)
2023-12-30 23:32:36,227
-XRPUSDT: bp3.0|
2023-12-30 23:32:37,119
update 1: filled 1 / 2 (-ETHUSDT) | working 1 / 2 (-XRPUSDT)
2023-12-30 23:32:41,119
-XRPUSDT: bp3.0|
2023-12-30 23:32:42,011
update 2: filled 1 / 2 (-ETHUSDT) | working 1 / 2 (-XRPUSDT)
2023-12-30 23:32:46,012
-XRPUSDT: bp3.0|
2023-12-30 23:32:46,907
update 3: filled 1 / 2 (-ETHUSDT) | working 1 / 2 (-XRPUSDT)
2023-12-30 23:32:50,908
-XRPUSDT: bp3.0|
2023-12-30 23:32:51,798
update 4: filled 1 / 2 (-ETHUSDT) | working 1 / 2 (-XRPUSDT)
2023-12-30 23:32:55,799
-XRPUSDT: bp3.0|
2023-12-30 23:32:56,692
update 5: filled 1 / 2 (-ETHUSDT) | working 1 / 2 (-XRPUSDT)
2023-12-30 23:33:00,693
-XRPUSDT: bp3.0|
2023-12-30 23:33:01,583
update 6: filled 1 / 2 (-ETHUSDT) | working 1 / 2 (-XRPUSDT)
2023-12-30 23:33:05,583
-XRPUSDT: bp3.0|
2023-12-30 23:33:06,478
update 7: filled 1 / 2 (-ETHUSDT) | working 1 / 2 (-XRPUSDT)
2023-12-30 23:33:10,479
-XRPUSDT: bp3.0|
2023-12-30 23:33:11,371
update 8: filled 1 / 2 (-ETHUSDT) | working 1 / 2 (-XRPUSDT)
2023-12-30 23:33:15,371
-XRPUSDT: bp3.0|
2023-12-30 23:33:16,263
update 9: filled 1 / 2 (-ETHUSDT) | working 1 / 2 (-XRPUSDT)
2023-12-30 23:33:20,265
-XRPUSDT: bp3.0|
2023-12-30 23:33:21,159
update 10: filled 1 / 2 (-ETHUSDT) | working 1 / 2 (-XRPUSDT)
2023-12-30 23:33:25,160
-XRPUSDT: bp3.0|
2023-12-30 23:33:26,049
update 11: filled 1 / 2 (-ETHUSDT) | working 1 / 2 (-XRPUSDT)
2023-12-30 23:33:30,050
-XRPUSDT: bp6.0|
2023-12-30 23:33:30,942
update 12: filled 1 / 2 (-ETHUSDT) | working 1 / 2 (-XRPUSDT)
2023-12-30 23:33:34,943
-XRPUSDT: bp5.0|
2023-12-30 23:33:35,835
update 13: filled 1 / 2 (-ETHUSDT) | working 1 / 2 (-XRPUSDT)
2023-12-30 23:33:39,836
-XRPUSDT: bp5.0|
2023-12-30 23:33:40,730
update 14: filled 1 / 2 (-ETHUSDT) | working 1 / 2 (-XRPUSDT)
2023-12-30 23:33:44,730
-XRPUSDT: bp5.0|
2023-12-30 23:33:44,731
Adjustment limit #2 ... 
 we cancel current orders and replace
2023-12-30 23:33:44,731
@+/-1.25bp limit 
2023-12-30 23:33:44,731
binance_cancel_and_replace_orders_peg 20231230_233344
2023-12-30 23:33:46,300
binance_place_orders_peg 20231230_233346
2023-12-30 23:33:46,746
{'orderId': 47678533015, 'symbol': 'XRPUSDT', 'status': 'NEW', 'clientOrderId': 'M5VtMVgfOuUjA5FEZpyTMR', 'price': '0.6228', 'avgPrice': '0.00', 'origQty': '78.3', 'executedQty': '0.0', 'cumQty': '0.0', 'cumQuote': '0.00000', 'timeInForce': 'GTC', 'type': 'LIMIT', 'reduceOnly': False, 'closePosition': False, 'side': 'SELL', 'positionSide': 'BOTH', 'stopPrice': '0.0000', 'workingType': 'CONTRACT_PRICE', 'priceProtect': False, 'origType': 'LIMIT', 'priceMatch': 'NONE', 'selfTradePreventionMode': 'NONE', 'goodTillDate': 0, 'updateTime': 1703979226634}
2023-12-30 23:33:47,638
update 0: filled 1 / 2 (-ETHUSDT) | working 1 / 2 (-XRPUSDT)
2023-12-30 23:33:51,639
-XRPUSDT: bp3.0|
2023-12-30 23:33:52,533
update 1: filled 1 / 2 (-ETHUSDT) | working 1 / 2 (-XRPUSDT)
2023-12-30 23:33:56,534
-XRPUSDT: bp2.0|
2023-12-30 23:33:57,426
update 2: filled 1 / 2 (-ETHUSDT) | working 1 / 2 (-XRPUSDT)
2023-12-30 23:34:01,427
-XRPUSDT: bp2.0|
2023-12-30 23:34:02,321
update 3: filled 1 / 2 (-ETHUSDT) | working 1 / 2 (-XRPUSDT)
2023-12-30 23:34:06,324
-XRPUSDT: bp3.0|
2023-12-30 23:34:07,218
update 4: filled 1 / 2 (-ETHUSDT) | working 1 / 2 (-XRPUSDT)
2023-12-30 23:34:11,219
-XRPUSDT: bp2.0|
2023-12-30 23:34:12,112
update 5: filled 1 / 2 (-ETHUSDT) | working 1 / 2 (-XRPUSDT)
2023-12-30 23:34:16,113
-XRPUSDT: bp2.0|
2023-12-30 23:34:17,004
update 6: filled 1 / 2 (-ETHUSDT) | working 1 / 2 (-XRPUSDT)
2023-12-30 23:34:21,005
-XRPUSDT: bp2.0|
2023-12-30 23:34:21,895
update 7: filled 1 / 2 (-ETHUSDT) | working 1 / 2 (-XRPUSDT)
2023-12-30 23:34:25,896
-XRPUSDT: bp3.0|
2023-12-30 23:34:26,787
update 8: filled 1 / 2 (-ETHUSDT) | working 1 / 2 (-XRPUSDT)
2023-12-30 23:34:30,788
-XRPUSDT: bp3.0|
2023-12-30 23:34:31,681
update 9: filled 1 / 2 (-ETHUSDT) | working 1 / 2 (-XRPUSDT)
2023-12-30 23:34:35,682
-XRPUSDT: bp2.0|
2023-12-30 23:34:36,573
update 10: filled 1 / 2 (-ETHUSDT) | working 1 / 2 (-XRPUSDT)
2023-12-30 23:34:40,574
-XRPUSDT: bp2.0|
2023-12-30 23:34:41,467
update 11: filled 1 / 2 (-ETHUSDT) | working 1 / 2 (-XRPUSDT)
2023-12-30 23:34:45,468
-XRPUSDT: bp2.0|
2023-12-30 23:34:46,360
update 12: filled 1 / 2 (-ETHUSDT) | working 1 / 2 (-XRPUSDT)
2023-12-30 23:34:50,361
-XRPUSDT: bp2.0|
2023-12-30 23:34:51,257
update 13: filled 1 / 2 (-ETHUSDT) | working 1 / 2 (-XRPUSDT)
2023-12-30 23:34:55,257
-XRPUSDT: bp2.0|
2023-12-30 23:34:56,151
update 14: filled 1 / 2 (-ETHUSDT) | working 1 / 2 (-XRPUSDT)
2023-12-30 23:35:00,152
-XRPUSDT: bp2.0|
2023-12-30 23:35:00,152
Adjustment limit #3 ... 
 we cancel current orders and replace
2023-12-30 23:35:00,152
@+/-0.625bp limit 
2023-12-30 23:35:00,152
binance_cancel_and_replace_orders_peg 20231230_233500
2023-12-30 23:35:01,720
binance_place_orders_peg 20231230_233501
2023-12-30 23:35:02,164
{'orderId': 47678567626, 'symbol': 'XRPUSDT', 'status': 'NEW', 'clientOrderId': 'M5VtMVgfOuUjA5FEZpyTMR', 'price': '0.6227', 'avgPrice': '0.00', 'origQty': '78.3', 'executedQty': '0.0', 'cumQty': '0.0', 'cumQuote': '0.00000', 'timeInForce': 'GTC', 'type': 'LIMIT', 'reduceOnly': False, 'closePosition': False, 'side': 'SELL', 'positionSide': 'BOTH', 'stopPrice': '0.0000', 'workingType': 'CONTRACT_PRICE', 'priceProtect': False, 'origType': 'LIMIT', 'priceMatch': 'NONE', 'selfTradePreventionMode': 'NONE', 'goodTillDate': 0, 'updateTime': 1703979302053}
2023-12-30 23:35:03,063
update 0: filled 1 / 2 (-ETHUSDT) | working 1 / 2 (-XRPUSDT)
2023-12-30 23:35:07,064
-XRPUSDT: bp0.0|
2023-12-30 23:35:07,955
update 1: filled 1 / 2 (-ETHUSDT) | working 1 / 2 (-XRPUSDT)
2023-12-30 23:35:11,956
-XRPUSDT: bp0.0|
2023-12-30 23:35:12,852
update 2: filled 2 / 2 (-ETHUSDT,-XRPUSDT) | working 0 / 2 ()
2023-12-30 23:35:18,918
Trades of the day
in$
as of: 30Dec 23:31>>23:35 (#trades: 2)
trade net: -97.0 (-33.4%), trade gross: +97.0 (+33.4%), BUY: +0.0 (+0.0%), SELL: -97.0 (-33.4%)
fees: $ 0.019 (2.0bp)
2023-12-30 23:35:19,384
Trades: 
Filled #2
______________________________________________
                   in$ | in bp 97 traded | in bp 290 AUMs
realizedPnl    -0.45   | -46     | -15    
PnLvsArrival   +0.02   | +2      | +1     
PnLvsLast      -0.03   | -3      | -1     
______________________________________________
                 | Value$ | PnL Arrival/Last 
______________________________________________
XRP:-78.3@0.6227 | -49$ | 0/0
ETH:-0.021@2297.65 | -48$ | 0.02/-0.03
