2024-01-11 02:30:39,824
ON program started 20240111 02:30:39,
US time: 20240110 21:30:39
2024-01-11 02:30:40,335
the strat is currently running @ 11-01-2024 and the target positions is SHORT
2024-01-11 02:30:41,733
CURRENT STATUS IS SHORT, WE CHECK IF THE DAY IS A NEGATIVE ONE
-----
return before 14h30:
BTCUSDT+0.00%, ETHUSDT+0.00%, XRPUSDT+0.00%
-----
target alloc initial:BTCUSDT-4.17%, ETHUSDT+0.00%, XRPUSDT-4.17%
-----
alloc target x rt%<0:BTCUSDT-0.00%, ETHUSDT+0.00%, XRPUSDT-0.00%
-----
           BTCUSDT ETHUSDT XRPUSDT
w_target     -4.2%    0.0%   -4.2%
rt_14h30     0.00%   0.00%   0.00%
w_target_f   -0.0%    0.0%   -0.0%
2024-01-11 02:30:41,735
Portfolio was rebalanced less than 2 hours ago, 1.0 hours ago
2024-01-11 02:30:41,738
Status: prev = SHORT <> SHORT = target
2024-01-11 02:30:41,738
the strat is currently running @ 11-01-2024 and the target positions is SHORT
the strat was previously run @ 2024-01-11 01:30:39 UTC, success:yes 
   and the current positions is SHORT
2024-01-11 02:30:42,986
positions_future #0
2024-01-11 02:30:42,986
Empty DataFrame
Columns: [symbol, positionAmt, entryPrice, breakEvenPrice, markPrice, unRealizedProfit, value_usd, updateTime, isolated, adlQuantile, AUMs_account, w%]
Index: []
2024-01-11 02:30:43,081
programm stoppeddd!!! 20240111_023043
