2024-08-26 22:30:53,264
ON program started 20240826 22:30:53,
US time: 20240826 18:30:53
2024-08-26 22:30:54,355
the strat is currently running @ 26-08-2024 and the target positions is SHORT
2024-08-26 22:30:55,682
CURRENT STATUS IS SHORT, WE CHECK IF THE DAY IS A NEGATIVE ONE
-----
return before 14h30:
BTCUSDT-0.71%, ETHUSDT-0.66%, XRPUSDT-1.10%
-----
target alloc initial:BTCUSDT-4.17%, ETHUSDT+0.00%, XRPUSDT-4.17%
-----
alloc target x rt%<0:BTCUSDT-4.17%, ETHUSDT+0.00%, XRPUSDT-4.17%
-----
           BTCUSDT ETHUSDT XRPUSDT
w_target     -4.2%    0.0%   -4.2%
rt_14h30    -0.01%  -0.01%  -0.01%
w_target_f   -4.2%    0.0%   -4.2%
2024-08-26 22:30:55,684
Portfolio was rebalanced less than 2 hours ago, 1.0 hours ago
2024-08-26 22:30:55,685
Status: prev = SHORT <> LONG = target
2024-08-26 22:30:55,685
the strat is currently running @ 26-08-2024 and the target positions is SHORT
the strat was previously run @ 2024-08-26 21:30:46, success:yes 
   and the current positions is LONG
2024-08-26 22:30:56,825
positions_future #2
2024-08-26 22:30:56,825
      symbol  positionAmt entryPrice  ... adlQuantile AUMs_account        w%
173  ETHUSDT        0.019    2697.31  ...           1        302.2  0.168953
136  XRPUSDT       85.500     0.5852  ...           2        302.2  0.166032

[2 rows x 12 columns]
2024-08-26 22:30:57,055
------------------------------
binance_account_balance
2024-08-26 22:30:57,055
  asset     balance  ...  marginAvailable   updateTime
4  USDT  302.237748  ...             True  26Aug-18:33

[1 rows x 8 columns]
2024-08-26 22:30:57,678
------------------------------
open_orders
2024-08-26 22:30:57,678
Empty DataFrame
Columns: []
Index: []
2024-08-26 22:30:58,285
------------------------------
AUMS account:302

2024-08-26 22:30:58,286
--------------- compute_futures_order_book() ----------------
2024-08-26 22:30:59,736
----------------------------------------------------------------------
#2 order(s) to place
gross$: 114$ | net$: -114$
gross%: 38% | net%: -38%
 || w>0%  +0% | w<0%  -38%
----------------------------------------------------------------------
PTF Expo% 33.4% >> -8.3% (current>>target)
PTF expo $101.0 >> $-25 (current>>target)
----------------------------------------------------------------------
2024-08-26 22:30:59,740
orders_ofthe_day
2024-08-26 22:30:59,740
                  ptf_usd  target_usd  totrd_usd  ...        bid        ask strategy
2024-08-26 22:30                                  ...                               
XRPUSDT              50.0       -12.6      -63.0  ...     0.5868     0.5869  STRATON
ETHUSDT              51.0         0.0      -51.0  ...  2687.0500  2687.0600  STRATON

[2 rows x 10 columns]
2024-08-26 22:31:01,225
binance_place_orders_peg 20240826_223101
2024-08-26 22:31:01,635
{'orderId': 64021534260, 'symbol': 'XRPUSDT', 'status': 'NEW', 'clientOrderId': 'STRATON', 'price': '0.5873', 'avgPrice': '0.00', 'origQty': '107.3', 'executedQty': '0.0', 'cumQty': '0.0', 'cumQuote': '0.00000', 'timeInForce': 'GTC', 'type': 'LIMIT', 'reduceOnly': False, 'closePosition': False, 'side': 'SELL', 'positionSide': 'BOTH', 'stopPrice': '0.0000', 'workingType': 'CONTRACT_PRICE', 'priceProtect': False, 'origType': 'LIMIT', 'priceMatch': 'NONE', 'selfTradePreventionMode': 'NONE', 'goodTillDate': 0, 'updateTime': 1724711461532}
2024-08-26 22:31:02,044
{'orderId': 8389765721611662933, 'symbol': 'ETHUSDT', 'status': 'NEW', 'clientOrderId': 'STRATON', 'price': '2688.40', 'avgPrice': '0.00', 'origQty': '0.019', 'executedQty': '0.000', 'cumQty': '0.000', 'cumQuote': '0.00000', 'timeInForce': 'GTC', 'type': 'LIMIT', 'reduceOnly': False, 'closePosition': False, 'side': 'SELL', 'positionSide': 'BOTH', 'stopPrice': '0.00', 'workingType': 'CONTRACT_PRICE', 'priceProtect': False, 'origType': 'LIMIT', 'priceMatch': 'NONE', 'selfTradePreventionMode': 'NONE', 'goodTillDate': 0, 'updateTime': 1724711461942}
2024-08-26 22:31:03,520
update 0: filled 0 / 2 () | working 2 / 2 (-XRPUSDT,-ETHUSDT)
2024-08-26 22:31:07,520
-XRPUSDT: bp7.0|-ETHUSDT: bp5.0|
2024-08-26 22:31:08,334
update 1: filled 0 / 2 () | working 2 / 2 (-XRPUSDT,-ETHUSDT)
2024-08-26 22:31:12,335
-XRPUSDT: bp5.0|-ETHUSDT: bp5.0|
2024-08-26 22:31:13,153
update 2: filled 0 / 2 () | working 2 / 2 (-XRPUSDT,-ETHUSDT)
2024-08-26 22:31:17,154
-XRPUSDT: bp5.0|-ETHUSDT: bp7.0|
2024-08-26 22:31:17,973
update 3: filled 0 / 2 () | working 2 / 2 (-XRPUSDT,-ETHUSDT)
2024-08-26 22:31:21,974
-XRPUSDT: bp9.0|-ETHUSDT: bp6.0|
2024-08-26 22:31:22,787
update 4: filled 0 / 2 () | working 2 / 2 (-XRPUSDT,-ETHUSDT)
2024-08-26 22:31:26,788
-XRPUSDT: bp5.0|-ETHUSDT: bp4.0|
2024-08-26 22:31:27,601
update 5: filled 0 / 2 () | working 2 / 2 (-XRPUSDT,-ETHUSDT)
2024-08-26 22:31:31,606
-XRPUSDT: bp5.0|-ETHUSDT: bp4.0|
2024-08-26 22:31:32,422
update 6: filled 0 / 2 () | working 2 / 2 (-XRPUSDT,-ETHUSDT)
2024-08-26 22:31:36,423
-XRPUSDT: bp5.0|-ETHUSDT: bp4.0|
2024-08-26 22:31:37,237
update 7: filled 0 / 2 () | working 2 / 2 (-XRPUSDT,-ETHUSDT)
2024-08-26 22:31:41,238
-XRPUSDT: bp5.0|-ETHUSDT: bp4.0|
2024-08-26 22:31:42,054
update 8: filled 0 / 2 () | working 2 / 2 (-XRPUSDT,-ETHUSDT)
2024-08-26 22:31:46,055
-XRPUSDT: bp7.0|-ETHUSDT: bp5.0|
2024-08-26 22:31:46,867
update 9: filled 0 / 2 () | working 2 / 2 (-XRPUSDT,-ETHUSDT)
2024-08-26 22:31:50,868
-XRPUSDT: bp7.0|-ETHUSDT: bp4.0|
2024-08-26 22:31:51,681
update 10: filled 0 / 2 () | working 2 / 2 (-XRPUSDT,-ETHUSDT)
2024-08-26 22:31:55,682
-XRPUSDT: bp3.0|-ETHUSDT: bp2.0|
2024-08-26 22:31:56,495
update 11: filled 1 / 2 (-ETHUSDT) | working 1 / 2 (-XRPUSDT)
2024-08-26 22:32:00,496
-XRPUSDT: bp0.0|
2024-08-26 22:32:01,313
update 12: filled 2 / 2 (-XRPUSDT,-ETHUSDT) | working 0 / 2 ()
2024-08-26 22:32:07,604
Trades of the day
in$
as of: 26Aug 22:31>>22:31 (#trades: 2)
trade net: -114.0 (-37.7%), trade gross: +114.0 (+37.7%), BUY: +0.0 (+0.0%), SELL: -114.0 (-37.7%)
fees: $ 0.023 (2.0bp)
2024-08-26 22:32:08,027
Trades: 
Filled #2
______________________________________________
                   in$ | in bp 114 traded | in bp 302 AUMs
realizedPnl    +0.01   | +1      | +0     
PnLvsArrival   +0.08   | +7      | +3     
PnLvsLast      -0.01   | -1      | -0     
______________________________________________
                 | Value$ | PnL Arrival/Last 
______________________________________________
XRP:-107.3@0.5873 | -63$ | 0.05/0
ETH:-0.019@2688.4 | -51$ | 0.03/-0.01
