2024-10-01 18:30:51,868
ON program started 20241001 18:30:51,
US time: 20241001 14:30:51
2024-10-01 18:30:53,175
the strat is currently running @ 01-10-2024 and the target positions is LONG
2024-10-01 18:30:55,701
CURRENT STATUS IS LONG
-----
return before 14h30:
BTCUSDT-0.73%, ETHUSDT-0.83%, XRPUSDT+1.16%
-----
target alloc initial:BTCUSDT+16.67%, ETHUSDT+16.67%, XRPUSDT+16.67%
-----
alloc target x rt%<0:BTCUSDT+16.67%, ETHUSDT+16.67%, XRPUSDT+16.67%
-----
           BTCUSDT ETHUSDT XRPUSDT
w_target     16.7%   16.7%   16.7%
rt_14h30    -0.01%  -0.01%   0.01%
w_target_f   16.7%   16.7%   16.7%
2024-10-01 18:30:55,702
Portfolio was rebalanced less than 2 hours ago, 15.0 hours ago
2024-10-01 18:30:55,704
Status: prev = LONG <> NEUTRAL = target
2024-10-01 18:30:55,704
the strat is currently running @ 01-10-2024 and the target positions is LONG
the strat was previously run @ 2024-10-01 03:30:58, success:yes 
   and the current positions is NEUTRAL
2024-10-01 18:30:56,856
positions_future #0
2024-10-01 18:30:56,856
Empty DataFrame
Columns: [symbol, positionAmt, entryPrice, breakEvenPrice, markPrice, unRealizedProfit, value_usd, updateTime, isolated, adlQuantile, AUMs_account, w%]
Index: []
2024-10-01 18:30:57,063
------------------------------
binance_account_balance
2024-10-01 18:30:57,064
  asset     balance  ...  marginAvailable   updateTime
4  USDT  291.673023  ...             True  01Oct-00:31

[1 rows x 8 columns]
2024-10-01 18:30:57,286
------------------------------
open_orders
2024-10-01 18:30:57,286
Empty DataFrame
Columns: []
Index: []
2024-10-01 18:30:57,899
------------------------------
AUMS account:291

2024-10-01 18:30:57,901
--------------- compute_futures_order_book() ----------------
2024-10-01 18:30:59,369
----------------------------------------------------------------------
#2 order(s) to place
gross$: 97$ | net$: +97$
gross%: 33% | net%: +33%
 || w>0%  +33% | w<0%  0%
----------------------------------------------------------------------
PTF Expo% 0.0% >> 50.0% (current>>target)
PTF expo $0.0 >> $145 (current>>target)
----------------------------------------------------------------------
2024-10-01 18:30:59,372
orders_ofthe_day
2024-10-01 18:30:59,372
                  ptf_usd  target_usd  totrd_usd  ...        bid        ask strategy
2024-10-01 18:30                                  ...                               
XRPUSDT               0.0       48.62       49.0  ...     0.6016     0.6017  STRATON
ETHUSDT               0.0       48.62       48.0  ...  2513.6900  2513.7000  STRATON

[2 rows x 10 columns]
2024-10-01 18:31:00,799
binance_place_orders_peg 20241001_183100
2024-10-01 18:31:01,210
{'orderId': 66828762407, 'symbol': 'XRPUSDT', 'status': 'NEW', 'clientOrderId': 'STRATON', 'price': '0.6012', 'avgPrice': '0.00', 'origQty': '81.4', 'executedQty': '0.0', 'cumQty': '0.0', 'cumQuote': '0.00000', 'timeInForce': 'GTC', 'type': 'LIMIT', 'reduceOnly': False, 'closePosition': False, 'side': 'BUY', 'positionSide': 'BOTH', 'stopPrice': '0.0000', 'workingType': 'CONTRACT_PRICE', 'priceProtect': False, 'origType': 'LIMIT', 'priceMatch': 'NONE', 'selfTradePreventionMode': 'NONE', 'goodTillDate': 0, 'updateTime': 1727807461107}
2024-10-01 18:31:01,620
{'orderId': 8389765740422316752, 'symbol': 'ETHUSDT', 'status': 'NEW', 'clientOrderId': 'STRATON', 'price': '2512.67', 'avgPrice': '0.00', 'origQty': '0.019', 'executedQty': '0.000', 'cumQty': '0.000', 'cumQuote': '0.00000', 'timeInForce': 'GTC', 'type': 'LIMIT', 'reduceOnly': False, 'closePosition': False, 'side': 'BUY', 'positionSide': 'BOTH', 'stopPrice': '0.00', 'workingType': 'CONTRACT_PRICE', 'priceProtect': False, 'origType': 'LIMIT', 'priceMatch': 'NONE', 'selfTradePreventionMode': 'NONE', 'goodTillDate': 0, 'updateTime': 1727807461517}
2024-10-01 18:31:03,093
update 0: filled 0 / 2 () | working 2 / 2 (+XRPUSDT,+ETHUSDT)
2024-10-01 18:31:07,094
+XRPUSDT: bp8.0|+ETHUSDT: bp6.0|
2024-10-01 18:31:07,913
update 1: filled 0 / 2 () | working 2 / 2 (+XRPUSDT,+ETHUSDT)
2024-10-01 18:31:11,914
+XRPUSDT: bp8.0|+ETHUSDT: bp6.0|
2024-10-01 18:31:12,736
update 2: filled 0 / 2 () | working 2 / 2 (+XRPUSDT,+ETHUSDT)
2024-10-01 18:31:16,737
+XRPUSDT: bp7.0|+ETHUSDT: bp7.0|
2024-10-01 18:31:17,554
update 3: filled 0 / 2 () | working 2 / 2 (+XRPUSDT,+ETHUSDT)
2024-10-01 18:31:21,554
+XRPUSDT: bp3.0|+ETHUSDT: bp6.0|
2024-10-01 18:31:22,374
update 4: filled 0 / 2 () | working 2 / 2 (+XRPUSDT,+ETHUSDT)
2024-10-01 18:31:26,375
+XRPUSDT: bp5.0|+ETHUSDT: bp6.0|
2024-10-01 18:31:27,194
update 5: filled 0 / 2 () | working 2 / 2 (+XRPUSDT,+ETHUSDT)
2024-10-01 18:31:31,195
+XRPUSDT: bp5.0|+ETHUSDT: bp6.0|
2024-10-01 18:31:32,011
update 6: filled 0 / 2 () | working 2 / 2 (+XRPUSDT,+ETHUSDT)
2024-10-01 18:31:36,012
+XRPUSDT: bp3.0|+ETHUSDT: bp3.0|
2024-10-01 18:31:36,831
update 7: filled 0 / 2 () | working 2 / 2 (+XRPUSDT,+ETHUSDT)
2024-10-01 18:31:40,831
+XRPUSDT: bp3.0|+ETHUSDT: bp5.0|
2024-10-01 18:31:41,646
update 8: filled 0 / 2 () | working 2 / 2 (+XRPUSDT,+ETHUSDT)
2024-10-01 18:31:45,647
+XRPUSDT: bp3.0|+ETHUSDT: bp5.0|
2024-10-01 18:31:46,464
update 9: filled 0 / 2 () | working 2 / 2 (+XRPUSDT,+ETHUSDT)
2024-10-01 18:31:50,465
+XRPUSDT: bp3.0|+ETHUSDT: bp2.0|
2024-10-01 18:31:51,283
update 10: filled 0 / 2 () | working 2 / 2 (+XRPUSDT,+ETHUSDT)
2024-10-01 18:31:55,284
+XRPUSDT: bp3.0|+ETHUSDT: bp9.0|
2024-10-01 18:31:56,102
update 11: filled 0 / 2 () | working 2 / 2 (+XRPUSDT,+ETHUSDT)
2024-10-01 18:32:00,103
+XRPUSDT: bp5.0|+ETHUSDT: bp10.0|
2024-10-01 18:32:00,918
update 12: filled 0 / 2 () | working 2 / 2 (+XRPUSDT,+ETHUSDT)
2024-10-01 18:32:04,919
+XRPUSDT: bp5.0|+ETHUSDT: bp8.0|
2024-10-01 18:32:05,736
update 13: filled 0 / 2 () | working 2 / 2 (+XRPUSDT,+ETHUSDT)
2024-10-01 18:32:09,737
+XRPUSDT: bp3.0|+ETHUSDT: bp6.0|
2024-10-01 18:32:10,553
update 14: filled 1 / 2 (+XRPUSDT) | working 1 / 2 (+ETHUSDT)
2024-10-01 18:32:14,553
+ETHUSDT: bp7.0|
2024-10-01 18:32:14,554
Adjustment limit #1 ... 
 we cancel current orders and replace
2024-10-01 18:32:14,554
@+/-2.5bp limit 
2024-10-01 18:32:14,554
binance_cancel_and_replace_orders_peg 20241001_183214
2024-10-01 18:32:15,996
binance_place_orders_peg 20241001_183215
