2024-06-03 18:30:36,110
ON program started 20240603 18:30:36,
US time: 20240603 14:30:36
2024-06-03 18:30:37,095
the strat is currently running @ 03-06-2024 and the target positions is LONG
2024-06-03 18:30:38,432
CURRENT STATUS IS LONG
-----
return before 14h30:
BTCUSDT+3.00%, ETHUSDT+1.12%, XRPUSDT+1.54%
-----
target alloc initial:BTCUSDT+16.67%, ETHUSDT+16.67%, XRPUSDT+16.67%
-----
alloc target x rt%<0:BTCUSDT+16.67%, ETHUSDT+16.67%, XRPUSDT+16.67%
-----
           BTCUSDT ETHUSDT XRPUSDT
w_target     16.7%   16.7%   16.7%
rt_14h30     0.03%   0.01%   0.02%
w_target_f   16.7%   16.7%   16.7%
2024-06-03 18:30:38,433
Portfolio was rebalanced less than 2 hours ago, 15.0 hours ago
2024-06-03 18:30:38,435
Status: prev = LONG <> NEUTRAL = target
2024-06-03 18:30:38,435
the strat is currently running @ 03-06-2024 and the target positions is LONG
the strat was previously run @ 2024-06-03 03:31:15, success:yes 
   and the current positions is NEUTRAL
2024-06-03 18:30:39,577
positions_future #0
2024-06-03 18:30:39,578
Empty DataFrame
Columns: [symbol, positionAmt, entryPrice, breakEvenPrice, markPrice, unRealizedProfit, value_usd, updateTime, isolated, adlQuantile, AUMs_account, w%]
Index: []
2024-06-03 18:30:39,787
------------------------------
binance_account_balance
2024-06-03 18:30:39,788
  asset    balance  ...  marginAvailable   updateTime
6  USDT  289.61361  ...             True  03Jun-02:33

[1 rows x 8 columns]
2024-06-03 18:30:40,006
------------------------------
open_orders
2024-06-03 18:30:40,006
Empty DataFrame
Columns: []
Index: []
2024-06-03 18:30:40,617
------------------------------
AUMS account:289

2024-06-03 18:30:40,618
--------------- compute_futures_order_book() ----------------
2024-06-03 18:30:42,075
----------------------------------------------------------------------
#2 order(s) to place
gross$: 97$ | net$: +97$
gross%: 33% | net%: +33%
 || w>0%  +33% | w<0%  0%
----------------------------------------------------------------------
PTF Expo% 0.0% >> 50.0% (current>>target)
PTF expo $0.0 >> $144 (current>>target)
----------------------------------------------------------------------
2024-06-03 18:30:42,077
orders_ofthe_day
2024-06-03 18:30:42,077
                  ptf_usd  target_usd  totrd_usd  ...        bid        ask strategy
2024-06-03 18:30                                  ...                               
ETHUSDT               0.0       48.28       49.0  ...  3782.1800  3782.1900  STRATON
XRPUSDT               0.0       48.28       48.0  ...     0.5201     0.5202  STRATON

[2 rows x 10 columns]
2024-06-03 18:30:43,808
binance_place_orders_peg 20240603_183043
2024-06-03 18:30:44,215
{'orderId': 8389765687786296805, 'symbol': 'ETHUSDT', 'status': 'NEW', 'clientOrderId': 'STRATON', 'price': '3780.66', 'avgPrice': '0.00', 'origQty': '0.013', 'executedQty': '0.000', 'cumQty': '0.000', 'cumQuote': '0.00000', 'timeInForce': 'GTC', 'type': 'LIMIT', 'reduceOnly': False, 'closePosition': False, 'side': 'BUY', 'positionSide': 'BOTH', 'stopPrice': '0.00', 'workingType': 'CONTRACT_PRICE', 'priceProtect': False, 'origType': 'LIMIT', 'priceMatch': 'NONE', 'selfTradePreventionMode': 'NONE', 'goodTillDate': 0, 'updateTime': 1717439444113}
2024-06-03 18:30:44,622
{'orderId': 57799758920, 'symbol': 'XRPUSDT', 'status': 'NEW', 'clientOrderId': 'STRATON', 'price': '0.5198', 'avgPrice': '0.00', 'origQty': '92.3', 'executedQty': '0.0', 'cumQty': '0.0', 'cumQuote': '0.00000', 'timeInForce': 'GTC', 'type': 'LIMIT', 'reduceOnly': False, 'closePosition': False, 'side': 'BUY', 'positionSide': 'BOTH', 'stopPrice': '0.0000', 'workingType': 'CONTRACT_PRICE', 'priceProtect': False, 'origType': 'LIMIT', 'priceMatch': 'NONE', 'selfTradePreventionMode': 'NONE', 'goodTillDate': 0, 'updateTime': 1717439444520}
2024-06-03 18:30:46,087
update 0: filled 0 / 2 () | working 2 / 2 (+ETHUSDT,+XRPUSDT)
2024-06-03 18:30:50,087
+ETHUSDT: bp6.0|+XRPUSDT: bp6.0|
2024-06-03 18:30:50,905
update 1: filled 0 / 2 () | working 2 / 2 (+ETHUSDT,+XRPUSDT)
2024-06-03 18:30:54,906
+ETHUSDT: bp5.0|+XRPUSDT: bp8.0|
2024-06-03 18:30:55,722
update 2: filled 0 / 2 () | working 2 / 2 (+ETHUSDT,+XRPUSDT)
2024-06-03 18:30:59,724
+ETHUSDT: bp9.0|+XRPUSDT: bp10.0|
2024-06-03 18:31:00,541
update 3: filled 0 / 2 () | working 2 / 2 (+ETHUSDT,+XRPUSDT)
2024-06-03 18:31:04,542
+ETHUSDT: bp11.0|+XRPUSDT: bp12.0|
2024-06-03 18:31:05,358
update 4: filled 0 / 2 () | working 2 / 2 (+ETHUSDT,+XRPUSDT)
2024-06-03 18:31:09,359
+ETHUSDT: bp11.0|+XRPUSDT: bp12.0|
2024-06-03 18:31:10,174
update 5: filled 0 / 2 () | working 2 / 2 (+ETHUSDT,+XRPUSDT)
2024-06-03 18:31:14,175
+ETHUSDT: bp11.0|+XRPUSDT: bp12.0|
2024-06-03 18:31:14,992
update 6: filled 0 / 2 () | working 2 / 2 (+ETHUSDT,+XRPUSDT)
2024-06-03 18:31:18,993
+ETHUSDT: bp12.0|+XRPUSDT: bp12.0|
2024-06-03 18:31:19,812
update 7: filled 0 / 2 () | working 2 / 2 (+ETHUSDT,+XRPUSDT)
2024-06-03 18:31:23,813
+ETHUSDT: bp13.0|+XRPUSDT: bp12.0|
2024-06-03 18:31:24,630
update 8: filled 0 / 2 () | working 2 / 2 (+ETHUSDT,+XRPUSDT)
2024-06-03 18:31:28,630
+ETHUSDT: bp13.0|+XRPUSDT: bp10.0|
2024-06-03 18:31:29,446
update 9: filled 0 / 2 () | working 2 / 2 (+ETHUSDT,+XRPUSDT)
2024-06-03 18:31:33,447
+ETHUSDT: bp13.0|+XRPUSDT: bp12.0|
2024-06-03 18:31:34,263
update 10: filled 0 / 2 () | working 2 / 2 (+ETHUSDT,+XRPUSDT)
2024-06-03 18:31:38,264
+ETHUSDT: bp14.0|+XRPUSDT: bp12.0|
2024-06-03 18:31:39,081
update 11: filled 0 / 2 () | working 2 / 2 (+ETHUSDT,+XRPUSDT)
2024-06-03 18:31:43,082
+ETHUSDT: bp13.0|+XRPUSDT: bp12.0|
2024-06-03 18:31:43,899
update 12: filled 0 / 2 () | working 2 / 2 (+ETHUSDT,+XRPUSDT)
2024-06-03 18:31:47,900
+ETHUSDT: bp13.0|+XRPUSDT: bp13.0|
2024-06-03 18:31:48,719
update 13: filled 0 / 2 () | working 2 / 2 (+ETHUSDT,+XRPUSDT)
2024-06-03 18:31:52,720
+ETHUSDT: bp13.0|+XRPUSDT: bp12.0|
2024-06-03 18:31:53,536
update 14: filled 0 / 2 () | working 2 / 2 (+ETHUSDT,+XRPUSDT)
2024-06-03 18:31:57,537
+ETHUSDT: bp13.0|+XRPUSDT: bp13.0|
2024-06-03 18:31:57,537
Adjustment limit #1 ... 
 we cancel current orders and replace
2024-06-03 18:31:57,537
@+/-2.5bp limit 
2024-06-03 18:31:57,537
binance_cancel_and_replace_orders_peg 20240603_183157
2024-06-03 18:31:59,583
binance_place_orders_peg 20240603_183159
2024-06-03 18:31:59,990
{'orderId': 8389765687786500723, 'symbol': 'ETHUSDT', 'status': 'NEW', 'clientOrderId': 'STRATON', 'price': '3784.89', 'avgPrice': '0.00', 'origQty': '0.013', 'executedQty': '0.000', 'cumQty': '0.000', 'cumQuote': '0.00000', 'timeInForce': 'GTC', 'type': 'LIMIT', 'reduceOnly': False, 'closePosition': False, 'side': 'BUY', 'positionSide': 'BOTH', 'stopPrice': '0.00', 'workingType': 'CONTRACT_PRICE', 'priceProtect': False, 'origType': 'LIMIT', 'priceMatch': 'NONE', 'selfTradePreventionMode': 'NONE', 'goodTillDate': 0, 'updateTime': 1717439519887}
2024-06-03 18:32:00,396
{'orderId': 57799829190, 'symbol': 'XRPUSDT', 'status': 'NEW', 'clientOrderId': 'STRATON', 'price': '0.5202', 'avgPrice': '0.00', 'origQty': '92.3', 'executedQty': '0.0', 'cumQty': '0.0', 'cumQuote': '0.00000', 'timeInForce': 'GTC', 'type': 'LIMIT', 'reduceOnly': False, 'closePosition': False, 'side': 'BUY', 'positionSide': 'BOTH', 'stopPrice': '0.0000', 'workingType': 'CONTRACT_PRICE', 'priceProtect': False, 'origType': 'LIMIT', 'priceMatch': 'NONE', 'selfTradePreventionMode': 'NONE', 'goodTillDate': 0, 'updateTime': 1717439520293}
2024-06-03 18:32:01,223
update 0: filled 0 / 2 () | working 2 / 2 (+ETHUSDT,+XRPUSDT)
2024-06-03 18:32:05,224
+ETHUSDT: bp2.0|+XRPUSDT: bp6.0|
2024-06-03 18:32:06,040
update 1: filled 0 / 2 () | working 2 / 2 (+ETHUSDT,+XRPUSDT)
2024-06-03 18:32:10,041
+ETHUSDT: bp3.0|+XRPUSDT: bp4.0|
2024-06-03 18:32:10,857
update 2: filled 0 / 2 () | working 2 / 2 (+ETHUSDT,+XRPUSDT)
2024-06-03 18:32:14,858
+ETHUSDT: bp3.0|+XRPUSDT: bp4.0|
2024-06-03 18:32:15,674
update 3: filled 0 / 2 () | working 2 / 2 (+ETHUSDT,+XRPUSDT)
2024-06-03 18:32:19,675
+ETHUSDT: bp6.0|+XRPUSDT: bp2.0|
2024-06-03 18:32:20,491
update 4: filled 0 / 2 () | working 2 / 2 (+ETHUSDT,+XRPUSDT)
2024-06-03 18:32:24,492
+ETHUSDT: bp6.0|+XRPUSDT: bp4.0|
2024-06-03 18:32:25,307
update 5: filled 0 / 2 () | working 2 / 2 (+ETHUSDT,+XRPUSDT)
2024-06-03 18:32:29,308
+ETHUSDT: bp6.0|+XRPUSDT: bp6.0|
2024-06-03 18:32:30,126
update 6: filled 0 / 2 () | working 2 / 2 (+ETHUSDT,+XRPUSDT)
2024-06-03 18:32:34,126
+ETHUSDT: bp7.0|+XRPUSDT: bp6.0|
2024-06-03 18:32:34,941
update 7: filled 0 / 2 () | working 2 / 2 (+ETHUSDT,+XRPUSDT)
2024-06-03 18:32:38,942
+ETHUSDT: bp8.0|+XRPUSDT: bp8.0|
2024-06-03 18:32:39,759
update 8: filled 0 / 2 () | working 2 / 2 (+ETHUSDT,+XRPUSDT)
2024-06-03 18:32:43,760
+ETHUSDT: bp8.0|+XRPUSDT: bp6.0|
2024-06-03 18:32:44,579
update 9: filled 0 / 2 () | working 2 / 2 (+ETHUSDT,+XRPUSDT)
2024-06-03 18:32:48,580
+ETHUSDT: bp8.0|+XRPUSDT: bp8.0|
2024-06-03 18:32:49,396
update 10: filled 1 / 2 (+XRPUSDT) | working 1 / 2 (+ETHUSDT)
2024-06-03 18:32:53,397
+ETHUSDT: bp8.0|
2024-06-03 18:32:54,215
update 11: filled 1 / 2 (+XRPUSDT) | working 1 / 2 (+ETHUSDT)
2024-06-03 18:32:58,216
+ETHUSDT: bp11.0|
2024-06-03 18:32:59,035
update 12: filled 1 / 2 (+XRPUSDT) | working 1 / 2 (+ETHUSDT)
2024-06-03 18:33:03,036
+ETHUSDT: bp11.0|
2024-06-03 18:33:03,852
update 13: filled 1 / 2 (+XRPUSDT) | working 1 / 2 (+ETHUSDT)
2024-06-03 18:33:07,852
+ETHUSDT: bp11.0|
2024-06-03 18:33:08,669
update 14: filled 1 / 2 (+XRPUSDT) | working 1 / 2 (+ETHUSDT)
2024-06-03 18:33:12,669
+ETHUSDT: bp13.0|
2024-06-03 18:33:12,669
Adjustment limit #2 ... 
 we cancel current orders and replace
2024-06-03 18:33:12,670
@+/-1.25bp limit 
2024-06-03 18:33:12,670
binance_cancel_and_replace_orders_peg 20240603_183312
2024-06-03 18:33:14,105
binance_place_orders_peg 20240603_183314
2024-06-03 18:33:14,510
{'orderId': 8389765687786687663, 'symbol': 'ETHUSDT', 'status': 'NEW', 'clientOrderId': 'STRATON', 'price': '3789.42', 'avgPrice': '0.00', 'origQty': '0.013', 'executedQty': '0.000', 'cumQty': '0.000', 'cumQuote': '0.00000', 'timeInForce': 'GTC', 'type': 'LIMIT', 'reduceOnly': False, 'closePosition': False, 'side': 'BUY', 'positionSide': 'BOTH', 'stopPrice': '0.00', 'workingType': 'CONTRACT_PRICE', 'priceProtect': False, 'origType': 'LIMIT', 'priceMatch': 'NONE', 'selfTradePreventionMode': 'NONE', 'goodTillDate': 0, 'updateTime': 1717439594409}
2024-06-03 18:33:15,337
update 0: filled 1 / 2 (+XRPUSDT) | working 1 / 2 (+ETHUSDT)
2024-06-03 18:33:19,337
+ETHUSDT: bp-1.0|
2024-06-03 18:33:20,156
update 1: filled 1 / 2 (+XRPUSDT) | working 1 / 2 (+ETHUSDT)
2024-06-03 18:33:24,157
+ETHUSDT: bp-1.0|
2024-06-03 18:33:24,974
update 2: filled 1 / 2 (+XRPUSDT) | working 1 / 2 (+ETHUSDT)
2024-06-03 18:33:28,974
+ETHUSDT: bp2.0|
2024-06-03 18:33:29,790
update 3: filled 1 / 2 (+XRPUSDT) | working 1 / 2 (+ETHUSDT)
2024-06-03 18:33:33,790
+ETHUSDT: bp2.0|
2024-06-03 18:33:34,607
update 4: filled 1 / 2 (+XRPUSDT) | working 1 / 2 (+ETHUSDT)
2024-06-03 18:33:38,608
+ETHUSDT: bp2.0|
2024-06-03 18:33:39,423
update 5: filled 1 / 2 (+XRPUSDT) | working 1 / 2 (+ETHUSDT)
2024-06-03 18:33:43,424
+ETHUSDT: bp5.0|
2024-06-03 18:33:44,252
update 6: filled 1 / 2 (+XRPUSDT) | working 1 / 2 (+ETHUSDT)
2024-06-03 18:33:48,252
+ETHUSDT: bp3.0|
2024-06-03 18:33:49,069
update 7: filled 1 / 2 (+XRPUSDT) | working 1 / 2 (+ETHUSDT)
2024-06-03 18:33:53,069
+ETHUSDT: bp4.0|
2024-06-03 18:33:53,885
update 8: filled 2 / 2 (+XRPUSDT,+ETHUSDT) | working 0 / 2 ()
2024-06-03 18:34:00,153
Trades of the day
in$
as of: 03Jun 18:32>>18:33 (#trades: 2)
trade net: +97.0 (+33.5%), trade gross: +97.0 (+33.5%), BUY: +97.0 (+33.5%), SELL: +0.0 (+0.0%)
fees: $ 0.019 (2.0bp)
2024-06-03 18:34:00,580
Trades: 
Filled #2
______________________________________________
                   in$ | in bp 97 traded | in bp 289 AUMs
realizedPnl    +0      | +0      | +0     
PnLvsArrival   -0.09   | -9      | -3     
PnLvsLast      -0.02   | -2      | -1     
______________________________________________
                 | Value$ | PnL Arrival/Last 
______________________________________________
XRP:+92.3@0.5202 | +48$ | -0/-0.02
ETH:+0.013@3789.42 | +49$ | -0.09/-0
