2024-01-12 21:30:35,461
ON program started 20240112 21:30:35,
US time: 20240112 16:30:35
2024-01-12 21:30:36,108
the strat is currently running @ 12-01-2024 and the target positions is LONG
2024-01-12 21:30:37,538
CURRENT STATUS IS LONG
-----
return before 14h30:
BTCUSDT-5.41%, ETHUSDT+0.07%, XRPUSDT-3.26%
-----
target alloc initial:BTCUSDT+16.67%, ETHUSDT+16.67%, XRPUSDT+16.67%
-----
alloc target x rt%<0:BTCUSDT+16.67%, ETHUSDT+16.67%, XRPUSDT+16.67%
-----
           BTCUSDT ETHUSDT XRPUSDT
w_target     16.7%   16.7%   16.7%
rt_14h30    -0.05%   0.00%  -0.03%
w_target_f   16.7%   16.7%   16.7%
2024-01-12 21:30:37,540
Portfolio was rebalanced less than 2 hours ago, 1.0 hours ago
2024-01-12 21:30:37,543
Status: prev = LONG <> LONG = target
2024-01-12 21:30:37,543
the strat is currently running @ 12-01-2024 and the target positions is LONG
the strat was previously run @ 2024-01-12 20:30:59 UTC, success:yes 
   and the current positions is LONG
2024-01-12 21:30:38,773
positions_future #2
2024-01-12 21:30:38,773
      symbol  positionAmt entryPrice  ... adlQuantile AUMs_account        w%
113  XRPUSDT       84.600     0.5794  ...           2        291.6  0.168030
141  ETHUSDT        0.019    2607.51  ...           1        291.6  0.165516

[2 rows x 12 columns]
2024-01-12 21:30:38,864
programm stoppeddd!!! 20240112_213038
