2024-04-04 23:30:40,100
ON program started 20240404 23:30:40,
US time: 20240404 19:30:40
2024-04-04 23:30:40,553
the strat is currently running @ 04-04-2024 and the target positions is SHORT
2024-04-04 23:30:41,946
CURRENT STATUS IS SHORT, WE CHECK IF THE DAY IS A NEGATIVE ONE
-----
return before 14h30:
BTCUSDT+1.94%, ETHUSDT+1.66%, XRPUSDT+3.83%
-----
target alloc initial:BTCUSDT-4.17%, ETHUSDT+0.00%, XRPUSDT-4.17%
-----
alloc target x rt%<0:BTCUSDT-0.00%, ETHUSDT+0.00%, XRPUSDT-0.00%
-----
           BTCUSDT ETHUSDT XRPUSDT
w_target     -4.2%    0.0%   -4.2%
rt_14h30     0.02%   0.02%   0.04%
w_target_f   -0.0%    0.0%   -0.0%
2024-04-04 23:30:41,947
Portfolio was rebalanced less than 2 hours ago, 1.0 hours ago
2024-04-04 23:30:41,948
Status: prev = SHORT <> SHORT = target
2024-04-04 23:30:41,948
the strat is currently running @ 04-04-2024 and the target positions is SHORT
the strat was previously run @ 2024-04-04 22:31:01, success:? 
   and the current positions is SHORT
2024-04-04 23:30:43,160
positions_future #0
2024-04-04 23:30:43,160
Empty DataFrame
Columns: [symbol, positionAmt, entryPrice, breakEvenPrice, markPrice, unRealizedProfit, value_usd, updateTime, isolated, adlQuantile, AUMs_account, w%]
Index: []
2024-04-04 23:30:43,386
------------------------------
binance_account_balance
2024-04-04 23:30:43,386
  asset     balance  ...  marginAvailable   updateTime
6  USDT  288.377063  ...             True  04Apr-22:32

[1 rows x 8 columns]
2024-04-04 23:30:43,621
------------------------------
open_orders
2024-04-04 23:30:43,621
Empty DataFrame
Columns: []
Index: []
2024-04-04 23:30:44,281
------------------------------
AUMS account:288

2024-04-04 23:30:44,283
--------------- compute_futures_order_book() ----------------
2024-04-04 23:30:45,853
----------------------------------------------------------------------
#0 order(s) to place
gross$: 0$ | net$: +0$
gross%: 0% | net%: +0%
 || w>0%  +0% | w<0%  0%
----------------------------------------------------------------------
PTF Expo% 0.0% >> 0.0% (current>>target)
PTF expo $0.0 >> $0 (current>>target)
----------------------------------------------------------------------
2024-04-04 23:30:45,855
orders_ofthe_day
2024-04-04 23:30:45,855
Empty DataFrame
Columns: [ptf_usd, target_usd, totrd_usd, posttrd_usd, qty, posttrd_qty, posttrd_w, bid, ask, strategy]
Index: []
2024-04-04 23:30:45,916
Orders of the day is empty, current and target potfolios are aligned
2024-04-04 23:30:45,916
Program stopped
