2024-08-06 18:30:34,086
ON program started 20240806 18:30:34,
US time: 20240806 14:30:34
2024-08-06 18:30:34,544
the strat is currently running @ 06-08-2024 and the target positions is LONG
2024-08-06 18:30:35,851
CURRENT STATUS IS LONG
-----
return before 14h30:
BTCUSDT+2.19%, ETHUSDT+1.37%, XRPUSDT+2.56%
-----
target alloc initial:BTCUSDT+16.67%, ETHUSDT+16.67%, XRPUSDT+16.67%
-----
alloc target x rt%<0:BTCUSDT+16.67%, ETHUSDT+16.67%, XRPUSDT+16.67%
-----
           BTCUSDT ETHUSDT XRPUSDT
w_target     16.7%   16.7%   16.7%
rt_14h30     0.02%   0.01%   0.03%
w_target_f   16.7%   16.7%   16.7%
2024-08-06 18:30:35,852
Portfolio was rebalanced less than 2 hours ago, 15.0 hours ago
2024-08-06 18:30:35,853
Status: prev = LONG <> NEUTRAL = target
2024-08-06 18:30:35,853
the strat is currently running @ 06-08-2024 and the target positions is LONG
the strat was previously run @ 2024-08-06 03:30:34, success:yes 
   and the current positions is NEUTRAL
2024-08-06 18:30:36,391
positions_future #0
2024-08-06 18:30:36,391
Empty DataFrame
Columns: [symbol, positionAmt, entryPrice, breakEvenPrice, markPrice, unRealizedProfit, value_usd, updateTime, isolated, adlQuantile, AUMs_account, w%]
Index: []
2024-08-06 18:30:36,601
------------------------------
binance_account_balance
2024-08-06 18:30:36,601
  asset     balance  ...  marginAvailable   updateTime
4  USDT  298.385816  ...             True  06Aug-02:31

[1 rows x 8 columns]
2024-08-06 18:30:36,818
------------------------------
open_orders
2024-08-06 18:30:36,818
Empty DataFrame
Columns: []
Index: []
2024-08-06 18:30:37,442
------------------------------
AUMS account:298

2024-08-06 18:30:37,444
--------------- compute_futures_order_book() ----------------
2024-08-06 18:30:40,888
----------------------------------------------------------------------
#2 order(s) to place
gross$: 100$ | net$: +100$
gross%: 34% | net%: +34%
 || w>0%  +34% | w<0%  0%
----------------------------------------------------------------------
PTF Expo% 0.0% >> 50.0% (current>>target)
PTF expo $0.0 >> $149 (current>>target)
----------------------------------------------------------------------
2024-08-06 18:30:40,890
orders_ofthe_day
2024-08-06 18:30:40,890
                  ptf_usd  target_usd  totrd_usd  ...        bid        ask strategy
2024-08-06 18:30                                  ...                               
ETHUSDT               0.0       49.74       50.0  ...  2500.7500  2500.7600  STRATON
XRPUSDT               0.0       49.74       50.0  ...     0.5134     0.5135  STRATON

[2 rows x 10 columns]
2024-08-06 18:30:43,861
binance_place_orders_peg 20240806_183043
2024-08-06 18:30:44,273
{'orderId': 8389765711462343884, 'symbol': 'ETHUSDT', 'status': 'NEW', 'clientOrderId': 'STRATON', 'price': '2498.05', 'avgPrice': '0.00', 'origQty': '0.020', 'executedQty': '0.000', 'cumQty': '0.000', 'cumQuote': '0.00000', 'timeInForce': 'GTC', 'type': 'LIMIT', 'reduceOnly': False, 'closePosition': False, 'side': 'BUY', 'positionSide': 'BOTH', 'stopPrice': '0.00', 'workingType': 'CONTRACT_PRICE', 'priceProtect': False, 'origType': 'LIMIT', 'priceMatch': 'NONE', 'selfTradePreventionMode': 'NONE', 'goodTillDate': 0, 'updateTime': 1722969044171}
2024-08-06 18:30:44,683
{'orderId': 62437715015, 'symbol': 'XRPUSDT', 'status': 'NEW', 'clientOrderId': 'STRATON', 'price': '0.5130', 'avgPrice': '0.00', 'origQty': '97.4', 'executedQty': '0.0', 'cumQty': '0.0', 'cumQuote': '0.00000', 'timeInForce': 'GTC', 'type': 'LIMIT', 'reduceOnly': False, 'closePosition': False, 'side': 'BUY', 'positionSide': 'BOTH', 'stopPrice': '0.0000', 'workingType': 'CONTRACT_PRICE', 'priceProtect': False, 'origType': 'LIMIT', 'priceMatch': 'NONE', 'selfTradePreventionMode': 'NONE', 'goodTillDate': 0, 'updateTime': 1722969044581}
2024-08-06 18:30:45,556
update 0: filled 0 / 2 () | working 2 / 2 (+ETHUSDT,+XRPUSDT)
2024-08-06 18:30:49,556
+ETHUSDT: bp6.0|+XRPUSDT: bp8.0|
2024-08-06 18:30:50,385
update 1: filled 0 / 2 () | working 2 / 2 (+ETHUSDT,+XRPUSDT)
2024-08-06 18:30:54,385
+ETHUSDT: bp6.0|+XRPUSDT: bp8.0|
2024-08-06 18:30:55,216
update 2: filled 0 / 2 () | working 2 / 2 (+ETHUSDT,+XRPUSDT)
2024-08-06 18:30:59,217
+ETHUSDT: bp6.0|+XRPUSDT: bp8.0|
2024-08-06 18:31:00,048
update 3: filled 0 / 2 () | working 2 / 2 (+ETHUSDT,+XRPUSDT)
2024-08-06 18:31:04,049
+ETHUSDT: bp10.0|+XRPUSDT: bp8.0|
2024-08-06 18:31:04,884
update 4: filled 0 / 2 () | working 2 / 2 (+ETHUSDT,+XRPUSDT)
2024-08-06 18:31:08,884
+ETHUSDT: bp9.0|+XRPUSDT: bp10.0|
2024-08-06 18:31:09,713
update 5: filled 0 / 2 () | working 2 / 2 (+ETHUSDT,+XRPUSDT)
2024-08-06 18:31:13,714
+ETHUSDT: bp11.0|+XRPUSDT: bp10.0|
2024-08-06 18:31:14,544
update 6: filled 0 / 2 () | working 2 / 2 (+ETHUSDT,+XRPUSDT)
2024-08-06 18:31:18,545
+ETHUSDT: bp6.0|+XRPUSDT: bp8.0|
2024-08-06 18:31:19,377
update 7: filled 0 / 2 () | working 2 / 2 (+ETHUSDT,+XRPUSDT)
2024-08-06 18:31:23,378
+ETHUSDT: bp7.0|+XRPUSDT: bp8.0|
2024-08-06 18:31:24,210
update 8: filled 0 / 2 () | working 2 / 2 (+ETHUSDT,+XRPUSDT)
2024-08-06 18:31:28,210
+ETHUSDT: bp6.0|+XRPUSDT: bp8.0|
2024-08-06 18:31:29,041
update 9: filled 0 / 2 () | working 2 / 2 (+ETHUSDT,+XRPUSDT)
2024-08-06 18:31:33,042
+ETHUSDT: bp8.0|+XRPUSDT: bp10.0|
2024-08-06 18:31:33,867
update 10: filled 0 / 2 () | working 2 / 2 (+ETHUSDT,+XRPUSDT)
2024-08-06 18:31:37,868
+ETHUSDT: bp10.0|+XRPUSDT: bp14.0|
2024-08-06 18:31:38,703
update 11: filled 0 / 2 () | working 2 / 2 (+ETHUSDT,+XRPUSDT)
2024-08-06 18:31:42,703
+ETHUSDT: bp17.0|+XRPUSDT: bp21.0|
2024-08-06 18:31:43,528
update 12: filled 0 / 2 () | working 2 / 2 (+ETHUSDT,+XRPUSDT)
2024-08-06 18:31:47,529
+ETHUSDT: bp19.0|+XRPUSDT: bp21.0|
2024-08-06 18:31:48,363
update 13: filled 0 / 2 () | working 2 / 2 (+ETHUSDT,+XRPUSDT)
2024-08-06 18:31:52,364
+ETHUSDT: bp21.0|+XRPUSDT: bp23.0|
2024-08-06 18:31:53,203
update 14: filled 0 / 2 () | working 2 / 2 (+ETHUSDT,+XRPUSDT)
2024-08-06 18:31:57,203
+ETHUSDT: bp19.0|+XRPUSDT: bp23.0|
2024-08-06 18:31:57,204
Adjustment limit #1 ... 
 we cancel current orders and replace
2024-08-06 18:31:57,204
@+/-2.5bp limit 
2024-08-06 18:31:57,204
binance_cancel_and_replace_orders_peg 20240806_183157
2024-08-06 18:32:00,083
binance_place_orders_peg 20240806_183200
2024-08-06 18:32:00,496
{'orderId': 8389765711462861365, 'symbol': 'ETHUSDT', 'status': 'NEW', 'clientOrderId': 'STRATON', 'price': '2502.36', 'avgPrice': '0.00', 'origQty': '0.020', 'executedQty': '0.000', 'cumQty': '0.000', 'cumQuote': '0.00000', 'timeInForce': 'GTC', 'type': 'LIMIT', 'reduceOnly': False, 'closePosition': False, 'side': 'BUY', 'positionSide': 'BOTH', 'stopPrice': '0.00', 'workingType': 'CONTRACT_PRICE', 'priceProtect': False, 'origType': 'LIMIT', 'priceMatch': 'NONE', 'selfTradePreventionMode': 'NONE', 'goodTillDate': 0, 'updateTime': 1722969120392}
2024-08-06 18:32:01,338
{'orderId': 62437794794, 'symbol': 'XRPUSDT', 'status': 'NEW', 'clientOrderId': 'STRATON', 'price': '0.5143', 'avgPrice': '0.00', 'origQty': '97.4', 'executedQty': '0.0', 'cumQty': '0.0', 'cumQuote': '0.00000', 'timeInForce': 'GTC', 'type': 'LIMIT', 'reduceOnly': False, 'closePosition': False, 'side': 'BUY', 'positionSide': 'BOTH', 'stopPrice': '0.0000', 'workingType': 'CONTRACT_PRICE', 'priceProtect': False, 'origType': 'LIMIT', 'priceMatch': 'NONE', 'selfTradePreventionMode': 'NONE', 'goodTillDate': 0, 'updateTime': 1722969121233}
2024-08-06 18:32:02,170
update 0: filled 0 / 2 () | working 2 / 2 (+ETHUSDT,+XRPUSDT)
2024-08-06 18:32:06,170
+ETHUSDT: bp3.0|+XRPUSDT: bp-0.0|
2024-08-06 18:32:07,394
update 1: filled 0 / 2 () | working 2 / 2 (+ETHUSDT,+XRPUSDT)
2024-08-06 18:32:11,394
+ETHUSDT: bp3.0|+XRPUSDT: bp2.0|
2024-08-06 18:32:12,227
update 2: filled 0 / 2 () | working 2 / 2 (+ETHUSDT,+XRPUSDT)
2024-08-06 18:32:16,228
+ETHUSDT: bp1.0|+XRPUSDT: bp2.0|
2024-08-06 18:32:17,059
update 3: filled 0 / 2 () | working 2 / 2 (+ETHUSDT,+XRPUSDT)
2024-08-06 18:32:21,060
+ETHUSDT: bp10.0|+XRPUSDT: bp6.0|
2024-08-06 18:32:21,895
update 4: filled 0 / 2 () | working 2 / 2 (+ETHUSDT,+XRPUSDT)
2024-08-06 18:32:25,895
+ETHUSDT: bp12.0|+XRPUSDT: bp4.0|
2024-08-06 18:32:26,725
update 5: filled 0 / 2 () | working 2 / 2 (+ETHUSDT,+XRPUSDT)
2024-08-06 18:32:30,726
+ETHUSDT: bp17.0|+XRPUSDT: bp10.0|
2024-08-06 18:32:31,558
update 6: filled 0 / 2 () | working 2 / 2 (+ETHUSDT,+XRPUSDT)
2024-08-06 18:32:35,559
+ETHUSDT: bp17.0|+XRPUSDT: bp10.0|
2024-08-06 18:32:36,389
update 7: filled 0 / 2 () | working 2 / 2 (+ETHUSDT,+XRPUSDT)
2024-08-06 18:32:40,390
+ETHUSDT: bp22.0|+XRPUSDT: bp8.0|
2024-08-06 18:32:41,224
update 8: filled 0 / 2 () | working 2 / 2 (+ETHUSDT,+XRPUSDT)
2024-08-06 18:32:45,225
+ETHUSDT: bp20.0|+XRPUSDT: bp8.0|
2024-08-06 18:32:46,071
update 9: filled 0 / 2 () | working 2 / 2 (+ETHUSDT,+XRPUSDT)
2024-08-06 18:32:50,072
+ETHUSDT: bp18.0|+XRPUSDT: bp4.0|
2024-08-06 18:32:50,922
update 10: filled 1 / 2 (+XRPUSDT) | working 1 / 2 (+ETHUSDT)
2024-08-06 18:32:54,923
+ETHUSDT: bp17.0|
2024-08-06 18:32:55,755
update 11: filled 1 / 2 (+XRPUSDT) | working 1 / 2 (+ETHUSDT)
2024-08-06 18:32:59,756
+ETHUSDT: bp15.0|
2024-08-06 18:33:00,592
update 12: filled 1 / 2 (+XRPUSDT) | working 1 / 2 (+ETHUSDT)
2024-08-06 18:33:04,592
+ETHUSDT: bp15.0|
2024-08-06 18:33:05,426
update 13: filled 1 / 2 (+XRPUSDT) | working 1 / 2 (+ETHUSDT)
2024-08-06 18:33:09,426
+ETHUSDT: bp20.0|
2024-08-06 18:33:10,275
update 14: filled 1 / 2 (+XRPUSDT) | working 1 / 2 (+ETHUSDT)
2024-08-06 18:33:14,276
+ETHUSDT: bp15.0|
2024-08-06 18:33:14,276
Adjustment limit #2 ... 
 we cancel current orders and replace
2024-08-06 18:33:14,276
@+/-1.25bp limit 
2024-08-06 18:33:14,276
binance_cancel_and_replace_orders_peg 20240806_183314
2024-08-06 18:33:15,737
binance_place_orders_peg 20240806_183315
2024-08-06 18:33:16,151
{'orderId': 8389765711463456446, 'symbol': 'ETHUSDT', 'status': 'NEW', 'clientOrderId': 'STRATON', 'price': '2506.64', 'avgPrice': '0.00', 'origQty': '0.020', 'executedQty': '0.000', 'cumQty': '0.000', 'cumQuote': '0.00000', 'timeInForce': 'GTC', 'type': 'LIMIT', 'reduceOnly': False, 'closePosition': False, 'side': 'BUY', 'positionSide': 'BOTH', 'stopPrice': '0.00', 'workingType': 'CONTRACT_PRICE', 'priceProtect': False, 'origType': 'LIMIT', 'priceMatch': 'NONE', 'selfTradePreventionMode': 'NONE', 'goodTillDate': 0, 'updateTime': 1722969196049}
2024-08-06 18:33:17,773
update 0: filled 1 / 2 (+XRPUSDT) | working 1 / 2 (+ETHUSDT)
2024-08-06 18:33:21,773
+ETHUSDT: bp1.0|
2024-08-06 18:33:22,603
update 1: filled 2 / 2 (+XRPUSDT,+ETHUSDT) | working 0 / 2 ()
2024-08-06 18:33:30,405
Trades of the day
in$
as of: 06Aug 18:32>>18:33 (#trades: 2)
trade net: +100.0 (+33.5%), trade gross: +100.0 (+33.5%), BUY: +100.0 (+33.5%), SELL: +0.0 (+0.0%)
fees: $ 0.02 (2.0bp)
2024-08-06 18:33:30,836
Trades: 
Filled #2
______________________________________________
                   in$ | in bp 100 traded | in bp 298 AUMs
realizedPnl    +0      | +0      | +0     
PnLvsArrival   -0.2    | -20     | -7     
PnLvsLast      +0.01   | +1      | +0     
______________________________________________
                 | Value$ | PnL Arrival/Last 
______________________________________________
XRP:+97.4@0.5143 | +50$ | -0.08/0.01
ETH:+0.02@2506.64 | +50$ | -0.12/-0
