2024-09-16 23:30:33,526
ON program started 20240916 23:30:33,
US time: 20240916 19:30:33
2024-09-16 23:30:33,977
the strat is currently running @ 16-09-2024 and the target positions is SHORT
2024-09-16 23:30:35,288
CURRENT STATUS IS SHORT, WE CHECK IF THE DAY IS A NEGATIVE ONE
-----
return before 14h30:
BTCUSDT-1.07%, ETHUSDT-0.56%, XRPUSDT+0.12%
-----
target alloc initial:BTCUSDT-4.17%, ETHUSDT+0.00%, XRPUSDT-4.17%
-----
alloc target x rt%<0:BTCUSDT-4.17%, ETHUSDT+0.00%, XRPUSDT-0.00%
-----
           BTCUSDT ETHUSDT XRPUSDT
w_target     -4.2%    0.0%   -4.2%
rt_14h30    -0.01%  -0.01%   0.00%
w_target_f   -4.2%    0.0%   -0.0%
2024-09-16 23:30:35,289
Portfolio was rebalanced less than 2 hours ago, 1.0 hours ago
2024-09-16 23:30:35,290
Status: prev = SHORT <> SHORT = target
2024-09-16 23:30:35,290
the strat is currently running @ 16-09-2024 and the target positions is SHORT
the strat was previously run @ 2024-09-16 22:30:42, success:? 
   and the current positions is SHORT
2024-09-16 23:30:36,416
positions_future #0
2024-09-16 23:30:36,416
Empty DataFrame
Columns: [symbol, positionAmt, entryPrice, breakEvenPrice, markPrice, unRealizedProfit, value_usd, updateTime, isolated, adlQuantile, AUMs_account, w%]
Index: []
2024-09-16 23:30:36,623
------------------------------
binance_account_balance
2024-09-16 23:30:36,624
  asset     balance  ...  marginAvailable   updateTime
4  USDT  296.862212  ...             True  16Sep-22:33

[1 rows x 8 columns]
2024-09-16 23:30:36,841
------------------------------
open_orders
2024-09-16 23:30:36,841
Empty DataFrame
Columns: []
Index: []
2024-09-16 23:30:37,454
------------------------------
AUMS account:296

2024-09-16 23:30:37,456
--------------- compute_futures_order_book() ----------------
2024-09-16 23:30:38,919
----------------------------------------------------------------------
#0 order(s) to place
gross$: 0$ | net$: +0$
gross%: 0% | net%: +0%
 || w>0%  +0% | w<0%  0%
----------------------------------------------------------------------
PTF Expo% 0.0% >> -4.1% (current>>target)
PTF expo $0.0 >> $-12 (current>>target)
----------------------------------------------------------------------
2024-09-16 23:30:38,921
orders_ofthe_day
2024-09-16 23:30:38,921
Empty DataFrame
Columns: [ptf_usd, target_usd, totrd_usd, posttrd_usd, qty, posttrd_qty, posttrd_w, bid, ask, strategy]
Index: []
2024-09-16 23:30:38,993
Orders of the day is empty, current and target potfolios are aligned
2024-09-16 23:30:38,994
Program stopped
