2024-10-11 03:30:55,574
ON program started 20241011 03:30:55,
US time: 20241010 23:30:55
2024-10-11 03:30:56,615
the strat is currently running @ 11-10-2024 and the target positions is NEUTRAL
2024-10-11 03:30:57,948
CURRENT STATUS IS NEUTRAL
-----
return before 14h30:
BTCUSDT+0.59%, ETHUSDT+1.03%, XRPUSDT+0.89%
-----
target alloc initial:BTCUSDT+0.00%, ETHUSDT+0.00%, XRPUSDT+0.00%
-----
alloc target x rt%<0:BTCUSDT+0.00%, ETHUSDT+0.00%, XRPUSDT+0.00%
-----
           BTCUSDT ETHUSDT XRPUSDT
w_target      0.0%    0.0%    0.0%
rt_14h30     0.01%   0.01%   0.01%
w_target_f    0.0%    0.0%    0.0%
2024-10-11 03:30:57,949
Portfolio was rebalanced less than 2 hours ago, 1.0 hours ago
2024-10-11 03:30:57,950
Status: prev = NEUTRAL <> NEUTRAL = target
2024-10-11 03:30:57,950
the strat is currently running @ 11-10-2024 and the target positions is NEUTRAL
the strat was previously run @ 2024-10-11 02:31:02, success:yes 
   and the current positions is NEUTRAL
2024-10-11 03:30:59,094
positions_future #0
2024-10-11 03:30:59,094
Empty DataFrame
Columns: [symbol, positionAmt, entryPrice, breakEvenPrice, markPrice, unRealizedProfit, value_usd, updateTime, isolated, adlQuantile, AUMs_account, w%]
Index: []
2024-10-11 03:30:59,195
programm stoppeddd!!! 20241011_033059
