2023-12-12 02:30:33,719
ON program started 20231212 02:30:33,
US time: 20231211 21:30:33
2023-12-12 02:30:34,231
the strat is currently running @ 12-12-2023 and the target positions is SHORT
2023-12-12 02:30:35,624
CURRENT STATUS IS SHORT, WE CHECK IF THE DAY IS A NEGATIVE ONE
-----
return before 14h30:
BTCUSDT+0.00%, ETHUSDT+0.00%, XRPUSDT+0.00%
-----
target alloc initial:BTCUSDT-4.17%, ETHUSDT+0.00%, XRPUSDT-4.17%
-----
alloc target x rt%<0:BTCUSDT-0.00%, ETHUSDT+0.00%, XRPUSDT-0.00%
-----
           BTCUSDT ETHUSDT XRPUSDT
w_target     -4.2%    0.0%   -4.2%
rt_14h30     0.00%   0.00%   0.00%
w_target_f   -0.0%    0.0%   -0.0%
2023-12-12 02:30:35,625
Portfolio was rebalanced less than 2 hours ago, 1.0 hours ago
2023-12-12 02:30:35,628
Status: prev = SHORT <> SHORT = target
2023-12-12 02:30:35,628
the strat is currently running @ 12-12-2023 and the target positions is SHORT
the strat was previously run @ 2023-12-12 01:30:45 UTC, success:yes 
   and the current positions is SHORT
2023-12-12 02:30:36,852
positions_future #0
2023-12-12 02:30:36,852
Empty DataFrame
Columns: [symbol, positionAmt, entryPrice, breakEvenPrice, markPrice, unRealizedProfit, value_usd, updateTime, isolated, adlQuantile, AUMs_account, w%]
Index: []
2023-12-12 02:30:36,932
programm stoppeddd!!! 20231212_023036
