2024-05-15 20:31:08,203
ON program started 20240515 20:31:08,
US time: 20240515 16:31:08
2024-05-15 20:31:09,291
the strat is currently running @ 15-05-2024 and the target positions is LONG
2024-05-15 20:31:11,152
CURRENT STATUS IS LONG
-----
return before 14h30:
BTCUSDT+4.17%, ETHUSDT+2.38%, XRPUSDT+1.58%
-----
target alloc initial:BTCUSDT+16.67%, ETHUSDT+16.67%, XRPUSDT+16.67%
-----
alloc target x rt%<0:BTCUSDT+16.67%, ETHUSDT+16.67%, XRPUSDT+16.67%
-----
           BTCUSDT ETHUSDT XRPUSDT
w_target     16.7%   16.7%   16.7%
rt_14h30     0.04%   0.02%   0.02%
w_target_f   16.7%   16.7%   16.7%
2024-05-15 20:31:11,153
Portfolio was rebalanced less than 2 hours ago, 1.0 hours ago
2024-05-15 20:31:11,155
Status: prev = LONG <> LONG = target
2024-05-15 20:31:11,155
the strat is currently running @ 15-05-2024 and the target positions is LONG
the strat was previously run @ 2024-05-15 19:31:01, success:yes 
   and the current positions is LONG
2024-05-15 20:31:12,355
positions_future #2
2024-05-15 20:31:12,355
      symbol  positionAmt entryPrice  ... adlQuantile AUMs_account        w%
167  ETHUSDT        0.016    3004.88  ...           1        279.8  0.172416
134  XRPUSDT       91.000     0.5165  ...           2        279.8  0.168186

[2 rows x 12 columns]
2024-05-15 20:31:12,450
programm stoppeddd!!! 20240515_203112
