2024-08-21 21:30:59,099
ON program started 20240821 21:30:59,
US time: 20240821 17:30:59
2024-08-21 21:31:00,008
the strat is currently running @ 21-08-2024 and the target positions is LONG
2024-08-21 21:31:02,150
CURRENT STATUS IS LONG
-----
return before 14h30:
BTCUSDT+1.55%, ETHUSDT+0.83%, XRPUSDT+0.00%
-----
target alloc initial:BTCUSDT+16.67%, ETHUSDT+16.67%, XRPUSDT+16.67%
-----
alloc target x rt%<0:BTCUSDT+16.67%, ETHUSDT+16.67%, XRPUSDT+16.67%
-----
           BTCUSDT ETHUSDT XRPUSDT
w_target     16.7%   16.7%   16.7%
rt_14h30     0.02%   0.01%   0.00%
w_target_f   16.7%   16.7%   16.7%
2024-08-21 21:31:02,151
Portfolio was rebalanced less than 2 hours ago, 1.0 hours ago
2024-08-21 21:31:02,152
Status: prev = LONG <> LONG = target
2024-08-21 21:31:02,153
the strat is currently running @ 21-08-2024 and the target positions is LONG
the strat was previously run @ 2024-08-21 20:30:38, success:yes 
   and the current positions is LONG
2024-08-21 21:31:03,284
positions_future #2
2024-08-21 21:31:03,284
      symbol  positionAmt entryPrice  ... adlQuantile AUMs_account        w%
170  ETHUSDT        0.019    2642.36  ...           1        302.2  0.165924
133  XRPUSDT       83.200     0.6009  ...           1        302.2  0.165894

[2 rows x 12 columns]
2024-08-21 21:31:03,375
programm stoppeddd!!! 20240821_213103
