2023-08-25 19:30:33,771
ON program started 20230825 19:30:33,
US time: 20230825 15:30:33
2023-08-25 19:30:34,451
the strat is currently running @ 25-08-2023 and the target positions is LONG
2023-08-25 19:30:35,871
CURRENT STATUS IS LONG
-----
return before 14h30:
BTCUSDT-0.83%, ETHUSDT-0.77%, XRPUSDT+0.66%
-----
target alloc initial:BTCUSDT+16.67%, ETHUSDT+16.67%, XRPUSDT+16.67%
-----
alloc target x rt%<0:BTCUSDT+16.67%, ETHUSDT+16.67%, XRPUSDT+16.67%
-----
           BTCUSDT ETHUSDT XRPUSDT
w_target     16.7%   16.7%   16.7%
rt_14h30    -0.01%  -0.01%   0.01%
w_target_f   16.7%   16.7%   16.7%
2023-08-25 19:30:35,873
Portfolio was rebalanced less than 2 hours ago, 0.9 hours ago
2023-08-25 19:30:35,876
Status: prev = LONG <> LONG = target
2023-08-25 19:30:35,876
the strat is currently running @ 25-08-2023 and the target positions is LONG
the strat was previously run @ 2023-08-25 18:33:46 UTC, success:yes 
   and the current positions is LONG
2023-08-25 19:30:37,050
positions_future #3
2023-08-25 19:30:37,050
      symbol  positionAmt entryPrice  ...   updateTime  AUMs_account        w%
225  BTCUSDT        0.002    25976.9  ...  25Aug-18:33         276.6  0.188078
111  XRPUSDT       88.200     0.5227  ...  25Aug-18:33         276.6  0.167825
138  ETHUSDT        0.028    1647.71  ...  25Aug-18:33         276.6  0.166952

[3 rows x 9 columns]
2023-08-25 19:30:37,078
programm stoppeddd!!! 20230825_193037
