2023-08-03 20:30:53,318
ON program started 20230803 20:30:53,
US time: 20230803 16:30:53
2023-08-03 20:30:53,840
the strat is currently running @ 03-08-2023 and the target positions is LONG
2023-08-03 20:30:56,384
CURRENT STATUS IS LONG
-----
return before 14h30:
BTCUSDT+0.16%, ETHUSDT+0.32%, XRPUSDT-1.66%
-----
target alloc initial:BTCUSDT+16.67%, ETHUSDT+16.67%, XRPUSDT+16.67%
-----
alloc target x rt%<0:BTCUSDT+16.67%, ETHUSDT+16.67%, XRPUSDT+16.67%
-----
           BTCUSDT ETHUSDT XRPUSDT
w_target     16.7%   16.7%   16.7%
rt_14h30     0.00%   0.00%  -0.02%
w_target_f   16.7%   16.7%   16.7%
2023-08-03 20:30:56,385
Portfolio was rebalanced less than 2 hours ago, 1.0 hours ago
2023-08-03 20:30:56,388
Status: prev = LONG <> LONG = target
2023-08-03 20:30:56,388
the strat is currently running @ 03-08-2023 and the target positions is LONG
the strat was previously run @ 2023-08-03 19:31:11 UTC, success:yes 
   and the current positions is LONG
2023-08-03 20:30:57,476
positions_future #3
2023-08-03 20:30:57,476
      symbol  positionAmt entryPrice  ...   updateTime  AUMs_account        w%
218  BTCUSDT        0.002    29218.0  ...  03Aug-18:35         295.5  0.198621
134  ETHUSDT        0.027    1845.23  ...  03Aug-18:36         295.5  0.169324
108  XRPUSDT       73.200     0.6717  ...  03Aug-18:34         295.5  0.167583

[3 rows x 9 columns]
2023-08-03 20:30:57,500
programm stoppeddd!!! 20230803_203057
