2023-10-15 00:30:50,265
ON program started 20231015 00:30:50,
US time: 20231014 20:30:50
2023-10-15 00:30:51,156
the strat is currently running @ 15-10-2023 and the target positions is SHORT
2023-10-15 00:30:52,470
CURRENT STATUS IS SHORT, WE CHECK IF THE DAY IS A NEGATIVE ONE
-----
return before 14h30:
BTCUSDT+0.00%, ETHUSDT+0.00%, XRPUSDT+0.00%
-----
target alloc initial:BTCUSDT-4.17%, ETHUSDT+0.00%, XRPUSDT-4.17%
-----
alloc target x rt%<0:BTCUSDT-0.00%, ETHUSDT+0.00%, XRPUSDT-0.00%
-----
           BTCUSDT ETHUSDT XRPUSDT
w_target     -4.2%    0.0%   -4.2%
rt_14h30     0.00%   0.00%   0.00%
w_target_f   -0.0%    0.0%   -0.0%
2023-10-15 00:30:52,472
Portfolio was rebalanced less than 2 hours ago, 1.0 hours ago
2023-10-15 00:30:52,475
Status: prev = SHORT <> SHORT = target
2023-10-15 00:30:52,475
the strat is currently running @ 15-10-2023 and the target positions is SHORT
the strat was previously run @ 2023-10-14 23:30:39 UTC, success:yes 
   and the current positions is SHORT
2023-10-15 00:30:53,588
positions_future #0
2023-10-15 00:30:53,588
Empty DataFrame
Columns: [symbol, positionAmt, entryPrice, breakEvenPrice, markPrice, unRealizedProfit, value_usd, updateTime, AUMs_account, w%]
Index: []
2023-10-15 00:30:53,597
programm stoppeddd!!! 20231015_003053
