2024-04-01 21:30:45,913
ON program started 20240401 21:30:45,
US time: 20240401 17:30:45
2024-04-01 21:30:47,106
the strat is currently running @ 01-04-2024 and the target positions is LONG
2024-04-01 21:30:48,516
CURRENT STATUS IS LONG
-----
return before 14h30:
BTCUSDT-1.96%, ETHUSDT-2.47%, XRPUSDT-2.53%
-----
target alloc initial:BTCUSDT+16.67%, ETHUSDT+16.67%, XRPUSDT+16.67%
-----
alloc target x rt%<0:BTCUSDT+16.67%, ETHUSDT+16.67%, XRPUSDT+16.67%
-----
           BTCUSDT ETHUSDT XRPUSDT
w_target     16.7%   16.7%   16.7%
rt_14h30    -0.02%  -0.02%  -0.03%
w_target_f   16.7%   16.7%   16.7%
2024-04-01 21:30:48,517
Portfolio was rebalanced less than 2 hours ago, 1.0 hours ago
2024-04-01 21:30:48,518
Status: prev = LONG <> LONG = target
2024-04-01 21:30:48,519
the strat is currently running @ 01-04-2024 and the target positions is LONG
the strat was previously run @ 2024-04-01 20:31:03, success:yes 
   and the current positions is LONG
2024-04-01 21:30:49,717
positions_future #2
2024-04-01 21:30:49,717
      symbol  positionAmt entryPrice  ... adlQuantile AUMs_account        w%
156  ETHUSDT        0.014    3442.02  ...           2        289.7  0.169300
123  XRPUSDT       78.900     0.6078  ...           2        289.7  0.167357

[2 rows x 12 columns]
2024-04-01 21:30:49,815
programm stoppeddd!!! 20240401_213049
