2024-01-13 21:30:38,227
ON program started 20240113 21:30:38,
US time: 20240113 16:30:38
2024-01-13 21:30:39,066
the strat is currently running @ 13-01-2024 and the target positions is LONG
2024-01-13 21:30:40,941
CURRENT STATUS IS LONG
-----
return before 14h30:
BTCUSDT-0.08%, ETHUSDT+0.54%, XRPUSDT+0.10%
-----
target alloc initial:BTCUSDT+16.67%, ETHUSDT+16.67%, XRPUSDT+16.67%
-----
alloc target x rt%<0:BTCUSDT+16.67%, ETHUSDT+16.67%, XRPUSDT+16.67%
-----
           BTCUSDT ETHUSDT XRPUSDT
w_target     16.7%   16.7%   16.7%
rt_14h30    -0.00%   0.01%   0.00%
w_target_f   16.7%   16.7%   16.7%
2024-01-13 21:30:40,942
Portfolio was rebalanced less than 2 hours ago, 1.0 hours ago
2024-01-13 21:30:40,945
Status: prev = LONG <> LONG = target
2024-01-13 21:30:40,945
the strat is currently running @ 13-01-2024 and the target positions is LONG
the strat was previously run @ 2024-01-13 20:30:39 UTC, success:yes 
   and the current positions is LONG
2024-01-13 21:30:42,197
positions_future #2
2024-01-13 21:30:42,197
      symbol  positionAmt entryPrice  ... adlQuantile AUMs_account        w%
141  ETHUSDT        0.019    2576.56  ...           1        290.4  0.168059
113  XRPUSDT       83.500     0.5754  ...           2        290.4  0.165545

[2 rows x 12 columns]
2024-01-13 21:30:42,290
programm stoppeddd!!! 20240113_213042
