2024-01-14 01:31:05,913
ON program started 20240114 01:31:05,
US time: 20240113 20:31:05
2024-01-14 01:31:06,421
the strat is currently running @ 14-01-2024 and the target positions is SHORT
2024-01-14 01:31:07,872
CURRENT STATUS IS SHORT, WE CHECK IF THE DAY IS A NEGATIVE ONE
-----
return before 14h30:
BTCUSDT+0.00%, ETHUSDT+0.00%, XRPUSDT+0.00%
-----
target alloc initial:BTCUSDT-4.17%, ETHUSDT+0.00%, XRPUSDT-4.17%
-----
alloc target x rt%<0:BTCUSDT-0.00%, ETHUSDT+0.00%, XRPUSDT-0.00%
-----
           BTCUSDT ETHUSDT XRPUSDT
w_target     -4.2%    0.0%   -4.2%
rt_14h30     0.00%   0.00%   0.00%
w_target_f   -0.0%    0.0%   -0.0%
2024-01-14 01:31:07,873
Portfolio was rebalanced less than 2 hours ago, 1.0 hours ago
2024-01-14 01:31:07,876
Status: prev = SHORT <> SHORT = target
2024-01-14 01:31:07,876
the strat is currently running @ 14-01-2024 and the target positions is SHORT
the strat was previously run @ 2024-01-14 00:31:04 UTC, success:yes 
   and the current positions is SHORT
2024-01-14 01:31:09,116
positions_future #0
2024-01-14 01:31:09,116
Empty DataFrame
Columns: [symbol, positionAmt, entryPrice, breakEvenPrice, markPrice, unRealizedProfit, value_usd, updateTime, isolated, adlQuantile, AUMs_account, w%]
Index: []
2024-01-14 01:31:09,187
programm stoppeddd!!! 20240114_013109
