2024-04-17 00:31:03,887
ON program started 20240417 00:31:03,
US time: 20240416 20:31:03
2024-04-17 00:31:05,124
the strat is currently running @ 17-04-2024 and the target positions is SHORT
2024-04-17 00:31:06,563
CURRENT STATUS IS SHORT, WE CHECK IF THE DAY IS A NEGATIVE ONE
-----
return before 14h30:
BTCUSDT-0.10%, ETHUSDT-0.00%, XRPUSDT-0.12%
-----
target alloc initial:BTCUSDT-4.17%, ETHUSDT+0.00%, XRPUSDT-4.17%
-----
alloc target x rt%<0:BTCUSDT-4.17%, ETHUSDT+0.00%, XRPUSDT-4.17%
-----
           BTCUSDT ETHUSDT XRPUSDT
w_target     -4.2%    0.0%   -4.2%
rt_14h30    -0.00%  -0.00%  -0.00%
w_target_f   -4.2%    0.0%   -4.2%
2024-04-17 00:31:06,565
Portfolio was rebalanced less than 2 hours ago, 1.0 hours ago
2024-04-17 00:31:06,567
Status: prev = SHORT <> SHORT = target
2024-04-17 00:31:06,567
the strat is currently running @ 17-04-2024 and the target positions is SHORT
the strat was previously run @ 2024-04-16 23:31:12, success:yes 
   and the current positions is SHORT
2024-04-17 00:31:07,795
positions_future #1
2024-04-17 00:31:07,796
      symbol  positionAmt entryPrice  ... adlQuantile AUMs_account        w%
128  XRPUSDT        -23.5     0.4955  ...           1        280.5 -0.041553

[1 rows x 12 columns]
2024-04-17 00:31:07,879
programm stoppeddd!!! 20240417_003107
