2023-12-08 00:30:46,908
ON program started 20231208 00:30:46,
US time: 20231207 19:30:46
2023-12-08 00:30:47,405
the strat is currently running @ 08-12-2023 and the target positions is SHORT
2023-12-08 00:30:49,223
CURRENT STATUS IS SHORT, WE CHECK IF THE DAY IS A NEGATIVE ONE
-----
return before 14h30:
BTCUSDT+0.00%, ETHUSDT+0.00%, XRPUSDT+0.00%
-----
target alloc initial:BTCUSDT-4.17%, ETHUSDT+0.00%, XRPUSDT-4.17%
-----
alloc target x rt%<0:BTCUSDT-0.00%, ETHUSDT+0.00%, XRPUSDT-0.00%
-----
           BTCUSDT ETHUSDT XRPUSDT
w_target     -4.2%    0.0%   -4.2%
rt_14h30     0.00%   0.00%   0.00%
w_target_f   -0.0%    0.0%   -0.0%
2023-12-08 00:30:49,225
Portfolio was rebalanced less than 2 hours ago, 1.0 hours ago
2023-12-08 00:30:49,228
Status: prev = SHORT <> SHORT = target
2023-12-08 00:30:49,228
the strat is currently running @ 08-12-2023 and the target positions is SHORT
the strat was previously run @ 2023-12-07 23:31:13 UTC, success:? 
   and the current positions is SHORT
2023-12-08 00:30:50,454
positions_future #1
2023-12-08 00:30:50,454
      symbol  positionAmt entryPrice  ... adlQuantile AUMs_account        w%
124  XRPUSDT        -18.2     0.6425  ...           1        290.1 -0.040461

[1 rows x 12 columns]
2023-12-08 00:30:50,697
------------------------------
binance_account_balance
2023-12-08 00:30:50,697
  asset     balance  ... marginAvailable   updateTime
5  USDT  290.183382  ...            True  07Dec-23:33

[1 rows x 8 columns]
2023-12-08 00:30:51,151
------------------------------
open_orders
2023-12-08 00:30:51,151
Empty DataFrame
Columns: []
Index: []
2023-12-08 00:30:51,810
------------------------------
AUMS account:290

2023-12-08 00:30:51,812
--------------- compute_futures_order_book() ----------------
2023-12-08 00:30:53,371
----------------------------------------------------------------------
#1 order(s) to place
gross$: 12$ | net$: +12$
gross%: 4% | net%: +4%
 || w>0%  +4% | w<0%  0%
----------------------------------------------------------------------
PTF Expo% -4.1% >> 0.0% (current>>target)
PTF expo $-12.0 >> $0 (current>>target)
----------------------------------------------------------------------
2023-12-08 00:30:53,372
orders_ofthe_day
2023-12-08 00:30:53,372
                  ptf_usd  target_usd  totrd_usd  ...  posttrd_w     bid     ask
2023-12-08 00:30                                  ...                           
XRPUSDT             -12.0        -0.0       12.0  ...        0.0  0.6453  0.6454

[1 rows x 9 columns]
2023-12-08 00:30:54,373
binance_place_orders_peg 20231208_003054
2023-12-08 00:30:54,815
{'orderId': 46380723519, 'symbol': 'XRPUSDT', 'status': 'NEW', 'clientOrderId': 'q81yvgUeecPj6ikyB41pjN', 'price': '0.6450', 'avgPrice': '0.00', 'origQty': '18.2', 'executedQty': '0.0', 'cumQty': '0.0', 'cumQuote': '0.00000', 'timeInForce': 'GTC', 'type': 'LIMIT', 'reduceOnly': False, 'closePosition': False, 'side': 'BUY', 'positionSide': 'BOTH', 'stopPrice': '0.0000', 'workingType': 'CONTRACT_PRICE', 'priceProtect': False, 'origType': 'LIMIT', 'priceMatch': 'NONE', 'selfTradePreventionMode': 'NONE', 'goodTillDate': 0, 'updateTime': 1701995454704}
2023-12-08 00:30:55,957
update 0: filled 0 / 1 () | working 1 / 1 (+XRPUSDT)
2023-12-08 00:30:59,958
+XRPUSDT: bp3.0|
2023-12-08 00:31:00,403
update 1: filled 0 / 1 () | working 1 / 1 (+XRPUSDT)
2023-12-08 00:31:04,403
+XRPUSDT: bp6.0|
2023-12-08 00:31:04,846
update 2: filled 0 / 1 () | working 1 / 1 (+XRPUSDT)
2023-12-08 00:31:08,846
+XRPUSDT: bp5.0|
2023-12-08 00:31:09,288
update 3: filled 0 / 1 () | working 1 / 1 (+XRPUSDT)
2023-12-08 00:31:13,288
+XRPUSDT: bp3.0|
2023-12-08 00:31:13,730
update 4: filled 0 / 1 () | working 1 / 1 (+XRPUSDT)
2023-12-08 00:31:17,731
+XRPUSDT: bp2.0|
2023-12-08 00:31:18,173
update 5: filled 0 / 1 () | working 1 / 1 (+XRPUSDT)
2023-12-08 00:31:22,174
+XRPUSDT: bp3.0|
2023-12-08 00:31:22,616
update 6: filled 0 / 1 () | working 1 / 1 (+XRPUSDT)
2023-12-08 00:31:26,616
+XRPUSDT: bp3.0|
2023-12-08 00:31:27,059
update 7: filled 0 / 1 () | working 1 / 1 (+XRPUSDT)
2023-12-08 00:31:31,060
+XRPUSDT: bp3.0|
2023-12-08 00:31:31,501
update 8: filled 1 / 1 (+XRPUSDT) | working 0 / 1 ()
