2024-01-11 20:30:53,409
ON program started 20240111 20:30:53,
US time: 20240111 15:30:53
2024-01-11 20:30:53,910
the strat is currently running @ 11-01-2024 and the target positions is LONG
2024-01-11 20:30:55,328
CURRENT STATUS IS LONG
-----
return before 14h30:
BTCUSDT+0.45%, ETHUSDT-0.06%, XRPUSDT+0.18%
-----
target alloc initial:BTCUSDT+16.67%, ETHUSDT+16.67%, XRPUSDT+16.67%
-----
alloc target x rt%<0:BTCUSDT+16.67%, ETHUSDT+16.67%, XRPUSDT+16.67%
-----
           BTCUSDT ETHUSDT XRPUSDT
w_target     16.7%   16.7%   16.7%
rt_14h30     0.00%  -0.00%   0.00%
w_target_f   16.7%   16.7%   16.7%
2024-01-11 20:30:55,331
Portfolio was rebalanced less than 2 hours ago, 1.0 hours ago
2024-01-11 20:30:55,335
Status: prev = LONG <> LONG = target
2024-01-11 20:30:55,335
the strat is currently running @ 11-01-2024 and the target positions is LONG
the strat was previously run @ 2024-01-11 19:31:15 UTC, success:? 
   and the current positions is LONG
2024-01-11 20:30:56,626
positions_future #2
2024-01-11 20:30:56,626
      symbol  positionAmt entryPrice  ... adlQuantile AUMs_account        w%
141  ETHUSDT        0.019    2604.34  ...           2        293.4  0.170063
113  XRPUSDT       81.300     0.6027  ...           2        293.4  0.167313

[2 rows x 12 columns]
2024-01-11 20:30:56,878
------------------------------
binance_account_balance
2024-01-11 20:30:56,878
  asset     balance  ...  marginAvailable   updateTime
5  USDT  292.864741  ...             True  11Jan-19:32

[1 rows x 8 columns]
2024-01-11 20:30:57,552
------------------------------
open_orders
2024-01-11 20:30:57,552
Empty DataFrame
Columns: []
Index: []
2024-01-11 20:30:58,204
------------------------------
AUMS account:293

2024-01-11 20:30:58,206
--------------- compute_futures_order_book() ----------------
2024-01-11 20:30:59,757
----------------------------------------------------------------------
#0 order(s) to place
gross$: 0$ | net$: +0$
gross%: 0% | net%: +0%
 || w>0%  +0% | w<0%  0%
----------------------------------------------------------------------
PTF Expo% 33.7% >> 50.0% (current>>target)
PTF expo $99.0 >> $146 (current>>target)
----------------------------------------------------------------------
2024-01-11 20:30:59,758
orders_ofthe_day
2024-01-11 20:30:59,758
Empty DataFrame
Columns: [ptf_usd, target_usd, totrd_usd, posttrd_usd, qty, posttrd_qty, posttrd_w, bid, ask, strategy]
Index: []
2024-01-11 20:30:59,832
Orders of the day is empty, current and target potfolios are aligned
2024-01-11 20:30:59,833
Program stopped
