2024-09-22 03:30:30,536
ON program started 20240922 03:30:30,
US time: 20240921 23:30:30
2024-09-22 03:30:31,590
the strat is currently running @ 22-09-2024 and the target positions is NEUTRAL
2024-09-22 03:30:32,980
CURRENT STATUS IS NEUTRAL
-----
return before 14h30:
BTCUSDT-0.36%, ETHUSDT-0.39%, XRPUSDT+0.18%
-----
target alloc initial:BTCUSDT+0.00%, ETHUSDT+0.00%, XRPUSDT+0.00%
-----
alloc target x rt%<0:BTCUSDT+0.00%, ETHUSDT+0.00%, XRPUSDT+0.00%
-----
           BTCUSDT ETHUSDT XRPUSDT
w_target      0.0%    0.0%    0.0%
rt_14h30    -0.00%  -0.00%   0.00%
w_target_f    0.0%    0.0%    0.0%
2024-09-22 03:30:32,981
Portfolio was rebalanced less than 2 hours ago, 1.0 hours ago
2024-09-22 03:30:32,983
Status: prev = NEUTRAL <> NEUTRAL = target
2024-09-22 03:30:32,983
the strat is currently running @ 22-09-2024 and the target positions is NEUTRAL
the strat was previously run @ 2024-09-22 02:30:44, success:? 
   and the current positions is NEUTRAL
2024-09-22 03:30:33,538

------------------------------
SOMETHING WENT WRONG : status is NEUTRAL but still some positions, we cut evrything
2024-09-22 03:30:33,538
positions_future #1
2024-09-22 03:30:33,538
      symbol  positionAmt entryPrice  ... adlQuantile AUMs_account      w%
142  XRPUSDT        -19.9     0.5973  ...           1        294.8 -0.0404

[1 rows x 12 columns]
2024-09-22 03:30:33,778
------------------------------
binance_account_balance
2024-09-22 03:30:33,778
  asset     balance  ...  marginAvailable   updateTime
4  USDT  294.852717  ...             True  22Sep-00:31

[1 rows x 8 columns]
2024-09-22 03:30:34,232
------------------------------
open_orders
2024-09-22 03:30:34,232
Empty DataFrame
Columns: []
Index: []
2024-09-22 03:30:35,731
------------------------------
AUMS account:294

2024-09-22 03:30:35,733
--------------- compute_futures_order_book() ----------------
2024-09-22 03:30:37,710
----------------------------------------------------------------------
#1 order(s) to place
gross$: 12$ | net$: +12$
gross%: 4% | net%: +4%
 || w>0%  +4% | w<0%  0%
----------------------------------------------------------------------
PTF Expo% -4.0% >> 0.0% (current>>target)
PTF expo $-12.0 >> $0 (current>>target)
----------------------------------------------------------------------
2024-09-22 03:30:37,712
orders_ofthe_day
2024-09-22 03:30:37,712
                  ptf_usd  target_usd  totrd_usd  ...     bid     ask strategy
2024-09-22 03:30                                  ...                         
XRPUSDT             -12.0         0.0       12.0  ...  0.5985  0.5986  STRATON

[1 rows x 10 columns]
2024-09-22 03:30:41,278
binance_place_orders_peg 20240922_033041
2024-09-22 03:30:42,139
{'orderId': 66091652659, 'symbol': 'XRPUSDT', 'status': 'NEW', 'clientOrderId': 'STRATON', 'price': '0.5982', 'avgPrice': '0.00', 'origQty': '19.9', 'executedQty': '0.0', 'cumQty': '0.0', 'cumQuote': '0.00000', 'timeInForce': 'GTC', 'type': 'LIMIT', 'reduceOnly': True, 'closePosition': False, 'side': 'BUY', 'positionSide': 'BOTH', 'stopPrice': '0.0000', 'workingType': 'CONTRACT_PRICE', 'priceProtect': False, 'origType': 'LIMIT', 'priceMatch': 'NONE', 'selfTradePreventionMode': 'NONE', 'goodTillDate': 0, 'updateTime': 1726975842029}
2024-09-22 03:30:42,629
update 0: filled 0 / 1 () | working 1 / 1 (+XRPUSDT)
2024-09-22 03:30:46,630
+XRPUSDT: bp5.0|
2024-09-22 03:30:47,073
update 1: filled 0 / 1 () | working 1 / 1 (+XRPUSDT)
2024-09-22 03:30:51,073
+XRPUSDT: bp5.0|
2024-09-22 03:30:51,514
update 2: filled 0 / 1 () | working 1 / 1 (+XRPUSDT)
2024-09-22 03:30:55,515
+XRPUSDT: bp10.0|
2024-09-22 03:30:55,959
update 3: filled 0 / 1 () | working 1 / 1 (+XRPUSDT)
2024-09-22 03:30:59,959
+XRPUSDT: bp8.0|
2024-09-22 03:31:00,407
update 4: filled 0 / 1 () | working 1 / 1 (+XRPUSDT)
2024-09-22 03:31:04,408
+XRPUSDT: bp8.0|
2024-09-22 03:31:04,848
update 5: filled 0 / 1 () | working 1 / 1 (+XRPUSDT)
2024-09-22 03:31:08,848
+XRPUSDT: bp8.0|
2024-09-22 03:31:09,289
update 6: filled 0 / 1 () | working 1 / 1 (+XRPUSDT)
2024-09-22 03:31:13,290
+XRPUSDT: bp5.0|
2024-09-22 03:31:13,731
update 7: filled 0 / 1 () | working 1 / 1 (+XRPUSDT)
2024-09-22 03:31:17,732
+XRPUSDT: bp7.0|
2024-09-22 03:31:18,174
update 8: filled 0 / 1 () | working 1 / 1 (+XRPUSDT)
2024-09-22 03:31:22,175
+XRPUSDT: bp3.0|
2024-09-22 03:31:22,616
update 9: filled 0 / 1 () | working 1 / 1 (+XRPUSDT)
2024-09-22 03:31:26,617
+XRPUSDT: bp3.0|
2024-09-22 03:31:27,057
update 10: filled 0 / 1 () | working 1 / 1 (+XRPUSDT)
2024-09-22 03:31:31,057
+XRPUSDT: bp3.0|
2024-09-22 03:31:31,499
update 11: filled 0 / 1 () | working 1 / 1 (+XRPUSDT)
2024-09-22 03:31:35,499
+XRPUSDT: bp2.0|
2024-09-22 03:31:35,942
update 12: filled 0 / 1 () | working 1 / 1 (+XRPUSDT)
2024-09-22 03:31:39,942
+XRPUSDT: bp2.0|
2024-09-22 03:31:40,385
update 13: filled 0 / 1 () | working 1 / 1 (+XRPUSDT)
2024-09-22 03:31:44,385
+XRPUSDT: bp2.0|
2024-09-22 03:31:45,250
update 14: filled 0 / 1 () | working 1 / 1 (+XRPUSDT)
2024-09-22 03:31:49,250
+XRPUSDT: bp2.0|
2024-09-22 03:31:49,250
Adjustment limit #1 ... 
 we cancel current orders and replace
2024-09-22 03:31:49,250
@+/-2.5bp limit 
2024-09-22 03:31:49,250
binance_cancel_and_replace_orders_peg 20240922_033149
2024-09-22 03:31:50,786
binance_place_orders_peg 20240922_033150
