2024-06-24 21:30:57,067
ON program started 20240624 21:30:57,
US time: 20240624 17:30:57
2024-06-24 21:30:58,279
the strat is currently running @ 24-06-2024 and the target positions is LONG
2024-06-24 21:31:00,000
CURRENT STATUS IS LONG
-----
return before 14h30:
BTCUSDT-2.60%, ETHUSDT-2.81%, XRPUSDT+0.23%
-----
target alloc initial:BTCUSDT+16.67%, ETHUSDT+16.67%, XRPUSDT+16.67%
-----
alloc target x rt%<0:BTCUSDT+16.67%, ETHUSDT+16.67%, XRPUSDT+16.67%
-----
           BTCUSDT ETHUSDT XRPUSDT
w_target     16.7%   16.7%   16.7%
rt_14h30    -0.03%  -0.03%   0.00%
w_target_f   16.7%   16.7%   16.7%
2024-06-24 21:31:00,002
Portfolio was rebalanced less than 2 hours ago, 1.0 hours ago
2024-06-24 21:31:00,004
Status: prev = LONG <> LONG = target
2024-06-24 21:31:00,004
the strat is currently running @ 24-06-2024 and the target positions is LONG
the strat was previously run @ 2024-06-24 20:31:03, success:yes 
   and the current positions is LONG
2024-06-24 21:31:01,180
positions_future #2
2024-06-24 21:31:01,180
      symbol  positionAmt entryPrice  ... adlQuantile AUMs_account        w%
165  ETHUSDT        0.015    3307.27  ...           2        292.2  0.171813
131  XRPUSDT      103.600     0.4727  ...           3        292.2  0.167632

[2 rows x 12 columns]
2024-06-24 21:31:01,295
programm stoppeddd!!! 20240624_213101
