2024-02-28 19:30:39,592
ON program started 20240228 19:30:39,
US time: 20240228 14:30:39
2024-02-28 19:30:40,151
the strat is currently running @ 28-02-2024 and the target positions is LONG
2024-02-28 19:30:41,985
CURRENT STATUS IS LONG
-----
return before 14h30:
BTCUSDT+5.99%, ETHUSDT+3.47%, XRPUSDT+0.19%
-----
target alloc initial:BTCUSDT+16.67%, ETHUSDT+16.67%, XRPUSDT+16.67%
-----
alloc target x rt%<0:BTCUSDT+16.67%, ETHUSDT+16.67%, XRPUSDT+16.67%
-----
           BTCUSDT ETHUSDT XRPUSDT
w_target     16.7%   16.7%   16.7%
rt_14h30     0.06%   0.03%   0.00%
w_target_f   16.7%   16.7%   16.7%
2024-02-28 19:30:41,986
Portfolio was rebalanced less than 2 hours ago, 15.0 hours ago
2024-02-28 19:30:41,988
Status: prev = LONG <> NEUTRAL = target
2024-02-28 19:30:41,988
the strat is currently running @ 28-02-2024 and the target positions is LONG
the strat was previously run @ 2024-02-28 04:30:59, success:yes 
   and the current positions is NEUTRAL
2024-02-28 19:30:43,223
positions_future #0
2024-02-28 19:30:43,224
Empty DataFrame
Columns: [symbol, positionAmt, entryPrice, breakEvenPrice, markPrice, unRealizedProfit, value_usd, updateTime, isolated, adlQuantile, AUMs_account, w%]
Index: []
2024-02-28 19:30:43,448
------------------------------
binance_account_balance
2024-02-28 19:30:43,448
  asset     balance  ...  marginAvailable   updateTime
5  USDT  293.376982  ...             True  28Feb-03:31

[1 rows x 8 columns]
2024-02-28 19:30:43,689
------------------------------
open_orders
2024-02-28 19:30:43,689
Empty DataFrame
Columns: []
Index: []
2024-02-28 19:30:44,350
------------------------------
AUMS account:293

2024-02-28 19:30:44,352
--------------- compute_futures_order_book() ----------------
2024-02-28 19:30:45,923
----------------------------------------------------------------------
#2 order(s) to place
gross$: 99$ | net$: +99$
gross%: 34% | net%: +34%
 || w>0%  +34% | w<0%  0%
----------------------------------------------------------------------
PTF Expo% 0.0% >> 50.0% (current>>target)
PTF expo $0.0 >> $146 (current>>target)
----------------------------------------------------------------------
2024-02-28 19:30:45,926
orders_ofthe_day
2024-02-28 19:30:45,926
                  ptf_usd  target_usd  totrd_usd  ...        bid        ask strategy
2024-02-28 19:30                                  ...                               
ETHUSDT               0.0       48.91       50.0  ...  3321.2800  3321.2900  STRATON
XRPUSDT               0.0       48.91       49.0  ...     0.5662     0.5663  STRATON

[2 rows x 10 columns]
2024-02-28 19:30:47,091
binance_place_orders_peg 20240228_193047
2024-02-28 19:30:47,536
{'orderId': 8389765656710563383, 'symbol': 'ETHUSDT', 'status': 'NEW', 'clientOrderId': 'STRATON', 'price': '3319.22', 'avgPrice': '0.00', 'origQty': '0.015', 'executedQty': '0.000', 'cumQty': '0.000', 'cumQuote': '0.00000', 'timeInForce': 'GTC', 'type': 'LIMIT', 'reduceOnly': False, 'closePosition': False, 'side': 'BUY', 'positionSide': 'BOTH', 'stopPrice': '0.00', 'workingType': 'CONTRACT_PRICE', 'priceProtect': False, 'origType': 'LIMIT', 'priceMatch': 'NONE', 'selfTradePreventionMode': 'NONE', 'goodTillDate': 0, 'updateTime': 1709148647423}
2024-02-28 19:30:47,978
{'orderId': 51077267420, 'symbol': 'XRPUSDT', 'status': 'NEW', 'clientOrderId': 'STRATON', 'price': '0.5659', 'avgPrice': '0.00', 'origQty': '86.5', 'executedQty': '0.0', 'cumQty': '0.0', 'cumQuote': '0.00000', 'timeInForce': 'GTC', 'type': 'LIMIT', 'reduceOnly': False, 'closePosition': False, 'side': 'BUY', 'positionSide': 'BOTH', 'stopPrice': '0.0000', 'workingType': 'CONTRACT_PRICE', 'priceProtect': False, 'origType': 'LIMIT', 'priceMatch': 'NONE', 'selfTradePreventionMode': 'NONE', 'goodTillDate': 0, 'updateTime': 1709148647866}
2024-02-28 19:30:49,573
update 0: filled 0 / 2 () | working 2 / 2 (+ETHUSDT,+XRPUSDT)
2024-02-28 19:30:53,574
+ETHUSDT: bp6.0|+XRPUSDT: bp7.0|
2024-02-28 19:30:54,453
update 1: filled 0 / 2 () | working 2 / 2 (+ETHUSDT,+XRPUSDT)
2024-02-28 19:30:58,454
+ETHUSDT: bp5.0|+XRPUSDT: bp7.0|
2024-02-28 19:30:59,340
update 2: filled 0 / 2 () | working 2 / 2 (+ETHUSDT,+XRPUSDT)
2024-02-28 19:31:03,340
+ETHUSDT: bp4.0|+XRPUSDT: bp9.0|
2024-02-28 19:31:04,223
update 3: filled 0 / 2 () | working 2 / 2 (+ETHUSDT,+XRPUSDT)
2024-02-28 19:31:08,224
+ETHUSDT: bp7.0|+XRPUSDT: bp16.0|
2024-02-28 19:31:09,104
update 4: filled 1 / 2 (+ETHUSDT) | working 1 / 2 (+XRPUSDT)
2024-02-28 19:31:13,105
+XRPUSDT: bp18.0|
2024-02-28 19:31:13,987
update 5: filled 2 / 2 (+ETHUSDT,+XRPUSDT) | working 0 / 2 ()
2024-02-28 19:31:20,438
Trades of the day
in$
as of: 28Feb 19:31>>19:31 (#trades: 2)
trade net: +99.0 (+33.7%), trade gross: +99.0 (+33.7%), BUY: +99.0 (+33.7%), SELL: +0.0 (+0.0%)
fees: $ 0.02 (2.0bp)
2024-02-28 19:31:20,890
Trades: 
Filled #2
______________________________________________
                   in$ | in bp 98 traded | in bp 293 AUMs
realizedPnl    +0      | +0      | +0     
PnLvsArrival   +0.06   | +6      | +2     
PnLvsLast      +0.03   | +3      | +1     
______________________________________________
                 | Value$ | PnL Arrival/Last 
______________________________________________
XRP:+86.5@0.5659 | +49$ | 0.03/0.03
ETH:+0.015@3319.22 | +50$ | 0.03/-0
