2024-07-31 21:30:35,710
ON program started 20240731 21:30:35,
US time: 20240731 17:30:35
2024-07-31 21:30:36,290
the strat is currently running @ 31-07-2024 and the target positions is LONG
2024-07-31 21:30:38,010
CURRENT STATUS IS LONG
-----
return before 14h30:
BTCUSDT+0.48%, ETHUSDT+1.60%, XRPUSDT+3.42%
-----
target alloc initial:BTCUSDT+16.67%, ETHUSDT+16.67%, XRPUSDT+16.67%
-----
alloc target x rt%<0:BTCUSDT+16.67%, ETHUSDT+16.67%, XRPUSDT+16.67%
-----
           BTCUSDT ETHUSDT XRPUSDT
w_target     16.7%   16.7%   16.7%
rt_14h30     0.00%   0.02%   0.03%
w_target_f   16.7%   16.7%   16.7%
2024-07-31 21:30:38,011
Portfolio was rebalanced less than 2 hours ago, 1.0 hours ago
2024-07-31 21:30:38,013
Status: prev = LONG <> LONG = target
2024-07-31 21:30:38,013
the strat is currently running @ 31-07-2024 and the target positions is LONG
the strat was previously run @ 2024-07-31 20:30:50, success:yes 
   and the current positions is LONG
2024-07-31 21:30:39,147
positions_future #2
2024-07-31 21:30:39,147
      symbol  positionAmt entryPrice  ... adlQuantile AUMs_account        w%
165  ETHUSDT        0.015     3306.3  ...           1        290.3  0.166712
130  XRPUSDT       76.500     0.6418  ...           1        290.3  0.165360

[2 rows x 12 columns]
2024-07-31 21:30:39,226
programm stoppeddd!!! 20240731_213039
