2024-03-01 02:30:57,144
ON program started 20240301 02:30:57,
US time: 20240229 21:30:57
2024-03-01 02:30:58,366
the strat is currently running @ 01-03-2024 and the target positions is SHORT
2024-03-01 02:30:59,773
CURRENT STATUS IS SHORT, WE CHECK IF THE DAY IS A NEGATIVE ONE
-----
return before 14h30:
BTCUSDT-0.33%, ETHUSDT+0.75%, XRPUSDT+0.53%
-----
target alloc initial:BTCUSDT-4.17%, ETHUSDT+0.00%, XRPUSDT-4.17%
-----
alloc target x rt%<0:BTCUSDT-4.17%, ETHUSDT+0.00%, XRPUSDT-0.00%
-----
           BTCUSDT ETHUSDT XRPUSDT
w_target     -4.2%    0.0%   -4.2%
rt_14h30    -0.00%   0.01%   0.01%
w_target_f   -4.2%    0.0%   -0.0%
2024-03-01 02:30:59,774
Portfolio was rebalanced less than 2 hours ago, 1.0 hours ago
2024-03-01 02:30:59,777
Status: prev = SHORT <> SHORT = target
2024-03-01 02:30:59,777
the strat is currently running @ 01-03-2024 and the target positions is SHORT
the strat was previously run @ 2024-03-01 01:31:01, success:yes 
   and the current positions is SHORT
2024-03-01 02:31:00,998
positions_future #0
2024-03-01 02:31:00,998
Empty DataFrame
Columns: [symbol, positionAmt, entryPrice, breakEvenPrice, markPrice, unRealizedProfit, value_usd, updateTime, isolated, adlQuantile, AUMs_account, w%]
Index: []
2024-03-01 02:31:01,070
programm stoppeddd!!! 20240301_023101
