2024-03-14 20:30:54,415
ON program started 20240314 20:30:54,
US time: 20240314 16:30:54
2024-03-14 20:30:55,440
the strat is currently running @ 14-03-2024 and the target positions is LONG
2024-03-14 20:30:57,704
CURRENT STATUS IS LONG
-----
return before 14h30:
BTCUSDT-1.63%, ETHUSDT-3.15%, XRPUSDT-3.09%
-----
target alloc initial:BTCUSDT+16.67%, ETHUSDT+16.67%, XRPUSDT+16.67%
-----
alloc target x rt%<0:BTCUSDT+16.67%, ETHUSDT+16.67%, XRPUSDT+16.67%
-----
           BTCUSDT ETHUSDT XRPUSDT
w_target     16.7%   16.7%   16.7%
rt_14h30    -0.02%  -0.03%  -0.03%
w_target_f   16.7%   16.7%   16.7%
2024-03-14 20:30:57,705
Portfolio was rebalanced less than 2 hours ago, 1.0 hours ago
2024-03-14 20:30:57,706
Status: prev = LONG <> LONG = target
2024-03-14 20:30:57,706
the strat is currently running @ 14-03-2024 and the target positions is LONG
the strat was previously run @ 2024-03-14 19:31:13, success:yes 
   and the current positions is LONG
2024-03-14 20:30:58,931
positions_future #2
2024-03-14 20:30:58,932
      symbol  positionAmt entryPrice  ... adlQuantile AUMs_account        w%
124  XRPUSDT       71.300     0.6726  ...           1        286.3  0.165058
155  ETHUSDT        0.012    3849.46  ...           1        286.3  0.160944

[2 rows x 12 columns]
2024-03-14 20:30:59,012
programm stoppeddd!!! 20240314_203059
