2024-06-18 01:31:01,046
ON program started 20240618 01:31:01,
US time: 20240617 21:31:01
2024-06-18 01:31:02,235
the strat is currently running @ 18-06-2024 and the target positions is SHORT
2024-06-18 01:31:03,631
CURRENT STATUS IS SHORT, WE CHECK IF THE DAY IS A NEGATIVE ONE
-----
return before 14h30:
BTCUSDT-1.62%, ETHUSDT-1.91%, XRPUSDT-1.56%
-----
target alloc initial:BTCUSDT-4.17%, ETHUSDT+0.00%, XRPUSDT-4.17%
-----
alloc target x rt%<0:BTCUSDT-4.17%, ETHUSDT+0.00%, XRPUSDT-4.17%
-----
           BTCUSDT ETHUSDT XRPUSDT
w_target     -4.2%    0.0%   -4.2%
rt_14h30    -0.02%  -0.02%  -0.02%
w_target_f   -4.2%    0.0%   -4.2%
2024-06-18 01:31:03,633
Portfolio was rebalanced less than 2 hours ago, 1.0 hours ago
2024-06-18 01:31:03,635
Status: prev = SHORT <> SHORT = target
2024-06-18 01:31:03,635
the strat is currently running @ 18-06-2024 and the target positions is SHORT
the strat was previously run @ 2024-06-18 00:31:16, success:yes 
   and the current positions is SHORT
2024-06-18 01:31:04,843
positions_future #0
2024-06-18 01:31:04,843
Empty DataFrame
Columns: [symbol, positionAmt, entryPrice, breakEvenPrice, markPrice, unRealizedProfit, value_usd, updateTime, isolated, adlQuantile, AUMs_account, w%]
Index: []
2024-06-18 01:31:04,926
programm stoppeddd!!! 20240618_013104
