2024-02-05 02:31:09,328
ON program started 20240205 02:31:09,
US time: 20240204 21:31:09
2024-02-05 02:31:09,956
the strat is currently running @ 05-02-2024 and the target positions is SHORT
2024-02-05 02:31:11,362
CURRENT STATUS IS SHORT, WE CHECK IF THE DAY IS A NEGATIVE ONE
-----
return before 14h30:
BTCUSDT+0.00%, ETHUSDT+0.00%, XRPUSDT+0.00%
-----
target alloc initial:BTCUSDT-4.17%, ETHUSDT+0.00%, XRPUSDT-4.17%
-----
alloc target x rt%<0:BTCUSDT-0.00%, ETHUSDT+0.00%, XRPUSDT-0.00%
-----
           BTCUSDT ETHUSDT XRPUSDT
w_target     -4.2%    0.0%   -4.2%
rt_14h30     0.00%   0.00%   0.00%
w_target_f   -0.0%    0.0%   -0.0%
2024-02-05 02:31:11,363
Portfolio was rebalanced less than 2 hours ago, 1.0 hours ago
2024-02-05 02:31:11,366
Status: prev = SHORT <> SHORT = target
2024-02-05 02:31:11,366
the strat is currently running @ 05-02-2024 and the target positions is SHORT
the strat was previously run @ 2024-02-05 01:30:49 UTC, success:yes 
   and the current positions is SHORT
2024-02-05 02:31:12,609
positions_future #0
2024-02-05 02:31:12,609
Empty DataFrame
Columns: [symbol, positionAmt, entryPrice, breakEvenPrice, markPrice, unRealizedProfit, value_usd, updateTime, isolated, adlQuantile, AUMs_account, w%]
Index: []
2024-02-05 02:31:12,685
programm stoppeddd!!! 20240205_023112
