2024-04-16 18:31:00,052
ON program started 20240416 18:31:00,
US time: 20240416 14:31:00
2024-04-16 18:31:00,613
the strat is currently running @ 16-04-2024 and the target positions is LONG
2024-04-16 18:31:02,022
CURRENT STATUS IS LONG
-----
return before 14h30:
BTCUSDT-1.15%, ETHUSDT-1.10%, XRPUSDT-2.25%
-----
target alloc initial:BTCUSDT+16.67%, ETHUSDT+16.67%, XRPUSDT+16.67%
-----
alloc target x rt%<0:BTCUSDT+16.67%, ETHUSDT+16.67%, XRPUSDT+16.67%
-----
           BTCUSDT ETHUSDT XRPUSDT
w_target     16.7%   16.7%   16.7%
rt_14h30    -0.01%  -0.01%  -0.02%
w_target_f   16.7%   16.7%   16.7%
2024-04-16 18:31:02,023
Portfolio was rebalanced less than 2 hours ago, 15.0 hours ago
2024-04-16 18:31:02,025
Status: prev = LONG <> NEUTRAL = target
2024-04-16 18:31:02,025
the strat is currently running @ 16-04-2024 and the target positions is LONG
the strat was previously run @ 2024-04-16 03:31:01, success:yes 
   and the current positions is NEUTRAL
2024-04-16 18:31:03,292
positions_future #0
2024-04-16 18:31:03,292
Empty DataFrame
Columns: [symbol, positionAmt, entryPrice, breakEvenPrice, markPrice, unRealizedProfit, value_usd, updateTime, isolated, adlQuantile, AUMs_account, w%]
Index: []
2024-04-16 18:31:03,518
------------------------------
binance_account_balance
2024-04-16 18:31:03,518
  asset     balance  ...  marginAvailable   updateTime
6  USDT  279.755684  ...             True  15Apr-22:31

[1 rows x 8 columns]
2024-04-16 18:31:03,754
------------------------------
open_orders
2024-04-16 18:31:03,754
Empty DataFrame
Columns: []
Index: []
2024-04-16 18:31:04,424
------------------------------
AUMS account:279

2024-04-16 18:31:04,426
--------------- compute_futures_order_book() ----------------
2024-04-16 18:31:05,992
----------------------------------------------------------------------
#2 order(s) to place
gross$: 93$ | net$: +93$
gross%: 33% | net%: +33%
 || w>0%  +33% | w<0%  0%
----------------------------------------------------------------------
PTF Expo% 0.0% >> 50.0% (current>>target)
PTF expo $0.0 >> $139 (current>>target)
----------------------------------------------------------------------
2024-04-16 18:31:05,994
orders_ofthe_day
2024-04-16 18:31:05,994
                  ptf_usd  target_usd  totrd_usd  ...        bid        ask strategy
2024-04-16 18:31                                  ...                               
XRPUSDT               0.0       46.64       47.0  ...     0.4917     0.4918  STRATON
ETHUSDT               0.0       46.64       46.0  ...  3058.9900  3059.0000  STRATON

[2 rows x 10 columns]
2024-04-16 18:31:08,225
binance_place_orders_peg 20240416_183108
2024-04-16 18:31:08,668
{'orderId': 54831145520, 'symbol': 'XRPUSDT', 'status': 'NEW', 'clientOrderId': 'STRATON', 'price': '0.4918', 'avgPrice': '0.00', 'origQty': '95.6', 'executedQty': '0.0', 'cumQty': '0.0', 'cumQuote': '0.00000', 'timeInForce': 'GTC', 'type': 'LIMIT', 'reduceOnly': False, 'closePosition': False, 'side': 'BUY', 'positionSide': 'BOTH', 'stopPrice': '0.0000', 'workingType': 'CONTRACT_PRICE', 'priceProtect': False, 'origType': 'LIMIT', 'priceMatch': 'NONE', 'selfTradePreventionMode': 'NONE', 'goodTillDate': 0, 'updateTime': 1713292268556}
2024-04-16 18:31:09,110
{'orderId': 8389765672711859576, 'symbol': 'ETHUSDT', 'status': 'NEW', 'clientOrderId': 'STRATON', 'price': '3058.94', 'avgPrice': '0.00', 'origQty': '0.015', 'executedQty': '0.000', 'cumQty': '0.000', 'cumQuote': '0.00000', 'timeInForce': 'GTC', 'type': 'LIMIT', 'reduceOnly': False, 'closePosition': False, 'side': 'BUY', 'positionSide': 'BOTH', 'stopPrice': '0.00', 'workingType': 'CONTRACT_PRICE', 'priceProtect': False, 'origType': 'LIMIT', 'priceMatch': 'NONE', 'selfTradePreventionMode': 'NONE', 'goodTillDate': 0, 'updateTime': 1713292268999}
2024-04-16 18:31:10,694
update 0: filled 0 / 2 () | working 2 / 2 (+XRPUSDT,+ETHUSDT)
2024-04-16 18:31:14,695
+XRPUSDT: bp-0.0|+ETHUSDT: bp-1.0|
2024-04-16 18:31:15,578
update 1: filled 2 / 2 (+XRPUSDT,+ETHUSDT) | working 0 / 2 ()
2024-04-16 18:31:22,177
Trades of the day
in$
as of: 16Apr 18:31>>18:31 (#trades: 2)
trade net: +93.0 (+33.2%), trade gross: +93.0 (+33.2%), BUY: +93.0 (+33.2%), SELL: +0.0 (+0.0%)
fees: $ 0.019 (2.0bp)
2024-04-16 18:31:22,637
Trades: 
Filled #2
______________________________________________
                   in$ | in bp 92 traded | in bp 279 AUMs
realizedPnl    +0      | +0      | +0     
PnLvsArrival   +0      | +0      | +0     
PnLvsLast      -0.03   | -3      | -1     
______________________________________________
                 | Value$ | PnL Arrival/Last 
______________________________________________
ETH:+0.015@3058.94 | +46$ | 0/-0.02
XRP:+95.6@0.4918 | +47$ | -0/-0.01
