2023-09-03 20:30:41,525
ON program started 20230903 20:30:41,
US time: 20230903 16:30:41
2023-09-03 20:30:41,939
the strat is currently running @ 03-09-2023 and the target positions is LONG
2023-09-03 20:30:43,379
CURRENT STATUS IS LONG
-----
return before 14h30:
BTCUSDT+0.09%, ETHUSDT-0.30%, XRPUSDT+0.62%
-----
target alloc initial:BTCUSDT+16.67%, ETHUSDT+16.67%, XRPUSDT+16.67%
-----
alloc target x rt%<0:BTCUSDT+16.67%, ETHUSDT+16.67%, XRPUSDT+16.67%
-----
           BTCUSDT ETHUSDT XRPUSDT
w_target     16.7%   16.7%   16.7%
rt_14h30     0.00%  -0.00%   0.01%
w_target_f   16.7%   16.7%   16.7%
2023-09-03 20:30:43,381
Portfolio was rebalanced less than 2 hours ago, 1.0 hours ago
2023-09-03 20:30:43,383
Status: prev = LONG <> LONG = target
2023-09-03 20:30:43,383
the strat is currently running @ 03-09-2023 and the target positions is LONG
the strat was previously run @ 2023-09-03 19:30:29 UTC, success:yes 
   and the current positions is LONG
2023-09-03 20:30:44,560
positions_future #3
2023-09-03 20:30:44,560
      symbol  positionAmt entryPrice  ...   updateTime  AUMs_account        w%
225  BTCUSDT        0.002    25928.5  ...  03Sep-18:34         276.7  0.187739
111  XRPUSDT       91.200     0.5068  ...  03Sep-18:35         276.7  0.166517
138  ETHUSDT        0.028    1636.85  ...  03Sep-18:33         276.7  0.165728

[3 rows x 9 columns]
2023-09-03 20:30:44,583
programm stoppeddd!!! 20230903_203044
