2024-03-04 01:30:49,843
ON program started 20240304 01:30:49,
US time: 20240303 20:30:49
2024-03-04 01:30:51,133
the strat is currently running @ 04-03-2024 and the target positions is SHORT
2024-03-04 01:30:52,608
CURRENT STATUS IS SHORT, WE CHECK IF THE DAY IS A NEGATIVE ONE
-----
return before 14h30:
BTCUSDT+1.11%, ETHUSDT+0.05%, XRPUSDT+0.30%
-----
target alloc initial:BTCUSDT-4.17%, ETHUSDT+0.00%, XRPUSDT-4.17%
-----
alloc target x rt%<0:BTCUSDT-0.00%, ETHUSDT+0.00%, XRPUSDT-0.00%
-----
           BTCUSDT ETHUSDT XRPUSDT
w_target     -4.2%    0.0%   -4.2%
rt_14h30     0.01%   0.00%   0.00%
w_target_f   -0.0%    0.0%   -0.0%
2024-03-04 01:30:52,609
Portfolio was rebalanced less than 2 hours ago, 1.0 hours ago
2024-03-04 01:30:52,611
Status: prev = SHORT <> SHORT = target
2024-03-04 01:30:52,611
the strat is currently running @ 04-03-2024 and the target positions is SHORT
the strat was previously run @ 2024-03-04 00:30:46, success:? 
   and the current positions is SHORT
2024-03-04 01:30:53,818
positions_future #0
2024-03-04 01:30:53,818
Empty DataFrame
Columns: [symbol, positionAmt, entryPrice, breakEvenPrice, markPrice, unRealizedProfit, value_usd, updateTime, isolated, adlQuantile, AUMs_account, w%]
Index: []
2024-03-04 01:30:54,042
------------------------------
binance_account_balance
2024-03-04 01:30:54,043
  asset     balance  ...  marginAvailable   updateTime
5  USDT  293.281611  ...             True  04Mar-00:31

[1 rows x 8 columns]
2024-03-04 01:30:54,277
------------------------------
open_orders
2024-03-04 01:30:54,277
Empty DataFrame
Columns: []
Index: []
2024-03-04 01:30:54,930
------------------------------
AUMS account:293

2024-03-04 01:30:54,932
--------------- compute_futures_order_book() ----------------
2024-03-04 01:30:56,491
----------------------------------------------------------------------
#0 order(s) to place
gross$: 0$ | net$: +0$
gross%: 0% | net%: +0%
 || w>0%  +0% | w<0%  0%
----------------------------------------------------------------------
PTF Expo% 0.0% >> 0.0% (current>>target)
PTF expo $0.0 >> $0 (current>>target)
----------------------------------------------------------------------
2024-03-04 01:30:56,493
orders_ofthe_day
2024-03-04 01:30:56,493
Empty DataFrame
Columns: [ptf_usd, target_usd, totrd_usd, posttrd_usd, qty, posttrd_qty, posttrd_w, bid, ask, strategy]
Index: []
2024-03-04 01:30:56,563
Orders of the day is empty, current and target potfolios are aligned
2024-03-04 01:30:56,563
Program stopped
