2024-04-30 18:30:54,428
ON program started 20240430 18:30:54,
US time: 20240430 14:30:54
2024-04-30 18:30:54,983
the strat is currently running @ 30-04-2024 and the target positions is LONG
2024-04-30 18:30:56,390
CURRENT STATUS IS LONG
-----
return before 14h30:
BTCUSDT-4.77%, ETHUSDT-6.94%, XRPUSDT-3.98%
-----
target alloc initial:BTCUSDT+16.67%, ETHUSDT+16.67%, XRPUSDT+16.67%
-----
alloc target x rt%<0:BTCUSDT+16.67%, ETHUSDT+16.67%, XRPUSDT+16.67%
-----
           BTCUSDT ETHUSDT XRPUSDT
w_target     16.7%   16.7%   16.7%
rt_14h30    -0.05%  -0.07%  -0.04%
w_target_f   16.7%   16.7%   16.7%
2024-04-30 18:30:56,391
Portfolio was rebalanced less than 2 hours ago, 15.0 hours ago
2024-04-30 18:30:56,393
Status: prev = LONG <> NEUTRAL = target
2024-04-30 18:30:56,393
the strat is currently running @ 30-04-2024 and the target positions is LONG
the strat was previously run @ 2024-04-30 03:31:02, success:yes 
   and the current positions is NEUTRAL
2024-04-30 18:30:57,601
positions_future #0
2024-04-30 18:30:57,602
Empty DataFrame
Columns: [symbol, positionAmt, entryPrice, breakEvenPrice, markPrice, unRealizedProfit, value_usd, updateTime, isolated, adlQuantile, AUMs_account, w%]
Index: []
2024-04-30 18:30:57,825
------------------------------
binance_account_balance
2024-04-30 18:30:57,825
  asset     balance  ...  marginAvailable   updateTime
6  USDT  281.056757  ...             True  30Apr-02:33

[1 rows x 8 columns]
2024-04-30 18:30:58,060
------------------------------
open_orders
2024-04-30 18:30:58,060
Empty DataFrame
Columns: []
Index: []
2024-04-30 18:30:58,720
------------------------------
AUMS account:281

2024-04-30 18:30:58,722
--------------- compute_futures_order_book() ----------------
2024-04-30 18:31:00,284
----------------------------------------------------------------------
#2 order(s) to place
gross$: 94$ | net$: +94$
gross%: 33% | net%: +33%
 || w>0%  +33% | w<0%  0%
----------------------------------------------------------------------
PTF Expo% 0.0% >> 50.0% (current>>target)
PTF expo $0.0 >> $140 (current>>target)
----------------------------------------------------------------------
2024-04-30 18:31:00,286
orders_ofthe_day
2024-04-30 18:31:00,286
                  ptf_usd  target_usd  totrd_usd  ...        bid        ask strategy
2024-04-30 18:31                                  ...                               
ETHUSDT               0.0       46.85       47.0  ...  2967.2700  2967.2800  STRATON
XRPUSDT               0.0       46.85       47.0  ...     0.4942     0.4943  STRATON

[2 rows x 10 columns]
2024-04-30 18:31:01,874
binance_place_orders_peg 20240430_183101
2024-04-30 18:31:02,316
{'orderId': 8389765677077907209, 'symbol': 'ETHUSDT', 'status': 'NEW', 'clientOrderId': 'STRATON', 'price': '2964.69', 'avgPrice': '0.00', 'origQty': '0.016', 'executedQty': '0.000', 'cumQty': '0.000', 'cumQuote': '0.00000', 'timeInForce': 'GTC', 'type': 'LIMIT', 'reduceOnly': False, 'closePosition': False, 'side': 'BUY', 'positionSide': 'BOTH', 'stopPrice': '0.00', 'workingType': 'CONTRACT_PRICE', 'priceProtect': False, 'origType': 'LIMIT', 'priceMatch': 'NONE', 'selfTradePreventionMode': 'NONE', 'goodTillDate': 0, 'updateTime': 1714501862203}
2024-04-30 18:31:02,758
{'orderId': 55779385858, 'symbol': 'XRPUSDT', 'status': 'NEW', 'clientOrderId': 'STRATON', 'price': '0.4940', 'avgPrice': '0.00', 'origQty': '95.1', 'executedQty': '0.0', 'cumQty': '0.0', 'cumQuote': '0.00000', 'timeInForce': 'GTC', 'type': 'LIMIT', 'reduceOnly': False, 'closePosition': False, 'side': 'BUY', 'positionSide': 'BOTH', 'stopPrice': '0.0000', 'workingType': 'CONTRACT_PRICE', 'priceProtect': False, 'origType': 'LIMIT', 'priceMatch': 'NONE', 'selfTradePreventionMode': 'NONE', 'goodTillDate': 0, 'updateTime': 1714501862645}
2024-04-30 18:31:04,334
update 0: filled 0 / 2 () | working 2 / 2 (+ETHUSDT,+XRPUSDT)
2024-04-30 18:31:08,335
+ETHUSDT: bp11.0|+XRPUSDT: bp6.0|
2024-04-30 18:31:09,217
update 1: filled 0 / 2 () | working 2 / 2 (+ETHUSDT,+XRPUSDT)
2024-04-30 18:31:13,218
+ETHUSDT: bp7.0|+XRPUSDT: bp8.0|
2024-04-30 18:31:14,100
update 2: filled 2 / 2 (+ETHUSDT,+XRPUSDT) | working 0 / 2 ()
2024-04-30 18:31:20,563
Trades of the day
in$
as of: 30Apr 18:31>>18:31 (#trades: 2)
trade net: +94.0 (+33.4%), trade gross: +94.0 (+33.4%), BUY: +94.0 (+33.4%), SELL: +0.0 (+0.0%)
fees: $ 0.019 (2.0bp)
2024-04-30 18:31:21,020
Trades: 
Filled #2
______________________________________________
                   in$ | in bp 94 traded | in bp 281 AUMs
realizedPnl    +0      | +0      | +0     
PnLvsArrival   +0.06   | +6      | +2     
PnLvsLast      -0.02   | -2      | -1     
______________________________________________
                 | Value$ | PnL Arrival/Last 
______________________________________________
XRP:+95.1@0.494 | +47$ | 0.02/-0
ETH:+0.016@2964.69 | +47$ | 0.04/-0.02
