2023-11-11 04:30:58,823
ON program started 20231111 04:30:58,
US time: 20231110 23:30:58
2023-11-11 04:30:59,666
the strat is currently running @ 11-11-2023 and the target positions is NEUTRAL
2023-11-11 04:31:01,495
CURRENT STATUS IS NEUTRAL
-----
return before 14h30:
BTCUSDT+0.00%, ETHUSDT+0.00%, XRPUSDT+0.00%
-----
target alloc initial:BTCUSDT+0.00%, ETHUSDT+0.00%, XRPUSDT+0.00%
-----
alloc target x rt%<0:BTCUSDT+0.00%, ETHUSDT+0.00%, XRPUSDT+0.00%
-----
           BTCUSDT ETHUSDT XRPUSDT
w_target      0.0%    0.0%    0.0%
rt_14h30     0.00%   0.00%   0.00%
w_target_f    0.0%    0.0%    0.0%
2023-11-11 04:31:01,497
Portfolio was rebalanced less than 2 hours ago, 1.0 hours ago
2023-11-11 04:31:01,501
Status: prev = NEUTRAL <> NEUTRAL = target
2023-11-11 04:31:01,501
the strat is currently running @ 11-11-2023 and the target positions is NEUTRAL
the strat was previously run @ 2023-11-11 03:32:37 UTC, success:yes 
   and the current positions is NEUTRAL
2023-11-11 04:31:02,667
positions_future #0
2023-11-11 04:31:02,668
Empty DataFrame
Columns: [symbol, positionAmt, entryPrice, breakEvenPrice, markPrice, unRealizedProfit, value_usd, updateTime, isolated, adlQuantile, AUMs_account, w%]
Index: []
2023-11-11 04:31:02,677
programm stoppeddd!!! 20231111_043102
