2024-05-14 01:30:59,691
ON program started 20240514 01:30:59,
US time: 20240513 21:30:59
2024-05-14 01:31:00,639
the strat is currently running @ 14-05-2024 and the target positions is SHORT
2024-05-14 01:31:02,031
CURRENT STATUS IS SHORT, WE CHECK IF THE DAY IS A NEGATIVE ONE
-----
return before 14h30:
BTCUSDT+0.12%, ETHUSDT+0.26%, XRPUSDT+0.26%
-----
target alloc initial:BTCUSDT-4.17%, ETHUSDT+0.00%, XRPUSDT-4.17%
-----
alloc target x rt%<0:BTCUSDT-0.00%, ETHUSDT+0.00%, XRPUSDT-0.00%
-----
           BTCUSDT ETHUSDT XRPUSDT
w_target     -4.2%    0.0%   -4.2%
rt_14h30     0.00%   0.00%   0.00%
w_target_f   -0.0%    0.0%   -0.0%
2024-05-14 01:31:02,032
Portfolio was rebalanced less than 2 hours ago, 1.0 hours ago
2024-05-14 01:31:02,034
Status: prev = SHORT <> SHORT = target
2024-05-14 01:31:02,034
the strat is currently running @ 14-05-2024 and the target positions is SHORT
the strat was previously run @ 2024-05-14 00:31:10, success:yes 
   and the current positions is SHORT
2024-05-14 01:31:03,253
positions_future #0
2024-05-14 01:31:03,253
Empty DataFrame
Columns: [symbol, positionAmt, entryPrice, breakEvenPrice, markPrice, unRealizedProfit, value_usd, updateTime, isolated, adlQuantile, AUMs_account, w%]
Index: []
2024-05-14 01:31:03,322
programm stoppeddd!!! 20240514_013103
