2023-10-20 19:30:42,445
ON program started 20231020 19:30:42,
US time: 20231020 15:30:42
2023-10-20 19:30:42,838
the strat is currently running @ 20-10-2023 and the target positions is LONG
2023-10-20 19:30:45,345
CURRENT STATUS IS LONG
-----
return before 14h30:
BTCUSDT+0.96%, ETHUSDT+1.40%, XRPUSDT+0.12%
-----
target alloc initial:BTCUSDT+16.67%, ETHUSDT+16.67%, XRPUSDT+16.67%
-----
alloc target x rt%<0:BTCUSDT+16.67%, ETHUSDT+16.67%, XRPUSDT+16.67%
-----
           BTCUSDT ETHUSDT XRPUSDT
w_target     16.7%   16.7%   16.7%
rt_14h30     0.01%   0.01%   0.00%
w_target_f   16.7%   16.7%   16.7%
2023-10-20 19:30:45,347
Portfolio was rebalanced less than 2 hours ago, 1.0 hours ago
2023-10-20 19:30:45,349
Status: prev = LONG <> LONG = target
2023-10-20 19:30:45,349
the strat is currently running @ 20-10-2023 and the target positions is LONG
the strat was previously run @ 2023-10-20 18:32:23 UTC, success:yes 
   and the current positions is LONG
2023-10-20 19:30:46,459
positions_future #3
2023-10-20 19:30:46,459
      symbol  positionAmt entryPrice  ...   updateTime AUMs_account        w%
240  BTCUSDT        0.002    29498.8  ...  20Oct-18:32        278.7  0.211203
149  ETHUSDT        0.029    1607.74  ...  20Oct-18:32        278.7  0.167048
119  XRPUSDT       89.200     0.5217  ...  20Oct-18:32        278.7  0.166938

[3 rows x 10 columns]
2023-10-20 19:30:46,484
programm stoppeddd!!! 20231020_193046
