2023-08-21 20:30:25,486
ON program started 20230821 20:30:25,
US time: 20230821 16:30:25
2023-08-21 20:30:26,005
the strat is currently running @ 21-08-2023 and the target positions is LONG
2023-08-21 20:30:27,398
CURRENT STATUS IS LONG
-----
return before 14h30:
BTCUSDT-0.15%, ETHUSDT-0.71%, XRPUSDT-2.95%
-----
target alloc initial:BTCUSDT+16.67%, ETHUSDT+16.67%, XRPUSDT+16.67%
-----
alloc target x rt%<0:BTCUSDT+16.67%, ETHUSDT+16.67%, XRPUSDT+16.67%
-----
           BTCUSDT ETHUSDT XRPUSDT
w_target     16.7%   16.7%   16.7%
rt_14h30    -0.00%  -0.01%  -0.03%
w_target_f   16.7%   16.7%   16.7%
2023-08-21 20:30:27,400
Portfolio was rebalanced less than 2 hours ago, 1.0 hours ago
2023-08-21 20:30:27,402
Status: prev = LONG <> LONG = target
2023-08-21 20:30:27,402
the strat is currently running @ 21-08-2023 and the target positions is LONG
the strat was previously run @ 2023-08-21 19:30:59 UTC, success:yes 
   and the current positions is LONG
2023-08-21 20:30:28,568
positions_future #3
2023-08-21 20:30:28,568
      symbol  positionAmt entryPrice  ...   updateTime  AUMs_account        w%
225  BTCUSDT        0.002    26044.9  ...  21Aug-18:37         276.8  0.188569
138  ETHUSDT        0.028    1664.48  ...  21Aug-18:31         276.8  0.169199
111  XRPUSDT       89.000     0.5169  ...  21Aug-18:33         276.8  0.167703

[3 rows x 9 columns]
2023-08-21 20:30:28,593
programm stoppeddd!!! 20230821_203028
