2024-03-07 04:31:17,118
ON program started 20240307 04:31:17,
US time: 20240306 23:31:17
2024-03-07 04:31:17,649
the strat is currently running @ 07-03-2024 and the target positions is NEUTRAL
2024-03-07 04:31:20,327
CURRENT STATUS IS NEUTRAL
-----
return before 14h30:
BTCUSDT+0.10%, ETHUSDT-0.53%, XRPUSDT+1.40%
-----
target alloc initial:BTCUSDT+0.00%, ETHUSDT+0.00%, XRPUSDT+0.00%
-----
alloc target x rt%<0:BTCUSDT+0.00%, ETHUSDT+0.00%, XRPUSDT+0.00%
-----
           BTCUSDT ETHUSDT XRPUSDT
w_target      0.0%    0.0%    0.0%
rt_14h30     0.00%  -0.01%   0.01%
w_target_f    0.0%    0.0%    0.0%
2024-03-07 04:31:20,329
Portfolio was rebalanced less than 2 hours ago, 1.0 hours ago
2024-03-07 04:31:20,330
Status: prev = NEUTRAL <> NEUTRAL = target
2024-03-07 04:31:20,331
the strat is currently running @ 07-03-2024 and the target positions is NEUTRAL
the strat was previously run @ 2024-03-07 03:30:52, success:? 
   and the current positions is NEUTRAL
2024-03-07 04:31:21,543
positions_future #0
2024-03-07 04:31:21,543
Empty DataFrame
Columns: [symbol, positionAmt, entryPrice, breakEvenPrice, markPrice, unRealizedProfit, value_usd, updateTime, isolated, adlQuantile, AUMs_account, w%]
Index: []
2024-03-07 04:31:21,768
------------------------------
binance_account_balance
2024-03-07 04:31:21,768
  asset     balance  ...  marginAvailable   updateTime
5  USDT  290.413211  ...             True  07Mar-03:33

[1 rows x 8 columns]
2024-03-07 04:31:22,004
------------------------------
open_orders
2024-03-07 04:31:22,005
Empty DataFrame
Columns: []
Index: []
2024-03-07 04:31:22,667
------------------------------
AUMS account:290

2024-03-07 04:31:22,670
--------------- compute_futures_order_book() ----------------
2024-03-07 04:31:24,242
----------------------------------------------------------------------
#0 order(s) to place
gross$: 0$ | net$: +0$
gross%: 0% | net%: +0%
 || w>0%  +0% | w<0%  0%
----------------------------------------------------------------------
PTF Expo% 0.0% >> 0.0% (current>>target)
PTF expo $0.0 >> $0 (current>>target)
----------------------------------------------------------------------
2024-03-07 04:31:24,243
orders_ofthe_day
2024-03-07 04:31:24,243
Empty DataFrame
Columns: [ptf_usd, target_usd, totrd_usd, posttrd_usd, qty, posttrd_qty, posttrd_w, bid, ask, strategy]
Index: []
2024-03-07 04:31:24,304
Orders of the day is empty, current and target potfolios are aligned
2024-03-07 04:31:24,305
Program stopped
