2023-12-27 21:30:29,841
ON program started 20231227 21:30:29,
US time: 20231227 16:30:29
2023-12-27 21:30:30,333
the strat is currently running @ 27-12-2023 and the target positions is LONG
2023-12-27 21:30:31,738
CURRENT STATUS IS LONG
-----
return before 14h30:
BTCUSDT+2.09%, ETHUSDT+5.79%, XRPUSDT+2.91%
-----
target alloc initial:BTCUSDT+16.67%, ETHUSDT+16.67%, XRPUSDT+16.67%
-----
alloc target x rt%<0:BTCUSDT+16.67%, ETHUSDT+16.67%, XRPUSDT+16.67%
-----
           BTCUSDT ETHUSDT XRPUSDT
w_target     16.7%   16.7%   16.7%
rt_14h30     0.02%   0.06%   0.03%
w_target_f   16.7%   16.7%   16.7%
2023-12-27 21:30:31,740
Portfolio was rebalanced less than 2 hours ago, 1.0 hours ago
2023-12-27 21:30:31,742
Status: prev = LONG <> LONG = target
2023-12-27 21:30:31,742
the strat is currently running @ 27-12-2023 and the target positions is LONG
the strat was previously run @ 2023-12-27 20:31:14 UTC, success:yes 
   and the current positions is LONG
2023-12-27 21:30:32,967
positions_future #2
2023-12-27 21:30:32,967
      symbol  positionAmt entryPrice  ... adlQuantile AUMs_account        w%
135  ETHUSDT        0.021    2350.84  ...           1        292.4  0.169211
108  XRPUSDT       76.700     0.6389  ...           1        292.4  0.167581

[2 rows x 12 columns]
2023-12-27 21:30:33,060
programm stoppeddd!!! 20231227_213033
