2024-08-21 00:31:00,164
ON program started 20240821 00:31:00,
US time: 20240820 20:31:00
2024-08-21 00:31:01,136
the strat is currently running @ 21-08-2024 and the target positions is SHORT
2024-08-21 00:31:02,455
CURRENT STATUS IS SHORT, WE CHECK IF THE DAY IS A NEGATIVE ONE
-----
return before 14h30:
BTCUSDT+0.29%, ETHUSDT+0.36%, XRPUSDT+0.08%
-----
target alloc initial:BTCUSDT-4.17%, ETHUSDT+0.00%, XRPUSDT-4.17%
-----
alloc target x rt%<0:BTCUSDT-0.00%, ETHUSDT+0.00%, XRPUSDT-0.00%
-----
           BTCUSDT ETHUSDT XRPUSDT
w_target     -4.2%    0.0%   -4.2%
rt_14h30     0.00%   0.00%   0.00%
w_target_f   -0.0%    0.0%   -0.0%
2024-08-21 00:31:02,456
Portfolio was rebalanced less than 2 hours ago, 1.0 hours ago
2024-08-21 00:31:02,458
Status: prev = SHORT <> SHORT = target
2024-08-21 00:31:02,458
the strat is currently running @ 21-08-2024 and the target positions is SHORT
the strat was previously run @ 2024-08-20 23:31:08, success:yes 
   and the current positions is SHORT
2024-08-21 00:31:02,990
positions_future #0
2024-08-21 00:31:02,990
Empty DataFrame
Columns: [symbol, positionAmt, entryPrice, breakEvenPrice, markPrice, unRealizedProfit, value_usd, updateTime, isolated, adlQuantile, AUMs_account, w%]
Index: []
2024-08-21 00:31:03,048
programm stoppeddd!!! 20240821_003103
