2024-07-19 19:30:31,474
ON program started 20240719 19:30:31,
US time: 20240719 15:30:31
2024-07-19 19:30:31,936
the strat is currently running @ 19-07-2024 and the target positions is LONG
2024-07-19 19:30:33,245
CURRENT STATUS IS LONG
-----
return before 14h30:
BTCUSDT+1.79%, ETHUSDT+0.32%, XRPUSDT-2.25%
-----
target alloc initial:BTCUSDT+16.67%, ETHUSDT+16.67%, XRPUSDT+16.67%
-----
alloc target x rt%<0:BTCUSDT+16.67%, ETHUSDT+16.67%, XRPUSDT+16.67%
-----
           BTCUSDT ETHUSDT XRPUSDT
w_target     16.7%   16.7%   16.7%
rt_14h30     0.02%   0.00%  -0.02%
w_target_f   16.7%   16.7%   16.7%
2024-07-19 19:30:33,246
Portfolio was rebalanced less than 2 hours ago, 1.0 hours ago
2024-07-19 19:30:33,248
Status: prev = LONG <> LONG = target
2024-07-19 19:30:33,248
the strat is currently running @ 19-07-2024 and the target positions is LONG
the strat was previously run @ 2024-07-19 18:30:51, success:? 
   and the current positions is LONG
2024-07-19 19:30:34,365
positions_future #2
2024-07-19 19:30:34,365
      symbol  positionAmt entryPrice  ... adlQuantile AUMs_account        w%
166  ETHUSDT        0.014    3495.26  ...           1        293.5  0.168275
131  XRPUSDT       84.600     0.5789  ...           1        293.5  0.167618

[2 rows x 12 columns]
2024-07-19 19:30:34,591
------------------------------
binance_account_balance
2024-07-19 19:30:34,591
  asset     balance  ...  marginAvailable   updateTime
4  USDT  292.854303  ...             True  19Jul-18:32

[1 rows x 8 columns]
2024-07-19 19:30:35,213
------------------------------
open_orders
2024-07-19 19:30:35,213
Empty DataFrame
Columns: []
Index: []
2024-07-19 19:30:35,822
------------------------------
AUMS account:293

2024-07-19 19:30:35,824
--------------- compute_futures_order_book() ----------------
2024-07-19 19:30:37,272
----------------------------------------------------------------------
#0 order(s) to place
gross$: 0$ | net$: +0$
gross%: 0% | net%: +0%
 || w>0%  +0% | w<0%  0%
----------------------------------------------------------------------
PTF Expo% 33.3% >> 50.0% (current>>target)
PTF expo $98.0 >> $146 (current>>target)
----------------------------------------------------------------------
2024-07-19 19:30:37,273
orders_ofthe_day
2024-07-19 19:30:37,273
Empty DataFrame
Columns: [ptf_usd, target_usd, totrd_usd, posttrd_usd, qty, posttrd_qty, posttrd_w, bid, ask, strategy]
Index: []
2024-07-19 19:30:37,332
Orders of the day is empty, current and target potfolios are aligned
2024-07-19 19:30:37,333
Program stopped
