2024-06-15 20:30:53,825
ON program started 20240615 20:30:53,
US time: 20240615 16:30:53
2024-06-15 20:30:54,786
the strat is currently running @ 15-06-2024 and the target positions is LONG
2024-06-15 20:30:56,913
CURRENT STATUS IS LONG
-----
return before 14h30:
BTCUSDT+0.41%, ETHUSDT+2.51%, XRPUSDT+1.69%
-----
target alloc initial:BTCUSDT+16.67%, ETHUSDT+16.67%, XRPUSDT+16.67%
-----
alloc target x rt%<0:BTCUSDT+16.67%, ETHUSDT+16.67%, XRPUSDT+16.67%
-----
           BTCUSDT ETHUSDT XRPUSDT
w_target     16.7%   16.7%   16.7%
rt_14h30     0.00%   0.03%   0.02%
w_target_f   16.7%   16.7%   16.7%
2024-06-15 20:30:56,914
Portfolio was rebalanced less than 2 hours ago, 1.0 hours ago
2024-06-15 20:30:56,916
Status: prev = LONG <> LONG = target
2024-06-15 20:30:56,916
the strat is currently running @ 15-06-2024 and the target positions is LONG
the strat was previously run @ 2024-06-15 19:31:01, success:yes 
   and the current positions is LONG
2024-06-15 20:30:58,044
positions_future #2
2024-06-15 20:30:58,044
      symbol  positionAmt entryPrice  ... adlQuantile AUMs_account        w%
162  ETHUSDT        0.014    3563.31  ...           1        291.5  0.170450
129  XRPUSDT      100.600     0.4869  ...           3        291.5  0.169357

[2 rows x 12 columns]
2024-06-15 20:30:58,148
programm stoppeddd!!! 20240615_203058
