2023-12-11 00:30:39,866
ON program started 20231211 00:30:39,
US time: 20231210 19:30:39
2023-12-11 00:30:40,807
the strat is currently running @ 11-12-2023 and the target positions is SHORT
2023-12-11 00:30:42,256
CURRENT STATUS IS SHORT, WE CHECK IF THE DAY IS A NEGATIVE ONE
-----
return before 14h30:
BTCUSDT+0.00%, ETHUSDT+0.00%, XRPUSDT+0.00%
-----
target alloc initial:BTCUSDT-4.17%, ETHUSDT+0.00%, XRPUSDT-4.17%
-----
alloc target x rt%<0:BTCUSDT-0.00%, ETHUSDT+0.00%, XRPUSDT-0.00%
-----
           BTCUSDT ETHUSDT XRPUSDT
w_target     -4.2%    0.0%   -4.2%
rt_14h30     0.00%   0.00%   0.00%
w_target_f   -0.0%    0.0%   -0.0%
2023-12-11 00:30:42,257
Portfolio was rebalanced less than 2 hours ago, 1.0 hours ago
2023-12-11 00:30:42,260
Status: prev = SHORT <> SHORT = target
2023-12-11 00:30:42,260
the strat is currently running @ 11-12-2023 and the target positions is SHORT
the strat was previously run @ 2023-12-10 23:30:38 UTC, success:? 
   and the current positions is SHORT
2023-12-11 00:30:43,487
positions_future #1
2023-12-11 00:30:43,487
      symbol  positionAmt entryPrice  ... adlQuantile AUMs_account        w%
124  XRPUSDT        -17.8     0.6616  ...           2        289.5 -0.040546

[1 rows x 12 columns]
2023-12-11 00:30:43,727
------------------------------
binance_account_balance
2023-12-11 00:30:43,727
  asset     balance  ... marginAvailable   updateTime
5  USDT  289.443484  ...            True  10Dec-23:30

[1 rows x 8 columns]
2023-12-11 00:30:44,180
------------------------------
open_orders
2023-12-11 00:30:44,180
Empty DataFrame
Columns: []
Index: []
2023-12-11 00:30:44,838
------------------------------
AUMS account:289

2023-12-11 00:30:44,839
--------------- compute_futures_order_book() ----------------
2023-12-11 00:30:46,397
----------------------------------------------------------------------
#1 order(s) to place
gross$: 12$ | net$: +12$
gross%: 4% | net%: +4%
 || w>0%  +4% | w<0%  0%
----------------------------------------------------------------------
PTF Expo% -4.1% >> 0.0% (current>>target)
PTF expo $-12.0 >> $0 (current>>target)
----------------------------------------------------------------------
2023-12-11 00:30:46,398
orders_ofthe_day
2023-12-11 00:30:46,398
                  ptf_usd  target_usd  totrd_usd  ...  posttrd_w     bid     ask
2023-12-11 00:30                                  ...                           
XRPUSDT             -12.0        -0.0       12.0  ...        0.0  0.6593  0.6594

[1 rows x 9 columns]
2023-12-11 00:30:48,110
binance_place_orders_peg 20231211_003048
2023-12-11 00:30:48,548
{'orderId': 46588471208, 'symbol': 'XRPUSDT', 'status': 'NEW', 'clientOrderId': '7twNqZmTzOLxx6GWC0Y6Ef', 'price': '0.6589', 'avgPrice': '0.00', 'origQty': '17.8', 'executedQty': '0.0', 'cumQty': '0.0', 'cumQuote': '0.00000', 'timeInForce': 'GTC', 'type': 'LIMIT', 'reduceOnly': False, 'closePosition': False, 'side': 'BUY', 'positionSide': 'BOTH', 'stopPrice': '0.0000', 'workingType': 'CONTRACT_PRICE', 'priceProtect': False, 'origType': 'LIMIT', 'priceMatch': 'NONE', 'selfTradePreventionMode': 'NONE', 'goodTillDate': 0, 'updateTime': 1702254648439}
2023-12-11 00:30:49,690
update 0: filled 0 / 1 () | working 1 / 1 (+XRPUSDT)
2023-12-11 00:30:53,691
+XRPUSDT: bp8.0|
2023-12-11 00:30:54,133
update 1: filled 0 / 1 () | working 1 / 1 (+XRPUSDT)
2023-12-11 00:30:58,134
+XRPUSDT: bp5.0|
2023-12-11 00:30:58,574
update 2: filled 0 / 1 () | working 1 / 1 (+XRPUSDT)
2023-12-11 00:31:02,575
+XRPUSDT: bp3.0|
2023-12-11 00:31:03,017
update 3: filled 0 / 1 () | working 1 / 1 (+XRPUSDT)
2023-12-11 00:31:07,017
+XRPUSDT: bp5.0|
2023-12-11 00:31:07,460
update 4: filled 0 / 1 () | working 1 / 1 (+XRPUSDT)
2023-12-11 00:31:11,461
+XRPUSDT: bp5.0|
2023-12-11 00:31:11,901
update 5: filled 0 / 1 () | working 1 / 1 (+XRPUSDT)
2023-12-11 00:31:15,902
+XRPUSDT: bp8.0|
2023-12-11 00:31:16,342
update 6: filled 0 / 1 () | working 1 / 1 (+XRPUSDT)
2023-12-11 00:31:20,342
+XRPUSDT: bp15.0|
2023-12-11 00:31:20,783
update 7: filled 0 / 1 () | working 1 / 1 (+XRPUSDT)
2023-12-11 00:31:24,784
+XRPUSDT: bp15.0|
2023-12-11 00:31:25,224
update 8: filled 0 / 1 () | working 1 / 1 (+XRPUSDT)
2023-12-11 00:31:29,224
+XRPUSDT: bp12.0|
2023-12-11 00:31:29,665
update 9: filled 0 / 1 () | working 1 / 1 (+XRPUSDT)
2023-12-11 00:31:33,665
+XRPUSDT: bp12.0|
2023-12-11 00:31:34,107
update 10: filled 0 / 1 () | working 1 / 1 (+XRPUSDT)
2023-12-11 00:31:38,107
+XRPUSDT: bp12.0|
2023-12-11 00:31:38,550
update 11: filled 0 / 1 () | working 1 / 1 (+XRPUSDT)
2023-12-11 00:31:42,551
+XRPUSDT: bp12.0|
2023-12-11 00:31:42,991
update 12: filled 0 / 1 () | working 1 / 1 (+XRPUSDT)
2023-12-11 00:31:46,992
+XRPUSDT: bp11.0|
2023-12-11 00:31:47,434
update 13: filled 0 / 1 () | working 1 / 1 (+XRPUSDT)
2023-12-11 00:31:51,435
+XRPUSDT: bp11.0|
2023-12-11 00:31:51,875
update 14: filled 0 / 1 () | working 1 / 1 (+XRPUSDT)
2023-12-11 00:31:55,876
+XRPUSDT: bp12.0|
2023-12-11 00:31:55,876
Adjustment limit #1 ... 
 we cancel current orders and replace
2023-12-11 00:31:55,876
@+/-2.5bp limit 
2023-12-11 00:31:55,876
binance_cancel_and_replace_orders_peg 20231211_003155
2023-12-11 00:31:56,539
binance_place_orders_peg 20231211_003156
2023-12-11 00:31:56,983
{'orderId': 46588513670, 'symbol': 'XRPUSDT', 'status': 'NEW', 'clientOrderId': '7twNqZmTzOLxx6GWC0Y6Ef', 'price': '0.6593', 'avgPrice': '0.00', 'origQty': '17.8', 'executedQty': '0.0', 'cumQty': '0.0', 'cumQuote': '0.00000', 'timeInForce': 'GTC', 'type': 'LIMIT', 'reduceOnly': False, 'closePosition': False, 'side': 'BUY', 'positionSide': 'BOTH', 'stopPrice': '0.0000', 'workingType': 'CONTRACT_PRICE', 'priceProtect': False, 'origType': 'LIMIT', 'priceMatch': 'NONE', 'selfTradePreventionMode': 'NONE', 'goodTillDate': 0, 'updateTime': 1702254716869}
2023-12-11 00:31:57,424
update 0: filled 0 / 1 () | working 1 / 1 (+XRPUSDT)
2023-12-11 00:32:01,425
+XRPUSDT: bp6.0|
2023-12-11 00:32:01,865
update 1: filled 0 / 1 () | working 1 / 1 (+XRPUSDT)
2023-12-11 00:32:05,866
+XRPUSDT: bp6.0|
2023-12-11 00:32:06,348
update 2: filled 0 / 1 () | working 1 / 1 (+XRPUSDT)
2023-12-11 00:32:10,349
+XRPUSDT: bp6.0|
2023-12-11 00:32:10,790
update 3: filled 0 / 1 () | working 1 / 1 (+XRPUSDT)
2023-12-11 00:32:14,791
+XRPUSDT: bp8.0|
2023-12-11 00:32:15,233
update 4: filled 0 / 1 () | working 1 / 1 (+XRPUSDT)
2023-12-11 00:32:19,235
+XRPUSDT: bp8.0|
2023-12-11 00:32:19,682
update 5: filled 0 / 1 () | working 1 / 1 (+XRPUSDT)
2023-12-11 00:32:23,682
+XRPUSDT: bp6.0|
2023-12-11 00:32:24,125
update 6: filled 0 / 1 () | working 1 / 1 (+XRPUSDT)
2023-12-11 00:32:28,126
+XRPUSDT: bp6.0|
2023-12-11 00:32:28,569
update 7: filled 0 / 1 () | working 1 / 1 (+XRPUSDT)
2023-12-11 00:32:32,570
+XRPUSDT: bp6.0|
2023-12-11 00:32:33,011
update 8: filled 0 / 1 () | working 1 / 1 (+XRPUSDT)
2023-12-11 00:32:37,012
+XRPUSDT: bp6.0|
2023-12-11 00:32:37,456
update 9: filled 0 / 1 () | working 1 / 1 (+XRPUSDT)
2023-12-11 00:32:41,457
+XRPUSDT: bp6.0|
2023-12-11 00:32:41,901
update 10: filled 0 / 1 () | working 1 / 1 (+XRPUSDT)
2023-12-11 00:32:45,901
+XRPUSDT: bp5.0|
2023-12-11 00:32:46,341
update 11: filled 0 / 1 () | working 1 / 1 (+XRPUSDT)
2023-12-11 00:32:50,342
+XRPUSDT: bp5.0|
2023-12-11 00:32:50,782
update 12: filled 0 / 1 () | working 1 / 1 (+XRPUSDT)
2023-12-11 00:32:54,783
+XRPUSDT: bp8.0|
2023-12-11 00:32:55,225
update 13: filled 0 / 1 () | working 1 / 1 (+XRPUSDT)
2023-12-11 00:32:59,225
+XRPUSDT: bp8.0|
2023-12-11 00:32:59,666
update 14: filled 0 / 1 () | working 1 / 1 (+XRPUSDT)
2023-12-11 00:33:03,667
+XRPUSDT: bp9.0|
2023-12-11 00:33:03,667
Adjustment limit #2 ... 
 we cancel current orders and replace
2023-12-11 00:33:03,667
@+/-1.25bp limit 
2023-12-11 00:33:03,667
binance_cancel_and_replace_orders_peg 20231211_003303
2023-12-11 00:33:04,331
binance_place_orders_peg 20231211_003304
2023-12-11 00:33:04,773
{'orderId': 46588552352, 'symbol': 'XRPUSDT', 'status': 'NEW', 'clientOrderId': '7twNqZmTzOLxx6GWC0Y6Ef', 'price': '0.6598', 'avgPrice': '0.00', 'origQty': '17.8', 'executedQty': '0.0', 'cumQty': '0.0', 'cumQuote': '0.00000', 'timeInForce': 'GTC', 'type': 'LIMIT', 'reduceOnly': False, 'closePosition': False, 'side': 'BUY', 'positionSide': 'BOTH', 'stopPrice': '0.0000', 'workingType': 'CONTRACT_PRICE', 'priceProtect': False, 'origType': 'LIMIT', 'priceMatch': 'NONE', 'selfTradePreventionMode': 'NONE', 'goodTillDate': 0, 'updateTime': 1702254784662}
2023-12-11 00:33:05,214
update 0: filled 0 / 1 () | working 1 / 1 (+XRPUSDT)
2023-12-11 00:33:09,215
+XRPUSDT: bp3.0|
2023-12-11 00:33:09,656
update 1: filled 0 / 1 () | working 1 / 1 (+XRPUSDT)
2023-12-11 00:33:13,657
+XRPUSDT: bp3.0|
2023-12-11 00:33:14,098
update 2: filled 0 / 1 () | working 1 / 1 (+XRPUSDT)
2023-12-11 00:33:18,098
+XRPUSDT: bp3.0|
2023-12-11 00:33:18,542
update 3: filled 0 / 1 () | working 1 / 1 (+XRPUSDT)
2023-12-11 00:33:22,543
+XRPUSDT: bp5.0|
2023-12-11 00:33:22,983
update 4: filled 0 / 1 () | working 1 / 1 (+XRPUSDT)
2023-12-11 00:33:26,984
+XRPUSDT: bp2.0|
2023-12-11 00:33:27,424
update 5: filled 0 / 1 () | working 1 / 1 (+XRPUSDT)
2023-12-11 00:33:31,425
+XRPUSDT: bp2.0|
2023-12-11 00:33:31,867
update 6: filled 0 / 1 () | working 1 / 1 (+XRPUSDT)
2023-12-11 00:33:35,868
+XRPUSDT: bp2.0|
2023-12-11 00:33:36,312
update 7: filled 0 / 1 () | working 1 / 1 (+XRPUSDT)
2023-12-11 00:33:40,313
+XRPUSDT: bp2.0|
2023-12-11 00:33:40,753
update 8: filled 0 / 1 () | working 1 / 1 (+XRPUSDT)
2023-12-11 00:33:44,753
+XRPUSDT: bp2.0|
2023-12-11 00:33:45,194
update 9: filled 1 / 1 (+XRPUSDT) | working 0 / 1 ()
