2024-05-02 21:31:02,684
ON program started 20240502 21:31:02,
US time: 20240502 17:31:02
2024-05-02 21:31:03,174
the strat is currently running @ 02-05-2024 and the target positions is LONG
2024-05-02 21:31:04,588
CURRENT STATUS IS LONG
-----
return before 14h30:
BTCUSDT+0.15%, ETHUSDT-0.22%, XRPUSDT-0.71%
-----
target alloc initial:BTCUSDT+16.67%, ETHUSDT+16.67%, XRPUSDT+16.67%
-----
alloc target x rt%<0:BTCUSDT+16.67%, ETHUSDT+16.67%, XRPUSDT+16.67%
-----
           BTCUSDT ETHUSDT XRPUSDT
w_target     16.7%   16.7%   16.7%
rt_14h30     0.00%  -0.00%  -0.01%
w_target_f   16.7%   16.7%   16.7%
2024-05-02 21:31:04,589
Portfolio was rebalanced less than 2 hours ago, 1.0 hours ago
2024-05-02 21:31:04,591
Status: prev = LONG <> LONG = target
2024-05-02 21:31:04,591
the strat is currently running @ 02-05-2024 and the target positions is LONG
the strat was previously run @ 2024-05-02 20:31:09, success:yes 
   and the current positions is LONG
2024-05-02 21:31:05,812
positions_future #2
2024-05-02 21:31:05,812
      symbol  positionAmt entryPrice  ... adlQuantile AUMs_account        w%
167  ETHUSDT        0.016    2978.94  ...           2        283.5  0.168982
134  XRPUSDT       90.300     0.5213  ...           2        283.5  0.166139

[2 rows x 12 columns]
2024-05-02 21:31:05,898
programm stoppeddd!!! 20240502_213105
