2024-09-24 22:30:54,564
ON program started 20240924 22:30:54,
US time: 20240924 18:30:54
2024-09-24 22:30:55,268
the strat is currently running @ 24-09-2024 and the target positions is SHORT
2024-09-24 22:30:56,649
CURRENT STATUS IS SHORT, WE CHECK IF THE DAY IS A NEGATIVE ONE
-----
return before 14h30:
BTCUSDT+0.28%, ETHUSDT-0.48%, XRPUSDT+0.72%
-----
target alloc initial:BTCUSDT-4.17%, ETHUSDT+0.00%, XRPUSDT-4.17%
-----
alloc target x rt%<0:BTCUSDT-0.00%, ETHUSDT+0.00%, XRPUSDT-0.00%
-----
           BTCUSDT ETHUSDT XRPUSDT
w_target     -4.2%    0.0%   -4.2%
rt_14h30     0.00%  -0.00%   0.01%
w_target_f   -0.0%    0.0%   -0.0%
2024-09-24 22:30:56,650
Portfolio was rebalanced less than 2 hours ago, 1.0 hours ago
2024-09-24 22:30:56,652
Status: prev = SHORT <> LONG = target
2024-09-24 22:30:56,652
the strat is currently running @ 24-09-2024 and the target positions is SHORT
the strat was previously run @ 2024-09-24 21:30:35, success:? 
   and the current positions is LONG
2024-09-24 22:30:57,862
positions_future #2
2024-09-24 22:30:57,874
      symbol  positionAmt entryPrice  ... adlQuantile AUMs_account        w%
181  ETHUSDT        0.018    2649.24  ...           1        294.1  0.162471
143  XRPUSDT      -20.500     0.5849  ...           1        294.1 -0.041223

[2 rows x 12 columns]
2024-09-24 22:30:58,131
------------------------------
binance_account_balance
2024-09-24 22:30:58,131
  asset     balance  ...  marginAvailable   updateTime
4  USDT  294.174101  ...             True  24Sep-20:30

[1 rows x 8 columns]
2024-09-24 22:30:58,802
------------------------------
open_orders
2024-09-24 22:30:58,802
Empty DataFrame
Columns: []
Index: []
2024-09-24 22:30:59,457
------------------------------
AUMS account:294

2024-09-24 22:30:59,458
--------------- compute_futures_order_book() ----------------
2024-09-24 22:31:01,014
----------------------------------------------------------------------
#2 order(s) to place
gross$: 60$ | net$: -36$
gross%: 20% | net%: -12%
 || w>0%  +4% | w<0%  -16%
----------------------------------------------------------------------
PTF Expo% 12.2% >> 0.0% (current>>target)
PTF expo $36.0 >> $0 (current>>target)
----------------------------------------------------------------------
2024-09-24 22:31:01,015
orders_ofthe_day
2024-09-24 22:31:01,015
                  ptf_usd  target_usd  totrd_usd  ...        bid        ask strategy
2024-09-24 22:31                                  ...                               
ETHUSDT              48.0         0.0      -48.0  ...  2654.9400  2654.9500  STRATON
XRPUSDT             -12.0        -0.0       12.0  ...     0.5913     0.5914  STRATON

[2 rows x 10 columns]
2024-09-24 22:31:02,632
binance_place_orders_peg 20240924_223102
2024-09-24 22:31:03,074
{'orderId': 8389765737332604916, 'symbol': 'ETHUSDT', 'status': 'NEW', 'clientOrderId': 'STRATON', 'price': '2656.28', 'avgPrice': '0.00', 'origQty': '0.018', 'executedQty': '0.000', 'cumQty': '0.000', 'cumQuote': '0.00000', 'timeInForce': 'GTC', 'type': 'LIMIT', 'reduceOnly': True, 'closePosition': False, 'side': 'SELL', 'positionSide': 'BOTH', 'stopPrice': '0.00', 'workingType': 'CONTRACT_PRICE', 'priceProtect': False, 'origType': 'LIMIT', 'priceMatch': 'NONE', 'selfTradePreventionMode': 'NONE', 'goodTillDate': 0, 'updateTime': 1727217062961}
2024-09-24 22:31:03,513
{'orderId': 66277992669, 'symbol': 'XRPUSDT', 'status': 'NEW', 'clientOrderId': 'STRATON', 'price': '0.5910', 'avgPrice': '0.00', 'origQty': '20.5', 'executedQty': '0.0', 'cumQty': '0.0', 'cumQuote': '0.00000', 'timeInForce': 'GTC', 'type': 'LIMIT', 'reduceOnly': True, 'closePosition': False, 'side': 'BUY', 'positionSide': 'BOTH', 'stopPrice': '0.0000', 'workingType': 'CONTRACT_PRICE', 'priceProtect': False, 'origType': 'LIMIT', 'priceMatch': 'NONE', 'selfTradePreventionMode': 'NONE', 'goodTillDate': 0, 'updateTime': 1727217063403}
2024-09-24 22:31:05,099
update 0: filled 0 / 2 () | working 2 / 2 (-ETHUSDT,+XRPUSDT)
2024-09-24 22:31:09,100
-ETHUSDT: bp5.0|+XRPUSDT: bp7.0|
2024-09-24 22:31:09,975
update 1: filled 0 / 2 () | working 2 / 2 (-ETHUSDT,+XRPUSDT)
2024-09-24 22:31:13,975
-ETHUSDT: bp5.0|+XRPUSDT: bp7.0|
2024-09-24 22:31:14,852
update 2: filled 0 / 2 () | working 2 / 2 (-ETHUSDT,+XRPUSDT)
2024-09-24 22:31:18,853
-ETHUSDT: bp5.0|+XRPUSDT: bp5.0|
2024-09-24 22:31:19,729
update 3: filled 0 / 2 () | working 2 / 2 (-ETHUSDT,+XRPUSDT)
2024-09-24 22:31:23,730
-ETHUSDT: bp5.0|+XRPUSDT: bp5.0|
2024-09-24 22:31:24,608
update 4: filled 0 / 2 () | working 2 / 2 (-ETHUSDT,+XRPUSDT)
2024-09-24 22:31:28,608
-ETHUSDT: bp5.0|+XRPUSDT: bp3.0|
2024-09-24 22:31:29,483
update 5: filled 0 / 2 () | working 2 / 2 (-ETHUSDT,+XRPUSDT)
2024-09-24 22:31:33,483
-ETHUSDT: bp4.0|+XRPUSDT: bp7.0|
2024-09-24 22:31:34,361
update 6: filled 0 / 2 () | working 2 / 2 (-ETHUSDT,+XRPUSDT)
2024-09-24 22:31:38,362
-ETHUSDT: bp4.0|+XRPUSDT: bp5.0|
2024-09-24 22:31:39,235
update 7: filled 0 / 2 () | working 2 / 2 (-ETHUSDT,+XRPUSDT)
2024-09-24 22:31:43,236
-ETHUSDT: bp8.0|+XRPUSDT: bp5.0|
2024-09-24 22:31:44,110
update 8: filled 0 / 2 () | working 2 / 2 (-ETHUSDT,+XRPUSDT)
2024-09-24 22:31:48,111
-ETHUSDT: bp4.0|+XRPUSDT: bp5.0|
2024-09-24 22:31:48,988
update 9: filled 1 / 2 (-ETHUSDT) | working 1 / 2 (+XRPUSDT)
2024-09-24 22:31:52,989
+XRPUSDT: bp7.0|
2024-09-24 22:31:53,865
update 10: filled 1 / 2 (-ETHUSDT) | working 1 / 2 (+XRPUSDT)
2024-09-24 22:31:57,866
+XRPUSDT: bp7.0|
2024-09-24 22:31:58,741
update 11: filled 1 / 2 (-ETHUSDT) | working 1 / 2 (+XRPUSDT)
2024-09-24 22:32:02,742
+XRPUSDT: bp8.0|
2024-09-24 22:32:03,617
update 12: filled 1 / 2 (-ETHUSDT) | working 1 / 2 (+XRPUSDT)
2024-09-24 22:32:07,618
+XRPUSDT: bp10.0|
2024-09-24 22:32:08,507
update 13: filled 1 / 2 (-ETHUSDT) | working 1 / 2 (+XRPUSDT)
2024-09-24 22:32:12,508
+XRPUSDT: bp8.0|
2024-09-24 22:32:13,386
update 14: filled 1 / 2 (-ETHUSDT) | working 1 / 2 (+XRPUSDT)
2024-09-24 22:32:17,387
+XRPUSDT: bp10.0|
2024-09-24 22:32:17,387
Adjustment limit #1 ... 
 we cancel current orders and replace
2024-09-24 22:32:17,387
@+/-2.5bp limit 
2024-09-24 22:32:17,387
binance_cancel_and_replace_orders_peg 20240924_223217
2024-09-24 22:32:18,934
binance_place_orders_peg 20240924_223218
