2023-07-27 03:01:06,336
ON program started 20230727 03:01:06,
US time: 20230726 23:01:06
2023-07-27 03:01:06,713
the strat is currently running @ 27-07-2023 and the target positions is NEUTRAL
2023-07-27 03:01:08,051
CURRENT STATUS IS NEUTRAL
-----
return before 14h30:
BTCUSDT+0.00%, ETHUSDT+0.00%, XRPUSDT+0.00%
-----
target alloc initial:BTCUSDT+0.00%, ETHUSDT+0.00%, XRPUSDT+0.00%
-----
alloc target x rt%<0:BTCUSDT+0.00%, ETHUSDT+0.00%, XRPUSDT+0.00%
-----
           BTCUSDT ETHUSDT XRPUSDT
w_target      0.0%    0.0%    0.0%
rt_14h30     0.00%   0.00%   0.00%
w_target_f    0.0%    0.0%    0.0%
2023-07-27 03:01:08,053
Portfolio was rebalanced less than 2 hours ago, 14.5 hours ago
2023-07-27 03:01:08,056
Status: prev = NEUTRAL <> NEUTRAL = target
2023-07-27 03:01:08,056
the strat is currently running @ 27-07-2023 and the target positions is NEUTRAL
the strat was previously run @ 2023-07-25 12:30:37 UTC, success:yes 
   and the current positions is NEUTRAL
2023-07-27 03:01:09,149
positions_future #0
2023-07-27 03:01:09,149
Empty DataFrame
Columns: [symbol, positionAmt, entryPrice, markPrice, unRealizedProfit, value_usd, updateTime, AUMs_account, w%]
Index: []
2023-07-27 03:01:09,151
programm stoppeddd!!! 20230727_030109
