2024-03-26 03:31:12,727
ON program started 20240326 03:31:12,
US time: 20240325 23:31:12
2024-03-26 03:31:13,761
the strat is currently running @ 26-03-2024 and the target positions is NEUTRAL
2024-03-26 03:31:15,206
CURRENT STATUS IS NEUTRAL
-----
return before 14h30:
BTCUSDT+0.86%, ETHUSDT+0.99%, XRPUSDT+0.56%
-----
target alloc initial:BTCUSDT+0.00%, ETHUSDT+0.00%, XRPUSDT+0.00%
-----
alloc target x rt%<0:BTCUSDT+0.00%, ETHUSDT+0.00%, XRPUSDT+0.00%
-----
           BTCUSDT ETHUSDT XRPUSDT
w_target      0.0%    0.0%    0.0%
rt_14h30     0.01%   0.01%   0.01%
w_target_f    0.0%    0.0%    0.0%
2024-03-26 03:31:15,208
Portfolio was rebalanced less than 2 hours ago, 1.0 hours ago
2024-03-26 03:31:15,211
Status: prev = NEUTRAL <> NEUTRAL = target
2024-03-26 03:31:15,211
the strat is currently running @ 26-03-2024 and the target positions is NEUTRAL
the strat was previously run @ 2024-03-26 02:30:47, success:? 
   and the current positions is NEUTRAL
2024-03-26 03:31:16,461
positions_future #0
2024-03-26 03:31:16,461
Empty DataFrame
Columns: [symbol, positionAmt, entryPrice, breakEvenPrice, markPrice, unRealizedProfit, value_usd, updateTime, isolated, adlQuantile, AUMs_account, w%]
Index: []
2024-03-26 03:31:16,686
------------------------------
binance_account_balance
2024-03-26 03:31:16,686
  asset     balance  ...  marginAvailable   updateTime
6  USDT  289.354498  ...             True  26Mar-02:32

[1 rows x 8 columns]
2024-03-26 03:31:16,927
------------------------------
open_orders
2024-03-26 03:31:16,927
Empty DataFrame
Columns: []
Index: []
2024-03-26 03:31:17,584
------------------------------
AUMS account:289

2024-03-26 03:31:17,587
--------------- compute_futures_order_book() ----------------
2024-03-26 03:31:19,179
----------------------------------------------------------------------
#0 order(s) to place
gross$: 0$ | net$: +0$
gross%: 0% | net%: +0%
 || w>0%  +0% | w<0%  0%
----------------------------------------------------------------------
PTF Expo% 0.0% >> 0.0% (current>>target)
PTF expo $0.0 >> $0 (current>>target)
----------------------------------------------------------------------
2024-03-26 03:31:19,182
orders_ofthe_day
2024-03-26 03:31:19,182
Empty DataFrame
Columns: [ptf_usd, target_usd, totrd_usd, posttrd_usd, qty, posttrd_qty, posttrd_w, bid, ask, strategy]
Index: []
2024-03-26 03:31:19,275
Orders of the day is empty, current and target potfolios are aligned
2024-03-26 03:31:19,275
Program stopped
