2024-01-14 00:30:57,976
ON program started 20240114 00:30:57,
US time: 20240113 19:30:57
2024-01-14 00:30:59,133
the strat is currently running @ 14-01-2024 and the target positions is SHORT
2024-01-14 00:31:00,551
CURRENT STATUS IS SHORT, WE CHECK IF THE DAY IS A NEGATIVE ONE
-----
return before 14h30:
BTCUSDT+0.00%, ETHUSDT+0.00%, XRPUSDT+0.00%
-----
target alloc initial:BTCUSDT-4.17%, ETHUSDT+0.00%, XRPUSDT-4.17%
-----
alloc target x rt%<0:BTCUSDT-0.00%, ETHUSDT+0.00%, XRPUSDT-0.00%
-----
           BTCUSDT ETHUSDT XRPUSDT
w_target     -4.2%    0.0%   -4.2%
rt_14h30     0.00%   0.00%   0.00%
w_target_f   -0.0%    0.0%   -0.0%
2024-01-14 00:31:00,553
Portfolio was rebalanced less than 2 hours ago, 1.0 hours ago
2024-01-14 00:31:00,557
Status: prev = SHORT <> SHORT = target
2024-01-14 00:31:00,557
the strat is currently running @ 14-01-2024 and the target positions is SHORT
the strat was previously run @ 2024-01-13 23:30:59 UTC, success:? 
   and the current positions is SHORT
2024-01-14 00:31:01,802
positions_future #0
2024-01-14 00:31:01,803
Empty DataFrame
Columns: [symbol, positionAmt, entryPrice, breakEvenPrice, markPrice, unRealizedProfit, value_usd, updateTime, isolated, adlQuantile, AUMs_account, w%]
Index: []
2024-01-14 00:31:02,030
------------------------------
binance_account_balance
2024-01-14 00:31:02,031
  asset     balance  ...  marginAvailable   updateTime
5  USDT  290.554186  ...             True  13Jan-23:34

[1 rows x 8 columns]
2024-01-14 00:31:02,273
------------------------------
open_orders
2024-01-14 00:31:02,273
Empty DataFrame
Columns: []
Index: []
2024-01-14 00:31:02,937
------------------------------
AUMS account:290

2024-01-14 00:31:02,939
--------------- compute_futures_order_book() ----------------
2024-01-14 00:31:04,518
----------------------------------------------------------------------
#0 order(s) to place
gross$: 0$ | net$: +0$
gross%: 0% | net%: +0%
 || w>0%  +0% | w<0%  0%
----------------------------------------------------------------------
PTF Expo% 0.0% >> 0.0% (current>>target)
PTF expo $0.0 >> $0 (current>>target)
----------------------------------------------------------------------
2024-01-14 00:31:04,519
orders_ofthe_day
2024-01-14 00:31:04,519
Empty DataFrame
Columns: [ptf_usd, target_usd, totrd_usd, posttrd_usd, qty, posttrd_qty, posttrd_w, bid, ask, strategy]
Index: []
2024-01-14 00:31:04,623
Orders of the day is empty, current and target potfolios are aligned
2024-01-14 00:31:04,623
Program stopped
