2024-07-30 03:30:37,525
ON program started 20240730 03:30:37,
US time: 20240729 23:30:37
2024-07-30 03:30:37,993
the strat is currently running @ 30-07-2024 and the target positions is NEUTRAL
2024-07-30 03:30:40,885
CURRENT STATUS IS NEUTRAL
-----
return before 14h30:
BTCUSDT-0.30%, ETHUSDT-0.03%, XRPUSDT-0.23%
-----
target alloc initial:BTCUSDT+0.00%, ETHUSDT+0.00%, XRPUSDT+0.00%
-----
alloc target x rt%<0:BTCUSDT+0.00%, ETHUSDT+0.00%, XRPUSDT+0.00%
-----
           BTCUSDT ETHUSDT XRPUSDT
w_target      0.0%    0.0%    0.0%
rt_14h30    -0.00%  -0.00%  -0.00%
w_target_f    0.0%    0.0%    0.0%
2024-07-30 03:30:40,887
Portfolio was rebalanced less than 2 hours ago, 1.0 hours ago
2024-07-30 03:30:40,888
Status: prev = NEUTRAL <> NEUTRAL = target
2024-07-30 03:30:40,889
the strat is currently running @ 30-07-2024 and the target positions is NEUTRAL
the strat was previously run @ 2024-07-30 02:31:06, success:yes 
   and the current positions is NEUTRAL
2024-07-30 03:30:42,037
positions_future #0
2024-07-30 03:30:42,037
Empty DataFrame
Columns: [symbol, positionAmt, entryPrice, breakEvenPrice, markPrice, unRealizedProfit, value_usd, updateTime, isolated, adlQuantile, AUMs_account, w%]
Index: []
2024-07-30 03:30:42,116
programm stoppeddd!!! 20240730_033042
