2023-12-22 04:30:46,067
ON program started 20231222 04:30:46,
US time: 20231221 23:30:46
2023-12-22 04:30:46,554
the strat is currently running @ 22-12-2023 and the target positions is NEUTRAL
2023-12-22 04:30:47,956
CURRENT STATUS IS NEUTRAL
-----
return before 14h30:
BTCUSDT+0.00%, ETHUSDT+0.00%, XRPUSDT+0.00%
-----
target alloc initial:BTCUSDT+0.00%, ETHUSDT+0.00%, XRPUSDT+0.00%
-----
alloc target x rt%<0:BTCUSDT+0.00%, ETHUSDT+0.00%, XRPUSDT+0.00%
-----
           BTCUSDT ETHUSDT XRPUSDT
w_target      0.0%    0.0%    0.0%
rt_14h30     0.00%   0.00%   0.00%
w_target_f    0.0%    0.0%    0.0%
2023-12-22 04:30:47,957
Portfolio was rebalanced less than 2 hours ago, 1.0 hours ago
2023-12-22 04:30:47,960
Status: prev = NEUTRAL <> NEUTRAL = target
2023-12-22 04:30:47,960
the strat is currently running @ 22-12-2023 and the target positions is NEUTRAL
the strat was previously run @ 2023-12-22 03:31:25 UTC, success:yes 
   and the current positions is NEUTRAL
2023-12-22 04:30:49,200
positions_future #0
2023-12-22 04:30:49,200
Empty DataFrame
Columns: [symbol, positionAmt, entryPrice, breakEvenPrice, markPrice, unRealizedProfit, value_usd, updateTime, isolated, adlQuantile, AUMs_account, w%]
Index: []
2023-12-22 04:30:49,322
programm stoppeddd!!! 20231222_043049
