2023-12-20 21:31:10,632
ON program started 20231220 21:31:10,
US time: 20231220 16:31:10
2023-12-20 21:31:11,128
the strat is currently running @ 20-12-2023 and the target positions is LONG
2023-12-20 21:31:12,554
CURRENT STATUS IS LONG
-----
return before 14h30:
BTCUSDT+3.11%, ETHUSDT+0.52%, XRPUSDT+2.21%
-----
target alloc initial:BTCUSDT+16.67%, ETHUSDT+16.67%, XRPUSDT+16.67%
-----
alloc target x rt%<0:BTCUSDT+16.67%, ETHUSDT+16.67%, XRPUSDT+16.67%
-----
           BTCUSDT ETHUSDT XRPUSDT
w_target     16.7%   16.7%   16.7%
rt_14h30     0.03%   0.01%   0.02%
w_target_f   16.7%   16.7%   16.7%
2023-12-20 21:31:12,556
Portfolio was rebalanced less than 2 hours ago, 1.0 hours ago
2023-12-20 21:31:12,559
Status: prev = LONG <> LONG = target
2023-12-20 21:31:12,559
the strat is currently running @ 20-12-2023 and the target positions is LONG
the strat was previously run @ 2023-12-20 20:30:46 UTC, success:yes 
   and the current positions is LONG
2023-12-20 21:31:13,794
positions_future #2
2023-12-20 21:31:13,794
      symbol  positionAmt entryPrice  ... adlQuantile AUMs_account        w%
108  XRPUSDT       78.500     0.6238  ...           1        290.9  0.166703
135  ETHUSDT        0.022    2217.58  ...           1        290.9  0.165542

[2 rows x 12 columns]
2023-12-20 21:31:13,886
programm stoppeddd!!! 20231220_213113
