2024-03-13 22:30:35,020
ON program started 20240313 22:30:34,
US time: 20240313 18:30:35
2024-03-13 22:30:35,505
the strat is currently running @ 13-03-2024 and the target positions is SHORT
2024-03-13 22:30:37,455
CURRENT STATUS IS SHORT, WE CHECK IF THE DAY IS A NEGATIVE ONE
-----
return before 14h30:
BTCUSDT+1.02%, ETHUSDT-0.09%, XRPUSDT-1.74%
-----
target alloc initial:BTCUSDT-4.17%, ETHUSDT+0.00%, XRPUSDT-4.17%
-----
alloc target x rt%<0:BTCUSDT-0.00%, ETHUSDT+0.00%, XRPUSDT-4.17%
-----
           BTCUSDT ETHUSDT XRPUSDT
w_target     -4.2%    0.0%   -4.2%
rt_14h30     0.01%  -0.00%  -0.02%
w_target_f   -0.0%    0.0%   -4.2%
2024-03-13 22:30:37,457
Portfolio was rebalanced less than 2 hours ago, 1.0 hours ago
2024-03-13 22:30:37,458
Status: prev = SHORT <> LONG = target
2024-03-13 22:30:37,458
the strat is currently running @ 13-03-2024 and the target positions is SHORT
the strat was previously run @ 2024-03-13 21:30:42, success:yes 
   and the current positions is LONG
2024-03-13 22:30:38,668
positions_future #2
2024-03-13 22:30:38,668
      symbol  positionAmt entryPrice  ... adlQuantile AUMs_account        w%
124  XRPUSDT       69.800     0.6871  ...           1        287.3  0.166614
155  ETHUSDT        0.012    3992.24  ...           1        287.3  0.166541

[2 rows x 12 columns]
2024-03-13 22:30:38,911
------------------------------
binance_account_balance
2024-03-13 22:30:38,911
  asset     balance  ...  marginAvailable   updateTime
6  USDT  287.482166  ...             True  13Mar-18:32

[1 rows x 8 columns]
2024-03-13 22:30:39,588
------------------------------
open_orders
2024-03-13 22:30:39,588
Empty DataFrame
Columns: []
Index: []
2024-03-13 22:30:40,258
------------------------------
AUMS account:287

2024-03-13 22:30:40,259
--------------- compute_futures_order_book() ----------------
2024-03-13 22:30:41,833
----------------------------------------------------------------------
#2 order(s) to place
gross$: 108$ | net$: -108$
gross%: 38% | net%: -38%
 || w>0%  +0% | w<0%  -38%
----------------------------------------------------------------------
PTF Expo% 33.4% >> -4.1% (current>>target)
PTF expo $96.0 >> $-11 (current>>target)
----------------------------------------------------------------------
2024-03-13 22:30:41,835
orders_ofthe_day
2024-03-13 22:30:41,835
                  ptf_usd  target_usd  totrd_usd  ...        bid       ask strategy
2024-03-13 22:30                                  ...                              
XRPUSDT              48.0      -11.98      -60.0  ...     0.6859     0.686  STRATON
ETHUSDT              48.0        0.00      -48.0  ...  3988.0700  3988.080  STRATON

[2 rows x 10 columns]
2024-03-13 22:30:43,054
binance_place_orders_peg 20240313_223043
2024-03-13 22:30:43,499
{'orderId': 52367404518, 'symbol': 'XRPUSDT', 'status': 'NEW', 'clientOrderId': 'STRATON', 'price': '0.6863', 'avgPrice': '0.00', 'origQty': '87.5', 'executedQty': '0.0', 'cumQty': '0.0', 'cumQuote': '0.00000', 'timeInForce': 'GTC', 'type': 'LIMIT', 'reduceOnly': False, 'closePosition': False, 'side': 'SELL', 'positionSide': 'BOTH', 'stopPrice': '0.0000', 'workingType': 'CONTRACT_PRICE', 'priceProtect': False, 'origType': 'LIMIT', 'priceMatch': 'NONE', 'selfTradePreventionMode': 'NONE', 'goodTillDate': 0, 'updateTime': 1710369043385}
2024-03-13 22:30:43,946
{'orderId': 8389765661660168220, 'symbol': 'ETHUSDT', 'status': 'NEW', 'clientOrderId': 'STRATON', 'price': '3990.07', 'avgPrice': '0.00', 'origQty': '0.012', 'executedQty': '0.000', 'cumQty': '0.000', 'cumQuote': '0.00000', 'timeInForce': 'GTC', 'type': 'LIMIT', 'reduceOnly': False, 'closePosition': False, 'side': 'SELL', 'positionSide': 'BOTH', 'stopPrice': '0.00', 'workingType': 'CONTRACT_PRICE', 'priceProtect': False, 'origType': 'LIMIT', 'priceMatch': 'NONE', 'selfTradePreventionMode': 'NONE', 'goodTillDate': 0, 'updateTime': 1710369043829}
2024-03-13 22:30:45,525
update 0: filled 0 / 2 () | working 2 / 2 (-XRPUSDT,-ETHUSDT)
2024-03-13 22:30:49,526
-XRPUSDT: bp4.0|-ETHUSDT: bp5.0|
2024-03-13 22:30:50,412
update 1: filled 0 / 2 () | working 2 / 2 (-XRPUSDT,-ETHUSDT)
2024-03-13 22:30:54,412
-XRPUSDT: bp6.0|-ETHUSDT: bp5.0|
2024-03-13 22:30:55,296
update 2: filled 0 / 2 () | working 2 / 2 (-XRPUSDT,-ETHUSDT)
2024-03-13 22:30:59,297
-XRPUSDT: bp6.0|-ETHUSDT: bp5.0|
2024-03-13 22:31:00,182
update 3: filled 0 / 2 () | working 2 / 2 (-XRPUSDT,-ETHUSDT)
2024-03-13 22:31:04,183
-XRPUSDT: bp6.0|-ETHUSDT: bp5.0|
2024-03-13 22:31:05,071
update 4: filled 0 / 2 () | working 2 / 2 (-XRPUSDT,-ETHUSDT)
2024-03-13 22:31:09,072
-XRPUSDT: bp4.0|-ETHUSDT: bp5.0|
2024-03-13 22:31:09,957
update 5: filled 0 / 2 () | working 2 / 2 (-XRPUSDT,-ETHUSDT)
2024-03-13 22:31:13,957
-XRPUSDT: bp1.0|-ETHUSDT: bp2.0|
2024-03-13 22:31:14,842
update 6: filled 1 / 2 (-ETHUSDT) | working 1 / 2 (-XRPUSDT)
2024-03-13 22:31:18,843
-XRPUSDT: bp0.0|
2024-03-13 22:31:19,725
update 7: filled 1 / 2 (-ETHUSDT) | working 1 / 2 (-XRPUSDT)
2024-03-13 22:31:23,726
-XRPUSDT: bp0.0|
2024-03-13 22:31:24,605
update 8: filled 1 / 2 (-ETHUSDT) | working 1 / 2 (-XRPUSDT)
2024-03-13 22:31:28,606
-XRPUSDT: bp1.0|
2024-03-13 22:31:29,485
update 9: filled 1 / 2 (-ETHUSDT) | working 1 / 2 (-XRPUSDT)
2024-03-13 22:31:33,486
-XRPUSDT: bp1.0|
2024-03-13 22:31:34,370
update 10: filled 1 / 2 (-ETHUSDT) | working 1 / 2 (-XRPUSDT)
2024-03-13 22:31:38,371
-XRPUSDT: bp3.0|
2024-03-13 22:31:39,251
update 11: filled 1 / 2 (-ETHUSDT) | working 1 / 2 (-XRPUSDT)
2024-03-13 22:31:43,251
-XRPUSDT: bp3.0|
2024-03-13 22:31:44,131
update 12: filled 1 / 2 (-ETHUSDT) | working 1 / 2 (-XRPUSDT)
2024-03-13 22:31:48,131
-XRPUSDT: bp3.0|
2024-03-13 22:31:49,017
update 13: filled 1 / 2 (-ETHUSDT) | working 1 / 2 (-XRPUSDT)
2024-03-13 22:31:53,017
-XRPUSDT: bp3.0|
2024-03-13 22:31:53,897
update 14: filled 1 / 2 (-ETHUSDT) | working 1 / 2 (-XRPUSDT)
2024-03-13 22:31:57,898
-XRPUSDT: bp3.0|
2024-03-13 22:31:57,898
Adjustment limit #1 ... 
 we cancel current orders and replace
2024-03-13 22:31:57,898
@+/-2.5bp limit 
2024-03-13 22:31:57,898
binance_cancel_and_replace_orders_peg 20240313_223157
2024-03-13 22:31:59,451
binance_place_orders_peg 20240313_223159
2024-03-13 22:31:59,893
{'orderId': 52367454788, 'symbol': 'XRPUSDT', 'status': 'NEW', 'clientOrderId': 'STRATON', 'price': '0.6863', 'avgPrice': '0.00', 'origQty': '87.5', 'executedQty': '0.0', 'cumQty': '0.0', 'cumQuote': '0.00000', 'timeInForce': 'GTC', 'type': 'LIMIT', 'reduceOnly': False, 'closePosition': False, 'side': 'SELL', 'positionSide': 'BOTH', 'stopPrice': '0.0000', 'workingType': 'CONTRACT_PRICE', 'priceProtect': False, 'origType': 'LIMIT', 'priceMatch': 'NONE', 'selfTradePreventionMode': 'NONE', 'goodTillDate': 0, 'updateTime': 1710369119781}
2024-03-13 22:32:00,784
update 0: filled 1 / 2 (-ETHUSDT) | working 1 / 2 (-XRPUSDT)
2024-03-13 22:32:04,785
-XRPUSDT: bp3.0|
2024-03-13 22:32:05,667
update 1: filled 1 / 2 (-ETHUSDT) | working 1 / 2 (-XRPUSDT)
2024-03-13 22:32:09,667
-XRPUSDT: bp3.0|
2024-03-13 22:32:10,550
update 2: filled 1 / 2 (-ETHUSDT) | working 1 / 2 (-XRPUSDT)
2024-03-13 22:32:14,551
-XRPUSDT: bp1.0|
2024-03-13 22:32:15,433
update 3: filled 1 / 2 (-ETHUSDT) | working 1 / 2 (-XRPUSDT)
2024-03-13 22:32:19,434
-XRPUSDT: bp3.0|
2024-03-13 22:32:20,313
update 4: filled 1 / 2 (-ETHUSDT) | working 1 / 2 (-XRPUSDT)
2024-03-13 22:32:24,314
-XRPUSDT: bp3.0|
2024-03-13 22:32:25,199
update 5: filled 1 / 2 (-ETHUSDT) | working 1 / 2 (-XRPUSDT)
2024-03-13 22:32:29,200
-XRPUSDT: bp4.0|
2024-03-13 22:32:30,079
update 6: filled 1 / 2 (-ETHUSDT) | working 1 / 2 (-XRPUSDT)
2024-03-13 22:32:34,080
-XRPUSDT: bp6.0|
2024-03-13 22:32:34,967
update 7: filled 1 / 2 (-ETHUSDT) | working 1 / 2 (-XRPUSDT)
2024-03-13 22:32:38,968
-XRPUSDT: bp35.0|
2024-03-13 22:32:39,847
update 8: filled 1 / 2 (-ETHUSDT) | working 1 / 2 (-XRPUSDT)
2024-03-13 22:32:43,848
-XRPUSDT: bp29.0|
2024-03-13 22:32:44,728
update 9: filled 1 / 2 (-ETHUSDT) | working 1 / 2 (-XRPUSDT)
2024-03-13 22:32:48,729
-XRPUSDT: bp31.0|
2024-03-13 22:32:49,608
update 10: filled 1 / 2 (-ETHUSDT) | working 1 / 2 (-XRPUSDT)
2024-03-13 22:32:53,611
-XRPUSDT: bp28.0|
2024-03-13 22:32:54,494
update 11: filled 1 / 2 (-ETHUSDT) | working 1 / 2 (-XRPUSDT)
2024-03-13 22:32:58,495
-XRPUSDT: bp28.0|
2024-03-13 22:32:59,374
update 12: filled 1 / 2 (-ETHUSDT) | working 1 / 2 (-XRPUSDT)
2024-03-13 22:33:03,375
-XRPUSDT: bp28.0|
2024-03-13 22:33:04,258
update 13: filled 1 / 2 (-ETHUSDT) | working 1 / 2 (-XRPUSDT)
2024-03-13 22:33:08,258
-XRPUSDT: bp37.0|
2024-03-13 22:33:09,146
update 14: filled 1 / 2 (-ETHUSDT) | working 1 / 2 (-XRPUSDT)
2024-03-13 22:33:13,147
-XRPUSDT: bp35.0|
2024-03-13 22:33:13,147
Adjustment limit #2 ... 
 we cancel current orders and replace
2024-03-13 22:33:13,147
@+/-1.25bp limit 
2024-03-13 22:33:13,147
binance_cancel_and_replace_orders_peg 20240313_223313
2024-03-13 22:33:14,701
binance_place_orders_peg 20240313_223314
2024-03-13 22:33:15,142
{'orderId': 52367514681, 'symbol': 'XRPUSDT', 'status': 'NEW', 'clientOrderId': 'STRATON', 'price': '0.6842', 'avgPrice': '0.00', 'origQty': '87.5', 'executedQty': '0.0', 'cumQty': '0.0', 'cumQuote': '0.00000', 'timeInForce': 'GTC', 'type': 'LIMIT', 'reduceOnly': False, 'closePosition': False, 'side': 'SELL', 'positionSide': 'BOTH', 'stopPrice': '0.0000', 'workingType': 'CONTRACT_PRICE', 'priceProtect': False, 'origType': 'LIMIT', 'priceMatch': 'NONE', 'selfTradePreventionMode': 'NONE', 'goodTillDate': 0, 'updateTime': 1710369195031}
2024-03-13 22:33:16,033
update 0: filled 1 / 2 (-ETHUSDT) | working 1 / 2 (-XRPUSDT)
2024-03-13 22:33:20,034
-XRPUSDT: bp3.0|
2024-03-13 22:33:20,913
update 1: filled 1 / 2 (-ETHUSDT) | working 1 / 2 (-XRPUSDT)
2024-03-13 22:33:24,914
-XRPUSDT: bp1.0|
2024-03-13 22:33:25,795
update 2: filled 1 / 2 (-ETHUSDT) | working 1 / 2 (-XRPUSDT)
2024-03-13 22:33:29,796
-XRPUSDT: bp0.0|
2024-03-13 22:33:30,674
update 3: filled 1 / 2 (-ETHUSDT) | working 1 / 2 (-XRPUSDT)
2024-03-13 22:33:34,675
-XRPUSDT: bp1.0|
2024-03-13 22:33:35,557
update 4: filled 1 / 2 (-ETHUSDT) | working 1 / 2 (-XRPUSDT)
2024-03-13 22:33:39,558
-XRPUSDT: bp0.0|
2024-03-13 22:33:40,436
update 5: filled 1 / 2 (-ETHUSDT) | working 1 / 2 (-XRPUSDT)
2024-03-13 22:33:44,437
-XRPUSDT: bp1.0|
2024-03-13 22:33:45,318
update 6: filled 1 / 2 (-ETHUSDT) | working 1 / 2 (-XRPUSDT)
2024-03-13 22:33:49,319
-XRPUSDT: bp3.0|
2024-03-13 22:33:50,204
update 7: filled 1 / 2 (-ETHUSDT) | working 1 / 2 (-XRPUSDT)
2024-03-13 22:33:54,205
-XRPUSDT: bp3.0|
2024-03-13 22:33:55,083
update 8: filled 1 / 2 (-ETHUSDT) | working 1 / 2 (-XRPUSDT)
2024-03-13 22:33:59,084
-XRPUSDT: bp3.0|
2024-03-13 22:33:59,966
update 9: filled 1 / 2 (-ETHUSDT) | working 1 / 2 (-XRPUSDT)
2024-03-13 22:34:03,967
-XRPUSDT: bp4.0|
2024-03-13 22:34:04,853
update 10: filled 1 / 2 (-ETHUSDT) | working 1 / 2 (-XRPUSDT)
2024-03-13 22:34:08,854
-XRPUSDT: bp4.0|
2024-03-13 22:34:09,735
update 11: filled 1 / 2 (-ETHUSDT) | working 1 / 2 (-XRPUSDT)
2024-03-13 22:34:13,735
-XRPUSDT: bp4.0|
2024-03-13 22:34:14,615
update 12: filled 1 / 2 (-ETHUSDT) | working 1 / 2 (-XRPUSDT)
2024-03-13 22:34:18,616
-XRPUSDT: bp1.0|
2024-03-13 22:34:19,496
update 13: filled 1 / 2 (-ETHUSDT) | working 1 / 2 (-XRPUSDT)
2024-03-13 22:34:23,497
-XRPUSDT: bp1.0|
2024-03-13 22:34:24,377
update 14: filled 1 / 2 (-ETHUSDT) | working 1 / 2 (-XRPUSDT)
2024-03-13 22:34:28,378
-XRPUSDT: bp1.0|
2024-03-13 22:34:28,378
Adjustment limit #3 ... 
 we cancel current orders and replace
2024-03-13 22:34:28,378
@+/-0.625bp limit 
2024-03-13 22:34:28,378
binance_cancel_and_replace_orders_peg 20240313_223428
2024-03-13 22:34:29,933
binance_place_orders_peg 20240313_223429
2024-03-13 22:34:30,378
{'orderId': 52367551889, 'symbol': 'XRPUSDT', 'status': 'NEW', 'clientOrderId': 'STRATON', 'price': '0.6839', 'avgPrice': '0.00', 'origQty': '87.5', 'executedQty': '0.0', 'cumQty': '0.0', 'cumQuote': '0.00000', 'timeInForce': 'GTC', 'type': 'LIMIT', 'reduceOnly': False, 'closePosition': False, 'side': 'SELL', 'positionSide': 'BOTH', 'stopPrice': '0.0000', 'workingType': 'CONTRACT_PRICE', 'priceProtect': False, 'origType': 'LIMIT', 'priceMatch': 'NONE', 'selfTradePreventionMode': 'NONE', 'goodTillDate': 0, 'updateTime': 1710369270263}
2024-03-13 22:34:31,265
update 0: filled 1 / 2 (-ETHUSDT) | working 1 / 2 (-XRPUSDT)
2024-03-13 22:34:35,266
-XRPUSDT: bp1.0|
2024-03-13 22:34:36,144
update 1: filled 2 / 2 (-ETHUSDT,-XRPUSDT) | working 0 / 2 ()
2024-03-13 22:34:42,596
Trades of the day
in$
as of: 13Mar 22:31>>22:34 (#trades: 2)
trade net: -108.0 (-37.6%), trade gross: +108.0 (+37.6%), BUY: +0.0 (+0.0%), SELL: -108.0 (-37.6%)
fees: $ 0.022 (2.0bp)
2024-03-13 22:34:43,052
Trades: 
Filled #2
______________________________________________
                   in$ | in bp 107 traded | in bp 287 AUMs
realizedPnl    -0.25   | -23     | -9     
PnLvsArrival   -0.16   | -15     | -6     
PnLvsLast      +0.04   | +4      | +1     
______________________________________________
                 | Value$ | PnL Arrival/Last 
______________________________________________
XRP:-87.5@0.6839 | -60$ | -0.18/0
ETH:-0.012@3990.07 | -48$ | 0.02/0.04
