2024-02-15 01:31:14,902
ON program started 20240215 01:31:14,
US time: 20240214 20:31:14
2024-02-15 01:31:16,096
the strat is currently running @ 15-02-2024 and the target positions is SHORT
2024-02-15 01:31:18,745
CURRENT STATUS IS SHORT, WE CHECK IF THE DAY IS A NEGATIVE ONE
-----
return before 14h30:
BTCUSDT+0.28%, ETHUSDT+0.57%, XRPUSDT+0.37%
-----
target alloc initial:BTCUSDT-4.17%, ETHUSDT+0.00%, XRPUSDT-4.17%
-----
alloc target x rt%<0:BTCUSDT-0.00%, ETHUSDT+0.00%, XRPUSDT-0.00%
-----
           BTCUSDT ETHUSDT XRPUSDT
w_target     -4.2%    0.0%   -4.2%
rt_14h30     0.00%   0.01%   0.00%
w_target_f   -0.0%    0.0%   -0.0%
2024-02-15 01:31:18,746
Portfolio was rebalanced less than 2 hours ago, 1.0 hours ago
2024-02-15 01:31:18,748
Status: prev = SHORT <> SHORT = target
2024-02-15 01:31:18,748
the strat is currently running @ 15-02-2024 and the target positions is SHORT
the strat was previously run @ 2024-02-15 00:31:31, success:yes 
   and the current positions is SHORT
2024-02-15 01:31:19,945
positions_future #0
2024-02-15 01:31:19,946
Empty DataFrame
Columns: [symbol, positionAmt, entryPrice, breakEvenPrice, markPrice, unRealizedProfit, value_usd, updateTime, isolated, adlQuantile, AUMs_account, w%]
Index: []
2024-02-15 01:31:20,008
programm stoppeddd!!! 20240215_013120
