2024-09-11 03:30:56,230
ON program started 20240911 03:30:56,
US time: 20240910 23:30:56
2024-09-11 03:30:57,395
the strat is currently running @ 11-09-2024 and the target positions is NEUTRAL
2024-09-11 03:30:58,721
CURRENT STATUS IS NEUTRAL
-----
return before 14h30:
BTCUSDT-1.58%, ETHUSDT-1.69%, XRPUSDT-1.31%
-----
target alloc initial:BTCUSDT+0.00%, ETHUSDT+0.00%, XRPUSDT+0.00%
-----
alloc target x rt%<0:BTCUSDT+0.00%, ETHUSDT+0.00%, XRPUSDT+0.00%
-----
           BTCUSDT ETHUSDT XRPUSDT
w_target      0.0%    0.0%    0.0%
rt_14h30    -0.02%  -0.02%  -0.01%
w_target_f    0.0%    0.0%    0.0%
2024-09-11 03:30:58,722
Portfolio was rebalanced less than 2 hours ago, 1.0 hours ago
2024-09-11 03:30:58,723
Status: prev = NEUTRAL <> NEUTRAL = target
2024-09-11 03:30:58,723
the strat is currently running @ 11-09-2024 and the target positions is NEUTRAL
the strat was previously run @ 2024-09-11 02:30:53, success:? 
   and the current positions is NEUTRAL
2024-09-11 03:30:59,892
positions_future #0
2024-09-11 03:30:59,892
Empty DataFrame
Columns: [symbol, positionAmt, entryPrice, breakEvenPrice, markPrice, unRealizedProfit, value_usd, updateTime, isolated, adlQuantile, AUMs_account, w%]
Index: []
2024-09-11 03:31:00,102
------------------------------
binance_account_balance
2024-09-11 03:31:00,102
  asset    balance  ...  marginAvailable   updateTime
4  USDT  296.50002  ...             True  11Sep-02:32

[1 rows x 8 columns]
2024-09-11 03:31:00,323
------------------------------
open_orders
2024-09-11 03:31:00,324
Empty DataFrame
Columns: []
Index: []
2024-09-11 03:31:00,938
------------------------------
AUMS account:296

2024-09-11 03:31:00,940
--------------- compute_futures_order_book() ----------------
2024-09-11 03:31:02,408
----------------------------------------------------------------------
#0 order(s) to place
gross$: 0$ | net$: +0$
gross%: 0% | net%: +0%
 || w>0%  +0% | w<0%  0%
----------------------------------------------------------------------
PTF Expo% 0.0% >> 0.0% (current>>target)
PTF expo $0.0 >> $0 (current>>target)
----------------------------------------------------------------------
2024-09-11 03:31:02,410
orders_ofthe_day
2024-09-11 03:31:02,410
Empty DataFrame
Columns: [ptf_usd, target_usd, totrd_usd, posttrd_usd, qty, posttrd_qty, posttrd_w, bid, ask, strategy]
Index: []
2024-09-11 03:31:02,497
Orders of the day is empty, current and target potfolios are aligned
2024-09-11 03:31:02,497
Program stopped
