2024-03-03 03:31:10,988
ON program started 20240303 03:31:10,
US time: 20240302 22:31:10
2024-03-03 03:31:11,975
the strat is currently running @ 03-03-2024 and the target positions is NEUTRAL
2024-03-03 03:31:13,368
CURRENT STATUS IS NEUTRAL
-----
return before 14h30:
BTCUSDT-0.04%, ETHUSDT+0.10%, XRPUSDT-1.55%
-----
target alloc initial:BTCUSDT+0.00%, ETHUSDT+0.00%, XRPUSDT+0.00%
-----
alloc target x rt%<0:BTCUSDT+0.00%, ETHUSDT+0.00%, XRPUSDT+0.00%
-----
           BTCUSDT ETHUSDT XRPUSDT
w_target      0.0%    0.0%    0.0%
rt_14h30    -0.00%   0.00%  -0.02%
w_target_f    0.0%    0.0%    0.0%
2024-03-03 03:31:13,369
Portfolio was rebalanced less than 2 hours ago, 1.0 hours ago
2024-03-03 03:31:13,371
Status: prev = NEUTRAL <> SHORT = target
2024-03-03 03:31:13,371
the strat is currently running @ 03-03-2024 and the target positions is NEUTRAL
the strat was previously run @ 2024-03-03 02:31:06, success:yes 
   and the current positions is SHORT
2024-03-03 03:31:14,564
positions_future #1
2024-03-03 03:31:14,564
      symbol  positionAmt entryPrice  ... adlQuantile AUMs_account       w%
123  XRPUSDT        -18.8     0.6385  ...           1        293.2 -0.04076

[1 rows x 12 columns]
2024-03-03 03:31:14,802
------------------------------
binance_account_balance
2024-03-03 03:31:14,802
  asset     balance  ...  marginAvailable   updateTime
5  USDT  293.147009  ...             True  03Mar-00:33

[1 rows x 8 columns]
2024-03-03 03:31:15,254
------------------------------
open_orders
2024-03-03 03:31:15,254
Empty DataFrame
Columns: []
Index: []
2024-03-03 03:31:15,903
------------------------------
AUMS account:293

2024-03-03 03:31:15,905
--------------- compute_futures_order_book() ----------------
2024-03-03 03:31:17,456
----------------------------------------------------------------------
#1 order(s) to place
gross$: 12$ | net$: +12$
gross%: 4% | net%: +4%
 || w>0%  +4% | w<0%  0%
----------------------------------------------------------------------
PTF Expo% -4.0% >> 0.0% (current>>target)
PTF expo $-12.0 >> $0 (current>>target)
----------------------------------------------------------------------
2024-03-03 03:31:17,457
orders_ofthe_day
2024-03-03 03:31:17,457
                  ptf_usd  target_usd  totrd_usd  ...     bid     ask strategy
2024-03-03 03:31                                  ...                         
XRPUSDT             -12.0         0.0       12.0  ...  0.6358  0.6359  STRATON

[1 rows x 10 columns]
2024-03-03 03:31:18,465
binance_place_orders_peg 20240303_033118
2024-03-03 03:31:18,901
{'orderId': 51379951774, 'symbol': 'XRPUSDT', 'status': 'NEW', 'clientOrderId': 'STRATON', 'price': '0.6356', 'avgPrice': '0.00', 'origQty': '18.8', 'executedQty': '0.0', 'cumQty': '0.0', 'cumQuote': '0.00000', 'timeInForce': 'GTC', 'type': 'LIMIT', 'reduceOnly': False, 'closePosition': False, 'side': 'BUY', 'positionSide': 'BOTH', 'stopPrice': '0.0000', 'workingType': 'CONTRACT_PRICE', 'priceProtect': False, 'origType': 'LIMIT', 'priceMatch': 'NONE', 'selfTradePreventionMode': 'NONE', 'goodTillDate': 0, 'updateTime': 1709436678792}
2024-03-03 03:31:20,045
update 0: filled 0 / 1 () | working 1 / 1 (+XRPUSDT)
2024-03-03 03:31:24,045
+XRPUSDT: bp3.0|
2024-03-03 03:31:24,484
update 1: filled 0 / 1 () | working 1 / 1 (+XRPUSDT)
2024-03-03 03:31:28,485
+XRPUSDT: bp5.0|
2024-03-03 03:31:28,928
update 2: filled 0 / 1 () | working 1 / 1 (+XRPUSDT)
2024-03-03 03:31:32,929
+XRPUSDT: bp6.0|
2024-03-03 03:31:33,371
update 3: filled 0 / 1 () | working 1 / 1 (+XRPUSDT)
2024-03-03 03:31:37,372
+XRPUSDT: bp6.0|
2024-03-03 03:31:37,816
update 4: filled 0 / 1 () | working 1 / 1 (+XRPUSDT)
2024-03-03 03:31:41,817
+XRPUSDT: bp3.0|
2024-03-03 03:31:42,256
update 5: filled 1 / 1 (+XRPUSDT) | working 0 / 1 ()
2024-03-03 03:31:47,596
Trades of the day
in$
as of: 03Mar 03:31>>03:31 (#trades: 1)
trade net: +12.0 (+4.1%), trade gross: +12.0 (+4.1%), BUY: +12.0 (+4.1%), SELL: +0.0 (+0.0%)
fees: $ 0.002 (2.0bp)
2024-03-03 03:31:47,836
Trades: 
Filled #1
______________________________________________
                   in$ | in bp 11 traded | in bp 293 AUMs
realizedPnl    +0.05   | +42     | +2     
PnLvsArrival   +0      | +0      | +0     
PnLvsLast      +0      | +0      | +0     
______________________________________________
                 | Value$ | PnL Arrival/Last 
______________________________________________
XRP:+18.8@0.6356 | +12$ | 0/-0
