2023-10-30 01:30:39,498
ON program started 20231030 01:30:39,
US time: 20231029 21:30:39
2023-10-30 01:30:39,920
the strat is currently running @ 30-10-2023 and the target positions is SHORT
2023-10-30 01:30:41,328
CURRENT STATUS IS SHORT, WE CHECK IF THE DAY IS A NEGATIVE ONE
-----
return before 14h30:
BTCUSDT+0.00%, ETHUSDT+0.00%, XRPUSDT+0.00%
-----
target alloc initial:BTCUSDT-4.17%, ETHUSDT+0.00%, XRPUSDT-4.17%
-----
alloc target x rt%<0:BTCUSDT-0.00%, ETHUSDT+0.00%, XRPUSDT-0.00%
-----
           BTCUSDT ETHUSDT XRPUSDT
w_target     -4.2%    0.0%   -4.2%
rt_14h30     0.00%   0.00%   0.00%
w_target_f   -0.0%    0.0%   -0.0%
2023-10-30 01:30:41,329
Portfolio was rebalanced less than 2 hours ago, 1.0 hours ago
2023-10-30 01:30:41,332
Status: prev = SHORT <> SHORT = target
2023-10-30 01:30:41,332
the strat is currently running @ 30-10-2023 and the target positions is SHORT
the strat was previously run @ 2023-10-30 00:30:55 UTC, success:yes 
   and the current positions is SHORT
2023-10-30 01:30:42,494
positions_future #0
2023-10-30 01:30:42,494
Empty DataFrame
Columns: [symbol, positionAmt, entryPrice, breakEvenPrice, markPrice, unRealizedProfit, value_usd, updateTime, isolated, adlQuantile, AUMs_account, w%]
Index: []
2023-10-30 01:30:42,505
programm stoppeddd!!! 20231030_013042
