2024-06-19 20:31:14,510
ON program started 20240619 20:31:14,
US time: 20240619 16:31:14
2024-06-19 20:31:15,505
the strat is currently running @ 19-06-2024 and the target positions is LONG
2024-06-19 20:31:18,039
CURRENT STATUS IS LONG
-----
return before 14h30:
BTCUSDT-0.13%, ETHUSDT+1.64%, XRPUSDT+0.31%
-----
target alloc initial:BTCUSDT+16.67%, ETHUSDT+16.67%, XRPUSDT+16.67%
-----
alloc target x rt%<0:BTCUSDT+16.67%, ETHUSDT+16.67%, XRPUSDT+16.67%
-----
           BTCUSDT ETHUSDT XRPUSDT
w_target     16.7%   16.7%   16.7%
rt_14h30    -0.00%   0.02%   0.00%
w_target_f   16.7%   16.7%   16.7%
2024-06-19 20:31:18,040
Portfolio was rebalanced less than 2 hours ago, 1.0 hours ago
2024-06-19 20:31:18,042
Status: prev = LONG <> LONG = target
2024-06-19 20:31:18,042
the strat is currently running @ 19-06-2024 and the target positions is LONG
the strat was previously run @ 2024-06-19 19:31:16, success:yes 
   and the current positions is LONG
2024-06-19 20:31:19,251
positions_future #2
2024-06-19 20:31:19,251
      symbol  positionAmt entryPrice  ... adlQuantile AUMs_account        w%
163  ETHUSDT        0.014    3561.45  ...           1        292.0  0.170324
130  XRPUSDT       98.400     0.4991  ...           1        292.0  0.167370

[2 rows x 12 columns]
2024-06-19 20:31:19,367
programm stoppeddd!!! 20240619_203119
