2023-12-19 01:31:01,579
ON program started 20231219 01:31:01,
US time: 20231218 20:31:01
2023-12-19 01:31:02,088
the strat is currently running @ 19-12-2023 and the target positions is SHORT
2023-12-19 01:31:03,496
CURRENT STATUS IS SHORT, WE CHECK IF THE DAY IS A NEGATIVE ONE
-----
return before 14h30:
BTCUSDT+0.00%, ETHUSDT+0.00%, XRPUSDT+0.00%
-----
target alloc initial:BTCUSDT-4.17%, ETHUSDT+0.00%, XRPUSDT-4.17%
-----
alloc target x rt%<0:BTCUSDT-0.00%, ETHUSDT+0.00%, XRPUSDT-0.00%
-----
           BTCUSDT ETHUSDT XRPUSDT
w_target     -4.2%    0.0%   -4.2%
rt_14h30     0.00%   0.00%   0.00%
w_target_f   -0.0%    0.0%   -0.0%
2023-12-19 01:31:03,498
Portfolio was rebalanced less than 2 hours ago, 1.0 hours ago
2023-12-19 01:31:03,501
Status: prev = SHORT <> SHORT = target
2023-12-19 01:31:03,502
the strat is currently running @ 19-12-2023 and the target positions is SHORT
the strat was previously run @ 2023-12-19 00:31:19 UTC, success:? 
   and the current positions is SHORT
2023-12-19 01:31:04,757
positions_future #0
2023-12-19 01:31:04,757
Empty DataFrame
Columns: [symbol, positionAmt, entryPrice, breakEvenPrice, markPrice, unRealizedProfit, value_usd, updateTime, isolated, adlQuantile, AUMs_account, w%]
Index: []
2023-12-19 01:31:04,983
------------------------------
binance_account_balance
2023-12-19 01:31:04,984
  asset     balance  ...  marginAvailable   updateTime
5  USDT  292.417297  ...             True  19Dec-00:31

[1 rows x 8 columns]
2023-12-19 01:31:05,218
------------------------------
open_orders
2023-12-19 01:31:05,218
Empty DataFrame
Columns: []
Index: []
2023-12-19 01:31:05,878
------------------------------
AUMS account:292

2023-12-19 01:31:05,881
--------------- compute_futures_order_book() ----------------
2023-12-19 01:31:07,454
----------------------------------------------------------------------
#0 order(s) to place
gross$: 0$ | net$: +0$
gross%: 0% | net%: +0%
 || w>0%  +0% | w<0%  0%
----------------------------------------------------------------------
PTF Expo% 0.0% >> 0.0% (current>>target)
PTF expo $0.0 >> $0 (current>>target)
----------------------------------------------------------------------
2023-12-19 01:31:07,456
orders_ofthe_day
2023-12-19 01:31:07,456
Empty DataFrame
Columns: [ptf_usd, target_usd, totrd_usd, posttrd_usd, qty, posttrd_qty, posttrd_w, bid, ask]
Index: []
2023-12-19 01:31:07,530
Orders of the day is empty, current and target potfolios are aligned
2023-12-19 01:31:07,531
Program stopped
