2024-08-28 21:30:53,665
ON program started 20240828 21:30:53,
US time: 20240828 17:30:53
2024-08-28 21:30:54,685
the strat is currently running @ 28-08-2024 and the target positions is LONG
2024-08-28 21:30:55,998
CURRENT STATUS IS LONG
-----
return before 14h30:
BTCUSDT-0.14%, ETHUSDT+1.08%, XRPUSDT+0.79%
-----
target alloc initial:BTCUSDT+16.67%, ETHUSDT+16.67%, XRPUSDT+16.67%
-----
alloc target x rt%<0:BTCUSDT+16.67%, ETHUSDT+16.67%, XRPUSDT+16.67%
-----
           BTCUSDT ETHUSDT XRPUSDT
w_target     16.7%   16.7%   16.7%
rt_14h30    -0.00%   0.01%   0.01%
w_target_f   16.7%   16.7%   16.7%
2024-08-28 21:30:55,999
Portfolio was rebalanced less than 2 hours ago, 1.0 hours ago
2024-08-28 21:30:56,001
Status: prev = LONG <> LONG = target
2024-08-28 21:30:56,001
the strat is currently running @ 28-08-2024 and the target positions is LONG
the strat was previously run @ 2024-08-28 20:30:49, success:yes 
   and the current positions is LONG
2024-08-28 21:30:57,124
positions_future #2
2024-08-28 21:30:57,124
      symbol  positionAmt entryPrice  ... adlQuantile AUMs_account        w%
174  ETHUSDT         0.02    2519.04  ...           2        297.1  0.171680
136  XRPUSDT        86.00     0.5707  ...           2        297.1  0.165396

[2 rows x 12 columns]
2024-08-28 21:30:57,202
programm stoppeddd!!! 20240828_213057
