2024-02-14 00:31:08,513
ON program started 20240214 00:31:08,
US time: 20240213 19:31:08
2024-02-14 00:31:09,478
the strat is currently running @ 14-02-2024 and the target positions is SHORT
2024-02-14 00:31:11,301
CURRENT STATUS IS SHORT, WE CHECK IF THE DAY IS A NEGATIVE ONE
-----
return before 14h30:
BTCUSDT-0.32%, ETHUSDT-0.26%, XRPUSDT-0.57%
-----
target alloc initial:BTCUSDT-4.17%, ETHUSDT+0.00%, XRPUSDT-4.17%
-----
alloc target x rt%<0:BTCUSDT-4.17%, ETHUSDT+0.00%, XRPUSDT-4.17%
-----
           BTCUSDT ETHUSDT XRPUSDT
w_target     -4.2%    0.0%   -4.2%
rt_14h30    -0.00%  -0.00%  -0.01%
w_target_f   -4.2%    0.0%   -4.2%
2024-02-14 00:31:11,302
Portfolio was rebalanced less than 2 hours ago, 1.0 hours ago
2024-02-14 00:31:11,304
Status: prev = SHORT <> SHORT = target
2024-02-14 00:31:11,304
the strat is currently running @ 14-02-2024 and the target positions is SHORT
the strat was previously run @ 2024-02-13 23:31:03, success:? 
   and the current positions is SHORT
2024-02-14 00:31:12,500
positions_future #1
2024-02-14 00:31:12,500
      symbol  positionAmt entryPrice  ... adlQuantile AUMs_account        w%
119  XRPUSDT        -22.8     0.5261  ...           2        289.4 -0.041103

[1 rows x 12 columns]
2024-02-14 00:31:12,739
------------------------------
binance_account_balance
2024-02-14 00:31:12,739
  asset     balance  ...  marginAvailable   updateTime
5  USDT  289.348788  ...             True  13Feb-23:35

[1 rows x 8 columns]
2024-02-14 00:31:13,191
------------------------------
open_orders
2024-02-14 00:31:13,192
Empty DataFrame
Columns: []
Index: []
2024-02-14 00:31:13,842
------------------------------
AUMS account:289

2024-02-14 00:31:13,844
--------------- compute_futures_order_book() ----------------
2024-02-14 00:31:15,392
----------------------------------------------------------------------
#0 order(s) to place
gross$: 0$ | net$: +0$
gross%: 0% | net%: +0%
 || w>0%  +0% | w<0%  0%
----------------------------------------------------------------------
PTF Expo% -4.1% >> -8.3% (current>>target)
PTF expo $-12.0 >> $-24 (current>>target)
----------------------------------------------------------------------
2024-02-14 00:31:15,394
orders_ofthe_day
2024-02-14 00:31:15,394
Empty DataFrame
Columns: [ptf_usd, target_usd, totrd_usd, posttrd_usd, qty, posttrd_qty, posttrd_w, bid, ask, strategy]
Index: []
2024-02-14 00:31:15,461
Orders of the day is empty, current and target potfolios are aligned
2024-02-14 00:31:15,461
Program stopped
