2024-05-06 20:30:39,815
ON program started 20240506 20:30:39,
US time: 20240506 16:30:39
2024-05-06 20:30:40,575
the strat is currently running @ 06-05-2024 and the target positions is LONG
2024-05-06 20:30:41,990
CURRENT STATUS IS LONG
-----
return before 14h30:
BTCUSDT-0.22%, ETHUSDT-0.62%, XRPUSDT+0.53%
-----
target alloc initial:BTCUSDT+16.67%, ETHUSDT+16.67%, XRPUSDT+16.67%
-----
alloc target x rt%<0:BTCUSDT+16.67%, ETHUSDT+16.67%, XRPUSDT+16.67%
-----
           BTCUSDT ETHUSDT XRPUSDT
w_target     16.7%   16.7%   16.7%
rt_14h30    -0.00%  -0.01%   0.01%
w_target_f   16.7%   16.7%   16.7%
2024-05-06 20:30:41,992
Portfolio was rebalanced less than 2 hours ago, 1.0 hours ago
2024-05-06 20:30:41,994
Status: prev = LONG <> LONG = target
2024-05-06 20:30:41,994
the strat is currently running @ 06-05-2024 and the target positions is LONG
the strat was previously run @ 2024-05-06 19:30:45, success:yes 
   and the current positions is LONG
2024-05-06 20:30:43,216
positions_future #2
2024-05-06 20:30:43,216
      symbol  positionAmt entryPrice  ... adlQuantile AUMs_account        w%
134  XRPUSDT       86.100     0.5456  ...           2        283.5  0.165969
167  ETHUSDT        0.015    3061.74  ...           2        283.5  0.162782

[2 rows x 12 columns]
2024-05-06 20:30:43,324
programm stoppeddd!!! 20240506_203043
