2024-08-13 19:30:41,381
ON program started 20240813 19:30:41,
US time: 20240813 15:30:41
2024-08-13 19:30:41,960
the strat is currently running @ 13-08-2024 and the target positions is LONG
2024-08-13 19:30:43,290
CURRENT STATUS IS LONG
-----
return before 14h30:
BTCUSDT+0.08%, ETHUSDT-1.94%, XRPUSDT+0.49%
-----
target alloc initial:BTCUSDT+16.67%, ETHUSDT+16.67%, XRPUSDT+16.67%
-----
alloc target x rt%<0:BTCUSDT+16.67%, ETHUSDT+16.67%, XRPUSDT+16.67%
-----
           BTCUSDT ETHUSDT XRPUSDT
w_target     16.7%   16.7%   16.7%
rt_14h30     0.00%  -0.02%   0.00%
w_target_f   16.7%   16.7%   16.7%
2024-08-13 19:30:43,291
Portfolio was rebalanced less than 2 hours ago, 1.0 hours ago
2024-08-13 19:30:43,293
Status: prev = LONG <> LONG = target
2024-08-13 19:30:43,293
the strat is currently running @ 13-08-2024 and the target positions is LONG
the strat was previously run @ 2024-08-13 18:30:33, success:? 
   and the current positions is LONG
2024-08-13 19:30:43,853
positions_future #2
2024-08-13 19:30:43,853
      symbol  positionAmt entryPrice  ... adlQuantile AUMs_account        w%
165  ETHUSDT        0.019    2703.28  ...           1        303.6  0.169604
130  XRPUSDT       88.000     0.5791  ...           2        303.6  0.168590

[2 rows x 12 columns]
2024-08-13 19:30:44,085
------------------------------
binance_account_balance
2024-08-13 19:30:44,086
  asset     balance  ...  marginAvailable   updateTime
4  USDT  303.223122  ...             True  13Aug-18:31

[1 rows x 8 columns]
2024-08-13 19:30:44,732
------------------------------
open_orders
2024-08-13 19:30:44,732
Empty DataFrame
Columns: []
Index: []
2024-08-13 19:30:46,545
------------------------------
AUMS account:303

2024-08-13 19:30:46,546
--------------- compute_futures_order_book() ----------------
2024-08-13 19:30:47,817
----------------------------------------------------------------------
#0 order(s) to place
gross$: 0$ | net$: +0$
gross%: 0% | net%: +0%
 || w>0%  +0% | w<0%  0%
----------------------------------------------------------------------
PTF Expo% 33.6% >> 50.0% (current>>target)
PTF expo $102.0 >> $151 (current>>target)
----------------------------------------------------------------------
2024-08-13 19:30:47,818
orders_ofthe_day
2024-08-13 19:30:47,818
Empty DataFrame
Columns: [ptf_usd, target_usd, totrd_usd, posttrd_usd, qty, posttrd_qty, posttrd_w, bid, ask, strategy]
Index: []
2024-08-13 19:30:47,881
Orders of the day is empty, current and target potfolios are aligned
2024-08-13 19:30:47,881
Program stopped
