2024-08-22 02:31:03,572
ON program started 20240822 02:31:03,
US time: 20240821 22:31:03
2024-08-22 02:31:04,022
the strat is currently running @ 22-08-2024 and the target positions is NEUTRAL
2024-08-22 02:31:05,345
CURRENT STATUS IS NEUTRAL
-----
return before 14h30:
BTCUSDT-0.79%, ETHUSDT-0.62%, XRPUSDT-0.27%
-----
target alloc initial:BTCUSDT+0.00%, ETHUSDT+0.00%, XRPUSDT+0.00%
-----
alloc target x rt%<0:BTCUSDT+0.00%, ETHUSDT+0.00%, XRPUSDT+0.00%
-----
           BTCUSDT ETHUSDT XRPUSDT
w_target      0.0%    0.0%    0.0%
rt_14h30    -0.01%  -0.01%  -0.00%
w_target_f    0.0%    0.0%    0.0%
2024-08-22 02:31:05,346
Portfolio was rebalanced less than 2 hours ago, 1.0 hours ago
2024-08-22 02:31:05,348
Status: prev = NEUTRAL <> SHORT = target
2024-08-22 02:31:05,348
the strat is currently running @ 22-08-2024 and the target positions is NEUTRAL
the strat was previously run @ 2024-08-22 01:31:14, success:yes 
   and the current positions is SHORT
2024-08-22 02:31:06,474
positions_future #0
2024-08-22 02:31:06,474
Empty DataFrame
Columns: [symbol, positionAmt, entryPrice, breakEvenPrice, markPrice, unRealizedProfit, value_usd, updateTime, isolated, adlQuantile, AUMs_account, w%]
Index: []
2024-08-22 02:31:06,685
------------------------------
binance_account_balance
2024-08-22 02:31:06,685
  asset     balance  ...  marginAvailable   updateTime
4  USDT  302.138045  ...             True  21Aug-22:31

[1 rows x 8 columns]
2024-08-22 02:31:06,903
------------------------------
open_orders
2024-08-22 02:31:06,903
Empty DataFrame
Columns: []
Index: []
2024-08-22 02:31:07,515
------------------------------
AUMS account:302

2024-08-22 02:31:07,517
--------------- compute_futures_order_book() ----------------
2024-08-22 02:31:08,980
----------------------------------------------------------------------
#0 order(s) to place
gross$: 0$ | net$: +0$
gross%: 0% | net%: +0%
 || w>0%  +0% | w<0%  0%
----------------------------------------------------------------------
PTF Expo% 0.0% >> 0.0% (current>>target)
PTF expo $0.0 >> $0 (current>>target)
----------------------------------------------------------------------
2024-08-22 02:31:08,981
orders_ofthe_day
2024-08-22 02:31:08,981
Empty DataFrame
Columns: [ptf_usd, target_usd, totrd_usd, posttrd_usd, qty, posttrd_qty, posttrd_w, bid, ask, strategy]
Index: []
2024-08-22 02:31:09,045
Orders of the day is empty, current and target potfolios are aligned
2024-08-22 02:31:09,046
Program stopped
