2024-10-01 02:30:54,403
ON program started 20241001 02:30:54,
US time: 20240930 22:30:54
2024-10-01 02:30:55,439
the strat is currently running @ 01-10-2024 and the target positions is NEUTRAL
2024-10-01 02:30:56,751
CURRENT STATUS IS NEUTRAL
-----
return before 14h30:
BTCUSDT+0.01%, ETHUSDT+0.51%, XRPUSDT+1.37%
-----
target alloc initial:BTCUSDT+0.00%, ETHUSDT+0.00%, XRPUSDT+0.00%
-----
alloc target x rt%<0:BTCUSDT+0.00%, ETHUSDT+0.00%, XRPUSDT+0.00%
-----
           BTCUSDT ETHUSDT XRPUSDT
w_target      0.0%    0.0%    0.0%
rt_14h30     0.00%   0.01%   0.01%
w_target_f    0.0%    0.0%    0.0%
2024-10-01 02:30:56,753
Portfolio was rebalanced less than 2 hours ago, 1.0 hours ago
2024-10-01 02:30:56,754
Status: prev = NEUTRAL <> SHORT = target
2024-10-01 02:30:56,754
the strat is currently running @ 01-10-2024 and the target positions is NEUTRAL
the strat was previously run @ 2024-10-01 01:30:53, success:yes 
   and the current positions is SHORT
2024-10-01 02:30:57,882
positions_future #0
2024-10-01 02:30:57,882
Empty DataFrame
Columns: [symbol, positionAmt, entryPrice, breakEvenPrice, markPrice, unRealizedProfit, value_usd, updateTime, isolated, adlQuantile, AUMs_account, w%]
Index: []
2024-10-01 02:30:58,090
------------------------------
binance_account_balance
2024-10-01 02:30:58,090
  asset     balance  ...  marginAvailable   updateTime
4  USDT  291.673023  ...             True  01Oct-00:31

[1 rows x 8 columns]
2024-10-01 02:30:58,309
------------------------------
open_orders
2024-10-01 02:30:58,309
Empty DataFrame
Columns: []
Index: []
2024-10-01 02:30:58,917
------------------------------
AUMS account:291

2024-10-01 02:30:58,919
--------------- compute_futures_order_book() ----------------
2024-10-01 02:31:00,363
----------------------------------------------------------------------
#0 order(s) to place
gross$: 0$ | net$: +0$
gross%: 0% | net%: +0%
 || w>0%  +0% | w<0%  0%
----------------------------------------------------------------------
PTF Expo% 0.0% >> 0.0% (current>>target)
PTF expo $0.0 >> $0 (current>>target)
----------------------------------------------------------------------
2024-10-01 02:31:00,365
orders_ofthe_day
2024-10-01 02:31:00,365
Empty DataFrame
Columns: [ptf_usd, target_usd, totrd_usd, posttrd_usd, qty, posttrd_qty, posttrd_w, bid, ask, strategy]
Index: []
2024-10-01 02:31:00,427
Orders of the day is empty, current and target potfolios are aligned
2024-10-01 02:31:00,427
Program stopped
