2024-05-20 19:30:55,408
ON program started 20240520 19:30:55,
US time: 20240520 15:30:55
2024-05-20 19:30:56,785
the strat is currently running @ 20-05-2024 and the target positions is LONG
2024-05-20 19:30:58,669
CURRENT STATUS IS LONG
-----
return before 14h30:
BTCUSDT+1.25%, ETHUSDT+0.77%, XRPUSDT+0.71%
-----
target alloc initial:BTCUSDT+16.67%, ETHUSDT+16.67%, XRPUSDT+16.67%
-----
alloc target x rt%<0:BTCUSDT+16.67%, ETHUSDT+16.67%, XRPUSDT+16.67%
-----
           BTCUSDT ETHUSDT XRPUSDT
w_target     16.7%   16.7%   16.7%
rt_14h30     0.01%   0.01%   0.01%
w_target_f   16.7%   16.7%   16.7%
2024-05-20 19:30:58,670
Portfolio was rebalanced less than 2 hours ago, 1.0 hours ago
2024-05-20 19:30:58,672
Status: prev = LONG <> LONG = target
2024-05-20 19:30:58,672
the strat is currently running @ 20-05-2024 and the target positions is LONG
the strat was previously run @ 2024-05-20 18:30:55, success:? 
   and the current positions is LONG
2024-05-20 19:30:59,894
positions_future #2
2024-05-20 19:30:59,894
      symbol  positionAmt entryPrice  ... adlQuantile AUMs_account        w%
167  ETHUSDT        0.015    3142.32  ...           1        283.8  0.179937
134  XRPUSDT       90.000      0.522  ...           2        283.8  0.168214

[2 rows x 12 columns]
2024-05-20 19:31:00,151
------------------------------
binance_account_balance
2024-05-20 19:31:00,151
  asset     balance  ...  marginAvailable   updateTime
6  USDT  279.097595  ...             True  20May-18:33

[1 rows x 8 columns]
2024-05-20 19:31:00,823
------------------------------
open_orders
2024-05-20 19:31:00,823
Empty DataFrame
Columns: []
Index: []
2024-05-20 19:31:01,476
------------------------------
AUMS account:283

2024-05-20 19:31:01,479
--------------- compute_futures_order_book() ----------------
2024-05-20 19:31:03,033
----------------------------------------------------------------------
#0 order(s) to place
gross$: 0$ | net$: +0$
gross%: 0% | net%: +0%
 || w>0%  +0% | w<0%  0%
----------------------------------------------------------------------
PTF Expo% 34.8% >> 50.0% (current>>target)
PTF expo $99.0 >> $141 (current>>target)
----------------------------------------------------------------------
2024-05-20 19:31:03,035
orders_ofthe_day
2024-05-20 19:31:03,035
Empty DataFrame
Columns: [ptf_usd, target_usd, totrd_usd, posttrd_usd, qty, posttrd_qty, posttrd_w, bid, ask, strategy]
Index: []
2024-05-20 19:31:03,104
Orders of the day is empty, current and target potfolios are aligned
2024-05-20 19:31:03,104
Program stopped
