2024-01-12 19:31:02,806
ON program started 20240112 19:31:02,
US time: 20240112 14:31:02
2024-01-12 19:31:03,309
the strat is currently running @ 12-01-2024 and the target positions is LONG
2024-01-12 19:31:06,019
CURRENT STATUS IS LONG
-----
return before 14h30:
BTCUSDT-5.41%, ETHUSDT+0.07%, XRPUSDT-3.26%
-----
target alloc initial:BTCUSDT+16.67%, ETHUSDT+16.67%, XRPUSDT+16.67%
-----
alloc target x rt%<0:BTCUSDT+16.67%, ETHUSDT+16.67%, XRPUSDT+16.67%
-----
           BTCUSDT ETHUSDT XRPUSDT
w_target     16.7%   16.7%   16.7%
rt_14h30    -0.05%   0.00%  -0.03%
w_target_f   16.7%   16.7%   16.7%
2024-01-12 19:31:06,020
Portfolio was rebalanced less than 2 hours ago, 15.0 hours ago
2024-01-12 19:31:06,023
Status: prev = LONG <> NEUTRAL = target
2024-01-12 19:31:06,023
the strat is currently running @ 12-01-2024 and the target positions is LONG
the strat was previously run @ 2024-01-12 04:30:41 UTC, success:yes 
   and the current positions is NEUTRAL
2024-01-12 19:31:07,258
positions_future #0
2024-01-12 19:31:07,258
Empty DataFrame
Columns: [symbol, positionAmt, entryPrice, breakEvenPrice, markPrice, unRealizedProfit, value_usd, updateTime, isolated, adlQuantile, AUMs_account, w%]
Index: []
2024-01-12 19:31:07,483
------------------------------
binance_account_balance
2024-01-12 19:31:07,484
  asset     balance  ...  marginAvailable   updateTime
5  USDT  292.911022  ...             True  11Jan-23:33

[1 rows x 8 columns]
2024-01-12 19:31:07,719
------------------------------
open_orders
2024-01-12 19:31:07,719
Empty DataFrame
Columns: []
Index: []
2024-01-12 19:31:08,377
------------------------------
AUMS account:292

2024-01-12 19:31:08,379
--------------- compute_futures_order_book() ----------------
2024-01-12 19:31:09,945
----------------------------------------------------------------------
#2 order(s) to place
gross$: 99$ | net$: +99$
gross%: 34% | net%: +34%
 || w>0%  +34% | w<0%  0%
----------------------------------------------------------------------
PTF Expo% 0.0% >> 50.0% (current>>target)
PTF expo $0.0 >> $146 (current>>target)
----------------------------------------------------------------------
2024-01-12 19:31:09,947
orders_ofthe_day
2024-01-12 19:31:09,947
                  ptf_usd  target_usd  totrd_usd  ...        bid        ask strategy
2024-01-12 19:31                                  ...                               
ETHUSDT               0.0       48.83       50.0  ...  2608.1200  2608.1300  STRATON
XRPUSDT               0.0       48.83       49.0  ...     0.5795     0.5796  STRATON

[2 rows x 10 columns]
2024-01-12 19:31:11,009
binance_place_orders_peg 20240112_193111
2024-01-12 19:31:11,455
{'orderId': 8389765642726401820, 'symbol': 'ETHUSDT', 'status': 'NEW', 'clientOrderId': 'STRATON', 'price': '2607.51', 'avgPrice': '0.00', 'origQty': '0.019', 'executedQty': '0.000', 'cumQty': '0.000', 'cumQuote': '0.00000', 'timeInForce': 'GTC', 'type': 'LIMIT', 'reduceOnly': False, 'closePosition': False, 'side': 'BUY', 'positionSide': 'BOTH', 'stopPrice': '0.00', 'workingType': 'CONTRACT_PRICE', 'priceProtect': False, 'origType': 'LIMIT', 'priceMatch': 'NONE', 'selfTradePreventionMode': 'NONE', 'goodTillDate': 0, 'updateTime': 1705087871344}
2024-01-12 19:31:11,893
{'orderId': 48358687427, 'symbol': 'XRPUSDT', 'status': 'NEW', 'clientOrderId': 'STRATON', 'price': '0.5794', 'avgPrice': '0.00', 'origQty': '84.6', 'executedQty': '0.0', 'cumQty': '0.0', 'cumQuote': '0.00000', 'timeInForce': 'GTC', 'type': 'LIMIT', 'reduceOnly': False, 'closePosition': False, 'side': 'BUY', 'positionSide': 'BOTH', 'stopPrice': '0.0000', 'workingType': 'CONTRACT_PRICE', 'priceProtect': False, 'origType': 'LIMIT', 'priceMatch': 'NONE', 'selfTradePreventionMode': 'NONE', 'goodTillDate': 0, 'updateTime': 1705087871782}
2024-01-12 19:31:13,485
update 0: filled 0 / 2 () | working 2 / 2 (+ETHUSDT,+XRPUSDT)
2024-01-12 19:31:17,485
+ETHUSDT: bp2.0|+XRPUSDT: bp2.0|
2024-01-12 19:31:18,367
update 1: filled 0 / 2 () | working 2 / 2 (+ETHUSDT,+XRPUSDT)
2024-01-12 19:31:22,368
+ETHUSDT: bp7.0|+XRPUSDT: bp5.0|
2024-01-12 19:31:23,248
update 2: filled 0 / 2 () | working 2 / 2 (+ETHUSDT,+XRPUSDT)
2024-01-12 19:31:27,249
+ETHUSDT: bp9.0|+XRPUSDT: bp9.0|
2024-01-12 19:31:28,128
update 3: filled 0 / 2 () | working 2 / 2 (+ETHUSDT,+XRPUSDT)
2024-01-12 19:31:32,129
+ETHUSDT: bp5.0|+XRPUSDT: bp7.0|
2024-01-12 19:31:33,009
update 4: filled 0 / 2 () | working 2 / 2 (+ETHUSDT,+XRPUSDT)
2024-01-12 19:31:37,010
+ETHUSDT: bp7.0|+XRPUSDT: bp9.0|
2024-01-12 19:31:37,919
update 5: filled 0 / 2 () | working 2 / 2 (+ETHUSDT,+XRPUSDT)
2024-01-12 19:31:41,919
+ETHUSDT: bp6.0|+XRPUSDT: bp9.0|
2024-01-12 19:31:42,818
update 6: filled 0 / 2 () | working 2 / 2 (+ETHUSDT,+XRPUSDT)
2024-01-12 19:31:46,819
+ETHUSDT: bp8.0|+XRPUSDT: bp9.0|
2024-01-12 19:31:47,699
update 7: filled 0 / 2 () | working 2 / 2 (+ETHUSDT,+XRPUSDT)
2024-01-12 19:31:51,700
+ETHUSDT: bp11.0|+XRPUSDT: bp9.0|
2024-01-12 19:31:52,579
update 8: filled 0 / 2 () | working 2 / 2 (+ETHUSDT,+XRPUSDT)
2024-01-12 19:31:56,580
+ETHUSDT: bp10.0|+XRPUSDT: bp9.0|
2024-01-12 19:31:57,460
update 9: filled 0 / 2 () | working 2 / 2 (+ETHUSDT,+XRPUSDT)
2024-01-12 19:32:01,461
+ETHUSDT: bp4.0|+XRPUSDT: bp5.0|
2024-01-12 19:32:02,344
update 10: filled 1 / 2 (+XRPUSDT) | working 1 / 2 (+ETHUSDT)
2024-01-12 19:32:06,345
+ETHUSDT: bp4.0|
2024-01-12 19:32:07,236
update 11: filled 1 / 2 (+XRPUSDT) | working 1 / 2 (+ETHUSDT)
2024-01-12 19:32:11,237
+ETHUSDT: bp1.0|
2024-01-12 19:32:12,117
update 12: filled 1 / 2 (+XRPUSDT) | working 1 / 2 (+ETHUSDT)
2024-01-12 19:32:16,118
+ETHUSDT: bp2.0|
2024-01-12 19:32:16,999
update 13: filled 2 / 2 (+ETHUSDT,+XRPUSDT) | working 0 / 2 ()
2024-01-12 19:32:23,448
Trades of the day
in$
as of: 12Jan 19:31>>19:32 (#trades: 2)
trade net: +99.0 (+33.8%), trade gross: +99.0 (+33.8%), BUY: +99.0 (+33.8%), SELL: +0.0 (+0.0%)
fees: $ 0.02 (2.0bp)
2024-01-12 19:32:23,911
Trades: 
Filled #2
______________________________________________
                   in$ | in bp 98 traded | in bp 292 AUMs
realizedPnl    +0      | +0      | +0     
PnLvsArrival   +0.02   | +2      | +1     
PnLvsLast      -0.03   | -3      | -1     
______________________________________________
                 | Value$ | PnL Arrival/Last 
______________________________________________
XRP:+84.6@0.5794 | +49$ | 0.01/-0.03
ETH:+0.019@2607.51 | +50$ | 0.01/0
