2024-07-30 02:31:00,317
ON program started 20240730 02:31:00,
US time: 20240729 22:31:00
2024-07-30 02:31:00,795
the strat is currently running @ 30-07-2024 and the target positions is NEUTRAL
2024-07-30 02:31:02,900
CURRENT STATUS IS NEUTRAL
-----
return before 14h30:
BTCUSDT-1.19%, ETHUSDT-0.92%, XRPUSDT-0.95%
-----
target alloc initial:BTCUSDT+0.00%, ETHUSDT+0.00%, XRPUSDT+0.00%
-----
alloc target x rt%<0:BTCUSDT+0.00%, ETHUSDT+0.00%, XRPUSDT+0.00%
-----
           BTCUSDT ETHUSDT XRPUSDT
w_target      0.0%    0.0%    0.0%
rt_14h30    -0.01%  -0.01%  -0.01%
w_target_f    0.0%    0.0%    0.0%
2024-07-30 02:31:02,901
Portfolio was rebalanced less than 2 hours ago, 1.0 hours ago
2024-07-30 02:31:02,903
Status: prev = NEUTRAL <> SHORT = target
2024-07-30 02:31:02,903
the strat is currently running @ 30-07-2024 and the target positions is NEUTRAL
the strat was previously run @ 2024-07-30 01:30:41, success:yes 
   and the current positions is SHORT
2024-07-30 02:31:04,026
positions_future #0
2024-07-30 02:31:04,027
Empty DataFrame
Columns: [symbol, positionAmt, entryPrice, breakEvenPrice, markPrice, unRealizedProfit, value_usd, updateTime, isolated, adlQuantile, AUMs_account, w%]
Index: []
2024-07-30 02:31:04,234
------------------------------
binance_account_balance
2024-07-30 02:31:04,234
  asset     balance  ...  marginAvailable   updateTime
4  USDT  292.785536  ...             True  29Jul-22:34

[1 rows x 8 columns]
2024-07-30 02:31:04,451
------------------------------
open_orders
2024-07-30 02:31:04,451
Empty DataFrame
Columns: []
Index: []
2024-07-30 02:31:05,063
------------------------------
AUMS account:292

2024-07-30 02:31:05,065
--------------- compute_futures_order_book() ----------------
2024-07-30 02:31:06,517
----------------------------------------------------------------------
#0 order(s) to place
gross$: 0$ | net$: +0$
gross%: 0% | net%: +0%
 || w>0%  +0% | w<0%  0%
----------------------------------------------------------------------
PTF Expo% 0.0% >> 0.0% (current>>target)
PTF expo $0.0 >> $0 (current>>target)
----------------------------------------------------------------------
2024-07-30 02:31:06,519
orders_ofthe_day
2024-07-30 02:31:06,519
Empty DataFrame
Columns: [ptf_usd, target_usd, totrd_usd, posttrd_usd, qty, posttrd_qty, posttrd_w, bid, ask, strategy]
Index: []
2024-07-30 02:31:06,582
Orders of the day is empty, current and target potfolios are aligned
2024-07-30 02:31:06,582
Program stopped
