2024-02-12 03:30:55,738
ON program started 20240212 03:30:55,
US time: 20240211 22:30:55
2024-02-12 03:30:56,219
the strat is currently running @ 12-02-2024 and the target positions is NEUTRAL
2024-02-12 03:30:57,608
CURRENT STATUS IS NEUTRAL
-----
return before 14h30:
BTCUSDT-0.27%, ETHUSDT-0.28%, XRPUSDT-0.49%
-----
target alloc initial:BTCUSDT+0.00%, ETHUSDT+0.00%, XRPUSDT+0.00%
-----
alloc target x rt%<0:BTCUSDT+0.00%, ETHUSDT+0.00%, XRPUSDT+0.00%
-----
           BTCUSDT ETHUSDT XRPUSDT
w_target      0.0%    0.0%    0.0%
rt_14h30    -0.00%  -0.00%  -0.00%
w_target_f    0.0%    0.0%    0.0%
2024-02-12 03:30:57,609
Portfolio was rebalanced less than 2 hours ago, 1.0 hours ago
2024-02-12 03:30:57,610
Status: prev = NEUTRAL <> SHORT = target
2024-02-12 03:30:57,611
the strat is currently running @ 12-02-2024 and the target positions is NEUTRAL
the strat was previously run @ 2024-02-12 02:30:53, success:yes 
   and the current positions is SHORT
2024-02-12 03:30:58,799
positions_future #0
2024-02-12 03:30:58,799
Empty DataFrame
Columns: [symbol, positionAmt, entryPrice, breakEvenPrice, markPrice, unRealizedProfit, value_usd, updateTime, isolated, adlQuantile, AUMs_account, w%]
Index: []
2024-02-12 03:30:59,021
------------------------------
binance_account_balance
2024-02-12 03:30:59,022
  asset     balance  ...  marginAvailable   updateTime
5  USDT  289.437808  ...             True  11Feb-23:34

[1 rows x 8 columns]
2024-02-12 03:30:59,254
------------------------------
open_orders
2024-02-12 03:30:59,254
Empty DataFrame
Columns: []
Index: []
2024-02-12 03:30:59,907
------------------------------
AUMS account:289

2024-02-12 03:30:59,908
--------------- compute_futures_order_book() ----------------
2024-02-12 03:31:01,460
----------------------------------------------------------------------
#0 order(s) to place
gross$: 0$ | net$: +0$
gross%: 0% | net%: +0%
 || w>0%  +0% | w<0%  0%
----------------------------------------------------------------------
PTF Expo% 0.0% >> 0.0% (current>>target)
PTF expo $0.0 >> $0 (current>>target)
----------------------------------------------------------------------
2024-02-12 03:31:01,462
orders_ofthe_day
2024-02-12 03:31:01,462
Empty DataFrame
Columns: [ptf_usd, target_usd, totrd_usd, posttrd_usd, qty, posttrd_qty, posttrd_w, bid, ask, strategy]
Index: []
2024-02-12 03:31:01,527
Orders of the day is empty, current and target potfolios are aligned
2024-02-12 03:31:01,527
Program stopped
