2024-02-14 22:31:32,714
ON program started 20240214 22:31:32,
US time: 20240214 17:31:32
2024-02-14 22:31:34,106
the strat is currently running @ 14-02-2024 and the target positions is LONG
2024-02-14 22:31:36,044
CURRENT STATUS IS LONG
-----
return before 14h30:
BTCUSDT+4.20%, ETHUSDT+4.73%, XRPUSDT+2.19%
-----
target alloc initial:BTCUSDT+16.67%, ETHUSDT+16.67%, XRPUSDT+16.67%
-----
alloc target x rt%<0:BTCUSDT+16.67%, ETHUSDT+16.67%, XRPUSDT+16.67%
-----
           BTCUSDT ETHUSDT XRPUSDT
w_target     16.7%   16.7%   16.7%
rt_14h30     0.04%   0.05%   0.02%
w_target_f   16.7%   16.7%   16.7%
2024-02-14 22:31:36,046
Portfolio was rebalanced less than 2 hours ago, 1.0 hours ago
2024-02-14 22:31:36,048
Status: prev = LONG <> LONG = target
2024-02-14 22:31:36,048
the strat is currently running @ 14-02-2024 and the target positions is LONG
the strat was previously run @ 2024-02-14 21:30:50, success:yes 
   and the current positions is LONG
2024-02-14 22:31:37,331
positions_future #2
2024-02-14 22:31:37,331
      symbol  positionAmt entryPrice  ... adlQuantile AUMs_account        w%
119  XRPUSDT       89.000     0.5392  ...           2        289.7  0.165900
148  ETHUSDT        0.017    2756.11  ...           1        289.7  0.162593

[2 rows x 12 columns]
2024-02-14 22:31:37,471
programm stoppeddd!!! 20240214_223137
