2024-09-04 00:30:54,943
ON program started 20240904 00:30:54,
US time: 20240903 20:30:54
2024-09-04 00:30:56,012
the strat is currently running @ 04-09-2024 and the target positions is SHORT
2024-09-04 00:30:57,333
CURRENT STATUS IS SHORT, WE CHECK IF THE DAY IS A NEGATIVE ONE
-----
return before 14h30:
BTCUSDT+0.56%, ETHUSDT+0.69%, XRPUSDT+0.39%
-----
target alloc initial:BTCUSDT-4.17%, ETHUSDT+0.00%, XRPUSDT-4.17%
-----
alloc target x rt%<0:BTCUSDT-0.00%, ETHUSDT+0.00%, XRPUSDT-0.00%
-----
           BTCUSDT ETHUSDT XRPUSDT
w_target     -4.2%    0.0%   -4.2%
rt_14h30     0.01%   0.01%   0.00%
w_target_f   -0.0%    0.0%   -0.0%
2024-09-04 00:30:57,334
Portfolio was rebalanced less than 2 hours ago, 1.0 hours ago
2024-09-04 00:30:57,335
Status: prev = SHORT <> SHORT = target
2024-09-04 00:30:57,336
the strat is currently running @ 04-09-2024 and the target positions is SHORT
the strat was previously run @ 2024-09-03 23:30:53, success:yes 
   and the current positions is SHORT
2024-09-04 00:30:57,881
positions_future #1
2024-09-04 00:30:57,881
      symbol  positionAmt entryPrice  ... adlQuantile AUMs_account        w%
137  XRPUSDT        -20.7     0.5649  ...           2        295.6 -0.039155

[1 rows x 12 columns]
2024-09-04 00:30:57,970
programm stoppeddd!!! 20240904_003057
