2024-09-22 20:30:56,683
ON program started 20240922 20:30:56,
US time: 20240922 16:30:56
2024-09-22 20:30:57,146
the strat is currently running @ 22-09-2024 and the target positions is LONG
2024-09-22 20:30:58,535
CURRENT STATUS IS LONG
-----
return before 14h30:
BTCUSDT-1.20%, ETHUSDT-1.60%, XRPUSDT-1.62%
-----
target alloc initial:BTCUSDT+16.67%, ETHUSDT+16.67%, XRPUSDT+16.67%
-----
alloc target x rt%<0:BTCUSDT+16.67%, ETHUSDT+16.67%, XRPUSDT+16.67%
-----
           BTCUSDT ETHUSDT XRPUSDT
w_target     16.7%   16.7%   16.7%
rt_14h30    -0.01%  -0.02%  -0.02%
w_target_f   16.7%   16.7%   16.7%
2024-09-22 20:30:58,536
Portfolio was rebalanced less than 2 hours ago, 1.0 hours ago
2024-09-22 20:30:58,537
Status: prev = LONG <> LONG = target
2024-09-22 20:30:58,537
the strat is currently running @ 22-09-2024 and the target positions is LONG
the strat was previously run @ 2024-09-22 19:30:55, success:? 
   and the current positions is LONG
2024-09-22 20:30:59,731
positions_future #1
2024-09-22 20:30:59,731
      symbol  positionAmt entryPrice  ... adlQuantile AUMs_account        w%
142  XRPUSDT        -19.9     0.5973  ...           3        295.0 -0.039885

[1 rows x 12 columns]
2024-09-22 20:30:59,970
------------------------------
binance_account_balance
2024-09-22 20:30:59,970
  asset     balance  ...  marginAvailable   updateTime
4  USDT  294.854433  ...             True  22Sep-00:31

[1 rows x 8 columns]
2024-09-22 20:31:00,421
------------------------------
open_orders
2024-09-22 20:31:00,421
Empty DataFrame
Columns: []
Index: []
2024-09-22 20:31:01,078
------------------------------
AUMS account:294

2024-09-22 20:31:01,079
--------------- compute_futures_order_book() ----------------
2024-09-22 20:31:02,636
----------------------------------------------------------------------
#2 order(s) to place
gross$: 110$ | net$: +110$
gross%: 37% | net%: +37%
 || w>0%  +37% | w<0%  0%
----------------------------------------------------------------------
PTF Expo% -4.0% >> 50.0% (current>>target)
PTF expo $-12.0 >> $147 (current>>target)
----------------------------------------------------------------------
2024-09-22 20:31:02,638
orders_ofthe_day
2024-09-22 20:31:02,638
                  ptf_usd  target_usd  totrd_usd  ...        bid        ask strategy
2024-09-22 20:31                                  ...                               
XRPUSDT             -12.0       49.17       61.0  ...     0.5911     0.5912  STRATON
ETHUSDT               0.0       49.17       49.0  ...  2577.7300  2577.7400  STRATON

[2 rows x 10 columns]
2024-09-22 20:31:05,206
binance_place_orders_peg 20240922_203105
2024-09-22 20:31:05,647
{'orderId': 66139384288, 'symbol': 'XRPUSDT', 'status': 'NEW', 'clientOrderId': 'STRATON', 'price': '0.5908', 'avgPrice': '0.00', 'origQty': '103.2', 'executedQty': '0.0', 'cumQty': '0.0', 'cumQuote': '0.00000', 'timeInForce': 'GTC', 'type': 'LIMIT', 'reduceOnly': False, 'closePosition': False, 'side': 'BUY', 'positionSide': 'BOTH', 'stopPrice': '0.0000', 'workingType': 'CONTRACT_PRICE', 'priceProtect': False, 'origType': 'LIMIT', 'priceMatch': 'NONE', 'selfTradePreventionMode': 'NONE', 'goodTillDate': 0, 'updateTime': 1727037065534}
2024-09-22 20:31:06,095
{'orderId': 8389765736136238288, 'symbol': 'ETHUSDT', 'status': 'NEW', 'clientOrderId': 'STRATON', 'price': '2576.44', 'avgPrice': '0.00', 'origQty': '0.019', 'executedQty': '0.000', 'cumQty': '0.000', 'cumQuote': '0.00000', 'timeInForce': 'GTC', 'type': 'LIMIT', 'reduceOnly': False, 'closePosition': False, 'side': 'BUY', 'positionSide': 'BOTH', 'stopPrice': '0.00', 'workingType': 'CONTRACT_PRICE', 'priceProtect': False, 'origType': 'LIMIT', 'priceMatch': 'NONE', 'selfTradePreventionMode': 'NONE', 'goodTillDate': 0, 'updateTime': 1727037065976}
2024-09-22 20:31:07,026
update 0: filled 0 / 2 () | working 2 / 2 (+XRPUSDT,+ETHUSDT)
2024-09-22 20:31:11,027
+XRPUSDT: bp5.0|+ETHUSDT: bp4.0|
2024-09-22 20:31:11,914
update 1: filled 0 / 2 () | working 2 / 2 (+XRPUSDT,+ETHUSDT)
2024-09-22 20:31:15,915
+XRPUSDT: bp5.0|+ETHUSDT: bp5.0|
2024-09-22 20:31:16,801
update 2: filled 0 / 2 () | working 2 / 2 (+XRPUSDT,+ETHUSDT)
2024-09-22 20:31:20,802
+XRPUSDT: bp5.0|+ETHUSDT: bp7.0|
2024-09-22 20:31:21,684
update 3: filled 0 / 2 () | working 2 / 2 (+XRPUSDT,+ETHUSDT)
2024-09-22 20:31:25,685
+XRPUSDT: bp3.0|+ETHUSDT: bp7.0|
2024-09-22 20:31:26,566
update 4: filled 0 / 2 () | working 2 / 2 (+XRPUSDT,+ETHUSDT)
2024-09-22 20:31:30,566
+XRPUSDT: bp3.0|+ETHUSDT: bp7.0|
2024-09-22 20:31:31,454
update 5: filled 0 / 2 () | working 2 / 2 (+XRPUSDT,+ETHUSDT)
2024-09-22 20:31:35,455
+XRPUSDT: bp3.0|+ETHUSDT: bp7.0|
2024-09-22 20:31:36,336
update 6: filled 0 / 2 () | working 2 / 2 (+XRPUSDT,+ETHUSDT)
2024-09-22 20:31:40,337
+XRPUSDT: bp3.0|+ETHUSDT: bp7.0|
2024-09-22 20:31:41,226
update 7: filled 0 / 2 () | working 2 / 2 (+XRPUSDT,+ETHUSDT)
2024-09-22 20:31:45,227
+XRPUSDT: bp3.0|+ETHUSDT: bp7.0|
2024-09-22 20:31:46,108
update 8: filled 1 / 2 (+XRPUSDT) | working 1 / 2 (+ETHUSDT)
2024-09-22 20:31:50,108
+ETHUSDT: bp7.0|
2024-09-22 20:31:50,991
update 9: filled 1 / 2 (+XRPUSDT) | working 1 / 2 (+ETHUSDT)
2024-09-22 20:31:54,991
+ETHUSDT: bp3.0|
2024-09-22 20:31:55,872
update 10: filled 1 / 2 (+XRPUSDT) | working 1 / 2 (+ETHUSDT)
2024-09-22 20:31:59,873
+ETHUSDT: bp3.0|
2024-09-22 20:32:00,755
update 11: filled 1 / 2 (+XRPUSDT) | working 1 / 2 (+ETHUSDT)
2024-09-22 20:32:04,756
+ETHUSDT: bp1.0|
2024-09-22 20:32:05,638
update 12: filled 2 / 2 (+XRPUSDT,+ETHUSDT) | working 0 / 2 ()
2024-09-22 20:32:12,088
Trades of the day
in$
as of: 22Sep 20:31>>20:32 (#trades: 2)
trade net: +110.0 (+37.3%), trade gross: +110.0 (+37.3%), BUY: +110.0 (+37.3%), SELL: +0.0 (+0.0%)
fees: $ 0.022 (2.0bp)
2024-09-22 20:32:12,550
Trades: 
Filled #2
______________________________________________
                   in$ | in bp 109 traded | in bp 294 AUMs
realizedPnl    +0.13   | +12     | +4     
PnLvsArrival   +0.06   | +5      | +2     
PnLvsLast      -0.02   | -2      | -1     
______________________________________________
                 | Value$ | PnL Arrival/Last 
______________________________________________
ETH:+0.019@2576.44 | +49$ | 0.02/0
XRP:+103.2@0.5908 | +61$ | 0.04/-0.02
