2024-07-03 03:31:06,005
ON program started 20240703 03:31:05,
US time: 20240702 23:31:06
2024-07-03 03:31:06,657
the strat is currently running @ 03-07-2024 and the target positions is NEUTRAL
2024-07-03 03:31:07,990
CURRENT STATUS IS NEUTRAL
-----
return before 14h30:
BTCUSDT-1.83%, ETHUSDT-1.89%, XRPUSDT-1.15%
-----
target alloc initial:BTCUSDT+0.00%, ETHUSDT+0.00%, XRPUSDT+0.00%
-----
alloc target x rt%<0:BTCUSDT+0.00%, ETHUSDT+0.00%, XRPUSDT+0.00%
-----
           BTCUSDT ETHUSDT XRPUSDT
w_target      0.0%    0.0%    0.0%
rt_14h30    -0.02%  -0.02%  -0.01%
w_target_f    0.0%    0.0%    0.0%
2024-07-03 03:31:07,992
Portfolio was rebalanced less than 2 hours ago, 1.0 hours ago
2024-07-03 03:31:07,993
Status: prev = NEUTRAL <> NEUTRAL = target
2024-07-03 03:31:07,994
the strat is currently running @ 03-07-2024 and the target positions is NEUTRAL
the strat was previously run @ 2024-07-03 02:31:08, success:yes 
   and the current positions is NEUTRAL
2024-07-03 03:31:09,131
positions_future #0
2024-07-03 03:31:09,132
Empty DataFrame
Columns: [symbol, positionAmt, entryPrice, breakEvenPrice, markPrice, unRealizedProfit, value_usd, updateTime, isolated, adlQuantile, AUMs_account, w%]
Index: []
2024-07-03 03:31:09,194
programm stoppeddd!!! 20240703_033109
