2024-01-04 03:30:57,225
ON program started 20240104 03:30:57,
US time: 20240103 22:30:57
2024-01-04 03:30:57,754
the strat is currently running @ 04-01-2024 and the target positions is NEUTRAL
2024-01-04 03:30:59,581
CURRENT STATUS IS NEUTRAL
-----
return before 14h30:
BTCUSDT+0.00%, ETHUSDT+0.00%, XRPUSDT+0.00%
-----
target alloc initial:BTCUSDT+0.00%, ETHUSDT+0.00%, XRPUSDT+0.00%
-----
alloc target x rt%<0:BTCUSDT+0.00%, ETHUSDT+0.00%, XRPUSDT+0.00%
-----
           BTCUSDT ETHUSDT XRPUSDT
w_target      0.0%    0.0%    0.0%
rt_14h30     0.00%   0.00%   0.00%
w_target_f    0.0%    0.0%    0.0%
2024-01-04 03:30:59,583
Portfolio was rebalanced less than 2 hours ago, 1.0 hours ago
2024-01-04 03:30:59,586
Status: prev = NEUTRAL <> SHORT = target
2024-01-04 03:30:59,586
the strat is currently running @ 04-01-2024 and the target positions is NEUTRAL
the strat was previously run @ 2024-01-04 02:31:06 UTC, success:yes 
   and the current positions is SHORT
2024-01-04 03:31:00,811
positions_future #0
2024-01-04 03:31:00,811
Empty DataFrame
Columns: [symbol, positionAmt, entryPrice, breakEvenPrice, markPrice, unRealizedProfit, value_usd, updateTime, isolated, adlQuantile, AUMs_account, w%]
Index: []
2024-01-04 03:31:01,035
------------------------------
binance_account_balance
2024-01-04 03:31:01,035
  asset     balance  ...  marginAvailable   updateTime
5  USDT  290.351184  ...             True  04Jan-00:31

[1 rows x 8 columns]
2024-01-04 03:31:01,268
------------------------------
open_orders
2024-01-04 03:31:01,268
Empty DataFrame
Columns: []
Index: []
2024-01-04 03:31:01,924
------------------------------
AUMS account:290

2024-01-04 03:31:01,926
--------------- compute_futures_order_book() ----------------
2024-01-04 03:31:03,480
----------------------------------------------------------------------
#0 order(s) to place
gross$: 0$ | net$: +0$
gross%: 0% | net%: +0%
 || w>0%  +0% | w<0%  0%
----------------------------------------------------------------------
PTF Expo% 0.0% >> 0.0% (current>>target)
PTF expo $0.0 >> $0 (current>>target)
----------------------------------------------------------------------
2024-01-04 03:31:03,482
orders_ofthe_day
2024-01-04 03:31:03,482
Empty DataFrame
Columns: [ptf_usd, target_usd, totrd_usd, posttrd_usd, qty, posttrd_qty, posttrd_w, bid, ask]
Index: []
2024-01-04 03:31:03,555
Orders of the day is empty, current and target potfolios are aligned
2024-01-04 03:31:03,555
Program stopped
