2023-07-23 12:30:33,661
ON program started 20230723 12:30:33,
US time: 20230723 08:30:33
2023-07-23 12:30:34,096
the strat is currently running @ 23-07-2023 and the target positions is NEUTRAL
2023-07-23 12:30:35,827
CURRENT STATUS IS NEUTRAL
-----
return before 14h30:
BTCUSDT+0.21%, ETHUSDT+0.29%, XRPUSDT+0.84%
-----
target alloc initial:BTCUSDT+0.00%, ETHUSDT+0.00%, XRPUSDT+0.00%
-----
alloc target x rt%<0:BTCUSDT+0.00%, ETHUSDT+0.00%, XRPUSDT+0.00%
-----
           BTCUSDT ETHUSDT XRPUSDT
w_target      0.0%    0.0%    0.0%
rt_14h30     0.00%   0.00%   0.01%
w_target_f    0.0%    0.0%    0.0%
2023-07-23 12:30:35,829
Portfolio was rebalanced less than 2 hours ago, 9.5 hours ago
2023-07-23 12:30:35,833
Status: prev = NEUTRAL <> NEUTRAL = target
2023-07-23 12:30:35,833
the strat is currently running @ 23-07-2023 and the target positions is NEUTRAL
the strat was previously run @ 2023-07-23 03:00:44 UTC, success:yes 
   and the current positions is NEUTRAL
2023-07-23 12:30:36,933
positions_future #0
2023-07-23 12:30:36,933
Empty DataFrame
Columns: [symbol, positionAmt, entryPrice, markPrice, unRealizedProfit, value_usd, updateTime, AUMs_account, w%]
Index: []
2023-07-23 12:30:36,934
programm stoppeddd!!! 20230723_123036
