2024-06-27 23:31:13,118
ON program started 20240627 23:31:13,
US time: 20240627 19:31:13
2024-06-27 23:31:13,704
the strat is currently running @ 27-06-2024 and the target positions is SHORT
2024-06-27 23:31:15,016
CURRENT STATUS IS SHORT, WE CHECK IF THE DAY IS A NEGATIVE ONE
-----
return before 14h30:
BTCUSDT+1.85%, ETHUSDT+2.66%, XRPUSDT+1.11%
-----
target alloc initial:BTCUSDT-4.17%, ETHUSDT+0.00%, XRPUSDT-4.17%
-----
alloc target x rt%<0:BTCUSDT-0.00%, ETHUSDT+0.00%, XRPUSDT-0.00%
-----
           BTCUSDT ETHUSDT XRPUSDT
w_target     -4.2%    0.0%   -4.2%
rt_14h30     0.02%   0.03%   0.01%
w_target_f   -0.0%    0.0%   -0.0%
2024-06-27 23:31:15,017
Portfolio was rebalanced less than 2 hours ago, 1.0 hours ago
2024-06-27 23:31:15,019
Status: prev = SHORT <> SHORT = target
2024-06-27 23:31:15,019
the strat is currently running @ 27-06-2024 and the target positions is SHORT
the strat was previously run @ 2024-06-27 22:30:44, success:? 
   and the current positions is SHORT
2024-06-27 23:31:16,180
positions_future #0
2024-06-27 23:31:16,180
Empty DataFrame
Columns: [symbol, positionAmt, entryPrice, breakEvenPrice, markPrice, unRealizedProfit, value_usd, updateTime, isolated, adlQuantile, AUMs_account, w%]
Index: []
2024-06-27 23:31:16,389
------------------------------
binance_account_balance
2024-06-27 23:31:16,389
  asset    balance  ...  marginAvailable   updateTime
4  USDT  292.17161  ...             True  27Jun-22:37

[1 rows x 8 columns]
2024-06-27 23:31:16,608
------------------------------
open_orders
2024-06-27 23:31:16,608
Empty DataFrame
Columns: []
Index: []
2024-06-27 23:31:17,224
------------------------------
AUMS account:292

2024-06-27 23:31:17,227
--------------- compute_futures_order_book() ----------------
2024-06-27 23:31:18,694
----------------------------------------------------------------------
#0 order(s) to place
gross$: 0$ | net$: +0$
gross%: 0% | net%: +0%
 || w>0%  +0% | w<0%  0%
----------------------------------------------------------------------
PTF Expo% 0.0% >> 0.0% (current>>target)
PTF expo $0.0 >> $0 (current>>target)
----------------------------------------------------------------------
2024-06-27 23:31:18,695
orders_ofthe_day
2024-06-27 23:31:18,695
Empty DataFrame
Columns: [ptf_usd, target_usd, totrd_usd, posttrd_usd, qty, posttrd_qty, posttrd_w, bid, ask, strategy]
Index: []
2024-06-27 23:31:18,760
Orders of the day is empty, current and target potfolios are aligned
2024-06-27 23:31:18,760
Program stopped
