2024-08-31 03:30:55,020
ON program started 20240831 03:30:55,
US time: 20240830 23:30:55
2024-08-31 03:30:56,103
the strat is currently running @ 31-08-2024 and the target positions is NEUTRAL
2024-08-31 03:30:57,435
CURRENT STATUS IS NEUTRAL
-----
return before 14h30:
BTCUSDT+0.12%, ETHUSDT-0.00%, XRPUSDT-0.23%
-----
target alloc initial:BTCUSDT+0.00%, ETHUSDT+0.00%, XRPUSDT+0.00%
-----
alloc target x rt%<0:BTCUSDT+0.00%, ETHUSDT+0.00%, XRPUSDT+0.00%
-----
           BTCUSDT ETHUSDT XRPUSDT
w_target      0.0%    0.0%    0.0%
rt_14h30     0.00%  -0.00%  -0.00%
w_target_f    0.0%    0.0%    0.0%
2024-08-31 03:30:57,436
Portfolio was rebalanced less than 2 hours ago, 1.0 hours ago
2024-08-31 03:30:57,438
Status: prev = NEUTRAL <> NEUTRAL = target
2024-08-31 03:30:57,438
the strat is currently running @ 31-08-2024 and the target positions is NEUTRAL
the strat was previously run @ 2024-08-31 02:31:04, success:yes 
   and the current positions is NEUTRAL
2024-08-31 03:30:58,592
positions_future #0
2024-08-31 03:30:58,592
Empty DataFrame
Columns: [symbol, positionAmt, entryPrice, breakEvenPrice, markPrice, unRealizedProfit, value_usd, updateTime, isolated, adlQuantile, AUMs_account, w%]
Index: []
2024-08-31 03:30:58,675
programm stoppeddd!!! 20240831_033058
