2024-06-09 02:31:03,867
ON program started 20240609 02:31:03,
US time: 20240608 22:31:03
2024-06-09 02:31:04,813
the strat is currently running @ 09-06-2024 and the target positions is NEUTRAL
2024-06-09 02:31:06,126
CURRENT STATUS IS NEUTRAL
-----
return before 14h30:
BTCUSDT-0.13%, ETHUSDT-0.18%, XRPUSDT+0.06%
-----
target alloc initial:BTCUSDT+0.00%, ETHUSDT+0.00%, XRPUSDT+0.00%
-----
alloc target x rt%<0:BTCUSDT+0.00%, ETHUSDT+0.00%, XRPUSDT+0.00%
-----
           BTCUSDT ETHUSDT XRPUSDT
w_target      0.0%    0.0%    0.0%
rt_14h30    -0.00%  -0.00%   0.00%
w_target_f    0.0%    0.0%    0.0%
2024-06-09 02:31:06,128
Portfolio was rebalanced less than 2 hours ago, 1.0 hours ago
2024-06-09 02:31:06,129
Status: prev = NEUTRAL <> SHORT = target
2024-06-09 02:31:06,129
the strat is currently running @ 09-06-2024 and the target positions is NEUTRAL
the strat was previously run @ 2024-06-09 01:30:55, success:yes 
   and the current positions is SHORT
2024-06-09 02:31:07,264
positions_future #1
2024-06-09 02:31:07,264
      symbol  positionAmt entryPrice  ... adlQuantile AUMs_account        w%
128  XRPUSDT        -24.6     0.4932  ...           1        290.0 -0.041788

[1 rows x 12 columns]
2024-06-09 02:31:07,492
------------------------------
binance_account_balance
2024-06-09 02:31:07,492
  asset   balance  ...  marginAvailable   updateTime
6  USDT  290.0034  ...             True  08Jun-22:32

[1 rows x 8 columns]
2024-06-09 02:31:07,914
------------------------------
open_orders
2024-06-09 02:31:07,914
Empty DataFrame
Columns: []
Index: []
2024-06-09 02:31:08,528
------------------------------
AUMS account:290

2024-06-09 02:31:08,529
--------------- compute_futures_order_book() ----------------
2024-06-09 02:31:09,992
----------------------------------------------------------------------
#1 order(s) to place
gross$: 12$ | net$: +12$
gross%: 4% | net%: +4%
 || w>0%  +4% | w<0%  0%
----------------------------------------------------------------------
PTF Expo% -4.1% >> 0.0% (current>>target)
PTF expo $-12.0 >> $0 (current>>target)
----------------------------------------------------------------------
2024-06-09 02:31:09,994
orders_ofthe_day
2024-06-09 02:31:09,994
                  ptf_usd  target_usd  totrd_usd  ...     bid     ask strategy
2024-06-09 02:31                                  ...                         
XRPUSDT             -12.0         0.0       12.0  ...  0.4926  0.4927  STRATON

[1 rows x 10 columns]
2024-06-09 02:31:11,360
binance_place_orders_peg 20240609_023111
2024-06-09 02:31:11,770
{'orderId': 58108267141, 'symbol': 'XRPUSDT', 'status': 'NEW', 'clientOrderId': 'STRATON', 'price': '0.4924', 'avgPrice': '0.00', 'origQty': '24.6', 'executedQty': '0.0', 'cumQty': '0.0', 'cumQuote': '0.00000', 'timeInForce': 'GTC', 'type': 'LIMIT', 'reduceOnly': False, 'closePosition': False, 'side': 'BUY', 'positionSide': 'BOTH', 'stopPrice': '0.0000', 'workingType': 'CONTRACT_PRICE', 'priceProtect': False, 'origType': 'LIMIT', 'priceMatch': 'NONE', 'selfTradePreventionMode': 'NONE', 'goodTillDate': 0, 'updateTime': 1717900271668}
2024-06-09 02:31:12,854
update 0: filled 0 / 1 () | working 1 / 1 (+XRPUSDT)
2024-06-09 02:31:16,854
+XRPUSDT: bp4.0|
2024-06-09 02:31:17,276
update 1: filled 0 / 1 () | working 1 / 1 (+XRPUSDT)
2024-06-09 02:31:21,276
+XRPUSDT: bp4.0|
2024-06-09 02:31:21,698
update 2: filled 0 / 1 () | working 1 / 1 (+XRPUSDT)
2024-06-09 02:31:25,699
+XRPUSDT: bp6.0|
2024-06-09 02:31:26,121
update 3: filled 0 / 1 () | working 1 / 1 (+XRPUSDT)
2024-06-09 02:31:30,122
+XRPUSDT: bp4.0|
2024-06-09 02:31:30,543
update 4: filled 0 / 1 () | working 1 / 1 (+XRPUSDT)
2024-06-09 02:31:34,543
+XRPUSDT: bp4.0|
2024-06-09 02:31:34,972
update 5: filled 0 / 1 () | working 1 / 1 (+XRPUSDT)
2024-06-09 02:31:38,973
+XRPUSDT: bp6.0|
2024-06-09 02:31:39,395
update 6: filled 0 / 1 () | working 1 / 1 (+XRPUSDT)
2024-06-09 02:31:43,413
+XRPUSDT: bp2.0|
2024-06-09 02:31:43,835
update 7: filled 0 / 1 () | working 1 / 1 (+XRPUSDT)
2024-06-09 02:31:47,836
+XRPUSDT: bp2.0|
2024-06-09 02:31:48,254
update 8: filled 0 / 1 () | working 1 / 1 (+XRPUSDT)
2024-06-09 02:31:52,255
+XRPUSDT: bp4.0|
2024-06-09 02:31:52,675
update 9: filled 0 / 1 () | working 1 / 1 (+XRPUSDT)
2024-06-09 02:31:56,676
+XRPUSDT: bp4.0|
2024-06-09 02:31:57,096
update 10: filled 0 / 1 () | working 1 / 1 (+XRPUSDT)
2024-06-09 02:32:01,097
+XRPUSDT: bp2.0|
2024-06-09 02:32:01,555
update 11: filled 0 / 1 () | working 1 / 1 (+XRPUSDT)
2024-06-09 02:32:05,556
+XRPUSDT: bp2.0|
2024-06-09 02:32:05,976
update 12: filled 0 / 1 () | working 1 / 1 (+XRPUSDT)
2024-06-09 02:32:09,977
+XRPUSDT: bp2.0|
2024-06-09 02:32:10,398
update 13: filled 0 / 1 () | working 1 / 1 (+XRPUSDT)
2024-06-09 02:32:14,398
+XRPUSDT: bp2.0|
2024-06-09 02:32:14,822
update 14: filled 0 / 1 () | working 1 / 1 (+XRPUSDT)
2024-06-09 02:32:18,822
+XRPUSDT: bp6.0|
2024-06-09 02:32:18,823
Adjustment limit #1 ... 
 we cancel current orders and replace
2024-06-09 02:32:18,823
@+/-2.5bp limit 
2024-06-09 02:32:18,823
binance_cancel_and_replace_orders_peg 20240609_023218
2024-06-09 02:32:19,876
binance_place_orders_peg 20240609_023219
2024-06-09 02:32:20,286
{'orderId': 58108313421, 'symbol': 'XRPUSDT', 'status': 'NEW', 'clientOrderId': 'STRATON', 'price': '0.4928', 'avgPrice': '0.00', 'origQty': '24.6', 'executedQty': '0.0', 'cumQty': '0.0', 'cumQuote': '0.00000', 'timeInForce': 'GTC', 'type': 'LIMIT', 'reduceOnly': False, 'closePosition': False, 'side': 'BUY', 'positionSide': 'BOTH', 'stopPrice': '0.0000', 'workingType': 'CONTRACT_PRICE', 'priceProtect': False, 'origType': 'LIMIT', 'priceMatch': 'NONE', 'selfTradePreventionMode': 'NONE', 'goodTillDate': 0, 'updateTime': 1717900340183}
2024-06-09 02:32:20,715
update 0: filled 0 / 1 () | working 1 / 1 (+XRPUSDT)
2024-06-09 02:32:24,716
+XRPUSDT: bp-0.0|
2024-06-09 02:32:25,136
update 1: filled 0 / 1 () | working 1 / 1 (+XRPUSDT)
2024-06-09 02:32:29,137
+XRPUSDT: bp2.0|
2024-06-09 02:32:29,555
update 2: filled 0 / 1 () | working 1 / 1 (+XRPUSDT)
2024-06-09 02:32:33,556
+XRPUSDT: bp4.0|
2024-06-09 02:32:33,974
update 3: filled 0 / 1 () | working 1 / 1 (+XRPUSDT)
2024-06-09 02:32:37,975
+XRPUSDT: bp4.0|
2024-06-09 02:32:38,401
update 4: filled 0 / 1 () | working 1 / 1 (+XRPUSDT)
2024-06-09 02:32:42,402
+XRPUSDT: bp4.0|
2024-06-09 02:32:42,822
update 5: filled 0 / 1 () | working 1 / 1 (+XRPUSDT)
2024-06-09 02:32:46,825
+XRPUSDT: bp4.0|
2024-06-09 02:32:47,245
update 6: filled 0 / 1 () | working 1 / 1 (+XRPUSDT)
2024-06-09 02:32:51,245
+XRPUSDT: bp2.0|
2024-06-09 02:32:51,663
update 7: filled 0 / 1 () | working 1 / 1 (+XRPUSDT)
2024-06-09 02:32:55,664
+XRPUSDT: bp2.0|
2024-06-09 02:32:56,083
update 8: filled 0 / 1 () | working 1 / 1 (+XRPUSDT)
2024-06-09 02:33:00,084
+XRPUSDT: bp-0.0|
2024-06-09 02:33:00,507
update 9: filled 0 / 1 () | working 1 / 1 (+XRPUSDT)
2024-06-09 02:33:04,508
+XRPUSDT: bp-0.0|
2024-06-09 02:33:04,927
update 10: filled 1 / 1 (+XRPUSDT) | working 0 / 1 ()
2024-06-09 02:33:10,193
Trades of the day
in$
as of: 09Jun 02:33>>02:33 (#trades: 1)
trade net: +12.0 (+4.1%), trade gross: +12.0 (+4.1%), BUY: +12.0 (+4.1%), SELL: +0.0 (+0.0%)
fees: $ 0.002 (2.0bp)
2024-06-09 02:33:10,421
Trades: 
Filled #1
______________________________________________
                   in$ | in bp 12 traded | in bp 290 AUMs
realizedPnl    +0.01   | +8      | +0     
PnLvsArrival   +0      | +0      | +0     
PnLvsLast      +0      | +0      | +0     
______________________________________________
                 | Value$ | PnL Arrival/Last 
______________________________________________
XRP:+24.6@0.4928 | +12$ | -0/0
