2023-11-09 22:30:43,637
ON program started 20231109 22:30:43,
US time: 20231109 17:30:43
2023-11-09 22:30:44,076
the strat is currently running @ 09-11-2023 and the target positions is LONG
2023-11-09 22:30:45,926
CURRENT STATUS IS LONG
-----
return before 14h30:
BTCUSDT-0.92%, ETHUSDT+4.01%, XRPUSDT-6.26%
-----
target alloc initial:BTCUSDT+16.67%, ETHUSDT+16.67%, XRPUSDT+16.67%
-----
alloc target x rt%<0:BTCUSDT+16.67%, ETHUSDT+16.67%, XRPUSDT+16.67%
-----
           BTCUSDT ETHUSDT XRPUSDT
w_target     16.7%   16.7%   16.7%
rt_14h30    -0.01%   0.04%  -0.06%
w_target_f   16.7%   16.7%   16.7%
2023-11-09 22:30:45,928
Portfolio was rebalanced less than 2 hours ago, 1.0 hours ago
2023-11-09 22:30:45,930
Status: prev = LONG <> LONG = target
2023-11-09 22:30:45,930
the strat is currently running @ 09-11-2023 and the target positions is LONG
the strat was previously run @ 2023-11-09 21:30:59 UTC, success:yes 
   and the current positions is LONG
2023-11-09 22:30:47,093
positions_future #2
2023-11-09 22:30:47,093
      symbol  positionAmt entryPrice  ... adlQuantile AUMs_account        w%
154  ETHUSDT        0.024    2008.69  ...           2        290.0  0.172354
122  XRPUSDT       73.200     0.6548  ...           2        290.0  0.166425

[2 rows x 12 columns]
2023-11-09 22:30:47,122
programm stoppeddd!!! 20231109_223047
