2024-07-04 21:30:54,301
ON program started 20240704 21:30:54,
US time: 20240704 17:30:54
2024-07-04 21:30:55,439
the strat is currently running @ 04-07-2024 and the target positions is LONG
2024-07-04 21:30:57,175
CURRENT STATUS IS LONG
-----
return before 14h30:
BTCUSDT-4.63%, ETHUSDT-5.13%, XRPUSDT-4.75%
-----
target alloc initial:BTCUSDT+16.67%, ETHUSDT+16.67%, XRPUSDT+16.67%
-----
alloc target x rt%<0:BTCUSDT+16.67%, ETHUSDT+16.67%, XRPUSDT+16.67%
-----
           BTCUSDT ETHUSDT XRPUSDT
w_target     16.7%   16.7%   16.7%
rt_14h30    -0.05%  -0.05%  -0.05%
w_target_f   16.7%   16.7%   16.7%
2024-07-04 21:30:57,176
Portfolio was rebalanced less than 2 hours ago, 1.0 hours ago
2024-07-04 21:30:57,177
Status: prev = LONG <> LONG = target
2024-07-04 21:30:57,178
the strat is currently running @ 04-07-2024 and the target positions is LONG
the strat was previously run @ 2024-07-04 20:30:39, success:yes 
   and the current positions is LONG
2024-07-04 21:30:58,306
positions_future #2
2024-07-04 21:30:58,306
      symbol  positionAmt entryPrice  ... adlQuantile AUMs_account        w%
131  XRPUSDT      111.900     0.4387  ...           3        292.2  0.170194
166  ETHUSDT        0.015    3141.49  ...           3        292.2  0.162073

[2 rows x 12 columns]
2024-07-04 21:30:58,384
programm stoppeddd!!! 20240704_213058
