2024-06-07 23:31:08,219
ON program started 20240607 23:31:08,
US time: 20240607 19:31:08
2024-06-07 23:31:08,703
the strat is currently running @ 07-06-2024 and the target positions is SHORT
2024-06-07 23:31:10,001
CURRENT STATUS IS SHORT, WE CHECK IF THE DAY IS A NEGATIVE ONE
-----
return before 14h30:
BTCUSDT+1.04%, ETHUSDT+0.04%, XRPUSDT+0.82%
-----
target alloc initial:BTCUSDT-4.17%, ETHUSDT+0.00%, XRPUSDT-4.17%
-----
alloc target x rt%<0:BTCUSDT-0.00%, ETHUSDT+0.00%, XRPUSDT-0.00%
-----
           BTCUSDT ETHUSDT XRPUSDT
w_target     -4.2%    0.0%   -4.2%
rt_14h30     0.01%   0.00%   0.01%
w_target_f   -0.0%    0.0%   -0.0%
2024-06-07 23:31:10,002
Portfolio was rebalanced less than 2 hours ago, 1.0 hours ago
2024-06-07 23:31:10,004
Status: prev = SHORT <> SHORT = target
2024-06-07 23:31:10,004
the strat is currently running @ 07-06-2024 and the target positions is SHORT
the strat was previously run @ 2024-06-07 22:30:57, success:? 
   and the current positions is SHORT
2024-06-07 23:31:11,129
positions_future #0
2024-06-07 23:31:11,129
Empty DataFrame
Columns: [symbol, positionAmt, entryPrice, breakEvenPrice, markPrice, unRealizedProfit, value_usd, updateTime, isolated, adlQuantile, AUMs_account, w%]
Index: []
2024-06-07 23:31:11,339
------------------------------
binance_account_balance
2024-06-07 23:31:11,339
  asset    balance  ...  marginAvailable   updateTime
6  USDT  290.34687  ...             True  07Jun-22:36

[1 rows x 8 columns]
2024-06-07 23:31:11,556
------------------------------
open_orders
2024-06-07 23:31:11,556
Empty DataFrame
Columns: []
Index: []
2024-06-07 23:31:12,166
------------------------------
AUMS account:290

2024-06-07 23:31:12,168
--------------- compute_futures_order_book() ----------------
2024-06-07 23:31:13,622
----------------------------------------------------------------------
#0 order(s) to place
gross$: 0$ | net$: +0$
gross%: 0% | net%: +0%
 || w>0%  +0% | w<0%  0%
----------------------------------------------------------------------
PTF Expo% 0.0% >> 0.0% (current>>target)
PTF expo $0.0 >> $0 (current>>target)
----------------------------------------------------------------------
2024-06-07 23:31:13,623
orders_ofthe_day
2024-06-07 23:31:13,623
Empty DataFrame
Columns: [ptf_usd, target_usd, totrd_usd, posttrd_usd, qty, posttrd_qty, posttrd_w, bid, ask, strategy]
Index: []
2024-06-07 23:31:13,684
Orders of the day is empty, current and target potfolios are aligned
2024-06-07 23:31:13,684
Program stopped
