2024-04-27 22:30:55,730
ON program started 20240427 22:30:55,
US time: 20240427 18:30:55
2024-04-27 22:30:56,211
the strat is currently running @ 27-04-2024 and the target positions is SHORT
2024-04-27 22:30:59,296
CURRENT STATUS IS SHORT, WE CHECK IF THE DAY IS A NEGATIVE ONE
-----
return before 14h30:
BTCUSDT-0.85%, ETHUSDT+0.64%, XRPUSDT-1.71%
-----
target alloc initial:BTCUSDT-4.17%, ETHUSDT+0.00%, XRPUSDT-4.17%
-----
alloc target x rt%<0:BTCUSDT-4.17%, ETHUSDT+0.00%, XRPUSDT-4.17%
-----
           BTCUSDT ETHUSDT XRPUSDT
w_target     -4.2%    0.0%   -4.2%
rt_14h30    -0.01%   0.01%  -0.02%
w_target_f   -4.2%    0.0%   -4.2%
2024-04-27 22:30:59,297
Portfolio was rebalanced less than 2 hours ago, 1.0 hours ago
2024-04-27 22:30:59,298
Status: prev = SHORT <> LONG = target
2024-04-27 22:30:59,298
the strat is currently running @ 27-04-2024 and the target positions is SHORT
the strat was previously run @ 2024-04-27 21:31:07, success:yes 
   and the current positions is LONG
2024-04-27 22:31:00,504
positions_future #2
2024-04-27 22:31:00,504
      symbol  positionAmt entryPrice  ... adlQuantile AUMs_account        w%
131  XRPUSDT       90.600     0.5183  ...           2        281.4  0.166555
164  ETHUSDT        0.014    3245.77  ...           1        281.4  0.161720

[2 rows x 12 columns]
2024-04-27 22:31:00,750
------------------------------
binance_account_balance
2024-04-27 22:31:00,750
  asset     balance  ...  marginAvailable   updateTime
6  USDT  281.417608  ...             True  27Apr-18:31

[1 rows x 8 columns]
2024-04-27 22:31:01,424
------------------------------
open_orders
2024-04-27 22:31:01,424
Empty DataFrame
Columns: []
Index: []
2024-04-27 22:31:02,082
------------------------------
AUMS account:281

2024-04-27 22:31:02,084
--------------- compute_futures_order_book() ----------------
2024-04-27 22:31:03,649
----------------------------------------------------------------------
#2 order(s) to place
gross$: 105$ | net$: -105$
gross%: 37% | net%: -37%
 || w>0%  +0% | w<0%  -37%
----------------------------------------------------------------------
PTF Expo% 33.0% >> -8.3% (current>>target)
PTF expo $93.0 >> $-23 (current>>target)
----------------------------------------------------------------------
2024-04-27 22:31:03,650
orders_ofthe_day
2024-04-27 22:31:03,650
                  ptf_usd  target_usd  totrd_usd  ...        bid        ask strategy
2024-04-27 22:31                                  ...                               
XRPUSDT              47.0      -11.73      -59.0  ...     0.5172     0.5173  STRATON
ETHUSDT              46.0        0.00      -46.0  ...  3250.9900  3251.0000  STRATON

[2 rows x 10 columns]
2024-04-27 22:31:05,382
binance_place_orders_peg 20240427_223105
2024-04-27 22:31:05,822
{'orderId': 55559321658, 'symbol': 'XRPUSDT', 'status': 'NEW', 'clientOrderId': 'STRATON', 'price': '0.5176', 'avgPrice': '0.00', 'origQty': '114.1', 'executedQty': '0.0', 'cumQty': '0.0', 'cumQuote': '0.00000', 'timeInForce': 'GTC', 'type': 'LIMIT', 'reduceOnly': False, 'closePosition': False, 'side': 'SELL', 'positionSide': 'BOTH', 'stopPrice': '0.0000', 'workingType': 'CONTRACT_PRICE', 'priceProtect': False, 'origType': 'LIMIT', 'priceMatch': 'NONE', 'selfTradePreventionMode': 'NONE', 'goodTillDate': 0, 'updateTime': 1714257065713}
2024-04-27 22:31:06,262
{'orderId': 8389765676084962314, 'symbol': 'ETHUSDT', 'status': 'NEW', 'clientOrderId': 'STRATON', 'price': '3252.20', 'avgPrice': '0.00', 'origQty': '0.014', 'executedQty': '0.000', 'cumQty': '0.000', 'cumQuote': '0.00000', 'timeInForce': 'GTC', 'type': 'LIMIT', 'reduceOnly': False, 'closePosition': False, 'side': 'SELL', 'positionSide': 'BOTH', 'stopPrice': '0.00', 'workingType': 'CONTRACT_PRICE', 'priceProtect': False, 'origType': 'LIMIT', 'priceMatch': 'NONE', 'selfTradePreventionMode': 'NONE', 'goodTillDate': 0, 'updateTime': 1714257066152}
2024-04-27 22:31:07,831
update 0: filled 0 / 2 () | working 2 / 2 (-XRPUSDT,-ETHUSDT)
2024-04-27 22:31:11,832
-XRPUSDT: bp6.0|-ETHUSDT: bp5.0|
2024-04-27 22:31:12,714
update 1: filled 0 / 2 () | working 2 / 2 (-XRPUSDT,-ETHUSDT)
2024-04-27 22:31:16,714
-XRPUSDT: bp8.0|-ETHUSDT: bp4.0|
2024-04-27 22:31:17,595
update 2: filled 0 / 2 () | working 2 / 2 (-XRPUSDT,-ETHUSDT)
2024-04-27 22:31:21,596
-XRPUSDT: bp6.0|-ETHUSDT: bp4.0|
2024-04-27 22:31:22,477
update 3: filled 0 / 2 () | working 2 / 2 (-XRPUSDT,-ETHUSDT)
2024-04-27 22:31:26,478
-XRPUSDT: bp8.0|-ETHUSDT: bp3.0|
2024-04-27 22:31:27,356
update 4: filled 0 / 2 () | working 2 / 2 (-XRPUSDT,-ETHUSDT)
2024-04-27 22:31:31,357
-XRPUSDT: bp6.0|-ETHUSDT: bp3.0|
2024-04-27 22:31:32,236
update 5: filled 0 / 2 () | working 2 / 2 (-XRPUSDT,-ETHUSDT)
2024-04-27 22:31:36,237
-XRPUSDT: bp8.0|-ETHUSDT: bp3.0|
2024-04-27 22:31:37,115
update 6: filled 0 / 2 () | working 2 / 2 (-XRPUSDT,-ETHUSDT)
2024-04-27 22:31:41,116
-XRPUSDT: bp4.0|-ETHUSDT: bp2.0|
2024-04-27 22:31:41,997
update 7: filled 0 / 2 () | working 2 / 2 (-XRPUSDT,-ETHUSDT)
2024-04-27 22:31:45,997
-XRPUSDT: bp4.0|-ETHUSDT: bp2.0|
2024-04-27 22:31:46,875
update 8: filled 0 / 2 () | working 2 / 2 (-XRPUSDT,-ETHUSDT)
2024-04-27 22:31:50,876
-XRPUSDT: bp6.0|-ETHUSDT: bp2.0|
2024-04-27 22:31:51,756
update 9: filled 0 / 2 () | working 2 / 2 (-XRPUSDT,-ETHUSDT)
2024-04-27 22:31:55,757
-XRPUSDT: bp4.0|-ETHUSDT: bp2.0|
2024-04-27 22:31:56,635
update 10: filled 0 / 2 () | working 2 / 2 (-XRPUSDT,-ETHUSDT)
2024-04-27 22:32:00,636
-XRPUSDT: bp4.0|-ETHUSDT: bp4.0|
2024-04-27 22:32:01,513
update 11: filled 0 / 2 () | working 2 / 2 (-XRPUSDT,-ETHUSDT)
2024-04-27 22:32:05,514
-XRPUSDT: bp4.0|-ETHUSDT: bp4.0|
2024-04-27 22:32:06,392
update 12: filled 0 / 2 () | working 2 / 2 (-XRPUSDT,-ETHUSDT)
2024-04-27 22:32:10,393
-XRPUSDT: bp4.0|-ETHUSDT: bp4.0|
2024-04-27 22:32:11,272
update 13: filled 0 / 2 () | working 2 / 2 (-XRPUSDT,-ETHUSDT)
2024-04-27 22:32:15,272
-XRPUSDT: bp6.0|-ETHUSDT: bp4.0|
2024-04-27 22:32:16,150
update 14: filled 0 / 2 () | working 2 / 2 (-XRPUSDT,-ETHUSDT)
2024-04-27 22:32:20,151
-XRPUSDT: bp6.0|-ETHUSDT: bp3.0|
2024-04-27 22:32:20,151
Adjustment limit #1 ... 
 we cancel current orders and replace
2024-04-27 22:32:20,151
@+/-2.5bp limit 
2024-04-27 22:32:20,151
binance_cancel_and_replace_orders_peg 20240427_223220
2024-04-27 22:32:22,364
binance_place_orders_peg 20240427_223222
2024-04-27 22:32:22,805
{'orderId': 55559341904, 'symbol': 'XRPUSDT', 'status': 'NEW', 'clientOrderId': 'STRATON', 'price': '0.5175', 'avgPrice': '0.00', 'origQty': '114.1', 'executedQty': '0.0', 'cumQty': '0.0', 'cumQuote': '0.00000', 'timeInForce': 'GTC', 'type': 'LIMIT', 'reduceOnly': False, 'closePosition': False, 'side': 'SELL', 'positionSide': 'BOTH', 'stopPrice': '0.0000', 'workingType': 'CONTRACT_PRICE', 'priceProtect': False, 'origType': 'LIMIT', 'priceMatch': 'NONE', 'selfTradePreventionMode': 'NONE', 'goodTillDate': 0, 'updateTime': 1714257142695}
2024-04-27 22:32:23,245
{'orderId': 8389765676085132586, 'symbol': 'ETHUSDT', 'status': 'NEW', 'clientOrderId': 'STRATON', 'price': '3251.61', 'avgPrice': '0.00', 'origQty': '0.014', 'executedQty': '0.000', 'cumQty': '0.000', 'cumQuote': '0.00000', 'timeInForce': 'GTC', 'type': 'LIMIT', 'reduceOnly': False, 'closePosition': False, 'side': 'SELL', 'positionSide': 'BOTH', 'stopPrice': '0.00', 'workingType': 'CONTRACT_PRICE', 'priceProtect': False, 'origType': 'LIMIT', 'priceMatch': 'NONE', 'selfTradePreventionMode': 'NONE', 'goodTillDate': 0, 'updateTime': 1714257143134}
2024-04-27 22:32:24,135
update 0: filled 0 / 2 () | working 2 / 2 (-XRPUSDT,-ETHUSDT)
2024-04-27 22:32:28,136
-XRPUSDT: bp2.0|-ETHUSDT: bp1.0|
2024-04-27 22:32:29,015
update 1: filled 0 / 2 () | working 2 / 2 (-XRPUSDT,-ETHUSDT)
2024-04-27 22:32:33,016
-XRPUSDT: bp4.0|-ETHUSDT: bp3.0|
2024-04-27 22:32:33,895
update 2: filled 0 / 2 () | working 2 / 2 (-XRPUSDT,-ETHUSDT)
2024-04-27 22:32:37,895
-XRPUSDT: bp4.0|-ETHUSDT: bp4.0|
2024-04-27 22:32:38,775
update 3: filled 0 / 2 () | working 2 / 2 (-XRPUSDT,-ETHUSDT)
2024-04-27 22:32:42,775
-XRPUSDT: bp2.0|-ETHUSDT: bp4.0|
2024-04-27 22:32:43,654
update 4: filled 0 / 2 () | working 2 / 2 (-XRPUSDT,-ETHUSDT)
2024-04-27 22:32:47,654
-XRPUSDT: bp2.0|-ETHUSDT: bp5.0|
2024-04-27 22:32:48,535
update 5: filled 0 / 2 () | working 2 / 2 (-XRPUSDT,-ETHUSDT)
2024-04-27 22:32:52,536
-XRPUSDT: bp4.0|-ETHUSDT: bp6.0|
2024-04-27 22:32:53,416
update 6: filled 0 / 2 () | working 2 / 2 (-XRPUSDT,-ETHUSDT)
2024-04-27 22:32:57,417
-XRPUSDT: bp4.0|-ETHUSDT: bp6.0|
2024-04-27 22:32:58,332
update 7: filled 0 / 2 () | working 2 / 2 (-XRPUSDT,-ETHUSDT)
2024-04-27 22:33:02,333
-XRPUSDT: bp4.0|-ETHUSDT: bp6.0|
2024-04-27 22:33:03,210
update 8: filled 0 / 2 () | working 2 / 2 (-XRPUSDT,-ETHUSDT)
2024-04-27 22:33:07,210
-XRPUSDT: bp2.0|-ETHUSDT: bp6.0|
2024-04-27 22:33:08,088
update 9: filled 0 / 2 () | working 2 / 2 (-XRPUSDT,-ETHUSDT)
2024-04-27 22:33:12,088
-XRPUSDT: bp2.0|-ETHUSDT: bp6.0|
2024-04-27 22:33:12,967
update 10: filled 0 / 2 () | working 2 / 2 (-XRPUSDT,-ETHUSDT)
2024-04-27 22:33:16,968
-XRPUSDT: bp4.0|-ETHUSDT: bp6.0|
2024-04-27 22:33:17,846
update 11: filled 0 / 2 () | working 2 / 2 (-XRPUSDT,-ETHUSDT)
2024-04-27 22:33:21,847
-XRPUSDT: bp4.0|-ETHUSDT: bp6.0|
2024-04-27 22:33:22,725
update 12: filled 0 / 2 () | working 2 / 2 (-XRPUSDT,-ETHUSDT)
2024-04-27 22:33:26,726
-XRPUSDT: bp2.0|-ETHUSDT: bp8.0|
2024-04-27 22:33:27,604
update 13: filled 0 / 2 () | working 2 / 2 (-XRPUSDT,-ETHUSDT)
2024-04-27 22:33:31,604
-XRPUSDT: bp4.0|-ETHUSDT: bp8.0|
2024-04-27 22:33:32,482
update 14: filled 0 / 2 () | working 2 / 2 (-XRPUSDT,-ETHUSDT)
2024-04-27 22:33:36,483
-XRPUSDT: bp2.0|-ETHUSDT: bp7.0|
2024-04-27 22:33:36,483
Adjustment limit #2 ... 
 we cancel current orders and replace
2024-04-27 22:33:36,483
@+/-1.25bp limit 
2024-04-27 22:33:36,483
binance_cancel_and_replace_orders_peg 20240427_223336
2024-04-27 22:33:38,691
binance_place_orders_peg 20240427_223338
2024-04-27 22:33:39,131
{'orderId': 55559388994, 'symbol': 'XRPUSDT', 'status': 'NEW', 'clientOrderId': 'STRATON', 'price': '0.5175', 'avgPrice': '0.00', 'origQty': '114.1', 'executedQty': '0.0', 'cumQty': '0.0', 'cumQuote': '0.00000', 'timeInForce': 'GTC', 'type': 'LIMIT', 'reduceOnly': False, 'closePosition': False, 'side': 'SELL', 'positionSide': 'BOTH', 'stopPrice': '0.0000', 'workingType': 'CONTRACT_PRICE', 'priceProtect': False, 'origType': 'LIMIT', 'priceMatch': 'NONE', 'selfTradePreventionMode': 'NONE', 'goodTillDate': 0, 'updateTime': 1714257219021}
2024-04-27 22:33:39,571
{'orderId': 8389765676085334539, 'symbol': 'ETHUSDT', 'status': 'NEW', 'clientOrderId': 'STRATON', 'price': '3249.92', 'avgPrice': '0.00', 'origQty': '0.014', 'executedQty': '0.000', 'cumQty': '0.000', 'cumQuote': '0.00000', 'timeInForce': 'GTC', 'type': 'LIMIT', 'reduceOnly': False, 'closePosition': False, 'side': 'SELL', 'positionSide': 'BOTH', 'stopPrice': '0.00', 'workingType': 'CONTRACT_PRICE', 'priceProtect': False, 'origType': 'LIMIT', 'priceMatch': 'NONE', 'selfTradePreventionMode': 'NONE', 'goodTillDate': 0, 'updateTime': 1714257219460}
2024-04-27 22:33:40,460
update 0: filled 0 / 2 () | working 2 / 2 (-XRPUSDT,-ETHUSDT)
2024-04-27 22:33:44,460
-XRPUSDT: bp2.0|-ETHUSDT: bp1.0|
2024-04-27 22:33:45,339
update 1: filled 0 / 2 () | working 2 / 2 (-XRPUSDT,-ETHUSDT)
2024-04-27 22:33:49,340
-XRPUSDT: bp2.0|-ETHUSDT: bp2.0|
2024-04-27 22:33:50,218
update 2: filled 0 / 2 () | working 2 / 2 (-XRPUSDT,-ETHUSDT)
2024-04-27 22:33:54,219
-XRPUSDT: bp4.0|-ETHUSDT: bp2.0|
2024-04-27 22:33:55,097
update 3: filled 0 / 2 () | working 2 / 2 (-XRPUSDT,-ETHUSDT)
2024-04-27 22:33:59,098
-XRPUSDT: bp2.0|-ETHUSDT: bp2.0|
2024-04-27 22:33:59,978
update 4: filled 0 / 2 () | working 2 / 2 (-XRPUSDT,-ETHUSDT)
2024-04-27 22:34:03,979
-XRPUSDT: bp4.0|-ETHUSDT: bp2.0|
2024-04-27 22:34:04,858
update 5: filled 0 / 2 () | working 2 / 2 (-XRPUSDT,-ETHUSDT)
2024-04-27 22:34:08,859
-XRPUSDT: bp6.0|-ETHUSDT: bp3.0|
2024-04-27 22:34:09,738
update 6: filled 0 / 2 () | working 2 / 2 (-XRPUSDT,-ETHUSDT)
2024-04-27 22:34:13,739
-XRPUSDT: bp6.0|-ETHUSDT: bp3.0|
2024-04-27 22:34:14,620
update 7: filled 0 / 2 () | working 2 / 2 (-XRPUSDT,-ETHUSDT)
2024-04-27 22:34:18,620
-XRPUSDT: bp6.0|-ETHUSDT: bp3.0|
2024-04-27 22:34:19,502
update 8: filled 0 / 2 () | working 2 / 2 (-XRPUSDT,-ETHUSDT)
2024-04-27 22:34:23,502
-XRPUSDT: bp8.0|-ETHUSDT: bp3.0|
2024-04-27 22:34:24,384
update 9: filled 0 / 2 () | working 2 / 2 (-XRPUSDT,-ETHUSDT)
2024-04-27 22:34:28,385
-XRPUSDT: bp8.0|-ETHUSDT: bp4.0|
2024-04-27 22:34:29,265
update 10: filled 0 / 2 () | working 2 / 2 (-XRPUSDT,-ETHUSDT)
2024-04-27 22:34:33,265
-XRPUSDT: bp8.0|-ETHUSDT: bp4.0|
2024-04-27 22:34:34,147
update 11: filled 0 / 2 () | working 2 / 2 (-XRPUSDT,-ETHUSDT)
2024-04-27 22:34:38,148
-XRPUSDT: bp8.0|-ETHUSDT: bp4.0|
2024-04-27 22:34:39,026
update 12: filled 0 / 2 () | working 2 / 2 (-XRPUSDT,-ETHUSDT)
2024-04-27 22:34:43,027
-XRPUSDT: bp8.0|-ETHUSDT: bp5.0|
2024-04-27 22:34:43,907
update 13: filled 0 / 2 () | working 2 / 2 (-XRPUSDT,-ETHUSDT)
2024-04-27 22:34:47,908
-XRPUSDT: bp8.0|-ETHUSDT: bp5.0|
2024-04-27 22:34:48,786
update 14: filled 0 / 2 () | working 2 / 2 (-XRPUSDT,-ETHUSDT)
2024-04-27 22:34:52,787
-XRPUSDT: bp8.0|-ETHUSDT: bp3.0|
2024-04-27 22:34:52,787
Adjustment limit #3 ... 
 we cancel current orders and replace
2024-04-27 22:34:52,787
@+/-0.625bp limit 
2024-04-27 22:34:52,787
binance_cancel_and_replace_orders_peg 20240427_223452
2024-04-27 22:34:54,992
binance_place_orders_peg 20240427_223454
2024-04-27 22:34:55,431
{'orderId': 55559436363, 'symbol': 'XRPUSDT', 'status': 'NEW', 'clientOrderId': 'STRATON', 'price': '0.5172', 'avgPrice': '0.00', 'origQty': '114.1', 'executedQty': '0.0', 'cumQty': '0.0', 'cumQuote': '0.00000', 'timeInForce': 'GTC', 'type': 'LIMIT', 'reduceOnly': False, 'closePosition': False, 'side': 'SELL', 'positionSide': 'BOTH', 'stopPrice': '0.0000', 'workingType': 'CONTRACT_PRICE', 'priceProtect': False, 'origType': 'LIMIT', 'priceMatch': 'NONE', 'selfTradePreventionMode': 'NONE', 'goodTillDate': 0, 'updateTime': 1714257295321}
2024-04-27 22:34:55,881
{'orderId': 8389765676085491618, 'symbol': 'ETHUSDT', 'status': 'NEW', 'clientOrderId': 'STRATON', 'price': '3249.10', 'avgPrice': '0.00', 'origQty': '0.014', 'executedQty': '0.000', 'cumQty': '0.000', 'cumQuote': '0.00000', 'timeInForce': 'GTC', 'type': 'LIMIT', 'reduceOnly': False, 'closePosition': False, 'side': 'SELL', 'positionSide': 'BOTH', 'stopPrice': '0.00', 'workingType': 'CONTRACT_PRICE', 'priceProtect': False, 'origType': 'LIMIT', 'priceMatch': 'NONE', 'selfTradePreventionMode': 'NONE', 'goodTillDate': 0, 'updateTime': 1714257295769}
2024-04-27 22:34:56,771
update 0: filled 0 / 2 () | working 2 / 2 (-XRPUSDT,-ETHUSDT)
2024-04-27 22:35:00,771
-XRPUSDT: bp2.0|-ETHUSDT: bp1.0|
2024-04-27 22:35:01,651
update 1: filled 0 / 2 () | working 2 / 2 (-XRPUSDT,-ETHUSDT)
2024-04-27 22:35:05,652
-XRPUSDT: bp2.0|-ETHUSDT: bp3.0|
2024-04-27 22:35:06,529
update 2: filled 0 / 2 () | working 2 / 2 (-XRPUSDT,-ETHUSDT)
2024-04-27 22:35:10,530
-XRPUSDT: bp4.0|-ETHUSDT: bp3.0|
2024-04-27 22:35:11,408
update 3: filled 0 / 2 () | working 2 / 2 (-XRPUSDT,-ETHUSDT)
2024-04-27 22:35:15,409
-XRPUSDT: bp2.0|-ETHUSDT: bp2.0|
2024-04-27 22:35:16,288
update 4: filled 0 / 2 () | working 2 / 2 (-XRPUSDT,-ETHUSDT)
2024-04-27 22:35:20,289
-XRPUSDT: bp6.0|-ETHUSDT: bp2.0|
2024-04-27 22:35:21,170
update 5: filled 0 / 2 () | working 2 / 2 (-XRPUSDT,-ETHUSDT)
2024-04-27 22:35:25,171
-XRPUSDT: bp6.0|-ETHUSDT: bp1.0|
2024-04-27 22:35:26,050
update 6: filled 1 / 2 (-ETHUSDT) | working 1 / 2 (-XRPUSDT)
2024-04-27 22:35:30,050
-XRPUSDT: bp4.0|
2024-04-27 22:35:30,928
update 7: filled 1 / 2 (-ETHUSDT) | working 1 / 2 (-XRPUSDT)
2024-04-27 22:35:34,929
-XRPUSDT: bp4.0|
2024-04-27 22:35:35,808
update 8: filled 1 / 2 (-ETHUSDT) | working 1 / 2 (-XRPUSDT)
2024-04-27 22:35:39,808
-XRPUSDT: bp4.0|
2024-04-27 22:35:40,690
update 9: filled 1 / 2 (-ETHUSDT) | working 1 / 2 (-XRPUSDT)
2024-04-27 22:35:44,690
-XRPUSDT: bp6.0|
2024-04-27 22:35:45,571
update 10: filled 1 / 2 (-ETHUSDT) | working 1 / 2 (-XRPUSDT)
2024-04-27 22:35:49,572
-XRPUSDT: bp4.0|
2024-04-27 22:35:50,449
update 11: filled 1 / 2 (-ETHUSDT) | working 1 / 2 (-XRPUSDT)
2024-04-27 22:35:54,450
-XRPUSDT: bp4.0|
2024-04-27 22:35:55,331
update 12: filled 1 / 2 (-ETHUSDT) | working 1 / 2 (-XRPUSDT)
2024-04-27 22:35:59,332
-XRPUSDT: bp4.0|
2024-04-27 22:36:00,210
update 13: filled 1 / 2 (-ETHUSDT) | working 1 / 2 (-XRPUSDT)
2024-04-27 22:36:04,211
-XRPUSDT: bp4.0|
2024-04-27 22:36:05,095
update 14: filled 1 / 2 (-ETHUSDT) | working 1 / 2 (-XRPUSDT)
2024-04-27 22:36:09,096
-XRPUSDT: bp4.0|
2024-04-27 22:36:09,096
Adjustment limit #4 ... 
 we cancel current orders and replace
2024-04-27 22:36:09,096
@+/-0.3125bp limit 
2024-04-27 22:36:09,096
binance_cancel_and_replace_orders_peg 20240427_223609
2024-04-27 22:36:10,650
binance_place_orders_peg 20240427_223610
2024-04-27 22:36:11,093
{'orderId': 55559494921, 'symbol': 'XRPUSDT', 'status': 'NEW', 'clientOrderId': 'STRATON', 'price': '0.5171', 'avgPrice': '0.00', 'origQty': '114.1', 'executedQty': '0.0', 'cumQty': '0.0', 'cumQuote': '0.00000', 'timeInForce': 'GTC', 'type': 'LIMIT', 'reduceOnly': False, 'closePosition': False, 'side': 'SELL', 'positionSide': 'BOTH', 'stopPrice': '0.0000', 'workingType': 'CONTRACT_PRICE', 'priceProtect': False, 'origType': 'LIMIT', 'priceMatch': 'NONE', 'selfTradePreventionMode': 'NONE', 'goodTillDate': 0, 'updateTime': 1714257370979}
2024-04-27 22:36:11,981
update 0: filled 1 / 2 (-ETHUSDT) | working 1 / 2 (-XRPUSDT)
2024-04-27 22:36:15,982
-XRPUSDT: bp2.0|
2024-04-27 22:36:16,861
update 1: filled 1 / 2 (-ETHUSDT) | working 1 / 2 (-XRPUSDT)
2024-04-27 22:36:20,862
-XRPUSDT: bp2.0|
2024-04-27 22:36:21,743
update 2: filled 1 / 2 (-ETHUSDT) | working 1 / 2 (-XRPUSDT)
2024-04-27 22:36:25,744
-XRPUSDT: bp0.0|
2024-04-27 22:36:26,623
update 3: filled 1 / 2 (-ETHUSDT) | working 1 / 2 (-XRPUSDT)
2024-04-27 22:36:30,624
-XRPUSDT: bp0.0|
2024-04-27 22:36:31,504
update 4: filled 1 / 2 (-ETHUSDT) | working 1 / 2 (-XRPUSDT)
2024-04-27 22:36:35,505
-XRPUSDT: bp2.0|
2024-04-27 22:36:36,383
update 5: filled 1 / 2 (-ETHUSDT) | working 1 / 2 (-XRPUSDT)
2024-04-27 22:36:40,384
-XRPUSDT: bp2.0|
2024-04-27 22:36:41,263
update 6: filled 1 / 2 (-ETHUSDT) | working 1 / 2 (-XRPUSDT)
2024-04-27 22:36:45,263
-XRPUSDT: bp0.0|
2024-04-27 22:36:46,142
update 7: filled 1 / 2 (-ETHUSDT) | working 1 / 2 (-XRPUSDT)
2024-04-27 22:36:50,143
-XRPUSDT: bp2.0|
2024-04-27 22:36:51,023
update 8: filled 1 / 2 (-ETHUSDT) | working 1 / 2 (-XRPUSDT)
2024-04-27 22:36:55,024
-XRPUSDT: bp2.0|
2024-04-27 22:36:55,902
update 9: filled 1 / 2 (-ETHUSDT) | working 1 / 2 (-XRPUSDT)
2024-04-27 22:36:59,903
-XRPUSDT: bp4.0|
2024-04-27 22:37:00,785
update 10: filled 1 / 2 (-ETHUSDT) | working 1 / 2 (-XRPUSDT)
2024-04-27 22:37:04,785
-XRPUSDT: bp4.0|
2024-04-27 22:37:05,663
update 11: filled 1 / 2 (-ETHUSDT) | working 1 / 2 (-XRPUSDT)
2024-04-27 22:37:09,664
-XRPUSDT: bp4.0|
2024-04-27 22:37:10,545
update 12: filled 1 / 2 (-ETHUSDT) | working 1 / 2 (-XRPUSDT)
2024-04-27 22:37:14,546
-XRPUSDT: bp4.0|
2024-04-27 22:37:15,427
update 13: filled 1 / 2 (-ETHUSDT) | working 1 / 2 (-XRPUSDT)
2024-04-27 22:37:19,427
-XRPUSDT: bp4.0|
2024-04-27 22:37:20,306
update 14: filled 1 / 2 (-ETHUSDT) | working 1 / 2 (-XRPUSDT)
2024-04-27 22:37:24,306
-XRPUSDT: bp4.0|
2024-04-27 22:37:24,307
Adjustment limit #5 ... 
 we cancel current orders and replace
2024-04-27 22:37:24,307
@+/-0.15625bp limit 
2024-04-27 22:37:24,307
binance_cancel_and_replace_orders_peg 20240427_223724
2024-04-27 22:37:25,854
binance_place_orders_peg 20240427_223725
2024-04-27 22:37:26,303
{'orderId': 55559521358, 'symbol': 'XRPUSDT', 'status': 'NEW', 'clientOrderId': 'STRATON', 'price': '0.5170', 'avgPrice': '0.00', 'origQty': '114.1', 'executedQty': '0.0', 'cumQty': '0.0', 'cumQuote': '0.00000', 'timeInForce': 'GTC', 'type': 'LIMIT', 'reduceOnly': False, 'closePosition': False, 'side': 'SELL', 'positionSide': 'BOTH', 'stopPrice': '0.0000', 'workingType': 'CONTRACT_PRICE', 'priceProtect': False, 'origType': 'LIMIT', 'priceMatch': 'NONE', 'selfTradePreventionMode': 'NONE', 'goodTillDate': 0, 'updateTime': 1714257446186}
2024-04-27 22:37:27,190
update 0: filled 1 / 2 (-ETHUSDT) | working 1 / 2 (-XRPUSDT)
2024-04-27 22:37:31,191
-XRPUSDT: bp0.0|
2024-04-27 22:37:32,070
update 1: filled 1 / 2 (-ETHUSDT) | working 1 / 2 (-XRPUSDT)
2024-04-27 22:37:36,071
-XRPUSDT: bp2.0|
2024-04-27 22:37:36,950
update 2: filled 1 / 2 (-ETHUSDT) | working 1 / 2 (-XRPUSDT)
2024-04-27 22:37:40,951
-XRPUSDT: bp2.0|
2024-04-27 22:37:41,829
update 3: filled 1 / 2 (-ETHUSDT) | working 1 / 2 (-XRPUSDT)
2024-04-27 22:37:45,830
-XRPUSDT: bp0.0|
2024-04-27 22:37:46,708
update 4: filled 1 / 2 (-ETHUSDT) | working 1 / 2 (-XRPUSDT)
2024-04-27 22:37:50,709
-XRPUSDT: bp2.0|
2024-04-27 22:37:51,589
update 5: filled 1 / 2 (-ETHUSDT) | working 1 / 2 (-XRPUSDT)
2024-04-27 22:37:55,589
-XRPUSDT: bp2.0|
2024-04-27 22:37:56,467
update 6: filled 1 / 2 (-ETHUSDT) | working 1 / 2 (-XRPUSDT)
2024-04-27 22:38:00,468
-XRPUSDT: bp0.0|
2024-04-27 22:38:01,347
update 7: filled 1 / 2 (-ETHUSDT) | working 1 / 2 (-XRPUSDT)
2024-04-27 22:38:05,348
-XRPUSDT: bp2.0|
2024-04-27 22:38:06,229
update 8: filled 1 / 2 (-ETHUSDT) | working 1 / 2 (-XRPUSDT)
2024-04-27 22:38:10,230
-XRPUSDT: bp2.0|
2024-04-27 22:38:11,109
update 9: filled 1 / 2 (-ETHUSDT) | working 1 / 2 (-XRPUSDT)
2024-04-27 22:38:15,110
-XRPUSDT: bp2.0|
2024-04-27 22:38:15,990
update 10: filled 1 / 2 (-ETHUSDT) | working 1 / 2 (-XRPUSDT)
2024-04-27 22:38:19,990
-XRPUSDT: bp0.0|
2024-04-27 22:38:20,870
update 11: filled 1 / 2 (-ETHUSDT) | working 1 / 2 (-XRPUSDT)
2024-04-27 22:38:24,870
-XRPUSDT: bp0.0|
2024-04-27 22:38:25,750
update 12: filled 1 / 2 (-ETHUSDT) | working 1 / 2 (-XRPUSDT)
2024-04-27 22:38:29,751
-XRPUSDT: bp0.0|
2024-04-27 22:38:30,632
update 13: filled 1 / 2 (-ETHUSDT) | working 1 / 2 (-XRPUSDT)
2024-04-27 22:38:34,633
-XRPUSDT: bp2.0|
2024-04-27 22:38:35,513
update 14: filled 1 / 2 (-ETHUSDT) | working 1 / 2 (-XRPUSDT)
2024-04-27 22:38:39,514
-XRPUSDT: bp0.0|
2024-04-27 22:38:39,514
Adjustment limit #6 ... 
 we cancel current orders and replace
2024-04-27 22:38:39,514
@+/-0.078125bp limit 
2024-04-27 22:38:39,514
binance_cancel_and_replace_orders_peg 20240427_223839
2024-04-27 22:38:41,061
binance_place_orders_peg 20240427_223841
2024-04-27 22:38:41,504
{'orderId': 55559568806, 'symbol': 'XRPUSDT', 'status': 'NEW', 'clientOrderId': 'STRATON', 'price': '0.5170', 'avgPrice': '0.00', 'origQty': '114.1', 'executedQty': '0.0', 'cumQty': '0.0', 'cumQuote': '0.00000', 'timeInForce': 'GTC', 'type': 'LIMIT', 'reduceOnly': False, 'closePosition': False, 'side': 'SELL', 'positionSide': 'BOTH', 'stopPrice': '0.0000', 'workingType': 'CONTRACT_PRICE', 'priceProtect': False, 'origType': 'LIMIT', 'priceMatch': 'NONE', 'selfTradePreventionMode': 'NONE', 'goodTillDate': 0, 'updateTime': 1714257521390}
2024-04-27 22:38:42,393
update 0: filled 1 / 2 (-ETHUSDT) | working 1 / 2 (-XRPUSDT)
2024-04-27 22:38:46,393
-XRPUSDT: bp2.0|
2024-04-27 22:38:47,272
update 1: filled 1 / 2 (-ETHUSDT) | working 1 / 2 (-XRPUSDT)
2024-04-27 22:38:51,273
-XRPUSDT: bp0.0|
2024-04-27 22:38:52,152
update 2: filled 1 / 2 (-ETHUSDT) | working 1 / 2 (-XRPUSDT)
2024-04-27 22:38:56,153
-XRPUSDT: bp0.0|
2024-04-27 22:38:57,030
update 3: filled 1 / 2 (-ETHUSDT) | working 1 / 2 (-XRPUSDT)
2024-04-27 22:39:01,031
-XRPUSDT: bp2.0|
2024-04-27 22:39:01,912
update 4: filled 1 / 2 (-ETHUSDT) | working 1 / 2 (-XRPUSDT)
2024-04-27 22:39:05,913
-XRPUSDT: bp2.0|
2024-04-27 22:39:06,797
update 5: filled 1 / 2 (-ETHUSDT) | working 1 / 2 (-XRPUSDT)
2024-04-27 22:39:10,798
-XRPUSDT: bp0.0|
2024-04-27 22:39:11,677
update 6: filled 1 / 2 (-ETHUSDT) | working 1 / 2 (-XRPUSDT)
2024-04-27 22:39:15,677
-XRPUSDT: bp0.0|
2024-04-27 22:39:16,559
update 7: filled 1 / 2 (-ETHUSDT) | working 1 / 2 (-XRPUSDT)
2024-04-27 22:39:20,560
-XRPUSDT: bp2.0|
2024-04-27 22:39:21,438
update 8: filled 1 / 2 (-ETHUSDT) | working 1 / 2 (-XRPUSDT)
2024-04-27 22:39:25,439
-XRPUSDT: bp0.0|
2024-04-27 22:39:26,318
update 9: filled 1 / 2 (-ETHUSDT) | working 1 / 2 (-XRPUSDT)
2024-04-27 22:39:30,318
-XRPUSDT: bp2.0|
2024-04-27 22:39:31,197
update 10: filled 1 / 2 (-ETHUSDT) | working 1 / 2 (-XRPUSDT)
2024-04-27 22:39:35,197
-XRPUSDT: bp2.0|
2024-04-27 22:39:36,081
update 11: filled 1 / 2 (-ETHUSDT) | working 1 / 2 (-XRPUSDT)
2024-04-27 22:39:40,081
-XRPUSDT: bp2.0|
2024-04-27 22:39:40,962
update 12: filled 1 / 2 (-ETHUSDT) | working 1 / 2 (-XRPUSDT)
2024-04-27 22:39:44,963
-XRPUSDT: bp2.0|
2024-04-27 22:39:45,842
update 13: filled 1 / 2 (-ETHUSDT) | working 1 / 2 (-XRPUSDT)
2024-04-27 22:39:49,842
-XRPUSDT: bp2.0|
2024-04-27 22:39:50,720
update 14: filled 1 / 2 (-ETHUSDT) | working 1 / 2 (-XRPUSDT)
2024-04-27 22:39:54,721
-XRPUSDT: bp2.0|
2024-04-27 22:39:54,721
Adjustment limit #7 ... 
 we cancel current orders and replace
2024-04-27 22:39:54,721
@+/-0.0390625bp limit 
2024-04-27 22:39:54,721
binance_cancel_and_replace_orders_peg 20240427_223954
2024-04-27 22:39:56,271
binance_place_orders_peg 20240427_223956
2024-04-27 22:39:56,712
{'orderId': 55559612069, 'symbol': 'XRPUSDT', 'status': 'NEW', 'clientOrderId': 'STRATON', 'price': '0.5169', 'avgPrice': '0.00', 'origQty': '114.1', 'executedQty': '0.0', 'cumQty': '0.0', 'cumQuote': '0.00000', 'timeInForce': 'GTC', 'type': 'LIMIT', 'reduceOnly': False, 'closePosition': False, 'side': 'SELL', 'positionSide': 'BOTH', 'stopPrice': '0.0000', 'workingType': 'CONTRACT_PRICE', 'priceProtect': False, 'origType': 'LIMIT', 'priceMatch': 'NONE', 'selfTradePreventionMode': 'NONE', 'goodTillDate': 0, 'updateTime': 1714257596601}
2024-04-27 22:39:57,600
update 0: filled 1 / 2 (-ETHUSDT) | working 1 / 2 (-XRPUSDT)
2024-04-27 22:40:01,601
-XRPUSDT: bp2.0|
2024-04-27 22:40:02,481
update 1: filled 1 / 2 (-ETHUSDT) | working 1 / 2 (-XRPUSDT)
2024-04-27 22:40:06,482
-XRPUSDT: bp2.0|
2024-04-27 22:40:07,362
update 2: filled 2 / 2 (-ETHUSDT,-XRPUSDT) | working 0 / 2 ()
2024-04-27 22:40:13,813
Trades of the day
in$
as of: 27Apr 22:35>>22:40 (#trades: 2)
trade net: -104.0 (-37.0%), trade gross: +104.0 (+37.0%), BUY: +0.0 (+0.0%), SELL: -104.0 (-37.0%)
fees: $ 0.021 (2.0bp)
2024-04-27 22:40:14,268
Trades: 
Filled #2
______________________________________________
                   in$ | in bp 104 traded | in bp 281 AUMs
realizedPnl    -0.08   | -8      | -3     
PnLvsArrival   -0.07   | -7      | -2     
PnLvsLast      -0.02   | -2      | -1     
______________________________________________
                 | Value$ | PnL Arrival/Last 
______________________________________________
XRP:-114.1@0.5169 | -59$ | -0.04/0
ETH:-0.014@3249.1 | -45$ | -0.03/-0.02
