2024-05-20 18:30:52,502
ON program started 20240520 18:30:52,
US time: 20240520 14:30:52
2024-05-20 18:30:53,572
the strat is currently running @ 20-05-2024 and the target positions is LONG
2024-05-20 18:30:55,389
CURRENT STATUS IS LONG
-----
return before 14h30:
BTCUSDT+1.25%, ETHUSDT+0.77%, XRPUSDT+0.71%
-----
target alloc initial:BTCUSDT+16.67%, ETHUSDT+16.67%, XRPUSDT+16.67%
-----
alloc target x rt%<0:BTCUSDT+16.67%, ETHUSDT+16.67%, XRPUSDT+16.67%
-----
           BTCUSDT ETHUSDT XRPUSDT
w_target     16.7%   16.7%   16.7%
rt_14h30     0.01%   0.01%   0.01%
w_target_f   16.7%   16.7%   16.7%
2024-05-20 18:30:55,390
Portfolio was rebalanced less than 2 hours ago, 15.0 hours ago
2024-05-20 18:30:55,391
Status: prev = LONG <> NEUTRAL = target
2024-05-20 18:30:55,391
the strat is currently running @ 20-05-2024 and the target positions is LONG
the strat was previously run @ 2024-05-20 03:30:55, success:yes 
   and the current positions is NEUTRAL
2024-05-20 18:30:56,606
positions_future #0
2024-05-20 18:30:56,606
Empty DataFrame
Columns: [symbol, positionAmt, entryPrice, breakEvenPrice, markPrice, unRealizedProfit, value_usd, updateTime, isolated, adlQuantile, AUMs_account, w%]
Index: []
2024-05-20 18:30:56,830
------------------------------
binance_account_balance
2024-05-20 18:30:56,830
  asset     balance  ...  marginAvailable   updateTime
6  USDT  279.116418  ...             True  20May-02:33

[1 rows x 8 columns]
2024-05-20 18:30:57,063
------------------------------
open_orders
2024-05-20 18:30:57,063
Empty DataFrame
Columns: []
Index: []
2024-05-20 18:30:57,723
------------------------------
AUMS account:279

2024-05-20 18:30:57,738
--------------- compute_futures_order_book() ----------------
2024-05-20 18:30:59,303
----------------------------------------------------------------------
#2 order(s) to place
gross$: 94$ | net$: +94$
gross%: 34% | net%: +34%
 || w>0%  +34% | w<0%  0%
----------------------------------------------------------------------
PTF Expo% 0.0% >> 50.0% (current>>target)
PTF expo $0.0 >> $139 (current>>target)
----------------------------------------------------------------------
2024-05-20 18:30:59,305
orders_ofthe_day
2024-05-20 18:30:59,305
                  ptf_usd  target_usd  totrd_usd  ...        bid        ask strategy
2024-05-20 18:30                                  ...                               
ETHUSDT               0.0       46.53       47.0  ...  3145.8500  3145.8600  STRATON
XRPUSDT               0.0       46.53       47.0  ...     0.5221     0.5222  STRATON

[2 rows x 10 columns]
2024-05-20 18:31:01,344
binance_place_orders_peg 20240520_183101
2024-05-20 18:31:01,785
{'orderId': 8389765682961775112, 'symbol': 'ETHUSDT', 'status': 'NEW', 'clientOrderId': 'STRATON', 'price': '3142.84', 'avgPrice': '0.00', 'origQty': '0.015', 'executedQty': '0.000', 'cumQty': '0.000', 'cumQuote': '0.00000', 'timeInForce': 'GTC', 'type': 'LIMIT', 'reduceOnly': False, 'closePosition': False, 'side': 'BUY', 'positionSide': 'BOTH', 'stopPrice': '0.00', 'workingType': 'CONTRACT_PRICE', 'priceProtect': False, 'origType': 'LIMIT', 'priceMatch': 'NONE', 'selfTradePreventionMode': 'NONE', 'goodTillDate': 0, 'updateTime': 1716229861676}
2024-05-20 18:31:02,230
{'orderId': 56924269129, 'symbol': 'XRPUSDT', 'status': 'NEW', 'clientOrderId': 'STRATON', 'price': '0.5217', 'avgPrice': '0.00', 'origQty': '90.0', 'executedQty': '0.0', 'cumQty': '0.0', 'cumQuote': '0.00000', 'timeInForce': 'GTC', 'type': 'LIMIT', 'reduceOnly': False, 'closePosition': False, 'side': 'BUY', 'positionSide': 'BOTH', 'stopPrice': '0.0000', 'workingType': 'CONTRACT_PRICE', 'priceProtect': False, 'origType': 'LIMIT', 'priceMatch': 'NONE', 'selfTradePreventionMode': 'NONE', 'goodTillDate': 0, 'updateTime': 1716229862119}
2024-05-20 18:31:03,798
update 0: filled 0 / 2 () | working 2 / 2 (+ETHUSDT,+XRPUSDT)
2024-05-20 18:31:07,798
+ETHUSDT: bp6.0|+XRPUSDT: bp8.0|
2024-05-20 18:31:08,681
update 1: filled 0 / 2 () | working 2 / 2 (+ETHUSDT,+XRPUSDT)
2024-05-20 18:31:12,682
+ETHUSDT: bp4.0|+XRPUSDT: bp8.0|
2024-05-20 18:31:13,567
update 2: filled 0 / 2 () | working 2 / 2 (+ETHUSDT,+XRPUSDT)
2024-05-20 18:31:17,568
+ETHUSDT: bp5.0|+XRPUSDT: bp8.0|
2024-05-20 18:31:18,451
update 3: filled 0 / 2 () | working 2 / 2 (+ETHUSDT,+XRPUSDT)
2024-05-20 18:31:22,452
+ETHUSDT: bp3.0|+XRPUSDT: bp6.0|
2024-05-20 18:31:23,333
update 4: filled 0 / 2 () | working 2 / 2 (+ETHUSDT,+XRPUSDT)
2024-05-20 18:31:27,334
+ETHUSDT: bp3.0|+XRPUSDT: bp8.0|
2024-05-20 18:31:28,214
update 5: filled 0 / 2 () | working 2 / 2 (+ETHUSDT,+XRPUSDT)
2024-05-20 18:31:32,215
+ETHUSDT: bp5.0|+XRPUSDT: bp8.0|
2024-05-20 18:31:33,095
update 6: filled 0 / 2 () | working 2 / 2 (+ETHUSDT,+XRPUSDT)
2024-05-20 18:31:37,096
+ETHUSDT: bp6.0|+XRPUSDT: bp8.0|
2024-05-20 18:31:37,975
update 7: filled 0 / 2 () | working 2 / 2 (+ETHUSDT,+XRPUSDT)
2024-05-20 18:31:41,976
+ETHUSDT: bp4.0|+XRPUSDT: bp8.0|
2024-05-20 18:31:42,856
update 8: filled 0 / 2 () | working 2 / 2 (+ETHUSDT,+XRPUSDT)
2024-05-20 18:31:46,857
+ETHUSDT: bp7.0|+XRPUSDT: bp6.0|
2024-05-20 18:31:47,735
update 9: filled 0 / 2 () | working 2 / 2 (+ETHUSDT,+XRPUSDT)
2024-05-20 18:31:51,736
+ETHUSDT: bp8.0|+XRPUSDT: bp8.0|
2024-05-20 18:31:52,619
update 10: filled 0 / 2 () | working 2 / 2 (+ETHUSDT,+XRPUSDT)
2024-05-20 18:31:56,619
+ETHUSDT: bp5.0|+XRPUSDT: bp8.0|
2024-05-20 18:31:57,501
update 11: filled 0 / 2 () | working 2 / 2 (+ETHUSDT,+XRPUSDT)
2024-05-20 18:32:01,502
+ETHUSDT: bp6.0|+XRPUSDT: bp8.0|
2024-05-20 18:32:02,382
update 12: filled 0 / 2 () | working 2 / 2 (+ETHUSDT,+XRPUSDT)
2024-05-20 18:32:06,383
+ETHUSDT: bp6.0|+XRPUSDT: bp8.0|
2024-05-20 18:32:07,265
update 13: filled 0 / 2 () | working 2 / 2 (+ETHUSDT,+XRPUSDT)
2024-05-20 18:32:11,266
+ETHUSDT: bp7.0|+XRPUSDT: bp6.0|
2024-05-20 18:32:12,144
update 14: filled 0 / 2 () | working 2 / 2 (+ETHUSDT,+XRPUSDT)
2024-05-20 18:32:16,145
+ETHUSDT: bp7.0|+XRPUSDT: bp8.0|
2024-05-20 18:32:16,145
Adjustment limit #1 ... 
 we cancel current orders and replace
2024-05-20 18:32:16,145
@+/-2.5bp limit 
2024-05-20 18:32:16,145
binance_cancel_and_replace_orders_peg 20240520_183216
2024-05-20 18:32:18,352
binance_place_orders_peg 20240520_183218
2024-05-20 18:32:18,791
{'orderId': 8389765682962045995, 'symbol': 'ETHUSDT', 'status': 'NEW', 'clientOrderId': 'STRATON', 'price': '3142.32', 'avgPrice': '0.00', 'origQty': '0.015', 'executedQty': '0.000', 'cumQty': '0.000', 'cumQuote': '0.00000', 'timeInForce': 'GTC', 'type': 'LIMIT', 'reduceOnly': False, 'closePosition': False, 'side': 'BUY', 'positionSide': 'BOTH', 'stopPrice': '0.00', 'workingType': 'CONTRACT_PRICE', 'priceProtect': False, 'origType': 'LIMIT', 'priceMatch': 'NONE', 'selfTradePreventionMode': 'NONE', 'goodTillDate': 0, 'updateTime': 1716229938683}
2024-05-20 18:32:19,232
{'orderId': 56924301769, 'symbol': 'XRPUSDT', 'status': 'NEW', 'clientOrderId': 'STRATON', 'price': '0.5218', 'avgPrice': '0.00', 'origQty': '90.0', 'executedQty': '0.0', 'cumQty': '0.0', 'cumQuote': '0.00000', 'timeInForce': 'GTC', 'type': 'LIMIT', 'reduceOnly': False, 'closePosition': False, 'side': 'BUY', 'positionSide': 'BOTH', 'stopPrice': '0.0000', 'workingType': 'CONTRACT_PRICE', 'priceProtect': False, 'origType': 'LIMIT', 'priceMatch': 'NONE', 'selfTradePreventionMode': 'NONE', 'goodTillDate': 0, 'updateTime': 1716229939123}
2024-05-20 18:32:20,124
update 0: filled 0 / 2 () | working 2 / 2 (+ETHUSDT,+XRPUSDT)
2024-05-20 18:32:24,125
+ETHUSDT: bp5.0|+XRPUSDT: bp4.0|
2024-05-20 18:32:25,005
update 1: filled 0 / 2 () | working 2 / 2 (+ETHUSDT,+XRPUSDT)
2024-05-20 18:32:29,006
+ETHUSDT: bp3.0|+XRPUSDT: bp4.0|
2024-05-20 18:32:29,886
update 2: filled 1 / 2 (+ETHUSDT) | working 1 / 2 (+XRPUSDT)
2024-05-20 18:32:33,887
+XRPUSDT: bp4.0|
2024-05-20 18:32:34,770
update 3: filled 1 / 2 (+ETHUSDT) | working 1 / 2 (+XRPUSDT)
2024-05-20 18:32:38,771
+XRPUSDT: bp2.0|
2024-05-20 18:32:39,651
update 4: filled 1 / 2 (+ETHUSDT) | working 1 / 2 (+XRPUSDT)
2024-05-20 18:32:43,652
+XRPUSDT: bp2.0|
2024-05-20 18:32:44,531
update 5: filled 1 / 2 (+ETHUSDT) | working 1 / 2 (+XRPUSDT)
2024-05-20 18:32:48,532
+XRPUSDT: bp4.0|
2024-05-20 18:32:49,415
update 6: filled 1 / 2 (+ETHUSDT) | working 1 / 2 (+XRPUSDT)
2024-05-20 18:32:53,416
+XRPUSDT: bp4.0|
2024-05-20 18:32:54,295
update 7: filled 1 / 2 (+ETHUSDT) | working 1 / 2 (+XRPUSDT)
2024-05-20 18:32:58,296
+XRPUSDT: bp4.0|
2024-05-20 18:32:59,177
update 8: filled 1 / 2 (+ETHUSDT) | working 1 / 2 (+XRPUSDT)
2024-05-20 18:33:03,178
+XRPUSDT: bp4.0|
2024-05-20 18:33:04,059
update 9: filled 1 / 2 (+ETHUSDT) | working 1 / 2 (+XRPUSDT)
2024-05-20 18:33:08,060
+XRPUSDT: bp4.0|
2024-05-20 18:33:08,942
update 10: filled 1 / 2 (+ETHUSDT) | working 1 / 2 (+XRPUSDT)
2024-05-20 18:33:12,943
+XRPUSDT: bp2.0|
2024-05-20 18:33:13,826
update 11: filled 1 / 2 (+ETHUSDT) | working 1 / 2 (+XRPUSDT)
2024-05-20 18:33:17,827
+XRPUSDT: bp4.0|
2024-05-20 18:33:18,706
update 12: filled 1 / 2 (+ETHUSDT) | working 1 / 2 (+XRPUSDT)
2024-05-20 18:33:22,706
+XRPUSDT: bp4.0|
2024-05-20 18:33:23,586
update 13: filled 1 / 2 (+ETHUSDT) | working 1 / 2 (+XRPUSDT)
2024-05-20 18:33:27,586
+XRPUSDT: bp2.0|
2024-05-20 18:33:28,465
update 14: filled 1 / 2 (+ETHUSDT) | working 1 / 2 (+XRPUSDT)
2024-05-20 18:33:32,466
+XRPUSDT: bp4.0|
2024-05-20 18:33:32,466
Adjustment limit #2 ... 
 we cancel current orders and replace
2024-05-20 18:33:32,466
@+/-1.25bp limit 
2024-05-20 18:33:32,466
binance_cancel_and_replace_orders_peg 20240520_183332
2024-05-20 18:33:34,012
binance_place_orders_peg 20240520_183334
2024-05-20 18:33:34,459
{'orderId': 56924333425, 'symbol': 'XRPUSDT', 'status': 'NEW', 'clientOrderId': 'STRATON', 'price': '0.5220', 'avgPrice': '0.00', 'origQty': '90.0', 'executedQty': '0.0', 'cumQty': '0.0', 'cumQuote': '0.00000', 'timeInForce': 'GTC', 'type': 'LIMIT', 'reduceOnly': False, 'closePosition': False, 'side': 'BUY', 'positionSide': 'BOTH', 'stopPrice': '0.0000', 'workingType': 'CONTRACT_PRICE', 'priceProtect': False, 'origType': 'LIMIT', 'priceMatch': 'NONE', 'selfTradePreventionMode': 'NONE', 'goodTillDate': 0, 'updateTime': 1716230014351}
2024-05-20 18:33:35,346
update 0: filled 1 / 2 (+ETHUSDT) | working 1 / 2 (+XRPUSDT)
2024-05-20 18:33:39,347
+XRPUSDT: bp2.0|
2024-05-20 18:33:40,229
update 1: filled 1 / 2 (+ETHUSDT) | working 1 / 2 (+XRPUSDT)
2024-05-20 18:33:44,230
+XRPUSDT: bp4.0|
2024-05-20 18:33:45,109
update 2: filled 2 / 2 (+ETHUSDT,+XRPUSDT) | working 0 / 2 ()
2024-05-20 18:33:51,559
Trades of the day
in$
as of: 20May 18:32>>18:33 (#trades: 2)
trade net: +94.0 (+33.7%), trade gross: +94.0 (+33.7%), BUY: +94.0 (+33.7%), SELL: +0.0 (+0.0%)
fees: $ 0.019 (2.0bp)
2024-05-20 18:33:52,012
Trades: 
Filled #2
______________________________________________
                   in$ | in bp 94 traded | in bp 279 AUMs
realizedPnl    +0      | +0      | +0     
PnLvsArrival   +0.06   | +6      | +2     
PnLvsLast      +0.05   | +5      | +2     
______________________________________________
                 | Value$ | PnL Arrival/Last 
______________________________________________
XRP:+90@0.522  | +47$ | 0.01/0.01
ETH:+0.015@3142.32 | +47$ | 0.05/0.04
