2023-12-10 21:31:07,367
ON program started 20231210 21:31:07,
US time: 20231210 16:31:07
2023-12-10 21:31:08,689
the strat is currently running @ 10-12-2023 and the target positions is LONG
2023-12-10 21:31:10,109
CURRENT STATUS IS LONG
-----
return before 14h30:
BTCUSDT-0.25%, ETHUSDT+0.10%, XRPUSDT-1.06%
-----
target alloc initial:BTCUSDT+16.67%, ETHUSDT+16.67%, XRPUSDT+16.67%
-----
alloc target x rt%<0:BTCUSDT+16.67%, ETHUSDT+16.67%, XRPUSDT+16.67%
-----
           BTCUSDT ETHUSDT XRPUSDT
w_target     16.7%   16.7%   16.7%
rt_14h30    -0.00%   0.00%  -0.01%
w_target_f   16.7%   16.7%   16.7%
2023-12-10 21:31:10,111
Portfolio was rebalanced less than 2 hours ago, 1.0 hours ago
2023-12-10 21:31:10,114
Status: prev = LONG <> LONG = target
2023-12-10 21:31:10,114
the strat is currently running @ 10-12-2023 and the target positions is LONG
the strat was previously run @ 2023-12-10 20:30:55 UTC, success:yes 
   and the current positions is LONG
2023-12-10 21:31:11,350
positions_future #2
2023-12-10 21:31:11,350
      symbol  positionAmt entryPrice  ... adlQuantile AUMs_account        w%
124  XRPUSDT        73.00     0.6618  ...           2        290.0  0.167281
158  ETHUSDT         0.02    2356.16  ...           1        290.0  0.163235

[2 rows x 12 columns]
2023-12-10 21:31:11,458
programm stoppeddd!!! 20231210_213111
