2024-05-20 22:30:41,083
ON program started 20240520 22:30:41,
US time: 20240520 18:30:41
2024-05-20 22:30:42,001
the strat is currently running @ 20-05-2024 and the target positions is SHORT
2024-05-20 22:30:43,402
CURRENT STATUS IS SHORT, WE CHECK IF THE DAY IS A NEGATIVE ONE
-----
return before 14h30:
BTCUSDT+1.25%, ETHUSDT+0.77%, XRPUSDT+0.71%
-----
target alloc initial:BTCUSDT-4.17%, ETHUSDT+0.00%, XRPUSDT-4.17%
-----
alloc target x rt%<0:BTCUSDT-0.00%, ETHUSDT+0.00%, XRPUSDT-0.00%
-----
           BTCUSDT ETHUSDT XRPUSDT
w_target     -4.2%    0.0%   -4.2%
rt_14h30     0.01%   0.01%   0.01%
w_target_f   -0.0%    0.0%   -0.0%
2024-05-20 22:30:43,403
Portfolio was rebalanced less than 2 hours ago, 1.0 hours ago
2024-05-20 22:30:43,405
Status: prev = SHORT <> LONG = target
2024-05-20 22:30:43,405
the strat is currently running @ 20-05-2024 and the target positions is SHORT
the strat was previously run @ 2024-05-20 21:30:54, success:yes 
   and the current positions is LONG
2024-05-20 22:30:44,602
positions_future #2
2024-05-20 22:30:44,603
      symbol  positionAmt entryPrice  ... adlQuantile AUMs_account       w%
167  ETHUSDT        0.015    3142.32  ...           1        287.8  0.19037
134  XRPUSDT       90.000      0.522  ...           2        287.8  0.16682

[2 rows x 12 columns]
2024-05-20 22:30:44,845
------------------------------
binance_account_balance
2024-05-20 22:30:44,845
  asset     balance  ...  marginAvailable   updateTime
6  USDT  279.097595  ...             True  20May-18:33

[1 rows x 8 columns]
2024-05-20 22:30:45,510
------------------------------
open_orders
2024-05-20 22:30:45,510
Empty DataFrame
Columns: []
Index: []
2024-05-20 22:30:46,161
------------------------------
AUMS account:287

2024-05-20 22:30:46,164
--------------- compute_futures_order_book() ----------------
2024-05-20 22:30:47,712
----------------------------------------------------------------------
#2 order(s) to place
gross$: 103$ | net$: -103$
gross%: 36% | net%: -36%
 || w>0%  +0% | w<0%  -36%
----------------------------------------------------------------------
PTF Expo% 35.7% >> 0.0% (current>>target)
PTF expo $103.0 >> $0 (current>>target)
----------------------------------------------------------------------
2024-05-20 22:30:47,714
orders_ofthe_day
2024-05-20 22:30:47,714
                  ptf_usd  target_usd  totrd_usd  ...        bid        ask strategy
2024-05-20 22:30                                  ...                               
ETHUSDT              55.0         0.0      -55.0  ...  3652.2000  3652.2100  STRATON
XRPUSDT              48.0        -0.0      -48.0  ...     0.5333     0.5334  STRATON

[2 rows x 10 columns]
2024-05-20 22:30:49,218
binance_place_orders_peg 20240520_223049
2024-05-20 22:30:49,655
{'orderId': 8389765683054313828, 'symbol': 'ETHUSDT', 'status': 'NEW', 'clientOrderId': 'STRATON', 'price': '3654.17', 'avgPrice': '0.00', 'origQty': '0.015', 'executedQty': '0.000', 'cumQty': '0.000', 'cumQuote': '0.00000', 'timeInForce': 'GTC', 'type': 'LIMIT', 'reduceOnly': False, 'closePosition': False, 'side': 'SELL', 'positionSide': 'BOTH', 'stopPrice': '0.00', 'workingType': 'CONTRACT_PRICE', 'priceProtect': False, 'origType': 'LIMIT', 'priceMatch': 'NONE', 'selfTradePreventionMode': 'NONE', 'goodTillDate': 0, 'updateTime': 1716244249545}
2024-05-20 22:30:50,093
{'orderId': 56939387630, 'symbol': 'XRPUSDT', 'status': 'NEW', 'clientOrderId': 'STRATON', 'price': '0.5337', 'avgPrice': '0.00', 'origQty': '90.0', 'executedQty': '0.0', 'cumQty': '0.0', 'cumQuote': '0.00000', 'timeInForce': 'GTC', 'type': 'LIMIT', 'reduceOnly': False, 'closePosition': False, 'side': 'SELL', 'positionSide': 'BOTH', 'stopPrice': '0.0000', 'workingType': 'CONTRACT_PRICE', 'priceProtect': False, 'origType': 'LIMIT', 'priceMatch': 'NONE', 'selfTradePreventionMode': 'NONE', 'goodTillDate': 0, 'updateTime': 1716244249981}
2024-05-20 22:30:51,651
update 0: filled 0 / 2 () | working 2 / 2 (-ETHUSDT,-XRPUSDT)
2024-05-20 22:30:55,651
-ETHUSDT: bp3.0|-XRPUSDT: bp4.0|
2024-05-20 22:30:56,527
update 1: filled 0 / 2 () | working 2 / 2 (-ETHUSDT,-XRPUSDT)
2024-05-20 22:31:00,528
-ETHUSDT: bp3.0|-XRPUSDT: bp4.0|
2024-05-20 22:31:01,403
update 2: filled 0 / 2 () | working 2 / 2 (-ETHUSDT,-XRPUSDT)
2024-05-20 22:31:05,404
-ETHUSDT: bp5.0|-XRPUSDT: bp6.0|
2024-05-20 22:31:06,279
update 3: filled 0 / 2 () | working 2 / 2 (-ETHUSDT,-XRPUSDT)
2024-05-20 22:31:10,279
-ETHUSDT: bp4.0|-XRPUSDT: bp6.0|
2024-05-20 22:31:11,152
update 4: filled 0 / 2 () | working 2 / 2 (-ETHUSDT,-XRPUSDT)
2024-05-20 22:31:15,152
-ETHUSDT: bp4.0|-XRPUSDT: bp6.0|
2024-05-20 22:31:16,026
update 5: filled 0 / 2 () | working 2 / 2 (-ETHUSDT,-XRPUSDT)
2024-05-20 22:31:20,027
-ETHUSDT: bp10.0|-XRPUSDT: bp6.0|
2024-05-20 22:31:20,903
update 6: filled 0 / 2 () | working 2 / 2 (-ETHUSDT,-XRPUSDT)
2024-05-20 22:31:24,904
-ETHUSDT: bp10.0|-XRPUSDT: bp6.0|
2024-05-20 22:31:25,776
update 7: filled 0 / 2 () | working 2 / 2 (-ETHUSDT,-XRPUSDT)
2024-05-20 22:31:29,777
-ETHUSDT: bp10.0|-XRPUSDT: bp8.0|
2024-05-20 22:31:30,654
update 8: filled 0 / 2 () | working 2 / 2 (-ETHUSDT,-XRPUSDT)
2024-05-20 22:31:34,654
-ETHUSDT: bp10.0|-XRPUSDT: bp6.0|
2024-05-20 22:31:35,526
update 9: filled 0 / 2 () | working 2 / 2 (-ETHUSDT,-XRPUSDT)
2024-05-20 22:31:39,527
-ETHUSDT: bp10.0|-XRPUSDT: bp6.0|
2024-05-20 22:31:40,403
update 10: filled 0 / 2 () | working 2 / 2 (-ETHUSDT,-XRPUSDT)
2024-05-20 22:31:44,404
-ETHUSDT: bp3.0|-XRPUSDT: bp4.0|
2024-05-20 22:31:45,277
update 11: filled 0 / 2 () | working 2 / 2 (-ETHUSDT,-XRPUSDT)
2024-05-20 22:31:49,278
-ETHUSDT: bp4.0|-XRPUSDT: bp6.0|
2024-05-20 22:31:50,154
update 12: filled 0 / 2 () | working 2 / 2 (-ETHUSDT,-XRPUSDT)
2024-05-20 22:31:54,155
-ETHUSDT: bp2.0|-XRPUSDT: bp6.0|
2024-05-20 22:31:55,028
update 13: filled 0 / 2 () | working 2 / 2 (-ETHUSDT,-XRPUSDT)
2024-05-20 22:31:59,029
-ETHUSDT: bp8.0|-XRPUSDT: bp6.0|
2024-05-20 22:31:59,903
update 14: filled 0 / 2 () | working 2 / 2 (-ETHUSDT,-XRPUSDT)
2024-05-20 22:32:03,904
-ETHUSDT: bp4.0|-XRPUSDT: bp4.0|
2024-05-20 22:32:03,904
Adjustment limit #1 ... 
 we cancel current orders and replace
2024-05-20 22:32:03,904
@+/-2.5bp limit 
2024-05-20 22:32:03,904
binance_cancel_and_replace_orders_peg 20240520_223203
2024-05-20 22:32:06,103
binance_place_orders_peg 20240520_223206
2024-05-20 22:32:06,541
{'orderId': 8389765683054716606, 'symbol': 'ETHUSDT', 'status': 'NEW', 'clientOrderId': 'STRATON', 'price': '3653.86', 'avgPrice': '0.00', 'origQty': '0.015', 'executedQty': '0.000', 'cumQty': '0.000', 'cumQuote': '0.00000', 'timeInForce': 'GTC', 'type': 'LIMIT', 'reduceOnly': False, 'closePosition': False, 'side': 'SELL', 'positionSide': 'BOTH', 'stopPrice': '0.00', 'workingType': 'CONTRACT_PRICE', 'priceProtect': False, 'origType': 'LIMIT', 'priceMatch': 'NONE', 'selfTradePreventionMode': 'NONE', 'goodTillDate': 0, 'updateTime': 1716244326430}
2024-05-20 22:32:06,978
{'orderId': 56939458363, 'symbol': 'XRPUSDT', 'status': 'NEW', 'clientOrderId': 'STRATON', 'price': '0.5336', 'avgPrice': '0.00', 'origQty': '90.0', 'executedQty': '0.0', 'cumQty': '0.0', 'cumQuote': '0.00000', 'timeInForce': 'GTC', 'type': 'LIMIT', 'reduceOnly': False, 'closePosition': False, 'side': 'SELL', 'positionSide': 'BOTH', 'stopPrice': '0.0000', 'workingType': 'CONTRACT_PRICE', 'priceProtect': False, 'origType': 'LIMIT', 'priceMatch': 'NONE', 'selfTradePreventionMode': 'NONE', 'goodTillDate': 0, 'updateTime': 1716244326867}
2024-05-20 22:32:07,860
update 0: filled 1 / 2 (-ETHUSDT) | working 1 / 2 (-XRPUSDT)
2024-05-20 22:32:11,860
-XRPUSDT: bp2.0|
2024-05-20 22:32:12,732
update 1: filled 1 / 2 (-ETHUSDT) | working 1 / 2 (-XRPUSDT)
2024-05-20 22:32:16,732
-XRPUSDT: bp2.0|
2024-05-20 22:32:17,605
update 2: filled 1 / 2 (-ETHUSDT) | working 1 / 2 (-XRPUSDT)
2024-05-20 22:32:21,606
-XRPUSDT: bp4.0|
2024-05-20 22:32:22,477
update 3: filled 1 / 2 (-ETHUSDT) | working 1 / 2 (-XRPUSDT)
2024-05-20 22:32:26,478
-XRPUSDT: bp6.0|
2024-05-20 22:32:27,349
update 4: filled 1 / 2 (-ETHUSDT) | working 1 / 2 (-XRPUSDT)
2024-05-20 22:32:31,350
-XRPUSDT: bp4.0|
2024-05-20 22:32:32,225
update 5: filled 1 / 2 (-ETHUSDT) | working 1 / 2 (-XRPUSDT)
2024-05-20 22:32:36,226
-XRPUSDT: bp4.0|
2024-05-20 22:32:37,102
update 6: filled 1 / 2 (-ETHUSDT) | working 1 / 2 (-XRPUSDT)
2024-05-20 22:32:41,103
-XRPUSDT: bp4.0|
2024-05-20 22:32:41,975
update 7: filled 1 / 2 (-ETHUSDT) | working 1 / 2 (-XRPUSDT)
2024-05-20 22:32:45,975
-XRPUSDT: bp4.0|
2024-05-20 22:32:46,847
update 8: filled 1 / 2 (-ETHUSDT) | working 1 / 2 (-XRPUSDT)
2024-05-20 22:32:50,847
-XRPUSDT: bp4.0|
2024-05-20 22:32:51,721
update 9: filled 1 / 2 (-ETHUSDT) | working 1 / 2 (-XRPUSDT)
2024-05-20 22:32:55,722
-XRPUSDT: bp4.0|
2024-05-20 22:32:56,594
update 10: filled 1 / 2 (-ETHUSDT) | working 1 / 2 (-XRPUSDT)
2024-05-20 22:33:00,595
-XRPUSDT: bp2.0|
2024-05-20 22:33:01,472
update 11: filled 1 / 2 (-ETHUSDT) | working 1 / 2 (-XRPUSDT)
2024-05-20 22:33:05,473
-XRPUSDT: bp0.0|
2024-05-20 22:33:06,344
update 12: filled 1 / 2 (-ETHUSDT) | working 1 / 2 (-XRPUSDT)
2024-05-20 22:33:10,345
-XRPUSDT: bp0.0|
2024-05-20 22:33:11,216
update 13: filled 1 / 2 (-ETHUSDT) | working 1 / 2 (-XRPUSDT)
2024-05-20 22:33:15,216
-XRPUSDT: bp0.0|
2024-05-20 22:33:16,088
update 14: filled 1 / 2 (-ETHUSDT) | working 1 / 2 (-XRPUSDT)
2024-05-20 22:33:20,089
-XRPUSDT: bp2.0|
2024-05-20 22:33:20,089
Adjustment limit #2 ... 
 we cancel current orders and replace
2024-05-20 22:33:20,089
@+/-1.25bp limit 
2024-05-20 22:33:20,089
binance_cancel_and_replace_orders_peg 20240520_223320
2024-05-20 22:33:21,624
binance_place_orders_peg 20240520_223321
2024-05-20 22:33:22,059
{'orderId': 56939539806, 'symbol': 'XRPUSDT', 'status': 'NEW', 'clientOrderId': 'STRATON', 'price': '0.5336', 'avgPrice': '0.00', 'origQty': '90.0', 'executedQty': '0.0', 'cumQty': '0.0', 'cumQuote': '0.00000', 'timeInForce': 'GTC', 'type': 'LIMIT', 'reduceOnly': False, 'closePosition': False, 'side': 'SELL', 'positionSide': 'BOTH', 'stopPrice': '0.0000', 'workingType': 'CONTRACT_PRICE', 'priceProtect': False, 'origType': 'LIMIT', 'priceMatch': 'NONE', 'selfTradePreventionMode': 'NONE', 'goodTillDate': 0, 'updateTime': 1716244401950}
2024-05-20 22:33:22,940
update 0: filled 1 / 2 (-ETHUSDT) | working 1 / 2 (-XRPUSDT)
2024-05-20 22:33:26,941
-XRPUSDT: bp4.0|
2024-05-20 22:33:27,812
update 1: filled 1 / 2 (-ETHUSDT) | working 1 / 2 (-XRPUSDT)
2024-05-20 22:33:31,812
-XRPUSDT: bp2.0|
2024-05-20 22:33:32,685
update 2: filled 1 / 2 (-ETHUSDT) | working 1 / 2 (-XRPUSDT)
2024-05-20 22:33:36,686
-XRPUSDT: bp4.0|
2024-05-20 22:33:37,557
update 3: filled 1 / 2 (-ETHUSDT) | working 1 / 2 (-XRPUSDT)
2024-05-20 22:33:41,558
-XRPUSDT: bp4.0|
2024-05-20 22:33:42,430
update 4: filled 1 / 2 (-ETHUSDT) | working 1 / 2 (-XRPUSDT)
2024-05-20 22:33:46,431
-XRPUSDT: bp4.0|
2024-05-20 22:33:47,303
update 5: filled 1 / 2 (-ETHUSDT) | working 1 / 2 (-XRPUSDT)
2024-05-20 22:33:51,304
-XRPUSDT: bp2.0|
2024-05-20 22:33:52,177
update 6: filled 1 / 2 (-ETHUSDT) | working 1 / 2 (-XRPUSDT)
2024-05-20 22:33:56,178
-XRPUSDT: bp2.0|
2024-05-20 22:33:57,050
update 7: filled 1 / 2 (-ETHUSDT) | working 1 / 2 (-XRPUSDT)
2024-05-20 22:34:01,050
-XRPUSDT: bp2.0|
2024-05-20 22:34:01,921
update 8: filled 1 / 2 (-ETHUSDT) | working 1 / 2 (-XRPUSDT)
2024-05-20 22:34:05,922
-XRPUSDT: bp0.0|
2024-05-20 22:34:06,804
update 9: filled 1 / 1 (-ETHUSDT) | working 0 / 1 ()
2024-05-20 22:34:10,805

2024-05-20 22:34:11,679
update 10: filled 1 / 1 (-ETHUSDT) | working 0 / 1 ()
2024-05-20 22:34:15,680

2024-05-20 22:34:16,554
update 11: filled 2 / 2 (-ETHUSDT,-XRPUSDT) | working 0 / 2 ()
2024-05-20 22:34:22,978
Trades of the day
in$
as of: 20May 22:32>>22:34 (#trades: 2)
trade net: -103.0 (-35.8%), trade gross: +103.0 (+35.8%), BUY: +0.0 (+0.0%), SELL: -103.0 (-35.8%)
fees: $ 0.021 (2.0bp)
2024-05-20 22:34:23,429
Trades: 
Filled #2
______________________________________________
                   in$ | in bp 102 traded | in bp 287 AUMs
realizedPnl    +8.71   | +847    | +303   
PnLvsArrival   +0.04   | +4      | +1     
PnLvsLast      +0.02   | +2      | +1     
______________________________________________
                 | Value$ | PnL Arrival/Last 
______________________________________________
ETH:-0.015@3653.86 | -55$ | 0.02/0.02
XRP:-90@0.5336  | -48$ | 0.02/0
