2024-08-04 00:30:57,559
ON program started 20240804 00:30:57,
US time: 20240803 20:30:57
2024-08-04 00:30:58,194
the strat is currently running @ 04-08-2024 and the target positions is SHORT
2024-08-04 00:30:59,967
CURRENT STATUS IS SHORT, WE CHECK IF THE DAY IS A NEGATIVE ONE
-----
return before 14h30:
BTCUSDT-0.11%, ETHUSDT+0.01%, XRPUSDT-0.49%
-----
target alloc initial:BTCUSDT-4.17%, ETHUSDT+0.00%, XRPUSDT-4.17%
-----
alloc target x rt%<0:BTCUSDT-4.17%, ETHUSDT+0.00%, XRPUSDT-4.17%
-----
           BTCUSDT ETHUSDT XRPUSDT
w_target     -4.2%    0.0%   -4.2%
rt_14h30    -0.00%   0.00%  -0.00%
w_target_f   -4.2%    0.0%   -4.2%
2024-08-04 00:30:59,968
Portfolio was rebalanced less than 2 hours ago, 1.0 hours ago
2024-08-04 00:30:59,970
Status: prev = SHORT <> SHORT = target
2024-08-04 00:30:59,970
the strat is currently running @ 04-08-2024 and the target positions is SHORT
the strat was previously run @ 2024-08-03 23:30:40, success:yes 
   and the current positions is SHORT
2024-08-04 00:31:01,098
positions_future #0
2024-08-04 00:31:01,099
Empty DataFrame
Columns: [symbol, positionAmt, entryPrice, breakEvenPrice, markPrice, unRealizedProfit, value_usd, updateTime, isolated, adlQuantile, AUMs_account, w%]
Index: []
2024-08-04 00:31:01,169
programm stoppeddd!!! 20240804_003101
