2024-02-08 21:30:33,773
ON program started 20240208 21:30:33,
US time: 20240208 16:30:33
2024-02-08 21:30:34,267
the strat is currently running @ 08-02-2024 and the target positions is LONG
2024-02-08 21:30:35,696
CURRENT STATUS IS LONG
-----
return before 14h30:
BTCUSDT+1.43%, ETHUSDT-0.00%, XRPUSDT+0.18%
-----
target alloc initial:BTCUSDT+16.67%, ETHUSDT+16.67%, XRPUSDT+16.67%
-----
alloc target x rt%<0:BTCUSDT+16.67%, ETHUSDT+16.67%, XRPUSDT+16.67%
-----
           BTCUSDT ETHUSDT XRPUSDT
w_target     16.7%   16.7%   16.7%
rt_14h30     0.01%  -0.00%   0.00%
w_target_f   16.7%   16.7%   16.7%
2024-02-08 21:30:35,698
Portfolio was rebalanced less than 2 hours ago, 1.0 hours ago
2024-02-08 21:30:35,700
Status: prev = LONG <> LONG = target
2024-02-08 21:30:35,700
the strat is currently running @ 08-02-2024 and the target positions is LONG
the strat was previously run @ 2024-02-08 20:31:09, success:yes 
   and the current positions is LONG
2024-02-08 21:30:36,905
positions_future #2
2024-02-08 21:30:36,905
      symbol  positionAmt entryPrice  ... adlQuantile AUMs_account        w%
148  ETHUSDT         0.02    2430.09  ...           1        290.4  0.167184
119  XRPUSDT        93.00      0.517  ...           1        290.4  0.165494

[2 rows x 12 columns]
2024-02-08 21:30:36,986
programm stoppeddd!!! 20240208_213036
