2024-03-09 02:30:59,996
ON program started 20240309 02:30:59,
US time: 20240308 21:30:59
2024-03-09 02:31:01,337
the strat is currently running @ 09-03-2024 and the target positions is SHORT
2024-03-09 02:31:02,749
CURRENT STATUS IS SHORT, WE CHECK IF THE DAY IS A NEGATIVE ONE
-----
return before 14h30:
BTCUSDT-0.07%, ETHUSDT+0.79%, XRPUSDT+0.82%
-----
target alloc initial:BTCUSDT-4.17%, ETHUSDT+0.00%, XRPUSDT-4.17%
-----
alloc target x rt%<0:BTCUSDT-4.17%, ETHUSDT+0.00%, XRPUSDT-0.00%
-----
           BTCUSDT ETHUSDT XRPUSDT
w_target     -4.2%    0.0%   -4.2%
rt_14h30    -0.00%   0.01%   0.01%
w_target_f   -4.2%    0.0%   -0.0%
2024-03-09 02:31:02,750
Portfolio was rebalanced less than 2 hours ago, 1.0 hours ago
2024-03-09 02:31:02,752
Status: prev = SHORT <> SHORT = target
2024-03-09 02:31:02,752
the strat is currently running @ 09-03-2024 and the target positions is SHORT
the strat was previously run @ 2024-03-09 01:30:58, success:? 
   and the current positions is SHORT
2024-03-09 02:31:03,965
positions_future #0
2024-03-09 02:31:03,965
Empty DataFrame
Columns: [symbol, positionAmt, entryPrice, breakEvenPrice, markPrice, unRealizedProfit, value_usd, updateTime, isolated, adlQuantile, AUMs_account, w%]
Index: []
2024-03-09 02:31:04,186
------------------------------
binance_account_balance
2024-03-09 02:31:04,187
  asset   balance  ...  marginAvailable   updateTime
6  USDT  290.3748  ...             True  09Mar-01:31

[1 rows x 8 columns]
2024-03-09 02:31:04,420
------------------------------
open_orders
2024-03-09 02:31:04,420
Empty DataFrame
Columns: []
Index: []
2024-03-09 02:31:05,070
------------------------------
AUMS account:290

2024-03-09 02:31:05,072
--------------- compute_futures_order_book() ----------------
2024-03-09 02:31:06,625
----------------------------------------------------------------------
#0 order(s) to place
gross$: 0$ | net$: +0$
gross%: 0% | net%: +0%
 || w>0%  +0% | w<0%  0%
----------------------------------------------------------------------
PTF Expo% 0.0% >> -4.1% (current>>target)
PTF expo $0.0 >> $-12 (current>>target)
----------------------------------------------------------------------
2024-03-09 02:31:06,627
orders_ofthe_day
2024-03-09 02:31:06,627
Empty DataFrame
Columns: [ptf_usd, target_usd, totrd_usd, posttrd_usd, qty, posttrd_qty, posttrd_w, bid, ask, strategy]
Index: []
2024-03-09 02:31:06,715
Orders of the day is empty, current and target potfolios are aligned
2024-03-09 02:31:06,716
Program stopped
