2024-04-18 22:30:52,099
ON program started 20240418 22:30:52,
US time: 20240418 18:30:52
2024-04-18 22:30:53,244
the strat is currently running @ 18-04-2024 and the target positions is SHORT
2024-04-18 22:30:54,681
CURRENT STATUS IS SHORT, WE CHECK IF THE DAY IS A NEGATIVE ONE
-----
return before 14h30:
BTCUSDT+2.50%, ETHUSDT+2.14%, XRPUSDT+0.16%
-----
target alloc initial:BTCUSDT-4.17%, ETHUSDT+0.00%, XRPUSDT-4.17%
-----
alloc target x rt%<0:BTCUSDT-0.00%, ETHUSDT+0.00%, XRPUSDT-0.00%
-----
           BTCUSDT ETHUSDT XRPUSDT
w_target     -4.2%    0.0%   -4.2%
rt_14h30     0.03%   0.02%   0.00%
w_target_f   -0.0%    0.0%   -0.0%
2024-04-18 22:30:54,683
Portfolio was rebalanced less than 2 hours ago, 1.0 hours ago
2024-04-18 22:30:54,685
Status: prev = SHORT <> LONG = target
2024-04-18 22:30:54,685
the strat is currently running @ 18-04-2024 and the target positions is SHORT
the strat was previously run @ 2024-04-18 21:31:00, success:yes 
   and the current positions is LONG
2024-04-18 22:30:55,926
positions_future #2
2024-04-18 22:30:55,926
      symbol  positionAmt entryPrice  ... adlQuantile AUMs_account        w%
130  XRPUSDT       94.400     0.4976  ...           2        280.4  0.168883
163  ETHUSDT        0.015    3037.52  ...           2        280.4  0.163855

[2 rows x 12 columns]
2024-04-18 22:30:56,170
------------------------------
binance_account_balance
2024-04-18 22:30:56,170
  asset     balance  ...  marginAvailable   updateTime
6  USDT  279.622245  ...             True  18Apr-18:32

[1 rows x 8 columns]
2024-04-18 22:30:56,842
------------------------------
open_orders
2024-04-18 22:30:56,842
Empty DataFrame
Columns: []
Index: []
2024-04-18 22:30:57,496
------------------------------
AUMS account:280

2024-04-18 22:30:57,498
--------------- compute_futures_order_book() ----------------
2024-04-18 22:30:59,061
----------------------------------------------------------------------
#2 order(s) to place
gross$: 93$ | net$: -93$
gross%: 33% | net%: -33%
 || w>0%  +0% | w<0%  -33%
----------------------------------------------------------------------
PTF Expo% 33.1% >> 0.0% (current>>target)
PTF expo $93.0 >> $0 (current>>target)
----------------------------------------------------------------------
2024-04-18 22:30:59,063
orders_ofthe_day
2024-04-18 22:30:59,063
                  ptf_usd  target_usd  totrd_usd  ...        bid        ask strategy
2024-04-18 22:30                                  ...                               
XRPUSDT              47.0        -0.0      -47.0  ...     0.5015     0.5016  STRATON
ETHUSDT              46.0         0.0      -46.0  ...  3062.3300  3062.3400  STRATON

[2 rows x 10 columns]
2024-04-18 22:31:00,692
binance_place_orders_peg 20240418_223100
2024-04-18 22:31:01,136
{'orderId': 54959670505, 'symbol': 'XRPUSDT', 'status': 'NEW', 'clientOrderId': 'STRATON', 'price': '0.5019', 'avgPrice': '0.00', 'origQty': '94.4', 'executedQty': '0.0', 'cumQty': '0.0', 'cumQuote': '0.00000', 'timeInForce': 'GTC', 'type': 'LIMIT', 'reduceOnly': False, 'closePosition': False, 'side': 'SELL', 'positionSide': 'BOTH', 'stopPrice': '0.0000', 'workingType': 'CONTRACT_PRICE', 'priceProtect': False, 'origType': 'LIMIT', 'priceMatch': 'NONE', 'selfTradePreventionMode': 'NONE', 'goodTillDate': 0, 'updateTime': 1713479461020}
2024-04-18 22:31:01,579
{'orderId': 8389765673369550586, 'symbol': 'ETHUSDT', 'status': 'NEW', 'clientOrderId': 'STRATON', 'price': '3063.87', 'avgPrice': '0.00', 'origQty': '0.015', 'executedQty': '0.000', 'cumQty': '0.000', 'cumQuote': '0.00000', 'timeInForce': 'GTC', 'type': 'LIMIT', 'reduceOnly': False, 'closePosition': False, 'side': 'SELL', 'positionSide': 'BOTH', 'stopPrice': '0.00', 'workingType': 'CONTRACT_PRICE', 'priceProtect': False, 'origType': 'LIMIT', 'priceMatch': 'NONE', 'selfTradePreventionMode': 'NONE', 'goodTillDate': 0, 'updateTime': 1713479461468}
2024-04-18 22:31:03,158
update 0: filled 0 / 2 () | working 2 / 2 (-XRPUSDT,-ETHUSDT)
2024-04-18 22:31:07,159
-XRPUSDT: bp6.0|-ETHUSDT: bp5.0|
2024-04-18 22:31:08,033
update 1: filled 0 / 2 () | working 2 / 2 (-XRPUSDT,-ETHUSDT)
2024-04-18 22:31:12,034
-XRPUSDT: bp6.0|-ETHUSDT: bp5.0|
2024-04-18 22:31:12,910
update 2: filled 0 / 2 () | working 2 / 2 (-XRPUSDT,-ETHUSDT)
2024-04-18 22:31:16,911
-XRPUSDT: bp8.0|-ETHUSDT: bp5.0|
2024-04-18 22:31:17,791
update 3: filled 0 / 2 () | working 2 / 2 (-XRPUSDT,-ETHUSDT)
2024-04-18 22:31:21,791
-XRPUSDT: bp6.0|-ETHUSDT: bp4.0|
2024-04-18 22:31:22,670
update 4: filled 0 / 2 () | working 2 / 2 (-XRPUSDT,-ETHUSDT)
2024-04-18 22:31:26,671
-XRPUSDT: bp8.0|-ETHUSDT: bp4.0|
2024-04-18 22:31:27,544
update 5: filled 0 / 2 () | working 2 / 2 (-XRPUSDT,-ETHUSDT)
2024-04-18 22:31:31,545
-XRPUSDT: bp6.0|-ETHUSDT: bp5.0|
2024-04-18 22:31:32,422
update 6: filled 0 / 2 () | working 2 / 2 (-XRPUSDT,-ETHUSDT)
2024-04-18 22:31:36,422
-XRPUSDT: bp6.0|-ETHUSDT: bp4.0|
2024-04-18 22:31:37,302
update 7: filled 0 / 2 () | working 2 / 2 (-XRPUSDT,-ETHUSDT)
2024-04-18 22:31:41,303
-XRPUSDT: bp12.0|-ETHUSDT: bp4.0|
2024-04-18 22:31:42,180
update 8: filled 0 / 2 () | working 2 / 2 (-XRPUSDT,-ETHUSDT)
2024-04-18 22:31:46,181
-XRPUSDT: bp14.0|-ETHUSDT: bp6.0|
2024-04-18 22:31:47,058
update 9: filled 0 / 2 () | working 2 / 2 (-XRPUSDT,-ETHUSDT)
2024-04-18 22:31:51,058
-XRPUSDT: bp22.0|-ETHUSDT: bp12.0|
2024-04-18 22:31:51,934
update 10: filled 0 / 2 () | working 2 / 2 (-XRPUSDT,-ETHUSDT)
2024-04-18 22:31:55,935
-XRPUSDT: bp22.0|-ETHUSDT: bp12.0|
2024-04-18 22:31:56,816
update 11: filled 0 / 2 () | working 2 / 2 (-XRPUSDT,-ETHUSDT)
2024-04-18 22:32:00,817
-XRPUSDT: bp16.0|-ETHUSDT: bp10.0|
2024-04-18 22:32:01,692
update 12: filled 0 / 2 () | working 2 / 2 (-XRPUSDT,-ETHUSDT)
2024-04-18 22:32:05,693
-XRPUSDT: bp18.0|-ETHUSDT: bp11.0|
2024-04-18 22:32:06,574
update 13: filled 0 / 2 () | working 2 / 2 (-XRPUSDT,-ETHUSDT)
2024-04-18 22:32:10,574
-XRPUSDT: bp18.0|-ETHUSDT: bp12.0|
2024-04-18 22:32:11,454
update 14: filled 0 / 2 () | working 2 / 2 (-XRPUSDT,-ETHUSDT)
2024-04-18 22:32:15,455
-XRPUSDT: bp18.0|-ETHUSDT: bp12.0|
2024-04-18 22:32:15,455
Adjustment limit #1 ... 
 we cancel current orders and replace
2024-04-18 22:32:15,456
@+/-2.5bp limit 
2024-04-18 22:32:15,456
binance_cancel_and_replace_orders_peg 20240418_223215
2024-04-18 22:32:17,657
binance_place_orders_peg 20240418_223217
2024-04-18 22:32:18,096
{'orderId': 54959710627, 'symbol': 'XRPUSDT', 'status': 'NEW', 'clientOrderId': 'STRATON', 'price': '0.5012', 'avgPrice': '0.00', 'origQty': '94.4', 'executedQty': '0.0', 'cumQty': '0.0', 'cumQuote': '0.00000', 'timeInForce': 'GTC', 'type': 'LIMIT', 'reduceOnly': False, 'closePosition': False, 'side': 'SELL', 'positionSide': 'BOTH', 'stopPrice': '0.0000', 'workingType': 'CONTRACT_PRICE', 'priceProtect': False, 'origType': 'LIMIT', 'priceMatch': 'NONE', 'selfTradePreventionMode': 'NONE', 'goodTillDate': 0, 'updateTime': 1713479537985}
2024-04-18 22:32:18,538
{'orderId': 8389765673369879796, 'symbol': 'ETHUSDT', 'status': 'NEW', 'clientOrderId': 'STRATON', 'price': '3061.51', 'avgPrice': '0.00', 'origQty': '0.015', 'executedQty': '0.000', 'cumQty': '0.000', 'cumQuote': '0.00000', 'timeInForce': 'GTC', 'type': 'LIMIT', 'reduceOnly': False, 'closePosition': False, 'side': 'SELL', 'positionSide': 'BOTH', 'stopPrice': '0.00', 'workingType': 'CONTRACT_PRICE', 'priceProtect': False, 'origType': 'LIMIT', 'priceMatch': 'NONE', 'selfTradePreventionMode': 'NONE', 'goodTillDate': 0, 'updateTime': 1713479538428}
2024-04-18 22:32:19,422
update 0: filled 0 / 2 () | working 2 / 2 (-XRPUSDT,-ETHUSDT)
2024-04-18 22:32:23,423
-XRPUSDT: bp4.0|-ETHUSDT: bp4.0|
2024-04-18 22:32:24,301
update 1: filled 0 / 2 () | working 2 / 2 (-XRPUSDT,-ETHUSDT)
2024-04-18 22:32:28,302
-XRPUSDT: bp4.0|-ETHUSDT: bp3.0|
2024-04-18 22:32:29,178
update 2: filled 1 / 2 (-XRPUSDT) | working 1 / 2 (-ETHUSDT)
2024-04-18 22:32:33,179
-ETHUSDT: bp1.0|
2024-04-18 22:32:34,053
update 3: filled 1 / 2 (-XRPUSDT) | working 1 / 2 (-ETHUSDT)
2024-04-18 22:32:38,054
-ETHUSDT: bp1.0|
2024-04-18 22:32:38,930
update 4: filled 1 / 2 (-XRPUSDT) | working 1 / 2 (-ETHUSDT)
2024-04-18 22:32:42,931
-ETHUSDT: bp0.0|
2024-04-18 22:32:43,810
update 5: filled 1 / 2 (-XRPUSDT) | working 1 / 2 (-ETHUSDT)
2024-04-18 22:32:47,811
-ETHUSDT: bp1.0|
2024-04-18 22:32:48,685
update 6: filled 1 / 2 (-XRPUSDT) | working 1 / 2 (-ETHUSDT)
2024-04-18 22:32:52,686
-ETHUSDT: bp1.0|
2024-04-18 22:32:53,564
update 7: filled 1 / 2 (-XRPUSDT) | working 1 / 2 (-ETHUSDT)
2024-04-18 22:32:57,565
-ETHUSDT: bp0.0|
2024-04-18 22:32:58,440
update 8: filled 1 / 2 (-XRPUSDT) | working 1 / 2 (-ETHUSDT)
2024-04-18 22:33:02,441
-ETHUSDT: bp1.0|
2024-04-18 22:33:03,319
update 9: filled 2 / 2 (-XRPUSDT,-ETHUSDT) | working 0 / 2 ()
2024-04-18 22:33:09,769
Trades of the day
in$
as of: 18Apr 22:32>>22:33 (#trades: 2)
trade net: -93.0 (-33.2%), trade gross: +93.0 (+33.2%), BUY: +0.0 (+0.0%), SELL: -93.0 (-33.2%)
fees: $ 0.019 (2.0bp)
2024-04-18 22:33:10,226
Trades: 
Filled #2
______________________________________________
                   in$ | in bp 93 traded | in bp 280 AUMs
realizedPnl    +0.7    | +75     | +25    
PnLvsArrival   -0.04   | -4      | -1     
PnLvsLast      +0      | +0      | +0     
______________________________________________
                 | Value$ | PnL Arrival/Last 
______________________________________________
XRP:-94.4@0.5012 | -47$ | -0.03/0
ETH:-0.015@3061.51 | -46$ | -0.01/-0
