2024-05-10 00:31:08,764
ON program started 20240510 00:31:08,
US time: 20240509 20:31:08
2024-05-10 00:31:09,248
the strat is currently running @ 10-05-2024 and the target positions is SHORT
2024-05-10 00:31:10,658
CURRENT STATUS IS SHORT, WE CHECK IF THE DAY IS A NEGATIVE ONE
-----
return before 14h30:
BTCUSDT-0.27%, ETHUSDT-0.30%, XRPUSDT-0.48%
-----
target alloc initial:BTCUSDT-4.17%, ETHUSDT+0.00%, XRPUSDT-4.17%
-----
alloc target x rt%<0:BTCUSDT-4.17%, ETHUSDT+0.00%, XRPUSDT-4.17%
-----
           BTCUSDT ETHUSDT XRPUSDT
w_target     -4.2%    0.0%   -4.2%
rt_14h30    -0.00%  -0.00%  -0.00%
w_target_f   -4.2%    0.0%   -4.2%
2024-05-10 00:31:10,660
Portfolio was rebalanced less than 2 hours ago, 1.0 hours ago
2024-05-10 00:31:10,662
Status: prev = SHORT <> SHORT = target
2024-05-10 00:31:10,662
the strat is currently running @ 10-05-2024 and the target positions is SHORT
the strat was previously run @ 2024-05-09 23:31:18, success:yes 
   and the current positions is SHORT
2024-05-10 00:31:11,879
positions_future #1
2024-05-10 00:31:11,879
      symbol  positionAmt entryPrice  ... adlQuantile AUMs_account        w%
134  XRPUSDT        -23.2     0.5183  ...           1        280.9 -0.042829

[1 rows x 12 columns]
2024-05-10 00:31:11,962
programm stoppeddd!!! 20240510_003111
