2024-03-26 23:30:48,116
ON program started 20240326 23:30:48,
US time: 20240326 19:30:48
2024-03-26 23:30:49,127
the strat is currently running @ 26-03-2024 and the target positions is SHORT
2024-03-26 23:30:50,525
CURRENT STATUS IS SHORT, WE CHECK IF THE DAY IS A NEGATIVE ONE
-----
return before 14h30:
BTCUSDT+0.73%, ETHUSDT+0.50%, XRPUSDT-0.44%
-----
target alloc initial:BTCUSDT-4.17%, ETHUSDT+0.00%, XRPUSDT-4.17%
-----
alloc target x rt%<0:BTCUSDT-0.00%, ETHUSDT+0.00%, XRPUSDT-4.17%
-----
           BTCUSDT ETHUSDT XRPUSDT
w_target     -4.2%    0.0%   -4.2%
rt_14h30     0.01%   0.00%  -0.00%
w_target_f   -0.0%    0.0%   -4.2%
2024-03-26 23:30:50,543
Portfolio was rebalanced less than 2 hours ago, 1.0 hours ago
2024-03-26 23:30:50,545
Status: prev = SHORT <> SHORT = target
2024-03-26 23:30:50,545
the strat is currently running @ 26-03-2024 and the target positions is SHORT
the strat was previously run @ 2024-03-26 22:30:47, success:? 
   and the current positions is SHORT
2024-03-26 23:30:51,785
positions_future #1
2024-03-26 23:30:51,785
      symbol  positionAmt entryPrice  ... adlQuantile AUMs_account       w%
124  XRPUSDT        -19.3      0.632  ...           1        289.2 -0.04227

[1 rows x 12 columns]
2024-03-26 23:30:52,038
------------------------------
binance_account_balance
2024-03-26 23:30:52,038
  asset    balance  ...  marginAvailable   updateTime
6  USDT  289.18768  ...             True  26Mar-22:31

[1 rows x 8 columns]
2024-03-26 23:30:52,491
------------------------------
open_orders
2024-03-26 23:30:52,492
Empty DataFrame
Columns: []
Index: []
2024-03-26 23:30:53,152
------------------------------
AUMS account:289

2024-03-26 23:30:53,154
--------------- compute_futures_order_book() ----------------
2024-03-26 23:30:54,721
----------------------------------------------------------------------
#0 order(s) to place
gross$: 0$ | net$: +0$
gross%: 0% | net%: +0%
 || w>0%  +0% | w<0%  0%
----------------------------------------------------------------------
PTF Expo% -4.1% >> -4.1% (current>>target)
PTF expo $-12.0 >> $-12 (current>>target)
----------------------------------------------------------------------
2024-03-26 23:30:54,723
orders_ofthe_day
2024-03-26 23:30:54,723
Empty DataFrame
Columns: [ptf_usd, target_usd, totrd_usd, posttrd_usd, qty, posttrd_qty, posttrd_w, bid, ask, strategy]
Index: []
2024-03-26 23:30:54,789
Orders of the day is empty, current and target potfolios are aligned
2024-03-26 23:30:54,789
Program stopped
