2023-08-16 02:30:51,416
ON program started 20230816 02:30:51,
US time: 20230815 22:30:51
2023-08-16 02:30:51,806
the strat is currently running @ 16-08-2023 and the target positions is NEUTRAL
2023-08-16 02:30:53,918
CURRENT STATUS IS NEUTRAL
-----
return before 14h30:
BTCUSDT+0.00%, ETHUSDT+0.00%, XRPUSDT+0.00%
-----
target alloc initial:BTCUSDT+0.00%, ETHUSDT+0.00%, XRPUSDT+0.00%
-----
alloc target x rt%<0:BTCUSDT+0.00%, ETHUSDT+0.00%, XRPUSDT+0.00%
-----
           BTCUSDT ETHUSDT XRPUSDT
w_target      0.0%    0.0%    0.0%
rt_14h30     0.00%   0.00%   0.00%
w_target_f    0.0%    0.0%    0.0%
2023-08-16 02:30:53,920
Portfolio was rebalanced less than 2 hours ago, 1.0 hours ago
2023-08-16 02:30:53,922
Status: prev = NEUTRAL <> SHORT = target
2023-08-16 02:30:53,922
the strat is currently running @ 16-08-2023 and the target positions is NEUTRAL
the strat was previously run @ 2023-08-16 01:30:37 UTC, success:yes 
   and the current positions is SHORT
2023-08-16 02:30:55,003
positions_future #1
2023-08-16 02:30:55,003
      symbol  positionAmt entryPrice  ...   updateTime  AUMs_account        w%
111  XRPUSDT        -19.7     0.6087  ...  15Aug-22:31         287.2 -0.041606

[1 rows x 9 columns]
2023-08-16 02:30:55,224
------------------------------
binance_account_balance
2023-08-16 02:30:55,225
  asset     balance  ... marginAvailable   updateTime
5  USDT  287.177581  ...            True  15Aug-22:40

[1 rows x 8 columns]
2023-08-16 02:30:55,644
------------------------------
open_orders
2023-08-16 02:30:55,644
                                      0
symbol                          XRPUSDT
status                              NEW
price                                 0
avgPrice                              0
origQty                            19.7
executedQty                           0
type                        STOP_MARKET
side                                BUY
stopPrice                        0.6394
time         2023-08-15 22:41:04.184000
updateTime   2023-08-15 22:41:04.184000
2023-08-16 02:30:57,517
------------------------------
AUMS account:287

2023-08-16 02:30:57,519
--------------- compute_futures_order_book() ----------------
2023-08-16 02:30:58,964
----------------------------------------------------------------------
#1 order(s) to place
gross$: 12$ | net$: +12$
gross%: 4% | net%: +4%
 || w>0%  +4% | w<0%  0%
----------------------------------------------------------------------
PTF Expo% -4.1% >> 0.0% (current>>target)
PTF expo $-12.0 >> $0 (current>>target)
----------------------------------------------------------------------
2023-08-16 02:30:58,965
orders_ofthe_day
2023-08-16 02:30:58,965
                  ptf_usd  target_usd  totrd_usd  ...  posttrd_w     bid     ask
2023-08-16 02:30                                  ...                           
XRPUSDT             -12.0         0.0       12.0  ...        0.0  0.6065  0.6066

[1 rows x 9 columns]
2023-08-16 02:30:59,872
binance_place_orders_peg 20230816_023059
2023-08-16 02:31:00,280
{'orderId': 39461790475, 'symbol': 'XRPUSDT', 'status': 'NEW', 'clientOrderId': 'kYTH9vzyj42HX8yGyMQ1e8', 'price': '0.6062', 'avgPrice': '0.00', 'origQty': '19.7', 'executedQty': '0.0', 'cumQty': '0.0', 'cumQuote': '0.00000', 'timeInForce': 'GTC', 'type': 'LIMIT', 'reduceOnly': False, 'closePosition': False, 'side': 'BUY', 'positionSide': 'BOTH', 'stopPrice': '0.0000', 'workingType': 'CONTRACT_PRICE', 'priceProtect': False, 'origType': 'LIMIT', 'updateTime': 1692153060179}
2023-08-16 02:31:00,690
update 0: filled 0 / 1 () | working 1 / 1 (+XRPUSDT)
2023-08-16 02:31:04,691
+XRPUSDT: bp5.0|
2023-08-16 02:31:05,101
update 1: filled 0 / 1 () | working 1 / 1 (+XRPUSDT)
2023-08-16 02:31:09,101
+XRPUSDT: bp5.0|
2023-08-16 02:31:09,516
update 2: filled 0 / 1 () | working 1 / 1 (+XRPUSDT)
2023-08-16 02:31:13,516
+XRPUSDT: bp7.0|
2023-08-16 02:31:13,926
update 3: filled 0 / 1 () | working 1 / 1 (+XRPUSDT)
2023-08-16 02:31:17,926
+XRPUSDT: bp7.0|
2023-08-16 02:31:18,338
update 4: filled 0 / 1 () | working 1 / 1 (+XRPUSDT)
2023-08-16 02:31:22,338
+XRPUSDT: bp7.0|
2023-08-16 02:31:22,756
update 5: filled 0 / 1 () | working 1 / 1 (+XRPUSDT)
2023-08-16 02:31:26,757
+XRPUSDT: bp8.0|
2023-08-16 02:31:27,199
update 6: filled 0 / 1 () | working 1 / 1 (+XRPUSDT)
2023-08-16 02:31:31,200
+XRPUSDT: bp12.0|
2023-08-16 02:31:31,610
update 7: filled 0 / 1 () | working 1 / 1 (+XRPUSDT)
2023-08-16 02:31:35,611
+XRPUSDT: bp10.0|
2023-08-16 02:31:36,020
update 8: filled 0 / 1 () | working 1 / 1 (+XRPUSDT)
2023-08-16 02:31:40,020
+XRPUSDT: bp10.0|
2023-08-16 02:31:40,429
update 9: filled 0 / 1 () | working 1 / 1 (+XRPUSDT)
2023-08-16 02:31:44,429
+XRPUSDT: bp10.0|
2023-08-16 02:31:44,839
update 10: filled 0 / 1 () | working 1 / 1 (+XRPUSDT)
2023-08-16 02:31:48,840
+XRPUSDT: bp10.0|
2023-08-16 02:31:49,249
update 11: filled 0 / 1 () | working 1 / 1 (+XRPUSDT)
2023-08-16 02:31:53,250
+XRPUSDT: bp8.0|
2023-08-16 02:31:53,660
update 12: filled 0 / 1 () | working 1 / 1 (+XRPUSDT)
2023-08-16 02:31:57,660
+XRPUSDT: bp8.0|
2023-08-16 02:31:58,071
update 13: filled 0 / 1 () | working 1 / 1 (+XRPUSDT)
2023-08-16 02:32:02,071
+XRPUSDT: bp8.0|
2023-08-16 02:32:02,482
update 14: filled 0 / 1 () | working 1 / 1 (+XRPUSDT)
2023-08-16 02:32:06,482
+XRPUSDT: bp12.0|
2023-08-16 02:32:06,483
Adjustment limit #1 ... 
 we cancel current orders and replace
2023-08-16 02:32:06,483
@+/-2.5bp limit 
2023-08-16 02:32:06,483
binance_cancel_and_replace_orders_peg 20230816_023206
2023-08-16 02:32:07,102
binance_place_orders_peg 20230816_023207
2023-08-16 02:32:07,514
{'orderId': 39461826212, 'symbol': 'XRPUSDT', 'status': 'NEW', 'clientOrderId': 'kj3coHUmeJdcRjg6fDv98j', 'price': '0.6068', 'avgPrice': '0.00', 'origQty': '19.7', 'executedQty': '0.0', 'cumQty': '0.0', 'cumQuote': '0.00000', 'timeInForce': 'GTC', 'type': 'LIMIT', 'reduceOnly': False, 'closePosition': False, 'side': 'BUY', 'positionSide': 'BOTH', 'stopPrice': '0.0000', 'workingType': 'CONTRACT_PRICE', 'priceProtect': False, 'origType': 'LIMIT', 'updateTime': 1692153127411}
2023-08-16 02:32:07,923
update 0: filled 0 / 1 () | working 1 / 1 (+XRPUSDT)
2023-08-16 02:32:11,923
+XRPUSDT: bp3.0|
2023-08-16 02:32:12,336
update 1: filled 0 / 1 () | working 1 / 1 (+XRPUSDT)
2023-08-16 02:32:16,337
+XRPUSDT: bp5.0|
2023-08-16 02:32:16,747
update 2: filled 0 / 1 () | working 1 / 1 (+XRPUSDT)
2023-08-16 02:32:20,747
+XRPUSDT: bp3.0|
2023-08-16 02:32:21,158
update 3: filled 0 / 1 () | working 1 / 1 (+XRPUSDT)
2023-08-16 02:32:25,159
+XRPUSDT: bp5.0|
2023-08-16 02:32:25,569
update 4: filled 0 / 1 () | working 1 / 1 (+XRPUSDT)
2023-08-16 02:32:29,570
+XRPUSDT: bp5.0|
2023-08-16 02:32:29,982
update 5: filled 0 / 1 () | working 1 / 1 (+XRPUSDT)
2023-08-16 02:32:33,982
+XRPUSDT: bp5.0|
2023-08-16 02:32:34,395
update 6: filled 0 / 1 () | working 1 / 1 (+XRPUSDT)
2023-08-16 02:32:38,396
+XRPUSDT: bp3.0|
2023-08-16 02:32:38,808
update 7: filled 0 / 1 () | working 1 / 1 (+XRPUSDT)
2023-08-16 02:32:42,809
+XRPUSDT: bp3.0|
2023-08-16 02:32:43,219
update 8: filled 0 / 1 () | working 1 / 1 (+XRPUSDT)
2023-08-16 02:32:47,219
+XRPUSDT: bp5.0|
2023-08-16 02:32:47,629
update 9: filled 0 / 1 () | working 1 / 1 (+XRPUSDT)
2023-08-16 02:32:51,630
+XRPUSDT: bp5.0|
2023-08-16 02:32:52,040
update 10: filled 0 / 1 () | working 1 / 1 (+XRPUSDT)
2023-08-16 02:32:56,041
+XRPUSDT: bp3.0|
2023-08-16 02:32:56,452
update 11: filled 0 / 1 () | working 1 / 1 (+XRPUSDT)
2023-08-16 02:33:00,453
+XRPUSDT: bp5.0|
2023-08-16 02:33:00,862
update 12: filled 0 / 1 () | working 1 / 1 (+XRPUSDT)
2023-08-16 02:33:04,862
+XRPUSDT: bp5.0|
2023-08-16 02:33:05,272
update 13: filled 0 / 1 () | working 1 / 1 (+XRPUSDT)
2023-08-16 02:33:09,273
+XRPUSDT: bp5.0|
2023-08-16 02:33:09,683
update 14: filled 0 / 1 () | working 1 / 1 (+XRPUSDT)
2023-08-16 02:33:13,684
+XRPUSDT: bp7.0|
2023-08-16 02:33:13,684
Adjustment limit #2 ... 
 we cancel current orders and replace
2023-08-16 02:33:13,684
@+/-1.25bp limit 
2023-08-16 02:33:13,684
binance_cancel_and_replace_orders_peg 20230816_023313
2023-08-16 02:33:14,302
binance_place_orders_peg 20230816_023314
2023-08-16 02:33:14,713
{'orderId': 39461868475, 'symbol': 'XRPUSDT', 'status': 'NEW', 'clientOrderId': 'VEUz9RmMJwbeoah0RmqiVG', 'price': '0.6070', 'avgPrice': '0.00', 'origQty': '19.7', 'executedQty': '0.0', 'cumQty': '0.0', 'cumQuote': '0.00000', 'timeInForce': 'GTC', 'type': 'LIMIT', 'reduceOnly': False, 'closePosition': False, 'side': 'BUY', 'positionSide': 'BOTH', 'stopPrice': '0.0000', 'workingType': 'CONTRACT_PRICE', 'priceProtect': False, 'origType': 'LIMIT', 'updateTime': 1692153194609}
2023-08-16 02:33:15,125
update 0: filled 0 / 1 () | working 1 / 1 (+XRPUSDT)
2023-08-16 02:33:19,125
+XRPUSDT: bp3.0|
2023-08-16 02:33:19,538
update 1: filled 0 / 1 () | working 1 / 1 (+XRPUSDT)
2023-08-16 02:33:23,538
+XRPUSDT: bp2.0|
2023-08-16 02:33:23,949
update 2: filled 0 / 1 () | working 1 / 1 (+XRPUSDT)
2023-08-16 02:33:27,949
+XRPUSDT: bp3.0|
2023-08-16 02:33:28,358
update 3: filled 0 / 1 () | working 1 / 1 (+XRPUSDT)
2023-08-16 02:33:32,359
+XRPUSDT: bp2.0|
2023-08-16 02:33:32,776
update 4: filled 0 / 1 () | working 1 / 1 (+XRPUSDT)
2023-08-16 02:33:36,777
+XRPUSDT: bp2.0|
2023-08-16 02:33:37,187
update 5: filled 0 / 1 () | working 1 / 1 (+XRPUSDT)
2023-08-16 02:33:41,188
+XRPUSDT: bp2.0|
2023-08-16 02:33:41,597
update 6: filled 0 / 1 () | working 1 / 1 (+XRPUSDT)
2023-08-16 02:33:45,598
+XRPUSDT: bp-0.0|
2023-08-16 02:33:46,008
update 7: filled 1 / 1 (+XRPUSDT) | working 0 / 1 ()
2023-08-16 02:33:51,051
Trades of the day
in$
as of: 16Aug 02:33>>02:33 (#trades: 1)
trade net: +12.0 (+4.2%), trade gross: +12.0 (+4.2%), BUY: +12.0 (+4.2%), SELL: +0.0 (+0.0%)
fees: $ 0.002 (2.0bp)
2023-08-16 02:33:51,270
Trades: 
Filled #1
______________________________________________
                   in$ | in bp 11 traded | in bp 287 AUMs
realizedPnl    +0.03   | +25     | +1     
PnLvsArrival   -0.01   | -8      | -0     
PnLvsLast      +0      | +0      | +0     
______________________________________________
                 | Value$ | PnL Arrival/Last 
______________________________________________
XRP:+19.7@0.607 | +12$ | -0.01/-0
2023-08-16 02:33:51,817
***************************
Positions after orders
***************************
2023-08-16 02:33:51,817
********No Position************
2023-08-16 02:33:51,817
***************************
