2023-11-08 03:30:28,268
ON program started 20231108 03:30:28,
US time: 20231107 22:30:28
2023-11-08 03:30:28,643
the strat is currently running @ 08-11-2023 and the target positions is NEUTRAL
2023-11-08 03:30:30,031
CURRENT STATUS IS NEUTRAL
-----
return before 14h30:
BTCUSDT+0.00%, ETHUSDT+0.00%, XRPUSDT+0.00%
-----
target alloc initial:BTCUSDT+0.00%, ETHUSDT+0.00%, XRPUSDT+0.00%
-----
alloc target x rt%<0:BTCUSDT+0.00%, ETHUSDT+0.00%, XRPUSDT+0.00%
-----
           BTCUSDT ETHUSDT XRPUSDT
w_target      0.0%    0.0%    0.0%
rt_14h30     0.00%   0.00%   0.00%
w_target_f    0.0%    0.0%    0.0%
2023-11-08 03:30:30,033
Portfolio was rebalanced less than 2 hours ago, 1.0 hours ago
2023-11-08 03:30:30,036
Status: prev = NEUTRAL <> SHORT = target
2023-11-08 03:30:30,036
the strat is currently running @ 08-11-2023 and the target positions is NEUTRAL
the strat was previously run @ 2023-11-08 02:30:37 UTC, success:yes 
   and the current positions is SHORT
2023-11-08 03:30:31,186
positions_future #0
2023-11-08 03:30:31,187
Empty DataFrame
Columns: [symbol, positionAmt, entryPrice, breakEvenPrice, markPrice, unRealizedProfit, value_usd, updateTime, isolated, adlQuantile, AUMs_account, w%]
Index: []
2023-11-08 03:30:31,408
------------------------------
binance_account_balance
2023-11-08 03:30:31,408
  asset     balance  ... marginAvailable   updateTime
5  USDT  288.118635  ...            True  07Nov-23:35

[1 rows x 8 columns]
2023-11-08 03:30:31,639
------------------------------
open_orders
2023-11-08 03:30:31,639
Empty DataFrame
Columns: []
Index: []
2023-11-08 03:30:32,289
------------------------------
AUMS account:288

2023-11-08 03:30:32,291
--------------- compute_futures_order_book() ----------------
2023-11-08 03:30:33,836
----------------------------------------------------------------------
#0 order(s) to place
gross$: 0$ | net$: +0$
gross%: 0% | net%: +0%
 || w>0%  +0% | w<0%  0%
----------------------------------------------------------------------
PTF Expo% 0.0% >> 0.0% (current>>target)
PTF expo $0.0 >> $0 (current>>target)
----------------------------------------------------------------------
2023-11-08 03:30:33,837
orders_ofthe_day
2023-11-08 03:30:33,837
Empty DataFrame
Columns: [ptf_usd, target_usd, totrd_usd, posttrd_usd, qty, posttrd_qty, posttrd_w, bid, ask]
Index: []
2023-11-08 03:30:33,845
Orders of the day is empty, current and target potfolios are aligned
2023-11-08 03:30:33,845
Program stopped
