2024-06-16 23:31:08,453
ON program started 20240616 23:31:08,
US time: 20240616 19:31:08
2024-06-16 23:31:08,943
the strat is currently running @ 16-06-2024 and the target positions is SHORT
2024-06-16 23:31:10,271
CURRENT STATUS IS SHORT, WE CHECK IF THE DAY IS A NEGATIVE ONE
-----
return before 14h30:
BTCUSDT+0.81%, ETHUSDT+0.68%, XRPUSDT+0.04%
-----
target alloc initial:BTCUSDT-4.17%, ETHUSDT+0.00%, XRPUSDT-4.17%
-----
alloc target x rt%<0:BTCUSDT-0.00%, ETHUSDT+0.00%, XRPUSDT-0.00%
-----
           BTCUSDT ETHUSDT XRPUSDT
w_target     -4.2%    0.0%   -4.2%
rt_14h30     0.01%   0.01%   0.00%
w_target_f   -0.0%    0.0%   -0.0%
2024-06-16 23:31:10,272
Portfolio was rebalanced less than 2 hours ago, 1.0 hours ago
2024-06-16 23:31:10,273
Status: prev = SHORT <> SHORT = target
2024-06-16 23:31:10,273
the strat is currently running @ 16-06-2024 and the target positions is SHORT
the strat was previously run @ 2024-06-16 22:31:01, success:? 
   and the current positions is SHORT
2024-06-16 23:31:11,403
positions_future #0
2024-06-16 23:31:11,403
Empty DataFrame
Columns: [symbol, positionAmt, entryPrice, breakEvenPrice, markPrice, unRealizedProfit, value_usd, updateTime, isolated, adlQuantile, AUMs_account, w%]
Index: []
2024-06-16 23:31:11,615
------------------------------
binance_account_balance
2024-06-16 23:31:11,616
  asset     balance  ...  marginAvailable   updateTime
6  USDT  292.340638  ...             True  16Jun-22:32

[1 rows x 8 columns]
2024-06-16 23:31:11,836
------------------------------
open_orders
2024-06-16 23:31:11,836
Empty DataFrame
Columns: []
Index: []
2024-06-16 23:31:12,454
------------------------------
AUMS account:292

2024-06-16 23:31:12,456
--------------- compute_futures_order_book() ----------------
2024-06-16 23:31:13,919
----------------------------------------------------------------------
#0 order(s) to place
gross$: 0$ | net$: +0$
gross%: 0% | net%: +0%
 || w>0%  +0% | w<0%  0%
----------------------------------------------------------------------
PTF Expo% 0.0% >> 0.0% (current>>target)
PTF expo $0.0 >> $0 (current>>target)
----------------------------------------------------------------------
2024-06-16 23:31:13,921
orders_ofthe_day
2024-06-16 23:31:13,921
Empty DataFrame
Columns: [ptf_usd, target_usd, totrd_usd, posttrd_usd, qty, posttrd_qty, posttrd_w, bid, ask, strategy]
Index: []
2024-06-16 23:31:14,000
Orders of the day is empty, current and target potfolios are aligned
2024-06-16 23:31:14,000
Program stopped
