2024-08-16 20:30:45,393
ON program started 20240816 20:30:45,
US time: 20240816 16:30:45
2024-08-16 20:30:46,298
the strat is currently running @ 16-08-2024 and the target positions is LONG
2024-08-16 20:30:47,614
CURRENT STATUS IS LONG
-----
return before 14h30:
BTCUSDT+1.39%, ETHUSDT+0.92%, XRPUSDT-0.05%
-----
target alloc initial:BTCUSDT+16.67%, ETHUSDT+16.67%, XRPUSDT+16.67%
-----
alloc target x rt%<0:BTCUSDT+16.67%, ETHUSDT+16.67%, XRPUSDT+16.67%
-----
           BTCUSDT ETHUSDT XRPUSDT
w_target     16.7%   16.7%   16.7%
rt_14h30     0.01%   0.01%  -0.00%
w_target_f   16.7%   16.7%   16.7%
2024-08-16 20:30:47,615
Portfolio was rebalanced less than 2 hours ago, 1.0 hours ago
2024-08-16 20:30:47,617
Status: prev = LONG <> LONG = target
2024-08-16 20:30:47,617
the strat is currently running @ 16-08-2024 and the target positions is LONG
the strat was previously run @ 2024-08-16 19:31:06, success:yes 
   and the current positions is LONG
2024-08-16 20:30:48,158
positions_future #2
2024-08-16 20:30:48,158
      symbol  positionAmt entryPrice  ... adlQuantile AUMs_account        w%
133  XRPUSDT       90.000     0.5665  ...           2        303.8  0.168134
168  ETHUSDT        0.019    2617.68  ...           2        303.8  0.164134

[2 rows x 12 columns]
2024-08-16 20:30:48,245
programm stoppeddd!!! 20240816_203048
