2024-03-08 21:30:57,849
ON program started 20240308 21:30:57,
US time: 20240308 16:30:57
2024-03-08 21:30:59,035
the strat is currently running @ 08-03-2024 and the target positions is LONG
2024-03-08 21:31:00,468
CURRENT STATUS IS LONG
-----
return before 14h30:
BTCUSDT+1.42%, ETHUSDT+2.64%, XRPUSDT+0.19%
-----
target alloc initial:BTCUSDT+16.67%, ETHUSDT+16.67%, XRPUSDT+16.67%
-----
alloc target x rt%<0:BTCUSDT+16.67%, ETHUSDT+16.67%, XRPUSDT+16.67%
-----
           BTCUSDT ETHUSDT XRPUSDT
w_target     16.7%   16.7%   16.7%
rt_14h30     0.01%   0.03%   0.00%
w_target_f   16.7%   16.7%   16.7%
2024-03-08 21:31:00,469
Portfolio was rebalanced less than 2 hours ago, 1.0 hours ago
2024-03-08 21:31:00,471
Status: prev = LONG <> LONG = target
2024-03-08 21:31:00,472
the strat is currently running @ 08-03-2024 and the target positions is LONG
the strat was previously run @ 2024-03-08 20:31:01, success:yes 
   and the current positions is LONG
2024-03-08 21:31:01,746
positions_future #2
2024-03-08 21:31:01,746
      symbol  positionAmt entryPrice  ... adlQuantile AUMs_account        w%
123  XRPUSDT       77.700     0.6179  ...           2        290.9  0.166250
154  ETHUSDT        0.012    3901.76  ...           1        290.9  0.161857

[2 rows x 12 columns]
2024-03-08 21:31:01,826
programm stoppeddd!!! 20240308_213101
