2024-09-12 23:30:57,953
ON program started 20240912 23:30:57,
US time: 20240912 19:30:57
2024-09-12 23:30:58,410
the strat is currently running @ 12-09-2024 and the target positions is SHORT
2024-09-12 23:30:59,718
CURRENT STATUS IS SHORT, WE CHECK IF THE DAY IS A NEGATIVE ONE
-----
return before 14h30:
BTCUSDT+0.51%, ETHUSDT+0.01%, XRPUSDT+6.73%
-----
target alloc initial:BTCUSDT-4.17%, ETHUSDT+0.00%, XRPUSDT-4.17%
-----
alloc target x rt%<0:BTCUSDT-0.00%, ETHUSDT+0.00%, XRPUSDT-0.00%
-----
           BTCUSDT ETHUSDT XRPUSDT
w_target     -4.2%    0.0%   -4.2%
rt_14h30     0.01%   0.00%   0.07%
w_target_f   -0.0%    0.0%   -0.0%
2024-09-12 23:30:59,719
Portfolio was rebalanced less than 2 hours ago, 1.0 hours ago
2024-09-12 23:30:59,720
Status: prev = SHORT <> SHORT = target
2024-09-12 23:30:59,720
the strat is currently running @ 12-09-2024 and the target positions is SHORT
the strat was previously run @ 2024-09-12 22:31:00, success:? 
   and the current positions is SHORT
2024-09-12 23:31:00,838
positions_future #0
2024-09-12 23:31:00,838
Empty DataFrame
Columns: [symbol, positionAmt, entryPrice, breakEvenPrice, markPrice, unRealizedProfit, value_usd, updateTime, isolated, adlQuantile, AUMs_account, w%]
Index: []
2024-09-12 23:31:01,047
------------------------------
binance_account_balance
2024-09-12 23:31:01,047
  asset     balance  ...  marginAvailable   updateTime
4  USDT  296.367275  ...             True  12Sep-22:31

[1 rows x 8 columns]
2024-09-12 23:31:01,266
------------------------------
open_orders
2024-09-12 23:31:01,266
Empty DataFrame
Columns: []
Index: []
2024-09-12 23:31:01,875
------------------------------
AUMS account:296

2024-09-12 23:31:01,876
--------------- compute_futures_order_book() ----------------
2024-09-12 23:31:03,334
----------------------------------------------------------------------
#0 order(s) to place
gross$: 0$ | net$: +0$
gross%: 0% | net%: +0%
 || w>0%  +0% | w<0%  0%
----------------------------------------------------------------------
PTF Expo% 0.0% >> 0.0% (current>>target)
PTF expo $0.0 >> $0 (current>>target)
----------------------------------------------------------------------
2024-09-12 23:31:03,335
orders_ofthe_day
2024-09-12 23:31:03,336
Empty DataFrame
Columns: [ptf_usd, target_usd, totrd_usd, posttrd_usd, qty, posttrd_qty, posttrd_w, bid, ask, strategy]
Index: []
2024-09-12 23:31:03,399
Orders of the day is empty, current and target potfolios are aligned
2024-09-12 23:31:03,399
Program stopped
