2024-02-19 22:31:01,372
ON program started 20240219 22:31:01,
US time: 20240219 17:31:01
2024-02-19 22:31:02,006
the strat is currently running @ 19-02-2024 and the target positions is LONG
2024-02-19 22:31:03,847
CURRENT STATUS IS LONG
-----
return before 14h30:
BTCUSDT+0.02%, ETHUSDT+0.45%, XRPUSDT+0.31%
-----
target alloc initial:BTCUSDT+16.67%, ETHUSDT+16.67%, XRPUSDT+16.67%
-----
alloc target x rt%<0:BTCUSDT+16.67%, ETHUSDT+16.67%, XRPUSDT+16.67%
-----
           BTCUSDT ETHUSDT XRPUSDT
w_target     16.7%   16.7%   16.7%
rt_14h30     0.00%   0.00%   0.00%
w_target_f   16.7%   16.7%   16.7%
2024-02-19 22:31:03,848
Portfolio was rebalanced less than 2 hours ago, 1.0 hours ago
2024-02-19 22:31:03,850
Status: prev = LONG <> LONG = target
2024-02-19 22:31:03,850
the strat is currently running @ 19-02-2024 and the target positions is LONG
the strat was previously run @ 2024-02-19 21:30:51, success:yes 
   and the current positions is LONG
2024-02-19 22:31:05,043
positions_future #2
2024-02-19 22:31:05,043
      symbol  positionAmt entryPrice  ... adlQuantile AUMs_account        w%
149  ETHUSDT        0.017     2930.8  ...           2        292.2  0.173268
120  XRPUSDT       87.200     0.5639  ...           1        292.2  0.168776

[2 rows x 12 columns]
2024-02-19 22:31:05,123
programm stoppeddd!!! 20240219_223105
