2024-06-22 18:30:52,479
ON program started 20240622 18:30:52,
US time: 20240622 14:30:52
2024-06-22 18:30:53,918
the strat is currently running @ 22-06-2024 and the target positions is LONG
2024-06-22 18:30:55,383
CURRENT STATUS IS LONG
-----
return before 14h30:
BTCUSDT+0.22%, ETHUSDT-0.49%, XRPUSDT-0.29%
-----
target alloc initial:BTCUSDT+16.67%, ETHUSDT+16.67%, XRPUSDT+16.67%
-----
alloc target x rt%<0:BTCUSDT+16.67%, ETHUSDT+16.67%, XRPUSDT+16.67%
-----
           BTCUSDT ETHUSDT XRPUSDT
w_target     16.7%   16.7%   16.7%
rt_14h30     0.00%  -0.00%  -0.00%
w_target_f   16.7%   16.7%   16.7%
2024-06-22 18:30:55,384
Portfolio was rebalanced less than 2 hours ago, 15.0 hours ago
2024-06-22 18:30:55,386
Status: prev = LONG <> NEUTRAL = target
2024-06-22 18:30:55,386
the strat is currently running @ 22-06-2024 and the target positions is LONG
the strat was previously run @ 2024-06-22 03:31:08, success:yes 
   and the current positions is NEUTRAL
2024-06-22 18:30:56,597
positions_future #0
2024-06-22 18:30:56,598
Empty DataFrame
Columns: [symbol, positionAmt, entryPrice, breakEvenPrice, markPrice, unRealizedProfit, value_usd, updateTime, isolated, adlQuantile, AUMs_account, w%]
Index: []
2024-06-22 18:30:56,821
------------------------------
binance_account_balance
2024-06-22 18:30:56,821
  asset     balance  ...  marginAvailable   updateTime
4  USDT  292.563092  ...             True  22Jun-02:34

[1 rows x 8 columns]
2024-06-22 18:30:57,053
------------------------------
open_orders
2024-06-22 18:30:57,103
Empty DataFrame
Columns: []
Index: []
2024-06-22 18:30:57,757
------------------------------
AUMS account:292

2024-06-22 18:30:57,759
--------------- compute_futures_order_book() ----------------
2024-06-22 18:30:59,310
----------------------------------------------------------------------
#2 order(s) to place
gross$: 98$ | net$: +98$
gross%: 33% | net%: +33%
 || w>0%  +33% | w<0%  0%
----------------------------------------------------------------------
PTF Expo% 0.0% >> 50.0% (current>>target)
PTF expo $0.0 >> $146 (current>>target)
----------------------------------------------------------------------
2024-06-22 18:30:59,312
orders_ofthe_day
2024-06-22 18:30:59,313
                  ptf_usd  target_usd  totrd_usd  ...        bid       ask strategy
2024-06-22 18:30                                  ...                              
ETHUSDT               0.0       48.77       49.0  ...  3496.8500  3496.860  STRATON
XRPUSDT               0.0       48.77       49.0  ...     0.4869     0.487  STRATON

[2 rows x 10 columns]
2024-06-22 18:31:00,772
binance_place_orders_peg 20240622_183100
2024-06-22 18:31:01,331
{'orderId': 8389765693839398872, 'symbol': 'ETHUSDT', 'status': 'NEW', 'clientOrderId': 'STRATON', 'price': '3495.10', 'avgPrice': '0.00', 'origQty': '0.014', 'executedQty': '0.000', 'cumQty': '0.000', 'cumQuote': '0.00000', 'timeInForce': 'GTC', 'type': 'LIMIT', 'reduceOnly': False, 'closePosition': False, 'side': 'BUY', 'positionSide': 'BOTH', 'stopPrice': '0.00', 'workingType': 'CONTRACT_PRICE', 'priceProtect': False, 'origType': 'LIMIT', 'priceMatch': 'NONE', 'selfTradePreventionMode': 'NONE', 'goodTillDate': 0, 'updateTime': 1719081061215}
2024-06-22 18:31:01,770
{'orderId': 58972713155, 'symbol': 'XRPUSDT', 'status': 'NEW', 'clientOrderId': 'STRATON', 'price': '0.4867', 'avgPrice': '0.00', 'origQty': '100.6', 'executedQty': '0.0', 'cumQty': '0.0', 'cumQuote': '0.00000', 'timeInForce': 'GTC', 'type': 'LIMIT', 'reduceOnly': False, 'closePosition': False, 'side': 'BUY', 'positionSide': 'BOTH', 'stopPrice': '0.0000', 'workingType': 'CONTRACT_PRICE', 'priceProtect': False, 'origType': 'LIMIT', 'priceMatch': 'NONE', 'selfTradePreventionMode': 'NONE', 'goodTillDate': 0, 'updateTime': 1719081061656}
2024-06-22 18:31:03,328
update 0: filled 0 / 2 () | working 2 / 2 (+ETHUSDT,+XRPUSDT)
2024-06-22 18:31:07,329
+ETHUSDT: bp5.0|+XRPUSDT: bp6.0|
2024-06-22 18:31:08,202
update 1: filled 0 / 2 () | working 2 / 2 (+ETHUSDT,+XRPUSDT)
2024-06-22 18:31:12,203
+ETHUSDT: bp5.0|+XRPUSDT: bp6.0|
2024-06-22 18:31:13,083
update 2: filled 0 / 2 () | working 2 / 2 (+ETHUSDT,+XRPUSDT)
2024-06-22 18:31:17,083
+ETHUSDT: bp5.0|+XRPUSDT: bp4.0|
2024-06-22 18:31:17,955
update 3: filled 0 / 2 () | working 2 / 2 (+ETHUSDT,+XRPUSDT)
2024-06-22 18:31:21,956
+ETHUSDT: bp5.0|+XRPUSDT: bp6.0|
2024-06-22 18:31:22,826
update 4: filled 0 / 2 () | working 2 / 2 (+ETHUSDT,+XRPUSDT)
2024-06-22 18:31:26,827
+ETHUSDT: bp3.0|+XRPUSDT: bp6.0|
2024-06-22 18:31:27,698
update 5: filled 0 / 2 () | working 2 / 2 (+ETHUSDT,+XRPUSDT)
2024-06-22 18:31:31,699
+ETHUSDT: bp3.0|+XRPUSDT: bp4.0|
2024-06-22 18:31:32,571
update 6: filled 0 / 2 () | working 2 / 2 (+ETHUSDT,+XRPUSDT)
2024-06-22 18:31:36,572
+ETHUSDT: bp3.0|+XRPUSDT: bp4.0|
2024-06-22 18:31:37,444
update 7: filled 0 / 2 () | working 2 / 2 (+ETHUSDT,+XRPUSDT)
2024-06-22 18:31:41,444
+ETHUSDT: bp3.0|+XRPUSDT: bp6.0|
2024-06-22 18:31:42,318
update 8: filled 0 / 2 () | working 2 / 2 (+ETHUSDT,+XRPUSDT)
2024-06-22 18:31:46,319
+ETHUSDT: bp4.0|+XRPUSDT: bp6.0|
2024-06-22 18:31:47,193
update 9: filled 0 / 2 () | working 2 / 2 (+ETHUSDT,+XRPUSDT)
2024-06-22 18:31:51,193
+ETHUSDT: bp5.0|+XRPUSDT: bp8.0|
2024-06-22 18:31:52,065
update 10: filled 0 / 2 () | working 2 / 2 (+ETHUSDT,+XRPUSDT)
2024-06-22 18:31:56,066
+ETHUSDT: bp9.0|+XRPUSDT: bp8.0|
2024-06-22 18:31:56,939
update 11: filled 0 / 2 () | working 2 / 2 (+ETHUSDT,+XRPUSDT)
2024-06-22 18:32:00,940
+ETHUSDT: bp9.0|+XRPUSDT: bp8.0|
2024-06-22 18:32:01,817
update 12: filled 0 / 2 () | working 2 / 2 (+ETHUSDT,+XRPUSDT)
2024-06-22 18:32:05,818
+ETHUSDT: bp9.0|+XRPUSDT: bp8.0|
2024-06-22 18:32:06,687
update 13: filled 0 / 2 () | working 2 / 2 (+ETHUSDT,+XRPUSDT)
2024-06-22 18:32:10,688
+ETHUSDT: bp9.0|+XRPUSDT: bp8.0|
2024-06-22 18:32:11,558
update 14: filled 0 / 2 () | working 2 / 2 (+ETHUSDT,+XRPUSDT)
2024-06-22 18:32:15,559
+ETHUSDT: bp9.0|+XRPUSDT: bp10.0|
2024-06-22 18:32:15,559
Adjustment limit #1 ... 
 we cancel current orders and replace
2024-06-22 18:32:15,559
@+/-2.5bp limit 
2024-06-22 18:32:15,559
binance_cancel_and_replace_orders_peg 20240622_183215
2024-06-22 18:32:17,765
binance_place_orders_peg 20240622_183217
2024-06-22 18:32:18,204
{'orderId': 8389765693839692230, 'symbol': 'ETHUSDT', 'status': 'NEW', 'clientOrderId': 'STRATON', 'price': '3497.23', 'avgPrice': '0.00', 'origQty': '0.014', 'executedQty': '0.000', 'cumQty': '0.000', 'cumQuote': '0.00000', 'timeInForce': 'GTC', 'type': 'LIMIT', 'reduceOnly': False, 'closePosition': False, 'side': 'BUY', 'positionSide': 'BOTH', 'stopPrice': '0.00', 'workingType': 'CONTRACT_PRICE', 'priceProtect': False, 'origType': 'LIMIT', 'priceMatch': 'NONE', 'selfTradePreventionMode': 'NONE', 'goodTillDate': 0, 'updateTime': 1719081138091}
2024-06-22 18:32:18,644
{'orderId': 58972773061, 'symbol': 'XRPUSDT', 'status': 'NEW', 'clientOrderId': 'STRATON', 'price': '0.4870', 'avgPrice': '0.00', 'origQty': '100.6', 'executedQty': '0.0', 'cumQty': '0.0', 'cumQuote': '0.00000', 'timeInForce': 'GTC', 'type': 'LIMIT', 'reduceOnly': False, 'closePosition': False, 'side': 'BUY', 'positionSide': 'BOTH', 'stopPrice': '0.0000', 'workingType': 'CONTRACT_PRICE', 'priceProtect': False, 'origType': 'LIMIT', 'priceMatch': 'NONE', 'selfTradePreventionMode': 'NONE', 'goodTillDate': 0, 'updateTime': 1719081138529}
2024-06-22 18:32:19,524
update 0: filled 0 / 2 () | working 2 / 2 (+ETHUSDT,+XRPUSDT)
2024-06-22 18:32:23,525
+ETHUSDT: bp3.0|+XRPUSDT: bp4.0|
2024-06-22 18:32:24,396
update 1: filled 0 / 2 () | working 2 / 2 (+ETHUSDT,+XRPUSDT)
2024-06-22 18:32:28,396
+ETHUSDT: bp3.0|+XRPUSDT: bp2.0|
2024-06-22 18:32:29,265
update 2: filled 0 / 2 () | working 2 / 2 (+ETHUSDT,+XRPUSDT)
2024-06-22 18:32:33,265
+ETHUSDT: bp3.0|+XRPUSDT: bp2.0|
2024-06-22 18:32:34,134
update 3: filled 0 / 2 () | working 2 / 2 (+ETHUSDT,+XRPUSDT)
2024-06-22 18:32:38,135
+ETHUSDT: bp2.0|+XRPUSDT: bp2.0|
2024-06-22 18:32:39,005
update 4: filled 0 / 2 () | working 2 / 2 (+ETHUSDT,+XRPUSDT)
2024-06-22 18:32:43,006
+ETHUSDT: bp3.0|+XRPUSDT: bp4.0|
2024-06-22 18:32:43,876
update 5: filled 0 / 2 () | working 2 / 2 (+ETHUSDT,+XRPUSDT)
2024-06-22 18:32:47,877
+ETHUSDT: bp3.0|+XRPUSDT: bp2.0|
2024-06-22 18:32:48,747
update 6: filled 0 / 2 () | working 2 / 2 (+ETHUSDT,+XRPUSDT)
2024-06-22 18:32:52,748
+ETHUSDT: bp2.0|+XRPUSDT: bp2.0|
2024-06-22 18:32:53,618
update 7: filled 0 / 2 () | working 2 / 2 (+ETHUSDT,+XRPUSDT)
2024-06-22 18:32:57,619
+ETHUSDT: bp3.0|+XRPUSDT: bp2.0|
2024-06-22 18:32:58,492
update 8: filled 0 / 2 () | working 2 / 2 (+ETHUSDT,+XRPUSDT)
2024-06-22 18:33:02,493
+ETHUSDT: bp2.0|+XRPUSDT: bp4.0|
2024-06-22 18:33:03,363
update 9: filled 0 / 2 () | working 2 / 2 (+ETHUSDT,+XRPUSDT)
2024-06-22 18:33:07,364
+ETHUSDT: bp2.0|+XRPUSDT: bp4.0|
2024-06-22 18:33:08,237
update 10: filled 0 / 2 () | working 2 / 2 (+ETHUSDT,+XRPUSDT)
2024-06-22 18:33:12,238
+ETHUSDT: bp2.0|+XRPUSDT: bp2.0|
2024-06-22 18:33:13,107
update 11: filled 0 / 2 () | working 2 / 2 (+ETHUSDT,+XRPUSDT)
2024-06-22 18:33:17,108
+ETHUSDT: bp3.0|+XRPUSDT: bp4.0|
2024-06-22 18:33:17,980
update 12: filled 0 / 2 () | working 2 / 2 (+ETHUSDT,+XRPUSDT)
2024-06-22 18:33:21,981
+ETHUSDT: bp3.0|+XRPUSDT: bp4.0|
2024-06-22 18:33:22,851
update 13: filled 1 / 2 (+XRPUSDT) | working 1 / 2 (+ETHUSDT)
2024-06-22 18:33:26,852
+ETHUSDT: bp4.0|
2024-06-22 18:33:27,721
update 14: filled 1 / 2 (+XRPUSDT) | working 1 / 2 (+ETHUSDT)
2024-06-22 18:33:31,722
+ETHUSDT: bp4.0|
2024-06-22 18:33:31,722
Adjustment limit #2 ... 
 we cancel current orders and replace
2024-06-22 18:33:31,722
@+/-1.25bp limit 
2024-06-22 18:33:31,722
binance_cancel_and_replace_orders_peg 20240622_183331
2024-06-22 18:33:33,256
binance_place_orders_peg 20240622_183333
2024-06-22 18:33:33,696
{'orderId': 8389765693839821200, 'symbol': 'ETHUSDT', 'status': 'NEW', 'clientOrderId': 'STRATON', 'price': '3498.35', 'avgPrice': '0.00', 'origQty': '0.014', 'executedQty': '0.000', 'cumQty': '0.000', 'cumQuote': '0.00000', 'timeInForce': 'GTC', 'type': 'LIMIT', 'reduceOnly': False, 'closePosition': False, 'side': 'BUY', 'positionSide': 'BOTH', 'stopPrice': '0.00', 'workingType': 'CONTRACT_PRICE', 'priceProtect': False, 'origType': 'LIMIT', 'priceMatch': 'NONE', 'selfTradePreventionMode': 'NONE', 'goodTillDate': 0, 'updateTime': 1719081213585}
2024-06-22 18:33:34,572
update 0: filled 1 / 2 (+XRPUSDT) | working 1 / 2 (+ETHUSDT)
2024-06-22 18:33:38,573
+ETHUSDT: bp1.0|
2024-06-22 18:33:39,445
update 1: filled 1 / 2 (+XRPUSDT) | working 1 / 2 (+ETHUSDT)
2024-06-22 18:33:43,446
+ETHUSDT: bp1.0|
2024-06-22 18:33:44,316
update 2: filled 1 / 2 (+XRPUSDT) | working 1 / 2 (+ETHUSDT)
2024-06-22 18:33:48,316
+ETHUSDT: bp1.0|
2024-06-22 18:33:49,186
update 3: filled 1 / 2 (+XRPUSDT) | working 1 / 2 (+ETHUSDT)
2024-06-22 18:33:53,187
+ETHUSDT: bp3.0|
2024-06-22 18:33:54,056
update 4: filled 1 / 2 (+XRPUSDT) | working 1 / 2 (+ETHUSDT)
2024-06-22 18:33:58,057
+ETHUSDT: bp3.0|
2024-06-22 18:33:58,929
update 5: filled 1 / 2 (+XRPUSDT) | working 1 / 2 (+ETHUSDT)
2024-06-22 18:34:02,929
+ETHUSDT: bp3.0|
2024-06-22 18:34:03,798
update 6: filled 1 / 2 (+XRPUSDT) | working 1 / 2 (+ETHUSDT)
2024-06-22 18:34:07,799
+ETHUSDT: bp3.0|
2024-06-22 18:34:08,668
update 7: filled 1 / 2 (+XRPUSDT) | working 1 / 2 (+ETHUSDT)
2024-06-22 18:34:12,668
+ETHUSDT: bp3.0|
2024-06-22 18:34:13,544
update 8: filled 1 / 2 (+XRPUSDT) | working 1 / 2 (+ETHUSDT)
2024-06-22 18:34:17,544
+ETHUSDT: bp3.0|
2024-06-22 18:34:18,414
update 9: filled 1 / 2 (+XRPUSDT) | working 1 / 2 (+ETHUSDT)
2024-06-22 18:34:22,415
+ETHUSDT: bp3.0|
2024-06-22 18:34:23,286
update 10: filled 1 / 2 (+XRPUSDT) | working 1 / 2 (+ETHUSDT)
2024-06-22 18:34:27,286
+ETHUSDT: bp3.0|
2024-06-22 18:34:28,158
update 11: filled 1 / 2 (+XRPUSDT) | working 1 / 2 (+ETHUSDT)
2024-06-22 18:34:32,158
+ETHUSDT: bp3.0|
2024-06-22 18:34:33,033
update 12: filled 1 / 2 (+XRPUSDT) | working 1 / 2 (+ETHUSDT)
2024-06-22 18:34:37,033
+ETHUSDT: bp3.0|
2024-06-22 18:34:37,904
update 13: filled 1 / 2 (+XRPUSDT) | working 1 / 2 (+ETHUSDT)
2024-06-22 18:34:41,905
+ETHUSDT: bp3.0|
2024-06-22 18:34:42,777
update 14: filled 1 / 2 (+XRPUSDT) | working 1 / 2 (+ETHUSDT)
2024-06-22 18:34:46,778
+ETHUSDT: bp3.0|
2024-06-22 18:34:46,778
Adjustment limit #3 ... 
 we cancel current orders and replace
2024-06-22 18:34:46,778
@+/-0.625bp limit 
2024-06-22 18:34:46,778
binance_cancel_and_replace_orders_peg 20240622_183446
2024-06-22 18:34:48,314
binance_place_orders_peg 20240622_183448
2024-06-22 18:34:48,755
{'orderId': 8389765693839958365, 'symbol': 'ETHUSDT', 'status': 'NEW', 'clientOrderId': 'STRATON', 'price': '3499.18', 'avgPrice': '0.00', 'origQty': '0.014', 'executedQty': '0.000', 'cumQty': '0.000', 'cumQuote': '0.00000', 'timeInForce': 'GTC', 'type': 'LIMIT', 'reduceOnly': False, 'closePosition': False, 'side': 'BUY', 'positionSide': 'BOTH', 'stopPrice': '0.00', 'workingType': 'CONTRACT_PRICE', 'priceProtect': False, 'origType': 'LIMIT', 'priceMatch': 'NONE', 'selfTradePreventionMode': 'NONE', 'goodTillDate': 0, 'updateTime': 1719081288642}
2024-06-22 18:34:49,633
update 0: filled 1 / 2 (+XRPUSDT) | working 1 / 2 (+ETHUSDT)
2024-06-22 18:34:53,634
+ETHUSDT: bp1.0|
2024-06-22 18:34:54,504
update 1: filled 2 / 2 (+XRPUSDT,+ETHUSDT) | working 0 / 2 ()
2024-06-22 18:35:00,939
Trades of the day
in$
as of: 22Jun 18:33>>18:34 (#trades: 2)
trade net: +98.0 (+33.5%), trade gross: +98.0 (+33.5%), BUY: +98.0 (+33.5%), SELL: +0.0 (+0.0%)
fees: $ 0.02 (2.0bp)
2024-06-22 18:35:01,389
Trades: 
Filled #2
______________________________________________
                   in$ | in bp 97 traded | in bp 292 AUMs
realizedPnl    +0      | +0      | +0     
PnLvsArrival   -0.04   | -4      | -1     
PnLvsLast      +0.01   | +1      | +0     
______________________________________________
                 | Value$ | PnL Arrival/Last 
______________________________________________
ETH:+0.014@3499.18 | +49$ | -0.03/-0
XRP:+100.6@0.487 | +49$ | -0.01/0.01
