2023-07-30 23:31:20,764
ON program started 20230730 23:31:20,
US time: 20230730 19:31:20
2023-07-30 23:31:21,179
the strat is currently running @ 30-07-2023 and the target positions is SHORT
2023-07-30 23:31:22,497
CURRENT STATUS IS SHORT, WE CHECK IF THE DAY IS A NEGATIVE ONE
-----
return before 14h30:
BTCUSDT+0.28%, ETHUSDT-0.00%, XRPUSDT+0.99%
-----
target alloc initial:BTCUSDT-4.17%, ETHUSDT+0.00%, XRPUSDT-4.17%
-----
alloc target x rt%<0:BTCUSDT-0.00%, ETHUSDT+0.00%, XRPUSDT-0.00%
-----
           BTCUSDT ETHUSDT XRPUSDT
w_target     -4.2%    0.0%   -4.2%
rt_14h30     0.00%  -0.00%   0.01%
w_target_f   -0.0%    0.0%   -0.0%
2023-07-30 23:31:22,499
Portfolio was rebalanced less than 2 hours ago, 11.0 hours ago
2023-07-30 23:31:22,502
Status: prev = SHORT <> NEUTRAL = target
2023-07-30 23:31:22,502
the strat is currently running @ 30-07-2023 and the target positions is SHORT
the strat was previously run @ 2023-07-30 12:30:33 UTC, success:yes 
   and the current positions is NEUTRAL
2023-07-30 23:31:23,592
positions_future #0
2023-07-30 23:31:23,592
Empty DataFrame
Columns: [symbol, positionAmt, entryPrice, markPrice, unRealizedProfit, value_usd, updateTime, AUMs_account, w%]
Index: []
2023-07-30 23:31:23,799
------------------------------
binance_account_balance
2023-07-30 23:31:23,799
  asset    balance withdrawAvailable   updateTime
5  USDT  293.45768      293.45767980  30Jul-22:35
2023-07-30 23:31:24,015
------------------------------
open_orders
2023-07-30 23:31:24,015
Empty DataFrame
Columns: []
Index: []
2023-07-30 23:31:24,622
------------------------------
AUMS account:293

2023-07-30 23:31:24,624
--------------- compute_futures_order_book() ----------------
2023-07-30 23:31:25,869
----------------------------------------------------------------------
#0 order(s) to place
gross$: 0$ | net$: +0$
gross%: 0% | net%: +0%
 || w>0%  +0% | w<0%  0%
----------------------------------------------------------------------
PTF Expo% 0.0% >> 0.0% (current>>target)
PTF expo $0.0 >> $0 (current>>target)
----------------------------------------------------------------------
2023-07-30 23:31:25,871
orders_ofthe_day
2023-07-30 23:31:25,871
Empty DataFrame
Columns: [ptf_usd, target_usd, totrd_usd, posttrd_usd, qty, posttrd_qty, posttrd_w, bid, ask]
Index: []
