2023-08-02 13:31:14,615
ON program started 20230802 13:31:14,
US time: 20230802 09:31:14
2023-08-02 13:31:15,079
the strat is currently running @ 02-08-2023 and the target positions is NEUTRAL
2023-08-02 13:31:16,548
CURRENT STATUS IS NEUTRAL
-----
return before 14h30:
BTCUSDT-0.77%, ETHUSDT-0.59%, XRPUSDT-1.16%
-----
target alloc initial:BTCUSDT+0.00%, ETHUSDT+0.00%, XRPUSDT+0.00%
-----
alloc target x rt%<0:BTCUSDT+0.00%, ETHUSDT+0.00%, XRPUSDT+0.00%
-----
           BTCUSDT ETHUSDT XRPUSDT
w_target      0.0%    0.0%    0.0%
rt_14h30    -0.01%  -0.01%  -0.01%
w_target_f    0.0%    0.0%    0.0%
2023-08-02 13:31:16,550
Portfolio was rebalanced less than 2 hours ago, 1.0 hours ago
2023-08-02 13:31:16,552
Status: prev = NEUTRAL <> NEUTRAL = target
2023-08-02 13:31:16,552
the strat is currently running @ 02-08-2023 and the target positions is NEUTRAL
the strat was previously run @ 2023-08-02 12:30:46 UTC, success:yes 
   and the current positions is NEUTRAL
2023-08-02 13:31:17,656
positions_future #0
2023-08-02 13:31:17,657
Empty DataFrame
Columns: [symbol, positionAmt, entryPrice, markPrice, unRealizedProfit, value_usd, updateTime, AUMs_account, w%]
Index: []
2023-08-02 13:31:17,669
programm stoppeddd!!! 20230802_133117
