2024-08-28 20:30:46,517
ON program started 20240828 20:30:46,
US time: 20240828 16:30:46
2024-08-28 20:30:47,005
the strat is currently running @ 28-08-2024 and the target positions is LONG
2024-08-28 20:30:48,311
CURRENT STATUS IS LONG
-----
return before 14h30:
BTCUSDT-0.14%, ETHUSDT+1.08%, XRPUSDT+0.79%
-----
target alloc initial:BTCUSDT+16.67%, ETHUSDT+16.67%, XRPUSDT+16.67%
-----
alloc target x rt%<0:BTCUSDT+16.67%, ETHUSDT+16.67%, XRPUSDT+16.67%
-----
           BTCUSDT ETHUSDT XRPUSDT
w_target     16.7%   16.7%   16.7%
rt_14h30    -0.00%   0.01%   0.01%
w_target_f   16.7%   16.7%   16.7%
2024-08-28 20:30:48,312
Portfolio was rebalanced less than 2 hours ago, 1.0 hours ago
2024-08-28 20:30:48,314
Status: prev = LONG <> LONG = target
2024-08-28 20:30:48,314
the strat is currently running @ 28-08-2024 and the target positions is LONG
the strat was previously run @ 2024-08-28 19:30:51, success:yes 
   and the current positions is LONG
2024-08-28 20:30:49,436
positions_future #2
2024-08-28 20:30:49,436
      symbol  positionAmt entryPrice  ... adlQuantile AUMs_account        w%
174  ETHUSDT         0.02    2519.04  ...           2        296.7  0.170105
136  XRPUSDT        86.00     0.5707  ...           2        296.7  0.166151

[2 rows x 12 columns]
2024-08-28 20:30:49,518
programm stoppeddd!!! 20240828_203049
