2024-09-16 21:30:55,965
ON program started 20240916 21:30:55,
US time: 20240916 17:30:55
2024-09-16 21:30:57,058
the strat is currently running @ 16-09-2024 and the target positions is LONG
2024-09-16 21:30:58,380
CURRENT STATUS IS LONG
-----
return before 14h30:
BTCUSDT-1.07%, ETHUSDT-0.56%, XRPUSDT+0.12%
-----
target alloc initial:BTCUSDT+16.67%, ETHUSDT+16.67%, XRPUSDT+16.67%
-----
alloc target x rt%<0:BTCUSDT+16.67%, ETHUSDT+16.67%, XRPUSDT+16.67%
-----
           BTCUSDT ETHUSDT XRPUSDT
w_target     16.7%   16.7%   16.7%
rt_14h30    -0.01%  -0.01%   0.00%
w_target_f   16.7%   16.7%   16.7%
2024-09-16 21:30:58,381
Portfolio was rebalanced less than 2 hours ago, 1.0 hours ago
2024-09-16 21:30:58,383
Status: prev = LONG <> LONG = target
2024-09-16 21:30:58,383
the strat is currently running @ 16-09-2024 and the target positions is LONG
the strat was previously run @ 2024-09-16 20:30:59, success:yes 
   and the current positions is LONG
2024-09-16 21:30:59,503
positions_future #2
2024-09-16 21:30:59,503
      symbol  positionAmt entryPrice  ... adlQuantile AUMs_account        w%
177  ETHUSDT        0.022    2287.54  ...           1        296.8  0.169153
139  XRPUSDT       84.600     0.5786  ...           2        296.8  0.165857

[2 rows x 12 columns]
2024-09-16 21:30:59,584
programm stoppeddd!!! 20240916_213059
