2023-11-02 22:30:31,148
ON program started 20231102 22:30:31,
US time: 20231102 18:30:31
2023-11-02 22:30:32,026
the strat is currently running @ 02-11-2023 and the target positions is SHORT
2023-11-02 22:30:33,443
CURRENT STATUS IS SHORT, WE CHECK IF THE DAY IS A NEGATIVE ONE
-----
return before 14h30:
BTCUSDT-2.25%, ETHUSDT-2.87%, XRPUSDT-1.19%
-----
target alloc initial:BTCUSDT-4.17%, ETHUSDT+0.00%, XRPUSDT-4.17%
-----
alloc target x rt%<0:BTCUSDT-4.17%, ETHUSDT+0.00%, XRPUSDT-4.17%
-----
           BTCUSDT ETHUSDT XRPUSDT
w_target     -4.2%    0.0%   -4.2%
rt_14h30    -0.02%  -0.03%  -0.01%
w_target_f   -4.2%    0.0%   -4.2%
2023-11-02 22:30:33,445
Portfolio was rebalanced less than 2 hours ago, 1.0 hours ago
2023-11-02 22:30:33,449
Status: prev = SHORT <> LONG = target
2023-11-02 22:30:33,449
the strat is currently running @ 02-11-2023 and the target positions is SHORT
the strat was previously run @ 2023-11-02 21:30:58 UTC, success:yes 
   and the current positions is LONG
2023-11-02 22:30:34,633
positions_future #2
2023-11-02 22:30:34,633
      symbol  positionAmt entryPrice  ... adlQuantile AUMs_account        w%
152  ETHUSDT        0.027    1806.76  ...           1        287.3  0.169107
122  XRPUSDT       78.800     0.6083  ...           1        287.3  0.166369

[2 rows x 12 columns]
2023-11-02 22:30:34,887
------------------------------
binance_account_balance
2023-11-02 22:30:34,887
  asset     balance  ... marginAvailable   updateTime
5  USDT  287.607796  ...            True  02Nov-18:33

[1 rows x 8 columns]
2023-11-02 22:30:35,568
------------------------------
open_orders
2023-11-02 22:30:35,568
                                      0                           1
symbol                          ETHUSDT                     XRPUSDT
status                              NEW                         NEW
price                                 0                           0
avgPrice                              0                           0
origQty                           0.027                        78.8
executedQty                           0                           0
type                        STOP_MARKET                 STOP_MARKET
side                               SELL                        SELL
stopPrice                       1716.47                      0.5789
time         2023-11-02 18:33:40.372000  2023-11-02 18:33:40.811000
updateTime   2023-11-02 18:33:40.372000  2023-11-02 18:33:40.811000
2023-11-02 22:30:38,288
------------------------------
AUMS account:287

2023-11-02 22:30:38,290
--------------- compute_futures_order_book() ----------------
2023-11-02 22:30:39,869
----------------------------------------------------------------------
#2 order(s) to place
gross$: 109$ | net$: -109$
gross%: 38% | net%: -38%
 || w>0%  +0% | w<0%  -38%
----------------------------------------------------------------------
PTF Expo% 33.7% >> -8.3% (current>>target)
PTF expo $97.0 >> $-23 (current>>target)
----------------------------------------------------------------------
2023-11-02 22:30:39,871
orders_ofthe_day
2023-11-02 22:30:39,871
                  ptf_usd  target_usd  ...        bid        ask
2023-11-02 22:30                       ...                      
XRPUSDT              48.0      -11.98  ...     0.6064     0.6065
ETHUSDT              49.0        0.00  ...  1799.2000  1799.2100

[2 rows x 9 columns]
2023-11-02 22:30:41,690
binance_place_orders_peg 20231102_223041
2023-11-02 22:30:42,135
{'orderId': 44167695011, 'symbol': 'XRPUSDT', 'status': 'NEW', 'clientOrderId': 'AW3ypRxkKS1Me7gvvoeiLc', 'price': '0.6068', 'avgPrice': '0.00', 'origQty': '98.9', 'executedQty': '0.0', 'cumQty': '0.0', 'cumQuote': '0.00000', 'timeInForce': 'GTC', 'type': 'LIMIT', 'reduceOnly': False, 'closePosition': False, 'side': 'SELL', 'positionSide': 'BOTH', 'stopPrice': '0.0000', 'workingType': 'CONTRACT_PRICE', 'priceProtect': False, 'origType': 'LIMIT', 'priceMatch': 'NONE', 'selfTradePreventionMode': 'NONE', 'goodTillDate': 0, 'updateTime': 1698964242021}
2023-11-02 22:30:42,579
{'orderId': 8389765625042383384, 'symbol': 'ETHUSDT', 'status': 'NEW', 'clientOrderId': 'qlYj8kNEvPesKtXIB2fCG8', 'price': '1799.95', 'avgPrice': '0.00', 'origQty': '0.027', 'executedQty': '0.000', 'cumQty': '0.000', 'cumQuote': '0.00000', 'timeInForce': 'GTC', 'type': 'LIMIT', 'reduceOnly': False, 'closePosition': False, 'side': 'SELL', 'positionSide': 'BOTH', 'stopPrice': '0.00', 'workingType': 'CONTRACT_PRICE', 'priceProtect': False, 'origType': 'LIMIT', 'priceMatch': 'NONE', 'selfTradePreventionMode': 'NONE', 'goodTillDate': 0, 'updateTime': 1698964242468}
2023-11-02 22:30:43,460
update 0: filled 0 / 2 () | working 2 / 2 (-XRPUSDT,-ETHUSDT)
2023-11-02 22:30:47,461
-XRPUSDT: bp7.0|-ETHUSDT: bp4.0|
2023-11-02 22:30:48,342
update 1: filled 0 / 2 () | working 2 / 2 (-XRPUSDT,-ETHUSDT)
2023-11-02 22:30:52,342
-XRPUSDT: bp7.0|-ETHUSDT: bp4.0|
2023-11-02 22:30:53,220
update 2: filled 0 / 2 () | working 2 / 2 (-XRPUSDT,-ETHUSDT)
2023-11-02 22:30:57,221
-XRPUSDT: bp12.0|-ETHUSDT: bp4.0|
2023-11-02 22:30:58,100
update 3: filled 0 / 2 () | working 2 / 2 (-XRPUSDT,-ETHUSDT)
2023-11-02 22:31:02,100
-XRPUSDT: bp12.0|-ETHUSDT: bp4.0|
2023-11-02 22:31:02,980
update 4: filled 0 / 2 () | working 2 / 2 (-XRPUSDT,-ETHUSDT)
2023-11-02 22:31:06,981
-XRPUSDT: bp12.0|-ETHUSDT: bp4.0|
2023-11-02 22:31:07,864
update 5: filled 0 / 2 () | working 2 / 2 (-XRPUSDT,-ETHUSDT)
2023-11-02 22:31:11,865
-XRPUSDT: bp8.0|-ETHUSDT: bp4.0|
2023-11-02 22:31:12,743
update 6: filled 0 / 2 () | working 2 / 2 (-XRPUSDT,-ETHUSDT)
2023-11-02 22:31:16,744
-XRPUSDT: bp7.0|-ETHUSDT: bp4.0|
2023-11-02 22:31:17,621
update 7: filled 0 / 2 () | working 2 / 2 (-XRPUSDT,-ETHUSDT)
2023-11-02 22:31:21,622
-XRPUSDT: bp7.0|-ETHUSDT: bp4.0|
2023-11-02 22:31:22,501
update 8: filled 0 / 2 () | working 2 / 2 (-XRPUSDT,-ETHUSDT)
2023-11-02 22:31:26,502
-XRPUSDT: bp7.0|-ETHUSDT: bp4.0|
2023-11-02 22:31:27,382
update 9: filled 0 / 2 () | working 2 / 2 (-XRPUSDT,-ETHUSDT)
2023-11-02 22:31:31,383
-XRPUSDT: bp7.0|-ETHUSDT: bp4.0|
2023-11-02 22:31:32,265
update 10: filled 0 / 2 () | working 2 / 2 (-XRPUSDT,-ETHUSDT)
2023-11-02 22:31:36,266
-XRPUSDT: bp7.0|-ETHUSDT: bp4.0|
2023-11-02 22:31:37,144
update 11: filled 0 / 2 () | working 2 / 2 (-XRPUSDT,-ETHUSDT)
2023-11-02 22:31:41,145
-XRPUSDT: bp7.0|-ETHUSDT: bp4.0|
2023-11-02 22:31:42,025
update 12: filled 0 / 2 () | working 2 / 2 (-XRPUSDT,-ETHUSDT)
2023-11-02 22:31:46,025
-XRPUSDT: bp7.0|-ETHUSDT: bp2.0|
2023-11-02 22:31:46,904
update 13: filled 0 / 2 () | working 2 / 2 (-XRPUSDT,-ETHUSDT)
2023-11-02 22:31:50,904
-XRPUSDT: bp7.0|-ETHUSDT: bp1.0|
2023-11-02 22:31:51,785
update 14: filled 0 / 2 () | working 2 / 2 (-XRPUSDT,-ETHUSDT)
2023-11-02 22:31:55,785
-XRPUSDT: bp7.0|-ETHUSDT: bp1.0|
2023-11-02 22:31:55,786
Adjustment limit #1 ... 
 we cancel current orders and replace
2023-11-02 22:31:55,786
@+/-2.5bp limit 
2023-11-02 22:31:55,786
binance_cancel_and_replace_orders_peg 20231102_223155
2023-11-02 22:31:57,125
binance_place_orders_peg 20231102_223157
2023-11-02 22:31:57,572
{'orderId': 44167736144, 'symbol': 'XRPUSDT', 'status': 'NEW', 'clientOrderId': '7cZq5CDNfXMNuBcXcddG6Q', 'price': '0.6067', 'avgPrice': '0.00', 'origQty': '98.9', 'executedQty': '0.0', 'cumQty': '0.0', 'cumQuote': '0.00000', 'timeInForce': 'GTC', 'type': 'LIMIT', 'reduceOnly': False, 'closePosition': False, 'side': 'SELL', 'positionSide': 'BOTH', 'stopPrice': '0.0000', 'workingType': 'CONTRACT_PRICE', 'priceProtect': False, 'origType': 'LIMIT', 'priceMatch': 'NONE', 'selfTradePreventionMode': 'NONE', 'goodTillDate': 0, 'updateTime': 1698964317456}
2023-11-02 22:31:58,021
{'orderId': 8389765625042450194, 'symbol': 'ETHUSDT', 'status': 'NEW', 'clientOrderId': 'i1Hdp0wpWIAi8WNJP9WD2D', 'price': '1800.34', 'avgPrice': '0.00', 'origQty': '0.027', 'executedQty': '0.000', 'cumQty': '0.000', 'cumQuote': '0.00000', 'timeInForce': 'GTC', 'type': 'LIMIT', 'reduceOnly': False, 'closePosition': False, 'side': 'SELL', 'positionSide': 'BOTH', 'stopPrice': '0.00', 'workingType': 'CONTRACT_PRICE', 'priceProtect': False, 'origType': 'LIMIT', 'priceMatch': 'NONE', 'selfTradePreventionMode': 'NONE', 'goodTillDate': 0, 'updateTime': 1698964317904}
2023-11-02 22:31:58,901
update 0: filled 0 / 2 () | working 2 / 2 (-XRPUSDT,-ETHUSDT)
2023-11-02 22:32:02,901
-XRPUSDT: bp5.0|-ETHUSDT: bp3.0|
2023-11-02 22:32:03,784
update 1: filled 0 / 2 () | working 2 / 2 (-XRPUSDT,-ETHUSDT)
2023-11-02 22:32:07,785
-XRPUSDT: bp5.0|-ETHUSDT: bp3.0|
2023-11-02 22:32:08,667
update 2: filled 0 / 2 () | working 2 / 2 (-XRPUSDT,-ETHUSDT)
2023-11-02 22:32:12,668
-XRPUSDT: bp5.0|-ETHUSDT: bp3.0|
2023-11-02 22:32:13,550
update 3: filled 0 / 2 () | working 2 / 2 (-XRPUSDT,-ETHUSDT)
2023-11-02 22:32:17,551
-XRPUSDT: bp5.0|-ETHUSDT: bp1.0|
2023-11-02 22:32:18,432
update 4: filled 2 / 2 (-XRPUSDT,-ETHUSDT) | working 0 / 2 ()
2023-11-02 22:32:24,478
Trades of the day
in$
as of: 02Nov 22:32>>22:32 (#trades: 2)
trade net: -109.0 (-37.9%), trade gross: +109.0 (+37.9%), BUY: +0.0 (+0.0%), SELL: -109.0 (-37.9%)
fees: $ 0.022 (2.0bp)
2023-11-02 22:32:24,937
Trades: 
Filled #2
______________________________________________
                   in$ | in bp 108 traded | in bp 287 AUMs
realizedPnl    -0.3    | -28     | -10    
PnLvsArrival   +0.05   | +5      | +2     
PnLvsLast      -0.01   | -1      | -0     
______________________________________________
                 | Value$ | PnL Arrival/Last 
______________________________________________
XRP:-98.9@0.6067 | -60$ | 0.02/0
ETH:-0.027@1800.34 | -49$ | 0.03/-0.01
2023-11-02 22:32:25,572
***************************
Positions after orders
***************************
2023-11-02 22:32:25,573
      symbol  qty_ptf   execP  ... adlQuantile   AUMs     w%
122  XRPUSDT    -20.1  0.6067  ...           1  287.3 -0.042

[1 rows x 12 columns]
2023-11-02 22:32:25,581
***************************
2023-11-02 22:32:26,020
2 STOP orders will be placed
2023-11-02 22:32:26,020
@+/-500.0bp limit
2023-11-02 22:32:26,021
binance_place_orders_peg 20231102_223226
2023-11-02 22:32:26,467
{'orderId': 44167753469, 'symbol': 'XRPUSDT', 'status': 'NEW', 'clientOrderId': 'D8onIYSyh4Awc7YmtmYp2V', 'price': '0.0000', 'avgPrice': '0.00', 'origQty': '20.1', 'executedQty': '0.0', 'cumQty': '0.0', 'cumQuote': '0.00000', 'timeInForce': 'GTC', 'type': 'STOP_MARKET', 'reduceOnly': False, 'closePosition': False, 'side': 'BUY', 'positionSide': 'BOTH', 'stopPrice': '0.6371', 'workingType': 'CONTRACT_PRICE', 'priceProtect': False, 'origType': 'STOP_MARKET', 'priceMatch': 'NONE', 'selfTradePreventionMode': 'NONE', 'goodTillDate': 0, 'updateTime': 1698964346353}
