2024-05-03 22:30:51,835
ON program started 20240503 22:30:51,
US time: 20240503 18:30:51
2024-05-03 22:30:53,263
the strat is currently running @ 03-05-2024 and the target positions is SHORT
2024-05-03 22:30:55,101
CURRENT STATUS IS SHORT, WE CHECK IF THE DAY IS A NEGATIVE ONE
-----
return before 14h30:
BTCUSDT+4.45%, ETHUSDT+2.51%, XRPUSDT+1.31%
-----
target alloc initial:BTCUSDT-4.17%, ETHUSDT+0.00%, XRPUSDT-4.17%
-----
alloc target x rt%<0:BTCUSDT-0.00%, ETHUSDT+0.00%, XRPUSDT-0.00%
-----
           BTCUSDT ETHUSDT XRPUSDT
w_target     -4.2%    0.0%   -4.2%
rt_14h30     0.04%   0.03%   0.01%
w_target_f   -0.0%    0.0%   -0.0%
2024-05-03 22:30:55,102
Portfolio was rebalanced less than 2 hours ago, 1.0 hours ago
2024-05-03 22:30:55,103
Status: prev = SHORT <> LONG = target
2024-05-03 22:30:55,103
the strat is currently running @ 03-05-2024 and the target positions is SHORT
the strat was previously run @ 2024-05-03 21:31:03, success:yes 
   and the current positions is LONG
2024-05-03 22:30:56,318
positions_future #2
2024-05-03 22:30:56,318
      symbol  positionAmt entryPrice  ... adlQuantile AUMs_account        w%
134  XRPUSDT       89.300     0.5268  ...           2        284.2  0.167190
167  ETHUSDT        0.015     3072.1  ...           1        284.2  0.164169

[2 rows x 12 columns]
2024-05-03 22:30:56,566
------------------------------
binance_account_balance
2024-05-03 22:30:56,566
  asset     balance  ...  marginAvailable   updateTime
6  USDT  283.157479  ...             True  03May-18:35

[1 rows x 8 columns]
2024-05-03 22:30:57,241
------------------------------
open_orders
2024-05-03 22:30:57,241
Empty DataFrame
Columns: []
Index: []
2024-05-03 22:30:57,906
------------------------------
AUMS account:284

2024-05-03 22:30:57,907
--------------- compute_futures_order_book() ----------------
2024-05-03 22:30:59,484
----------------------------------------------------------------------
#2 order(s) to place
gross$: 95$ | net$: -95$
gross%: 33% | net%: -33%
 || w>0%  +0% | w<0%  -33%
----------------------------------------------------------------------
PTF Expo% 33.4% >> 0.0% (current>>target)
PTF expo $95.0 >> $0 (current>>target)
----------------------------------------------------------------------
2024-05-03 22:30:59,485
orders_ofthe_day
2024-05-03 22:30:59,486
                  ptf_usd  target_usd  totrd_usd  ...       bid        ask strategy
2024-05-03 22:30                                  ...                              
XRPUSDT              48.0        -0.0      -48.0  ...     0.532     0.5321  STRATON
ETHUSDT              47.0         0.0      -47.0  ...  3110.010  3110.0200  STRATON

[2 rows x 10 columns]
2024-05-03 22:31:02,247
binance_place_orders_peg 20240503_223102
2024-05-03 22:31:02,692
{'orderId': 56035543778, 'symbol': 'XRPUSDT', 'status': 'NEW', 'clientOrderId': 'STRATON', 'price': '0.5325', 'avgPrice': '0.00', 'origQty': '89.3', 'executedQty': '0.0', 'cumQty': '0.0', 'cumQuote': '0.00000', 'timeInForce': 'GTC', 'type': 'LIMIT', 'reduceOnly': False, 'closePosition': False, 'side': 'SELL', 'positionSide': 'BOTH', 'stopPrice': '0.0000', 'workingType': 'CONTRACT_PRICE', 'priceProtect': False, 'origType': 'LIMIT', 'priceMatch': 'NONE', 'selfTradePreventionMode': 'NONE', 'goodTillDate': 0, 'updateTime': 1714775462579}
2024-05-03 22:31:03,134
{'orderId': 8389765678269160427, 'symbol': 'ETHUSDT', 'status': 'NEW', 'clientOrderId': 'STRATON', 'price': '3112.62', 'avgPrice': '0.00', 'origQty': '0.015', 'executedQty': '0.000', 'cumQty': '0.000', 'cumQuote': '0.00000', 'timeInForce': 'GTC', 'type': 'LIMIT', 'reduceOnly': False, 'closePosition': False, 'side': 'SELL', 'positionSide': 'BOTH', 'stopPrice': '0.00', 'workingType': 'CONTRACT_PRICE', 'priceProtect': False, 'origType': 'LIMIT', 'priceMatch': 'NONE', 'selfTradePreventionMode': 'NONE', 'goodTillDate': 0, 'updateTime': 1714775463022}
2024-05-03 22:31:04,698
update 0: filled 0 / 2 () | working 2 / 2 (-XRPUSDT,-ETHUSDT)
2024-05-03 22:31:08,698
-XRPUSDT: bp9.0|-ETHUSDT: bp8.0|
2024-05-03 22:31:09,580
update 1: filled 0 / 2 () | working 2 / 2 (-XRPUSDT,-ETHUSDT)
2024-05-03 22:31:13,581
-XRPUSDT: bp8.0|-ETHUSDT: bp6.0|
2024-05-03 22:31:14,462
update 2: filled 0 / 2 () | working 2 / 2 (-XRPUSDT,-ETHUSDT)
2024-05-03 22:31:18,463
-XRPUSDT: bp8.0|-ETHUSDT: bp5.0|
2024-05-03 22:31:19,342
update 3: filled 1 / 2 (-ETHUSDT) | working 1 / 2 (-XRPUSDT)
2024-05-03 22:31:23,342
-XRPUSDT: bp9.0|
2024-05-03 22:31:24,222
update 4: filled 1 / 2 (-ETHUSDT) | working 1 / 2 (-XRPUSDT)
2024-05-03 22:31:28,222
-XRPUSDT: bp11.0|
2024-05-03 22:31:29,103
update 5: filled 1 / 2 (-ETHUSDT) | working 1 / 2 (-XRPUSDT)
2024-05-03 22:31:33,104
-XRPUSDT: bp11.0|
2024-05-03 22:31:33,982
update 6: filled 1 / 2 (-ETHUSDT) | working 1 / 2 (-XRPUSDT)
2024-05-03 22:31:37,982
-XRPUSDT: bp11.0|
2024-05-03 22:31:38,862
update 7: filled 1 / 2 (-ETHUSDT) | working 1 / 2 (-XRPUSDT)
2024-05-03 22:31:42,862
-XRPUSDT: bp9.0|
2024-05-03 22:31:43,743
update 8: filled 1 / 2 (-ETHUSDT) | working 1 / 2 (-XRPUSDT)
2024-05-03 22:31:47,743
-XRPUSDT: bp9.0|
2024-05-03 22:31:48,702
update 9: filled 1 / 2 (-ETHUSDT) | working 1 / 2 (-XRPUSDT)
2024-05-03 22:31:52,702
-XRPUSDT: bp11.0|
2024-05-03 22:31:53,595
update 10: filled 1 / 2 (-ETHUSDT) | working 1 / 2 (-XRPUSDT)
2024-05-03 22:31:57,595
-XRPUSDT: bp11.0|
2024-05-03 22:31:58,473
update 11: filled 1 / 2 (-ETHUSDT) | working 1 / 2 (-XRPUSDT)
2024-05-03 22:32:02,474
-XRPUSDT: bp11.0|
2024-05-03 22:32:03,355
update 12: filled 1 / 2 (-ETHUSDT) | working 1 / 2 (-XRPUSDT)
2024-05-03 22:32:07,355
-XRPUSDT: bp9.0|
2024-05-03 22:32:08,234
update 13: filled 1 / 2 (-ETHUSDT) | working 1 / 2 (-XRPUSDT)
2024-05-03 22:32:12,235
-XRPUSDT: bp8.0|
2024-05-03 22:32:13,112
update 14: filled 1 / 2 (-ETHUSDT) | working 1 / 2 (-XRPUSDT)
2024-05-03 22:32:17,113
-XRPUSDT: bp9.0|
2024-05-03 22:32:17,113
Adjustment limit #1 ... 
 we cancel current orders and replace
2024-05-03 22:32:17,113
@+/-2.5bp limit 
2024-05-03 22:32:17,113
binance_cancel_and_replace_orders_peg 20240503_223217
2024-05-03 22:32:18,659
binance_place_orders_peg 20240503_223218
2024-05-03 22:32:19,103
{'orderId': 56035609798, 'symbol': 'XRPUSDT', 'status': 'NEW', 'clientOrderId': 'STRATON', 'price': '0.5321', 'avgPrice': '0.00', 'origQty': '89.3', 'executedQty': '0.0', 'cumQty': '0.0', 'cumQuote': '0.00000', 'timeInForce': 'GTC', 'type': 'LIMIT', 'reduceOnly': False, 'closePosition': False, 'side': 'SELL', 'positionSide': 'BOTH', 'stopPrice': '0.0000', 'workingType': 'CONTRACT_PRICE', 'priceProtect': False, 'origType': 'LIMIT', 'priceMatch': 'NONE', 'selfTradePreventionMode': 'NONE', 'goodTillDate': 0, 'updateTime': 1714775538991}
2024-05-03 22:32:19,992
update 0: filled 1 / 2 (-ETHUSDT) | working 1 / 2 (-XRPUSDT)
2024-05-03 22:32:23,992
-XRPUSDT: bp2.0|
2024-05-03 22:32:24,873
update 1: filled 1 / 2 (-ETHUSDT) | working 1 / 2 (-XRPUSDT)
2024-05-03 22:32:28,874
-XRPUSDT: bp2.0|
2024-05-03 22:32:29,752
update 2: filled 1 / 2 (-ETHUSDT) | working 1 / 2 (-XRPUSDT)
2024-05-03 22:32:33,753
-XRPUSDT: bp2.0|
2024-05-03 22:32:34,630
update 3: filled 1 / 2 (-ETHUSDT) | working 1 / 2 (-XRPUSDT)
2024-05-03 22:32:38,631
-XRPUSDT: bp2.0|
2024-05-03 22:32:39,514
update 4: filled 1 / 2 (-ETHUSDT) | working 1 / 2 (-XRPUSDT)
2024-05-03 22:32:43,514
-XRPUSDT: bp4.0|
2024-05-03 22:32:44,403
update 5: filled 1 / 2 (-ETHUSDT) | working 1 / 2 (-XRPUSDT)
2024-05-03 22:32:48,404
-XRPUSDT: bp6.0|
2024-05-03 22:32:49,283
update 6: filled 1 / 2 (-ETHUSDT) | working 1 / 2 (-XRPUSDT)
2024-05-03 22:32:53,284
-XRPUSDT: bp8.0|
2024-05-03 22:32:54,162
update 7: filled 1 / 2 (-ETHUSDT) | working 1 / 2 (-XRPUSDT)
2024-05-03 22:32:58,163
-XRPUSDT: bp4.0|
2024-05-03 22:32:59,040
update 8: filled 1 / 2 (-ETHUSDT) | working 1 / 2 (-XRPUSDT)
2024-05-03 22:33:03,041
-XRPUSDT: bp6.0|
2024-05-03 22:33:03,922
update 9: filled 1 / 2 (-ETHUSDT) | working 1 / 2 (-XRPUSDT)
2024-05-03 22:33:07,922
-XRPUSDT: bp4.0|
2024-05-03 22:33:08,800
update 10: filled 1 / 2 (-ETHUSDT) | working 1 / 2 (-XRPUSDT)
2024-05-03 22:33:12,801
-XRPUSDT: bp4.0|
2024-05-03 22:33:13,679
update 11: filled 1 / 2 (-ETHUSDT) | working 1 / 2 (-XRPUSDT)
2024-05-03 22:33:17,679
-XRPUSDT: bp4.0|
2024-05-03 22:33:18,562
update 12: filled 1 / 2 (-ETHUSDT) | working 1 / 2 (-XRPUSDT)
2024-05-03 22:33:22,563
-XRPUSDT: bp2.0|
2024-05-03 22:33:23,444
update 13: filled 1 / 2 (-ETHUSDT) | working 1 / 2 (-XRPUSDT)
2024-05-03 22:33:27,445
-XRPUSDT: bp2.0|
2024-05-03 22:33:28,325
update 14: filled 2 / 2 (-ETHUSDT,-XRPUSDT) | working 0 / 2 ()
2024-05-03 22:33:34,780
Trades of the day
in$
as of: 03May 22:31>>22:33 (#trades: 2)
trade net: -94.0 (-33.1%), trade gross: +94.0 (+33.1%), BUY: +0.0 (+0.0%), SELL: -94.0 (-33.1%)
fees: $ 0.019 (2.0bp)
2024-05-03 22:33:35,231
Trades: 
Filled #2
______________________________________________
                   in$ | in bp 94 traded | in bp 284 AUMs
realizedPnl    +1.08   | +115    | +38    
PnLvsArrival   +0.04   | +4      | +1     
PnLvsLast      +0.03   | +3      | +1     
______________________________________________
                 | Value$ | PnL Arrival/Last 
______________________________________________
XRP:-89.3@0.5321 | -48$ | 0/0
ETH:-0.015@3112.62 | -47$ | 0.04/0.03
