2024-03-28 03:31:04,210
ON program started 20240328 03:31:04,
US time: 20240327 23:31:04
2024-03-28 03:31:05,203
the strat is currently running @ 28-03-2024 and the target positions is NEUTRAL
2024-03-28 03:31:06,595
CURRENT STATUS IS NEUTRAL
-----
return before 14h30:
BTCUSDT-0.29%, ETHUSDT-0.55%, XRPUSDT-0.60%
-----
target alloc initial:BTCUSDT+0.00%, ETHUSDT+0.00%, XRPUSDT+0.00%
-----
alloc target x rt%<0:BTCUSDT+0.00%, ETHUSDT+0.00%, XRPUSDT+0.00%
-----
           BTCUSDT ETHUSDT XRPUSDT
w_target      0.0%    0.0%    0.0%
rt_14h30    -0.00%  -0.01%  -0.01%
w_target_f    0.0%    0.0%    0.0%
2024-03-28 03:31:06,596
Portfolio was rebalanced less than 2 hours ago, 1.0 hours ago
2024-03-28 03:31:06,598
Status: prev = NEUTRAL <> NEUTRAL = target
2024-03-28 03:31:06,598
the strat is currently running @ 28-03-2024 and the target positions is NEUTRAL
the strat was previously run @ 2024-03-28 02:31:00, success:? 
   and the current positions is NEUTRAL
2024-03-28 03:31:07,790
positions_future #0
2024-03-28 03:31:07,790
Empty DataFrame
Columns: [symbol, positionAmt, entryPrice, breakEvenPrice, markPrice, unRealizedProfit, value_usd, updateTime, isolated, adlQuantile, AUMs_account, w%]
Index: []
2024-03-28 03:31:08,011
------------------------------
binance_account_balance
2024-03-28 03:31:08,011
  asset     balance  ...  marginAvailable   updateTime
6  USDT  289.838261  ...             True  28Mar-02:31

[1 rows x 8 columns]
2024-03-28 03:31:08,244
------------------------------
open_orders
2024-03-28 03:31:08,245
Empty DataFrame
Columns: []
Index: []
2024-03-28 03:31:08,897
------------------------------
AUMS account:289

2024-03-28 03:31:08,899
--------------- compute_futures_order_book() ----------------
2024-03-28 03:31:10,452
----------------------------------------------------------------------
#0 order(s) to place
gross$: 0$ | net$: +0$
gross%: 0% | net%: +0%
 || w>0%  +0% | w<0%  0%
----------------------------------------------------------------------
PTF Expo% 0.0% >> 0.0% (current>>target)
PTF expo $0.0 >> $0 (current>>target)
----------------------------------------------------------------------
2024-03-28 03:31:10,453
orders_ofthe_day
2024-03-28 03:31:10,453
Empty DataFrame
Columns: [ptf_usd, target_usd, totrd_usd, posttrd_usd, qty, posttrd_qty, posttrd_w, bid, ask, strategy]
Index: []
2024-03-28 03:31:10,516
Orders of the day is empty, current and target potfolios are aligned
2024-03-28 03:31:10,516
Program stopped
