2024-04-09 23:31:00,814
ON program started 20240409 23:31:00,
US time: 20240409 19:31:00
2024-04-09 23:31:01,338
the strat is currently running @ 09-04-2024 and the target positions is SHORT
2024-04-09 23:31:02,733
CURRENT STATUS IS SHORT, WE CHECK IF THE DAY IS A NEGATIVE ONE
-----
return before 14h30:
BTCUSDT-2.36%, ETHUSDT-2.76%, XRPUSDT+1.66%
-----
target alloc initial:BTCUSDT-4.17%, ETHUSDT+0.00%, XRPUSDT-4.17%
-----
alloc target x rt%<0:BTCUSDT-4.17%, ETHUSDT+0.00%, XRPUSDT-0.00%
-----
           BTCUSDT ETHUSDT XRPUSDT
w_target     -4.2%    0.0%   -4.2%
rt_14h30    -0.02%  -0.03%   0.02%
w_target_f   -4.2%    0.0%   -0.0%
2024-04-09 23:31:02,734
Portfolio was rebalanced less than 2 hours ago, 1.0 hours ago
2024-04-09 23:31:02,736
Status: prev = SHORT <> SHORT = target
2024-04-09 23:31:02,736
the strat is currently running @ 09-04-2024 and the target positions is SHORT
the strat was previously run @ 2024-04-09 22:30:49, success:? 
   and the current positions is SHORT
2024-04-09 23:31:03,939
positions_future #0
2024-04-09 23:31:03,939
Empty DataFrame
Columns: [symbol, positionAmt, entryPrice, breakEvenPrice, markPrice, unRealizedProfit, value_usd, updateTime, isolated, adlQuantile, AUMs_account, w%]
Index: []
2024-04-09 23:31:04,165
------------------------------
binance_account_balance
2024-04-09 23:31:04,165
  asset     balance  ...  marginAvailable   updateTime
6  USDT  288.404157  ...             True  09Apr-22:34

[1 rows x 8 columns]
2024-04-09 23:31:04,401
------------------------------
open_orders
2024-04-09 23:31:04,401
Empty DataFrame
Columns: []
Index: []
2024-04-09 23:31:05,058
------------------------------
AUMS account:288

2024-04-09 23:31:05,060
--------------- compute_futures_order_book() ----------------
2024-04-09 23:31:06,632
----------------------------------------------------------------------
#0 order(s) to place
gross$: 0$ | net$: +0$
gross%: 0% | net%: +0%
 || w>0%  +0% | w<0%  0%
----------------------------------------------------------------------
PTF Expo% 0.0% >> -4.1% (current>>target)
PTF expo $0.0 >> $-12 (current>>target)
----------------------------------------------------------------------
2024-04-09 23:31:06,634
orders_ofthe_day
2024-04-09 23:31:06,634
Empty DataFrame
Columns: [ptf_usd, target_usd, totrd_usd, posttrd_usd, qty, posttrd_qty, posttrd_w, bid, ask, strategy]
Index: []
2024-04-09 23:31:06,699
Orders of the day is empty, current and target potfolios are aligned
2024-04-09 23:31:06,699
Program stopped
