2024-10-04 20:30:38,751
ON program started 20241004 20:30:38,
US time: 20241004 16:30:38
2024-10-04 20:30:39,274
the strat is currently running @ 04-10-2024 and the target positions is LONG
2024-10-04 20:30:40,608
CURRENT STATUS IS LONG
-----
return before 14h30:
BTCUSDT+1.36%, ETHUSDT+1.23%, XRPUSDT+0.31%
-----
target alloc initial:BTCUSDT+16.67%, ETHUSDT+16.67%, XRPUSDT+16.67%
-----
alloc target x rt%<0:BTCUSDT+16.67%, ETHUSDT+16.67%, XRPUSDT+16.67%
-----
           BTCUSDT ETHUSDT XRPUSDT
w_target     16.7%   16.7%   16.7%
rt_14h30     0.01%   0.01%   0.00%
w_target_f   16.7%   16.7%   16.7%
2024-10-04 20:30:40,609
Portfolio was rebalanced less than 2 hours ago, 1.0 hours ago
2024-10-04 20:30:40,611
Status: prev = LONG <> LONG = target
2024-10-04 20:30:40,611
the strat is currently running @ 04-10-2024 and the target positions is LONG
the strat was previously run @ 2024-10-04 19:30:50, success:yes 
   and the current positions is LONG
2024-10-04 20:30:41,764
positions_future #2
2024-10-04 20:30:41,765
      symbol  positionAmt entryPrice  ... adlQuantile AUMs_account        w%
184  ETHUSDT         0.02    2419.24  ...           2        286.6  0.169195
147  XRPUSDT        90.10     0.5325  ...           2        286.6  0.167387

[2 rows x 12 columns]
2024-10-04 20:30:41,857
programm stoppeddd!!! 20241004_203041
