2024-05-24 19:30:53,865
ON program started 20240524 19:30:53,
US time: 20240524 15:30:53
2024-05-24 19:30:54,513
the strat is currently running @ 24-05-2024 and the target positions is LONG
2024-05-24 19:30:55,933
CURRENT STATUS IS LONG
-----
return before 14h30:
BTCUSDT-1.31%, ETHUSDT-2.63%, XRPUSDT+0.76%
-----
target alloc initial:BTCUSDT+16.67%, ETHUSDT+16.67%, XRPUSDT+16.67%
-----
alloc target x rt%<0:BTCUSDT+16.67%, ETHUSDT+16.67%, XRPUSDT+16.67%
-----
           BTCUSDT ETHUSDT XRPUSDT
w_target     16.7%   16.7%   16.7%
rt_14h30    -0.01%  -0.03%   0.01%
w_target_f   16.7%   16.7%   16.7%
2024-05-24 19:30:55,934
Portfolio was rebalanced less than 2 hours ago, 1.0 hours ago
2024-05-24 19:30:55,936
Status: prev = LONG <> LONG = target
2024-05-24 19:30:55,936
the strat is currently running @ 24-05-2024 and the target positions is LONG
the strat was previously run @ 2024-05-24 18:31:18, success:? 
   and the current positions is LONG
2024-05-24 19:30:57,156
positions_future #2
2024-05-24 19:30:57,156
      symbol  positionAmt entryPrice  ... adlQuantile AUMs_account        w%
167  ETHUSDT        0.013    3740.42  ...           1        289.7  0.168178
134  XRPUSDT       90.200     0.5321  ...           2        289.7  0.165903

[2 rows x 12 columns]
2024-05-24 19:30:57,406
------------------------------
binance_account_balance
2024-05-24 19:30:57,406
  asset     balance  ...  marginAvailable   updateTime
6  USDT  289.559295  ...             True  24May-18:32

[1 rows x 8 columns]
2024-05-24 19:30:58,074
------------------------------
open_orders
2024-05-24 19:30:58,074
Empty DataFrame
Columns: []
Index: []
2024-05-24 19:30:58,721
------------------------------
AUMS account:289

2024-05-24 19:30:58,723
--------------- compute_futures_order_book() ----------------
2024-05-24 19:31:00,268
----------------------------------------------------------------------
#0 order(s) to place
gross$: 0$ | net$: +0$
gross%: 0% | net%: +0%
 || w>0%  +0% | w<0%  0%
----------------------------------------------------------------------
PTF Expo% 33.4% >> 50.0% (current>>target)
PTF expo $97.0 >> $144 (current>>target)
----------------------------------------------------------------------
2024-05-24 19:31:00,270
orders_ofthe_day
2024-05-24 19:31:00,270
Empty DataFrame
Columns: [ptf_usd, target_usd, totrd_usd, posttrd_usd, qty, posttrd_qty, posttrd_w, bid, ask, strategy]
Index: []
2024-05-24 19:31:00,333
Orders of the day is empty, current and target potfolios are aligned
2024-05-24 19:31:00,333
Program stopped
