2024-01-16 19:31:02,375
ON program started 20240116 19:31:02,
US time: 20240116 14:31:02
2024-01-16 19:31:03,393
the strat is currently running @ 16-01-2024 and the target positions is LONG
2024-01-16 19:31:04,821
CURRENT STATUS IS LONG
-----
return before 14h30:
BTCUSDT+0.49%, ETHUSDT+1.13%, XRPUSDT-0.12%
-----
target alloc initial:BTCUSDT+16.67%, ETHUSDT+16.67%, XRPUSDT+16.67%
-----
alloc target x rt%<0:BTCUSDT+16.67%, ETHUSDT+16.67%, XRPUSDT+16.67%
-----
           BTCUSDT ETHUSDT XRPUSDT
w_target     16.7%   16.7%   16.7%
rt_14h30     0.00%   0.01%  -0.00%
w_target_f   16.7%   16.7%   16.7%
2024-01-16 19:31:04,823
Portfolio was rebalanced less than 2 hours ago, 15.0 hours ago
2024-01-16 19:31:04,825
Status: prev = LONG <> NEUTRAL = target
2024-01-16 19:31:04,825
the strat is currently running @ 16-01-2024 and the target positions is LONG
the strat was previously run @ 2024-01-16 04:30:43 UTC, success:yes 
   and the current positions is NEUTRAL
2024-01-16 19:31:06,056
positions_future #0
2024-01-16 19:31:06,056
Empty DataFrame
Columns: [symbol, positionAmt, entryPrice, breakEvenPrice, markPrice, unRealizedProfit, value_usd, updateTime, isolated, adlQuantile, AUMs_account, w%]
Index: []
2024-01-16 19:31:06,281
------------------------------
binance_account_balance
2024-01-16 19:31:06,281
  asset     balance  ...  marginAvailable   updateTime
5  USDT  289.479792  ...             True  16Jan-00:32

[1 rows x 8 columns]
2024-01-16 19:31:06,518
------------------------------
open_orders
2024-01-16 19:31:06,519
Empty DataFrame
Columns: []
Index: []
2024-01-16 19:31:07,179
------------------------------
AUMS account:289

2024-01-16 19:31:07,181
--------------- compute_futures_order_book() ----------------
2024-01-16 19:31:08,750
----------------------------------------------------------------------
#2 order(s) to place
gross$: 97$ | net$: +97$
gross%: 34% | net%: +34%
 || w>0%  +34% | w<0%  0%
----------------------------------------------------------------------
PTF Expo% 0.0% >> 50.0% (current>>target)
PTF expo $0.0 >> $144 (current>>target)
----------------------------------------------------------------------
2024-01-16 19:31:08,752
orders_ofthe_day
2024-01-16 19:31:08,753
                  ptf_usd  target_usd  totrd_usd  ...        bid        ask strategy
2024-01-16 19:31                                  ...                               
ETHUSDT               0.0       48.26       49.0  ...  2562.3000  2562.3100  STRATON
XRPUSDT               0.0       48.26       48.0  ...     0.5768     0.5769  STRATON

[2 rows x 10 columns]
2024-01-16 19:31:09,950
binance_place_orders_peg 20240116_193109
2024-01-16 19:31:10,393
{'orderId': 8389765643924691248, 'symbol': 'ETHUSDT', 'status': 'NEW', 'clientOrderId': 'STRATON', 'price': '2561.02', 'avgPrice': '0.00', 'origQty': '0.019', 'executedQty': '0.000', 'cumQty': '0.000', 'cumQuote': '0.00000', 'timeInForce': 'GTC', 'type': 'LIMIT', 'reduceOnly': False, 'closePosition': False, 'side': 'BUY', 'positionSide': 'BOTH', 'stopPrice': '0.00', 'workingType': 'CONTRACT_PRICE', 'priceProtect': False, 'origType': 'LIMIT', 'priceMatch': 'NONE', 'selfTradePreventionMode': 'NONE', 'goodTillDate': 0, 'updateTime': 1705433470282}
2024-01-16 19:31:10,834
{'orderId': 48551497915, 'symbol': 'XRPUSDT', 'status': 'NEW', 'clientOrderId': 'STRATON', 'price': '0.5765', 'avgPrice': '0.00', 'origQty': '83.2', 'executedQty': '0.0', 'cumQty': '0.0', 'cumQuote': '0.00000', 'timeInForce': 'GTC', 'type': 'LIMIT', 'reduceOnly': False, 'closePosition': False, 'side': 'BUY', 'positionSide': 'BOTH', 'stopPrice': '0.0000', 'workingType': 'CONTRACT_PRICE', 'priceProtect': False, 'origType': 'LIMIT', 'priceMatch': 'NONE', 'selfTradePreventionMode': 'NONE', 'goodTillDate': 0, 'updateTime': 1705433470723}
2024-01-16 19:31:12,420
update 0: filled 0 / 2 () | working 2 / 2 (+ETHUSDT,+XRPUSDT)
2024-01-16 19:31:16,420
+ETHUSDT: bp5.0|+XRPUSDT: bp7.0|
2024-01-16 19:31:17,303
update 1: filled 0 / 2 () | working 2 / 2 (+ETHUSDT,+XRPUSDT)
2024-01-16 19:31:21,303
+ETHUSDT: bp5.0|+XRPUSDT: bp5.0|
2024-01-16 19:31:22,187
update 2: filled 0 / 2 () | working 2 / 2 (+ETHUSDT,+XRPUSDT)
2024-01-16 19:31:26,187
+ETHUSDT: bp5.0|+XRPUSDT: bp5.0|
2024-01-16 19:31:27,071
update 3: filled 0 / 2 () | working 2 / 2 (+ETHUSDT,+XRPUSDT)
2024-01-16 19:31:31,072
+ETHUSDT: bp5.0|+XRPUSDT: bp5.0|
2024-01-16 19:31:31,954
update 4: filled 0 / 2 () | working 2 / 2 (+ETHUSDT,+XRPUSDT)
2024-01-16 19:31:35,955
+ETHUSDT: bp6.0|+XRPUSDT: bp7.0|
2024-01-16 19:31:36,837
update 5: filled 0 / 2 () | working 2 / 2 (+ETHUSDT,+XRPUSDT)
2024-01-16 19:31:40,838
+ETHUSDT: bp2.0|+XRPUSDT: bp7.0|
2024-01-16 19:31:41,718
update 6: filled 0 / 2 () | working 2 / 2 (+ETHUSDT,+XRPUSDT)
2024-01-16 19:31:45,719
+ETHUSDT: bp2.0|+XRPUSDT: bp3.0|
2024-01-16 19:31:46,600
update 7: filled 0 / 2 () | working 2 / 2 (+ETHUSDT,+XRPUSDT)
2024-01-16 19:31:50,601
+ETHUSDT: bp2.0|+XRPUSDT: bp3.0|
2024-01-16 19:31:51,484
update 8: filled 0 / 2 () | working 2 / 2 (+ETHUSDT,+XRPUSDT)
2024-01-16 19:31:55,485
+ETHUSDT: bp3.0|+XRPUSDT: bp5.0|
2024-01-16 19:31:56,368
update 9: filled 0 / 2 () | working 2 / 2 (+ETHUSDT,+XRPUSDT)
2024-01-16 19:32:00,369
+ETHUSDT: bp3.0|+XRPUSDT: bp5.0|
2024-01-16 19:32:01,249
update 10: filled 0 / 2 () | working 2 / 2 (+ETHUSDT,+XRPUSDT)
2024-01-16 19:32:05,250
+ETHUSDT: bp7.0|+XRPUSDT: bp9.0|
2024-01-16 19:32:06,133
update 11: filled 0 / 2 () | working 2 / 2 (+ETHUSDT,+XRPUSDT)
2024-01-16 19:32:10,133
+ETHUSDT: bp7.0|+XRPUSDT: bp10.0|
2024-01-16 19:32:11,014
update 12: filled 0 / 2 () | working 2 / 2 (+ETHUSDT,+XRPUSDT)
2024-01-16 19:32:15,015
+ETHUSDT: bp7.0|+XRPUSDT: bp10.0|
2024-01-16 19:32:15,900
update 13: filled 0 / 2 () | working 2 / 2 (+ETHUSDT,+XRPUSDT)
2024-01-16 19:32:19,900
+ETHUSDT: bp7.0|+XRPUSDT: bp9.0|
2024-01-16 19:32:20,783
update 14: filled 0 / 2 () | working 2 / 2 (+ETHUSDT,+XRPUSDT)
2024-01-16 19:32:24,784
+ETHUSDT: bp7.0|+XRPUSDT: bp7.0|
2024-01-16 19:32:24,784
Adjustment limit #1 ... 
 we cancel current orders and replace
2024-01-16 19:32:24,784
@+/-2.5bp limit 
2024-01-16 19:32:24,784
binance_cancel_and_replace_orders_peg 20240116_193224
2024-01-16 19:32:26,992
binance_place_orders_peg 20240116_193226
2024-01-16 19:32:27,432
{'orderId': 8389765643925105781, 'symbol': 'ETHUSDT', 'status': 'NEW', 'clientOrderId': 'STRATON', 'price': '2562.30', 'avgPrice': '0.00', 'origQty': '0.019', 'executedQty': '0.000', 'cumQty': '0.000', 'cumQuote': '0.00000', 'timeInForce': 'GTC', 'type': 'LIMIT', 'reduceOnly': False, 'closePosition': False, 'side': 'BUY', 'positionSide': 'BOTH', 'stopPrice': '0.00', 'workingType': 'CONTRACT_PRICE', 'priceProtect': False, 'origType': 'LIMIT', 'priceMatch': 'NONE', 'selfTradePreventionMode': 'NONE', 'goodTillDate': 0, 'updateTime': 1705433547322}
2024-01-16 19:32:27,873
{'orderId': 48551543972, 'symbol': 'XRPUSDT', 'status': 'NEW', 'clientOrderId': 'STRATON', 'price': '0.5768', 'avgPrice': '0.00', 'origQty': '83.2', 'executedQty': '0.0', 'cumQty': '0.0', 'cumQuote': '0.00000', 'timeInForce': 'GTC', 'type': 'LIMIT', 'reduceOnly': False, 'closePosition': False, 'side': 'BUY', 'positionSide': 'BOTH', 'stopPrice': '0.0000', 'workingType': 'CONTRACT_PRICE', 'priceProtect': False, 'origType': 'LIMIT', 'priceMatch': 'NONE', 'selfTradePreventionMode': 'NONE', 'goodTillDate': 0, 'updateTime': 1705433547763}
2024-01-16 19:32:28,762
update 0: filled 0 / 2 () | working 2 / 2 (+ETHUSDT,+XRPUSDT)
2024-01-16 19:32:32,763
+ETHUSDT: bp3.0|+XRPUSDT: bp2.0|
2024-01-16 19:32:33,642
update 1: filled 0 / 2 () | working 2 / 2 (+ETHUSDT,+XRPUSDT)
2024-01-16 19:32:37,643
+ETHUSDT: bp3.0|+XRPUSDT: bp2.0|
2024-01-16 19:32:38,525
update 2: filled 0 / 2 () | working 2 / 2 (+ETHUSDT,+XRPUSDT)
2024-01-16 19:32:42,526
+ETHUSDT: bp3.0|+XRPUSDT: bp3.0|
2024-01-16 19:32:43,407
update 3: filled 0 / 2 () | working 2 / 2 (+ETHUSDT,+XRPUSDT)
2024-01-16 19:32:47,408
+ETHUSDT: bp4.0|+XRPUSDT: bp3.0|
2024-01-16 19:32:48,288
update 4: filled 0 / 2 () | working 2 / 2 (+ETHUSDT,+XRPUSDT)
2024-01-16 19:32:52,289
+ETHUSDT: bp3.0|+XRPUSDT: bp3.0|
2024-01-16 19:32:53,168
update 5: filled 0 / 2 () | working 2 / 2 (+ETHUSDT,+XRPUSDT)
2024-01-16 19:32:57,169
+ETHUSDT: bp3.0|+XRPUSDT: bp3.0|
2024-01-16 19:32:58,051
update 6: filled 0 / 2 () | working 2 / 2 (+ETHUSDT,+XRPUSDT)
2024-01-16 19:33:02,052
+ETHUSDT: bp4.0|+XRPUSDT: bp3.0|
2024-01-16 19:33:02,938
update 7: filled 0 / 2 () | working 2 / 2 (+ETHUSDT,+XRPUSDT)
2024-01-16 19:33:06,939
+ETHUSDT: bp5.0|+XRPUSDT: bp5.0|
2024-01-16 19:33:07,825
update 8: filled 0 / 2 () | working 2 / 2 (+ETHUSDT,+XRPUSDT)
2024-01-16 19:33:11,826
+ETHUSDT: bp11.0|+XRPUSDT: bp12.0|
2024-01-16 19:33:12,707
update 9: filled 0 / 2 () | working 2 / 2 (+ETHUSDT,+XRPUSDT)
2024-01-16 19:33:16,708
+ETHUSDT: bp12.0|+XRPUSDT: bp10.0|
2024-01-16 19:33:17,588
update 10: filled 0 / 2 () | working 2 / 2 (+ETHUSDT,+XRPUSDT)
2024-01-16 19:33:21,588
+ETHUSDT: bp12.0|+XRPUSDT: bp12.0|
2024-01-16 19:33:22,473
update 11: filled 0 / 2 () | working 2 / 2 (+ETHUSDT,+XRPUSDT)
2024-01-16 19:33:26,474
+ETHUSDT: bp14.0|+XRPUSDT: bp12.0|
2024-01-16 19:33:27,354
update 12: filled 0 / 2 () | working 2 / 2 (+ETHUSDT,+XRPUSDT)
2024-01-16 19:33:31,355
+ETHUSDT: bp13.0|+XRPUSDT: bp12.0|
2024-01-16 19:33:32,234
update 13: filled 0 / 2 () | working 2 / 2 (+ETHUSDT,+XRPUSDT)
2024-01-16 19:33:36,235
+ETHUSDT: bp12.0|+XRPUSDT: bp12.0|
2024-01-16 19:33:37,117
update 14: filled 0 / 2 () | working 2 / 2 (+ETHUSDT,+XRPUSDT)
2024-01-16 19:33:41,117
+ETHUSDT: bp12.0|+XRPUSDT: bp10.0|
2024-01-16 19:33:41,117
Adjustment limit #2 ... 
 we cancel current orders and replace
2024-01-16 19:33:41,118
@+/-1.25bp limit 
2024-01-16 19:33:41,118
binance_cancel_and_replace_orders_peg 20240116_193341
2024-01-16 19:33:43,328
binance_place_orders_peg 20240116_193343
2024-01-16 19:33:43,769
{'orderId': 8389765643925481873, 'symbol': 'ETHUSDT', 'status': 'NEW', 'clientOrderId': 'STRATON', 'price': '2565.32', 'avgPrice': '0.00', 'origQty': '0.019', 'executedQty': '0.000', 'cumQty': '0.000', 'cumQuote': '0.00000', 'timeInForce': 'GTC', 'type': 'LIMIT', 'reduceOnly': False, 'closePosition': False, 'side': 'BUY', 'positionSide': 'BOTH', 'stopPrice': '0.00', 'workingType': 'CONTRACT_PRICE', 'priceProtect': False, 'origType': 'LIMIT', 'priceMatch': 'NONE', 'selfTradePreventionMode': 'NONE', 'goodTillDate': 0, 'updateTime': 1705433623658}
2024-01-16 19:33:44,211
{'orderId': 48551588724, 'symbol': 'XRPUSDT', 'status': 'NEW', 'clientOrderId': 'STRATON', 'price': '0.5773', 'avgPrice': '0.00', 'origQty': '83.2', 'executedQty': '0.0', 'cumQty': '0.0', 'cumQuote': '0.00000', 'timeInForce': 'GTC', 'type': 'LIMIT', 'reduceOnly': False, 'closePosition': False, 'side': 'BUY', 'positionSide': 'BOTH', 'stopPrice': '0.0000', 'workingType': 'CONTRACT_PRICE', 'priceProtect': False, 'origType': 'LIMIT', 'priceMatch': 'NONE', 'selfTradePreventionMode': 'NONE', 'goodTillDate': 0, 'updateTime': 1705433624100}
2024-01-16 19:33:45,102
update 0: filled 0 / 2 () | working 2 / 2 (+ETHUSDT,+XRPUSDT)
2024-01-16 19:33:49,102
+ETHUSDT: bp1.0|+XRPUSDT: bp2.0|
2024-01-16 19:33:49,985
update 1: filled 1 / 2 (+ETHUSDT) | working 1 / 2 (+XRPUSDT)
2024-01-16 19:33:53,986
+XRPUSDT: bp3.0|
2024-01-16 19:33:54,875
update 2: filled 1 / 2 (+ETHUSDT) | working 1 / 2 (+XRPUSDT)
2024-01-16 19:33:58,876
+XRPUSDT: bp3.0|
2024-01-16 19:33:59,757
update 3: filled 1 / 2 (+ETHUSDT) | working 1 / 2 (+XRPUSDT)
2024-01-16 19:34:03,757
+XRPUSDT: bp3.0|
2024-01-16 19:34:04,639
update 4: filled 1 / 2 (+ETHUSDT) | working 1 / 2 (+XRPUSDT)
2024-01-16 19:34:08,640
+XRPUSDT: bp3.0|
2024-01-16 19:34:09,522
update 5: filled 1 / 2 (+ETHUSDT) | working 1 / 2 (+XRPUSDT)
2024-01-16 19:34:13,523
+XRPUSDT: bp3.0|
2024-01-16 19:34:14,403
update 6: filled 1 / 2 (+ETHUSDT) | working 1 / 2 (+XRPUSDT)
2024-01-16 19:34:18,404
+XRPUSDT: bp3.0|
2024-01-16 19:34:19,284
update 7: filled 1 / 2 (+ETHUSDT) | working 1 / 2 (+XRPUSDT)
2024-01-16 19:34:23,285
+XRPUSDT: bp3.0|
2024-01-16 19:34:24,168
update 8: filled 2 / 2 (+ETHUSDT,+XRPUSDT) | working 0 / 2 ()
2024-01-16 19:34:30,633
Trades of the day
in$
as of: 16Jan 19:33>>19:34 (#trades: 2)
trade net: +97.0 (+33.5%), trade gross: +97.0 (+33.5%), BUY: +97.0 (+33.5%), SELL: +0.0 (+0.0%)
fees: $ 0.019 (2.0bp)
2024-01-16 19:34:31,087
Trades: 
Filled #2
______________________________________________
                   in$ | in bp 96 traded | in bp 289 AUMs
realizedPnl    +0      | +0      | +0     
PnLvsArrival   -0.1    | -10     | -3     
PnLvsLast      +0.02   | +2      | +1     
______________________________________________
                 | Value$ | PnL Arrival/Last 
______________________________________________
XRP:+83.2@0.5773 | +48$ | -0.04/0.01
ETH:+0.019@2565.32 | +49$ | -0.06/0.01
