2023-08-29 22:30:59,731
ON program started 20230829 22:30:59,
US time: 20230829 18:30:59
2023-08-29 22:31:00,205
the strat is currently running @ 29-08-2023 and the target positions is SHORT
2023-08-29 22:31:01,614
CURRENT STATUS IS SHORT, WE CHECK IF THE DAY IS A NEGATIVE ONE
-----
return before 14h30:
BTCUSDT+6.94%, ETHUSDT+4.93%, XRPUSDT+3.88%
-----
target alloc initial:BTCUSDT-4.17%, ETHUSDT+0.00%, XRPUSDT-4.17%
-----
alloc target x rt%<0:BTCUSDT-0.00%, ETHUSDT+0.00%, XRPUSDT-0.00%
-----
           BTCUSDT ETHUSDT XRPUSDT
w_target     -4.2%    0.0%   -4.2%
rt_14h30     0.07%   0.05%   0.04%
w_target_f   -0.0%    0.0%   -0.0%
2023-08-29 22:31:01,616
Portfolio was rebalanced less than 2 hours ago, 1.0 hours ago
2023-08-29 22:31:01,619
Status: prev = SHORT <> LONG = target
2023-08-29 22:31:01,620
the strat is currently running @ 29-08-2023 and the target positions is SHORT
the strat was previously run @ 2023-08-29 21:30:55 UTC, success:yes 
   and the current positions is LONG
2023-08-29 22:31:02,794
positions_future #3
2023-08-29 22:31:02,794
      symbol  positionAmt entryPrice  ...   updateTime  AUMs_account        w%
225  BTCUSDT        0.002    27941.2  ...  29Aug-18:32         275.1  0.200097
138  ETHUSDT        0.027    1737.42  ...  29Aug-18:31         275.1  0.169507
111  XRPUSDT       85.000      0.542  ...  29Aug-18:33         275.1  0.166842

[3 rows x 9 columns]
2023-08-29 22:31:03,033
------------------------------
binance_account_balance
2023-08-29 22:31:03,033
  asset     balance  ... marginAvailable   updateTime
5  USDT  276.405268  ...            True  29Aug-18:33

[1 rows x 8 columns]
2023-08-29 22:31:03,936
------------------------------
open_orders
2023-08-29 22:31:03,936
                                      0  ...                           2
symbol                          BTCUSDT  ...                     XRPUSDT
status                              NEW  ...                         NEW
price                                 0  ...                           0
avgPrice                              0  ...                           0
origQty                           0.002  ...                          85
executedQty                           0  ...                           0
type                        STOP_MARKET  ...                 STOP_MARKET
side                               SELL  ...                        SELL
stopPrice                      26539.50  ...                      0.5149
time         2023-08-29 18:33:30.083000  ...  2023-08-29 18:33:30.957000
updateTime   2023-08-29 18:33:30.083000  ...  2023-08-29 18:33:30.957000

[11 rows x 3 columns]
2023-08-29 22:31:07,377
------------------------------
AUMS account:275

2023-08-29 22:31:07,379
--------------- compute_futures_order_book() ----------------
2023-08-29 22:31:08,948
----------------------------------------------------------------------
#3 order(s) to place
gross$: 148$ | net$: -148$
gross%: 54% | net%: -54%
 || w>0%  +0% | w<0%  -54%
----------------------------------------------------------------------
PTF Expo% 53.7% >> 0.0% (current>>target)
PTF expo $148.0 >> $0 (current>>target)
----------------------------------------------------------------------
2023-08-29 22:31:08,950
orders_ofthe_day
2023-08-29 22:31:08,950
                  ptf_usd  target_usd  ...         bid         ask
2023-08-29 22:31                       ...                        
BTCUSDT              55.0        -0.0  ...  27531.7000  27531.8000
ETHUSDT              47.0         0.0  ...   1727.1500   1727.1600
XRPUSDT              46.0        -0.0  ...      0.5398      0.5399

[3 rows x 9 columns]
2023-08-29 22:31:10,862
binance_place_orders_peg 20230829_223110
2023-08-29 22:31:11,304
{'orderId': 185169548723, 'symbol': 'BTCUSDT', 'status': 'NEW', 'clientOrderId': 'D4fWN0z5bPkRjDv9Ck1dup', 'price': '27539.70', 'avgPrice': '0.00', 'origQty': '0.002', 'executedQty': '0.000', 'cumQty': '0.000', 'cumQuote': '0.00000', 'timeInForce': 'GTC', 'type': 'LIMIT', 'reduceOnly': False, 'closePosition': False, 'side': 'SELL', 'positionSide': 'BOTH', 'stopPrice': '0.00', 'workingType': 'CONTRACT_PRICE', 'priceProtect': False, 'origType': 'LIMIT', 'updateTime': 1693348271191}
2023-08-29 22:31:11,747
{'orderId': 8389765614792877690, 'symbol': 'ETHUSDT', 'status': 'NEW', 'clientOrderId': 'FqfpZJzzGJJrYpzw9Kdh7X', 'price': '1727.88', 'avgPrice': '0.00', 'origQty': '0.027', 'executedQty': '0.000', 'cumQty': '0.000', 'cumQuote': '0.00000', 'timeInForce': 'GTC', 'type': 'LIMIT', 'reduceOnly': False, 'closePosition': False, 'side': 'SELL', 'positionSide': 'BOTH', 'stopPrice': '0.00', 'workingType': 'CONTRACT_PRICE', 'priceProtect': False, 'origType': 'LIMIT', 'updateTime': 1693348271636}
2023-08-29 22:31:12,194
{'orderId': 40398551354, 'symbol': 'XRPUSDT', 'status': 'NEW', 'clientOrderId': 'dJgOiG5bfWxqCctOfLo2PM', 'price': '0.5402', 'avgPrice': '0.00', 'origQty': '85.0', 'executedQty': '0.0', 'cumQty': '0.0', 'cumQuote': '0.00000', 'timeInForce': 'GTC', 'type': 'LIMIT', 'reduceOnly': False, 'closePosition': False, 'side': 'SELL', 'positionSide': 'BOTH', 'stopPrice': '0.0000', 'workingType': 'CONTRACT_PRICE', 'priceProtect': False, 'origType': 'LIMIT', 'updateTime': 1693348272080}
2023-08-29 22:31:13,523
update 0: filled 0 / 3 () | working 3 / 3 (-BTCUSDT,-ETHUSDT,-XRPUSDT)
2023-08-29 22:31:17,523
-BTCUSDT: bp5.0|-ETHUSDT: bp5.0|-XRPUSDT: bp6.0|
2023-08-29 22:31:18,849
update 1: filled 0 / 3 () | working 3 / 3 (-BTCUSDT,-ETHUSDT,-XRPUSDT)
2023-08-29 22:31:22,850
-BTCUSDT: bp2.0|-ETHUSDT: bp4.0|-XRPUSDT: bp6.0|
2023-08-29 22:31:24,175
update 2: filled 0 / 3 () | working 3 / 3 (-BTCUSDT,-ETHUSDT,-XRPUSDT)
2023-08-29 22:31:28,176
-BTCUSDT: bp2.0|-ETHUSDT: bp4.0|-XRPUSDT: bp6.0|
2023-08-29 22:31:29,498
update 3: filled 1 / 3 (-BTCUSDT) | working 2 / 3 (-ETHUSDT,-XRPUSDT)
2023-08-29 22:31:33,499
-ETHUSDT: bp0.0|-XRPUSDT: bp2.0|
2023-08-29 22:31:34,823
update 4: filled 3 / 3 (-BTCUSDT,-ETHUSDT,-XRPUSDT) | working 0 / 3 ()
2023-08-29 22:31:41,732
Trades of the day
in$
as of: 29Aug 22:31>>22:31 (#trades: 3)
trade net: -148.0 (-53.8%), trade gross: +148.0 (+53.8%), BUY: +0.0 (+0.0%), SELL: -148.0 (-53.8%)
fees: $ 0.03 (2.0bp)
2023-08-29 22:31:42,409
Trades: 
Filled #3
______________________________________________
                   in$ | in bp 147 traded | in bp 275 AUMs
realizedPnl    -1.21   | -82     | -44    
PnLvsArrival   +0.07   | +5      | +3     
PnLvsLast      +0      | +0      | +0     
______________________________________________
                 | Value$ | PnL Arrival/Last 
______________________________________________
BTC:-0.002@27539.7 | -55$ | 0.02/0
ETH:-0.027@1727.88 | -47$ | 0.02/0.01
XRP:-85@0.5402  | -46$ | 0.03/-0.01
2023-08-29 22:31:42,961
***************************
Positions after orders
***************************
2023-08-29 22:31:42,961
********No Position************
2023-08-29 22:31:42,961
***************************
2023-08-29 22:31:43,620
3 STOP orders will be placed
2023-08-29 22:31:43,620
@+/-500.0bp limit
2023-08-29 22:31:43,621
binance_place_orders_peg 20230829_223143
