2024-06-22 01:31:03,391
ON program started 20240622 01:31:03,
US time: 20240621 21:31:03
2024-06-22 01:31:04,336
the strat is currently running @ 22-06-2024 and the target positions is SHORT
2024-06-22 01:31:05,633
CURRENT STATUS IS SHORT, WE CHECK IF THE DAY IS A NEGATIVE ONE
-----
return before 14h30:
BTCUSDT-0.08%, ETHUSDT-0.53%, XRPUSDT+0.02%
-----
target alloc initial:BTCUSDT-4.17%, ETHUSDT+0.00%, XRPUSDT-4.17%
-----
alloc target x rt%<0:BTCUSDT-4.17%, ETHUSDT+0.00%, XRPUSDT-0.00%
-----
           BTCUSDT ETHUSDT XRPUSDT
w_target     -4.2%    0.0%   -4.2%
rt_14h30    -0.00%  -0.01%   0.00%
w_target_f   -4.2%    0.0%   -0.0%
2024-06-22 01:31:05,634
Portfolio was rebalanced less than 2 hours ago, 1.0 hours ago
2024-06-22 01:31:05,635
Status: prev = SHORT <> SHORT = target
2024-06-22 01:31:05,635
the strat is currently running @ 22-06-2024 and the target positions is SHORT
the strat was previously run @ 2024-06-22 00:31:09, success:yes 
   and the current positions is SHORT
2024-06-22 01:31:06,773
positions_future #1
2024-06-22 01:31:06,773
      symbol  positionAmt entryPrice  ... adlQuantile AUMs_account        w%
131  XRPUSDT        -25.0     0.4897  ...           2        292.5 -0.041771

[1 rows x 12 columns]
2024-06-22 01:31:06,852
programm stoppeddd!!! 20240622_013106
