2024-06-05 02:31:06,250
ON program started 20240605 02:31:06,
US time: 20240604 22:31:06
2024-06-05 02:31:06,898
the strat is currently running @ 05-06-2024 and the target positions is NEUTRAL
2024-06-05 02:31:08,213
CURRENT STATUS IS NEUTRAL
-----
return before 14h30:
BTCUSDT+0.62%, ETHUSDT-0.02%, XRPUSDT-0.10%
-----
target alloc initial:BTCUSDT+0.00%, ETHUSDT+0.00%, XRPUSDT+0.00%
-----
alloc target x rt%<0:BTCUSDT+0.00%, ETHUSDT+0.00%, XRPUSDT+0.00%
-----
           BTCUSDT ETHUSDT XRPUSDT
w_target      0.0%    0.0%    0.0%
rt_14h30     0.01%  -0.00%  -0.00%
w_target_f    0.0%    0.0%    0.0%
2024-06-05 02:31:08,214
Portfolio was rebalanced less than 2 hours ago, 1.0 hours ago
2024-06-05 02:31:08,216
Status: prev = NEUTRAL <> SHORT = target
2024-06-05 02:31:08,216
the strat is currently running @ 05-06-2024 and the target positions is NEUTRAL
the strat was previously run @ 2024-06-05 01:31:22, success:yes 
   and the current positions is SHORT
2024-06-05 02:31:09,365
positions_future #0
2024-06-05 02:31:09,366
Empty DataFrame
Columns: [symbol, positionAmt, entryPrice, breakEvenPrice, markPrice, unRealizedProfit, value_usd, updateTime, isolated, adlQuantile, AUMs_account, w%]
Index: []
2024-06-05 02:31:09,577
------------------------------
binance_account_balance
2024-06-05 02:31:09,577
  asset     balance  ...  marginAvailable   updateTime
6  USDT  289.326826  ...             True  04Jun-22:35

[1 rows x 8 columns]
2024-06-05 02:31:09,797
------------------------------
open_orders
2024-06-05 02:31:09,797
Empty DataFrame
Columns: []
Index: []
2024-06-05 02:31:10,409
------------------------------
AUMS account:289

2024-06-05 02:31:10,410
--------------- compute_futures_order_book() ----------------
2024-06-05 02:31:11,865
----------------------------------------------------------------------
#0 order(s) to place
gross$: 0$ | net$: +0$
gross%: 0% | net%: +0%
 || w>0%  +0% | w<0%  0%
----------------------------------------------------------------------
PTF Expo% 0.0% >> 0.0% (current>>target)
PTF expo $0.0 >> $0 (current>>target)
----------------------------------------------------------------------
2024-06-05 02:31:11,867
orders_ofthe_day
2024-06-05 02:31:11,867
Empty DataFrame
Columns: [ptf_usd, target_usd, totrd_usd, posttrd_usd, qty, posttrd_qty, posttrd_w, bid, ask, strategy]
Index: []
2024-06-05 02:31:11,952
Orders of the day is empty, current and target potfolios are aligned
2024-06-05 02:31:11,952
Program stopped
