2024-07-09 19:30:49,490
ON program started 20240709 19:30:49,
US time: 20240709 15:30:49
2024-07-09 19:30:49,944
the strat is currently running @ 09-07-2024 and the target positions is LONG
2024-07-09 19:30:51,279
CURRENT STATUS IS LONG
-----
return before 14h30:
BTCUSDT+1.08%, ETHUSDT+1.64%, XRPUSDT+0.21%
-----
target alloc initial:BTCUSDT+16.67%, ETHUSDT+16.67%, XRPUSDT+16.67%
-----
alloc target x rt%<0:BTCUSDT+16.67%, ETHUSDT+16.67%, XRPUSDT+16.67%
-----
           BTCUSDT ETHUSDT XRPUSDT
w_target     16.7%   16.7%   16.7%
rt_14h30     0.01%   0.02%   0.00%
w_target_f   16.7%   16.7%   16.7%
2024-07-09 19:30:51,295
Portfolio was rebalanced less than 2 hours ago, 1.0 hours ago
2024-07-09 19:30:51,296
Status: prev = LONG <> LONG = target
2024-07-09 19:30:51,296
the strat is currently running @ 09-07-2024 and the target positions is LONG
the strat was previously run @ 2024-07-09 18:30:38, success:? 
   and the current positions is LONG
2024-07-09 19:30:51,836
positions_future #2
2024-07-09 19:30:51,836
      symbol  positionAmt entryPrice  ... adlQuantile AUMs_account        w%
131  XRPUSDT      112.900     0.4347  ...           3        293.1  0.167572
166  ETHUSDT        0.016    3063.15  ...           2        293.1  0.167257

[2 rows x 12 columns]
2024-07-09 19:30:52,062
------------------------------
binance_account_balance
2024-07-09 19:30:52,063
  asset     balance  ...  marginAvailable   updateTime
4  USDT  293.041428  ...             True  09Jul-18:34

[1 rows x 8 columns]
2024-07-09 19:30:52,696
------------------------------
open_orders
2024-07-09 19:30:52,696
Empty DataFrame
Columns: []
Index: []
2024-07-09 19:30:54,108
------------------------------
AUMS account:293

2024-07-09 19:30:54,109
--------------- compute_futures_order_book() ----------------
2024-07-09 19:30:56,174
----------------------------------------------------------------------
#0 order(s) to place
gross$: 0$ | net$: +0$
gross%: 0% | net%: +0%
 || w>0%  +0% | w<0%  0%
----------------------------------------------------------------------
PTF Expo% 33.4% >> 50.0% (current>>target)
PTF expo $98.0 >> $146 (current>>target)
----------------------------------------------------------------------
2024-07-09 19:30:56,176
orders_ofthe_day
2024-07-09 19:30:56,176
Empty DataFrame
Columns: [ptf_usd, target_usd, totrd_usd, posttrd_usd, qty, posttrd_qty, posttrd_w, bid, ask, strategy]
Index: []
2024-07-09 19:30:56,236
Orders of the day is empty, current and target potfolios are aligned
2024-07-09 19:30:56,236
Program stopped
