2024-03-23 00:30:48,717
ON program started 20240323 00:30:48,
US time: 20240322 20:30:48
2024-03-23 00:30:49,235
the strat is currently running @ 23-03-2024 and the target positions is SHORT
2024-03-23 00:30:50,647
CURRENT STATUS IS SHORT, WE CHECK IF THE DAY IS A NEGATIVE ONE
-----
return before 14h30:
BTCUSDT-0.23%, ETHUSDT-0.38%, XRPUSDT-0.07%
-----
target alloc initial:BTCUSDT-4.17%, ETHUSDT+0.00%, XRPUSDT-4.17%
-----
alloc target x rt%<0:BTCUSDT-4.17%, ETHUSDT+0.00%, XRPUSDT-4.17%
-----
           BTCUSDT ETHUSDT XRPUSDT
w_target     -4.2%    0.0%   -4.2%
rt_14h30    -0.00%  -0.00%  -0.00%
w_target_f   -4.2%    0.0%   -4.2%
2024-03-23 00:30:50,648
Portfolio was rebalanced less than 2 hours ago, 1.0 hours ago
2024-03-23 00:30:50,650
Status: prev = SHORT <> SHORT = target
2024-03-23 00:30:50,650
the strat is currently running @ 23-03-2024 and the target positions is SHORT
the strat was previously run @ 2024-03-22 23:31:20, success:yes 
   and the current positions is SHORT
2024-03-23 00:30:51,864
positions_future #1
2024-03-23 00:30:51,864
      symbol  positionAmt entryPrice  ... adlQuantile AUMs_account     w%
124  XRPUSDT        -19.9     0.6092  ...           1        289.6 -0.042

[1 rows x 12 columns]
2024-03-23 00:30:51,942
programm stoppeddd!!! 20240323_003051
