2024-08-05 00:30:35,923
ON program started 20240805 00:30:35,
US time: 20240804 20:30:35
2024-08-05 00:30:36,385
the strat is currently running @ 05-08-2024 and the target positions is SHORT
2024-08-05 00:30:38,089
CURRENT STATUS IS SHORT, WE CHECK IF THE DAY IS A NEGATIVE ONE
-----
return before 14h30:
BTCUSDT-1.29%, ETHUSDT-1.39%, XRPUSDT-1.30%
-----
target alloc initial:BTCUSDT-4.17%, ETHUSDT+0.00%, XRPUSDT-4.17%
-----
alloc target x rt%<0:BTCUSDT-4.17%, ETHUSDT+0.00%, XRPUSDT-4.17%
-----
           BTCUSDT ETHUSDT XRPUSDT
w_target     -4.2%    0.0%   -4.2%
rt_14h30    -0.01%  -0.01%  -0.01%
w_target_f   -4.2%    0.0%   -4.2%
2024-08-05 00:30:38,090
Portfolio was rebalanced less than 2 hours ago, 1.0 hours ago
2024-08-05 00:30:38,092
Status: prev = SHORT <> SHORT = target
2024-08-05 00:30:38,092
the strat is currently running @ 05-08-2024 and the target positions is SHORT
the strat was previously run @ 2024-08-04 23:30:44, success:yes 
   and the current positions is SHORT
2024-08-05 00:30:38,624
positions_future #1
2024-08-05 00:30:38,624
      symbol  positionAmt entryPrice  ... adlQuantile AUMs_account        w%
130  XRPUSDT        -22.6     0.5333  ...           1        296.2 -0.039221

[1 rows x 12 columns]
2024-08-05 00:30:38,702
programm stoppeddd!!! 20240805_003038
