2024-07-22 22:30:46,636
ON program started 20240722 22:30:46,
US time: 20240722 18:30:46
2024-07-22 22:30:47,144
the strat is currently running @ 22-07-2024 and the target positions is SHORT
2024-07-22 22:30:48,857
CURRENT STATUS IS SHORT, WE CHECK IF THE DAY IS A NEGATIVE ONE
-----
return before 14h30:
BTCUSDT-1.57%, ETHUSDT-1.95%, XRPUSDT+1.30%
-----
target alloc initial:BTCUSDT-4.17%, ETHUSDT+0.00%, XRPUSDT-4.17%
-----
alloc target x rt%<0:BTCUSDT-4.17%, ETHUSDT+0.00%, XRPUSDT-0.00%
-----
           BTCUSDT ETHUSDT XRPUSDT
w_target     -4.2%    0.0%   -4.2%
rt_14h30    -0.02%  -0.02%   0.01%
w_target_f   -4.2%    0.0%   -0.0%
2024-07-22 22:30:48,858
Portfolio was rebalanced less than 2 hours ago, 1.0 hours ago
2024-07-22 22:30:48,859
Status: prev = SHORT <> LONG = target
2024-07-22 22:30:48,859
the strat is currently running @ 22-07-2024 and the target positions is SHORT
the strat was previously run @ 2024-07-22 21:31:00, success:yes 
   and the current positions is LONG
2024-07-22 22:30:49,989
positions_future #2
2024-07-22 22:30:49,989
      symbol  positionAmt entryPrice  ... adlQuantile AUMs_account        w%
131  XRPUSDT       79.600     0.6149  ...           1        294.1  0.164933
166  ETHUSDT        0.014    3463.37  ...           1        294.1  0.163902

[2 rows x 12 columns]
2024-07-22 22:30:50,214
------------------------------
binance_account_balance
2024-07-22 22:30:50,214
  asset     balance  ...  marginAvailable   updateTime
4  USDT  294.796287  ...             True  22Jul-18:32

[1 rows x 8 columns]
2024-07-22 22:30:50,840
------------------------------
open_orders
2024-07-22 22:30:50,840
Empty DataFrame
Columns: []
Index: []
2024-07-22 22:30:51,451
------------------------------
AUMS account:294

2024-07-22 22:30:51,453
--------------- compute_futures_order_book() ----------------
2024-07-22 22:30:52,912
----------------------------------------------------------------------
#2 order(s) to place
gross$: 97$ | net$: -97$
gross%: 33% | net%: -33%
 || w>0%  +0% | w<0%  -33%
----------------------------------------------------------------------
PTF Expo% 32.9% >> -4.1% (current>>target)
PTF expo $97.0 >> $-12 (current>>target)
----------------------------------------------------------------------
2024-07-22 22:30:52,913
orders_ofthe_day
2024-07-22 22:30:52,913
                  ptf_usd  target_usd  totrd_usd  ...        bid        ask strategy
2024-07-22 22:30                                  ...                               
XRPUSDT              49.0        -0.0      -49.0  ...     0.6093     0.6094  STRATON
ETHUSDT              48.0         0.0      -48.0  ...  3442.7200  3442.7300  STRATON

[2 rows x 10 columns]
2024-07-22 22:30:54,348
binance_place_orders_peg 20240722_223054
2024-07-22 22:30:54,764
{'orderId': 61155289085, 'symbol': 'XRPUSDT', 'status': 'NEW', 'clientOrderId': 'STRATON', 'price': '0.6097', 'avgPrice': '0.00', 'origQty': '79.6', 'executedQty': '0.0', 'cumQty': '0.0', 'cumQuote': '0.00000', 'timeInForce': 'GTC', 'type': 'LIMIT', 'reduceOnly': False, 'closePosition': False, 'side': 'SELL', 'positionSide': 'BOTH', 'stopPrice': '0.0000', 'workingType': 'CONTRACT_PRICE', 'priceProtect': False, 'origType': 'LIMIT', 'priceMatch': 'NONE', 'selfTradePreventionMode': 'NONE', 'goodTillDate': 0, 'updateTime': 1721687454655}
2024-07-22 22:30:55,178
{'orderId': 8389765704548022179, 'symbol': 'ETHUSDT', 'status': 'NEW', 'clientOrderId': 'STRATON', 'price': '3444.25', 'avgPrice': '0.00', 'origQty': '0.014', 'executedQty': '0.000', 'cumQty': '0.000', 'cumQuote': '0.00000', 'timeInForce': 'GTC', 'type': 'LIMIT', 'reduceOnly': False, 'closePosition': False, 'side': 'SELL', 'positionSide': 'BOTH', 'stopPrice': '0.00', 'workingType': 'CONTRACT_PRICE', 'priceProtect': False, 'origType': 'LIMIT', 'priceMatch': 'NONE', 'selfTradePreventionMode': 'NONE', 'goodTillDate': 0, 'updateTime': 1721687455070}
2024-07-22 22:30:56,657
update 0: filled 0 / 2 () | working 2 / 2 (-XRPUSDT,-ETHUSDT)
2024-07-22 22:31:00,657
-XRPUSDT: bp5.0|-ETHUSDT: bp6.0|
2024-07-22 22:31:01,475
update 1: filled 0 / 2 () | working 2 / 2 (-XRPUSDT,-ETHUSDT)
2024-07-22 22:31:05,476
-XRPUSDT: bp7.0|-ETHUSDT: bp5.0|
2024-07-22 22:31:06,300
update 2: filled 0 / 2 () | working 2 / 2 (-XRPUSDT,-ETHUSDT)
2024-07-22 22:31:10,301
-XRPUSDT: bp5.0|-ETHUSDT: bp7.0|
2024-07-22 22:31:11,118
update 3: filled 0 / 2 () | working 2 / 2 (-XRPUSDT,-ETHUSDT)
2024-07-22 22:31:15,119
-XRPUSDT: bp7.0|-ETHUSDT: bp6.0|
2024-07-22 22:31:15,934
update 4: filled 0 / 2 () | working 2 / 2 (-XRPUSDT,-ETHUSDT)
2024-07-22 22:31:19,935
-XRPUSDT: bp5.0|-ETHUSDT: bp5.0|
2024-07-22 22:31:20,751
update 5: filled 0 / 2 () | working 2 / 2 (-XRPUSDT,-ETHUSDT)
2024-07-22 22:31:24,751
-XRPUSDT: bp7.0|-ETHUSDT: bp5.0|
2024-07-22 22:31:25,569
update 6: filled 0 / 2 () | working 2 / 2 (-XRPUSDT,-ETHUSDT)
2024-07-22 22:31:29,570
-XRPUSDT: bp8.0|-ETHUSDT: bp6.0|
2024-07-22 22:31:30,385
update 7: filled 0 / 2 () | working 2 / 2 (-XRPUSDT,-ETHUSDT)
2024-07-22 22:31:34,386
-XRPUSDT: bp11.0|-ETHUSDT: bp9.0|
2024-07-22 22:31:35,203
update 8: filled 0 / 2 () | working 2 / 2 (-XRPUSDT,-ETHUSDT)
2024-07-22 22:31:39,204
-XRPUSDT: bp13.0|-ETHUSDT: bp8.0|
2024-07-22 22:31:40,020
update 9: filled 0 / 2 () | working 2 / 2 (-XRPUSDT,-ETHUSDT)
2024-07-22 22:31:44,021
-XRPUSDT: bp13.0|-ETHUSDT: bp6.0|
2024-07-22 22:31:44,838
update 10: filled 0 / 2 () | working 2 / 2 (-XRPUSDT,-ETHUSDT)
2024-07-22 22:31:48,839
-XRPUSDT: bp11.0|-ETHUSDT: bp4.0|
2024-07-22 22:31:49,655
update 11: filled 0 / 2 () | working 2 / 2 (-XRPUSDT,-ETHUSDT)
2024-07-22 22:31:53,656
-XRPUSDT: bp8.0|-ETHUSDT: bp3.0|
2024-07-22 22:31:54,471
update 12: filled 0 / 2 () | working 2 / 2 (-XRPUSDT,-ETHUSDT)
2024-07-22 22:31:58,472
-XRPUSDT: bp8.0|-ETHUSDT: bp3.0|
2024-07-22 22:31:59,289
update 13: filled 0 / 2 () | working 2 / 2 (-XRPUSDT,-ETHUSDT)
2024-07-22 22:32:03,290
-XRPUSDT: bp3.0|-ETHUSDT: bp3.0|
2024-07-22 22:32:04,107
update 14: filled 0 / 2 () | working 2 / 2 (-XRPUSDT,-ETHUSDT)
2024-07-22 22:32:08,107
-XRPUSDT: bp3.0|-ETHUSDT: bp2.0|
2024-07-22 22:32:08,108
Adjustment limit #1 ... 
 we cancel current orders and replace
2024-07-22 22:32:08,108
@+/-2.5bp limit 
2024-07-22 22:32:08,108
binance_cancel_and_replace_orders_peg 20240722_223208
2024-07-22 22:32:10,157
binance_place_orders_peg 20240722_223210
2024-07-22 22:32:10,564
{'orderId': 61155337448, 'symbol': 'XRPUSDT', 'status': 'NEW', 'clientOrderId': 'STRATON', 'price': '0.6097', 'avgPrice': '0.00', 'origQty': '79.6', 'executedQty': '0.0', 'cumQty': '0.0', 'cumQuote': '0.00000', 'timeInForce': 'GTC', 'type': 'LIMIT', 'reduceOnly': False, 'closePosition': False, 'side': 'SELL', 'positionSide': 'BOTH', 'stopPrice': '0.0000', 'workingType': 'CONTRACT_PRICE', 'priceProtect': False, 'origType': 'LIMIT', 'priceMatch': 'NONE', 'selfTradePreventionMode': 'NONE', 'goodTillDate': 0, 'updateTime': 1721687530463}
2024-07-22 22:32:10,974
{'orderId': 8389765704548259437, 'symbol': 'ETHUSDT', 'status': 'NEW', 'clientOrderId': 'STRATON', 'price': '3444.28', 'avgPrice': '0.00', 'origQty': '0.014', 'executedQty': '0.000', 'cumQty': '0.000', 'cumQuote': '0.00000', 'timeInForce': 'GTC', 'type': 'LIMIT', 'reduceOnly': False, 'closePosition': False, 'side': 'SELL', 'positionSide': 'BOTH', 'stopPrice': '0.00', 'workingType': 'CONTRACT_PRICE', 'priceProtect': False, 'origType': 'LIMIT', 'priceMatch': 'NONE', 'selfTradePreventionMode': 'NONE', 'goodTillDate': 0, 'updateTime': 1721687530871}
2024-07-22 22:32:11,798
update 0: filled 0 / 2 () | working 2 / 2 (-XRPUSDT,-ETHUSDT)
2024-07-22 22:32:15,799
-XRPUSDT: bp5.0|-ETHUSDT: bp2.0|
2024-07-22 22:32:16,618
update 1: filled 0 / 2 () | working 2 / 2 (-XRPUSDT,-ETHUSDT)
2024-07-22 22:32:20,619
-XRPUSDT: bp5.0|-ETHUSDT: bp2.0|
2024-07-22 22:32:21,435
update 2: filled 0 / 2 () | working 2 / 2 (-XRPUSDT,-ETHUSDT)
2024-07-22 22:32:25,435
-XRPUSDT: bp5.0|-ETHUSDT: bp2.0|
2024-07-22 22:32:26,252
update 3: filled 0 / 2 () | working 2 / 2 (-XRPUSDT,-ETHUSDT)
2024-07-22 22:32:30,253
-XRPUSDT: bp5.0|-ETHUSDT: bp2.0|
2024-07-22 22:32:31,071
update 4: filled 0 / 2 () | working 2 / 2 (-XRPUSDT,-ETHUSDT)
2024-07-22 22:32:35,071
-XRPUSDT: bp5.0|-ETHUSDT: bp2.0|
2024-07-22 22:32:35,892
update 5: filled 0 / 2 () | working 2 / 2 (-XRPUSDT,-ETHUSDT)
2024-07-22 22:32:39,893
-XRPUSDT: bp5.0|-ETHUSDT: bp5.0|
2024-07-22 22:32:40,709
update 6: filled 0 / 2 () | working 2 / 2 (-XRPUSDT,-ETHUSDT)
2024-07-22 22:32:44,710
-XRPUSDT: bp16.0|-ETHUSDT: bp9.0|
2024-07-22 22:32:45,526
update 7: filled 0 / 2 () | working 2 / 2 (-XRPUSDT,-ETHUSDT)
2024-07-22 22:32:49,527
-XRPUSDT: bp16.0|-ETHUSDT: bp10.0|
2024-07-22 22:32:50,342
update 8: filled 0 / 2 () | working 2 / 2 (-XRPUSDT,-ETHUSDT)
2024-07-22 22:32:54,343
-XRPUSDT: bp13.0|-ETHUSDT: bp10.0|
2024-07-22 22:32:55,158
update 9: filled 0 / 2 () | working 2 / 2 (-XRPUSDT,-ETHUSDT)
2024-07-22 22:32:59,159
-XRPUSDT: bp15.0|-ETHUSDT: bp10.0|
2024-07-22 22:32:59,974
update 10: filled 0 / 2 () | working 2 / 2 (-XRPUSDT,-ETHUSDT)
2024-07-22 22:33:03,975
-XRPUSDT: bp15.0|-ETHUSDT: bp11.0|
2024-07-22 22:33:04,791
update 11: filled 0 / 2 () | working 2 / 2 (-XRPUSDT,-ETHUSDT)
2024-07-22 22:33:08,792
-XRPUSDT: bp18.0|-ETHUSDT: bp12.0|
2024-07-22 22:33:09,608
update 12: filled 0 / 2 () | working 2 / 2 (-XRPUSDT,-ETHUSDT)
2024-07-22 22:33:13,609
-XRPUSDT: bp18.0|-ETHUSDT: bp16.0|
2024-07-22 22:33:14,428
update 13: filled 0 / 2 () | working 2 / 2 (-XRPUSDT,-ETHUSDT)
2024-07-22 22:33:18,428
-XRPUSDT: bp23.0|-ETHUSDT: bp16.0|
2024-07-22 22:33:19,246
update 14: filled 0 / 2 () | working 2 / 2 (-XRPUSDT,-ETHUSDT)
2024-07-22 22:33:23,247
-XRPUSDT: bp25.0|-ETHUSDT: bp17.0|
2024-07-22 22:33:23,247
Adjustment limit #2 ... 
 we cancel current orders and replace
2024-07-22 22:33:23,247
@+/-1.25bp limit 
2024-07-22 22:33:23,247
binance_cancel_and_replace_orders_peg 20240722_223323
2024-07-22 22:33:25,293
binance_place_orders_peg 20240722_223325
2024-07-22 22:33:25,700
{'orderId': 61155396202, 'symbol': 'XRPUSDT', 'status': 'NEW', 'clientOrderId': 'STRATON', 'price': '0.6081', 'avgPrice': '0.00', 'origQty': '79.6', 'executedQty': '0.0', 'cumQty': '0.0', 'cumQuote': '0.00000', 'timeInForce': 'GTC', 'type': 'LIMIT', 'reduceOnly': False, 'closePosition': False, 'side': 'SELL', 'positionSide': 'BOTH', 'stopPrice': '0.0000', 'workingType': 'CONTRACT_PRICE', 'priceProtect': False, 'origType': 'LIMIT', 'priceMatch': 'NONE', 'selfTradePreventionMode': 'NONE', 'goodTillDate': 0, 'updateTime': 1721687605597}
2024-07-22 22:33:26,107
{'orderId': 8389765704548524105, 'symbol': 'ETHUSDT', 'status': 'NEW', 'clientOrderId': 'STRATON', 'price': '3437.95', 'avgPrice': '0.00', 'origQty': '0.014', 'executedQty': '0.000', 'cumQty': '0.000', 'cumQuote': '0.00000', 'timeInForce': 'GTC', 'type': 'LIMIT', 'reduceOnly': False, 'closePosition': False, 'side': 'SELL', 'positionSide': 'BOTH', 'stopPrice': '0.00', 'workingType': 'CONTRACT_PRICE', 'priceProtect': False, 'origType': 'LIMIT', 'priceMatch': 'NONE', 'selfTradePreventionMode': 'NONE', 'goodTillDate': 0, 'updateTime': 1721687606006}
2024-07-22 22:33:26,932
update 0: filled 0 / 2 () | working 2 / 2 (-XRPUSDT,-ETHUSDT)
2024-07-22 22:33:30,933
-XRPUSDT: bp3.0|-ETHUSDT: bp2.0|
2024-07-22 22:33:31,750
update 1: filled 1 / 2 (-ETHUSDT) | working 1 / 2 (-XRPUSDT)
2024-07-22 22:33:35,751
-XRPUSDT: bp3.0|
2024-07-22 22:33:36,567
update 2: filled 1 / 2 (-ETHUSDT) | working 1 / 2 (-XRPUSDT)
2024-07-22 22:33:40,567
-XRPUSDT: bp2.0|
2024-07-22 22:33:41,382
update 3: filled 1 / 2 (-ETHUSDT) | working 1 / 2 (-XRPUSDT)
2024-07-22 22:33:45,383
-XRPUSDT: bp10.0|
2024-07-22 22:33:46,200
update 4: filled 1 / 2 (-ETHUSDT) | working 1 / 2 (-XRPUSDT)
2024-07-22 22:33:50,201
-XRPUSDT: bp5.0|
2024-07-22 22:33:51,016
update 5: filled 1 / 2 (-ETHUSDT) | working 1 / 2 (-XRPUSDT)
2024-07-22 22:33:55,017
-XRPUSDT: bp7.0|
2024-07-22 22:33:55,836
update 6: filled 1 / 2 (-ETHUSDT) | working 1 / 2 (-XRPUSDT)
2024-07-22 22:33:59,836
-XRPUSDT: bp3.0|
2024-07-22 22:34:00,652
update 7: filled 1 / 2 (-ETHUSDT) | working 1 / 2 (-XRPUSDT)
2024-07-22 22:34:04,652
-XRPUSDT: bp3.0|
2024-07-22 22:34:05,474
update 8: filled 1 / 2 (-ETHUSDT) | working 1 / 2 (-XRPUSDT)
2024-07-22 22:34:09,475
-XRPUSDT: bp5.0|
2024-07-22 22:34:10,292
update 9: filled 1 / 2 (-ETHUSDT) | working 1 / 2 (-XRPUSDT)
2024-07-22 22:34:14,293
-XRPUSDT: bp5.0|
2024-07-22 22:34:15,111
update 10: filled 1 / 2 (-ETHUSDT) | working 1 / 2 (-XRPUSDT)
2024-07-22 22:34:19,112
-XRPUSDT: bp8.0|
2024-07-22 22:34:19,929
update 11: filled 1 / 2 (-ETHUSDT) | working 1 / 2 (-XRPUSDT)
2024-07-22 22:34:23,930
-XRPUSDT: bp8.0|
2024-07-22 22:34:24,746
update 12: filled 2 / 2 (-XRPUSDT,-ETHUSDT) | working 0 / 2 ()
2024-07-22 22:34:31,026
Trades of the day
in$
as of: 22Jul 22:33>>22:34 (#trades: 2)
trade net: -97.0 (-33.0%), trade gross: +97.0 (+33.0%), BUY: +0.0 (+0.0%), SELL: -97.0 (-33.0%)
fees: $ 0.019 (2.0bp)
2024-07-22 22:34:31,450
Trades: 
Filled #2
______________________________________________
                   in$ | in bp 96 traded | in bp 294 AUMs
realizedPnl    -0.9    | -93     | -31    
PnLvsArrival   -0.17   | -18     | -6     
PnLvsLast      -0.05   | -5      | -2     
______________________________________________
                 | Value$ | PnL Arrival/Last 
______________________________________________
XRP:-79.6@0.6081 | -48$ | -0.1/-0.01
ETH:-0.014@3437.95 | -48$ | -0.07/-0.04
