2024-06-27 00:30:54,107
ON program started 20240627 00:30:54,
US time: 20240626 20:30:54
2024-06-27 00:30:55,036
the strat is currently running @ 27-06-2024 and the target positions is SHORT
2024-06-27 00:30:56,354
CURRENT STATUS IS SHORT, WE CHECK IF THE DAY IS A NEGATIVE ONE
-----
return before 14h30:
BTCUSDT-0.03%, ETHUSDT-0.18%, XRPUSDT-0.17%
-----
target alloc initial:BTCUSDT-4.17%, ETHUSDT+0.00%, XRPUSDT-4.17%
-----
alloc target x rt%<0:BTCUSDT-4.17%, ETHUSDT+0.00%, XRPUSDT-4.17%
-----
           BTCUSDT ETHUSDT XRPUSDT
w_target     -4.2%    0.0%   -4.2%
rt_14h30    -0.00%  -0.00%  -0.00%
w_target_f   -4.2%    0.0%   -4.2%
2024-06-27 00:30:56,355
Portfolio was rebalanced less than 2 hours ago, 1.0 hours ago
2024-06-27 00:30:56,357
Status: prev = SHORT <> SHORT = target
2024-06-27 00:30:56,357
the strat is currently running @ 27-06-2024 and the target positions is SHORT
the strat was previously run @ 2024-06-26 23:31:07, success:yes 
   and the current positions is SHORT
2024-06-27 00:30:57,479
positions_future #1
2024-06-27 00:30:57,479
      symbol  positionAmt entryPrice  ... adlQuantile AUMs_account        w%
131  XRPUSDT        -25.0     0.4705  ...           1        292.3 -0.040092

[1 rows x 12 columns]
2024-06-27 00:30:57,558
programm stoppeddd!!! 20240627_003057
