2024-07-08 23:30:45,044
ON program started 20240708 23:30:45,
US time: 20240708 19:30:45
2024-07-08 23:30:45,604
the strat is currently running @ 08-07-2024 and the target positions is SHORT
2024-07-08 23:30:47,714
CURRENT STATUS IS SHORT, WE CHECK IF THE DAY IS A NEGATIVE ONE
-----
return before 14h30:
BTCUSDT+2.47%, ETHUSDT+3.65%, XRPUSDT+4.46%
-----
target alloc initial:BTCUSDT-4.17%, ETHUSDT+0.00%, XRPUSDT-4.17%
-----
alloc target x rt%<0:BTCUSDT-0.00%, ETHUSDT+0.00%, XRPUSDT-0.00%
-----
           BTCUSDT ETHUSDT XRPUSDT
w_target     -4.2%    0.0%   -4.2%
rt_14h30     0.02%   0.04%   0.04%
w_target_f   -0.0%    0.0%   -0.0%
2024-07-08 23:30:47,715
Portfolio was rebalanced less than 2 hours ago, 1.0 hours ago
2024-07-08 23:30:47,717
Status: prev = SHORT <> SHORT = target
2024-07-08 23:30:47,717
the strat is currently running @ 08-07-2024 and the target positions is SHORT
the strat was previously run @ 2024-07-08 22:30:37, success:? 
   and the current positions is SHORT
2024-07-08 23:30:48,844
positions_future #0
2024-07-08 23:30:48,844
Empty DataFrame
Columns: [symbol, positionAmt, entryPrice, breakEvenPrice, markPrice, unRealizedProfit, value_usd, updateTime, isolated, adlQuantile, AUMs_account, w%]
Index: []
2024-07-08 23:30:49,051
------------------------------
binance_account_balance
2024-07-08 23:30:49,051
  asset     balance  ...  marginAvailable   updateTime
4  USDT  293.061045  ...             True  08Jul-22:32

[1 rows x 8 columns]
2024-07-08 23:30:49,270
------------------------------
open_orders
2024-07-08 23:30:49,270
Empty DataFrame
Columns: []
Index: []
2024-07-08 23:30:49,880
------------------------------
AUMS account:293

2024-07-08 23:30:49,882
--------------- compute_futures_order_book() ----------------
2024-07-08 23:30:51,342
----------------------------------------------------------------------
#0 order(s) to place
gross$: 0$ | net$: +0$
gross%: 0% | net%: +0%
 || w>0%  +0% | w<0%  0%
----------------------------------------------------------------------
PTF Expo% 0.0% >> 0.0% (current>>target)
PTF expo $0.0 >> $0 (current>>target)
----------------------------------------------------------------------
2024-07-08 23:30:51,343
orders_ofthe_day
2024-07-08 23:30:51,343
Empty DataFrame
Columns: [ptf_usd, target_usd, totrd_usd, posttrd_usd, qty, posttrd_qty, posttrd_w, bid, ask, strategy]
Index: []
2024-07-08 23:30:51,421
Orders of the day is empty, current and target potfolios are aligned
2024-07-08 23:30:51,421
Program stopped
