2024-09-03 20:30:46,577
ON program started 20240903 20:30:46,
US time: 20240903 16:30:46
2024-09-03 20:30:47,042
the strat is currently running @ 03-09-2024 and the target positions is LONG
2024-09-03 20:30:48,345
CURRENT STATUS IS LONG
-----
return before 14h30:
BTCUSDT-1.24%, ETHUSDT-2.87%, XRPUSDT-0.93%
-----
target alloc initial:BTCUSDT+16.67%, ETHUSDT+16.67%, XRPUSDT+16.67%
-----
alloc target x rt%<0:BTCUSDT+16.67%, ETHUSDT+16.67%, XRPUSDT+16.67%
-----
           BTCUSDT ETHUSDT XRPUSDT
w_target     16.7%   16.7%   16.7%
rt_14h30    -0.01%  -0.03%  -0.01%
w_target_f   16.7%   16.7%   16.7%
2024-09-03 20:30:48,346
Portfolio was rebalanced less than 2 hours ago, 1.0 hours ago
2024-09-03 20:30:48,348
Status: prev = LONG <> LONG = target
2024-09-03 20:30:48,348
the strat is currently running @ 03-09-2024 and the target positions is LONG
the strat was previously run @ 2024-09-03 19:30:37, success:yes 
   and the current positions is LONG
2024-09-03 20:30:49,469
positions_future #2
2024-09-03 20:30:49,469
      symbol  positionAmt entryPrice  ... adlQuantile AUMs_account        w%
137  XRPUSDT        87.20     0.5616  ...           2        295.6  0.166893
175  ETHUSDT         0.02    2447.23  ...           3        295.6  0.166383

[2 rows x 12 columns]
2024-09-03 20:30:49,549
programm stoppeddd!!! 20240903_203049
