2024-01-09 23:31:07,268
ON program started 20240109 23:31:07,
US time: 20240109 18:31:07
2024-01-09 23:31:08,323
the strat is currently running @ 09-01-2024 and the target positions is SHORT
2024-01-09 23:31:09,744
CURRENT STATUS IS SHORT, WE CHECK IF THE DAY IS A NEGATIVE ONE
-----
return before 14h30:
BTCUSDT-0.35%, ETHUSDT-1.70%, XRPUSDT-0.87%
-----
target alloc initial:BTCUSDT-4.17%, ETHUSDT+0.00%, XRPUSDT-4.17%
-----
alloc target x rt%<0:BTCUSDT-4.17%, ETHUSDT+0.00%, XRPUSDT-4.17%
-----
           BTCUSDT ETHUSDT XRPUSDT
w_target     -4.2%    0.0%   -4.2%
rt_14h30    -0.00%  -0.02%  -0.01%
w_target_f   -4.2%    0.0%   -4.2%
2024-01-09 23:31:09,746
Portfolio was rebalanced less than 2 hours ago, 1.0 hours ago
2024-01-09 23:31:09,749
Status: prev = SHORT <> LONG = target
2024-01-09 23:31:09,750
the strat is currently running @ 09-01-2024 and the target positions is SHORT
the strat was previously run @ 2024-01-09 22:31:06 UTC, success:yes 
   and the current positions is LONG
2024-01-09 23:31:10,981
positions_future #2
2024-01-09 23:31:10,982
      symbol  positionAmt entryPrice  ... adlQuantile AUMs_account        w%
141  ETHUSDT        0.021    2272.49  ...           2        288.8  0.170248
113  XRPUSDT       84.000     0.5723  ...           1        288.8  0.165460

[2 rows x 12 columns]
2024-01-09 23:31:11,223
------------------------------
binance_account_balance
2024-01-09 23:31:11,223
  asset     balance  ...  marginAvailable   updateTime
5  USDT  287.664105  ...             True  09Jan-19:33

[1 rows x 8 columns]
2024-01-09 23:31:11,889
------------------------------
open_orders
2024-01-09 23:31:11,889
Empty DataFrame
Columns: []
Index: []
2024-01-09 23:31:12,540
------------------------------
AUMS account:288

2024-01-09 23:31:12,542
--------------- compute_futures_order_book() ----------------
2024-01-09 23:31:14,094
----------------------------------------------------------------------
#2 order(s) to place
gross$: 109$ | net$: -109$
gross%: 38% | net%: -38%
 || w>0%  +0% | w<0%  -38%
----------------------------------------------------------------------
PTF Expo% 33.5% >> -8.3% (current>>target)
PTF expo $97.0 >> $-24 (current>>target)
----------------------------------------------------------------------
2024-01-09 23:31:14,097
orders_ofthe_day
2024-01-09 23:31:14,097
                  ptf_usd  target_usd  totrd_usd  ...       bid        ask strategy
2024-01-09 23:31                                  ...                              
XRPUSDT              48.0      -12.04      -60.0  ...     0.569     0.5691  STRATON
ETHUSDT              49.0        0.00      -49.0  ...  2341.720  2341.7300  STRATON

[2 rows x 10 columns]
2024-01-09 23:31:15,272
binance_place_orders_peg 20240109_233115
2024-01-09 23:31:15,708
{'orderId': 48184032626, 'symbol': 'XRPUSDT', 'status': 'NEW', 'clientOrderId': 'STRATON', 'price': '0.5694', 'avgPrice': '0.00', 'origQty': '105.4', 'executedQty': '0.0', 'cumQty': '0.0', 'cumQuote': '0.00000', 'timeInForce': 'GTC', 'type': 'LIMIT', 'reduceOnly': False, 'closePosition': False, 'side': 'SELL', 'positionSide': 'BOTH', 'stopPrice': '0.0000', 'workingType': 'CONTRACT_PRICE', 'priceProtect': False, 'origType': 'LIMIT', 'priceMatch': 'NONE', 'selfTradePreventionMode': 'NONE', 'goodTillDate': 0, 'updateTime': 1704843075597}
2024-01-09 23:31:16,145
{'orderId': 8389765641745792692, 'symbol': 'ETHUSDT', 'status': 'NEW', 'clientOrderId': 'STRATON', 'price': '2343.03', 'avgPrice': '0.00', 'origQty': '0.021', 'executedQty': '0.000', 'cumQty': '0.000', 'cumQuote': '0.00000', 'timeInForce': 'GTC', 'type': 'LIMIT', 'reduceOnly': False, 'closePosition': False, 'side': 'SELL', 'positionSide': 'BOTH', 'stopPrice': '0.00', 'workingType': 'CONTRACT_PRICE', 'priceProtect': False, 'origType': 'LIMIT', 'priceMatch': 'NONE', 'selfTradePreventionMode': 'NONE', 'goodTillDate': 0, 'updateTime': 1704843076034}
2024-01-09 23:31:17,726
update 0: filled 0 / 2 () | working 2 / 2 (-XRPUSDT,-ETHUSDT)
2024-01-09 23:31:21,727
-XRPUSDT: bp5.0|-ETHUSDT: bp6.0|
2024-01-09 23:31:22,606
update 1: filled 0 / 2 () | working 2 / 2 (-XRPUSDT,-ETHUSDT)
2024-01-09 23:31:26,607
-XRPUSDT: bp7.0|-ETHUSDT: bp6.0|
2024-01-09 23:31:27,483
update 2: filled 0 / 2 () | working 2 / 2 (-XRPUSDT,-ETHUSDT)
2024-01-09 23:31:31,484
-XRPUSDT: bp7.0|-ETHUSDT: bp4.0|
2024-01-09 23:31:32,365
update 3: filled 0 / 2 () | working 2 / 2 (-XRPUSDT,-ETHUSDT)
2024-01-09 23:31:36,366
-XRPUSDT: bp7.0|-ETHUSDT: bp2.0|
2024-01-09 23:31:37,245
update 4: filled 0 / 2 () | working 2 / 2 (-XRPUSDT,-ETHUSDT)
2024-01-09 23:31:41,246
-XRPUSDT: bp9.0|-ETHUSDT: bp4.0|
2024-01-09 23:31:42,122
update 5: filled 0 / 2 () | working 2 / 2 (-XRPUSDT,-ETHUSDT)
2024-01-09 23:31:46,123
-XRPUSDT: bp9.0|-ETHUSDT: bp6.0|
2024-01-09 23:31:46,998
update 6: filled 0 / 2 () | working 2 / 2 (-XRPUSDT,-ETHUSDT)
2024-01-09 23:31:50,999
-XRPUSDT: bp11.0|-ETHUSDT: bp9.0|
2024-01-09 23:31:51,879
update 7: filled 0 / 2 () | working 2 / 2 (-XRPUSDT,-ETHUSDT)
2024-01-09 23:31:55,879
-XRPUSDT: bp16.0|-ETHUSDT: bp11.0|
2024-01-09 23:31:56,759
update 8: filled 0 / 2 () | working 2 / 2 (-XRPUSDT,-ETHUSDT)
2024-01-09 23:32:00,760
-XRPUSDT: bp16.0|-ETHUSDT: bp13.0|
2024-01-09 23:32:01,636
update 9: filled 0 / 2 () | working 2 / 2 (-XRPUSDT,-ETHUSDT)
2024-01-09 23:32:05,637
-XRPUSDT: bp16.0|-ETHUSDT: bp14.0|
2024-01-09 23:32:06,511
update 10: filled 0 / 2 () | working 2 / 2 (-XRPUSDT,-ETHUSDT)
2024-01-09 23:32:10,512
-XRPUSDT: bp18.0|-ETHUSDT: bp17.0|
2024-01-09 23:32:11,388
update 11: filled 0 / 2 () | working 2 / 2 (-XRPUSDT,-ETHUSDT)
2024-01-09 23:32:15,388
-XRPUSDT: bp18.0|-ETHUSDT: bp17.0|
2024-01-09 23:32:16,262
update 12: filled 0 / 2 () | working 2 / 2 (-XRPUSDT,-ETHUSDT)
2024-01-09 23:32:20,263
-XRPUSDT: bp16.0|-ETHUSDT: bp15.0|
2024-01-09 23:32:21,141
update 13: filled 0 / 2 () | working 2 / 2 (-XRPUSDT,-ETHUSDT)
2024-01-09 23:32:25,141
-XRPUSDT: bp16.0|-ETHUSDT: bp17.0|
2024-01-09 23:32:26,020
update 14: filled 0 / 2 () | working 2 / 2 (-XRPUSDT,-ETHUSDT)
2024-01-09 23:32:30,021
-XRPUSDT: bp16.0|-ETHUSDT: bp15.0|
2024-01-09 23:32:30,021
Adjustment limit #1 ... 
 we cancel current orders and replace
2024-01-09 23:32:30,021
@+/-2.5bp limit 
2024-01-09 23:32:30,021
binance_cancel_and_replace_orders_peg 20240109_233230
2024-01-09 23:32:32,227
binance_place_orders_peg 20240109_233232
2024-01-09 23:32:32,663
{'orderId': 48184074837, 'symbol': 'XRPUSDT', 'status': 'NEW', 'clientOrderId': 'STRATON', 'price': '0.5688', 'avgPrice': '0.00', 'origQty': '105.4', 'executedQty': '0.0', 'cumQty': '0.0', 'cumQuote': '0.00000', 'timeInForce': 'GTC', 'type': 'LIMIT', 'reduceOnly': False, 'closePosition': False, 'side': 'SELL', 'positionSide': 'BOTH', 'stopPrice': '0.0000', 'workingType': 'CONTRACT_PRICE', 'priceProtect': False, 'origType': 'LIMIT', 'priceMatch': 'NONE', 'selfTradePreventionMode': 'NONE', 'goodTillDate': 0, 'updateTime': 1704843152552}
2024-01-09 23:32:33,097
{'orderId': 8389765641746038537, 'symbol': 'ETHUSDT', 'status': 'NEW', 'clientOrderId': 'STRATON', 'price': '2341.39', 'avgPrice': '0.00', 'origQty': '0.021', 'executedQty': '0.000', 'cumQty': '0.000', 'cumQuote': '0.00000', 'timeInForce': 'GTC', 'type': 'LIMIT', 'reduceOnly': False, 'closePosition': False, 'side': 'SELL', 'positionSide': 'BOTH', 'stopPrice': '0.00', 'workingType': 'CONTRACT_PRICE', 'priceProtect': False, 'origType': 'LIMIT', 'priceMatch': 'NONE', 'selfTradePreventionMode': 'NONE', 'goodTillDate': 0, 'updateTime': 1704843152985}
2024-01-09 23:32:33,984
update 0: filled 0 / 2 () | working 2 / 2 (-XRPUSDT,-ETHUSDT)
2024-01-09 23:32:37,985
-XRPUSDT: bp2.0|-ETHUSDT: bp2.0|
2024-01-09 23:32:38,860
update 1: filled 0 / 2 () | working 2 / 2 (-XRPUSDT,-ETHUSDT)
2024-01-09 23:32:42,861
-XRPUSDT: bp2.0|-ETHUSDT: bp1.0|
2024-01-09 23:32:43,740
update 2: filled 0 / 2 () | working 2 / 2 (-XRPUSDT,-ETHUSDT)
2024-01-09 23:32:47,742
-XRPUSDT: bp4.0|-ETHUSDT: bp4.0|
2024-01-09 23:32:48,620
update 3: filled 0 / 2 () | working 2 / 2 (-XRPUSDT,-ETHUSDT)
2024-01-09 23:32:52,620
-XRPUSDT: bp4.0|-ETHUSDT: bp8.0|
2024-01-09 23:32:53,495
update 4: filled 0 / 2 () | working 2 / 2 (-XRPUSDT,-ETHUSDT)
2024-01-09 23:32:57,496
-XRPUSDT: bp4.0|-ETHUSDT: bp10.0|
2024-01-09 23:32:58,375
update 5: filled 0 / 2 () | working 2 / 2 (-XRPUSDT,-ETHUSDT)
2024-01-09 23:33:02,375
-XRPUSDT: bp5.0|-ETHUSDT: bp10.0|
2024-01-09 23:33:03,251
update 6: filled 0 / 2 () | working 2 / 2 (-XRPUSDT,-ETHUSDT)
2024-01-09 23:33:07,252
-XRPUSDT: bp5.0|-ETHUSDT: bp10.0|
2024-01-09 23:33:08,128
update 7: filled 0 / 2 () | working 2 / 2 (-XRPUSDT,-ETHUSDT)
2024-01-09 23:33:12,128
-XRPUSDT: bp5.0|-ETHUSDT: bp9.0|
2024-01-09 23:33:13,004
update 8: filled 0 / 2 () | working 2 / 2 (-XRPUSDT,-ETHUSDT)
2024-01-09 23:33:17,005
-XRPUSDT: bp0.0|-ETHUSDT: bp5.0|
2024-01-09 23:33:17,881
update 9: filled 1 / 2 (-XRPUSDT) | working 1 / 2 (-ETHUSDT)
2024-01-09 23:33:21,882
-ETHUSDT: bp4.0|
2024-01-09 23:33:22,763
update 10: filled 1 / 2 (-XRPUSDT) | working 1 / 2 (-ETHUSDT)
2024-01-09 23:33:26,764
-ETHUSDT: bp5.0|
2024-01-09 23:33:27,642
update 11: filled 1 / 2 (-XRPUSDT) | working 1 / 2 (-ETHUSDT)
2024-01-09 23:33:31,643
-ETHUSDT: bp1.0|
2024-01-09 23:33:32,520
update 12: filled 1 / 2 (-XRPUSDT) | working 1 / 2 (-ETHUSDT)
2024-01-09 23:33:36,521
-ETHUSDT: bp5.0|
2024-01-09 23:33:37,397
update 13: filled 1 / 2 (-XRPUSDT) | working 1 / 2 (-ETHUSDT)
2024-01-09 23:33:41,397
-ETHUSDT: bp1.0|
2024-01-09 23:33:42,277
update 14: filled 1 / 2 (-XRPUSDT) | working 1 / 2 (-ETHUSDT)
2024-01-09 23:33:46,277
-ETHUSDT: bp2.0|
2024-01-09 23:33:46,277
Adjustment limit #2 ... 
 we cancel current orders and replace
2024-01-09 23:33:46,278
@+/-1.25bp limit 
2024-01-09 23:33:46,278
binance_cancel_and_replace_orders_peg 20240109_233346
