2023-12-02 01:30:39,888
ON program started 20231202 01:30:39,
US time: 20231201 20:30:39
2023-12-02 01:30:40,372
the strat is currently running @ 02-12-2023 and the target positions is SHORT
2023-12-02 01:30:41,767
CURRENT STATUS IS SHORT, WE CHECK IF THE DAY IS A NEGATIVE ONE
-----
return before 14h30:
BTCUSDT+0.00%, ETHUSDT+0.00%, XRPUSDT+0.00%
-----
target alloc initial:BTCUSDT-4.17%, ETHUSDT+0.00%, XRPUSDT-4.17%
-----
alloc target x rt%<0:BTCUSDT-0.00%, ETHUSDT+0.00%, XRPUSDT-0.00%
-----
           BTCUSDT ETHUSDT XRPUSDT
w_target     -4.2%    0.0%   -4.2%
rt_14h30     0.00%   0.00%   0.00%
w_target_f   -0.0%    0.0%   -0.0%
2023-12-02 01:30:41,769
Portfolio was rebalanced less than 2 hours ago, 1.0 hours ago
2023-12-02 01:30:41,772
Status: prev = SHORT <> SHORT = target
2023-12-02 01:30:41,772
the strat is currently running @ 02-12-2023 and the target positions is SHORT
the strat was previously run @ 2023-12-02 00:30:32 UTC, success:? 
   and the current positions is SHORT
2023-12-02 01:30:42,987
positions_future #0
2023-12-02 01:30:42,987
Empty DataFrame
Columns: [symbol, positionAmt, entryPrice, breakEvenPrice, markPrice, unRealizedProfit, value_usd, updateTime, isolated, adlQuantile, AUMs_account, w%]
Index: []
2023-12-02 01:30:43,209
------------------------------
binance_account_balance
2023-12-02 01:30:43,209
  asset     balance  ... marginAvailable   updateTime
5  USDT  288.373285  ...            True  02Dec-00:36

[1 rows x 8 columns]
2023-12-02 01:30:43,441
------------------------------
open_orders
2023-12-02 01:30:43,441
Empty DataFrame
Columns: []
Index: []
2023-12-02 01:30:44,094
------------------------------
AUMS account:288

2023-12-02 01:30:44,096
--------------- compute_futures_order_book() ----------------
2023-12-02 01:30:45,641
----------------------------------------------------------------------
#0 order(s) to place
gross$: 0$ | net$: +0$
gross%: 0% | net%: +0%
 || w>0%  +0% | w<0%  0%
----------------------------------------------------------------------
PTF Expo% 0.0% >> 0.0% (current>>target)
PTF expo $0.0 >> $0 (current>>target)
----------------------------------------------------------------------
2023-12-02 01:30:45,643
orders_ofthe_day
2023-12-02 01:30:45,643
Empty DataFrame
Columns: [ptf_usd, target_usd, totrd_usd, posttrd_usd, qty, posttrd_qty, posttrd_w, bid, ask]
Index: []
2023-12-02 01:30:45,744
Orders of the day is empty, current and target potfolios are aligned
2023-12-02 01:30:45,744
Program stopped
