2024-08-20 18:30:45,141
ON program started 20240820 18:30:45,
US time: 20240820 14:30:45
2024-08-20 18:30:45,622
the strat is currently running @ 20-08-2024 and the target positions is LONG
2024-08-20 18:30:47,011
CURRENT STATUS IS LONG
-----
return before 14h30:
BTCUSDT+2.45%, ETHUSDT+0.35%, XRPUSDT+0.43%
-----
target alloc initial:BTCUSDT+16.67%, ETHUSDT+16.67%, XRPUSDT+16.67%
-----
alloc target x rt%<0:BTCUSDT+16.67%, ETHUSDT+16.67%, XRPUSDT+16.67%
-----
           BTCUSDT ETHUSDT XRPUSDT
w_target     16.7%   16.7%   16.7%
rt_14h30     0.02%   0.00%   0.00%
w_target_f   16.7%   16.7%   16.7%
2024-08-20 18:30:47,012
Portfolio was rebalanced less than 2 hours ago, 15.0 hours ago
2024-08-20 18:30:47,013
Status: prev = LONG <> NEUTRAL = target
2024-08-20 18:30:47,013
the strat is currently running @ 20-08-2024 and the target positions is LONG
the strat was previously run @ 2024-08-20 03:30:52, success:yes 
   and the current positions is NEUTRAL
2024-08-20 18:30:48,136
positions_future #0
2024-08-20 18:30:48,136
Empty DataFrame
Columns: [symbol, positionAmt, entryPrice, breakEvenPrice, markPrice, unRealizedProfit, value_usd, updateTime, isolated, adlQuantile, AUMs_account, w%]
Index: []
2024-08-20 18:30:48,343
------------------------------
binance_account_balance
2024-08-20 18:30:48,343
  asset     balance  ...  marginAvailable   updateTime
4  USDT  302.446992  ...             True  19Aug-22:33

[1 rows x 8 columns]
2024-08-20 18:30:48,563
------------------------------
open_orders
2024-08-20 18:30:48,563
Empty DataFrame
Columns: []
Index: []
2024-08-20 18:30:49,174
------------------------------
AUMS account:302

2024-08-20 18:30:49,176
--------------- compute_futures_order_book() ----------------
2024-08-20 18:30:50,623
----------------------------------------------------------------------
#2 order(s) to place
gross$: 99$ | net$: +99$
gross%: 33% | net%: +33%
 || w>0%  +33% | w<0%  0%
----------------------------------------------------------------------
PTF Expo% 0.0% >> 50.0% (current>>target)
PTF expo $0.0 >> $151 (current>>target)
----------------------------------------------------------------------
2024-08-20 18:30:50,625
orders_ofthe_day
2024-08-20 18:30:50,626
                  ptf_usd  target_usd  totrd_usd  ...        bid        ask strategy
2024-08-20 18:30                                  ...                               
XRPUSDT               0.0       50.42       50.0  ...     0.5984     0.5985  STRATON
ETHUSDT               0.0       50.42       49.0  ...  2592.5700  2592.5800  STRATON

[2 rows x 10 columns]
2024-08-20 18:30:52,147
binance_place_orders_peg 20240820_183052
2024-08-20 18:30:52,562
{'orderId': 63532797558, 'symbol': 'XRPUSDT', 'status': 'NEW', 'clientOrderId': 'STRATON', 'price': '0.5981', 'avgPrice': '0.00', 'origQty': '83.6', 'executedQty': '0.0', 'cumQty': '0.0', 'cumQuote': '0.00000', 'timeInForce': 'GTC', 'type': 'LIMIT', 'reduceOnly': False, 'closePosition': False, 'side': 'BUY', 'positionSide': 'BOTH', 'stopPrice': '0.0000', 'workingType': 'CONTRACT_PRICE', 'priceProtect': False, 'origType': 'LIMIT', 'priceMatch': 'NONE', 'selfTradePreventionMode': 'NONE', 'goodTillDate': 0, 'updateTime': 1724178652457}
2024-08-20 18:30:52,982
{'orderId': 8389765718668071577, 'symbol': 'ETHUSDT', 'status': 'NEW', 'clientOrderId': 'STRATON', 'price': '2591.12', 'avgPrice': '0.00', 'origQty': '0.019', 'executedQty': '0.000', 'cumQty': '0.000', 'cumQuote': '0.00000', 'timeInForce': 'GTC', 'type': 'LIMIT', 'reduceOnly': False, 'closePosition': False, 'side': 'BUY', 'positionSide': 'BOTH', 'stopPrice': '0.00', 'workingType': 'CONTRACT_PRICE', 'priceProtect': False, 'origType': 'LIMIT', 'priceMatch': 'NONE', 'selfTradePreventionMode': 'NONE', 'goodTillDate': 0, 'updateTime': 1724178652873}
2024-08-20 18:30:53,862
update 0: filled 0 / 2 () | working 2 / 2 (+XRPUSDT,+ETHUSDT)
2024-08-20 18:30:57,862
+XRPUSDT: bp5.0|+ETHUSDT: bp6.0|
2024-08-20 18:30:58,685
update 1: filled 0 / 2 () | working 2 / 2 (+XRPUSDT,+ETHUSDT)
2024-08-20 18:31:02,686
+XRPUSDT: bp3.0|+ETHUSDT: bp6.0|
2024-08-20 18:31:03,510
update 2: filled 0 / 2 () | working 2 / 2 (+XRPUSDT,+ETHUSDT)
2024-08-20 18:31:07,511
+XRPUSDT: bp3.0|+ETHUSDT: bp7.0|
2024-08-20 18:31:08,336
update 3: filled 0 / 2 () | working 2 / 2 (+XRPUSDT,+ETHUSDT)
2024-08-20 18:31:12,336
+XRPUSDT: bp3.0|+ETHUSDT: bp4.0|
2024-08-20 18:31:13,159
update 4: filled 0 / 2 () | working 2 / 2 (+XRPUSDT,+ETHUSDT)
2024-08-20 18:31:17,160
+XRPUSDT: bp3.0|+ETHUSDT: bp4.0|
2024-08-20 18:31:17,984
update 5: filled 0 / 2 () | working 2 / 2 (+XRPUSDT,+ETHUSDT)
2024-08-20 18:31:21,985
+XRPUSDT: bp3.0|+ETHUSDT: bp6.0|
2024-08-20 18:31:22,806
update 6: filled 0 / 2 () | working 2 / 2 (+XRPUSDT,+ETHUSDT)
2024-08-20 18:31:26,806
+XRPUSDT: bp3.0|+ETHUSDT: bp7.0|
2024-08-20 18:31:27,632
update 7: filled 0 / 2 () | working 2 / 2 (+XRPUSDT,+ETHUSDT)
2024-08-20 18:31:31,633
+XRPUSDT: bp3.0|+ETHUSDT: bp7.0|
2024-08-20 18:31:32,457
update 8: filled 0 / 2 () | working 2 / 2 (+XRPUSDT,+ETHUSDT)
2024-08-20 18:31:36,458
+XRPUSDT: bp3.0|+ETHUSDT: bp7.0|
2024-08-20 18:31:37,287
update 9: filled 0 / 2 () | working 2 / 2 (+XRPUSDT,+ETHUSDT)
2024-08-20 18:31:41,288
+XRPUSDT: bp7.0|+ETHUSDT: bp5.0|
2024-08-20 18:31:42,196
update 10: filled 0 / 2 () | working 2 / 2 (+XRPUSDT,+ETHUSDT)
2024-08-20 18:31:46,196
+XRPUSDT: bp8.0|+ETHUSDT: bp6.0|
2024-08-20 18:31:47,034
update 11: filled 0 / 2 () | working 2 / 2 (+XRPUSDT,+ETHUSDT)
2024-08-20 18:31:51,035
+XRPUSDT: bp7.0|+ETHUSDT: bp5.0|
2024-08-20 18:31:51,873
update 12: filled 0 / 2 () | working 2 / 2 (+XRPUSDT,+ETHUSDT)
2024-08-20 18:31:55,874
+XRPUSDT: bp7.0|+ETHUSDT: bp4.0|
2024-08-20 18:31:56,696
update 13: filled 0 / 2 () | working 2 / 2 (+XRPUSDT,+ETHUSDT)
2024-08-20 18:32:00,697
+XRPUSDT: bp7.0|+ETHUSDT: bp4.0|
2024-08-20 18:32:01,560
update 14: filled 1 / 2 (+ETHUSDT) | working 1 / 2 (+XRPUSDT)
2024-08-20 18:32:05,561
+XRPUSDT: bp7.0|
2024-08-20 18:32:05,561
Adjustment limit #1 ... 
 we cancel current orders and replace
2024-08-20 18:32:05,561
@+/-2.5bp limit 
2024-08-20 18:32:05,561
binance_cancel_and_replace_orders_peg 20240820_183205
2024-08-20 18:32:07,123
binance_place_orders_peg 20240820_183207
2024-08-20 18:32:07,536
{'orderId': 63532839628, 'symbol': 'XRPUSDT', 'status': 'NEW', 'clientOrderId': 'STRATON', 'price': '0.5983', 'avgPrice': '0.00', 'origQty': '83.6', 'executedQty': '0.0', 'cumQty': '0.0', 'cumQuote': '0.00000', 'timeInForce': 'GTC', 'type': 'LIMIT', 'reduceOnly': False, 'closePosition': False, 'side': 'BUY', 'positionSide': 'BOTH', 'stopPrice': '0.0000', 'workingType': 'CONTRACT_PRICE', 'priceProtect': False, 'origType': 'LIMIT', 'priceMatch': 'NONE', 'selfTradePreventionMode': 'NONE', 'goodTillDate': 0, 'updateTime': 1724178727429}
2024-08-20 18:32:08,417
update 0: filled 1 / 2 (+ETHUSDT) | working 1 / 2 (+XRPUSDT)
2024-08-20 18:32:12,418
+XRPUSDT: bp3.0|
2024-08-20 18:32:13,254
update 1: filled 1 / 2 (+ETHUSDT) | working 1 / 2 (+XRPUSDT)
2024-08-20 18:32:17,255
+XRPUSDT: bp2.0|
2024-08-20 18:32:18,079
update 2: filled 1 / 2 (+ETHUSDT) | working 1 / 2 (+XRPUSDT)
2024-08-20 18:32:22,080
+XRPUSDT: bp2.0|
2024-08-20 18:32:23,186
update 3: filled 1 / 2 (+ETHUSDT) | working 1 / 2 (+XRPUSDT)
2024-08-20 18:32:27,186
+XRPUSDT: bp2.0|
2024-08-20 18:32:28,015
update 4: filled 1 / 2 (+ETHUSDT) | working 1 / 2 (+XRPUSDT)
2024-08-20 18:32:32,015
+XRPUSDT: bp2.0|
2024-08-20 18:32:32,849
update 5: filled 1 / 2 (+ETHUSDT) | working 1 / 2 (+XRPUSDT)
2024-08-20 18:32:36,849
+XRPUSDT: bp2.0|
2024-08-20 18:32:37,672
update 6: filled 1 / 2 (+ETHUSDT) | working 1 / 2 (+XRPUSDT)
2024-08-20 18:32:41,673
+XRPUSDT: bp2.0|
2024-08-20 18:32:42,501
update 7: filled 1 / 2 (+ETHUSDT) | working 1 / 2 (+XRPUSDT)
2024-08-20 18:32:46,501
+XRPUSDT: bp2.0|
2024-08-20 18:32:47,353
update 8: filled 1 / 2 (+ETHUSDT) | working 1 / 2 (+XRPUSDT)
2024-08-20 18:32:51,354
+XRPUSDT: bp2.0|
2024-08-20 18:32:52,180
update 9: filled 1 / 2 (+ETHUSDT) | working 1 / 2 (+XRPUSDT)
2024-08-20 18:32:56,180
+XRPUSDT: bp2.0|
2024-08-20 18:32:57,004
update 10: filled 1 / 2 (+ETHUSDT) | working 1 / 2 (+XRPUSDT)
2024-08-20 18:33:01,004
+XRPUSDT: bp5.0|
2024-08-20 18:33:01,835
update 11: filled 1 / 2 (+ETHUSDT) | working 1 / 2 (+XRPUSDT)
2024-08-20 18:33:05,836
+XRPUSDT: bp5.0|
2024-08-20 18:33:06,668
update 12: filled 1 / 2 (+ETHUSDT) | working 1 / 2 (+XRPUSDT)
2024-08-20 18:33:10,669
+XRPUSDT: bp3.0|
2024-08-20 18:33:11,500
update 13: filled 1 / 2 (+ETHUSDT) | working 1 / 2 (+XRPUSDT)
2024-08-20 18:33:15,500
+XRPUSDT: bp3.0|
2024-08-20 18:33:16,330
update 14: filled 1 / 2 (+ETHUSDT) | working 1 / 2 (+XRPUSDT)
2024-08-20 18:33:20,331
+XRPUSDT: bp3.0|
2024-08-20 18:33:20,331
Adjustment limit #2 ... 
 we cancel current orders and replace
2024-08-20 18:33:20,331
@+/-1.25bp limit 
2024-08-20 18:33:20,331
binance_cancel_and_replace_orders_peg 20240820_183320
2024-08-20 18:33:21,808
binance_place_orders_peg 20240820_183321
2024-08-20 18:33:22,229
{'orderId': 63532889677, 'symbol': 'XRPUSDT', 'status': 'NEW', 'clientOrderId': 'STRATON', 'price': '0.5984', 'avgPrice': '0.00', 'origQty': '83.6', 'executedQty': '0.0', 'cumQty': '0.0', 'cumQuote': '0.00000', 'timeInForce': 'GTC', 'type': 'LIMIT', 'reduceOnly': False, 'closePosition': False, 'side': 'BUY', 'positionSide': 'BOTH', 'stopPrice': '0.0000', 'workingType': 'CONTRACT_PRICE', 'priceProtect': False, 'origType': 'LIMIT', 'priceMatch': 'NONE', 'selfTradePreventionMode': 'NONE', 'goodTillDate': 0, 'updateTime': 1724178802114}
2024-08-20 18:33:23,077
update 0: filled 1 / 2 (+ETHUSDT) | working 1 / 2 (+XRPUSDT)
2024-08-20 18:33:27,078
+XRPUSDT: bp2.0|
2024-08-20 18:33:28,108
update 1: filled 1 / 2 (+ETHUSDT) | working 1 / 2 (+XRPUSDT)
2024-08-20 18:33:32,109
+XRPUSDT: bp2.0|
2024-08-20 18:33:32,937
update 2: filled 1 / 2 (+ETHUSDT) | working 1 / 2 (+XRPUSDT)
2024-08-20 18:33:36,938
+XRPUSDT: bp2.0|
2024-08-20 18:33:37,815
update 3: filled 1 / 2 (+ETHUSDT) | working 1 / 2 (+XRPUSDT)
2024-08-20 18:33:41,815
+XRPUSDT: bp2.0|
2024-08-20 18:33:42,640
update 4: filled 1 / 2 (+ETHUSDT) | working 1 / 2 (+XRPUSDT)
2024-08-20 18:33:46,640
+XRPUSDT: bp2.0|
2024-08-20 18:33:47,472
update 5: filled 1 / 2 (+ETHUSDT) | working 1 / 2 (+XRPUSDT)
2024-08-20 18:33:51,473
+XRPUSDT: bp2.0|
2024-08-20 18:33:52,304
update 6: filled 1 / 2 (+ETHUSDT) | working 1 / 2 (+XRPUSDT)
2024-08-20 18:33:56,304
+XRPUSDT: bp2.0|
2024-08-20 18:33:57,188
update 7: filled 1 / 2 (+ETHUSDT) | working 1 / 2 (+XRPUSDT)
2024-08-20 18:34:01,188
+XRPUSDT: bp2.0|
2024-08-20 18:34:02,024
update 8: filled 1 / 2 (+ETHUSDT) | working 1 / 2 (+XRPUSDT)
2024-08-20 18:34:06,025
+XRPUSDT: bp2.0|
2024-08-20 18:34:06,847
update 9: filled 1 / 2 (+ETHUSDT) | working 1 / 2 (+XRPUSDT)
2024-08-20 18:34:10,848
+XRPUSDT: bp2.0|
2024-08-20 18:34:11,752
update 10: filled 1 / 2 (+ETHUSDT) | working 1 / 2 (+XRPUSDT)
2024-08-20 18:34:15,753
+XRPUSDT: bp-0.0|
2024-08-20 18:34:16,578
update 11: filled 1 / 2 (+ETHUSDT) | working 1 / 2 (+XRPUSDT)
2024-08-20 18:34:20,579
+XRPUSDT: bp2.0|
2024-08-20 18:34:21,400
update 12: filled 1 / 2 (+ETHUSDT) | working 1 / 2 (+XRPUSDT)
2024-08-20 18:34:25,401
+XRPUSDT: bp-0.0|
2024-08-20 18:34:26,286
update 13: filled 1 / 2 (+ETHUSDT) | working 1 / 2 (+XRPUSDT)
2024-08-20 18:34:30,286
+XRPUSDT: bp-0.0|
2024-08-20 18:34:31,141
update 14: filled 2 / 2 (+ETHUSDT,+XRPUSDT) | working 0 / 2 ()
2024-08-20 18:34:37,444
Trades of the day
in$
as of: 20Aug 18:31>>18:34 (#trades: 2)
trade net: +99.0 (+32.7%), trade gross: +99.0 (+32.7%), BUY: +99.0 (+32.7%), SELL: +0.0 (+0.0%)
fees: $ 0.02 (2.0bp)
2024-08-20 18:34:37,879
Trades: 
Filled #2
______________________________________________
                   in$ | in bp 99 traded | in bp 302 AUMs
realizedPnl    +0      | +0      | +0     
PnLvsArrival   +0.03   | +3      | +1     
PnLvsLast      +0.01   | +1      | +0     
______________________________________________
                 | Value$ | PnL Arrival/Last 
______________________________________________
ETH:+0.019@2591.12 | +49$ | 0.03/0.01
XRP:+83.6@0.5984 | +50$ | 0/-0
