2024-07-01 00:31:05,836
ON program started 20240701 00:31:05,
US time: 20240630 20:31:05
2024-07-01 00:31:07,024
the strat is currently running @ 01-07-2024 and the target positions is SHORT
2024-07-01 00:31:08,354
CURRENT STATUS IS SHORT, WE CHECK IF THE DAY IS A NEGATIVE ONE
-----
return before 14h30:
BTCUSDT-0.08%, ETHUSDT+0.05%, XRPUSDT+0.13%
-----
target alloc initial:BTCUSDT-4.17%, ETHUSDT+0.00%, XRPUSDT-4.17%
-----
alloc target x rt%<0:BTCUSDT-4.17%, ETHUSDT+0.00%, XRPUSDT-0.00%
-----
           BTCUSDT ETHUSDT XRPUSDT
w_target     -4.2%    0.0%   -4.2%
rt_14h30    -0.00%   0.00%   0.00%
w_target_f   -4.2%    0.0%   -0.0%
2024-07-01 00:31:08,355
Portfolio was rebalanced less than 2 hours ago, 1.0 hours ago
2024-07-01 00:31:08,357
Status: prev = SHORT <> SHORT = target
2024-07-01 00:31:08,357
the strat is currently running @ 01-07-2024 and the target positions is SHORT
the strat was previously run @ 2024-06-30 23:31:09, success:yes 
   and the current positions is SHORT
2024-07-01 00:31:09,532
positions_future #0
2024-07-01 00:31:09,532
Empty DataFrame
Columns: [symbol, positionAmt, entryPrice, breakEvenPrice, markPrice, unRealizedProfit, value_usd, updateTime, isolated, adlQuantile, AUMs_account, w%]
Index: []
2024-07-01 00:31:09,624
programm stoppeddd!!! 20240701_003109
