2023-10-21 21:30:52,684
ON program started 20231021 21:30:52,
US time: 20231021 17:30:52
2023-10-21 21:30:53,658
the strat is currently running @ 21-10-2023 and the target positions is LONG
2023-10-21 21:30:55,639
CURRENT STATUS IS LONG
-----
return before 14h30:
BTCUSDT+1.83%, ETHUSDT+2.56%, XRPUSDT+2.28%
-----
target alloc initial:BTCUSDT+16.67%, ETHUSDT+16.67%, XRPUSDT+16.67%
-----
alloc target x rt%<0:BTCUSDT+16.67%, ETHUSDT+16.67%, XRPUSDT+16.67%
-----
           BTCUSDT ETHUSDT XRPUSDT
w_target     16.7%   16.7%   16.7%
rt_14h30     0.02%   0.03%   0.02%
w_target_f   16.7%   16.7%   16.7%
2023-10-21 21:30:55,641
Portfolio was rebalanced less than 2 hours ago, 1.0 hours ago
2023-10-21 21:30:55,644
Status: prev = LONG <> LONG = target
2023-10-21 21:30:55,644
the strat is currently running @ 21-10-2023 and the target positions is LONG
the strat was previously run @ 2023-10-21 20:31:09 UTC, success:yes 
   and the current positions is LONG
2023-10-21 21:30:56,766
positions_future #3
2023-10-21 21:30:56,767
      symbol  positionAmt entryPrice  ...   updateTime AUMs_account        w%
241  BTCUSDT        0.002    30024.0  ...  21Oct-18:31        278.9  0.215472
119  XRPUSDT       88.800     0.5231  ...  21Oct-18:32        278.9  0.166390
149  ETHUSDT        0.028    1630.48  ...  21Oct-18:31        278.9  0.163905

[3 rows x 10 columns]
2023-10-21 21:30:56,793
programm stoppeddd!!! 20231021_213056
