2023-07-29 03:00:28,675
ON program started 20230729 03:00:28,
US time: 20230728 23:00:28
2023-07-29 03:00:29,037
the strat is currently running @ 29-07-2023 and the target positions is NEUTRAL
2023-07-29 03:00:30,353
CURRENT STATUS IS NEUTRAL
-----
return before 14h30:
BTCUSDT+0.00%, ETHUSDT+0.00%, XRPUSDT+0.00%
-----
target alloc initial:BTCUSDT+0.00%, ETHUSDT+0.00%, XRPUSDT+0.00%
-----
alloc target x rt%<0:BTCUSDT+0.00%, ETHUSDT+0.00%, XRPUSDT+0.00%
-----
           BTCUSDT ETHUSDT XRPUSDT
w_target      0.0%    0.0%    0.0%
rt_14h30     0.00%   0.00%   0.00%
w_target_f    0.0%    0.0%    0.0%
2023-07-29 03:00:30,355
Portfolio was rebalanced less than 2 hours ago, 14.5 hours ago
2023-07-29 03:00:30,358
Status: prev = NEUTRAL <> NEUTRAL = target
2023-07-29 03:00:30,359
the strat is currently running @ 29-07-2023 and the target positions is NEUTRAL
the strat was previously run @ 2023-07-25 12:30:37 UTC, success:yes 
   and the current positions is NEUTRAL
2023-07-29 03:00:31,446
positions_future #0
2023-07-29 03:00:31,446
Empty DataFrame
Columns: [symbol, positionAmt, entryPrice, markPrice, unRealizedProfit, value_usd, updateTime, AUMs_account, w%]
Index: []
2023-07-29 03:00:31,447
programm stoppeddd!!! 20230729_030031
