2023-08-15 20:30:36,517
ON program started 20230815 20:30:36,
US time: 20230815 16:30:36
2023-08-15 20:30:36,894
the strat is currently running @ 15-08-2023 and the target positions is LONG
2023-08-15 20:30:38,219
CURRENT STATUS IS LONG
-----
return before 14h30:
BTCUSDT-0.23%, ETHUSDT-0.20%, XRPUSDT-0.97%
-----
target alloc initial:BTCUSDT+16.67%, ETHUSDT+16.67%, XRPUSDT+16.67%
-----
alloc target x rt%<0:BTCUSDT+16.67%, ETHUSDT+16.67%, XRPUSDT+16.67%
-----
           BTCUSDT ETHUSDT XRPUSDT
w_target     16.7%   16.7%   16.7%
rt_14h30    -0.00%  -0.00%  -0.01%
w_target_f   16.7%   16.7%   16.7%
2023-08-15 20:30:38,221
Portfolio was rebalanced less than 2 hours ago, 1.0 hours ago
2023-08-15 20:30:38,223
Status: prev = LONG <> LONG = target
2023-08-15 20:30:38,223
the strat is currently running @ 15-08-2023 and the target positions is LONG
the strat was previously run @ 2023-08-15 19:30:52 UTC, success:yes 
   and the current positions is LONG
2023-08-15 20:30:39,301
positions_future #2
2023-08-15 20:30:39,301
      symbol  positionAmt entryPrice  ...   updateTime  AUMs_account        w%
222  BTCUSDT        0.002    29333.3  ...  15Aug-18:35         287.3  0.203369
137  ETHUSDT        0.026     1841.6  ...  15Aug-18:36         287.3  0.165682

[2 rows x 9 columns]
2023-08-15 20:30:39,322
programm stoppeddd!!! 20230815_203039
