2024-06-06 23:31:10,669
ON program started 20240606 23:31:10,
US time: 20240606 19:31:10
2024-06-06 23:31:12,419
the strat is currently running @ 06-06-2024 and the target positions is SHORT
2024-06-06 23:31:14,596
CURRENT STATUS IS SHORT, WE CHECK IF THE DAY IS A NEGATIVE ONE
-----
return before 14h30:
BTCUSDT+0.02%, ETHUSDT-0.80%, XRPUSDT+0.06%
-----
target alloc initial:BTCUSDT-4.17%, ETHUSDT+0.00%, XRPUSDT-4.17%
-----
alloc target x rt%<0:BTCUSDT-0.00%, ETHUSDT+0.00%, XRPUSDT-0.00%
-----
           BTCUSDT ETHUSDT XRPUSDT
w_target     -4.2%    0.0%   -4.2%
rt_14h30     0.00%  -0.01%   0.00%
w_target_f   -0.0%    0.0%   -0.0%
2024-06-06 23:31:14,598
Portfolio was rebalanced less than 2 hours ago, 1.0 hours ago
2024-06-06 23:31:14,605
Status: prev = SHORT <> SHORT = target
2024-06-06 23:31:14,605
the strat is currently running @ 06-06-2024 and the target positions is SHORT
the strat was previously run @ 2024-06-06 22:31:17, success:? 
   and the current positions is SHORT
2024-06-06 23:31:15,868
positions_future #0
2024-06-06 23:31:15,868
Empty DataFrame
Columns: [symbol, positionAmt, entryPrice, breakEvenPrice, markPrice, unRealizedProfit, value_usd, updateTime, isolated, adlQuantile, AUMs_account, w%]
Index: []
2024-06-06 23:31:16,081
------------------------------
binance_account_balance
2024-06-06 23:31:16,081
  asset     balance  ...  marginAvailable   updateTime
6  USDT  288.471615  ...             True  06Jun-22:33

[1 rows x 8 columns]
2024-06-06 23:31:16,318
------------------------------
open_orders
2024-06-06 23:31:16,318
Empty DataFrame
Columns: []
Index: []
2024-06-06 23:31:16,937
------------------------------
AUMS account:288

2024-06-06 23:31:16,940
--------------- compute_futures_order_book() ----------------
2024-06-06 23:31:18,444
----------------------------------------------------------------------
#0 order(s) to place
gross$: 0$ | net$: +0$
gross%: 0% | net%: +0%
 || w>0%  +0% | w<0%  0%
----------------------------------------------------------------------
PTF Expo% 0.0% >> 0.0% (current>>target)
PTF expo $0.0 >> $0 (current>>target)
----------------------------------------------------------------------
2024-06-06 23:31:18,447
orders_ofthe_day
2024-06-06 23:31:18,448
Empty DataFrame
Columns: [ptf_usd, target_usd, totrd_usd, posttrd_usd, qty, posttrd_qty, posttrd_w, bid, ask, strategy]
Index: []
2024-06-06 23:31:18,552
Orders of the day is empty, current and target potfolios are aligned
2024-06-06 23:31:18,552
Program stopped
