2024-07-23 00:30:41,670
ON program started 20240723 00:30:41,
US time: 20240722 20:30:41
2024-07-23 00:30:42,737
the strat is currently running @ 23-07-2024 and the target positions is SHORT
2024-07-23 00:30:44,048
CURRENT STATUS IS SHORT, WE CHECK IF THE DAY IS A NEGATIVE ONE
-----
return before 14h30:
BTCUSDT+0.07%, ETHUSDT+0.17%, XRPUSDT-0.08%
-----
target alloc initial:BTCUSDT-4.17%, ETHUSDT+0.00%, XRPUSDT-4.17%
-----
alloc target x rt%<0:BTCUSDT-0.00%, ETHUSDT+0.00%, XRPUSDT-4.17%
-----
           BTCUSDT ETHUSDT XRPUSDT
w_target     -4.2%    0.0%   -4.2%
rt_14h30     0.00%   0.00%  -0.00%
w_target_f   -0.0%    0.0%   -4.2%
2024-07-23 00:30:44,049
Portfolio was rebalanced less than 2 hours ago, 1.0 hours ago
2024-07-23 00:30:44,051
Status: prev = SHORT <> SHORT = target
2024-07-23 00:30:44,051
the strat is currently running @ 23-07-2024 and the target positions is SHORT
the strat was previously run @ 2024-07-22 23:30:58, success:yes 
   and the current positions is SHORT
2024-07-23 00:30:44,607
positions_future #0
2024-07-23 00:30:44,607
Empty DataFrame
Columns: [symbol, positionAmt, entryPrice, breakEvenPrice, markPrice, unRealizedProfit, value_usd, updateTime, isolated, adlQuantile, AUMs_account, w%]
Index: []
2024-07-23 00:30:44,685
programm stoppeddd!!! 20240723_003044
