2023-07-25 11:00:31,750
ON program started 20230725 11:00:31,
US time: 20230725 07:00:31
2023-07-25 11:00:32,437
the strat is currently running @ 25-07-2023 and the target positions is NEUTRAL
2023-07-25 11:00:33,794
CURRENT STATUS IS NEUTRAL
-----
return before 14h30:
BTCUSDT+0.19%, ETHUSDT+0.18%, XRPUSDT-0.93%
-----
target alloc initial:BTCUSDT+0.00%, ETHUSDT+0.00%, XRPUSDT+0.00%
-----
alloc target x rt%<0:BTCUSDT+0.00%, ETHUSDT+0.00%, XRPUSDT+0.00%
-----
           BTCUSDT ETHUSDT XRPUSDT
w_target      0.0%    0.0%    0.0%
rt_14h30     0.00%   0.00%  -0.01%
w_target_f    0.0%    0.0%    0.0%
2023-07-25 11:00:33,796
Portfolio was rebalanced less than 2 hours ago, 8.0 hours ago
2023-07-25 11:00:33,798
Status: prev = NEUTRAL <> NEUTRAL = target
2023-07-25 11:00:33,798
the strat is currently running @ 25-07-2023 and the target positions is NEUTRAL
the strat was previously run @ 2023-07-25 03:00:35 UTC, success:yes 
   and the current positions is NEUTRAL
2023-07-25 11:00:34,883
positions_future #0
2023-07-25 11:00:34,883
Empty DataFrame
Columns: [symbol, positionAmt, entryPrice, markPrice, unRealizedProfit, value_usd, updateTime, AUMs_account, w%]
Index: []
2023-07-25 11:00:34,884
programm stoppeddd!!! 20230725_110034
