2024-01-17 20:30:44,907
ON program started 20240117 20:30:44,
US time: 20240117 15:30:44
2024-01-17 20:30:46,043
the strat is currently running @ 17-01-2024 and the target positions is LONG
2024-01-17 20:30:48,349
CURRENT STATUS IS LONG
-----
return before 14h30:
BTCUSDT-0.56%, ETHUSDT-1.40%, XRPUSDT-0.94%
-----
target alloc initial:BTCUSDT+16.67%, ETHUSDT+16.67%, XRPUSDT+16.67%
-----
alloc target x rt%<0:BTCUSDT+16.67%, ETHUSDT+16.67%, XRPUSDT+16.67%
-----
           BTCUSDT ETHUSDT XRPUSDT
w_target     16.7%   16.7%   16.7%
rt_14h30    -0.01%  -0.01%  -0.01%
w_target_f   16.7%   16.7%   16.7%
2024-01-17 20:30:48,350
Portfolio was rebalanced less than 2 hours ago, 1.0 hours ago
2024-01-17 20:30:48,354
Status: prev = LONG <> LONG = target
2024-01-17 20:30:48,354
the strat is currently running @ 17-01-2024 and the target positions is LONG
the strat was previously run @ 2024-01-17 19:31:09 UTC, success:? 
   and the current positions is LONG
2024-01-17 20:30:49,605
positions_future #2
2024-01-17 20:30:49,605
      symbol  positionAmt entryPrice  ... adlQuantile AUMs_account        w%
141  ETHUSDT        0.019    2537.24  ...           1        290.0  0.166315
113  XRPUSDT       84.100     0.5707  ...           2        290.0  0.165882

[2 rows x 12 columns]
2024-01-17 20:30:49,851
------------------------------
binance_account_balance
2024-01-17 20:30:49,851
  asset    balance  ...  marginAvailable   updateTime
5  USDT  289.87517  ...             True  17Jan-19:32

[1 rows x 8 columns]
2024-01-17 20:30:50,533
------------------------------
open_orders
2024-01-17 20:30:50,533
Empty DataFrame
Columns: []
Index: []
2024-01-17 20:30:51,195
------------------------------
AUMS account:290

2024-01-17 20:30:51,197
--------------- compute_futures_order_book() ----------------
2024-01-17 20:30:52,777
----------------------------------------------------------------------
#0 order(s) to place
gross$: 0$ | net$: +0$
gross%: 0% | net%: +0%
 || w>0%  +0% | w<0%  0%
----------------------------------------------------------------------
PTF Expo% 33.1% >> 50.0% (current>>target)
PTF expo $96.0 >> $145 (current>>target)
----------------------------------------------------------------------
2024-01-17 20:30:52,779
orders_ofthe_day
2024-01-17 20:30:52,779
Empty DataFrame
Columns: [ptf_usd, target_usd, totrd_usd, posttrd_usd, qty, posttrd_qty, posttrd_w, bid, ask, strategy]
Index: []
2024-01-17 20:30:52,887
Orders of the day is empty, current and target potfolios are aligned
2024-01-17 20:30:52,887
Program stopped
