2023-12-25 21:30:47,204
ON program started 20231225 21:30:47,
US time: 20231225 16:30:47
2023-12-25 21:30:47,675
the strat is currently running @ 25-12-2023 and the target positions is LONG
2023-12-25 21:30:49,102
CURRENT STATUS IS LONG
-----
return before 14h30:
BTCUSDT+0.80%, ETHUSDT-0.18%, XRPUSDT+3.03%
-----
target alloc initial:BTCUSDT+16.67%, ETHUSDT+16.67%, XRPUSDT+16.67%
-----
alloc target x rt%<0:BTCUSDT+16.67%, ETHUSDT+16.67%, XRPUSDT+16.67%
-----
           BTCUSDT ETHUSDT XRPUSDT
w_target     16.7%   16.7%   16.7%
rt_14h30     0.01%  -0.00%   0.03%
w_target_f   16.7%   16.7%   16.7%
2023-12-25 21:30:49,104
Portfolio was rebalanced less than 2 hours ago, 1.0 hours ago
2023-12-25 21:30:49,106
Status: prev = LONG <> LONG = target
2023-12-25 21:30:49,106
the strat is currently running @ 25-12-2023 and the target positions is LONG
the strat was previously run @ 2023-12-25 20:30:43 UTC, success:yes 
   and the current positions is LONG
2023-12-25 21:30:50,320
positions_future #2
2023-12-25 21:30:50,321
      symbol  positionAmt entryPrice  ... adlQuantile AUMs_account        w%
108  XRPUSDT       76.700     0.6382  ...           1        291.4  0.168849
135  ETHUSDT        0.021    2275.37  ...           1        291.4  0.163533

[2 rows x 12 columns]
2023-12-25 21:30:50,434
programm stoppeddd!!! 20231225_213050
