2024-10-06 18:30:44,958
ON program started 20241006 18:30:44,
US time: 20241006 14:30:44
2024-10-06 18:30:45,759
the strat is currently running @ 06-10-2024 and the target positions is LONG
2024-10-06 18:30:47,098
CURRENT STATUS IS LONG
-----
return before 14h30:
BTCUSDT+0.32%, ETHUSDT+0.68%, XRPUSDT+0.53%
-----
target alloc initial:BTCUSDT+16.67%, ETHUSDT+16.67%, XRPUSDT+16.67%
-----
alloc target x rt%<0:BTCUSDT+16.67%, ETHUSDT+16.67%, XRPUSDT+16.67%
-----
           BTCUSDT ETHUSDT XRPUSDT
w_target     16.7%   16.7%   16.7%
rt_14h30     0.00%   0.01%   0.01%
w_target_f   16.7%   16.7%   16.7%
2024-10-06 18:30:47,099
Portfolio was rebalanced less than 2 hours ago, 15.0 hours ago
2024-10-06 18:30:47,101
Status: prev = LONG <> NEUTRAL = target
2024-10-06 18:30:47,101
the strat is currently running @ 06-10-2024 and the target positions is LONG
the strat was previously run @ 2024-10-06 03:30:48, success:yes 
   and the current positions is NEUTRAL
2024-10-06 18:30:48,253
positions_future #0
2024-10-06 18:30:48,253
Empty DataFrame
Columns: [symbol, positionAmt, entryPrice, breakEvenPrice, markPrice, unRealizedProfit, value_usd, updateTime, isolated, adlQuantile, AUMs_account, w%]
Index: []
2024-10-06 18:30:48,461
------------------------------
binance_account_balance
2024-10-06 18:30:48,462
  asset    balance  ...  marginAvailable   updateTime
4  USDT  286.67483  ...             True  06Oct-00:33

[1 rows x 8 columns]
2024-10-06 18:30:48,686
------------------------------
open_orders
2024-10-06 18:30:48,686
Empty DataFrame
Columns: []
Index: []
2024-10-06 18:30:49,300
------------------------------
AUMS account:286

2024-10-06 18:30:49,302
--------------- compute_futures_order_book() ----------------
2024-10-06 18:30:50,813
----------------------------------------------------------------------
#2 order(s) to place
gross$: 97$ | net$: +97$
gross%: 34% | net%: +34%
 || w>0%  +34% | w<0%  0%
----------------------------------------------------------------------
PTF Expo% 0.0% >> 50.0% (current>>target)
PTF expo $0.0 >> $143 (current>>target)
----------------------------------------------------------------------
2024-10-06 18:30:50,846
orders_ofthe_day
2024-10-06 18:30:50,847
                  ptf_usd  target_usd  totrd_usd  ...        bid        ask strategy
2024-10-06 18:30                                  ...                               
ETHUSDT               0.0       47.79       49.0  ...  2443.5100  2443.5200  STRATON
XRPUSDT               0.0       47.79       48.0  ...     0.5317     0.5318  STRATON

[2 rows x 10 columns]
2024-10-06 18:30:52,522
binance_place_orders_peg 20241006_183052
2024-10-06 18:30:52,938
{'orderId': 8389765742894822845, 'symbol': 'ETHUSDT', 'status': 'NEW', 'clientOrderId': 'STRATON', 'price': '2442.76', 'avgPrice': '0.00', 'origQty': '0.020', 'executedQty': '0.000', 'cumQty': '0.000', 'cumQuote': '0.00000', 'timeInForce': 'GTC', 'type': 'LIMIT', 'reduceOnly': False, 'closePosition': False, 'side': 'BUY', 'positionSide': 'BOTH', 'stopPrice': '0.00', 'workingType': 'CONTRACT_PRICE', 'priceProtect': False, 'origType': 'LIMIT', 'priceMatch': 'NONE', 'selfTradePreventionMode': 'NONE', 'goodTillDate': 0, 'updateTime': 1728239452831}
2024-10-06 18:30:53,354
{'orderId': 67239177669, 'symbol': 'XRPUSDT', 'status': 'NEW', 'clientOrderId': 'STRATON', 'price': '0.5315', 'avgPrice': '0.00', 'origQty': '90.3', 'executedQty': '0.0', 'cumQty': '0.0', 'cumQuote': '0.00000', 'timeInForce': 'GTC', 'type': 'LIMIT', 'reduceOnly': False, 'closePosition': False, 'side': 'BUY', 'positionSide': 'BOTH', 'stopPrice': '0.0000', 'workingType': 'CONTRACT_PRICE', 'priceProtect': False, 'origType': 'LIMIT', 'priceMatch': 'NONE', 'selfTradePreventionMode': 'NONE', 'goodTillDate': 0, 'updateTime': 1728239453246}
2024-10-06 18:30:54,870
update 0: filled 0 / 2 () | working 2 / 2 (+ETHUSDT,+XRPUSDT)
2024-10-06 18:30:58,871
+ETHUSDT: bp3.0|+XRPUSDT: bp4.0|
2024-10-06 18:30:59,689
update 1: filled 0 / 2 () | working 2 / 2 (+ETHUSDT,+XRPUSDT)
2024-10-06 18:31:03,690
+ETHUSDT: bp5.0|+XRPUSDT: bp6.0|
2024-10-06 18:31:04,510
update 2: filled 0 / 2 () | working 2 / 2 (+ETHUSDT,+XRPUSDT)
2024-10-06 18:31:08,511
+ETHUSDT: bp7.0|+XRPUSDT: bp8.0|
2024-10-06 18:31:09,331
update 3: filled 0 / 2 () | working 2 / 2 (+ETHUSDT,+XRPUSDT)
2024-10-06 18:31:13,331
+ETHUSDT: bp6.0|+XRPUSDT: bp8.0|
2024-10-06 18:31:14,149
update 4: filled 0 / 2 () | working 2 / 2 (+ETHUSDT,+XRPUSDT)
2024-10-06 18:31:18,150
+ETHUSDT: bp8.0|+XRPUSDT: bp9.0|
2024-10-06 18:31:18,969
update 5: filled 0 / 2 () | working 2 / 2 (+ETHUSDT,+XRPUSDT)
2024-10-06 18:31:22,970
+ETHUSDT: bp6.0|+XRPUSDT: bp11.0|
2024-10-06 18:31:23,791
update 6: filled 0 / 2 () | working 2 / 2 (+ETHUSDT,+XRPUSDT)
2024-10-06 18:31:27,792
+ETHUSDT: bp7.0|+XRPUSDT: bp11.0|
2024-10-06 18:31:28,612
update 7: filled 0 / 2 () | working 2 / 2 (+ETHUSDT,+XRPUSDT)
2024-10-06 18:31:32,613
+ETHUSDT: bp6.0|+XRPUSDT: bp6.0|
2024-10-06 18:31:33,435
update 8: filled 0 / 2 () | working 2 / 2 (+ETHUSDT,+XRPUSDT)
2024-10-06 18:31:37,435
+ETHUSDT: bp6.0|+XRPUSDT: bp8.0|
2024-10-06 18:31:38,254
update 9: filled 0 / 2 () | working 2 / 2 (+ETHUSDT,+XRPUSDT)
2024-10-06 18:31:42,255
+ETHUSDT: bp8.0|+XRPUSDT: bp8.0|
2024-10-06 18:31:43,073
update 10: filled 0 / 2 () | working 2 / 2 (+ETHUSDT,+XRPUSDT)
2024-10-06 18:31:47,074
+ETHUSDT: bp8.0|+XRPUSDT: bp8.0|
2024-10-06 18:31:47,893
update 11: filled 0 / 2 () | working 2 / 2 (+ETHUSDT,+XRPUSDT)
2024-10-06 18:31:51,894
+ETHUSDT: bp9.0|+XRPUSDT: bp8.0|
2024-10-06 18:31:52,721
update 12: filled 0 / 2 () | working 2 / 2 (+ETHUSDT,+XRPUSDT)
2024-10-06 18:31:56,722
+ETHUSDT: bp8.0|+XRPUSDT: bp9.0|
2024-10-06 18:31:57,540
update 13: filled 0 / 2 () | working 2 / 2 (+ETHUSDT,+XRPUSDT)
2024-10-06 18:32:01,541
+ETHUSDT: bp9.0|+XRPUSDT: bp9.0|
2024-10-06 18:32:02,361
update 14: filled 0 / 2 () | working 2 / 2 (+ETHUSDT,+XRPUSDT)
2024-10-06 18:32:06,361
+ETHUSDT: bp9.0|+XRPUSDT: bp8.0|
2024-10-06 18:32:06,362
Adjustment limit #1 ... 
 we cancel current orders and replace
2024-10-06 18:32:06,362
@+/-2.5bp limit 
2024-10-06 18:32:06,362
binance_cancel_and_replace_orders_peg 20241006_183206
2024-10-06 18:32:08,426
binance_place_orders_peg 20241006_183208
2024-10-06 18:32:08,837
{'orderId': 8389765742895210049, 'symbol': 'ETHUSDT', 'status': 'NEW', 'clientOrderId': 'STRATON', 'price': '2443.79', 'avgPrice': '0.00', 'origQty': '0.020', 'executedQty': '0.000', 'cumQty': '0.000', 'cumQuote': '0.00000', 'timeInForce': 'GTC', 'type': 'LIMIT', 'reduceOnly': False, 'closePosition': False, 'side': 'BUY', 'positionSide': 'BOTH', 'stopPrice': '0.00', 'workingType': 'CONTRACT_PRICE', 'priceProtect': False, 'origType': 'LIMIT', 'priceMatch': 'NONE', 'selfTradePreventionMode': 'NONE', 'goodTillDate': 0, 'updateTime': 1728239528733}
2024-10-06 18:32:09,252
{'orderId': 67239248108, 'symbol': 'XRPUSDT', 'status': 'NEW', 'clientOrderId': 'STRATON', 'price': '0.5319', 'avgPrice': '0.00', 'origQty': '90.3', 'executedQty': '0.0', 'cumQty': '0.0', 'cumQuote': '0.00000', 'timeInForce': 'GTC', 'type': 'LIMIT', 'reduceOnly': False, 'closePosition': False, 'side': 'BUY', 'positionSide': 'BOTH', 'stopPrice': '0.0000', 'workingType': 'CONTRACT_PRICE', 'priceProtect': False, 'origType': 'LIMIT', 'priceMatch': 'NONE', 'selfTradePreventionMode': 'NONE', 'goodTillDate': 0, 'updateTime': 1728239529144}
2024-10-06 18:32:10,080
update 0: filled 0 / 2 () | working 2 / 2 (+ETHUSDT,+XRPUSDT)
2024-10-06 18:32:14,081
+ETHUSDT: bp5.0|+XRPUSDT: bp-0.0|
2024-10-06 18:32:14,903
update 1: filled 0 / 2 () | working 2 / 2 (+ETHUSDT,+XRPUSDT)
2024-10-06 18:32:18,904
+ETHUSDT: bp2.0|+XRPUSDT: bp4.0|
2024-10-06 18:32:19,722
update 2: filled 2 / 2 (+ETHUSDT,+XRPUSDT) | working 0 / 2 ()
2024-10-06 18:32:26,014
Trades of the day
in$
as of: 06Oct 18:32>>18:32 (#trades: 2)
trade net: +97.0 (+33.8%), trade gross: +97.0 (+33.8%), BUY: +97.0 (+33.8%), SELL: +0.0 (+0.0%)
fees: $ 0.019 (2.0bp)
2024-10-06 18:32:26,438
Trades: 
Filled #2
______________________________________________
                   in$ | in bp 96 traded | in bp 286 AUMs
realizedPnl    +0      | +0      | +0     
PnLvsArrival   -0.02   | -2      | -1     
PnLvsLast      +0      | +0      | +0     
______________________________________________
                 | Value$ | PnL Arrival/Last 
______________________________________________
XRP:+90.3@0.5319 | +48$ | -0.01/-0
ETH:+0.02@2443.79 | +49$ | -0.01/-0
