2024-03-06 21:31:05,517
ON program started 20240306 21:31:05,
US time: 20240306 16:31:05
2024-03-06 21:31:06,525
the strat is currently running @ 06-03-2024 and the target positions is LONG
2024-03-06 21:31:08,366
CURRENT STATUS IS LONG
-----
return before 14h30:
BTCUSDT+4.09%, ETHUSDT+7.80%, XRPUSDT+1.83%
-----
target alloc initial:BTCUSDT+16.67%, ETHUSDT+16.67%, XRPUSDT+16.67%
-----
alloc target x rt%<0:BTCUSDT+16.67%, ETHUSDT+16.67%, XRPUSDT+16.67%
-----
           BTCUSDT ETHUSDT XRPUSDT
w_target     16.7%   16.7%   16.7%
rt_14h30     0.04%   0.08%   0.02%
w_target_f   16.7%   16.7%   16.7%
2024-03-06 21:31:08,367
Portfolio was rebalanced less than 2 hours ago, 1.0 hours ago
2024-03-06 21:31:08,369
Status: prev = LONG <> LONG = target
2024-03-06 21:31:08,369
the strat is currently running @ 06-03-2024 and the target positions is LONG
the strat was previously run @ 2024-03-06 20:30:52, success:yes 
   and the current positions is LONG
2024-03-06 21:31:09,576
positions_future #2
2024-03-06 21:31:09,576
      symbol  positionAmt entryPrice  ... adlQuantile AUMs_account        w%
154  ETHUSDT        0.013    3878.33  ...           1        290.7  0.171880
123  XRPUSDT       79.900     0.6132  ...           1        290.7  0.168525

[2 rows x 12 columns]
2024-03-06 21:31:09,659
programm stoppeddd!!! 20240306_213109
