2024-06-27 03:30:52,747
ON program started 20240627 03:30:52,
US time: 20240626 23:30:52
2024-06-27 03:30:53,930
the strat is currently running @ 27-06-2024 and the target positions is NEUTRAL
2024-06-27 03:30:55,265
CURRENT STATUS IS NEUTRAL
-----
return before 14h30:
BTCUSDT+0.44%, ETHUSDT+0.38%, XRPUSDT+0.02%
-----
target alloc initial:BTCUSDT+0.00%, ETHUSDT+0.00%, XRPUSDT+0.00%
-----
alloc target x rt%<0:BTCUSDT+0.00%, ETHUSDT+0.00%, XRPUSDT+0.00%
-----
           BTCUSDT ETHUSDT XRPUSDT
w_target      0.0%    0.0%    0.0%
rt_14h30     0.00%   0.00%   0.00%
w_target_f    0.0%    0.0%    0.0%
2024-06-27 03:30:55,266
Portfolio was rebalanced less than 2 hours ago, 1.0 hours ago
2024-06-27 03:30:55,268
Status: prev = NEUTRAL <> NEUTRAL = target
2024-06-27 03:30:55,268
the strat is currently running @ 27-06-2024 and the target positions is NEUTRAL
the strat was previously run @ 2024-06-27 02:31:09, success:? 
   and the current positions is NEUTRAL
2024-06-27 03:30:56,416
positions_future #0
2024-06-27 03:30:56,416
Empty DataFrame
Columns: [symbol, positionAmt, entryPrice, breakEvenPrice, markPrice, unRealizedProfit, value_usd, updateTime, isolated, adlQuantile, AUMs_account, w%]
Index: []
2024-06-27 03:30:56,624
------------------------------
binance_account_balance
2024-06-27 03:30:56,624
  asset     balance  ...  marginAvailable   updateTime
4  USDT  292.336601  ...             True  27Jun-02:31

[1 rows x 8 columns]
2024-06-27 03:30:56,846
------------------------------
open_orders
2024-06-27 03:30:56,846
Empty DataFrame
Columns: []
Index: []
2024-06-27 03:30:57,459
------------------------------
AUMS account:292

2024-06-27 03:30:57,461
--------------- compute_futures_order_book() ----------------
2024-06-27 03:30:58,921
----------------------------------------------------------------------
#0 order(s) to place
gross$: 0$ | net$: +0$
gross%: 0% | net%: +0%
 || w>0%  +0% | w<0%  0%
----------------------------------------------------------------------
PTF Expo% 0.0% >> 0.0% (current>>target)
PTF expo $0.0 >> $0 (current>>target)
----------------------------------------------------------------------
2024-06-27 03:30:58,923
orders_ofthe_day
2024-06-27 03:30:58,923
Empty DataFrame
Columns: [ptf_usd, target_usd, totrd_usd, posttrd_usd, qty, posttrd_qty, posttrd_w, bid, ask, strategy]
Index: []
2024-06-27 03:30:58,986
Orders of the day is empty, current and target potfolios are aligned
2024-06-27 03:30:58,987
Program stopped
