2023-08-15 18:30:37,007
ON program started 20230815 18:30:36,
US time: 20230815 14:30:37
2023-08-15 18:30:37,479
the strat is currently running @ 15-08-2023 and the target positions is LONG
2023-08-15 18:30:38,821
CURRENT STATUS IS LONG
-----
return before 14h30:
BTCUSDT-0.23%, ETHUSDT-0.20%, XRPUSDT-0.97%
-----
target alloc initial:BTCUSDT+16.67%, ETHUSDT+16.67%, XRPUSDT+16.67%
-----
alloc target x rt%<0:BTCUSDT+16.67%, ETHUSDT+16.67%, XRPUSDT+16.67%
-----
           BTCUSDT ETHUSDT XRPUSDT
w_target     16.7%   16.7%   16.7%
rt_14h30    -0.00%  -0.00%  -0.01%
w_target_f   16.7%   16.7%   16.7%
2023-08-15 18:30:38,823
Portfolio was rebalanced less than 2 hours ago, 15.0 hours ago
2023-08-15 18:30:38,825
Status: prev = LONG <> NEUTRAL = target
2023-08-15 18:30:38,825
the strat is currently running @ 15-08-2023 and the target positions is LONG
the strat was previously run @ 2023-08-15 03:31:07 UTC, success:yes 
   and the current positions is NEUTRAL
2023-08-15 18:30:39,917
positions_future #0
2023-08-15 18:30:39,918
Empty DataFrame
Columns: [symbol, positionAmt, entryPrice, markPrice, unRealizedProfit, value_usd, updateTime, AUMs_account, w%]
Index: []
2023-08-15 18:30:40,125
------------------------------
binance_account_balance
2023-08-15 18:30:40,125
  asset     balance  ... marginAvailable   updateTime
5  USDT  290.280653  ...            True  15Aug-02:35

[1 rows x 8 columns]
2023-08-15 18:30:40,343
------------------------------
open_orders
2023-08-15 18:30:40,343
Empty DataFrame
Columns: []
Index: []
2023-08-15 18:30:40,963
------------------------------
AUMS account:290

2023-08-15 18:30:40,965
--------------- compute_futures_order_book() ----------------
2023-08-15 18:30:42,417
----------------------------------------------------------------------
#3 order(s) to place
gross$: 155$ | net$: +155$
gross%: 53% | net%: +53%
 || w>0%  +53% | w<0%  0%
----------------------------------------------------------------------
PTF Expo% 0.0% >> 50.0% (current>>target)
PTF expo $0.0 >> $145 (current>>target)
----------------------------------------------------------------------
2023-08-15 18:30:42,419
orders_ofthe_day
2023-08-15 18:30:42,419
                  ptf_usd  target_usd  ...         bid         ask
2023-08-15 18:30                       ...                        
BTCUSDT               0.0       48.39  ...  29321.1000  29321.2000
ETHUSDT               0.0       48.39  ...   1840.0000   1840.0100
XRPUSDT               0.0       48.39  ...      0.6211      0.6212

[3 rows x 9 columns]
2023-08-15 18:30:43,848
binance_place_orders_peg 20230815_183043
2023-08-15 18:30:44,262
{'orderId': 180517592489, 'symbol': 'BTCUSDT', 'status': 'NEW', 'clientOrderId': 'hLrvHgFNKp94k2pNqFgBu4', 'price': '29306.40', 'avgPrice': '0.00', 'origQty': '0.002', 'executedQty': '0.000', 'cumQty': '0.000', 'cumQuote': '0.00000', 'timeInForce': 'GTC', 'type': 'LIMIT', 'reduceOnly': False, 'closePosition': False, 'side': 'BUY', 'positionSide': 'BOTH', 'stopPrice': '0.00', 'workingType': 'CONTRACT_PRICE', 'priceProtect': False, 'origType': 'LIMIT', 'updateTime': 1692124244156}
2023-08-15 18:30:44,672
{'orderId': 8389765612615792072, 'symbol': 'ETHUSDT', 'status': 'NEW', 'clientOrderId': 'TBlMWOQjIFhiGsSqJXDEbg', 'price': '1839.08', 'avgPrice': '0.00', 'origQty': '0.026', 'executedQty': '0.000', 'cumQty': '0.000', 'cumQuote': '0.00000', 'timeInForce': 'GTC', 'type': 'LIMIT', 'reduceOnly': False, 'closePosition': False, 'side': 'BUY', 'positionSide': 'BOTH', 'stopPrice': '0.00', 'workingType': 'CONTRACT_PRICE', 'priceProtect': False, 'origType': 'LIMIT', 'updateTime': 1692124244567}
2023-08-15 18:30:45,085
{'orderId': 39438733450, 'symbol': 'XRPUSDT', 'status': 'NEW', 'clientOrderId': 'fxPQLwSFah7GWBT9KrnwTC', 'price': '0.6208', 'avgPrice': '0.00', 'origQty': '77.9', 'executedQty': '0.0', 'cumQty': '0.0', 'cumQuote': '0.00000', 'timeInForce': 'GTC', 'type': 'LIMIT', 'reduceOnly': False, 'closePosition': False, 'side': 'BUY', 'positionSide': 'BOTH', 'stopPrice': '0.0000', 'workingType': 'CONTRACT_PRICE', 'priceProtect': False, 'origType': 'LIMIT', 'updateTime': 1692124244981}
2023-08-15 18:30:46,970
update 0: filled 0 / 3 () | working 3 / 3 (+BTCUSDT,+ETHUSDT,+XRPUSDT)
2023-08-15 18:30:50,971
+BTCUSDT: bp5.0|+ETHUSDT: bp5.0|+XRPUSDT: bp6.0|
2023-08-15 18:30:52,200
update 1: filled 0 / 3 () | working 3 / 3 (+BTCUSDT,+ETHUSDT,+XRPUSDT)
2023-08-15 18:30:56,200
+BTCUSDT: bp5.0|+ETHUSDT: bp6.0|+XRPUSDT: bp5.0|
2023-08-15 18:30:57,433
update 2: filled 0 / 3 () | working 3 / 3 (+BTCUSDT,+ETHUSDT,+XRPUSDT)
2023-08-15 18:31:01,434
+BTCUSDT: bp6.0|+ETHUSDT: bp7.0|+XRPUSDT: bp10.0|
2023-08-15 18:31:02,662
update 3: filled 0 / 3 () | working 3 / 3 (+BTCUSDT,+ETHUSDT,+XRPUSDT)
2023-08-15 18:31:06,662
+BTCUSDT: bp6.0|+ETHUSDT: bp7.0|+XRPUSDT: bp10.0|
2023-08-15 18:31:07,890
update 4: filled 0 / 3 () | working 3 / 3 (+BTCUSDT,+ETHUSDT,+XRPUSDT)
2023-08-15 18:31:11,890
+BTCUSDT: bp6.0|+ETHUSDT: bp7.0|+XRPUSDT: bp11.0|
2023-08-15 18:31:13,118
update 5: filled 0 / 3 () | working 3 / 3 (+BTCUSDT,+ETHUSDT,+XRPUSDT)
2023-08-15 18:31:17,119
+BTCUSDT: bp6.0|+ETHUSDT: bp8.0|+XRPUSDT: bp13.0|
2023-08-15 18:31:18,348
update 6: filled 0 / 3 () | working 3 / 3 (+BTCUSDT,+ETHUSDT,+XRPUSDT)
2023-08-15 18:31:22,349
+BTCUSDT: bp6.0|+ETHUSDT: bp8.0|+XRPUSDT: bp13.0|
2023-08-15 18:31:23,576
update 7: filled 0 / 3 () | working 3 / 3 (+BTCUSDT,+ETHUSDT,+XRPUSDT)
2023-08-15 18:31:27,576
+BTCUSDT: bp6.0|+ETHUSDT: bp8.0|+XRPUSDT: bp11.0|
2023-08-15 18:31:28,811
update 8: filled 0 / 3 () | working 3 / 3 (+BTCUSDT,+ETHUSDT,+XRPUSDT)
2023-08-15 18:31:32,812
+BTCUSDT: bp6.0|+ETHUSDT: bp8.0|+XRPUSDT: bp10.0|
2023-08-15 18:31:34,039
update 9: filled 0 / 3 () | working 3 / 3 (+BTCUSDT,+ETHUSDT,+XRPUSDT)
2023-08-15 18:31:38,040
+BTCUSDT: bp6.0|+ETHUSDT: bp8.0|+XRPUSDT: bp8.0|
2023-08-15 18:31:39,267
update 10: filled 0 / 3 () | working 3 / 3 (+BTCUSDT,+ETHUSDT,+XRPUSDT)
2023-08-15 18:31:43,268
+BTCUSDT: bp6.0|+ETHUSDT: bp8.0|+XRPUSDT: bp6.0|
2023-08-15 18:31:44,495
update 11: filled 0 / 3 () | working 3 / 3 (+BTCUSDT,+ETHUSDT,+XRPUSDT)
2023-08-15 18:31:48,496
+BTCUSDT: bp6.0|+ETHUSDT: bp8.0|+XRPUSDT: bp6.0|
2023-08-15 18:31:49,727
update 12: filled 0 / 3 () | working 3 / 3 (+BTCUSDT,+ETHUSDT,+XRPUSDT)
2023-08-15 18:31:53,728
+BTCUSDT: bp6.0|+ETHUSDT: bp8.0|+XRPUSDT: bp6.0|
2023-08-15 18:31:54,960
update 13: filled 0 / 3 () | working 3 / 3 (+BTCUSDT,+ETHUSDT,+XRPUSDT)
2023-08-15 18:31:58,961
+BTCUSDT: bp8.0|+ETHUSDT: bp8.0|+XRPUSDT: bp11.0|
2023-08-15 18:32:00,190
update 14: filled 0 / 3 () | working 3 / 3 (+BTCUSDT,+ETHUSDT,+XRPUSDT)
2023-08-15 18:32:04,191
+BTCUSDT: bp8.0|+ETHUSDT: bp8.0|+XRPUSDT: bp11.0|
2023-08-15 18:32:04,191
Adjustment limit #1 ... 
 we cancel current orders and replace
2023-08-15 18:32:04,191
@+/-2.5bp limit 
2023-08-15 18:32:04,191
binance_cancel_and_replace_orders_peg 20230815_183204
2023-08-15 18:32:06,041
binance_place_orders_peg 20230815_183206
2023-08-15 18:32:06,455
{'orderId': 180517779204, 'symbol': 'BTCUSDT', 'status': 'NEW', 'clientOrderId': '2EVCFo0fTt6ixGB2SIdzv2', 'price': '29321.40', 'avgPrice': '0.00', 'origQty': '0.002', 'executedQty': '0.000', 'cumQty': '0.000', 'cumQuote': '0.00000', 'timeInForce': 'GTC', 'type': 'LIMIT', 'reduceOnly': False, 'closePosition': False, 'side': 'BUY', 'positionSide': 'BOTH', 'stopPrice': '0.00', 'workingType': 'CONTRACT_PRICE', 'priceProtect': False, 'origType': 'LIMIT', 'updateTime': 1692124326350}
2023-08-15 18:32:06,867
{'orderId': 8389765612615915109, 'symbol': 'ETHUSDT', 'status': 'NEW', 'clientOrderId': 'bDkkC4jlTMwsRXnHKBkq2A', 'price': '1840.08', 'avgPrice': '0.00', 'origQty': '0.026', 'executedQty': '0.000', 'cumQty': '0.000', 'cumQuote': '0.00000', 'timeInForce': 'GTC', 'type': 'LIMIT', 'reduceOnly': False, 'closePosition': False, 'side': 'BUY', 'positionSide': 'BOTH', 'stopPrice': '0.00', 'workingType': 'CONTRACT_PRICE', 'priceProtect': False, 'origType': 'LIMIT', 'updateTime': 1692124326762}
2023-08-15 18:32:07,282
{'orderId': 39438800402, 'symbol': 'XRPUSDT', 'status': 'NEW', 'clientOrderId': '0mxki9SBWof3fAFpMiuKrX', 'price': '0.6213', 'avgPrice': '0.00', 'origQty': '77.9', 'executedQty': '0.0', 'cumQty': '0.0', 'cumQuote': '0.00000', 'timeInForce': 'GTC', 'type': 'LIMIT', 'reduceOnly': False, 'closePosition': False, 'side': 'BUY', 'positionSide': 'BOTH', 'stopPrice': '0.0000', 'workingType': 'CONTRACT_PRICE', 'priceProtect': False, 'origType': 'LIMIT', 'updateTime': 1692124327174}
2023-08-15 18:32:08,511
update 0: filled 0 / 3 () | working 3 / 3 (+BTCUSDT,+ETHUSDT,+XRPUSDT)
2023-08-15 18:32:12,512
+BTCUSDT: bp2.0|+ETHUSDT: bp3.0|+XRPUSDT: bp3.0|
2023-08-15 18:32:13,738
update 1: filled 0 / 3 () | working 3 / 3 (+BTCUSDT,+ETHUSDT,+XRPUSDT)
2023-08-15 18:32:17,739
+BTCUSDT: bp3.0|+ETHUSDT: bp2.0|+XRPUSDT: bp3.0|
2023-08-15 18:32:18,971
update 2: filled 0 / 3 () | working 3 / 3 (+BTCUSDT,+ETHUSDT,+XRPUSDT)
2023-08-15 18:32:22,972
+BTCUSDT: bp3.0|+ETHUSDT: bp3.0|+XRPUSDT: bp3.0|
2023-08-15 18:32:24,201
update 3: filled 0 / 3 () | working 3 / 3 (+BTCUSDT,+ETHUSDT,+XRPUSDT)
2023-08-15 18:32:28,201
+BTCUSDT: bp3.0|+ETHUSDT: bp2.0|+XRPUSDT: bp5.0|
2023-08-15 18:32:29,429
update 4: filled 0 / 3 () | working 3 / 3 (+BTCUSDT,+ETHUSDT,+XRPUSDT)
2023-08-15 18:32:33,430
+BTCUSDT: bp3.0|+ETHUSDT: bp2.0|+XRPUSDT: bp6.0|
2023-08-15 18:32:34,658
update 5: filled 0 / 3 () | working 3 / 3 (+BTCUSDT,+ETHUSDT,+XRPUSDT)
2023-08-15 18:32:38,659
+BTCUSDT: bp3.0|+ETHUSDT: bp2.0|+XRPUSDT: bp5.0|
2023-08-15 18:32:39,888
update 6: filled 0 / 3 () | working 3 / 3 (+BTCUSDT,+ETHUSDT,+XRPUSDT)
2023-08-15 18:32:43,888
+BTCUSDT: bp3.0|+ETHUSDT: bp2.0|+XRPUSDT: bp6.0|
2023-08-15 18:32:45,116
update 7: filled 0 / 3 () | working 3 / 3 (+BTCUSDT,+ETHUSDT,+XRPUSDT)
2023-08-15 18:32:49,117
+BTCUSDT: bp3.0|+ETHUSDT: bp2.0|+XRPUSDT: bp6.0|
2023-08-15 18:32:50,351
update 8: filled 0 / 3 () | working 3 / 3 (+BTCUSDT,+ETHUSDT,+XRPUSDT)
2023-08-15 18:32:54,351
+BTCUSDT: bp3.0|+ETHUSDT: bp2.0|+XRPUSDT: bp10.0|
2023-08-15 18:32:55,578
update 9: filled 0 / 3 () | working 3 / 3 (+BTCUSDT,+ETHUSDT,+XRPUSDT)
2023-08-15 18:32:59,579
+BTCUSDT: bp3.0|+ETHUSDT: bp2.0|+XRPUSDT: bp10.0|
2023-08-15 18:33:00,809
update 10: filled 0 / 3 () | working 3 / 3 (+BTCUSDT,+ETHUSDT,+XRPUSDT)
2023-08-15 18:33:04,809
+BTCUSDT: bp3.0|+ETHUSDT: bp2.0|+XRPUSDT: bp11.0|
2023-08-15 18:33:06,036
update 11: filled 0 / 3 () | working 3 / 3 (+BTCUSDT,+ETHUSDT,+XRPUSDT)
2023-08-15 18:33:10,037
+BTCUSDT: bp3.0|+ETHUSDT: bp2.0|+XRPUSDT: bp10.0|
2023-08-15 18:33:11,264
update 12: filled 0 / 3 () | working 3 / 3 (+BTCUSDT,+ETHUSDT,+XRPUSDT)
2023-08-15 18:33:15,265
+BTCUSDT: bp3.0|+ETHUSDT: bp2.0|+XRPUSDT: bp11.0|
2023-08-15 18:33:16,491
update 13: filled 0 / 3 () | working 3 / 3 (+BTCUSDT,+ETHUSDT,+XRPUSDT)
2023-08-15 18:33:20,492
+BTCUSDT: bp3.0|+ETHUSDT: bp2.0|+XRPUSDT: bp11.0|
2023-08-15 18:33:21,725
update 14: filled 0 / 3 () | working 3 / 3 (+BTCUSDT,+ETHUSDT,+XRPUSDT)
2023-08-15 18:33:25,726
+BTCUSDT: bp3.0|+ETHUSDT: bp2.0|+XRPUSDT: bp10.0|
2023-08-15 18:33:25,726
Adjustment limit #2 ... 
 we cancel current orders and replace
2023-08-15 18:33:25,726
@+/-1.25bp limit 
2023-08-15 18:33:25,726
binance_cancel_and_replace_orders_peg 20230815_183325
2023-08-15 18:33:27,587
binance_place_orders_peg 20230815_183327
2023-08-15 18:33:27,998
{'orderId': 180517940581, 'symbol': 'BTCUSDT', 'status': 'NEW', 'clientOrderId': 'Y8YkBLkX6tiQFWIBVIvw8N', 'price': '29326.20', 'avgPrice': '0.00', 'origQty': '0.002', 'executedQty': '0.000', 'cumQty': '0.000', 'cumQuote': '0.00000', 'timeInForce': 'GTC', 'type': 'LIMIT', 'reduceOnly': False, 'closePosition': False, 'side': 'BUY', 'positionSide': 'BOTH', 'stopPrice': '0.00', 'workingType': 'CONTRACT_PRICE', 'priceProtect': False, 'origType': 'LIMIT', 'updateTime': 1692124407892}
2023-08-15 18:33:28,412
{'orderId': 8389765612616027876, 'symbol': 'ETHUSDT', 'status': 'NEW', 'clientOrderId': 'Q0JuSbDaIwCjAlJ4mRF96V', 'price': '1840.28', 'avgPrice': '0.00', 'origQty': '0.026', 'executedQty': '0.000', 'cumQty': '0.000', 'cumQuote': '0.00000', 'timeInForce': 'GTC', 'type': 'LIMIT', 'reduceOnly': False, 'closePosition': False, 'side': 'BUY', 'positionSide': 'BOTH', 'stopPrice': '0.00', 'workingType': 'CONTRACT_PRICE', 'priceProtect': False, 'origType': 'LIMIT', 'updateTime': 1692124408306}
2023-08-15 18:33:28,826
{'orderId': 39438877738, 'symbol': 'XRPUSDT', 'status': 'NEW', 'clientOrderId': 'V3DgPjXg9qSWRvbnmaKFiq', 'price': '0.6219', 'avgPrice': '0.00', 'origQty': '77.9', 'executedQty': '0.0', 'cumQty': '0.0', 'cumQuote': '0.00000', 'timeInForce': 'GTC', 'type': 'LIMIT', 'reduceOnly': False, 'closePosition': False, 'side': 'BUY', 'positionSide': 'BOTH', 'stopPrice': '0.0000', 'workingType': 'CONTRACT_PRICE', 'priceProtect': False, 'origType': 'LIMIT', 'updateTime': 1692124408719}
2023-08-15 18:33:30,055
update 0: filled 0 / 3 () | working 3 / 3 (+BTCUSDT,+ETHUSDT,+XRPUSDT)
2023-08-15 18:33:34,056
+BTCUSDT: bp1.0|+ETHUSDT: bp1.0|+XRPUSDT: bp3.0|
2023-08-15 18:33:35,283
update 1: filled 0 / 3 () | working 3 / 3 (+BTCUSDT,+ETHUSDT,+XRPUSDT)
2023-08-15 18:33:39,283
+BTCUSDT: bp1.0|+ETHUSDT: bp1.0|+XRPUSDT: bp2.0|
2023-08-15 18:33:40,511
update 2: filled 0 / 3 () | working 3 / 3 (+BTCUSDT,+ETHUSDT,+XRPUSDT)
2023-08-15 18:33:44,511
+BTCUSDT: bp1.0|+ETHUSDT: bp1.0|+XRPUSDT: bp2.0|
2023-08-15 18:33:45,738
update 3: filled 1 / 3 (+XRPUSDT) | working 2 / 3 (+BTCUSDT,+ETHUSDT)
2023-08-15 18:33:49,739
+BTCUSDT: bp1.0|+ETHUSDT: bp1.0|
2023-08-15 18:33:50,966
update 4: filled 1 / 3 (+XRPUSDT) | working 2 / 3 (+BTCUSDT,+ETHUSDT)
2023-08-15 18:33:54,967
+BTCUSDT: bp1.0|+ETHUSDT: bp1.0|
2023-08-15 18:33:56,194
update 5: filled 1 / 3 (+XRPUSDT) | working 2 / 3 (+BTCUSDT,+ETHUSDT)
2023-08-15 18:34:00,195
+BTCUSDT: bp1.0|+ETHUSDT: bp1.0|
2023-08-15 18:34:01,422
update 6: filled 1 / 3 (+XRPUSDT) | working 2 / 3 (+BTCUSDT,+ETHUSDT)
2023-08-15 18:34:05,422
+BTCUSDT: bp1.0|+ETHUSDT: bp1.0|
2023-08-15 18:34:06,731
update 7: filled 1 / 3 (+XRPUSDT) | working 2 / 3 (+BTCUSDT,+ETHUSDT)
2023-08-15 18:34:10,731
+BTCUSDT: bp1.0|+ETHUSDT: bp1.0|
2023-08-15 18:34:11,961
update 8: filled 1 / 3 (+XRPUSDT) | working 2 / 3 (+BTCUSDT,+ETHUSDT)
2023-08-15 18:34:15,961
+BTCUSDT: bp1.0|+ETHUSDT: bp1.0|
2023-08-15 18:34:17,188
update 9: filled 1 / 3 (+XRPUSDT) | working 2 / 3 (+BTCUSDT,+ETHUSDT)
2023-08-15 18:34:21,189
+BTCUSDT: bp1.0|+ETHUSDT: bp1.0|
2023-08-15 18:34:22,422
update 10: filled 1 / 3 (+XRPUSDT) | working 2 / 3 (+BTCUSDT,+ETHUSDT)
2023-08-15 18:34:26,422
+BTCUSDT: bp1.0|+ETHUSDT: bp1.0|
2023-08-15 18:34:27,654
update 11: filled 1 / 3 (+XRPUSDT) | working 2 / 3 (+BTCUSDT,+ETHUSDT)
2023-08-15 18:34:31,654
+BTCUSDT: bp1.0|+ETHUSDT: bp1.0|
2023-08-15 18:34:32,881
update 12: filled 1 / 3 (+XRPUSDT) | working 2 / 3 (+BTCUSDT,+ETHUSDT)
2023-08-15 18:34:36,882
+BTCUSDT: bp1.0|+ETHUSDT: bp1.0|
2023-08-15 18:34:38,114
update 13: filled 1 / 3 (+XRPUSDT) | working 2 / 3 (+BTCUSDT,+ETHUSDT)
2023-08-15 18:34:42,115
+BTCUSDT: bp3.0|+ETHUSDT: bp2.0|
2023-08-15 18:34:43,349
update 14: filled 1 / 3 (+XRPUSDT) | working 2 / 3 (+BTCUSDT,+ETHUSDT)
2023-08-15 18:34:47,350
+BTCUSDT: bp3.0|+ETHUSDT: bp2.0|
2023-08-15 18:34:47,350
Adjustment limit #3 ... 
 we cancel current orders and replace
2023-08-15 18:34:47,350
@+/-0.625bp limit 
2023-08-15 18:34:47,350
binance_cancel_and_replace_orders_peg 20230815_183447
2023-08-15 18:34:49,199
binance_place_orders_peg 20230815_183449
2023-08-15 18:34:49,611
{'orderId': 180518201225, 'symbol': 'BTCUSDT', 'status': 'NEW', 'clientOrderId': '4J4aoTnl1Hz4YCkSGLvEhH', 'price': '29333.30', 'avgPrice': '0.00', 'origQty': '0.002', 'executedQty': '0.000', 'cumQty': '0.000', 'cumQuote': '0.00000', 'timeInForce': 'GTC', 'type': 'LIMIT', 'reduceOnly': False, 'closePosition': False, 'side': 'BUY', 'positionSide': 'BOTH', 'stopPrice': '0.00', 'workingType': 'CONTRACT_PRICE', 'priceProtect': False, 'origType': 'LIMIT', 'updateTime': 1692124489506}
2023-08-15 18:34:50,023
{'orderId': 8389765612616184696, 'symbol': 'ETHUSDT', 'status': 'NEW', 'clientOrderId': 'AelDi5ziUuYusWWQZspRxq', 'price': '1840.76', 'avgPrice': '0.00', 'origQty': '0.026', 'executedQty': '0.000', 'cumQty': '0.000', 'cumQuote': '0.00000', 'timeInForce': 'GTC', 'type': 'LIMIT', 'reduceOnly': False, 'closePosition': False, 'side': 'BUY', 'positionSide': 'BOTH', 'stopPrice': '0.00', 'workingType': 'CONTRACT_PRICE', 'priceProtect': False, 'origType': 'LIMIT', 'updateTime': 1692124489919}
2023-08-15 18:34:51,251
update 0: filled 1 / 3 (+XRPUSDT) | working 2 / 3 (+BTCUSDT,+ETHUSDT)
2023-08-15 18:34:55,251
+BTCUSDT: bp1.0|+ETHUSDT: bp1.0|
2023-08-15 18:34:56,478
update 1: filled 1 / 3 (+XRPUSDT) | working 2 / 3 (+BTCUSDT,+ETHUSDT)
2023-08-15 18:35:00,479
+BTCUSDT: bp1.0|+ETHUSDT: bp1.0|
2023-08-15 18:35:01,708
update 2: filled 1 / 3 (+XRPUSDT) | working 2 / 3 (+BTCUSDT,+ETHUSDT)
2023-08-15 18:35:05,709
+BTCUSDT: bp1.0|+ETHUSDT: bp1.0|
2023-08-15 18:35:06,956
update 3: filled 1 / 3 (+XRPUSDT) | working 2 / 3 (+BTCUSDT,+ETHUSDT)
2023-08-15 18:35:10,956
+BTCUSDT: bp2.0|+ETHUSDT: bp3.0|
2023-08-15 18:35:12,183
update 4: filled 1 / 3 (+XRPUSDT) | working 2 / 3 (+BTCUSDT,+ETHUSDT)
2023-08-15 18:35:16,184
+BTCUSDT: bp1.0|+ETHUSDT: bp3.0|
2023-08-15 18:35:17,410
update 5: filled 1 / 3 (+XRPUSDT) | working 2 / 3 (+BTCUSDT,+ETHUSDT)
2023-08-15 18:35:21,411
+BTCUSDT: bp0.0|+ETHUSDT: bp2.0|
2023-08-15 18:35:22,639
update 6: filled 2 / 3 (+XRPUSDT,+BTCUSDT) | working 1 / 3 (+ETHUSDT)
2023-08-15 18:35:26,640
+ETHUSDT: bp2.0|
2023-08-15 18:35:27,868
update 7: filled 2 / 3 (+XRPUSDT,+BTCUSDT) | working 1 / 3 (+ETHUSDT)
2023-08-15 18:35:31,869
+ETHUSDT: bp2.0|
2023-08-15 18:35:33,095
update 8: filled 2 / 3 (+XRPUSDT,+BTCUSDT) | working 1 / 3 (+ETHUSDT)
2023-08-15 18:35:37,096
+ETHUSDT: bp2.0|
2023-08-15 18:35:38,323
update 9: filled 2 / 3 (+XRPUSDT,+BTCUSDT) | working 1 / 3 (+ETHUSDT)
2023-08-15 18:35:42,323
+ETHUSDT: bp2.0|
2023-08-15 18:35:43,552
update 10: filled 2 / 3 (+XRPUSDT,+BTCUSDT) | working 1 / 3 (+ETHUSDT)
2023-08-15 18:35:47,553
+ETHUSDT: bp2.0|
2023-08-15 18:35:48,782
update 11: filled 2 / 3 (+XRPUSDT,+BTCUSDT) | working 1 / 3 (+ETHUSDT)
2023-08-15 18:35:52,783
+ETHUSDT: bp2.0|
2023-08-15 18:35:54,010
update 12: filled 2 / 3 (+XRPUSDT,+BTCUSDT) | working 1 / 3 (+ETHUSDT)
2023-08-15 18:35:58,011
+ETHUSDT: bp2.0|
2023-08-15 18:35:59,239
update 13: filled 2 / 3 (+XRPUSDT,+BTCUSDT) | working 1 / 3 (+ETHUSDT)
2023-08-15 18:36:03,239
+ETHUSDT: bp2.0|
2023-08-15 18:36:04,466
update 14: filled 2 / 3 (+XRPUSDT,+BTCUSDT) | working 1 / 3 (+ETHUSDT)
2023-08-15 18:36:08,467
+ETHUSDT: bp4.0|
2023-08-15 18:36:08,467
Adjustment limit #4 ... 
 we cancel current orders and replace
2023-08-15 18:36:08,467
@+/-0.3125bp limit 
2023-08-15 18:36:08,467
binance_cancel_and_replace_orders_peg 20230815_183608
2023-08-15 18:36:10,339
binance_place_orders_peg 20230815_183610
2023-08-15 18:36:10,751
{'orderId': 8389765612616371288, 'symbol': 'ETHUSDT', 'status': 'NEW', 'clientOrderId': 'Zhwonn7WOgroPOnhUmgPTW', 'price': '1841.60', 'avgPrice': '0.00', 'origQty': '0.026', 'executedQty': '0.000', 'cumQty': '0.000', 'cumQuote': '0.00000', 'timeInForce': 'GTC', 'type': 'LIMIT', 'reduceOnly': False, 'closePosition': False, 'side': 'BUY', 'positionSide': 'BOTH', 'stopPrice': '0.00', 'workingType': 'CONTRACT_PRICE', 'priceProtect': False, 'origType': 'LIMIT', 'updateTime': 1692124570645}
2023-08-15 18:36:11,980
update 0: filled 2 / 3 (+XRPUSDT,+BTCUSDT) | working 1 / 3 (+ETHUSDT)
2023-08-15 18:36:15,981
+ETHUSDT: bp0.0|
2023-08-15 18:36:17,210
update 1: filled 2 / 3 (+XRPUSDT,+BTCUSDT) | working 1 / 3 (+ETHUSDT)
2023-08-15 18:36:21,210
+ETHUSDT: bp0.0|
2023-08-15 18:36:22,437
update 2: filled 3 / 3 (+XRPUSDT,+BTCUSDT,+ETHUSDT) | working 0 / 3 ()
2023-08-15 18:36:29,128
Trades of the day
in$
as of: 15Aug 18:33>>18:36 (#trades: 3)
trade net: +155.0 (+53.4%), trade gross: +155.0 (+53.4%), BUY: +155.0 (+53.4%), SELL: +0.0 (+0.0%)
fees: $ 0.031 (2.0bp)
2023-08-15 18:36:29,757
Trades: 
Filled #3
______________________________________________
                   in$ | in bp 154 traded | in bp 290 AUMs
realizedPnl    +0      | +0      | +0     
PnLvsArrival   -0.12   | -8      | -4     
PnLvsLast      +0.09   | +6      | +3     
______________________________________________
                 | Value$ | PnL Arrival/Last 
______________________________________________
ETH:+0.026@1841.6 | +48$ | -0.04/-0
XRP:+77.9@0.6219 | +48$ | -0.06/0.08
BTC:+0.002@29333.3 | +59$ | -0.02/0.01
2023-08-15 18:36:30,267
***************************
Positions after orders
***************************
2023-08-15 18:36:30,267
      symbol  qty_ptf    execP  ...   updateTime   AUMs     w%
222  BTCUSDT    0.002  29333.3  ...  15Aug-18:35  290.3  0.202
111  XRPUSDT   77.900   0.6219  ...  15Aug-18:33  290.3  0.167
137  ETHUSDT    0.026   1841.6  ...  15Aug-18:36  290.3  0.165

[3 rows x 9 columns]
2023-08-15 18:36:30,274
***************************
2023-08-15 18:36:30,884
3 STOP orders will be placed
2023-08-15 18:36:30,884
@+/-500.0bp limit
2023-08-15 18:36:30,884
binance_place_orders_peg 20230815_183630
2023-08-15 18:36:31,293
{'orderId': 180518535343, 'symbol': 'BTCUSDT', 'status': 'NEW', 'clientOrderId': '0N5OkESD67hjijUFavqTzK', 'price': '0.00', 'avgPrice': '0.00', 'origQty': '0.002', 'executedQty': '0.000', 'cumQty': '0.000', 'cumQuote': '0.00000', 'timeInForce': 'GTC', 'type': 'STOP_MARKET', 'reduceOnly': False, 'closePosition': False, 'side': 'SELL', 'positionSide': 'BOTH', 'stopPrice': '27872.90', 'workingType': 'CONTRACT_PRICE', 'priceProtect': False, 'origType': 'STOP_MARKET', 'updateTime': 1692124591190}
2023-08-15 18:36:31,705
{'orderId': 39439024344, 'symbol': 'XRPUSDT', 'status': 'NEW', 'clientOrderId': 'DlmmnguwNha3aPj1kMfvGE', 'price': '0.0000', 'avgPrice': '0.00', 'origQty': '77.9', 'executedQty': '0.0', 'cumQty': '0.0', 'cumQuote': '0.00000', 'timeInForce': 'GTC', 'type': 'STOP_MARKET', 'reduceOnly': False, 'closePosition': False, 'side': 'SELL', 'positionSide': 'BOTH', 'stopPrice': '0.5917', 'workingType': 'CONTRACT_PRICE', 'priceProtect': False, 'origType': 'STOP_MARKET', 'updateTime': 1692124591599}
2023-08-15 18:36:32,116
{'orderId': 8389765612616396716, 'symbol': 'ETHUSDT', 'status': 'NEW', 'clientOrderId': '7swQuykeLbzW2ztFY4th8Q', 'price': '0.00', 'avgPrice': '0.00', 'origQty': '0.026', 'executedQty': '0.000', 'cumQty': '0.000', 'cumQuote': '0.00000', 'timeInForce': 'GTC', 'type': 'STOP_MARKET', 'reduceOnly': False, 'closePosition': False, 'side': 'SELL', 'positionSide': 'BOTH', 'stopPrice': '1749.50', 'workingType': 'CONTRACT_PRICE', 'priceProtect': False, 'origType': 'STOP_MARKET', 'updateTime': 1692124592011}
