2024-05-26 20:30:43,259
ON program started 20240526 20:30:43,
US time: 20240526 16:30:43
2024-05-26 20:30:44,248
the strat is currently running @ 26-05-2024 and the target positions is LONG
2024-05-26 20:30:45,652
CURRENT STATUS IS LONG
-----
return before 14h30:
BTCUSDT-0.22%, ETHUSDT+1.59%, XRPUSDT-1.46%
-----
target alloc initial:BTCUSDT+16.67%, ETHUSDT+16.67%, XRPUSDT+16.67%
-----
alloc target x rt%<0:BTCUSDT+16.67%, ETHUSDT+16.67%, XRPUSDT+16.67%
-----
           BTCUSDT ETHUSDT XRPUSDT
w_target     16.7%   16.7%   16.7%
rt_14h30    -0.00%   0.02%  -0.01%
w_target_f   16.7%   16.7%   16.7%
2024-05-26 20:30:45,653
Portfolio was rebalanced less than 2 hours ago, 1.0 hours ago
2024-05-26 20:30:45,655
Status: prev = LONG <> LONG = target
2024-05-26 20:30:45,655
the strat is currently running @ 26-05-2024 and the target positions is LONG
the strat was previously run @ 2024-05-26 19:30:56, success:yes 
   and the current positions is LONG
2024-05-26 20:30:46,861
positions_future #2
2024-05-26 20:30:46,862
      symbol  positionAmt entryPrice  ... adlQuantile AUMs_account        w%
167  ETHUSDT        0.013    3842.38  ...           1        289.9  0.173415
134  XRPUSDT       90.400     0.5313  ...           1        289.9  0.165276

[2 rows x 12 columns]
2024-05-26 20:30:46,950
programm stoppeddd!!! 20240526_203046
