2024-08-10 20:31:00,860
ON program started 20240810 20:31:00,
US time: 20240810 16:31:00
2024-08-10 20:31:01,898
the strat is currently running @ 10-08-2024 and the target positions is LONG
2024-08-10 20:31:03,212
CURRENT STATUS IS LONG
-----
return before 14h30:
BTCUSDT-0.67%, ETHUSDT+0.40%, XRPUSDT+2.33%
-----
target alloc initial:BTCUSDT+16.67%, ETHUSDT+16.67%, XRPUSDT+16.67%
-----
alloc target x rt%<0:BTCUSDT+16.67%, ETHUSDT+16.67%, XRPUSDT+16.67%
-----
           BTCUSDT ETHUSDT XRPUSDT
w_target     16.7%   16.7%   16.7%
rt_14h30    -0.01%   0.00%   0.02%
w_target_f   16.7%   16.7%   16.7%
2024-08-10 20:31:03,213
Portfolio was rebalanced less than 2 hours ago, 1.0 hours ago
2024-08-10 20:31:03,215
Status: prev = LONG <> LONG = target
2024-08-10 20:31:03,215
the strat is currently running @ 10-08-2024 and the target positions is LONG
the strat was previously run @ 2024-08-10 19:30:56, success:yes 
   and the current positions is LONG
2024-08-10 20:31:03,751
positions_future #2
2024-08-10 20:31:03,752
      symbol  positionAmt entryPrice  ... adlQuantile AUMs_account        w%
165  ETHUSDT         0.02     2607.7  ...           1        307.1  0.169046
130  XRPUSDT        86.30     0.5904  ...           2        307.1  0.166536

[2 rows x 12 columns]
2024-08-10 20:31:03,833
programm stoppeddd!!! 20240810_203103
