2024-07-23 23:30:33,593
ON program started 20240723 23:30:33,
US time: 20240723 19:30:33
2024-07-23 23:30:34,056
the strat is currently running @ 23-07-2024 and the target positions is SHORT
2024-07-23 23:30:35,365
CURRENT STATUS IS SHORT, WE CHECK IF THE DAY IS A NEGATIVE ONE
-----
return before 14h30:
BTCUSDT-2.13%, ETHUSDT+0.02%, XRPUSDT-2.76%
-----
target alloc initial:BTCUSDT-4.17%, ETHUSDT+0.00%, XRPUSDT-4.17%
-----
alloc target x rt%<0:BTCUSDT-4.17%, ETHUSDT+0.00%, XRPUSDT-4.17%
-----
           BTCUSDT ETHUSDT XRPUSDT
w_target     -4.2%    0.0%   -4.2%
rt_14h30    -0.02%   0.00%  -0.03%
w_target_f   -4.2%    0.0%   -4.2%
2024-07-23 23:30:35,366
Portfolio was rebalanced less than 2 hours ago, 1.0 hours ago
2024-07-23 23:30:35,367
Status: prev = SHORT <> SHORT = target
2024-07-23 23:30:35,368
the strat is currently running @ 23-07-2024 and the target positions is SHORT
the strat was previously run @ 2024-07-23 22:30:35, success:? 
   and the current positions is SHORT
2024-07-23 23:30:36,493
positions_future #1
2024-07-23 23:30:36,494
      symbol  positionAmt entryPrice  ... adlQuantile AUMs_account        w%
131  XRPUSDT        -20.1     0.5944  ...           1        294.3 -0.040697

[1 rows x 12 columns]
2024-07-23 23:30:36,719
------------------------------
binance_account_balance
2024-07-23 23:30:36,720
  asset     balance  ...  marginAvailable   updateTime
4  USDT  294.342505  ...             True  23Jul-22:32

[1 rows x 8 columns]
2024-07-23 23:30:37,142
------------------------------
open_orders
2024-07-23 23:30:37,142
Empty DataFrame
Columns: []
Index: []
2024-07-23 23:30:37,757
------------------------------
AUMS account:294

2024-07-23 23:30:37,758
--------------- compute_futures_order_book() ----------------
2024-07-23 23:30:39,213
----------------------------------------------------------------------
#0 order(s) to place
gross$: 0$ | net$: +0$
gross%: 0% | net%: +0%
 || w>0%  +0% | w<0%  0%
----------------------------------------------------------------------
PTF Expo% -4.0% >> -8.3% (current>>target)
PTF expo $-12.0 >> $-24 (current>>target)
----------------------------------------------------------------------
2024-07-23 23:30:39,215
orders_ofthe_day
2024-07-23 23:30:39,215
Empty DataFrame
Columns: [ptf_usd, target_usd, totrd_usd, posttrd_usd, qty, posttrd_qty, posttrd_w, bid, ask, strategy]
Index: []
2024-07-23 23:30:39,277
Orders of the day is empty, current and target potfolios are aligned
2024-07-23 23:30:39,277
Program stopped
