2024-09-04 01:30:31,212
ON program started 20240904 01:30:31,
US time: 20240903 21:30:31
2024-09-04 01:30:32,182
the strat is currently running @ 04-09-2024 and the target positions is SHORT
2024-09-04 01:30:33,577
CURRENT STATUS IS SHORT, WE CHECK IF THE DAY IS A NEGATIVE ONE
-----
return before 14h30:
BTCUSDT-1.86%, ETHUSDT-2.99%, XRPUSDT-1.74%
-----
target alloc initial:BTCUSDT-4.17%, ETHUSDT+0.00%, XRPUSDT-4.17%
-----
alloc target x rt%<0:BTCUSDT-4.17%, ETHUSDT+0.00%, XRPUSDT-4.17%
-----
           BTCUSDT ETHUSDT XRPUSDT
w_target     -4.2%    0.0%   -4.2%
rt_14h30    -0.02%  -0.03%  -0.02%
w_target_f   -4.2%    0.0%   -4.2%
2024-09-04 01:30:33,578
Portfolio was rebalanced less than 2 hours ago, 1.0 hours ago
2024-09-04 01:30:33,580
Status: prev = SHORT <> SHORT = target
2024-09-04 01:30:33,580
the strat is currently running @ 04-09-2024 and the target positions is SHORT
the strat was previously run @ 2024-09-04 00:30:57, success:yes 
   and the current positions is SHORT
2024-09-04 01:30:34,140
positions_future #1
2024-09-04 01:30:34,140
      symbol  positionAmt entryPrice  ... adlQuantile AUMs_account       w%
137  XRPUSDT        -20.7     0.5649  ...           2        295.9 -0.03826

[1 rows x 12 columns]
2024-09-04 01:30:34,220
programm stoppeddd!!! 20240904_013034
