2024-05-17 03:31:01,524
ON program started 20240517 03:31:01,
US time: 20240516 23:31:01
2024-05-17 03:31:02,435
the strat is currently running @ 17-05-2024 and the target positions is NEUTRAL
2024-05-17 03:31:03,831
CURRENT STATUS IS NEUTRAL
-----
return before 14h30:
BTCUSDT+0.61%, ETHUSDT+0.25%, XRPUSDT+0.27%
-----
target alloc initial:BTCUSDT+0.00%, ETHUSDT+0.00%, XRPUSDT+0.00%
-----
alloc target x rt%<0:BTCUSDT+0.00%, ETHUSDT+0.00%, XRPUSDT+0.00%
-----
           BTCUSDT ETHUSDT XRPUSDT
w_target      0.0%    0.0%    0.0%
rt_14h30     0.01%   0.00%   0.00%
w_target_f    0.0%    0.0%    0.0%
2024-05-17 03:31:03,832
Portfolio was rebalanced less than 2 hours ago, 1.0 hours ago
2024-05-17 03:31:03,834
Status: prev = NEUTRAL <> NEUTRAL = target
2024-05-17 03:31:03,834
the strat is currently running @ 17-05-2024 and the target positions is NEUTRAL
the strat was previously run @ 2024-05-17 02:31:11, success:? 
   and the current positions is NEUTRAL
2024-05-17 03:31:05,061
positions_future #0
2024-05-17 03:31:05,061
Empty DataFrame
Columns: [symbol, positionAmt, entryPrice, breakEvenPrice, markPrice, unRealizedProfit, value_usd, updateTime, isolated, adlQuantile, AUMs_account, w%]
Index: []
2024-05-17 03:31:05,285
------------------------------
binance_account_balance
2024-05-17 03:31:05,285
  asset     balance  ...  marginAvailable   updateTime
6  USDT  279.007894  ...             True  17May-02:35

[1 rows x 8 columns]
2024-05-17 03:31:05,520
------------------------------
open_orders
2024-05-17 03:31:05,520
Empty DataFrame
Columns: []
Index: []
2024-05-17 03:31:06,188
------------------------------
AUMS account:279

2024-05-17 03:31:06,190
--------------- compute_futures_order_book() ----------------
2024-05-17 03:31:07,749
----------------------------------------------------------------------
#0 order(s) to place
gross$: 0$ | net$: +0$
gross%: 0% | net%: +0%
 || w>0%  +0% | w<0%  0%
----------------------------------------------------------------------
PTF Expo% 0.0% >> 0.0% (current>>target)
PTF expo $0.0 >> $0 (current>>target)
----------------------------------------------------------------------
2024-05-17 03:31:07,751
orders_ofthe_day
2024-05-17 03:31:07,751
Empty DataFrame
Columns: [ptf_usd, target_usd, totrd_usd, posttrd_usd, qty, posttrd_qty, posttrd_w, bid, ask, strategy]
Index: []
2024-05-17 03:31:07,812
Orders of the day is empty, current and target potfolios are aligned
2024-05-17 03:31:07,812
Program stopped
