2024-09-23 23:30:50,606
ON program started 20240923 23:30:50,
US time: 20240923 19:30:50
2024-09-23 23:30:51,129
the strat is currently running @ 23-09-2024 and the target positions is SHORT
2024-09-23 23:30:52,523
CURRENT STATUS IS SHORT, WE CHECK IF THE DAY IS A NEGATIVE ONE
-----
return before 14h30:
BTCUSDT-0.62%, ETHUSDT+2.42%, XRPUSDT-0.15%
-----
target alloc initial:BTCUSDT-4.17%, ETHUSDT+0.00%, XRPUSDT-4.17%
-----
alloc target x rt%<0:BTCUSDT-4.17%, ETHUSDT+0.00%, XRPUSDT-4.17%
-----
           BTCUSDT ETHUSDT XRPUSDT
w_target     -4.2%    0.0%   -4.2%
rt_14h30    -0.01%   0.02%  -0.00%
w_target_f   -4.2%    0.0%   -4.2%
2024-09-23 23:30:52,524
Portfolio was rebalanced less than 2 hours ago, 1.0 hours ago
2024-09-23 23:30:52,527
Status: prev = SHORT <> SHORT = target
2024-09-23 23:30:52,527
the strat is currently running @ 23-09-2024 and the target positions is SHORT
the strat was previously run @ 2024-09-23 22:30:48, success:? 
   and the current positions is SHORT
2024-09-23 23:30:53,103
positions_future #1
2024-09-23 23:30:53,103
      symbol  positionAmt entryPrice  ... adlQuantile AUMs_account        w%
180  ETHUSDT        0.018    2671.25  ...           1        294.2  0.161614

[1 rows x 12 columns]
2024-09-23 23:30:53,345
------------------------------
binance_account_balance
2024-09-23 23:30:53,345
  asset     balance  ...  marginAvailable   updateTime
4  USDT  294.703223  ...             True  23Sep-19:31

[1 rows x 8 columns]
2024-09-23 23:30:53,807
------------------------------
open_orders
2024-09-23 23:30:53,807
Empty DataFrame
Columns: []
Index: []
2024-09-23 23:30:55,113
------------------------------
AUMS account:294

2024-09-23 23:30:55,115
--------------- compute_futures_order_book() ----------------
2024-09-23 23:30:58,183
----------------------------------------------------------------------
#2 order(s) to place
gross$: 60$ | net$: -60$
gross%: 20% | net%: -20%
 || w>0%  +0% | w<0%  -20%
----------------------------------------------------------------------
PTF Expo% 16.3% >> -8.3% (current>>target)
PTF expo $48.0 >> $-24 (current>>target)
----------------------------------------------------------------------
2024-09-23 23:30:58,185
orders_ofthe_day
2024-09-23 23:30:58,185
                  ptf_usd  target_usd  totrd_usd  ...        bid        ask strategy
2024-09-23 23:30                                  ...                               
ETHUSDT              48.0        0.00      -48.0  ...  2641.0900  2641.1000  STRATON
XRPUSDT               0.0      -12.27      -12.0  ...     0.5845     0.5846  STRATON

[2 rows x 10 columns]
2024-09-23 23:31:00,138
binance_place_orders_peg 20240923_233100
2024-09-23 23:31:00,582
{'orderId': 8389765736839179500, 'symbol': 'ETHUSDT', 'status': 'NEW', 'clientOrderId': 'STRATON', 'price': '2642.90', 'avgPrice': '0.00', 'origQty': '0.018', 'executedQty': '0.000', 'cumQty': '0.000', 'cumQuote': '0.00000', 'timeInForce': 'GTC', 'type': 'LIMIT', 'reduceOnly': True, 'closePosition': False, 'side': 'SELL', 'positionSide': 'BOTH', 'stopPrice': '0.00', 'workingType': 'CONTRACT_PRICE', 'priceProtect': False, 'origType': 'LIMIT', 'priceMatch': 'NONE', 'selfTradePreventionMode': 'NONE', 'goodTillDate': 0, 'updateTime': 1727134260472}
2024-09-23 23:31:01,028
{'orderId': 66214452001, 'symbol': 'XRPUSDT', 'status': 'NEW', 'clientOrderId': 'STRATON', 'price': '0.5849', 'avgPrice': '0.00', 'origQty': '20.5', 'executedQty': '0.0', 'cumQty': '0.0', 'cumQuote': '0.00000', 'timeInForce': 'GTC', 'type': 'LIMIT', 'reduceOnly': False, 'closePosition': False, 'side': 'SELL', 'positionSide': 'BOTH', 'stopPrice': '0.0000', 'workingType': 'CONTRACT_PRICE', 'priceProtect': False, 'origType': 'LIMIT', 'priceMatch': 'NONE', 'selfTradePreventionMode': 'NONE', 'goodTillDate': 0, 'updateTime': 1727134260916}
2024-09-23 23:31:01,972
update 0: filled 0 / 2 () | working 2 / 2 (-ETHUSDT,-XRPUSDT)
2024-09-23 23:31:05,973
-ETHUSDT: bp7.0|-XRPUSDT: bp7.0|
2024-09-23 23:31:06,862
update 1: filled 0 / 2 () | working 2 / 2 (-ETHUSDT,-XRPUSDT)
2024-09-23 23:31:10,863
-ETHUSDT: bp7.0|-XRPUSDT: bp7.0|
2024-09-23 23:31:11,752
update 2: filled 1 / 2 (-ETHUSDT) | working 1 / 2 (-XRPUSDT)
2024-09-23 23:31:15,753
-XRPUSDT: bp5.0|
2024-09-23 23:31:16,644
update 3: filled 1 / 2 (-ETHUSDT) | working 1 / 2 (-XRPUSDT)
2024-09-23 23:31:20,644
-XRPUSDT: bp3.0|
2024-09-23 23:31:21,535
update 4: filled 1 / 2 (-ETHUSDT) | working 1 / 2 (-XRPUSDT)
2024-09-23 23:31:25,536
-XRPUSDT: bp5.0|
2024-09-23 23:31:26,418
update 5: filled 1 / 2 (-ETHUSDT) | working 1 / 2 (-XRPUSDT)
2024-09-23 23:31:30,419
-XRPUSDT: bp3.0|
2024-09-23 23:31:31,309
update 6: filled 1 / 2 (-ETHUSDT) | working 1 / 2 (-XRPUSDT)
2024-09-23 23:31:35,310
-XRPUSDT: bp5.0|
2024-09-23 23:31:36,195
update 7: filled 1 / 2 (-ETHUSDT) | working 1 / 2 (-XRPUSDT)
2024-09-23 23:31:40,196
-XRPUSDT: bp3.0|
2024-09-23 23:31:41,088
update 8: filled 1 / 2 (-ETHUSDT) | working 1 / 2 (-XRPUSDT)
2024-09-23 23:31:45,088
-XRPUSDT: bp2.0|
2024-09-23 23:31:45,977
update 9: filled 1 / 2 (-ETHUSDT) | working 1 / 2 (-XRPUSDT)
2024-09-23 23:31:49,978
-XRPUSDT: bp2.0|
2024-09-23 23:31:50,867
update 10: filled 1 / 2 (-ETHUSDT) | working 1 / 2 (-XRPUSDT)
2024-09-23 23:31:54,868
-XRPUSDT: bp3.0|
2024-09-23 23:31:55,757
update 11: filled 1 / 2 (-ETHUSDT) | working 1 / 2 (-XRPUSDT)
2024-09-23 23:31:59,758
-XRPUSDT: bp2.0|
2024-09-23 23:32:00,647
update 12: filled 1 / 2 (-ETHUSDT) | working 1 / 2 (-XRPUSDT)
2024-09-23 23:32:04,648
-XRPUSDT: bp2.0|
2024-09-23 23:32:05,532
update 13: filled 1 / 2 (-ETHUSDT) | working 1 / 2 (-XRPUSDT)
2024-09-23 23:32:09,533
-XRPUSDT: bp3.0|
2024-09-23 23:32:10,420
update 14: filled 2 / 2 (-ETHUSDT,-XRPUSDT) | working 0 / 2 ()
2024-09-23 23:32:18,170
Trades of the day
in$
as of: 23Sep 23:31>>23:32 (#trades: 2)
trade net: -60.0 (-20.4%), trade gross: +60.0 (+20.4%), BUY: +0.0 (+0.0%), SELL: -60.0 (-20.4%)
fees: $ 0.012 (2.0bp)
2024-09-23 23:32:18,628
Trades: 
Filled #2
______________________________________________
                   in$ | in bp 59 traded | in bp 294 AUMs
realizedPnl    -0.51   | -86     | -17    
PnLvsArrival   +0.04   | +7      | +1     
PnLvsLast      -0.04   | -7      | -1     
______________________________________________
                 | Value$ | PnL Arrival/Last 
______________________________________________
ETH:-0.018@2642.9 | -48$ | 0.03/-0.04
XRP:-20.5@0.5849 | -12$ | 0.01/-0
