2024-04-12 21:30:47,664
ON program started 20240412 21:30:47,
US time: 20240412 17:30:47
2024-04-12 21:30:48,918
the strat is currently running @ 12-04-2024 and the target positions is LONG
2024-04-12 21:30:50,308
CURRENT STATUS IS LONG
-----
return before 14h30:
BTCUSDT-0.17%, ETHUSDT-1.11%, XRPUSDT-2.04%
-----
target alloc initial:BTCUSDT+16.67%, ETHUSDT+16.67%, XRPUSDT+16.67%
-----
alloc target x rt%<0:BTCUSDT+16.67%, ETHUSDT+16.67%, XRPUSDT+16.67%
-----
           BTCUSDT ETHUSDT XRPUSDT
w_target     16.7%   16.7%   16.7%
rt_14h30    -0.00%  -0.01%  -0.02%
w_target_f   16.7%   16.7%   16.7%
2024-04-12 21:30:50,310
Portfolio was rebalanced less than 2 hours ago, 1.0 hours ago
2024-04-12 21:30:50,311
Status: prev = LONG <> LONG = target
2024-04-12 21:30:50,312
the strat is currently running @ 12-04-2024 and the target positions is LONG
the strat was previously run @ 2024-04-12 20:31:04, success:yes 
   and the current positions is LONG
2024-04-12 21:30:51,507
positions_future #2
2024-04-12 21:30:51,507
      symbol  positionAmt entryPrice  ... adlQuantile AUMs_account        w%
161  ETHUSDT        0.015    3299.47  ...           1        286.7  0.168521
128  XRPUSDT       84.500     0.5677  ...           1        286.7  0.161599

[2 rows x 12 columns]
2024-04-12 21:30:51,588
programm stoppeddd!!! 20240412_213051
