2024-10-04 01:30:47,005
ON program started 20241004 01:30:46,
US time: 20241003 21:30:47
2024-10-04 01:30:47,454
the strat is currently running @ 04-10-2024 and the target positions is SHORT
2024-10-04 01:30:48,833
CURRENT STATUS IS SHORT, WE CHECK IF THE DAY IS A NEGATIVE ONE
-----
return before 14h30:
BTCUSDT+0.53%, ETHUSDT+0.95%, XRPUSDT+0.10%
-----
target alloc initial:BTCUSDT-4.17%, ETHUSDT+0.00%, XRPUSDT-4.17%
-----
alloc target x rt%<0:BTCUSDT-0.00%, ETHUSDT+0.00%, XRPUSDT-0.00%
-----
           BTCUSDT ETHUSDT XRPUSDT
w_target     -4.2%    0.0%   -4.2%
rt_14h30     0.01%   0.01%   0.00%
w_target_f   -0.0%    0.0%   -0.0%
2024-10-04 01:30:48,834
Portfolio was rebalanced less than 2 hours ago, 1.0 hours ago
2024-10-04 01:30:48,836
Status: prev = SHORT <> SHORT = target
2024-10-04 01:30:48,836
the strat is currently running @ 04-10-2024 and the target positions is SHORT
the strat was previously run @ 2024-10-04 00:30:50, success:yes 
   and the current positions is SHORT
2024-10-04 01:30:50,022
positions_future #1
2024-10-04 01:30:50,022
      symbol  positionAmt entryPrice  ... adlQuantile AUMs_account       w%
147  XRPUSDT        -23.0     0.5223  ...           0        286.6 -0.04192

[1 rows x 12 columns]
2024-10-04 01:30:50,099
programm stoppeddd!!! 20241004_013050
