2024-01-10 22:31:04,405
ON program started 20240110 22:31:04,
US time: 20240110 17:31:04
2024-01-10 22:31:05,451
the strat is currently running @ 10-01-2024 and the target positions is LONG
2024-01-10 22:31:06,874
CURRENT STATUS IS LONG
-----
return before 14h30:
BTCUSDT+1.23%, ETHUSDT+2.30%, XRPUSDT+0.63%
-----
target alloc initial:BTCUSDT+16.67%, ETHUSDT+16.67%, XRPUSDT+16.67%
-----
alloc target x rt%<0:BTCUSDT+16.67%, ETHUSDT+16.67%, XRPUSDT+16.67%
-----
           BTCUSDT ETHUSDT XRPUSDT
w_target     16.7%   16.7%   16.7%
rt_14h30     0.01%   0.02%   0.01%
w_target_f   16.7%   16.7%   16.7%
2024-01-10 22:31:06,876
Portfolio was rebalanced less than 2 hours ago, 1.0 hours ago
2024-01-10 22:31:06,879
Status: prev = LONG <> LONG = target
2024-01-10 22:31:06,879
the strat is currently running @ 10-01-2024 and the target positions is LONG
the strat was previously run @ 2024-01-10 21:31:03 UTC, success:yes 
   and the current positions is LONG
2024-01-10 22:31:08,107
positions_future #2
2024-01-10 22:31:08,107
      symbol  positionAmt entryPrice  ... adlQuantile AUMs_account        w%
141  ETHUSDT         0.02     2468.7  ...           2        293.1  0.173671
113  XRPUSDT        82.90      0.579  ...           2        293.1  0.173118

[2 rows x 12 columns]
2024-01-10 22:31:08,220
programm stoppeddd!!! 20240110_223108
