2024-02-28 21:30:31,865
ON program started 20240228 21:30:31,
US time: 20240228 16:30:31
2024-02-28 21:30:32,345
the strat is currently running @ 28-02-2024 and the target positions is LONG
2024-02-28 21:30:33,752
CURRENT STATUS IS LONG
-----
return before 14h30:
BTCUSDT+5.99%, ETHUSDT+3.47%, XRPUSDT+0.19%
-----
target alloc initial:BTCUSDT+16.67%, ETHUSDT+16.67%, XRPUSDT+16.67%
-----
alloc target x rt%<0:BTCUSDT+16.67%, ETHUSDT+16.67%, XRPUSDT+16.67%
-----
           BTCUSDT ETHUSDT XRPUSDT
w_target     16.7%   16.7%   16.7%
rt_14h30     0.06%   0.03%   0.00%
w_target_f   16.7%   16.7%   16.7%
2024-02-28 21:30:33,753
Portfolio was rebalanced less than 2 hours ago, 1.0 hours ago
2024-02-28 21:30:33,754
Status: prev = LONG <> LONG = target
2024-02-28 21:30:33,754
the strat is currently running @ 28-02-2024 and the target positions is LONG
the strat was previously run @ 2024-02-28 20:31:08, success:yes 
   and the current positions is LONG
2024-02-28 21:30:34,955
positions_future #2
2024-02-28 21:30:34,955
      symbol  positionAmt entryPrice  ... adlQuantile AUMs_account        w%
152  ETHUSDT        0.015    3319.22  ...           1        293.9  0.169463
122  XRPUSDT       86.500     0.5659  ...           2        293.9  0.168349

[2 rows x 12 columns]
2024-02-28 21:30:35,035
programm stoppeddd!!! 20240228_213035
