2023-08-22 18:30:34,879
ON program started 20230822 18:30:34,
US time: 20230822 14:30:34
2023-08-22 18:30:35,340
the strat is currently running @ 22-08-2023 and the target positions is LONG
2023-08-22 18:30:36,742
CURRENT STATUS IS LONG
-----
return before 14h30:
BTCUSDT-0.86%, ETHUSDT-2.28%, XRPUSDT-2.26%
-----
target alloc initial:BTCUSDT+16.67%, ETHUSDT+16.67%, XRPUSDT+16.67%
-----
alloc target x rt%<0:BTCUSDT+16.67%, ETHUSDT+16.67%, XRPUSDT+16.67%
-----
           BTCUSDT ETHUSDT XRPUSDT
w_target     16.7%   16.7%   16.7%
rt_14h30    -0.01%  -0.02%  -0.02%
w_target_f   16.7%   16.7%   16.7%
2023-08-22 18:30:36,743
Portfolio was rebalanced less than 2 hours ago, 15.0 hours ago
2023-08-22 18:30:36,746
Status: prev = LONG <> NEUTRAL = target
2023-08-22 18:30:36,746
the strat is currently running @ 22-08-2023 and the target positions is LONG
the strat was previously run @ 2023-08-22 03:31:00 UTC, success:yes 
   and the current positions is NEUTRAL
2023-08-22 18:30:37,897
positions_future #0
2023-08-22 18:30:37,897
Empty DataFrame
Columns: [symbol, positionAmt, entryPrice, markPrice, unRealizedProfit, value_usd, updateTime, AUMs_account, w%]
Index: []
2023-08-22 18:30:38,119
------------------------------
binance_account_balance
2023-08-22 18:30:38,119
  asset     balance  ... marginAvailable   updateTime
5  USDT  276.840423  ...            True  22Aug-02:31

[1 rows x 8 columns]
2023-08-22 18:30:38,349
------------------------------
open_orders
2023-08-22 18:30:38,349
Empty DataFrame
Columns: []
Index: []
2023-08-22 18:30:38,997
------------------------------
AUMS account:276

2023-08-22 18:30:38,999
--------------- compute_futures_order_book() ----------------
2023-08-22 18:30:40,541
----------------------------------------------------------------------
#3 order(s) to place
gross$: 144$ | net$: +144$
gross%: 52% | net%: +52%
 || w>0%  +52% | w<0%  0%
----------------------------------------------------------------------
PTF Expo% 0.0% >> 50.0% (current>>target)
PTF expo $0.0 >> $138 (current>>target)
----------------------------------------------------------------------
2023-08-22 18:30:40,542
orders_ofthe_day
2023-08-22 18:30:40,542
                  ptf_usd  target_usd  ...         bid         ask
2023-08-22 18:30                       ...                        
BTCUSDT               0.0       46.15  ...  25850.8000  25850.9000
ETHUSDT               0.0       46.15  ...   1627.3500   1627.3600
XRPUSDT               0.0       46.15  ...      0.5096      0.5097

[3 rows x 9 columns]
2023-08-22 18:30:42,521
binance_place_orders_peg 20230822_183042
2023-08-22 18:30:42,958
{'orderId': 182899772161, 'symbol': 'BTCUSDT', 'status': 'NEW', 'clientOrderId': 'VIQPGwtF7iPd3NYZ1fhamM', 'price': '25837.90', 'avgPrice': '0.00', 'origQty': '0.002', 'executedQty': '0.000', 'cumQty': '0.000', 'cumQuote': '0.00000', 'timeInForce': 'GTC', 'type': 'LIMIT', 'reduceOnly': False, 'closePosition': False, 'side': 'BUY', 'positionSide': 'BOTH', 'stopPrice': '0.00', 'workingType': 'CONTRACT_PRICE', 'priceProtect': False, 'origType': 'LIMIT', 'updateTime': 1692729042846}
2023-08-22 18:30:43,394
{'orderId': 8389765613716379556, 'symbol': 'ETHUSDT', 'status': 'NEW', 'clientOrderId': 'nCCz0u8v4uuz5xoqhkt8ri', 'price': '1626.54', 'avgPrice': '0.00', 'origQty': '0.028', 'executedQty': '0.000', 'cumQty': '0.000', 'cumQuote': '0.00000', 'timeInForce': 'GTC', 'type': 'LIMIT', 'reduceOnly': False, 'closePosition': False, 'side': 'BUY', 'positionSide': 'BOTH', 'stopPrice': '0.00', 'workingType': 'CONTRACT_PRICE', 'priceProtect': False, 'origType': 'LIMIT', 'updateTime': 1692729043282}
2023-08-22 18:30:43,829
{'orderId': 39949688218, 'symbol': 'XRPUSDT', 'status': 'NEW', 'clientOrderId': 'ZbcPOCxZqhHIC34AuWJNr2', 'price': '0.5093', 'avgPrice': '0.00', 'origQty': '90.6', 'executedQty': '0.0', 'cumQty': '0.0', 'cumQuote': '0.00000', 'timeInForce': 'GTC', 'type': 'LIMIT', 'reduceOnly': False, 'closePosition': False, 'side': 'BUY', 'positionSide': 'BOTH', 'stopPrice': '0.0000', 'workingType': 'CONTRACT_PRICE', 'priceProtect': False, 'origType': 'LIMIT', 'updateTime': 1692729043719}
2023-08-22 18:30:45,857
update 0: filled 0 / 3 () | working 3 / 3 (+BTCUSDT,+ETHUSDT,+XRPUSDT)
2023-08-22 18:30:49,858
+BTCUSDT: bp4.0|+ETHUSDT: bp4.0|+XRPUSDT: bp6.0|
2023-08-22 18:30:51,171
update 1: filled 0 / 3 () | working 3 / 3 (+BTCUSDT,+ETHUSDT,+XRPUSDT)
2023-08-22 18:30:55,172
+BTCUSDT: bp2.0|+ETHUSDT: bp1.0|+XRPUSDT: bp6.0|
2023-08-22 18:30:56,483
update 2: filled 0 / 3 () | working 3 / 3 (+BTCUSDT,+ETHUSDT,+XRPUSDT)
2023-08-22 18:31:00,484
+BTCUSDT: bp2.0|+ETHUSDT: bp1.0|+XRPUSDT: bp4.0|
2023-08-22 18:31:01,791
update 3: filled 0 / 3 () | working 3 / 3 (+BTCUSDT,+ETHUSDT,+XRPUSDT)
2023-08-22 18:31:05,792
+BTCUSDT: bp2.0|+ETHUSDT: bp1.0|+XRPUSDT: bp2.0|
2023-08-22 18:31:07,140
update 4: filled 0 / 3 () | working 3 / 3 (+BTCUSDT,+ETHUSDT,+XRPUSDT)
2023-08-22 18:31:11,141
+BTCUSDT: bp2.0|+ETHUSDT: bp1.0|+XRPUSDT: bp4.0|
2023-08-22 18:31:12,449
update 5: filled 0 / 3 () | working 3 / 3 (+BTCUSDT,+ETHUSDT,+XRPUSDT)
2023-08-22 18:31:16,450
+BTCUSDT: bp2.0|+ETHUSDT: bp2.0|+XRPUSDT: bp2.0|
2023-08-22 18:31:17,766
update 6: filled 0 / 3 () | working 3 / 3 (+BTCUSDT,+ETHUSDT,+XRPUSDT)
2023-08-22 18:31:21,767
+BTCUSDT: bp2.0|+ETHUSDT: bp2.0|+XRPUSDT: bp2.0|
2023-08-22 18:31:23,075
update 7: filled 0 / 3 () | working 3 / 3 (+BTCUSDT,+ETHUSDT,+XRPUSDT)
2023-08-22 18:31:27,076
+BTCUSDT: bp1.0|+ETHUSDT: bp1.0|+XRPUSDT: bp4.0|
2023-08-22 18:31:28,392
update 8: filled 2 / 3 (+BTCUSDT,+ETHUSDT) | working 1 / 3 (+XRPUSDT)
2023-08-22 18:31:32,392
+XRPUSDT: bp8.0|
2023-08-22 18:31:33,702
update 9: filled 2 / 3 (+BTCUSDT,+ETHUSDT) | working 1 / 3 (+XRPUSDT)
2023-08-22 18:31:37,702
+XRPUSDT: bp16.0|
2023-08-22 18:31:39,016
update 10: filled 2 / 3 (+BTCUSDT,+ETHUSDT) | working 1 / 3 (+XRPUSDT)
2023-08-22 18:31:43,016
+XRPUSDT: bp16.0|
2023-08-22 18:31:44,328
update 11: filled 2 / 3 (+BTCUSDT,+ETHUSDT) | working 1 / 3 (+XRPUSDT)
2023-08-22 18:31:48,328
+XRPUSDT: bp16.0|
2023-08-22 18:31:49,637
update 12: filled 2 / 3 (+BTCUSDT,+ETHUSDT) | working 1 / 3 (+XRPUSDT)
2023-08-22 18:31:53,638
+XRPUSDT: bp18.0|
2023-08-22 18:31:54,957
update 13: filled 2 / 3 (+BTCUSDT,+ETHUSDT) | working 1 / 3 (+XRPUSDT)
2023-08-22 18:31:58,959
+XRPUSDT: bp20.0|
2023-08-22 18:32:00,275
update 14: filled 2 / 3 (+BTCUSDT,+ETHUSDT) | working 1 / 3 (+XRPUSDT)
2023-08-22 18:32:04,276
+XRPUSDT: bp16.0|
2023-08-22 18:32:04,276
Adjustment limit #1 ... 
 we cancel current orders and replace
2023-08-22 18:32:04,276
@+/-2.5bp limit 
2023-08-22 18:32:04,276
binance_cancel_and_replace_orders_peg 20230822_183204
2023-08-22 18:32:06,349
binance_place_orders_peg 20230822_183206
2023-08-22 18:32:06,788
{'orderId': 39949765484, 'symbol': 'XRPUSDT', 'status': 'NEW', 'clientOrderId': 'ZSWhc4s5iUg1gUKlT9jlnP', 'price': '0.5101', 'avgPrice': '0.00', 'origQty': '90.6', 'executedQty': '0.0', 'cumQty': '0.0', 'cumQuote': '0.00000', 'timeInForce': 'GTC', 'type': 'LIMIT', 'reduceOnly': False, 'closePosition': False, 'side': 'BUY', 'positionSide': 'BOTH', 'stopPrice': '0.0000', 'workingType': 'CONTRACT_PRICE', 'priceProtect': False, 'origType': 'LIMIT', 'updateTime': 1692729126675}
2023-08-22 18:32:08,105
update 0: filled 2 / 3 (+BTCUSDT,+ETHUSDT) | working 1 / 3 (+XRPUSDT)
2023-08-22 18:32:12,106
+XRPUSDT: bp4.0|
2023-08-22 18:32:13,434
update 1: filled 2 / 3 (+BTCUSDT,+ETHUSDT) | working 1 / 3 (+XRPUSDT)
2023-08-22 18:32:17,434
+XRPUSDT: bp-0.0|
2023-08-22 18:32:18,743
update 2: filled 2 / 3 (+BTCUSDT,+ETHUSDT) | working 1 / 3 (+XRPUSDT)
2023-08-22 18:32:22,744
+XRPUSDT: bp2.0|
2023-08-22 18:32:24,061
update 3: filled 2 / 3 (+BTCUSDT,+ETHUSDT) | working 1 / 3 (+XRPUSDT)
2023-08-22 18:32:28,062
+XRPUSDT: bp-0.0|
2023-08-22 18:32:29,372
update 4: filled 2 / 3 (+BTCUSDT,+ETHUSDT) | working 1 / 3 (+XRPUSDT)
2023-08-22 18:32:33,374
+XRPUSDT: bp2.0|
2023-08-22 18:32:34,685
update 5: filled 2 / 3 (+BTCUSDT,+ETHUSDT) | working 1 / 3 (+XRPUSDT)
2023-08-22 18:32:38,686
+XRPUSDT: bp8.0|
2023-08-22 18:32:39,995
update 6: filled 2 / 3 (+BTCUSDT,+ETHUSDT) | working 1 / 3 (+XRPUSDT)
2023-08-22 18:32:43,996
+XRPUSDT: bp22.0|
2023-08-22 18:32:45,304
update 7: filled 2 / 3 (+BTCUSDT,+ETHUSDT) | working 1 / 3 (+XRPUSDT)
2023-08-22 18:32:49,305
+XRPUSDT: bp27.0|
2023-08-22 18:32:50,619
update 8: filled 2 / 3 (+BTCUSDT,+ETHUSDT) | working 1 / 3 (+XRPUSDT)
2023-08-22 18:32:54,620
+XRPUSDT: bp27.0|
2023-08-22 18:32:55,928
update 9: filled 2 / 3 (+BTCUSDT,+ETHUSDT) | working 1 / 3 (+XRPUSDT)
2023-08-22 18:32:59,929
+XRPUSDT: bp29.0|
2023-08-22 18:33:01,238
update 10: filled 2 / 3 (+BTCUSDT,+ETHUSDT) | working 1 / 3 (+XRPUSDT)
2023-08-22 18:33:05,239
+XRPUSDT: bp35.0|
2023-08-22 18:33:06,583
update 11: filled 2 / 3 (+BTCUSDT,+ETHUSDT) | working 1 / 3 (+XRPUSDT)
2023-08-22 18:33:10,584
+XRPUSDT: bp33.0|
2023-08-22 18:33:11,891
update 12: filled 2 / 3 (+BTCUSDT,+ETHUSDT) | working 1 / 3 (+XRPUSDT)
2023-08-22 18:33:15,892
+XRPUSDT: bp31.0|
2023-08-22 18:33:17,202
update 13: filled 2 / 3 (+BTCUSDT,+ETHUSDT) | working 1 / 3 (+XRPUSDT)
2023-08-22 18:33:21,203
+XRPUSDT: bp31.0|
2023-08-22 18:33:22,509
update 14: filled 2 / 3 (+BTCUSDT,+ETHUSDT) | working 1 / 3 (+XRPUSDT)
2023-08-22 18:33:26,510
+XRPUSDT: bp27.0|
2023-08-22 18:33:26,510
Adjustment limit #2 ... 
 we cancel current orders and replace
2023-08-22 18:33:26,510
@+/-1.25bp limit 
2023-08-22 18:33:26,510
binance_cancel_and_replace_orders_peg 20230822_183326
2023-08-22 18:33:28,478
binance_place_orders_peg 20230822_183328
2023-08-22 18:33:28,915
{'orderId': 39949887739, 'symbol': 'XRPUSDT', 'status': 'NEW', 'clientOrderId': 'ZBZLcLTcw2UOfcdviAve64', 'price': '0.5116', 'avgPrice': '0.00', 'origQty': '90.6', 'executedQty': '0.0', 'cumQty': '0.0', 'cumQuote': '0.00000', 'timeInForce': 'GTC', 'type': 'LIMIT', 'reduceOnly': False, 'closePosition': False, 'side': 'BUY', 'positionSide': 'BOTH', 'stopPrice': '0.0000', 'workingType': 'CONTRACT_PRICE', 'priceProtect': False, 'origType': 'LIMIT', 'updateTime': 1692729208802}
2023-08-22 18:33:30,227
update 0: filled 2 / 3 (+BTCUSDT,+ETHUSDT) | working 1 / 3 (+XRPUSDT)
2023-08-22 18:33:34,228
+XRPUSDT: bp2.0|
2023-08-22 18:33:35,543
update 1: filled 2 / 3 (+BTCUSDT,+ETHUSDT) | working 1 / 3 (+XRPUSDT)
2023-08-22 18:33:39,543
+XRPUSDT: bp12.0|
2023-08-22 18:33:40,849
update 2: filled 2 / 3 (+BTCUSDT,+ETHUSDT) | working 1 / 3 (+XRPUSDT)
2023-08-22 18:33:44,850
+XRPUSDT: bp4.0|
2023-08-22 18:33:46,157
update 3: filled 2 / 3 (+BTCUSDT,+ETHUSDT) | working 1 / 3 (+XRPUSDT)
2023-08-22 18:33:50,158
+XRPUSDT: bp8.0|
2023-08-22 18:33:51,466
update 4: filled 2 / 3 (+BTCUSDT,+ETHUSDT) | working 1 / 3 (+XRPUSDT)
2023-08-22 18:33:55,466
+XRPUSDT: bp10.0|
2023-08-22 18:33:56,778
update 5: filled 2 / 3 (+BTCUSDT,+ETHUSDT) | working 1 / 3 (+XRPUSDT)
2023-08-22 18:34:00,779
+XRPUSDT: bp8.0|
2023-08-22 18:34:02,085
update 6: filled 2 / 3 (+BTCUSDT,+ETHUSDT) | working 1 / 3 (+XRPUSDT)
2023-08-22 18:34:06,086
+XRPUSDT: bp12.0|
2023-08-22 18:34:07,451
update 7: filled 2 / 3 (+BTCUSDT,+ETHUSDT) | working 1 / 3 (+XRPUSDT)
2023-08-22 18:34:11,452
+XRPUSDT: bp6.0|
2023-08-22 18:34:12,759
update 8: filled 3 / 3 (+BTCUSDT,+ETHUSDT,+XRPUSDT) | working 0 / 3 ()
2023-08-22 18:34:19,635
Trades of the day
in$
as of: 22Aug 18:31>>18:34 (#trades: 3)
trade net: +144.0 (+52.0%), trade gross: +144.0 (+52.0%), BUY: +144.0 (+52.0%), SELL: +0.0 (+0.0%)
fees: $ 0.029 (2.0bp)
2023-08-22 18:34:20,319
Trades: 
Filled #3
______________________________________________
                   in$ | in bp 143 traded | in bp 276 AUMs
realizedPnl    +0      | +0      | +0     
PnLvsArrival   -0.13   | -9      | -5     
PnLvsLast      +0.32   | +22     | +12    
______________________________________________
                 | Value$ | PnL Arrival/Last 
______________________________________________
ETH:+0.028@1626.54 | +46$ | 0.02/0.23
XRP:+90.6@0.5116 | +46$ | -0.18/-0.03
BTC:+0.002@25837.9 | +52$ | 0.03/0.12
2023-08-22 18:34:20,897
***************************
Positions after orders
***************************
2023-08-22 18:34:20,898
      symbol  qty_ptf    execP  ...   updateTime   AUMs     w%
225  BTCUSDT    0.002  25837.9  ...  22Aug-18:31  277.1  0.187
111  XRPUSDT   90.600   0.5116  ...  22Aug-18:34  277.1  0.167
138  ETHUSDT    0.028  1626.54  ...  22Aug-18:31  277.1  0.165

[3 rows x 9 columns]
2023-08-22 18:34:20,909
***************************
2023-08-22 18:34:21,558
3 STOP orders will be placed
2023-08-22 18:34:21,558
@+/-500.0bp limit
2023-08-22 18:34:21,559
binance_place_orders_peg 20230822_183421
2023-08-22 18:34:21,996
{'orderId': 182901241757, 'symbol': 'BTCUSDT', 'status': 'NEW', 'clientOrderId': '2Q4Uc1tYRrEBHqBJ4D29EZ', 'price': '0.00', 'avgPrice': '0.00', 'origQty': '0.002', 'executedQty': '0.000', 'cumQty': '0.000', 'cumQuote': '0.00000', 'timeInForce': 'GTC', 'type': 'STOP_MARKET', 'reduceOnly': False, 'closePosition': False, 'side': 'SELL', 'positionSide': 'BOTH', 'stopPrice': '24614.00', 'workingType': 'CONTRACT_PRICE', 'priceProtect': False, 'origType': 'STOP_MARKET', 'updateTime': 1692729261884}
2023-08-22 18:34:22,431
{'orderId': 39949959407, 'symbol': 'XRPUSDT', 'status': 'NEW', 'clientOrderId': 'f82haR9b3q8HamYN1hbM9m', 'price': '0.0000', 'avgPrice': '0.00', 'origQty': '90.6', 'executedQty': '0.0', 'cumQty': '0.0', 'cumQuote': '0.00000', 'timeInForce': 'GTC', 'type': 'STOP_MARKET', 'reduceOnly': False, 'closePosition': False, 'side': 'SELL', 'positionSide': 'BOTH', 'stopPrice': '0.4859', 'workingType': 'CONTRACT_PRICE', 'priceProtect': False, 'origType': 'STOP_MARKET', 'updateTime': 1692729262321}
2023-08-22 18:34:22,866
{'orderId': 8389765613717345743, 'symbol': 'ETHUSDT', 'status': 'NEW', 'clientOrderId': 'LaaL3J7O7HtJccH34Yq5Lf', 'price': '0.00', 'avgPrice': '0.00', 'origQty': '0.028', 'executedQty': '0.000', 'cumQty': '0.000', 'cumQuote': '0.00000', 'timeInForce': 'GTC', 'type': 'STOP_MARKET', 'reduceOnly': False, 'closePosition': False, 'side': 'SELL', 'positionSide': 'BOTH', 'stopPrice': '1553.44', 'workingType': 'CONTRACT_PRICE', 'priceProtect': False, 'origType': 'STOP_MARKET', 'updateTime': 1692729262756}
