2023-08-05 23:30:34,926
ON program started 20230805 23:30:34,
US time: 20230805 19:30:34
2023-08-05 23:30:35,341
the strat is currently running @ 05-08-2023 and the target positions is SHORT
2023-08-05 23:30:36,663
CURRENT STATUS IS SHORT, WE CHECK IF THE DAY IS A NEGATIVE ONE
-----
return before 14h30:
BTCUSDT-0.10%, ETHUSDT+0.10%, XRPUSDT+0.40%
-----
target alloc initial:BTCUSDT-4.17%, ETHUSDT+0.00%, XRPUSDT-4.17%
-----
alloc target x rt%<0:BTCUSDT-4.17%, ETHUSDT+0.00%, XRPUSDT-0.00%
-----
           BTCUSDT ETHUSDT XRPUSDT
w_target     -4.2%    0.0%   -4.2%
rt_14h30    -0.00%   0.00%   0.00%
w_target_f   -4.2%    0.0%   -0.0%
2023-08-05 23:30:36,665
Portfolio was rebalanced less than 2 hours ago, 0.9 hours ago
2023-08-05 23:30:36,667
Status: prev = SHORT <> SHORT = target
2023-08-05 23:30:36,667
the strat is currently running @ 05-08-2023 and the target positions is SHORT
the strat was previously run @ 2023-08-05 22:36:48 UTC, success:yes 
   and the current positions is SHORT
2023-08-05 23:30:37,747
positions_future #0
2023-08-05 23:30:37,747
Empty DataFrame
Columns: [symbol, positionAmt, entryPrice, markPrice, unRealizedProfit, value_usd, updateTime, AUMs_account, w%]
Index: []
2023-08-05 23:30:37,760
programm stoppeddd!!! 20230805_233037
