2023-10-29 00:30:51,850
ON program started 20231029 00:30:51,
US time: 20231028 20:30:51
2023-10-29 00:30:53,118
the strat is currently running @ 29-10-2023 and the target positions is SHORT
2023-10-29 00:30:54,547
CURRENT STATUS IS SHORT, WE CHECK IF THE DAY IS A NEGATIVE ONE
-----
return before 14h30:
BTCUSDT+0.00%, ETHUSDT+0.00%, XRPUSDT+0.00%
-----
target alloc initial:BTCUSDT-4.17%, ETHUSDT+0.00%, XRPUSDT-4.17%
-----
alloc target x rt%<0:BTCUSDT-0.00%, ETHUSDT+0.00%, XRPUSDT-0.00%
-----
           BTCUSDT ETHUSDT XRPUSDT
w_target     -4.2%    0.0%   -4.2%
rt_14h30     0.00%   0.00%   0.00%
w_target_f   -0.0%    0.0%   -0.0%
2023-10-29 00:30:54,548
Portfolio was rebalanced less than 2 hours ago, 1.0 hours ago
2023-10-29 00:30:54,551
Status: prev = SHORT <> SHORT = target
2023-10-29 00:30:54,551
the strat is currently running @ 29-10-2023 and the target positions is SHORT
the strat was previously run @ 2023-10-28 23:31:06 UTC, success:yes 
   and the current positions is SHORT
2023-10-29 00:30:55,714
positions_future #0
2023-10-29 00:30:55,714
Empty DataFrame
Columns: [symbol, positionAmt, entryPrice, breakEvenPrice, markPrice, unRealizedProfit, value_usd, updateTime, isolated, adlQuantile, AUMs_account, w%]
Index: []
2023-10-29 00:30:55,724
programm stoppeddd!!! 20231029_003055
