2024-02-18 19:31:13,774
ON program started 20240218 19:31:13,
US time: 20240218 14:31:13
2024-02-18 19:31:14,274
the strat is currently running @ 18-02-2024 and the target positions is LONG
2024-02-18 19:31:15,794
CURRENT STATUS IS LONG
-----
return before 14h30:
BTCUSDT-0.03%, ETHUSDT+0.05%, XRPUSDT+1.16%
-----
target alloc initial:BTCUSDT+16.67%, ETHUSDT+16.67%, XRPUSDT+16.67%
-----
alloc target x rt%<0:BTCUSDT+16.67%, ETHUSDT+16.67%, XRPUSDT+16.67%
-----
           BTCUSDT ETHUSDT XRPUSDT
w_target     16.7%   16.7%   16.7%
rt_14h30    -0.00%   0.00%   0.01%
w_target_f   16.7%   16.7%   16.7%
2024-02-18 19:31:15,795
Portfolio was rebalanced less than 2 hours ago, 15.0 hours ago
2024-02-18 19:31:15,796
Status: prev = LONG <> NEUTRAL = target
2024-02-18 19:31:15,796
the strat is currently running @ 18-02-2024 and the target positions is LONG
the strat was previously run @ 2024-02-18 04:30:43, success:yes 
   and the current positions is NEUTRAL
2024-02-18 19:31:17,002
positions_future #0
2024-02-18 19:31:17,002
Empty DataFrame
Columns: [symbol, positionAmt, entryPrice, breakEvenPrice, markPrice, unRealizedProfit, value_usd, updateTime, isolated, adlQuantile, AUMs_account, w%]
Index: []
2024-02-18 19:31:17,226
------------------------------
binance_account_balance
2024-02-18 19:31:17,226
  asset     balance  ...  marginAvailable   updateTime
5  USDT  290.967588  ...             True  18Feb-00:33

[1 rows x 8 columns]
2024-02-18 19:31:17,460
------------------------------
open_orders
2024-02-18 19:31:17,460
Empty DataFrame
Columns: []
Index: []
2024-02-18 19:31:18,122
------------------------------
AUMS account:290

2024-02-18 19:31:18,124
--------------- compute_futures_order_book() ----------------
2024-02-18 19:31:19,696
----------------------------------------------------------------------
#2 order(s) to place
gross$: 96$ | net$: +96$
gross%: 33% | net%: +33%
 || w>0%  +33% | w<0%  0%
----------------------------------------------------------------------
PTF Expo% 0.0% >> 50.0% (current>>target)
PTF expo $0.0 >> $145 (current>>target)
----------------------------------------------------------------------
2024-02-18 19:31:19,698
orders_ofthe_day
2024-02-18 19:31:19,698
                  ptf_usd  target_usd  totrd_usd  ...      bid        ask strategy
2024-02-18 19:31                                  ...                             
ETHUSDT               0.0        48.5       48.0  ...  2840.36  2840.3700  STRATON
XRPUSDT               0.0        48.5       48.0  ...     0.56     0.5601  STRATON

[2 rows x 10 columns]
2024-02-18 19:31:20,847
binance_place_orders_peg 20240218_193120
2024-02-18 19:31:21,288
{'orderId': 8389765653326331247, 'symbol': 'ETHUSDT', 'status': 'NEW', 'clientOrderId': 'STRATON', 'price': '2838.78', 'avgPrice': '0.00', 'origQty': '0.017', 'executedQty': '0.000', 'cumQty': '0.000', 'cumQuote': '0.00000', 'timeInForce': 'GTC', 'type': 'LIMIT', 'reduceOnly': False, 'closePosition': False, 'side': 'BUY', 'positionSide': 'BOTH', 'stopPrice': '0.00', 'workingType': 'CONTRACT_PRICE', 'priceProtect': False, 'origType': 'LIMIT', 'priceMatch': 'NONE', 'selfTradePreventionMode': 'NONE', 'goodTillDate': 0, 'updateTime': 1708284681177}
2024-02-18 19:31:21,730
{'orderId': 50404466306, 'symbol': 'XRPUSDT', 'status': 'NEW', 'clientOrderId': 'STRATON', 'price': '0.5597', 'avgPrice': '0.00', 'origQty': '85.7', 'executedQty': '0.0', 'cumQty': '0.0', 'cumQuote': '0.00000', 'timeInForce': 'GTC', 'type': 'LIMIT', 'reduceOnly': False, 'closePosition': False, 'side': 'BUY', 'positionSide': 'BOTH', 'stopPrice': '0.0000', 'workingType': 'CONTRACT_PRICE', 'priceProtect': False, 'origType': 'LIMIT', 'priceMatch': 'NONE', 'selfTradePreventionMode': 'NONE', 'goodTillDate': 0, 'updateTime': 1708284681618}
2024-02-18 19:31:23,311
update 0: filled 0 / 2 () | working 2 / 2 (+ETHUSDT,+XRPUSDT)
2024-02-18 19:31:27,312
+ETHUSDT: bp5.0|+XRPUSDT: bp7.0|
2024-02-18 19:31:28,193
update 1: filled 0 / 2 () | working 2 / 2 (+ETHUSDT,+XRPUSDT)
2024-02-18 19:31:32,193
+ETHUSDT: bp8.0|+XRPUSDT: bp5.0|
2024-02-18 19:31:33,074
update 2: filled 0 / 2 () | working 2 / 2 (+ETHUSDT,+XRPUSDT)
2024-02-18 19:31:37,074
+ETHUSDT: bp11.0|+XRPUSDT: bp7.0|
2024-02-18 19:31:37,951
update 3: filled 0 / 2 () | working 2 / 2 (+ETHUSDT,+XRPUSDT)
2024-02-18 19:31:41,952
+ETHUSDT: bp16.0|+XRPUSDT: bp11.0|
2024-02-18 19:31:42,831
update 4: filled 0 / 2 () | working 2 / 2 (+ETHUSDT,+XRPUSDT)
2024-02-18 19:31:46,832
+ETHUSDT: bp21.0|+XRPUSDT: bp12.0|
2024-02-18 19:31:47,709
update 5: filled 0 / 2 () | working 2 / 2 (+ETHUSDT,+XRPUSDT)
2024-02-18 19:31:51,710
+ETHUSDT: bp22.0|+XRPUSDT: bp14.0|
2024-02-18 19:31:52,590
update 6: filled 0 / 2 () | working 2 / 2 (+ETHUSDT,+XRPUSDT)
2024-02-18 19:31:56,591
+ETHUSDT: bp22.0|+XRPUSDT: bp14.0|
2024-02-18 19:31:57,469
update 7: filled 0 / 2 () | working 2 / 2 (+ETHUSDT,+XRPUSDT)
2024-02-18 19:32:01,470
+ETHUSDT: bp23.0|+XRPUSDT: bp14.0|
2024-02-18 19:32:02,350
update 8: filled 0 / 2 () | working 2 / 2 (+ETHUSDT,+XRPUSDT)
2024-02-18 19:32:06,350
+ETHUSDT: bp23.0|+XRPUSDT: bp16.0|
2024-02-18 19:32:07,234
update 9: filled 0 / 2 () | working 2 / 2 (+ETHUSDT,+XRPUSDT)
2024-02-18 19:32:11,234
+ETHUSDT: bp27.0|+XRPUSDT: bp16.0|
2024-02-18 19:32:12,112
update 10: filled 0 / 2 () | working 2 / 2 (+ETHUSDT,+XRPUSDT)
2024-02-18 19:32:16,113
+ETHUSDT: bp28.0|+XRPUSDT: bp18.0|
2024-02-18 19:32:16,994
update 11: filled 0 / 2 () | working 2 / 2 (+ETHUSDT,+XRPUSDT)
2024-02-18 19:32:20,995
+ETHUSDT: bp28.0|+XRPUSDT: bp18.0|
2024-02-18 19:32:21,874
update 12: filled 0 / 2 () | working 2 / 2 (+ETHUSDT,+XRPUSDT)
2024-02-18 19:32:25,876
+ETHUSDT: bp18.0|+XRPUSDT: bp12.0|
2024-02-18 19:32:26,753
update 13: filled 0 / 2 () | working 2 / 2 (+ETHUSDT,+XRPUSDT)
2024-02-18 19:32:30,754
+ETHUSDT: bp20.0|+XRPUSDT: bp14.0|
2024-02-18 19:32:31,636
update 14: filled 0 / 2 () | working 2 / 2 (+ETHUSDT,+XRPUSDT)
2024-02-18 19:32:35,637
+ETHUSDT: bp24.0|+XRPUSDT: bp12.0|
2024-02-18 19:32:35,637
Adjustment limit #1 ... 
 we cancel current orders and replace
2024-02-18 19:32:35,637
@+/-2.5bp limit 
2024-02-18 19:32:35,637
binance_cancel_and_replace_orders_peg 20240218_193235
2024-02-18 19:32:37,844
binance_place_orders_peg 20240218_193237
2024-02-18 19:32:38,284
{'orderId': 8389765653326779638, 'symbol': 'ETHUSDT', 'status': 'NEW', 'clientOrderId': 'STRATON', 'price': '2844.66', 'avgPrice': '0.00', 'origQty': '0.017', 'executedQty': '0.000', 'cumQty': '0.000', 'cumQuote': '0.00000', 'timeInForce': 'GTC', 'type': 'LIMIT', 'reduceOnly': False, 'closePosition': False, 'side': 'BUY', 'positionSide': 'BOTH', 'stopPrice': '0.00', 'workingType': 'CONTRACT_PRICE', 'priceProtect': False, 'origType': 'LIMIT', 'priceMatch': 'NONE', 'selfTradePreventionMode': 'NONE', 'goodTillDate': 0, 'updateTime': 1708284758172}
2024-02-18 19:32:38,725
{'orderId': 50404552494, 'symbol': 'XRPUSDT', 'status': 'NEW', 'clientOrderId': 'STRATON', 'price': '0.5604', 'avgPrice': '0.00', 'origQty': '85.7', 'executedQty': '0.0', 'cumQty': '0.0', 'cumQuote': '0.00000', 'timeInForce': 'GTC', 'type': 'LIMIT', 'reduceOnly': False, 'closePosition': False, 'side': 'BUY', 'positionSide': 'BOTH', 'stopPrice': '0.0000', 'workingType': 'CONTRACT_PRICE', 'priceProtect': False, 'origType': 'LIMIT', 'priceMatch': 'NONE', 'selfTradePreventionMode': 'NONE', 'goodTillDate': 0, 'updateTime': 1708284758613}
2024-02-18 19:32:39,610
update 0: filled 0 / 2 () | working 2 / 2 (+ETHUSDT,+XRPUSDT)
2024-02-18 19:32:43,611
+ETHUSDT: bp3.0|+XRPUSDT: bp4.0|
2024-02-18 19:32:44,489
update 1: filled 0 / 2 () | working 2 / 2 (+ETHUSDT,+XRPUSDT)
2024-02-18 19:32:48,490
+ETHUSDT: bp3.0|+XRPUSDT: bp4.0|
2024-02-18 19:32:49,373
update 2: filled 0 / 2 () | working 2 / 2 (+ETHUSDT,+XRPUSDT)
2024-02-18 19:32:53,373
+ETHUSDT: bp1.0|+XRPUSDT: bp4.0|
2024-02-18 19:32:54,253
update 3: filled 0 / 2 () | working 2 / 2 (+ETHUSDT,+XRPUSDT)
2024-02-18 19:32:58,253
+ETHUSDT: bp2.0|+XRPUSDT: bp4.0|
2024-02-18 19:32:59,132
update 4: filled 1 / 2 (+ETHUSDT) | working 1 / 2 (+XRPUSDT)
2024-02-18 19:33:03,133
+XRPUSDT: bp4.0|
2024-02-18 19:33:04,014
update 5: filled 2 / 2 (+ETHUSDT,+XRPUSDT) | working 0 / 2 ()
2024-02-18 19:33:10,470
Trades of the day
in$
as of: 18Feb 19:32>>19:33 (#trades: 2)
trade net: +96.0 (+33.0%), trade gross: +96.0 (+33.0%), BUY: +96.0 (+33.0%), SELL: +0.0 (+0.0%)
fees: $ 0.019 (2.0bp)
2024-02-18 19:33:10,923
Trades: 
Filled #2
______________________________________________
                   in$ | in bp 96 traded | in bp 290 AUMs
realizedPnl    +0      | +0      | +0     
PnLvsArrival   -0.1    | -10     | -3     
PnLvsLast      -0.04   | -4      | -1     
______________________________________________
                 | Value$ | PnL Arrival/Last 
______________________________________________
XRP:+85.7@0.5604 | +48$ | -0.03/-0.01
ETH:+0.017@2844.66 | +48$ | -0.07/-0.03
