2023-12-19 22:30:39,147
ON program started 20231219 22:30:39,
US time: 20231219 17:30:39
2023-12-19 22:30:39,658
the strat is currently running @ 19-12-2023 and the target positions is LONG
2023-12-19 22:30:41,909
CURRENT STATUS IS LONG
-----
return before 14h30:
BTCUSDT-1.64%, ETHUSDT-2.91%, XRPUSDT-1.34%
-----
target alloc initial:BTCUSDT+16.67%, ETHUSDT+16.67%, XRPUSDT+16.67%
-----
alloc target x rt%<0:BTCUSDT+16.67%, ETHUSDT+16.67%, XRPUSDT+16.67%
-----
           BTCUSDT ETHUSDT XRPUSDT
w_target     16.7%   16.7%   16.7%
rt_14h30    -0.02%  -0.03%  -0.01%
w_target_f   16.7%   16.7%   16.7%
2023-12-19 22:30:41,911
Portfolio was rebalanced less than 2 hours ago, 1.0 hours ago
2023-12-19 22:30:41,914
Status: prev = LONG <> LONG = target
2023-12-19 22:30:41,914
the strat is currently running @ 19-12-2023 and the target positions is LONG
the strat was previously run @ 2023-12-19 21:30:51 UTC, success:yes 
   and the current positions is LONG
2023-12-19 22:30:42,527
positions_future #2
2023-12-19 22:30:42,528
      symbol  positionAmt entryPrice  ... adlQuantile AUMs_account        w%
108  XRPUSDT       81.000     0.6062  ...           1        292.1  0.167959
135  ETHUSDT        0.022    2187.07  ...           1        292.1  0.163855

[2 rows x 12 columns]
2023-12-19 22:30:42,623
programm stoppeddd!!! 20231219_223042
