2024-06-02 19:30:55,897
ON program started 20240602 19:30:55,
US time: 20240602 15:30:55
2024-06-02 19:30:56,944
the strat is currently running @ 02-06-2024 and the target positions is LONG
2024-06-02 19:30:58,336
CURRENT STATUS IS LONG
-----
return before 14h30:
BTCUSDT+0.59%, ETHUSDT-0.52%, XRPUSDT-0.31%
-----
target alloc initial:BTCUSDT+16.67%, ETHUSDT+16.67%, XRPUSDT+16.67%
-----
alloc target x rt%<0:BTCUSDT+16.67%, ETHUSDT+16.67%, XRPUSDT+16.67%
-----
           BTCUSDT ETHUSDT XRPUSDT
w_target     16.7%   16.7%   16.7%
rt_14h30     0.01%  -0.01%  -0.00%
w_target_f   16.7%   16.7%   16.7%
2024-06-02 19:30:58,337
Portfolio was rebalanced less than 2 hours ago, 1.0 hours ago
2024-06-02 19:30:58,339
Status: prev = LONG <> LONG = target
2024-06-02 19:30:58,339
the strat is currently running @ 02-06-2024 and the target positions is LONG
the strat was previously run @ 2024-06-02 18:30:38, success:? 
   and the current positions is LONG
2024-06-02 19:30:59,464
positions_future #2
2024-06-02 19:30:59,464
      symbol  positionAmt entryPrice  ... adlQuantile AUMs_account        w%
161  ETHUSDT        0.013    3768.46  ...           1        289.0  0.169458
128  XRPUSDT       93.700     0.5118  ...           3        289.0  0.165848

[2 rows x 12 columns]
2024-06-02 19:30:59,699
------------------------------
binance_account_balance
2024-06-02 19:30:59,700
  asset     balance  ...  marginAvailable   updateTime
6  USDT  289.068939  ...             True  02Jun-18:31

[1 rows x 8 columns]
2024-06-02 19:31:00,327
------------------------------
open_orders
2024-06-02 19:31:00,327
Empty DataFrame
Columns: []
Index: []
2024-06-02 19:31:00,933
------------------------------
AUMS account:289

2024-06-02 19:31:00,936
--------------- compute_futures_order_book() ----------------
2024-06-02 19:31:02,387
----------------------------------------------------------------------
#0 order(s) to place
gross$: 0$ | net$: +0$
gross%: 0% | net%: +0%
 || w>0%  +0% | w<0%  0%
----------------------------------------------------------------------
PTF Expo% 33.5% >> 50.0% (current>>target)
PTF expo $97.0 >> $144 (current>>target)
----------------------------------------------------------------------
2024-06-02 19:31:02,389
orders_ofthe_day
2024-06-02 19:31:02,389
Empty DataFrame
Columns: [ptf_usd, target_usd, totrd_usd, posttrd_usd, qty, posttrd_qty, posttrd_w, bid, ask, strategy]
Index: []
2024-06-02 19:31:02,456
Orders of the day is empty, current and target potfolios are aligned
2024-06-02 19:31:02,456
Program stopped
