2024-05-22 02:30:44,369
ON program started 20240522 02:30:44,
US time: 20240521 22:30:44
2024-05-22 02:30:44,854
the strat is currently running @ 22-05-2024 and the target positions is NEUTRAL
2024-05-22 02:30:46,239
CURRENT STATUS IS NEUTRAL
-----
return before 14h30:
BTCUSDT+0.13%, ETHUSDT+0.04%, XRPUSDT-0.09%
-----
target alloc initial:BTCUSDT+0.00%, ETHUSDT+0.00%, XRPUSDT+0.00%
-----
alloc target x rt%<0:BTCUSDT+0.00%, ETHUSDT+0.00%, XRPUSDT+0.00%
-----
           BTCUSDT ETHUSDT XRPUSDT
w_target      0.0%    0.0%    0.0%
rt_14h30     0.00%   0.00%  -0.00%
w_target_f    0.0%    0.0%    0.0%
2024-05-22 02:30:46,240
Portfolio was rebalanced less than 2 hours ago, 1.0 hours ago
2024-05-22 02:30:46,242
Status: prev = NEUTRAL <> SHORT = target
2024-05-22 02:30:46,242
the strat is currently running @ 22-05-2024 and the target positions is NEUTRAL
the strat was previously run @ 2024-05-22 01:31:02, success:yes 
   and the current positions is SHORT
2024-05-22 02:30:47,453
positions_future #0
2024-05-22 02:30:47,453
Empty DataFrame
Columns: [symbol, positionAmt, entryPrice, breakEvenPrice, markPrice, unRealizedProfit, value_usd, updateTime, isolated, adlQuantile, AUMs_account, w%]
Index: []
2024-05-22 02:30:47,679
------------------------------
binance_account_balance
2024-05-22 02:30:47,679
  asset     balance  ...  marginAvailable   updateTime
6  USDT  287.956822  ...             True  21May-22:34

[1 rows x 8 columns]
2024-05-22 02:30:47,915
------------------------------
open_orders
2024-05-22 02:30:47,915
Empty DataFrame
Columns: []
Index: []
2024-05-22 02:30:48,572
------------------------------
AUMS account:287

2024-05-22 02:30:48,574
--------------- compute_futures_order_book() ----------------
2024-05-22 02:30:50,135
----------------------------------------------------------------------
#0 order(s) to place
gross$: 0$ | net$: +0$
gross%: 0% | net%: +0%
 || w>0%  +0% | w<0%  0%
----------------------------------------------------------------------
PTF Expo% 0.0% >> 0.0% (current>>target)
PTF expo $0.0 >> $0 (current>>target)
----------------------------------------------------------------------
2024-05-22 02:30:50,137
orders_ofthe_day
2024-05-22 02:30:50,137
Empty DataFrame
Columns: [ptf_usd, target_usd, totrd_usd, posttrd_usd, qty, posttrd_qty, posttrd_w, bid, ask, strategy]
Index: []
2024-05-22 02:30:50,203
Orders of the day is empty, current and target potfolios are aligned
2024-05-22 02:30:50,203
Program stopped
