2024-09-06 19:30:45,999
ON program started 20240906 19:30:45,
US time: 20240906 15:30:45
2024-09-06 19:30:46,735
the strat is currently running @ 06-09-2024 and the target positions is LONG
2024-09-06 19:30:48,048
CURRENT STATUS IS LONG
-----
return before 14h30:
BTCUSDT-0.51%, ETHUSDT-0.24%, XRPUSDT-1.23%
-----
target alloc initial:BTCUSDT+16.67%, ETHUSDT+16.67%, XRPUSDT+16.67%
-----
alloc target x rt%<0:BTCUSDT+16.67%, ETHUSDT+16.67%, XRPUSDT+16.67%
-----
           BTCUSDT ETHUSDT XRPUSDT
w_target     16.7%   16.7%   16.7%
rt_14h30    -0.01%  -0.00%  -0.01%
w_target_f   16.7%   16.7%   16.7%
2024-09-06 19:30:48,049
Portfolio was rebalanced less than 2 hours ago, 1.0 hours ago
2024-09-06 19:30:48,050
Status: prev = LONG <> LONG = target
2024-09-06 19:30:48,050
the strat is currently running @ 06-09-2024 and the target positions is LONG
the strat was previously run @ 2024-09-06 18:30:56, success:? 
   and the current positions is LONG
2024-09-06 19:30:49,186
positions_future #2
2024-09-06 19:30:49,186
      symbol  positionAmt entryPrice  ... adlQuantile AUMs_account        w%
176  ETHUSDT        0.022    2238.09  ...           1        294.7  0.166242
138  XRPUSDT       94.600     0.5179  ...           2        294.7  0.165742

[2 rows x 12 columns]
2024-09-06 19:30:49,415
------------------------------
binance_account_balance
2024-09-06 19:30:49,415
  asset     balance  ...  marginAvailable   updateTime
4  USDT  295.086323  ...             True  06Sep-18:31

[1 rows x 8 columns]
2024-09-06 19:30:50,041
------------------------------
open_orders
2024-09-06 19:30:50,041
Empty DataFrame
Columns: []
Index: []
2024-09-06 19:30:50,649
------------------------------
AUMS account:294

2024-09-06 19:30:50,651
--------------- compute_futures_order_book() ----------------
2024-09-06 19:30:52,103
----------------------------------------------------------------------
#0 order(s) to place
gross$: 0$ | net$: +0$
gross%: 0% | net%: +0%
 || w>0%  +0% | w<0%  0%
----------------------------------------------------------------------
PTF Expo% 33.2% >> 50.0% (current>>target)
PTF expo $98.0 >> $147 (current>>target)
----------------------------------------------------------------------
2024-09-06 19:30:52,104
orders_ofthe_day
2024-09-06 19:30:52,104
Empty DataFrame
Columns: [ptf_usd, target_usd, totrd_usd, posttrd_usd, qty, posttrd_qty, posttrd_w, bid, ask, strategy]
Index: []
2024-09-06 19:30:52,165
Orders of the day is empty, current and target potfolios are aligned
2024-09-06 19:30:52,166
Program stopped
