2024-02-10 04:30:44,727
ON program started 20240210 04:30:44,
US time: 20240209 23:30:44
2024-02-10 04:30:45,534
the strat is currently running @ 10-02-2024 and the target positions is NEUTRAL
2024-02-10 04:30:46,990
CURRENT STATUS IS NEUTRAL
-----
return before 14h30:
BTCUSDT+0.48%, ETHUSDT+0.90%, XRPUSDT-0.08%
-----
target alloc initial:BTCUSDT+0.00%, ETHUSDT+0.00%, XRPUSDT+0.00%
-----
alloc target x rt%<0:BTCUSDT+0.00%, ETHUSDT+0.00%, XRPUSDT+0.00%
-----
           BTCUSDT ETHUSDT XRPUSDT
w_target      0.0%    0.0%    0.0%
rt_14h30     0.00%   0.01%  -0.00%
w_target_f    0.0%    0.0%    0.0%
2024-02-10 04:30:46,991
Portfolio was rebalanced less than 2 hours ago, 1.0 hours ago
2024-02-10 04:30:46,993
Status: prev = NEUTRAL <> NEUTRAL = target
2024-02-10 04:30:46,993
the strat is currently running @ 10-02-2024 and the target positions is NEUTRAL
the strat was previously run @ 2024-02-10 03:31:14, success:? 
   and the current positions is NEUTRAL
2024-02-10 04:30:48,178
positions_future #0
2024-02-10 04:30:48,178
Empty DataFrame
Columns: [symbol, positionAmt, entryPrice, breakEvenPrice, markPrice, unRealizedProfit, value_usd, updateTime, isolated, adlQuantile, AUMs_account, w%]
Index: []
2024-02-10 04:30:48,402
------------------------------
binance_account_balance
2024-02-10 04:30:48,402
  asset     balance  ...  marginAvailable   updateTime
5  USDT  289.877522  ...             True  10Feb-03:34

[1 rows x 8 columns]
2024-02-10 04:30:48,636
------------------------------
open_orders
2024-02-10 04:30:48,636
Empty DataFrame
Columns: []
Index: []
2024-02-10 04:30:49,288
------------------------------
AUMS account:289

2024-02-10 04:30:49,290
--------------- compute_futures_order_book() ----------------
2024-02-10 04:30:50,836
----------------------------------------------------------------------
#0 order(s) to place
gross$: 0$ | net$: +0$
gross%: 0% | net%: +0%
 || w>0%  +0% | w<0%  0%
----------------------------------------------------------------------
PTF Expo% 0.0% >> 0.0% (current>>target)
PTF expo $0.0 >> $0 (current>>target)
----------------------------------------------------------------------
2024-02-10 04:30:50,837
orders_ofthe_day
2024-02-10 04:30:50,837
Empty DataFrame
Columns: [ptf_usd, target_usd, totrd_usd, posttrd_usd, qty, posttrd_qty, posttrd_w, bid, ask, strategy]
Index: []
2024-02-10 04:30:50,913
Orders of the day is empty, current and target potfolios are aligned
2024-02-10 04:30:50,913
Program stopped
