2023-12-18 04:30:46,990
ON program started 20231218 04:30:46,
US time: 20231217 23:30:46
2023-12-18 04:30:47,557
the strat is currently running @ 18-12-2023 and the target positions is NEUTRAL
2023-12-18 04:30:48,969
CURRENT STATUS IS NEUTRAL
-----
return before 14h30:
BTCUSDT+0.00%, ETHUSDT+0.00%, XRPUSDT+0.00%
-----
target alloc initial:BTCUSDT+0.00%, ETHUSDT+0.00%, XRPUSDT+0.00%
-----
alloc target x rt%<0:BTCUSDT+0.00%, ETHUSDT+0.00%, XRPUSDT+0.00%
-----
           BTCUSDT ETHUSDT XRPUSDT
w_target      0.0%    0.0%    0.0%
rt_14h30     0.00%   0.00%   0.00%
w_target_f    0.0%    0.0%    0.0%
2023-12-18 04:30:48,971
Portfolio was rebalanced less than 2 hours ago, 1.0 hours ago
2023-12-18 04:30:48,974
Status: prev = NEUTRAL <> NEUTRAL = target
2023-12-18 04:30:48,974
the strat is currently running @ 18-12-2023 and the target positions is NEUTRAL
the strat was previously run @ 2023-12-18 03:30:49 UTC, success:yes 
   and the current positions is NEUTRAL
2023-12-18 04:30:50,221
positions_future #0
2023-12-18 04:30:50,221
Empty DataFrame
Columns: [symbol, positionAmt, entryPrice, breakEvenPrice, markPrice, unRealizedProfit, value_usd, updateTime, isolated, adlQuantile, AUMs_account, w%]
Index: []
2023-12-18 04:30:50,299
programm stoppeddd!!! 20231218_043050
