2024-05-03 01:30:50,201
ON program started 20240503 01:30:50,
US time: 20240502 21:30:50
2024-05-03 01:30:51,150
the strat is currently running @ 03-05-2024 and the target positions is SHORT
2024-05-03 01:30:52,634
CURRENT STATUS IS SHORT, WE CHECK IF THE DAY IS A NEGATIVE ONE
-----
return before 14h30:
BTCUSDT+0.65%, ETHUSDT+0.72%, XRPUSDT+0.46%
-----
target alloc initial:BTCUSDT-4.17%, ETHUSDT+0.00%, XRPUSDT-4.17%
-----
alloc target x rt%<0:BTCUSDT-0.00%, ETHUSDT+0.00%, XRPUSDT-0.00%
-----
           BTCUSDT ETHUSDT XRPUSDT
w_target     -4.2%    0.0%   -4.2%
rt_14h30     0.01%   0.01%   0.00%
w_target_f   -0.0%    0.0%   -0.0%
2024-05-03 01:30:52,635
Portfolio was rebalanced less than 2 hours ago, 1.0 hours ago
2024-05-03 01:30:52,636
Status: prev = SHORT <> SHORT = target
2024-05-03 01:30:52,636
the strat is currently running @ 03-05-2024 and the target positions is SHORT
the strat was previously run @ 2024-05-03 00:31:00, success:yes 
   and the current positions is SHORT
2024-05-03 01:30:53,839
positions_future #1
2024-05-03 01:30:53,839
      symbol  positionAmt entryPrice  ... adlQuantile AUMs_account        w%
134  XRPUSDT        -23.4     0.5187  ...           1        283.2 -0.043009

[1 rows x 12 columns]
2024-05-03 01:30:53,922
programm stoppeddd!!! 20240503_013053
