2024-09-27 01:30:46,221
ON program started 20240927 01:30:46,
US time: 20240926 21:30:46
2024-09-27 01:30:47,254
the strat is currently running @ 27-09-2024 and the target positions is SHORT
2024-09-27 01:30:48,667
CURRENT STATUS IS SHORT, WE CHECK IF THE DAY IS A NEGATIVE ONE
-----
return before 14h30:
BTCUSDT+0.06%, ETHUSDT+0.09%, XRPUSDT-0.32%
-----
target alloc initial:BTCUSDT-4.17%, ETHUSDT+0.00%, XRPUSDT-4.17%
-----
alloc target x rt%<0:BTCUSDT-0.00%, ETHUSDT+0.00%, XRPUSDT-4.17%
-----
           BTCUSDT ETHUSDT XRPUSDT
w_target     -4.2%    0.0%   -4.2%
rt_14h30     0.00%   0.00%  -0.00%
w_target_f   -0.0%    0.0%   -4.2%
2024-09-27 01:30:48,668
Portfolio was rebalanced less than 2 hours ago, 1.0 hours ago
2024-09-27 01:30:48,669
Status: prev = SHORT <> SHORT = target
2024-09-27 01:30:48,669
the strat is currently running @ 27-09-2024 and the target positions is SHORT
the strat was previously run @ 2024-09-27 00:30:52, success:? 
   and the current positions is SHORT
2024-09-27 01:30:49,870
positions_future #1
2024-09-27 01:30:49,870
      symbol  positionAmt entryPrice  ... adlQuantile AUMs_account        w%
144  XRPUSDT        -19.7     0.5902  ...           2        293.4 -0.039521

[1 rows x 12 columns]
2024-09-27 01:30:50,112
------------------------------
binance_account_balance
2024-09-27 01:30:50,112
  asset    balance  ...  marginAvailable   updateTime
4  USDT  293.36512  ...             True  27Sep-00:32

[1 rows x 8 columns]
2024-09-27 01:30:50,562
------------------------------
open_orders
2024-09-27 01:30:50,562
Empty DataFrame
Columns: []
Index: []
2024-09-27 01:30:51,215
------------------------------
AUMS account:293

2024-09-27 01:30:51,217
--------------- compute_futures_order_book() ----------------
2024-09-27 01:30:52,768
----------------------------------------------------------------------
#0 order(s) to place
gross$: 0$ | net$: +0$
gross%: 0% | net%: +0%
 || w>0%  +0% | w<0%  0%
----------------------------------------------------------------------
PTF Expo% -4.0% >> -4.1% (current>>target)
PTF expo $-12.0 >> $-12 (current>>target)
----------------------------------------------------------------------
2024-09-27 01:30:52,769
orders_ofthe_day
2024-09-27 01:30:52,769
Empty DataFrame
Columns: [ptf_usd, target_usd, totrd_usd, posttrd_usd, qty, posttrd_qty, posttrd_w, bid, ask, strategy]
Index: []
2024-09-27 01:30:52,829
Orders of the day is empty, current and target potfolios are aligned
2024-09-27 01:30:52,829
Program stopped
