2024-08-18 20:30:49,243
ON program started 20240818 20:30:49,
US time: 20240818 16:30:49
2024-08-18 20:30:49,703
the strat is currently running @ 18-08-2024 and the target positions is LONG
2024-08-18 20:30:51,010
CURRENT STATUS IS LONG
-----
return before 14h30:
BTCUSDT+0.56%, ETHUSDT+1.80%, XRPUSDT+0.90%
-----
target alloc initial:BTCUSDT+16.67%, ETHUSDT+16.67%, XRPUSDT+16.67%
-----
alloc target x rt%<0:BTCUSDT+16.67%, ETHUSDT+16.67%, XRPUSDT+16.67%
-----
           BTCUSDT ETHUSDT XRPUSDT
w_target     16.7%   16.7%   16.7%
rt_14h30     0.01%   0.02%   0.01%
w_target_f   16.7%   16.7%   16.7%
2024-08-18 20:30:51,011
Portfolio was rebalanced less than 2 hours ago, 1.0 hours ago
2024-08-18 20:30:51,012
Status: prev = LONG <> LONG = target
2024-08-18 20:30:51,013
the strat is currently running @ 18-08-2024 and the target positions is LONG
the strat was previously run @ 2024-08-18 19:30:45, success:yes 
   and the current positions is LONG
2024-08-18 20:30:52,135
positions_future #2
2024-08-18 20:30:52,135
      symbol  positionAmt entryPrice  ... adlQuantile AUMs_account        w%
168  ETHUSDT        0.019    2655.86  ...           1        303.1  0.166976
133  XRPUSDT       87.600     0.5716  ...           2        303.1  0.165703

[2 rows x 12 columns]
2024-08-18 20:30:52,214
programm stoppeddd!!! 20240818_203052
