2024-08-31 19:30:55,853
ON program started 20240831 19:30:55,
US time: 20240831 15:30:55
2024-08-31 19:30:56,285
the strat is currently running @ 31-08-2024 and the target positions is LONG
2024-08-31 19:30:57,599
CURRENT STATUS IS LONG
-----
return before 14h30:
BTCUSDT-0.29%, ETHUSDT-0.40%, XRPUSDT-0.12%
-----
target alloc initial:BTCUSDT+16.67%, ETHUSDT+16.67%, XRPUSDT+16.67%
-----
alloc target x rt%<0:BTCUSDT+16.67%, ETHUSDT+16.67%, XRPUSDT+16.67%
-----
           BTCUSDT ETHUSDT XRPUSDT
w_target     16.7%   16.7%   16.7%
rt_14h30    -0.00%  -0.00%  -0.00%
w_target_f   16.7%   16.7%   16.7%
2024-08-31 19:30:57,600
Portfolio was rebalanced less than 2 hours ago, 1.0 hours ago
2024-08-31 19:30:57,602
Status: prev = LONG <> LONG = target
2024-08-31 19:30:57,602
the strat is currently running @ 31-08-2024 and the target positions is LONG
the strat was previously run @ 2024-08-31 18:30:55, success:? 
   and the current positions is LONG
2024-08-31 19:30:58,762
positions_future #2
2024-08-31 19:30:58,762
      symbol  positionAmt entryPrice  ... adlQuantile AUMs_account        w%
174  ETHUSDT         0.02    2506.47  ...           1        295.7  0.168887
136  XRPUSDT        86.40     0.5667  ...           2        295.7  0.165490

[2 rows x 12 columns]
2024-08-31 19:30:59,001
------------------------------
binance_account_balance
2024-08-31 19:30:59,002
  asset     balance  ...  marginAvailable   updateTime
4  USDT  295.923206  ...             True  31Aug-18:33

[1 rows x 8 columns]
2024-08-31 19:30:59,636
------------------------------
open_orders
2024-08-31 19:30:59,636
Empty DataFrame
Columns: []
Index: []
2024-08-31 19:31:00,250
------------------------------
AUMS account:295

2024-08-31 19:31:00,251
--------------- compute_futures_order_book() ----------------
2024-08-31 19:31:01,713
----------------------------------------------------------------------
#0 order(s) to place
gross$: 0$ | net$: +0$
gross%: 0% | net%: +0%
 || w>0%  +0% | w<0%  0%
----------------------------------------------------------------------
PTF Expo% 33.4% >> 50.0% (current>>target)
PTF expo $99.0 >> $147 (current>>target)
----------------------------------------------------------------------
2024-08-31 19:31:01,714
orders_ofthe_day
2024-08-31 19:31:01,714
Empty DataFrame
Columns: [ptf_usd, target_usd, totrd_usd, posttrd_usd, qty, posttrd_qty, posttrd_w, bid, ask, strategy]
Index: []
2024-08-31 19:31:01,775
Orders of the day is empty, current and target potfolios are aligned
2024-08-31 19:31:01,775
Program stopped
