2024-02-05 04:31:12,858
ON program started 20240205 04:31:12,
US time: 20240204 23:31:12
2024-02-05 04:31:13,335
the strat is currently running @ 05-02-2024 and the target positions is NEUTRAL
2024-02-05 04:31:14,717
CURRENT STATUS IS NEUTRAL
-----
return before 14h30:
BTCUSDT+0.00%, ETHUSDT+0.00%, XRPUSDT+0.00%
-----
target alloc initial:BTCUSDT+0.00%, ETHUSDT+0.00%, XRPUSDT+0.00%
-----
alloc target x rt%<0:BTCUSDT+0.00%, ETHUSDT+0.00%, XRPUSDT+0.00%
-----
           BTCUSDT ETHUSDT XRPUSDT
w_target      0.0%    0.0%    0.0%
rt_14h30     0.00%   0.00%   0.00%
w_target_f    0.0%    0.0%    0.0%
2024-02-05 04:31:14,719
Portfolio was rebalanced less than 2 hours ago, 1.0 hours ago
2024-02-05 04:31:14,722
Status: prev = NEUTRAL <> NEUTRAL = target
2024-02-05 04:31:14,722
the strat is currently running @ 05-02-2024 and the target positions is NEUTRAL
the strat was previously run @ 2024-02-05 03:30:58 UTC, success:yes 
   and the current positions is NEUTRAL
2024-02-05 04:31:15,957
positions_future #0
2024-02-05 04:31:15,958
Empty DataFrame
Columns: [symbol, positionAmt, entryPrice, breakEvenPrice, markPrice, unRealizedProfit, value_usd, updateTime, isolated, adlQuantile, AUMs_account, w%]
Index: []
2024-02-05 04:31:16,030
programm stoppeddd!!! 20240205_043116
