2024-08-09 19:30:53,714
ON program started 20240809 19:30:53,
US time: 20240809 15:30:53
2024-08-09 19:30:54,627
the strat is currently running @ 09-08-2024 and the target positions is LONG
2024-08-09 19:30:55,945
CURRENT STATUS IS LONG
-----
return before 14h30:
BTCUSDT-2.00%, ETHUSDT-2.49%, XRPUSDT-6.71%
-----
target alloc initial:BTCUSDT+16.67%, ETHUSDT+16.67%, XRPUSDT+16.67%
-----
alloc target x rt%<0:BTCUSDT+16.67%, ETHUSDT+16.67%, XRPUSDT+16.67%
-----
           BTCUSDT ETHUSDT XRPUSDT
w_target     16.7%   16.7%   16.7%
rt_14h30    -0.02%  -0.02%  -0.07%
w_target_f   16.7%   16.7%   16.7%
2024-08-09 19:30:55,946
Portfolio was rebalanced less than 2 hours ago, 1.0 hours ago
2024-08-09 19:30:55,948
Status: prev = LONG <> LONG = target
2024-08-09 19:30:55,948
the strat is currently running @ 09-08-2024 and the target positions is LONG
the strat was previously run @ 2024-08-09 18:30:49, success:? 
   and the current positions is LONG
2024-08-09 19:30:57,079
positions_future #2
2024-08-09 19:30:57,079
      symbol  positionAmt entryPrice  ... adlQuantile AUMs_account        w%
165  ETHUSDT         0.02    2588.59  ...           2        306.7  0.168932
130  XRPUSDT        88.80     0.5751  ...           2        306.7  0.167824

[2 rows x 12 columns]
2024-08-09 19:30:57,306
------------------------------
binance_account_balance
2024-08-09 19:30:57,307
  asset     balance  ...  marginAvailable   updateTime
4  USDT  306.244446  ...             True  09Aug-18:32

[1 rows x 8 columns]
2024-08-09 19:30:57,936
------------------------------
open_orders
2024-08-09 19:30:57,936
Empty DataFrame
Columns: []
Index: []
2024-08-09 19:30:58,553
------------------------------
AUMS account:306

2024-08-09 19:30:58,555
--------------- compute_futures_order_book() ----------------
2024-08-09 19:31:00,021
----------------------------------------------------------------------
#0 order(s) to place
gross$: 0$ | net$: +0$
gross%: 0% | net%: +0%
 || w>0%  +0% | w<0%  0%
----------------------------------------------------------------------
PTF Expo% 33.5% >> 50.0% (current>>target)
PTF expo $103.0 >> $153 (current>>target)
----------------------------------------------------------------------
2024-08-09 19:31:00,023
orders_ofthe_day
2024-08-09 19:31:00,023
Empty DataFrame
Columns: [ptf_usd, target_usd, totrd_usd, posttrd_usd, qty, posttrd_qty, posttrd_w, bid, ask, strategy]
Index: []
2024-08-09 19:31:00,091
Orders of the day is empty, current and target potfolios are aligned
2024-08-09 19:31:00,091
Program stopped
