2024-07-16 19:30:41,885
ON program started 20240716 19:30:41,
US time: 20240716 15:30:41
2024-07-16 19:30:42,408
the strat is currently running @ 16-07-2024 and the target positions is LONG
2024-07-16 19:30:43,722
CURRENT STATUS IS LONG
-----
return before 14h30:
BTCUSDT-2.01%, ETHUSDT-2.50%, XRPUSDT+3.83%
-----
target alloc initial:BTCUSDT+16.67%, ETHUSDT+16.67%, XRPUSDT+16.67%
-----
alloc target x rt%<0:BTCUSDT+16.67%, ETHUSDT+16.67%, XRPUSDT+16.67%
-----
           BTCUSDT ETHUSDT XRPUSDT
w_target     16.7%   16.7%   16.7%
rt_14h30    -0.02%  -0.02%   0.04%
w_target_f   16.7%   16.7%   16.7%
2024-07-16 19:30:43,724
Portfolio was rebalanced less than 2 hours ago, 1.0 hours ago
2024-07-16 19:30:43,726
Status: prev = LONG <> LONG = target
2024-07-16 19:30:43,726
the strat is currently running @ 16-07-2024 and the target positions is LONG
the strat was previously run @ 2024-07-16 18:30:39, success:? 
   and the current positions is LONG
2024-07-16 19:30:44,867
positions_future #2
2024-07-16 19:30:44,868
      symbol  positionAmt entryPrice  ... adlQuantile AUMs_account        w%
131  XRPUSDT       84.300      0.581  ...           1        293.6  0.166989
166  ETHUSDT        0.014    3458.65  ...           1        293.6  0.165747

[2 rows x 12 columns]
2024-07-16 19:30:45,095
------------------------------
binance_account_balance
2024-07-16 19:30:45,095
  asset     balance  ...  marginAvailable   updateTime
4  USDT  293.311887  ...             True  16Jul-18:32

[1 rows x 8 columns]
2024-07-16 19:30:45,782
------------------------------
open_orders
2024-07-16 19:30:45,783
Empty DataFrame
Columns: []
Index: []
2024-07-16 19:30:46,398
------------------------------
AUMS account:293

2024-07-16 19:30:46,399
--------------- compute_futures_order_book() ----------------
2024-07-16 19:30:47,858
----------------------------------------------------------------------
#0 order(s) to place
gross$: 0$ | net$: +0$
gross%: 0% | net%: +0%
 || w>0%  +0% | w<0%  0%
----------------------------------------------------------------------
PTF Expo% 33.3% >> 50.0% (current>>target)
PTF expo $98.0 >> $146 (current>>target)
----------------------------------------------------------------------
2024-07-16 19:30:47,859
orders_ofthe_day
2024-07-16 19:30:47,859
Empty DataFrame
Columns: [ptf_usd, target_usd, totrd_usd, posttrd_usd, qty, posttrd_qty, posttrd_w, bid, ask, strategy]
Index: []
2024-07-16 19:30:47,921
Orders of the day is empty, current and target potfolios are aligned
2024-07-16 19:30:47,921
Program stopped
