2023-11-27 22:30:58,822
ON program started 20231127 22:30:58,
US time: 20231127 17:30:58
2023-11-27 22:30:59,906
the strat is currently running @ 27-11-2023 and the target positions is LONG
2023-11-27 22:31:01,325
CURRENT STATUS IS LONG
-----
return before 14h30:
BTCUSDT-1.08%, ETHUSDT-2.17%, XRPUSDT-1.86%
-----
target alloc initial:BTCUSDT+16.67%, ETHUSDT+16.67%, XRPUSDT+16.67%
-----
alloc target x rt%<0:BTCUSDT+16.67%, ETHUSDT+16.67%, XRPUSDT+16.67%
-----
           BTCUSDT ETHUSDT XRPUSDT
w_target     16.7%   16.7%   16.7%
rt_14h30    -0.01%  -0.02%  -0.02%
w_target_f   16.7%   16.7%   16.7%
2023-11-27 22:31:01,326
Portfolio was rebalanced less than 2 hours ago, 1.0 hours ago
2023-11-27 22:31:01,329
Status: prev = LONG <> LONG = target
2023-11-27 22:31:01,329
the strat is currently running @ 27-11-2023 and the target positions is LONG
the strat was previously run @ 2023-11-27 21:30:59 UTC, success:yes 
   and the current positions is LONG
2023-11-27 22:31:02,559
positions_future #2
2023-11-27 22:31:02,559
      symbol  positionAmt entryPrice  ... adlQuantile AUMs_account        w%
157  ETHUSDT        0.024    2011.36  ...           2        287.9  0.168260
124  XRPUSDT       80.000     0.6008  ...           1        287.9  0.166898

[2 rows x 12 columns]
2023-11-27 22:31:02,648
programm stoppeddd!!! 20231127_223102
