2024-06-22 02:31:03,908
ON program started 20240622 02:31:03,
US time: 20240621 22:31:03
2024-06-22 02:31:04,857
the strat is currently running @ 22-06-2024 and the target positions is NEUTRAL
2024-06-22 02:31:06,570
CURRENT STATUS IS NEUTRAL
-----
return before 14h30:
BTCUSDT+0.18%, ETHUSDT-0.33%, XRPUSDT-0.16%
-----
target alloc initial:BTCUSDT+0.00%, ETHUSDT+0.00%, XRPUSDT+0.00%
-----
alloc target x rt%<0:BTCUSDT+0.00%, ETHUSDT+0.00%, XRPUSDT+0.00%
-----
           BTCUSDT ETHUSDT XRPUSDT
w_target      0.0%    0.0%    0.0%
rt_14h30     0.00%  -0.00%  -0.00%
w_target_f    0.0%    0.0%    0.0%
2024-06-22 02:31:06,571
Portfolio was rebalanced less than 2 hours ago, 1.0 hours ago
2024-06-22 02:31:06,573
Status: prev = NEUTRAL <> SHORT = target
2024-06-22 02:31:06,573
the strat is currently running @ 22-06-2024 and the target positions is NEUTRAL
the strat was previously run @ 2024-06-22 01:31:06, success:yes 
   and the current positions is SHORT
2024-06-22 02:31:07,719
positions_future #1
2024-06-22 02:31:07,719
      symbol  positionAmt entryPrice  ... adlQuantile AUMs_account        w%
131  XRPUSDT        -25.0     0.4897  ...           2        292.6 -0.041726

[1 rows x 12 columns]
2024-06-22 02:31:07,951
------------------------------
binance_account_balance
2024-06-22 02:31:07,951
  asset     balance  ...  marginAvailable   updateTime
4  USDT  292.525532  ...             True  21Jun-22:38

[1 rows x 8 columns]
2024-06-22 02:31:08,377
------------------------------
open_orders
2024-06-22 02:31:08,377
Empty DataFrame
Columns: []
Index: []
2024-06-22 02:31:08,988
------------------------------
AUMS account:292

2024-06-22 02:31:08,990
--------------- compute_futures_order_book() ----------------
2024-06-22 02:31:10,457
----------------------------------------------------------------------
#1 order(s) to place
gross$: 12$ | net$: +12$
gross%: 4% | net%: +4%
 || w>0%  +4% | w<0%  0%
----------------------------------------------------------------------
PTF Expo% -4.1% >> 0.0% (current>>target)
PTF expo $-12.0 >> $0 (current>>target)
----------------------------------------------------------------------
2024-06-22 02:31:10,459
orders_ofthe_day
2024-06-22 02:31:10,459
                  ptf_usd  target_usd  totrd_usd  ...     bid     ask strategy
2024-06-22 02:31                                  ...                         
XRPUSDT             -12.0         0.0       12.0  ...  0.4882  0.4883  STRATON

[1 rows x 10 columns]
2024-06-22 02:31:11,822
binance_place_orders_peg 20240622_023111
2024-06-22 02:31:12,233
{'orderId': 58943552234, 'symbol': 'XRPUSDT', 'status': 'NEW', 'clientOrderId': 'STRATON', 'price': '0.4880', 'avgPrice': '0.00', 'origQty': '25.0', 'executedQty': '0.0', 'cumQty': '0.0', 'cumQuote': '0.00000', 'timeInForce': 'GTC', 'type': 'LIMIT', 'reduceOnly': False, 'closePosition': False, 'side': 'BUY', 'positionSide': 'BOTH', 'stopPrice': '0.0000', 'workingType': 'CONTRACT_PRICE', 'priceProtect': False, 'origType': 'LIMIT', 'priceMatch': 'NONE', 'selfTradePreventionMode': 'NONE', 'goodTillDate': 0, 'updateTime': 1719023472130}
2024-06-22 02:31:13,288
update 0: filled 0 / 1 () | working 1 / 1 (+XRPUSDT)
2024-06-22 02:31:17,289
+XRPUSDT: bp6.0|
2024-06-22 02:31:17,701
update 1: filled 0 / 1 () | working 1 / 1 (+XRPUSDT)
2024-06-22 02:31:21,702
+XRPUSDT: bp6.0|
2024-06-22 02:31:22,117
update 2: filled 0 / 1 () | working 1 / 1 (+XRPUSDT)
2024-06-22 02:31:26,118
+XRPUSDT: bp4.0|
2024-06-22 02:31:26,530
update 3: filled 0 / 1 () | working 1 / 1 (+XRPUSDT)
2024-06-22 02:31:30,530
+XRPUSDT: bp8.0|
2024-06-22 02:31:30,947
update 4: filled 0 / 1 () | working 1 / 1 (+XRPUSDT)
2024-06-22 02:31:34,948
+XRPUSDT: bp8.0|
2024-06-22 02:31:35,360
update 5: filled 0 / 1 () | working 1 / 1 (+XRPUSDT)
2024-06-22 02:31:39,360
+XRPUSDT: bp8.0|
2024-06-22 02:31:39,780
update 6: filled 0 / 1 () | working 1 / 1 (+XRPUSDT)
2024-06-22 02:31:43,781
+XRPUSDT: bp6.0|
2024-06-22 02:31:44,200
update 7: filled 0 / 1 () | working 1 / 1 (+XRPUSDT)
2024-06-22 02:31:48,200
+XRPUSDT: bp4.0|
2024-06-22 02:31:48,612
update 8: filled 0 / 1 () | working 1 / 1 (+XRPUSDT)
2024-06-22 02:31:52,613
+XRPUSDT: bp4.0|
2024-06-22 02:31:53,025
update 9: filled 0 / 1 () | working 1 / 1 (+XRPUSDT)
2024-06-22 02:31:57,025
+XRPUSDT: bp4.0|
2024-06-22 02:31:57,437
update 10: filled 0 / 1 () | working 1 / 1 (+XRPUSDT)
2024-06-22 02:32:01,438
+XRPUSDT: bp4.0|
2024-06-22 02:32:01,850
update 11: filled 0 / 1 () | working 1 / 1 (+XRPUSDT)
2024-06-22 02:32:05,851
+XRPUSDT: bp4.0|
2024-06-22 02:32:06,267
update 12: filled 0 / 1 () | working 1 / 1 (+XRPUSDT)
2024-06-22 02:32:10,268
+XRPUSDT: bp2.0|
2024-06-22 02:32:10,679
update 13: filled 0 / 1 () | working 1 / 1 (+XRPUSDT)
2024-06-22 02:32:14,680
+XRPUSDT: bp4.0|
2024-06-22 02:32:15,093
update 14: filled 0 / 1 () | working 1 / 1 (+XRPUSDT)
2024-06-22 02:32:19,094
+XRPUSDT: bp4.0|
2024-06-22 02:32:19,094
Adjustment limit #1 ... 
 we cancel current orders and replace
2024-06-22 02:32:19,094
@+/-2.5bp limit 
2024-06-22 02:32:19,094
binance_cancel_and_replace_orders_peg 20240622_023219
2024-06-22 02:32:20,125
binance_place_orders_peg 20240622_023220
2024-06-22 02:32:20,533
{'orderId': 58943597727, 'symbol': 'XRPUSDT', 'status': 'NEW', 'clientOrderId': 'STRATON', 'price': '0.4880', 'avgPrice': '0.00', 'origQty': '25.0', 'executedQty': '0.0', 'cumQty': '0.0', 'cumQuote': '0.00000', 'timeInForce': 'GTC', 'type': 'LIMIT', 'reduceOnly': False, 'closePosition': False, 'side': 'BUY', 'positionSide': 'BOTH', 'stopPrice': '0.0000', 'workingType': 'CONTRACT_PRICE', 'priceProtect': False, 'origType': 'LIMIT', 'priceMatch': 'NONE', 'selfTradePreventionMode': 'NONE', 'goodTillDate': 0, 'updateTime': 1719023540431}
2024-06-22 02:32:20,962
update 0: filled 0 / 1 () | working 1 / 1 (+XRPUSDT)
2024-06-22 02:32:24,963
+XRPUSDT: bp2.0|
2024-06-22 02:32:25,383
update 1: filled 0 / 1 () | working 1 / 1 (+XRPUSDT)
2024-06-22 02:32:29,383
+XRPUSDT: bp2.0|
2024-06-22 02:32:29,805
update 2: filled 0 / 1 () | working 1 / 1 (+XRPUSDT)
2024-06-22 02:32:33,805
+XRPUSDT: bp2.0|
2024-06-22 02:32:34,225
update 3: filled 0 / 1 () | working 1 / 1 (+XRPUSDT)
2024-06-22 02:32:38,226
+XRPUSDT: bp4.0|
2024-06-22 02:32:38,645
update 4: filled 0 / 1 () | working 1 / 1 (+XRPUSDT)
2024-06-22 02:32:42,645
+XRPUSDT: bp2.0|
2024-06-22 02:32:43,066
update 5: filled 0 / 1 () | working 1 / 1 (+XRPUSDT)
2024-06-22 02:32:47,067
+XRPUSDT: bp4.0|
2024-06-22 02:32:47,488
update 6: filled 0 / 1 () | working 1 / 1 (+XRPUSDT)
2024-06-22 02:32:51,489
+XRPUSDT: bp6.0|
2024-06-22 02:32:51,907
update 7: filled 0 / 1 () | working 1 / 1 (+XRPUSDT)
2024-06-22 02:32:55,908
+XRPUSDT: bp4.0|
2024-06-22 02:32:56,327
update 8: filled 0 / 1 () | working 1 / 1 (+XRPUSDT)
2024-06-22 02:33:00,328
+XRPUSDT: bp4.0|
2024-06-22 02:33:00,750
update 9: filled 0 / 1 () | working 1 / 1 (+XRPUSDT)
2024-06-22 02:33:04,751
+XRPUSDT: bp4.0|
2024-06-22 02:33:05,171
update 10: filled 0 / 1 () | working 1 / 1 (+XRPUSDT)
2024-06-22 02:33:09,171
+XRPUSDT: bp4.0|
2024-06-22 02:33:09,591
update 11: filled 0 / 1 () | working 1 / 1 (+XRPUSDT)
2024-06-22 02:33:13,592
+XRPUSDT: bp2.0|
2024-06-22 02:33:14,011
update 12: filled 0 / 1 () | working 1 / 1 (+XRPUSDT)
2024-06-22 02:33:18,012
+XRPUSDT: bp2.0|
2024-06-22 02:33:18,430
update 13: filled 0 / 1 () | working 1 / 1 (+XRPUSDT)
2024-06-22 02:33:22,431
+XRPUSDT: bp2.0|
2024-06-22 02:33:22,850
update 14: filled 0 / 1 () | working 1 / 1 (+XRPUSDT)
2024-06-22 02:33:26,851
+XRPUSDT: bp2.0|
2024-06-22 02:33:26,851
Adjustment limit #2 ... 
 we cancel current orders and replace
2024-06-22 02:33:26,851
@+/-1.25bp limit 
2024-06-22 02:33:26,851
binance_cancel_and_replace_orders_peg 20240622_023326
2024-06-22 02:33:27,896
binance_place_orders_peg 20240622_023327
2024-06-22 02:33:28,305
{'orderId': 58943651091, 'symbol': 'XRPUSDT', 'status': 'NEW', 'clientOrderId': 'STRATON', 'price': '0.4880', 'avgPrice': '0.00', 'origQty': '25.0', 'executedQty': '0.0', 'cumQty': '0.0', 'cumQuote': '0.00000', 'timeInForce': 'GTC', 'type': 'LIMIT', 'reduceOnly': False, 'closePosition': False, 'side': 'BUY', 'positionSide': 'BOTH', 'stopPrice': '0.0000', 'workingType': 'CONTRACT_PRICE', 'priceProtect': False, 'origType': 'LIMIT', 'priceMatch': 'NONE', 'selfTradePreventionMode': 'NONE', 'goodTillDate': 0, 'updateTime': 1719023608204}
2024-06-22 02:33:28,732
update 0: filled 0 / 1 () | working 1 / 1 (+XRPUSDT)
2024-06-22 02:33:32,733
+XRPUSDT: bp2.0|
2024-06-22 02:33:33,153
update 1: filled 0 / 1 () | working 1 / 1 (+XRPUSDT)
2024-06-22 02:33:37,153
+XRPUSDT: bp-0.0|
2024-06-22 02:33:37,572
update 2: filled 0 / 1 () | working 1 / 1 (+XRPUSDT)
2024-06-22 02:33:41,573
+XRPUSDT: bp2.0|
2024-06-22 02:33:41,993
update 3: filled 0 / 1 () | working 1 / 1 (+XRPUSDT)
2024-06-22 02:33:45,993
+XRPUSDT: bp4.0|
2024-06-22 02:33:46,415
update 4: filled 0 / 1 () | working 1 / 1 (+XRPUSDT)
2024-06-22 02:33:50,415
+XRPUSDT: bp4.0|
2024-06-22 02:33:50,834
update 5: filled 0 / 1 () | working 1 / 1 (+XRPUSDT)
2024-06-22 02:33:54,835
+XRPUSDT: bp2.0|
2024-06-22 02:33:55,254
update 6: filled 0 / 1 () | working 1 / 1 (+XRPUSDT)
2024-06-22 02:33:59,255
+XRPUSDT: bp2.0|
2024-06-22 02:33:59,673
update 7: filled 0 / 1 () | working 1 / 1 (+XRPUSDT)
2024-06-22 02:34:03,674
+XRPUSDT: bp-0.0|
2024-06-22 02:34:04,093
update 8: filled 0 / 1 () | working 1 / 1 (+XRPUSDT)
2024-06-22 02:34:08,094
+XRPUSDT: bp4.0|
2024-06-22 02:34:08,513
update 9: filled 0 / 1 () | working 1 / 1 (+XRPUSDT)
2024-06-22 02:34:12,514
+XRPUSDT: bp4.0|
2024-06-22 02:34:12,934
update 10: filled 0 / 1 () | working 1 / 1 (+XRPUSDT)
2024-06-22 02:34:16,935
+XRPUSDT: bp4.0|
2024-06-22 02:34:17,354
update 11: filled 0 / 1 () | working 1 / 1 (+XRPUSDT)
2024-06-22 02:34:21,355
+XRPUSDT: bp2.0|
2024-06-22 02:34:21,775
update 12: filled 0 / 1 () | working 1 / 1 (+XRPUSDT)
2024-06-22 02:34:25,776
+XRPUSDT: bp6.0|
2024-06-22 02:34:26,196
update 13: filled 0 / 1 () | working 1 / 1 (+XRPUSDT)
2024-06-22 02:34:30,196
+XRPUSDT: bp6.0|
2024-06-22 02:34:30,616
update 14: filled 0 / 1 () | working 1 / 1 (+XRPUSDT)
2024-06-22 02:34:34,617
+XRPUSDT: bp4.0|
2024-06-22 02:34:34,617
Adjustment limit #3 ... 
 we cancel current orders and replace
2024-06-22 02:34:34,617
@+/-0.625bp limit 
2024-06-22 02:34:34,617
binance_cancel_and_replace_orders_peg 20240622_023434
2024-06-22 02:34:35,662
binance_place_orders_peg 20240622_023435
2024-06-22 02:34:36,071
{'orderId': 58943701033, 'symbol': 'XRPUSDT', 'status': 'NEW', 'clientOrderId': 'STRATON', 'price': '0.4881', 'avgPrice': '0.00', 'origQty': '25.0', 'executedQty': '0.0', 'cumQty': '0.0', 'cumQuote': '0.00000', 'timeInForce': 'GTC', 'type': 'LIMIT', 'reduceOnly': False, 'closePosition': False, 'side': 'BUY', 'positionSide': 'BOTH', 'stopPrice': '0.0000', 'workingType': 'CONTRACT_PRICE', 'priceProtect': False, 'origType': 'LIMIT', 'priceMatch': 'NONE', 'selfTradePreventionMode': 'NONE', 'goodTillDate': 0, 'updateTime': 1719023675968}
2024-06-22 02:34:36,499
update 0: filled 0 / 1 () | working 1 / 1 (+XRPUSDT)
2024-06-22 02:34:40,499
+XRPUSDT: bp2.0|
2024-06-22 02:34:40,918
update 1: filled 0 / 1 () | working 1 / 1 (+XRPUSDT)
2024-06-22 02:34:44,919
+XRPUSDT: bp2.0|
2024-06-22 02:34:45,339
update 2: filled 0 / 1 () | working 1 / 1 (+XRPUSDT)
2024-06-22 02:34:49,339
+XRPUSDT: bp-0.0|
2024-06-22 02:34:49,763
update 3: filled 1 / 1 (+XRPUSDT) | working 0 / 1 ()
2024-06-22 02:34:55,050
Trades of the day
in$
as of: 22Jun 02:34>>02:34 (#trades: 1)
trade net: +12.0 (+4.1%), trade gross: +12.0 (+4.1%), BUY: +12.0 (+4.1%), SELL: +0.0 (+0.0%)
fees: $ 0.002 (2.0bp)
2024-06-22 02:34:55,330
Trades: 
Filled #1
______________________________________________
                   in$ | in bp 12 traded | in bp 292 AUMs
realizedPnl    +0.04   | +33     | +1     
PnLvsArrival   +0      | +0      | +0     
PnLvsLast      +0      | +0      | +0     
______________________________________________
                 | Value$ | PnL Arrival/Last 
______________________________________________
XRP:+25@0.4881  | +12$ | 0/-0
