2024-06-21 22:30:58,255
ON program started 20240621 22:30:58,
US time: 20240621 18:30:58
2024-06-21 22:30:58,793
the strat is currently running @ 21-06-2024 and the target positions is SHORT
2024-06-21 22:31:01,300
CURRENT STATUS IS SHORT, WE CHECK IF THE DAY IS A NEGATIVE ONE
-----
return before 14h30:
BTCUSDT-1.93%, ETHUSDT-1.06%, XRPUSDT-0.72%
-----
target alloc initial:BTCUSDT-4.17%, ETHUSDT+0.00%, XRPUSDT-4.17%
-----
alloc target x rt%<0:BTCUSDT-4.17%, ETHUSDT+0.00%, XRPUSDT-4.17%
-----
           BTCUSDT ETHUSDT XRPUSDT
w_target     -4.2%    0.0%   -4.2%
rt_14h30    -0.02%  -0.01%  -0.01%
w_target_f   -4.2%    0.0%   -4.2%
2024-06-21 22:31:01,301
Portfolio was rebalanced less than 2 hours ago, 1.0 hours ago
2024-06-21 22:31:01,303
Status: prev = SHORT <> LONG = target
2024-06-21 22:31:01,303
the strat is currently running @ 21-06-2024 and the target positions is SHORT
the strat was previously run @ 2024-06-21 21:30:54, success:yes 
   and the current positions is LONG
2024-06-21 22:31:02,459
positions_future #2
2024-06-21 22:31:02,459
      symbol  positionAmt entryPrice  ... adlQuantile AUMs_account        w%
131  XRPUSDT      101.700     0.4821  ...           3        292.5  0.170168
165  ETHUSDT        0.014     3491.3  ...           2        292.5  0.168579

[2 rows x 12 columns]
2024-06-21 22:31:02,689
------------------------------
binance_account_balance
2024-06-21 22:31:02,689
  asset    balance  ...  marginAvailable   updateTime
4  USDT  291.35595  ...             True  21Jun-18:34

[1 rows x 8 columns]
2024-06-21 22:31:03,314
------------------------------
open_orders
2024-06-21 22:31:03,314
Empty DataFrame
Columns: []
Index: []
2024-06-21 22:31:03,923
------------------------------
AUMS account:292

2024-06-21 22:31:03,925
--------------- compute_futures_order_book() ----------------
2024-06-21 22:31:05,378
----------------------------------------------------------------------
#2 order(s) to place
gross$: 111$ | net$: -111$
gross%: 38% | net%: -38%
 || w>0%  +0% | w<0%  -38%
----------------------------------------------------------------------
PTF Expo% 33.8% >> -8.3% (current>>target)
PTF expo $99.0 >> $-24 (current>>target)
----------------------------------------------------------------------
2024-06-21 22:31:05,379
orders_ofthe_day
2024-06-21 22:31:05,379
                  ptf_usd  target_usd  totrd_usd  ...        bid        ask strategy
2024-06-21 22:31                                  ...                               
XRPUSDT              50.0       -12.2      -62.0  ...     0.4894     0.4895  STRATON
ETHUSDT              49.0         0.0      -49.0  ...  3522.3800  3522.3900  STRATON

[2 rows x 10 columns]
2024-06-21 22:31:06,970
binance_place_orders_peg 20240621_223106
2024-06-21 22:31:07,378
{'orderId': 58934143153, 'symbol': 'XRPUSDT', 'status': 'NEW', 'clientOrderId': 'STRATON', 'price': '0.4897', 'avgPrice': '0.00', 'origQty': '126.7', 'executedQty': '0.0', 'cumQty': '0.0', 'cumQuote': '0.00000', 'timeInForce': 'GTC', 'type': 'LIMIT', 'reduceOnly': False, 'closePosition': False, 'side': 'SELL', 'positionSide': 'BOTH', 'stopPrice': '0.0000', 'workingType': 'CONTRACT_PRICE', 'priceProtect': False, 'origType': 'LIMIT', 'priceMatch': 'NONE', 'selfTradePreventionMode': 'NONE', 'goodTillDate': 0, 'updateTime': 1719009067276}
2024-06-21 22:31:07,788
{'orderId': 8389765693640789794, 'symbol': 'ETHUSDT', 'status': 'NEW', 'clientOrderId': 'STRATON', 'price': '3523.93', 'avgPrice': '0.00', 'origQty': '0.014', 'executedQty': '0.000', 'cumQty': '0.000', 'cumQuote': '0.00000', 'timeInForce': 'GTC', 'type': 'LIMIT', 'reduceOnly': False, 'closePosition': False, 'side': 'SELL', 'positionSide': 'BOTH', 'stopPrice': '0.00', 'workingType': 'CONTRACT_PRICE', 'priceProtect': False, 'origType': 'LIMIT', 'priceMatch': 'NONE', 'selfTradePreventionMode': 'NONE', 'goodTillDate': 0, 'updateTime': 1719009067686}
2024-06-21 22:31:09,244
update 0: filled 0 / 2 () | working 2 / 2 (-XRPUSDT,-ETHUSDT)
2024-06-21 22:31:13,245
-XRPUSDT: bp4.0|-ETHUSDT: bp4.0|
2024-06-21 22:31:14,061
update 1: filled 0 / 2 () | working 2 / 2 (-XRPUSDT,-ETHUSDT)
2024-06-21 22:31:18,062
-XRPUSDT: bp4.0|-ETHUSDT: bp5.0|
2024-06-21 22:31:18,877
update 2: filled 0 / 2 () | working 2 / 2 (-XRPUSDT,-ETHUSDT)
2024-06-21 22:31:22,878
-XRPUSDT: bp6.0|-ETHUSDT: bp5.0|
2024-06-21 22:31:23,697
update 3: filled 0 / 2 () | working 2 / 2 (-XRPUSDT,-ETHUSDT)
2024-06-21 22:31:27,698
-XRPUSDT: bp4.0|-ETHUSDT: bp5.0|
2024-06-21 22:31:28,512
update 4: filled 0 / 2 () | working 2 / 2 (-XRPUSDT,-ETHUSDT)
2024-06-21 22:31:32,513
-XRPUSDT: bp6.0|-ETHUSDT: bp5.0|
2024-06-21 22:31:33,327
update 5: filled 0 / 2 () | working 2 / 2 (-XRPUSDT,-ETHUSDT)
2024-06-21 22:31:37,328
-XRPUSDT: bp4.0|-ETHUSDT: bp5.0|
2024-06-21 22:31:38,143
update 6: filled 0 / 2 () | working 2 / 2 (-XRPUSDT,-ETHUSDT)
2024-06-21 22:31:42,144
-XRPUSDT: bp6.0|-ETHUSDT: bp5.0|
2024-06-21 22:31:42,963
update 7: filled 0 / 2 () | working 2 / 2 (-XRPUSDT,-ETHUSDT)
2024-06-21 22:31:46,964
-XRPUSDT: bp6.0|-ETHUSDT: bp5.0|
2024-06-21 22:31:47,778
update 8: filled 0 / 2 () | working 2 / 2 (-XRPUSDT,-ETHUSDT)
2024-06-21 22:31:51,779
-XRPUSDT: bp4.0|-ETHUSDT: bp7.0|
2024-06-21 22:31:52,594
update 9: filled 0 / 2 () | working 2 / 2 (-XRPUSDT,-ETHUSDT)
2024-06-21 22:31:56,595
-XRPUSDT: bp6.0|-ETHUSDT: bp7.0|
2024-06-21 22:31:57,409
update 10: filled 0 / 2 () | working 2 / 2 (-XRPUSDT,-ETHUSDT)
2024-06-21 22:32:01,410
-XRPUSDT: bp4.0|-ETHUSDT: bp7.0|
2024-06-21 22:32:02,229
update 11: filled 0 / 2 () | working 2 / 2 (-XRPUSDT,-ETHUSDT)
2024-06-21 22:32:06,230
-XRPUSDT: bp4.0|-ETHUSDT: bp7.0|
2024-06-21 22:32:07,045
update 12: filled 0 / 2 () | working 2 / 2 (-XRPUSDT,-ETHUSDT)
2024-06-21 22:32:11,046
-XRPUSDT: bp4.0|-ETHUSDT: bp7.0|
2024-06-21 22:32:11,863
update 13: filled 0 / 2 () | working 2 / 2 (-XRPUSDT,-ETHUSDT)
2024-06-21 22:32:15,864
-XRPUSDT: bp4.0|-ETHUSDT: bp4.0|
2024-06-21 22:32:16,680
update 14: filled 1 / 2 (-XRPUSDT) | working 1 / 2 (-ETHUSDT)
2024-06-21 22:32:20,680
-ETHUSDT: bp3.0|
2024-06-21 22:32:20,680
Adjustment limit #1 ... 
 we cancel current orders and replace
2024-06-21 22:32:20,680
@+/-2.5bp limit 
2024-06-21 22:32:20,681
binance_cancel_and_replace_orders_peg 20240621_223220
2024-06-21 22:32:22,120
binance_place_orders_peg 20240621_223222
2024-06-21 22:32:22,528
{'orderId': 8389765693641002442, 'symbol': 'ETHUSDT', 'status': 'NEW', 'clientOrderId': 'STRATON', 'price': '3524.31', 'avgPrice': '0.00', 'origQty': '0.014', 'executedQty': '0.000', 'cumQty': '0.000', 'cumQuote': '0.00000', 'timeInForce': 'GTC', 'type': 'LIMIT', 'reduceOnly': False, 'closePosition': False, 'side': 'SELL', 'positionSide': 'BOTH', 'stopPrice': '0.00', 'workingType': 'CONTRACT_PRICE', 'priceProtect': False, 'origType': 'LIMIT', 'priceMatch': 'NONE', 'selfTradePreventionMode': 'NONE', 'goodTillDate': 0, 'updateTime': 1719009142425}
2024-06-21 22:32:23,351
update 0: filled 1 / 2 (-XRPUSDT) | working 1 / 2 (-ETHUSDT)
2024-06-21 22:32:27,352
-ETHUSDT: bp3.0|
2024-06-21 22:32:28,169
update 1: filled 1 / 2 (-XRPUSDT) | working 1 / 2 (-ETHUSDT)
2024-06-21 22:32:32,169
-ETHUSDT: bp3.0|
2024-06-21 22:32:32,985
update 2: filled 1 / 2 (-XRPUSDT) | working 1 / 2 (-ETHUSDT)
2024-06-21 22:32:36,985
-ETHUSDT: bp2.0|
2024-06-21 22:32:37,800
update 3: filled 1 / 2 (-XRPUSDT) | working 1 / 2 (-ETHUSDT)
2024-06-21 22:32:41,801
-ETHUSDT: bp3.0|
2024-06-21 22:32:42,618
update 4: filled 1 / 2 (-XRPUSDT) | working 1 / 2 (-ETHUSDT)
2024-06-21 22:32:46,619
-ETHUSDT: bp4.0|
2024-06-21 22:32:47,433
update 5: filled 1 / 2 (-XRPUSDT) | working 1 / 2 (-ETHUSDT)
2024-06-21 22:32:51,434
-ETHUSDT: bp4.0|
2024-06-21 22:32:52,252
update 6: filled 1 / 2 (-XRPUSDT) | working 1 / 2 (-ETHUSDT)
2024-06-21 22:32:56,253
-ETHUSDT: bp3.0|
2024-06-21 22:32:57,066
update 7: filled 1 / 2 (-XRPUSDT) | working 1 / 2 (-ETHUSDT)
2024-06-21 22:33:01,067
-ETHUSDT: bp3.0|
2024-06-21 22:33:01,883
update 8: filled 1 / 2 (-XRPUSDT) | working 1 / 2 (-ETHUSDT)
2024-06-21 22:33:05,884
-ETHUSDT: bp3.0|
2024-06-21 22:33:06,698
update 9: filled 1 / 2 (-XRPUSDT) | working 1 / 2 (-ETHUSDT)
2024-06-21 22:33:10,699
-ETHUSDT: bp3.0|
2024-06-21 22:33:11,513
update 10: filled 1 / 2 (-XRPUSDT) | working 1 / 2 (-ETHUSDT)
2024-06-21 22:33:15,514
-ETHUSDT: bp3.0|
2024-06-21 22:33:16,328
update 11: filled 1 / 2 (-XRPUSDT) | working 1 / 2 (-ETHUSDT)
2024-06-21 22:33:20,329
-ETHUSDT: bp3.0|
2024-06-21 22:33:21,142
update 12: filled 1 / 2 (-XRPUSDT) | working 1 / 2 (-ETHUSDT)
2024-06-21 22:33:25,143
-ETHUSDT: bp3.0|
2024-06-21 22:33:25,958
update 13: filled 1 / 2 (-XRPUSDT) | working 1 / 2 (-ETHUSDT)
2024-06-21 22:33:29,959
-ETHUSDT: bp3.0|
2024-06-21 22:33:30,774
update 14: filled 1 / 2 (-XRPUSDT) | working 1 / 2 (-ETHUSDT)
2024-06-21 22:33:34,775
-ETHUSDT: bp3.0|
2024-06-21 22:33:34,775
Adjustment limit #2 ... 
 we cancel current orders and replace
2024-06-21 22:33:34,775
@+/-1.25bp limit 
2024-06-21 22:33:34,775
binance_cancel_and_replace_orders_peg 20240621_223334
2024-06-21 22:33:36,208
binance_place_orders_peg 20240621_223336
2024-06-21 22:33:36,617
{'orderId': 8389765693641242162, 'symbol': 'ETHUSDT', 'status': 'NEW', 'clientOrderId': 'STRATON', 'price': '3523.79', 'avgPrice': '0.00', 'origQty': '0.014', 'executedQty': '0.000', 'cumQty': '0.000', 'cumQuote': '0.00000', 'timeInForce': 'GTC', 'type': 'LIMIT', 'reduceOnly': False, 'closePosition': False, 'side': 'SELL', 'positionSide': 'BOTH', 'stopPrice': '0.00', 'workingType': 'CONTRACT_PRICE', 'priceProtect': False, 'origType': 'LIMIT', 'priceMatch': 'NONE', 'selfTradePreventionMode': 'NONE', 'goodTillDate': 0, 'updateTime': 1719009216514}
2024-06-21 22:33:37,440
update 0: filled 1 / 2 (-XRPUSDT) | working 1 / 2 (-ETHUSDT)
2024-06-21 22:33:41,441
-ETHUSDT: bp1.0|
2024-06-21 22:33:42,256
update 1: filled 1 / 2 (-XRPUSDT) | working 1 / 2 (-ETHUSDT)
2024-06-21 22:33:46,257
-ETHUSDT: bp1.0|
2024-06-21 22:33:47,074
update 2: filled 1 / 2 (-XRPUSDT) | working 1 / 2 (-ETHUSDT)
2024-06-21 22:33:51,075
-ETHUSDT: bp1.0|
2024-06-21 22:33:51,888
update 3: filled 1 / 2 (-XRPUSDT) | working 1 / 2 (-ETHUSDT)
2024-06-21 22:33:55,889
-ETHUSDT: bp3.0|
2024-06-21 22:33:56,708
update 4: filled 1 / 2 (-XRPUSDT) | working 1 / 2 (-ETHUSDT)
2024-06-21 22:34:00,709
-ETHUSDT: bp3.0|
2024-06-21 22:34:01,525
update 5: filled 1 / 2 (-XRPUSDT) | working 1 / 2 (-ETHUSDT)
2024-06-21 22:34:05,526
-ETHUSDT: bp3.0|
2024-06-21 22:34:06,341
update 6: filled 1 / 2 (-XRPUSDT) | working 1 / 2 (-ETHUSDT)
2024-06-21 22:34:10,342
-ETHUSDT: bp3.0|
2024-06-21 22:34:11,157
update 7: filled 1 / 2 (-XRPUSDT) | working 1 / 2 (-ETHUSDT)
2024-06-21 22:34:15,158
-ETHUSDT: bp4.0|
2024-06-21 22:34:15,973
update 8: filled 1 / 2 (-XRPUSDT) | working 1 / 2 (-ETHUSDT)
2024-06-21 22:34:19,974
-ETHUSDT: bp4.0|
2024-06-21 22:34:20,790
update 9: filled 1 / 2 (-XRPUSDT) | working 1 / 2 (-ETHUSDT)
2024-06-21 22:34:24,791
-ETHUSDT: bp4.0|
2024-06-21 22:34:25,606
update 10: filled 1 / 2 (-XRPUSDT) | working 1 / 2 (-ETHUSDT)
2024-06-21 22:34:29,607
-ETHUSDT: bp4.0|
2024-06-21 22:34:30,423
update 11: filled 1 / 2 (-XRPUSDT) | working 1 / 2 (-ETHUSDT)
2024-06-21 22:34:34,423
-ETHUSDT: bp4.0|
2024-06-21 22:34:35,238
update 12: filled 1 / 2 (-XRPUSDT) | working 1 / 2 (-ETHUSDT)
2024-06-21 22:34:39,239
-ETHUSDT: bp4.0|
2024-06-21 22:34:40,054
update 13: filled 1 / 2 (-XRPUSDT) | working 1 / 2 (-ETHUSDT)
2024-06-21 22:34:44,055
-ETHUSDT: bp5.0|
2024-06-21 22:34:44,874
update 14: filled 1 / 2 (-XRPUSDT) | working 1 / 2 (-ETHUSDT)
2024-06-21 22:34:48,875
-ETHUSDT: bp5.0|
2024-06-21 22:34:48,875
Adjustment limit #3 ... 
 we cancel current orders and replace
2024-06-21 22:34:48,875
@+/-0.625bp limit 
2024-06-21 22:34:48,875
binance_cancel_and_replace_orders_peg 20240621_223448
2024-06-21 22:34:50,307
binance_place_orders_peg 20240621_223450
2024-06-21 22:34:50,714
{'orderId': 8389765693641531438, 'symbol': 'ETHUSDT', 'status': 'NEW', 'clientOrderId': 'STRATON', 'price': '3521.54', 'avgPrice': '0.00', 'origQty': '0.014', 'executedQty': '0.000', 'cumQty': '0.000', 'cumQuote': '0.00000', 'timeInForce': 'GTC', 'type': 'LIMIT', 'reduceOnly': False, 'closePosition': False, 'side': 'SELL', 'positionSide': 'BOTH', 'stopPrice': '0.00', 'workingType': 'CONTRACT_PRICE', 'priceProtect': False, 'origType': 'LIMIT', 'priceMatch': 'NONE', 'selfTradePreventionMode': 'NONE', 'goodTillDate': 0, 'updateTime': 1719009290612}
2024-06-21 22:34:51,537
update 0: filled 1 / 2 (-XRPUSDT) | working 1 / 2 (-ETHUSDT)
2024-06-21 22:34:55,538
-ETHUSDT: bp0.0|
2024-06-21 22:34:56,352
update 1: filled 1 / 2 (-XRPUSDT) | working 1 / 2 (-ETHUSDT)
2024-06-21 22:35:00,353
-ETHUSDT: bp1.0|
2024-06-21 22:35:01,168
update 2: filled 1 / 2 (-XRPUSDT) | working 1 / 2 (-ETHUSDT)
2024-06-21 22:35:05,168
-ETHUSDT: bp1.0|
2024-06-21 22:35:05,983
update 3: filled 1 / 2 (-XRPUSDT) | working 1 / 2 (-ETHUSDT)
2024-06-21 22:35:09,984
-ETHUSDT: bp0.0|
2024-06-21 22:35:10,799
update 4: filled 1 / 2 (-XRPUSDT) | working 1 / 2 (-ETHUSDT)
2024-06-21 22:35:14,800
-ETHUSDT: bp0.0|
2024-06-21 22:35:15,616
update 5: filled 1 / 2 (-XRPUSDT) | working 1 / 2 (-ETHUSDT)
2024-06-21 22:35:19,616
-ETHUSDT: bp1.0|
2024-06-21 22:35:20,437
update 6: filled 1 / 2 (-XRPUSDT) | working 1 / 2 (-ETHUSDT)
2024-06-21 22:35:24,438
-ETHUSDT: bp2.0|
2024-06-21 22:35:25,255
update 7: filled 1 / 2 (-XRPUSDT) | working 1 / 2 (-ETHUSDT)
2024-06-21 22:35:29,255
-ETHUSDT: bp1.0|
2024-06-21 22:35:30,070
update 8: filled 1 / 2 (-XRPUSDT) | working 1 / 2 (-ETHUSDT)
2024-06-21 22:35:34,071
-ETHUSDT: bp1.0|
2024-06-21 22:35:34,887
update 9: filled 1 / 2 (-XRPUSDT) | working 1 / 2 (-ETHUSDT)
2024-06-21 22:35:38,888
-ETHUSDT: bp0.0|
2024-06-21 22:35:39,703
update 10: filled 1 / 2 (-XRPUSDT) | working 1 / 2 (-ETHUSDT)
2024-06-21 22:35:43,704
-ETHUSDT: bp2.0|
2024-06-21 22:35:44,521
update 11: filled 1 / 2 (-XRPUSDT) | working 1 / 2 (-ETHUSDT)
2024-06-21 22:35:48,522
-ETHUSDT: bp2.0|
2024-06-21 22:35:49,339
update 12: filled 1 / 2 (-XRPUSDT) | working 1 / 2 (-ETHUSDT)
2024-06-21 22:35:53,340
-ETHUSDT: bp2.0|
2024-06-21 22:35:54,154
update 13: filled 1 / 2 (-XRPUSDT) | working 1 / 2 (-ETHUSDT)
2024-06-21 22:35:58,155
-ETHUSDT: bp2.0|
2024-06-21 22:35:58,970
update 14: filled 1 / 2 (-XRPUSDT) | working 1 / 2 (-ETHUSDT)
2024-06-21 22:36:02,971
-ETHUSDT: bp2.0|
2024-06-21 22:36:02,971
Adjustment limit #4 ... 
 we cancel current orders and replace
2024-06-21 22:36:02,971
@+/-0.3125bp limit 
2024-06-21 22:36:02,971
binance_cancel_and_replace_orders_peg 20240621_223602
2024-06-21 22:36:04,404
binance_place_orders_peg 20240621_223604
2024-06-21 22:36:04,812
{'orderId': 8389765693641820759, 'symbol': 'ETHUSDT', 'status': 'NEW', 'clientOrderId': 'STRATON', 'price': '3521.41', 'avgPrice': '0.00', 'origQty': '0.014', 'executedQty': '0.000', 'cumQty': '0.000', 'cumQuote': '0.00000', 'timeInForce': 'GTC', 'type': 'LIMIT', 'reduceOnly': False, 'closePosition': False, 'side': 'SELL', 'positionSide': 'BOTH', 'stopPrice': '0.00', 'workingType': 'CONTRACT_PRICE', 'priceProtect': False, 'origType': 'LIMIT', 'priceMatch': 'NONE', 'selfTradePreventionMode': 'NONE', 'goodTillDate': 0, 'updateTime': 1719009364709}
2024-06-21 22:36:05,636
update 0: filled 1 / 2 (-XRPUSDT) | working 1 / 2 (-ETHUSDT)
2024-06-21 22:36:09,637
-ETHUSDT: bp1.0|
2024-06-21 22:36:10,451
update 1: filled 1 / 2 (-XRPUSDT) | working 1 / 2 (-ETHUSDT)
2024-06-21 22:36:14,452
-ETHUSDT: bp0.0|
2024-06-21 22:36:15,266
update 2: filled 1 / 2 (-XRPUSDT) | working 1 / 2 (-ETHUSDT)
2024-06-21 22:36:19,267
-ETHUSDT: bp0.0|
2024-06-21 22:36:20,087
update 3: filled 1 / 2 (-XRPUSDT) | working 1 / 2 (-ETHUSDT)
2024-06-21 22:36:24,088
-ETHUSDT: bp2.0|
2024-06-21 22:36:24,903
update 4: filled 1 / 2 (-XRPUSDT) | working 1 / 2 (-ETHUSDT)
2024-06-21 22:36:28,905
-ETHUSDT: bp2.0|
2024-06-21 22:36:29,720
update 5: filled 1 / 2 (-XRPUSDT) | working 1 / 2 (-ETHUSDT)
2024-06-21 22:36:33,721
-ETHUSDT: bp3.0|
2024-06-21 22:36:34,536
update 6: filled 1 / 2 (-XRPUSDT) | working 1 / 2 (-ETHUSDT)
2024-06-21 22:36:38,536
-ETHUSDT: bp3.0|
2024-06-21 22:36:39,351
update 7: filled 1 / 2 (-XRPUSDT) | working 1 / 2 (-ETHUSDT)
2024-06-21 22:36:43,351
-ETHUSDT: bp1.0|
2024-06-21 22:36:44,167
update 8: filled 1 / 2 (-XRPUSDT) | working 1 / 2 (-ETHUSDT)
2024-06-21 22:36:48,167
-ETHUSDT: bp0.0|
2024-06-21 22:36:48,982
update 9: filled 1 / 2 (-XRPUSDT) | working 1 / 2 (-ETHUSDT)
2024-06-21 22:36:52,982
-ETHUSDT: bp0.0|
2024-06-21 22:36:53,797
update 10: filled 1 / 2 (-XRPUSDT) | working 1 / 2 (-ETHUSDT)
2024-06-21 22:36:57,798
-ETHUSDT: bp0.0|
2024-06-21 22:36:58,616
update 11: filled 1 / 2 (-XRPUSDT) | working 1 / 2 (-ETHUSDT)
2024-06-21 22:37:02,617
-ETHUSDT: bp0.0|
2024-06-21 22:37:03,433
update 12: filled 1 / 2 (-XRPUSDT) | working 1 / 2 (-ETHUSDT)
2024-06-21 22:37:07,434
-ETHUSDT: bp0.0|
2024-06-21 22:37:08,249
update 13: filled 1 / 2 (-XRPUSDT) | working 1 / 2 (-ETHUSDT)
2024-06-21 22:37:12,250
-ETHUSDT: bp1.0|
2024-06-21 22:37:13,066
update 14: filled 1 / 2 (-XRPUSDT) | working 1 / 2 (-ETHUSDT)
2024-06-21 22:37:17,067
-ETHUSDT: bp0.0|
2024-06-21 22:37:17,067
Adjustment limit #5 ... 
 we cancel current orders and replace
2024-06-21 22:37:17,067
@+/-0.15625bp limit 
2024-06-21 22:37:17,067
binance_cancel_and_replace_orders_peg 20240621_223717
2024-06-21 22:37:18,502
binance_place_orders_peg 20240621_223718
2024-06-21 22:37:18,913
{'orderId': 8389765693642082133, 'symbol': 'ETHUSDT', 'status': 'NEW', 'clientOrderId': 'STRATON', 'price': '3521.18', 'avgPrice': '0.00', 'origQty': '0.014', 'executedQty': '0.000', 'cumQty': '0.000', 'cumQuote': '0.00000', 'timeInForce': 'GTC', 'type': 'LIMIT', 'reduceOnly': False, 'closePosition': False, 'side': 'SELL', 'positionSide': 'BOTH', 'stopPrice': '0.00', 'workingType': 'CONTRACT_PRICE', 'priceProtect': False, 'origType': 'LIMIT', 'priceMatch': 'NONE', 'selfTradePreventionMode': 'NONE', 'goodTillDate': 0, 'updateTime': 1719009438807}
2024-06-21 22:37:19,737
update 0: filled 1 / 2 (-XRPUSDT) | working 1 / 2 (-ETHUSDT)
2024-06-21 22:37:23,737
-ETHUSDT: bp0.0|
2024-06-21 22:37:24,552
update 1: filled 1 / 2 (-XRPUSDT) | working 1 / 2 (-ETHUSDT)
2024-06-21 22:37:28,553
-ETHUSDT: bp0.0|
2024-06-21 22:37:29,367
update 2: filled 1 / 2 (-XRPUSDT) | working 1 / 2 (-ETHUSDT)
2024-06-21 22:37:33,368
-ETHUSDT: bp0.0|
2024-06-21 22:37:34,182
update 3: filled 1 / 2 (-XRPUSDT) | working 1 / 2 (-ETHUSDT)
2024-06-21 22:37:38,184
-ETHUSDT: bp0.0|
2024-06-21 22:37:39,000
update 4: filled 1 / 2 (-XRPUSDT) | working 1 / 2 (-ETHUSDT)
2024-06-21 22:37:43,001
-ETHUSDT: bp1.0|
2024-06-21 22:37:43,816
update 5: filled 1 / 2 (-XRPUSDT) | working 1 / 2 (-ETHUSDT)
2024-06-21 22:37:47,816
-ETHUSDT: bp1.0|
2024-06-21 22:37:48,637
update 6: filled 1 / 2 (-XRPUSDT) | working 1 / 2 (-ETHUSDT)
2024-06-21 22:37:52,638
-ETHUSDT: bp1.0|
2024-06-21 22:37:53,462
update 7: filled 1 / 2 (-XRPUSDT) | working 1 / 2 (-ETHUSDT)
2024-06-21 22:37:57,463
-ETHUSDT: bp2.0|
2024-06-21 22:37:58,277
update 8: filled 1 / 2 (-XRPUSDT) | working 1 / 2 (-ETHUSDT)
2024-06-21 22:38:02,278
-ETHUSDT: bp2.0|
2024-06-21 22:38:03,092
update 9: filled 1 / 2 (-XRPUSDT) | working 1 / 2 (-ETHUSDT)
2024-06-21 22:38:07,093
-ETHUSDT: bp3.0|
2024-06-21 22:38:07,908
update 10: filled 1 / 2 (-XRPUSDT) | working 1 / 2 (-ETHUSDT)
2024-06-21 22:38:11,909
-ETHUSDT: bp3.0|
2024-06-21 22:38:12,723
update 11: filled 1 / 2 (-XRPUSDT) | working 1 / 2 (-ETHUSDT)
2024-06-21 22:38:16,724
-ETHUSDT: bp3.0|
2024-06-21 22:38:17,538
update 12: filled 1 / 2 (-XRPUSDT) | working 1 / 2 (-ETHUSDT)
2024-06-21 22:38:21,539
-ETHUSDT: bp4.0|
2024-06-21 22:38:22,354
update 13: filled 1 / 2 (-XRPUSDT) | working 1 / 2 (-ETHUSDT)
2024-06-21 22:38:26,355
-ETHUSDT: bp4.0|
2024-06-21 22:38:27,170
update 14: filled 2 / 2 (-XRPUSDT,-ETHUSDT) | working 0 / 2 ()
2024-06-21 22:38:33,444
Trades of the day
in$
as of: 21Jun 22:32>>22:38 (#trades: 2)
trade net: -111.0 (-37.9%), trade gross: +111.0 (+37.9%), BUY: +0.0 (+0.0%), SELL: -111.0 (-37.9%)
fees: $ 0.022 (2.0bp)
2024-06-21 22:38:33,868
Trades: 
Filled #2
______________________________________________
                   in$ | in bp 111 traded | in bp 292 AUMs
realizedPnl    +1.19   | +107    | +41    
PnLvsArrival   +0.01   | +1      | +0     
PnLvsLast      +0.08   | +7      | +3     
______________________________________________
                 | Value$ | PnL Arrival/Last 
______________________________________________
XRP:-126.7@0.4897 | -62$ | 0.03/0.08
ETH:-0.014@3521.18 | -49$ | -0.02/-0
