2023-10-19 01:30:51,230
ON program started 20231019 01:30:51,
US time: 20231018 21:30:51
2023-10-19 01:30:51,600
the strat is currently running @ 19-10-2023 and the target positions is SHORT
2023-10-19 01:30:52,932
CURRENT STATUS IS SHORT, WE CHECK IF THE DAY IS A NEGATIVE ONE
-----
return before 14h30:
BTCUSDT+0.00%, ETHUSDT+0.00%, XRPUSDT+0.00%
-----
target alloc initial:BTCUSDT-4.17%, ETHUSDT+0.00%, XRPUSDT-4.17%
-----
alloc target x rt%<0:BTCUSDT-0.00%, ETHUSDT+0.00%, XRPUSDT-0.00%
-----
           BTCUSDT ETHUSDT XRPUSDT
w_target     -4.2%    0.0%   -4.2%
rt_14h30     0.00%   0.00%   0.00%
w_target_f   -0.0%    0.0%   -0.0%
2023-10-19 01:30:52,933
Portfolio was rebalanced less than 2 hours ago, 1.0 hours ago
2023-10-19 01:30:52,936
Status: prev = SHORT <> SHORT = target
2023-10-19 01:30:52,936
the strat is currently running @ 19-10-2023 and the target positions is SHORT
the strat was previously run @ 2023-10-19 00:30:50 UTC, success:yes 
   and the current positions is SHORT
2023-10-19 01:30:54,048
positions_future #0
2023-10-19 01:30:54,048
Empty DataFrame
Columns: [symbol, positionAmt, entryPrice, breakEvenPrice, markPrice, unRealizedProfit, value_usd, updateTime, AUMs_account, w%]
Index: []
2023-10-19 01:30:54,056
programm stoppeddd!!! 20231019_013054
