2023-08-11 00:30:38,388
ON program started 20230811 00:30:38,
US time: 20230810 20:30:38
2023-08-11 00:30:38,593
the strat is currently running @ 11-08-2023 and the target positions is SHORT
2023-08-11 00:30:39,904
CURRENT STATUS IS SHORT, WE CHECK IF THE DAY IS A NEGATIVE ONE
-----
return before 14h30:
BTCUSDT+0.00%, ETHUSDT+0.00%, XRPUSDT+0.00%
-----
target alloc initial:BTCUSDT-4.17%, ETHUSDT+0.00%, XRPUSDT-4.17%
-----
alloc target x rt%<0:BTCUSDT-0.00%, ETHUSDT+0.00%, XRPUSDT-0.00%
-----
           BTCUSDT ETHUSDT XRPUSDT
w_target     -4.2%    0.0%   -4.2%
rt_14h30     0.00%   0.00%   0.00%
w_target_f   -0.0%    0.0%   -0.0%
2023-08-11 00:30:39,906
Portfolio was rebalanced less than 2 hours ago, 1.0 hours ago
2023-08-11 00:30:39,908
Status: prev = SHORT <> SHORT = target
2023-08-11 00:30:39,909
the strat is currently running @ 11-08-2023 and the target positions is SHORT
the strat was previously run @ 2023-08-10 23:30:59 UTC, success:yes 
   and the current positions is SHORT
2023-08-11 00:30:41,022
positions_future #1
2023-08-11 00:30:41,022
      symbol  positionAmt entryPrice  ...   updateTime  AUMs_account        w%
110  XRPUSDT        -19.9     0.6339  ...  10Aug-22:33         290.5 -0.043499

[1 rows x 9 columns]
2023-08-11 00:30:41,047
programm stoppeddd!!! 20230811_003041
