2024-01-09 20:30:52,547
ON program started 20240109 20:30:52,
US time: 20240109 15:30:52
2024-01-09 20:30:52,996
the strat is currently running @ 09-01-2024 and the target positions is LONG
2024-01-09 20:30:54,828
CURRENT STATUS IS LONG
-----
return before 14h30:
BTCUSDT-0.35%, ETHUSDT-1.70%, XRPUSDT-0.87%
-----
target alloc initial:BTCUSDT+16.67%, ETHUSDT+16.67%, XRPUSDT+16.67%
-----
alloc target x rt%<0:BTCUSDT+16.67%, ETHUSDT+16.67%, XRPUSDT+16.67%
-----
           BTCUSDT ETHUSDT XRPUSDT
w_target     16.7%   16.7%   16.7%
rt_14h30    -0.00%  -0.02%  -0.01%
w_target_f   16.7%   16.7%   16.7%
2024-01-09 20:30:54,830
Portfolio was rebalanced less than 2 hours ago, 1.0 hours ago
2024-01-09 20:30:54,832
Status: prev = LONG <> LONG = target
2024-01-09 20:30:54,832
the strat is currently running @ 09-01-2024 and the target positions is LONG
the strat was previously run @ 2024-01-09 19:30:43 UTC, success:? 
   and the current positions is LONG
2024-01-09 20:30:56,039
positions_future #2
2024-01-09 20:30:56,040
      symbol  positionAmt entryPrice  ... adlQuantile AUMs_account        w%
113  XRPUSDT       84.000     0.5723  ...           2        287.5  0.167443
141  ETHUSDT        0.021    2272.49  ...           1        287.5  0.165194

[2 rows x 12 columns]
2024-01-09 20:30:56,279
------------------------------
binance_account_balance
2024-01-09 20:30:56,279
  asset     balance  ...  marginAvailable   updateTime
5  USDT  287.664105  ...             True  09Jan-19:33

[1 rows x 8 columns]
2024-01-09 20:30:56,942
------------------------------
open_orders
2024-01-09 20:30:56,943
Empty DataFrame
Columns: []
Index: []
2024-01-09 20:30:57,594
------------------------------
AUMS account:287

2024-01-09 20:30:57,596
--------------- compute_futures_order_book() ----------------
2024-01-09 20:30:59,140
----------------------------------------------------------------------
#0 order(s) to place
gross$: 0$ | net$: +0$
gross%: 0% | net%: +0%
 || w>0%  +0% | w<0%  0%
----------------------------------------------------------------------
PTF Expo% 33.0% >> 50.0% (current>>target)
PTF expo $95.0 >> $143 (current>>target)
----------------------------------------------------------------------
2024-01-09 20:30:59,141
orders_ofthe_day
2024-01-09 20:30:59,141
Empty DataFrame
Columns: [ptf_usd, target_usd, totrd_usd, posttrd_usd, qty, posttrd_qty, posttrd_w, bid, ask, strategy]
Index: []
2024-01-09 20:30:59,210
Orders of the day is empty, current and target potfolios are aligned
2024-01-09 20:30:59,211
Program stopped
