2023-08-25 23:30:42,661
ON program started 20230825 23:30:42,
US time: 20230825 19:30:42
2023-08-25 23:30:43,653
the strat is currently running @ 25-08-2023 and the target positions is SHORT
2023-08-25 23:30:45,071
CURRENT STATUS IS SHORT, WE CHECK IF THE DAY IS A NEGATIVE ONE
-----
return before 14h30:
BTCUSDT-0.83%, ETHUSDT-0.77%, XRPUSDT+0.66%
-----
target alloc initial:BTCUSDT-4.17%, ETHUSDT+0.00%, XRPUSDT-4.17%
-----
alloc target x rt%<0:BTCUSDT-4.17%, ETHUSDT+0.00%, XRPUSDT-0.00%
-----
           BTCUSDT ETHUSDT XRPUSDT
w_target     -4.2%    0.0%   -4.2%
rt_14h30    -0.01%  -0.01%   0.01%
w_target_f   -4.2%    0.0%   -0.0%
2023-08-25 23:30:45,073
Portfolio was rebalanced less than 2 hours ago, 0.9 hours ago
2023-08-25 23:30:45,075
Status: prev = SHORT <> SHORT = target
2023-08-25 23:30:45,075
the strat is currently running @ 25-08-2023 and the target positions is SHORT
the strat was previously run @ 2023-08-25 22:33:56 UTC, success:yes 
   and the current positions is SHORT
2023-08-25 23:30:46,239
positions_future #0
2023-08-25 23:30:46,239
Empty DataFrame
Columns: [symbol, positionAmt, entryPrice, markPrice, unRealizedProfit, value_usd, updateTime, AUMs_account, w%]
Index: []
2023-08-25 23:30:46,247
programm stoppeddd!!! 20230825_233046
