2024-03-14 23:31:06,670
ON program started 20240314 23:31:06,
US time: 20240314 19:31:06
2024-03-14 23:31:07,916
the strat is currently running @ 14-03-2024 and the target positions is SHORT
2024-03-14 23:31:09,421
CURRENT STATUS IS SHORT, WE CHECK IF THE DAY IS A NEGATIVE ONE
-----
return before 14h30:
BTCUSDT-1.63%, ETHUSDT-3.15%, XRPUSDT-3.09%
-----
target alloc initial:BTCUSDT-4.17%, ETHUSDT+0.00%, XRPUSDT-4.17%
-----
alloc target x rt%<0:BTCUSDT-4.17%, ETHUSDT+0.00%, XRPUSDT-4.17%
-----
           BTCUSDT ETHUSDT XRPUSDT
w_target     -4.2%    0.0%   -4.2%
rt_14h30    -0.02%  -0.03%  -0.03%
w_target_f   -4.2%    0.0%   -4.2%
2024-03-14 23:31:09,423
Portfolio was rebalanced less than 2 hours ago, 1.0 hours ago
2024-03-14 23:31:09,425
Status: prev = SHORT <> SHORT = target
2024-03-14 23:31:09,426
the strat is currently running @ 14-03-2024 and the target positions is SHORT
the strat was previously run @ 2024-03-14 22:30:56, success:? 
   and the current positions is SHORT
2024-03-14 23:31:10,009
positions_future #1
2024-03-14 23:31:10,009
      symbol  positionAmt entryPrice  ... adlQuantile AUMs_account       w%
124  XRPUSDT        -18.0     0.6712  ...           2        287.4 -0.04196

[1 rows x 12 columns]
2024-03-14 23:31:10,263
------------------------------
binance_account_balance
2024-03-14 23:31:10,263
  asset     balance  ...  marginAvailable   updateTime
6  USDT  287.422362  ...             True  14Mar-22:32

[1 rows x 8 columns]
2024-03-14 23:31:10,727
------------------------------
open_orders
2024-03-14 23:31:10,727
Empty DataFrame
Columns: []
Index: []
2024-03-14 23:31:11,400
------------------------------
AUMS account:287

2024-03-14 23:31:11,402
--------------- compute_futures_order_book() ----------------
2024-03-14 23:31:14,260
----------------------------------------------------------------------
#0 order(s) to place
gross$: 0$ | net$: +0$
gross%: 0% | net%: +0%
 || w>0%  +0% | w<0%  0%
----------------------------------------------------------------------
PTF Expo% -4.1% >> -8.3% (current>>target)
PTF expo $-12.0 >> $-23 (current>>target)
----------------------------------------------------------------------
2024-03-14 23:31:14,262
orders_ofthe_day
2024-03-14 23:31:14,262
Empty DataFrame
Columns: [ptf_usd, target_usd, totrd_usd, posttrd_usd, qty, posttrd_qty, posttrd_w, bid, ask, strategy]
Index: []
2024-03-14 23:31:14,346
Orders of the day is empty, current and target potfolios are aligned
2024-03-14 23:31:14,346
Program stopped
