2024-02-06 02:30:47,431
ON program started 20240206 02:30:47,
US time: 20240205 21:30:47
2024-02-06 02:30:48,534
the strat is currently running @ 06-02-2024 and the target positions is SHORT
2024-02-06 02:30:49,957
CURRENT STATUS IS SHORT, WE CHECK IF THE DAY IS A NEGATIVE ONE
-----
return before 14h30:
BTCUSDT+0.00%, ETHUSDT+0.00%, XRPUSDT+0.00%
-----
target alloc initial:BTCUSDT-4.17%, ETHUSDT+0.00%, XRPUSDT-4.17%
-----
alloc target x rt%<0:BTCUSDT-0.00%, ETHUSDT+0.00%, XRPUSDT-0.00%
-----
           BTCUSDT ETHUSDT XRPUSDT
w_target     -4.2%    0.0%   -4.2%
rt_14h30     0.00%   0.00%   0.00%
w_target_f   -0.0%    0.0%   -0.0%
2024-02-06 02:30:49,959
Portfolio was rebalanced less than 2 hours ago, 1.0 hours ago
2024-02-06 02:30:49,962
Status: prev = SHORT <> SHORT = target
2024-02-06 02:30:49,962
the strat is currently running @ 06-02-2024 and the target positions is SHORT
the strat was previously run @ 2024-02-06 01:31:14 UTC, success:yes 
   and the current positions is SHORT
2024-02-06 02:30:51,191
positions_future #0
2024-02-06 02:30:51,191
Empty DataFrame
Columns: [symbol, positionAmt, entryPrice, breakEvenPrice, markPrice, unRealizedProfit, value_usd, updateTime, isolated, adlQuantile, AUMs_account, w%]
Index: []
2024-02-06 02:30:51,266
programm stoppeddd!!! 20240206_023051
