2024-07-24 19:30:42,100
ON program started 20240724 19:30:42,
US time: 20240724 15:30:42
2024-07-24 19:30:42,592
the strat is currently running @ 24-07-2024 and the target positions is LONG
2024-07-24 19:30:43,925
CURRENT STATUS IS LONG
-----
return before 14h30:
BTCUSDT+0.62%, ETHUSDT-1.19%, XRPUSDT+4.95%
-----
target alloc initial:BTCUSDT+16.67%, ETHUSDT+16.67%, XRPUSDT+16.67%
-----
alloc target x rt%<0:BTCUSDT+16.67%, ETHUSDT+16.67%, XRPUSDT+16.67%
-----
           BTCUSDT ETHUSDT XRPUSDT
w_target     16.7%   16.7%   16.7%
rt_14h30     0.01%  -0.01%   0.05%
w_target_f   16.7%   16.7%   16.7%
2024-07-24 19:30:43,926
Portfolio was rebalanced less than 2 hours ago, 1.0 hours ago
2024-07-24 19:30:43,929
Status: prev = LONG <> LONG = target
2024-07-24 19:30:43,929
the strat is currently running @ 24-07-2024 and the target positions is LONG
the strat was previously run @ 2024-07-24 18:30:56, success:? 
   and the current positions is LONG
2024-07-24 19:30:44,522
positions_future #2
2024-07-24 19:30:44,522
      symbol  positionAmt entryPrice  ... adlQuantile AUMs_account        w%
131  XRPUSDT       78.700     0.6238  ...           1        294.2  0.166699
166  ETHUSDT        0.014    3398.15  ...           1        294.2  0.161622

[2 rows x 12 columns]
2024-07-24 19:30:44,755
------------------------------
binance_account_balance
2024-07-24 19:30:44,755
  asset     balance  ...  marginAvailable   updateTime
4  USDT  294.277753  ...             True  24Jul-18:33

[1 rows x 8 columns]
2024-07-24 19:30:45,395
------------------------------
open_orders
2024-07-24 19:30:45,395
Empty DataFrame
Columns: []
Index: []
2024-07-24 19:30:46,808
------------------------------
AUMS account:294

2024-07-24 19:30:46,810
--------------- compute_futures_order_book() ----------------
2024-07-24 19:30:48,880
----------------------------------------------------------------------
#0 order(s) to place
gross$: 0$ | net$: +0$
gross%: 0% | net%: +0%
 || w>0%  +0% | w<0%  0%
----------------------------------------------------------------------
PTF Expo% 32.9% >> 50.0% (current>>target)
PTF expo $97.0 >> $147 (current>>target)
----------------------------------------------------------------------
2024-07-24 19:30:48,882
orders_ofthe_day
2024-07-24 19:30:48,882
Empty DataFrame
Columns: [ptf_usd, target_usd, totrd_usd, posttrd_usd, qty, posttrd_qty, posttrd_w, bid, ask, strategy]
Index: []
2024-07-24 19:30:48,944
Orders of the day is empty, current and target potfolios are aligned
2024-07-24 19:30:48,944
Program stopped
