2024-06-28 20:31:08,114
ON program started 20240628 20:31:08,
US time: 20240628 16:31:08
2024-06-28 20:31:09,169
the strat is currently running @ 28-06-2024 and the target positions is LONG
2024-06-28 20:31:10,906
CURRENT STATUS IS LONG
-----
return before 14h30:
BTCUSDT-0.66%, ETHUSDT-0.13%, XRPUSDT+0.72%
-----
target alloc initial:BTCUSDT+16.67%, ETHUSDT+16.67%, XRPUSDT+16.67%
-----
alloc target x rt%<0:BTCUSDT+16.67%, ETHUSDT+16.67%, XRPUSDT+16.67%
-----
           BTCUSDT ETHUSDT XRPUSDT
w_target     16.7%   16.7%   16.7%
rt_14h30    -0.01%  -0.00%   0.01%
w_target_f   16.7%   16.7%   16.7%
2024-06-28 20:31:10,907
Portfolio was rebalanced less than 2 hours ago, 1.0 hours ago
2024-06-28 20:31:10,908
Status: prev = LONG <> LONG = target
2024-06-28 20:31:10,908
the strat is currently running @ 28-06-2024 and the target positions is LONG
the strat was previously run @ 2024-06-28 19:31:16, success:yes 
   and the current positions is LONG
2024-06-28 20:31:12,035
positions_future #2
2024-06-28 20:31:12,035
      symbol  positionAmt entryPrice  ... adlQuantile AUMs_account        w%
131  XRPUSDT      103.500     0.4737  ...           3        292.3  0.167803
165  ETHUSDT        0.014    3383.06  ...           2        292.3  0.162468

[2 rows x 12 columns]
2024-06-28 20:31:12,119
programm stoppeddd!!! 20240628_203112
