2024-03-25 20:31:05,677
ON program started 20240325 20:31:05,
US time: 20240325 16:31:05
2024-03-25 20:31:07,451
the strat is currently running @ 25-03-2024 and the target positions is LONG
2024-03-25 20:31:08,900
CURRENT STATUS IS LONG
-----
return before 14h30:
BTCUSDT+1.15%, ETHUSDT+0.87%, XRPUSDT-0.02%
-----
target alloc initial:BTCUSDT+16.67%, ETHUSDT+16.67%, XRPUSDT+16.67%
-----
alloc target x rt%<0:BTCUSDT+16.67%, ETHUSDT+16.67%, XRPUSDT+16.67%
-----
           BTCUSDT ETHUSDT XRPUSDT
w_target     16.7%   16.7%   16.7%
rt_14h30     0.01%   0.01%  -0.00%
w_target_f   16.7%   16.7%   16.7%
2024-03-25 20:31:08,901
Portfolio was rebalanced less than 2 hours ago, 1.0 hours ago
2024-03-25 20:31:08,903
Status: prev = LONG <> LONG = target
2024-03-25 20:31:08,903
the strat is currently running @ 25-03-2024 and the target positions is LONG
the strat was previously run @ 2024-03-25 19:31:09, success:yes 
   and the current positions is LONG
2024-03-25 20:31:10,154
positions_future #2
2024-03-25 20:31:10,154
      symbol  positionAmt entryPrice  ... adlQuantile AUMs_account        w%
124  XRPUSDT       73.900     0.6489  ...           1        290.4  0.166317
156  ETHUSDT        0.013    3628.42  ...           1        290.4  0.162839

[2 rows x 12 columns]
2024-03-25 20:31:10,317
programm stoppeddd!!! 20240325_203110
