2024-06-27 22:30:42,408
ON program started 20240627 22:30:42,
US time: 20240627 18:30:42
2024-06-27 22:30:43,436
the strat is currently running @ 27-06-2024 and the target positions is SHORT
2024-06-27 22:30:44,751
CURRENT STATUS IS SHORT, WE CHECK IF THE DAY IS A NEGATIVE ONE
-----
return before 14h30:
BTCUSDT+1.85%, ETHUSDT+2.66%, XRPUSDT+1.11%
-----
target alloc initial:BTCUSDT-4.17%, ETHUSDT+0.00%, XRPUSDT-4.17%
-----
alloc target x rt%<0:BTCUSDT-0.00%, ETHUSDT+0.00%, XRPUSDT-0.00%
-----
           BTCUSDT ETHUSDT XRPUSDT
w_target     -4.2%    0.0%   -4.2%
rt_14h30     0.02%   0.03%   0.01%
w_target_f   -0.0%    0.0%   -0.0%
2024-06-27 22:30:44,752
Portfolio was rebalanced less than 2 hours ago, 1.0 hours ago
2024-06-27 22:30:44,754
Status: prev = SHORT <> LONG = target
2024-06-27 22:30:44,754
the strat is currently running @ 27-06-2024 and the target positions is SHORT
the strat was previously run @ 2024-06-27 21:31:02, success:yes 
   and the current positions is LONG
2024-06-27 22:30:45,895
positions_future #2
2024-06-27 22:30:45,895
      symbol  positionAmt entryPrice  ... adlQuantile AUMs_account        w%
131  XRPUSDT      103.300     0.4748  ...           3        292.2  0.167940
165  ETHUSDT        0.014    3458.42  ...           1        292.2  0.165271

[2 rows x 12 columns]
2024-06-27 22:30:46,124
------------------------------
binance_account_balance
2024-06-27 22:30:46,124
  asset     balance  ...  marginAvailable   updateTime
4  USDT  292.317108  ...             True  27Jun-18:37

[1 rows x 8 columns]
2024-06-27 22:30:46,749
------------------------------
open_orders
2024-06-27 22:30:46,749
Empty DataFrame
Columns: []
Index: []
2024-06-27 22:30:47,360
------------------------------
AUMS account:292

2024-06-27 22:30:47,361
--------------- compute_futures_order_book() ----------------
2024-06-27 22:30:48,826
----------------------------------------------------------------------
#2 order(s) to place
gross$: 97$ | net$: -97$
gross%: 33% | net%: -33%
 || w>0%  +0% | w<0%  -33%
----------------------------------------------------------------------
PTF Expo% 33.1% >> 0.0% (current>>target)
PTF expo $97.0 >> $0 (current>>target)
----------------------------------------------------------------------
2024-06-27 22:30:48,828
orders_ofthe_day
2024-06-27 22:30:48,828
                  ptf_usd  target_usd  totrd_usd  ...       bid        ask strategy
2024-06-27 22:30                                  ...                              
XRPUSDT              49.0        -0.0      -49.0  ...     0.475     0.4751  STRATON
ETHUSDT              48.0         0.0      -48.0  ...  3449.580  3449.5900  STRATON

[2 rows x 10 columns]
2024-06-27 22:30:50,217
binance_place_orders_peg 20240627_223050
2024-06-27 22:30:50,628
{'orderId': 59298776380, 'symbol': 'XRPUSDT', 'status': 'NEW', 'clientOrderId': 'STRATON', 'price': '0.4753', 'avgPrice': '0.00', 'origQty': '103.3', 'executedQty': '0.0', 'cumQty': '0.0', 'cumQuote': '0.00000', 'timeInForce': 'GTC', 'type': 'LIMIT', 'reduceOnly': False, 'closePosition': False, 'side': 'SELL', 'positionSide': 'BOTH', 'stopPrice': '0.0000', 'workingType': 'CONTRACT_PRICE', 'priceProtect': False, 'origType': 'LIMIT', 'priceMatch': 'NONE', 'selfTradePreventionMode': 'NONE', 'goodTillDate': 0, 'updateTime': 1719527450525}
2024-06-27 22:30:51,037
{'orderId': 8389765695539652153, 'symbol': 'ETHUSDT', 'status': 'NEW', 'clientOrderId': 'STRATON', 'price': '3451.31', 'avgPrice': '0.00', 'origQty': '0.014', 'executedQty': '0.000', 'cumQty': '0.000', 'cumQuote': '0.00000', 'timeInForce': 'GTC', 'type': 'LIMIT', 'reduceOnly': False, 'closePosition': False, 'side': 'SELL', 'positionSide': 'BOTH', 'stopPrice': '0.00', 'workingType': 'CONTRACT_PRICE', 'priceProtect': False, 'origType': 'LIMIT', 'priceMatch': 'NONE', 'selfTradePreventionMode': 'NONE', 'goodTillDate': 0, 'updateTime': 1719527450934}
2024-06-27 22:30:52,502
update 0: filled 0 / 2 () | working 2 / 2 (-XRPUSDT,-ETHUSDT)
2024-06-27 22:30:56,503
-XRPUSDT: bp4.0|-ETHUSDT: bp5.0|
2024-06-27 22:30:57,322
update 1: filled 0 / 2 () | working 2 / 2 (-XRPUSDT,-ETHUSDT)
2024-06-27 22:31:01,323
-XRPUSDT: bp6.0|-ETHUSDT: bp5.0|
2024-06-27 22:31:02,145
update 2: filled 0 / 2 () | working 2 / 2 (-XRPUSDT,-ETHUSDT)
2024-06-27 22:31:06,146
-XRPUSDT: bp6.0|-ETHUSDT: bp5.0|
2024-06-27 22:31:06,964
update 3: filled 0 / 2 () | working 2 / 2 (-XRPUSDT,-ETHUSDT)
2024-06-27 22:31:10,965
-XRPUSDT: bp6.0|-ETHUSDT: bp5.0|
2024-06-27 22:31:11,780
update 4: filled 0 / 2 () | working 2 / 2 (-XRPUSDT,-ETHUSDT)
2024-06-27 22:31:15,781
-XRPUSDT: bp4.0|-ETHUSDT: bp5.0|
2024-06-27 22:31:16,595
update 5: filled 0 / 2 () | working 2 / 2 (-XRPUSDT,-ETHUSDT)
2024-06-27 22:31:20,596
-XRPUSDT: bp2.0|-ETHUSDT: bp5.0|
2024-06-27 22:31:21,410
update 6: filled 0 / 2 () | working 2 / 2 (-XRPUSDT,-ETHUSDT)
2024-06-27 22:31:25,411
-XRPUSDT: bp2.0|-ETHUSDT: bp5.0|
2024-06-27 22:31:26,227
update 7: filled 0 / 2 () | working 2 / 2 (-XRPUSDT,-ETHUSDT)
2024-06-27 22:31:30,228
-XRPUSDT: bp2.0|-ETHUSDT: bp5.0|
2024-06-27 22:31:31,044
update 8: filled 0 / 2 () | working 2 / 2 (-XRPUSDT,-ETHUSDT)
2024-06-27 22:31:35,045
-XRPUSDT: bp4.0|-ETHUSDT: bp5.0|
2024-06-27 22:31:35,861
update 9: filled 0 / 2 () | working 2 / 2 (-XRPUSDT,-ETHUSDT)
2024-06-27 22:31:39,862
-XRPUSDT: bp4.0|-ETHUSDT: bp5.0|
2024-06-27 22:31:40,677
update 10: filled 0 / 2 () | working 2 / 2 (-XRPUSDT,-ETHUSDT)
2024-06-27 22:31:44,678
-XRPUSDT: bp4.0|-ETHUSDT: bp5.0|
2024-06-27 22:31:45,494
update 11: filled 0 / 2 () | working 2 / 2 (-XRPUSDT,-ETHUSDT)
2024-06-27 22:31:49,494
-XRPUSDT: bp6.0|-ETHUSDT: bp5.0|
2024-06-27 22:31:50,310
update 12: filled 0 / 2 () | working 2 / 2 (-XRPUSDT,-ETHUSDT)
2024-06-27 22:31:54,311
-XRPUSDT: bp6.0|-ETHUSDT: bp5.0|
2024-06-27 22:31:55,134
update 13: filled 0 / 2 () | working 2 / 2 (-XRPUSDT,-ETHUSDT)
2024-06-27 22:31:59,135
-XRPUSDT: bp6.0|-ETHUSDT: bp7.0|
2024-06-27 22:31:59,948
update 14: filled 0 / 2 () | working 2 / 2 (-XRPUSDT,-ETHUSDT)
2024-06-27 22:32:03,949
-XRPUSDT: bp6.0|-ETHUSDT: bp7.0|
2024-06-27 22:32:03,949
Adjustment limit #1 ... 
 we cancel current orders and replace
2024-06-27 22:32:03,949
@+/-2.5bp limit 
2024-06-27 22:32:03,949
binance_cancel_and_replace_orders_peg 20240627_223203
2024-06-27 22:32:05,998
binance_place_orders_peg 20240627_223205
2024-06-27 22:32:06,407
{'orderId': 59298802855, 'symbol': 'XRPUSDT', 'status': 'NEW', 'clientOrderId': 'STRATON', 'price': '0.4751', 'avgPrice': '0.00', 'origQty': '103.3', 'executedQty': '0.0', 'cumQty': '0.0', 'cumQuote': '0.00000', 'timeInForce': 'GTC', 'type': 'LIMIT', 'reduceOnly': False, 'closePosition': False, 'side': 'SELL', 'positionSide': 'BOTH', 'stopPrice': '0.0000', 'workingType': 'CONTRACT_PRICE', 'priceProtect': False, 'origType': 'LIMIT', 'priceMatch': 'NONE', 'selfTradePreventionMode': 'NONE', 'goodTillDate': 0, 'updateTime': 1719527526304}
2024-06-27 22:32:06,816
{'orderId': 8389765695539744742, 'symbol': 'ETHUSDT', 'status': 'NEW', 'clientOrderId': 'STRATON', 'price': '3449.87', 'avgPrice': '0.00', 'origQty': '0.014', 'executedQty': '0.000', 'cumQty': '0.000', 'cumQuote': '0.00000', 'timeInForce': 'GTC', 'type': 'LIMIT', 'reduceOnly': False, 'closePosition': False, 'side': 'SELL', 'positionSide': 'BOTH', 'stopPrice': '0.00', 'workingType': 'CONTRACT_PRICE', 'priceProtect': False, 'origType': 'LIMIT', 'priceMatch': 'NONE', 'selfTradePreventionMode': 'NONE', 'goodTillDate': 0, 'updateTime': 1719527526714}
2024-06-27 22:32:07,640
update 0: filled 0 / 2 () | working 2 / 2 (-XRPUSDT,-ETHUSDT)
2024-06-27 22:32:11,641
-XRPUSDT: bp4.0|-ETHUSDT: bp2.0|
2024-06-27 22:32:12,456
update 1: filled 0 / 2 () | working 2 / 2 (-XRPUSDT,-ETHUSDT)
2024-06-27 22:32:16,457
-XRPUSDT: bp4.0|-ETHUSDT: bp3.0|
2024-06-27 22:32:17,271
update 2: filled 0 / 2 () | working 2 / 2 (-XRPUSDT,-ETHUSDT)
2024-06-27 22:32:21,272
-XRPUSDT: bp4.0|-ETHUSDT: bp2.0|
2024-06-27 22:32:22,087
update 3: filled 0 / 2 () | working 2 / 2 (-XRPUSDT,-ETHUSDT)
2024-06-27 22:32:26,087
-XRPUSDT: bp4.0|-ETHUSDT: bp2.0|
2024-06-27 22:32:26,901
update 4: filled 0 / 2 () | working 2 / 2 (-XRPUSDT,-ETHUSDT)
2024-06-27 22:32:30,902
-XRPUSDT: bp2.0|-ETHUSDT: bp2.0|
2024-06-27 22:32:31,721
update 5: filled 0 / 2 () | working 2 / 2 (-XRPUSDT,-ETHUSDT)
2024-06-27 22:32:35,722
-XRPUSDT: bp2.0|-ETHUSDT: bp2.0|
2024-06-27 22:32:36,538
update 6: filled 0 / 2 () | working 2 / 2 (-XRPUSDT,-ETHUSDT)
2024-06-27 22:32:40,539
-XRPUSDT: bp2.0|-ETHUSDT: bp2.0|
2024-06-27 22:32:41,354
update 7: filled 0 / 2 () | working 2 / 2 (-XRPUSDT,-ETHUSDT)
2024-06-27 22:32:45,354
-XRPUSDT: bp2.0|-ETHUSDT: bp2.0|
2024-06-27 22:32:46,169
update 8: filled 0 / 2 () | working 2 / 2 (-XRPUSDT,-ETHUSDT)
2024-06-27 22:32:50,170
-XRPUSDT: bp2.0|-ETHUSDT: bp2.0|
2024-06-27 22:32:50,985
update 9: filled 0 / 2 () | working 2 / 2 (-XRPUSDT,-ETHUSDT)
2024-06-27 22:32:54,986
-XRPUSDT: bp2.0|-ETHUSDT: bp2.0|
2024-06-27 22:32:55,803
update 10: filled 0 / 2 () | working 2 / 2 (-XRPUSDT,-ETHUSDT)
2024-06-27 22:32:59,804
-XRPUSDT: bp2.0|-ETHUSDT: bp2.0|
2024-06-27 22:33:00,621
update 11: filled 0 / 2 () | working 2 / 2 (-XRPUSDT,-ETHUSDT)
2024-06-27 22:33:04,622
-XRPUSDT: bp2.0|-ETHUSDT: bp2.0|
2024-06-27 22:33:05,436
update 12: filled 0 / 2 () | working 2 / 2 (-XRPUSDT,-ETHUSDT)
2024-06-27 22:33:09,437
-XRPUSDT: bp2.0|-ETHUSDT: bp2.0|
2024-06-27 22:33:10,251
update 13: filled 0 / 2 () | working 2 / 2 (-XRPUSDT,-ETHUSDT)
2024-06-27 22:33:14,252
-XRPUSDT: bp0.0|-ETHUSDT: bp2.0|
2024-06-27 22:33:15,067
update 14: filled 0 / 2 () | working 2 / 2 (-XRPUSDT,-ETHUSDT)
2024-06-27 22:33:19,067
-XRPUSDT: bp4.0|-ETHUSDT: bp4.0|
2024-06-27 22:33:19,068
Adjustment limit #2 ... 
 we cancel current orders and replace
2024-06-27 22:33:19,068
@+/-1.25bp limit 
2024-06-27 22:33:19,068
binance_cancel_and_replace_orders_peg 20240627_223319
2024-06-27 22:33:21,108
binance_place_orders_peg 20240627_223321
2024-06-27 22:33:21,517
{'orderId': 59298833370, 'symbol': 'XRPUSDT', 'status': 'NEW', 'clientOrderId': 'STRATON', 'price': '0.4751', 'avgPrice': '0.00', 'origQty': '103.3', 'executedQty': '0.0', 'cumQty': '0.0', 'cumQuote': '0.00000', 'timeInForce': 'GTC', 'type': 'LIMIT', 'reduceOnly': False, 'closePosition': False, 'side': 'SELL', 'positionSide': 'BOTH', 'stopPrice': '0.0000', 'workingType': 'CONTRACT_PRICE', 'priceProtect': False, 'origType': 'LIMIT', 'priceMatch': 'NONE', 'selfTradePreventionMode': 'NONE', 'goodTillDate': 0, 'updateTime': 1719527601414}
2024-06-27 22:33:21,925
{'orderId': 8389765695539881725, 'symbol': 'ETHUSDT', 'status': 'NEW', 'clientOrderId': 'STRATON', 'price': '3448.68', 'avgPrice': '0.00', 'origQty': '0.014', 'executedQty': '0.000', 'cumQty': '0.000', 'cumQuote': '0.00000', 'timeInForce': 'GTC', 'type': 'LIMIT', 'reduceOnly': False, 'closePosition': False, 'side': 'SELL', 'positionSide': 'BOTH', 'stopPrice': '0.00', 'workingType': 'CONTRACT_PRICE', 'priceProtect': False, 'origType': 'LIMIT', 'priceMatch': 'NONE', 'selfTradePreventionMode': 'NONE', 'goodTillDate': 0, 'updateTime': 1719527601822}
2024-06-27 22:33:22,747
update 0: filled 0 / 2 () | working 2 / 2 (-XRPUSDT,-ETHUSDT)
2024-06-27 22:33:26,748
-XRPUSDT: bp4.0|-ETHUSDT: bp1.0|
2024-06-27 22:33:27,566
update 1: filled 0 / 2 () | working 2 / 2 (-XRPUSDT,-ETHUSDT)
2024-06-27 22:33:31,567
-XRPUSDT: bp6.0|-ETHUSDT: bp1.0|
2024-06-27 22:33:32,382
update 2: filled 0 / 2 () | working 2 / 2 (-XRPUSDT,-ETHUSDT)
2024-06-27 22:33:36,382
-XRPUSDT: bp6.0|-ETHUSDT: bp1.0|
2024-06-27 22:33:37,196
update 3: filled 0 / 2 () | working 2 / 2 (-XRPUSDT,-ETHUSDT)
2024-06-27 22:33:41,197
-XRPUSDT: bp6.0|-ETHUSDT: bp1.0|
2024-06-27 22:33:42,012
update 4: filled 0 / 2 () | working 2 / 2 (-XRPUSDT,-ETHUSDT)
2024-06-27 22:33:46,013
-XRPUSDT: bp6.0|-ETHUSDT: bp1.0|
2024-06-27 22:33:46,830
update 5: filled 0 / 2 () | working 2 / 2 (-XRPUSDT,-ETHUSDT)
2024-06-27 22:33:50,831
-XRPUSDT: bp4.0|-ETHUSDT: bp2.0|
2024-06-27 22:33:51,648
update 6: filled 0 / 2 () | working 2 / 2 (-XRPUSDT,-ETHUSDT)
2024-06-27 22:33:55,648
-XRPUSDT: bp6.0|-ETHUSDT: bp2.0|
2024-06-27 22:33:56,463
update 7: filled 0 / 2 () | working 2 / 2 (-XRPUSDT,-ETHUSDT)
2024-06-27 22:34:00,464
-XRPUSDT: bp6.0|-ETHUSDT: bp3.0|
2024-06-27 22:34:01,282
update 8: filled 0 / 2 () | working 2 / 2 (-XRPUSDT,-ETHUSDT)
2024-06-27 22:34:05,283
-XRPUSDT: bp6.0|-ETHUSDT: bp4.0|
2024-06-27 22:34:06,098
update 9: filled 0 / 2 () | working 2 / 2 (-XRPUSDT,-ETHUSDT)
2024-06-27 22:34:10,098
-XRPUSDT: bp6.0|-ETHUSDT: bp4.0|
2024-06-27 22:34:10,913
update 10: filled 1 / 2 (-ETHUSDT) | working 1 / 2 (-XRPUSDT)
2024-06-27 22:34:14,914
-XRPUSDT: bp6.0|
2024-06-27 22:34:15,730
update 11: filled 1 / 2 (-ETHUSDT) | working 1 / 2 (-XRPUSDT)
2024-06-27 22:34:19,731
-XRPUSDT: bp4.0|
2024-06-27 22:34:20,548
update 12: filled 1 / 2 (-ETHUSDT) | working 1 / 2 (-XRPUSDT)
2024-06-27 22:34:24,549
-XRPUSDT: bp4.0|
2024-06-27 22:34:25,364
update 13: filled 1 / 2 (-ETHUSDT) | working 1 / 2 (-XRPUSDT)
2024-06-27 22:34:29,365
-XRPUSDT: bp2.0|
2024-06-27 22:34:30,179
update 14: filled 1 / 2 (-ETHUSDT) | working 1 / 2 (-XRPUSDT)
2024-06-27 22:34:34,180
-XRPUSDT: bp4.0|
2024-06-27 22:34:34,180
Adjustment limit #3 ... 
 we cancel current orders and replace
2024-06-27 22:34:34,180
@+/-0.625bp limit 
2024-06-27 22:34:34,180
binance_cancel_and_replace_orders_peg 20240627_223434
2024-06-27 22:34:35,614
binance_place_orders_peg 20240627_223435
2024-06-27 22:34:36,023
{'orderId': 59298853614, 'symbol': 'XRPUSDT', 'status': 'NEW', 'clientOrderId': 'STRATON', 'price': '0.4750', 'avgPrice': '0.00', 'origQty': '103.3', 'executedQty': '0.0', 'cumQty': '0.0', 'cumQuote': '0.00000', 'timeInForce': 'GTC', 'type': 'LIMIT', 'reduceOnly': False, 'closePosition': False, 'side': 'SELL', 'positionSide': 'BOTH', 'stopPrice': '0.0000', 'workingType': 'CONTRACT_PRICE', 'priceProtect': False, 'origType': 'LIMIT', 'priceMatch': 'NONE', 'selfTradePreventionMode': 'NONE', 'goodTillDate': 0, 'updateTime': 1719527675920}
2024-06-27 22:34:36,846
update 0: filled 1 / 2 (-ETHUSDT) | working 1 / 2 (-XRPUSDT)
2024-06-27 22:34:40,847
-XRPUSDT: bp2.0|
2024-06-27 22:34:41,662
update 1: filled 1 / 2 (-ETHUSDT) | working 1 / 2 (-XRPUSDT)
2024-06-27 22:34:45,663
-XRPUSDT: bp2.0|
2024-06-27 22:34:46,485
update 2: filled 1 / 2 (-ETHUSDT) | working 1 / 2 (-XRPUSDT)
2024-06-27 22:34:50,486
-XRPUSDT: bp2.0|
2024-06-27 22:34:51,300
update 3: filled 1 / 2 (-ETHUSDT) | working 1 / 2 (-XRPUSDT)
2024-06-27 22:34:55,301
-XRPUSDT: bp0.0|
2024-06-27 22:34:56,118
update 4: filled 1 / 2 (-ETHUSDT) | working 1 / 2 (-XRPUSDT)
2024-06-27 22:35:00,118
-XRPUSDT: bp0.0|
2024-06-27 22:35:00,940
update 5: filled 1 / 2 (-ETHUSDT) | working 1 / 2 (-XRPUSDT)
2024-06-27 22:35:04,941
-XRPUSDT: bp2.0|
2024-06-27 22:35:05,756
update 6: filled 1 / 2 (-ETHUSDT) | working 1 / 2 (-XRPUSDT)
2024-06-27 22:35:09,757
-XRPUSDT: bp2.0|
2024-06-27 22:35:10,576
update 7: filled 1 / 2 (-ETHUSDT) | working 1 / 2 (-XRPUSDT)
2024-06-27 22:35:14,577
-XRPUSDT: bp0.0|
2024-06-27 22:35:15,392
update 8: filled 1 / 2 (-ETHUSDT) | working 1 / 2 (-XRPUSDT)
2024-06-27 22:35:19,393
-XRPUSDT: bp0.0|
2024-06-27 22:35:20,208
update 9: filled 1 / 2 (-ETHUSDT) | working 1 / 2 (-XRPUSDT)
2024-06-27 22:35:24,209
-XRPUSDT: bp2.0|
2024-06-27 22:35:25,026
update 10: filled 1 / 2 (-ETHUSDT) | working 1 / 2 (-XRPUSDT)
2024-06-27 22:35:29,026
-XRPUSDT: bp2.0|
2024-06-27 22:35:29,841
update 11: filled 1 / 2 (-ETHUSDT) | working 1 / 2 (-XRPUSDT)
2024-06-27 22:35:33,842
-XRPUSDT: bp2.0|
2024-06-27 22:35:34,657
update 12: filled 1 / 2 (-ETHUSDT) | working 1 / 2 (-XRPUSDT)
2024-06-27 22:35:38,658
-XRPUSDT: bp4.0|
2024-06-27 22:35:39,472
update 13: filled 1 / 2 (-ETHUSDT) | working 1 / 2 (-XRPUSDT)
2024-06-27 22:35:43,473
-XRPUSDT: bp4.0|
2024-06-27 22:35:44,289
update 14: filled 1 / 2 (-ETHUSDT) | working 1 / 2 (-XRPUSDT)
2024-06-27 22:35:48,290
-XRPUSDT: bp2.0|
2024-06-27 22:35:48,290
Adjustment limit #4 ... 
 we cancel current orders and replace
2024-06-27 22:35:48,290
@+/-0.3125bp limit 
2024-06-27 22:35:48,290
binance_cancel_and_replace_orders_peg 20240627_223548
2024-06-27 22:35:49,723
binance_place_orders_peg 20240627_223549
2024-06-27 22:35:50,130
{'orderId': 59298881454, 'symbol': 'XRPUSDT', 'status': 'NEW', 'clientOrderId': 'STRATON', 'price': '0.4749', 'avgPrice': '0.00', 'origQty': '103.3', 'executedQty': '0.0', 'cumQty': '0.0', 'cumQuote': '0.00000', 'timeInForce': 'GTC', 'type': 'LIMIT', 'reduceOnly': False, 'closePosition': False, 'side': 'SELL', 'positionSide': 'BOTH', 'stopPrice': '0.0000', 'workingType': 'CONTRACT_PRICE', 'priceProtect': False, 'origType': 'LIMIT', 'priceMatch': 'NONE', 'selfTradePreventionMode': 'NONE', 'goodTillDate': 0, 'updateTime': 1719527750028}
2024-06-27 22:35:50,956
update 0: filled 1 / 2 (-ETHUSDT) | working 1 / 2 (-XRPUSDT)
2024-06-27 22:35:54,957
-XRPUSDT: bp0.0|
2024-06-27 22:35:55,774
update 1: filled 1 / 2 (-ETHUSDT) | working 1 / 2 (-XRPUSDT)
2024-06-27 22:35:59,775
-XRPUSDT: bp0.0|
2024-06-27 22:36:00,592
update 2: filled 1 / 2 (-ETHUSDT) | working 1 / 2 (-XRPUSDT)
2024-06-27 22:36:04,593
-XRPUSDT: bp0.0|
2024-06-27 22:36:05,412
update 3: filled 1 / 2 (-ETHUSDT) | working 1 / 2 (-XRPUSDT)
2024-06-27 22:36:09,412
-XRPUSDT: bp0.0|
2024-06-27 22:36:10,227
update 4: filled 1 / 2 (-ETHUSDT) | working 1 / 2 (-XRPUSDT)
2024-06-27 22:36:14,228
-XRPUSDT: bp2.0|
2024-06-27 22:36:15,042
update 5: filled 1 / 2 (-ETHUSDT) | working 1 / 2 (-XRPUSDT)
2024-06-27 22:36:19,043
-XRPUSDT: bp4.0|
2024-06-27 22:36:19,857
update 6: filled 1 / 2 (-ETHUSDT) | working 1 / 2 (-XRPUSDT)
2024-06-27 22:36:23,858
-XRPUSDT: bp4.0|
2024-06-27 22:36:24,674
update 7: filled 1 / 2 (-ETHUSDT) | working 1 / 2 (-XRPUSDT)
2024-06-27 22:36:28,675
-XRPUSDT: bp2.0|
2024-06-27 22:36:29,490
update 8: filled 1 / 2 (-ETHUSDT) | working 1 / 2 (-XRPUSDT)
2024-06-27 22:36:33,491
-XRPUSDT: bp2.0|
2024-06-27 22:36:34,309
update 9: filled 1 / 2 (-ETHUSDT) | working 1 / 2 (-XRPUSDT)
2024-06-27 22:36:38,310
-XRPUSDT: bp2.0|
2024-06-27 22:36:39,126
update 10: filled 1 / 2 (-ETHUSDT) | working 1 / 2 (-XRPUSDT)
2024-06-27 22:36:43,127
-XRPUSDT: bp2.0|
2024-06-27 22:36:43,942
update 11: filled 1 / 2 (-ETHUSDT) | working 1 / 2 (-XRPUSDT)
2024-06-27 22:36:47,943
-XRPUSDT: bp2.0|
2024-06-27 22:36:48,758
update 12: filled 1 / 2 (-ETHUSDT) | working 1 / 2 (-XRPUSDT)
2024-06-27 22:36:52,759
-XRPUSDT: bp2.0|
2024-06-27 22:36:53,574
update 13: filled 1 / 2 (-ETHUSDT) | working 1 / 2 (-XRPUSDT)
2024-06-27 22:36:57,575
-XRPUSDT: bp2.0|
2024-06-27 22:36:58,389
update 14: filled 1 / 2 (-ETHUSDT) | working 1 / 2 (-XRPUSDT)
2024-06-27 22:37:02,390
-XRPUSDT: bp0.0|
2024-06-27 22:37:02,390
Adjustment limit #5 ... 
 we cancel current orders and replace
2024-06-27 22:37:02,390
@+/-0.15625bp limit 
2024-06-27 22:37:02,390
binance_cancel_and_replace_orders_peg 20240627_223702
2024-06-27 22:37:03,831
binance_place_orders_peg 20240627_223703
2024-06-27 22:37:04,239
{'orderId': 59298909204, 'symbol': 'XRPUSDT', 'status': 'NEW', 'clientOrderId': 'STRATON', 'price': '0.4749', 'avgPrice': '0.00', 'origQty': '103.3', 'executedQty': '0.0', 'cumQty': '0.0', 'cumQuote': '0.00000', 'timeInForce': 'GTC', 'type': 'LIMIT', 'reduceOnly': False, 'closePosition': False, 'side': 'SELL', 'positionSide': 'BOTH', 'stopPrice': '0.0000', 'workingType': 'CONTRACT_PRICE', 'priceProtect': False, 'origType': 'LIMIT', 'priceMatch': 'NONE', 'selfTradePreventionMode': 'NONE', 'goodTillDate': 0, 'updateTime': 1719527824137}
2024-06-27 22:37:05,069
update 0: filled 1 / 2 (-ETHUSDT) | working 1 / 2 (-XRPUSDT)
2024-06-27 22:37:09,070
-XRPUSDT: bp2.0|
2024-06-27 22:37:09,887
update 1: filled 1 / 2 (-ETHUSDT) | working 1 / 2 (-XRPUSDT)
2024-06-27 22:37:13,888
-XRPUSDT: bp2.0|
2024-06-27 22:37:14,712
update 2: filled 1 / 2 (-ETHUSDT) | working 1 / 2 (-XRPUSDT)
2024-06-27 22:37:18,712
-XRPUSDT: bp2.0|
2024-06-27 22:37:19,529
update 3: filled 2 / 2 (-ETHUSDT,-XRPUSDT) | working 0 / 2 ()
2024-06-27 22:37:25,799
Trades of the day
in$
as of: 27Jun 22:34>>22:37 (#trades: 2)
trade net: -97.0 (-33.2%), trade gross: +97.0 (+33.2%), BUY: +0.0 (+0.0%), SELL: -97.0 (-33.2%)
fees: $ 0.019 (2.0bp)
2024-06-27 22:37:26,226
Trades: 
Filled #2
______________________________________________
                   in$ | in bp 97 traded | in bp 292 AUMs
realizedPnl    -0.13   | -13     | -4     
PnLvsArrival   -0.03   | -3      | -1     
PnLvsLast      -0.04   | -4      | -1     
______________________________________________
                 | Value$ | PnL Arrival/Last 
______________________________________________
XRP:-103.3@0.4749 | -49$ | -0.02/-0.03
ETH:-0.014@3448.68 | -48$ | -0.01/-0.01
