2024-03-09 21:30:54,878
ON program started 20240309 21:30:54,
US time: 20240309 16:30:54
2024-03-09 21:30:55,374
the strat is currently running @ 09-03-2024 and the target positions is LONG
2024-03-09 21:30:56,777
CURRENT STATUS IS LONG
-----
return before 14h30:
BTCUSDT+0.32%, ETHUSDT+0.85%, XRPUSDT+0.63%
-----
target alloc initial:BTCUSDT+16.67%, ETHUSDT+16.67%, XRPUSDT+16.67%
-----
alloc target x rt%<0:BTCUSDT+16.67%, ETHUSDT+16.67%, XRPUSDT+16.67%
-----
           BTCUSDT ETHUSDT XRPUSDT
w_target     16.7%   16.7%   16.7%
rt_14h30     0.00%   0.01%   0.01%
w_target_f   16.7%   16.7%   16.7%
2024-03-09 21:30:56,778
Portfolio was rebalanced less than 2 hours ago, 1.0 hours ago
2024-03-09 21:30:56,780
Status: prev = LONG <> LONG = target
2024-03-09 21:30:56,780
the strat is currently running @ 09-03-2024 and the target positions is LONG
the strat was previously run @ 2024-03-09 20:31:09, success:yes 
   and the current positions is LONG
2024-03-09 21:30:57,978
positions_future #2
2024-03-09 21:30:57,978
      symbol  positionAmt entryPrice  ... adlQuantile AUMs_account        w%
123  XRPUSDT       77.100     0.6229  ...           1        290.4  0.165068
154  ETHUSDT        0.012    3889.38  ...           2        290.4  0.161132

[2 rows x 12 columns]
2024-03-09 21:30:58,060
programm stoppeddd!!! 20240309_213058
