2024-07-14 23:30:35,611
ON program started 20240714 23:30:35,
US time: 20240714 19:30:35
2024-07-14 23:30:36,054
the strat is currently running @ 14-07-2024 and the target positions is SHORT
2024-07-14 23:30:37,364
CURRENT STATUS IS SHORT, WE CHECK IF THE DAY IS A NEGATIVE ONE
-----
return before 14h30:
BTCUSDT+0.84%, ETHUSDT+0.26%, XRPUSDT+0.97%
-----
target alloc initial:BTCUSDT-4.17%, ETHUSDT+0.00%, XRPUSDT-4.17%
-----
alloc target x rt%<0:BTCUSDT-0.00%, ETHUSDT+0.00%, XRPUSDT-0.00%
-----
           BTCUSDT ETHUSDT XRPUSDT
w_target     -4.2%    0.0%   -4.2%
rt_14h30     0.01%   0.00%   0.01%
w_target_f   -0.0%    0.0%   -0.0%
2024-07-14 23:30:37,365
Portfolio was rebalanced less than 2 hours ago, 1.0 hours ago
2024-07-14 23:30:37,367
Status: prev = SHORT <> SHORT = target
2024-07-14 23:30:37,367
the strat is currently running @ 14-07-2024 and the target positions is SHORT
the strat was previously run @ 2024-07-14 22:30:41, success:? 
   and the current positions is SHORT
2024-07-14 23:30:38,485
positions_future #0
2024-07-14 23:30:38,485
Empty DataFrame
Columns: [symbol, positionAmt, entryPrice, breakEvenPrice, markPrice, unRealizedProfit, value_usd, updateTime, isolated, adlQuantile, AUMs_account, w%]
Index: []
2024-07-14 23:30:38,693
------------------------------
binance_account_balance
2024-07-14 23:30:38,693
  asset     balance  ...  marginAvailable   updateTime
4  USDT  292.770459  ...             True  14Jul-22:36

[1 rows x 8 columns]
2024-07-14 23:30:38,912
------------------------------
open_orders
2024-07-14 23:30:38,912
Empty DataFrame
Columns: []
Index: []
2024-07-14 23:30:39,521
------------------------------
AUMS account:292

2024-07-14 23:30:39,523
--------------- compute_futures_order_book() ----------------
2024-07-14 23:30:40,978
----------------------------------------------------------------------
#0 order(s) to place
gross$: 0$ | net$: +0$
gross%: 0% | net%: +0%
 || w>0%  +0% | w<0%  0%
----------------------------------------------------------------------
PTF Expo% 0.0% >> 0.0% (current>>target)
PTF expo $0.0 >> $0 (current>>target)
----------------------------------------------------------------------
2024-07-14 23:30:40,980
orders_ofthe_day
2024-07-14 23:30:40,980
Empty DataFrame
Columns: [ptf_usd, target_usd, totrd_usd, posttrd_usd, qty, posttrd_qty, posttrd_w, bid, ask, strategy]
Index: []
2024-07-14 23:30:41,044
Orders of the day is empty, current and target potfolios are aligned
2024-07-14 23:30:41,044
Program stopped
