2023-08-04 19:30:32,810
ON program started 20230804 19:30:32,
US time: 20230804 15:30:32
2023-08-04 19:30:33,215
the strat is currently running @ 04-08-2023 and the target positions is LONG
2023-08-04 19:30:34,925
CURRENT STATUS IS LONG
-----
return before 14h30:
BTCUSDT+0.13%, ETHUSDT+0.38%, XRPUSDT-0.36%
-----
target alloc initial:BTCUSDT+16.67%, ETHUSDT+16.67%, XRPUSDT+16.67%
-----
alloc target x rt%<0:BTCUSDT+16.67%, ETHUSDT+16.67%, XRPUSDT+16.67%
-----
           BTCUSDT ETHUSDT XRPUSDT
w_target     16.7%   16.7%   16.7%
rt_14h30     0.00%   0.00%  -0.00%
w_target_f   16.7%   16.7%   16.7%
2023-08-04 19:30:34,927
Portfolio was rebalanced less than 2 hours ago, 1.0 hours ago
2023-08-04 19:30:34,929
Status: prev = LONG <> LONG = target
2023-08-04 19:30:34,929
the strat is currently running @ 04-08-2023 and the target positions is LONG
the strat was previously run @ 2023-08-04 18:32:57 UTC, success:yes 
   and the current positions is LONG
2023-08-04 19:30:36,020
positions_future #3
2023-08-04 19:30:36,020
      symbol  positionAmt entryPrice  ...   updateTime  AUMs_account        w%
219  BTCUSDT        0.002    29104.5  ...  04Aug-18:32         293.2  0.198098
134  ETHUSDT        0.027    1834.44  ...  04Aug-18:32         293.2  0.168585
108  XRPUSDT       74.300     0.6595  ...  04Aug-18:32         293.2  0.165611

[3 rows x 9 columns]
2023-08-04 19:30:36,049
programm stoppeddd!!! 20230804_193036
