2024-04-22 18:30:44,690
ON program started 20240422 18:30:44,
US time: 20240422 14:30:44
2024-04-22 18:30:45,525
the strat is currently running @ 22-04-2024 and the target positions is LONG
2024-04-22 18:30:48,267
CURRENT STATUS IS LONG
-----
return before 14h30:
BTCUSDT+1.81%, ETHUSDT+1.43%, XRPUSDT+1.89%
-----
target alloc initial:BTCUSDT+16.67%, ETHUSDT+16.67%, XRPUSDT+16.67%
-----
alloc target x rt%<0:BTCUSDT+16.67%, ETHUSDT+16.67%, XRPUSDT+16.67%
-----
           BTCUSDT ETHUSDT XRPUSDT
w_target     16.7%   16.7%   16.7%
rt_14h30     0.02%   0.01%   0.02%
w_target_f   16.7%   16.7%   16.7%
2024-04-22 18:30:48,268
Portfolio was rebalanced less than 2 hours ago, 15.0 hours ago
2024-04-22 18:30:48,270
Status: prev = LONG <> NEUTRAL = target
2024-04-22 18:30:48,270
the strat is currently running @ 22-04-2024 and the target positions is LONG
the strat was previously run @ 2024-04-22 03:31:15, success:yes 
   and the current positions is NEUTRAL
2024-04-22 18:30:49,543
positions_future #0
2024-04-22 18:30:49,543
Empty DataFrame
Columns: [symbol, positionAmt, entryPrice, breakEvenPrice, markPrice, unRealizedProfit, value_usd, updateTime, isolated, adlQuantile, AUMs_account, w%]
Index: []
2024-04-22 18:30:49,773
------------------------------
binance_account_balance
2024-04-22 18:30:49,773
  asset     balance  ...  marginAvailable   updateTime
6  USDT  281.462978  ...             True  22Apr-02:33

[1 rows x 8 columns]
2024-04-22 18:30:50,015
------------------------------
open_orders
2024-04-22 18:30:50,016
Empty DataFrame
Columns: []
Index: []
2024-04-22 18:30:50,680
------------------------------
AUMS account:281

2024-04-22 18:30:50,681
--------------- compute_futures_order_book() ----------------
2024-04-22 18:30:52,282
----------------------------------------------------------------------
#2 order(s) to place
gross$: 95$ | net$: +95$
gross%: 34% | net%: +34%
 || w>0%  +34% | w<0%  0%
----------------------------------------------------------------------
PTF Expo% 0.0% >> 50.0% (current>>target)
PTF expo $0.0 >> $140 (current>>target)
----------------------------------------------------------------------
2024-04-22 18:30:52,284
orders_ofthe_day
2024-04-22 18:30:52,284
                  ptf_usd  target_usd  totrd_usd  ...        bid        ask strategy
2024-04-22 18:30                                  ...                               
ETHUSDT               0.0       46.92       48.0  ...  3195.8500  3195.8600  STRATON
XRPUSDT               0.0       46.92       47.0  ...     0.5456     0.5457  STRATON

[2 rows x 10 columns]
2024-04-22 18:30:54,110
binance_place_orders_peg 20240422_183054
2024-04-22 18:30:54,559
{'orderId': 8389765674571401637, 'symbol': 'ETHUSDT', 'status': 'NEW', 'clientOrderId': 'STRATON', 'price': '3193.92', 'avgPrice': '0.00', 'origQty': '0.015', 'executedQty': '0.000', 'cumQty': '0.000', 'cumQuote': '0.00000', 'timeInForce': 'GTC', 'type': 'LIMIT', 'reduceOnly': False, 'closePosition': False, 'side': 'BUY', 'positionSide': 'BOTH', 'stopPrice': '0.00', 'workingType': 'CONTRACT_PRICE', 'priceProtect': False, 'origType': 'LIMIT', 'priceMatch': 'NONE', 'selfTradePreventionMode': 'NONE', 'goodTillDate': 0, 'updateTime': 1713810654447}
2024-04-22 18:30:55,004
{'orderId': 55231391813, 'symbol': 'XRPUSDT', 'status': 'NEW', 'clientOrderId': 'STRATON', 'price': '0.5452', 'avgPrice': '0.00', 'origQty': '86.1', 'executedQty': '0.0', 'cumQty': '0.0', 'cumQuote': '0.00000', 'timeInForce': 'GTC', 'type': 'LIMIT', 'reduceOnly': False, 'closePosition': False, 'side': 'BUY', 'positionSide': 'BOTH', 'stopPrice': '0.0000', 'workingType': 'CONTRACT_PRICE', 'priceProtect': False, 'origType': 'LIMIT', 'priceMatch': 'NONE', 'selfTradePreventionMode': 'NONE', 'goodTillDate': 0, 'updateTime': 1713810654892}
2024-04-22 18:30:56,584
update 0: filled 0 / 2 () | working 2 / 2 (+ETHUSDT,+XRPUSDT)
2024-04-22 18:31:00,585
+ETHUSDT: bp7.0|+XRPUSDT: bp11.0|
2024-04-22 18:31:01,474
update 1: filled 0 / 2 () | working 2 / 2 (+ETHUSDT,+XRPUSDT)
2024-04-22 18:31:05,475
+ETHUSDT: bp5.0|+XRPUSDT: bp5.0|
2024-04-22 18:31:06,360
update 2: filled 0 / 2 () | working 2 / 2 (+ETHUSDT,+XRPUSDT)
2024-04-22 18:31:10,361
+ETHUSDT: bp5.0|+XRPUSDT: bp11.0|
2024-04-22 18:31:11,253
update 3: filled 0 / 2 () | working 2 / 2 (+ETHUSDT,+XRPUSDT)
2024-04-22 18:31:15,254
+ETHUSDT: bp6.0|+XRPUSDT: bp5.0|
2024-04-22 18:31:16,138
update 4: filled 0 / 2 () | working 2 / 2 (+ETHUSDT,+XRPUSDT)
2024-04-22 18:31:20,139
+ETHUSDT: bp6.0|+XRPUSDT: bp2.0|
2024-04-22 18:31:21,028
update 5: filled 0 / 2 () | working 2 / 2 (+ETHUSDT,+XRPUSDT)
2024-04-22 18:31:25,029
+ETHUSDT: bp4.0|+XRPUSDT: bp2.0|
2024-04-22 18:31:25,915
update 6: filled 1 / 2 (+XRPUSDT) | working 1 / 2 (+ETHUSDT)
2024-04-22 18:31:29,916
+ETHUSDT: bp5.0|
2024-04-22 18:31:30,805
update 7: filled 2 / 2 (+ETHUSDT,+XRPUSDT) | working 0 / 2 ()
2024-04-22 18:31:37,280
Trades of the day
in$
as of: 22Apr 18:31>>18:31 (#trades: 2)
trade net: +95.0 (+33.8%), trade gross: +95.0 (+33.8%), BUY: +95.0 (+33.8%), SELL: +0.0 (+0.0%)
fees: $ 0.019 (2.0bp)
2024-04-22 18:31:37,741
Trades: 
Filled #2
______________________________________________
                   in$ | in bp 94 traded | in bp 281 AUMs
realizedPnl    +0      | +0      | +0     
PnLvsArrival   +0.07   | +7      | +2     
PnLvsLast      +0.01   | +1      | +0     
______________________________________________
                 | Value$ | PnL Arrival/Last 
______________________________________________
XRP:+86.1@0.5452 | +47$ | 0.04/-0
ETH:+0.015@3193.92 | +48$ | 0.03/0.01
