2024-01-04 00:30:41,547
ON program started 20240104 00:30:41,
US time: 20240103 19:30:41
2024-01-04 00:30:42,359
the strat is currently running @ 04-01-2024 and the target positions is SHORT
2024-01-04 00:30:44,604
CURRENT STATUS IS SHORT, WE CHECK IF THE DAY IS A NEGATIVE ONE
-----
return before 14h30:
BTCUSDT+0.00%, ETHUSDT+0.00%, XRPUSDT+0.00%
-----
target alloc initial:BTCUSDT-4.17%, ETHUSDT+0.00%, XRPUSDT-4.17%
-----
alloc target x rt%<0:BTCUSDT-0.00%, ETHUSDT+0.00%, XRPUSDT-0.00%
-----
           BTCUSDT ETHUSDT XRPUSDT
w_target     -4.2%    0.0%   -4.2%
rt_14h30     0.00%   0.00%   0.00%
w_target_f   -0.0%    0.0%   -0.0%
2024-01-04 00:30:44,606
Portfolio was rebalanced less than 2 hours ago, 1.0 hours ago
2024-01-04 00:30:44,608
Status: prev = SHORT <> SHORT = target
2024-01-04 00:30:44,609
the strat is currently running @ 04-01-2024 and the target positions is SHORT
the strat was previously run @ 2024-01-03 23:30:46 UTC, success:? 
   and the current positions is SHORT
2024-01-04 00:30:45,852
positions_future #1
2024-01-04 00:30:45,852
      symbol  positionAmt entryPrice  ... adlQuantile AUMs_account        w%
111  XRPUSDT        -19.9     0.5799  ...           1        290.4 -0.039861

[1 rows x 12 columns]
2024-01-04 00:30:46,100
------------------------------
binance_account_balance
2024-01-04 00:30:46,100
  asset     balance  ...  marginAvailable   updateTime
5  USDT  290.385339  ...             True  03Jan-23:34

[1 rows x 8 columns]
2024-01-04 00:30:46,554
------------------------------
open_orders
2024-01-04 00:30:46,554
Empty DataFrame
Columns: []
Index: []
2024-01-04 00:30:47,221
------------------------------
AUMS account:290

2024-01-04 00:30:47,223
--------------- compute_futures_order_book() ----------------
2024-01-04 00:30:48,788
----------------------------------------------------------------------
#1 order(s) to place
gross$: 12$ | net$: +12$
gross%: 4% | net%: +4%
 || w>0%  +4% | w<0%  0%
----------------------------------------------------------------------
PTF Expo% -4.1% >> 0.0% (current>>target)
PTF expo $-12.0 >> $0 (current>>target)
----------------------------------------------------------------------
2024-01-04 00:30:48,790
orders_ofthe_day
2024-01-04 00:30:48,790
                  ptf_usd  target_usd  totrd_usd  ...  posttrd_w     bid     ask
2024-01-04 00:30                                  ...                           
XRPUSDT             -12.0        -0.0       12.0  ...        0.0  0.5816  0.5817

[1 rows x 9 columns]
2024-01-04 00:30:49,716
binance_place_orders_peg 20240104_003049
2024-01-04 00:30:50,158
{'orderId': 47878781835, 'symbol': 'XRPUSDT', 'status': 'NEW', 'clientOrderId': 'd35mgfyTGylN5q9zbuxDmT', 'price': '0.5815', 'avgPrice': '0.00', 'origQty': '19.9', 'executedQty': '0.0', 'cumQty': '0.0', 'cumQuote': '0.00000', 'timeInForce': 'GTC', 'type': 'LIMIT', 'reduceOnly': False, 'closePosition': False, 'side': 'BUY', 'positionSide': 'BOTH', 'stopPrice': '0.0000', 'workingType': 'CONTRACT_PRICE', 'priceProtect': False, 'origType': 'LIMIT', 'priceMatch': 'NONE', 'selfTradePreventionMode': 'NONE', 'goodTillDate': 0, 'updateTime': 1704328250047}
2024-01-04 00:30:51,322
update 0: filled 0 / 1 () | working 1 / 1 (+XRPUSDT)
2024-01-04 00:30:55,322
+XRPUSDT: bp2.0|
2024-01-04 00:30:55,766
update 1: filled 0 / 1 () | working 1 / 1 (+XRPUSDT)
2024-01-04 00:30:59,766
+XRPUSDT: bp5.0|
2024-01-04 00:31:00,210
update 2: filled 0 / 1 () | working 1 / 1 (+XRPUSDT)
2024-01-04 00:31:04,211
+XRPUSDT: bp5.0|
2024-01-04 00:31:04,655
update 3: filled 0 / 1 () | working 1 / 1 (+XRPUSDT)
2024-01-04 00:31:08,656
+XRPUSDT: bp5.0|
2024-01-04 00:31:09,100
update 4: filled 0 / 1 () | working 1 / 1 (+XRPUSDT)
2024-01-04 00:31:13,101
+XRPUSDT: bp5.0|
2024-01-04 00:31:13,545
update 5: filled 0 / 1 () | working 1 / 1 (+XRPUSDT)
2024-01-04 00:31:17,546
+XRPUSDT: bp9.0|
2024-01-04 00:31:17,992
update 6: filled 0 / 1 () | working 1 / 1 (+XRPUSDT)
2024-01-04 00:31:21,993
+XRPUSDT: bp9.0|
2024-01-04 00:31:22,438
update 7: filled 0 / 1 () | working 1 / 1 (+XRPUSDT)
2024-01-04 00:31:26,439
+XRPUSDT: bp10.0|
2024-01-04 00:31:26,883
update 8: filled 0 / 1 () | working 1 / 1 (+XRPUSDT)
2024-01-04 00:31:30,884
+XRPUSDT: bp14.0|
2024-01-04 00:31:31,328
update 9: filled 0 / 1 () | working 1 / 1 (+XRPUSDT)
2024-01-04 00:31:35,329
+XRPUSDT: bp14.0|
2024-01-04 00:31:35,776
update 10: filled 0 / 1 () | working 1 / 1 (+XRPUSDT)
2024-01-04 00:31:39,777
+XRPUSDT: bp10.0|
2024-01-04 00:31:40,223
update 11: filled 0 / 1 () | working 1 / 1 (+XRPUSDT)
2024-01-04 00:31:44,224
+XRPUSDT: bp3.0|
2024-01-04 00:31:44,667
update 12: filled 1 / 1 (+XRPUSDT) | working 0 / 1 ()
2024-01-04 00:31:49,835
Trades of the day
in$
as of: 04Jan 00:31>>00:31 (#trades: 1)
trade net: +12.0 (+4.1%), trade gross: +12.0 (+4.1%), BUY: +12.0 (+4.1%), SELL: +0.0 (+0.0%)
fees: $ 0.002 (2.0bp)
2024-01-04 00:31:50,076
Trades: 
Filled #1
______________________________________________
                   in$ | in bp 11 traded | in bp 290 AUMs
realizedPnl    -0.03   | -26     | -1     
PnLvsArrival   +0      | +0      | +0     
PnLvsLast      +0      | +0      | +0     
______________________________________________
                 | Value$ | PnL Arrival/Last 
______________________________________________
XRP:+19.9@0.5815 | +12$ | 0/-0
