2023-11-19 00:30:39,198
ON program started 20231119 00:30:39,
US time: 20231118 19:30:39
2023-11-19 00:30:39,617
the strat is currently running @ 19-11-2023 and the target positions is SHORT
2023-11-19 00:30:41,026
CURRENT STATUS IS SHORT, WE CHECK IF THE DAY IS A NEGATIVE ONE
-----
return before 14h30:
BTCUSDT+0.00%, ETHUSDT+0.00%, XRPUSDT+0.00%
-----
target alloc initial:BTCUSDT-4.17%, ETHUSDT+0.00%, XRPUSDT-4.17%
-----
alloc target x rt%<0:BTCUSDT-0.00%, ETHUSDT+0.00%, XRPUSDT-0.00%
-----
           BTCUSDT ETHUSDT XRPUSDT
w_target     -4.2%    0.0%   -4.2%
rt_14h30     0.00%   0.00%   0.00%
w_target_f   -0.0%    0.0%   -0.0%
2023-11-19 00:30:41,028
Portfolio was rebalanced less than 2 hours ago, 1.0 hours ago
2023-11-19 00:30:41,030
Status: prev = SHORT <> SHORT = target
2023-11-19 00:30:41,030
the strat is currently running @ 19-11-2023 and the target positions is SHORT
the strat was previously run @ 2023-11-18 23:32:32 UTC, success:yes 
   and the current positions is SHORT
2023-11-19 00:30:42,197
positions_future #0
2023-11-19 00:30:42,198
Empty DataFrame
Columns: [symbol, positionAmt, entryPrice, breakEvenPrice, markPrice, unRealizedProfit, value_usd, updateTime, isolated, adlQuantile, AUMs_account, w%]
Index: []
2023-11-19 00:30:42,208
programm stoppeddd!!! 20231119_003042
