2024-06-12 02:30:48,418
ON program started 20240612 02:30:48,
US time: 20240611 22:30:48
2024-06-12 02:30:49,365
the strat is currently running @ 12-06-2024 and the target positions is NEUTRAL
2024-06-12 02:30:51,476
CURRENT STATUS IS NEUTRAL
-----
return before 14h30:
BTCUSDT+0.32%, ETHUSDT+0.17%, XRPUSDT+0.00%
-----
target alloc initial:BTCUSDT+0.00%, ETHUSDT+0.00%, XRPUSDT+0.00%
-----
alloc target x rt%<0:BTCUSDT+0.00%, ETHUSDT+0.00%, XRPUSDT+0.00%
-----
           BTCUSDT ETHUSDT XRPUSDT
w_target      0.0%    0.0%    0.0%
rt_14h30     0.00%   0.00%   0.00%
w_target_f    0.0%    0.0%    0.0%
2024-06-12 02:30:51,477
Portfolio was rebalanced less than 2 hours ago, 1.0 hours ago
2024-06-12 02:30:51,479
Status: prev = NEUTRAL <> SHORT = target
2024-06-12 02:30:51,479
the strat is currently running @ 12-06-2024 and the target positions is NEUTRAL
the strat was previously run @ 2024-06-12 01:31:08, success:yes 
   and the current positions is SHORT
2024-06-12 02:30:52,639
positions_future #1
2024-06-12 02:30:52,639
      symbol  positionAmt entryPrice  ... adlQuantile AUMs_account        w%
129  XRPUSDT        -24.9     0.4803  ...           1        290.4 -0.041194

[1 rows x 12 columns]
2024-06-12 02:30:52,874
------------------------------
binance_account_balance
2024-06-12 02:30:52,874
  asset    balance  ...  marginAvailable   updateTime
6  USDT  290.39766  ...             True  11Jun-22:34

[1 rows x 8 columns]
2024-06-12 02:30:53,308
------------------------------
open_orders
2024-06-12 02:30:53,308
Empty DataFrame
Columns: []
Index: []
2024-06-12 02:30:53,940
------------------------------
AUMS account:290

2024-06-12 02:30:53,942
--------------- compute_futures_order_book() ----------------
2024-06-12 02:30:55,443
----------------------------------------------------------------------
#1 order(s) to place
gross$: 12$ | net$: +12$
gross%: 4% | net%: +4%
 || w>0%  +4% | w<0%  0%
----------------------------------------------------------------------
PTF Expo% -4.1% >> 0.0% (current>>target)
PTF expo $-12.0 >> $0 (current>>target)
----------------------------------------------------------------------
2024-06-12 02:30:55,444
orders_ofthe_day
2024-06-12 02:30:55,444
                  ptf_usd  target_usd  totrd_usd  ...     bid     ask strategy
2024-06-12 02:30                                  ...                         
XRPUSDT             -12.0         0.0       12.0  ...  0.4804  0.4805  STRATON

[1 rows x 10 columns]
2024-06-12 02:30:56,860
binance_place_orders_peg 20240612_023056
2024-06-12 02:30:57,284
{'orderId': 58278574224, 'symbol': 'XRPUSDT', 'status': 'NEW', 'clientOrderId': 'STRATON', 'price': '0.4802', 'avgPrice': '0.00', 'origQty': '24.9', 'executedQty': '0.0', 'cumQty': '0.0', 'cumQuote': '0.00000', 'timeInForce': 'GTC', 'type': 'LIMIT', 'reduceOnly': False, 'closePosition': False, 'side': 'BUY', 'positionSide': 'BOTH', 'stopPrice': '0.0000', 'workingType': 'CONTRACT_PRICE', 'priceProtect': False, 'origType': 'LIMIT', 'priceMatch': 'NONE', 'selfTradePreventionMode': 'NONE', 'goodTillDate': 0, 'updateTime': 1718159457182}
2024-06-12 02:30:58,345
update 0: filled 0 / 1 () | working 1 / 1 (+XRPUSDT)
2024-06-12 02:31:02,346
+XRPUSDT: bp6.0|
2024-06-12 02:31:02,764
update 1: filled 0 / 1 () | working 1 / 1 (+XRPUSDT)
2024-06-12 02:31:06,764
+XRPUSDT: bp4.0|
2024-06-12 02:31:07,181
update 2: filled 0 / 1 () | working 1 / 1 (+XRPUSDT)
2024-06-12 02:31:11,182
+XRPUSDT: bp4.0|
2024-06-12 02:31:11,600
update 3: filled 0 / 1 () | working 1 / 1 (+XRPUSDT)
2024-06-12 02:31:15,600
+XRPUSDT: bp4.0|
2024-06-12 02:31:16,019
update 4: filled 0 / 1 () | working 1 / 1 (+XRPUSDT)
2024-06-12 02:31:20,019
+XRPUSDT: bp2.0|
2024-06-12 02:31:20,438
update 5: filled 0 / 1 () | working 1 / 1 (+XRPUSDT)
2024-06-12 02:31:24,439
+XRPUSDT: bp2.0|
2024-06-12 02:31:24,858
update 6: filled 0 / 1 () | working 1 / 1 (+XRPUSDT)
2024-06-12 02:31:28,858
+XRPUSDT: bp2.0|
2024-06-12 02:31:29,276
update 7: filled 0 / 1 () | working 1 / 1 (+XRPUSDT)
2024-06-12 02:31:33,276
+XRPUSDT: bp-0.0|
2024-06-12 02:31:33,695
update 8: filled 0 / 1 () | working 1 / 1 (+XRPUSDT)
2024-06-12 02:31:37,695
+XRPUSDT: bp-0.0|
2024-06-12 02:31:38,115
update 9: filled 0 / 1 () | working 1 / 1 (+XRPUSDT)
2024-06-12 02:31:42,115
+XRPUSDT: bp-0.0|
2024-06-12 02:31:42,533
update 10: filled 0 / 1 () | working 1 / 1 (+XRPUSDT)
2024-06-12 02:31:46,533
+XRPUSDT: bp2.0|
2024-06-12 02:31:46,950
update 11: filled 1 / 1 (+XRPUSDT) | working 0 / 1 ()
2024-06-12 02:31:52,247
Trades of the day
in$
as of: 12Jun 02:31>>02:31 (#trades: 1)
trade net: +12.0 (+4.1%), trade gross: +12.0 (+4.1%), BUY: +12.0 (+4.1%), SELL: +0.0 (+0.0%)
fees: $ 0.002 (2.0bp)
2024-06-12 02:31:52,467
Trades: 
Filled #1
______________________________________________
                   in$ | in bp 11 traded | in bp 290 AUMs
realizedPnl    +0      | +0      | +0     
PnLvsArrival   +0.01   | +8      | +0     
PnLvsLast      +0      | +0      | +0     
______________________________________________
                 | Value$ | PnL Arrival/Last 
______________________________________________
XRP:+24.9@0.4802 | +12$ | 0.01/-0
