2024-08-24 01:30:53,309
ON program started 20240824 01:30:53,
US time: 20240823 21:30:53
2024-08-24 01:30:54,389
the strat is currently running @ 24-08-2024 and the target positions is SHORT
2024-08-24 01:30:55,780
CURRENT STATUS IS SHORT, WE CHECK IF THE DAY IS A NEGATIVE ONE
-----
return before 14h30:
BTCUSDT-0.41%, ETHUSDT-0.52%, XRPUSDT-0.64%
-----
target alloc initial:BTCUSDT-4.17%, ETHUSDT+0.00%, XRPUSDT-4.17%
-----
alloc target x rt%<0:BTCUSDT-4.17%, ETHUSDT+0.00%, XRPUSDT-4.17%
-----
           BTCUSDT ETHUSDT XRPUSDT
w_target     -4.2%    0.0%   -4.2%
rt_14h30    -0.00%  -0.01%  -0.01%
w_target_f   -4.2%    0.0%   -4.2%
2024-08-24 01:30:55,782
Portfolio was rebalanced less than 2 hours ago, 1.0 hours ago
2024-08-24 01:30:55,783
Status: prev = SHORT <> SHORT = target
2024-08-24 01:30:55,783
the strat is currently running @ 24-08-2024 and the target positions is SHORT
the strat was previously run @ 2024-08-24 00:30:47, success:yes 
   and the current positions is SHORT
2024-08-24 01:30:56,984
positions_future #1
2024-08-24 01:30:56,985
      symbol  positionAmt entryPrice  ... adlQuantile AUMs_account        w%
135  XRPUSDT        -21.7     0.6142  ...           3        304.1 -0.043326

[1 rows x 12 columns]
2024-08-24 01:30:57,071
programm stoppeddd!!! 20240824_013057
