2024-07-06 02:30:41,494
ON program started 20240706 02:30:41,
US time: 20240705 22:30:41
2024-07-06 02:30:42,104
the strat is currently running @ 06-07-2024 and the target positions is NEUTRAL
2024-07-06 02:30:43,419
CURRENT STATUS IS NEUTRAL
-----
return before 14h30:
BTCUSDT-0.60%, ETHUSDT-0.38%, XRPUSDT+0.33%
-----
target alloc initial:BTCUSDT+0.00%, ETHUSDT+0.00%, XRPUSDT+0.00%
-----
alloc target x rt%<0:BTCUSDT+0.00%, ETHUSDT+0.00%, XRPUSDT+0.00%
-----
           BTCUSDT ETHUSDT XRPUSDT
w_target      0.0%    0.0%    0.0%
rt_14h30    -0.01%  -0.00%   0.00%
w_target_f    0.0%    0.0%    0.0%
2024-07-06 02:30:43,420
Portfolio was rebalanced less than 2 hours ago, 1.0 hours ago
2024-07-06 02:30:43,422
Status: prev = NEUTRAL <> SHORT = target
2024-07-06 02:30:43,422
the strat is currently running @ 06-07-2024 and the target positions is NEUTRAL
the strat was previously run @ 2024-07-06 01:30:47, success:yes 
   and the current positions is SHORT
2024-07-06 02:30:43,961
positions_future #1
2024-07-06 02:30:43,962
      symbol  positionAmt entryPrice  ... adlQuantile AUMs_account        w%
131  XRPUSDT        -27.9      0.426  ...           1        292.8 -0.040624

[1 rows x 12 columns]
2024-07-06 02:30:44,190
------------------------------
binance_account_balance
2024-07-06 02:30:44,191
  asset     balance  ...  marginAvailable   updateTime
4  USDT  292.857672  ...             True  05Jul-22:32

[1 rows x 8 columns]
2024-07-06 02:30:44,662
------------------------------
open_orders
2024-07-06 02:30:44,662
Empty DataFrame
Columns: []
Index: []
2024-07-06 02:30:45,676
------------------------------
AUMS account:292

2024-07-06 02:30:45,678
--------------- compute_futures_order_book() ----------------
2024-07-06 02:30:48,141
----------------------------------------------------------------------
#1 order(s) to place
gross$: 12$ | net$: +12$
gross%: 4% | net%: +4%
 || w>0%  +4% | w<0%  0%
----------------------------------------------------------------------
PTF Expo% -4.1% >> 0.0% (current>>target)
PTF expo $-12.0 >> $0 (current>>target)
----------------------------------------------------------------------
2024-07-06 02:30:48,143
orders_ofthe_day
2024-07-06 02:30:48,143
                  ptf_usd  target_usd  totrd_usd  ...     bid     ask strategy
2024-07-06 02:30                                  ...                         
XRPUSDT             -12.0         0.0       12.0  ...  0.4264  0.4265  STRATON

[1 rows x 10 columns]
2024-07-06 02:30:49,860
binance_place_orders_peg 20240706_023049
2024-07-06 02:30:50,671
{'orderId': 59855852039, 'symbol': 'XRPUSDT', 'status': 'NEW', 'clientOrderId': 'STRATON', 'price': '0.4262', 'avgPrice': '0.00', 'origQty': '27.9', 'executedQty': '0.0', 'cumQty': '0.0', 'cumQuote': '0.00000', 'timeInForce': 'GTC', 'type': 'LIMIT', 'reduceOnly': False, 'closePosition': False, 'side': 'BUY', 'positionSide': 'BOTH', 'stopPrice': '0.0000', 'workingType': 'CONTRACT_PRICE', 'priceProtect': False, 'origType': 'LIMIT', 'priceMatch': 'NONE', 'selfTradePreventionMode': 'NONE', 'goodTillDate': 0, 'updateTime': 1720233050567}
2024-07-06 02:30:52,114
update 0: filled 0 / 1 () | working 1 / 1 (+XRPUSDT)
2024-07-06 02:30:56,114
+XRPUSDT: bp7.0|
2024-07-06 02:30:56,532
update 1: filled 0 / 1 () | working 1 / 1 (+XRPUSDT)
2024-07-06 02:31:00,533
+XRPUSDT: bp7.0|
2024-07-06 02:31:00,945
update 2: filled 0 / 1 () | working 1 / 1 (+XRPUSDT)
2024-07-06 02:31:04,945
+XRPUSDT: bp5.0|
2024-07-06 02:31:05,357
update 3: filled 0 / 1 () | working 1 / 1 (+XRPUSDT)
2024-07-06 02:31:09,358
+XRPUSDT: bp9.0|
2024-07-06 02:31:09,769
update 4: filled 0 / 1 () | working 1 / 1 (+XRPUSDT)
2024-07-06 02:31:13,770
+XRPUSDT: bp14.0|
2024-07-06 02:31:14,182
update 5: filled 0 / 1 () | working 1 / 1 (+XRPUSDT)
2024-07-06 02:31:18,183
+XRPUSDT: bp14.0|
2024-07-06 02:31:18,600
update 6: filled 0 / 1 () | working 1 / 1 (+XRPUSDT)
2024-07-06 02:31:22,601
+XRPUSDT: bp12.0|
2024-07-06 02:31:23,012
update 7: filled 0 / 1 () | working 1 / 1 (+XRPUSDT)
2024-07-06 02:31:27,013
+XRPUSDT: bp12.0|
2024-07-06 02:31:27,426
update 8: filled 0 / 1 () | working 1 / 1 (+XRPUSDT)
2024-07-06 02:31:31,427
+XRPUSDT: bp12.0|
2024-07-06 02:31:31,840
update 9: filled 0 / 1 () | working 1 / 1 (+XRPUSDT)
2024-07-06 02:31:35,841
+XRPUSDT: bp19.0|
2024-07-06 02:31:36,260
update 10: filled 0 / 1 () | working 1 / 1 (+XRPUSDT)
2024-07-06 02:31:40,260
+XRPUSDT: bp19.0|
2024-07-06 02:31:40,673
update 11: filled 0 / 1 () | working 1 / 1 (+XRPUSDT)
2024-07-06 02:31:44,673
+XRPUSDT: bp21.0|
2024-07-06 02:31:45,085
update 12: filled 0 / 1 () | working 1 / 1 (+XRPUSDT)
2024-07-06 02:31:49,086
+XRPUSDT: bp21.0|
2024-07-06 02:31:49,500
update 13: filled 0 / 1 () | working 1 / 1 (+XRPUSDT)
2024-07-06 02:31:53,501
+XRPUSDT: bp19.0|
2024-07-06 02:31:53,912
update 14: filled 0 / 1 () | working 1 / 1 (+XRPUSDT)
2024-07-06 02:31:57,913
+XRPUSDT: bp26.0|
2024-07-06 02:31:57,913
Adjustment limit #1 ... 
 we cancel current orders and replace
2024-07-06 02:31:57,913
@+/-2.5bp limit 
2024-07-06 02:31:57,913
binance_cancel_and_replace_orders_peg 20240706_023157
2024-07-06 02:31:58,947
binance_place_orders_peg 20240706_023158
2024-07-06 02:31:59,359
{'orderId': 59855917379, 'symbol': 'XRPUSDT', 'status': 'NEW', 'clientOrderId': 'STRATON', 'price': '0.4271', 'avgPrice': '0.00', 'origQty': '27.9', 'executedQty': '0.0', 'cumQty': '0.0', 'cumQuote': '0.00000', 'timeInForce': 'GTC', 'type': 'LIMIT', 'reduceOnly': False, 'closePosition': False, 'side': 'BUY', 'positionSide': 'BOTH', 'stopPrice': '0.0000', 'workingType': 'CONTRACT_PRICE', 'priceProtect': False, 'origType': 'LIMIT', 'priceMatch': 'NONE', 'selfTradePreventionMode': 'NONE', 'goodTillDate': 0, 'updateTime': 1720233119256}
2024-07-06 02:32:00,174
update 0: filled 0 / 1 () | working 1 / 1 (+XRPUSDT)
2024-07-06 02:32:04,175
+XRPUSDT: bp5.0|
2024-07-06 02:32:04,588
update 1: filled 0 / 1 () | working 1 / 1 (+XRPUSDT)
2024-07-06 02:32:08,589
+XRPUSDT: bp5.0|
2024-07-06 02:32:09,004
update 2: filled 0 / 1 () | working 1 / 1 (+XRPUSDT)
2024-07-06 02:32:13,005
+XRPUSDT: bp5.0|
2024-07-06 02:32:13,418
update 3: filled 0 / 1 () | working 1 / 1 (+XRPUSDT)
2024-07-06 02:32:17,418
+XRPUSDT: bp12.0|
2024-07-06 02:32:17,834
update 4: filled 0 / 1 () | working 1 / 1 (+XRPUSDT)
2024-07-06 02:32:21,834
+XRPUSDT: bp12.0|
2024-07-06 02:32:22,247
update 5: filled 0 / 1 () | working 1 / 1 (+XRPUSDT)
2024-07-06 02:32:26,248
+XRPUSDT: bp12.0|
2024-07-06 02:32:26,694
update 6: filled 0 / 1 () | working 1 / 1 (+XRPUSDT)
2024-07-06 02:32:30,695
+XRPUSDT: bp14.0|
2024-07-06 02:32:31,110
update 7: filled 0 / 1 () | working 1 / 1 (+XRPUSDT)
2024-07-06 02:32:35,110
+XRPUSDT: bp12.0|
2024-07-06 02:32:35,523
update 8: filled 0 / 1 () | working 1 / 1 (+XRPUSDT)
2024-07-06 02:32:39,524
+XRPUSDT: bp12.0|
2024-07-06 02:32:39,937
update 9: filled 0 / 1 () | working 1 / 1 (+XRPUSDT)
2024-07-06 02:32:43,938
+XRPUSDT: bp12.0|
2024-07-06 02:32:44,351
update 10: filled 0 / 1 () | working 1 / 1 (+XRPUSDT)
2024-07-06 02:32:48,351
+XRPUSDT: bp14.0|
2024-07-06 02:32:48,766
update 11: filled 0 / 1 () | working 1 / 1 (+XRPUSDT)
2024-07-06 02:32:52,767
+XRPUSDT: bp16.0|
2024-07-06 02:32:53,178
update 12: filled 0 / 1 () | working 1 / 1 (+XRPUSDT)
2024-07-06 02:32:57,179
+XRPUSDT: bp14.0|
2024-07-06 02:32:57,592
update 13: filled 0 / 1 () | working 1 / 1 (+XRPUSDT)
2024-07-06 02:33:01,592
+XRPUSDT: bp12.0|
2024-07-06 02:33:02,007
update 14: filled 0 / 1 () | working 1 / 1 (+XRPUSDT)
2024-07-06 02:33:06,007
+XRPUSDT: bp9.0|
2024-07-06 02:33:06,007
Adjustment limit #2 ... 
 we cancel current orders and replace
2024-07-06 02:33:06,007
@+/-1.25bp limit 
2024-07-06 02:33:06,007
binance_cancel_and_replace_orders_peg 20240706_023306
2024-07-06 02:33:07,042
binance_place_orders_peg 20240706_023307
2024-07-06 02:33:07,456
{'orderId': 59855983898, 'symbol': 'XRPUSDT', 'status': 'NEW', 'clientOrderId': 'STRATON', 'price': '0.4274', 'avgPrice': '0.00', 'origQty': '27.9', 'executedQty': '0.0', 'cumQty': '0.0', 'cumQuote': '0.00000', 'timeInForce': 'GTC', 'type': 'LIMIT', 'reduceOnly': False, 'closePosition': False, 'side': 'BUY', 'positionSide': 'BOTH', 'stopPrice': '0.0000', 'workingType': 'CONTRACT_PRICE', 'priceProtect': False, 'origType': 'LIMIT', 'priceMatch': 'NONE', 'selfTradePreventionMode': 'NONE', 'goodTillDate': 0, 'updateTime': 1720233187353}
2024-07-06 02:33:07,877
update 0: filled 0 / 1 () | working 1 / 1 (+XRPUSDT)
2024-07-06 02:33:11,878
+XRPUSDT: bp-0.0|
2024-07-06 02:33:12,292
update 1: filled 0 / 1 () | working 1 / 1 (+XRPUSDT)
2024-07-06 02:33:16,292
+XRPUSDT: bp-0.0|
2024-07-06 02:33:16,705
update 2: filled 0 / 1 () | working 1 / 1 (+XRPUSDT)
2024-07-06 02:33:20,706
+XRPUSDT: bp5.0|
2024-07-06 02:33:21,118
update 3: filled 0 / 1 () | working 1 / 1 (+XRPUSDT)
2024-07-06 02:33:25,119
+XRPUSDT: bp5.0|
2024-07-06 02:33:25,531
update 4: filled 0 / 1 () | working 1 / 1 (+XRPUSDT)
2024-07-06 02:33:29,531
+XRPUSDT: bp5.0|
2024-07-06 02:33:29,944
update 5: filled 0 / 1 () | working 1 / 1 (+XRPUSDT)
2024-07-06 02:33:33,945
+XRPUSDT: bp7.0|
2024-07-06 02:33:34,356
update 6: filled 0 / 1 () | working 1 / 1 (+XRPUSDT)
2024-07-06 02:33:38,357
+XRPUSDT: bp9.0|
2024-07-06 02:33:38,768
update 7: filled 0 / 1 () | working 1 / 1 (+XRPUSDT)
2024-07-06 02:33:42,769
+XRPUSDT: bp9.0|
2024-07-06 02:33:43,182
update 8: filled 0 / 1 () | working 1 / 1 (+XRPUSDT)
2024-07-06 02:33:47,183
+XRPUSDT: bp9.0|
2024-07-06 02:33:47,595
update 9: filled 0 / 1 () | working 1 / 1 (+XRPUSDT)
2024-07-06 02:33:51,595
+XRPUSDT: bp9.0|
2024-07-06 02:33:52,007
update 10: filled 0 / 1 () | working 1 / 1 (+XRPUSDT)
2024-07-06 02:33:56,008
+XRPUSDT: bp7.0|
2024-07-06 02:33:56,422
update 11: filled 0 / 1 () | working 1 / 1 (+XRPUSDT)
2024-07-06 02:34:00,422
+XRPUSDT: bp7.0|
2024-07-06 02:34:00,836
update 12: filled 0 / 1 () | working 1 / 1 (+XRPUSDT)
2024-07-06 02:34:04,837
+XRPUSDT: bp5.0|
2024-07-06 02:34:05,255
update 13: filled 0 / 1 () | working 1 / 1 (+XRPUSDT)
2024-07-06 02:34:09,255
+XRPUSDT: bp5.0|
2024-07-06 02:34:09,668
update 14: filled 0 / 1 () | working 1 / 1 (+XRPUSDT)
2024-07-06 02:34:13,669
+XRPUSDT: bp5.0|
2024-07-06 02:34:13,669
Adjustment limit #3 ... 
 we cancel current orders and replace
2024-07-06 02:34:13,669
@+/-0.625bp limit 
2024-07-06 02:34:13,669
binance_cancel_and_replace_orders_peg 20240706_023413
2024-07-06 02:34:14,706
binance_place_orders_peg 20240706_023414
2024-07-06 02:34:15,119
{'orderId': 59856045946, 'symbol': 'XRPUSDT', 'status': 'NEW', 'clientOrderId': 'STRATON', 'price': '0.4274', 'avgPrice': '0.00', 'origQty': '27.9', 'executedQty': '0.0', 'cumQty': '0.0', 'cumQuote': '0.00000', 'timeInForce': 'GTC', 'type': 'LIMIT', 'reduceOnly': False, 'closePosition': False, 'side': 'BUY', 'positionSide': 'BOTH', 'stopPrice': '0.0000', 'workingType': 'CONTRACT_PRICE', 'priceProtect': False, 'origType': 'LIMIT', 'priceMatch': 'NONE', 'selfTradePreventionMode': 'NONE', 'goodTillDate': 0, 'updateTime': 1720233255014}
2024-07-06 02:34:15,540
update 0: filled 0 / 1 () | working 1 / 1 (+XRPUSDT)
2024-07-06 02:34:19,540
+XRPUSDT: bp5.0|
2024-07-06 02:34:19,953
update 1: filled 0 / 1 () | working 1 / 1 (+XRPUSDT)
2024-07-06 02:34:23,954
+XRPUSDT: bp2.0|
2024-07-06 02:34:24,366
update 2: filled 0 / 1 () | working 1 / 1 (+XRPUSDT)
2024-07-06 02:34:28,367
+XRPUSDT: bp5.0|
2024-07-06 02:34:28,780
update 3: filled 0 / 1 () | working 1 / 1 (+XRPUSDT)
2024-07-06 02:34:32,780
+XRPUSDT: bp5.0|
2024-07-06 02:34:33,195
update 4: filled 0 / 1 () | working 1 / 1 (+XRPUSDT)
2024-07-06 02:34:37,196
+XRPUSDT: bp5.0|
2024-07-06 02:34:37,608
update 5: filled 0 / 1 () | working 1 / 1 (+XRPUSDT)
2024-07-06 02:34:41,609
+XRPUSDT: bp7.0|
2024-07-06 02:34:42,024
update 6: filled 0 / 1 () | working 1 / 1 (+XRPUSDT)
2024-07-06 02:34:46,024
+XRPUSDT: bp9.0|
2024-07-06 02:34:46,436
update 7: filled 0 / 1 () | working 1 / 1 (+XRPUSDT)
2024-07-06 02:34:50,436
+XRPUSDT: bp9.0|
2024-07-06 02:34:50,851
update 8: filled 0 / 1 () | working 1 / 1 (+XRPUSDT)
2024-07-06 02:34:54,852
+XRPUSDT: bp9.0|
2024-07-06 02:34:55,264
update 9: filled 0 / 1 () | working 1 / 1 (+XRPUSDT)
2024-07-06 02:34:59,264
+XRPUSDT: bp7.0|
2024-07-06 02:34:59,678
update 10: filled 0 / 1 () | working 1 / 1 (+XRPUSDT)
2024-07-06 02:35:03,678
+XRPUSDT: bp7.0|
2024-07-06 02:35:04,091
update 11: filled 0 / 1 () | working 1 / 1 (+XRPUSDT)
2024-07-06 02:35:08,092
+XRPUSDT: bp12.0|
2024-07-06 02:35:08,507
update 12: filled 0 / 1 () | working 1 / 1 (+XRPUSDT)
2024-07-06 02:35:12,508
+XRPUSDT: bp14.0|
2024-07-06 02:35:12,921
update 13: filled 0 / 1 () | working 1 / 1 (+XRPUSDT)
2024-07-06 02:35:16,922
+XRPUSDT: bp14.0|
2024-07-06 02:35:17,339
update 14: filled 0 / 1 () | working 1 / 1 (+XRPUSDT)
2024-07-06 02:35:21,339
+XRPUSDT: bp12.0|
2024-07-06 02:35:21,340
Adjustment limit #4 ... 
 we cancel current orders and replace
2024-07-06 02:35:21,340
@+/-0.3125bp limit 
2024-07-06 02:35:21,340
binance_cancel_and_replace_orders_peg 20240706_023521
2024-07-06 02:35:22,407
binance_place_orders_peg 20240706_023522
2024-07-06 02:35:22,820
{'orderId': 59856101728, 'symbol': 'XRPUSDT', 'status': 'NEW', 'clientOrderId': 'STRATON', 'price': '0.4277', 'avgPrice': '0.00', 'origQty': '27.9', 'executedQty': '0.0', 'cumQty': '0.0', 'cumQuote': '0.00000', 'timeInForce': 'GTC', 'type': 'LIMIT', 'reduceOnly': False, 'closePosition': False, 'side': 'BUY', 'positionSide': 'BOTH', 'stopPrice': '0.0000', 'workingType': 'CONTRACT_PRICE', 'priceProtect': False, 'origType': 'LIMIT', 'priceMatch': 'NONE', 'selfTradePreventionMode': 'NONE', 'goodTillDate': 0, 'updateTime': 1720233322718}
2024-07-06 02:35:23,240
update 0: filled 0 / 1 () | working 1 / 1 (+XRPUSDT)
2024-07-06 02:35:27,241
+XRPUSDT: bp-0.0|
2024-07-06 02:35:27,654
update 1: filled 1 / 1 (+XRPUSDT) | working 0 / 1 ()
2024-07-06 02:35:32,922
Trades of the day
in$
as of: 06Jul 02:35>>02:35 (#trades: 1)
trade net: +12.0 (+4.1%), trade gross: +12.0 (+4.1%), BUY: +12.0 (+4.1%), SELL: +0.0 (+0.0%)
fees: $ 0.002 (2.0bp)
2024-07-06 02:35:33,140
Trades: 
Filled #1
______________________________________________
                   in$ | in bp 11 traded | in bp 292 AUMs
realizedPnl    -0.05   | -42     | -2     
PnLvsArrival   -0.03   | -25     | -1     
PnLvsLast      +0      | +0      | +0     
______________________________________________
                 | Value$ | PnL Arrival/Last 
______________________________________________
XRP:+27.9@0.4277 | +12$ | -0.03/0
