2024-05-17 18:30:56,462
ON program started 20240517 18:30:56,
US time: 20240517 14:30:56
2024-05-17 18:30:57,904
the strat is currently running @ 17-05-2024 and the target positions is LONG
2024-05-17 18:30:59,829
CURRENT STATUS IS LONG
-----
return before 14h30:
BTCUSDT+1.09%, ETHUSDT+3.90%, XRPUSDT+1.24%
-----
target alloc initial:BTCUSDT+16.67%, ETHUSDT+16.67%, XRPUSDT+16.67%
-----
alloc target x rt%<0:BTCUSDT+16.67%, ETHUSDT+16.67%, XRPUSDT+16.67%
-----
           BTCUSDT ETHUSDT XRPUSDT
w_target     16.7%   16.7%   16.7%
rt_14h30     0.01%   0.04%   0.01%
w_target_f   16.7%   16.7%   16.7%
2024-05-17 18:30:59,830
Portfolio was rebalanced less than 2 hours ago, 15.0 hours ago
2024-05-17 18:30:59,832
Status: prev = LONG <> NEUTRAL = target
2024-05-17 18:30:59,832
the strat is currently running @ 17-05-2024 and the target positions is LONG
the strat was previously run @ 2024-05-17 03:31:07, success:yes 
   and the current positions is NEUTRAL
2024-05-17 18:31:01,063
positions_future #0
2024-05-17 18:31:01,092
Empty DataFrame
Columns: [symbol, positionAmt, entryPrice, breakEvenPrice, markPrice, unRealizedProfit, value_usd, updateTime, isolated, adlQuantile, AUMs_account, w%]
Index: []
2024-05-17 18:31:01,315
------------------------------
binance_account_balance
2024-05-17 18:31:01,315
  asset     balance  ...  marginAvailable   updateTime
6  USDT  279.007894  ...             True  17May-02:35

[1 rows x 8 columns]
2024-05-17 18:31:01,564
------------------------------
open_orders
2024-05-17 18:31:01,564
Empty DataFrame
Columns: []
Index: []
2024-05-17 18:31:02,219
------------------------------
AUMS account:279

2024-05-17 18:31:02,222
--------------- compute_futures_order_book() ----------------
2024-05-17 18:31:03,798
----------------------------------------------------------------------
#2 order(s) to place
gross$: 93$ | net$: +93$
gross%: 33% | net%: +33%
 || w>0%  +33% | w<0%  0%
----------------------------------------------------------------------
PTF Expo% 0.0% >> 50.0% (current>>target)
PTF expo $0.0 >> $139 (current>>target)
----------------------------------------------------------------------
2024-05-17 18:31:03,801
orders_ofthe_day
2024-05-17 18:31:03,801
                  ptf_usd  target_usd  totrd_usd  ...        bid        ask strategy
2024-05-17 18:31                                  ...                               
XRPUSDT               0.0       46.51       47.0  ...     0.5227     0.5228  STRATON
ETHUSDT               0.0       46.51       46.0  ...  3077.6400  3077.6500  STRATON

[2 rows x 10 columns]
2024-05-17 18:31:05,381
binance_place_orders_peg 20240517_183105
2024-05-17 18:31:05,825
{'orderId': 56740877447, 'symbol': 'XRPUSDT', 'status': 'NEW', 'clientOrderId': 'STRATON', 'price': '0.5224', 'avgPrice': '0.00', 'origQty': '89.9', 'executedQty': '0.0', 'cumQty': '0.0', 'cumQuote': '0.00000', 'timeInForce': 'GTC', 'type': 'LIMIT', 'reduceOnly': False, 'closePosition': False, 'side': 'BUY', 'positionSide': 'BOTH', 'stopPrice': '0.0000', 'workingType': 'CONTRACT_PRICE', 'priceProtect': False, 'origType': 'LIMIT', 'priceMatch': 'NONE', 'selfTradePreventionMode': 'NONE', 'goodTillDate': 0, 'updateTime': 1715970665715}
2024-05-17 18:31:06,264
{'orderId': 8389765682281082882, 'symbol': 'ETHUSDT', 'status': 'NEW', 'clientOrderId': 'STRATON', 'price': '3075.38', 'avgPrice': '0.00', 'origQty': '0.015', 'executedQty': '0.000', 'cumQty': '0.000', 'cumQuote': '0.00000', 'timeInForce': 'GTC', 'type': 'LIMIT', 'reduceOnly': False, 'closePosition': False, 'side': 'BUY', 'positionSide': 'BOTH', 'stopPrice': '0.00', 'workingType': 'CONTRACT_PRICE', 'priceProtect': False, 'origType': 'LIMIT', 'priceMatch': 'NONE', 'selfTradePreventionMode': 'NONE', 'goodTillDate': 0, 'updateTime': 1715970666153}
2024-05-17 18:31:07,833
update 0: filled 0 / 2 () | working 2 / 2 (+XRPUSDT,+ETHUSDT)
2024-05-17 18:31:11,835
+XRPUSDT: bp6.0|+ETHUSDT: bp7.0|
2024-05-17 18:31:12,714
update 1: filled 0 / 2 () | working 2 / 2 (+XRPUSDT,+ETHUSDT)
2024-05-17 18:31:16,750
+XRPUSDT: bp4.0|+ETHUSDT: bp5.0|
2024-05-17 18:31:17,632
update 2: filled 0 / 2 () | working 2 / 2 (+XRPUSDT,+ETHUSDT)
2024-05-17 18:31:21,633
+XRPUSDT: bp4.0|+ETHUSDT: bp5.0|
2024-05-17 18:31:22,513
update 3: filled 0 / 2 () | working 2 / 2 (+XRPUSDT,+ETHUSDT)
2024-05-17 18:31:26,514
+XRPUSDT: bp6.0|+ETHUSDT: bp5.0|
2024-05-17 18:31:27,397
update 4: filled 0 / 2 () | working 2 / 2 (+XRPUSDT,+ETHUSDT)
2024-05-17 18:31:31,400
+XRPUSDT: bp6.0|+ETHUSDT: bp5.0|
2024-05-17 18:31:32,284
update 5: filled 0 / 2 () | working 2 / 2 (+XRPUSDT,+ETHUSDT)
2024-05-17 18:31:36,285
+XRPUSDT: bp4.0|+ETHUSDT: bp6.0|
2024-05-17 18:31:37,162
update 6: filled 0 / 2 () | working 2 / 2 (+XRPUSDT,+ETHUSDT)
2024-05-17 18:31:41,163
+XRPUSDT: bp6.0|+ETHUSDT: bp6.0|
2024-05-17 18:31:42,037
update 7: filled 0 / 2 () | working 2 / 2 (+XRPUSDT,+ETHUSDT)
2024-05-17 18:31:46,038
+XRPUSDT: bp6.0|+ETHUSDT: bp8.0|
2024-05-17 18:31:46,913
update 8: filled 0 / 2 () | working 2 / 2 (+XRPUSDT,+ETHUSDT)
2024-05-17 18:31:50,914
+XRPUSDT: bp6.0|+ETHUSDT: bp8.0|
2024-05-17 18:31:51,792
update 9: filled 0 / 2 () | working 2 / 2 (+XRPUSDT,+ETHUSDT)
2024-05-17 18:31:55,793
+XRPUSDT: bp6.0|+ETHUSDT: bp8.0|
2024-05-17 18:31:56,670
update 10: filled 0 / 2 () | working 2 / 2 (+XRPUSDT,+ETHUSDT)
2024-05-17 18:32:00,671
+XRPUSDT: bp4.0|+ETHUSDT: bp7.0|
2024-05-17 18:32:01,546
update 11: filled 0 / 2 () | working 2 / 2 (+XRPUSDT,+ETHUSDT)
2024-05-17 18:32:05,547
+XRPUSDT: bp4.0|+ETHUSDT: bp4.0|
2024-05-17 18:32:06,427
update 12: filled 0 / 2 () | working 2 / 2 (+XRPUSDT,+ETHUSDT)
2024-05-17 18:32:10,428
+XRPUSDT: bp6.0|+ETHUSDT: bp4.0|
2024-05-17 18:32:11,308
update 13: filled 0 / 2 () | working 2 / 2 (+XRPUSDT,+ETHUSDT)
2024-05-17 18:32:15,309
+XRPUSDT: bp4.0|+ETHUSDT: bp5.0|
2024-05-17 18:32:16,188
update 14: filled 0 / 2 () | working 2 / 2 (+XRPUSDT,+ETHUSDT)
2024-05-17 18:32:20,189
+XRPUSDT: bp6.0|+ETHUSDT: bp8.0|
2024-05-17 18:32:20,189
Adjustment limit #1 ... 
 we cancel current orders and replace
2024-05-17 18:32:20,189
@+/-2.5bp limit 
2024-05-17 18:32:20,189
binance_cancel_and_replace_orders_peg 20240517_183220
2024-05-17 18:32:22,396
binance_place_orders_peg 20240517_183222
2024-05-17 18:32:22,833
{'orderId': 56740950832, 'symbol': 'XRPUSDT', 'status': 'NEW', 'clientOrderId': 'STRATON', 'price': '0.5225', 'avgPrice': '0.00', 'origQty': '89.9', 'executedQty': '0.0', 'cumQty': '0.0', 'cumQuote': '0.00000', 'timeInForce': 'GTC', 'type': 'LIMIT', 'reduceOnly': False, 'closePosition': False, 'side': 'BUY', 'positionSide': 'BOTH', 'stopPrice': '0.0000', 'workingType': 'CONTRACT_PRICE', 'priceProtect': False, 'origType': 'LIMIT', 'priceMatch': 'NONE', 'selfTradePreventionMode': 'NONE', 'goodTillDate': 0, 'updateTime': 1715970742725}
2024-05-17 18:32:23,270
{'orderId': 8389765682281238975, 'symbol': 'ETHUSDT', 'status': 'NEW', 'clientOrderId': 'STRATON', 'price': '3076.98', 'avgPrice': '0.00', 'origQty': '0.015', 'executedQty': '0.000', 'cumQty': '0.000', 'cumQuote': '0.00000', 'timeInForce': 'GTC', 'type': 'LIMIT', 'reduceOnly': False, 'closePosition': False, 'side': 'BUY', 'positionSide': 'BOTH', 'stopPrice': '0.00', 'workingType': 'CONTRACT_PRICE', 'priceProtect': False, 'origType': 'LIMIT', 'priceMatch': 'NONE', 'selfTradePreventionMode': 'NONE', 'goodTillDate': 0, 'updateTime': 1715970743160}
2024-05-17 18:32:24,160
update 0: filled 0 / 2 () | working 2 / 2 (+XRPUSDT,+ETHUSDT)
2024-05-17 18:32:28,161
+XRPUSDT: bp2.0|+ETHUSDT: bp3.0|
2024-05-17 18:32:29,038
update 1: filled 0 / 2 () | working 2 / 2 (+XRPUSDT,+ETHUSDT)
2024-05-17 18:32:33,039
+XRPUSDT: bp4.0|+ETHUSDT: bp3.0|
2024-05-17 18:32:33,915
update 2: filled 0 / 2 () | working 2 / 2 (+XRPUSDT,+ETHUSDT)
2024-05-17 18:32:37,916
+XRPUSDT: bp4.0|+ETHUSDT: bp5.0|
2024-05-17 18:32:38,791
update 3: filled 0 / 2 () | working 2 / 2 (+XRPUSDT,+ETHUSDT)
2024-05-17 18:32:42,792
+XRPUSDT: bp6.0|+ETHUSDT: bp5.0|
2024-05-17 18:32:43,673
update 4: filled 0 / 2 () | working 2 / 2 (+XRPUSDT,+ETHUSDT)
2024-05-17 18:32:47,674
+XRPUSDT: bp10.0|+ETHUSDT: bp5.0|
2024-05-17 18:32:48,549
update 5: filled 0 / 2 () | working 2 / 2 (+XRPUSDT,+ETHUSDT)
2024-05-17 18:32:52,550
+XRPUSDT: bp10.0|+ETHUSDT: bp5.0|
2024-05-17 18:32:53,429
update 6: filled 0 / 2 () | working 2 / 2 (+XRPUSDT,+ETHUSDT)
2024-05-17 18:32:57,429
+XRPUSDT: bp4.0|+ETHUSDT: bp5.0|
2024-05-17 18:32:58,309
update 7: filled 0 / 2 () | working 2 / 2 (+XRPUSDT,+ETHUSDT)
2024-05-17 18:33:02,310
+XRPUSDT: bp4.0|+ETHUSDT: bp6.0|
2024-05-17 18:33:03,188
update 8: filled 0 / 2 () | working 2 / 2 (+XRPUSDT,+ETHUSDT)
2024-05-17 18:33:07,188
+XRPUSDT: bp6.0|+ETHUSDT: bp6.0|
2024-05-17 18:33:08,068
update 9: filled 0 / 2 () | working 2 / 2 (+XRPUSDT,+ETHUSDT)
2024-05-17 18:33:12,068
+XRPUSDT: bp6.0|+ETHUSDT: bp10.0|
2024-05-17 18:33:12,947
update 10: filled 0 / 2 () | working 2 / 2 (+XRPUSDT,+ETHUSDT)
2024-05-17 18:33:16,948
+XRPUSDT: bp6.0|+ETHUSDT: bp9.0|
2024-05-17 18:33:17,827
update 11: filled 0 / 2 () | working 2 / 2 (+XRPUSDT,+ETHUSDT)
2024-05-17 18:33:21,827
+XRPUSDT: bp4.0|+ETHUSDT: bp9.0|
2024-05-17 18:33:22,706
update 12: filled 0 / 2 () | working 2 / 2 (+XRPUSDT,+ETHUSDT)
2024-05-17 18:33:26,706
+XRPUSDT: bp2.0|+ETHUSDT: bp8.0|
2024-05-17 18:33:27,581
update 13: filled 0 / 2 () | working 2 / 2 (+XRPUSDT,+ETHUSDT)
2024-05-17 18:33:31,581
+XRPUSDT: bp4.0|+ETHUSDT: bp7.0|
2024-05-17 18:33:32,459
update 14: filled 0 / 2 () | working 2 / 2 (+XRPUSDT,+ETHUSDT)
2024-05-17 18:33:36,460
+XRPUSDT: bp2.0|+ETHUSDT: bp7.0|
2024-05-17 18:33:36,460
Adjustment limit #2 ... 
 we cancel current orders and replace
2024-05-17 18:33:36,460
@+/-1.25bp limit 
2024-05-17 18:33:36,460
binance_cancel_and_replace_orders_peg 20240517_183336
2024-05-17 18:33:38,658
binance_place_orders_peg 20240517_183338
2024-05-17 18:33:39,096
{'orderId': 56741021809, 'symbol': 'XRPUSDT', 'status': 'NEW', 'clientOrderId': 'STRATON', 'price': '0.5225', 'avgPrice': '0.00', 'origQty': '89.9', 'executedQty': '0.0', 'cumQty': '0.0', 'cumQuote': '0.00000', 'timeInForce': 'GTC', 'type': 'LIMIT', 'reduceOnly': False, 'closePosition': False, 'side': 'BUY', 'positionSide': 'BOTH', 'stopPrice': '0.0000', 'workingType': 'CONTRACT_PRICE', 'priceProtect': False, 'origType': 'LIMIT', 'priceMatch': 'NONE', 'selfTradePreventionMode': 'NONE', 'goodTillDate': 0, 'updateTime': 1715970818986}
2024-05-17 18:33:39,535
{'orderId': 8389765682281371136, 'symbol': 'ETHUSDT', 'status': 'NEW', 'clientOrderId': 'STRATON', 'price': '3078.74', 'avgPrice': '0.00', 'origQty': '0.015', 'executedQty': '0.000', 'cumQty': '0.000', 'cumQuote': '0.00000', 'timeInForce': 'GTC', 'type': 'LIMIT', 'reduceOnly': False, 'closePosition': False, 'side': 'BUY', 'positionSide': 'BOTH', 'stopPrice': '0.00', 'workingType': 'CONTRACT_PRICE', 'priceProtect': False, 'origType': 'LIMIT', 'priceMatch': 'NONE', 'selfTradePreventionMode': 'NONE', 'goodTillDate': 0, 'updateTime': 1715970819424}
2024-05-17 18:33:40,421
update 0: filled 0 / 2 () | working 2 / 2 (+XRPUSDT,+ETHUSDT)
2024-05-17 18:33:44,422
+XRPUSDT: bp2.0|+ETHUSDT: bp1.0|
2024-05-17 18:33:45,300
update 1: filled 0 / 2 () | working 2 / 2 (+XRPUSDT,+ETHUSDT)
2024-05-17 18:33:49,300
+XRPUSDT: bp2.0|+ETHUSDT: bp1.0|
2024-05-17 18:33:50,175
update 2: filled 0 / 2 () | working 2 / 2 (+XRPUSDT,+ETHUSDT)
2024-05-17 18:33:54,176
+XRPUSDT: bp2.0|+ETHUSDT: bp1.0|
2024-05-17 18:33:55,051
update 3: filled 0 / 2 () | working 2 / 2 (+XRPUSDT,+ETHUSDT)
2024-05-17 18:33:59,051
+XRPUSDT: bp4.0|+ETHUSDT: bp1.0|
2024-05-17 18:33:59,930
update 4: filled 0 / 2 () | working 2 / 2 (+XRPUSDT,+ETHUSDT)
2024-05-17 18:34:03,933
+XRPUSDT: bp4.0|+ETHUSDT: bp0.0|
2024-05-17 18:34:04,812
update 5: filled 1 / 2 (+ETHUSDT) | working 1 / 2 (+XRPUSDT)
2024-05-17 18:34:08,813
+XRPUSDT: bp2.0|
2024-05-17 18:34:09,690
update 6: filled 1 / 2 (+ETHUSDT) | working 1 / 2 (+XRPUSDT)
2024-05-17 18:34:13,691
+XRPUSDT: bp2.0|
2024-05-17 18:34:14,567
update 7: filled 1 / 2 (+ETHUSDT) | working 1 / 2 (+XRPUSDT)
2024-05-17 18:34:18,567
+XRPUSDT: bp4.0|
2024-05-17 18:34:19,443
update 8: filled 1 / 2 (+ETHUSDT) | working 1 / 2 (+XRPUSDT)
2024-05-17 18:34:23,444
+XRPUSDT: bp4.0|
2024-05-17 18:34:24,323
update 9: filled 1 / 2 (+ETHUSDT) | working 1 / 2 (+XRPUSDT)
2024-05-17 18:34:28,324
+XRPUSDT: bp4.0|
2024-05-17 18:34:29,203
update 10: filled 1 / 2 (+ETHUSDT) | working 1 / 2 (+XRPUSDT)
2024-05-17 18:34:33,204
+XRPUSDT: bp4.0|
2024-05-17 18:34:34,081
update 11: filled 1 / 2 (+ETHUSDT) | working 1 / 2 (+XRPUSDT)
2024-05-17 18:34:38,082
+XRPUSDT: bp2.0|
2024-05-17 18:34:38,962
update 12: filled 1 / 2 (+ETHUSDT) | working 1 / 2 (+XRPUSDT)
2024-05-17 18:34:42,962
+XRPUSDT: bp4.0|
2024-05-17 18:34:43,844
update 13: filled 1 / 2 (+ETHUSDT) | working 1 / 2 (+XRPUSDT)
2024-05-17 18:34:47,845
+XRPUSDT: bp2.0|
2024-05-17 18:34:48,728
update 14: filled 1 / 2 (+ETHUSDT) | working 1 / 2 (+XRPUSDT)
2024-05-17 18:34:52,729
+XRPUSDT: bp2.0|
2024-05-17 18:34:52,729
Adjustment limit #3 ... 
 we cancel current orders and replace
2024-05-17 18:34:52,729
@+/-0.625bp limit 
2024-05-17 18:34:52,729
binance_cancel_and_replace_orders_peg 20240517_183452
2024-05-17 18:34:54,268
binance_place_orders_peg 20240517_183454
2024-05-17 18:34:54,705
{'orderId': 56741082138, 'symbol': 'XRPUSDT', 'status': 'NEW', 'clientOrderId': 'STRATON', 'price': '0.5226', 'avgPrice': '0.00', 'origQty': '89.9', 'executedQty': '0.0', 'cumQty': '0.0', 'cumQuote': '0.00000', 'timeInForce': 'GTC', 'type': 'LIMIT', 'reduceOnly': False, 'closePosition': False, 'side': 'BUY', 'positionSide': 'BOTH', 'stopPrice': '0.0000', 'workingType': 'CONTRACT_PRICE', 'priceProtect': False, 'origType': 'LIMIT', 'priceMatch': 'NONE', 'selfTradePreventionMode': 'NONE', 'goodTillDate': 0, 'updateTime': 1715970894595}
2024-05-17 18:34:55,595
update 0: filled 1 / 2 (+ETHUSDT) | working 1 / 2 (+XRPUSDT)
2024-05-17 18:34:59,595
+XRPUSDT: bp-0.0|
2024-05-17 18:35:00,472
update 1: filled 1 / 2 (+ETHUSDT) | working 1 / 2 (+XRPUSDT)
2024-05-17 18:35:04,472
+XRPUSDT: bp-0.0|
2024-05-17 18:35:05,352
update 2: filled 1 / 2 (+ETHUSDT) | working 1 / 2 (+XRPUSDT)
2024-05-17 18:35:09,353
+XRPUSDT: bp-0.0|
2024-05-17 18:35:10,235
update 3: filled 1 / 2 (+ETHUSDT) | working 1 / 2 (+XRPUSDT)
2024-05-17 18:35:14,236
+XRPUSDT: bp2.0|
2024-05-17 18:35:15,116
update 4: filled 1 / 2 (+ETHUSDT) | working 1 / 2 (+XRPUSDT)
2024-05-17 18:35:19,117
+XRPUSDT: bp2.0|
2024-05-17 18:35:19,993
update 5: filled 1 / 2 (+ETHUSDT) | working 1 / 2 (+XRPUSDT)
2024-05-17 18:35:23,994
+XRPUSDT: bp2.0|
2024-05-17 18:35:24,873
update 6: filled 1 / 2 (+ETHUSDT) | working 1 / 2 (+XRPUSDT)
2024-05-17 18:35:28,874
+XRPUSDT: bp2.0|
2024-05-17 18:35:29,753
update 7: filled 1 / 2 (+ETHUSDT) | working 1 / 2 (+XRPUSDT)
2024-05-17 18:35:33,754
+XRPUSDT: bp4.0|
2024-05-17 18:35:34,636
update 8: filled 1 / 2 (+ETHUSDT) | working 1 / 2 (+XRPUSDT)
2024-05-17 18:35:38,637
+XRPUSDT: bp2.0|
2024-05-17 18:35:39,515
update 9: filled 1 / 2 (+ETHUSDT) | working 1 / 2 (+XRPUSDT)
2024-05-17 18:35:43,516
+XRPUSDT: bp-0.0|
2024-05-17 18:35:44,394
update 10: filled 2 / 2 (+ETHUSDT,+XRPUSDT) | working 0 / 2 ()
2024-05-17 18:35:50,828
Trades of the day
in$
as of: 17May 18:34>>18:35 (#trades: 2)
trade net: +93.0 (+33.3%), trade gross: +93.0 (+33.3%), BUY: +93.0 (+33.3%), SELL: +0.0 (+0.0%)
fees: $ 0.019 (2.0bp)
2024-05-17 18:35:51,281
Trades: 
Filled #2
______________________________________________
                   in$ | in bp 93 traded | in bp 279 AUMs
realizedPnl    +0      | +0      | +0     
PnLvsArrival   -0.01   | -1      | -0     
PnLvsLast      -0.04   | -4      | -1     
______________________________________________
                 | Value$ | PnL Arrival/Last 
______________________________________________
ETH:+0.015@3078.74 | +46$ | -0.02/-0.03
XRP:+89.9@0.5226 | +47$ | 0.01/-0.01
