2023-08-15 23:31:03,503
ON program started 20230815 23:31:03,
US time: 20230815 19:31:03
2023-08-15 23:31:04,454
the strat is currently running @ 15-08-2023 and the target positions is SHORT
2023-08-15 23:31:05,774
CURRENT STATUS IS SHORT, WE CHECK IF THE DAY IS A NEGATIVE ONE
-----
return before 14h30:
BTCUSDT-0.23%, ETHUSDT-0.20%, XRPUSDT-0.97%
-----
target alloc initial:BTCUSDT-4.17%, ETHUSDT+0.00%, XRPUSDT-4.17%
-----
alloc target x rt%<0:BTCUSDT-4.17%, ETHUSDT+0.00%, XRPUSDT-4.17%
-----
           BTCUSDT ETHUSDT XRPUSDT
w_target     -4.2%    0.0%   -4.2%
rt_14h30    -0.00%  -0.00%  -0.01%
w_target_f   -4.2%    0.0%   -4.2%
2023-08-15 23:31:05,776
Portfolio was rebalanced less than 2 hours ago, 0.8 hours ago
2023-08-15 23:31:05,778
Status: prev = SHORT <> SHORT = target
2023-08-15 23:31:05,778
the strat is currently running @ 15-08-2023 and the target positions is SHORT
the strat was previously run @ 2023-08-15 22:41:04 UTC, success:yes 
   and the current positions is SHORT
2023-08-15 23:31:06,860
positions_future #1
2023-08-15 23:31:06,860
      symbol  positionAmt entryPrice  ...   updateTime  AUMs_account        w%
111  XRPUSDT        -19.7     0.6087  ...  15Aug-22:31         287.2 -0.041731

[1 rows x 9 columns]
2023-08-15 23:31:06,884
programm stoppeddd!!! 20230815_233106
