2024-09-06 20:30:48,871
ON program started 20240906 20:30:48,
US time: 20240906 16:30:48
2024-09-06 20:30:49,726
the strat is currently running @ 06-09-2024 and the target positions is LONG
2024-09-06 20:30:51,066
CURRENT STATUS IS LONG
-----
return before 14h30:
BTCUSDT-0.51%, ETHUSDT-0.24%, XRPUSDT-1.23%
-----
target alloc initial:BTCUSDT+16.67%, ETHUSDT+16.67%, XRPUSDT+16.67%
-----
alloc target x rt%<0:BTCUSDT+16.67%, ETHUSDT+16.67%, XRPUSDT+16.67%
-----
           BTCUSDT ETHUSDT XRPUSDT
w_target     16.7%   16.7%   16.7%
rt_14h30    -0.01%  -0.00%  -0.01%
w_target_f   16.7%   16.7%   16.7%
2024-09-06 20:30:51,067
Portfolio was rebalanced less than 2 hours ago, 1.0 hours ago
2024-09-06 20:30:51,069
Status: prev = LONG <> LONG = target
2024-09-06 20:30:51,069
the strat is currently running @ 06-09-2024 and the target positions is LONG
the strat was previously run @ 2024-09-06 19:30:52, success:yes 
   and the current positions is LONG
2024-09-06 20:30:52,202
positions_future #2
2024-09-06 20:30:52,202
      symbol  positionAmt entryPrice  ... adlQuantile AUMs_account        w%
138  XRPUSDT       94.600     0.5179  ...           2        294.3  0.166209
176  ETHUSDT        0.022    2238.09  ...           1        294.3  0.165010

[2 rows x 12 columns]
2024-09-06 20:30:52,286
programm stoppeddd!!! 20240906_203052
