2024-02-29 04:31:07,728
ON program started 20240229 04:31:07,
US time: 20240228 23:31:07
2024-02-29 04:31:09,010
the strat is currently running @ 29-02-2024 and the target positions is NEUTRAL
2024-02-29 04:31:10,415
CURRENT STATUS IS NEUTRAL
-----
return before 14h30:
BTCUSDT-1.13%, ETHUSDT+1.08%, XRPUSDT+1.97%
-----
target alloc initial:BTCUSDT+0.00%, ETHUSDT+0.00%, XRPUSDT+0.00%
-----
alloc target x rt%<0:BTCUSDT+0.00%, ETHUSDT+0.00%, XRPUSDT+0.00%
-----
           BTCUSDT ETHUSDT XRPUSDT
w_target      0.0%    0.0%    0.0%
rt_14h30    -0.01%   0.01%   0.02%
w_target_f    0.0%    0.0%    0.0%
2024-02-29 04:31:10,416
Portfolio was rebalanced less than 2 hours ago, 1.0 hours ago
2024-02-29 04:31:10,418
Status: prev = NEUTRAL <> NEUTRAL = target
2024-02-29 04:31:10,418
the strat is currently running @ 29-02-2024 and the target positions is NEUTRAL
the strat was previously run @ 2024-02-29 03:31:07, success:yes 
   and the current positions is NEUTRAL
2024-02-29 04:31:11,622
positions_future #0
2024-02-29 04:31:11,622
Empty DataFrame
Columns: [symbol, positionAmt, entryPrice, breakEvenPrice, markPrice, unRealizedProfit, value_usd, updateTime, isolated, adlQuantile, AUMs_account, w%]
Index: []
2024-02-29 04:31:11,683
programm stoppeddd!!! 20240229_043111
