2024-03-05 20:30:59,610
ON program started 20240305 20:30:59,
US time: 20240305 15:30:59
2024-03-05 20:31:00,736
the strat is currently running @ 05-03-2024 and the target positions is LONG
2024-03-05 20:31:02,175
CURRENT STATUS IS LONG
-----
return before 14h30:
BTCUSDT-0.70%, ETHUSDT+4.18%, XRPUSDT+0.42%
-----
target alloc initial:BTCUSDT+16.67%, ETHUSDT+16.67%, XRPUSDT+16.67%
-----
alloc target x rt%<0:BTCUSDT+16.67%, ETHUSDT+16.67%, XRPUSDT+16.67%
-----
           BTCUSDT ETHUSDT XRPUSDT
w_target     16.7%   16.7%   16.7%
rt_14h30    -0.01%   0.04%   0.00%
w_target_f   16.7%   16.7%   16.7%
2024-03-05 20:31:02,176
Portfolio was rebalanced less than 2 hours ago, 1.0 hours ago
2024-03-05 20:31:02,178
Status: prev = LONG <> LONG = target
2024-03-05 20:31:02,178
the strat is currently running @ 05-03-2024 and the target positions is LONG
the strat was previously run @ 2024-03-05 19:30:57, success:? 
   and the current positions is LONG
2024-03-05 20:31:03,405
positions_future #2
2024-03-05 20:31:03,405
      symbol  positionAmt entryPrice  ... adlQuantile AUMs_account        w%
154  ETHUSDT        0.014     3576.1  ...           1        288.7  0.166486
123  XRPUSDT       80.400     0.6104  ...           1        288.7  0.161106

[2 rows x 12 columns]
2024-03-05 20:31:03,650
------------------------------
binance_account_balance
2024-03-05 20:31:03,650
  asset     balance  ...  marginAvailable   updateTime
5  USDT  293.248861  ...             True  05Mar-19:32

[1 rows x 8 columns]
2024-03-05 20:31:04,328
------------------------------
open_orders
2024-03-05 20:31:04,328
Empty DataFrame
Columns: []
Index: []
2024-03-05 20:31:04,989
------------------------------
AUMS account:288

2024-03-05 20:31:04,991
--------------- compute_futures_order_book() ----------------
2024-03-05 20:31:06,564
----------------------------------------------------------------------
#0 order(s) to place
gross$: 0$ | net$: +0$
gross%: 0% | net%: +0%
 || w>0%  +0% | w<0%  0%
----------------------------------------------------------------------
PTF Expo% 32.9% >> 50.0% (current>>target)
PTF expo $95.0 >> $144 (current>>target)
----------------------------------------------------------------------
2024-03-05 20:31:06,565
orders_ofthe_day
2024-03-05 20:31:06,565
Empty DataFrame
Columns: [ptf_usd, target_usd, totrd_usd, posttrd_usd, qty, posttrd_qty, posttrd_w, bid, ask, strategy]
Index: []
2024-03-05 20:31:06,628
Orders of the day is empty, current and target potfolios are aligned
2024-03-05 20:31:06,628
Program stopped
