2024-01-18 21:30:35,408
ON program started 20240118 21:30:35,
US time: 20240118 16:30:35
2024-01-18 21:30:36,084
the strat is currently running @ 18-01-2024 and the target positions is LONG
2024-01-18 21:30:38,851
CURRENT STATUS IS LONG
-----
return before 14h30:
BTCUSDT-2.71%, ETHUSDT-2.62%, XRPUSDT-2.57%
-----
target alloc initial:BTCUSDT+16.67%, ETHUSDT+16.67%, XRPUSDT+16.67%
-----
alloc target x rt%<0:BTCUSDT+16.67%, ETHUSDT+16.67%, XRPUSDT+16.67%
-----
           BTCUSDT ETHUSDT XRPUSDT
w_target     16.7%   16.7%   16.7%
rt_14h30    -0.03%  -0.03%  -0.03%
w_target_f   16.7%   16.7%   16.7%
2024-01-18 21:30:38,853
Portfolio was rebalanced less than 2 hours ago, 1.0 hours ago
2024-01-18 21:30:38,856
Status: prev = LONG <> LONG = target
2024-01-18 21:30:38,856
the strat is currently running @ 18-01-2024 and the target positions is LONG
the strat was previously run @ 2024-01-18 20:30:56 UTC, success:yes 
   and the current positions is LONG
2024-01-18 21:30:40,113
positions_future #2
2024-01-18 21:30:40,113
      symbol  positionAmt entryPrice  ... adlQuantile AUMs_account        w%
143  ETHUSDT         0.02    2470.03  ...           1        289.1  0.169964
115  XRPUSDT        86.90     0.5522  ...           1        289.1  0.165047

[2 rows x 12 columns]
2024-01-18 21:30:40,220
programm stoppeddd!!! 20240118_213040
